It: 0, Loss: 1.254e+04, Loss_bcs: 6.549e-01, Loss_res: 1.254e+04 ,Time: 0.40
Compute NTK...
Gradients information stored ...
It: 100, Loss: 1.235e+04, Loss_bcs: 6.385e-01, Loss_res: 1.235e+04 ,Time: 0.00
Compute NTK...
Gradients information stored ...
It: 200, Loss: 1.216e+04, Loss_bcs: 6.365e-01, Loss_res: 1.216e+04 ,Time: 0.00
Compute NTK...
It: 300, Loss: 1.198e+04, Loss_bcs: 6.494e-01, Loss_res: 1.198e+04 ,Time: 0.00
Compute NTK...
It: 400, Loss: 1.180e+04, Loss_bcs: 6.773e-01, Loss_res: 1.180e+04 ,Time: 0.00
Compute NTK...
It: 500, Loss: 1.163e+04, Loss_bcs: 7.195e-01, Loss_res: 1.163e+04 ,Time: 0.00
Compute NTK...
It: 600, Loss: 1.146e+04, Loss_bcs: 7.750e-01, Loss_res: 1.146e+04 ,Time: 0.00
Compute NTK...
It: 700, Loss: 1.130e+04, Loss_bcs: 8.432e-01, Loss_res: 1.130e+04 ,Time: 0.00
Compute NTK...
It: 800, Loss: 1.113e+04, Loss_bcs: 9.234e-01, Loss_res: 1.113e+04 ,Time: 0.00
Compute NTK...
It: 900, Loss: 1.098e+04, Loss_bcs: 1.015e+00, Loss_res: 1.097e+04 ,Time: 0.00
Compute NTK...
It: 1000, Loss: 1.082e+04, Loss_bcs: 1.118e+00, Loss_res: 1.082e+04 ,Time: 0.00
Compute NTK...
Gradients information stored ...
It: 1100, Loss: 1.067e+04, Loss_bcs: 1.232e+00, Loss_res: 1.067e+04 ,Time: 0.00
Compute NTK...
It: 1200, Loss: 1.052e+04, Loss_bcs: 1.357e+00, Loss_res: 1.052e+04 ,Time: 0.00
Compute NTK...
It: 1300, Loss: 1.037e+04, Loss_bcs: 1.493e+00, Loss_res: 1.037e+04 ,Time: 0.00
Compute NTK...
It: 1400, Loss: 1.023e+04, Loss_bcs: 1.638e+00, Loss_res: 1.023e+04 ,Time: 0.00
Compute NTK...
It: 1500, Loss: 1.009e+04, Loss_bcs: 1.794e+00, Loss_res: 1.009e+04 ,Time: 0.00
Compute NTK...
It: 1600, Loss: 9.949e+03, Loss_bcs: 1.960e+00, Loss_res: 9.947e+03 ,Time: 0.00
Compute NTK...
It: 1700, Loss: 9.813e+03, Loss_bcs: 2.135e+00, Loss_res: 9.811e+03 ,Time: 0.00
Compute NTK...
It: 1800, Loss: 9.680e+03, Loss_bcs: 2.319e+00, Loss_res: 9.678e+03 ,Time: 0.00
Compute NTK...
It: 1900, Loss: 9.549e+03, Loss_bcs: 2.511e+00, Loss_res: 9.547e+03 ,Time: 0.00
Compute NTK...
It: 2000, Loss: 9.420e+03, Loss_bcs: 2.713e+00, Loss_res: 9.418e+03 ,Time: 0.00
Compute NTK...
It: 2100, Loss: 9.294e+03, Loss_bcs: 2.922e+00, Loss_res: 9.291e+03 ,Time: 0.00
Compute NTK...
It: 2200, Loss: 9.170e+03, Loss_bcs: 3.139e+00, Loss_res: 9.167e+03 ,Time: 0.00
Compute NTK...
It: 2300, Loss: 9.048e+03, Loss_bcs: 3.363e+00, Loss_res: 9.044e+03 ,Time: 0.00
Compute NTK...
It: 2400, Loss: 8.928e+03, Loss_bcs: 3.594e+00, Loss_res: 8.924e+03 ,Time: 0.00
Compute NTK...
It: 2500, Loss: 8.810e+03, Loss_bcs: 3.832e+00, Loss_res: 8.806e+03 ,Time: 0.00
Compute NTK...
It: 2600, Loss: 8.694e+03, Loss_bcs: 4.077e+00, Loss_res: 8.690e+03 ,Time: 0.00
Compute NTK...
It: 2700, Loss: 8.580e+03, Loss_bcs: 4.328e+00, Loss_res: 8.576e+03 ,Time: 0.00
Compute NTK...
It: 2800, Loss: 8.468e+03, Loss_bcs: 4.586e+00, Loss_res: 8.463e+03 ,Time: 0.00
Compute NTK...
It: 2900, Loss: 8.358e+03, Loss_bcs: 4.849e+00, Loss_res: 8.353e+03 ,Time: 0.00
Compute NTK...
It: 3000, Loss: 8.249e+03, Loss_bcs: 5.119e+00, Loss_res: 8.244e+03 ,Time: 0.00
Compute NTK...
It: 3100, Loss: 8.143e+03, Loss_bcs: 5.394e+00, Loss_res: 8.137e+03 ,Time: 0.00
Compute NTK...
It: 3200, Loss: 8.038e+03, Loss_bcs: 5.675e+00, Loss_res: 8.032e+03 ,Time: 0.00
Compute NTK...
It: 3300, Loss: 7.935e+03, Loss_bcs: 5.961e+00, Loss_res: 7.929e+03 ,Time: 0.00
Compute NTK...
It: 3400, Loss: 7.833e+03, Loss_bcs: 6.252e+00, Loss_res: 7.827e+03 ,Time: 0.00
Compute NTK...
It: 3500, Loss: 7.733e+03, Loss_bcs: 6.549e+00, Loss_res: 7.727e+03 ,Time: 0.00
Compute NTK...
It: 3600, Loss: 7.635e+03, Loss_bcs: 6.850e+00, Loss_res: 7.628e+03 ,Time: 0.00
Compute NTK...
It: 3700, Loss: 7.539e+03, Loss_bcs: 7.155e+00, Loss_res: 7.531e+03 ,Time: 0.00
Compute NTK...
It: 3800, Loss: 7.444e+03, Loss_bcs: 7.465e+00, Loss_res: 7.436e+03 ,Time: 0.00
Compute NTK...
It: 3900, Loss: 7.350e+03, Loss_bcs: 7.779e+00, Loss_res: 7.342e+03 ,Time: 0.00
Compute NTK...
It: 4000, Loss: 7.258e+03, Loss_bcs: 8.096e+00, Loss_res: 7.250e+03 ,Time: 0.00
Compute NTK...
It: 4100, Loss: 7.168e+03, Loss_bcs: 8.417e+00, Loss_res: 7.159e+03 ,Time: 0.00
Compute NTK...
It: 4200, Loss: 7.078e+03, Loss_bcs: 8.741e+00, Loss_res: 7.070e+03 ,Time: 0.00
Compute NTK...
It: 4300, Loss: 6.991e+03, Loss_bcs: 9.069e+00, Loss_res: 6.982e+03 ,Time: 0.00
Compute NTK...
It: 4400, Loss: 6.904e+03, Loss_bcs: 9.399e+00, Loss_res: 6.895e+03 ,Time: 0.00
Compute NTK...
It: 4500, Loss: 6.820e+03, Loss_bcs: 9.732e+00, Loss_res: 6.810e+03 ,Time: 0.00
Compute NTK...
It: 4600, Loss: 6.736e+03, Loss_bcs: 1.007e+01, Loss_res: 6.726e+03 ,Time: 0.00
Compute NTK...
It: 4700, Loss: 6.654e+03, Loss_bcs: 1.041e+01, Loss_res: 6.643e+03 ,Time: 0.00
Compute NTK...
It: 4800, Loss: 6.573e+03, Loss_bcs: 1.075e+01, Loss_res: 6.562e+03 ,Time: 0.00
Compute NTK...
It: 4900, Loss: 6.493e+03, Loss_bcs: 1.109e+01, Loss_res: 6.482e+03 ,Time: 0.00
Compute NTK...
It: 5000, Loss: 6.415e+03, Loss_bcs: 1.143e+01, Loss_res: 6.403e+03 ,Time: 0.00
Compute NTK...
It: 5100, Loss: 6.338e+03, Loss_bcs: 1.178e+01, Loss_res: 6.326e+03 ,Time: 0.00
Compute NTK...
It: 5200, Loss: 6.262e+03, Loss_bcs: 1.213e+01, Loss_res: 6.250e+03 ,Time: 0.00
Compute NTK...
It: 5300, Loss: 6.187e+03, Loss_bcs: 1.248e+01, Loss_res: 6.175e+03 ,Time: 0.00
Compute NTK...
It: 5400, Loss: 6.113e+03, Loss_bcs: 1.283e+01, Loss_res: 6.101e+03 ,Time: 0.00
Compute NTK...
It: 5500, Loss: 6.041e+03, Loss_bcs: 1.318e+01, Loss_res: 6.028e+03 ,Time: 0.00
Compute NTK...
It: 5600, Loss: 5.970e+03, Loss_bcs: 1.354e+01, Loss_res: 5.956e+03 ,Time: 0.00
Compute NTK...
It: 5700, Loss: 5.900e+03, Loss_bcs: 1.389e+01, Loss_res: 5.886e+03 ,Time: 0.00
Compute NTK...
It: 5800, Loss: 5.831e+03, Loss_bcs: 1.425e+01, Loss_res: 5.816e+03 ,Time: 0.00
Compute NTK...
It: 5900, Loss: 5.763e+03, Loss_bcs: 1.461e+01, Loss_res: 5.748e+03 ,Time: 0.00
Compute NTK...
It: 6000, Loss: 5.696e+03, Loss_bcs: 1.497e+01, Loss_res: 5.681e+03 ,Time: 0.00
Compute NTK...
It: 6100, Loss: 5.630e+03, Loss_bcs: 1.533e+01, Loss_res: 5.615e+03 ,Time: 0.00
Compute NTK...
It: 6200, Loss: 5.565e+03, Loss_bcs: 1.569e+01, Loss_res: 5.550e+03 ,Time: 0.00
Compute NTK...
It: 6300, Loss: 5.502e+03, Loss_bcs: 1.605e+01, Loss_res: 5.486e+03 ,Time: 0.00
Compute NTK...
It: 6400, Loss: 5.439e+03, Loss_bcs: 1.641e+01, Loss_res: 5.423e+03 ,Time: 0.00
Compute NTK...
It: 6500, Loss: 5.377e+03, Loss_bcs: 1.677e+01, Loss_res: 5.360e+03 ,Time: 0.00
Compute NTK...
It: 6600, Loss: 5.316e+03, Loss_bcs: 1.713e+01, Loss_res: 5.299e+03 ,Time: 0.00
Compute NTK...
It: 6700, Loss: 5.257e+03, Loss_bcs: 1.749e+01, Loss_res: 5.239e+03 ,Time: 0.00
Compute NTK...
It: 6800, Loss: 5.198e+03, Loss_bcs: 1.785e+01, Loss_res: 5.180e+03 ,Time: 0.00
Compute NTK...
It: 6900, Loss: 5.140e+03, Loss_bcs: 1.821e+01, Loss_res: 5.122e+03 ,Time: 0.00
Compute NTK...
It: 7000, Loss: 5.083e+03, Loss_bcs: 1.857e+01, Loss_res: 5.064e+03 ,Time: 0.00
Compute NTK...
It: 7100, Loss: 5.027e+03, Loss_bcs: 1.893e+01, Loss_res: 5.008e+03 ,Time: 0.00
Compute NTK...
It: 7200, Loss: 4.972e+03, Loss_bcs: 1.929e+01, Loss_res: 4.952e+03 ,Time: 0.00
Compute NTK...
It: 7300, Loss: 4.917e+03, Loss_bcs: 1.965e+01, Loss_res: 4.898e+03 ,Time: 0.00
Compute NTK...
It: 7400, Loss: 4.864e+03, Loss_bcs: 2.001e+01, Loss_res: 4.844e+03 ,Time: 0.00
Compute NTK...
It: 7500, Loss: 4.811e+03, Loss_bcs: 2.036e+01, Loss_res: 4.791e+03 ,Time: 0.00
Compute NTK...
It: 7600, Loss: 4.759e+03, Loss_bcs: 2.072e+01, Loss_res: 4.739e+03 ,Time: 0.00
Compute NTK...
It: 7700, Loss: 4.708e+03, Loss_bcs: 2.107e+01, Loss_res: 4.687e+03 ,Time: 0.00
Compute NTK...
It: 7800, Loss: 4.658e+03, Loss_bcs: 2.143e+01, Loss_res: 4.637e+03 ,Time: 0.00
Compute NTK...
It: 7900, Loss: 4.609e+03, Loss_bcs: 2.178e+01, Loss_res: 4.587e+03 ,Time: 0.00
Compute NTK...
It: 8000, Loss: 4.560e+03, Loss_bcs: 2.213e+01, Loss_res: 4.538e+03 ,Time: 0.00
Compute NTK...
It: 8100, Loss: 4.512e+03, Loss_bcs: 2.248e+01, Loss_res: 4.490e+03 ,Time: 0.00
Compute NTK...
It: 8200, Loss: 4.465e+03, Loss_bcs: 2.283e+01, Loss_res: 4.442e+03 ,Time: 0.00
Compute NTK...
It: 8300, Loss: 4.419e+03, Loss_bcs: 2.318e+01, Loss_res: 4.395e+03 ,Time: 0.00
Compute NTK...
It: 8400, Loss: 4.373e+03, Loss_bcs: 2.353e+01, Loss_res: 4.349e+03 ,Time: 0.00
Compute NTK...
It: 8500, Loss: 4.328e+03, Loss_bcs: 2.388e+01, Loss_res: 4.304e+03 ,Time: 0.00
Compute NTK...
It: 8600, Loss: 4.284e+03, Loss_bcs: 2.422e+01, Loss_res: 4.260e+03 ,Time: 0.00
Compute NTK...
It: 8700, Loss: 4.240e+03, Loss_bcs: 2.457e+01, Loss_res: 4.216e+03 ,Time: 0.00
Compute NTK...
It: 8800, Loss: 4.197e+03, Loss_bcs: 2.491e+01, Loss_res: 4.173e+03 ,Time: 0.00
Compute NTK...
It: 8900, Loss: 4.155e+03, Loss_bcs: 2.525e+01, Loss_res: 4.130e+03 ,Time: 0.00
Compute NTK...
It: 9000, Loss: 4.114e+03, Loss_bcs: 2.559e+01, Loss_res: 4.088e+03 ,Time: 0.00
Compute NTK...
It: 9100, Loss: 4.073e+03, Loss_bcs: 2.592e+01, Loss_res: 4.047e+03 ,Time: 0.00
Compute NTK...
It: 9200, Loss: 4.033e+03, Loss_bcs: 2.626e+01, Loss_res: 4.006e+03 ,Time: 0.00
Compute NTK...
It: 9300, Loss: 3.993e+03, Loss_bcs: 2.659e+01, Loss_res: 3.967e+03 ,Time: 0.00
Compute NTK...
It: 9400, Loss: 3.954e+03, Loss_bcs: 2.692e+01, Loss_res: 3.927e+03 ,Time: 0.00
Compute NTK...
It: 9500, Loss: 3.916e+03, Loss_bcs: 2.725e+01, Loss_res: 3.889e+03 ,Time: 0.00
Compute NTK...
It: 9600, Loss: 3.878e+03, Loss_bcs: 2.758e+01, Loss_res: 3.850e+03 ,Time: 0.00
Compute NTK...
It: 9700, Loss: 3.841e+03, Loss_bcs: 2.791e+01, Loss_res: 3.813e+03 ,Time: 0.00
Compute NTK...
It: 9800, Loss: 3.804e+03, Loss_bcs: 2.823e+01, Loss_res: 3.776e+03 ,Time: 0.00
Compute NTK...
It: 9900, Loss: 3.768e+03, Loss_bcs: 2.855e+01, Loss_res: 3.740e+03 ,Time: 0.00
Compute NTK...
It: 10000, Loss: 3.733e+03, Loss_bcs: 2.888e+01, Loss_res: 3.704e+03 ,Time: 0.00
Compute NTK...
It: 10100, Loss: 3.698e+03, Loss_bcs: 2.920e+01, Loss_res: 3.669e+03 ,Time: 0.00
Compute NTK...
It: 10200, Loss: 3.663e+03, Loss_bcs: 2.951e+01, Loss_res: 3.634e+03 ,Time: 0.00
Compute NTK...
It: 10300, Loss: 3.630e+03, Loss_bcs: 2.983e+01, Loss_res: 3.600e+03 ,Time: 0.00
Compute NTK...
It: 10400, Loss: 3.596e+03, Loss_bcs: 3.014e+01, Loss_res: 3.566e+03 ,Time: 0.00
Compute NTK...
It: 10500, Loss: 3.563e+03, Loss_bcs: 3.045e+01, Loss_res: 3.533e+03 ,Time: 0.00
Compute NTK...
It: 10600, Loss: 3.531e+03, Loss_bcs: 3.076e+01, Loss_res: 3.500e+03 ,Time: 0.00
Compute NTK...
It: 10700, Loss: 3.499e+03, Loss_bcs: 3.107e+01, Loss_res: 3.468e+03 ,Time: 0.00
Compute NTK...
It: 10800, Loss: 3.468e+03, Loss_bcs: 3.138e+01, Loss_res: 3.437e+03 ,Time: 0.00
Compute NTK...
It: 10900, Loss: 3.437e+03, Loss_bcs: 3.168e+01, Loss_res: 3.406e+03 ,Time: 0.00
Compute NTK...
It: 11000, Loss: 3.407e+03, Loss_bcs: 3.198e+01, Loss_res: 3.375e+03 ,Time: 0.00
Compute NTK...
It: 11100, Loss: 3.377e+03, Loss_bcs: 3.228e+01, Loss_res: 3.345e+03 ,Time: 0.00
Compute NTK...
It: 11200, Loss: 3.348e+03, Loss_bcs: 3.258e+01, Loss_res: 3.315e+03 ,Time: 0.00
Compute NTK...
It: 11300, Loss: 3.319e+03, Loss_bcs: 3.288e+01, Loss_res: 3.286e+03 ,Time: 0.00
Compute NTK...
It: 11400, Loss: 3.290e+03, Loss_bcs: 3.317e+01, Loss_res: 3.257e+03 ,Time: 0.00
Compute NTK...
It: 11500, Loss: 3.262e+03, Loss_bcs: 3.346e+01, Loss_res: 3.229e+03 ,Time: 0.00
Compute NTK...
It: 11600, Loss: 3.235e+03, Loss_bcs: 3.375e+01, Loss_res: 3.201e+03 ,Time: 0.00
Compute NTK...
It: 11700, Loss: 3.207e+03, Loss_bcs: 3.404e+01, Loss_res: 3.173e+03 ,Time: 0.00
Compute NTK...
It: 11800, Loss: 3.181e+03, Loss_bcs: 3.433e+01, Loss_res: 3.146e+03 ,Time: 0.00
Compute NTK...
It: 11900, Loss: 3.154e+03, Loss_bcs: 3.461e+01, Loss_res: 3.120e+03 ,Time: 0.00
Compute NTK...
It: 12000, Loss: 3.128e+03, Loss_bcs: 3.489e+01, Loss_res: 3.093e+03 ,Time: 0.00
Compute NTK...
It: 12100, Loss: 3.103e+03, Loss_bcs: 3.517e+01, Loss_res: 3.068e+03 ,Time: 0.00
Compute NTK...
It: 12200, Loss: 3.077e+03, Loss_bcs: 3.545e+01, Loss_res: 3.042e+03 ,Time: 0.00
Compute NTK...
It: 12300, Loss: 3.053e+03, Loss_bcs: 3.573e+01, Loss_res: 3.017e+03 ,Time: 0.00
Compute NTK...
It: 12400, Loss: 3.028e+03, Loss_bcs: 3.600e+01, Loss_res: 2.992e+03 ,Time: 0.00
Compute NTK...
It: 12500, Loss: 3.004e+03, Loss_bcs: 3.627e+01, Loss_res: 2.968e+03 ,Time: 0.00
Compute NTK...
It: 12600, Loss: 2.981e+03, Loss_bcs: 3.655e+01, Loss_res: 2.944e+03 ,Time: 0.00
Compute NTK...
It: 12700, Loss: 2.957e+03, Loss_bcs: 3.681e+01, Loss_res: 2.920e+03 ,Time: 0.00
Compute NTK...
It: 12800, Loss: 2.934e+03, Loss_bcs: 3.708e+01, Loss_res: 2.897e+03 ,Time: 0.00
Compute NTK...
It: 12900, Loss: 2.912e+03, Loss_bcs: 3.735e+01, Loss_res: 2.874e+03 ,Time: 0.00
Compute NTK...
It: 13000, Loss: 2.889e+03, Loss_bcs: 3.761e+01, Loss_res: 2.852e+03 ,Time: 0.00
Compute NTK...
It: 13100, Loss: 2.868e+03, Loss_bcs: 3.787e+01, Loss_res: 2.830e+03 ,Time: 0.00
Compute NTK...
It: 13200, Loss: 2.846e+03, Loss_bcs: 3.813e+01, Loss_res: 2.808e+03 ,Time: 0.00
Compute NTK...
It: 13300, Loss: 2.825e+03, Loss_bcs: 3.839e+01, Loss_res: 2.786e+03 ,Time: 0.00
Compute NTK...
It: 13400, Loss: 2.804e+03, Loss_bcs: 3.864e+01, Loss_res: 2.765e+03 ,Time: 0.00
Compute NTK...
It: 13500, Loss: 2.783e+03, Loss_bcs: 3.890e+01, Loss_res: 2.744e+03 ,Time: 0.00
Compute NTK...
It: 13600, Loss: 2.763e+03, Loss_bcs: 3.915e+01, Loss_res: 2.724e+03 ,Time: 0.00
Compute NTK...
It: 13700, Loss: 2.743e+03, Loss_bcs: 3.940e+01, Loss_res: 2.703e+03 ,Time: 0.00
Compute NTK...
It: 13800, Loss: 2.723e+03, Loss_bcs: 3.964e+01, Loss_res: 2.683e+03 ,Time: 0.00
Compute NTK...
It: 13900, Loss: 2.704e+03, Loss_bcs: 3.989e+01, Loss_res: 2.664e+03 ,Time: 0.00
Compute NTK...
It: 14000, Loss: 2.685e+03, Loss_bcs: 4.013e+01, Loss_res: 2.644e+03 ,Time: 0.00
Compute NTK...
It: 14100, Loss: 2.666e+03, Loss_bcs: 4.038e+01, Loss_res: 2.625e+03 ,Time: 0.00
Compute NTK...
It: 14200, Loss: 2.647e+03, Loss_bcs: 4.062e+01, Loss_res: 2.607e+03 ,Time: 0.00
Compute NTK...
It: 14300, Loss: 2.629e+03, Loss_bcs: 4.085e+01, Loss_res: 2.588e+03 ,Time: 0.00
Compute NTK...
It: 14400, Loss: 2.611e+03, Loss_bcs: 4.109e+01, Loss_res: 2.570e+03 ,Time: 0.00
Compute NTK...
It: 14500, Loss: 2.593e+03, Loss_bcs: 4.133e+01, Loss_res: 2.552e+03 ,Time: 0.00
Compute NTK...
It: 14600, Loss: 2.576e+03, Loss_bcs: 4.156e+01, Loss_res: 2.534e+03 ,Time: 0.00
Compute NTK...
It: 14700, Loss: 2.559e+03, Loss_bcs: 4.179e+01, Loss_res: 2.517e+03 ,Time: 0.00
Compute NTK...
It: 14800, Loss: 2.542e+03, Loss_bcs: 4.202e+01, Loss_res: 2.500e+03 ,Time: 0.00
Compute NTK...
It: 14900, Loss: 2.525e+03, Loss_bcs: 4.225e+01, Loss_res: 2.483e+03 ,Time: 0.00
Compute NTK...
It: 15000, Loss: 2.509e+03, Loss_bcs: 4.248e+01, Loss_res: 2.466e+03 ,Time: 0.00
Compute NTK...
It: 15100, Loss: 2.493e+03, Loss_bcs: 4.270e+01, Loss_res: 2.450e+03 ,Time: 0.00
Compute NTK...
It: 15200, Loss: 2.477e+03, Loss_bcs: 4.292e+01, Loss_res: 2.434e+03 ,Time: 0.00
Compute NTK...
It: 15300, Loss: 2.461e+03, Loss_bcs: 4.315e+01, Loss_res: 2.418e+03 ,Time: 0.00
Compute NTK...
It: 15400, Loss: 2.445e+03, Loss_bcs: 4.336e+01, Loss_res: 2.402e+03 ,Time: 0.00
Compute NTK...
It: 15500, Loss: 2.430e+03, Loss_bcs: 4.358e+01, Loss_res: 2.387e+03 ,Time: 0.00
Compute NTK...
It: 15600, Loss: 2.415e+03, Loss_bcs: 4.380e+01, Loss_res: 2.371e+03 ,Time: 0.00
Compute NTK...
It: 15700, Loss: 2.400e+03, Loss_bcs: 4.401e+01, Loss_res: 2.356e+03 ,Time: 0.00
Compute NTK...
It: 15800, Loss: 2.386e+03, Loss_bcs: 4.423e+01, Loss_res: 2.342e+03 ,Time: 0.00
Compute NTK...
It: 15900, Loss: 2.371e+03, Loss_bcs: 4.444e+01, Loss_res: 2.327e+03 ,Time: 0.00
Compute NTK...
It: 16000, Loss: 2.357e+03, Loss_bcs: 4.465e+01, Loss_res: 2.313e+03 ,Time: 0.00
Compute NTK...
It: 16100, Loss: 2.343e+03, Loss_bcs: 4.486e+01, Loss_res: 2.299e+03 ,Time: 0.00
Compute NTK...
It: 16200, Loss: 2.330e+03, Loss_bcs: 4.506e+01, Loss_res: 2.285e+03 ,Time: 0.00
Compute NTK...
It: 16300, Loss: 2.316e+03, Loss_bcs: 4.527e+01, Loss_res: 2.271e+03 ,Time: 0.00
Compute NTK...
It: 16400, Loss: 2.303e+03, Loss_bcs: 4.547e+01, Loss_res: 2.257e+03 ,Time: 0.00
Compute NTK...
It: 16500, Loss: 2.290e+03, Loss_bcs: 4.567e+01, Loss_res: 2.244e+03 ,Time: 0.00
Compute NTK...
It: 16600, Loss: 2.277e+03, Loss_bcs: 4.587e+01, Loss_res: 2.231e+03 ,Time: 0.00
Compute NTK...
It: 16700, Loss: 2.264e+03, Loss_bcs: 4.607e+01, Loss_res: 2.218e+03 ,Time: 0.00
Compute NTK...
It: 16800, Loss: 2.251e+03, Loss_bcs: 4.627e+01, Loss_res: 2.205e+03 ,Time: 0.00
Compute NTK...
It: 16900, Loss: 2.239e+03, Loss_bcs: 4.647e+01, Loss_res: 2.193e+03 ,Time: 0.00
Compute NTK...
It: 17000, Loss: 2.227e+03, Loss_bcs: 4.666e+01, Loss_res: 2.180e+03 ,Time: 0.00
Compute NTK...
It: 17100, Loss: 2.215e+03, Loss_bcs: 4.686e+01, Loss_res: 2.168e+03 ,Time: 0.00
Compute NTK...
It: 17200, Loss: 2.203e+03, Loss_bcs: 4.705e+01, Loss_res: 2.156e+03 ,Time: 0.00
Compute NTK...
It: 17300, Loss: 2.191e+03, Loss_bcs: 4.724e+01, Loss_res: 2.144e+03 ,Time: 0.00
Compute NTK...
It: 17400, Loss: 2.180e+03, Loss_bcs: 4.743e+01, Loss_res: 2.132e+03 ,Time: 0.00
Compute NTK...
It: 17500, Loss: 2.168e+03, Loss_bcs: 4.762e+01, Loss_res: 2.121e+03 ,Time: 0.00
Compute NTK...
It: 17600, Loss: 2.157e+03, Loss_bcs: 4.781e+01, Loss_res: 2.109e+03 ,Time: 0.00
Compute NTK...
It: 17700, Loss: 2.146e+03, Loss_bcs: 4.799e+01, Loss_res: 2.098e+03 ,Time: 0.00
Compute NTK...
It: 17800, Loss: 2.135e+03, Loss_bcs: 4.818e+01, Loss_res: 2.087e+03 ,Time: 0.00
Compute NTK...
It: 17900, Loss: 2.125e+03, Loss_bcs: 4.836e+01, Loss_res: 2.076e+03 ,Time: 0.00
Compute NTK...
It: 18000, Loss: 2.114e+03, Loss_bcs: 4.854e+01, Loss_res: 2.066e+03 ,Time: 0.00
Compute NTK...
It: 18100, Loss: 2.104e+03, Loss_bcs: 4.872e+01, Loss_res: 2.055e+03 ,Time: 0.00
Compute NTK...
It: 18200, Loss: 2.093e+03, Loss_bcs: 4.890e+01, Loss_res: 2.044e+03 ,Time: 0.00
Compute NTK...
It: 18300, Loss: 2.083e+03, Loss_bcs: 4.908e+01, Loss_res: 2.034e+03 ,Time: 0.00
Compute NTK...
It: 18400, Loss: 2.073e+03, Loss_bcs: 4.926e+01, Loss_res: 2.024e+03 ,Time: 0.00
Compute NTK...
It: 18500, Loss: 2.063e+03, Loss_bcs: 4.943e+01, Loss_res: 2.014e+03 ,Time: 0.00
Compute NTK...
It: 18600, Loss: 2.054e+03, Loss_bcs: 4.961e+01, Loss_res: 2.004e+03 ,Time: 0.00
Compute NTK...
It: 18700, Loss: 2.044e+03, Loss_bcs: 4.978e+01, Loss_res: 1.994e+03 ,Time: 0.00
Compute NTK...
It: 18800, Loss: 2.035e+03, Loss_bcs: 4.995e+01, Loss_res: 1.985e+03 ,Time: 0.00
Compute NTK...
It: 18900, Loss: 2.026e+03, Loss_bcs: 5.012e+01, Loss_res: 1.975e+03 ,Time: 0.00
Compute NTK...
It: 19000, Loss: 2.016e+03, Loss_bcs: 5.029e+01, Loss_res: 1.966e+03 ,Time: 0.00
Compute NTK...
It: 19100, Loss: 2.007e+03, Loss_bcs: 5.046e+01, Loss_res: 1.957e+03 ,Time: 0.00
Compute NTK...
It: 19200, Loss: 1.998e+03, Loss_bcs: 5.062e+01, Loss_res: 1.948e+03 ,Time: 0.00
Compute NTK...
It: 19300, Loss: 1.990e+03, Loss_bcs: 5.079e+01, Loss_res: 1.939e+03 ,Time: 0.00
Compute NTK...
It: 19400, Loss: 1.981e+03, Loss_bcs: 5.095e+01, Loss_res: 1.930e+03 ,Time: 0.00
Compute NTK...
It: 19500, Loss: 1.972e+03, Loss_bcs: 5.111e+01, Loss_res: 1.921e+03 ,Time: 0.00
Compute NTK...
It: 19600, Loss: 1.964e+03, Loss_bcs: 5.127e+01, Loss_res: 1.913e+03 ,Time: 0.00
Compute NTK...
It: 19700, Loss: 1.956e+03, Loss_bcs: 5.143e+01, Loss_res: 1.904e+03 ,Time: 0.00
Compute NTK...
It: 19800, Loss: 1.948e+03, Loss_bcs: 5.159e+01, Loss_res: 1.896e+03 ,Time: 0.00
Compute NTK...
It: 19900, Loss: 1.940e+03, Loss_bcs: 5.174e+01, Loss_res: 1.888e+03 ,Time: 0.00
Compute NTK...
It: 20000, Loss: 1.932e+03, Loss_bcs: 5.190e+01, Loss_res: 1.880e+03 ,Time: 0.00
Compute NTK...
It: 20100, Loss: 1.924e+03, Loss_bcs: 5.205e+01, Loss_res: 1.872e+03 ,Time: 0.00
Compute NTK...
It: 20200, Loss: 1.916e+03, Loss_bcs: 5.220e+01, Loss_res: 1.864e+03 ,Time: 0.00
Compute NTK...
It: 20300, Loss: 1.908e+03, Loss_bcs: 5.235e+01, Loss_res: 1.856e+03 ,Time: 0.00
Compute NTK...
It: 20400, Loss: 1.901e+03, Loss_bcs: 5.250e+01, Loss_res: 1.848e+03 ,Time: 0.00
Compute NTK...
It: 20500, Loss: 1.893e+03, Loss_bcs: 5.264e+01, Loss_res: 1.841e+03 ,Time: 0.00
Compute NTK...
It: 20600, Loss: 1.886e+03, Loss_bcs: 5.279e+01, Loss_res: 1.833e+03 ,Time: 0.00
Compute NTK...
It: 20700, Loss: 1.879e+03, Loss_bcs: 5.293e+01, Loss_res: 1.826e+03 ,Time: 0.00
Compute NTK...
It: 20800, Loss: 1.872e+03, Loss_bcs: 5.307e+01, Loss_res: 1.819e+03 ,Time: 0.00
Compute NTK...
It: 20900, Loss: 1.865e+03, Loss_bcs: 5.322e+01, Loss_res: 1.812e+03 ,Time: 0.00
Compute NTK...
It: 21000, Loss: 1.858e+03, Loss_bcs: 5.335e+01, Loss_res: 1.804e+03 ,Time: 0.00
Compute NTK...
It: 21100, Loss: 1.851e+03, Loss_bcs: 5.349e+01, Loss_res: 1.797e+03 ,Time: 0.00
Compute NTK...
It: 21200, Loss: 1.844e+03, Loss_bcs: 5.363e+01, Loss_res: 1.791e+03 ,Time: 0.00
Compute NTK...
It: 21300, Loss: 1.838e+03, Loss_bcs: 5.376e+01, Loss_res: 1.784e+03 ,Time: 0.00
Compute NTK...
It: 21400, Loss: 1.831e+03, Loss_bcs: 5.390e+01, Loss_res: 1.777e+03 ,Time: 0.00
Compute NTK...
It: 21500, Loss: 1.825e+03, Loss_bcs: 5.403e+01, Loss_res: 1.771e+03 ,Time: 0.00
Compute NTK...
It: 21600, Loss: 1.818e+03, Loss_bcs: 5.416e+01, Loss_res: 1.764e+03 ,Time: 0.00
Compute NTK...
It: 21700, Loss: 1.812e+03, Loss_bcs: 5.428e+01, Loss_res: 1.758e+03 ,Time: 0.00
Compute NTK...
It: 21800, Loss: 1.806e+03, Loss_bcs: 5.441e+01, Loss_res: 1.751e+03 ,Time: 0.00
Compute NTK...
It: 21900, Loss: 1.800e+03, Loss_bcs: 5.454e+01, Loss_res: 1.745e+03 ,Time: 0.00
Compute NTK...
It: 22000, Loss: 1.794e+03, Loss_bcs: 5.466e+01, Loss_res: 1.739e+03 ,Time: 0.00
Compute NTK...
It: 22100, Loss: 1.788e+03, Loss_bcs: 5.479e+01, Loss_res: 1.733e+03 ,Time: 0.00
Compute NTK...
It: 22200, Loss: 1.782e+03, Loss_bcs: 5.491e+01, Loss_res: 1.727e+03 ,Time: 0.00
Compute NTK...
It: 22300, Loss: 1.776e+03, Loss_bcs: 5.503e+01, Loss_res: 1.721e+03 ,Time: 0.00
Compute NTK...
It: 22400, Loss: 1.770e+03, Loss_bcs: 5.515e+01, Loss_res: 1.715e+03 ,Time: 0.00
Compute NTK...
It: 22500, Loss: 1.765e+03, Loss_bcs: 5.527e+01, Loss_res: 1.709e+03 ,Time: 0.00
Compute NTK...
It: 22600, Loss: 1.759e+03, Loss_bcs: 5.538e+01, Loss_res: 1.704e+03 ,Time: 0.00
Compute NTK...
It: 22700, Loss: 1.753e+03, Loss_bcs: 5.550e+01, Loss_res: 1.698e+03 ,Time: 0.00
Compute NTK...
It: 22800, Loss: 1.748e+03, Loss_bcs: 5.561e+01, Loss_res: 1.692e+03 ,Time: 0.00
Compute NTK...
It: 22900, Loss: 1.743e+03, Loss_bcs: 5.573e+01, Loss_res: 1.687e+03 ,Time: 0.00
Compute NTK...
It: 23000, Loss: 1.737e+03, Loss_bcs: 5.584e+01, Loss_res: 1.682e+03 ,Time: 0.00
Compute NTK...
It: 23100, Loss: 1.732e+03, Loss_bcs: 5.595e+01, Loss_res: 1.676e+03 ,Time: 0.00
Compute NTK...
It: 23200, Loss: 1.727e+03, Loss_bcs: 5.606e+01, Loss_res: 1.671e+03 ,Time: 0.00
Compute NTK...
It: 23300, Loss: 1.722e+03, Loss_bcs: 5.617e+01, Loss_res: 1.666e+03 ,Time: 0.00
Compute NTK...
It: 23400, Loss: 1.717e+03, Loss_bcs: 5.627e+01, Loss_res: 1.661e+03 ,Time: 0.00
Compute NTK...
It: 23500, Loss: 1.712e+03, Loss_bcs: 5.638e+01, Loss_res: 1.656e+03 ,Time: 0.00
Compute NTK...
It: 23600, Loss: 1.707e+03, Loss_bcs: 5.649e+01, Loss_res: 1.651e+03 ,Time: 0.00
Compute NTK...
It: 23700, Loss: 1.702e+03, Loss_bcs: 5.659e+01, Loss_res: 1.646e+03 ,Time: 0.00
Compute NTK...
It: 23800, Loss: 1.698e+03, Loss_bcs: 5.669e+01, Loss_res: 1.641e+03 ,Time: 0.00
Compute NTK...
It: 23900, Loss: 1.693e+03, Loss_bcs: 5.680e+01, Loss_res: 1.636e+03 ,Time: 0.00
Compute NTK...
It: 24000, Loss: 1.688e+03, Loss_bcs: 5.690e+01, Loss_res: 1.631e+03 ,Time: 0.00
Compute NTK...
It: 24100, Loss: 1.684e+03, Loss_bcs: 5.700e+01, Loss_res: 1.627e+03 ,Time: 0.00
Compute NTK...
It: 24200, Loss: 1.679e+03, Loss_bcs: 5.710e+01, Loss_res: 1.622e+03 ,Time: 0.00
Compute NTK...
It: 24300, Loss: 1.675e+03, Loss_bcs: 5.719e+01, Loss_res: 1.618e+03 ,Time: 0.00
Compute NTK...
It: 24400, Loss: 1.671e+03, Loss_bcs: 5.729e+01, Loss_res: 1.613e+03 ,Time: 0.00
Compute NTK...
It: 24500, Loss: 1.666e+03, Loss_bcs: 5.739e+01, Loss_res: 1.609e+03 ,Time: 0.00
Compute NTK...
It: 24600, Loss: 1.662e+03, Loss_bcs: 5.748e+01, Loss_res: 1.604e+03 ,Time: 0.00
Compute NTK...
It: 24700, Loss: 1.658e+03, Loss_bcs: 5.758e+01, Loss_res: 1.600e+03 ,Time: 0.00
Compute NTK...
It: 24800, Loss: 1.654e+03, Loss_bcs: 5.767e+01, Loss_res: 1.596e+03 ,Time: 0.00
Compute NTK...
It: 24900, Loss: 1.649e+03, Loss_bcs: 5.776e+01, Loss_res: 1.592e+03 ,Time: 0.00
Compute NTK...
It: 25000, Loss: 1.645e+03, Loss_bcs: 5.785e+01, Loss_res: 1.588e+03 ,Time: 0.00
Compute NTK...
It: 25100, Loss: 1.641e+03, Loss_bcs: 5.794e+01, Loss_res: 1.583e+03 ,Time: 0.00
Compute NTK...
It: 25200, Loss: 1.637e+03, Loss_bcs: 5.803e+01, Loss_res: 1.579e+03 ,Time: 0.00
Compute NTK...
It: 25300, Loss: 1.633e+03, Loss_bcs: 5.812e+01, Loss_res: 1.575e+03 ,Time: 0.00
Compute NTK...
It: 25400, Loss: 1.630e+03, Loss_bcs: 5.821e+01, Loss_res: 1.571e+03 ,Time: 0.00
Compute NTK...
It: 25500, Loss: 1.626e+03, Loss_bcs: 5.829e+01, Loss_res: 1.568e+03 ,Time: 0.00
Compute NTK...
It: 25600, Loss: 1.622e+03, Loss_bcs: 5.838e+01, Loss_res: 1.564e+03 ,Time: 0.00
Compute NTK...
It: 25700, Loss: 1.618e+03, Loss_bcs: 5.846e+01, Loss_res: 1.560e+03 ,Time: 0.00
Compute NTK...
It: 25800, Loss: 1.615e+03, Loss_bcs: 5.854e+01, Loss_res: 1.556e+03 ,Time: 0.00
Compute NTK...
It: 25900, Loss: 1.611e+03, Loss_bcs: 5.863e+01, Loss_res: 1.552e+03 ,Time: 0.00
Compute NTK...
It: 26000, Loss: 1.608e+03, Loss_bcs: 5.871e+01, Loss_res: 1.549e+03 ,Time: 0.00
Compute NTK...
It: 26100, Loss: 1.604e+03, Loss_bcs: 5.879e+01, Loss_res: 1.545e+03 ,Time: 0.00
Compute NTK...
It: 26200, Loss: 1.601e+03, Loss_bcs: 5.887e+01, Loss_res: 1.542e+03 ,Time: 0.00
Compute NTK...
It: 26300, Loss: 1.597e+03, Loss_bcs: 5.894e+01, Loss_res: 1.538e+03 ,Time: 0.00
Compute NTK...
It: 26400, Loss: 1.594e+03, Loss_bcs: 5.902e+01, Loss_res: 1.535e+03 ,Time: 0.00
Compute NTK...
It: 26500, Loss: 1.590e+03, Loss_bcs: 5.910e+01, Loss_res: 1.531e+03 ,Time: 0.00
Compute NTK...
It: 26600, Loss: 1.587e+03, Loss_bcs: 5.917e+01, Loss_res: 1.528e+03 ,Time: 0.00
Compute NTK...
It: 26700, Loss: 1.584e+03, Loss_bcs: 5.925e+01, Loss_res: 1.525e+03 ,Time: 0.00
Compute NTK...
It: 26800, Loss: 1.581e+03, Loss_bcs: 5.932e+01, Loss_res: 1.521e+03 ,Time: 0.00
Compute NTK...
It: 26900, Loss: 1.577e+03, Loss_bcs: 5.940e+01, Loss_res: 1.518e+03 ,Time: 0.00
Compute NTK...
It: 27000, Loss: 1.574e+03, Loss_bcs: 5.947e+01, Loss_res: 1.515e+03 ,Time: 0.00
Compute NTK...
It: 27100, Loss: 1.571e+03, Loss_bcs: 5.954e+01, Loss_res: 1.512e+03 ,Time: 0.00
Compute NTK...
It: 27200, Loss: 1.568e+03, Loss_bcs: 5.961e+01, Loss_res: 1.509e+03 ,Time: 0.00
Compute NTK...
It: 27300, Loss: 1.565e+03, Loss_bcs: 5.968e+01, Loss_res: 1.505e+03 ,Time: 0.00
Compute NTK...
It: 27400, Loss: 1.562e+03, Loss_bcs: 5.975e+01, Loss_res: 1.502e+03 ,Time: 0.00
Compute NTK...
It: 27500, Loss: 1.559e+03, Loss_bcs: 5.982e+01, Loss_res: 1.499e+03 ,Time: 0.00
Compute NTK...
It: 27600, Loss: 1.556e+03, Loss_bcs: 5.989e+01, Loss_res: 1.496e+03 ,Time: 0.00
Compute NTK...
It: 27700, Loss: 1.553e+03, Loss_bcs: 5.996e+01, Loss_res: 1.493e+03 ,Time: 0.00
Compute NTK...
It: 27800, Loss: 1.551e+03, Loss_bcs: 6.003e+01, Loss_res: 1.491e+03 ,Time: 0.00
Compute NTK...
It: 27900, Loss: 1.548e+03, Loss_bcs: 6.009e+01, Loss_res: 1.488e+03 ,Time: 0.00
Compute NTK...
It: 28000, Loss: 1.545e+03, Loss_bcs: 6.016e+01, Loss_res: 1.485e+03 ,Time: 0.00
Compute NTK...
It: 28100, Loss: 1.542e+03, Loss_bcs: 6.022e+01, Loss_res: 1.482e+03 ,Time: 0.00
Compute NTK...
It: 28200, Loss: 1.540e+03, Loss_bcs: 6.029e+01, Loss_res: 1.479e+03 ,Time: 0.00
Compute NTK...
It: 28300, Loss: 1.537e+03, Loss_bcs: 6.035e+01, Loss_res: 1.477e+03 ,Time: 0.00
Compute NTK...
It: 28400, Loss: 1.534e+03, Loss_bcs: 6.041e+01, Loss_res: 1.474e+03 ,Time: 0.00
Compute NTK...
It: 28500, Loss: 1.532e+03, Loss_bcs: 6.047e+01, Loss_res: 1.471e+03 ,Time: 0.00
Compute NTK...
It: 28600, Loss: 1.529e+03, Loss_bcs: 6.053e+01, Loss_res: 1.469e+03 ,Time: 0.00
Compute NTK...
It: 28700, Loss: 1.527e+03, Loss_bcs: 6.059e+01, Loss_res: 1.466e+03 ,Time: 0.00
Compute NTK...
It: 28800, Loss: 1.524e+03, Loss_bcs: 6.065e+01, Loss_res: 1.464e+03 ,Time: 0.00
Compute NTK...
It: 28900, Loss: 1.522e+03, Loss_bcs: 6.071e+01, Loss_res: 1.461e+03 ,Time: 0.00
Compute NTK...
It: 29000, Loss: 1.519e+03, Loss_bcs: 6.077e+01, Loss_res: 1.458e+03 ,Time: 0.00
Compute NTK...
It: 29100, Loss: 1.517e+03, Loss_bcs: 6.083e+01, Loss_res: 1.456e+03 ,Time: 0.00
Compute NTK...
It: 29200, Loss: 1.514e+03, Loss_bcs: 6.089e+01, Loss_res: 1.454e+03 ,Time: 0.00
Compute NTK...
It: 29300, Loss: 1.512e+03, Loss_bcs: 6.095e+01, Loss_res: 1.451e+03 ,Time: 0.00
Compute NTK...
It: 29400, Loss: 1.510e+03, Loss_bcs: 6.100e+01, Loss_res: 1.449e+03 ,Time: 0.00
Compute NTK...
It: 29500, Loss: 1.507e+03, Loss_bcs: 6.106e+01, Loss_res: 1.446e+03 ,Time: 0.00
Compute NTK...
It: 29600, Loss: 1.505e+03, Loss_bcs: 6.111e+01, Loss_res: 1.444e+03 ,Time: 0.00
Compute NTK...
It: 29700, Loss: 1.503e+03, Loss_bcs: 6.117e+01, Loss_res: 1.442e+03 ,Time: 0.00
Compute NTK...
It: 29800, Loss: 1.501e+03, Loss_bcs: 6.122e+01, Loss_res: 1.439e+03 ,Time: 0.00
Compute NTK...
It: 29900, Loss: 1.498e+03, Loss_bcs: 6.127e+01, Loss_res: 1.437e+03 ,Time: 0.00
Compute NTK...
It: 30000, Loss: 1.496e+03, Loss_bcs: 6.133e+01, Loss_res: 1.435e+03 ,Time: 0.00
Compute NTK...
It: 30100, Loss: 1.494e+03, Loss_bcs: 6.138e+01, Loss_res: 1.433e+03 ,Time: 0.00
Compute NTK...
It: 30200, Loss: 1.492e+03, Loss_bcs: 6.143e+01, Loss_res: 1.431e+03 ,Time: 0.00
Compute NTK...
It: 30300, Loss: 1.490e+03, Loss_bcs: 6.148e+01, Loss_res: 1.428e+03 ,Time: 0.00
Compute NTK...
It: 30400, Loss: 1.488e+03, Loss_bcs: 6.153e+01, Loss_res: 1.426e+03 ,Time: 0.00
Compute NTK...
It: 30500, Loss: 1.486e+03, Loss_bcs: 6.158e+01, Loss_res: 1.424e+03 ,Time: 0.00
Compute NTK...
It: 30600, Loss: 1.484e+03, Loss_bcs: 6.163e+01, Loss_res: 1.422e+03 ,Time: 0.00
Compute NTK...
It: 30700, Loss: 1.482e+03, Loss_bcs: 6.168e+01, Loss_res: 1.420e+03 ,Time: 0.00
Compute NTK...
It: 30800, Loss: 1.480e+03, Loss_bcs: 6.173e+01, Loss_res: 1.418e+03 ,Time: 0.00
Compute NTK...
It: 30900, Loss: 1.478e+03, Loss_bcs: 6.177e+01, Loss_res: 1.416e+03 ,Time: 0.00
Compute NTK...
It: 31000, Loss: 1.476e+03, Loss_bcs: 6.182e+01, Loss_res: 1.414e+03 ,Time: 0.00
Compute NTK...
It: 31100, Loss: 1.474e+03, Loss_bcs: 6.187e+01, Loss_res: 1.412e+03 ,Time: 0.00
Compute NTK...
It: 31200, Loss: 1.472e+03, Loss_bcs: 6.191e+01, Loss_res: 1.410e+03 ,Time: 0.00
Compute NTK...
It: 31300, Loss: 1.470e+03, Loss_bcs: 6.196e+01, Loss_res: 1.408e+03 ,Time: 0.00
Compute NTK...
It: 31400, Loss: 1.469e+03, Loss_bcs: 6.201e+01, Loss_res: 1.407e+03 ,Time: 0.00
Compute NTK...
It: 31500, Loss: 1.467e+03, Loss_bcs: 6.205e+01, Loss_res: 1.405e+03 ,Time: 0.00
Compute NTK...
It: 31600, Loss: 1.465e+03, Loss_bcs: 6.210e+01, Loss_res: 1.403e+03 ,Time: 0.00
Compute NTK...
It: 31700, Loss: 1.463e+03, Loss_bcs: 6.214e+01, Loss_res: 1.401e+03 ,Time: 0.00
Compute NTK...
It: 31800, Loss: 1.462e+03, Loss_bcs: 6.218e+01, Loss_res: 1.399e+03 ,Time: 0.00
Compute NTK...
It: 31900, Loss: 1.460e+03, Loss_bcs: 6.223e+01, Loss_res: 1.398e+03 ,Time: 0.00
Compute NTK...
It: 32000, Loss: 1.458e+03, Loss_bcs: 6.227e+01, Loss_res: 1.396e+03 ,Time: 0.00
Compute NTK...
It: 32100, Loss: 1.456e+03, Loss_bcs: 6.231e+01, Loss_res: 1.394e+03 ,Time: 0.00
Compute NTK...
It: 32200, Loss: 1.455e+03, Loss_bcs: 6.235e+01, Loss_res: 1.392e+03 ,Time: 0.00
Compute NTK...
It: 32300, Loss: 1.453e+03, Loss_bcs: 6.240e+01, Loss_res: 1.391e+03 ,Time: 0.00
Compute NTK...
It: 32400, Loss: 1.451e+03, Loss_bcs: 6.244e+01, Loss_res: 1.389e+03 ,Time: 0.00
Compute NTK...
It: 32500, Loss: 1.450e+03, Loss_bcs: 6.248e+01, Loss_res: 1.387e+03 ,Time: 0.00
Compute NTK...
It: 32600, Loss: 1.448e+03, Loss_bcs: 6.252e+01, Loss_res: 1.386e+03 ,Time: 0.00
Compute NTK...
It: 32700, Loss: 1.447e+03, Loss_bcs: 6.256e+01, Loss_res: 1.384e+03 ,Time: 0.00
Compute NTK...
It: 32800, Loss: 1.445e+03, Loss_bcs: 6.260e+01, Loss_res: 1.383e+03 ,Time: 0.00
Compute NTK...
It: 32900, Loss: 1.444e+03, Loss_bcs: 6.264e+01, Loss_res: 1.381e+03 ,Time: 0.00
Compute NTK...
It: 33000, Loss: 1.442e+03, Loss_bcs: 6.267e+01, Loss_res: 1.379e+03 ,Time: 0.00
Compute NTK...
It: 33100, Loss: 1.441e+03, Loss_bcs: 6.271e+01, Loss_res: 1.378e+03 ,Time: 0.00
Compute NTK...
It: 33200, Loss: 1.439e+03, Loss_bcs: 6.275e+01, Loss_res: 1.376e+03 ,Time: 0.00
Compute NTK...
It: 33300, Loss: 1.438e+03, Loss_bcs: 6.279e+01, Loss_res: 1.375e+03 ,Time: 0.00
Compute NTK...
It: 33400, Loss: 1.436e+03, Loss_bcs: 6.282e+01, Loss_res: 1.373e+03 ,Time: 0.00
Compute NTK...
It: 33500, Loss: 1.435e+03, Loss_bcs: 6.286e+01, Loss_res: 1.372e+03 ,Time: 0.00
Compute NTK...
It: 33600, Loss: 1.433e+03, Loss_bcs: 6.290e+01, Loss_res: 1.371e+03 ,Time: 0.00
Compute NTK...
It: 33700, Loss: 1.432e+03, Loss_bcs: 6.293e+01, Loss_res: 1.369e+03 ,Time: 0.00
Compute NTK...
It: 33800, Loss: 1.431e+03, Loss_bcs: 6.297e+01, Loss_res: 1.368e+03 ,Time: 0.00
Compute NTK...
It: 33900, Loss: 1.429e+03, Loss_bcs: 6.300e+01, Loss_res: 1.366e+03 ,Time: 0.00
Compute NTK...
It: 34000, Loss: 1.428e+03, Loss_bcs: 6.304e+01, Loss_res: 1.365e+03 ,Time: 0.00
Compute NTK...
It: 34100, Loss: 1.427e+03, Loss_bcs: 6.307e+01, Loss_res: 1.364e+03 ,Time: 0.00
Compute NTK...
It: 34200, Loss: 1.425e+03, Loss_bcs: 6.311e+01, Loss_res: 1.362e+03 ,Time: 0.00
Compute NTK...
It: 34300, Loss: 1.424e+03, Loss_bcs: 6.314e+01, Loss_res: 1.361e+03 ,Time: 0.00
Compute NTK...
It: 34400, Loss: 1.423e+03, Loss_bcs: 6.318e+01, Loss_res: 1.360e+03 ,Time: 0.00
Compute NTK...
It: 34500, Loss: 1.422e+03, Loss_bcs: 6.321e+01, Loss_res: 1.358e+03 ,Time: 0.00
Compute NTK...
It: 34600, Loss: 1.420e+03, Loss_bcs: 6.324e+01, Loss_res: 1.357e+03 ,Time: 0.00
Compute NTK...
It: 34700, Loss: 1.419e+03, Loss_bcs: 6.327e+01, Loss_res: 1.356e+03 ,Time: 0.00
Compute NTK...
It: 34800, Loss: 1.418e+03, Loss_bcs: 6.331e+01, Loss_res: 1.355e+03 ,Time: 0.00
Compute NTK...
It: 34900, Loss: 1.417e+03, Loss_bcs: 6.334e+01, Loss_res: 1.353e+03 ,Time: 0.00
Compute NTK...
It: 35000, Loss: 1.416e+03, Loss_bcs: 6.337e+01, Loss_res: 1.352e+03 ,Time: 0.00
Compute NTK...
It: 35100, Loss: 1.414e+03, Loss_bcs: 6.340e+01, Loss_res: 1.351e+03 ,Time: 0.00
Compute NTK...
It: 35200, Loss: 1.413e+03, Loss_bcs: 6.343e+01, Loss_res: 1.350e+03 ,Time: 0.00
Compute NTK...
It: 35300, Loss: 1.412e+03, Loss_bcs: 6.346e+01, Loss_res: 1.349e+03 ,Time: 0.00
Compute NTK...
It: 35400, Loss: 1.411e+03, Loss_bcs: 6.349e+01, Loss_res: 1.347e+03 ,Time: 0.00
Compute NTK...
It: 35500, Loss: 1.410e+03, Loss_bcs: 6.352e+01, Loss_res: 1.346e+03 ,Time: 0.00
Compute NTK...
It: 35600, Loss: 1.409e+03, Loss_bcs: 6.355e+01, Loss_res: 1.345e+03 ,Time: 0.00
Compute NTK...
It: 35700, Loss: 1.408e+03, Loss_bcs: 6.358e+01, Loss_res: 1.344e+03 ,Time: 0.00
Compute NTK...
It: 35800, Loss: 1.406e+03, Loss_bcs: 6.361e+01, Loss_res: 1.343e+03 ,Time: 0.00
Compute NTK...
It: 35900, Loss: 1.405e+03, Loss_bcs: 6.364e+01, Loss_res: 1.342e+03 ,Time: 0.00
Compute NTK...
It: 36000, Loss: 1.404e+03, Loss_bcs: 6.367e+01, Loss_res: 1.341e+03 ,Time: 0.00
Compute NTK...
It: 36100, Loss: 1.403e+03, Loss_bcs: 6.370e+01, Loss_res: 1.340e+03 ,Time: 0.00
Compute NTK...
It: 36200, Loss: 1.402e+03, Loss_bcs: 6.372e+01, Loss_res: 1.338e+03 ,Time: 0.00
Compute NTK...
It: 36300, Loss: 1.401e+03, Loss_bcs: 6.375e+01, Loss_res: 1.337e+03 ,Time: 0.00
Compute NTK...
It: 36400, Loss: 1.400e+03, Loss_bcs: 6.378e+01, Loss_res: 1.336e+03 ,Time: 0.00
Compute NTK...
It: 36500, Loss: 1.399e+03, Loss_bcs: 6.381e+01, Loss_res: 1.335e+03 ,Time: 0.00
Compute NTK...
It: 36600, Loss: 1.398e+03, Loss_bcs: 6.383e+01, Loss_res: 1.334e+03 ,Time: 0.00
Compute NTK...
It: 36700, Loss: 1.397e+03, Loss_bcs: 6.386e+01, Loss_res: 1.333e+03 ,Time: 0.00
Compute NTK...
It: 36800, Loss: 1.396e+03, Loss_bcs: 6.388e+01, Loss_res: 1.332e+03 ,Time: 0.00
Compute NTK...
It: 36900, Loss: 1.395e+03, Loss_bcs: 6.391e+01, Loss_res: 1.331e+03 ,Time: 0.00
Compute NTK...
It: 37000, Loss: 1.394e+03, Loss_bcs: 6.394e+01, Loss_res: 1.330e+03 ,Time: 0.00
Compute NTK...
It: 37100, Loss: 1.393e+03, Loss_bcs: 6.396e+01, Loss_res: 1.329e+03 ,Time: 0.00
Compute NTK...
It: 37200, Loss: 1.392e+03, Loss_bcs: 6.399e+01, Loss_res: 1.328e+03 ,Time: 0.00
Compute NTK...
It: 37300, Loss: 1.391e+03, Loss_bcs: 6.401e+01, Loss_res: 1.327e+03 ,Time: 0.00
Compute NTK...
It: 37400, Loss: 1.390e+03, Loss_bcs: 6.403e+01, Loss_res: 1.326e+03 ,Time: 0.00
Compute NTK...
It: 37500, Loss: 1.389e+03, Loss_bcs: 6.406e+01, Loss_res: 1.325e+03 ,Time: 0.00
Compute NTK...
It: 37600, Loss: 1.389e+03, Loss_bcs: 6.408e+01, Loss_res: 1.324e+03 ,Time: 0.00
Compute NTK...
It: 37700, Loss: 1.388e+03, Loss_bcs: 6.411e+01, Loss_res: 1.324e+03 ,Time: 0.00
Compute NTK...
It: 37800, Loss: 1.387e+03, Loss_bcs: 6.413e+01, Loss_res: 1.323e+03 ,Time: 0.00
Compute NTK...
It: 37900, Loss: 1.386e+03, Loss_bcs: 6.415e+01, Loss_res: 1.322e+03 ,Time: 0.00
Compute NTK...
It: 38000, Loss: 1.385e+03, Loss_bcs: 6.418e+01, Loss_res: 1.321e+03 ,Time: 0.00
Compute NTK...
It: 38100, Loss: 1.384e+03, Loss_bcs: 6.420e+01, Loss_res: 1.320e+03 ,Time: 0.00
Compute NTK...
It: 38200, Loss: 1.383e+03, Loss_bcs: 6.422e+01, Loss_res: 1.319e+03 ,Time: 0.00
Compute NTK...
It: 38300, Loss: 1.383e+03, Loss_bcs: 6.424e+01, Loss_res: 1.318e+03 ,Time: 0.00
Compute NTK...
It: 38400, Loss: 1.382e+03, Loss_bcs: 6.426e+01, Loss_res: 1.317e+03 ,Time: 0.00
Compute NTK...
It: 38500, Loss: 1.381e+03, Loss_bcs: 6.429e+01, Loss_res: 1.317e+03 ,Time: 0.00
Compute NTK...
It: 38600, Loss: 1.380e+03, Loss_bcs: 6.431e+01, Loss_res: 1.316e+03 ,Time: 0.00
Compute NTK...
It: 38700, Loss: 1.379e+03, Loss_bcs: 6.433e+01, Loss_res: 1.315e+03 ,Time: 0.00
Compute NTK...
It: 38800, Loss: 1.379e+03, Loss_bcs: 6.435e+01, Loss_res: 1.314e+03 ,Time: 0.00
Compute NTK...
It: 38900, Loss: 1.378e+03, Loss_bcs: 6.437e+01, Loss_res: 1.314e+03 ,Time: 0.00
Compute NTK...
It: 39000, Loss: 1.377e+03, Loss_bcs: 6.439e+01, Loss_res: 1.313e+03 ,Time: 0.01
Compute NTK...
It: 39100, Loss: 1.376e+03, Loss_bcs: 6.441e+01, Loss_res: 1.312e+03 ,Time: 0.00
Compute NTK...
It: 39200, Loss: 1.376e+03, Loss_bcs: 6.443e+01, Loss_res: 1.311e+03 ,Time: 0.00
Compute NTK...
It: 39300, Loss: 1.375e+03, Loss_bcs: 6.445e+01, Loss_res: 1.310e+03 ,Time: 0.00
Compute NTK...
It: 39400, Loss: 1.374e+03, Loss_bcs: 6.447e+01, Loss_res: 1.310e+03 ,Time: 0.00
Compute NTK...
It: 39500, Loss: 1.374e+03, Loss_bcs: 6.449e+01, Loss_res: 1.309e+03 ,Time: 0.00
Compute NTK...
It: 39600, Loss: 1.373e+03, Loss_bcs: 6.451e+01, Loss_res: 1.308e+03 ,Time: 0.00
Compute NTK...
It: 39700, Loss: 1.372e+03, Loss_bcs: 6.453e+01, Loss_res: 1.308e+03 ,Time: 0.00
Compute NTK...
It: 39800, Loss: 1.371e+03, Loss_bcs: 6.455e+01, Loss_res: 1.307e+03 ,Time: 0.00
Compute NTK...
It: 39900, Loss: 1.371e+03, Loss_bcs: 6.457e+01, Loss_res: 1.306e+03 ,Time: 0.00
Compute NTK...
Gradients information stored ...
It: 40000, Loss: 1.370e+03, Loss_bcs: 6.459e+01, Loss_res: 1.306e+03 ,Time: 0.28
Compute NTK...
Save uv NN parameters successfully in %s ...checkpoints/Dec-08-2023_21-29-41-863470_M1
Final loss total loss: 1.370101e+03
Final loss loss_res: 1.305514e+03
Final loss loss_bcs: 6.458764e+01
