Gradients information stored ...
Gradients information stored ...
It: 1000, Loss: 7.669e+01, loss_bc1: 1.336e+01e, loss_bc2: 1.879e+01, Loss_r: 4.454e+01, Time: 0.01
min_grad: 8.394e+00
update_res: 7.955e-01
update_ics_u_t: 7.232e-01
update_bcs1: 7.194e-01
adaptive_constant_res_val: 7.955e-01
adaptive_constant_ics_val: 5.061e+00
adaptive_constant_bcs1_val: 4.828e+01
Gradients information stored ...
It: 2000, Loss: 4.976e+00, loss_bc1: 2.464e-03e, loss_bc2: 5.904e-02, Loss_r: 5.730e+00, Time: 0.01
min_grad: 5.761e-02
update_res: 7.679e-01
update_ics_u_t: 7.025e-01
update_bcs1: 7.662e-01
adaptive_constant_res_val: 7.679e-01
adaptive_constant_ics_val: 7.639e+01
adaptive_constant_bcs1_val: 3.853e+03
It: 3000, Loss: 6.836e+00, loss_bc1: 2.424e-04e, loss_bc2: 1.558e-02, Loss_r: 6.136e+00, Time: 0.01
min_grad: 2.179e-02
update_res: 9.270e-01
update_ics_u_t: 5.549e-01
update_bcs1: 7.329e-01
adaptive_constant_res_val: 9.270e-01
adaptive_constant_ics_val: 7.272e+01
adaptive_constant_bcs1_val: 1.903e+04
It: 4000, Loss: 4.996e+00, loss_bc1: 2.750e-05e, loss_bc2: 1.063e-02, Loss_r: 3.991e+00, Time: 0.01
min_grad: 5.464e-03
update_res: 8.917e-01
update_ics_u_t: 6.227e-01
update_bcs1: 6.813e-01
adaptive_constant_res_val: 8.917e-01
adaptive_constant_ics_val: 2.033e+02
adaptive_constant_bcs1_val: 2.409e+04
It: 5000, Loss: 4.550e+00, loss_bc1: 1.855e-05e, loss_bc2: 4.832e-03, Loss_r: 3.499e+00, Time: 0.01
min_grad: 7.359e-03
update_res: 7.901e-01
update_ics_u_t: 7.867e-01
update_bcs1: 6.519e-01
adaptive_constant_res_val: 7.901e-01
adaptive_constant_ics_val: 5.604e+01
adaptive_constant_bcs1_val: 2.130e+04
It: 6000, Loss: 3.095e+00, loss_bc1: 4.438e-05e, loss_bc2: 5.164e-03, Loss_r: 2.355e+00, Time: 0.01
min_grad: 1.036e-02
update_res: 3.066e-01
update_ics_u_t: 3.114e-01
update_bcs1: 1.994e+00
adaptive_constant_res_val: 3.066e-01
adaptive_constant_ics_val: 3.589e+01
adaptive_constant_bcs1_val: 4.528e+04
It: 7000, Loss: 1.317e+00, loss_bc1: 3.337e-06e, loss_bc2: 5.978e-03, Loss_r: 3.105e+00, Time: 0.01
min_grad: 2.163e-03
update_res: 7.737e-01
update_ics_u_t: 7.107e-01
update_bcs1: 7.552e-01
adaptive_constant_res_val: 7.737e-01
adaptive_constant_ics_val: 3.354e+02
adaptive_constant_bcs1_val: 2.996e+04
It: 8000, Loss: 2.881e+00, loss_bc1: 1.463e-05e, loss_bc2: 2.475e-03, Loss_r: 2.084e+00, Time: 0.01
min_grad: 1.990e-03
update_res: 5.851e-01
update_ics_u_t: 8.812e-01
update_bcs1: 8.617e-01
adaptive_constant_res_val: 5.851e-01
adaptive_constant_ics_val: 9.007e+01
adaptive_constant_bcs1_val: 4.761e+04
It: 9000, Loss: 2.046e+00, loss_bc1: 1.003e-05e, loss_bc2: 2.694e-03, Loss_r: 2.266e+00, Time: 0.01
min_grad: 6.873e-03
update_res: 7.314e-01
update_ics_u_t: 6.614e-01
update_bcs1: 8.611e-01
adaptive_constant_res_val: 7.314e-01
adaptive_constant_ics_val: 7.469e+02
adaptive_constant_bcs1_val: 3.412e+04
It: 10000, Loss: 3.987e+00, loss_bc1: 1.737e-05e, loss_bc2: 1.097e-03, Loss_r: 3.520e+00, Time: 0.01
min_grad: 1.860e-03
update_res: 7.823e-01
update_ics_u_t: 6.173e-01
update_bcs1: 8.551e-01
adaptive_constant_res_val: 7.823e-01
adaptive_constant_ics_val: 9.354e+01
adaptive_constant_bcs1_val: 3.847e+04
It: 11000, Loss: 2.626e+00, loss_bc1: 6.073e-06e, loss_bc2: 4.240e-03, Loss_r: 2.551e+00, Time: 0.01
min_grad: 4.340e-03
update_res: 7.883e-01
update_ics_u_t: 9.666e-01
update_bcs1: 4.907e-01
adaptive_constant_res_val: 7.883e-01
adaptive_constant_ics_val: 7.123e+02
adaptive_constant_bcs1_val: 2.315e+04
It: 12000, Loss: 2.151e+00, loss_bc1: 1.396e-05e, loss_bc2: 1.222e-03, Loss_r: 1.215e+00, Time: 0.01
min_grad: 3.704e-03
update_res: 9.027e-01
update_ics_u_t: 6.623e-01
update_bcs1: 7.330e-01
adaptive_constant_res_val: 9.027e-01
adaptive_constant_ics_val: 1.555e+03
adaptive_constant_bcs1_val: 4.655e+04
It: 13000, Loss: 3.847e+00, loss_bc1: 1.002e-05e, loss_bc2: 5.968e-04, Loss_r: 2.717e+00, Time: 0.01
min_grad: 4.689e-03
update_res: 8.349e-01
update_ics_u_t: 7.288e-01
update_bcs1: 6.572e-01
adaptive_constant_res_val: 8.349e-01
adaptive_constant_ics_val: 1.518e+02
adaptive_constant_bcs1_val: 2.461e+04
It: 14000, Loss: 2.077e+00, loss_bc1: 7.252e-06e, loss_bc2: 1.028e-03, Loss_r: 2.087e+00, Time: 0.01
min_grad: 4.986e-03
update_res: 7.749e-01
update_ics_u_t: 5.604e-01
update_bcs1: 9.065e-01
adaptive_constant_res_val: 7.749e-01
adaptive_constant_ics_val: 5.005e+02
adaptive_constant_bcs1_val: 1.010e+04
It: 15000, Loss: 2.659e+00, loss_bc1: 1.496e-05e, loss_bc2: 7.646e-04, Loss_r: 2.743e+00, Time: 0.01
min_grad: 6.759e-03
update_res: 9.452e-01
update_ics_u_t: 6.420e-01
update_bcs1: 5.654e-01
adaptive_constant_res_val: 9.452e-01
adaptive_constant_ics_val: 1.613e+02
adaptive_constant_bcs1_val: 8.323e+03
It: 16000, Loss: 1.579e+00, loss_bc1: 9.308e-06e, loss_bc2: 1.027e-03, Loss_r: 1.414e+00, Time: 0.01
min_grad: 3.626e-03
update_res: 8.264e-01
update_ics_u_t: 7.713e-01
update_bcs1: 6.005e-01
adaptive_constant_res_val: 8.264e-01
adaptive_constant_ics_val: 4.136e+01
adaptive_constant_bcs1_val: 4.095e+03
It: 17000, Loss: 1.517e+00, loss_bc1: 2.366e-05e, loss_bc2: 2.176e-03, Loss_r: 1.610e+00, Time: 0.01
min_grad: 1.153e-02
update_res: 7.243e-01
update_ics_u_t: 4.919e-01
update_bcs1: 1.069e+00
adaptive_constant_res_val: 7.243e-01
adaptive_constant_ics_val: 6.356e+01
adaptive_constant_bcs1_val: 1.764e+04
It: 18000, Loss: 9.429e-01, loss_bc1: 5.675e-06e, loss_bc2: 2.839e-03, Loss_r: 9.144e-01, Time: 0.01
min_grad: 4.080e-03
update_res: 6.179e-01
update_ics_u_t: 1.144e+00
update_bcs1: 5.774e-01
adaptive_constant_res_val: 6.179e-01
adaptive_constant_ics_val: 9.812e+02
adaptive_constant_bcs1_val: 2.223e+04
It: 19000, Loss: 1.735e+00, loss_bc1: 9.417e-06e, loss_bc2: 4.639e-04, Loss_r: 1.733e+00, Time: 0.01
min_grad: 2.887e-03
update_res: 8.380e-01
update_ics_u_t: 6.356e-01
update_bcs1: 7.653e-01
adaptive_constant_res_val: 8.380e-01
adaptive_constant_ics_val: 3.457e+02
adaptive_constant_bcs1_val: 2.525e+04
It: 20000, Loss: 1.272e+00, loss_bc1: 3.096e-06e, loss_bc2: 5.098e-04, Loss_r: 1.215e+00, Time: 0.01
min_grad: 2.501e-03
update_res: 9.206e-01
update_ics_u_t: 6.632e-01
update_bcs1: 5.849e-01
adaptive_constant_res_val: 9.206e-01
adaptive_constant_ics_val: 1.114e+02
adaptive_constant_bcs1_val: 1.286e+04
It: 21000, Loss: 9.931e-01, loss_bc1: 5.610e-06e, loss_bc2: 1.238e-03, Loss_r: 8.506e-01, Time: 0.01
min_grad: 1.960e-03
update_res: 6.386e-01
update_ics_u_t: 7.872e-01
update_bcs1: 9.067e-01
adaptive_constant_res_val: 6.386e-01
adaptive_constant_ics_val: 1.397e+02
adaptive_constant_bcs1_val: 1.610e+04
It: 22000, Loss: 1.269e+00, loss_bc1: 4.265e-06e, loss_bc2: 1.233e-03, Loss_r: 1.610e+00, Time: 0.01
min_grad: 1.750e-03
update_res: 9.489e-01
update_ics_u_t: 6.373e-01
update_bcs1: 5.586e-01
adaptive_constant_res_val: 9.489e-01
adaptive_constant_ics_val: 3.571e+02
adaptive_constant_bcs1_val: 3.218e+04
It: 23000, Loss: 1.295e+00, loss_bc1: 3.000e-06e, loss_bc2: 5.271e-04, Loss_r: 1.065e+00, Time: 0.01
min_grad: 3.011e-03
update_res: 9.884e-01
update_ics_u_t: 6.357e-01
update_bcs1: 5.373e-01
adaptive_constant_res_val: 9.884e-01
adaptive_constant_ics_val: 5.683e+01
adaptive_constant_bcs1_val: 1.163e+04
It: 24000, Loss: 1.374e+00, loss_bc1: 3.348e-06e, loss_bc2: 1.014e-03, Loss_r: 1.293e+00, Time: 0.01
min_grad: 3.036e-03
update_res: 1.117e+00
update_ics_u_t: 4.571e-01
update_bcs1: 4.442e-01
adaptive_constant_res_val: 1.117e+00
adaptive_constant_ics_val: 1.231e+02
adaptive_constant_bcs1_val: 8.646e+03
It: 25000, Loss: 9.746e-01, loss_bc1: 1.232e-05e, loss_bc2: 2.172e-03, Loss_r: 5.378e-01, Time: 0.02
min_grad: 4.670e-03
update_res: 3.879e-01
update_ics_u_t: 1.442e+00
update_bcs1: 6.932e-01
adaptive_constant_res_val: 3.879e-01
adaptive_constant_ics_val: 7.389e+02
adaptive_constant_bcs1_val: 1.502e+04
It: 26000, Loss: 5.529e-01, loss_bc1: 5.238e-06e, loss_bc2: 3.216e-04, Loss_r: 6.101e-01, Time: 0.01
min_grad: 1.973e-03
update_res: 5.785e-01
update_ics_u_t: 8.515e-01
update_bcs1: 8.746e-01
adaptive_constant_res_val: 5.785e-01
adaptive_constant_ics_val: 2.065e+02
adaptive_constant_bcs1_val: 3.073e+04
It: 27000, Loss: 4.160e-01, loss_bc1: 1.823e-06e, loss_bc2: 2.981e-04, Loss_r: 5.158e-01, Time: 0.01
min_grad: 1.880e-03
update_res: 7.088e-01
update_ics_u_t: 6.225e-01
update_bcs1: 9.559e-01
adaptive_constant_res_val: 7.088e-01
adaptive_constant_ics_val: 1.536e+02
adaptive_constant_bcs1_val: 1.550e+04
It: 28000, Loss: 5.116e-01, loss_bc1: 1.900e-06e, loss_bc2: 2.741e-04, Loss_r: 6.208e-01, Time: 0.01
min_grad: 1.152e-03
update_res: 8.355e-01
update_ics_u_t: 5.558e-01
update_bcs1: 8.187e-01
adaptive_constant_res_val: 8.355e-01
adaptive_constant_ics_val: 6.668e+01
adaptive_constant_bcs1_val: 1.805e+04
It: 29000, Loss: 6.545e-01, loss_bc1: 1.395e-06e, loss_bc2: 9.608e-04, Loss_r: 6.765e-01, Time: 0.01
min_grad: 3.465e-03
update_res: 8.381e-01
update_ics_u_t: 7.938e-01
update_bcs1: 5.542e-01
adaptive_constant_res_val: 8.381e-01
adaptive_constant_ics_val: 1.343e+02
adaptive_constant_bcs1_val: 6.023e+03
It: 30000, Loss: 5.771e-01, loss_bc1: 3.327e-06e, loss_bc2: 4.958e-04, Loss_r: 5.852e-01, Time: 0.01
min_grad: 4.859e-03
update_res: 7.622e-01
update_ics_u_t: 6.711e-01
update_bcs1: 8.155e-01
adaptive_constant_res_val: 7.622e-01
adaptive_constant_ics_val: 1.704e+02
adaptive_constant_bcs1_val: 4.468e+03
It: 31000, Loss: 7.076e-01, loss_bc1: 3.875e-06e, loss_bc2: 2.117e-04, Loss_r: 8.584e-01, Time: 0.01
min_grad: 1.018e-03
update_res: 1.110e+00
update_ics_u_t: 3.906e-01
update_bcs1: 5.642e-01
adaptive_constant_res_val: 1.110e+00
adaptive_constant_ics_val: 5.581e+01
adaptive_constant_bcs1_val: 4.743e+04
It: 32000, Loss: 6.120e-01, loss_bc1: 7.425e-07e, loss_bc2: 1.575e-03, Loss_r: 4.404e-01, Time: 0.01
min_grad: 9.748e-04
update_res: 5.641e-01
update_ics_u_t: 1.328e+00
update_bcs1: 5.087e-01
adaptive_constant_res_val: 5.641e-01
adaptive_constant_ics_val: 6.302e+02
adaptive_constant_bcs1_val: 2.692e+04
It: 33000, Loss: 4.832e-01, loss_bc1: 1.517e-06e, loss_bc2: 3.621e-04, Loss_r: 3.796e-01, Time: 0.01
min_grad: 5.223e-04
update_res: 5.720e-01
update_ics_u_t: 1.102e+00
update_bcs1: 6.167e-01
adaptive_constant_res_val: 5.720e-01
adaptive_constant_ics_val: 1.676e+03
adaptive_constant_bcs1_val: 8.604e+04
It: 34000, Loss: 7.219e-01, loss_bc1: 1.770e-06e, loss_bc2: 1.121e-04, Loss_r: 6.674e-01, Time: 0.01
min_grad: 4.458e-04
update_res: 9.209e-01
update_ics_u_t: 5.487e-01
update_bcs1: 7.970e-01
adaptive_constant_res_val: 9.209e-01
adaptive_constant_ics_val: 9.858e+01
adaptive_constant_bcs1_val: 5.120e+04
It: 35000, Loss: 4.350e-01, loss_bc1: 7.641e-07e, loss_bc2: 2.521e-04, Loss_r: 4.030e-01, Time: 0.01
min_grad: 8.338e-04
update_res: 7.456e-01
update_ics_u_t: 6.197e-01
update_bcs1: 8.897e-01
adaptive_constant_res_val: 7.456e-01
adaptive_constant_ics_val: 2.555e+02
adaptive_constant_bcs1_val: 4.343e+04
It: 36000, Loss: 4.476e-01, loss_bc1: 7.748e-07e, loss_bc2: 1.673e-04, Loss_r: 4.979e-01, Time: 0.01
min_grad: 9.488e-04
update_res: 8.483e-01
update_ics_u_t: 5.425e-01
update_bcs1: 8.219e-01
adaptive_constant_res_val: 8.483e-01
adaptive_constant_ics_val: 3.687e+03
adaptive_constant_bcs1_val: 4.393e+04
It: 37000, Loss: 1.651e+00, loss_bc1: 2.685e-06e, loss_bc2: 1.583e-04, Loss_r: 1.119e+00, Time: 0.01
min_grad: 7.254e-04
update_res: 1.136e+00
update_ics_u_t: 6.458e-01
update_bcs1: 4.236e-01
adaptive_constant_res_val: 1.136e+00
adaptive_constant_ics_val: 5.918e+02
adaptive_constant_bcs1_val: 3.135e+04
It: 38000, Loss: 7.389e-01, loss_bc1: 1.773e-06e, loss_bc2: 1.248e-04, Loss_r: 5.363e-01, Time: 0.01
min_grad: 6.630e-04
update_res: 7.878e-01
update_ics_u_t: 6.144e-01
update_bcs1: 8.326e-01
adaptive_constant_res_val: 7.878e-01
adaptive_constant_ics_val: 1.496e+02
adaptive_constant_bcs1_val: 1.717e+04
It: 39000, Loss: 5.214e-01, loss_bc1: 1.985e-06e, loss_bc2: 1.603e-04, Loss_r: 5.881e-01, Time: 0.01
min_grad: 1.261e-03
update_res: 7.447e-01
update_ics_u_t: 4.580e-01
update_bcs1: 1.068e+00
adaptive_constant_res_val: 7.447e-01
adaptive_constant_ics_val: 2.224e+02
adaptive_constant_bcs1_val: 2.823e+04
Gradients information stored ...
It: 40000, Loss: 3.954e-01, loss_bc1: 7.760e-07e, loss_bc2: 4.255e-04, Loss_r: 3.745e-01, Time: 0.73
min_grad: 7.132e-04
update_res: 5.450e-01
update_ics_u_t: 1.262e+00
update_bcs1: 5.838e-01
adaptive_constant_res_val: 5.450e-01
adaptive_constant_ics_val: 1.959e+03
adaptive_constant_bcs1_val: 3.208e+04
average lambda_bc2.5617e+04
average lambda_bc4.4533e+02
average lambda_res1.0
Save uv NN parameters successfully in %s ...checkpoints/Dec-22-2023_23-18-18-403046_M2
Final loss total loss: 3.954056e-01
Final loss loss_res: 3.744503e-01
Final loss loss_bcs: 7.759730e-07
Final loss loss_ics: 4.255276e-04
