It: 0, Loss: 7.043e+03, Loss_bcs: 3.026e-01, Loss_res: 7.042e+03,Time: 1.56
 np.max([max_grad_bcs , max_grad_res]): 1.217e+01
adaptive_bcs_val: 6.631e+01
adaptive_res_val: 1.131e+01
mean_grad_res: 1.076417
mean_grad_bcs: 0.183552
Gradients information stored ...
It: 100, Loss: 7.631e+04, Loss_bcs: 4.407e-01, Loss_res: 6.746e+03,Time: 0.02
 np.max([max_grad_bcs , max_grad_res]): 1.237e+01
adaptive_bcs_val: 6.631e+01
adaptive_res_val: 1.131e+01
mean_grad_res: 1.333311
mean_grad_bcs: 0.141083
Gradients information stored ...
It: 200, Loss: 7.119e+04, Loss_bcs: 1.949e+00, Loss_res: 6.284e+03,Time: 0.01
 np.max([max_grad_bcs , max_grad_res]): 9.693e+01
adaptive_bcs_val: 6.631e+01
adaptive_res_val: 1.131e+01
mean_grad_res: 6.978094
mean_grad_bcs: 0.166804
It: 300, Loss: 7.809e+04, Loss_bcs: 3.477e+00, Loss_res: 6.886e+03,Time: 0.01
 np.max([max_grad_bcs , max_grad_res]): 6.773e+01
adaptive_bcs_val: 6.631e+01
adaptive_res_val: 1.131e+01
mean_grad_res: 7.976013
mean_grad_bcs: 0.419487
It: 400, Loss: 7.619e+04, Loss_bcs: 5.400e+00, Loss_res: 6.707e+03,Time: 0.01
 np.max([max_grad_bcs , max_grad_res]): 1.292e+02
adaptive_bcs_val: 6.631e+01
adaptive_res_val: 1.131e+01
mean_grad_res: 12.913183
mean_grad_bcs: 0.495662
It: 500, Loss: 6.643e+04, Loss_bcs: 5.781e+00, Loss_res: 5.841e+03,Time: 0.01
 np.max([max_grad_bcs , max_grad_res]): 3.195e+02
adaptive_bcs_val: 6.631e+01
adaptive_res_val: 1.131e+01
mean_grad_res: 26.645927
mean_grad_bcs: 0.569878
It: 600, Loss: 7.191e+04, Loss_bcs: 7.447e+00, Loss_res: 6.316e+03,Time: 0.01
 np.max([max_grad_bcs , max_grad_res]): 7.160e+02
adaptive_bcs_val: 6.631e+01
adaptive_res_val: 1.131e+01
mean_grad_res: 65.100464
mean_grad_bcs: 0.568850
It: 700, Loss: 3.140e+04, Loss_bcs: 8.310e+00, Loss_res: 2.728e+03,Time: 0.01
 np.max([max_grad_bcs , max_grad_res]): 6.234e+02
adaptive_bcs_val: 6.631e+01
adaptive_res_val: 1.131e+01
mean_grad_res: 78.634933
mean_grad_bcs: 0.684905
It: 800, Loss: 8.751e+03, Loss_bcs: 6.568e+00, Loss_res: 7.354e+02,Time: 0.01
 np.max([max_grad_bcs , max_grad_res]): 1.180e+03
adaptive_bcs_val: 6.631e+01
adaptive_res_val: 1.131e+01
mean_grad_res: 83.370995
mean_grad_bcs: 0.764893
It: 900, Loss: 4.439e+03, Loss_bcs: 5.935e+00, Loss_res: 3.577e+02,Time: 0.01
 np.max([max_grad_bcs , max_grad_res]): 1.021e+03
adaptive_bcs_val: 6.631e+01
adaptive_res_val: 1.131e+01
mean_grad_res: 68.067787
mean_grad_bcs: 0.605435
It: 1000, Loss: 2.324e+03, Loss_bcs: 6.054e+00, Loss_res: 1.700e+02,Time: 0.01
 np.max([max_grad_bcs , max_grad_res]): 3.097e+02
adaptive_bcs_val: 6.631e+01
adaptive_res_val: 1.131e+01
mean_grad_res: 31.490139
mean_grad_bcs: 0.507176
Gradients information stored ...
It: 1100, Loss: 1.439e+03, Loss_bcs: 4.787e+00, Loss_res: 9.922e+01,Time: 0.01
 np.max([max_grad_bcs , max_grad_res]): 5.039e+02
adaptive_bcs_val: 6.631e+01
adaptive_res_val: 1.131e+01
mean_grad_res: 54.640827
mean_grad_bcs: 0.480240
It: 1200, Loss: 1.179e+03, Loss_bcs: 4.550e+00, Loss_res: 7.756e+01,Time: 0.01
 np.max([max_grad_bcs , max_grad_res]): 4.124e+02
adaptive_bcs_val: 6.631e+01
adaptive_res_val: 1.131e+01
mean_grad_res: 34.601013
mean_grad_bcs: 0.490749
It: 1300, Loss: 8.490e+02, Loss_bcs: 3.447e+00, Loss_res: 5.487e+01,Time: 0.01
 np.max([max_grad_bcs , max_grad_res]): 1.809e+02
adaptive_bcs_val: 6.631e+01
adaptive_res_val: 1.131e+01
mean_grad_res: 23.265369
mean_grad_bcs: 0.502751
It: 1400, Loss: 5.465e+02, Loss_bcs: 2.578e+00, Loss_res: 3.322e+01,Time: 0.01
 np.max([max_grad_bcs , max_grad_res]): 3.621e+02
adaptive_bcs_val: 6.631e+01
adaptive_res_val: 1.131e+01
mean_grad_res: 35.231705
mean_grad_bcs: 0.448206
It: 1500, Loss: 3.876e+02, Loss_bcs: 2.158e+00, Loss_res: 2.163e+01,Time: 0.01
 np.max([max_grad_bcs , max_grad_res]): 2.120e+02
adaptive_bcs_val: 6.631e+01
adaptive_res_val: 1.131e+01
mean_grad_res: 19.758892
mean_grad_bcs: 0.473756
It: 1600, Loss: 3.937e+02, Loss_bcs: 1.550e+00, Loss_res: 2.573e+01,Time: 0.01
 np.max([max_grad_bcs , max_grad_res]): 5.263e+02
adaptive_bcs_val: 6.631e+01
adaptive_res_val: 1.131e+01
mean_grad_res: 39.800163
mean_grad_bcs: 0.333624
It: 1700, Loss: 3.012e+02, Loss_bcs: 1.463e+00, Loss_res: 1.806e+01,Time: 0.01
 np.max([max_grad_bcs , max_grad_res]): 1.702e+02
adaptive_bcs_val: 6.631e+01
adaptive_res_val: 1.131e+01
mean_grad_res: 17.350424
mean_grad_bcs: 0.360505
It: 1800, Loss: 2.074e+02, Loss_bcs: 1.233e+00, Loss_res: 1.111e+01,Time: 0.01
 np.max([max_grad_bcs , max_grad_res]): 6.753e+01
adaptive_bcs_val: 6.631e+01
adaptive_res_val: 1.131e+01
mean_grad_res: 8.509388
mean_grad_bcs: 0.331101
It: 1900, Loss: 2.102e+02, Loss_bcs: 9.761e-01, Loss_res: 1.286e+01,Time: 0.01
 np.max([max_grad_bcs , max_grad_res]): 1.230e+02
adaptive_bcs_val: 6.631e+01
adaptive_res_val: 1.131e+01
mean_grad_res: 13.882750
mean_grad_bcs: 0.284014
It: 2000, Loss: 1.722e+02, Loss_bcs: 8.602e-01, Loss_res: 1.019e+01,Time: 0.01
 np.max([max_grad_bcs , max_grad_res]): 1.388e+02
adaptive_bcs_val: 6.631e+01
adaptive_res_val: 1.131e+01
mean_grad_res: 14.714511
mean_grad_bcs: 0.252605
It: 2100, Loss: 1.878e+02, Loss_bcs: 8.010e-01, Loss_res: 1.191e+01,Time: 0.01
 np.max([max_grad_bcs , max_grad_res]): 3.527e+02
adaptive_bcs_val: 6.631e+01
adaptive_res_val: 1.131e+01
mean_grad_res: 37.594044
mean_grad_bcs: 0.265578
It: 2200, Loss: 1.173e+02, Loss_bcs: 7.438e-01, Loss_res: 6.008e+00,Time: 0.01
 np.max([max_grad_bcs , max_grad_res]): 1.103e+02
adaptive_bcs_val: 6.631e+01
adaptive_res_val: 1.131e+01
mean_grad_res: 10.155396
mean_grad_bcs: 0.261515
It: 2300, Loss: 1.144e+02, Loss_bcs: 5.863e-01, Loss_res: 6.682e+00,Time: 0.01
 np.max([max_grad_bcs , max_grad_res]): 1.482e+02
adaptive_bcs_val: 6.631e+01
adaptive_res_val: 1.131e+01
mean_grad_res: 15.640969
mean_grad_bcs: 0.234897
It: 2400, Loss: 1.536e+02, Loss_bcs: 5.731e-01, Loss_res: 1.022e+01,Time: 0.01
 np.max([max_grad_bcs , max_grad_res]): 2.801e+02
adaptive_bcs_val: 6.631e+01
adaptive_res_val: 1.131e+01
mean_grad_res: 28.264709
mean_grad_bcs: 0.257336
It: 2500, Loss: 1.744e+02, Loss_bcs: 4.714e-01, Loss_res: 1.266e+01,Time: 0.01
 np.max([max_grad_bcs , max_grad_res]): 1.337e+02
adaptive_bcs_val: 6.631e+01
adaptive_res_val: 1.131e+01
mean_grad_res: 14.850006
mean_grad_bcs: 0.197030
It: 2600, Loss: 1.173e+02, Loss_bcs: 4.314e-01, Loss_res: 7.842e+00,Time: 0.01
 np.max([max_grad_bcs , max_grad_res]): 2.029e+02
adaptive_bcs_val: 6.631e+01
adaptive_res_val: 1.131e+01
mean_grad_res: 21.386904
mean_grad_bcs: 0.192694
It: 2700, Loss: 1.101e+02, Loss_bcs: 3.755e-01, Loss_res: 7.539e+00,Time: 0.01
 np.max([max_grad_bcs , max_grad_res]): 2.344e+02
adaptive_bcs_val: 6.631e+01
adaptive_res_val: 1.131e+01
mean_grad_res: 17.229998
mean_grad_bcs: 0.192146
It: 2800, Loss: 7.697e+01, Loss_bcs: 3.780e-01, Loss_res: 4.590e+00,Time: 0.01
 np.max([max_grad_bcs , max_grad_res]): 1.348e+02
adaptive_bcs_val: 6.631e+01
adaptive_res_val: 1.131e+01
mean_grad_res: 12.083305
mean_grad_bcs: 0.183554
It: 2900, Loss: 9.989e+01, Loss_bcs: 2.993e-01, Loss_res: 7.079e+00,Time: 0.01
 np.max([max_grad_bcs , max_grad_res]): 2.190e+02
adaptive_bcs_val: 6.631e+01
adaptive_res_val: 1.131e+01
mean_grad_res: 17.032700
mean_grad_bcs: 0.143140
It: 3000, Loss: 6.876e+01, Loss_bcs: 2.694e-01, Loss_res: 4.501e+00,Time: 0.01
 np.max([max_grad_bcs , max_grad_res]): 1.707e+02
adaptive_bcs_val: 6.631e+01
adaptive_res_val: 1.131e+01
mean_grad_res: 14.985178
mean_grad_bcs: 0.138526
It: 3100, Loss: 6.362e+01, Loss_bcs: 2.783e-01, Loss_res: 3.994e+00,Time: 0.01
 np.max([max_grad_bcs , max_grad_res]): 1.481e+02
adaptive_bcs_val: 6.631e+01
adaptive_res_val: 1.131e+01
mean_grad_res: 14.960796
mean_grad_bcs: 0.165427
It: 3200, Loss: 6.912e+01, Loss_bcs: 2.262e-01, Loss_res: 4.786e+00,Time: 0.01
 np.max([max_grad_bcs , max_grad_res]): 1.129e+02
adaptive_bcs_val: 6.631e+01
adaptive_res_val: 1.131e+01
mean_grad_res: 10.672165
mean_grad_bcs: 0.116717
It: 3300, Loss: 6.678e+01, Loss_bcs: 2.491e-01, Loss_res: 4.445e+00,Time: 0.00
 np.max([max_grad_bcs , max_grad_res]): 7.854e+01
adaptive_bcs_val: 6.631e+01
adaptive_res_val: 1.131e+01
mean_grad_res: 9.911786
mean_grad_bcs: 0.127769
It: 3400, Loss: 5.992e+01, Loss_bcs: 2.410e-01, Loss_res: 3.886e+00,Time: 0.01
 np.max([max_grad_bcs , max_grad_res]): 1.004e+02
adaptive_bcs_val: 6.631e+01
adaptive_res_val: 1.131e+01
mean_grad_res: 9.176240
mean_grad_bcs: 0.115074
It: 3500, Loss: 4.902e+01, Loss_bcs: 2.294e-01, Loss_res: 2.990e+00,Time: 0.01
 np.max([max_grad_bcs , max_grad_res]): 7.622e+01
adaptive_bcs_val: 6.631e+01
adaptive_res_val: 1.131e+01
mean_grad_res: 12.392259
mean_grad_bcs: 0.136242
It: 3600, Loss: 5.066e+01, Loss_bcs: 1.801e-01, Loss_res: 3.424e+00,Time: 0.01
 np.max([max_grad_bcs , max_grad_res]): 1.852e+02
adaptive_bcs_val: 6.631e+01
adaptive_res_val: 1.131e+01
mean_grad_res: 15.999627
mean_grad_bcs: 0.105698
It: 3700, Loss: 5.649e+01, Loss_bcs: 1.969e-01, Loss_res: 3.841e+00,Time: 0.01
 np.max([max_grad_bcs , max_grad_res]): 1.504e+02
adaptive_bcs_val: 6.631e+01
adaptive_res_val: 1.131e+01
mean_grad_res: 14.213891
mean_grad_bcs: 0.095150
It: 3800, Loss: 4.089e+01, Loss_bcs: 1.800e-01, Loss_res: 2.560e+00,Time: 0.01
 np.max([max_grad_bcs , max_grad_res]): 6.874e+01
adaptive_bcs_val: 6.631e+01
adaptive_res_val: 1.131e+01
mean_grad_res: 8.833941
mean_grad_bcs: 0.091743
It: 3900, Loss: 5.782e+01, Loss_bcs: 1.844e-01, Loss_res: 4.032e+00,Time: 0.01
 np.max([max_grad_bcs , max_grad_res]): 1.866e+02
adaptive_bcs_val: 6.631e+01
adaptive_res_val: 1.131e+01
mean_grad_res: 14.632864
mean_grad_bcs: 0.105228
It: 4000, Loss: 6.666e+01, Loss_bcs: 1.702e-01, Loss_res: 4.897e+00,Time: 0.01
 np.max([max_grad_bcs , max_grad_res]): 8.764e+01
adaptive_bcs_val: 6.631e+01
adaptive_res_val: 1.131e+01
mean_grad_res: 11.772485
mean_grad_bcs: 0.078123
It: 4100, Loss: 4.374e+01, Loss_bcs: 1.653e-01, Loss_res: 2.899e+00,Time: 0.01
 np.max([max_grad_bcs , max_grad_res]): 8.043e+01
adaptive_bcs_val: 6.631e+01
adaptive_res_val: 1.131e+01
mean_grad_res: 9.369438
mean_grad_bcs: 0.107133
It: 4200, Loss: 7.054e+01, Loss_bcs: 1.927e-01, Loss_res: 5.109e+00,Time: 0.01
 np.max([max_grad_bcs , max_grad_res]): 1.431e+02
adaptive_bcs_val: 6.631e+01
adaptive_res_val: 1.131e+01
mean_grad_res: 12.552133
mean_grad_bcs: 0.086653
It: 4300, Loss: 5.072e+01, Loss_bcs: 1.692e-01, Loss_res: 3.493e+00,Time: 0.01
 np.max([max_grad_bcs , max_grad_res]): 1.892e+02
adaptive_bcs_val: 6.631e+01
adaptive_res_val: 1.131e+01
mean_grad_res: 15.649787
mean_grad_bcs: 0.078026
It: 4400, Loss: 6.318e+01, Loss_bcs: 1.744e-01, Loss_res: 4.564e+00,Time: 0.01
 np.max([max_grad_bcs , max_grad_res]): 2.884e+02
adaptive_bcs_val: 6.631e+01
adaptive_res_val: 1.131e+01
mean_grad_res: 20.042574
mean_grad_bcs: 0.073498
It: 4500, Loss: 6.704e+01, Loss_bcs: 1.824e-01, Loss_res: 4.859e+00,Time: 0.01
 np.max([max_grad_bcs , max_grad_res]): 1.403e+02
adaptive_bcs_val: 6.631e+01
adaptive_res_val: 1.131e+01
mean_grad_res: 13.029354
mean_grad_bcs: 0.099862
It: 4600, Loss: 3.320e+01, Loss_bcs: 1.771e-01, Loss_res: 1.898e+00,Time: 0.01
 np.max([max_grad_bcs , max_grad_res]): 4.538e+01
adaptive_bcs_val: 6.631e+01
adaptive_res_val: 1.131e+01
mean_grad_res: 6.649454
mean_grad_bcs: 0.087180
It: 4700, Loss: 4.204e+01, Loss_bcs: 1.464e-01, Loss_res: 2.859e+00,Time: 0.01
 np.max([max_grad_bcs , max_grad_res]): 1.654e+02
adaptive_bcs_val: 6.631e+01
adaptive_res_val: 1.131e+01
mean_grad_res: 11.955512
mean_grad_bcs: 0.097623
It: 4800, Loss: 4.371e+01, Loss_bcs: 1.620e-01, Loss_res: 2.915e+00,Time: 0.01
 np.max([max_grad_bcs , max_grad_res]): 1.155e+02
adaptive_bcs_val: 6.631e+01
adaptive_res_val: 1.131e+01
mean_grad_res: 10.985870
mean_grad_bcs: 0.116235
It: 4900, Loss: 5.887e+01, Loss_bcs: 1.650e-01, Loss_res: 4.239e+00,Time: 0.01
 np.max([max_grad_bcs , max_grad_res]): 2.884e+02
adaptive_bcs_val: 6.631e+01
adaptive_res_val: 1.131e+01
mean_grad_res: 23.148153
mean_grad_bcs: 0.087011
It: 5000, Loss: 4.793e+01, Loss_bcs: 1.480e-01, Loss_res: 3.371e+00,Time: 0.01
 np.max([max_grad_bcs , max_grad_res]): 9.563e+01
adaptive_bcs_val: 6.631e+01
adaptive_res_val: 1.131e+01
mean_grad_res: 13.425069
mean_grad_bcs: 0.074333
It: 5100, Loss: 4.589e+01, Loss_bcs: 1.398e-01, Loss_res: 3.238e+00,Time: 0.01
 np.max([max_grad_bcs , max_grad_res]): 1.059e+02
adaptive_bcs_val: 6.631e+01
adaptive_res_val: 1.131e+01
mean_grad_res: 7.869271
mean_grad_bcs: 0.073681
It: 5200, Loss: 6.293e+01, Loss_bcs: 1.499e-01, Loss_res: 4.687e+00,Time: 0.01
 np.max([max_grad_bcs , max_grad_res]): 1.673e+02
adaptive_bcs_val: 6.631e+01
adaptive_res_val: 1.131e+01
mean_grad_res: 13.846306
mean_grad_bcs: 0.074742
It: 5300, Loss: 4.421e+01, Loss_bcs: 1.479e-01, Loss_res: 3.042e+00,Time: 0.01
 np.max([max_grad_bcs , max_grad_res]): 1.872e+02
adaptive_bcs_val: 6.631e+01
adaptive_res_val: 1.131e+01
mean_grad_res: 11.759295
mean_grad_bcs: 0.080443
It: 5400, Loss: 3.343e+01, Loss_bcs: 1.460e-01, Loss_res: 2.100e+00,Time: 0.01
 np.max([max_grad_bcs , max_grad_res]): 1.046e+02
adaptive_bcs_val: 6.631e+01
adaptive_res_val: 1.131e+01
mean_grad_res: 11.407875
mean_grad_bcs: 0.087353
It: 5500, Loss: 4.258e+01, Loss_bcs: 1.360e-01, Loss_res: 2.968e+00,Time: 0.01
 np.max([max_grad_bcs , max_grad_res]): 1.954e+02
adaptive_bcs_val: 6.631e+01
adaptive_res_val: 1.131e+01
mean_grad_res: 17.470169
mean_grad_bcs: 0.058657
It: 5600, Loss: 3.628e+01, Loss_bcs: 1.439e-01, Loss_res: 2.365e+00,Time: 0.02
 np.max([max_grad_bcs , max_grad_res]): 2.519e+02
adaptive_bcs_val: 6.631e+01
adaptive_res_val: 1.131e+01
mean_grad_res: 17.497326
mean_grad_bcs: 0.068670
It: 5700, Loss: 3.672e+01, Loss_bcs: 1.295e-01, Loss_res: 2.488e+00,Time: 0.01
 np.max([max_grad_bcs , max_grad_res]): 4.048e+01
adaptive_bcs_val: 6.631e+01
adaptive_res_val: 1.131e+01
mean_grad_res: 5.511006
mean_grad_bcs: 0.087234
It: 5800, Loss: 6.476e+01, Loss_bcs: 1.459e-01, Loss_res: 4.872e+00,Time: 0.01
 np.max([max_grad_bcs , max_grad_res]): 2.553e+02
adaptive_bcs_val: 6.631e+01
adaptive_res_val: 1.131e+01
mean_grad_res: 22.089909
mean_grad_bcs: 0.069943
It: 5900, Loss: 3.067e+01, Loss_bcs: 1.377e-01, Loss_res: 1.905e+00,Time: 0.01
 np.max([max_grad_bcs , max_grad_res]): 8.797e+01
adaptive_bcs_val: 6.631e+01
adaptive_res_val: 1.131e+01
mean_grad_res: 8.324179
mean_grad_bcs: 0.084345
It: 6000, Loss: 3.171e+01, Loss_bcs: 1.248e-01, Loss_res: 2.073e+00,Time: 0.01
 np.max([max_grad_bcs , max_grad_res]): 7.804e+01
adaptive_bcs_val: 6.631e+01
adaptive_res_val: 1.131e+01
mean_grad_res: 8.010951
mean_grad_bcs: 0.076685
It: 6100, Loss: 2.827e+01, Loss_bcs: 1.345e-01, Loss_res: 1.712e+00,Time: 0.01
 np.max([max_grad_bcs , max_grad_res]): 7.303e+01
adaptive_bcs_val: 6.631e+01
adaptive_res_val: 1.131e+01
mean_grad_res: 9.329042
mean_grad_bcs: 0.071291
It: 6200, Loss: 1.856e+01, Loss_bcs: 1.176e-01, Loss_res: 9.518e-01,Time: 0.00
 np.max([max_grad_bcs , max_grad_res]): 5.943e+01
adaptive_bcs_val: 6.631e+01
adaptive_res_val: 1.131e+01
mean_grad_res: 5.235239
mean_grad_bcs: 0.076193
It: 6300, Loss: 3.280e+01, Loss_bcs: 1.213e-01, Loss_res: 2.189e+00,Time: 0.01
 np.max([max_grad_bcs , max_grad_res]): 8.141e+01
adaptive_bcs_val: 6.631e+01
adaptive_res_val: 1.131e+01
mean_grad_res: 8.566694
mean_grad_bcs: 0.070374
It: 6400, Loss: 3.461e+01, Loss_bcs: 1.125e-01, Loss_res: 2.401e+00,Time: 0.01
 np.max([max_grad_bcs , max_grad_res]): 1.765e+02
adaptive_bcs_val: 6.631e+01
adaptive_res_val: 1.131e+01
mean_grad_res: 16.621889
mean_grad_bcs: 0.098709
It: 6500, Loss: 2.693e+01, Loss_bcs: 1.208e-01, Loss_res: 1.673e+00,Time: 0.01
 np.max([max_grad_bcs , max_grad_res]): 1.053e+02
adaptive_bcs_val: 6.631e+01
adaptive_res_val: 1.131e+01
mean_grad_res: 10.200702
mean_grad_bcs: 0.083904
It: 6600, Loss: 3.363e+01, Loss_bcs: 1.177e-01, Loss_res: 2.284e+00,Time: 0.01
 np.max([max_grad_bcs , max_grad_res]): 9.812e+01
adaptive_bcs_val: 6.631e+01
adaptive_res_val: 1.131e+01
mean_grad_res: 11.382076
mean_grad_bcs: 0.061116
It: 6700, Loss: 2.861e+01, Loss_bcs: 1.191e-01, Loss_res: 1.832e+00,Time: 0.01
 np.max([max_grad_bcs , max_grad_res]): 1.603e+02
adaptive_bcs_val: 6.631e+01
adaptive_res_val: 1.131e+01
mean_grad_res: 11.960741
mean_grad_bcs: 0.068190
It: 6800, Loss: 3.543e+01, Loss_bcs: 1.233e-01, Loss_res: 2.410e+00,Time: 0.01
 np.max([max_grad_bcs , max_grad_res]): 1.240e+02
adaptive_bcs_val: 6.631e+01
adaptive_res_val: 1.131e+01
mean_grad_res: 11.555097
mean_grad_bcs: 0.068459
It: 6900, Loss: 2.741e+01, Loss_bcs: 1.192e-01, Loss_res: 1.725e+00,Time: 0.01
 np.max([max_grad_bcs , max_grad_res]): 1.154e+02
adaptive_bcs_val: 6.631e+01
adaptive_res_val: 1.131e+01
mean_grad_res: 9.316372
mean_grad_bcs: 0.062582
It: 7000, Loss: 3.101e+01, Loss_bcs: 1.058e-01, Loss_res: 2.122e+00,Time: 0.02
 np.max([max_grad_bcs , max_grad_res]): 1.391e+02
adaptive_bcs_val: 6.631e+01
adaptive_res_val: 1.131e+01
mean_grad_res: 11.792181
mean_grad_bcs: 0.070639
It: 7100, Loss: 2.876e+01, Loss_bcs: 1.216e-01, Loss_res: 1.831e+00,Time: 0.01
 np.max([max_grad_bcs , max_grad_res]): 6.102e+01
adaptive_bcs_val: 6.631e+01
adaptive_res_val: 1.131e+01
mean_grad_res: 7.571079
mean_grad_bcs: 0.070272
It: 7200, Loss: 1.835e+01, Loss_bcs: 1.036e-01, Loss_res: 1.015e+00,Time: 0.01
 np.max([max_grad_bcs , max_grad_res]): 4.689e+01
adaptive_bcs_val: 6.631e+01
adaptive_res_val: 1.131e+01
mean_grad_res: 5.910809
mean_grad_bcs: 0.068054
It: 7300, Loss: 3.527e+01, Loss_bcs: 1.047e-01, Loss_res: 2.505e+00,Time: 0.01
 np.max([max_grad_bcs , max_grad_res]): 7.172e+01
adaptive_bcs_val: 6.631e+01
adaptive_res_val: 1.131e+01
mean_grad_res: 7.771389
mean_grad_bcs: 0.067718
It: 7400, Loss: 4.266e+01, Loss_bcs: 1.075e-01, Loss_res: 3.142e+00,Time: 0.01
 np.max([max_grad_bcs , max_grad_res]): 8.334e+01
adaptive_bcs_val: 6.631e+01
adaptive_res_val: 1.131e+01
mean_grad_res: 9.914825
mean_grad_bcs: 0.066178
It: 7500, Loss: 3.587e+01, Loss_bcs: 1.057e-01, Loss_res: 2.553e+00,Time: 0.01
 np.max([max_grad_bcs , max_grad_res]): 5.757e+01
adaptive_bcs_val: 6.631e+01
adaptive_res_val: 1.131e+01
mean_grad_res: 5.895607
mean_grad_bcs: 0.069943
It: 7600, Loss: 3.345e+01, Loss_bcs: 1.005e-01, Loss_res: 2.369e+00,Time: 0.01
 np.max([max_grad_bcs , max_grad_res]): 2.469e+02
adaptive_bcs_val: 6.631e+01
adaptive_res_val: 1.131e+01
mean_grad_res: 17.520359
mean_grad_bcs: 0.069802
It: 7700, Loss: 2.510e+01, Loss_bcs: 1.135e-01, Loss_res: 1.554e+00,Time: 0.01
 np.max([max_grad_bcs , max_grad_res]): 7.097e+01
adaptive_bcs_val: 6.631e+01
adaptive_res_val: 1.131e+01
mean_grad_res: 10.024030
mean_grad_bcs: 0.068411
It: 7800, Loss: 2.650e+01, Loss_bcs: 1.010e-01, Loss_res: 1.751e+00,Time: 0.01
 np.max([max_grad_bcs , max_grad_res]): 1.252e+02
adaptive_bcs_val: 6.631e+01
adaptive_res_val: 1.131e+01
mean_grad_res: 13.197323
mean_grad_bcs: 0.077520
It: 7900, Loss: 1.962e+01, Loss_bcs: 9.897e-02, Loss_res: 1.155e+00,Time: 0.01
 np.max([max_grad_bcs , max_grad_res]): 1.989e+01
adaptive_bcs_val: 6.631e+01
adaptive_res_val: 1.131e+01
mean_grad_res: 2.763951
mean_grad_bcs: 0.069570
It: 8000, Loss: 1.960e+01, Loss_bcs: 9.236e-02, Loss_res: 1.191e+00,Time: 0.01
 np.max([max_grad_bcs , max_grad_res]): 8.975e+01
adaptive_bcs_val: 6.631e+01
adaptive_res_val: 1.131e+01
mean_grad_res: 8.644242
mean_grad_bcs: 0.052609
It: 8100, Loss: 2.103e+01, Loss_bcs: 9.489e-02, Loss_res: 1.304e+00,Time: 0.01
 np.max([max_grad_bcs , max_grad_res]): 4.347e+01
adaptive_bcs_val: 6.631e+01
adaptive_res_val: 1.131e+01
mean_grad_res: 5.535003
mean_grad_bcs: 0.063479
It: 8200, Loss: 3.012e+01, Loss_bcs: 1.082e-01, Loss_res: 2.030e+00,Time: 0.01
 np.max([max_grad_bcs , max_grad_res]): 9.358e+01
adaptive_bcs_val: 6.631e+01
adaptive_res_val: 1.131e+01
mean_grad_res: 11.327057
mean_grad_bcs: 0.072364
It: 8300, Loss: 2.857e+01, Loss_bcs: 9.325e-02, Loss_res: 1.980e+00,Time: 0.01
 np.max([max_grad_bcs , max_grad_res]): 9.509e+01
adaptive_bcs_val: 6.631e+01
adaptive_res_val: 1.131e+01
mean_grad_res: 10.402587
mean_grad_bcs: 0.065745
It: 8400, Loss: 1.970e+01, Loss_bcs: 9.813e-02, Loss_res: 1.166e+00,Time: 0.01
 np.max([max_grad_bcs , max_grad_res]): 7.671e+01
adaptive_bcs_val: 6.631e+01
adaptive_res_val: 1.131e+01
mean_grad_res: 9.674837
mean_grad_bcs: 0.068643
It: 8500, Loss: 1.789e+01, Loss_bcs: 1.005e-01, Loss_res: 9.929e-01,Time: 0.01
 np.max([max_grad_bcs , max_grad_res]): 9.212e+01
adaptive_bcs_val: 6.631e+01
adaptive_res_val: 1.131e+01
mean_grad_res: 8.208967
mean_grad_bcs: 0.092400
It: 8600, Loss: 1.872e+01, Loss_bcs: 8.995e-02, Loss_res: 1.128e+00,Time: 0.02
 np.max([max_grad_bcs , max_grad_res]): 7.457e+01
adaptive_bcs_val: 6.631e+01
adaptive_res_val: 1.131e+01
mean_grad_res: 6.500868
mean_grad_bcs: 0.061558
It: 8700, Loss: 1.693e+01, Loss_bcs: 8.543e-02, Loss_res: 9.964e-01,Time: 0.01
 np.max([max_grad_bcs , max_grad_res]): 5.465e+01
adaptive_bcs_val: 6.631e+01
adaptive_res_val: 1.131e+01
mean_grad_res: 6.252919
mean_grad_bcs: 0.077887
It: 8800, Loss: 2.343e+01, Loss_bcs: 9.090e-02, Loss_res: 1.539e+00,Time: 0.01
 np.max([max_grad_bcs , max_grad_res]): 8.011e+01
adaptive_bcs_val: 6.631e+01
adaptive_res_val: 1.131e+01
mean_grad_res: 9.783085
mean_grad_bcs: 0.072885
It: 8900, Loss: 2.139e+01, Loss_bcs: 1.028e-01, Loss_res: 1.289e+00,Time: 0.01
 np.max([max_grad_bcs , max_grad_res]): 7.159e+01
adaptive_bcs_val: 6.631e+01
adaptive_res_val: 1.131e+01
mean_grad_res: 7.688287
mean_grad_bcs: 0.062678
It: 9000, Loss: 2.451e+01, Loss_bcs: 9.137e-02, Loss_res: 1.631e+00,Time: 0.01
 np.max([max_grad_bcs , max_grad_res]): 6.979e+01
adaptive_bcs_val: 6.631e+01
adaptive_res_val: 1.131e+01
mean_grad_res: 7.509365
mean_grad_bcs: 0.051472
It: 9100, Loss: 2.411e+01, Loss_bcs: 7.802e-02, Loss_res: 1.675e+00,Time: 0.01
 np.max([max_grad_bcs , max_grad_res]): 8.758e+01
adaptive_bcs_val: 6.631e+01
adaptive_res_val: 1.131e+01
mean_grad_res: 7.434334
mean_grad_bcs: 0.060591
It: 9200, Loss: 1.590e+01, Loss_bcs: 8.322e-02, Loss_res: 9.180e-01,Time: 0.01
 np.max([max_grad_bcs , max_grad_res]): 8.187e+01
adaptive_bcs_val: 6.631e+01
adaptive_res_val: 1.131e+01
mean_grad_res: 6.056296
mean_grad_bcs: 0.057554
It: 9300, Loss: 2.641e+01, Loss_bcs: 8.666e-02, Loss_res: 1.827e+00,Time: 0.01
 np.max([max_grad_bcs , max_grad_res]): 1.339e+02
adaptive_bcs_val: 6.631e+01
adaptive_res_val: 1.131e+01
mean_grad_res: 11.674386
mean_grad_bcs: 0.055613
It: 9400, Loss: 2.952e+01, Loss_bcs: 9.253e-02, Loss_res: 2.068e+00,Time: 0.01
 np.max([max_grad_bcs , max_grad_res]): 1.472e+02
adaptive_bcs_val: 6.631e+01
adaptive_res_val: 1.131e+01
mean_grad_res: 14.351507
mean_grad_bcs: 0.051489
It: 9500, Loss: 1.686e+01, Loss_bcs: 8.458e-02, Loss_res: 9.952e-01,Time: 0.01
 np.max([max_grad_bcs , max_grad_res]): 9.360e+01
adaptive_bcs_val: 6.631e+01
adaptive_res_val: 1.131e+01
mean_grad_res: 8.598989
mean_grad_bcs: 0.060846
It: 9600, Loss: 1.713e+01, Loss_bcs: 8.834e-02, Loss_res: 9.966e-01,Time: 0.01
 np.max([max_grad_bcs , max_grad_res]): 3.608e+01
adaptive_bcs_val: 6.631e+01
adaptive_res_val: 1.131e+01
mean_grad_res: 5.852739
mean_grad_bcs: 0.051912
It: 9700, Loss: 1.721e+01, Loss_bcs: 9.070e-02, Loss_res: 9.903e-01,Time: 0.01
 np.max([max_grad_bcs , max_grad_res]): 1.140e+02
adaptive_bcs_val: 6.631e+01
adaptive_res_val: 1.131e+01
mean_grad_res: 6.986580
mean_grad_bcs: 0.065825
It: 9800, Loss: 1.497e+01, Loss_bcs: 7.822e-02, Loss_res: 8.650e-01,Time: 0.01
 np.max([max_grad_bcs , max_grad_res]): 4.864e+01
adaptive_bcs_val: 6.631e+01
adaptive_res_val: 1.131e+01
mean_grad_res: 4.668333
mean_grad_bcs: 0.047247
It: 9900, Loss: 1.409e+01, Loss_bcs: 7.416e-02, Loss_res: 8.116e-01,Time: 0.01
 np.max([max_grad_bcs , max_grad_res]): 2.718e+01
adaptive_bcs_val: 6.631e+01
adaptive_res_val: 1.131e+01
mean_grad_res: 3.745894
mean_grad_bcs: 0.053652
It: 10000, Loss: 2.783e+01, Loss_bcs: 7.917e-02, Loss_res: 1.997e+00,Time: 0.01
 np.max([max_grad_bcs , max_grad_res]): 1.290e+02
adaptive_bcs_val: 6.631e+01
adaptive_res_val: 1.131e+01
mean_grad_res: 10.085093
mean_grad_bcs: 0.055127
It: 10100, Loss: 1.536e+01, Loss_bcs: 8.437e-02, Loss_res: 8.637e-01,Time: 0.01
 np.max([max_grad_bcs , max_grad_res]): 4.173e+01
adaptive_bcs_val: 6.631e+01
adaptive_res_val: 1.131e+01
mean_grad_res: 4.364805
mean_grad_bcs: 0.047510
It: 10200, Loss: 1.411e+01, Loss_bcs: 8.018e-02, Loss_res: 7.775e-01,Time: 0.01
 np.max([max_grad_bcs , max_grad_res]): 9.035e+01
adaptive_bcs_val: 6.631e+01
adaptive_res_val: 1.131e+01
mean_grad_res: 8.293707
mean_grad_bcs: 0.046361
It: 10300, Loss: 2.013e+01, Loss_bcs: 7.227e-02, Loss_res: 1.356e+00,Time: 0.01
 np.max([max_grad_bcs , max_grad_res]): 1.220e+02
adaptive_bcs_val: 6.631e+01
adaptive_res_val: 1.131e+01
mean_grad_res: 10.957663
mean_grad_bcs: 0.048601
It: 10400, Loss: 2.029e+01, Loss_bcs: 7.708e-02, Loss_res: 1.342e+00,Time: 0.01
 np.max([max_grad_bcs , max_grad_res]): 8.123e+01
adaptive_bcs_val: 6.631e+01
adaptive_res_val: 1.131e+01
mean_grad_res: 9.242445
mean_grad_bcs: 0.056186
It: 10500, Loss: 1.483e+01, Loss_bcs: 6.942e-02, Loss_res: 9.042e-01,Time: 0.01
 np.max([max_grad_bcs , max_grad_res]): 3.503e+01
adaptive_bcs_val: 6.631e+01
adaptive_res_val: 1.131e+01
mean_grad_res: 4.608291
mean_grad_bcs: 0.051316
It: 10600, Loss: 2.151e+01, Loss_bcs: 7.658e-02, Loss_res: 1.453e+00,Time: 0.01
 np.max([max_grad_bcs , max_grad_res]): 1.963e+01
adaptive_bcs_val: 6.631e+01
adaptive_res_val: 1.131e+01
mean_grad_res: 2.859817
mean_grad_bcs: 0.054239
It: 10700, Loss: 2.103e+01, Loss_bcs: 6.893e-02, Loss_res: 1.456e+00,Time: 0.01
 np.max([max_grad_bcs , max_grad_res]): 1.232e+02
adaptive_bcs_val: 6.631e+01
adaptive_res_val: 1.131e+01
mean_grad_res: 12.259254
mean_grad_bcs: 0.063372
It: 10800, Loss: 1.587e+01, Loss_bcs: 7.361e-02, Loss_res: 9.719e-01,Time: 0.01
 np.max([max_grad_bcs , max_grad_res]): 4.098e+01
adaptive_bcs_val: 6.631e+01
adaptive_res_val: 1.131e+01
mean_grad_res: 4.066649
mean_grad_bcs: 0.056512
It: 10900, Loss: 1.474e+01, Loss_bcs: 6.970e-02, Loss_res: 8.950e-01,Time: 0.01
 np.max([max_grad_bcs , max_grad_res]): 6.944e+01
adaptive_bcs_val: 6.631e+01
adaptive_res_val: 1.131e+01
mean_grad_res: 6.149017
mean_grad_bcs: 0.047713
It: 11000, Loss: 1.879e+01, Loss_bcs: 7.695e-02, Loss_res: 1.210e+00,Time: 0.01
 np.max([max_grad_bcs , max_grad_res]): 4.927e+01
adaptive_bcs_val: 6.631e+01
adaptive_res_val: 1.131e+01
mean_grad_res: 6.344965
mean_grad_bcs: 0.051599
It: 11100, Loss: 1.964e+01, Loss_bcs: 7.892e-02, Loss_res: 1.274e+00,Time: 0.01
 np.max([max_grad_bcs , max_grad_res]): 9.862e+01
adaptive_bcs_val: 6.631e+01
adaptive_res_val: 1.131e+01
mean_grad_res: 8.365227
mean_grad_bcs: 0.053916
It: 11200, Loss: 1.167e+01, Loss_bcs: 7.834e-02, Loss_res: 5.729e-01,Time: 0.01
 np.max([max_grad_bcs , max_grad_res]): 4.546e+01
adaptive_bcs_val: 6.631e+01
adaptive_res_val: 1.131e+01
mean_grad_res: 4.961719
mean_grad_bcs: 0.050009
It: 11300, Loss: 2.910e+01, Loss_bcs: 7.763e-02, Loss_res: 2.118e+00,Time: 0.01
 np.max([max_grad_bcs , max_grad_res]): 2.234e+02
adaptive_bcs_val: 6.631e+01
adaptive_res_val: 1.131e+01
mean_grad_res: 16.531002
mean_grad_bcs: 0.065303
It: 11400, Loss: 1.089e+01, Loss_bcs: 6.622e-02, Loss_res: 5.749e-01,Time: 0.01
 np.max([max_grad_bcs , max_grad_res]): 4.535e+01
adaptive_bcs_val: 6.631e+01
adaptive_res_val: 1.131e+01
mean_grad_res: 4.142415
mean_grad_bcs: 0.050789
It: 11500, Loss: 2.234e+01, Loss_bcs: 7.836e-02, Loss_res: 1.516e+00,Time: 0.01
 np.max([max_grad_bcs , max_grad_res]): 1.462e+02
adaptive_bcs_val: 6.631e+01
adaptive_res_val: 1.131e+01
mean_grad_res: 11.902334
mean_grad_bcs: 0.048438
It: 11600, Loss: 1.509e+01, Loss_bcs: 6.036e-02, Loss_res: 9.801e-01,Time: 0.01
 np.max([max_grad_bcs , max_grad_res]): 4.490e+01
adaptive_bcs_val: 6.631e+01
adaptive_res_val: 1.131e+01
mean_grad_res: 5.862635
mean_grad_bcs: 0.063373
It: 11700, Loss: 1.965e+01, Loss_bcs: 6.596e-02, Loss_res: 1.351e+00,Time: 0.01
 np.max([max_grad_bcs , max_grad_res]): 6.652e+01
adaptive_bcs_val: 6.631e+01
adaptive_res_val: 1.131e+01
mean_grad_res: 4.863538
mean_grad_bcs: 0.060542
It: 11800, Loss: 1.683e+01, Loss_bcs: 6.926e-02, Loss_res: 1.082e+00,Time: 0.02
 np.max([max_grad_bcs , max_grad_res]): 1.173e+02
adaptive_bcs_val: 6.631e+01
adaptive_res_val: 1.131e+01
mean_grad_res: 9.891166
mean_grad_bcs: 0.050814
It: 11900, Loss: 2.496e+01, Loss_bcs: 5.797e-02, Loss_res: 1.867e+00,Time: 0.01
 np.max([max_grad_bcs , max_grad_res]): 6.662e+01
adaptive_bcs_val: 6.631e+01
adaptive_res_val: 1.131e+01
mean_grad_res: 8.883836
mean_grad_bcs: 0.056684
It: 12000, Loss: 1.506e+01, Loss_bcs: 7.833e-02, Loss_res: 8.724e-01,Time: 0.01
 np.max([max_grad_bcs , max_grad_res]): 7.029e+01
adaptive_bcs_val: 6.631e+01
adaptive_res_val: 1.131e+01
mean_grad_res: 7.459910
mean_grad_bcs: 0.077727
It: 12100, Loss: 1.988e+01, Loss_bcs: 6.706e-02, Loss_res: 1.365e+00,Time: 0.01
 np.max([max_grad_bcs , max_grad_res]): 1.269e+02
adaptive_bcs_val: 6.631e+01
adaptive_res_val: 1.131e+01
mean_grad_res: 11.471144
mean_grad_bcs: 0.043371
It: 12200, Loss: 1.379e+01, Loss_bcs: 5.573e-02, Loss_res: 8.925e-01,Time: 0.01
 np.max([max_grad_bcs , max_grad_res]): 2.850e+01
adaptive_bcs_val: 6.631e+01
adaptive_res_val: 1.131e+01
mean_grad_res: 4.175816
mean_grad_bcs: 0.043244
It: 12300, Loss: 1.400e+01, Loss_bcs: 7.002e-02, Loss_res: 8.279e-01,Time: 0.01
 np.max([max_grad_bcs , max_grad_res]): 6.630e+01
adaptive_bcs_val: 6.631e+01
adaptive_res_val: 1.131e+01
mean_grad_res: 5.055689
mean_grad_bcs: 0.065066
It: 12400, Loss: 1.527e+01, Loss_bcs: 6.419e-02, Loss_res: 9.740e-01,Time: 0.01
 np.max([max_grad_bcs , max_grad_res]): 7.900e+01
adaptive_bcs_val: 6.631e+01
adaptive_res_val: 1.131e+01
mean_grad_res: 8.271179
mean_grad_bcs: 0.063206
It: 12500, Loss: 9.789e+00, Loss_bcs: 6.523e-02, Loss_res: 4.832e-01,Time: 0.01
 np.max([max_grad_bcs , max_grad_res]): 3.309e+01
adaptive_bcs_val: 6.631e+01
adaptive_res_val: 1.131e+01
mean_grad_res: 3.809096
mean_grad_bcs: 0.057601
It: 12600, Loss: 1.567e+01, Loss_bcs: 6.296e-02, Loss_res: 1.017e+00,Time: 0.01
 np.max([max_grad_bcs , max_grad_res]): 3.631e+01
adaptive_bcs_val: 6.631e+01
adaptive_res_val: 1.131e+01
mean_grad_res: 4.012448
mean_grad_bcs: 0.045035
It: 12700, Loss: 1.213e+01, Loss_bcs: 5.776e-02, Loss_res: 7.338e-01,Time: 0.01
 np.max([max_grad_bcs , max_grad_res]): 4.050e+01
adaptive_bcs_val: 6.631e+01
adaptive_res_val: 1.131e+01
mean_grad_res: 4.917882
mean_grad_bcs: 0.043356
It: 12800, Loss: 1.192e+01, Loss_bcs: 7.005e-02, Loss_res: 6.433e-01,Time: 0.01
 np.max([max_grad_bcs , max_grad_res]): 3.817e+01
adaptive_bcs_val: 6.631e+01
adaptive_res_val: 1.131e+01
mean_grad_res: 4.833971
mean_grad_bcs: 0.066167
It: 12900, Loss: 1.458e+01, Loss_bcs: 7.089e-02, Loss_res: 8.737e-01,Time: 0.01
 np.max([max_grad_bcs , max_grad_res]): 6.478e+01
adaptive_bcs_val: 6.631e+01
adaptive_res_val: 1.131e+01
mean_grad_res: 7.675224
mean_grad_bcs: 0.047581
It: 13000, Loss: 8.934e+00, Loss_bcs: 5.756e-02, Loss_res: 4.526e-01,Time: 0.01
 np.max([max_grad_bcs , max_grad_res]): 4.021e+01
adaptive_bcs_val: 6.631e+01
adaptive_res_val: 1.131e+01
mean_grad_res: 3.669512
mean_grad_bcs: 0.039331
It: 13100, Loss: 1.143e+01, Loss_bcs: 6.279e-02, Loss_res: 6.425e-01,Time: 0.01
 np.max([max_grad_bcs , max_grad_res]): 8.172e+01
adaptive_bcs_val: 6.631e+01
adaptive_res_val: 1.131e+01
mean_grad_res: 8.344618
mean_grad_bcs: 0.046808
It: 13200, Loss: 1.010e+01, Loss_bcs: 5.588e-02, Loss_res: 5.652e-01,Time: 0.01
 np.max([max_grad_bcs , max_grad_res]): 4.453e+01
adaptive_bcs_val: 6.631e+01
adaptive_res_val: 1.131e+01
mean_grad_res: 5.885026
mean_grad_bcs: 0.052720
It: 13300, Loss: 1.511e+01, Loss_bcs: 6.306e-02, Loss_res: 9.666e-01,Time: 0.01
 np.max([max_grad_bcs , max_grad_res]): 5.581e+01
adaptive_bcs_val: 6.631e+01
adaptive_res_val: 1.131e+01
mean_grad_res: 6.414822
mean_grad_bcs: 0.049632
It: 13400, Loss: 1.219e+01, Loss_bcs: 6.314e-02, Loss_res: 7.079e-01,Time: 0.01
 np.max([max_grad_bcs , max_grad_res]): 9.892e+01
adaptive_bcs_val: 6.631e+01
adaptive_res_val: 1.131e+01
mean_grad_res: 7.849379
mean_grad_bcs: 0.049695
It: 13500, Loss: 1.503e+01, Loss_bcs: 4.968e-02, Loss_res: 1.038e+00,Time: 0.01
 np.max([max_grad_bcs , max_grad_res]): 6.355e+01
adaptive_bcs_val: 6.631e+01
adaptive_res_val: 1.131e+01
mean_grad_res: 4.733248
mean_grad_bcs: 0.055260
It: 13600, Loss: 1.601e+01, Loss_bcs: 5.904e-02, Loss_res: 1.070e+00,Time: 0.01
 np.max([max_grad_bcs , max_grad_res]): 4.934e+01
adaptive_bcs_val: 6.631e+01
adaptive_res_val: 1.131e+01
mean_grad_res: 5.343700
mean_grad_bcs: 0.042266
It: 13700, Loss: 1.895e+01, Loss_bcs: 6.459e-02, Loss_res: 1.298e+00,Time: 0.01
 np.max([max_grad_bcs , max_grad_res]): 7.836e+01
adaptive_bcs_val: 6.631e+01
adaptive_res_val: 1.131e+01
mean_grad_res: 7.069170
mean_grad_bcs: 0.068286
It: 13800, Loss: 9.609e+00, Loss_bcs: 5.675e-02, Loss_res: 5.170e-01,Time: 0.01
 np.max([max_grad_bcs , max_grad_res]): 2.196e+01
adaptive_bcs_val: 6.631e+01
adaptive_res_val: 1.131e+01
mean_grad_res: 2.525941
mean_grad_bcs: 0.041168
It: 13900, Loss: 9.478e+00, Loss_bcs: 5.742e-02, Loss_res: 5.014e-01,Time: 0.01
 np.max([max_grad_bcs , max_grad_res]): 3.417e+01
adaptive_bcs_val: 6.631e+01
adaptive_res_val: 1.131e+01
mean_grad_res: 3.892718
mean_grad_bcs: 0.042956
It: 14000, Loss: 1.163e+01, Loss_bcs: 5.764e-02, Loss_res: 6.909e-01,Time: 0.01
 np.max([max_grad_bcs , max_grad_res]): 3.390e+01
adaptive_bcs_val: 6.631e+01
adaptive_res_val: 1.131e+01
mean_grad_res: 3.657429
mean_grad_bcs: 0.044894
It: 14100, Loss: 1.009e+01, Loss_bcs: 5.733e-02, Loss_res: 5.561e-01,Time: 0.01
 np.max([max_grad_bcs , max_grad_res]): 5.634e+01
adaptive_bcs_val: 6.631e+01
adaptive_res_val: 1.131e+01
mean_grad_res: 5.513003
mean_grad_bcs: 0.042698
It: 14200, Loss: 1.156e+01, Loss_bcs: 5.737e-02, Loss_res: 6.858e-01,Time: 0.01
 np.max([max_grad_bcs , max_grad_res]): 4.428e+01
adaptive_bcs_val: 6.631e+01
adaptive_res_val: 1.131e+01
mean_grad_res: 5.942884
mean_grad_bcs: 0.043003
It: 14300, Loss: 1.179e+01, Loss_bcs: 4.720e-02, Loss_res: 7.657e-01,Time: 0.01
 np.max([max_grad_bcs , max_grad_res]): 6.518e+01
adaptive_bcs_val: 6.631e+01
adaptive_res_val: 1.131e+01
mean_grad_res: 7.618562
mean_grad_bcs: 0.064949
It: 14400, Loss: 1.776e+01, Loss_bcs: 5.087e-02, Loss_res: 1.272e+00,Time: 0.01
 np.max([max_grad_bcs , max_grad_res]): 1.651e+02
adaptive_bcs_val: 6.631e+01
adaptive_res_val: 1.131e+01
mean_grad_res: 11.738358
mean_grad_bcs: 0.039938
It: 14500, Loss: 1.170e+01, Loss_bcs: 5.830e-02, Loss_res: 6.926e-01,Time: 0.02
 np.max([max_grad_bcs , max_grad_res]): 9.220e+01
adaptive_bcs_val: 6.631e+01
adaptive_res_val: 1.131e+01
mean_grad_res: 9.185184
mean_grad_bcs: 0.048897
It: 14600, Loss: 1.322e+01, Loss_bcs: 5.696e-02, Loss_res: 8.352e-01,Time: 0.01
 np.max([max_grad_bcs , max_grad_res]): 8.294e+01
adaptive_bcs_val: 6.631e+01
adaptive_res_val: 1.131e+01
mean_grad_res: 7.542177
mean_grad_bcs: 0.039697
It: 14700, Loss: 1.345e+01, Loss_bcs: 4.888e-02, Loss_res: 9.029e-01,Time: 0.00
 np.max([max_grad_bcs , max_grad_res]): 4.929e+01
adaptive_bcs_val: 6.631e+01
adaptive_res_val: 1.131e+01
mean_grad_res: 5.266448
mean_grad_bcs: 0.045849
It: 14800, Loss: 1.336e+01, Loss_bcs: 5.691e-02, Loss_res: 8.480e-01,Time: 0.01
 np.max([max_grad_bcs , max_grad_res]): 5.384e+01
adaptive_bcs_val: 6.631e+01
adaptive_res_val: 1.131e+01
mean_grad_res: 5.085133
mean_grad_bcs: 0.046330
It: 14900, Loss: 1.402e+01, Loss_bcs: 5.412e-02, Loss_res: 9.222e-01,Time: 0.01
 np.max([max_grad_bcs , max_grad_res]): 1.071e+02
adaptive_bcs_val: 6.631e+01
adaptive_res_val: 1.131e+01
mean_grad_res: 7.688342
mean_grad_bcs: 0.039379
It: 15000, Loss: 1.285e+01, Loss_bcs: 5.564e-02, Loss_res: 8.103e-01,Time: 0.01
 np.max([max_grad_bcs , max_grad_res]): 8.345e+01
adaptive_bcs_val: 6.631e+01
adaptive_res_val: 1.131e+01
mean_grad_res: 9.348419
mean_grad_bcs: 0.044498
It: 15100, Loss: 1.105e+01, Loss_bcs: 5.612e-02, Loss_res: 6.484e-01,Time: 0.01
 np.max([max_grad_bcs , max_grad_res]): 5.760e+01
adaptive_bcs_val: 6.631e+01
adaptive_res_val: 1.131e+01
mean_grad_res: 5.125129
mean_grad_bcs: 0.041403
It: 15200, Loss: 1.153e+01, Loss_bcs: 5.232e-02, Loss_res: 7.127e-01,Time: 0.01
 np.max([max_grad_bcs , max_grad_res]): 3.586e+01
adaptive_bcs_val: 6.631e+01
adaptive_res_val: 1.131e+01
mean_grad_res: 4.085879
mean_grad_bcs: 0.049285
It: 15300, Loss: 1.473e+01, Loss_bcs: 5.462e-02, Loss_res: 9.824e-01,Time: 0.01
 np.max([max_grad_bcs , max_grad_res]): 9.475e+01
adaptive_bcs_val: 6.631e+01
adaptive_res_val: 1.131e+01
mean_grad_res: 8.184671
mean_grad_bcs: 0.037355
It: 15400, Loss: 1.528e+01, Loss_bcs: 5.848e-02, Loss_res: 1.009e+00,Time: 0.01
 np.max([max_grad_bcs , max_grad_res]): 4.589e+01
adaptive_bcs_val: 6.631e+01
adaptive_res_val: 1.131e+01
mean_grad_res: 3.766565
mean_grad_bcs: 0.045604
It: 15500, Loss: 1.150e+01, Loss_bcs: 4.572e-02, Loss_res: 7.492e-01,Time: 0.01
 np.max([max_grad_bcs , max_grad_res]): 1.027e+02
adaptive_bcs_val: 6.631e+01
adaptive_res_val: 1.131e+01
mean_grad_res: 8.950817
mean_grad_bcs: 0.049561
It: 15600, Loss: 1.012e+01, Loss_bcs: 5.164e-02, Loss_res: 5.920e-01,Time: 0.01
 np.max([max_grad_bcs , max_grad_res]): 4.138e+01
adaptive_bcs_val: 6.631e+01
adaptive_res_val: 1.131e+01
mean_grad_res: 4.335558
mean_grad_bcs: 0.042229
It: 15700, Loss: 1.638e+01, Loss_bcs: 4.704e-02, Loss_res: 1.173e+00,Time: 0.01
 np.max([max_grad_bcs , max_grad_res]): 1.089e+02
adaptive_bcs_val: 6.631e+01
adaptive_res_val: 1.131e+01
mean_grad_res: 10.850806
mean_grad_bcs: 0.044249
It: 15800, Loss: 1.175e+01, Loss_bcs: 4.866e-02, Loss_res: 7.537e-01,Time: 0.01
 np.max([max_grad_bcs , max_grad_res]): 2.588e+01
adaptive_bcs_val: 6.631e+01
adaptive_res_val: 1.131e+01
mean_grad_res: 3.473021
mean_grad_bcs: 0.044414
It: 15900, Loss: 8.371e+00, Loss_bcs: 4.322e-02, Loss_res: 4.869e-01,Time: 0.01
 np.max([max_grad_bcs , max_grad_res]): 4.932e+01
adaptive_bcs_val: 6.631e+01
adaptive_res_val: 1.131e+01
mean_grad_res: 5.255304
mean_grad_bcs: 0.036238
It: 16000, Loss: 1.258e+01, Loss_bcs: 4.682e-02, Loss_res: 8.376e-01,Time: 0.01
 np.max([max_grad_bcs , max_grad_res]): 7.567e+01
adaptive_bcs_val: 6.631e+01
adaptive_res_val: 1.131e+01
mean_grad_res: 7.913376
mean_grad_bcs: 0.040816
It: 16100, Loss: 1.120e+01, Loss_bcs: 4.687e-02, Loss_res: 7.152e-01,Time: 0.01
 np.max([max_grad_bcs , max_grad_res]): 8.876e+01
adaptive_bcs_val: 6.631e+01
adaptive_res_val: 1.131e+01
mean_grad_res: 10.031689
mean_grad_bcs: 0.039114
It: 16200, Loss: 8.942e+00, Loss_bcs: 4.665e-02, Loss_res: 5.172e-01,Time: 0.01
 np.max([max_grad_bcs , max_grad_res]): 2.269e+01
adaptive_bcs_val: 6.631e+01
adaptive_res_val: 1.131e+01
mean_grad_res: 2.312627
mean_grad_bcs: 0.038860
It: 16300, Loss: 1.299e+01, Loss_bcs: 4.986e-02, Loss_res: 8.561e-01,Time: 0.01
 np.max([max_grad_bcs , max_grad_res]): 1.163e+02
adaptive_bcs_val: 6.631e+01
adaptive_res_val: 1.131e+01
mean_grad_res: 7.545348
mean_grad_bcs: 0.051045
It: 16400, Loss: 1.436e+01, Loss_bcs: 5.045e-02, Loss_res: 9.743e-01,Time: 0.01
 np.max([max_grad_bcs , max_grad_res]): 5.345e+01
adaptive_bcs_val: 6.631e+01
adaptive_res_val: 1.131e+01
mean_grad_res: 5.269066
mean_grad_bcs: 0.041669
It: 16500, Loss: 8.462e+00, Loss_bcs: 5.266e-02, Loss_res: 4.396e-01,Time: 0.01
 np.max([max_grad_bcs , max_grad_res]): 4.586e+01
adaptive_bcs_val: 6.631e+01
adaptive_res_val: 1.131e+01
mean_grad_res: 4.463818
mean_grad_bcs: 0.037193
It: 16600, Loss: 9.750e+00, Loss_bcs: 5.142e-02, Loss_res: 5.607e-01,Time: 0.01
 np.max([max_grad_bcs , max_grad_res]): 3.410e+01
adaptive_bcs_val: 6.631e+01
adaptive_res_val: 1.131e+01
mean_grad_res: 4.136504
mean_grad_bcs: 0.041579
It: 16700, Loss: 8.614e+00, Loss_bcs: 4.767e-02, Loss_res: 4.822e-01,Time: 0.01
 np.max([max_grad_bcs , max_grad_res]): 1.661e+01
adaptive_bcs_val: 6.631e+01
adaptive_res_val: 1.131e+01
mean_grad_res: 1.918146
mean_grad_bcs: 0.037419
It: 16800, Loss: 1.469e+01, Loss_bcs: 5.082e-02, Loss_res: 1.001e+00,Time: 0.01
 np.max([max_grad_bcs , max_grad_res]): 1.034e+02
adaptive_bcs_val: 6.631e+01
adaptive_res_val: 1.131e+01
mean_grad_res: 8.001110
mean_grad_bcs: 0.044995
It: 16900, Loss: 7.692e+00, Loss_bcs: 4.752e-02, Loss_res: 4.016e-01,Time: 0.01
 np.max([max_grad_bcs , max_grad_res]): 4.210e+01
adaptive_bcs_val: 6.631e+01
adaptive_res_val: 1.131e+01
mean_grad_res: 4.003146
mean_grad_bcs: 0.042669
It: 17000, Loss: 8.993e+00, Loss_bcs: 5.517e-02, Loss_res: 4.717e-01,Time: 0.01
 np.max([max_grad_bcs , max_grad_res]): 5.042e+01
adaptive_bcs_val: 6.631e+01
adaptive_res_val: 1.131e+01
mean_grad_res: 4.368951
mean_grad_bcs: 0.036325
It: 17100, Loss: 9.368e+00, Loss_bcs: 4.205e-02, Loss_res: 5.819e-01,Time: 0.01
 np.max([max_grad_bcs , max_grad_res]): 3.830e+01
adaptive_bcs_val: 6.631e+01
adaptive_res_val: 1.131e+01
mean_grad_res: 4.732389
mean_grad_bcs: 0.044858
It: 17200, Loss: 1.073e+01, Loss_bcs: 4.238e-02, Loss_res: 7.003e-01,Time: 0.01
 np.max([max_grad_bcs , max_grad_res]): 5.977e+01
adaptive_bcs_val: 6.631e+01
adaptive_res_val: 1.131e+01
mean_grad_res: 6.579690
mean_grad_bcs: 0.034997
It: 17300, Loss: 9.277e+00, Loss_bcs: 4.819e-02, Loss_res: 5.379e-01,Time: 0.01
 np.max([max_grad_bcs , max_grad_res]): 3.844e+01
adaptive_bcs_val: 6.631e+01
adaptive_res_val: 1.131e+01
mean_grad_res: 4.726908
mean_grad_bcs: 0.046395
It: 17400, Loss: 1.116e+01, Loss_bcs: 5.290e-02, Loss_res: 6.766e-01,Time: 0.01
 np.max([max_grad_bcs , max_grad_res]): 4.526e+01
adaptive_bcs_val: 6.631e+01
adaptive_res_val: 1.131e+01
mean_grad_res: 5.178314
mean_grad_bcs: 0.044805
It: 17500, Loss: 1.469e+01, Loss_bcs: 4.068e-02, Loss_res: 1.060e+00,Time: 0.01
 np.max([max_grad_bcs , max_grad_res]): 8.963e+01
adaptive_bcs_val: 6.631e+01
adaptive_res_val: 1.131e+01
mean_grad_res: 6.454196
mean_grad_bcs: 0.046324
It: 17600, Loss: 1.756e+01, Loss_bcs: 4.398e-02, Loss_res: 1.295e+00,Time: 0.01
 np.max([max_grad_bcs , max_grad_res]): 9.131e+01
adaptive_bcs_val: 6.631e+01
adaptive_res_val: 1.131e+01
mean_grad_res: 7.464026
mean_grad_bcs: 0.045934
It: 17700, Loss: 8.879e+00, Loss_bcs: 4.490e-02, Loss_res: 5.220e-01,Time: 0.01
 np.max([max_grad_bcs , max_grad_res]): 2.625e+01
adaptive_bcs_val: 6.631e+01
adaptive_res_val: 1.131e+01
mean_grad_res: 3.239768
mean_grad_bcs: 0.045806
It: 17800, Loss: 1.011e+01, Loss_bcs: 4.620e-02, Loss_res: 6.234e-01,Time: 0.01
 np.max([max_grad_bcs , max_grad_res]): 4.202e+01
adaptive_bcs_val: 6.631e+01
adaptive_res_val: 1.131e+01
mean_grad_res: 3.216501
mean_grad_bcs: 0.057102
It: 17900, Loss: 6.960e+00, Loss_bcs: 4.314e-02, Loss_res: 3.625e-01,Time: 0.01
 np.max([max_grad_bcs , max_grad_res]): 2.091e+01
adaptive_bcs_val: 6.631e+01
adaptive_res_val: 1.131e+01
mean_grad_res: 3.184696
mean_grad_bcs: 0.037027
It: 18000, Loss: 1.073e+01, Loss_bcs: 3.831e-02, Loss_res: 7.244e-01,Time: 0.01
 np.max([max_grad_bcs , max_grad_res]): 3.950e+01
adaptive_bcs_val: 6.631e+01
adaptive_res_val: 1.131e+01
mean_grad_res: 3.170232
mean_grad_bcs: 0.037721
It: 18100, Loss: 9.244e+00, Loss_bcs: 4.284e-02, Loss_res: 5.663e-01,Time: 0.01
 np.max([max_grad_bcs , max_grad_res]): 3.857e+01
adaptive_bcs_val: 6.631e+01
adaptive_res_val: 1.131e+01
mean_grad_res: 4.228363
mean_grad_bcs: 0.053536
It: 18200, Loss: 8.502e+00, Loss_bcs: 4.375e-02, Loss_res: 4.953e-01,Time: 0.01
 np.max([max_grad_bcs , max_grad_res]): 3.092e+01
adaptive_bcs_val: 6.631e+01
adaptive_res_val: 1.131e+01
mean_grad_res: 3.382902
mean_grad_bcs: 0.034532
It: 18300, Loss: 9.403e+00, Loss_bcs: 4.333e-02, Loss_res: 5.775e-01,Time: 0.01
 np.max([max_grad_bcs , max_grad_res]): 7.043e+01
adaptive_bcs_val: 6.631e+01
adaptive_res_val: 1.131e+01
mean_grad_res: 6.541423
mean_grad_bcs: 0.040039
It: 18400, Loss: 5.935e+00, Loss_bcs: 4.091e-02, Loss_res: 2.850e-01,Time: 0.01
 np.max([max_grad_bcs , max_grad_res]): 2.968e+01
adaptive_bcs_val: 6.631e+01
adaptive_res_val: 1.131e+01
mean_grad_res: 3.413256
mean_grad_bcs: 0.041230
It: 18500, Loss: 1.527e+01, Loss_bcs: 5.029e-02, Loss_res: 1.056e+00,Time: 0.01
 np.max([max_grad_bcs , max_grad_res]): 7.788e+01
adaptive_bcs_val: 6.631e+01
adaptive_res_val: 1.131e+01
mean_grad_res: 6.785566
mean_grad_bcs: 0.042244
It: 18600, Loss: 7.060e+00, Loss_bcs: 4.685e-02, Loss_res: 3.496e-01,Time: 0.01
 np.max([max_grad_bcs , max_grad_res]): 6.000e+01
adaptive_bcs_val: 6.631e+01
adaptive_res_val: 1.131e+01
mean_grad_res: 4.343390
mean_grad_bcs: 0.040083
It: 18700, Loss: 9.694e+00, Loss_bcs: 4.285e-02, Loss_res: 6.060e-01,Time: 0.01
 np.max([max_grad_bcs , max_grad_res]): 3.940e+01
adaptive_bcs_val: 6.631e+01
adaptive_res_val: 1.131e+01
mean_grad_res: 3.763730
mean_grad_bcs: 0.037823
It: 18800, Loss: 8.363e+00, Loss_bcs: 3.560e-02, Loss_res: 5.309e-01,Time: 0.01
 np.max([max_grad_bcs , max_grad_res]): 3.324e+01
adaptive_bcs_val: 6.631e+01
adaptive_res_val: 1.131e+01
mean_grad_res: 3.558806
mean_grad_bcs: 0.035274
It: 18900, Loss: 1.063e+01, Loss_bcs: 3.977e-02, Loss_res: 7.070e-01,Time: 0.01
 np.max([max_grad_bcs , max_grad_res]): 6.137e+01
adaptive_bcs_val: 6.631e+01
adaptive_res_val: 1.131e+01
mean_grad_res: 6.795683
mean_grad_bcs: 0.040805
It: 19000, Loss: 8.126e+00, Loss_bcs: 4.132e-02, Loss_res: 4.763e-01,Time: 0.01
 np.max([max_grad_bcs , max_grad_res]): 4.543e+01
adaptive_bcs_val: 6.631e+01
adaptive_res_val: 1.131e+01
mean_grad_res: 4.636292
mean_grad_bcs: 0.040989
It: 19100, Loss: 1.022e+01, Loss_bcs: 4.531e-02, Loss_res: 6.381e-01,Time: 0.01
 np.max([max_grad_bcs , max_grad_res]): 5.089e+01
adaptive_bcs_val: 6.631e+01
adaptive_res_val: 1.131e+01
mean_grad_res: 3.957960
mean_grad_bcs: 0.036538
It: 19200, Loss: 8.295e+00, Loss_bcs: 4.310e-02, Loss_res: 4.808e-01,Time: 0.01
 np.max([max_grad_bcs , max_grad_res]): 5.707e+01
adaptive_bcs_val: 6.631e+01
adaptive_res_val: 1.131e+01
mean_grad_res: 4.908690
mean_grad_bcs: 0.037840
It: 19300, Loss: 7.006e+00, Loss_bcs: 4.353e-02, Loss_res: 3.644e-01,Time: 0.01
 np.max([max_grad_bcs , max_grad_res]): 6.409e+01
adaptive_bcs_val: 6.631e+01
adaptive_res_val: 1.131e+01
mean_grad_res: 5.566949
mean_grad_bcs: 0.035896
It: 19400, Loss: 8.774e+00, Loss_bcs: 3.649e-02, Loss_res: 5.619e-01,Time: 0.01
 np.max([max_grad_bcs , max_grad_res]): 4.640e+01
adaptive_bcs_val: 6.631e+01
adaptive_res_val: 1.131e+01
mean_grad_res: 5.009069
mean_grad_bcs: 0.036467
It: 19500, Loss: 8.240e+00, Loss_bcs: 4.693e-02, Loss_res: 4.535e-01,Time: 0.01
 np.max([max_grad_bcs , max_grad_res]): 4.995e+01
adaptive_bcs_val: 6.631e+01
adaptive_res_val: 1.131e+01
mean_grad_res: 4.736392
mean_grad_bcs: 0.045147
It: 19600, Loss: 7.310e+00, Loss_bcs: 4.411e-02, Loss_res: 3.878e-01,Time: 0.01
 np.max([max_grad_bcs , max_grad_res]): 5.047e+01
adaptive_bcs_val: 6.631e+01
adaptive_res_val: 1.131e+01
mean_grad_res: 5.339050
mean_grad_bcs: 0.042956
It: 19700, Loss: 7.783e+00, Loss_bcs: 5.049e-02, Loss_res: 3.922e-01,Time: 0.01
 np.max([max_grad_bcs , max_grad_res]): 1.472e+01
adaptive_bcs_val: 6.631e+01
adaptive_res_val: 1.131e+01
mean_grad_res: 1.924774
mean_grad_bcs: 0.045127
It: 19800, Loss: 8.702e+00, Loss_bcs: 3.957e-02, Loss_res: 5.376e-01,Time: 0.01
 np.max([max_grad_bcs , max_grad_res]): 2.118e+01
adaptive_bcs_val: 6.631e+01
adaptive_res_val: 1.131e+01
mean_grad_res: 2.567981
mean_grad_bcs: 0.035189
It: 19900, Loss: 9.316e+00, Loss_bcs: 3.908e-02, Loss_res: 5.947e-01,Time: 0.01
 np.max([max_grad_bcs , max_grad_res]): 2.139e+01
adaptive_bcs_val: 6.631e+01
adaptive_res_val: 1.131e+01
mean_grad_res: 2.901564
mean_grad_bcs: 0.028034
It: 20000, Loss: 7.184e+00, Loss_bcs: 3.926e-02, Loss_res: 4.051e-01,Time: 0.01
 np.max([max_grad_bcs , max_grad_res]): 4.707e+01
adaptive_bcs_val: 6.631e+01
adaptive_res_val: 1.131e+01
mean_grad_res: 4.623257
mean_grad_bcs: 0.040805
It: 20100, Loss: 7.838e+00, Loss_bcs: 4.271e-02, Loss_res: 4.427e-01,Time: 0.01
 np.max([max_grad_bcs , max_grad_res]): 2.469e+01
adaptive_bcs_val: 6.631e+01
adaptive_res_val: 1.131e+01
mean_grad_res: 3.082935
mean_grad_bcs: 0.037317
It: 20200, Loss: 1.128e+01, Loss_bcs: 4.288e-02, Loss_res: 7.461e-01,Time: 0.01
 np.max([max_grad_bcs , max_grad_res]): 6.933e+01
adaptive_bcs_val: 6.631e+01
adaptive_res_val: 1.131e+01
mean_grad_res: 7.809205
mean_grad_bcs: 0.037189
It: 20300, Loss: 8.718e+00, Loss_bcs: 3.868e-02, Loss_res: 5.441e-01,Time: 0.01
 np.max([max_grad_bcs , max_grad_res]): 6.331e+01
adaptive_bcs_val: 6.631e+01
adaptive_res_val: 1.131e+01
mean_grad_res: 5.012866
mean_grad_bcs: 0.034200
It: 20400, Loss: 1.169e+01, Loss_bcs: 3.624e-02, Loss_res: 8.216e-01,Time: 0.01
 np.max([max_grad_bcs , max_grad_res]): 3.602e+01
adaptive_bcs_val: 6.631e+01
adaptive_res_val: 1.131e+01
mean_grad_res: 4.578080
mean_grad_bcs: 0.046424
It: 20500, Loss: 6.798e+00, Loss_bcs: 3.864e-02, Loss_res: 3.746e-01,Time: 0.01
 np.max([max_grad_bcs , max_grad_res]): 5.843e+01
adaptive_bcs_val: 6.631e+01
adaptive_res_val: 1.131e+01
mean_grad_res: 5.675928
mean_grad_bcs: 0.035073
It: 20600, Loss: 1.229e+01, Loss_bcs: 4.694e-02, Loss_res: 8.113e-01,Time: 0.02
 np.max([max_grad_bcs , max_grad_res]): 2.898e+01
adaptive_bcs_val: 6.631e+01
adaptive_res_val: 1.131e+01
mean_grad_res: 3.434110
mean_grad_bcs: 0.040094
It: 20700, Loss: 7.730e+00, Loss_bcs: 3.731e-02, Loss_res: 4.649e-01,Time: 0.01
 np.max([max_grad_bcs , max_grad_res]): 4.058e+01
adaptive_bcs_val: 6.631e+01
adaptive_res_val: 1.131e+01
mean_grad_res: 3.421065
mean_grad_bcs: 0.041317
It: 20800, Loss: 1.107e+01, Loss_bcs: 3.759e-02, Loss_res: 7.589e-01,Time: 0.01
 np.max([max_grad_bcs , max_grad_res]): 6.140e+01
adaptive_bcs_val: 6.631e+01
adaptive_res_val: 1.131e+01
mean_grad_res: 5.049872
mean_grad_bcs: 0.042977
It: 20900, Loss: 6.597e+00, Loss_bcs: 4.004e-02, Loss_res: 3.486e-01,Time: 0.01
 np.max([max_grad_bcs , max_grad_res]): 3.676e+01
adaptive_bcs_val: 6.631e+01
adaptive_res_val: 1.131e+01
mean_grad_res: 3.970307
mean_grad_bcs: 0.039412
It: 21000, Loss: 6.983e+00, Loss_bcs: 4.183e-02, Loss_res: 3.722e-01,Time: 0.01
 np.max([max_grad_bcs , max_grad_res]): 2.829e+01
adaptive_bcs_val: 6.631e+01
adaptive_res_val: 1.131e+01
mean_grad_res: 3.203072
mean_grad_bcs: 0.039994
It: 21100, Loss: 9.568e+00, Loss_bcs: 4.049e-02, Loss_res: 6.087e-01,Time: 0.01
 np.max([max_grad_bcs , max_grad_res]): 5.757e+01
adaptive_bcs_val: 6.631e+01
adaptive_res_val: 1.131e+01
mean_grad_res: 5.734569
mean_grad_bcs: 0.031666
It: 21200, Loss: 9.253e+00, Loss_bcs: 4.061e-02, Loss_res: 5.801e-01,Time: 0.01
 np.max([max_grad_bcs , max_grad_res]): 1.060e+01
adaptive_bcs_val: 6.631e+01
adaptive_res_val: 1.131e+01
mean_grad_res: 1.488498
mean_grad_bcs: 0.044769
It: 21300, Loss: 8.546e+00, Loss_bcs: 3.810e-02, Loss_res: 5.323e-01,Time: 0.01
 np.max([max_grad_bcs , max_grad_res]): 2.650e+01
adaptive_bcs_val: 6.631e+01
adaptive_res_val: 1.131e+01
mean_grad_res: 2.386192
mean_grad_bcs: 0.037242
It: 21400, Loss: 1.085e+01, Loss_bcs: 4.797e-02, Loss_res: 6.784e-01,Time: 0.01
 np.max([max_grad_bcs , max_grad_res]): 4.916e+01
adaptive_bcs_val: 6.631e+01
adaptive_res_val: 1.131e+01
mean_grad_res: 4.511476
mean_grad_bcs: 0.036440
It: 21500, Loss: 5.963e+00, Loss_bcs: 3.810e-02, Loss_res: 3.039e-01,Time: 0.01
 np.max([max_grad_bcs , max_grad_res]): 3.384e+01
adaptive_bcs_val: 6.631e+01
adaptive_res_val: 1.131e+01
mean_grad_res: 3.393246
mean_grad_bcs: 0.033408
It: 21600, Loss: 8.308e+00, Loss_bcs: 3.764e-02, Loss_res: 5.140e-01,Time: 0.01
 np.max([max_grad_bcs , max_grad_res]): 1.318e+01
adaptive_bcs_val: 6.631e+01
adaptive_res_val: 1.131e+01
mean_grad_res: 1.783804
mean_grad_bcs: 0.033057
It: 21700, Loss: 9.132e+00, Loss_bcs: 3.807e-02, Loss_res: 5.843e-01,Time: 0.01
 np.max([max_grad_bcs , max_grad_res]): 2.817e+01
adaptive_bcs_val: 6.631e+01
adaptive_res_val: 1.131e+01
mean_grad_res: 2.843712
mean_grad_bcs: 0.033625
It: 21800, Loss: 8.702e+00, Loss_bcs: 4.189e-02, Loss_res: 5.240e-01,Time: 0.01
 np.max([max_grad_bcs , max_grad_res]): 4.630e+01
adaptive_bcs_val: 6.631e+01
adaptive_res_val: 1.131e+01
mean_grad_res: 3.840355
mean_grad_bcs: 0.039847
It: 21900, Loss: 8.209e+00, Loss_bcs: 3.993e-02, Loss_res: 4.918e-01,Time: 0.01
 np.max([max_grad_bcs , max_grad_res]): 3.499e+01
adaptive_bcs_val: 6.631e+01
adaptive_res_val: 1.131e+01
mean_grad_res: 3.983323
mean_grad_bcs: 0.035847
It: 22000, Loss: 6.523e+00, Loss_bcs: 3.981e-02, Loss_res: 3.434e-01,Time: 0.01
 np.max([max_grad_bcs , max_grad_res]): 4.513e+01
adaptive_bcs_val: 6.631e+01
adaptive_res_val: 1.131e+01
mean_grad_res: 3.159339
mean_grad_bcs: 0.039140
It: 22100, Loss: 6.138e+00, Loss_bcs: 3.873e-02, Loss_res: 3.157e-01,Time: 0.01
 np.max([max_grad_bcs , max_grad_res]): 3.852e+01
adaptive_bcs_val: 6.631e+01
adaptive_res_val: 1.131e+01
mean_grad_res: 3.817485
mean_grad_bcs: 0.031273
It: 22200, Loss: 6.969e+00, Loss_bcs: 4.097e-02, Loss_res: 3.760e-01,Time: 0.01
 np.max([max_grad_bcs , max_grad_res]): 4.929e+01
adaptive_bcs_val: 6.631e+01
adaptive_res_val: 1.131e+01
mean_grad_res: 4.255230
mean_grad_bcs: 0.035847
It: 22300, Loss: 6.878e+00, Loss_bcs: 3.306e-02, Loss_res: 4.144e-01,Time: 0.01
 np.max([max_grad_bcs , max_grad_res]): 2.345e+01
adaptive_bcs_val: 6.631e+01
adaptive_res_val: 1.131e+01
mean_grad_res: 2.551799
mean_grad_bcs: 0.033919
It: 22400, Loss: 9.590e+00, Loss_bcs: 3.867e-02, Loss_res: 6.214e-01,Time: 0.01
 np.max([max_grad_bcs , max_grad_res]): 7.057e+01
adaptive_bcs_val: 6.631e+01
adaptive_res_val: 1.131e+01
mean_grad_res: 4.352797
mean_grad_bcs: 0.034814
It: 22500, Loss: 6.472e+00, Loss_bcs: 3.440e-02, Loss_res: 3.707e-01,Time: 0.01
 np.max([max_grad_bcs , max_grad_res]): 5.114e+01
adaptive_bcs_val: 6.631e+01
adaptive_res_val: 1.131e+01
mean_grad_res: 4.645041
mean_grad_bcs: 0.031369
It: 22600, Loss: 9.505e+00, Loss_bcs: 3.673e-02, Loss_res: 6.252e-01,Time: 0.01
 np.max([max_grad_bcs , max_grad_res]): 7.292e+01
adaptive_bcs_val: 6.631e+01
adaptive_res_val: 1.131e+01
mean_grad_res: 5.473537
mean_grad_bcs: 0.035520
It: 22700, Loss: 5.802e+00, Loss_bcs: 3.621e-02, Loss_res: 3.008e-01,Time: 0.01
 np.max([max_grad_bcs , max_grad_res]): 4.310e+01
adaptive_bcs_val: 6.631e+01
adaptive_res_val: 1.131e+01
mean_grad_res: 3.317963
mean_grad_bcs: 0.033085
It: 22800, Loss: 8.728e+00, Loss_bcs: 3.901e-02, Loss_res: 5.431e-01,Time: 0.01
 np.max([max_grad_bcs , max_grad_res]): 2.967e+01
adaptive_bcs_val: 6.631e+01
adaptive_res_val: 1.131e+01
mean_grad_res: 3.109491
mean_grad_bcs: 0.037956
It: 22900, Loss: 6.989e+00, Loss_bcs: 3.529e-02, Loss_res: 4.112e-01,Time: 0.01
 np.max([max_grad_bcs , max_grad_res]): 4.654e+01
adaptive_bcs_val: 6.631e+01
adaptive_res_val: 1.131e+01
mean_grad_res: 4.211599
mean_grad_bcs: 0.038754
It: 23000, Loss: 1.035e+01, Loss_bcs: 3.723e-02, Loss_res: 6.974e-01,Time: 0.01
 np.max([max_grad_bcs , max_grad_res]): 3.407e+01
adaptive_bcs_val: 6.631e+01
adaptive_res_val: 1.131e+01
mean_grad_res: 3.391294
mean_grad_bcs: 0.053686
It: 23100, Loss: 6.412e+00, Loss_bcs: 3.722e-02, Loss_res: 3.488e-01,Time: 0.01
 np.max([max_grad_bcs , max_grad_res]): 3.994e+01
adaptive_bcs_val: 6.631e+01
adaptive_res_val: 1.131e+01
mean_grad_res: 3.628140
mean_grad_bcs: 0.042485
It: 23200, Loss: 7.557e+00, Loss_bcs: 3.732e-02, Loss_res: 4.494e-01,Time: 0.01
 np.max([max_grad_bcs , max_grad_res]): 4.943e+01
adaptive_bcs_val: 6.631e+01
adaptive_res_val: 1.131e+01
mean_grad_res: 4.953705
mean_grad_bcs: 0.031263
It: 23300, Loss: 7.209e+00, Loss_bcs: 3.328e-02, Loss_res: 4.424e-01,Time: 0.01
 np.max([max_grad_bcs , max_grad_res]): 7.489e+01
adaptive_bcs_val: 6.631e+01
adaptive_res_val: 1.131e+01
mean_grad_res: 6.658073
mean_grad_bcs: 0.040641
It: 23400, Loss: 7.996e+00, Loss_bcs: 3.803e-02, Loss_res: 4.841e-01,Time: 0.01
 np.max([max_grad_bcs , max_grad_res]): 2.107e+01
adaptive_bcs_val: 6.631e+01
adaptive_res_val: 1.131e+01
mean_grad_res: 2.905507
mean_grad_bcs: 0.030452
It: 23500, Loss: 7.173e+00, Loss_bcs: 3.558e-02, Loss_res: 4.257e-01,Time: 0.01
 np.max([max_grad_bcs , max_grad_res]): 8.726e+01
adaptive_bcs_val: 6.631e+01
adaptive_res_val: 1.131e+01
mean_grad_res: 7.779795
mean_grad_bcs: 0.046361
It: 23600, Loss: 7.052e+00, Loss_bcs: 4.059e-02, Loss_res: 3.857e-01,Time: 0.01
 np.max([max_grad_bcs , max_grad_res]): 2.436e+01
adaptive_bcs_val: 6.631e+01
adaptive_res_val: 1.131e+01
mean_grad_res: 3.124385
mean_grad_bcs: 0.035218
It: 23700, Loss: 6.735e+00, Loss_bcs: 3.403e-02, Loss_res: 3.961e-01,Time: 0.01
 np.max([max_grad_bcs , max_grad_res]): 6.382e+01
adaptive_bcs_val: 6.631e+01
adaptive_res_val: 1.131e+01
mean_grad_res: 4.238533
mean_grad_bcs: 0.032953
It: 23800, Loss: 8.567e+00, Loss_bcs: 3.872e-02, Loss_res: 5.306e-01,Time: 0.00
 np.max([max_grad_bcs , max_grad_res]): 1.072e+02
adaptive_bcs_val: 6.631e+01
adaptive_res_val: 1.131e+01
mean_grad_res: 7.297596
mean_grad_bcs: 0.041464
It: 23900, Loss: 5.249e+00, Loss_bcs: 3.378e-02, Loss_res: 2.661e-01,Time: 0.01
 np.max([max_grad_bcs , max_grad_res]): 2.203e+01
adaptive_bcs_val: 6.631e+01
adaptive_res_val: 1.131e+01
mean_grad_res: 2.678576
mean_grad_bcs: 0.036082
It: 24000, Loss: 5.749e+00, Loss_bcs: 3.750e-02, Loss_res: 2.885e-01,Time: 0.01
 np.max([max_grad_bcs , max_grad_res]): 3.056e+01
adaptive_bcs_val: 6.631e+01
adaptive_res_val: 1.131e+01
mean_grad_res: 3.842572
mean_grad_bcs: 0.038428
It: 24100, Loss: 6.007e+00, Loss_bcs: 3.451e-02, Loss_res: 3.288e-01,Time: 0.01
 np.max([max_grad_bcs , max_grad_res]): 2.556e+01
adaptive_bcs_val: 6.631e+01
adaptive_res_val: 1.131e+01
mean_grad_res: 2.599421
mean_grad_bcs: 0.045880
It: 24200, Loss: 7.736e+00, Loss_bcs: 3.752e-02, Loss_res: 4.641e-01,Time: 0.01
 np.max([max_grad_bcs , max_grad_res]): 4.200e+01
adaptive_bcs_val: 6.631e+01
adaptive_res_val: 1.131e+01
mean_grad_res: 4.193698
mean_grad_bcs: 0.032938
It: 24300, Loss: 5.981e+00, Loss_bcs: 3.988e-02, Loss_res: 2.951e-01,Time: 0.01
 np.max([max_grad_bcs , max_grad_res]): 3.239e+01
adaptive_bcs_val: 6.631e+01
adaptive_res_val: 1.131e+01
mean_grad_res: 2.670699
mean_grad_bcs: 0.029176
It: 24400, Loss: 4.968e+00, Loss_bcs: 3.154e-02, Loss_res: 2.544e-01,Time: 0.00
 np.max([max_grad_bcs , max_grad_res]): 3.063e+01
adaptive_bcs_val: 6.631e+01
adaptive_res_val: 1.131e+01
mean_grad_res: 3.475948
mean_grad_bcs: 0.043889
It: 24500, Loss: 7.499e+00, Loss_bcs: 3.447e-02, Loss_res: 4.610e-01,Time: 0.01
 np.max([max_grad_bcs , max_grad_res]): 3.702e+01
adaptive_bcs_val: 6.631e+01
adaptive_res_val: 1.131e+01
mean_grad_res: 3.457411
mean_grad_bcs: 0.041772
It: 24600, Loss: 8.968e+00, Loss_bcs: 3.357e-02, Loss_res: 5.962e-01,Time: 0.01
 np.max([max_grad_bcs , max_grad_res]): 2.504e+01
adaptive_bcs_val: 6.631e+01
adaptive_res_val: 1.131e+01
mean_grad_res: 2.728778
mean_grad_bcs: 0.034806
It: 24700, Loss: 1.158e+01, Loss_bcs: 3.663e-02, Loss_res: 8.097e-01,Time: 0.01
 np.max([max_grad_bcs , max_grad_res]): 2.720e+01
adaptive_bcs_val: 6.631e+01
adaptive_res_val: 1.131e+01
mean_grad_res: 3.304992
mean_grad_bcs: 0.041813
It: 24800, Loss: 7.584e+00, Loss_bcs: 3.347e-02, Loss_res: 4.744e-01,Time: 0.01
 np.max([max_grad_bcs , max_grad_res]): 4.507e+01
adaptive_bcs_val: 6.631e+01
adaptive_res_val: 1.131e+01
mean_grad_res: 3.581397
mean_grad_bcs: 0.040115
It: 24900, Loss: 7.638e+00, Loss_bcs: 3.581e-02, Loss_res: 4.655e-01,Time: 0.01
 np.max([max_grad_bcs , max_grad_res]): 3.224e+01
adaptive_bcs_val: 6.631e+01
adaptive_res_val: 1.131e+01
mean_grad_res: 2.811605
mean_grad_bcs: 0.032491
It: 25000, Loss: 7.958e+00, Loss_bcs: 3.515e-02, Loss_res: 4.976e-01,Time: 0.01
 np.max([max_grad_bcs , max_grad_res]): 1.403e+01
adaptive_bcs_val: 6.631e+01
adaptive_res_val: 1.131e+01
mean_grad_res: 1.667676
mean_grad_bcs: 0.030851
It: 25100, Loss: 7.777e+00, Loss_bcs: 3.380e-02, Loss_res: 4.895e-01,Time: 0.01
 np.max([max_grad_bcs , max_grad_res]): 4.103e+01
adaptive_bcs_val: 6.631e+01
adaptive_res_val: 1.131e+01
mean_grad_res: 3.922301
mean_grad_bcs: 0.036228
It: 25200, Loss: 1.002e+01, Loss_bcs: 3.069e-02, Loss_res: 7.060e-01,Time: 0.01
 np.max([max_grad_bcs , max_grad_res]): 3.289e+01
adaptive_bcs_val: 6.631e+01
adaptive_res_val: 1.131e+01
mean_grad_res: 3.101962
mean_grad_bcs: 0.032196
It: 25300, Loss: 6.486e+00, Loss_bcs: 3.519e-02, Loss_res: 3.672e-01,Time: 0.01
 np.max([max_grad_bcs , max_grad_res]): 4.547e+01
adaptive_bcs_val: 6.631e+01
adaptive_res_val: 1.131e+01
mean_grad_res: 4.423053
mean_grad_bcs: 0.033690
It: 25400, Loss: 5.422e+00, Loss_bcs: 3.760e-02, Loss_res: 2.590e-01,Time: 0.01
 np.max([max_grad_bcs , max_grad_res]): 3.569e+01
adaptive_bcs_val: 6.631e+01
adaptive_res_val: 1.131e+01
mean_grad_res: 3.304094
mean_grad_bcs: 0.029105
It: 25500, Loss: 6.584e+00, Loss_bcs: 3.714e-02, Loss_res: 3.645e-01,Time: 0.02
 np.max([max_grad_bcs , max_grad_res]): 4.587e+01
adaptive_bcs_val: 6.631e+01
adaptive_res_val: 1.131e+01
mean_grad_res: 4.473875
mean_grad_bcs: 0.034855
It: 25600, Loss: 7.578e+00, Loss_bcs: 4.007e-02, Loss_res: 4.352e-01,Time: 0.01
 np.max([max_grad_bcs , max_grad_res]): 2.924e+01
adaptive_bcs_val: 6.631e+01
adaptive_res_val: 1.131e+01
mean_grad_res: 2.645161
mean_grad_bcs: 0.034485
It: 25700, Loss: 6.541e+00, Loss_bcs: 3.510e-02, Loss_res: 3.726e-01,Time: 0.02
 np.max([max_grad_bcs , max_grad_res]): 5.158e+01
adaptive_bcs_val: 6.631e+01
adaptive_res_val: 1.131e+01
mean_grad_res: 5.240671
mean_grad_bcs: 0.047156
It: 25800, Loss: 5.941e+00, Loss_bcs: 3.732e-02, Loss_res: 3.065e-01,Time: 0.01
 np.max([max_grad_bcs , max_grad_res]): 4.136e+01
adaptive_bcs_val: 6.631e+01
adaptive_res_val: 1.131e+01
mean_grad_res: 3.353400
mean_grad_bcs: 0.032011
It: 25900, Loss: 9.986e+00, Loss_bcs: 3.383e-02, Loss_res: 6.847e-01,Time: 0.01
 np.max([max_grad_bcs , max_grad_res]): 3.796e+01
adaptive_bcs_val: 6.631e+01
adaptive_res_val: 1.131e+01
mean_grad_res: 4.095746
mean_grad_bcs: 0.030119
It: 26000, Loss: 6.178e+00, Loss_bcs: 4.128e-02, Loss_res: 3.043e-01,Time: 0.01
 np.max([max_grad_bcs , max_grad_res]): 3.326e+01
adaptive_bcs_val: 6.631e+01
adaptive_res_val: 1.131e+01
mean_grad_res: 2.925151
mean_grad_bcs: 0.041288
It: 26100, Loss: 5.389e+00, Loss_bcs: 3.222e-02, Loss_res: 2.876e-01,Time: 0.01
 np.max([max_grad_bcs , max_grad_res]): 3.506e+01
adaptive_bcs_val: 6.631e+01
adaptive_res_val: 1.131e+01
mean_grad_res: 3.837810
mean_grad_bcs: 0.031568
It: 26200, Loss: 4.822e+00, Loss_bcs: 3.545e-02, Loss_res: 2.186e-01,Time: 0.01
 np.max([max_grad_bcs , max_grad_res]): 4.021e+01
adaptive_bcs_val: 6.631e+01
adaptive_res_val: 1.131e+01
mean_grad_res: 3.513794
mean_grad_bcs: 0.029928
It: 26300, Loss: 8.415e+00, Loss_bcs: 3.416e-02, Loss_res: 5.439e-01,Time: 0.01
 np.max([max_grad_bcs , max_grad_res]): 3.090e+01
adaptive_bcs_val: 6.631e+01
adaptive_res_val: 1.131e+01
mean_grad_res: 3.115999
mean_grad_bcs: 0.040380
It: 26400, Loss: 6.274e+00, Loss_bcs: 3.497e-02, Loss_res: 3.498e-01,Time: 0.01
 np.max([max_grad_bcs , max_grad_res]): 3.980e+01
adaptive_bcs_val: 6.631e+01
adaptive_res_val: 1.131e+01
mean_grad_res: 3.407902
mean_grad_bcs: 0.039505
It: 26500, Loss: 6.747e+00, Loss_bcs: 3.599e-02, Loss_res: 3.856e-01,Time: 0.01
 np.max([max_grad_bcs , max_grad_res]): 2.999e+01
adaptive_bcs_val: 6.631e+01
adaptive_res_val: 1.131e+01
mean_grad_res: 4.299307
mean_grad_bcs: 0.033477
It: 26600, Loss: 7.865e+00, Loss_bcs: 2.963e-02, Loss_res: 5.219e-01,Time: 0.01
 np.max([max_grad_bcs , max_grad_res]): 3.300e+01
adaptive_bcs_val: 6.631e+01
adaptive_res_val: 1.131e+01
mean_grad_res: 2.889514
mean_grad_bcs: 0.027723
It: 26700, Loss: 6.652e+00, Loss_bcs: 3.453e-02, Loss_res: 3.857e-01,Time: 0.01
 np.max([max_grad_bcs , max_grad_res]): 2.324e+01
adaptive_bcs_val: 6.631e+01
adaptive_res_val: 1.131e+01
mean_grad_res: 3.112888
mean_grad_bcs: 0.036743
It: 26800, Loss: 1.203e+01, Loss_bcs: 3.653e-02, Loss_res: 8.497e-01,Time: 0.01
 np.max([max_grad_bcs , max_grad_res]): 3.844e+01
adaptive_bcs_val: 6.631e+01
adaptive_res_val: 1.131e+01
mean_grad_res: 3.936214
mean_grad_bcs: 0.031114
It: 26900, Loss: 7.246e+00, Loss_bcs: 2.914e-02, Loss_res: 4.699e-01,Time: 0.01
 np.max([max_grad_bcs , max_grad_res]): 4.164e+01
adaptive_bcs_val: 6.631e+01
adaptive_res_val: 1.131e+01
mean_grad_res: 3.431005
mean_grad_bcs: 0.036166
It: 27000, Loss: 5.170e+00, Loss_bcs: 3.710e-02, Loss_res: 2.396e-01,Time: 0.01
 np.max([max_grad_bcs , max_grad_res]): 2.800e+01
adaptive_bcs_val: 6.631e+01
adaptive_res_val: 1.131e+01
mean_grad_res: 2.700778
mean_grad_bcs: 0.031632
It: 27100, Loss: 6.743e+00, Loss_bcs: 3.351e-02, Loss_res: 3.999e-01,Time: 0.01
 np.max([max_grad_bcs , max_grad_res]): 2.511e+01
adaptive_bcs_val: 6.631e+01
adaptive_res_val: 1.131e+01
mean_grad_res: 2.666027
mean_grad_bcs: 0.028267
It: 27200, Loss: 5.237e+00, Loss_bcs: 3.763e-02, Loss_res: 2.424e-01,Time: 0.01
 np.max([max_grad_bcs , max_grad_res]): 2.184e+01
adaptive_bcs_val: 6.631e+01
adaptive_res_val: 1.131e+01
mean_grad_res: 2.473435
mean_grad_bcs: 0.030094
It: 27300, Loss: 8.501e+00, Loss_bcs: 3.629e-02, Loss_res: 5.390e-01,Time: 0.01
 np.max([max_grad_bcs , max_grad_res]): 2.714e+01
adaptive_bcs_val: 6.631e+01
adaptive_res_val: 1.131e+01
mean_grad_res: 2.584702
mean_grad_bcs: 0.038196
It: 27400, Loss: 6.206e+00, Loss_bcs: 3.234e-02, Loss_res: 3.592e-01,Time: 0.01
 np.max([max_grad_bcs , max_grad_res]): 3.926e+01
adaptive_bcs_val: 6.631e+01
adaptive_res_val: 1.131e+01
mean_grad_res: 2.357776
mean_grad_bcs: 0.039875
It: 27500, Loss: 7.983e+00, Loss_bcs: 3.178e-02, Loss_res: 5.196e-01,Time: 0.01
 np.max([max_grad_bcs , max_grad_res]): 3.806e+01
adaptive_bcs_val: 6.631e+01
adaptive_res_val: 1.131e+01
mean_grad_res: 4.059529
mean_grad_bcs: 0.040240
It: 27600, Loss: 5.829e+00, Loss_bcs: 3.586e-02, Loss_res: 3.052e-01,Time: 0.01
 np.max([max_grad_bcs , max_grad_res]): 1.866e+01
adaptive_bcs_val: 6.631e+01
adaptive_res_val: 1.131e+01
mean_grad_res: 2.053346
mean_grad_bcs: 0.034039
It: 27700, Loss: 6.626e+00, Loss_bcs: 3.722e-02, Loss_res: 3.677e-01,Time: 0.01
 np.max([max_grad_bcs , max_grad_res]): 2.908e+01
adaptive_bcs_val: 6.631e+01
adaptive_res_val: 1.131e+01
mean_grad_res: 3.386660
mean_grad_bcs: 0.030957
It: 27800, Loss: 5.938e+00, Loss_bcs: 3.281e-02, Loss_res: 3.327e-01,Time: 0.01
 np.max([max_grad_bcs , max_grad_res]): 3.806e+01
adaptive_bcs_val: 6.631e+01
adaptive_res_val: 1.131e+01
mean_grad_res: 3.217165
mean_grad_bcs: 0.037731
It: 27900, Loss: 6.723e+00, Loss_bcs: 3.424e-02, Loss_res: 3.937e-01,Time: 0.01
 np.max([max_grad_bcs , max_grad_res]): 2.885e+01
adaptive_bcs_val: 6.631e+01
adaptive_res_val: 1.131e+01
mean_grad_res: 3.803393
mean_grad_bcs: 0.032957
It: 28000, Loss: 5.614e+00, Loss_bcs: 3.620e-02, Loss_res: 2.842e-01,Time: 0.01
 np.max([max_grad_bcs , max_grad_res]): 3.744e+01
adaptive_bcs_val: 6.631e+01
adaptive_res_val: 1.131e+01
mean_grad_res: 3.941240
mean_grad_bcs: 0.034953
It: 28100, Loss: 4.858e+00, Loss_bcs: 3.208e-02, Loss_res: 2.415e-01,Time: 0.01
 np.max([max_grad_bcs , max_grad_res]): 3.416e+01
adaptive_bcs_val: 6.631e+01
adaptive_res_val: 1.131e+01
mean_grad_res: 3.515006
mean_grad_bcs: 0.045081
It: 28200, Loss: 7.158e+00, Loss_bcs: 3.598e-02, Loss_res: 4.220e-01,Time: 0.01
 np.max([max_grad_bcs , max_grad_res]): 2.093e+01
adaptive_bcs_val: 6.631e+01
adaptive_res_val: 1.131e+01
mean_grad_res: 2.662235
mean_grad_bcs: 0.039111
It: 28300, Loss: 6.624e+00, Loss_bcs: 3.443e-02, Loss_res: 3.839e-01,Time: 0.01
 np.max([max_grad_bcs , max_grad_res]): 5.284e+01
adaptive_bcs_val: 6.631e+01
adaptive_res_val: 1.131e+01
mean_grad_res: 4.382892
mean_grad_bcs: 0.028766
It: 28400, Loss: 8.418e+00, Loss_bcs: 3.289e-02, Loss_res: 5.516e-01,Time: 0.01
 np.max([max_grad_bcs , max_grad_res]): 3.694e+01
adaptive_bcs_val: 6.631e+01
adaptive_res_val: 1.131e+01
mean_grad_res: 2.920382
mean_grad_bcs: 0.036579
It: 28500, Loss: 5.108e+00, Loss_bcs: 2.903e-02, Loss_res: 2.815e-01,Time: 0.01
 np.max([max_grad_bcs , max_grad_res]): 2.596e+01
adaptive_bcs_val: 6.631e+01
adaptive_res_val: 1.131e+01
mean_grad_res: 2.649930
mean_grad_bcs: 0.030452
It: 28600, Loss: 6.854e+00, Loss_bcs: 3.338e-02, Loss_res: 4.104e-01,Time: 0.01
 np.max([max_grad_bcs , max_grad_res]): 3.792e+01
adaptive_bcs_val: 6.631e+01
adaptive_res_val: 1.131e+01
mean_grad_res: 3.913713
mean_grad_bcs: 0.035430
It: 28700, Loss: 5.957e+00, Loss_bcs: 3.172e-02, Loss_res: 3.408e-01,Time: 0.01
 np.max([max_grad_bcs , max_grad_res]): 3.019e+01
adaptive_bcs_val: 6.631e+01
adaptive_res_val: 1.131e+01
mean_grad_res: 2.813391
mean_grad_bcs: 0.029713
It: 28800, Loss: 7.396e+00, Loss_bcs: 3.157e-02, Loss_res: 4.689e-01,Time: 0.01
 np.max([max_grad_bcs , max_grad_res]): 3.227e+01
adaptive_bcs_val: 6.631e+01
adaptive_res_val: 1.131e+01
mean_grad_res: 2.994980
mean_grad_bcs: 0.041364
It: 28900, Loss: 9.018e+00, Loss_bcs: 3.024e-02, Loss_res: 6.202e-01,Time: 0.01
 np.max([max_grad_bcs , max_grad_res]): 4.430e+01
adaptive_bcs_val: 6.631e+01
adaptive_res_val: 1.131e+01
mean_grad_res: 4.897406
mean_grad_bcs: 0.043995
It: 29000, Loss: 6.102e+00, Loss_bcs: 3.117e-02, Loss_res: 3.568e-01,Time: 0.01
 np.max([max_grad_bcs , max_grad_res]): 3.519e+01
adaptive_bcs_val: 6.631e+01
adaptive_res_val: 1.131e+01
mean_grad_res: 3.145273
mean_grad_bcs: 0.034825
It: 29100, Loss: 5.958e+00, Loss_bcs: 2.998e-02, Loss_res: 3.511e-01,Time: 0.01
 np.max([max_grad_bcs , max_grad_res]): 1.285e+01
adaptive_bcs_val: 6.631e+01
adaptive_res_val: 1.131e+01
mean_grad_res: 1.522429
mean_grad_bcs: 0.035436
It: 29200, Loss: 4.902e+00, Loss_bcs: 3.225e-02, Loss_res: 2.444e-01,Time: 0.01
 np.max([max_grad_bcs , max_grad_res]): 2.881e+01
adaptive_bcs_val: 6.631e+01
adaptive_res_val: 1.131e+01
mean_grad_res: 3.222812
mean_grad_bcs: 0.032593
It: 29300, Loss: 6.678e+00, Loss_bcs: 3.483e-02, Loss_res: 3.863e-01,Time: 0.01
 np.max([max_grad_bcs , max_grad_res]): 4.930e+01
adaptive_bcs_val: 6.631e+01
adaptive_res_val: 1.131e+01
mean_grad_res: 4.124626
mean_grad_bcs: 0.031424
It: 29400, Loss: 6.249e+00, Loss_bcs: 3.280e-02, Loss_res: 3.603e-01,Time: 0.01
 np.max([max_grad_bcs , max_grad_res]): 3.351e+01
adaptive_bcs_val: 6.631e+01
adaptive_res_val: 1.131e+01
mean_grad_res: 3.803658
mean_grad_bcs: 0.029162
It: 29500, Loss: 6.068e+00, Loss_bcs: 2.993e-02, Loss_res: 3.611e-01,Time: 0.01
 np.max([max_grad_bcs , max_grad_res]): 1.548e+01
adaptive_bcs_val: 6.631e+01
adaptive_res_val: 1.131e+01
mean_grad_res: 2.114985
mean_grad_bcs: 0.031837
It: 29600, Loss: 6.721e+00, Loss_bcs: 3.438e-02, Loss_res: 3.927e-01,Time: 0.01
 np.max([max_grad_bcs , max_grad_res]): 3.118e+01
adaptive_bcs_val: 6.631e+01
adaptive_res_val: 1.131e+01
mean_grad_res: 2.719875
mean_grad_bcs: 0.033774
It: 29700, Loss: 6.752e+00, Loss_bcs: 3.376e-02, Loss_res: 3.991e-01,Time: 0.01
 np.max([max_grad_bcs , max_grad_res]): 3.416e+01
adaptive_bcs_val: 6.631e+01
adaptive_res_val: 1.131e+01
mean_grad_res: 4.310827
mean_grad_bcs: 0.030813
It: 29800, Loss: 6.012e+00, Loss_bcs: 3.663e-02, Loss_res: 3.168e-01,Time: 0.01
 np.max([max_grad_bcs , max_grad_res]): 6.270e+01
adaptive_bcs_val: 6.631e+01
adaptive_res_val: 1.131e+01
mean_grad_res: 3.598624
mean_grad_bcs: 0.031120
It: 29900, Loss: 6.007e+00, Loss_bcs: 2.851e-02, Loss_res: 3.640e-01,Time: 0.01
 np.max([max_grad_bcs , max_grad_res]): 2.869e+01
adaptive_bcs_val: 6.631e+01
adaptive_res_val: 1.131e+01
mean_grad_res: 3.548926
mean_grad_bcs: 0.032707
It: 30000, Loss: 5.575e+00, Loss_bcs: 3.189e-02, Loss_res: 3.060e-01,Time: 0.01
 np.max([max_grad_bcs , max_grad_res]): 2.840e+01
adaptive_bcs_val: 6.631e+01
adaptive_res_val: 1.131e+01
mean_grad_res: 2.458030
mean_grad_bcs: 0.031127
It: 30100, Loss: 8.840e+00, Loss_bcs: 3.169e-02, Loss_res: 5.959e-01,Time: 0.01
 np.max([max_grad_bcs , max_grad_res]): 1.804e+01
adaptive_bcs_val: 6.631e+01
adaptive_res_val: 1.131e+01
mean_grad_res: 1.972197
mean_grad_bcs: 0.032665
It: 30200, Loss: 6.040e+00, Loss_bcs: 2.985e-02, Loss_res: 3.591e-01,Time: 0.01
 np.max([max_grad_bcs , max_grad_res]): 2.163e+01
adaptive_bcs_val: 6.631e+01
adaptive_res_val: 1.131e+01
mean_grad_res: 2.342776
mean_grad_bcs: 0.030084
It: 30300, Loss: 5.398e+00, Loss_bcs: 3.080e-02, Loss_res: 2.968e-01,Time: 0.01
 np.max([max_grad_bcs , max_grad_res]): 2.930e+01
adaptive_bcs_val: 6.631e+01
adaptive_res_val: 1.131e+01
mean_grad_res: 2.165241
mean_grad_bcs: 0.030045
It: 30400, Loss: 7.810e+00, Loss_bcs: 3.013e-02, Loss_res: 5.140e-01,Time: 0.01
 np.max([max_grad_bcs , max_grad_res]): 3.482e+01
adaptive_bcs_val: 6.631e+01
adaptive_res_val: 1.131e+01
mean_grad_res: 3.042927
mean_grad_bcs: 0.037205
It: 30500, Loss: 6.554e+00, Loss_bcs: 3.192e-02, Loss_res: 3.924e-01,Time: 0.01
 np.max([max_grad_bcs , max_grad_res]): 4.703e+01
adaptive_bcs_val: 6.631e+01
adaptive_res_val: 1.131e+01
mean_grad_res: 4.148814
mean_grad_bcs: 0.036589
It: 30600, Loss: 5.131e+00, Loss_bcs: 3.162e-02, Loss_res: 2.683e-01,Time: 0.01
 np.max([max_grad_bcs , max_grad_res]): 3.464e+01
adaptive_bcs_val: 6.631e+01
adaptive_res_val: 1.131e+01
mean_grad_res: 3.030848
mean_grad_bcs: 0.038210
It: 30700, Loss: 8.515e+00, Loss_bcs: 3.401e-02, Loss_res: 5.536e-01,Time: 0.01
 np.max([max_grad_bcs , max_grad_res]): 5.882e+01
adaptive_bcs_val: 6.631e+01
adaptive_res_val: 1.131e+01
mean_grad_res: 4.481180
mean_grad_bcs: 0.030151
It: 30800, Loss: 6.594e+00, Loss_bcs: 3.518e-02, Loss_res: 3.768e-01,Time: 0.01
 np.max([max_grad_bcs , max_grad_res]): 8.726e+01
adaptive_bcs_val: 6.631e+01
adaptive_res_val: 1.131e+01
mean_grad_res: 5.575418
mean_grad_bcs: 0.027851
It: 30900, Loss: 5.955e+00, Loss_bcs: 3.223e-02, Loss_res: 3.377e-01,Time: 0.01
 np.max([max_grad_bcs , max_grad_res]): 7.460e+01
adaptive_bcs_val: 6.631e+01
adaptive_res_val: 1.131e+01
mean_grad_res: 4.954108
mean_grad_bcs: 0.038806
It: 31000, Loss: 6.741e+00, Loss_bcs: 3.308e-02, Loss_res: 4.021e-01,Time: 0.02
 np.max([max_grad_bcs , max_grad_res]): 3.908e+01
adaptive_bcs_val: 6.631e+01
adaptive_res_val: 1.131e+01
mean_grad_res: 4.069953
mean_grad_bcs: 0.037356
It: 31100, Loss: 5.450e+00, Loss_bcs: 3.103e-02, Loss_res: 3.000e-01,Time: 0.01
 np.max([max_grad_bcs , max_grad_res]): 1.963e+01
adaptive_bcs_val: 6.631e+01
adaptive_res_val: 1.131e+01
mean_grad_res: 2.293380
mean_grad_bcs: 0.037356
It: 31200, Loss: 5.329e+00, Loss_bcs: 2.981e-02, Loss_res: 2.965e-01,Time: 0.01
 np.max([max_grad_bcs , max_grad_res]): 3.318e+01
adaptive_bcs_val: 6.631e+01
adaptive_res_val: 1.131e+01
mean_grad_res: 3.446645
mean_grad_bcs: 0.031334
It: 31300, Loss: 5.268e+00, Loss_bcs: 3.424e-02, Loss_res: 2.651e-01,Time: 0.01
 np.max([max_grad_bcs , max_grad_res]): 2.059e+01
adaptive_bcs_val: 6.631e+01
adaptive_res_val: 1.131e+01
mean_grad_res: 2.183142
mean_grad_bcs: 0.045458
It: 31400, Loss: 5.460e+00, Loss_bcs: 3.056e-02, Loss_res: 3.037e-01,Time: 0.01
 np.max([max_grad_bcs , max_grad_res]): 3.780e+01
adaptive_bcs_val: 6.631e+01
adaptive_res_val: 1.131e+01
mean_grad_res: 4.283247
mean_grad_bcs: 0.027126
It: 31500, Loss: 5.474e+00, Loss_bcs: 3.144e-02, Loss_res: 2.997e-01,Time: 0.01
 np.max([max_grad_bcs , max_grad_res]): 2.474e+01
adaptive_bcs_val: 6.631e+01
adaptive_res_val: 1.131e+01
mean_grad_res: 2.365897
mean_grad_bcs: 0.031352
It: 31600, Loss: 6.497e+00, Loss_bcs: 3.110e-02, Loss_res: 3.922e-01,Time: 0.01
 np.max([max_grad_bcs , max_grad_res]): 5.647e+01
adaptive_bcs_val: 6.631e+01
adaptive_res_val: 1.131e+01
mean_grad_res: 4.712595
mean_grad_bcs: 0.031352
It: 31700, Loss: 5.081e+00, Loss_bcs: 2.908e-02, Loss_res: 2.788e-01,Time: 0.01
 np.max([max_grad_bcs , max_grad_res]): 3.193e+01
adaptive_bcs_val: 6.631e+01
adaptive_res_val: 1.131e+01
mean_grad_res: 3.112424
mean_grad_bcs: 0.032590
It: 31800, Loss: 5.257e+00, Loss_bcs: 3.125e-02, Loss_res: 2.817e-01,Time: 0.01
 np.max([max_grad_bcs , max_grad_res]): 1.544e+01
adaptive_bcs_val: 6.631e+01
adaptive_res_val: 1.131e+01
mean_grad_res: 1.930024
mean_grad_bcs: 0.041185
It: 31900, Loss: 6.581e+00, Loss_bcs: 3.087e-02, Loss_res: 4.009e-01,Time: 0.01
 np.max([max_grad_bcs , max_grad_res]): 3.044e+01
adaptive_bcs_val: 6.631e+01
adaptive_res_val: 1.131e+01
mean_grad_res: 3.491773
mean_grad_bcs: 0.034134
It: 32000, Loss: 4.354e+00, Loss_bcs: 2.917e-02, Loss_res: 2.140e-01,Time: 0.01
 np.max([max_grad_bcs , max_grad_res]): 1.747e+01
adaptive_bcs_val: 6.631e+01
adaptive_res_val: 1.131e+01
mean_grad_res: 2.313114
mean_grad_bcs: 0.032140
It: 32100, Loss: 6.575e+00, Loss_bcs: 3.171e-02, Loss_res: 3.955e-01,Time: 0.01
 np.max([max_grad_bcs , max_grad_res]): 2.210e+01
adaptive_bcs_val: 6.631e+01
adaptive_res_val: 1.131e+01
mean_grad_res: 3.005195
mean_grad_bcs: 0.032913
It: 32200, Loss: 4.636e+00, Loss_bcs: 3.167e-02, Loss_res: 2.243e-01,Time: 0.01
 np.max([max_grad_bcs , max_grad_res]): 1.393e+01
adaptive_bcs_val: 6.631e+01
adaptive_res_val: 1.131e+01
mean_grad_res: 1.583283
mean_grad_bcs: 0.035541
It: 32300, Loss: 6.517e+00, Loss_bcs: 2.995e-02, Loss_res: 4.007e-01,Time: 0.01
 np.max([max_grad_bcs , max_grad_res]): 1.792e+01
adaptive_bcs_val: 6.631e+01
adaptive_res_val: 1.131e+01
mean_grad_res: 2.833148
mean_grad_bcs: 0.032136
It: 32400, Loss: 5.283e+00, Loss_bcs: 2.834e-02, Loss_res: 3.010e-01,Time: 0.01
 np.max([max_grad_bcs , max_grad_res]): 2.715e+01
adaptive_bcs_val: 6.631e+01
adaptive_res_val: 1.131e+01
mean_grad_res: 3.287213
mean_grad_bcs: 0.027112
It: 32500, Loss: 4.542e+00, Loss_bcs: 2.724e-02, Loss_res: 2.420e-01,Time: 0.01
 np.max([max_grad_bcs , max_grad_res]): 3.172e+01
adaptive_bcs_val: 6.631e+01
adaptive_res_val: 1.131e+01
mean_grad_res: 2.901731
mean_grad_bcs: 0.035368
It: 32600, Loss: 7.215e+00, Loss_bcs: 3.664e-02, Loss_res: 4.232e-01,Time: 0.01
 np.max([max_grad_bcs , max_grad_res]): 4.957e+01
adaptive_bcs_val: 6.631e+01
adaptive_res_val: 1.131e+01
mean_grad_res: 3.019949
mean_grad_bcs: 0.029742
It: 32700, Loss: 4.085e+00, Loss_bcs: 2.831e-02, Loss_res: 1.953e-01,Time: 0.01
 np.max([max_grad_bcs , max_grad_res]): 2.023e+01
adaptive_bcs_val: 6.631e+01
adaptive_res_val: 1.131e+01
mean_grad_res: 2.561561
mean_grad_bcs: 0.035016
It: 32800, Loss: 5.876e+00, Loss_bcs: 3.018e-02, Loss_res: 3.427e-01,Time: 0.01
 np.max([max_grad_bcs , max_grad_res]): 1.582e+01
adaptive_bcs_val: 6.631e+01
adaptive_res_val: 1.131e+01
mean_grad_res: 2.117362
mean_grad_bcs: 0.030077
It: 32900, Loss: 6.191e+00, Loss_bcs: 3.000e-02, Loss_res: 3.716e-01,Time: 0.01
 np.max([max_grad_bcs , max_grad_res]): 3.364e+01
adaptive_bcs_val: 6.631e+01
adaptive_res_val: 1.131e+01
mean_grad_res: 3.772974
mean_grad_bcs: 0.026448
It: 33000, Loss: 9.999e+00, Loss_bcs: 3.066e-02, Loss_res: 7.044e-01,Time: 0.01
 np.max([max_grad_bcs , max_grad_res]): 4.840e+01
adaptive_bcs_val: 6.631e+01
adaptive_res_val: 1.131e+01
mean_grad_res: 4.179338
mean_grad_bcs: 0.028526
It: 33100, Loss: 6.769e+00, Loss_bcs: 2.425e-02, Loss_res: 4.564e-01,Time: 0.01
 np.max([max_grad_bcs , max_grad_res]): 2.403e+01
adaptive_bcs_val: 6.631e+01
adaptive_res_val: 1.131e+01
mean_grad_res: 2.785233
mean_grad_bcs: 0.030591
It: 33200, Loss: 6.841e+00, Loss_bcs: 3.046e-02, Loss_res: 4.264e-01,Time: 0.01
 np.max([max_grad_bcs , max_grad_res]): 2.068e+01
adaptive_bcs_val: 6.631e+01
adaptive_res_val: 1.131e+01
mean_grad_res: 2.595590
mean_grad_bcs: 0.033139
It: 33300, Loss: 5.523e+00, Loss_bcs: 3.043e-02, Loss_res: 3.099e-01,Time: 0.01
 np.max([max_grad_bcs , max_grad_res]): 2.636e+01
adaptive_bcs_val: 6.631e+01
adaptive_res_val: 1.131e+01
mean_grad_res: 3.371053
mean_grad_bcs: 0.029707
It: 33400, Loss: 5.054e+00, Loss_bcs: 2.993e-02, Loss_res: 2.714e-01,Time: 0.01
 np.max([max_grad_bcs , max_grad_res]): 3.784e+01
adaptive_bcs_val: 6.631e+01
adaptive_res_val: 1.131e+01
mean_grad_res: 3.155468
mean_grad_bcs: 0.030957
It: 33500, Loss: 5.048e+00, Loss_bcs: 3.301e-02, Loss_res: 2.529e-01,Time: 0.01
 np.max([max_grad_bcs , max_grad_res]): 4.344e+01
adaptive_bcs_val: 6.631e+01
adaptive_res_val: 1.131e+01
mean_grad_res: 3.539200
mean_grad_bcs: 0.032186
It: 33600, Loss: 5.639e+00, Loss_bcs: 3.228e-02, Loss_res: 3.095e-01,Time: 0.01
 np.max([max_grad_bcs , max_grad_res]): 3.226e+01
adaptive_bcs_val: 6.631e+01
adaptive_res_val: 1.131e+01
mean_grad_res: 3.168417
mean_grad_bcs: 0.029249
It: 33700, Loss: 6.903e+00, Loss_bcs: 2.703e-02, Loss_res: 4.520e-01,Time: 0.01
 np.max([max_grad_bcs , max_grad_res]): 4.076e+01
adaptive_bcs_val: 6.631e+01
adaptive_res_val: 1.131e+01
mean_grad_res: 3.618166
mean_grad_bcs: 0.030144
It: 33800, Loss: 6.865e+00, Loss_bcs: 2.999e-02, Loss_res: 4.312e-01,Time: 0.01
 np.max([max_grad_bcs , max_grad_res]): 3.537e+01
adaptive_bcs_val: 6.631e+01
adaptive_res_val: 1.131e+01
mean_grad_res: 4.702305
mean_grad_bcs: 0.026109
It: 33900, Loss: 7.327e+00, Loss_bcs: 2.913e-02, Loss_res: 4.772e-01,Time: 0.01
 np.max([max_grad_bcs , max_grad_res]): 3.045e+01
adaptive_bcs_val: 6.631e+01
adaptive_res_val: 1.131e+01
mean_grad_res: 2.890577
mean_grad_bcs: 0.028683
It: 34000, Loss: 9.247e+00, Loss_bcs: 2.859e-02, Loss_res: 6.501e-01,Time: 0.01
 np.max([max_grad_bcs , max_grad_res]): 3.771e+01
adaptive_bcs_val: 6.631e+01
adaptive_res_val: 1.131e+01
mean_grad_res: 3.952477
mean_grad_bcs: 0.033376
It: 34100, Loss: 6.537e+00, Loss_bcs: 3.065e-02, Loss_res: 3.984e-01,Time: 0.01
 np.max([max_grad_bcs , max_grad_res]): 5.130e+01
adaptive_bcs_val: 6.631e+01
adaptive_res_val: 1.131e+01
mean_grad_res: 5.514320
mean_grad_bcs: 0.028618
It: 34200, Loss: 1.070e+01, Loss_bcs: 3.239e-02, Loss_res: 7.567e-01,Time: 0.01
 np.max([max_grad_bcs , max_grad_res]): 3.646e+01
adaptive_bcs_val: 6.631e+01
adaptive_res_val: 1.131e+01
mean_grad_res: 3.014042
mean_grad_bcs: 0.030920
It: 34300, Loss: 3.894e+00, Loss_bcs: 2.766e-02, Loss_res: 1.822e-01,Time: 0.01
 np.max([max_grad_bcs , max_grad_res]): 2.993e+01
adaptive_bcs_val: 6.631e+01
adaptive_res_val: 1.131e+01
mean_grad_res: 2.444097
mean_grad_bcs: 0.029598
It: 34400, Loss: 1.133e+01, Loss_bcs: 3.174e-02, Loss_res: 8.160e-01,Time: 0.01
 np.max([max_grad_bcs , max_grad_res]): 4.054e+01
adaptive_bcs_val: 6.631e+01
adaptive_res_val: 1.131e+01
mean_grad_res: 5.200342
mean_grad_bcs: 0.029371
It: 34500, Loss: 6.236e+00, Loss_bcs: 2.720e-02, Loss_res: 3.920e-01,Time: 0.01
 np.max([max_grad_bcs , max_grad_res]): 1.701e+01
adaptive_bcs_val: 6.631e+01
adaptive_res_val: 1.131e+01
mean_grad_res: 2.079254
mean_grad_bcs: 0.029855
It: 34600, Loss: 4.400e+00, Loss_bcs: 2.896e-02, Loss_res: 2.193e-01,Time: 0.01
 np.max([max_grad_bcs , max_grad_res]): 4.720e+01
adaptive_bcs_val: 6.631e+01
adaptive_res_val: 1.131e+01
mean_grad_res: 3.248388
mean_grad_bcs: 0.040354
It: 34700, Loss: 6.907e+00, Loss_bcs: 3.019e-02, Loss_res: 4.338e-01,Time: 0.01
 np.max([max_grad_bcs , max_grad_res]): 2.421e+01
adaptive_bcs_val: 6.631e+01
adaptive_res_val: 1.131e+01
mean_grad_res: 2.581898
mean_grad_bcs: 0.028501
It: 34800, Loss: 8.166e+00, Loss_bcs: 2.953e-02, Loss_res: 5.490e-01,Time: 0.00
 np.max([max_grad_bcs , max_grad_res]): 1.646e+01
adaptive_bcs_val: 6.631e+01
adaptive_res_val: 1.131e+01
mean_grad_res: 1.635324
mean_grad_bcs: 0.028877
It: 34900, Loss: 6.292e+00, Loss_bcs: 2.852e-02, Loss_res: 3.892e-01,Time: 0.01
 np.max([max_grad_bcs , max_grad_res]): 3.650e+01
adaptive_bcs_val: 6.631e+01
adaptive_res_val: 1.131e+01
mean_grad_res: 3.309803
mean_grad_bcs: 0.034329
It: 35000, Loss: 8.044e+00, Loss_bcs: 2.831e-02, Loss_res: 5.454e-01,Time: 0.01
 np.max([max_grad_bcs , max_grad_res]): 2.191e+01
adaptive_bcs_val: 6.631e+01
adaptive_res_val: 1.131e+01
mean_grad_res: 2.136919
mean_grad_bcs: 0.029424
It: 35100, Loss: 3.900e+00, Loss_bcs: 2.834e-02, Loss_res: 1.787e-01,Time: 0.01
 np.max([max_grad_bcs , max_grad_res]): 3.229e+01
adaptive_bcs_val: 6.631e+01
adaptive_res_val: 1.131e+01
mean_grad_res: 3.192214
mean_grad_bcs: 0.032403
It: 35200, Loss: 5.942e+00, Loss_bcs: 3.239e-02, Loss_res: 3.356e-01,Time: 0.02
 np.max([max_grad_bcs , max_grad_res]): 3.155e+01
adaptive_bcs_val: 6.631e+01
adaptive_res_val: 1.131e+01
mean_grad_res: 2.777832
mean_grad_bcs: 0.033197
It: 35300, Loss: 7.032e+00, Loss_bcs: 3.002e-02, Loss_res: 4.458e-01,Time: 0.01
 np.max([max_grad_bcs , max_grad_res]): 2.470e+01
adaptive_bcs_val: 6.631e+01
adaptive_res_val: 1.131e+01
mean_grad_res: 2.509265
mean_grad_bcs: 0.027895
It: 35400, Loss: 6.163e+00, Loss_bcs: 3.068e-02, Loss_res: 3.652e-01,Time: 0.01
 np.max([max_grad_bcs , max_grad_res]): 3.016e+01
adaptive_bcs_val: 6.631e+01
adaptive_res_val: 1.131e+01
mean_grad_res: 2.931635
mean_grad_bcs: 0.028694
It: 35500, Loss: 7.112e+00, Loss_bcs: 3.225e-02, Loss_res: 4.398e-01,Time: 0.01
 np.max([max_grad_bcs , max_grad_res]): 1.838e+01
adaptive_bcs_val: 6.631e+01
adaptive_res_val: 1.131e+01
mean_grad_res: 2.157213
mean_grad_bcs: 0.037561
It: 35600, Loss: 6.304e+00, Loss_bcs: 3.213e-02, Loss_res: 3.690e-01,Time: 0.02
 np.max([max_grad_bcs , max_grad_res]): 2.476e+01
adaptive_bcs_val: 6.631e+01
adaptive_res_val: 1.131e+01
mean_grad_res: 2.213583
mean_grad_bcs: 0.026604
It: 35700, Loss: 5.736e+00, Loss_bcs: 2.954e-02, Loss_res: 3.341e-01,Time: 0.01
 np.max([max_grad_bcs , max_grad_res]): 1.515e+01
adaptive_bcs_val: 6.631e+01
adaptive_res_val: 1.131e+01
mean_grad_res: 2.180253
mean_grad_bcs: 0.029817
It: 35800, Loss: 3.837e+00, Loss_bcs: 2.725e-02, Loss_res: 1.795e-01,Time: 0.01
 np.max([max_grad_bcs , max_grad_res]): 1.201e+01
adaptive_bcs_val: 6.631e+01
adaptive_res_val: 1.131e+01
mean_grad_res: 1.524328
mean_grad_bcs: 0.029661
It: 35900, Loss: 5.157e+00, Loss_bcs: 3.025e-02, Loss_res: 2.787e-01,Time: 0.01
 np.max([max_grad_bcs , max_grad_res]): 4.910e+01
adaptive_bcs_val: 6.631e+01
adaptive_res_val: 1.131e+01
mean_grad_res: 4.381560
mean_grad_bcs: 0.030368
It: 36000, Loss: 6.542e+00, Loss_bcs: 3.116e-02, Loss_res: 3.959e-01,Time: 0.01
 np.max([max_grad_bcs , max_grad_res]): 2.017e+01
adaptive_bcs_val: 6.631e+01
adaptive_res_val: 1.131e+01
mean_grad_res: 2.159963
mean_grad_bcs: 0.035696
It: 36100, Loss: 6.776e+00, Loss_bcs: 3.516e-02, Loss_res: 3.930e-01,Time: 0.01
 np.max([max_grad_bcs , max_grad_res]): 2.762e+01
adaptive_bcs_val: 6.631e+01
adaptive_res_val: 1.131e+01
mean_grad_res: 2.776668
mean_grad_bcs: 0.028868
It: 36200, Loss: 4.846e+00, Loss_bcs: 2.794e-02, Loss_res: 2.647e-01,Time: 0.01
 np.max([max_grad_bcs , max_grad_res]): 1.270e+01
adaptive_bcs_val: 6.631e+01
adaptive_res_val: 1.131e+01
mean_grad_res: 1.605715
mean_grad_bcs: 0.029245
It: 36300, Loss: 6.871e+00, Loss_bcs: 3.015e-02, Loss_res: 4.308e-01,Time: 0.01
 np.max([max_grad_bcs , max_grad_res]): 3.185e+01
adaptive_bcs_val: 6.631e+01
adaptive_res_val: 1.131e+01
mean_grad_res: 3.243098
mean_grad_bcs: 0.032722
It: 36400, Loss: 5.076e+00, Loss_bcs: 3.032e-02, Loss_res: 2.711e-01,Time: 0.01
 np.max([max_grad_bcs , max_grad_res]): 4.714e+01
adaptive_bcs_val: 6.631e+01
adaptive_res_val: 1.131e+01
mean_grad_res: 3.298931
mean_grad_bcs: 0.028406
It: 36500, Loss: 4.060e+00, Loss_bcs: 2.948e-02, Loss_res: 1.862e-01,Time: 0.01
 np.max([max_grad_bcs , max_grad_res]): 1.159e+01
adaptive_bcs_val: 6.631e+01
adaptive_res_val: 1.131e+01
mean_grad_res: 1.356598
mean_grad_bcs: 0.048993
It: 36600, Loss: 7.742e+00, Loss_bcs: 2.939e-02, Loss_res: 5.123e-01,Time: 0.01
 np.max([max_grad_bcs , max_grad_res]): 5.026e+01
adaptive_bcs_val: 6.631e+01
adaptive_res_val: 1.131e+01
mean_grad_res: 4.719866
mean_grad_bcs: 0.031331
It: 36700, Loss: 4.508e+00, Loss_bcs: 3.081e-02, Loss_res: 2.180e-01,Time: 0.01
 np.max([max_grad_bcs , max_grad_res]): 2.251e+01
adaptive_bcs_val: 6.631e+01
adaptive_res_val: 1.131e+01
mean_grad_res: 2.090901
mean_grad_bcs: 0.031802
It: 36800, Loss: 5.771e+00, Loss_bcs: 2.827e-02, Loss_res: 3.446e-01,Time: 0.01
 np.max([max_grad_bcs , max_grad_res]): 4.381e+01
adaptive_bcs_val: 6.631e+01
adaptive_res_val: 1.131e+01
mean_grad_res: 3.949681
mean_grad_bcs: 0.026078
It: 36900, Loss: 4.001e+00, Loss_bcs: 2.707e-02, Loss_res: 1.951e-01,Time: 0.01
 np.max([max_grad_bcs , max_grad_res]): 1.210e+01
adaptive_bcs_val: 6.631e+01
adaptive_res_val: 1.131e+01
mean_grad_res: 1.568492
mean_grad_bcs: 0.027968
It: 37000, Loss: 5.630e+00, Loss_bcs: 3.157e-02, Loss_res: 3.127e-01,Time: 0.01
 np.max([max_grad_bcs , max_grad_res]): 1.570e+01
adaptive_bcs_val: 6.631e+01
adaptive_res_val: 1.131e+01
mean_grad_res: 1.737904
mean_grad_bcs: 0.031023
It: 37100, Loss: 5.500e+00, Loss_bcs: 3.242e-02, Loss_res: 2.963e-01,Time: 0.01
 np.max([max_grad_bcs , max_grad_res]): 3.839e+01
adaptive_bcs_val: 6.631e+01
adaptive_res_val: 1.131e+01
mean_grad_res: 3.525446
mean_grad_bcs: 0.027819
It: 37200, Loss: 4.387e+00, Loss_bcs: 2.863e-02, Loss_res: 2.201e-01,Time: 0.01
 np.max([max_grad_bcs , max_grad_res]): 4.689e+01
adaptive_bcs_val: 6.631e+01
adaptive_res_val: 1.131e+01
mean_grad_res: 3.500468
mean_grad_bcs: 0.030787
It: 37300, Loss: 5.153e+00, Loss_bcs: 2.826e-02, Loss_res: 2.900e-01,Time: 0.01
 np.max([max_grad_bcs , max_grad_res]): 4.486e+01
adaptive_bcs_val: 6.631e+01
adaptive_res_val: 1.131e+01
mean_grad_res: 3.881450
mean_grad_bcs: 0.028722
It: 37400, Loss: 4.450e+00, Loss_bcs: 2.682e-02, Loss_res: 2.363e-01,Time: 0.01
 np.max([max_grad_bcs , max_grad_res]): 3.834e+01
adaptive_bcs_val: 6.631e+01
adaptive_res_val: 1.131e+01
mean_grad_res: 3.061324
mean_grad_bcs: 0.033275
It: 37500, Loss: 5.338e+00, Loss_bcs: 3.199e-02, Loss_res: 2.845e-01,Time: 0.01
 np.max([max_grad_bcs , max_grad_res]): 1.849e+01
adaptive_bcs_val: 6.631e+01
adaptive_res_val: 1.131e+01
mean_grad_res: 2.053386
mean_grad_bcs: 0.037768
It: 37600, Loss: 6.335e+00, Loss_bcs: 2.816e-02, Loss_res: 3.951e-01,Time: 0.01
 np.max([max_grad_bcs , max_grad_res]): 6.584e+01
adaptive_bcs_val: 6.631e+01
adaptive_res_val: 1.131e+01
mean_grad_res: 4.660076
mean_grad_bcs: 0.027823
It: 37700, Loss: 5.609e+00, Loss_bcs: 3.158e-02, Loss_res: 3.108e-01,Time: 0.01
 np.max([max_grad_bcs , max_grad_res]): 2.177e+01
adaptive_bcs_val: 6.631e+01
adaptive_res_val: 1.131e+01
mean_grad_res: 2.656748
mean_grad_bcs: 0.033676
It: 37800, Loss: 5.160e+00, Loss_bcs: 2.734e-02, Loss_res: 2.960e-01,Time: 0.01
 np.max([max_grad_bcs , max_grad_res]): 4.563e+01
adaptive_bcs_val: 6.631e+01
adaptive_res_val: 1.131e+01
mean_grad_res: 3.236812
mean_grad_bcs: 0.025444
It: 37900, Loss: 7.227e+00, Loss_bcs: 2.709e-02, Loss_res: 4.802e-01,Time: 0.01
 np.max([max_grad_bcs , max_grad_res]): 2.832e+01
adaptive_bcs_val: 6.631e+01
adaptive_res_val: 1.131e+01
mean_grad_res: 3.386963
mean_grad_bcs: 0.032386
It: 38000, Loss: 5.735e+00, Loss_bcs: 3.076e-02, Loss_res: 3.268e-01,Time: 0.01
 np.max([max_grad_bcs , max_grad_res]): 2.545e+01
adaptive_bcs_val: 6.631e+01
adaptive_res_val: 1.131e+01
mean_grad_res: 2.343232
mean_grad_bcs: 0.027501
It: 38100, Loss: 5.124e+00, Loss_bcs: 3.538e-02, Loss_res: 2.457e-01,Time: 0.01
 np.max([max_grad_bcs , max_grad_res]): 1.297e+01
adaptive_bcs_val: 6.631e+01
adaptive_res_val: 1.131e+01
mean_grad_res: 1.340020
mean_grad_bcs: 0.043886
It: 38200, Loss: 3.960e+00, Loss_bcs: 3.069e-02, Loss_res: 1.703e-01,Time: 0.01
 np.max([max_grad_bcs , max_grad_res]): 2.632e+01
adaptive_bcs_val: 6.631e+01
adaptive_res_val: 1.131e+01
mean_grad_res: 2.094951
mean_grad_bcs: 0.033367
It: 38300, Loss: 5.652e+00, Loss_bcs: 2.835e-02, Loss_res: 3.336e-01,Time: 0.01
 np.max([max_grad_bcs , max_grad_res]): 3.462e+01
adaptive_bcs_val: 6.631e+01
adaptive_res_val: 1.131e+01
mean_grad_res: 3.620124
mean_grad_bcs: 0.034840
It: 38400, Loss: 3.889e+00, Loss_bcs: 2.907e-02, Loss_res: 1.734e-01,Time: 0.01
 np.max([max_grad_bcs , max_grad_res]): 1.727e+01
adaptive_bcs_val: 6.631e+01
adaptive_res_val: 1.131e+01
mean_grad_res: 2.117483
mean_grad_bcs: 0.025893
It: 38500, Loss: 4.922e+00, Loss_bcs: 2.615e-02, Loss_res: 2.820e-01,Time: 0.01
 np.max([max_grad_bcs , max_grad_res]): 2.115e+01
adaptive_bcs_val: 6.631e+01
adaptive_res_val: 1.131e+01
mean_grad_res: 1.803429
mean_grad_bcs: 0.027096
It: 38600, Loss: 5.799e+00, Loss_bcs: 2.901e-02, Loss_res: 3.427e-01,Time: 0.01
 np.max([max_grad_bcs , max_grad_res]): 2.115e+01
adaptive_bcs_val: 6.631e+01
adaptive_res_val: 1.131e+01
mean_grad_res: 2.064802
mean_grad_bcs: 0.034256
It: 38700, Loss: 5.357e+00, Loss_bcs: 2.622e-02, Loss_res: 3.200e-01,Time: 0.01
 np.max([max_grad_bcs , max_grad_res]): 3.974e+01
adaptive_bcs_val: 6.631e+01
adaptive_res_val: 1.131e+01
mean_grad_res: 3.772299
mean_grad_bcs: 0.032792
It: 38800, Loss: 4.181e+00, Loss_bcs: 2.792e-02, Loss_res: 2.060e-01,Time: 0.01
 np.max([max_grad_bcs , max_grad_res]): 2.359e+01
adaptive_bcs_val: 6.631e+01
adaptive_res_val: 1.131e+01
mean_grad_res: 1.990530
mean_grad_bcs: 0.033916
It: 38900, Loss: 7.035e+00, Loss_bcs: 2.615e-02, Loss_res: 4.688e-01,Time: 0.01
 np.max([max_grad_bcs , max_grad_res]): 2.609e+01
adaptive_bcs_val: 6.631e+01
adaptive_res_val: 1.131e+01
mean_grad_res: 3.195937
mean_grad_bcs: 0.031331
It: 39000, Loss: 5.592e+00, Loss_bcs: 2.929e-02, Loss_res: 3.228e-01,Time: 0.01
 np.max([max_grad_bcs , max_grad_res]): 4.518e+01
adaptive_bcs_val: 6.631e+01
adaptive_res_val: 1.131e+01
mean_grad_res: 3.766572
mean_grad_bcs: 0.026400
It: 39100, Loss: 6.210e+00, Loss_bcs: 2.591e-02, Loss_res: 3.973e-01,Time: 0.01
 np.max([max_grad_bcs , max_grad_res]): 2.539e+01
adaptive_bcs_val: 6.631e+01
adaptive_res_val: 1.131e+01
mean_grad_res: 2.609468
mean_grad_bcs: 0.024163
It: 39200, Loss: 4.961e+00, Loss_bcs: 2.779e-02, Loss_res: 2.758e-01,Time: 0.01
 np.max([max_grad_bcs , max_grad_res]): 1.876e+01
adaptive_bcs_val: 6.631e+01
adaptive_res_val: 1.131e+01
mean_grad_res: 1.847969
mean_grad_bcs: 0.026897
It: 39300, Loss: 6.577e+00, Loss_bcs: 2.617e-02, Loss_res: 4.282e-01,Time: 0.01
 np.max([max_grad_bcs , max_grad_res]): 4.105e+01
adaptive_bcs_val: 6.631e+01
adaptive_res_val: 1.131e+01
mean_grad_res: 3.624904
mean_grad_bcs: 0.028081
It: 39400, Loss: 3.886e+00, Loss_bcs: 3.256e-02, Loss_res: 1.528e-01,Time: 0.01
 np.max([max_grad_bcs , max_grad_res]): 2.768e+01
adaptive_bcs_val: 6.631e+01
adaptive_res_val: 1.131e+01
mean_grad_res: 2.899152
mean_grad_bcs: 0.031657
It: 39500, Loss: 5.227e+00, Loss_bcs: 2.732e-02, Loss_res: 3.020e-01,Time: 0.01
 np.max([max_grad_bcs , max_grad_res]): 1.069e+01
adaptive_bcs_val: 6.631e+01
adaptive_res_val: 1.131e+01
mean_grad_res: 1.397505
mean_grad_bcs: 0.026497
It: 39600, Loss: 5.513e+00, Loss_bcs: 2.643e-02, Loss_res: 3.326e-01,Time: 0.01
 np.max([max_grad_bcs , max_grad_res]): 1.301e+01
adaptive_bcs_val: 6.631e+01
adaptive_res_val: 1.131e+01
mean_grad_res: 1.711927
mean_grad_bcs: 0.031634
It: 39700, Loss: 5.476e+00, Loss_bcs: 2.388e-02, Loss_res: 3.443e-01,Time: 0.01
 np.max([max_grad_bcs , max_grad_res]): 3.581e+01
adaptive_bcs_val: 6.631e+01
adaptive_res_val: 1.131e+01
mean_grad_res: 2.940194
mean_grad_bcs: 0.027961
It: 39800, Loss: 7.441e+00, Loss_bcs: 3.051e-02, Loss_res: 4.791e-01,Time: 0.01
 np.max([max_grad_bcs , max_grad_res]): 6.280e+01
adaptive_bcs_val: 6.631e+01
adaptive_res_val: 1.131e+01
mean_grad_res: 5.869077
mean_grad_bcs: 0.031472
It: 39900, Loss: 6.655e+00, Loss_bcs: 2.932e-02, Loss_res: 4.166e-01,Time: 0.01
 np.max([max_grad_bcs , max_grad_res]): 2.761e+01
adaptive_bcs_val: 6.631e+01
adaptive_res_val: 1.131e+01
mean_grad_res: 2.631586
mean_grad_bcs: 0.035941
Gradients information stored ...
It: 40000, Loss: 4.388e+00, Loss_bcs: 2.984e-02, Loss_res: 2.130e-01,Time: 0.80
 np.max([max_grad_bcs , max_grad_res]): 4.788e+01
adaptive_bcs_val: 6.631e+01
adaptive_res_val: 1.131e+01
mean_grad_res: 3.276686
mean_grad_bcs: 0.028909
Relative L2 error_u: 6.87e-02
Relative L2 error_f: 9.03e-03
Save uv NN parameters successfully in %s ...checkpoints/Jan-16-2024_14-02-50-056377_M2
Final loss total loss: 4.481844e+00
Final loss loss_res: 2.213760e-01
Final loss loss_bc1: 1.053988e-02
Final loss loss_bc2: 3.688315e-03
Final loss loss_bc3: 9.556448e-03
Final loss loss_bc4: 6.054680e-03
average lambda_bc6.6311e+01
average lambda_res1.0


Method: mini_batch

average of time_list:3.2358e+02
average of error_u_list:6.8718e-02
average of error_v_list:9.0283e-03
