Gradients information stored ...
lambda_balance loss_bc1: [1.4395527]
updating  lamda for loss loss_bc1:   [0.066506036]
updating  lamda for loss loss_bc2:   [2.]
updating  lamda for loss loss_ics_u:   [2.]
updating  lamda for loss loss_ics_ut:   [2.]
Gradients information stored ...
lambda_balance loss_bc1: [1.1574178]
lambda_balance loss_ics_u: [2.2518375]
updating  lamda for loss loss_bc1:   [0.034847032]
updating  lamda for loss loss_bc2:   [2.]
updating  lamda for loss loss_ics_u:   [0.17130437]
updating  lamda for loss loss_ics_ut:   [2.]
lambda_balance loss_ics_u: [1.7827605]
updating  lamda for loss loss_bc1:   [0.034847032]
updating  lamda for loss loss_bc2:   [2.]
updating  lamda for loss loss_ics_u:   [0.0015928809]
updating  lamda for loss loss_ics_ut:   [2.]
lambda_balance loss_ics_u: [1.0569582]
updating  lamda for loss loss_bc1:   [0.034847032]
updating  lamda for loss loss_bc2:   [2.]
updating  lamda for loss loss_ics_u:   [0.003957347]
updating  lamda for loss loss_ics_ut:   [2.]
lambda_balance loss_bc1: [1.0020326]
lambda_balance loss_ics_u: [1.008632]
updating  lamda for loss loss_bc1:   [0.017802777]
updating  lamda for loss loss_bc2:   [2.]
updating  lamda for loss loss_ics_u:   [0.0015217579]
updating  lamda for loss loss_ics_ut:   [2.]
lambda_balance loss_bc1: [1.0005871]
lambda_balance loss_ics_u: [1.0055699]
updating  lamda for loss loss_bc1:   [0.016310643]
updating  lamda for loss loss_bc2:   [2.]
updating  lamda for loss loss_ics_u:   [0.0010843283]
updating  lamda for loss loss_ics_ut:   [2.]
lambda_balance loss_bc1: [1.0008923]
lambda_balance loss_ics_u: [1.0038958]
updating  lamda for loss loss_bc1:   [0.011453213]
updating  lamda for loss loss_bc2:   [2.]
updating  lamda for loss loss_ics_u:   [0.0006233193]
updating  lamda for loss loss_ics_ut:   [2.]
lambda_balance loss_bc1: [1.0006484]
lambda_balance loss_ics_u: [1.002644]
updating  lamda for loss loss_bc1:   [0.014454857]
updating  lamda for loss loss_bc2:   [2.]
updating  lamda for loss loss_ics_u:   [0.0005694503]
updating  lamda for loss loss_ics_ut:   [2.]
lambda_balance loss_bc1: [1.0008624]
lambda_balance loss_ics_u: [1.0013669]
updating  lamda for loss loss_bc1:   [0.024392875]
updating  lamda for loss loss_bc2:   [2.]
updating  lamda for loss loss_ics_u:   [0.00073785096]
updating  lamda for loss loss_ics_ut:   [2.]
lambda_balance loss_bc1: [1.0015637]
updating  lamda for loss loss_bc1:   [0.028959254]
updating  lamda for loss loss_bc2:   [2.]
updating  lamda for loss loss_ics_u:   [0.00073785096]
updating  lamda for loss loss_ics_ut:   [2.]
Gradients information stored ...
lambda_balance loss_bc1: [1.0016202]
updating  lamda for loss loss_bc1:   [0.015096904]
updating  lamda for loss loss_bc2:   [2.]
updating  lamda for loss loss_ics_u:   [0.00073785096]
updating  lamda for loss loss_ics_ut:   [2.]
lambda_balance loss_bc1: [1.001685]
lambda_balance loss_ics_u: [1.0004915]
updating  lamda for loss loss_bc1:   [0.054008283]
updating  lamda for loss loss_bc2:   [2.]
updating  lamda for loss loss_ics_u:   [0.0013330079]
updating  lamda for loss loss_ics_ut:   [2.]
lambda_balance loss_bc1: [1.0039732]
updating  lamda for loss loss_bc1:   [0.041681267]
updating  lamda for loss loss_bc2:   [2.]
updating  lamda for loss loss_ics_u:   [0.0013330079]
updating  lamda for loss loss_ics_ut:   [2.]
lambda_balance loss_bc1: [1.0039368]
updating  lamda for loss loss_bc1:   [0.0143339345]
updating  lamda for loss loss_bc2:   [2.]
updating  lamda for loss loss_ics_u:   [0.0013330079]
updating  lamda for loss loss_ics_ut:   [2.]
lambda_balance loss_bc1: [1.0033813]
lambda_balance loss_ics_u: [1.0029638]
updating  lamda for loss loss_bc1:   [0.0073480043]
updating  lamda for loss loss_bc2:   [2.]
updating  lamda for loss loss_ics_u:   [0.00026411697]
updating  lamda for loss loss_ics_ut:   [2.]
lambda_balance loss_bc1: [1.0001854]
lambda_balance loss_ics_u: [1.0026965]
updating  lamda for loss loss_bc1:   [0.0022069253]
updating  lamda for loss loss_bc2:   [2.]
updating  lamda for loss loss_ics_u:   [7.076308e-05]
updating  lamda for loss loss_ics_ut:   [2.]
lambda_balance loss_ics_u: [1.0027652]
updating  lamda for loss loss_bc1:   [0.0022069253]
updating  lamda for loss loss_bc2:   [2.]
updating  lamda for loss loss_ics_u:   [0.0001336772]
updating  lamda for loss loss_ics_ut:   [2.]
lambda_balance loss_ics_u: [1.0028095]
updating  lamda for loss loss_bc1:   [0.0022069253]
updating  lamda for loss loss_bc2:   [2.]
updating  lamda for loss loss_ics_u:   [0.00019087997]
updating  lamda for loss loss_ics_ut:   [2.]
lambda_balance loss_bc1: [1.000022]
lambda_balance loss_ics_u: [1.0034322]
updating  lamda for loss loss_bc1:   [0.004383128]
updating  lamda for loss loss_bc2:   [2.]
updating  lamda for loss loss_ics_u:   [0.00012376205]
updating  lamda for loss loss_ics_ut:   [2.]
lambda_balance loss_ics_u: [1.0025623]
updating  lamda for loss loss_bc1:   [0.004383128]
updating  lamda for loss loss_bc2:   [2.]
updating  lamda for loss loss_ics_u:   [0.00026824768]
updating  lamda for loss loss_ics_ut:   [2.]
lambda_balance loss_bc1: [1.0004992]
lambda_balance loss_ics_u: [1.0029373]
updating  lamda for loss loss_bc1:   [0.004616966]
updating  lamda for loss loss_bc2:   [2.]
updating  lamda for loss loss_ics_u:   [0.00013161032]
updating  lamda for loss loss_ics_ut:   [2.]
lambda_balance loss_bc1: [1.0001556]
lambda_balance loss_ics_u: [1.0020171]
updating  lamda for loss loss_bc1:   [0.017553002]
updating  lamda for loss loss_bc2:   [2.]
updating  lamda for loss loss_ics_u:   [0.00037623663]
updating  lamda for loss loss_ics_ut:   [2.]
lambda_balance loss_bc1: [1.0018553]
updating  lamda for loss loss_bc1:   [0.026436081]
updating  lamda for loss loss_bc2:   [2.]
updating  lamda for loss loss_ics_u:   [0.00037623663]
updating  lamda for loss loss_ics_ut:   [2.]
lambda_balance loss_bc1: [1.0018239]
updating  lamda for loss loss_bc1:   [0.017075652]
updating  lamda for loss loss_bc2:   [2.]
updating  lamda for loss loss_ics_u:   [0.00037623663]
updating  lamda for loss loss_ics_ut:   [2.]
lambda_balance loss_bc1: [1.0017245]
updating  lamda for loss loss_bc1:   [0.010197622]
updating  lamda for loss loss_bc2:   [2.]
updating  lamda for loss loss_ics_u:   [0.00037623663]
updating  lamda for loss loss_ics_ut:   [2.]
lambda_balance loss_bc1: [1.0013237]
lambda_balance loss_ics_u: [1.0009483]
updating  lamda for loss loss_bc1:   [0.02550084]
updating  lamda for loss loss_bc2:   [2.]
updating  lamda for loss loss_ics_u:   [0.0005192148]
updating  lamda for loss loss_ics_ut:   [2.]
lambda_balance loss_bc1: [1.0024126]
updating  lamda for loss loss_bc1:   [0.0059112324]
updating  lamda for loss loss_bc2:   [2.]
updating  lamda for loss loss_ics_u:   [0.0005192148]
updating  lamda for loss loss_ics_ut:   [2.]
lambda_balance loss_bc1: [1.0015838]
lambda_balance loss_ics_u: [1.004768]
updating  lamda for loss loss_bc1:   [0.0039580856]
updating  lamda for loss loss_bc2:   [2.]
updating  lamda for loss loss_ics_u:   [0.000121483514]
updating  lamda for loss loss_ics_ut:   [2.]
lambda_balance loss_ics_u: [1.0040165]
updating  lamda for loss loss_bc1:   [0.0039580856]
updating  lamda for loss loss_bc2:   [2.]
updating  lamda for loss loss_ics_u:   [4.23285e-05]
updating  lamda for loss loss_ics_ut:   [2.]
lambda_balance loss_ics_u: [1.0017897]
updating  lamda for loss loss_bc1:   [0.0039580856]
updating  lamda for loss loss_bc2:   [2.]
updating  lamda for loss loss_ics_u:   [0.00012727763]
updating  lamda for loss loss_ics_ut:   [2.]
lambda_balance loss_bc1: [1.0004001]
lambda_balance loss_ics_u: [1.0016767]
updating  lamda for loss loss_bc1:   [0.007592464]
updating  lamda for loss loss_bc2:   [2.]
updating  lamda for loss loss_ics_u:   [0.00013388797]
updating  lamda for loss loss_ics_ut:   [2.]
lambda_balance loss_bc1: [1.0007095]
lambda_balance loss_ics_u: [1.0006105]
updating  lamda for loss loss_bc1:   [0.004379525]
updating  lamda for loss loss_bc2:   [2.]
updating  lamda for loss loss_ics_u:   [5.416778e-05]
updating  lamda for loss loss_ics_ut:   [2.]
lambda_balance loss_bc1: [1.0002385]
lambda_balance loss_ics_u: [1.0004827]
updating  lamda for loss loss_bc1:   [0.015019243]
updating  lamda for loss loss_bc2:   [2.]
updating  lamda for loss loss_ics_u:   [0.0001511664]
updating  lamda for loss loss_ics_ut:   [2.]
lambda_balance loss_bc1: [1.0010204]
updating  lamda for loss loss_bc1:   [0.01809203]
updating  lamda for loss loss_bc2:   [2.]
updating  lamda for loss loss_ics_u:   [0.0001511664]
updating  lamda for loss loss_ics_ut:   [2.]
lambda_balance loss_bc1: [1.0009617]
updating  lamda for loss loss_bc1:   [0.043634795]
updating  lamda for loss loss_bc2:   [2.]
updating  lamda for loss loss_ics_u:   [0.0001511664]
updating  lamda for loss loss_ics_ut:   [2.]
lambda_balance loss_bc1: [1.0010027]
updating  lamda for loss loss_bc1:   [0.01092308]
updating  lamda for loss loss_bc2:   [2.]
updating  lamda for loss loss_ics_u:   [0.0001511664]
updating  lamda for loss loss_ics_ut:   [2.]
lambda_balance loss_bc1: [1.0011332]
updating  lamda for loss loss_bc1:   [0.017303063]
updating  lamda for loss loss_bc2:   [2.]
updating  lamda for loss loss_ics_u:   [0.0001511664]
updating  lamda for loss loss_ics_ut:   [2.]
lambda_balance loss_bc1: [1.0011262]
updating  lamda for loss loss_bc1:   [0.039712764]
updating  lamda for loss loss_bc2:   [2.]
updating  lamda for loss loss_ics_u:   [0.0001511664]
updating  lamda for loss loss_ics_ut:   [2.]
lambda_balance loss_bc1: [1.0011587]
updating  lamda for loss loss_bc1:   [0.024708994]
updating  lamda for loss loss_bc2:   [2.]
updating  lamda for loss loss_ics_u:   [0.0001511664]
updating  lamda for loss loss_ics_ut:   [2.]
lambda_balance loss_bc1: [1.0012548]
updating  lamda for loss loss_bc1:   [0.042867623]
updating  lamda for loss loss_bc2:   [2.]
updating  lamda for loss loss_ics_u:   [0.0001511664]
updating  lamda for loss loss_ics_ut:   [2.]
lambda_balance loss_bc1: [1.001289]
updating  lamda for loss loss_bc1:   [0.046237692]
updating  lamda for loss loss_bc2:   [2.]
updating  lamda for loss loss_ics_u:   [0.0001511664]
updating  lamda for loss loss_ics_ut:   [2.]
lambda_balance loss_bc1: [1.0013855]
updating  lamda for loss loss_bc1:   [0.03947282]
updating  lamda for loss loss_bc2:   [2.]
updating  lamda for loss loss_ics_u:   [0.0001511664]
updating  lamda for loss loss_ics_ut:   [2.]
lambda_balance loss_bc1: [1.0011499]
updating  lamda for loss loss_bc1:   [0.01528349]
updating  lamda for loss loss_bc2:   [2.]
updating  lamda for loss loss_ics_u:   [0.0001511664]
updating  lamda for loss loss_ics_ut:   [2.]
lambda_balance loss_bc1: [1.0011324]
updating  lamda for loss loss_bc1:   [0.077364475]
updating  lamda for loss loss_bc2:   [2.]
updating  lamda for loss loss_ics_u:   [0.0001511664]
updating  lamda for loss loss_ics_ut:   [2.]
lambda_balance loss_bc1: [1.0014338]
updating  lamda for loss loss_bc1:   [0.047417667]
updating  lamda for loss loss_bc2:   [2.]
updating  lamda for loss loss_ics_u:   [0.0001511664]
updating  lamda for loss loss_ics_ut:   [2.]
lambda_balance loss_bc1: [1.0014956]
updating  lamda for loss loss_bc1:   [0.24431294]
updating  lamda for loss loss_bc2:   [2.]
updating  lamda for loss loss_ics_u:   [0.0001511664]
updating  lamda for loss loss_ics_ut:   [2.]
lambda_balance loss_bc1: [1.0015199]
updating  lamda for loss loss_bc1:   [0.030432748]
updating  lamda for loss loss_bc2:   [2.]
updating  lamda for loss loss_ics_u:   [0.0001511664]
updating  lamda for loss loss_ics_ut:   [2.]
lambda_balance loss_bc1: [1.0013885]
updating  lamda for loss loss_bc1:   [0.05017063]
updating  lamda for loss loss_bc2:   [2.]
updating  lamda for loss loss_ics_u:   [0.0001511664]
updating  lamda for loss loss_ics_ut:   [2.]
lambda_balance loss_bc1: [1.0013555]
updating  lamda for loss loss_bc1:   [0.12556672]
updating  lamda for loss loss_bc2:   [2.]
updating  lamda for loss loss_ics_u:   [0.0001511664]
updating  lamda for loss loss_ics_ut:   [2.]
lambda_balance loss_bc1: [1.0016744]
updating  lamda for loss loss_bc1:   [0.23052774]
updating  lamda for loss loss_bc2:   [2.]
updating  lamda for loss loss_ics_u:   [0.0001511664]
updating  lamda for loss loss_ics_ut:   [2.]
lambda_balance loss_bc1: [1.0014324]
updating  lamda for loss loss_bc1:   [0.0862622]
updating  lamda for loss loss_bc2:   [2.]
updating  lamda for loss loss_ics_u:   [0.0001511664]
updating  lamda for loss loss_ics_ut:   [2.]
lambda_balance loss_bc1: [1.0016835]
updating  lamda for loss loss_bc1:   [0.015525178]
updating  lamda for loss loss_bc2:   [2.]
updating  lamda for loss loss_ics_u:   [0.0001511664]
updating  lamda for loss loss_ics_ut:   [2.]
lambda_balance loss_bc1: [1.0015614]
updating  lamda for loss loss_bc1:   [0.023743393]
updating  lamda for loss loss_bc2:   [2.]
updating  lamda for loss loss_ics_u:   [0.0001511664]
updating  lamda for loss loss_ics_ut:   [2.]
lambda_balance loss_bc1: [1.0017288]
updating  lamda for loss loss_bc1:   [0.02813039]
updating  lamda for loss loss_bc2:   [2.]
updating  lamda for loss loss_ics_u:   [0.0001511664]
updating  lamda for loss loss_ics_ut:   [2.]
lambda_balance loss_bc1: [1.0018928]
updating  lamda for loss loss_bc1:   [0.17713413]
updating  lamda for loss loss_bc2:   [2.]
updating  lamda for loss loss_ics_u:   [0.0001511664]
updating  lamda for loss loss_ics_ut:   [2.]
lambda_balance loss_bc1: [1.0018005]
updating  lamda for loss loss_bc1:   [0.4683897]
updating  lamda for loss loss_bc2:   [2.]
updating  lamda for loss loss_ics_u:   [0.0001511664]
updating  lamda for loss loss_ics_ut:   [2.]
lambda_balance loss_bc1: [1.0018985]
updating  lamda for loss loss_bc1:   [0.059843533]
updating  lamda for loss loss_bc2:   [2.]
updating  lamda for loss loss_ics_u:   [0.0001511664]
updating  lamda for loss loss_ics_ut:   [2.]
lambda_balance loss_bc1: [1.0017165]
updating  lamda for loss loss_bc1:   [0.07277148]
updating  lamda for loss loss_bc2:   [2.]
updating  lamda for loss loss_ics_u:   [0.0001511664]
updating  lamda for loss loss_ics_ut:   [2.]
lambda_balance loss_bc1: [1.0018473]
updating  lamda for loss loss_bc1:   [0.052974526]
updating  lamda for loss loss_bc2:   [2.]
updating  lamda for loss loss_ics_u:   [0.0001511664]
updating  lamda for loss loss_ics_ut:   [2.]
lambda_balance loss_bc1: [1.0018266]
updating  lamda for loss loss_bc1:   [0.033458408]
updating  lamda for loss loss_bc2:   [2.]
updating  lamda for loss loss_ics_u:   [0.0001511664]
updating  lamda for loss loss_ics_ut:   [2.]
lambda_balance loss_bc1: [1.0022022]
updating  lamda for loss loss_bc1:   [0.009593519]
updating  lamda for loss loss_bc2:   [2.]
updating  lamda for loss loss_ics_u:   [0.0001511664]
updating  lamda for loss loss_ics_ut:   [2.]
lambda_balance loss_bc1: [1.0014887]
lambda_balance loss_ics_u: [1.00012]
updating  lamda for loss loss_bc1:   [0.0031696565]
updating  lamda for loss loss_bc2:   [2.]
updating  lamda for loss loss_ics_u:   [3.2123422e-05]
updating  lamda for loss loss_ics_ut:   [2.]
lambda_balance loss_bc1: [1.0002981]
lambda_balance loss_ics_u: [1.000352]
updating  lamda for loss loss_bc1:   [0.001919573]
updating  lamda for loss loss_bc2:   [2.]
updating  lamda for loss loss_ics_u:   [1.2785723e-05]
updating  lamda for loss loss_ics_ut:   [2.]
lambda_balance loss_bc1: [1.0000882]
lambda_balance loss_ics_u: [1.0002501]
updating  lamda for loss loss_bc1:   [0.011859214]
updating  lamda for loss loss_bc2:   [2.]
updating  lamda for loss loss_ics_u:   [6.322965e-05]
updating  lamda for loss loss_ics_ut:   [2.]
lambda_balance loss_bc1: [1.0008278]
updating  lamda for loss loss_bc1:   [0.008360779]
updating  lamda for loss loss_bc2:   [2.]
updating  lamda for loss loss_ics_u:   [6.322965e-05]
updating  lamda for loss loss_ics_ut:   [2.]
lambda_balance loss_bc1: [1.0006531]
updating  lamda for loss loss_bc1:   [0.020005766]
updating  lamda for loss loss_bc2:   [2.]
updating  lamda for loss loss_ics_u:   [6.322965e-05]
updating  lamda for loss loss_ics_ut:   [2.]
lambda_balance loss_bc1: [1.0009851]
updating  lamda for loss loss_bc1:   [0.06587253]
updating  lamda for loss loss_bc2:   [2.]
updating  lamda for loss loss_ics_u:   [6.322965e-05]
updating  lamda for loss loss_ics_ut:   [2.]
lambda_balance loss_bc1: [1.0010604]
updating  lamda for loss loss_bc1:   [0.010350382]
updating  lamda for loss loss_bc2:   [2.]
updating  lamda for loss loss_ics_u:   [6.322965e-05]
updating  lamda for loss loss_ics_ut:   [2.]
lambda_balance loss_bc1: [1.000841]
updating  lamda for loss loss_bc1:   [0.02370025]
updating  lamda for loss loss_bc2:   [2.]
updating  lamda for loss loss_ics_u:   [6.322965e-05]
updating  lamda for loss loss_ics_ut:   [2.]
lambda_balance loss_bc1: [1.0008966]
updating  lamda for loss loss_bc1:   [0.023656674]
updating  lamda for loss loss_bc2:   [2.]
updating  lamda for loss loss_ics_u:   [6.322965e-05]
updating  lamda for loss loss_ics_ut:   [2.]
lambda_balance loss_bc1: [1.0008819]
updating  lamda for loss loss_bc1:   [0.010281483]
updating  lamda for loss loss_bc2:   [2.]
updating  lamda for loss loss_ics_u:   [6.322965e-05]
updating  lamda for loss loss_ics_ut:   [2.]
lambda_balance loss_bc1: [1.0008824]
updating  lamda for loss loss_bc1:   [0.017131196]
updating  lamda for loss loss_bc2:   [2.]
updating  lamda for loss loss_ics_u:   [6.322965e-05]
updating  lamda for loss loss_ics_ut:   [2.]
lambda_balance loss_bc1: [1.0011369]
updating  lamda for loss loss_bc1:   [0.3296919]
updating  lamda for loss loss_bc2:   [2.]
updating  lamda for loss loss_ics_u:   [6.322965e-05]
updating  lamda for loss loss_ics_ut:   [2.]
lambda_balance loss_bc1: [1.0010488]
updating  lamda for loss loss_bc1:   [1.5536953]
updating  lamda for loss loss_bc2:   [2.]
updating  lamda for loss loss_ics_u:   [6.322965e-05]
updating  lamda for loss loss_ics_ut:   [2.]
lambda_balance loss_bc1: [1.0007797]
updating  lamda for loss loss_bc1:   [0.28067756]
updating  lamda for loss loss_bc2:   [2.]
updating  lamda for loss loss_ics_u:   [6.322965e-05]
updating  lamda for loss loss_ics_ut:   [2.]
lambda_balance loss_bc1: [1.0008818]
updating  lamda for loss loss_bc1:   [0.13941646]
updating  lamda for loss loss_bc2:   [2.]
updating  lamda for loss loss_ics_u:   [6.322965e-05]
updating  lamda for loss loss_ics_ut:   [2.]
lambda_balance loss_bc1: [1.0009131]
updating  lamda for loss loss_bc1:   [0.08634382]
updating  lamda for loss loss_bc2:   [2.]
updating  lamda for loss loss_ics_u:   [6.322965e-05]
updating  lamda for loss loss_ics_ut:   [2.]
lambda_balance loss_bc1: [1.0009199]
updating  lamda for loss loss_bc1:   [0.09061439]
updating  lamda for loss loss_bc2:   [2.]
updating  lamda for loss loss_ics_u:   [6.322965e-05]
updating  lamda for loss loss_ics_ut:   [2.]
lambda_balance loss_bc1: [1.00088]
updating  lamda for loss loss_bc1:   [0.065267]
updating  lamda for loss loss_bc2:   [2.]
updating  lamda for loss loss_ics_u:   [6.322965e-05]
updating  lamda for loss loss_ics_ut:   [2.]
lambda_balance loss_bc1: [1.000991]
updating  lamda for loss loss_bc1:   [0.041404497]
updating  lamda for loss loss_bc2:   [2.]
updating  lamda for loss loss_ics_u:   [6.322965e-05]
updating  lamda for loss loss_ics_ut:   [2.]
lambda_balance loss_bc1: [1.0009227]
updating  lamda for loss loss_bc1:   [0.013566633]
updating  lamda for loss loss_bc2:   [2.]
updating  lamda for loss loss_ics_u:   [6.322965e-05]
updating  lamda for loss loss_ics_ut:   [2.]
lambda_balance loss_bc1: [1.001119]
updating  lamda for loss loss_bc1:   [0.0060439603]
updating  lamda for loss loss_bc2:   [2.]
updating  lamda for loss loss_ics_u:   [6.322965e-05]
updating  lamda for loss loss_ics_ut:   [2.]
lambda_balance loss_bc1: [1.000873]
lambda_balance loss_ics_u: [1.0000265]
updating  lamda for loss loss_bc1:   [0.0029841906]
updating  lamda for loss loss_bc2:   [2.]
updating  lamda for loss loss_ics_u:   [1.8137338e-05]
updating  lamda for loss loss_ics_ut:   [2.]
lambda_balance loss_bc1: [1.000244]
lambda_balance loss_ics_u: [1.0001189]
updating  lamda for loss loss_bc1:   [0.0029753211]
updating  lamda for loss loss_bc2:   [2.]
updating  lamda for loss loss_ics_u:   [1.239146e-05]
updating  lamda for loss loss_ics_ut:   [2.]
lambda_balance loss_bc1: [1.0001756]
lambda_balance loss_ics_u: [1.0000155]
updating  lamda for loss loss_bc1:   [0.01591153]
updating  lamda for loss loss_bc2:   [2.]
updating  lamda for loss loss_ics_u:   [4.5016794e-05]
updating  lamda for loss loss_ics_ut:   [2.]
lambda_balance loss_bc1: [1.0006877]
updating  lamda for loss loss_bc1:   [0.019086407]
updating  lamda for loss loss_bc2:   [2.]
updating  lamda for loss loss_ics_u:   [4.5016794e-05]
updating  lamda for loss loss_ics_ut:   [2.]
lambda_balance loss_bc1: [1.0008584]
updating  lamda for loss loss_bc1:   [0.00544746]
updating  lamda for loss loss_bc2:   [2.]
updating  lamda for loss loss_ics_u:   [4.5016794e-05]
updating  lamda for loss loss_ics_ut:   [2.]
lambda_balance loss_bc1: [1.0008117]
updating  lamda for loss loss_bc1:   [0.0070100077]
updating  lamda for loss loss_bc2:   [2.]
updating  lamda for loss loss_ics_u:   [4.5016794e-05]
updating  lamda for loss loss_ics_ut:   [2.]
lambda_balance loss_bc1: [1.0007939]
updating  lamda for loss loss_bc1:   [0.009921141]
updating  lamda for loss loss_bc2:   [2.]
updating  lamda for loss loss_ics_u:   [4.5016794e-05]
updating  lamda for loss loss_ics_ut:   [2.]
lambda_balance loss_bc1: [1.0007861]
updating  lamda for loss loss_bc1:   [0.0023123147]
updating  lamda for loss loss_bc2:   [2.]
updating  lamda for loss loss_ics_u:   [4.5016794e-05]
updating  lamda for loss loss_ics_ut:   [2.]
lambda_balance loss_bc1: [1.0005499]
lambda_balance loss_ics_u: [1.0009995]
updating  lamda for loss loss_bc1:   [0.001827966]
updating  lamda for loss loss_bc2:   [2.]
updating  lamda for loss loss_ics_u:   [1.6477594e-05]
updating  lamda for loss loss_ics_ut:   [2.]
lambda_balance loss_bc1: [1.000138]
lambda_balance loss_ics_u: [1.0006008]
updating  lamda for loss loss_bc1:   [0.0056166113]
updating  lamda for loss loss_bc2:   [2.]
updating  lamda for loss loss_ics_u:   [3.7528323e-05]
updating  lamda for loss loss_ics_ut:   [2.]
lambda_balance loss_bc1: [1.0006034]
updating  lamda for loss loss_bc1:   [0.01252505]
updating  lamda for loss loss_bc2:   [2.]
updating  lamda for loss loss_ics_u:   [3.7528323e-05]
updating  lamda for loss loss_ics_ut:   [2.]
lambda_balance loss_bc1: [1.0006818]
updating  lamda for loss loss_bc1:   [0.016317926]
updating  lamda for loss loss_bc2:   [2.]
updating  lamda for loss loss_ics_u:   [3.7528323e-05]
updating  lamda for loss loss_ics_ut:   [2.]
lambda_balance loss_bc1: [1.0006934]
updating  lamda for loss loss_bc1:   [0.012323153]
updating  lamda for loss loss_bc2:   [2.]
updating  lamda for loss loss_ics_u:   [3.7528323e-05]
updating  lamda for loss loss_ics_ut:   [2.]
lambda_balance loss_bc1: [1.0007926]
updating  lamda for loss loss_bc1:   [0.008857853]
updating  lamda for loss loss_bc2:   [2.]
updating  lamda for loss loss_ics_u:   [3.7528323e-05]
updating  lamda for loss loss_ics_ut:   [2.]
lambda_balance loss_bc1: [1.0007577]
updating  lamda for loss loss_bc1:   [0.022816638]
updating  lamda for loss loss_bc2:   [2.]
updating  lamda for loss loss_ics_u:   [3.7528323e-05]
updating  lamda for loss loss_ics_ut:   [2.]
lambda_balance loss_bc1: [1.0006413]
updating  lamda for loss loss_bc1:   [0.019088142]
updating  lamda for loss loss_bc2:   [2.]
updating  lamda for loss loss_ics_u:   [3.7528323e-05]
updating  lamda for loss loss_ics_ut:   [2.]
lambda_balance loss_bc1: [1.0007544]
updating  lamda for loss loss_bc1:   [0.1902358]
updating  lamda for loss loss_bc2:   [2.]
updating  lamda for loss loss_ics_u:   [3.7528323e-05]
updating  lamda for loss loss_ics_ut:   [2.]
lambda_balance loss_bc1: [1.0006921]
updating  lamda for loss loss_bc1:   [0.06745002]
updating  lamda for loss loss_bc2:   [2.]
updating  lamda for loss loss_ics_u:   [3.7528323e-05]
updating  lamda for loss loss_ics_ut:   [2.]
lambda_balance loss_bc1: [1.0008516]
updating  lamda for loss loss_bc1:   [1.0469794]
updating  lamda for loss loss_bc2:   [2.]
updating  lamda for loss loss_ics_u:   [3.7528323e-05]
updating  lamda for loss loss_ics_ut:   [2.]
lambda_balance loss_bc1: [1.0009081]
updating  lamda for loss loss_bc1:   [1.6809976]
updating  lamda for loss loss_bc2:   [2.]
updating  lamda for loss loss_ics_u:   [3.7528323e-05]
updating  lamda for loss loss_ics_ut:   [2.]
lambda_balance loss_bc1: [1.0008535]
updating  lamda for loss loss_bc1:   [0.27914584]
updating  lamda for loss loss_bc2:   [2.]
updating  lamda for loss loss_ics_u:   [3.7528323e-05]
updating  lamda for loss loss_ics_ut:   [2.]
lambda_balance loss_bc1: [1.0007902]
updating  lamda for loss loss_bc1:   [0.061414607]
updating  lamda for loss loss_bc2:   [2.]
updating  lamda for loss loss_ics_u:   [3.7528323e-05]
updating  lamda for loss loss_ics_ut:   [2.]
lambda_balance loss_bc1: [1.0009134]
updating  lamda for loss loss_bc1:   [0.030491889]
updating  lamda for loss loss_bc2:   [2.]
updating  lamda for loss loss_ics_u:   [3.7528323e-05]
updating  lamda for loss loss_ics_ut:   [2.]
lambda_balance loss_bc1: [1.0008568]
updating  lamda for loss loss_bc1:   [0.0052588615]
updating  lamda for loss loss_bc2:   [2.]
updating  lamda for loss loss_ics_u:   [3.7528323e-05]
updating  lamda for loss loss_ics_ut:   [2.]
lambda_balance loss_bc1: [1.0006337]
updating  lamda for loss loss_bc1:   [0.0024633235]
updating  lamda for loss loss_bc2:   [2.]
updating  lamda for loss loss_ics_u:   [3.7528323e-05]
updating  lamda for loss loss_ics_ut:   [2.]
lambda_balance loss_bc1: [1.0005926]
lambda_balance loss_ics_u: [1.0008047]
updating  lamda for loss loss_bc1:   [0.0014687319]
updating  lamda for loss loss_bc2:   [2.]
updating  lamda for loss loss_ics_u:   [1.02502745e-05]
updating  lamda for loss loss_ics_ut:   [2.]
lambda_balance loss_bc1: [1.0000852]
lambda_balance loss_ics_u: [1.0005742]
updating  lamda for loss loss_bc1:   [0.00013912481]
updating  lamda for loss loss_bc2:   [2.]
updating  lamda for loss loss_ics_u:   [7.3493135e-07]
updating  lamda for loss loss_ics_ut:   [2.]
lambda_balance loss_ics_u: [1.0006136]
updating  lamda for loss loss_bc1:   [0.00013912481]
updating  lamda for loss loss_bc2:   [2.]
updating  lamda for loss loss_ics_u:   [1.0526204e-05]
updating  lamda for loss loss_ics_ut:   [2.]
lambda_balance loss_ics_u: [1.001436]
updating  lamda for loss loss_bc1:   [0.00013912481]
updating  lamda for loss loss_bc2:   [2.]
updating  lamda for loss loss_ics_u:   [8.630405e-06]
updating  lamda for loss loss_ics_ut:   [2.]
lambda_balance loss_ics_u: [1.0025295]
updating  lamda for loss loss_bc1:   [0.00013912481]
updating  lamda for loss loss_bc2:   [2.]
updating  lamda for loss loss_ics_u:   [1.5997119e-06]
updating  lamda for loss loss_ics_ut:   [2.]
lambda_balance loss_ics_u: [1.0025285]
updating  lamda for loss loss_bc1:   [0.00013912481]
updating  lamda for loss loss_bc2:   [2.]
updating  lamda for loss loss_ics_u:   [4.1474273e-06]
updating  lamda for loss loss_ics_ut:   [2.]
lambda_balance loss_ics_u: [1.0027571]
updating  lamda for loss loss_bc1:   [0.00013912481]
updating  lamda for loss loss_bc2:   [2.]
updating  lamda for loss loss_ics_u:   [8.237517e-06]
updating  lamda for loss loss_ics_ut:   [2.]
lambda_balance loss_ics_u: [1.0039384]
updating  lamda for loss loss_bc1:   [0.00013912481]
updating  lamda for loss loss_bc2:   [2.]
updating  lamda for loss loss_ics_u:   [1.3077916e-05]
updating  lamda for loss loss_ics_ut:   [2.]
lambda_balance loss_ics_u: [1.0068543]
updating  lamda for loss loss_bc1:   [0.00013912481]
updating  lamda for loss loss_bc2:   [2.]
updating  lamda for loss loss_ics_u:   [9.5016285e-06]
updating  lamda for loss loss_ics_ut:   [2.]
lambda_balance loss_ics_u: [1.0091769]
updating  lamda for loss loss_bc1:   [0.00013912481]
updating  lamda for loss loss_bc2:   [2.]
updating  lamda for loss loss_ics_u:   [1.5140895e-05]
updating  lamda for loss loss_ics_ut:   [2.]
lambda_balance loss_ics_u: [1.0141213]
updating  lamda for loss loss_bc1:   [0.00013912481]
updating  lamda for loss loss_bc2:   [2.]
updating  lamda for loss loss_ics_u:   [6.5303548e-06]
updating  lamda for loss loss_ics_ut:   [2.]
lambda_balance loss_ics_u: [1.0149894]
updating  lamda for loss loss_bc1:   [0.00013912481]
updating  lamda for loss loss_bc2:   [2.]
updating  lamda for loss loss_ics_u:   [4.5805837e-06]
updating  lamda for loss loss_ics_ut:   [2.]
lambda_balance loss_ics_u: [1.0140955]
updating  lamda for loss loss_bc1:   [0.00013912481]
updating  lamda for loss loss_bc2:   [2.]
updating  lamda for loss loss_ics_u:   [3.5043925e-06]
updating  lamda for loss loss_ics_ut:   [2.]
lambda_balance loss_ics_u: [1.0126824]
updating  lamda for loss loss_bc1:   [0.00013912481]
updating  lamda for loss loss_bc2:   [2.]
updating  lamda for loss loss_ics_u:   [1.8659008e-05]
updating  lamda for loss loss_ics_ut:   [2.]
lambda_balance loss_ics_u: [1.0211546]
updating  lamda for loss loss_bc1:   [0.00013912481]
updating  lamda for loss loss_bc2:   [2.]
updating  lamda for loss loss_ics_u:   [3.720578e-06]
updating  lamda for loss loss_ics_ut:   [2.]
lambda_balance loss_ics_u: [1.0162851]
updating  lamda for loss loss_bc1:   [0.00013912481]
updating  lamda for loss loss_bc2:   [2.]
updating  lamda for loss loss_ics_u:   [0.00016001961]
updating  lamda for loss loss_ics_ut:   [2.]
lambda_balance loss_ics_u: [1.4133527]
updating  lamda for loss loss_bc1:   [0.00013912481]
updating  lamda for loss loss_bc2:   [2.]
updating  lamda for loss loss_ics_u:   [5.580391e-05]
updating  lamda for loss loss_ics_ut:   [2.]
lambda_balance loss_ics_u: [1.0123209]
updating  lamda for loss loss_bc1:   [0.00013912481]
updating  lamda for loss loss_bc2:   [2.]
updating  lamda for loss loss_ics_u:   [8.8283894e-05]
updating  lamda for loss loss_ics_ut:   [2.]
lambda_balance loss_ics_u: [1.2020719]
updating  lamda for loss loss_bc1:   [0.00013912481]
updating  lamda for loss loss_bc2:   [2.]
updating  lamda for loss loss_ics_u:   [2.6040396e-05]
updating  lamda for loss loss_ics_ut:   [2.]
lambda_balance loss_ics_u: [1.2400303]
updating  lamda for loss loss_bc1:   [0.00013912481]
updating  lamda for loss loss_bc2:   [2.]
updating  lamda for loss loss_ics_u:   [3.2141917e-05]
updating  lamda for loss loss_ics_ut:   [2.]
lambda_balance loss_ics_u: [1.2756948]
updating  lamda for loss loss_bc1:   [0.00013912481]
updating  lamda for loss loss_bc2:   [2.]
updating  lamda for loss loss_ics_u:   [0.00012376888]
updating  lamda for loss loss_ics_ut:   [2.]
lambda_balance loss_ics_u: [1.8179153]
updating  lamda for loss loss_bc1:   [0.00013912481]
updating  lamda for loss loss_bc2:   [2.]
updating  lamda for loss loss_ics_u:   [3.7712867e-05]
updating  lamda for loss loss_ics_ut:   [2.]
lambda_balance loss_ics_u: [1.80652]
updating  lamda for loss loss_bc1:   [0.00013912481]
updating  lamda for loss loss_bc2:   [2.]
updating  lamda for loss loss_ics_u:   [4.5268254e-05]
updating  lamda for loss loss_ics_ut:   [2.]
lambda_balance loss_ics_u: [1.8074609]
updating  lamda for loss loss_bc1:   [0.00013912481]
updating  lamda for loss loss_bc2:   [2.]
updating  lamda for loss loss_ics_u:   [7.200512e-05]
updating  lamda for loss loss_ics_ut:   [2.]
lambda_balance loss_ics_u: [2.0621884]
updating  lamda for loss loss_bc1:   [0.00013912481]
updating  lamda for loss loss_bc2:   [2.]
updating  lamda for loss loss_ics_u:   [0.00023763663]
updating  lamda for loss loss_ics_ut:   [2.]
lambda_balance loss_ics_u: [1.8212367]
updating  lamda for loss loss_bc1:   [0.00013912481]
updating  lamda for loss loss_bc2:   [2.]
updating  lamda for loss loss_ics_u:   [0.00023036126]
updating  lamda for loss loss_ics_ut:   [2.]
lambda_balance loss_ics_u: [3.00859]
updating  lamda for loss loss_bc1:   [0.00013912481]
updating  lamda for loss loss_bc2:   [2.]
updating  lamda for loss loss_ics_u:   [0.00032402194]
updating  lamda for loss loss_ics_ut:   [2.]
lambda_balance loss_ics_u: [1.0532911]
updating  lamda for loss loss_bc1:   [0.00013912481]
updating  lamda for loss loss_bc2:   [2.]
updating  lamda for loss loss_ics_u:   [0.0007859967]
updating  lamda for loss loss_ics_ut:   [2.]
lambda_balance loss_ics_u: [1.6288615]
updating  lamda for loss loss_bc1:   [0.00013912481]
updating  lamda for loss loss_bc2:   [2.]
updating  lamda for loss loss_ics_u:   [0.0043835714]
updating  lamda for loss loss_ics_ut:   [2.]
lambda_balance loss_bc1: [1.1842018]
updating  lamda for loss loss_bc1:   [0.3308262]
updating  lamda for loss loss_bc2:   [2.]
updating  lamda for loss loss_ics_u:   [0.0043835714]
updating  lamda for loss loss_ics_ut:   [2.]
lambda_balance loss_bc1: [1.12224]
updating  lamda for loss loss_bc1:   [0.0031350488]
updating  lamda for loss loss_bc2:   [2.]
updating  lamda for loss loss_ics_u:   [0.0043835714]
updating  lamda for loss loss_ics_ut:   [2.]
lambda_balance loss_ics_u: [3.999446]
updating  lamda for loss loss_bc1:   [0.0031350488]
updating  lamda for loss loss_bc2:   [2.]
updating  lamda for loss loss_ics_u:   [0.00058540003]
updating  lamda for loss loss_ics_ut:   [2.]
lambda_balance loss_ics_u: [1.3732884]
updating  lamda for loss loss_bc1:   [0.0031350488]
updating  lamda for loss loss_bc2:   [2.]
updating  lamda for loss loss_ics_u:   [2.1685944e-05]
updating  lamda for loss loss_ics_ut:   [2.]
lambda_balance loss_ics_u: [1.0029203]
updating  lamda for loss loss_bc1:   [0.0031350488]
updating  lamda for loss loss_bc2:   [2.]
updating  lamda for loss loss_ics_u:   [1.8928478e-05]
updating  lamda for loss loss_ics_ut:   [2.]
lambda_balance loss_bc1: [1.0004102]
lambda_balance loss_ics_u: [1.0001771]
updating  lamda for loss loss_bc1:   [0.0035173637]
updating  lamda for loss loss_bc2:   [2.]
updating  lamda for loss loss_ics_u:   [2.1632928e-05]
updating  lamda for loss loss_ics_ut:   [2.]
lambda_balance loss_bc1: [1.0005237]
lambda_balance loss_ics_u: [1.0001168]
updating  lamda for loss loss_bc1:   [0.003666147]
updating  lamda for loss loss_bc2:   [2.]
updating  lamda for loss loss_ics_u:   [2.4752e-05]
updating  lamda for loss loss_ics_ut:   [2.]
lambda_balance loss_bc1: [1.0006317]
lambda_balance loss_ics_u: [1.0001059]
updating  lamda for loss loss_bc1:   [0.002266761]
updating  lamda for loss loss_bc2:   [2.]
updating  lamda for loss loss_ics_u:   [1.5710519e-05]
updating  lamda for loss loss_ics_ut:   [2.]
lambda_balance loss_bc1: [1.0003123]
lambda_balance loss_ics_u: [1.0003312]
updating  lamda for loss loss_bc1:   [0.0025959536]
updating  lamda for loss loss_bc2:   [2.]
updating  lamda for loss loss_ics_u:   [2.0009931e-05]
updating  lamda for loss loss_ics_ut:   [2.]
lambda_balance loss_bc1: [1.0005046]
lambda_balance loss_ics_u: [1.0002922]
updating  lamda for loss loss_bc1:   [0.0021905922]
updating  lamda for loss loss_bc2:   [2.]
updating  lamda for loss loss_ics_u:   [1.7214152e-05]
updating  lamda for loss loss_ics_ut:   [2.]
lambda_balance loss_bc1: [1.0004226]
lambda_balance loss_ics_u: [1.000364]
updating  lamda for loss loss_bc1:   [0.002233557]
updating  lamda for loss loss_bc2:   [2.]
updating  lamda for loss loss_ics_u:   [1.751776e-05]
updating  lamda for loss loss_ics_ut:   [2.]
lambda_balance loss_bc1: [1.0004064]
lambda_balance loss_ics_u: [1.0003595]
updating  lamda for loss loss_bc1:   [0.0031061086]
updating  lamda for loss loss_bc2:   [2.]
updating  lamda for loss loss_ics_u:   [2.412214e-05]
updating  lamda for loss loss_ics_ut:   [2.]
lambda_balance loss_bc1: [1.0005249]
lambda_balance loss_ics_u: [1.0003014]
updating  lamda for loss loss_bc1:   [0.00069438573]
updating  lamda for loss loss_bc2:   [2.]
updating  lamda for loss loss_ics_u:   [6.1890296e-06]
updating  lamda for loss loss_ics_ut:   [2.]
lambda_balance loss_ics_u: [1.000754]
updating  lamda for loss loss_bc1:   [0.00069438573]
updating  lamda for loss loss_bc2:   [2.]
updating  lamda for loss loss_ics_u:   [1.51666e-05]
updating  lamda for loss loss_ics_ut:   [2.]
lambda_balance loss_ics_u: [1.0023181]
updating  lamda for loss loss_bc1:   [0.00069438573]
updating  lamda for loss loss_bc2:   [2.]
updating  lamda for loss loss_ics_u:   [6.5149584e-06]
updating  lamda for loss loss_ics_ut:   [2.]
lambda_balance loss_ics_u: [1.0016952]
updating  lamda for loss loss_bc1:   [0.00069438573]
updating  lamda for loss loss_bc2:   [2.]
updating  lamda for loss loss_ics_u:   [6.3485927e-06]
updating  lamda for loss loss_ics_ut:   [2.]
lambda_balance loss_ics_u: [1.0011681]
updating  lamda for loss loss_bc1:   [0.00069438573]
updating  lamda for loss loss_bc2:   [2.]
updating  lamda for loss loss_ics_u:   [3.2466235e-06]
updating  lamda for loss loss_ics_ut:   [2.]
lambda_balance loss_ics_u: [1.0006421]
updating  lamda for loss loss_bc1:   [0.00069438573]
updating  lamda for loss loss_bc2:   [2.]
updating  lamda for loss loss_ics_u:   [1.619359e-05]
updating  lamda for loss loss_ics_ut:   [2.]
lambda_balance loss_ics_u: [1.0027443]
updating  lamda for loss loss_bc1:   [0.00069438573]
updating  lamda for loss loss_bc2:   [2.]
updating  lamda for loss loss_ics_u:   [1.6412889e-05]
updating  lamda for loss loss_ics_ut:   [2.]
lambda_balance loss_ics_u: [1.0043304]
updating  lamda for loss loss_bc1:   [0.00069438573]
updating  lamda for loss loss_bc2:   [2.]
updating  lamda for loss loss_ics_u:   [2.0183123e-05]
updating  lamda for loss loss_ics_ut:   [2.]
lambda_balance loss_ics_u: [1.0066123]
updating  lamda for loss loss_bc1:   [0.00069438573]
updating  lamda for loss loss_bc2:   [2.]
updating  lamda for loss loss_ics_u:   [2.6247849e-06]
updating  lamda for loss loss_ics_ut:   [2.]
lambda_balance loss_ics_u: [1.0016246]
updating  lamda for loss loss_bc1:   [0.00069438573]
updating  lamda for loss loss_bc2:   [2.]
updating  lamda for loss loss_ics_u:   [9.858144e-06]
updating  lamda for loss loss_ics_ut:   [2.]
lambda_balance loss_ics_u: [1.0018172]
updating  lamda for loss loss_bc1:   [0.00069438573]
updating  lamda for loss loss_bc2:   [2.]
updating  lamda for loss loss_ics_u:   [4.920443e-06]
updating  lamda for loss loss_ics_ut:   [2.]
lambda_balance loss_ics_u: [1.000905]
updating  lamda for loss loss_bc1:   [0.00069438573]
updating  lamda for loss loss_bc2:   [2.]
updating  lamda for loss loss_ics_u:   [1.4867523e-05]
updating  lamda for loss loss_ics_ut:   [2.]
lambda_balance loss_ics_u: [1.0029404]
updating  lamda for loss loss_bc1:   [0.00069438573]
updating  lamda for loss loss_bc2:   [2.]
updating  lamda for loss loss_ics_u:   [7.3726155e-06]
updating  lamda for loss loss_ics_ut:   [2.]
lambda_balance loss_ics_u: [1.0017451]
updating  lamda for loss loss_bc1:   [0.00069438573]
updating  lamda for loss loss_bc2:   [2.]
updating  lamda for loss loss_ics_u:   [1.3438504e-05]
updating  lamda for loss loss_ics_ut:   [2.]
lambda_balance loss_ics_u: [1.0029775]
updating  lamda for loss loss_bc1:   [0.00069438573]
updating  lamda for loss loss_bc2:   [2.]
updating  lamda for loss loss_ics_u:   [7.128068e-06]
updating  lamda for loss loss_ics_ut:   [2.]
lambda_balance loss_ics_u: [1.0015533]
updating  lamda for loss loss_bc1:   [0.00069438573]
updating  lamda for loss loss_bc2:   [2.]
updating  lamda for loss loss_ics_u:   [6.758895e-06]
updating  lamda for loss loss_ics_ut:   [2.]
lambda_balance loss_ics_u: [1.0011394]
updating  lamda for loss loss_bc1:   [0.00069438573]
updating  lamda for loss loss_bc2:   [2.]
updating  lamda for loss loss_ics_u:   [9.863857e-06]
updating  lamda for loss loss_ics_ut:   [2.]
lambda_balance loss_ics_u: [1.0017291]
updating  lamda for loss loss_bc1:   [0.00069438573]
updating  lamda for loss loss_bc2:   [2.]
updating  lamda for loss loss_ics_u:   [2.512214e-05]
updating  lamda for loss loss_ics_ut:   [2.]
lambda_balance loss_ics_u: [1.0095999]
updating  lamda for loss loss_bc1:   [0.00069438573]
updating  lamda for loss loss_bc2:   [2.]
updating  lamda for loss loss_ics_u:   [3.52061e-05]
updating  lamda for loss loss_ics_ut:   [2.]
lambda_balance loss_ics_u: [1.0207343]
updating  lamda for loss loss_bc1:   [0.00069438573]
updating  lamda for loss loss_bc2:   [2.]
updating  lamda for loss loss_ics_u:   [5.0854833e-05]
updating  lamda for loss loss_ics_ut:   [2.]
lambda_balance loss_ics_u: [1.0386186]
updating  lamda for loss loss_bc1:   [0.00069438573]
updating  lamda for loss loss_bc2:   [2.]
updating  lamda for loss loss_ics_u:   [0.0005911423]
updating  lamda for loss loss_ics_ut:   [2.]
lambda_balance loss_ics_u: [3.7246754]
updating  lamda for loss loss_bc1:   [0.00069438573]
updating  lamda for loss loss_bc2:   [2.]
updating  lamda for loss loss_ics_u:   [0.00028474876]
updating  lamda for loss loss_ics_ut:   [2.]
lambda_balance loss_ics_u: [2.750714]
updating  lamda for loss loss_bc1:   [0.00069438573]
updating  lamda for loss loss_bc2:   [2.]
updating  lamda for loss loss_ics_u:   [2.3436365e-05]
updating  lamda for loss loss_ics_ut:   [2.]
lambda_balance loss_ics_u: [1.0944256]
updating  lamda for loss loss_bc1:   [0.00069438573]
updating  lamda for loss loss_bc2:   [2.]
updating  lamda for loss loss_ics_u:   [1.3858133e-05]
updating  lamda for loss loss_ics_ut:   [2.]
lambda_balance loss_ics_u: [1.0096987]
updating  lamda for loss loss_bc1:   [0.00069438573]
updating  lamda for loss loss_bc2:   [2.]
updating  lamda for loss loss_ics_u:   [4.4683948e-06]
updating  lamda for loss loss_ics_ut:   [2.]
lambda_balance loss_ics_u: [1.0012491]
updating  lamda for loss loss_bc1:   [0.00069438573]
updating  lamda for loss loss_bc2:   [2.]
updating  lamda for loss loss_ics_u:   [2.5248271e-05]
updating  lamda for loss loss_ics_ut:   [2.]
lambda_balance loss_ics_u: [1.0112063]
updating  lamda for loss loss_bc1:   [0.00069438573]
updating  lamda for loss loss_bc2:   [2.]
updating  lamda for loss loss_ics_u:   [1.0384166e-05]
updating  lamda for loss loss_ics_ut:   [2.]
lambda_balance loss_ics_u: [1.0032128]
updating  lamda for loss loss_bc1:   [0.00069438573]
updating  lamda for loss loss_bc2:   [2.]
updating  lamda for loss loss_ics_u:   [2.1831851e-05]
updating  lamda for loss loss_ics_ut:   [2.]
lambda_balance loss_ics_u: [1.0092866]
updating  lamda for loss loss_bc1:   [0.00069438573]
updating  lamda for loss loss_bc2:   [2.]
updating  lamda for loss loss_ics_u:   [1.180822e-05]
updating  lamda for loss loss_ics_ut:   [2.]
lambda_balance loss_ics_u: [1.0035344]
updating  lamda for loss loss_bc1:   [0.00069438573]
updating  lamda for loss loss_bc2:   [2.]
updating  lamda for loss loss_ics_u:   [8.874692e-06]
updating  lamda for loss loss_ics_ut:   [2.]
lambda_balance loss_ics_u: [1.0018609]
updating  lamda for loss loss_bc1:   [0.00069438573]
updating  lamda for loss loss_bc2:   [2.]
updating  lamda for loss loss_ics_u:   [7.646531e-06]
updating  lamda for loss loss_ics_ut:   [2.]
lambda_balance loss_ics_u: [1.0013103]
updating  lamda for loss loss_bc1:   [0.00069438573]
updating  lamda for loss loss_bc2:   [2.]
updating  lamda for loss loss_ics_u:   [1.7204664e-05]
updating  lamda for loss loss_ics_ut:   [2.]
lambda_balance loss_ics_u: [1.0058764]
updating  lamda for loss loss_bc1:   [0.00069438573]
updating  lamda for loss loss_bc2:   [2.]
updating  lamda for loss loss_ics_u:   [4.2428533e-06]
updating  lamda for loss loss_ics_ut:   [2.]
lambda_balance loss_bc1: [1.0000008]
lambda_balance loss_ics_u: [1.0005543]
updating  lamda for loss loss_bc1:   [0.00039131165]
updating  lamda for loss loss_bc2:   [2.]
updating  lamda for loss loss_ics_u:   [3.259443e-06]
updating  lamda for loss loss_ics_ut:   [2.]
lambda_balance loss_ics_u: [1.0007832]
updating  lamda for loss loss_bc1:   [0.00039131165]
updating  lamda for loss loss_bc2:   [2.]
updating  lamda for loss loss_ics_u:   [7.036915e-06]
updating  lamda for loss loss_ics_ut:   [2.]
lambda_balance loss_ics_u: [1.0029116]
updating  lamda for loss loss_bc1:   [0.00039131165]
updating  lamda for loss loss_bc2:   [2.]
updating  lamda for loss loss_ics_u:   [9.63523e-06]
updating  lamda for loss loss_ics_ut:   [2.]
lambda_balance loss_ics_u: [1.005818]
updating  lamda for loss loss_bc1:   [0.00039131165]
updating  lamda for loss loss_bc2:   [2.]
updating  lamda for loss loss_ics_u:   [7.814413e-06]
updating  lamda for loss loss_ics_ut:   [2.]
lambda_balance loss_ics_u: [1.0045717]
updating  lamda for loss loss_bc1:   [0.00039131165]
updating  lamda for loss loss_bc2:   [2.]
updating  lamda for loss loss_ics_u:   [4.3050627e-06]
updating  lamda for loss loss_ics_ut:   [2.]
lambda_balance loss_ics_u: [1.0018322]
updating  lamda for loss loss_bc1:   [0.00039131165]
updating  lamda for loss loss_bc2:   [2.]
updating  lamda for loss loss_ics_u:   [6.2136687e-06]
updating  lamda for loss loss_ics_ut:   [2.]
lambda_balance loss_ics_u: [1.0026562]
updating  lamda for loss loss_bc1:   [0.00039131165]
updating  lamda for loss loss_bc2:   [2.]
updating  lamda for loss loss_ics_u:   [1.0818282e-05]
updating  lamda for loss loss_ics_ut:   [2.]
lambda_balance loss_ics_u: [1.0072107]
updating  lamda for loss loss_bc1:   [0.00039131165]
updating  lamda for loss loss_bc2:   [2.]
updating  lamda for loss loss_ics_u:   [3.0881638e-06]
updating  lamda for loss loss_ics_ut:   [2.]
lambda_balance loss_ics_u: [1.0012156]
updating  lamda for loss loss_bc1:   [0.00039131165]
updating  lamda for loss loss_bc2:   [2.]
updating  lamda for loss loss_ics_u:   [5.52921e-06]
updating  lamda for loss loss_ics_ut:   [2.]
lambda_balance loss_ics_u: [1.0020992]
updating  lamda for loss loss_bc1:   [0.00039131165]
updating  lamda for loss loss_bc2:   [2.]
updating  lamda for loss loss_ics_u:   [8.051351e-06]
updating  lamda for loss loss_ics_ut:   [2.]
lambda_balance loss_ics_u: [1.0046403]
updating  lamda for loss loss_bc1:   [0.00039131165]
updating  lamda for loss loss_bc2:   [2.]
updating  lamda for loss loss_ics_u:   [3.406382e-05]
updating  lamda for loss loss_ics_ut:   [2.]
lambda_balance loss_ics_u: [1.0707084]
updating  lamda for loss loss_bc1:   [0.00039131165]
updating  lamda for loss loss_bc2:   [2.]
updating  lamda for loss loss_ics_u:   [9.851634e-06]
updating  lamda for loss loss_ics_ut:   [2.]
lambda_balance loss_ics_u: [1.0173104]
updating  lamda for loss loss_bc1:   [0.00039131165]
updating  lamda for loss loss_bc2:   [2.]
updating  lamda for loss loss_ics_u:   [0.00013024268]
updating  lamda for loss loss_ics_ut:   [2.]
lambda_balance loss_ics_u: [2.044344]
updating  lamda for loss loss_bc1:   [0.00039131165]
updating  lamda for loss loss_bc2:   [2.]
updating  lamda for loss loss_ics_u:   [4.3573593e-05]
updating  lamda for loss loss_ics_ut:   [2.]
lambda_balance loss_ics_u: [1.1683307]
updating  lamda for loss loss_bc1:   [0.00039131165]
updating  lamda for loss loss_bc2:   [2.]
updating  lamda for loss loss_ics_u:   [8.663376e-06]
updating  lamda for loss loss_ics_ut:   [2.]
lambda_balance loss_ics_u: [1.0101339]
updating  lamda for loss loss_bc1:   [0.00039131165]
updating  lamda for loss loss_bc2:   [2.]
updating  lamda for loss loss_ics_u:   [1.792101e-05]
updating  lamda for loss loss_ics_ut:   [2.]
lambda_balance loss_ics_u: [1.0227802]
updating  lamda for loss loss_bc1:   [0.00039131165]
updating  lamda for loss loss_bc2:   [2.]
updating  lamda for loss loss_ics_u:   [2.327129e-05]
updating  lamda for loss loss_ics_ut:   [2.]
lambda_balance loss_ics_u: [1.0397781]
updating  lamda for loss loss_bc1:   [0.00039131165]
updating  lamda for loss loss_bc2:   [2.]
updating  lamda for loss loss_ics_u:   [6.222071e-06]
updating  lamda for loss loss_ics_ut:   [2.]
lambda_balance loss_ics_u: [1.0039134]
updating  lamda for loss loss_bc1:   [0.00039131165]
updating  lamda for loss loss_bc2:   [2.]
updating  lamda for loss loss_ics_u:   [1.6985132e-05]
updating  lamda for loss loss_ics_ut:   [2.]
lambda_balance loss_ics_u: [1.0207392]
updating  lamda for loss loss_bc1:   [0.00039131165]
updating  lamda for loss loss_bc2:   [2.]
updating  lamda for loss loss_ics_u:   [1.4949732e-05]
updating  lamda for loss loss_ics_ut:   [2.]
lambda_balance loss_ics_u: [1.0208459]
updating  lamda for loss loss_bc1:   [0.00039131165]
updating  lamda for loss loss_bc2:   [2.]
updating  lamda for loss loss_ics_u:   [9.140525e-06]
updating  lamda for loss loss_ics_ut:   [2.]
lambda_balance loss_ics_u: [1.006735]
updating  lamda for loss loss_bc1:   [0.00039131165]
updating  lamda for loss loss_bc2:   [2.]
updating  lamda for loss loss_ics_u:   [1.0077538e-05]
updating  lamda for loss loss_ics_ut:   [2.]
lambda_balance loss_ics_u: [1.0080124]
updating  lamda for loss loss_bc1:   [0.00039131165]
updating  lamda for loss loss_bc2:   [2.]
updating  lamda for loss loss_ics_u:   [5.6884573e-06]
updating  lamda for loss loss_ics_ut:   [2.]
lambda_balance loss_ics_u: [1.0025833]
updating  lamda for loss loss_bc1:   [0.00039131165]
updating  lamda for loss loss_bc2:   [2.]
updating  lamda for loss loss_ics_u:   [4.100351e-05]
updating  lamda for loss loss_ics_ut:   [2.]
lambda_balance loss_ics_u: [1.1220014]
updating  lamda for loss loss_bc1:   [0.00039131165]
updating  lamda for loss loss_bc2:   [2.]
updating  lamda for loss loss_ics_u:   [2.1479063e-05]
updating  lamda for loss loss_ics_ut:   [2.]
lambda_balance loss_ics_u: [1.0407653]
updating  lamda for loss loss_bc1:   [0.00039131165]
updating  lamda for loss loss_bc2:   [2.]
updating  lamda for loss loss_ics_u:   [0.00032466414]
updating  lamda for loss loss_ics_ut:   [2.]
lambda_balance loss_ics_u: [1.6986036]
updating  lamda for loss loss_bc1:   [0.00039131165]
updating  lamda for loss loss_bc2:   [2.]
updating  lamda for loss loss_ics_u:   [0.0013857399]
updating  lamda for loss loss_ics_ut:   [2.]
lambda_balance loss_ics_u: [3.999719]
updating  lamda for loss loss_bc1:   [0.00039131165]
updating  lamda for loss loss_bc2:   [2.]
updating  lamda for loss loss_ics_u:   [0.0029104084]
updating  lamda for loss loss_ics_ut:   [2.]
lambda_balance loss_ics_u: [4.]
updating  lamda for loss loss_bc1:   [0.00039131165]
updating  lamda for loss loss_bc2:   [2.]
updating  lamda for loss loss_ics_u:   [0.006667084]
updating  lamda for loss loss_ics_ut:   [2.]
lambda_balance loss_ics_u: [4.]
updating  lamda for loss loss_bc1:   [0.00039131165]
updating  lamda for loss loss_bc2:   [2.]
updating  lamda for loss loss_ics_u:   [0.011172884]
updating  lamda for loss loss_ics_ut:   [2.]
lambda_balance loss_ics_u: [4.]
updating  lamda for loss loss_bc1:   [0.00039131165]
updating  lamda for loss loss_bc2:   [2.]
updating  lamda for loss loss_ics_u:   [0.0113643175]
updating  lamda for loss loss_ics_ut:   [2.]
lambda_balance loss_ics_u: [4.]
updating  lamda for loss loss_bc1:   [0.00039131165]
updating  lamda for loss loss_bc2:   [2.]
updating  lamda for loss loss_ics_u:   [0.0021738962]
updating  lamda for loss loss_ics_ut:   [2.]
lambda_balance loss_ics_u: [4.]
updating  lamda for loss loss_bc1:   [0.00039131165]
updating  lamda for loss loss_bc2:   [2.]
updating  lamda for loss loss_ics_u:   [0.001239261]
updating  lamda for loss loss_ics_ut:   [2.]
lambda_balance loss_ics_u: [3.9999292]
updating  lamda for loss loss_bc1:   [0.00039131165]
updating  lamda for loss loss_bc2:   [2.]
updating  lamda for loss loss_ics_u:   [0.0002003652]
updating  lamda for loss loss_ics_ut:   [2.]
lambda_balance loss_ics_u: [2.9960303]
updating  lamda for loss loss_bc1:   [0.00039131165]
updating  lamda for loss loss_bc2:   [2.]
updating  lamda for loss loss_ics_u:   [0.0003191881]
updating  lamda for loss loss_ics_ut:   [2.]
lambda_balance loss_ics_u: [2.974378]
updating  lamda for loss loss_bc1:   [0.00039131165]
updating  lamda for loss loss_bc2:   [2.]
updating  lamda for loss loss_ics_u:   [0.00016987466]
updating  lamda for loss loss_ics_ut:   [2.]
lambda_balance loss_ics_u: [1.8952513]
updating  lamda for loss loss_bc1:   [0.00039131165]
updating  lamda for loss loss_bc2:   [2.]
updating  lamda for loss loss_ics_u:   [3.8592683e-05]
updating  lamda for loss loss_ics_ut:   [2.]
lambda_balance loss_ics_u: [1.1351867]
updating  lamda for loss loss_bc1:   [0.00039131165]
updating  lamda for loss loss_bc2:   [2.]
updating  lamda for loss loss_ics_u:   [0.00010279645]
updating  lamda for loss loss_ics_ut:   [2.]
lambda_balance loss_ics_u: [1.260564]
updating  lamda for loss loss_bc1:   [0.00039131165]
updating  lamda for loss loss_bc2:   [2.]
updating  lamda for loss loss_ics_u:   [2.311193e-05]
updating  lamda for loss loss_ics_ut:   [2.]
lambda_balance loss_ics_u: [1.0451624]
updating  lamda for loss loss_bc1:   [0.00039131165]
updating  lamda for loss loss_bc2:   [2.]
updating  lamda for loss loss_ics_u:   [7.9546706e-05]
updating  lamda for loss loss_ics_ut:   [2.]
lambda_balance loss_ics_u: [1.1498585]
updating  lamda for loss loss_bc1:   [0.00039131165]
updating  lamda for loss loss_bc2:   [2.]
updating  lamda for loss loss_ics_u:   [9.11998e-05]
updating  lamda for loss loss_ics_ut:   [2.]
lambda_balance loss_ics_u: [1.2040765]
updating  lamda for loss loss_bc1:   [0.00039131165]
updating  lamda for loss loss_bc2:   [2.]
updating  lamda for loss loss_ics_u:   [1.792245e-05]
updating  lamda for loss loss_ics_ut:   [2.]
lambda_balance loss_ics_u: [1.0247858]
updating  lamda for loss loss_bc1:   [0.00039131165]
updating  lamda for loss loss_bc2:   [2.]
updating  lamda for loss loss_ics_u:   [6.402574e-05]
updating  lamda for loss loss_ics_ut:   [2.]
lambda_balance loss_ics_u: [1.0968338]
updating  lamda for loss loss_bc1:   [0.00039131165]
updating  lamda for loss loss_bc2:   [2.]
updating  lamda for loss loss_ics_u:   [5.3590476e-05]
updating  lamda for loss loss_ics_ut:   [2.]
lambda_balance loss_ics_u: [1.0771166]
updating  lamda for loss loss_bc1:   [0.00039131165]
updating  lamda for loss loss_bc2:   [2.]
updating  lamda for loss loss_ics_u:   [5.2264528e-05]
updating  lamda for loss loss_ics_ut:   [2.]
lambda_balance loss_ics_u: [1.0726609]
updating  lamda for loss loss_bc1:   [0.00039131165]
updating  lamda for loss loss_bc2:   [2.]
updating  lamda for loss loss_ics_u:   [2.4850367e-05]
updating  lamda for loss loss_ics_ut:   [2.]
lambda_balance loss_ics_u: [1.022459]
updating  lamda for loss loss_bc1:   [0.00039131165]
updating  lamda for loss loss_bc2:   [2.]
updating  lamda for loss loss_ics_u:   [5.2202922e-05]
updating  lamda for loss loss_ics_ut:   [2.]
lambda_balance loss_ics_u: [1.0664304]
updating  lamda for loss loss_bc1:   [0.00039131165]
updating  lamda for loss loss_bc2:   [2.]
updating  lamda for loss loss_ics_u:   [2.8940662e-05]
updating  lamda for loss loss_ics_ut:   [2.]
lambda_balance loss_ics_u: [1.0271432]
updating  lamda for loss loss_bc1:   [0.00039131165]
updating  lamda for loss loss_bc2:   [2.]
updating  lamda for loss loss_ics_u:   [3.2180997e-05]
updating  lamda for loss loss_ics_ut:   [2.]
lambda_balance loss_ics_u: [1.0290277]
updating  lamda for loss loss_bc1:   [0.00039131165]
updating  lamda for loss loss_bc2:   [2.]
updating  lamda for loss loss_ics_u:   [9.692417e-05]
updating  lamda for loss loss_ics_ut:   [2.]
lambda_balance loss_ics_u: [1.2138137]
updating  lamda for loss loss_bc1:   [0.00039131165]
updating  lamda for loss loss_bc2:   [2.]
updating  lamda for loss loss_ics_u:   [6.786646e-05]
updating  lamda for loss loss_ics_ut:   [2.]
lambda_balance loss_ics_u: [1.1166523]
updating  lamda for loss loss_bc1:   [0.00039131165]
updating  lamda for loss loss_bc2:   [2.]
updating  lamda for loss loss_ics_u:   [2.2813007e-05]
updating  lamda for loss loss_ics_ut:   [2.]
lambda_balance loss_ics_u: [1.0170879]
updating  lamda for loss loss_bc1:   [0.00039131165]
updating  lamda for loss loss_bc2:   [2.]
updating  lamda for loss loss_ics_u:   [9.905514e-05]
updating  lamda for loss loss_ics_ut:   [2.]
lambda_balance loss_ics_u: [1.224265]
updating  lamda for loss loss_bc1:   [0.00039131165]
updating  lamda for loss loss_bc2:   [2.]
updating  lamda for loss loss_ics_u:   [2.864559e-05]
updating  lamda for loss loss_ics_ut:   [2.]
lambda_balance loss_ics_u: [1.0203454]
updating  lamda for loss loss_bc1:   [0.00039131165]
updating  lamda for loss loss_bc2:   [2.]
updating  lamda for loss loss_ics_u:   [0.0004193956]
updating  lamda for loss loss_ics_ut:   [2.]
lambda_balance loss_ics_u: [3.5878966]
updating  lamda for loss loss_bc1:   [0.00039131165]
updating  lamda for loss loss_bc2:   [2.]
updating  lamda for loss loss_ics_u:   [0.00016281189]
updating  lamda for loss loss_ics_ut:   [2.]
lambda_balance loss_ics_u: [1.6270788]
updating  lamda for loss loss_bc1:   [0.00039131165]
updating  lamda for loss loss_bc2:   [2.]
updating  lamda for loss loss_ics_u:   [3.3152653e-05]
updating  lamda for loss loss_ics_ut:   [2.]
lambda_balance loss_ics_u: [1.0373635]
updating  lamda for loss loss_bc1:   [0.00039131165]
updating  lamda for loss loss_bc2:   [2.]
updating  lamda for loss loss_ics_u:   [7.250187e-05]
updating  lamda for loss loss_ics_ut:   [2.]
lambda_balance loss_ics_u: [1.1303886]
updating  lamda for loss loss_bc1:   [0.00039131165]
updating  lamda for loss loss_bc2:   [2.]
updating  lamda for loss loss_ics_u:   [1.659557e-05]
updating  lamda for loss loss_ics_ut:   [2.]
lambda_balance loss_ics_u: [1.0110435]
updating  lamda for loss loss_bc1:   [0.00039131165]
updating  lamda for loss loss_bc2:   [2.]
updating  lamda for loss loss_ics_u:   [0.00013533497]
updating  lamda for loss loss_ics_ut:   [2.]
lambda_balance loss_ics_u: [1.4300374]
updating  lamda for loss loss_bc1:   [0.00039131165]
updating  lamda for loss loss_bc2:   [2.]
updating  lamda for loss loss_ics_u:   [1.4888265e-05]
updating  lamda for loss loss_ics_ut:   [2.]
lambda_balance loss_ics_u: [1.0096538]
updating  lamda for loss loss_bc1:   [0.00039131165]
updating  lamda for loss loss_bc2:   [2.]
updating  lamda for loss loss_ics_u:   [0.00020648312]
updating  lamda for loss loss_ics_ut:   [2.]
lambda_balance loss_ics_u: [1.976549]
updating  lamda for loss loss_bc1:   [0.00039131165]
updating  lamda for loss loss_bc2:   [2.]
updating  lamda for loss loss_ics_u:   [4.4848646e-05]
updating  lamda for loss loss_ics_ut:   [2.]
lambda_balance loss_ics_u: [1.0534334]
updating  lamda for loss loss_bc1:   [0.00039131165]
updating  lamda for loss loss_bc2:   [2.]
updating  lamda for loss loss_ics_u:   [5.1425748e-05]
updating  lamda for loss loss_ics_ut:   [2.]
lambda_balance loss_ics_u: [1.0710235]
updating  lamda for loss loss_bc1:   [0.00039131165]
updating  lamda for loss loss_bc2:   [2.]
updating  lamda for loss loss_ics_u:   [0.00030295452]
updating  lamda for loss loss_ics_ut:   [2.]
lambda_balance loss_ics_u: [2.8562653]
updating  lamda for loss loss_bc1:   [0.00039131165]
updating  lamda for loss loss_bc2:   [2.]
updating  lamda for loss loss_ics_u:   [8.4822466e-05]
updating  lamda for loss loss_ics_ut:   [2.]
lambda_balance loss_ics_u: [1.1795294]
updating  lamda for loss loss_bc1:   [0.00039131165]
updating  lamda for loss loss_bc2:   [2.]
updating  lamda for loss loss_ics_u:   [2.6566984e-05]
updating  lamda for loss loss_ics_ut:   [2.]
lambda_balance loss_ics_u: [1.0223092]
updating  lamda for loss loss_bc1:   [0.00039131165]
updating  lamda for loss loss_bc2:   [2.]
updating  lamda for loss loss_ics_u:   [8.524382e-05]
updating  lamda for loss loss_ics_ut:   [2.]
lambda_balance loss_ics_u: [1.179777]
updating  lamda for loss loss_bc1:   [0.00039131165]
updating  lamda for loss loss_bc2:   [2.]
updating  lamda for loss loss_ics_u:   [2.4499142e-05]
updating  lamda for loss loss_ics_ut:   [2.]
lambda_balance loss_ics_u: [1.0201418]
updating  lamda for loss loss_bc1:   [0.00039131165]
updating  lamda for loss loss_bc2:   [2.]
updating  lamda for loss loss_ics_u:   [4.9986018e-05]
updating  lamda for loss loss_ics_ut:   [2.]
lambda_balance loss_ics_u: [1.0660948]
updating  lamda for loss loss_bc1:   [0.00039131165]
updating  lamda for loss loss_bc2:   [2.]
updating  lamda for loss loss_ics_u:   [1.4636408e-05]
updating  lamda for loss loss_ics_ut:   [2.]
lambda_balance loss_ics_u: [1.0076753]
updating  lamda for loss loss_bc1:   [0.00039131165]
updating  lamda for loss loss_bc2:   [2.]
updating  lamda for loss loss_ics_u:   [4.2600357e-05]
updating  lamda for loss loss_ics_ut:   [2.]
lambda_balance loss_ics_u: [1.0488291]
updating  lamda for loss loss_bc1:   [0.00039131165]
updating  lamda for loss loss_bc2:   [2.]
updating  lamda for loss loss_ics_u:   [2.301915e-05]
updating  lamda for loss loss_ics_ut:   [2.]
lambda_balance loss_ics_u: [1.0168481]
updating  lamda for loss loss_bc1:   [0.00039131165]
updating  lamda for loss loss_bc2:   [2.]
updating  lamda for loss loss_ics_u:   [0.00011398154]
updating  lamda for loss loss_ics_ut:   [2.]
lambda_balance loss_ics_u: [1.3177463]
updating  lamda for loss loss_bc1:   [0.00039131165]
updating  lamda for loss loss_bc2:   [2.]
updating  lamda for loss loss_ics_u:   [2.5897281e-05]
updating  lamda for loss loss_ics_ut:   [2.]
lambda_balance loss_ics_u: [1.0205721]
updating  lamda for loss loss_bc1:   [0.00039131165]
updating  lamda for loss loss_bc2:   [2.]
updating  lamda for loss loss_ics_u:   [3.3164568e-05]
updating  lamda for loss loss_ics_ut:   [2.]
lambda_balance loss_ics_u: [1.0305891]
updating  lamda for loss loss_bc1:   [0.00039131165]
updating  lamda for loss loss_bc2:   [2.]
updating  lamda for loss loss_ics_u:   [2.354391e-05]
updating  lamda for loss loss_ics_ut:   [2.]
lambda_balance loss_ics_u: [1.0173831]
updating  lamda for loss loss_bc1:   [0.00039131165]
updating  lamda for loss loss_bc2:   [2.]
updating  lamda for loss loss_ics_u:   [9.0280555e-06]
updating  lamda for loss loss_ics_ut:   [2.]
lambda_balance loss_ics_u: [1.0028228]
updating  lamda for loss loss_bc1:   [0.00039131165]
updating  lamda for loss loss_bc2:   [2.]
updating  lamda for loss loss_ics_u:   [6.873377e-06]
updating  lamda for loss loss_ics_ut:   [2.]
lambda_balance loss_ics_u: [1.0016875]
updating  lamda for loss loss_bc1:   [0.00039131165]
updating  lamda for loss loss_bc2:   [2.]
updating  lamda for loss loss_ics_u:   [2.6867863e-05]
updating  lamda for loss loss_ics_ut:   [2.]
lambda_balance loss_ics_u: [1.0201002]
updating  lamda for loss loss_bc1:   [0.00039131165]
updating  lamda for loss loss_bc2:   [2.]
updating  lamda for loss loss_ics_u:   [8.736831e-06]
updating  lamda for loss loss_ics_ut:   [2.]
lambda_balance loss_ics_u: [1.0030692]
updating  lamda for loss loss_bc1:   [0.00039131165]
updating  lamda for loss loss_bc2:   [2.]
updating  lamda for loss loss_ics_u:   [3.2582353e-05]
updating  lamda for loss loss_ics_ut:   [2.]
lambda_balance loss_ics_u: [1.0288891]
updating  lamda for loss loss_bc1:   [0.00039131165]
updating  lamda for loss loss_bc2:   [2.]
updating  lamda for loss loss_ics_u:   [4.2766187e-05]
updating  lamda for loss loss_ics_ut:   [2.]
lambda_balance loss_ics_u: [1.0483394]
updating  lamda for loss loss_bc1:   [0.00039131165]
updating  lamda for loss loss_bc2:   [2.]
updating  lamda for loss loss_ics_u:   [6.897766e-05]
updating  lamda for loss loss_ics_ut:   [2.]
lambda_balance loss_ics_u: [1.1205252]
updating  lamda for loss loss_bc1:   [0.00039131165]
updating  lamda for loss loss_bc2:   [2.]
updating  lamda for loss loss_ics_u:   [4.831416e-05]
updating  lamda for loss loss_ics_ut:   [2.]
lambda_balance loss_ics_u: [1.065321]
updating  lamda for loss loss_bc1:   [0.00039131165]
updating  lamda for loss loss_bc2:   [2.]
updating  lamda for loss loss_ics_u:   [6.914299e-06]
updating  lamda for loss loss_ics_ut:   [2.]
lambda_balance loss_ics_u: [1.0017533]
updating  lamda for loss loss_bc1:   [0.00039131165]
updating  lamda for loss loss_bc2:   [2.]
updating  lamda for loss loss_ics_u:   [2.6888374e-05]
updating  lamda for loss loss_ics_ut:   [2.]
lambda_balance loss_ics_u: [1.020982]
updating  lamda for loss loss_bc1:   [0.00039131165]
updating  lamda for loss loss_bc2:   [2.]
updating  lamda for loss loss_ics_u:   [1.1346194e-05]
updating  lamda for loss loss_ics_ut:   [2.]
lambda_balance loss_ics_u: [1.0041753]
updating  lamda for loss loss_bc1:   [0.00039131165]
updating  lamda for loss loss_bc2:   [2.]
updating  lamda for loss loss_ics_u:   [2.3280425e-06]
updating  lamda for loss loss_ics_ut:   [2.]
lambda_balance loss_ics_u: [1.0002742]
updating  lamda for loss loss_bc1:   [0.00039131165]
updating  lamda for loss loss_bc2:   [2.]
updating  lamda for loss loss_ics_u:   [4.4060263e-05]
updating  lamda for loss loss_ics_ut:   [2.]
lambda_balance loss_ics_u: [1.0519272]
updating  lamda for loss loss_bc1:   [0.00039131165]
updating  lamda for loss loss_bc2:   [2.]
updating  lamda for loss loss_ics_u:   [2.9250816e-05]
updating  lamda for loss loss_ics_ut:   [2.]
lambda_balance loss_ics_u: [1.0240885]
updating  lamda for loss loss_bc1:   [0.00039131165]
updating  lamda for loss loss_bc2:   [2.]
updating  lamda for loss loss_ics_u:   [2.6693688e-05]
updating  lamda for loss loss_ics_ut:   [2.]
lambda_balance loss_ics_u: [1.0204948]
updating  lamda for loss loss_bc1:   [0.00039131165]
updating  lamda for loss loss_bc2:   [2.]
updating  lamda for loss loss_ics_u:   [6.9114712e-06]
updating  lamda for loss loss_ics_ut:   [2.]
lambda_balance loss_ics_u: [1.0015929]
updating  lamda for loss loss_bc1:   [0.00039131165]
updating  lamda for loss loss_bc2:   [2.]
updating  lamda for loss loss_ics_u:   [1.5478998e-05]
updating  lamda for loss loss_ics_ut:   [2.]
lambda_balance loss_ics_u: [1.0073695]
updating  lamda for loss loss_bc1:   [0.00039131165]
updating  lamda for loss loss_bc2:   [2.]
updating  lamda for loss loss_ics_u:   [2.2650362e-05]
updating  lamda for loss loss_ics_ut:   [2.]
lambda_balance loss_ics_u: [1.014937]
updating  lamda for loss loss_bc1:   [0.00039131165]
updating  lamda for loss loss_bc2:   [2.]
updating  lamda for loss loss_ics_u:   [2.7858658e-05]
updating  lamda for loss loss_ics_ut:   [2.]
lambda_balance loss_ics_u: [1.0237898]
updating  lamda for loss loss_bc1:   [0.00039131165]
updating  lamda for loss loss_bc2:   [2.]
updating  lamda for loss loss_ics_u:   [8.753344e-05]
updating  lamda for loss loss_ics_ut:   [2.]
lambda_balance loss_ics_u: [1.2043251]
updating  lamda for loss loss_bc1:   [0.00039131165]
updating  lamda for loss loss_bc2:   [2.]
updating  lamda for loss loss_ics_u:   [1.0141573e-05]
updating  lamda for loss loss_ics_ut:   [2.]
lambda_balance loss_ics_u: [1.0025598]
updating  lamda for loss loss_bc1:   [0.00039131165]
updating  lamda for loss loss_bc2:   [2.]
updating  lamda for loss loss_ics_u:   [3.4469147e-05]
updating  lamda for loss loss_ics_ut:   [2.]
lambda_balance loss_ics_u: [1.0323489]
updating  lamda for loss loss_bc1:   [0.00039131165]
updating  lamda for loss loss_bc2:   [2.]
updating  lamda for loss loss_ics_u:   [7.714816e-06]
updating  lamda for loss loss_ics_ut:   [2.]
lambda_balance loss_ics_u: [1.002129]
updating  lamda for loss loss_bc1:   [0.00039131165]
updating  lamda for loss loss_bc2:   [2.]
updating  lamda for loss loss_ics_u:   [3.5474328e-05]
updating  lamda for loss loss_ics_ut:   [2.]
lambda_balance loss_ics_u: [1.0361391]
updating  lamda for loss loss_bc1:   [0.00039131165]
updating  lamda for loss loss_bc2:   [2.]
updating  lamda for loss loss_ics_u:   [8.817534e-06]
updating  lamda for loss loss_ics_ut:   [2.]
lambda_balance loss_ics_u: [1.0025353]
updating  lamda for loss loss_bc1:   [0.00039131165]
updating  lamda for loss loss_bc2:   [2.]
updating  lamda for loss loss_ics_u:   [5.165398e-06]
updating  lamda for loss loss_ics_ut:   [2.]
lambda_balance loss_ics_u: [1.0008487]
updating  lamda for loss loss_bc1:   [0.00039131165]
updating  lamda for loss loss_bc2:   [2.]
updating  lamda for loss loss_ics_u:   [0.00013692697]
updating  lamda for loss loss_ics_ut:   [2.]
lambda_balance loss_ics_u: [1.4928203]
updating  lamda for loss loss_bc1:   [0.00039131165]
updating  lamda for loss loss_bc2:   [2.]
updating  lamda for loss loss_ics_u:   [4.352763e-05]
updating  lamda for loss loss_ics_ut:   [2.]
lambda_balance loss_ics_u: [1.0535786]
updating  lamda for loss loss_bc1:   [0.00039131165]
updating  lamda for loss loss_bc2:   [2.]
updating  lamda for loss loss_ics_u:   [7.72402e-06]
updating  lamda for loss loss_ics_ut:   [2.]
lambda_balance loss_ics_u: [1.0019641]
updating  lamda for loss loss_bc1:   [0.00039131165]
updating  lamda for loss loss_bc2:   [2.]
updating  lamda for loss loss_ics_u:   [1.3265429e-05]
updating  lamda for loss loss_ics_ut:   [2.]
lambda_balance loss_ics_u: [1.0056567]
updating  lamda for loss loss_bc1:   [0.00039131165]
updating  lamda for loss loss_bc2:   [2.]
updating  lamda for loss loss_ics_u:   [3.7814923e-05]
updating  lamda for loss loss_ics_ut:   [2.]
lambda_balance loss_ics_u: [1.0427338]
updating  lamda for loss loss_bc1:   [0.00039131165]
updating  lamda for loss loss_bc2:   [2.]
updating  lamda for loss loss_ics_u:   [1.922005e-05]
updating  lamda for loss loss_ics_ut:   [2.]
lambda_balance loss_ics_u: [1.0114259]
updating  lamda for loss loss_bc1:   [0.00039131165]
updating  lamda for loss loss_bc2:   [2.]
updating  lamda for loss loss_ics_u:   [1.6572156e-05]
updating  lamda for loss loss_ics_ut:   [2.]
lambda_balance loss_ics_u: [1.0091673]
updating  lamda for loss loss_bc1:   [0.00039131165]
updating  lamda for loss loss_bc2:   [2.]
updating  lamda for loss loss_ics_u:   [4.7103218e-05]
updating  lamda for loss loss_ics_ut:   [2.]
lambda_balance loss_ics_u: [1.0641937]
updating  lamda for loss loss_bc1:   [0.00039131165]
updating  lamda for loss loss_bc2:   [2.]
updating  lamda for loss loss_ics_u:   [9.375705e-06]
updating  lamda for loss loss_ics_ut:   [2.]
lambda_balance loss_ics_u: [1.00294]
updating  lamda for loss loss_bc1:   [0.00039131165]
updating  lamda for loss loss_bc2:   [2.]
updating  lamda for loss loss_ics_u:   [1.403452e-05]
updating  lamda for loss loss_ics_ut:   [2.]
lambda_balance loss_ics_u: [1.0067033]
updating  lamda for loss loss_bc1:   [0.00039131165]
updating  lamda for loss loss_bc2:   [2.]
updating  lamda for loss loss_ics_u:   [2.397479e-05]
updating  lamda for loss loss_ics_ut:   [2.]
lambda_balance loss_ics_u: [1.0164496]
updating  lamda for loss loss_bc1:   [0.00039131165]
updating  lamda for loss loss_bc2:   [2.]
updating  lamda for loss loss_ics_u:   [1.1436405e-05]
updating  lamda for loss loss_ics_ut:   [2.]
lambda_balance loss_ics_u: [1.0039817]
updating  lamda for loss loss_bc1:   [0.00039131165]
updating  lamda for loss loss_bc2:   [2.]
updating  lamda for loss loss_ics_u:   [6.2958015e-06]
updating  lamda for loss loss_ics_ut:   [2.]
lambda_balance loss_ics_u: [1.0014014]
updating  lamda for loss loss_bc1:   [0.00039131165]
updating  lamda for loss loss_bc2:   [2.]
updating  lamda for loss loss_ics_u:   [9.837185e-06]
updating  lamda for loss loss_ics_ut:   [2.]
lambda_balance loss_ics_u: [1.0037844]
updating  lamda for loss loss_bc1:   [0.00039131165]
updating  lamda for loss loss_bc2:   [2.]
updating  lamda for loss loss_ics_u:   [3.6516907e-05]
updating  lamda for loss loss_ics_ut:   [2.]
lambda_balance loss_ics_u: [1.0383946]
updating  lamda for loss loss_bc1:   [0.00039131165]
updating  lamda for loss loss_bc2:   [2.]
updating  lamda for loss loss_ics_u:   [3.9906052e-05]
updating  lamda for loss loss_ics_ut:   [2.]
lambda_balance loss_ics_u: [1.0442755]
updating  lamda for loss loss_bc1:   [0.00039131165]
updating  lamda for loss loss_bc2:   [2.]
updating  lamda for loss loss_ics_u:   [2.2162685e-05]
updating  lamda for loss loss_ics_ut:   [2.]
lambda_balance loss_ics_u: [1.0157787]
updating  lamda for loss loss_bc1:   [0.00039131165]
updating  lamda for loss loss_bc2:   [2.]
updating  lamda for loss loss_ics_u:   [2.7036549e-05]
updating  lamda for loss loss_ics_ut:   [2.]
lambda_balance loss_ics_u: [1.0218353]
updating  lamda for loss loss_bc1:   [0.00039131165]
updating  lamda for loss loss_bc2:   [2.]
updating  lamda for loss loss_ics_u:   [1.3463743e-05]
updating  lamda for loss loss_ics_ut:   [2.]
lambda_balance loss_ics_u: [1.0062234]
updating  lamda for loss loss_bc1:   [0.00039131165]
updating  lamda for loss loss_bc2:   [2.]
updating  lamda for loss loss_ics_u:   [1.2377486e-05]
updating  lamda for loss loss_ics_ut:   [2.]
lambda_balance loss_ics_u: [1.0050286]
updating  lamda for loss loss_bc1:   [0.00039131165]
updating  lamda for loss loss_bc2:   [2.]
updating  lamda for loss loss_ics_u:   [1.2879581e-05]
updating  lamda for loss loss_ics_ut:   [2.]
lambda_balance loss_ics_u: [1.0054477]
updating  lamda for loss loss_bc1:   [0.00039131165]
updating  lamda for loss loss_bc2:   [2.]
updating  lamda for loss loss_ics_u:   [1.503262e-05]
updating  lamda for loss loss_ics_ut:   [2.]
lambda_balance loss_ics_u: [1.0071352]
updating  lamda for loss loss_bc1:   [0.00039131165]
updating  lamda for loss loss_bc2:   [2.]
updating  lamda for loss loss_ics_u:   [2.8031147e-05]
updating  lamda for loss loss_ics_ut:   [2.]
lambda_balance loss_ics_u: [1.024452]
updating  lamda for loss loss_bc1:   [0.00039131165]
updating  lamda for loss loss_bc2:   [2.]
updating  lamda for loss loss_ics_u:   [7.680904e-06]
updating  lamda for loss loss_ics_ut:   [2.]
lambda_balance loss_ics_u: [1.0019906]
updating  lamda for loss loss_bc1:   [0.00039131165]
updating  lamda for loss loss_bc2:   [2.]
updating  lamda for loss loss_ics_u:   [4.3428216e-05]
updating  lamda for loss loss_ics_ut:   [2.]
lambda_balance loss_ics_u: [1.0593498]
updating  lamda for loss loss_bc1:   [0.00039131165]
updating  lamda for loss loss_bc2:   [2.]
updating  lamda for loss loss_ics_u:   [1.6284052e-05]
updating  lamda for loss loss_ics_ut:   [2.]
lambda_balance loss_ics_u: [1.0085478]
updating  lamda for loss loss_bc1:   [0.00039131165]
updating  lamda for loss loss_bc2:   [2.]
updating  lamda for loss loss_ics_u:   [7.944398e-06]
updating  lamda for loss loss_ics_ut:   [2.]
lambda_balance loss_ics_u: [1.0026044]
updating  lamda for loss loss_bc1:   [0.00039131165]
updating  lamda for loss loss_bc2:   [2.]
updating  lamda for loss loss_ics_u:   [6.5613756e-05]
updating  lamda for loss loss_ics_ut:   [2.]
lambda_balance loss_ics_u: [1.1400353]
updating  lamda for loss loss_bc1:   [0.00039131165]
updating  lamda for loss loss_bc2:   [2.]
updating  lamda for loss loss_ics_u:   [3.1666183e-05]
updating  lamda for loss loss_ics_ut:   [2.]
lambda_balance loss_ics_u: [1.0307326]
updating  lamda for loss loss_bc1:   [0.00039131165]
updating  lamda for loss loss_bc2:   [2.]
updating  lamda for loss loss_ics_u:   [1.3338099e-05]
updating  lamda for loss loss_ics_ut:   [2.]
lambda_balance loss_ics_u: [1.0061436]
updating  lamda for loss loss_bc1:   [0.00039131165]
updating  lamda for loss loss_bc2:   [2.]
updating  lamda for loss loss_ics_u:   [2.0069456e-05]
updating  lamda for loss loss_ics_ut:   [2.]
lambda_balance loss_ics_u: [1.0131656]
updating  lamda for loss loss_bc1:   [0.00039131165]
updating  lamda for loss loss_bc2:   [2.]
updating  lamda for loss loss_ics_u:   [9.541507e-06]
updating  lamda for loss loss_ics_ut:   [2.]
lambda_balance loss_ics_u: [1.0030742]
updating  lamda for loss loss_bc1:   [0.00039131165]
updating  lamda for loss loss_bc2:   [2.]
updating  lamda for loss loss_ics_u:   [1.7698952e-05]
updating  lamda for loss loss_ics_ut:   [2.]
lambda_balance loss_ics_u: [1.0105963]
updating  lamda for loss loss_bc1:   [0.00039131165]
updating  lamda for loss loss_bc2:   [2.]
updating  lamda for loss loss_ics_u:   [2.2983906e-05]
updating  lamda for loss loss_ics_ut:   [2.]
lambda_balance loss_ics_u: [1.0166396]
updating  lamda for loss loss_bc1:   [0.00039131165]
updating  lamda for loss loss_bc2:   [2.]
updating  lamda for loss loss_ics_u:   [2.578924e-05]
updating  lamda for loss loss_ics_ut:   [2.]
lambda_balance loss_ics_u: [1.021274]
updating  lamda for loss loss_bc1:   [0.00039131165]
updating  lamda for loss loss_bc2:   [2.]
updating  lamda for loss loss_ics_u:   [2.3606632e-05]
updating  lamda for loss loss_ics_ut:   [2.]
lambda_balance loss_ics_u: [1.0183103]
updating  lamda for loss loss_bc1:   [0.00039131165]
updating  lamda for loss loss_bc2:   [2.]
updating  lamda for loss loss_ics_u:   [2.0804548e-05]
updating  lamda for loss loss_ics_ut:   [2.]
lambda_balance loss_ics_u: [1.0142386]
updating  lamda for loss loss_bc1:   [0.00039131165]
updating  lamda for loss loss_bc2:   [2.]
updating  lamda for loss loss_ics_u:   [2.326442e-05]
updating  lamda for loss loss_ics_ut:   [2.]
lambda_balance loss_ics_u: [1.01692]
updating  lamda for loss loss_bc1:   [0.00039131165]
updating  lamda for loss loss_bc2:   [2.]
updating  lamda for loss loss_ics_u:   [2.1043126e-05]
updating  lamda for loss loss_ics_ut:   [2.]
lambda_balance loss_ics_u: [1.016104]
updating  lamda for loss loss_bc1:   [0.00039131165]
updating  lamda for loss loss_bc2:   [2.]
updating  lamda for loss loss_ics_u:   [6.244023e-05]
updating  lamda for loss loss_ics_ut:   [2.]
lambda_balance loss_ics_u: [1.117807]
updating  lamda for loss loss_bc1:   [0.00039131165]
updating  lamda for loss loss_bc2:   [2.]
updating  lamda for loss loss_ics_u:   [1.537611e-05]
updating  lamda for loss loss_ics_ut:   [2.]
lambda_balance loss_ics_u: [1.0085403]
updating  lamda for loss loss_bc1:   [0.00039131165]
updating  lamda for loss loss_bc2:   [2.]
updating  lamda for loss loss_ics_u:   [3.9306935e-05]
updating  lamda for loss loss_ics_ut:   [2.]
lambda_balance loss_ics_u: [1.0527878]
updating  lamda for loss loss_bc1:   [0.00039131165]
updating  lamda for loss loss_bc2:   [2.]
updating  lamda for loss loss_ics_u:   [2.6921261e-05]
updating  lamda for loss loss_ics_ut:   [2.]
lambda_balance loss_ics_u: [1.0260795]
updating  lamda for loss loss_bc1:   [0.00039131165]
updating  lamda for loss loss_bc2:   [2.]
updating  lamda for loss loss_ics_u:   [1.20233535e-05]
updating  lamda for loss loss_ics_ut:   [2.]
lambda_balance loss_ics_u: [1.0054953]
updating  lamda for loss loss_bc1:   [0.00039131165]
updating  lamda for loss loss_bc2:   [2.]
updating  lamda for loss loss_ics_u:   [1.356617e-05]
updating  lamda for loss loss_ics_ut:   [2.]
lambda_balance loss_ics_u: [1.0063268]
updating  lamda for loss loss_bc1:   [0.00039131165]
updating  lamda for loss loss_bc2:   [2.]
updating  lamda for loss loss_ics_u:   [3.4482557e-05]
updating  lamda for loss loss_ics_ut:   [2.]
lambda_balance loss_ics_u: [1.0393593]
updating  lamda for loss loss_bc1:   [0.00039131165]
updating  lamda for loss loss_bc2:   [2.]
updating  lamda for loss loss_ics_u:   [3.011615e-05]
updating  lamda for loss loss_ics_ut:   [2.]
lambda_balance loss_ics_u: [1.029233]
updating  lamda for loss loss_bc1:   [0.00039131165]
updating  lamda for loss loss_bc2:   [2.]
updating  lamda for loss loss_ics_u:   [2.6437543e-05]
updating  lamda for loss loss_ics_ut:   [2.]
lambda_balance loss_ics_u: [1.0234628]
updating  lamda for loss loss_bc1:   [0.00039131165]
updating  lamda for loss loss_bc2:   [2.]
updating  lamda for loss loss_ics_u:   [1.91258e-05]
updating  lamda for loss loss_ics_ut:   [2.]
lambda_balance loss_ics_u: [1.0137974]
updating  lamda for loss loss_bc1:   [0.00039131165]
updating  lamda for loss loss_bc2:   [2.]
updating  lamda for loss loss_ics_u:   [1.7741348e-05]
updating  lamda for loss loss_ics_ut:   [2.]
lambda_balance loss_ics_u: [1.01174]
updating  lamda for loss loss_bc1:   [0.00039131165]
updating  lamda for loss loss_bc2:   [2.]
updating  lamda for loss loss_ics_u:   [4.797376e-05]
updating  lamda for loss loss_ics_ut:   [2.]
lambda_balance loss_ics_u: [1.0795596]
updating  lamda for loss loss_bc1:   [0.00039131165]
updating  lamda for loss loss_bc2:   [2.]
updating  lamda for loss loss_ics_u:   [1.6597958e-05]
updating  lamda for loss loss_ics_ut:   [2.]
lambda_balance loss_ics_u: [1.0098822]
updating  lamda for loss loss_bc1:   [0.00039131165]
updating  lamda for loss loss_bc2:   [2.]
updating  lamda for loss loss_ics_u:   [9.764218e-06]
updating  lamda for loss loss_ics_ut:   [2.]
lambda_balance loss_ics_u: [1.0033454]
updating  lamda for loss loss_bc1:   [0.00039131165]
updating  lamda for loss loss_bc2:   [2.]
updating  lamda for loss loss_ics_u:   [2.927141e-05]
updating  lamda for loss loss_ics_ut:   [2.]
lambda_balance loss_ics_u: [1.0271771]
updating  lamda for loss loss_bc1:   [0.00039131165]
updating  lamda for loss loss_bc2:   [2.]
updating  lamda for loss loss_ics_u:   [1.6907612e-05]
updating  lamda for loss loss_ics_ut:   [2.]
lambda_balance loss_ics_u: [1.0095187]
updating  lamda for loss loss_bc1:   [0.00039131165]
updating  lamda for loss loss_bc2:   [2.]
updating  lamda for loss loss_ics_u:   [1.6089034e-05]
updating  lamda for loss loss_ics_ut:   [2.]
lambda_balance loss_ics_u: [1.0088575]
updating  lamda for loss loss_bc1:   [0.00039131165]
updating  lamda for loss loss_bc2:   [2.]
updating  lamda for loss loss_ics_u:   [2.239817e-05]
updating  lamda for loss loss_ics_ut:   [2.]
lambda_balance loss_ics_u: [1.0187142]
updating  lamda for loss loss_bc1:   [0.00039131165]
updating  lamda for loss loss_bc2:   [2.]
updating  lamda for loss loss_ics_u:   [5.1330812e-06]
updating  lamda for loss loss_ics_ut:   [2.]
lambda_balance loss_ics_u: [1.0010817]
updating  lamda for loss loss_bc1:   [0.00039131165]
updating  lamda for loss loss_bc2:   [2.]
updating  lamda for loss loss_ics_u:   [1.4716387e-05]
updating  lamda for loss loss_ics_ut:   [2.]
lambda_balance loss_ics_u: [1.0076946]
updating  lamda for loss loss_bc1:   [0.00039131165]
updating  lamda for loss loss_bc2:   [2.]
updating  lamda for loss loss_ics_u:   [6.619261e-06]
updating  lamda for loss loss_ics_ut:   [2.]
lambda_balance loss_ics_u: [1.001652]
updating  lamda for loss loss_bc1:   [0.00039131165]
updating  lamda for loss loss_bc2:   [2.]
updating  lamda for loss loss_ics_u:   [2.3175378e-06]
updating  lamda for loss loss_ics_ut:   [2.]
lambda_balance loss_ics_u: [1.0002884]
updating  lamda for loss loss_bc1:   [0.00039131165]
updating  lamda for loss loss_bc2:   [2.]
updating  lamda for loss loss_ics_u:   [5.0061746e-05]
updating  lamda for loss loss_ics_ut:   [2.]
lambda_balance loss_ics_u: [1.0920624]
updating  lamda for loss loss_bc1:   [0.00039131165]
updating  lamda for loss loss_bc2:   [2.]
updating  lamda for loss loss_ics_u:   [1.4135616e-05]
updating  lamda for loss loss_ics_ut:   [2.]
lambda_balance loss_ics_u: [1.0072974]
updating  lamda for loss loss_bc1:   [0.00039131165]
updating  lamda for loss loss_bc2:   [2.]
updating  lamda for loss loss_ics_u:   [6.8633176e-06]
updating  lamda for loss loss_ics_ut:   [2.]
lambda_balance loss_ics_u: [1.0018224]
updating  lamda for loss loss_bc1:   [0.00039131165]
updating  lamda for loss loss_bc2:   [2.]
updating  lamda for loss loss_ics_u:   [1.8304814e-05]
updating  lamda for loss loss_ics_ut:   [2.]
lambda_balance loss_ics_u: [1.0123819]
updating  lamda for loss loss_bc1:   [0.00039131165]
updating  lamda for loss loss_bc2:   [2.]
updating  lamda for loss loss_ics_u:   [2.0798232e-05]
updating  lamda for loss loss_ics_ut:   [2.]
lambda_balance loss_ics_u: [1.0156466]
updating  lamda for loss loss_bc1:   [0.00039131165]
updating  lamda for loss loss_bc2:   [2.]
updating  lamda for loss loss_ics_u:   [9.657035e-06]
updating  lamda for loss loss_ics_ut:   [2.]
lambda_balance loss_ics_u: [1.0036428]
updating  lamda for loss loss_bc1:   [0.00039131165]
updating  lamda for loss loss_bc2:   [2.]
updating  lamda for loss loss_ics_u:   [1.280677e-05]
updating  lamda for loss loss_ics_ut:   [2.]
lambda_balance loss_ics_u: [1.0058973]
updating  lamda for loss loss_bc1:   [0.00039131165]
updating  lamda for loss loss_bc2:   [2.]
updating  lamda for loss loss_ics_u:   [6.3340885e-05]
updating  lamda for loss loss_ics_ut:   [2.]
lambda_balance loss_ics_u: [1.1417564]
updating  lamda for loss loss_bc1:   [0.00039131165]
updating  lamda for loss loss_bc2:   [2.]
updating  lamda for loss loss_ics_u:   [7.0685073e-06]
updating  lamda for loss loss_ics_ut:   [2.]
lambda_balance loss_ics_u: [1.00214]
updating  lamda for loss loss_bc1:   [0.00039131165]
updating  lamda for loss loss_bc2:   [2.]
updating  lamda for loss loss_ics_u:   [1.9928977e-05]
updating  lamda for loss loss_ics_ut:   [2.]
lambda_balance loss_ics_u: [1.0145385]
updating  lamda for loss loss_bc1:   [0.00039131165]
updating  lamda for loss loss_bc2:   [2.]
updating  lamda for loss loss_ics_u:   [1.1989484e-05]
updating  lamda for loss loss_ics_ut:   [2.]
lambda_balance loss_ics_u: [1.0057701]
updating  lamda for loss loss_bc1:   [0.00039131165]
updating  lamda for loss loss_bc2:   [2.]
updating  lamda for loss loss_ics_u:   [3.3422668e-06]
updating  lamda for loss loss_ics_ut:   [2.]
lambda_balance loss_ics_u: [1.0004845]
updating  lamda for loss loss_bc1:   [0.00039131165]
updating  lamda for loss loss_bc2:   [2.]
updating  lamda for loss loss_ics_u:   [7.5213507e-06]
updating  lamda for loss loss_ics_ut:   [2.]
lambda_balance loss_ics_u: [1.0021948]
updating  lamda for loss loss_bc1:   [0.00039131165]
updating  lamda for loss loss_bc2:   [2.]
updating  lamda for loss loss_ics_u:   [8.43283e-06]
updating  lamda for loss loss_ics_ut:   [2.]
lambda_balance loss_ics_u: [1.0028309]
updating  lamda for loss loss_bc1:   [0.00039131165]
updating  lamda for loss loss_bc2:   [2.]
updating  lamda for loss loss_ics_u:   [9.862809e-06]
updating  lamda for loss loss_ics_ut:   [2.]
lambda_balance loss_ics_u: [1.003608]
updating  lamda for loss loss_bc1:   [0.00039131165]
updating  lamda for loss loss_bc2:   [2.]
updating  lamda for loss loss_ics_u:   [3.5441637e-05]
updating  lamda for loss loss_ics_ut:   [2.]
lambda_balance loss_ics_u: [1.048809]
updating  lamda for loss loss_bc1:   [0.00039131165]
updating  lamda for loss loss_bc2:   [2.]
updating  lamda for loss loss_ics_u:   [1.0869301e-05]
updating  lamda for loss loss_ics_ut:   [2.]
lambda_balance loss_ics_u: [1.004544]
updating  lamda for loss loss_bc1:   [0.00039131165]
updating  lamda for loss loss_bc2:   [2.]
updating  lamda for loss loss_ics_u:   [8.289525e-06]
updating  lamda for loss loss_ics_ut:   [2.]
lambda_balance loss_ics_u: [1.0027132]
updating  lamda for loss loss_bc1:   [0.00039131165]
updating  lamda for loss loss_bc2:   [2.]
updating  lamda for loss loss_ics_u:   [6.0252073e-06]
updating  lamda for loss loss_ics_ut:   [2.]
lambda_balance loss_ics_u: [1.0014213]
updating  lamda for loss loss_bc1:   [0.00039131165]
updating  lamda for loss loss_bc2:   [2.]
updating  lamda for loss loss_ics_u:   [2.426265e-05]
updating  lamda for loss loss_ics_ut:   [2.]
lambda_balance loss_ics_u: [1.0216801]
updating  lamda for loss loss_bc1:   [0.00039131165]
updating  lamda for loss loss_bc2:   [2.]
updating  lamda for loss loss_ics_u:   [8.48539e-06]
updating  lamda for loss loss_ics_ut:   [2.]
lambda_balance loss_ics_u: [1.0025823]
updating  lamda for loss loss_bc1:   [0.00039131165]
updating  lamda for loss loss_bc2:   [2.]
updating  lamda for loss loss_ics_u:   [8.462418e-06]
updating  lamda for loss loss_ics_ut:   [2.]
lambda_balance loss_ics_u: [1.002825]
updating  lamda for loss loss_bc1:   [0.00039131165]
updating  lamda for loss loss_bc2:   [2.]
updating  lamda for loss loss_ics_u:   [1.128936e-05]
updating  lamda for loss loss_ics_ut:   [2.]
lambda_balance loss_ics_u: [1.0047952]
updating  lamda for loss loss_bc1:   [0.00039131165]
updating  lamda for loss loss_bc2:   [2.]
updating  lamda for loss loss_ics_u:   [8.867258e-06]
updating  lamda for loss loss_ics_ut:   [2.]
lambda_balance loss_ics_u: [1.0029064]
updating  lamda for loss loss_bc1:   [0.00039131165]
updating  lamda for loss loss_bc2:   [2.]
updating  lamda for loss loss_ics_u:   [1.8063074e-06]
updating  lamda for loss loss_ics_ut:   [2.]
lambda_balance loss_bc1: [1.0000066]
lambda_balance loss_ics_u: [1.0001272]
updating  lamda for loss loss_bc1:   [0.0025867587]
updating  lamda for loss loss_bc2:   [2.]
updating  lamda for loss loss_ics_u:   [1.2031493e-05]
updating  lamda for loss loss_ics_ut:   [2.]
lambda_balance loss_bc1: [1.0008466]
lambda_balance loss_ics_u: [1.0000393]
updating  lamda for loss loss_bc1:   [0.006106714]
updating  lamda for loss loss_bc2:   [2.]
updating  lamda for loss loss_ics_u:   [2.836431e-05]
updating  lamda for loss loss_ics_ut:   [2.]
lambda_balance loss_bc1: [1.001842]
updating  lamda for loss loss_bc1:   [0.0035238883]
updating  lamda for loss loss_bc2:   [2.]
updating  lamda for loss loss_ics_u:   [2.836431e-05]
updating  lamda for loss loss_ics_ut:   [2.]
lambda_balance loss_bc1: [1.0019473]
lambda_balance loss_ics_u: [1.0001945]
updating  lamda for loss loss_bc1:   [0.0003549504]
updating  lamda for loss loss_bc2:   [2.]
updating  lamda for loss loss_ics_u:   [2.7350586e-06]
updating  lamda for loss loss_ics_ut:   [2.]
lambda_balance loss_ics_u: [1.0003439]
updating  lamda for loss loss_bc1:   [0.0003549504]
updating  lamda for loss loss_bc2:   [2.]
updating  lamda for loss loss_ics_u:   [5.974735e-06]
updating  lamda for loss loss_ics_ut:   [2.]
lambda_balance loss_ics_u: [1.0016634]
updating  lamda for loss loss_bc1:   [0.0003549504]
updating  lamda for loss loss_bc2:   [2.]
updating  lamda for loss loss_ics_u:   [4.638234e-06]
updating  lamda for loss loss_ics_ut:   [2.]
lambda_balance loss_ics_u: [1.001023]
updating  lamda for loss loss_bc1:   [0.0003549504]
updating  lamda for loss loss_bc2:   [2.]
updating  lamda for loss loss_ics_u:   [2.577219e-05]
updating  lamda for loss loss_ics_ut:   [2.]
lambda_balance loss_ics_u: [1.0296364]
updating  lamda for loss loss_bc1:   [0.0003549504]
updating  lamda for loss loss_bc2:   [2.]
updating  lamda for loss loss_ics_u:   [1.4779309e-05]
updating  lamda for loss loss_ics_ut:   [2.]
lambda_balance loss_ics_u: [1.0113926]
updating  lamda for loss loss_bc1:   [0.0003549504]
updating  lamda for loss loss_bc2:   [2.]
updating  lamda for loss loss_ics_u:   [2.621577e-05]
updating  lamda for loss loss_ics_ut:   [2.]
lambda_balance loss_ics_u: [1.0324918]
updating  lamda for loss loss_bc1:   [0.0003549504]
updating  lamda for loss loss_bc2:   [2.]
updating  lamda for loss loss_ics_u:   [8.426315e-06]
updating  lamda for loss loss_ics_ut:   [2.]
lambda_balance loss_ics_u: [1.0037993]
updating  lamda for loss loss_bc1:   [0.0003549504]
updating  lamda for loss loss_bc2:   [2.]
updating  lamda for loss loss_ics_u:   [2.6469136e-06]
updating  lamda for loss loss_ics_ut:   [2.]
lambda_balance loss_ics_u: [1.0003693]
updating  lamda for loss loss_bc1:   [0.0003549504]
updating  lamda for loss loss_bc2:   [2.]
updating  lamda for loss loss_ics_u:   [7.516741e-06]
updating  lamda for loss loss_ics_ut:   [2.]
lambda_balance loss_ics_u: [1.002819]
updating  lamda for loss loss_bc1:   [0.0003549504]
updating  lamda for loss loss_bc2:   [2.]
updating  lamda for loss loss_ics_u:   [2.935273e-06]
updating  lamda for loss loss_ics_ut:   [2.]
lambda_balance loss_ics_u: [1.0004963]
updating  lamda for loss loss_bc1:   [0.0003549504]
updating  lamda for loss loss_bc2:   [2.]
updating  lamda for loss loss_ics_u:   [8.313879e-06]
updating  lamda for loss loss_ics_ut:   [2.]
lambda_balance loss_ics_u: [1.0031128]
updating  lamda for loss loss_bc1:   [0.0003549504]
updating  lamda for loss loss_bc2:   [2.]
updating  lamda for loss loss_ics_u:   [4.9203645e-06]
updating  lamda for loss loss_ics_ut:   [2.]
lambda_balance loss_ics_u: [1.0011241]
updating  lamda for loss loss_bc1:   [0.0003549504]
updating  lamda for loss loss_bc2:   [2.]
updating  lamda for loss loss_ics_u:   [1.1577732e-05]
updating  lamda for loss loss_ics_ut:   [2.]
lambda_balance loss_ics_u: [1.0064341]
updating  lamda for loss loss_bc1:   [0.0003549504]
updating  lamda for loss loss_bc2:   [2.]
updating  lamda for loss loss_ics_u:   [3.4840655e-06]
updating  lamda for loss loss_ics_ut:   [2.]
lambda_balance loss_ics_u: [1.0006529]
updating  lamda for loss loss_bc1:   [0.0003549504]
updating  lamda for loss loss_bc2:   [2.]
updating  lamda for loss loss_ics_u:   [2.1577027e-05]
updating  lamda for loss loss_ics_ut:   [2.]
lambda_balance loss_ics_u: [1.0222952]
updating  lamda for loss loss_bc1:   [0.0003549504]
updating  lamda for loss loss_bc2:   [2.]
updating  lamda for loss loss_ics_u:   [5.8036285e-06]
updating  lamda for loss loss_ics_ut:   [2.]
lambda_balance loss_ics_u: [1.001936]
updating  lamda for loss loss_bc1:   [0.0003549504]
updating  lamda for loss loss_bc2:   [2.]
updating  lamda for loss loss_ics_u:   [2.2958164e-05]
updating  lamda for loss loss_ics_ut:   [2.]
lambda_balance loss_ics_u: [1.0243354]
updating  lamda for loss loss_bc1:   [0.0003549504]
updating  lamda for loss loss_bc2:   [2.]
updating  lamda for loss loss_ics_u:   [1.5829864e-05]
updating  lamda for loss loss_ics_ut:   [2.]
lambda_balance loss_ics_u: [1.0126165]
updating  lamda for loss loss_bc1:   [0.0003549504]
updating  lamda for loss loss_bc2:   [2.]
updating  lamda for loss loss_ics_u:   [3.409034e-05]
updating  lamda for loss loss_ics_ut:   [2.]
lambda_balance loss_ics_u: [1.0542042]
updating  lamda for loss loss_bc1:   [0.0003549504]
updating  lamda for loss loss_bc2:   [2.]
updating  lamda for loss loss_ics_u:   [1.5455336e-05]
updating  lamda for loss loss_ics_ut:   [2.]
lambda_balance loss_ics_u: [1.0117469]
updating  lamda for loss loss_bc1:   [0.0003549504]
updating  lamda for loss loss_bc2:   [2.]
updating  lamda for loss loss_ics_u:   [3.356375e-06]
updating  lamda for loss loss_ics_ut:   [2.]
lambda_balance loss_ics_u: [1.0006588]
updating  lamda for loss loss_bc1:   [0.0003549504]
updating  lamda for loss loss_bc2:   [2.]
updating  lamda for loss loss_ics_u:   [1.1629941e-05]
updating  lamda for loss loss_ics_ut:   [2.]
lambda_balance loss_ics_u: [1.0066931]
updating  lamda for loss loss_bc1:   [0.0003549504]
updating  lamda for loss loss_bc2:   [2.]
updating  lamda for loss loss_ics_u:   [2.1493088e-06]
updating  lamda for loss loss_ics_ut:   [2.]
lambda_balance loss_ics_u: [1.0002832]
updating  lamda for loss loss_bc1:   [0.0003549504]
updating  lamda for loss loss_bc2:   [2.]
updating  lamda for loss loss_ics_u:   [8.194531e-06]
updating  lamda for loss loss_ics_ut:   [2.]
lambda_balance loss_ics_u: [1.0033909]
updating  lamda for loss loss_bc1:   [0.0003549504]
updating  lamda for loss loss_bc2:   [2.]
updating  lamda for loss loss_ics_u:   [3.960926e-06]
updating  lamda for loss loss_ics_ut:   [2.]
lambda_balance loss_ics_u: [1.0007449]
updating  lamda for loss loss_bc1:   [0.0003549504]
updating  lamda for loss loss_bc2:   [2.]
updating  lamda for loss loss_ics_u:   [1.4554572e-05]
updating  lamda for loss loss_ics_ut:   [2.]
Gradients information stored ...
lambda_balance loss_ics_u: [1.0095639]
updating  lamda for loss loss_bc1:   [0.0003549504]
updating  lamda for loss loss_bc2:   [2.]
updating  lamda for loss loss_ics_u:   [5.846227e-06]
updating  lamda for loss loss_ics_ut:   [2.]
average adaptive_constant_bcs1_log : 2.3824e-02
average adaptive_constant_bcs2_log : 2.0000e+00
average adaptive_constant_ics_log : 5.6485e-03
Save uv NN parameters successfully in %s ...checkpoints/Dec-19-2023_00-25-58-722539_M5
Final loss loss_bc1: 8.519008e-06
Final loss loss_bc2: 1.302919e-10
Final loss loss_ics_u: 1.907616e-04
Final loss loss_ics_ut: 3.882720e-10


Method: mini_batch

average of time_list:1.8697e+03
average of error_u_list:1.0001e+00
average of error_r_list:2.3966e-05
