Using mode: M1
neural network: [2, 50, 50, 50, 50, 50, 1]
Batch size : 128
Activation function: tanh
number of iterations: 40001
starter_learning_rate: 1.0000e-03
Method desciption : gradual learing rate , M1, with  mini_batch batch. 
File directory: /home/vlq26735/code/PhD/GradientPathologiesPINNs/checkpoints/Klein_Gordon/final/Feb-29-2024_13-53-32-366406_M1
It: 0| Loss: 1.107e+04| Loss_bcs: 2.300e+00| loss_ic_ut: 4.766e-02| Loss_res: 1.105e+04|Time: 121.57
mean_grad_res: 1.101e+02
mean_grad_bcs: 6.161e-01
mean_grad_ic_ut: 7.382e-02
Gradients information stored ...
It: 100| Loss: 3.340e+02| Loss_bcs: 2.210e+00| loss_ic_ut: 6.581e+00| Loss_res: 2.988e+02|Time: 372.89
Gradients information stored ...
It: 200| Loss: 2.734e+01| Loss_bcs: 3.017e-01| loss_ic_ut: 1.450e-01| Loss_res: 2.403e+01|Time: 157.69
It: 300| Loss: 2.643e+01| Loss_bcs: 1.244e-01| loss_ic_ut: 2.458e-01| Loss_res: 2.469e+01|Time: 149.13
It: 400| Loss: 1.326e+01| Loss_bcs: 6.616e-02| loss_ic_ut: 3.383e-01| Loss_res: 1.192e+01|Time: 144.78
It: 500| Loss: 7.030e+00| Loss_bcs: 6.318e-02| loss_ic_ut: 2.950e-02| Loss_res: 6.339e+00|Time: 148.61
It: 600| Loss: 7.519e+00| Loss_bcs: 3.666e-02| loss_ic_ut: 3.377e-02| Loss_res: 7.085e+00|Time: 148.84
It: 700| Loss: 3.834e+00| Loss_bcs: 3.640e-02| loss_ic_ut: 3.937e-02| Loss_res: 3.392e+00|Time: 148.89
It: 800| Loss: 5.206e+00| Loss_bcs: 3.521e-02| loss_ic_ut: 3.733e-02| Loss_res: 4.779e+00|Time: 147.60
It: 900| Loss: 3.100e+00| Loss_bcs: 2.414e-02| loss_ic_ut: 3.742e-02| Loss_res: 2.784e+00|Time: 146.56
It: 1000| Loss: 2.646e+00| Loss_bcs: 2.260e-02| loss_ic_ut: 7.434e-02| Loss_res: 2.271e+00|Time: 147.10
mean_grad_res: 1.504e+01
mean_grad_bcs: 3.505e-02
mean_grad_ic_ut: 1.311e+00
Gradients information stored ...
It: 1100| Loss: 3.804e+00| Loss_bcs: 2.095e-02| loss_ic_ut: 3.274e-02| Loss_res: 3.529e+00|Time: 164.91
It: 1200| Loss: 2.385e+00| Loss_bcs: 1.355e-02| loss_ic_ut: 2.292e-02| Loss_res: 2.204e+00|Time: 148.02
It: 1300| Loss: 1.938e+00| Loss_bcs: 1.099e-02| loss_ic_ut: 1.615e-02| Loss_res: 1.796e+00|Time: 163.87
It: 1400| Loss: 2.569e+00| Loss_bcs: 9.581e-03| loss_ic_ut: 9.400e-03| Loss_res: 2.455e+00|Time: 162.21
It: 1500| Loss: 5.081e+00| Loss_bcs: 7.955e-03| loss_ic_ut: 2.056e-02| Loss_res: 4.961e+00|Time: 165.60
It: 1600| Loss: 1.250e+00| Loss_bcs: 7.901e-03| loss_ic_ut: 9.798e-03| Loss_res: 1.152e+00|Time: 164.06
It: 1700| Loss: 2.491e+00| Loss_bcs: 4.412e-03| loss_ic_ut: 7.017e-03| Loss_res: 2.433e+00|Time: 165.79
It: 1800| Loss: 5.198e+00| Loss_bcs: 5.268e-03| loss_ic_ut: 8.976e-03| Loss_res: 5.127e+00|Time: 168.74
It: 1900| Loss: 3.061e+00| Loss_bcs: 4.992e-03| loss_ic_ut: 1.115e-01| Loss_res: 2.788e+00|Time: 181.23
It: 2000| Loss: 1.582e+00| Loss_bcs: 7.755e-03| loss_ic_ut: 7.423e-03| Loss_res: 1.490e+00|Time: 182.69
mean_grad_res: 1.354e+01
mean_grad_bcs: 2.489e-02
mean_grad_ic_ut: 1.503e-01
It: 2100| Loss: 1.716e+00| Loss_bcs: 4.048e-03| loss_ic_ut: 1.135e-02| Loss_res: 1.653e+00|Time: 182.97
It: 2200| Loss: 1.282e+00| Loss_bcs: 4.001e-03| loss_ic_ut: 2.833e-02| Loss_res: 1.185e+00|Time: 177.37
It: 2300| Loss: 5.035e-01| Loss_bcs: 3.607e-03| loss_ic_ut: 7.137e-03| Loss_res: 4.531e-01|Time: 176.14
It: 2400| Loss: 3.526e+00| Loss_bcs: 4.160e-03| loss_ic_ut: 1.374e-02| Loss_res: 3.457e+00|Time: 176.68
It: 2500| Loss: 5.638e+00| Loss_bcs: 3.821e-03| loss_ic_ut: 1.486e-01| Loss_res: 5.303e+00|Time: 177.24
It: 2600| Loss: 1.246e+00| Loss_bcs: 3.663e-03| loss_ic_ut: 4.114e-03| Loss_res: 1.201e+00|Time: 178.49
It: 2700| Loss: 6.551e-01| Loss_bcs: 4.432e-03| loss_ic_ut: 4.307e-03| Loss_res: 6.021e-01|Time: 180.78
It: 2800| Loss: 9.464e-01| Loss_bcs: 3.904e-03| loss_ic_ut: 4.903e-03| Loss_res: 8.976e-01|Time: 179.05
It: 2900| Loss: 5.518e-01| Loss_bcs: 2.618e-03| loss_ic_ut: 6.738e-03| Loss_res: 5.122e-01|Time: 181.55
It: 3000| Loss: 8.276e-01| Loss_bcs: 2.429e-03| loss_ic_ut: 1.263e-02| Loss_res: 7.781e-01|Time: 178.70
mean_grad_res: 8.794e+00
mean_grad_bcs: 1.125e-02
mean_grad_ic_ut: 4.376e-01
It: 3100| Loss: 2.660e+00| Loss_bcs: 3.617e-03| loss_ic_ut: 4.501e-02| Loss_res: 2.534e+00|Time: 182.38
It: 3200| Loss: 9.297e-01| Loss_bcs: 3.081e-03| loss_ic_ut: 1.217e-02| Loss_res: 8.745e-01|Time: 194.01
It: 3300| Loss: 4.876e-01| Loss_bcs: 2.840e-03| loss_ic_ut: 6.274e-03| Loss_res: 4.466e-01|Time: 195.24
It: 3400| Loss: 4.326e-01| Loss_bcs: 2.409e-03| loss_ic_ut: 3.890e-03| Loss_res: 4.008e-01|Time: 195.29
It: 3500| Loss: 5.728e-01| Loss_bcs: 2.693e-03| loss_ic_ut: 1.838e-02| Loss_res: 5.091e-01|Time: 193.20
It: 3600| Loss: 5.497e-01| Loss_bcs: 2.713e-03| loss_ic_ut: 6.771e-03| Loss_res: 5.090e-01|Time: 198.14
It: 3700| Loss: 3.053e+00| Loss_bcs: 3.199e-03| loss_ic_ut: 9.240e-02| Loss_res: 2.836e+00|Time: 198.56
It: 3800| Loss: 2.028e+00| Loss_bcs: 2.380e-03| loss_ic_ut: 2.520e-02| Loss_res: 1.953e+00|Time: 191.51
It: 3900| Loss: 1.612e+00| Loss_bcs: 2.217e-03| loss_ic_ut: 3.734e-02| Loss_res: 1.515e+00|Time: 222.23
It: 4000| Loss: 5.338e-01| Loss_bcs: 2.312e-03| loss_ic_ut: 2.365e-03| Loss_res: 5.059e-01|Time: 290.58
mean_grad_res: 1.072e+01
mean_grad_bcs: 1.077e-02
mean_grad_ic_ut: 7.019e-02
It: 4100| Loss: 1.524e+00| Loss_bcs: 2.073e-03| loss_ic_ut: 1.782e-02| Loss_res: 1.468e+00|Time: 309.73
It: 4200| Loss: 1.335e+00| Loss_bcs: 2.665e-03| loss_ic_ut: 5.786e-02| Loss_res: 1.193e+00|Time: 308.43
It: 4300| Loss: 1.346e+00| Loss_bcs: 2.013e-03| loss_ic_ut: 2.185e-03| Loss_res: 1.321e+00|Time: 305.80
It: 4400| Loss: 1.429e+00| Loss_bcs: 2.019e-03| loss_ic_ut: 6.851e-03| Loss_res: 1.395e+00|Time: 304.72
It: 4500| Loss: 4.411e-01| Loss_bcs: 1.431e-03| loss_ic_ut: 1.904e-03| Loss_res: 4.229e-01|Time: 305.21
It: 4600| Loss: 2.650e-01| Loss_bcs: 1.893e-03| loss_ic_ut: 2.386e-03| Loss_res: 2.413e-01|Time: 307.15
It: 4700| Loss: 3.904e-01| Loss_bcs: 1.979e-03| loss_ic_ut: 6.136e-03| Loss_res: 3.583e-01|Time: 307.68
It: 4800| Loss: 4.341e-01| Loss_bcs: 1.761e-03| loss_ic_ut: 2.810e-03| Loss_res: 4.109e-01|Time: 307.92
It: 4900| Loss: 2.612e+00| Loss_bcs: 1.384e-03| loss_ic_ut: 1.283e-02| Loss_res: 2.572e+00|Time: 308.48
It: 5000| Loss: 5.518e-01| Loss_bcs: 1.606e-03| loss_ic_ut: 2.198e-02| Loss_res: 4.918e-01|Time: 308.87
mean_grad_res: 6.688e+00
mean_grad_bcs: 7.936e-03
mean_grad_ic_ut: 7.179e-01
It: 5100| Loss: 3.439e+00| Loss_bcs: 1.693e-03| loss_ic_ut: 7.307e-02| Loss_res: 3.276e+00|Time: 311.01
It: 5200| Loss: 2.990e-01| Loss_bcs: 1.383e-03| loss_ic_ut: 1.969e-03| Loss_res: 2.812e-01|Time: 307.84
It: 5300| Loss: 2.634e-01| Loss_bcs: 1.668e-03| loss_ic_ut: 2.432e-03| Loss_res: 2.418e-01|Time: 309.23
It: 5400| Loss: 9.757e-01| Loss_bcs: 1.454e-03| loss_ic_ut: 3.040e-02| Loss_res: 9.004e-01|Time: 308.76
It: 5500| Loss: 5.288e-01| Loss_bcs: 1.554e-03| loss_ic_ut: 7.777e-03| Loss_res: 4.978e-01|Time: 305.96
It: 5600| Loss: 3.480e-01| Loss_bcs: 1.511e-03| loss_ic_ut: 2.184e-03| Loss_res: 3.285e-01|Time: 308.45
It: 5700| Loss: 4.167e-01| Loss_bcs: 1.279e-03| loss_ic_ut: 1.662e-03| Loss_res: 4.006e-01|Time: 305.48
It: 5800| Loss: 4.089e-01| Loss_bcs: 1.789e-03| loss_ic_ut: 2.633e-02| Loss_res: 3.384e-01|Time: 308.46
It: 5900| Loss: 2.826e+00| Loss_bcs: 1.887e-03| loss_ic_ut: 6.780e-02| Loss_res: 2.672e+00|Time: 306.20
It: 6000| Loss: 1.759e-01| Loss_bcs: 1.355e-03| loss_ic_ut: 1.811e-03| Loss_res: 1.587e-01|Time: 306.58
mean_grad_res: 3.998e+00
mean_grad_bcs: 7.252e-03
mean_grad_ic_ut: 3.691e-02
It: 6100| Loss: 2.663e-01| Loss_bcs: 1.594e-03| loss_ic_ut: 3.596e-03| Loss_res: 2.432e-01|Time: 306.50
It: 6200| Loss: 2.406e-01| Loss_bcs: 1.348e-03| loss_ic_ut: 3.002e-03| Loss_res: 2.211e-01|Time: 309.44
It: 6300| Loss: 1.566e-01| Loss_bcs: 1.253e-03| loss_ic_ut: 1.975e-03| Loss_res: 1.401e-01|Time: 305.48
It: 6400| Loss: 2.648e-01| Loss_bcs: 1.484e-03| loss_ic_ut: 2.072e-03| Loss_res: 2.458e-01|Time: 312.18
It: 6500| Loss: 1.585e-01| Loss_bcs: 1.432e-03| loss_ic_ut: 1.428e-03| Loss_res: 1.413e-01|Time: 316.65
It: 6600| Loss: 1.155e-01| Loss_bcs: 1.286e-03| loss_ic_ut: 1.756e-03| Loss_res: 9.915e-02|Time: 313.66
It: 6700| Loss: 2.078e-01| Loss_bcs: 9.800e-04| loss_ic_ut: 3.424e-03| Loss_res: 1.911e-01|Time: 309.94
It: 6800| Loss: 3.453e-01| Loss_bcs: 1.156e-03| loss_ic_ut: 1.588e-02| Loss_res: 3.020e-01|Time: 315.48
It: 6900| Loss: 1.922e-01| Loss_bcs: 1.504e-03| loss_ic_ut: 2.020e-03| Loss_res: 1.731e-01|Time: 320.89
It: 7000| Loss: 1.959e-01| Loss_bcs: 1.092e-03| loss_ic_ut: 1.799e-03| Loss_res: 1.814e-01|Time: 315.04
mean_grad_res: 5.793e+00
mean_grad_bcs: 5.743e-03
mean_grad_ic_ut: 1.606e-01
It: 7100| Loss: 2.937e-01| Loss_bcs: 9.877e-04| loss_ic_ut: 5.869e-03| Loss_res: 2.721e-01|Time: 319.59
It: 7200| Loss: 3.167e-01| Loss_bcs: 1.269e-03| loss_ic_ut: 1.200e-03| Loss_res: 3.017e-01|Time: 327.12
It: 7300| Loss: 3.002e-01| Loss_bcs: 1.311e-03| loss_ic_ut: 6.995e-03| Loss_res: 2.731e-01|Time: 325.36
It: 7400| Loss: 2.100e-01| Loss_bcs: 1.429e-03| loss_ic_ut: 1.336e-03| Loss_res: 1.930e-01|Time: 322.55
It: 7500| Loss: 1.240e-01| Loss_bcs: 1.054e-03| loss_ic_ut: 2.152e-03| Loss_res: 1.092e-01|Time: 321.92
It: 7600| Loss: 1.364e+00| Loss_bcs: 9.688e-04| loss_ic_ut: 1.355e-02| Loss_res: 1.327e+00|Time: 328.20
It: 7700| Loss: 2.009e-01| Loss_bcs: 9.098e-04| loss_ic_ut: 1.516e-03| Loss_res: 1.888e-01|Time: 332.98
It: 7800| Loss: 1.134e-01| Loss_bcs: 1.152e-03| loss_ic_ut: 1.695e-03| Loss_res: 9.853e-02|Time: 333.43
It: 7900| Loss: 1.462e-01| Loss_bcs: 1.162e-03| loss_ic_ut: 1.648e-03| Loss_res: 1.313e-01|Time: 335.34
It: 8000| Loss: 1.272e-01| Loss_bcs: 1.095e-03| loss_ic_ut: 1.068e-03| Loss_res: 1.141e-01|Time: 330.61
mean_grad_res: 3.159e+00
mean_grad_bcs: 8.482e-03
mean_grad_ic_ut: 4.891e-02
It: 8100| Loss: 1.411e-01| Loss_bcs: 9.202e-04| loss_ic_ut: 1.464e-03| Loss_res: 1.289e-01|Time: 331.59
It: 8200| Loss: 2.213e-01| Loss_bcs: 1.112e-03| loss_ic_ut: 4.030e-03| Loss_res: 2.021e-01|Time: 328.81
It: 8300| Loss: 1.514e-01| Loss_bcs: 1.069e-03| loss_ic_ut: 1.436e-03| Loss_res: 1.379e-01|Time: 330.47
It: 8400| Loss: 2.135e-01| Loss_bcs: 8.189e-04| loss_ic_ut: 1.835e-03| Loss_res: 2.017e-01|Time: 330.03
It: 8500| Loss: 1.613e-01| Loss_bcs: 1.052e-03| loss_ic_ut: 4.364e-03| Loss_res: 1.421e-01|Time: 331.08
It: 8600| Loss: 2.992e-01| Loss_bcs: 7.844e-04| loss_ic_ut: 4.064e-03| Loss_res: 2.832e-01|Time: 332.63
It: 8700| Loss: 1.192e-01| Loss_bcs: 1.102e-03| loss_ic_ut: 1.051e-03| Loss_res: 1.060e-01|Time: 331.94
It: 8800| Loss: 2.921e-01| Loss_bcs: 9.798e-04| loss_ic_ut: 1.855e-03| Loss_res: 2.786e-01|Time: 331.57
It: 8900| Loss: 5.715e-02| Loss_bcs: 9.132e-04| loss_ic_ut: 6.542e-04| Loss_res: 4.671e-02|Time: 329.42
It: 9000| Loss: 1.406e-01| Loss_bcs: 9.551e-04| loss_ic_ut: 1.046e-03| Loss_res: 1.289e-01|Time: 307.40
mean_grad_res: 4.821e+00
mean_grad_bcs: 5.498e-03
mean_grad_ic_ut: 1.175e-01
It: 9100| Loss: 1.433e-01| Loss_bcs: 1.199e-03| loss_ic_ut: 1.479e-03| Loss_res: 1.284e-01|Time: 295.92
It: 9200| Loss: 9.644e-02| Loss_bcs: 7.963e-04| loss_ic_ut: 7.741e-04| Loss_res: 8.693e-02|Time: 297.67
It: 9300| Loss: 1.182e-01| Loss_bcs: 7.965e-04| loss_ic_ut: 7.790e-04| Loss_res: 1.087e-01|Time: 297.26
It: 9400| Loss: 1.282e-01| Loss_bcs: 1.005e-03| loss_ic_ut: 7.184e-04| Loss_res: 1.167e-01|Time: 296.94
It: 9500| Loss: 8.372e-02| Loss_bcs: 8.359e-04| loss_ic_ut: 7.412e-04| Loss_res: 7.388e-02|Time: 294.88
It: 9600| Loss: 1.081e-01| Loss_bcs: 8.314e-04| loss_ic_ut: 6.305e-04| Loss_res: 9.857e-02|Time: 297.22
It: 9700| Loss: 1.367e-01| Loss_bcs: 7.410e-04| loss_ic_ut: 4.080e-04| Loss_res: 1.284e-01|Time: 297.30
It: 9800| Loss: 7.074e-02| Loss_bcs: 6.939e-04| loss_ic_ut: 6.015e-04| Loss_res: 6.260e-02|Time: 295.72
It: 9900| Loss: 1.357e-01| Loss_bcs: 6.510e-04| loss_ic_ut: 1.358e-03| Loss_res: 1.265e-01|Time: 300.00
It: 10000| Loss: 7.497e-02| Loss_bcs: 7.196e-04| loss_ic_ut: 1.569e-03| Loss_res: 6.464e-02|Time: 302.54
mean_grad_res: 2.276e+00
mean_grad_bcs: 5.107e-03
mean_grad_ic_ut: 1.045e-01
It: 10100| Loss: 1.236e-01| Loss_bcs: 6.244e-04| loss_ic_ut: 7.427e-04| Loss_res: 1.159e-01|Time: 303.64
It: 10200| Loss: 1.733e-01| Loss_bcs: 7.321e-04| loss_ic_ut: 9.887e-04| Loss_res: 1.640e-01|Time: 306.64
It: 10300| Loss: 6.690e-02| Loss_bcs: 8.402e-04| loss_ic_ut: 1.437e-03| Loss_res: 5.562e-02|Time: 310.06
It: 10400| Loss: 1.385e-01| Loss_bcs: 6.872e-04| loss_ic_ut: 1.197e-03| Loss_res: 1.293e-01|Time: 316.35
It: 10500| Loss: 1.215e-01| Loss_bcs: 6.298e-04| loss_ic_ut: 1.177e-03| Loss_res: 1.129e-01|Time: 316.85
It: 10600| Loss: 1.146e-01| Loss_bcs: 7.433e-04| loss_ic_ut: 2.166e-03| Loss_res: 1.028e-01|Time: 314.40
It: 10700| Loss: 9.781e-02| Loss_bcs: 6.776e-04| loss_ic_ut: 8.055e-04| Loss_res: 8.943e-02|Time: 311.36
It: 10800| Loss: 1.510e-01| Loss_bcs: 7.224e-04| loss_ic_ut: 7.627e-04| Loss_res: 1.422e-01|Time: 312.70
It: 10900| Loss: 1.021e-01| Loss_bcs: 6.678e-04| loss_ic_ut: 7.281e-04| Loss_res: 9.393e-02|Time: 310.99
It: 11000| Loss: 1.127e-01| Loss_bcs: 6.324e-04| loss_ic_ut: 1.064e-03| Loss_res: 1.043e-01|Time: 321.95
mean_grad_res: 4.261e+00
mean_grad_bcs: 4.062e-03
mean_grad_ic_ut: 1.158e-01
It: 11100| Loss: 8.125e-02| Loss_bcs: 7.251e-04| loss_ic_ut: 4.763e-04| Loss_res: 7.305e-02|Time: 312.75
It: 11200| Loss: 1.924e-01| Loss_bcs: 8.240e-04| loss_ic_ut: 1.658e-03| Loss_res: 1.808e-01|Time: 310.87
It: 11300| Loss: 5.587e-02| Loss_bcs: 6.082e-04| loss_ic_ut: 7.208e-04| Loss_res: 4.834e-02|Time: 310.63
It: 11400| Loss: 1.113e-01| Loss_bcs: 6.289e-04| loss_ic_ut: 4.232e-04| Loss_res: 1.041e-01|Time: 312.83
It: 11500| Loss: 5.410e-02| Loss_bcs: 6.137e-04| loss_ic_ut: 5.894e-04| Loss_res: 4.679e-02|Time: 313.52
It: 11600| Loss: 8.029e-02| Loss_bcs: 6.591e-04| loss_ic_ut: 5.008e-04| Loss_res: 7.270e-02|Time: 313.07
It: 11700| Loss: 7.942e-02| Loss_bcs: 5.857e-04| loss_ic_ut: 2.754e-04| Loss_res: 7.302e-02|Time: 312.49
It: 11800| Loss: 9.251e-02| Loss_bcs: 7.477e-04| loss_ic_ut: 1.742e-03| Loss_res: 8.154e-02|Time: 314.52
It: 11900| Loss: 7.650e-02| Loss_bcs: 5.894e-04| loss_ic_ut: 2.105e-03| Loss_res: 6.640e-02|Time: 316.14
It: 12000| Loss: 8.255e-02| Loss_bcs: 5.842e-04| loss_ic_ut: 1.030e-03| Loss_res: 7.465e-02|Time: 314.53
mean_grad_res: 3.284e+00
mean_grad_bcs: 3.852e-03
mean_grad_ic_ut: 1.089e-01
It: 12100| Loss: 9.841e-02| Loss_bcs: 5.830e-04| loss_ic_ut: 4.468e-04| Loss_res: 9.169e-02|Time: 313.56
It: 12200| Loss: 7.989e-02| Loss_bcs: 5.535e-04| loss_ic_ut: 6.375e-04| Loss_res: 7.308e-02|Time: 311.40
It: 12300| Loss: 8.093e-02| Loss_bcs: 6.692e-04| loss_ic_ut: 3.353e-04| Loss_res: 7.357e-02|Time: 310.48
It: 12400| Loss: 9.335e-02| Loss_bcs: 6.390e-04| loss_ic_ut: 1.608e-03| Loss_res: 8.374e-02|Time: 308.62
It: 12500| Loss: 1.120e-01| Loss_bcs: 5.824e-04| loss_ic_ut: 3.588e-04| Loss_res: 1.054e-01|Time: 301.65
It: 12600| Loss: 4.355e-02| Loss_bcs: 5.376e-04| loss_ic_ut: 4.754e-04| Loss_res: 3.723e-02|Time: 302.65
It: 12700| Loss: 5.721e-02| Loss_bcs: 5.784e-04| loss_ic_ut: 2.834e-04| Loss_res: 5.086e-02|Time: 305.16
It: 12800| Loss: 6.184e-02| Loss_bcs: 6.390e-04| loss_ic_ut: 3.020e-04| Loss_res: 5.484e-02|Time: 304.61
It: 12900| Loss: 7.642e-02| Loss_bcs: 5.449e-04| loss_ic_ut: 4.329e-04| Loss_res: 7.011e-02|Time: 306.48
It: 13000| Loss: 7.776e-02| Loss_bcs: 5.659e-04| loss_ic_ut: 1.016e-03| Loss_res: 7.007e-02|Time: 302.46
mean_grad_res: 2.589e+00
mean_grad_bcs: 4.051e-03
mean_grad_ic_ut: 9.672e-02
It: 13100| Loss: 5.153e-02| Loss_bcs: 5.618e-04| loss_ic_ut: 5.001e-04| Loss_res: 4.491e-02|Time: 304.02
It: 13200| Loss: 7.739e-02| Loss_bcs: 6.536e-04| loss_ic_ut: 7.866e-04| Loss_res: 6.928e-02|Time: 304.95
It: 13300| Loss: 5.552e-02| Loss_bcs: 5.519e-04| loss_ic_ut: 4.015e-04| Loss_res: 4.920e-02|Time: 307.77
It: 13400| Loss: 6.353e-02| Loss_bcs: 6.421e-04| loss_ic_ut: 4.129e-04| Loss_res: 5.628e-02|Time: 303.63
It: 13500| Loss: 6.279e-02| Loss_bcs: 5.711e-04| loss_ic_ut: 5.192e-04| Loss_res: 5.604e-02|Time: 305.78
It: 13600| Loss: 5.099e-02| Loss_bcs: 4.804e-04| loss_ic_ut: 7.511e-04| Loss_res: 4.468e-02|Time: 307.53
It: 13700| Loss: 5.451e-02| Loss_bcs: 5.603e-04| loss_ic_ut: 5.550e-04| Loss_res: 4.780e-02|Time: 306.30
It: 13800| Loss: 5.507e-02| Loss_bcs: 5.322e-04| loss_ic_ut: 2.140e-04| Loss_res: 4.932e-02|Time: 305.48
It: 13900| Loss: 4.870e-02| Loss_bcs: 5.279e-04| loss_ic_ut: 1.065e-03| Loss_res: 4.129e-02|Time: 304.84
It: 14000| Loss: 6.981e-02| Loss_bcs: 6.533e-04| loss_ic_ut: 2.661e-04| Loss_res: 6.275e-02|Time: 306.20
mean_grad_res: 2.685e+00
mean_grad_bcs: 4.505e-03
mean_grad_ic_ut: 2.260e-02
It: 14100| Loss: 5.872e-02| Loss_bcs: 5.694e-04| loss_ic_ut: 5.916e-04| Loss_res: 5.184e-02|Time: 306.40
It: 14200| Loss: 9.093e-02| Loss_bcs: 5.733e-04| loss_ic_ut: 3.534e-04| Loss_res: 8.449e-02|Time: 309.43
It: 14300| Loss: 5.107e-02| Loss_bcs: 4.768e-04| loss_ic_ut: 4.615e-04| Loss_res: 4.538e-02|Time: 307.22
It: 14400| Loss: 3.492e-02| Loss_bcs: 5.291e-04| loss_ic_ut: 3.897e-04| Loss_res: 2.885e-02|Time: 307.39
It: 14500| Loss: 9.676e-02| Loss_bcs: 4.978e-04| loss_ic_ut: 4.944e-04| Loss_res: 9.080e-02|Time: 307.23
It: 14600| Loss: 6.218e-02| Loss_bcs: 4.741e-04| loss_ic_ut: 2.485e-04| Loss_res: 5.695e-02|Time: 309.06
It: 14700| Loss: 5.330e-02| Loss_bcs: 5.131e-04| loss_ic_ut: 1.204e-03| Loss_res: 4.577e-02|Time: 309.16
It: 14800| Loss: 4.806e-02| Loss_bcs: 4.108e-04| loss_ic_ut: 2.869e-04| Loss_res: 4.338e-02|Time: 308.71
It: 14900| Loss: 7.364e-02| Loss_bcs: 5.162e-04| loss_ic_ut: 2.578e-04| Loss_res: 6.796e-02|Time: 310.93
It: 15000| Loss: 7.206e-02| Loss_bcs: 4.739e-04| loss_ic_ut: 3.454e-04| Loss_res: 6.663e-02|Time: 309.32
mean_grad_res: 2.332e+00
mean_grad_bcs: 3.190e-03
mean_grad_ic_ut: 3.963e-02
It: 15100| Loss: 6.504e-02| Loss_bcs: 5.005e-04| loss_ic_ut: 3.560e-04| Loss_res: 5.933e-02|Time: 311.65
It: 15200| Loss: 3.601e-02| Loss_bcs: 4.830e-04| loss_ic_ut: 2.389e-04| Loss_res: 3.070e-02|Time: 307.03
It: 15300| Loss: 3.309e-02| Loss_bcs: 4.506e-04| loss_ic_ut: 4.334e-04| Loss_res: 2.771e-02|Time: 309.13
It: 15400| Loss: 5.111e-02| Loss_bcs: 4.417e-04| loss_ic_ut: 6.507e-04| Loss_res: 4.539e-02|Time: 308.39
It: 15500| Loss: 7.758e-02| Loss_bcs: 4.977e-04| loss_ic_ut: 4.214e-04| Loss_res: 7.176e-02|Time: 308.82
It: 15600| Loss: 3.398e-02| Loss_bcs: 4.603e-04| loss_ic_ut: 2.718e-04| Loss_res: 2.883e-02|Time: 310.69
It: 15700| Loss: 4.478e-02| Loss_bcs: 5.019e-04| loss_ic_ut: 4.716e-04| Loss_res: 3.882e-02|Time: 308.60
It: 15800| Loss: 4.131e-02| Loss_bcs: 4.678e-04| loss_ic_ut: 9.762e-04| Loss_res: 3.468e-02|Time: 309.00
It: 15900| Loss: 7.782e-02| Loss_bcs: 4.131e-04| loss_ic_ut: 4.303e-04| Loss_res: 7.283e-02|Time: 312.84
It: 16000| Loss: 3.715e-02| Loss_bcs: 4.853e-04| loss_ic_ut: 3.854e-04| Loss_res: 3.152e-02|Time: 307.96
mean_grad_res: 1.692e+00
mean_grad_bcs: 4.409e-03
mean_grad_ic_ut: 4.783e-02
It: 16100| Loss: 5.431e-02| Loss_bcs: 3.795e-04| loss_ic_ut: 4.014e-04| Loss_res: 4.971e-02|Time: 308.72
It: 16200| Loss: 3.201e-02| Loss_bcs: 3.883e-04| loss_ic_ut: 2.602e-04| Loss_res: 2.761e-02|Time: 310.35
It: 16300| Loss: 3.818e-02| Loss_bcs: 4.122e-04| loss_ic_ut: 3.767e-04| Loss_res: 3.331e-02|Time: 309.77
It: 16400| Loss: 4.166e-02| Loss_bcs: 4.314e-04| loss_ic_ut: 7.022e-04| Loss_res: 3.595e-02|Time: 309.26
It: 16500| Loss: 3.248e-02| Loss_bcs: 5.626e-04| loss_ic_ut: 8.738e-04| Loss_res: 2.510e-02|Time: 308.70
It: 16600| Loss: 3.104e-02| Loss_bcs: 4.422e-04| loss_ic_ut: 4.333e-04| Loss_res: 2.575e-02|Time: 308.25
It: 16700| Loss: 3.915e-02| Loss_bcs: 3.886e-04| loss_ic_ut: 4.613e-04| Loss_res: 3.434e-02|Time: 310.49
It: 16800| Loss: 3.590e-02| Loss_bcs: 3.325e-04| loss_ic_ut: 1.887e-04| Loss_res: 3.220e-02|Time: 309.61
It: 16900| Loss: 5.467e-02| Loss_bcs: 4.621e-04| loss_ic_ut: 7.560e-04| Loss_res: 4.854e-02|Time: 311.00
It: 17000| Loss: 4.572e-02| Loss_bcs: 4.232e-04| loss_ic_ut: 8.180e-04| Loss_res: 3.986e-02|Time: 315.33
mean_grad_res: 9.895e-01
mean_grad_bcs: 3.680e-03
mean_grad_ic_ut: 1.274e-01
It: 17100| Loss: 4.180e-02| Loss_bcs: 3.966e-04| loss_ic_ut: 3.809e-04| Loss_res: 3.707e-02|Time: 313.54
It: 17200| Loss: 4.061e-02| Loss_bcs: 4.732e-04| loss_ic_ut: 3.178e-04| Loss_res: 3.524e-02|Time: 312.79
It: 17300| Loss: 3.501e-02| Loss_bcs: 4.459e-04| loss_ic_ut: 2.340e-04| Loss_res: 3.009e-02|Time: 309.66
It: 17400| Loss: 3.978e-02| Loss_bcs: 4.598e-04| loss_ic_ut: 2.474e-04| Loss_res: 3.469e-02|Time: 308.34
It: 17500| Loss: 3.960e-02| Loss_bcs: 4.041e-04| loss_ic_ut: 2.485e-04| Loss_res: 3.507e-02|Time: 309.31
It: 17600| Loss: 8.118e-02| Loss_bcs: 3.575e-04| loss_ic_ut: 4.550e-04| Loss_res: 7.669e-02|Time: 306.95
It: 17700| Loss: 3.187e-02| Loss_bcs: 3.758e-04| loss_ic_ut: 3.148e-04| Loss_res: 2.748e-02|Time: 308.43
It: 17800| Loss: 3.498e-02| Loss_bcs: 3.692e-04| loss_ic_ut: 2.468e-04| Loss_res: 3.079e-02|Time: 308.12
It: 17900| Loss: 3.946e-02| Loss_bcs: 4.446e-04| loss_ic_ut: 4.694e-04| Loss_res: 3.408e-02|Time: 311.02
It: 18000| Loss: 4.837e-02| Loss_bcs: 4.469e-04| loss_ic_ut: 6.332e-04| Loss_res: 4.263e-02|Time: 307.10
mean_grad_res: 1.062e+00
mean_grad_bcs: 3.264e-03
mean_grad_ic_ut: 8.930e-02
It: 18100| Loss: 3.178e-02| Loss_bcs: 4.103e-04| loss_ic_ut: 1.781e-04| Loss_res: 2.732e-02|Time: 308.59
It: 18200| Loss: 4.206e-02| Loss_bcs: 3.770e-04| loss_ic_ut: 3.874e-04| Loss_res: 3.751e-02|Time: 308.32
It: 18300| Loss: 4.418e-02| Loss_bcs: 4.161e-04| loss_ic_ut: 3.959e-04| Loss_res: 3.923e-02|Time: 307.45
It: 18400| Loss: 5.895e-02| Loss_bcs: 4.110e-04| loss_ic_ut: 2.622e-04| Loss_res: 5.432e-02|Time: 306.97
It: 18500| Loss: 2.868e-02| Loss_bcs: 3.974e-04| loss_ic_ut: 2.410e-04| Loss_res: 2.422e-02|Time: 304.83
It: 18600| Loss: 3.112e-02| Loss_bcs: 3.363e-04| loss_ic_ut: 2.275e-04| Loss_res: 2.730e-02|Time: 306.39
It: 18700| Loss: 3.717e-02| Loss_bcs: 3.595e-04| loss_ic_ut: 1.772e-04| Loss_res: 3.322e-02|Time: 307.63
It: 18800| Loss: 4.146e-02| Loss_bcs: 3.931e-04| loss_ic_ut: 2.008e-04| Loss_res: 3.713e-02|Time: 306.84
It: 18900| Loss: 1.114e-01| Loss_bcs: 3.866e-04| loss_ic_ut: 1.748e-04| Loss_res: 1.072e-01|Time: 304.72
It: 19000| Loss: 3.226e-02| Loss_bcs: 3.936e-04| loss_ic_ut: 2.964e-04| Loss_res: 2.773e-02|Time: 305.56
mean_grad_res: 8.703e-01
mean_grad_bcs: 3.958e-03
mean_grad_ic_ut: 2.107e-02
It: 19100| Loss: 3.064e-02| Loss_bcs: 3.469e-04| loss_ic_ut: 2.320e-04| Loss_res: 2.671e-02|Time: 303.67
It: 19200| Loss: 3.064e-02| Loss_bcs: 3.533e-04| loss_ic_ut: 3.578e-04| Loss_res: 2.640e-02|Time: 308.64
It: 19300| Loss: 3.364e-02| Loss_bcs: 4.265e-04| loss_ic_ut: 1.657e-04| Loss_res: 2.905e-02|Time: 307.18
It: 19400| Loss: 3.040e-02| Loss_bcs: 3.640e-04| loss_ic_ut: 5.120e-04| Loss_res: 2.574e-02|Time: 311.52
It: 19500| Loss: 3.825e-02| Loss_bcs: 3.866e-04| loss_ic_ut: 8.285e-04| Loss_res: 3.273e-02|Time: 303.14
It: 19600| Loss: 2.473e-02| Loss_bcs: 4.027e-04| loss_ic_ut: 1.859e-04| Loss_res: 2.033e-02|Time: 305.90
It: 19700| Loss: 2.264e-02| Loss_bcs: 3.978e-04| loss_ic_ut: 1.763e-04| Loss_res: 1.831e-02|Time: 307.68
It: 19800| Loss: 3.947e-02| Loss_bcs: 4.021e-04| loss_ic_ut: 5.099e-04| Loss_res: 3.443e-02|Time: 307.64
It: 19900| Loss: 2.873e-02| Loss_bcs: 3.590e-04| loss_ic_ut: 1.808e-04| Loss_res: 2.478e-02|Time: 308.13
It: 20000| Loss: 4.462e-02| Loss_bcs: 3.305e-04| loss_ic_ut: 2.013e-04| Loss_res: 4.091e-02|Time: 309.76
mean_grad_res: 2.653e+00
mean_grad_bcs: 3.066e-03
mean_grad_ic_ut: 1.954e-02
It: 20100| Loss: 2.683e-02| Loss_bcs: 3.545e-04| loss_ic_ut: 2.560e-04| Loss_res: 2.277e-02|Time: 307.59
It: 20200| Loss: 3.204e-02| Loss_bcs: 3.371e-04| loss_ic_ut: 1.780e-04| Loss_res: 2.831e-02|Time: 307.85
It: 20300| Loss: 3.048e-02| Loss_bcs: 4.059e-04| loss_ic_ut: 2.580e-04| Loss_res: 2.590e-02|Time: 307.93
It: 20400| Loss: 4.773e-02| Loss_bcs: 3.590e-04| loss_ic_ut: 3.515e-04| Loss_res: 4.344e-02|Time: 308.67
It: 20500| Loss: 3.048e-02| Loss_bcs: 2.992e-04| loss_ic_ut: 3.703e-04| Loss_res: 2.674e-02|Time: 309.92
It: 20600| Loss: 2.791e-02| Loss_bcs: 3.580e-04| loss_ic_ut: 2.594e-04| Loss_res: 2.381e-02|Time: 308.08
It: 20700| Loss: 3.115e-02| Loss_bcs: 3.459e-04| loss_ic_ut: 2.601e-04| Loss_res: 2.717e-02|Time: 312.53
It: 20800| Loss: 3.878e-02| Loss_bcs: 3.931e-04| loss_ic_ut: 1.485e-04| Loss_res: 3.455e-02|Time: 309.11
It: 20900| Loss: 2.723e-02| Loss_bcs: 3.396e-04| loss_ic_ut: 6.766e-04| Loss_res: 2.248e-02|Time: 311.11
It: 21000| Loss: 3.138e-02| Loss_bcs: 3.238e-04| loss_ic_ut: 2.674e-04| Loss_res: 2.760e-02|Time: 311.08
mean_grad_res: 1.556e+00
mean_grad_bcs: 2.967e-03
mean_grad_ic_ut: 2.469e-02
It: 21100| Loss: 2.871e-02| Loss_bcs: 3.149e-04| loss_ic_ut: 2.293e-04| Loss_res: 2.510e-02|Time: 309.56
It: 21200| Loss: 3.053e-02| Loss_bcs: 3.102e-04| loss_ic_ut: 2.212e-04| Loss_res: 2.699e-02|Time: 309.93
It: 21300| Loss: 3.187e-02| Loss_bcs: 3.630e-04| loss_ic_ut: 3.200e-04| Loss_res: 2.760e-02|Time: 313.88
It: 21400| Loss: 7.152e-02| Loss_bcs: 4.316e-04| loss_ic_ut: 2.351e-04| Loss_res: 6.674e-02|Time: 310.16
It: 21500| Loss: 2.788e-02| Loss_bcs: 3.751e-04| loss_ic_ut: 1.631e-04| Loss_res: 2.380e-02|Time: 309.78
It: 21600| Loss: 2.466e-02| Loss_bcs: 3.435e-04| loss_ic_ut: 1.799e-04| Loss_res: 2.086e-02|Time: 311.67
It: 21700| Loss: 3.512e-02| Loss_bcs: 3.177e-04| loss_ic_ut: 3.314e-04| Loss_res: 3.128e-02|Time: 310.98
It: 21800| Loss: 3.591e-02| Loss_bcs: 3.350e-04| loss_ic_ut: 7.502e-04| Loss_res: 3.106e-02|Time: 310.11
It: 21900| Loss: 2.439e-02| Loss_bcs: 3.867e-04| loss_ic_ut: 2.475e-04| Loss_res: 2.003e-02|Time: 310.91
It: 22000| Loss: 2.251e-02| Loss_bcs: 3.184e-04| loss_ic_ut: 1.527e-04| Loss_res: 1.902e-02|Time: 309.58
mean_grad_res: 5.136e-01
mean_grad_bcs: 2.681e-03
mean_grad_ic_ut: 8.717e-03
It: 22100| Loss: 3.877e-02| Loss_bcs: 3.188e-04| loss_ic_ut: 8.003e-04| Loss_res: 3.399e-02|Time: 309.76
It: 22200| Loss: 2.142e-02| Loss_bcs: 3.329e-04| loss_ic_ut: 6.819e-04| Loss_res: 1.672e-02|Time: 309.81
It: 22300| Loss: 3.714e-02| Loss_bcs: 3.369e-04| loss_ic_ut: 4.141e-04| Loss_res: 3.295e-02|Time: 310.18
It: 22400| Loss: 4.104e-02| Loss_bcs: 3.243e-04| loss_ic_ut: 1.816e-04| Loss_res: 3.744e-02|Time: 311.50
It: 22500| Loss: 2.495e-02| Loss_bcs: 3.162e-04| loss_ic_ut: 1.540e-04| Loss_res: 2.148e-02|Time: 314.83
It: 22600| Loss: 2.375e-02| Loss_bcs: 3.486e-04| loss_ic_ut: 2.512e-04| Loss_res: 1.976e-02|Time: 320.64
It: 22700| Loss: 3.105e-02| Loss_bcs: 3.526e-04| loss_ic_ut: 2.396e-04| Loss_res: 2.704e-02|Time: 316.41
It: 22800| Loss: 7.569e-02| Loss_bcs: 4.072e-04| loss_ic_ut: 1.741e-04| Loss_res: 7.127e-02|Time: 405.73
It: 22900| Loss: 2.756e-02| Loss_bcs: 3.352e-04| loss_ic_ut: 2.668e-04| Loss_res: 2.367e-02|Time: 384.88
It: 23000| Loss: 2.241e-02| Loss_bcs: 3.020e-04| loss_ic_ut: 2.507e-04| Loss_res: 1.888e-02|Time: 330.48
mean_grad_res: 7.299e-01
mean_grad_bcs: 2.726e-03
mean_grad_ic_ut: 4.886e-02
It: 23100| Loss: 4.576e-02| Loss_bcs: 4.091e-04| loss_ic_ut: 2.006e-04| Loss_res: 4.127e-02|Time: 294.40
It: 23200| Loss: 3.146e-02| Loss_bcs: 2.851e-04| loss_ic_ut: 7.312e-04| Loss_res: 2.714e-02|Time: 292.84
It: 23300| Loss: 4.322e-02| Loss_bcs: 2.798e-04| loss_ic_ut: 2.334e-04| Loss_res: 3.995e-02|Time: 285.18
It: 23400| Loss: 2.516e-02| Loss_bcs: 3.787e-04| loss_ic_ut: 1.506e-04| Loss_res: 2.107e-02|Time: 284.26
It: 23500| Loss: 2.395e-02| Loss_bcs: 3.120e-04| loss_ic_ut: 4.529e-04| Loss_res: 1.992e-02|Time: 273.72
It: 23600| Loss: 2.489e-02| Loss_bcs: 2.662e-04| loss_ic_ut: 2.694e-04| Loss_res: 2.169e-02|Time: 272.88
It: 23700| Loss: 1.753e-02| Loss_bcs: 3.141e-04| loss_ic_ut: 1.514e-04| Loss_res: 1.408e-02|Time: 273.11
It: 23800| Loss: 2.419e-02| Loss_bcs: 3.141e-04| loss_ic_ut: 2.576e-04| Loss_res: 2.054e-02|Time: 270.31
It: 23900| Loss: 3.118e-02| Loss_bcs: 2.919e-04| loss_ic_ut: 4.377e-04| Loss_res: 2.739e-02|Time: 283.65
It: 24000| Loss: 2.323e-02| Loss_bcs: 3.130e-04| loss_ic_ut: 4.402e-04| Loss_res: 1.922e-02|Time: 290.41
mean_grad_res: 1.009e+00
mean_grad_bcs: 3.044e-03
mean_grad_ic_ut: 8.774e-02
It: 24100| Loss: 3.112e-02| Loss_bcs: 3.123e-04| loss_ic_ut: 3.618e-04| Loss_res: 2.728e-02|Time: 287.65
It: 24200| Loss: 3.251e-02| Loss_bcs: 2.987e-04| loss_ic_ut: 1.893e-04| Loss_res: 2.914e-02|Time: 290.36
It: 24300| Loss: 2.457e-02| Loss_bcs: 4.012e-04| loss_ic_ut: 2.073e-04| Loss_res: 2.014e-02|Time: 288.91
It: 24400| Loss: 1.952e-02| Loss_bcs: 2.957e-04| loss_ic_ut: 1.619e-04| Loss_res: 1.624e-02|Time: 289.67
It: 24500| Loss: 3.118e-02| Loss_bcs: 3.451e-04| loss_ic_ut: 2.228e-04| Loss_res: 2.729e-02|Time: 288.21
It: 24600| Loss: 1.956e-02| Loss_bcs: 3.021e-04| loss_ic_ut: 2.673e-04| Loss_res: 1.600e-02|Time: 287.45
It: 24700| Loss: 2.503e-02| Loss_bcs: 3.378e-04| loss_ic_ut: 1.976e-04| Loss_res: 2.126e-02|Time: 292.38
It: 24800| Loss: 2.643e-02| Loss_bcs: 2.982e-04| loss_ic_ut: 1.572e-04| Loss_res: 2.313e-02|Time: 289.10
It: 24900| Loss: 2.098e-02| Loss_bcs: 2.919e-04| loss_ic_ut: 2.115e-04| Loss_res: 1.763e-02|Time: 289.31
It: 25000| Loss: 2.680e-02| Loss_bcs: 2.956e-04| loss_ic_ut: 3.113e-04| Loss_res: 2.322e-02|Time: 291.88
mean_grad_res: 1.354e+00
mean_grad_bcs: 2.647e-03
mean_grad_ic_ut: 6.703e-02
It: 25100| Loss: 1.985e-02| Loss_bcs: 3.314e-04| loss_ic_ut: 1.557e-04| Loss_res: 1.623e-02|Time: 289.20
It: 25200| Loss: 2.366e-02| Loss_bcs: 3.140e-04| loss_ic_ut: 2.719e-04| Loss_res: 1.998e-02|Time: 274.14
It: 25300| Loss: 2.695e-02| Loss_bcs: 3.062e-04| loss_ic_ut: 1.750e-04| Loss_res: 2.354e-02|Time: 271.72
It: 25400| Loss: 3.066e-02| Loss_bcs: 2.694e-04| loss_ic_ut: 2.123e-04| Loss_res: 2.755e-02|Time: 269.18
It: 25500| Loss: 1.827e-02| Loss_bcs: 2.898e-04| loss_ic_ut: 1.940e-04| Loss_res: 1.498e-02|Time: 270.32
It: 25600| Loss: 2.134e-02| Loss_bcs: 3.335e-04| loss_ic_ut: 2.410e-04| Loss_res: 1.753e-02|Time: 271.01
It: 25700| Loss: 1.692e-02| Loss_bcs: 2.965e-04| loss_ic_ut: 1.945e-04| Loss_res: 1.356e-02|Time: 270.91
It: 25800| Loss: 3.300e-02| Loss_bcs: 2.911e-04| loss_ic_ut: 1.812e-04| Loss_res: 2.972e-02|Time: 246.48
It: 25900| Loss: 1.893e-02| Loss_bcs: 2.887e-04| loss_ic_ut: 1.874e-04| Loss_res: 1.567e-02|Time: 220.61
It: 26000| Loss: 1.911e-02| Loss_bcs: 3.202e-04| loss_ic_ut: 3.183e-04| Loss_res: 1.528e-02|Time: 220.26
mean_grad_res: 6.070e-01
mean_grad_bcs: 2.812e-03
mean_grad_ic_ut: 6.021e-02
It: 26100| Loss: 2.412e-02| Loss_bcs: 4.082e-04| loss_ic_ut: 2.223e-04| Loss_res: 1.960e-02|Time: 221.77
It: 26200| Loss: 3.559e-02| Loss_bcs: 3.050e-04| loss_ic_ut: 2.261e-04| Loss_res: 3.209e-02|Time: 224.30
It: 26300| Loss: 2.720e-02| Loss_bcs: 2.688e-04| loss_ic_ut: 1.334e-04| Loss_res: 2.425e-02|Time: 217.99
It: 26400| Loss: 2.341e-02| Loss_bcs: 2.922e-04| loss_ic_ut: 1.491e-04| Loss_res: 2.019e-02|Time: 206.23
It: 26500| Loss: 4.124e-02| Loss_bcs: 3.745e-04| loss_ic_ut: 1.544e-04| Loss_res: 3.718e-02|Time: 192.00
It: 26600| Loss: 2.964e-02| Loss_bcs: 3.440e-04| loss_ic_ut: 4.893e-04| Loss_res: 2.522e-02|Time: 189.70
It: 26700| Loss: 2.568e-02| Loss_bcs: 3.254e-04| loss_ic_ut: 1.576e-04| Loss_res: 2.211e-02|Time: 185.58
It: 26800| Loss: 1.973e-02| Loss_bcs: 3.115e-04| loss_ic_ut: 2.217e-04| Loss_res: 1.617e-02|Time: 175.20
It: 26900| Loss: 2.221e-02| Loss_bcs: 2.968e-04| loss_ic_ut: 4.471e-04| Loss_res: 1.835e-02|Time: 177.95
It: 27000| Loss: 6.059e-02| Loss_bcs: 3.209e-04| loss_ic_ut: 1.408e-04| Loss_res: 5.710e-02|Time: 174.95
mean_grad_res: 7.322e-01
mean_grad_bcs: 2.781e-03
mean_grad_ic_ut: 8.645e-03
It: 27100| Loss: 3.355e-02| Loss_bcs: 3.008e-04| loss_ic_ut: 1.683e-04| Loss_res: 3.020e-02|Time: 173.94
It: 27200| Loss: 2.063e-02| Loss_bcs: 3.146e-04| loss_ic_ut: 1.851e-04| Loss_res: 1.711e-02|Time: 173.27
It: 27300| Loss: 2.093e-02| Loss_bcs: 2.957e-04| loss_ic_ut: 3.018e-04| Loss_res: 1.737e-02|Time: 171.52
It: 27400| Loss: 2.561e-02| Loss_bcs: 2.813e-04| loss_ic_ut: 1.769e-04| Loss_res: 2.244e-02|Time: 174.67
It: 27500| Loss: 1.868e-02| Loss_bcs: 3.004e-04| loss_ic_ut: 2.023e-04| Loss_res: 1.528e-02|Time: 172.53
It: 27600| Loss: 7.627e-02| Loss_bcs: 2.832e-04| loss_ic_ut: 1.664e-04| Loss_res: 7.310e-02|Time: 163.57
It: 27700| Loss: 2.087e-02| Loss_bcs: 3.273e-04| loss_ic_ut: 1.526e-04| Loss_res: 1.729e-02|Time: 163.94
It: 27800| Loss: 1.872e-02| Loss_bcs: 3.245e-04| loss_ic_ut: 1.669e-04| Loss_res: 1.514e-02|Time: 158.96
It: 27900| Loss: 2.385e-02| Loss_bcs: 3.156e-04| loss_ic_ut: 2.041e-04| Loss_res: 2.028e-02|Time: 158.91
It: 28000| Loss: 2.614e-02| Loss_bcs: 3.312e-04| loss_ic_ut: 1.721e-04| Loss_res: 2.249e-02|Time: 155.71
mean_grad_res: 7.303e-01
mean_grad_bcs: 2.848e-03
mean_grad_ic_ut: 2.562e-02
It: 28100| Loss: 3.078e-02| Loss_bcs: 3.015e-04| loss_ic_ut: 4.013e-04| Loss_res: 2.696e-02|Time: 162.14
It: 28200| Loss: 1.649e-02| Loss_bcs: 3.093e-04| loss_ic_ut: 1.618e-04| Loss_res: 1.307e-02|Time: 168.68
It: 28300| Loss: 2.264e-02| Loss_bcs: 2.972e-04| loss_ic_ut: 2.004e-04| Loss_res: 1.927e-02|Time: 173.69
It: 28400| Loss: 2.598e-02| Loss_bcs: 2.751e-04| loss_ic_ut: 1.579e-04| Loss_res: 2.291e-02|Time: 171.16
It: 28500| Loss: 1.835e-02| Loss_bcs: 2.747e-04| loss_ic_ut: 1.660e-04| Loss_res: 1.527e-02|Time: 174.45
It: 28600| Loss: 2.269e-02| Loss_bcs: 3.177e-04| loss_ic_ut: 3.378e-04| Loss_res: 1.883e-02|Time: 173.36
It: 28700| Loss: 4.083e-02| Loss_bcs: 3.066e-04| loss_ic_ut: 2.196e-04| Loss_res: 3.732e-02|Time: 173.08
It: 28800| Loss: 5.141e-02| Loss_bcs: 3.413e-04| loss_ic_ut: 2.932e-04| Loss_res: 4.741e-02|Time: 169.23
It: 28900| Loss: 2.209e-02| Loss_bcs: 3.122e-04| loss_ic_ut: 2.251e-04| Loss_res: 1.852e-02|Time: 166.76
It: 29000| Loss: 4.263e-02| Loss_bcs: 2.795e-04| loss_ic_ut: 2.780e-04| Loss_res: 3.928e-02|Time: 160.65
mean_grad_res: 5.474e-01
mean_grad_bcs: 2.496e-03
mean_grad_ic_ut: 4.968e-02
It: 29100| Loss: 2.221e-02| Loss_bcs: 3.064e-04| loss_ic_ut: 1.490e-04| Loss_res: 1.885e-02|Time: 165.27
It: 29200| Loss: 2.244e-02| Loss_bcs: 3.295e-04| loss_ic_ut: 1.704e-04| Loss_res: 1.881e-02|Time: 165.71
It: 29300| Loss: 2.597e-02| Loss_bcs: 3.279e-04| loss_ic_ut: 1.894e-04| Loss_res: 2.232e-02|Time: 166.02
It: 29400| Loss: 4.972e-02| Loss_bcs: 2.705e-04| loss_ic_ut: 1.413e-04| Loss_res: 4.673e-02|Time: 166.67
It: 29500| Loss: 3.807e-02| Loss_bcs: 2.840e-04| loss_ic_ut: 1.984e-04| Loss_res: 3.483e-02|Time: 170.73
It: 29600| Loss: 1.937e-02| Loss_bcs: 3.075e-04| loss_ic_ut: 1.961e-04| Loss_res: 1.590e-02|Time: 166.35
It: 29700| Loss: 2.598e-02| Loss_bcs: 3.323e-04| loss_ic_ut: 2.654e-04| Loss_res: 2.213e-02|Time: 174.91
It: 29800| Loss: 1.807e-02| Loss_bcs: 3.687e-04| loss_ic_ut: 1.525e-04| Loss_res: 1.408e-02|Time: 180.22
It: 29900| Loss: 2.693e-02| Loss_bcs: 2.735e-04| loss_ic_ut: 1.620e-04| Loss_res: 2.387e-02|Time: 177.79
It: 30000| Loss: 1.665e-02| Loss_bcs: 2.921e-04| loss_ic_ut: 1.495e-04| Loss_res: 1.343e-02|Time: 176.98
mean_grad_res: 2.803e-01
mean_grad_bcs: 2.545e-03
mean_grad_ic_ut: 6.113e-03
It: 30100| Loss: 2.236e-02| Loss_bcs: 2.884e-04| loss_ic_ut: 3.029e-04| Loss_res: 1.887e-02|Time: 176.16
It: 30200| Loss: 2.000e-02| Loss_bcs: 3.384e-04| loss_ic_ut: 1.696e-04| Loss_res: 1.628e-02|Time: 176.89
It: 30300| Loss: 4.260e-02| Loss_bcs: 3.046e-04| loss_ic_ut: 1.721e-04| Loss_res: 3.921e-02|Time: 174.03
It: 30400| Loss: 2.985e-02| Loss_bcs: 3.709e-04| loss_ic_ut: 1.548e-04| Loss_res: 2.584e-02|Time: 177.04
It: 30500| Loss: 1.994e-02| Loss_bcs: 2.907e-04| loss_ic_ut: 1.884e-04| Loss_res: 1.666e-02|Time: 178.17
It: 30600| Loss: 3.795e-02| Loss_bcs: 2.726e-04| loss_ic_ut: 1.887e-04| Loss_res: 3.485e-02|Time: 179.44
It: 30700| Loss: 2.006e-02| Loss_bcs: 3.030e-04| loss_ic_ut: 1.479e-04| Loss_res: 1.673e-02|Time: 179.45
It: 30800| Loss: 2.260e-02| Loss_bcs: 3.213e-04| loss_ic_ut: 1.954e-04| Loss_res: 1.900e-02|Time: 177.85
It: 30900| Loss: 3.818e-02| Loss_bcs: 2.928e-04| loss_ic_ut: 2.209e-04| Loss_res: 3.481e-02|Time: 176.83
It: 31000| Loss: 2.685e-02| Loss_bcs: 2.892e-04| loss_ic_ut: 2.300e-04| Loss_res: 2.350e-02|Time: 173.80
mean_grad_res: 3.644e-01
mean_grad_bcs: 2.611e-03
mean_grad_ic_ut: 4.285e-02
It: 31100| Loss: 2.158e-02| Loss_bcs: 2.892e-04| loss_ic_ut: 1.573e-04| Loss_res: 1.838e-02|Time: 174.10
It: 31200| Loss: 2.867e-02| Loss_bcs: 2.654e-04| loss_ic_ut: 2.099e-04| Loss_res: 2.560e-02|Time: 179.21
It: 31300| Loss: 2.563e-02| Loss_bcs: 3.400e-04| loss_ic_ut: 1.720e-04| Loss_res: 2.189e-02|Time: 175.56
It: 31400| Loss: 3.094e-02| Loss_bcs: 2.956e-04| loss_ic_ut: 1.935e-04| Loss_res: 2.760e-02|Time: 173.83
It: 31500| Loss: 5.064e-02| Loss_bcs: 3.239e-04| loss_ic_ut: 1.621e-04| Loss_res: 4.708e-02|Time: 176.33
It: 31600| Loss: 2.138e-02| Loss_bcs: 3.376e-04| loss_ic_ut: 1.657e-04| Loss_res: 1.767e-02|Time: 181.84
It: 31700| Loss: 2.886e-02| Loss_bcs: 2.812e-04| loss_ic_ut: 1.866e-04| Loss_res: 2.567e-02|Time: 179.54
It: 31800| Loss: 2.844e-02| Loss_bcs: 2.897e-04| loss_ic_ut: 2.008e-04| Loss_res: 2.514e-02|Time: 173.05
It: 31900| Loss: 2.295e-02| Loss_bcs: 3.275e-04| loss_ic_ut: 1.636e-04| Loss_res: 1.934e-02|Time: 170.78
It: 32000| Loss: 2.498e-02| Loss_bcs: 2.637e-04| loss_ic_ut: 1.986e-04| Loss_res: 2.194e-02|Time: 165.75
mean_grad_res: 3.891e-01
mean_grad_bcs: 2.858e-03
mean_grad_ic_ut: 2.373e-02
It: 32100| Loss: 2.230e-02| Loss_bcs: 2.995e-04| loss_ic_ut: 1.605e-04| Loss_res: 1.898e-02|Time: 163.47
It: 32200| Loss: 2.258e-02| Loss_bcs: 3.043e-04| loss_ic_ut: 1.826e-04| Loss_res: 1.918e-02|Time: 160.38
It: 32300| Loss: 1.675e-02| Loss_bcs: 3.028e-04| loss_ic_ut: 1.666e-04| Loss_res: 1.339e-02|Time: 162.28
It: 32400| Loss: 2.049e-02| Loss_bcs: 2.993e-04| loss_ic_ut: 1.931e-04| Loss_res: 1.711e-02|Time: 162.86
It: 32500| Loss: 1.963e-02| Loss_bcs: 2.698e-04| loss_ic_ut: 1.635e-04| Loss_res: 1.660e-02|Time: 162.05
It: 32600| Loss: 3.835e-02| Loss_bcs: 3.245e-04| loss_ic_ut: 1.913e-04| Loss_res: 3.472e-02|Time: 161.79
It: 32700| Loss: 2.188e-02| Loss_bcs: 2.630e-04| loss_ic_ut: 1.926e-04| Loss_res: 1.887e-02|Time: 163.43
It: 32800| Loss: 1.976e-02| Loss_bcs: 3.570e-04| loss_ic_ut: 1.452e-04| Loss_res: 1.590e-02|Time: 167.35
It: 32900| Loss: 1.854e-02| Loss_bcs: 2.863e-04| loss_ic_ut: 2.046e-04| Loss_res: 1.527e-02|Time: 159.41
It: 33000| Loss: 2.232e-02| Loss_bcs: 2.386e-04| loss_ic_ut: 1.591e-04| Loss_res: 1.961e-02|Time: 171.90
mean_grad_res: 4.035e-01
mean_grad_bcs: 2.568e-03
mean_grad_ic_ut: 7.757e-03
It: 33100| Loss: 3.214e-02| Loss_bcs: 2.931e-04| loss_ic_ut: 1.805e-04| Loss_res: 2.885e-02|Time: 173.66
It: 33200| Loss: 2.851e-02| Loss_bcs: 3.241e-04| loss_ic_ut: 1.890e-04| Loss_res: 2.489e-02|Time: 173.34
It: 33300| Loss: 4.370e-02| Loss_bcs: 2.976e-04| loss_ic_ut: 1.847e-04| Loss_res: 4.035e-02|Time: 176.06
It: 33400| Loss: 2.027e-02| Loss_bcs: 2.707e-04| loss_ic_ut: 1.624e-04| Loss_res: 1.724e-02|Time: 174.75
It: 33500| Loss: 2.194e-02| Loss_bcs: 2.843e-04| loss_ic_ut: 1.973e-04| Loss_res: 1.870e-02|Time: 172.41
It: 33600| Loss: 3.114e-02| Loss_bcs: 2.915e-04| loss_ic_ut: 1.741e-04| Loss_res: 2.787e-02|Time: 170.00
It: 33700| Loss: 2.003e-02| Loss_bcs: 2.728e-04| loss_ic_ut: 1.571e-04| Loss_res: 1.699e-02|Time: 175.38
It: 33800| Loss: 3.130e-02| Loss_bcs: 3.104e-04| loss_ic_ut: 1.812e-04| Loss_res: 2.783e-02|Time: 170.69
It: 33900| Loss: 1.920e-02| Loss_bcs: 2.656e-04| loss_ic_ut: 1.363e-04| Loss_res: 1.628e-02|Time: 170.57
It: 34000| Loss: 5.180e-02| Loss_bcs: 2.890e-04| loss_ic_ut: 1.565e-04| Loss_res: 4.860e-02|Time: 171.76
mean_grad_res: 5.390e-01
mean_grad_bcs: 2.545e-03
mean_grad_ic_ut: 6.263e-03
It: 34100| Loss: 1.814e-02| Loss_bcs: 3.056e-04| loss_ic_ut: 1.820e-04| Loss_res: 1.472e-02|Time: 168.95
It: 34200| Loss: 2.810e-02| Loss_bcs: 2.589e-04| loss_ic_ut: 1.557e-04| Loss_res: 2.520e-02|Time: 179.43
It: 34300| Loss: 1.869e-02| Loss_bcs: 2.780e-04| loss_ic_ut: 1.471e-04| Loss_res: 1.562e-02|Time: 169.12
It: 34400| Loss: 2.569e-02| Loss_bcs: 2.933e-04| loss_ic_ut: 1.653e-04| Loss_res: 2.243e-02|Time: 174.21
It: 34500| Loss: 2.402e-02| Loss_bcs: 2.858e-04| loss_ic_ut: 1.725e-04| Loss_res: 2.082e-02|Time: 171.95
It: 34600| Loss: 3.086e-02| Loss_bcs: 3.330e-04| loss_ic_ut: 1.505e-04| Loss_res: 2.722e-02|Time: 173.05
It: 34700| Loss: 3.317e-02| Loss_bcs: 3.056e-04| loss_ic_ut: 1.641e-04| Loss_res: 2.979e-02|Time: 171.76
It: 34800| Loss: 2.301e-02| Loss_bcs: 2.883e-04| loss_ic_ut: 1.591e-04| Loss_res: 1.981e-02|Time: 168.02
It: 34900| Loss: 1.848e-02| Loss_bcs: 2.961e-04| loss_ic_ut: 2.125e-04| Loss_res: 1.510e-02|Time: 171.26
It: 35000| Loss: 1.786e-02| Loss_bcs: 2.918e-04| loss_ic_ut: 1.464e-04| Loss_res: 1.465e-02|Time: 169.72
mean_grad_res: 3.632e-01
mean_grad_bcs: 2.677e-03
mean_grad_ic_ut: 4.852e-03
It: 35100| Loss: 2.710e-02| Loss_bcs: 2.699e-04| loss_ic_ut: 1.971e-04| Loss_res: 2.401e-02|Time: 179.28
It: 35200| Loss: 2.035e-02| Loss_bcs: 2.851e-04| loss_ic_ut: 1.674e-04| Loss_res: 1.716e-02|Time: 181.03
It: 35300| Loss: 3.499e-02| Loss_bcs: 2.726e-04| loss_ic_ut: 1.783e-04| Loss_res: 3.191e-02|Time: 179.84
It: 35400| Loss: 2.455e-02| Loss_bcs: 3.062e-04| loss_ic_ut: 1.782e-04| Loss_res: 2.113e-02|Time: 180.15
It: 35500| Loss: 1.819e-02| Loss_bcs: 3.296e-04| loss_ic_ut: 1.698e-04| Loss_res: 1.455e-02|Time: 180.94
It: 35600| Loss: 3.646e-02| Loss_bcs: 2.888e-04| loss_ic_ut: 2.021e-04| Loss_res: 3.317e-02|Time: 182.14
It: 35700| Loss: 1.992e-02| Loss_bcs: 2.858e-04| loss_ic_ut: 1.453e-04| Loss_res: 1.677e-02|Time: 184.39
It: 35800| Loss: 2.079e-02| Loss_bcs: 3.122e-04| loss_ic_ut: 1.585e-04| Loss_res: 1.735e-02|Time: 179.23
It: 35900| Loss: 2.325e-02| Loss_bcs: 2.767e-04| loss_ic_ut: 1.750e-04| Loss_res: 2.013e-02|Time: 174.67
It: 36000| Loss: 1.659e-02| Loss_bcs: 2.897e-04| loss_ic_ut: 1.814e-04| Loss_res: 1.333e-02|Time: 176.49
mean_grad_res: 4.388e-01
mean_grad_bcs: 2.818e-03
mean_grad_ic_ut: 3.419e-02
It: 36100| Loss: 2.279e-02| Loss_bcs: 3.287e-04| loss_ic_ut: 1.890e-04| Loss_res: 1.913e-02|Time: 175.04
It: 36200| Loss: 1.686e-02| Loss_bcs: 3.150e-04| loss_ic_ut: 1.707e-04| Loss_res: 1.337e-02|Time: 177.43
It: 36300| Loss: 2.910e-02| Loss_bcs: 3.295e-04| loss_ic_ut: 1.771e-04| Loss_res: 2.545e-02|Time: 176.78
It: 36400| Loss: 1.810e-02| Loss_bcs: 3.277e-04| loss_ic_ut: 1.522e-04| Loss_res: 1.452e-02|Time: 178.28
It: 36500| Loss: 2.027e-02| Loss_bcs: 2.955e-04| loss_ic_ut: 1.292e-04| Loss_res: 1.706e-02|Time: 176.04
It: 36600| Loss: 1.862e-02| Loss_bcs: 2.863e-04| loss_ic_ut: 1.765e-04| Loss_res: 1.540e-02|Time: 177.23
It: 36700| Loss: 2.156e-02| Loss_bcs: 2.670e-04| loss_ic_ut: 1.699e-04| Loss_res: 1.855e-02|Time: 177.86
It: 36800| Loss: 2.697e-02| Loss_bcs: 3.105e-04| loss_ic_ut: 1.615e-04| Loss_res: 2.355e-02|Time: 176.93
It: 36900| Loss: 2.209e-02| Loss_bcs: 3.367e-04| loss_ic_ut: 1.625e-04| Loss_res: 1.839e-02|Time: 180.58
It: 37000| Loss: 2.203e-02| Loss_bcs: 3.087e-04| loss_ic_ut: 1.683e-04| Loss_res: 1.861e-02|Time: 175.28
mean_grad_res: 4.326e-01
mean_grad_bcs: 2.725e-03
mean_grad_ic_ut: 7.389e-03
It: 37100| Loss: 1.524e-02| Loss_bcs: 2.973e-04| loss_ic_ut: 1.675e-04| Loss_res: 1.193e-02|Time: 171.61
It: 37200| Loss: 1.935e-02| Loss_bcs: 3.317e-04| loss_ic_ut: 1.567e-04| Loss_res: 1.572e-02|Time: 172.90
It: 37300| Loss: 2.189e-02| Loss_bcs: 2.858e-04| loss_ic_ut: 1.906e-04| Loss_res: 1.865e-02|Time: 176.26
It: 37400| Loss: 4.580e-02| Loss_bcs: 2.868e-04| loss_ic_ut: 1.323e-04| Loss_res: 4.267e-02|Time: 176.68
It: 37500| Loss: 2.064e-02| Loss_bcs: 2.690e-04| loss_ic_ut: 1.518e-04| Loss_res: 1.765e-02|Time: 175.63
It: 37600| Loss: 2.529e-02| Loss_bcs: 2.805e-04| loss_ic_ut: 1.545e-04| Loss_res: 2.218e-02|Time: 177.11
It: 37700| Loss: 1.906e-02| Loss_bcs: 3.008e-04| loss_ic_ut: 1.451e-04| Loss_res: 1.576e-02|Time: 174.74
It: 37800| Loss: 1.689e-02| Loss_bcs: 2.759e-04| loss_ic_ut: 1.779e-04| Loss_res: 1.378e-02|Time: 177.81
It: 37900| Loss: 2.205e-02| Loss_bcs: 2.855e-04| loss_ic_ut: 1.562e-04| Loss_res: 1.888e-02|Time: 173.99
It: 38000| Loss: 1.535e-02| Loss_bcs: 3.192e-04| loss_ic_ut: 1.394e-04| Loss_res: 1.188e-02|Time: 176.51
mean_grad_res: 4.152e-01
mean_grad_bcs: 2.607e-03
mean_grad_ic_ut: 4.557e-03
It: 38100| Loss: 1.961e-02| Loss_bcs: 2.744e-04| loss_ic_ut: 1.726e-04| Loss_res: 1.652e-02|Time: 174.32
It: 38200| Loss: 7.009e-02| Loss_bcs: 2.926e-04| loss_ic_ut: 1.573e-04| Loss_res: 6.685e-02|Time: 174.68
It: 38300| Loss: 1.754e-02| Loss_bcs: 3.215e-04| loss_ic_ut: 2.580e-04| Loss_res: 1.381e-02|Time: 176.08
It: 38400| Loss: 1.791e-02| Loss_bcs: 2.758e-04| loss_ic_ut: 1.689e-04| Loss_res: 1.482e-02|Time: 174.81
It: 38500| Loss: 2.762e-02| Loss_bcs: 3.426e-04| loss_ic_ut: 1.947e-04| Loss_res: 2.380e-02|Time: 179.02
It: 38600| Loss: 1.928e-02| Loss_bcs: 2.981e-04| loss_ic_ut: 1.733e-04| Loss_res: 1.595e-02|Time: 174.18
It: 38700| Loss: 5.329e-02| Loss_bcs: 2.375e-04| loss_ic_ut: 1.661e-04| Loss_res: 5.058e-02|Time: 174.28
It: 38800| Loss: 2.108e-02| Loss_bcs: 3.087e-04| loss_ic_ut: 1.625e-04| Loss_res: 1.767e-02|Time: 176.22
It: 38900| Loss: 1.946e-02| Loss_bcs: 3.065e-04| loss_ic_ut: 1.569e-04| Loss_res: 1.608e-02|Time: 180.30
It: 39000| Loss: 2.267e-02| Loss_bcs: 2.822e-04| loss_ic_ut: 1.803e-04| Loss_res: 1.949e-02|Time: 191.54
mean_grad_res: 4.035e-01
mean_grad_bcs: 2.470e-03
mean_grad_ic_ut: 1.989e-02
It: 39100| Loss: 2.122e-02| Loss_bcs: 2.650e-04| loss_ic_ut: 1.510e-04| Loss_res: 1.826e-02|Time: 192.70
It: 39200| Loss: 2.289e-02| Loss_bcs: 3.120e-04| loss_ic_ut: 1.414e-04| Loss_res: 1.949e-02|Time: 190.34
It: 39300| Loss: 1.971e-02| Loss_bcs: 3.001e-04| loss_ic_ut: 1.367e-04| Loss_res: 1.643e-02|Time: 189.55
It: 39400| Loss: 1.680e-02| Loss_bcs: 2.732e-04| loss_ic_ut: 1.501e-04| Loss_res: 1.377e-02|Time: 190.91
It: 39500| Loss: 1.843e-02| Loss_bcs: 2.674e-04| loss_ic_ut: 1.447e-04| Loss_res: 1.546e-02|Time: 192.09
It: 39600| Loss: 2.602e-02| Loss_bcs: 3.282e-04| loss_ic_ut: 1.574e-04| Loss_res: 2.242e-02|Time: 191.83
It: 39700| Loss: 1.814e-02| Loss_bcs: 2.865e-04| loss_ic_ut: 1.619e-04| Loss_res: 1.495e-02|Time: 195.11
It: 39800| Loss: 3.726e-02| Loss_bcs: 3.198e-04| loss_ic_ut: 1.753e-04| Loss_res: 3.371e-02|Time: 192.69
It: 39900| Loss: 1.915e-02| Loss_bcs: 2.443e-04| loss_ic_ut: 1.545e-04| Loss_res: 1.640e-02|Time: 184.49
Gradients information stored ...
It: 40000| Loss: 1.554e-02| Loss_bcs: 2.841e-04| loss_ic_ut: 1.603e-04| Loss_res: 1.238e-02|Time: 201.67
mean_grad_res: 5.285e-01
mean_grad_bcs: 2.543e-03
mean_grad_ic_ut: 1.846e-02
Relative L2 error_u: 2.12e-02
Relative L2 error_f: 1.70e-03
file directory:/home/vlq26735/code/PhD/GradientPathologiesPINNs/checkpoints/Klein_Gordon/final/Feb-29-2024_13-53-32-366406_M1
Save uv NN parameters successfully in %s .../home/vlq26735/code/PhD/GradientPathologiesPINNs/checkpoints/Klein_Gordon/final/Feb-29-2024_13-53-32-366406_M1
Final loss total loss: 1.569445e-02
Final loss loss_res: 1.252304e-02
Final loss loss_bcs: 2.844324e-04
Final loss loss_ic_u_t: 1.635420e-04
