It: 0, Loss: 9.111e+03, Loss_bcs: 5.744e-01, Loss_res: 9.053e+03 ,Time: 0.29
Compute NTK...
Gradients information stored ...
It: 100, Loss: 2.603e+02, Loss_bcs: 4.459e-02, Loss_res: 2.559e+02 ,Time: 0.00
Compute NTK...
Gradients information stored ...
It: 200, Loss: 1.275e+02, Loss_bcs: 5.087e-04, Loss_res: 1.274e+02 ,Time: 0.00
Compute NTK...
It: 300, Loss: 9.718e+01, Loss_bcs: 5.547e-04, Loss_res: 9.712e+01 ,Time: 0.00
Compute NTK...
It: 400, Loss: 8.083e+01, Loss_bcs: 6.846e-04, Loss_res: 8.077e+01 ,Time: 0.00
Compute NTK...
It: 500, Loss: 6.955e+01, Loss_bcs: 6.270e-04, Loss_res: 6.949e+01 ,Time: 0.00
Compute NTK...
It: 600, Loss: 6.099e+01, Loss_bcs: 5.608e-04, Loss_res: 6.093e+01 ,Time: 0.00
Compute NTK...
It: 700, Loss: 5.418e+01, Loss_bcs: 5.093e-04, Loss_res: 5.413e+01 ,Time: 0.00
Compute NTK...
It: 800, Loss: 4.864e+01, Loss_bcs: 4.684e-04, Loss_res: 4.859e+01 ,Time: 0.00
Compute NTK...
It: 900, Loss: 4.407e+01, Loss_bcs: 4.336e-04, Loss_res: 4.402e+01 ,Time: 0.00
Compute NTK...
It: 1000, Loss: 4.027e+01, Loss_bcs: 4.027e-04, Loss_res: 4.023e+01 ,Time: 0.00
Compute NTK...
Gradients information stored ...
It: 1100, Loss: 3.708e+01, Loss_bcs: 3.745e-04, Loss_res: 3.704e+01 ,Time: 0.00
Compute NTK...
It: 1200, Loss: 3.438e+01, Loss_bcs: 3.485e-04, Loss_res: 3.434e+01 ,Time: 0.00
Compute NTK...
It: 1300, Loss: 3.207e+01, Loss_bcs: 3.244e-04, Loss_res: 3.203e+01 ,Time: 0.00
Compute NTK...
It: 1400, Loss: 3.007e+01, Loss_bcs: 3.021e-04, Loss_res: 3.004e+01 ,Time: 0.00
Compute NTK...
It: 1500, Loss: 2.831e+01, Loss_bcs: 2.815e-04, Loss_res: 2.829e+01 ,Time: 0.00
Compute NTK...
It: 1600, Loss: 2.676e+01, Loss_bcs: 2.625e-04, Loss_res: 2.674e+01 ,Time: 0.00
Compute NTK...
It: 1700, Loss: 2.538e+01, Loss_bcs: 2.451e-04, Loss_res: 2.535e+01 ,Time: 0.00
Compute NTK...
It: 1800, Loss: 2.413e+01, Loss_bcs: 2.291e-04, Loss_res: 2.411e+01 ,Time: 0.00
Compute NTK...
It: 1900, Loss: 2.299e+01, Loss_bcs: 2.145e-04, Loss_res: 2.297e+01 ,Time: 0.00
Compute NTK...
It: 2000, Loss: 2.195e+01, Loss_bcs: 2.010e-04, Loss_res: 2.193e+01 ,Time: 0.00
Compute NTK...
It: 2100, Loss: 2.099e+01, Loss_bcs: 1.887e-04, Loss_res: 2.097e+01 ,Time: 0.00
Compute NTK...
It: 2200, Loss: 2.010e+01, Loss_bcs: 1.775e-04, Loss_res: 2.009e+01 ,Time: 0.00
Compute NTK...
It: 2300, Loss: 1.928e+01, Loss_bcs: 1.671e-04, Loss_res: 1.926e+01 ,Time: 0.00
Compute NTK...
It: 2400, Loss: 1.851e+01, Loss_bcs: 1.576e-04, Loss_res: 1.849e+01 ,Time: 0.00
Compute NTK...
It: 2500, Loss: 1.779e+01, Loss_bcs: 1.488e-04, Loss_res: 1.777e+01 ,Time: 0.00
Compute NTK...
It: 2600, Loss: 1.711e+01, Loss_bcs: 1.407e-04, Loss_res: 1.710e+01 ,Time: 0.00
Compute NTK...
It: 2700, Loss: 1.647e+01, Loss_bcs: 1.333e-04, Loss_res: 1.646e+01 ,Time: 0.00
Compute NTK...
It: 2800, Loss: 1.588e+01, Loss_bcs: 1.263e-04, Loss_res: 1.586e+01 ,Time: 0.00
Compute NTK...
It: 2900, Loss: 1.531e+01, Loss_bcs: 1.199e-04, Loss_res: 1.530e+01 ,Time: 0.00
Compute NTK...
It: 3000, Loss: 1.478e+01, Loss_bcs: 1.140e-04, Loss_res: 1.477e+01 ,Time: 0.00
Compute NTK...
It: 3100, Loss: 1.427e+01, Loss_bcs: 1.084e-04, Loss_res: 1.426e+01 ,Time: 0.00
Compute NTK...
It: 3200, Loss: 1.379e+01, Loss_bcs: 1.033e-04, Loss_res: 1.378e+01 ,Time: 0.00
Compute NTK...
It: 3300, Loss: 1.334e+01, Loss_bcs: 9.845e-05, Loss_res: 1.333e+01 ,Time: 0.00
Compute NTK...
It: 3400, Loss: 1.291e+01, Loss_bcs: 9.393e-05, Loss_res: 1.290e+01 ,Time: 0.00
Compute NTK...
It: 3500, Loss: 1.250e+01, Loss_bcs: 8.970e-05, Loss_res: 1.249e+01 ,Time: 0.00
Compute NTK...
It: 3600, Loss: 1.211e+01, Loss_bcs: 8.576e-05, Loss_res: 1.210e+01 ,Time: 0.00
Compute NTK...
It: 3700, Loss: 1.173e+01, Loss_bcs: 8.200e-05, Loss_res: 1.173e+01 ,Time: 0.00
Compute NTK...
It: 3800, Loss: 1.138e+01, Loss_bcs: 7.849e-05, Loss_res: 1.137e+01 ,Time: 0.00
Compute NTK...
It: 3900, Loss: 1.104e+01, Loss_bcs: 7.521e-05, Loss_res: 1.103e+01 ,Time: 0.00
Compute NTK...
It: 4000, Loss: 1.072e+01, Loss_bcs: 7.207e-05, Loss_res: 1.071e+01 ,Time: 0.00
Compute NTK...
It: 4100, Loss: 1.041e+01, Loss_bcs: 6.916e-05, Loss_res: 1.040e+01 ,Time: 0.00
Compute NTK...
It: 4200, Loss: 1.012e+01, Loss_bcs: 6.636e-05, Loss_res: 1.011e+01 ,Time: 0.00
Compute NTK...
It: 4300, Loss: 9.834e+00, Loss_bcs: 6.373e-05, Loss_res: 9.827e+00 ,Time: 0.00
Compute NTK...
It: 4400, Loss: 9.564e+00, Loss_bcs: 6.124e-05, Loss_res: 9.558e+00 ,Time: 0.00
Compute NTK...
It: 4500, Loss: 9.305e+00, Loss_bcs: 5.888e-05, Loss_res: 9.299e+00 ,Time: 0.00
Compute NTK...
It: 4600, Loss: 9.057e+00, Loss_bcs: 5.662e-05, Loss_res: 9.052e+00 ,Time: 0.00
Compute NTK...
It: 4700, Loss: 8.820e+00, Loss_bcs: 5.449e-05, Loss_res: 8.814e+00 ,Time: 0.00
Compute NTK...
It: 4800, Loss: 8.591e+00, Loss_bcs: 5.245e-05, Loss_res: 8.586e+00 ,Time: 0.00
Compute NTK...
It: 4900, Loss: 8.372e+00, Loss_bcs: 5.053e-05, Loss_res: 8.367e+00 ,Time: 0.00
Compute NTK...
It: 5000, Loss: 8.162e+00, Loss_bcs: 4.868e-05, Loss_res: 8.157e+00 ,Time: 0.00
Compute NTK...
It: 5100, Loss: 7.960e+00, Loss_bcs: 4.692e-05, Loss_res: 7.955e+00 ,Time: 0.00
Compute NTK...
It: 5200, Loss: 7.765e+00, Loss_bcs: 4.527e-05, Loss_res: 7.760e+00 ,Time: 0.00
Compute NTK...
It: 5300, Loss: 7.578e+00, Loss_bcs: 4.366e-05, Loss_res: 7.573e+00 ,Time: 0.00
Compute NTK...
It: 5400, Loss: 7.397e+00, Loss_bcs: 4.212e-05, Loss_res: 7.393e+00 ,Time: 0.00
Compute NTK...
It: 5500, Loss: 7.224e+00, Loss_bcs: 4.068e-05, Loss_res: 7.219e+00 ,Time: 0.00
Compute NTK...
It: 5600, Loss: 7.056e+00, Loss_bcs: 3.930e-05, Loss_res: 7.052e+00 ,Time: 0.00
Compute NTK...
It: 5700, Loss: 6.895e+00, Loss_bcs: 3.797e-05, Loss_res: 6.891e+00 ,Time: 0.00
Compute NTK...
It: 5800, Loss: 6.739e+00, Loss_bcs: 3.670e-05, Loss_res: 6.735e+00 ,Time: 0.00
Compute NTK...
It: 5900, Loss: 6.589e+00, Loss_bcs: 3.549e-05, Loss_res: 6.585e+00 ,Time: 0.00
Compute NTK...
It: 6000, Loss: 6.444e+00, Loss_bcs: 3.432e-05, Loss_res: 6.440e+00 ,Time: 0.00
Compute NTK...
It: 6100, Loss: 6.303e+00, Loss_bcs: 3.319e-05, Loss_res: 6.300e+00 ,Time: 0.00
Compute NTK...
It: 6200, Loss: 6.168e+00, Loss_bcs: 3.213e-05, Loss_res: 6.165e+00 ,Time: 0.00
Compute NTK...
It: 6300, Loss: 6.037e+00, Loss_bcs: 3.111e-05, Loss_res: 6.034e+00 ,Time: 0.00
Compute NTK...
It: 6400, Loss: 5.911e+00, Loss_bcs: 3.013e-05, Loss_res: 5.908e+00 ,Time: 0.00
Compute NTK...
It: 6500, Loss: 5.788e+00, Loss_bcs: 2.917e-05, Loss_res: 5.785e+00 ,Time: 0.00
Compute NTK...
It: 6600, Loss: 5.670e+00, Loss_bcs: 2.825e-05, Loss_res: 5.667e+00 ,Time: 0.00
Compute NTK...
It: 6700, Loss: 5.555e+00, Loss_bcs: 2.738e-05, Loss_res: 5.552e+00 ,Time: 0.00
Compute NTK...
It: 6800, Loss: 5.444e+00, Loss_bcs: 2.655e-05, Loss_res: 5.441e+00 ,Time: 0.00
Compute NTK...
It: 6900, Loss: 5.336e+00, Loss_bcs: 2.575e-05, Loss_res: 5.334e+00 ,Time: 0.00
Compute NTK...
It: 7000, Loss: 5.232e+00, Loss_bcs: 2.497e-05, Loss_res: 5.230e+00 ,Time: 0.00
Compute NTK...
It: 7100, Loss: 5.131e+00, Loss_bcs: 2.422e-05, Loss_res: 5.129e+00 ,Time: 0.00
Compute NTK...
It: 7200, Loss: 5.033e+00, Loss_bcs: 2.351e-05, Loss_res: 5.031e+00 ,Time: 0.00
Compute NTK...
It: 7300, Loss: 4.938e+00, Loss_bcs: 2.281e-05, Loss_res: 4.936e+00 ,Time: 0.00
Compute NTK...
It: 7400, Loss: 4.846e+00, Loss_bcs: 2.216e-05, Loss_res: 4.844e+00 ,Time: 0.00
Compute NTK...
It: 7500, Loss: 4.756e+00, Loss_bcs: 2.152e-05, Loss_res: 4.754e+00 ,Time: 0.00
Compute NTK...
It: 7600, Loss: 4.670e+00, Loss_bcs: 2.090e-05, Loss_res: 4.667e+00 ,Time: 0.00
Compute NTK...
It: 7700, Loss: 4.585e+00, Loss_bcs: 2.030e-05, Loss_res: 4.583e+00 ,Time: 0.00
Compute NTK...
It: 7800, Loss: 4.503e+00, Loss_bcs: 1.975e-05, Loss_res: 4.501e+00 ,Time: 0.00
Compute NTK...
It: 7900, Loss: 4.424e+00, Loss_bcs: 1.919e-05, Loss_res: 4.422e+00 ,Time: 0.00
Compute NTK...
It: 8000, Loss: 4.347e+00, Loss_bcs: 1.865e-05, Loss_res: 4.345e+00 ,Time: 0.00
Compute NTK...
It: 8100, Loss: 4.272e+00, Loss_bcs: 1.814e-05, Loss_res: 4.270e+00 ,Time: 0.00
Compute NTK...
It: 8200, Loss: 4.199e+00, Loss_bcs: 1.764e-05, Loss_res: 4.197e+00 ,Time: 0.00
Compute NTK...
It: 8300, Loss: 4.127e+00, Loss_bcs: 1.717e-05, Loss_res: 4.126e+00 ,Time: 0.00
Compute NTK...
It: 8400, Loss: 4.058e+00, Loss_bcs: 1.670e-05, Loss_res: 4.057e+00 ,Time: 0.00
Compute NTK...
It: 8500, Loss: 3.991e+00, Loss_bcs: 1.626e-05, Loss_res: 3.990e+00 ,Time: 0.00
Compute NTK...
It: 8600, Loss: 3.926e+00, Loss_bcs: 1.583e-05, Loss_res: 3.924e+00 ,Time: 0.00
Compute NTK...
It: 8700, Loss: 3.862e+00, Loss_bcs: 1.542e-05, Loss_res: 3.861e+00 ,Time: 0.00
Compute NTK...
It: 8800, Loss: 3.800e+00, Loss_bcs: 1.502e-05, Loss_res: 3.799e+00 ,Time: 0.00
Compute NTK...
It: 8900, Loss: 3.740e+00, Loss_bcs: 1.462e-05, Loss_res: 3.739e+00 ,Time: 0.00
Compute NTK...
It: 9000, Loss: 3.681e+00, Loss_bcs: 1.424e-05, Loss_res: 3.680e+00 ,Time: 0.00
Compute NTK...
It: 9100, Loss: 3.624e+00, Loss_bcs: 1.388e-05, Loss_res: 3.623e+00 ,Time: 0.00
Compute NTK...
It: 9200, Loss: 3.568e+00, Loss_bcs: 1.354e-05, Loss_res: 3.567e+00 ,Time: 0.00
Compute NTK...
It: 9300, Loss: 3.514e+00, Loss_bcs: 1.318e-05, Loss_res: 3.513e+00 ,Time: 0.00
Compute NTK...
It: 9400, Loss: 3.461e+00, Loss_bcs: 1.287e-05, Loss_res: 3.460e+00 ,Time: 0.00
Compute NTK...
It: 9500, Loss: 3.409e+00, Loss_bcs: 1.256e-05, Loss_res: 3.408e+00 ,Time: 0.00
Compute NTK...
It: 9600, Loss: 3.359e+00, Loss_bcs: 1.224e-05, Loss_res: 3.358e+00 ,Time: 0.00
Compute NTK...
It: 9700, Loss: 3.310e+00, Loss_bcs: 1.194e-05, Loss_res: 3.309e+00 ,Time: 0.00
Compute NTK...
It: 9800, Loss: 3.262e+00, Loss_bcs: 1.166e-05, Loss_res: 3.261e+00 ,Time: 0.00
Compute NTK...
It: 9900, Loss: 3.215e+00, Loss_bcs: 1.137e-05, Loss_res: 3.214e+00 ,Time: 0.00
Compute NTK...
It: 10000, Loss: 3.169e+00, Loss_bcs: 1.109e-05, Loss_res: 3.168e+00 ,Time: 0.00
Compute NTK...
It: 10100, Loss: 3.125e+00, Loss_bcs: 1.083e-05, Loss_res: 3.124e+00 ,Time: 0.00
Compute NTK...
It: 10200, Loss: 3.081e+00, Loss_bcs: 1.059e-05, Loss_res: 3.080e+00 ,Time: 0.00
Compute NTK...
It: 10300, Loss: 3.039e+00, Loss_bcs: 1.033e-05, Loss_res: 3.038e+00 ,Time: 0.00
Compute NTK...
It: 10400, Loss: 2.997e+00, Loss_bcs: 1.009e-05, Loss_res: 2.996e+00 ,Time: 0.00
Compute NTK...
It: 10500, Loss: 2.957e+00, Loss_bcs: 9.863e-06, Loss_res: 2.956e+00 ,Time: 0.00
Compute NTK...
It: 10600, Loss: 2.917e+00, Loss_bcs: 9.638e-06, Loss_res: 2.916e+00 ,Time: 0.00
Compute NTK...
It: 10700, Loss: 2.878e+00, Loss_bcs: 9.427e-06, Loss_res: 2.877e+00 ,Time: 0.00
Compute NTK...
It: 10800, Loss: 2.840e+00, Loss_bcs: 9.215e-06, Loss_res: 2.839e+00 ,Time: 0.00
Compute NTK...
It: 10900, Loss: 2.803e+00, Loss_bcs: 9.006e-06, Loss_res: 2.802e+00 ,Time: 0.00
Compute NTK...
It: 11000, Loss: 2.767e+00, Loss_bcs: 8.799e-06, Loss_res: 2.766e+00 ,Time: 0.00
Compute NTK...
It: 11100, Loss: 2.732e+00, Loss_bcs: 8.617e-06, Loss_res: 2.731e+00 ,Time: 0.00
Compute NTK...
It: 11200, Loss: 2.697e+00, Loss_bcs: 8.428e-06, Loss_res: 2.696e+00 ,Time: 0.00
Compute NTK...
It: 11300, Loss: 2.663e+00, Loss_bcs: 8.247e-06, Loss_res: 2.662e+00 ,Time: 0.00
Compute NTK...
It: 11400, Loss: 2.630e+00, Loss_bcs: 8.071e-06, Loss_res: 2.629e+00 ,Time: 0.00
Compute NTK...
It: 11500, Loss: 2.597e+00, Loss_bcs: 7.899e-06, Loss_res: 2.597e+00 ,Time: 0.00
Compute NTK...
It: 11600, Loss: 2.566e+00, Loss_bcs: 7.723e-06, Loss_res: 2.565e+00 ,Time: 0.00
Compute NTK...
It: 11700, Loss: 2.534e+00, Loss_bcs: 7.560e-06, Loss_res: 2.534e+00 ,Time: 0.00
Compute NTK...
It: 11800, Loss: 2.504e+00, Loss_bcs: 7.400e-06, Loss_res: 2.503e+00 ,Time: 0.00
Compute NTK...
It: 11900, Loss: 2.474e+00, Loss_bcs: 7.254e-06, Loss_res: 2.473e+00 ,Time: 0.00
Compute NTK...
It: 12000, Loss: 2.445e+00, Loss_bcs: 7.098e-06, Loss_res: 2.444e+00 ,Time: 0.00
Compute NTK...
It: 12100, Loss: 2.416e+00, Loss_bcs: 6.952e-06, Loss_res: 2.415e+00 ,Time: 0.00
Compute NTK...
It: 12200, Loss: 2.388e+00, Loss_bcs: 6.821e-06, Loss_res: 2.387e+00 ,Time: 0.00
Compute NTK...
It: 12300, Loss: 2.360e+00, Loss_bcs: 6.684e-06, Loss_res: 2.359e+00 ,Time: 0.00
Compute NTK...
It: 12400, Loss: 2.333e+00, Loss_bcs: 6.547e-06, Loss_res: 2.332e+00 ,Time: 0.00
Compute NTK...
It: 12500, Loss: 2.307e+00, Loss_bcs: 6.420e-06, Loss_res: 2.306e+00 ,Time: 0.00
Compute NTK...
It: 12600, Loss: 2.281e+00, Loss_bcs: 6.289e-06, Loss_res: 2.280e+00 ,Time: 0.00
Compute NTK...
It: 12700, Loss: 2.255e+00, Loss_bcs: 6.166e-06, Loss_res: 2.254e+00 ,Time: 0.00
Compute NTK...
It: 12800, Loss: 2.230e+00, Loss_bcs: 6.045e-06, Loss_res: 2.229e+00 ,Time: 0.00
Compute NTK...
It: 12900, Loss: 2.205e+00, Loss_bcs: 5.927e-06, Loss_res: 2.205e+00 ,Time: 0.00
Compute NTK...
It: 13000, Loss: 2.181e+00, Loss_bcs: 5.814e-06, Loss_res: 2.181e+00 ,Time: 0.00
Compute NTK...
It: 13100, Loss: 2.158e+00, Loss_bcs: 5.714e-06, Loss_res: 2.157e+00 ,Time: 0.00
Compute NTK...
It: 13200, Loss: 2.134e+00, Loss_bcs: 5.607e-06, Loss_res: 2.134e+00 ,Time: 0.00
Compute NTK...
It: 13300, Loss: 2.111e+00, Loss_bcs: 5.494e-06, Loss_res: 2.111e+00 ,Time: 0.00
Compute NTK...
It: 13400, Loss: 2.089e+00, Loss_bcs: 5.394e-06, Loss_res: 2.089e+00 ,Time: 0.00
Compute NTK...
It: 13500, Loss: 2.067e+00, Loss_bcs: 5.303e-06, Loss_res: 2.066e+00 ,Time: 0.00
Compute NTK...
It: 13600, Loss: 2.045e+00, Loss_bcs: 5.198e-06, Loss_res: 2.045e+00 ,Time: 0.00
Compute NTK...
It: 13700, Loss: 2.024e+00, Loss_bcs: 5.097e-06, Loss_res: 2.024e+00 ,Time: 0.00
Compute NTK...
It: 13800, Loss: 2.003e+00, Loss_bcs: 5.001e-06, Loss_res: 2.003e+00 ,Time: 0.00
Compute NTK...
It: 13900, Loss: 1.983e+00, Loss_bcs: 4.917e-06, Loss_res: 1.982e+00 ,Time: 0.00
Compute NTK...
It: 14000, Loss: 1.962e+00, Loss_bcs: 4.830e-06, Loss_res: 1.962e+00 ,Time: 0.00
Compute NTK...
It: 14100, Loss: 1.943e+00, Loss_bcs: 4.749e-06, Loss_res: 1.942e+00 ,Time: 0.00
Compute NTK...
It: 14200, Loss: 1.923e+00, Loss_bcs: 4.666e-06, Loss_res: 1.923e+00 ,Time: 0.00
Compute NTK...
It: 14300, Loss: 1.904e+00, Loss_bcs: 4.584e-06, Loss_res: 1.903e+00 ,Time: 0.00
Compute NTK...
It: 14400, Loss: 1.885e+00, Loss_bcs: 4.515e-06, Loss_res: 1.885e+00 ,Time: 0.00
Compute NTK...
It: 14500, Loss: 1.866e+00, Loss_bcs: 4.429e-06, Loss_res: 1.866e+00 ,Time: 0.00
Compute NTK...
It: 14600, Loss: 1.848e+00, Loss_bcs: 4.350e-06, Loss_res: 1.848e+00 ,Time: 0.00
Compute NTK...
It: 14700, Loss: 1.830e+00, Loss_bcs: 4.270e-06, Loss_res: 1.830e+00 ,Time: 0.00
Compute NTK...
It: 14800, Loss: 1.812e+00, Loss_bcs: 4.203e-06, Loss_res: 1.812e+00 ,Time: 0.00
Compute NTK...
It: 14900, Loss: 1.795e+00, Loss_bcs: 4.137e-06, Loss_res: 1.795e+00 ,Time: 0.00
Compute NTK...
It: 15000, Loss: 1.778e+00, Loss_bcs: 4.071e-06, Loss_res: 1.778e+00 ,Time: 0.00
Compute NTK...
It: 15100, Loss: 1.761e+00, Loss_bcs: 4.005e-06, Loss_res: 1.761e+00 ,Time: 0.00
Compute NTK...
It: 15200, Loss: 1.745e+00, Loss_bcs: 3.935e-06, Loss_res: 1.744e+00 ,Time: 0.00
Compute NTK...
It: 15300, Loss: 1.728e+00, Loss_bcs: 3.876e-06, Loss_res: 1.728e+00 ,Time: 0.00
Compute NTK...
It: 15400, Loss: 1.712e+00, Loss_bcs: 3.811e-06, Loss_res: 1.712e+00 ,Time: 0.00
Compute NTK...
It: 15500, Loss: 1.696e+00, Loss_bcs: 3.754e-06, Loss_res: 1.696e+00 ,Time: 0.00
Compute NTK...
It: 15600, Loss: 1.681e+00, Loss_bcs: 3.692e-06, Loss_res: 1.680e+00 ,Time: 0.00
Compute NTK...
It: 15700, Loss: 1.665e+00, Loss_bcs: 3.627e-06, Loss_res: 1.665e+00 ,Time: 0.00
Compute NTK...
It: 15800, Loss: 1.650e+00, Loss_bcs: 3.570e-06, Loss_res: 1.650e+00 ,Time: 0.00
Compute NTK...
It: 15900, Loss: 1.635e+00, Loss_bcs: 3.518e-06, Loss_res: 1.635e+00 ,Time: 0.00
Compute NTK...
It: 16000, Loss: 1.621e+00, Loss_bcs: 3.463e-06, Loss_res: 1.620e+00 ,Time: 0.00
Compute NTK...
It: 16100, Loss: 1.606e+00, Loss_bcs: 3.408e-06, Loss_res: 1.606e+00 ,Time: 0.00
Compute NTK...
It: 16200, Loss: 1.592e+00, Loss_bcs: 3.366e-06, Loss_res: 1.591e+00 ,Time: 0.00
Compute NTK...
It: 16300, Loss: 1.578e+00, Loss_bcs: 3.311e-06, Loss_res: 1.577e+00 ,Time: 0.00
Compute NTK...
It: 16400, Loss: 1.564e+00, Loss_bcs: 3.258e-06, Loss_res: 1.564e+00 ,Time: 0.00
Compute NTK...
It: 16500, Loss: 1.550e+00, Loss_bcs: 3.201e-06, Loss_res: 1.550e+00 ,Time: 0.00
Compute NTK...
It: 16600, Loss: 1.537e+00, Loss_bcs: 3.155e-06, Loss_res: 1.536e+00 ,Time: 0.00
Compute NTK...
It: 16700, Loss: 1.523e+00, Loss_bcs: 3.108e-06, Loss_res: 1.523e+00 ,Time: 0.00
Compute NTK...
It: 16800, Loss: 1.510e+00, Loss_bcs: 3.070e-06, Loss_res: 1.510e+00 ,Time: 0.00
Compute NTK...
It: 16900, Loss: 1.498e+00, Loss_bcs: 3.024e-06, Loss_res: 1.497e+00 ,Time: 0.00
Compute NTK...
It: 17000, Loss: 1.485e+00, Loss_bcs: 2.979e-06, Loss_res: 1.484e+00 ,Time: 0.00
Compute NTK...
It: 17100, Loss: 1.472e+00, Loss_bcs: 2.936e-06, Loss_res: 1.472e+00 ,Time: 0.00
Compute NTK...
It: 17200, Loss: 1.460e+00, Loss_bcs: 2.892e-06, Loss_res: 1.460e+00 ,Time: 0.00
Compute NTK...
It: 17300, Loss: 1.448e+00, Loss_bcs: 2.854e-06, Loss_res: 1.447e+00 ,Time: 0.00
Compute NTK...
It: 17400, Loss: 1.436e+00, Loss_bcs: 2.813e-06, Loss_res: 1.435e+00 ,Time: 0.00
Compute NTK...
It: 17500, Loss: 1.424e+00, Loss_bcs: 2.777e-06, Loss_res: 1.423e+00 ,Time: 0.00
Compute NTK...
It: 17600, Loss: 1.412e+00, Loss_bcs: 2.735e-06, Loss_res: 1.412e+00 ,Time: 0.00
Compute NTK...
It: 17700, Loss: 1.401e+00, Loss_bcs: 2.695e-06, Loss_res: 1.400e+00 ,Time: 0.00
Compute NTK...
It: 17800, Loss: 1.389e+00, Loss_bcs: 2.660e-06, Loss_res: 1.389e+00 ,Time: 0.00
Compute NTK...
It: 17900, Loss: 1.378e+00, Loss_bcs: 2.621e-06, Loss_res: 1.378e+00 ,Time: 0.00
Compute NTK...
It: 18000, Loss: 1.367e+00, Loss_bcs: 2.585e-06, Loss_res: 1.367e+00 ,Time: 0.00
Compute NTK...
It: 18100, Loss: 1.356e+00, Loss_bcs: 2.549e-06, Loss_res: 1.356e+00 ,Time: 0.00
Compute NTK...
It: 18200, Loss: 1.345e+00, Loss_bcs: 2.516e-06, Loss_res: 1.345e+00 ,Time: 0.00
Compute NTK...
It: 18300, Loss: 1.334e+00, Loss_bcs: 2.484e-06, Loss_res: 1.334e+00 ,Time: 0.00
Compute NTK...
It: 18400, Loss: 1.324e+00, Loss_bcs: 2.451e-06, Loss_res: 1.324e+00 ,Time: 0.00
Compute NTK...
It: 18500, Loss: 1.313e+00, Loss_bcs: 2.417e-06, Loss_res: 1.313e+00 ,Time: 0.00
Compute NTK...
It: 18600, Loss: 1.303e+00, Loss_bcs: 2.387e-06, Loss_res: 1.303e+00 ,Time: 0.00
Compute NTK...
It: 18700, Loss: 1.293e+00, Loss_bcs: 2.355e-06, Loss_res: 1.293e+00 ,Time: 0.00
Compute NTK...
It: 18800, Loss: 1.283e+00, Loss_bcs: 2.323e-06, Loss_res: 1.283e+00 ,Time: 0.00
Compute NTK...
It: 18900, Loss: 1.273e+00, Loss_bcs: 2.297e-06, Loss_res: 1.273e+00 ,Time: 0.00
Compute NTK...
It: 19000, Loss: 1.263e+00, Loss_bcs: 2.270e-06, Loss_res: 1.263e+00 ,Time: 0.00
Compute NTK...
It: 19100, Loss: 1.254e+00, Loss_bcs: 2.237e-06, Loss_res: 1.254e+00 ,Time: 0.00
Compute NTK...
It: 19200, Loss: 1.244e+00, Loss_bcs: 2.207e-06, Loss_res: 1.244e+00 ,Time: 0.00
Compute NTK...
It: 19300, Loss: 1.235e+00, Loss_bcs: 2.178e-06, Loss_res: 1.235e+00 ,Time: 0.00
Compute NTK...
It: 19400, Loss: 1.226e+00, Loss_bcs: 2.150e-06, Loss_res: 1.226e+00 ,Time: 0.00
Compute NTK...
It: 19500, Loss: 1.217e+00, Loss_bcs: 2.129e-06, Loss_res: 1.216e+00 ,Time: 0.00
Compute NTK...
It: 19600, Loss: 1.208e+00, Loss_bcs: 2.097e-06, Loss_res: 1.207e+00 ,Time: 0.00
Compute NTK...
It: 19700, Loss: 1.199e+00, Loss_bcs: 2.075e-06, Loss_res: 1.198e+00 ,Time: 0.00
Compute NTK...
It: 19800, Loss: 1.190e+00, Loss_bcs: 2.052e-06, Loss_res: 1.190e+00 ,Time: 0.00
Compute NTK...
It: 19900, Loss: 1.181e+00, Loss_bcs: 2.023e-06, Loss_res: 1.181e+00 ,Time: 0.00
Compute NTK...
It: 20000, Loss: 1.173e+00, Loss_bcs: 1.996e-06, Loss_res: 1.172e+00 ,Time: 0.00
Compute NTK...
It: 20100, Loss: 1.164e+00, Loss_bcs: 1.982e-06, Loss_res: 1.164e+00 ,Time: 0.00
Compute NTK...
It: 20200, Loss: 1.156e+00, Loss_bcs: 1.955e-06, Loss_res: 1.156e+00 ,Time: 0.00
Compute NTK...
It: 20300, Loss: 1.148e+00, Loss_bcs: 1.929e-06, Loss_res: 1.147e+00 ,Time: 0.00
Compute NTK...
It: 20400, Loss: 1.139e+00, Loss_bcs: 1.909e-06, Loss_res: 1.139e+00 ,Time: 0.00
Compute NTK...
It: 20500, Loss: 1.131e+00, Loss_bcs: 1.886e-06, Loss_res: 1.131e+00 ,Time: 0.00
Compute NTK...
It: 20600, Loss: 1.123e+00, Loss_bcs: 1.859e-06, Loss_res: 1.123e+00 ,Time: 0.00
Compute NTK...
It: 20700, Loss: 1.115e+00, Loss_bcs: 1.838e-06, Loss_res: 1.115e+00 ,Time: 0.00
Compute NTK...
It: 20800, Loss: 1.108e+00, Loss_bcs: 1.818e-06, Loss_res: 1.108e+00 ,Time: 0.00
Compute NTK...
It: 20900, Loss: 1.100e+00, Loss_bcs: 1.799e-06, Loss_res: 1.100e+00 ,Time: 0.00
Compute NTK...
It: 21000, Loss: 1.092e+00, Loss_bcs: 1.775e-06, Loss_res: 1.092e+00 ,Time: 0.00
Compute NTK...
It: 21100, Loss: 1.085e+00, Loss_bcs: 1.752e-06, Loss_res: 1.085e+00 ,Time: 0.00
Compute NTK...
It: 21200, Loss: 1.077e+00, Loss_bcs: 1.733e-06, Loss_res: 1.077e+00 ,Time: 0.00
Compute NTK...
It: 21300, Loss: 1.070e+00, Loss_bcs: 1.711e-06, Loss_res: 1.070e+00 ,Time: 0.00
Compute NTK...
It: 21400, Loss: 1.063e+00, Loss_bcs: 1.694e-06, Loss_res: 1.063e+00 ,Time: 0.00
Compute NTK...
It: 21500, Loss: 1.056e+00, Loss_bcs: 1.676e-06, Loss_res: 1.056e+00 ,Time: 0.00
Compute NTK...
It: 21600, Loss: 1.049e+00, Loss_bcs: 1.658e-06, Loss_res: 1.049e+00 ,Time: 0.00
Compute NTK...
It: 21700, Loss: 1.042e+00, Loss_bcs: 1.642e-06, Loss_res: 1.042e+00 ,Time: 0.00
Compute NTK...
It: 21800, Loss: 1.035e+00, Loss_bcs: 1.623e-06, Loss_res: 1.035e+00 ,Time: 0.00
Compute NTK...
It: 21900, Loss: 1.028e+00, Loss_bcs: 1.610e-06, Loss_res: 1.028e+00 ,Time: 0.00
Compute NTK...
It: 22000, Loss: 1.021e+00, Loss_bcs: 1.590e-06, Loss_res: 1.021e+00 ,Time: 0.00
Compute NTK...
It: 22100, Loss: 1.015e+00, Loss_bcs: 1.570e-06, Loss_res: 1.014e+00 ,Time: 0.00
Compute NTK...
It: 22200, Loss: 1.008e+00, Loss_bcs: 1.550e-06, Loss_res: 1.008e+00 ,Time: 0.00
Compute NTK...
It: 22300, Loss: 1.001e+00, Loss_bcs: 1.535e-06, Loss_res: 1.001e+00 ,Time: 0.00
Compute NTK...
It: 22400, Loss: 9.950e-01, Loss_bcs: 1.518e-06, Loss_res: 9.949e-01 ,Time: 0.00
Compute NTK...
It: 22500, Loss: 9.886e-01, Loss_bcs: 1.503e-06, Loss_res: 9.885e-01 ,Time: 0.00
Compute NTK...
It: 22600, Loss: 9.823e-01, Loss_bcs: 1.485e-06, Loss_res: 9.822e-01 ,Time: 0.00
Compute NTK...
It: 22700, Loss: 9.761e-01, Loss_bcs: 1.470e-06, Loss_res: 9.760e-01 ,Time: 0.00
Compute NTK...
It: 22800, Loss: 9.700e-01, Loss_bcs: 1.454e-06, Loss_res: 9.698e-01 ,Time: 0.00
Compute NTK...
It: 22900, Loss: 9.639e-01, Loss_bcs: 1.442e-06, Loss_res: 9.637e-01 ,Time: 0.00
Compute NTK...
It: 23000, Loss: 9.579e-01, Loss_bcs: 1.427e-06, Loss_res: 9.577e-01 ,Time: 0.00
Compute NTK...
It: 23100, Loss: 9.519e-01, Loss_bcs: 1.410e-06, Loss_res: 9.518e-01 ,Time: 0.00
Compute NTK...
It: 23200, Loss: 9.461e-01, Loss_bcs: 1.396e-06, Loss_res: 9.459e-01 ,Time: 0.00
Compute NTK...
It: 23300, Loss: 9.402e-01, Loss_bcs: 1.383e-06, Loss_res: 9.401e-01 ,Time: 0.00
Compute NTK...
It: 23400, Loss: 9.345e-01, Loss_bcs: 1.367e-06, Loss_res: 9.344e-01 ,Time: 0.00
Compute NTK...
It: 23500, Loss: 9.288e-01, Loss_bcs: 1.351e-06, Loss_res: 9.287e-01 ,Time: 0.00
Compute NTK...
It: 23600, Loss: 9.232e-01, Loss_bcs: 1.336e-06, Loss_res: 9.231e-01 ,Time: 0.00
Compute NTK...
It: 23700, Loss: 9.177e-01, Loss_bcs: 1.321e-06, Loss_res: 9.176e-01 ,Time: 0.00
Compute NTK...
It: 23800, Loss: 9.122e-01, Loss_bcs: 1.308e-06, Loss_res: 9.121e-01 ,Time: 0.00
Compute NTK...
It: 23900, Loss: 9.067e-01, Loss_bcs: 1.296e-06, Loss_res: 9.066e-01 ,Time: 0.00
Compute NTK...
It: 24000, Loss: 9.014e-01, Loss_bcs: 1.281e-06, Loss_res: 9.012e-01 ,Time: 0.00
Compute NTK...
It: 24100, Loss: 8.961e-01, Loss_bcs: 1.272e-06, Loss_res: 8.959e-01 ,Time: 0.00
Compute NTK...
It: 24200, Loss: 8.908e-01, Loss_bcs: 1.261e-06, Loss_res: 8.907e-01 ,Time: 0.00
Compute NTK...
It: 24300, Loss: 8.856e-01, Loss_bcs: 1.250e-06, Loss_res: 8.854e-01 ,Time: 0.00
Compute NTK...
It: 24400, Loss: 8.804e-01, Loss_bcs: 1.237e-06, Loss_res: 8.803e-01 ,Time: 0.00
Compute NTK...
It: 24500, Loss: 8.753e-01, Loss_bcs: 1.223e-06, Loss_res: 8.752e-01 ,Time: 0.00
Compute NTK...
It: 24600, Loss: 8.703e-01, Loss_bcs: 1.210e-06, Loss_res: 8.701e-01 ,Time: 0.00
Compute NTK...
It: 24700, Loss: 8.653e-01, Loss_bcs: 1.199e-06, Loss_res: 8.652e-01 ,Time: 0.00
Compute NTK...
It: 24800, Loss: 8.603e-01, Loss_bcs: 1.188e-06, Loss_res: 8.602e-01 ,Time: 0.00
Compute NTK...
It: 24900, Loss: 8.555e-01, Loss_bcs: 1.176e-06, Loss_res: 8.553e-01 ,Time: 0.00
Compute NTK...
It: 25000, Loss: 8.507e-01, Loss_bcs: 1.162e-06, Loss_res: 8.505e-01 ,Time: 0.00
Compute NTK...
It: 25100, Loss: 8.459e-01, Loss_bcs: 1.149e-06, Loss_res: 8.458e-01 ,Time: 0.00
Compute NTK...
It: 25200, Loss: 8.412e-01, Loss_bcs: 1.139e-06, Loss_res: 8.411e-01 ,Time: 0.00
Compute NTK...
It: 25300, Loss: 8.365e-01, Loss_bcs: 1.132e-06, Loss_res: 8.364e-01 ,Time: 0.00
Compute NTK...
It: 25400, Loss: 8.319e-01, Loss_bcs: 1.121e-06, Loss_res: 8.318e-01 ,Time: 0.00
Compute NTK...
It: 25500, Loss: 8.273e-01, Loss_bcs: 1.113e-06, Loss_res: 8.272e-01 ,Time: 0.00
Compute NTK...
It: 25600, Loss: 8.228e-01, Loss_bcs: 1.098e-06, Loss_res: 8.227e-01 ,Time: 0.00
Compute NTK...
It: 25700, Loss: 8.183e-01, Loss_bcs: 1.085e-06, Loss_res: 8.182e-01 ,Time: 0.00
Compute NTK...
It: 25800, Loss: 8.139e-01, Loss_bcs: 1.074e-06, Loss_res: 8.138e-01 ,Time: 0.00
Compute NTK...
It: 25900, Loss: 8.095e-01, Loss_bcs: 1.063e-06, Loss_res: 8.094e-01 ,Time: 0.00
Compute NTK...
It: 26000, Loss: 8.051e-01, Loss_bcs: 1.055e-06, Loss_res: 8.050e-01 ,Time: 0.00
Compute NTK...
It: 26100, Loss: 8.008e-01, Loss_bcs: 1.046e-06, Loss_res: 8.007e-01 ,Time: 0.00
Compute NTK...
It: 26200, Loss: 7.965e-01, Loss_bcs: 1.036e-06, Loss_res: 7.964e-01 ,Time: 0.00
Compute NTK...
It: 26300, Loss: 7.923e-01, Loss_bcs: 1.025e-06, Loss_res: 7.922e-01 ,Time: 0.00
Compute NTK...
It: 26400, Loss: 7.882e-01, Loss_bcs: 1.012e-06, Loss_res: 7.881e-01 ,Time: 0.00
Compute NTK...
It: 26500, Loss: 7.840e-01, Loss_bcs: 1.004e-06, Loss_res: 7.839e-01 ,Time: 0.00
Compute NTK...
It: 26600, Loss: 7.799e-01, Loss_bcs: 9.952e-07, Loss_res: 7.798e-01 ,Time: 0.00
Compute NTK...
It: 26700, Loss: 7.759e-01, Loss_bcs: 9.856e-07, Loss_res: 7.758e-01 ,Time: 0.00
Compute NTK...
It: 26800, Loss: 7.719e-01, Loss_bcs: 9.783e-07, Loss_res: 7.718e-01 ,Time: 0.00
Compute NTK...
It: 26900, Loss: 7.679e-01, Loss_bcs: 9.708e-07, Loss_res: 7.678e-01 ,Time: 0.00
Compute NTK...
It: 27000, Loss: 7.640e-01, Loss_bcs: 9.641e-07, Loss_res: 7.639e-01 ,Time: 0.00
Compute NTK...
It: 27100, Loss: 7.601e-01, Loss_bcs: 9.522e-07, Loss_res: 7.600e-01 ,Time: 0.00
Compute NTK...
It: 27200, Loss: 7.562e-01, Loss_bcs: 9.461e-07, Loss_res: 7.561e-01 ,Time: 0.00
Compute NTK...
It: 27300, Loss: 7.524e-01, Loss_bcs: 9.391e-07, Loss_res: 7.523e-01 ,Time: 0.00
Compute NTK...
It: 27400, Loss: 7.486e-01, Loss_bcs: 9.324e-07, Loss_res: 7.485e-01 ,Time: 0.00
Compute NTK...
It: 27500, Loss: 7.449e-01, Loss_bcs: 9.231e-07, Loss_res: 7.448e-01 ,Time: 0.00
Compute NTK...
It: 27600, Loss: 7.412e-01, Loss_bcs: 9.147e-07, Loss_res: 7.411e-01 ,Time: 0.00
Compute NTK...
It: 27700, Loss: 7.375e-01, Loss_bcs: 9.060e-07, Loss_res: 7.374e-01 ,Time: 0.00
Compute NTK...
It: 27800, Loss: 7.339e-01, Loss_bcs: 8.994e-07, Loss_res: 7.338e-01 ,Time: 0.00
Compute NTK...
It: 27900, Loss: 7.303e-01, Loss_bcs: 8.906e-07, Loss_res: 7.302e-01 ,Time: 0.00
Compute NTK...
It: 28000, Loss: 7.267e-01, Loss_bcs: 8.805e-07, Loss_res: 7.266e-01 ,Time: 0.00
Compute NTK...
It: 28100, Loss: 7.232e-01, Loss_bcs: 8.737e-07, Loss_res: 7.231e-01 ,Time: 0.00
Compute NTK...
It: 28200, Loss: 7.197e-01, Loss_bcs: 8.652e-07, Loss_res: 7.196e-01 ,Time: 0.00
Compute NTK...
It: 28300, Loss: 7.163e-01, Loss_bcs: 8.570e-07, Loss_res: 7.162e-01 ,Time: 0.00
Compute NTK...
It: 28400, Loss: 7.129e-01, Loss_bcs: 8.497e-07, Loss_res: 7.128e-01 ,Time: 0.00
Compute NTK...
It: 28500, Loss: 7.095e-01, Loss_bcs: 8.442e-07, Loss_res: 7.094e-01 ,Time: 0.00
Compute NTK...
It: 28600, Loss: 7.061e-01, Loss_bcs: 8.363e-07, Loss_res: 7.060e-01 ,Time: 0.00
Compute NTK...
It: 28700, Loss: 7.027e-01, Loss_bcs: 8.280e-07, Loss_res: 7.027e-01 ,Time: 0.00
Compute NTK...
It: 28800, Loss: 6.994e-01, Loss_bcs: 8.199e-07, Loss_res: 6.994e-01 ,Time: 0.00
Compute NTK...
It: 28900, Loss: 6.962e-01, Loss_bcs: 8.139e-07, Loss_res: 6.961e-01 ,Time: 0.00
Compute NTK...
It: 29000, Loss: 6.929e-01, Loss_bcs: 8.067e-07, Loss_res: 6.929e-01 ,Time: 0.00
Compute NTK...
It: 29100, Loss: 6.897e-01, Loss_bcs: 8.002e-07, Loss_res: 6.896e-01 ,Time: 0.00
Compute NTK...
It: 29200, Loss: 6.865e-01, Loss_bcs: 7.940e-07, Loss_res: 6.864e-01 ,Time: 0.00
Compute NTK...
It: 29300, Loss: 6.834e-01, Loss_bcs: 7.857e-07, Loss_res: 6.833e-01 ,Time: 0.00
Compute NTK...
It: 29400, Loss: 6.802e-01, Loss_bcs: 7.775e-07, Loss_res: 6.802e-01 ,Time: 0.00
Compute NTK...
It: 29500, Loss: 6.771e-01, Loss_bcs: 7.703e-07, Loss_res: 6.771e-01 ,Time: 0.00
Compute NTK...
It: 29600, Loss: 6.741e-01, Loss_bcs: 7.668e-07, Loss_res: 6.740e-01 ,Time: 0.00
Compute NTK...
It: 29700, Loss: 6.710e-01, Loss_bcs: 7.600e-07, Loss_res: 6.710e-01 ,Time: 0.00
Compute NTK...
It: 29800, Loss: 6.681e-01, Loss_bcs: 7.490e-07, Loss_res: 6.680e-01 ,Time: 0.00
Compute NTK...
It: 29900, Loss: 6.651e-01, Loss_bcs: 7.412e-07, Loss_res: 6.650e-01 ,Time: 0.00
Compute NTK...
It: 30000, Loss: 6.621e-01, Loss_bcs: 7.361e-07, Loss_res: 6.621e-01 ,Time: 0.00
Compute NTK...
It: 30100, Loss: 6.592e-01, Loss_bcs: 7.331e-07, Loss_res: 6.591e-01 ,Time: 0.00
Compute NTK...
It: 30200, Loss: 6.563e-01, Loss_bcs: 7.270e-07, Loss_res: 6.562e-01 ,Time: 0.00
Compute NTK...
It: 30300, Loss: 6.534e-01, Loss_bcs: 7.226e-07, Loss_res: 6.533e-01 ,Time: 0.00
Compute NTK...
It: 30400, Loss: 6.506e-01, Loss_bcs: 7.164e-07, Loss_res: 6.505e-01 ,Time: 0.00
Compute NTK...
It: 30500, Loss: 6.477e-01, Loss_bcs: 7.112e-07, Loss_res: 6.476e-01 ,Time: 0.00
Compute NTK...
It: 30600, Loss: 6.449e-01, Loss_bcs: 7.046e-07, Loss_res: 6.448e-01 ,Time: 0.00
Compute NTK...
It: 30700, Loss: 6.421e-01, Loss_bcs: 6.993e-07, Loss_res: 6.421e-01 ,Time: 0.00
Compute NTK...
It: 30800, Loss: 6.394e-01, Loss_bcs: 6.952e-07, Loss_res: 6.393e-01 ,Time: 0.00
Compute NTK...
It: 30900, Loss: 6.366e-01, Loss_bcs: 6.901e-07, Loss_res: 6.365e-01 ,Time: 0.00
Compute NTK...
It: 31000, Loss: 6.339e-01, Loss_bcs: 6.834e-07, Loss_res: 6.338e-01 ,Time: 0.00
Compute NTK...
It: 31100, Loss: 6.312e-01, Loss_bcs: 6.804e-07, Loss_res: 6.311e-01 ,Time: 0.00
Compute NTK...
It: 31200, Loss: 6.285e-01, Loss_bcs: 6.734e-07, Loss_res: 6.285e-01 ,Time: 0.00
Compute NTK...
It: 31300, Loss: 6.259e-01, Loss_bcs: 6.685e-07, Loss_res: 6.258e-01 ,Time: 0.00
Compute NTK...
It: 31400, Loss: 6.232e-01, Loss_bcs: 6.605e-07, Loss_res: 6.232e-01 ,Time: 0.00
Compute NTK...
It: 31500, Loss: 6.206e-01, Loss_bcs: 6.547e-07, Loss_res: 6.206e-01 ,Time: 0.00
Compute NTK...
It: 31600, Loss: 6.181e-01, Loss_bcs: 6.519e-07, Loss_res: 6.180e-01 ,Time: 0.00
Compute NTK...
It: 31700, Loss: 6.155e-01, Loss_bcs: 6.457e-07, Loss_res: 6.154e-01 ,Time: 0.00
Compute NTK...
It: 31800, Loss: 6.130e-01, Loss_bcs: 6.411e-07, Loss_res: 6.129e-01 ,Time: 0.00
Compute NTK...
It: 31900, Loss: 6.105e-01, Loss_bcs: 6.363e-07, Loss_res: 6.104e-01 ,Time: 0.00
Compute NTK...
It: 32000, Loss: 6.080e-01, Loss_bcs: 6.299e-07, Loss_res: 6.079e-01 ,Time: 0.00
Compute NTK...
It: 32100, Loss: 6.055e-01, Loss_bcs: 6.255e-07, Loss_res: 6.054e-01 ,Time: 0.00
Compute NTK...
It: 32200, Loss: 6.030e-01, Loss_bcs: 6.210e-07, Loss_res: 6.030e-01 ,Time: 0.00
Compute NTK...
It: 32300, Loss: 6.006e-01, Loss_bcs: 6.148e-07, Loss_res: 6.005e-01 ,Time: 0.00
Compute NTK...
It: 32400, Loss: 5.982e-01, Loss_bcs: 6.079e-07, Loss_res: 5.981e-01 ,Time: 0.00
Compute NTK...
It: 32500, Loss: 5.958e-01, Loss_bcs: 6.051e-07, Loss_res: 5.957e-01 ,Time: 0.00
Compute NTK...
It: 32600, Loss: 5.934e-01, Loss_bcs: 6.018e-07, Loss_res: 5.933e-01 ,Time: 0.00
Compute NTK...
It: 32700, Loss: 5.910e-01, Loss_bcs: 5.992e-07, Loss_res: 5.910e-01 ,Time: 0.00
Compute NTK...
It: 32800, Loss: 5.887e-01, Loss_bcs: 5.960e-07, Loss_res: 5.886e-01 ,Time: 0.00
Compute NTK...
It: 32900, Loss: 5.864e-01, Loss_bcs: 5.909e-07, Loss_res: 5.863e-01 ,Time: 0.00
Compute NTK...
It: 33000, Loss: 5.840e-01, Loss_bcs: 5.848e-07, Loss_res: 5.840e-01 ,Time: 0.00
Compute NTK...
It: 33100, Loss: 5.817e-01, Loss_bcs: 5.818e-07, Loss_res: 5.817e-01 ,Time: 0.00
Compute NTK...
It: 33200, Loss: 5.795e-01, Loss_bcs: 5.767e-07, Loss_res: 5.794e-01 ,Time: 0.00
Compute NTK...
It: 33300, Loss: 5.772e-01, Loss_bcs: 5.715e-07, Loss_res: 5.772e-01 ,Time: 0.00
Compute NTK...
It: 33400, Loss: 5.750e-01, Loss_bcs: 5.676e-07, Loss_res: 5.749e-01 ,Time: 0.00
Compute NTK...
It: 33500, Loss: 5.727e-01, Loss_bcs: 5.635e-07, Loss_res: 5.727e-01 ,Time: 0.00
Compute NTK...
It: 33600, Loss: 5.705e-01, Loss_bcs: 5.590e-07, Loss_res: 5.705e-01 ,Time: 0.00
Compute NTK...
It: 33700, Loss: 5.684e-01, Loss_bcs: 5.543e-07, Loss_res: 5.683e-01 ,Time: 0.00
Compute NTK...
It: 33800, Loss: 5.662e-01, Loss_bcs: 5.487e-07, Loss_res: 5.661e-01 ,Time: 0.00
Compute NTK...
It: 33900, Loss: 5.640e-01, Loss_bcs: 5.451e-07, Loss_res: 5.640e-01 ,Time: 0.00
Compute NTK...
It: 34000, Loss: 5.619e-01, Loss_bcs: 5.410e-07, Loss_res: 5.619e-01 ,Time: 0.00
Compute NTK...
It: 34100, Loss: 5.598e-01, Loss_bcs: 5.359e-07, Loss_res: 5.597e-01 ,Time: 0.00
Compute NTK...
It: 34200, Loss: 5.577e-01, Loss_bcs: 5.339e-07, Loss_res: 5.577e-01 ,Time: 0.00
Compute NTK...
It: 34300, Loss: 5.556e-01, Loss_bcs: 5.292e-07, Loss_res: 5.556e-01 ,Time: 0.01
Compute NTK...
It: 34400, Loss: 5.536e-01, Loss_bcs: 5.241e-07, Loss_res: 5.535e-01 ,Time: 0.00
Compute NTK...
It: 34500, Loss: 5.515e-01, Loss_bcs: 5.210e-07, Loss_res: 5.515e-01 ,Time: 0.00
Compute NTK...
It: 34600, Loss: 5.495e-01, Loss_bcs: 5.173e-07, Loss_res: 5.494e-01 ,Time: 0.00
Compute NTK...
It: 34700, Loss: 5.475e-01, Loss_bcs: 5.142e-07, Loss_res: 5.474e-01 ,Time: 0.00
Compute NTK...
It: 34800, Loss: 5.455e-01, Loss_bcs: 5.111e-07, Loss_res: 5.454e-01 ,Time: 0.00
Compute NTK...
It: 34900, Loss: 5.435e-01, Loss_bcs: 5.082e-07, Loss_res: 5.434e-01 ,Time: 0.00
Compute NTK...
It: 35000, Loss: 5.415e-01, Loss_bcs: 5.049e-07, Loss_res: 5.414e-01 ,Time: 0.00
Compute NTK...
It: 35100, Loss: 5.395e-01, Loss_bcs: 5.034e-07, Loss_res: 5.395e-01 ,Time: 0.00
Compute NTK...
It: 35200, Loss: 5.376e-01, Loss_bcs: 5.003e-07, Loss_res: 5.375e-01 ,Time: 0.00
Compute NTK...
It: 35300, Loss: 5.356e-01, Loss_bcs: 4.963e-07, Loss_res: 5.356e-01 ,Time: 0.00
Compute NTK...
It: 35400, Loss: 5.337e-01, Loss_bcs: 4.914e-07, Loss_res: 5.336e-01 ,Time: 0.00
Compute NTK...
It: 35500, Loss: 5.318e-01, Loss_bcs: 4.862e-07, Loss_res: 5.317e-01 ,Time: 0.00
Compute NTK...
It: 35600, Loss: 5.299e-01, Loss_bcs: 4.828e-07, Loss_res: 5.298e-01 ,Time: 0.00
Compute NTK...
It: 35700, Loss: 5.280e-01, Loss_bcs: 4.797e-07, Loss_res: 5.279e-01 ,Time: 0.00
Compute NTK...
It: 35800, Loss: 5.261e-01, Loss_bcs: 4.766e-07, Loss_res: 5.261e-01 ,Time: 0.00
Compute NTK...
It: 35900, Loss: 5.243e-01, Loss_bcs: 4.734e-07, Loss_res: 5.242e-01 ,Time: 0.00
Compute NTK...
It: 36000, Loss: 5.224e-01, Loss_bcs: 4.705e-07, Loss_res: 5.224e-01 ,Time: 0.00
Compute NTK...
It: 36100, Loss: 5.206e-01, Loss_bcs: 4.688e-07, Loss_res: 5.205e-01 ,Time: 0.00
Compute NTK...
It: 36200, Loss: 5.187e-01, Loss_bcs: 4.648e-07, Loss_res: 5.187e-01 ,Time: 0.00
Compute NTK...
It: 36300, Loss: 5.169e-01, Loss_bcs: 4.598e-07, Loss_res: 5.169e-01 ,Time: 0.00
Compute NTK...
It: 36400, Loss: 5.151e-01, Loss_bcs: 4.564e-07, Loss_res: 5.151e-01 ,Time: 0.00
Compute NTK...
It: 36500, Loss: 5.133e-01, Loss_bcs: 4.527e-07, Loss_res: 5.133e-01 ,Time: 0.00
Compute NTK...
It: 36600, Loss: 5.116e-01, Loss_bcs: 4.481e-07, Loss_res: 5.115e-01 ,Time: 0.00
Compute NTK...
It: 36700, Loss: 5.098e-01, Loss_bcs: 4.464e-07, Loss_res: 5.098e-01 ,Time: 0.01
Compute NTK...
It: 36800, Loss: 5.081e-01, Loss_bcs: 4.428e-07, Loss_res: 5.080e-01 ,Time: 0.00
Compute NTK...
It: 36900, Loss: 5.063e-01, Loss_bcs: 4.395e-07, Loss_res: 5.063e-01 ,Time: 0.00
Compute NTK...
It: 37000, Loss: 5.046e-01, Loss_bcs: 4.369e-07, Loss_res: 5.046e-01 ,Time: 0.00
Compute NTK...
It: 37100, Loss: 5.029e-01, Loss_bcs: 4.324e-07, Loss_res: 5.029e-01 ,Time: 0.00
Compute NTK...
It: 37200, Loss: 5.012e-01, Loss_bcs: 4.294e-07, Loss_res: 5.012e-01 ,Time: 0.00
Compute NTK...
It: 37300, Loss: 4.995e-01, Loss_bcs: 4.274e-07, Loss_res: 4.995e-01 ,Time: 0.00
Compute NTK...
It: 37400, Loss: 4.978e-01, Loss_bcs: 4.243e-07, Loss_res: 4.978e-01 ,Time: 0.00
Compute NTK...
It: 37500, Loss: 4.962e-01, Loss_bcs: 4.230e-07, Loss_res: 4.961e-01 ,Time: 0.00
Compute NTK...
It: 37600, Loss: 4.945e-01, Loss_bcs: 4.203e-07, Loss_res: 4.945e-01 ,Time: 0.00
Compute NTK...
It: 37700, Loss: 4.929e-01, Loss_bcs: 4.174e-07, Loss_res: 4.928e-01 ,Time: 0.00
Compute NTK...
It: 37800, Loss: 4.913e-01, Loss_bcs: 4.129e-07, Loss_res: 4.912e-01 ,Time: 0.00
Compute NTK...
It: 37900, Loss: 4.896e-01, Loss_bcs: 4.099e-07, Loss_res: 4.896e-01 ,Time: 0.00
Compute NTK...
It: 38000, Loss: 4.880e-01, Loss_bcs: 4.083e-07, Loss_res: 4.880e-01 ,Time: 0.00
Compute NTK...
It: 38100, Loss: 4.864e-01, Loss_bcs: 4.061e-07, Loss_res: 4.864e-01 ,Time: 0.00
Compute NTK...
It: 38200, Loss: 4.848e-01, Loss_bcs: 4.051e-07, Loss_res: 4.848e-01 ,Time: 0.00
Compute NTK...
It: 38300, Loss: 4.833e-01, Loss_bcs: 4.026e-07, Loss_res: 4.832e-01 ,Time: 0.00
Compute NTK...
It: 38400, Loss: 4.817e-01, Loss_bcs: 4.006e-07, Loss_res: 4.816e-01 ,Time: 0.00
Compute NTK...
It: 38500, Loss: 4.801e-01, Loss_bcs: 3.989e-07, Loss_res: 4.801e-01 ,Time: 0.00
Compute NTK...
It: 38600, Loss: 4.785e-01, Loss_bcs: 3.959e-07, Loss_res: 4.785e-01 ,Time: 0.00
Compute NTK...
It: 38700, Loss: 4.770e-01, Loss_bcs: 3.930e-07, Loss_res: 4.770e-01 ,Time: 0.00
Compute NTK...
It: 38800, Loss: 4.755e-01, Loss_bcs: 3.894e-07, Loss_res: 4.754e-01 ,Time: 0.00
Compute NTK...
It: 38900, Loss: 4.739e-01, Loss_bcs: 3.874e-07, Loss_res: 4.739e-01 ,Time: 0.00
Compute NTK...
It: 39000, Loss: 4.724e-01, Loss_bcs: 3.843e-07, Loss_res: 4.724e-01 ,Time: 0.00
Compute NTK...
It: 39100, Loss: 4.709e-01, Loss_bcs: 3.817e-07, Loss_res: 4.709e-01 ,Time: 0.00
Compute NTK...
It: 39200, Loss: 4.694e-01, Loss_bcs: 3.795e-07, Loss_res: 4.693e-01 ,Time: 0.00
Compute NTK...
It: 39300, Loss: 4.679e-01, Loss_bcs: 3.763e-07, Loss_res: 4.679e-01 ,Time: 0.00
Compute NTK...
It: 39400, Loss: 4.664e-01, Loss_bcs: 3.737e-07, Loss_res: 4.664e-01 ,Time: 0.00
Compute NTK...
It: 39500, Loss: 4.649e-01, Loss_bcs: 3.716e-07, Loss_res: 4.649e-01 ,Time: 0.00
Compute NTK...
It: 39600, Loss: 4.635e-01, Loss_bcs: 3.691e-07, Loss_res: 4.634e-01 ,Time: 0.00
Compute NTK...
It: 39700, Loss: 4.620e-01, Loss_bcs: 3.662e-07, Loss_res: 4.620e-01 ,Time: 0.00
Compute NTK...
It: 39800, Loss: 4.605e-01, Loss_bcs: 3.632e-07, Loss_res: 4.605e-01 ,Time: 0.00
Compute NTK...
It: 39900, Loss: 4.591e-01, Loss_bcs: 3.615e-07, Loss_res: 4.591e-01 ,Time: 0.00
Compute NTK...
Gradients information stored ...
It: 40000, Loss: 4.577e-01, Loss_bcs: 3.596e-07, Loss_res: 4.576e-01 ,Time: 0.34
Compute NTK...
Save uv NN parameters successfully in %s ...checkpoints/Dec-09-2023_00-40-20-372014_M1
Final loss total loss: 4.576969e-01
Final loss loss_res: 4.576611e-01
Final loss loss_bcs: 3.588293e-07
