Gradients information stored ...
Gradients information stored ...
It: 1000, Loss: 2.136e-01, Loss_res: 3.641e-03,  Loss_bcs1: 3.351e-02,  Loss_bcs2: 1.185e-02,  loss_ics_u: 1.585e-01, Loss_ut_ics: 6.032e-03,, Time: 49.74
min_grad: 2.111e-04
max_grad: 4.979e-04
update_res: 1.771e+00
update_ics_u_t: 7.064e-01
update_bcs1: 7.453e-01
update_bcs2: 7.771e-01
adaptive_constant_res_val: 4.177e+00
adaptive_constant_ics_val: 1.666e+00
adaptive_constant_bcs1_val: 1.758e+00
adaptive_constant_bcs2_val: 1.833e+00
Gradients information stored ...
It: 2000, Loss: 3.781e-01, Loss_res: 6.917e-04,  Loss_bcs1: 3.255e-02,  Loss_bcs2: 1.166e-02,  loss_ics_u: 1.755e-01, Loss_ut_ics: 2.548e-03,, Time: 40.89
min_grad: 3.059e-05
max_grad: 8.930e-04
update_res: 3.266e+00
update_ics_u_t: 2.234e-01
update_bcs1: 2.480e-01
update_bcs2: 2.625e-01
adaptive_constant_res_val: 9.536e+01
adaptive_constant_ics_val: 6.522e+00
adaptive_constant_bcs1_val: 7.241e+00
adaptive_constant_bcs2_val: 7.665e+00
It: 3000, Loss: 2.402e+00, Loss_res: 9.488e-05,  Loss_bcs1: 6.594e-02,  Loss_bcs2: 3.625e-02,  loss_ics_u: 2.474e-01, Loss_ut_ics: 3.703e-03,, Time: 36.63
min_grad: 7.029e-06
max_grad: 3.697e-04
update_res: 3.441e+00
update_ics_u_t: 1.705e-01
update_bcs1: 1.851e-01
update_bcs2: 2.034e-01
adaptive_constant_res_val: 1.810e+02
adaptive_constant_ics_val: 8.969e+00
adaptive_constant_bcs1_val: 9.735e+00
adaptive_constant_bcs2_val: 1.070e+01
It: 4000, Loss: 2.664e+00, Loss_res: 1.743e-04,  Loss_bcs1: 5.734e-02,  Loss_bcs2: 2.337e-02,  loss_ics_u: 2.025e-01, Loss_ut_ics: 8.333e-04,, Time: 36.92
min_grad: 3.629e-05
max_grad: 3.314e-04
update_res: 3.116e+00
update_ics_u_t: 2.747e-01
update_bcs1: 2.924e-01
update_bcs2: 3.166e-01
adaptive_constant_res_val: 2.846e+01
adaptive_constant_ics_val: 2.508e+00
adaptive_constant_bcs1_val: 2.670e+00
adaptive_constant_bcs2_val: 2.891e+00
It: 5000, Loss: 5.248e-01, Loss_res: 4.926e-04,  Loss_bcs1: 3.539e-02,  Loss_bcs2: 1.317e-02,  loss_ics_u: 1.502e-01, Loss_ut_ics: 6.511e-04,, Time: 38.05
min_grad: 6.401e-05
max_grad: 3.139e-04
update_res: 2.276e+00
update_ics_u_t: 5.513e-01
update_bcs1: 5.667e-01
update_bcs2: 6.062e-01
adaptive_constant_res_val: 1.116e+01
adaptive_constant_ics_val: 2.704e+00
adaptive_constant_bcs1_val: 2.779e+00
adaptive_constant_bcs2_val: 2.973e+00
It: 6000, Loss: 3.720e-01, Loss_res: 4.473e-04,  Loss_bcs1: 2.199e-02,  Loss_bcs2: 8.409e-03,  loss_ics_u: 1.033e-01, Loss_ut_ics: 5.650e-04,, Time: 39.11
min_grad: 9.794e-05
max_grad: 4.742e-04
update_res: 2.138e+00
update_ics_u_t: 5.961e-01
update_bcs1: 6.333e-01
update_bcs2: 6.330e-01
adaptive_constant_res_val: 1.035e+01
adaptive_constant_ics_val: 2.886e+00
adaptive_constant_bcs1_val: 3.066e+00
adaptive_constant_bcs2_val: 3.065e+00
It: 7000, Loss: 4.048e-01, Loss_res: 5.916e-04,  Loss_bcs1: 2.744e-02,  Loss_bcs2: 1.018e-02,  loss_ics_u: 9.716e-02, Loss_ut_ics: 1.021e-03,, Time: 37.59
min_grad: 7.118e-05
max_grad: 2.082e-04
update_res: 2.440e+00
update_ics_u_t: 4.595e-01
update_bcs1: 5.389e-01
update_bcs2: 5.617e-01
adaptive_constant_res_val: 7.137e+00
adaptive_constant_ics_val: 1.344e+00
adaptive_constant_bcs1_val: 1.576e+00
adaptive_constant_bcs2_val: 1.643e+00
It: 8000, Loss: 1.671e-01, Loss_res: 2.352e-04,  Loss_bcs1: 1.627e-02,  Loss_bcs2: 5.997e-03,  loss_ics_u: 9.646e-02, Loss_ut_ics: 2.253e-04,, Time: 37.68
min_grad: 3.370e-05
max_grad: 2.092e-04
update_res: 1.845e+00
update_ics_u_t: 6.872e-01
update_bcs1: 7.384e-01
update_bcs2: 7.296e-01
adaptive_constant_res_val: 1.145e+01
adaptive_constant_ics_val: 4.266e+00
adaptive_constant_bcs1_val: 4.584e+00
adaptive_constant_bcs2_val: 4.530e+00
It: 9000, Loss: 5.750e-01, Loss_res: 1.527e-03,  Loss_bcs1: 1.399e-02,  Loss_bcs2: 9.363e-03,  loss_ics_u: 1.052e-01, Loss_ut_ics: 5.122e-04,, Time: 37.49
min_grad: 6.058e-05
max_grad: 3.866e-04
update_res: 2.127e+00
update_ics_u_t: 5.939e-01
update_bcs1: 6.584e-01
update_bcs2: 6.204e-01
adaptive_constant_res_val: 1.358e+01
adaptive_constant_ics_val: 3.790e+00
adaptive_constant_bcs1_val: 4.202e+00
adaptive_constant_bcs2_val: 3.959e+00
It: 10000, Loss: 4.316e-01, Loss_res: 7.786e-04,  Loss_bcs1: 9.595e-03,  Loss_bcs2: 7.610e-03,  loss_ics_u: 9.220e-02, Loss_ut_ics: 3.013e-04,, Time: 35.39
min_grad: 6.615e-05
max_grad: 7.940e-04
update_res: 1.861e+00
update_ics_u_t: 6.944e-01
update_bcs1: 7.263e-01
update_bcs2: 7.186e-01
adaptive_constant_res_val: 2.233e+01
adaptive_constant_ics_val: 8.335e+00
adaptive_constant_bcs1_val: 8.718e+00
adaptive_constant_bcs2_val: 8.625e+00
It: 11000, Loss: 8.591e-01, Loss_res: 3.984e-04,  Loss_bcs1: 1.187e-02,  Loss_bcs2: 9.009e-03,  loss_ics_u: 7.942e-02, Loss_ut_ics: 8.526e-04,, Time: 38.60
min_grad: 3.646e-05
max_grad: 5.038e-04
update_res: 1.253e+00
update_ics_u_t: 8.588e-01
update_bcs1: 9.827e-01
update_bcs2: 9.051e-01
adaptive_constant_res_val: 1.732e+01
adaptive_constant_ics_val: 1.187e+01
adaptive_constant_bcs1_val: 1.358e+01
adaptive_constant_bcs2_val: 1.251e+01
It: 12000, Loss: 1.194e+00, Loss_res: 1.861e-03,  Loss_bcs1: 6.769e-03,  Loss_bcs2: 3.575e-03,  loss_ics_u: 8.482e-02, Loss_ut_ics: 1.537e-03,, Time: 63.71
min_grad: 4.253e-05
max_grad: 7.665e-04
update_res: 1.435e+00
update_ics_u_t: 8.048e-01
update_bcs1: 8.952e-01
update_bcs2: 8.648e-01
adaptive_constant_res_val: 2.587e+01
adaptive_constant_ics_val: 1.450e+01
adaptive_constant_bcs1_val: 1.613e+01
adaptive_constant_bcs2_val: 1.559e+01
It: 13000, Loss: 1.278e+00, Loss_res: 1.130e-03,  Loss_bcs1: 6.352e-03,  Loss_bcs2: 3.086e-03,  loss_ics_u: 7.453e-02, Loss_ut_ics: 1.211e-03,, Time: 67.53
min_grad: 2.170e-05
max_grad: 2.234e-03
update_res: 1.459e+00
update_ics_u_t: 7.797e-01
update_bcs1: 8.791e-01
update_bcs2: 8.822e-01
adaptive_constant_res_val: 1.502e+02
adaptive_constant_ics_val: 8.027e+01
adaptive_constant_bcs1_val: 9.050e+01
adaptive_constant_bcs2_val: 9.082e+01
It: 14000, Loss: 1.008e+01, Loss_res: 5.700e-04,  Loss_bcs1: 1.129e-02,  Loss_bcs2: 9.469e-03,  loss_ics_u: 1.004e-01, Loss_ut_ics: 6.843e-04,, Time: 74.83
min_grad: 7.698e-05
max_grad: 2.483e-04
update_res: 1.102e+00
update_ics_u_t: 9.291e-01
update_bcs1: 1.005e+00
update_bcs2: 9.635e-01
adaptive_constant_res_val: 3.554e+00
adaptive_constant_ics_val: 2.996e+00
adaptive_constant_bcs1_val: 3.243e+00
adaptive_constant_bcs2_val: 3.107e+00
It: 15000, Loss: 3.678e-01, Loss_res: 5.016e-04,  Loss_bcs1: 1.253e-02,  Loss_bcs2: 7.594e-03,  loss_ics_u: 1.005e-01, Loss_ut_ics: 1.959e-04,, Time: 76.70
min_grad: 5.262e-05
max_grad: 1.446e-04
update_res: 1.020e+00
update_ics_u_t: 9.977e-01
update_bcs1: 9.998e-01
update_bcs2: 9.823e-01
adaptive_constant_res_val: 2.804e+00
adaptive_constant_ics_val: 2.743e+00
adaptive_constant_bcs1_val: 2.748e+00
adaptive_constant_bcs2_val: 2.700e+00
It: 16000, Loss: 2.910e-01, Loss_res: 5.103e-04,  Loss_bcs1: 1.253e-02,  Loss_bcs2: 8.381e-03,  loss_ics_u: 8.442e-02, Loss_ut_ics: 3.533e-04,, Time: 76.47
min_grad: 3.642e-05
max_grad: 1.338e-04
update_res: 1.033e+00
update_ics_u_t: 9.818e-01
update_bcs1: 9.959e-01
update_bcs2: 9.892e-01
adaptive_constant_res_val: 3.794e+00
adaptive_constant_ics_val: 3.606e+00
adaptive_constant_bcs1_val: 3.657e+00
adaptive_constant_bcs2_val: 3.633e+00
It: 17000, Loss: 3.595e-01, Loss_res: 5.324e-04,  Loss_bcs1: 1.274e-02,  Loss_bcs2: 6.697e-03,  loss_ics_u: 7.893e-02, Loss_ut_ics: 5.445e-04,, Time: 76.32
min_grad: 6.163e-05
max_grad: 1.592e-04
update_res: 1.025e+00
update_ics_u_t: 9.705e-01
update_bcs1: 1.001e+00
update_bcs2: 1.003e+00
adaptive_constant_res_val: 2.649e+00
adaptive_constant_ics_val: 2.508e+00
adaptive_constant_bcs1_val: 2.587e+00
adaptive_constant_bcs2_val: 2.592e+00
It: 18000, Loss: 2.541e-01, Loss_res: 6.059e-04,  Loss_bcs1: 9.047e-03,  Loss_bcs2: 7.415e-03,  loss_ics_u: 8.330e-02, Loss_ut_ics: 4.092e-04,, Time: 77.13
min_grad: 3.480e-05
max_grad: 1.491e-04
update_res: 1.043e+00
update_ics_u_t: 9.651e-01
update_bcs1: 1.005e+00
update_bcs2: 9.870e-01
adaptive_constant_res_val: 4.469e+00
adaptive_constant_ics_val: 4.136e+00
adaptive_constant_bcs1_val: 4.308e+00
adaptive_constant_bcs2_val: 4.230e+00
It: 19000, Loss: 3.730e-01, Loss_res: 3.786e-04,  Loss_bcs1: 9.304e-03,  Loss_bcs2: 7.923e-03,  loss_ics_u: 7.166e-02, Loss_ut_ics: 3.269e-04,, Time: 78.60
min_grad: 4.212e-05
max_grad: 1.092e-04
update_res: 1.035e+00
update_ics_u_t: 9.576e-01
update_bcs1: 1.010e+00
update_bcs2: 9.972e-01
adaptive_constant_res_val: 2.685e+00
adaptive_constant_ics_val: 2.484e+00
adaptive_constant_bcs1_val: 2.620e+00
adaptive_constant_bcs2_val: 2.586e+00
It: 20000, Loss: 2.331e-01, Loss_res: 4.047e-04,  Loss_bcs1: 7.311e-03,  Loss_bcs2: 8.816e-03,  loss_ics_u: 7.591e-02, Loss_ut_ics: 6.145e-04,, Time: 78.35
min_grad: 4.564e-05
max_grad: 1.793e-04
update_res: 1.042e+00
update_ics_u_t: 9.436e-01
update_bcs1: 1.031e+00
update_bcs2: 9.838e-01
adaptive_constant_res_val: 4.093e+00
adaptive_constant_ics_val: 3.706e+00
adaptive_constant_bcs1_val: 4.048e+00
adaptive_constant_bcs2_val: 3.864e+00
It: 21000, Loss: 2.394e-01, Loss_res: 6.314e-04,  Loss_bcs1: 8.962e-03,  Loss_bcs2: 7.325e-03,  loss_ics_u: 4.552e-02, Loss_ut_ics: 9.411e-04,, Time: 78.56
min_grad: 3.672e-05
max_grad: 2.273e-04
update_res: 1.618e+00
update_ics_u_t: 7.437e-01
update_bcs1: 8.327e-01
update_bcs2: 8.056e-01
adaptive_constant_res_val: 1.001e+01
adaptive_constant_ics_val: 4.603e+00
adaptive_constant_bcs1_val: 5.153e+00
adaptive_constant_bcs2_val: 4.986e+00
It: 22000, Loss: 3.089e-01, Loss_res: 1.472e-03,  Loss_bcs1: 7.357e-03,  Loss_bcs2: 6.172e-03,  loss_ics_u: 4.875e-02, Loss_ut_ics: 2.367e-04,, Time: 77.27
min_grad: 5.906e-05
max_grad: 3.949e-04
update_res: 1.374e+00
update_ics_u_t: 8.358e-01
update_bcs1: 8.911e-01
update_bcs2: 8.991e-01
adaptive_constant_res_val: 9.188e+00
adaptive_constant_ics_val: 5.589e+00
adaptive_constant_bcs1_val: 5.959e+00
adaptive_constant_bcs2_val: 6.012e+00
It: 23000, Loss: 3.040e-01, Loss_res: 5.913e-04,  Loss_bcs1: 5.229e-03,  Loss_bcs2: 5.316e-03,  loss_ics_u: 4.193e-02, Loss_ut_ics: 1.960e-04,, Time: 77.84
min_grad: 4.196e-05
max_grad: 4.844e-04
update_res: 1.831e+00
update_ics_u_t: 6.970e-01
update_bcs1: 7.306e-01
update_bcs2: 7.417e-01
adaptive_constant_res_val: 2.113e+01
adaptive_constant_ics_val: 8.046e+00
adaptive_constant_bcs1_val: 8.434e+00
adaptive_constant_bcs2_val: 8.562e+00
It: 24000, Loss: 4.575e-01, Loss_res: 4.207e-04,  Loss_bcs1: 7.258e-03,  Loss_bcs2: 7.148e-03,  loss_ics_u: 4.043e-02, Loss_ut_ics: 1.101e-04,, Time: 79.01
min_grad: 4.109e-05
max_grad: 3.602e-04
update_res: 1.072e+00
update_ics_u_t: 9.268e-01
update_bcs1: 9.900e-01
update_bcs2: 1.011e+00
adaptive_constant_res_val: 9.398e+00
adaptive_constant_ics_val: 8.124e+00
adaptive_constant_bcs1_val: 8.678e+00
adaptive_constant_bcs2_val: 8.864e+00
It: 25000, Loss: 4.010e-01, Loss_res: 4.631e-04,  Loss_bcs1: 7.135e-03,  Loss_bcs2: 4.987e-03,  loss_ics_u: 3.566e-02, Loss_ut_ics: 1.090e-04,, Time: 63.96
min_grad: 3.594e-05
max_grad: 2.623e-04
update_res: 1.047e+00
update_ics_u_t: 9.221e-01
update_bcs1: 9.976e-01
update_bcs2: 1.033e+00
adaptive_constant_res_val: 7.639e+00
adaptive_constant_ics_val: 6.729e+00
adaptive_constant_bcs1_val: 7.280e+00
adaptive_constant_bcs2_val: 7.541e+00
It: 26000, Loss: 2.846e-01, Loss_res: 6.423e-04,  Loss_bcs1: 6.635e-03,  Loss_bcs2: 3.718e-03,  loss_ics_u: 3.000e-02, Loss_ut_ics: 2.152e-04,, Time: 38.46
min_grad: 2.249e-05
max_grad: 6.868e-04
update_res: 1.237e+00
update_ics_u_t: 8.796e-01
update_bcs1: 9.178e-01
update_bcs2: 9.654e-01
adaptive_constant_res_val: 3.778e+01
adaptive_constant_ics_val: 2.686e+01
adaptive_constant_bcs1_val: 2.802e+01
adaptive_constant_bcs2_val: 2.948e+01
It: 27000, Loss: 8.785e-01, Loss_res: 4.228e-04,  Loss_bcs1: 4.222e-03,  Loss_bcs2: 3.497e-03,  loss_ics_u: 2.364e-02, Loss_ut_ics: 2.345e-04,, Time: 35.60
min_grad: 1.661e-05
max_grad: 1.200e-04
update_res: 1.190e+00
update_ics_u_t: 8.835e-01
update_bcs1: 9.649e-01
update_bcs2: 9.616e-01
adaptive_constant_res_val: 8.600e+00
adaptive_constant_ics_val: 6.385e+00
adaptive_constant_bcs1_val: 6.973e+00
adaptive_constant_bcs2_val: 6.949e+00
It: 28000, Loss: 2.874e-01, Loss_res: 3.506e-04,  Loss_bcs1: 6.351e-03,  Loss_bcs2: 4.310e-03,  loss_ics_u: 3.283e-02, Loss_ut_ics: 8.240e-05,, Time: 34.94
min_grad: 1.830e-05
max_grad: 8.638e-05
update_res: 1.005e+00
update_ics_u_t: 9.549e-01
update_bcs1: 1.003e+00
update_bcs2: 1.038e+00
adaptive_constant_res_val: 4.743e+00
adaptive_constant_ics_val: 4.508e+00
adaptive_constant_bcs1_val: 4.733e+00
adaptive_constant_bcs2_val: 4.899e+00
It: 29000, Loss: 1.988e-01, Loss_res: 3.474e-04,  Loss_bcs1: 7.402e-03,  Loss_bcs2: 5.854e-03,  loss_ics_u: 2.949e-02, Loss_ut_ics: 1.154e-04,, Time: 39.83
min_grad: 3.282e-05
max_grad: 9.117e-05
update_res: 1.009e+00
update_ics_u_t: 9.311e-01
update_bcs1: 9.900e-01
update_bcs2: 1.070e+00
adaptive_constant_res_val: 2.802e+00
adaptive_constant_ics_val: 2.586e+00
adaptive_constant_bcs1_val: 2.750e+00
adaptive_constant_bcs2_val: 2.973e+00
It: 30000, Loss: 1.012e-01, Loss_res: 3.351e-04,  Loss_bcs1: 8.123e-03,  Loss_bcs2: 3.576e-03,  loss_ics_u: 2.584e-02, Loss_ut_ics: 1.636e-04,, Time: 36.08
min_grad: 1.642e-05
max_grad: 7.769e-05
update_res: 1.002e+00
update_ics_u_t: 9.506e-01
update_bcs1: 1.020e+00
update_bcs2: 1.027e+00
adaptive_constant_res_val: 4.744e+00
adaptive_constant_ics_val: 4.499e+00
adaptive_constant_bcs1_val: 4.829e+00
adaptive_constant_bcs2_val: 4.859e+00
It: 31000, Loss: 1.358e-01, Loss_res: 6.191e-04,  Loss_bcs1: 6.410e-03,  Loss_bcs2: 3.976e-03,  loss_ics_u: 1.819e-02, Loss_ut_ics: 1.575e-04,, Time: 34.63
min_grad: 2.294e-05
max_grad: 1.727e-04
update_res: 1.021e+00
update_ics_u_t: 9.432e-01
update_bcs1: 1.016e+00
update_bcs2: 1.019e+00
adaptive_constant_res_val: 7.693e+00
adaptive_constant_ics_val: 7.103e+00
adaptive_constant_bcs1_val: 7.652e+00
adaptive_constant_bcs2_val: 7.675e+00
It: 32000, Loss: 2.467e-01, Loss_res: 2.058e-03,  Loss_bcs1: 6.723e-03,  Loss_bcs2: 6.506e-03,  loss_ics_u: 1.770e-02, Loss_ut_ics: 5.278e-04,, Time: 34.10
min_grad: 2.291e-05
max_grad: 9.163e-04
update_res: 1.426e+00
update_ics_u_t: 8.064e-01
update_bcs1: 8.861e-01
update_bcs2: 8.813e-01
adaptive_constant_res_val: 5.704e+01
adaptive_constant_ics_val: 3.225e+01
adaptive_constant_bcs1_val: 3.544e+01
adaptive_constant_bcs2_val: 3.525e+01
It: 33000, Loss: 1.018e+00, Loss_res: 4.313e-04,  Loss_bcs1: 7.819e-03,  Loss_bcs2: 5.184e-03,  loss_ics_u: 1.645e-02, Loss_ut_ics: 8.564e-05,, Time: 36.51
min_grad: 2.868e-05
max_grad: 1.595e-04
update_res: 9.972e-01
update_ics_u_t: 9.563e-01
update_bcs1: 1.013e+00
update_bcs2: 1.034e+00
adaptive_constant_res_val: 5.545e+00
adaptive_constant_ics_val: 5.318e+00
adaptive_constant_bcs1_val: 5.632e+00
adaptive_constant_bcs2_val: 5.748e+00
It: 34000, Loss: 1.403e-01, Loss_res: 3.962e-04,  Loss_bcs1: 6.310e-03,  Loss_bcs2: 3.850e-03,  loss_ics_u: 1.507e-02, Loss_ut_ics: 5.869e-05,, Time: 35.60
min_grad: 2.133e-05
max_grad: 1.368e-04
update_res: 1.001e+00
update_ics_u_t: 9.545e-01
update_bcs1: 1.031e+00
update_bcs2: 1.013e+00
adaptive_constant_res_val: 6.422e+00
adaptive_constant_ics_val: 6.124e+00
adaptive_constant_bcs1_val: 6.614e+00
adaptive_constant_bcs2_val: 6.502e+00
It: 35000, Loss: 1.824e-01, Loss_res: 3.169e-04,  Loss_bcs1: 7.997e-03,  Loss_bcs2: 4.102e-03,  loss_ics_u: 1.638e-02, Loss_ut_ics: 9.162e-05,, Time: 37.17
min_grad: 2.003e-05
max_grad: 1.531e-04
update_res: 9.892e-01
update_ics_u_t: 9.467e-01
update_bcs1: 1.021e+00
update_bcs2: 1.043e+00
adaptive_constant_res_val: 7.563e+00
adaptive_constant_ics_val: 7.239e+00
adaptive_constant_bcs1_val: 7.805e+00
adaptive_constant_bcs2_val: 7.977e+00
It: 36000, Loss: 2.045e-01, Loss_res: 3.393e-04,  Loss_bcs1: 7.827e-03,  Loss_bcs2: 5.300e-03,  loss_ics_u: 1.356e-02, Loss_ut_ics: 6.481e-05,, Time: 38.27
min_grad: 1.199e-05
max_grad: 7.479e-05
update_res: 9.968e-01
update_ics_u_t: 9.429e-01
update_bcs1: 1.053e+00
update_bcs2: 1.007e+00
adaptive_constant_res_val: 6.216e+00
adaptive_constant_ics_val: 5.880e+00
adaptive_constant_bcs1_val: 6.566e+00
adaptive_constant_bcs2_val: 6.281e+00
It: 37000, Loss: 1.618e-01, Loss_res: 3.698e-04,  Loss_bcs1: 8.236e-03,  Loss_bcs2: 4.497e-03,  loss_ics_u: 1.304e-02, Loss_ut_ics: 9.024e-05,, Time: 44.98
min_grad: 2.026e-05
max_grad: 2.222e-04
update_res: 9.927e-01
update_ics_u_t: 9.583e-01
update_bcs1: 1.030e+00
update_bcs2: 1.019e+00
adaptive_constant_res_val: 1.088e+01
adaptive_constant_ics_val: 1.051e+01
adaptive_constant_bcs1_val: 1.130e+01
adaptive_constant_bcs2_val: 1.117e+01
It: 38000, Loss: 2.610e-01, Loss_res: 6.011e-04,  Loss_bcs1: 8.129e-03,  Loss_bcs2: 3.504e-03,  loss_ics_u: 1.167e-02, Loss_ut_ics: 8.764e-05,, Time: 73.08
min_grad: 2.359e-05
max_grad: 3.609e-04
update_res: 1.065e+00
update_ics_u_t: 9.329e-01
update_bcs1: 1.013e+00
update_bcs2: 9.890e-01
adaptive_constant_res_val: 1.630e+01
adaptive_constant_ics_val: 1.427e+01
adaptive_constant_bcs1_val: 1.549e+01
adaptive_constant_bcs2_val: 1.513e+01
It: 39000, Loss: 3.804e-01, Loss_res: 3.413e-04,  Loss_bcs1: 7.576e-03,  Loss_bcs2: 6.464e-03,  loss_ics_u: 1.107e-02, Loss_ut_ics: 1.138e-04,, Time: 73.87
min_grad: 2.004e-05
max_grad: 5.767e-04
update_res: 1.171e+00
update_ics_u_t: 9.019e-01
update_bcs1: 9.696e-01
update_bcs2: 9.576e-01
adaptive_constant_res_val: 3.369e+01
adaptive_constant_ics_val: 2.596e+01
adaptive_constant_bcs1_val: 2.790e+01
adaptive_constant_bcs2_val: 2.756e+01
Gradients information stored ...
It: 40000, Loss: 5.921e-01, Loss_res: 2.280e-04,  Loss_bcs1: 7.159e-03,  Loss_bcs2: 4.239e-03,  loss_ics_u: 1.014e-02, Loss_ut_ics: 1.794e-04,, Time: 56.45
min_grad: 1.028e-05
max_grad: 1.306e-04
update_res: 1.031e+00
update_ics_u_t: 9.495e-01
update_bcs1: 1.019e+00
update_bcs2: 1.001e+00
adaptive_constant_res_val: 1.309e+01
adaptive_constant_ics_val: 1.206e+01
adaptive_constant_bcs1_val: 1.295e+01
adaptive_constant_bcs2_val: 1.272e+01
elapsed: 2.13e+03
Relative L2 error_u: 3.60e-01
Relative L2 error_r: 3.10e-02
Save uv NN parameters successfully in %s ...checkpoints/Dec-24-2023_22-36-44-897182_M2
Final loss total loss: 5.920801e-01
Final loss loss_res: 2.280085e-04
Final loss loss_bc1: 7.158972e-03
Final loss loss_bc2: 4.239425e-03
Final loss loss_ics_us: 1.031804e-02
Final loss loss_ics_u: 1.013864e-02
Final loss loss_ics_u_t: 1.794018e-04
average lambda_bc : 1.0248e+01
average lambda_ic : 9.4111e+00
average lambda_res : 1.0


Method: mini_batch

average of time_list:2.1304e+03
average of error_u_list:3.5979e-01
average of error_r_list:3.1048e-02
