It: 0, Loss: 9.714e+03, Loss_bcs: 2.520e+00, Loss_res: 9.711e+03 ,Time: 0.32
Compute NTK...
Gradients information stored ...
It: 100, Loss: 4.381e+02, Loss_bcs: 8.877e+01, Loss_res: 3.493e+02 ,Time: -1702026032.77
Compute NTK...
Gradients information stored ...
It: 200, Loss: 2.679e+02, Loss_bcs: 5.302e+01, Loss_res: 2.149e+02 ,Time: -1702026032.77
Compute NTK...
It: 300, Loss: 1.844e+02, Loss_bcs: 3.108e+01, Loss_res: 1.534e+02 ,Time: -1702026032.77
Compute NTK...
It: 400, Loss: 1.331e+02, Loss_bcs: 1.808e+01, Loss_res: 1.150e+02 ,Time: -1702026032.77
Compute NTK...
It: 500, Loss: 9.989e+01, Loss_bcs: 1.027e+01, Loss_res: 8.961e+01 ,Time: -1702026032.77
Compute NTK...
It: 600, Loss: 7.798e+01, Loss_bcs: 5.639e+00, Loss_res: 7.234e+01 ,Time: -1702026032.77
Compute NTK...
It: 700, Loss: 6.316e+01, Loss_bcs: 2.956e+00, Loss_res: 6.021e+01 ,Time: -1702026032.77
Compute NTK...
It: 800, Loss: 5.286e+01, Loss_bcs: 1.463e+00, Loss_res: 5.140e+01 ,Time: -1702026032.77
Compute NTK...
It: 900, Loss: 4.547e+01, Loss_bcs: 6.897e-01, Loss_res: 4.478e+01 ,Time: -1702026032.77
Compute NTK...
It: 1000, Loss: 4.000e+01, Loss_bcs: 3.426e-01, Loss_res: 3.966e+01 ,Time: -1702026032.77
Compute NTK...
Gradients information stored ...
It: 1100, Loss: 3.584e+01, Loss_bcs: 2.405e-01, Loss_res: 3.559e+01 ,Time: -1702026032.77
Compute NTK...
It: 1200, Loss: 3.257e+01, Loss_bcs: 2.719e-01, Loss_res: 3.230e+01 ,Time: -1702026032.77
Compute NTK...
It: 1300, Loss: 2.995e+01, Loss_bcs: 3.689e-01, Loss_res: 2.958e+01 ,Time: -1702026032.77
Compute NTK...
It: 1400, Loss: 2.780e+01, Loss_bcs: 4.914e-01, Loss_res: 2.731e+01 ,Time: -1702026032.77
Compute NTK...
It: 1500, Loss: 2.601e+01, Loss_bcs: 6.162e-01, Loss_res: 2.539e+01 ,Time: -1702026032.77
Compute NTK...
It: 1600, Loss: 2.449e+01, Loss_bcs: 7.308e-01, Loss_res: 2.375e+01 ,Time: -1702026032.77
Compute NTK...
It: 1700, Loss: 2.317e+01, Loss_bcs: 8.294e-01, Loss_res: 2.234e+01 ,Time: -1702026032.77
Compute NTK...
It: 1800, Loss: 2.202e+01, Loss_bcs: 9.098e-01, Loss_res: 2.111e+01 ,Time: -1702026032.77
Compute NTK...
It: 1900, Loss: 2.101e+01, Loss_bcs: 9.721e-01, Loss_res: 2.004e+01 ,Time: -1702026032.77
Compute NTK...
It: 2000, Loss: 2.010e+01, Loss_bcs: 1.018e+00, Loss_res: 1.909e+01 ,Time: -1702026032.77
Compute NTK...
It: 2100, Loss: 1.929e+01, Loss_bcs: 1.048e+00, Loss_res: 1.824e+01 ,Time: -1702026032.77
Compute NTK...
It: 2200, Loss: 1.855e+01, Loss_bcs: 1.066e+00, Loss_res: 1.748e+01 ,Time: -1702026032.77
Compute NTK...
It: 2300, Loss: 1.787e+01, Loss_bcs: 1.073e+00, Loss_res: 1.679e+01 ,Time: -1702026032.77
Compute NTK...
It: 2400, Loss: 1.724e+01, Loss_bcs: 1.071e+00, Loss_res: 1.617e+01 ,Time: -1702026032.77
Compute NTK...
It: 2500, Loss: 1.666e+01, Loss_bcs: 1.062e+00, Loss_res: 1.560e+01 ,Time: -1702026032.77
Compute NTK...
It: 2600, Loss: 1.612e+01, Loss_bcs: 1.047e+00, Loss_res: 1.507e+01 ,Time: -1702026032.77
Compute NTK...
It: 2700, Loss: 1.561e+01, Loss_bcs: 1.028e+00, Loss_res: 1.458e+01 ,Time: -1702026032.77
Compute NTK...
It: 2800, Loss: 1.514e+01, Loss_bcs: 1.005e+00, Loss_res: 1.413e+01 ,Time: -1702026032.77
Compute NTK...
It: 2900, Loss: 1.469e+01, Loss_bcs: 9.802e-01, Loss_res: 1.371e+01 ,Time: -1702026032.77
Compute NTK...
It: 3000, Loss: 1.427e+01, Loss_bcs: 9.536e-01, Loss_res: 1.331e+01 ,Time: -1702026032.77
Compute NTK...
It: 3100, Loss: 1.386e+01, Loss_bcs: 9.258e-01, Loss_res: 1.294e+01 ,Time: -1702026032.77
Compute NTK...
It: 3200, Loss: 1.348e+01, Loss_bcs: 8.975e-01, Loss_res: 1.259e+01 ,Time: -1702026032.77
Compute NTK...
It: 3300, Loss: 1.312e+01, Loss_bcs: 8.691e-01, Loss_res: 1.225e+01 ,Time: -1702026032.77
Compute NTK...
It: 3400, Loss: 1.277e+01, Loss_bcs: 8.407e-01, Loss_res: 1.193e+01 ,Time: -1702026032.77
Compute NTK...
It: 3500, Loss: 1.244e+01, Loss_bcs: 8.126e-01, Loss_res: 1.163e+01 ,Time: -1702026032.77
Compute NTK...
It: 3600, Loss: 1.213e+01, Loss_bcs: 7.851e-01, Loss_res: 1.134e+01 ,Time: -1702026032.77
Compute NTK...
It: 3700, Loss: 1.183e+01, Loss_bcs: 7.582e-01, Loss_res: 1.107e+01 ,Time: -1702026032.77
Compute NTK...
It: 3800, Loss: 1.154e+01, Loss_bcs: 7.321e-01, Loss_res: 1.080e+01 ,Time: -1702026032.76
Compute NTK...
It: 3900, Loss: 1.126e+01, Loss_bcs: 7.068e-01, Loss_res: 1.055e+01 ,Time: -1702026032.77
Compute NTK...
It: 4000, Loss: 1.099e+01, Loss_bcs: 6.824e-01, Loss_res: 1.031e+01 ,Time: -1702026032.77
Compute NTK...
It: 4100, Loss: 1.073e+01, Loss_bcs: 6.589e-01, Loss_res: 1.007e+01 ,Time: -1702026032.77
Compute NTK...
It: 4200, Loss: 1.049e+01, Loss_bcs: 6.362e-01, Loss_res: 9.849e+00 ,Time: -1702026032.77
Compute NTK...
It: 4300, Loss: 1.025e+01, Loss_bcs: 6.145e-01, Loss_res: 9.633e+00 ,Time: -1702026032.77
Compute NTK...
It: 4400, Loss: 1.002e+01, Loss_bcs: 5.936e-01, Loss_res: 9.424e+00 ,Time: -1702026032.77
Compute NTK...
It: 4500, Loss: 9.795e+00, Loss_bcs: 5.736e-01, Loss_res: 9.222e+00 ,Time: -1702026032.77
Compute NTK...
It: 4600, Loss: 9.581e+00, Loss_bcs: 5.544e-01, Loss_res: 9.027e+00 ,Time: -1702026032.77
Compute NTK...
It: 4700, Loss: 9.375e+00, Loss_bcs: 5.360e-01, Loss_res: 8.839e+00 ,Time: -1702026032.77
Compute NTK...
It: 4800, Loss: 9.175e+00, Loss_bcs: 5.184e-01, Loss_res: 8.656e+00 ,Time: -1702026032.77
Compute NTK...
It: 4900, Loss: 8.982e+00, Loss_bcs: 5.015e-01, Loss_res: 8.480e+00 ,Time: -1702026032.77
Compute NTK...
It: 5000, Loss: 8.795e+00, Loss_bcs: 4.854e-01, Loss_res: 8.309e+00 ,Time: -1702026032.77
Compute NTK...
It: 5100, Loss: 8.614e+00, Loss_bcs: 4.699e-01, Loss_res: 8.144e+00 ,Time: -1702026032.77
Compute NTK...
It: 5200, Loss: 8.439e+00, Loss_bcs: 4.552e-01, Loss_res: 7.983e+00 ,Time: -1702026032.77
Compute NTK...
It: 5300, Loss: 8.269e+00, Loss_bcs: 4.410e-01, Loss_res: 7.828e+00 ,Time: -1702026032.77
Compute NTK...
It: 5400, Loss: 8.104e+00, Loss_bcs: 4.274e-01, Loss_res: 7.677e+00 ,Time: -1702026032.77
Compute NTK...
It: 5500, Loss: 7.945e+00, Loss_bcs: 4.144e-01, Loss_res: 7.530e+00 ,Time: -1702026032.77
Compute NTK...
It: 5600, Loss: 7.790e+00, Loss_bcs: 4.020e-01, Loss_res: 7.388e+00 ,Time: -1702026032.77
Compute NTK...
It: 5700, Loss: 7.640e+00, Loss_bcs: 3.900e-01, Loss_res: 7.250e+00 ,Time: -1702026032.77
Compute NTK...
It: 5800, Loss: 7.494e+00, Loss_bcs: 3.785e-01, Loss_res: 7.116e+00 ,Time: -1702026032.77
Compute NTK...
It: 5900, Loss: 7.353e+00, Loss_bcs: 3.675e-01, Loss_res: 6.985e+00 ,Time: -1702026032.77
Compute NTK...
It: 6000, Loss: 7.215e+00, Loss_bcs: 3.570e-01, Loss_res: 6.858e+00 ,Time: -1702026032.77
Compute NTK...
It: 6100, Loss: 7.081e+00, Loss_bcs: 3.468e-01, Loss_res: 6.735e+00 ,Time: -1702026032.77
Compute NTK...
It: 6200, Loss: 6.952e+00, Loss_bcs: 3.371e-01, Loss_res: 6.614e+00 ,Time: -1702026032.77
Compute NTK...
It: 6300, Loss: 6.825e+00, Loss_bcs: 3.277e-01, Loss_res: 6.498e+00 ,Time: -1702026032.77
Compute NTK...
It: 6400, Loss: 6.702e+00, Loss_bcs: 3.187e-01, Loss_res: 6.384e+00 ,Time: -1702026032.77
Compute NTK...
It: 6500, Loss: 6.583e+00, Loss_bcs: 3.100e-01, Loss_res: 6.273e+00 ,Time: -1702026032.77
Compute NTK...
It: 6600, Loss: 6.467e+00, Loss_bcs: 3.017e-01, Loss_res: 6.165e+00 ,Time: -1702026032.77
Compute NTK...
It: 6700, Loss: 6.354e+00, Loss_bcs: 2.936e-01, Loss_res: 6.060e+00 ,Time: -1702026032.77
Compute NTK...
It: 6800, Loss: 6.243e+00, Loss_bcs: 2.859e-01, Loss_res: 5.957e+00 ,Time: -1702026032.77
Compute NTK...
It: 6900, Loss: 6.136e+00, Loss_bcs: 2.784e-01, Loss_res: 5.858e+00 ,Time: -1702026032.77
Compute NTK...
It: 7000, Loss: 6.032e+00, Loss_bcs: 2.713e-01, Loss_res: 5.760e+00 ,Time: -1702026032.77
Compute NTK...
It: 7100, Loss: 5.930e+00, Loss_bcs: 2.643e-01, Loss_res: 5.665e+00 ,Time: -1702026032.77
Compute NTK...
It: 7200, Loss: 5.830e+00, Loss_bcs: 2.577e-01, Loss_res: 5.573e+00 ,Time: -1702026032.77
Compute NTK...
It: 7300, Loss: 5.734e+00, Loss_bcs: 2.512e-01, Loss_res: 5.482e+00 ,Time: -1702026032.77
Compute NTK...
It: 7400, Loss: 5.639e+00, Loss_bcs: 2.450e-01, Loss_res: 5.394e+00 ,Time: -1702026032.77
Compute NTK...
It: 7500, Loss: 5.547e+00, Loss_bcs: 2.390e-01, Loss_res: 5.308e+00 ,Time: -1702026032.77
Compute NTK...
It: 7600, Loss: 5.458e+00, Loss_bcs: 2.331e-01, Loss_res: 5.224e+00 ,Time: -1702026032.77
Compute NTK...
It: 7700, Loss: 5.370e+00, Loss_bcs: 2.275e-01, Loss_res: 5.143e+00 ,Time: -1702026032.77
Compute NTK...
It: 7800, Loss: 5.285e+00, Loss_bcs: 2.221e-01, Loss_res: 5.063e+00 ,Time: -1702026032.77
Compute NTK...
It: 7900, Loss: 5.201e+00, Loss_bcs: 2.169e-01, Loss_res: 4.985e+00 ,Time: -1702026032.77
Compute NTK...
It: 8000, Loss: 5.120e+00, Loss_bcs: 2.118e-01, Loss_res: 4.908e+00 ,Time: -1702026032.77
Compute NTK...
It: 8100, Loss: 5.041e+00, Loss_bcs: 2.068e-01, Loss_res: 4.834e+00 ,Time: -1702026032.77
Compute NTK...
It: 8200, Loss: 4.963e+00, Loss_bcs: 2.021e-01, Loss_res: 4.761e+00 ,Time: -1702026032.77
Compute NTK...
It: 8300, Loss: 4.887e+00, Loss_bcs: 1.975e-01, Loss_res: 4.690e+00 ,Time: -1702026032.77
Compute NTK...
It: 8400, Loss: 4.814e+00, Loss_bcs: 1.930e-01, Loss_res: 4.621e+00 ,Time: -1702026032.77
Compute NTK...
It: 8500, Loss: 4.741e+00, Loss_bcs: 1.887e-01, Loss_res: 4.553e+00 ,Time: -1702026032.77
Compute NTK...
It: 8600, Loss: 4.671e+00, Loss_bcs: 1.845e-01, Loss_res: 4.486e+00 ,Time: -1702026032.77
Compute NTK...
It: 8700, Loss: 4.602e+00, Loss_bcs: 1.804e-01, Loss_res: 4.422e+00 ,Time: -1702026032.77
Compute NTK...
It: 8800, Loss: 4.535e+00, Loss_bcs: 1.765e-01, Loss_res: 4.358e+00 ,Time: -1702026032.77
Compute NTK...
It: 8900, Loss: 4.469e+00, Loss_bcs: 1.726e-01, Loss_res: 4.296e+00 ,Time: -1702026032.77
Compute NTK...
It: 9000, Loss: 4.404e+00, Loss_bcs: 1.689e-01, Loss_res: 4.235e+00 ,Time: -1702026032.77
Compute NTK...
It: 9100, Loss: 4.342e+00, Loss_bcs: 1.653e-01, Loss_res: 4.176e+00 ,Time: -1702026032.77
Compute NTK...
It: 9200, Loss: 4.280e+00, Loss_bcs: 1.618e-01, Loss_res: 4.118e+00 ,Time: -1702026032.77
Compute NTK...
It: 9300, Loss: 4.220e+00, Loss_bcs: 1.584e-01, Loss_res: 4.062e+00 ,Time: -1702026032.77
Compute NTK...
It: 9400, Loss: 4.161e+00, Loss_bcs: 1.551e-01, Loss_res: 4.006e+00 ,Time: -1702026032.77
Compute NTK...
It: 9500, Loss: 4.104e+00, Loss_bcs: 1.519e-01, Loss_res: 3.952e+00 ,Time: -1702026032.77
Compute NTK...
It: 9600, Loss: 4.047e+00, Loss_bcs: 1.488e-01, Loss_res: 3.899e+00 ,Time: -1702026032.77
Compute NTK...
It: 9700, Loss: 3.992e+00, Loss_bcs: 1.457e-01, Loss_res: 3.847e+00 ,Time: -1702026032.77
Compute NTK...
It: 9800, Loss: 3.939e+00, Loss_bcs: 1.428e-01, Loss_res: 3.796e+00 ,Time: -1702026032.77
Compute NTK...
It: 9900, Loss: 3.886e+00, Loss_bcs: 1.399e-01, Loss_res: 3.746e+00 ,Time: -1702026032.77
Compute NTK...
It: 10000, Loss: 3.834e+00, Loss_bcs: 1.371e-01, Loss_res: 3.697e+00 ,Time: -1702026032.77
Compute NTK...
It: 10100, Loss: 3.784e+00, Loss_bcs: 1.344e-01, Loss_res: 3.650e+00 ,Time: -1702026032.77
Compute NTK...
It: 10200, Loss: 3.735e+00, Loss_bcs: 1.317e-01, Loss_res: 3.603e+00 ,Time: -1702026032.77
Compute NTK...
It: 10300, Loss: 3.686e+00, Loss_bcs: 1.291e-01, Loss_res: 3.557e+00 ,Time: -1702026032.77
Compute NTK...
It: 10400, Loss: 3.639e+00, Loss_bcs: 1.266e-01, Loss_res: 3.512e+00 ,Time: -1702026032.77
Compute NTK...
It: 10500, Loss: 3.593e+00, Loss_bcs: 1.242e-01, Loss_res: 3.469e+00 ,Time: -1702026032.77
Compute NTK...
It: 10600, Loss: 3.547e+00, Loss_bcs: 1.218e-01, Loss_res: 3.426e+00 ,Time: -1702026032.77
Compute NTK...
It: 10700, Loss: 3.503e+00, Loss_bcs: 1.195e-01, Loss_res: 3.384e+00 ,Time: -1702026032.77
Compute NTK...
It: 10800, Loss: 3.460e+00, Loss_bcs: 1.172e-01, Loss_res: 3.342e+00 ,Time: -1702026032.77
Compute NTK...
It: 10900, Loss: 3.417e+00, Loss_bcs: 1.150e-01, Loss_res: 3.302e+00 ,Time: -1702026032.77
Compute NTK...
It: 11000, Loss: 3.375e+00, Loss_bcs: 1.129e-01, Loss_res: 3.262e+00 ,Time: -1702026032.77
Compute NTK...
It: 11100, Loss: 3.334e+00, Loss_bcs: 1.108e-01, Loss_res: 3.224e+00 ,Time: -1702026032.77
Compute NTK...
It: 11200, Loss: 3.294e+00, Loss_bcs: 1.087e-01, Loss_res: 3.186e+00 ,Time: -1702026032.77
Compute NTK...
It: 11300, Loss: 3.255e+00, Loss_bcs: 1.067e-01, Loss_res: 3.149e+00 ,Time: -1702026032.77
Compute NTK...
It: 11400, Loss: 3.217e+00, Loss_bcs: 1.048e-01, Loss_res: 3.112e+00 ,Time: -1702026032.77
Compute NTK...
It: 11500, Loss: 3.179e+00, Loss_bcs: 1.028e-01, Loss_res: 3.076e+00 ,Time: -1702026032.77
Compute NTK...
It: 11600, Loss: 3.142e+00, Loss_bcs: 1.010e-01, Loss_res: 3.041e+00 ,Time: -1702026032.77
Compute NTK...
It: 11700, Loss: 3.106e+00, Loss_bcs: 9.918e-02, Loss_res: 3.007e+00 ,Time: -1702026032.77
Compute NTK...
It: 11800, Loss: 3.071e+00, Loss_bcs: 9.741e-02, Loss_res: 2.973e+00 ,Time: -1702026032.77
Compute NTK...
It: 11900, Loss: 3.036e+00, Loss_bcs: 9.569e-02, Loss_res: 2.940e+00 ,Time: -1702026032.77
Compute NTK...
It: 12000, Loss: 3.002e+00, Loss_bcs: 9.400e-02, Loss_res: 2.908e+00 ,Time: -1702026032.77
Compute NTK...
It: 12100, Loss: 2.968e+00, Loss_bcs: 9.234e-02, Loss_res: 2.876e+00 ,Time: -1702026032.77
Compute NTK...
It: 12200, Loss: 2.936e+00, Loss_bcs: 9.072e-02, Loss_res: 2.845e+00 ,Time: -1702026032.77
Compute NTK...
It: 12300, Loss: 2.904e+00, Loss_bcs: 8.914e-02, Loss_res: 2.814e+00 ,Time: -1702026032.77
Compute NTK...
It: 12400, Loss: 2.872e+00, Loss_bcs: 8.759e-02, Loss_res: 2.784e+00 ,Time: -1702026032.77
Compute NTK...
It: 12500, Loss: 2.841e+00, Loss_bcs: 8.607e-02, Loss_res: 2.755e+00 ,Time: -1702026032.77
Compute NTK...
It: 12600, Loss: 2.811e+00, Loss_bcs: 8.460e-02, Loss_res: 2.726e+00 ,Time: -1702026032.77
Compute NTK...
It: 12700, Loss: 2.781e+00, Loss_bcs: 8.316e-02, Loss_res: 2.698e+00 ,Time: -1702026032.77
Compute NTK...
It: 12800, Loss: 2.752e+00, Loss_bcs: 8.174e-02, Loss_res: 2.670e+00 ,Time: -1702026032.77
Compute NTK...
It: 12900, Loss: 2.723e+00, Loss_bcs: 8.036e-02, Loss_res: 2.643e+00 ,Time: -1702026032.77
Compute NTK...
It: 13000, Loss: 2.695e+00, Loss_bcs: 7.901e-02, Loss_res: 2.616e+00 ,Time: -1702026032.77
Compute NTK...
It: 13100, Loss: 2.668e+00, Loss_bcs: 7.770e-02, Loss_res: 2.590e+00 ,Time: -1702026032.77
Compute NTK...
It: 13200, Loss: 2.640e+00, Loss_bcs: 7.641e-02, Loss_res: 2.564e+00 ,Time: -1702026032.77
Compute NTK...
It: 13300, Loss: 2.614e+00, Loss_bcs: 7.514e-02, Loss_res: 2.539e+00 ,Time: -1702026032.77
Compute NTK...
It: 13400, Loss: 2.588e+00, Loss_bcs: 7.392e-02, Loss_res: 2.514e+00 ,Time: -1702026032.77
Compute NTK...
It: 13500, Loss: 2.562e+00, Loss_bcs: 7.271e-02, Loss_res: 2.490e+00 ,Time: -1702026032.77
Compute NTK...
It: 13600, Loss: 2.537e+00, Loss_bcs: 7.153e-02, Loss_res: 2.466e+00 ,Time: -1702026032.77
Compute NTK...
It: 13700, Loss: 2.512e+00, Loss_bcs: 7.035e-02, Loss_res: 2.442e+00 ,Time: -1702026032.77
Compute NTK...
It: 13800, Loss: 2.488e+00, Loss_bcs: 6.922e-02, Loss_res: 2.419e+00 ,Time: -1702026032.77
Compute NTK...
It: 13900, Loss: 2.464e+00, Loss_bcs: 6.812e-02, Loss_res: 2.396e+00 ,Time: -1702026032.77
Compute NTK...
It: 14000, Loss: 2.441e+00, Loss_bcs: 6.704e-02, Loss_res: 2.374e+00 ,Time: -1702026032.77
Compute NTK...
It: 14100, Loss: 2.418e+00, Loss_bcs: 6.597e-02, Loss_res: 2.352e+00 ,Time: -1702026032.77
Compute NTK...
It: 14200, Loss: 2.395e+00, Loss_bcs: 6.491e-02, Loss_res: 2.330e+00 ,Time: -1702026032.77
Compute NTK...
It: 14300, Loss: 2.373e+00, Loss_bcs: 6.388e-02, Loss_res: 2.309e+00 ,Time: -1702026032.77
Compute NTK...
It: 14400, Loss: 2.351e+00, Loss_bcs: 6.287e-02, Loss_res: 2.288e+00 ,Time: -1702026032.77
Compute NTK...
It: 14500, Loss: 2.330e+00, Loss_bcs: 6.189e-02, Loss_res: 2.268e+00 ,Time: -1702026032.77
Compute NTK...
It: 14600, Loss: 2.309e+00, Loss_bcs: 6.093e-02, Loss_res: 2.248e+00 ,Time: -1702026032.77
Compute NTK...
It: 14700, Loss: 2.288e+00, Loss_bcs: 5.997e-02, Loss_res: 2.228e+00 ,Time: -1702026032.77
Compute NTK...
It: 14800, Loss: 2.268e+00, Loss_bcs: 5.904e-02, Loss_res: 2.208e+00 ,Time: -1702026032.77
Compute NTK...
It: 14900, Loss: 2.247e+00, Loss_bcs: 5.813e-02, Loss_res: 2.189e+00 ,Time: -1702026032.77
Compute NTK...
It: 15000, Loss: 2.228e+00, Loss_bcs: 5.724e-02, Loss_res: 2.171e+00 ,Time: -1702026032.77
Compute NTK...
It: 15100, Loss: 2.208e+00, Loss_bcs: 5.637e-02, Loss_res: 2.152e+00 ,Time: -1702026032.77
Compute NTK...
It: 15200, Loss: 2.189e+00, Loss_bcs: 5.551e-02, Loss_res: 2.134e+00 ,Time: -1702026032.77
Compute NTK...
It: 15300, Loss: 2.171e+00, Loss_bcs: 5.468e-02, Loss_res: 2.116e+00 ,Time: -1702026032.77
Compute NTK...
It: 15400, Loss: 2.152e+00, Loss_bcs: 5.385e-02, Loss_res: 2.098e+00 ,Time: -1702026032.77
Compute NTK...
It: 15500, Loss: 2.134e+00, Loss_bcs: 5.304e-02, Loss_res: 2.081e+00 ,Time: -1702026032.77
Compute NTK...
It: 15600, Loss: 2.116e+00, Loss_bcs: 5.226e-02, Loss_res: 2.064e+00 ,Time: -1702026032.77
Compute NTK...
It: 15700, Loss: 2.099e+00, Loss_bcs: 5.149e-02, Loss_res: 2.047e+00 ,Time: -1702026032.77
Compute NTK...
It: 15800, Loss: 2.081e+00, Loss_bcs: 5.073e-02, Loss_res: 2.030e+00 ,Time: -1702026032.77
Compute NTK...
It: 15900, Loss: 2.064e+00, Loss_bcs: 4.998e-02, Loss_res: 2.014e+00 ,Time: -1702026032.77
Compute NTK...
It: 16000, Loss: 2.047e+00, Loss_bcs: 4.926e-02, Loss_res: 1.998e+00 ,Time: -1702026032.77
Compute NTK...
It: 16100, Loss: 2.031e+00, Loss_bcs: 4.854e-02, Loss_res: 1.982e+00 ,Time: -1702026032.77
Compute NTK...
It: 16200, Loss: 2.015e+00, Loss_bcs: 4.783e-02, Loss_res: 1.967e+00 ,Time: -1702026032.77
Compute NTK...
It: 16300, Loss: 1.999e+00, Loss_bcs: 4.713e-02, Loss_res: 1.951e+00 ,Time: -1702026032.77
Compute NTK...
It: 16400, Loss: 1.983e+00, Loss_bcs: 4.644e-02, Loss_res: 1.936e+00 ,Time: -1702026032.77
Compute NTK...
It: 16500, Loss: 1.967e+00, Loss_bcs: 4.578e-02, Loss_res: 1.922e+00 ,Time: -1702026032.77
Compute NTK...
It: 16600, Loss: 1.952e+00, Loss_bcs: 4.514e-02, Loss_res: 1.907e+00 ,Time: -1702026032.77
Compute NTK...
It: 16700, Loss: 1.937e+00, Loss_bcs: 4.449e-02, Loss_res: 1.892e+00 ,Time: -1702026032.77
Compute NTK...
It: 16800, Loss: 1.922e+00, Loss_bcs: 4.384e-02, Loss_res: 1.878e+00 ,Time: -1702026032.77
Compute NTK...
It: 16900, Loss: 1.908e+00, Loss_bcs: 4.323e-02, Loss_res: 1.864e+00 ,Time: -1702026032.77
Compute NTK...
It: 17000, Loss: 1.893e+00, Loss_bcs: 4.263e-02, Loss_res: 1.850e+00 ,Time: -1702026032.77
Compute NTK...
It: 17100, Loss: 1.879e+00, Loss_bcs: 4.203e-02, Loss_res: 1.837e+00 ,Time: -1702026032.77
Compute NTK...
It: 17200, Loss: 1.865e+00, Loss_bcs: 4.144e-02, Loss_res: 1.823e+00 ,Time: -1702026032.77
Compute NTK...
It: 17300, Loss: 1.851e+00, Loss_bcs: 4.086e-02, Loss_res: 1.810e+00 ,Time: -1702026032.77
Compute NTK...
It: 17400, Loss: 1.837e+00, Loss_bcs: 4.030e-02, Loss_res: 1.797e+00 ,Time: -1702026032.77
Compute NTK...
It: 17500, Loss: 1.824e+00, Loss_bcs: 3.975e-02, Loss_res: 1.784e+00 ,Time: -1702026032.77
Compute NTK...
It: 17600, Loss: 1.811e+00, Loss_bcs: 3.920e-02, Loss_res: 1.772e+00 ,Time: -1702026032.77
Compute NTK...
It: 17700, Loss: 1.798e+00, Loss_bcs: 3.866e-02, Loss_res: 1.759e+00 ,Time: -1702026032.77
Compute NTK...
It: 17800, Loss: 1.785e+00, Loss_bcs: 3.815e-02, Loss_res: 1.747e+00 ,Time: -1702026032.77
Compute NTK...
It: 17900, Loss: 1.772e+00, Loss_bcs: 3.763e-02, Loss_res: 1.735e+00 ,Time: -1702026032.77
Compute NTK...
It: 18000, Loss: 1.760e+00, Loss_bcs: 3.712e-02, Loss_res: 1.723e+00 ,Time: -1702026032.77
Compute NTK...
It: 18100, Loss: 1.747e+00, Loss_bcs: 3.663e-02, Loss_res: 1.711e+00 ,Time: -1702026032.77
Compute NTK...
It: 18200, Loss: 1.735e+00, Loss_bcs: 3.614e-02, Loss_res: 1.699e+00 ,Time: -1702026032.77
Compute NTK...
It: 18300, Loss: 1.723e+00, Loss_bcs: 3.566e-02, Loss_res: 1.687e+00 ,Time: -1702026032.77
Compute NTK...
It: 18400, Loss: 1.711e+00, Loss_bcs: 3.519e-02, Loss_res: 1.676e+00 ,Time: -1702026032.77
Compute NTK...
It: 18500, Loss: 1.700e+00, Loss_bcs: 3.473e-02, Loss_res: 1.665e+00 ,Time: -1702026032.77
Compute NTK...
It: 18600, Loss: 1.688e+00, Loss_bcs: 3.427e-02, Loss_res: 1.654e+00 ,Time: -1702026032.77
Compute NTK...
It: 18700, Loss: 1.677e+00, Loss_bcs: 3.382e-02, Loss_res: 1.643e+00 ,Time: -1702026032.77
Compute NTK...
It: 18800, Loss: 1.665e+00, Loss_bcs: 3.338e-02, Loss_res: 1.632e+00 ,Time: -1702026032.77
Compute NTK...
It: 18900, Loss: 1.654e+00, Loss_bcs: 3.295e-02, Loss_res: 1.621e+00 ,Time: -1702026032.77
Compute NTK...
It: 19000, Loss: 1.643e+00, Loss_bcs: 3.253e-02, Loss_res: 1.611e+00 ,Time: -1702026032.77
Compute NTK...
It: 19100, Loss: 1.632e+00, Loss_bcs: 3.211e-02, Loss_res: 1.600e+00 ,Time: -1702026032.77
Compute NTK...
It: 19200, Loss: 1.622e+00, Loss_bcs: 3.169e-02, Loss_res: 1.590e+00 ,Time: -1702026032.77
Compute NTK...
It: 19300, Loss: 1.611e+00, Loss_bcs: 3.129e-02, Loss_res: 1.580e+00 ,Time: -1702026032.77
Compute NTK...
It: 19400, Loss: 1.601e+00, Loss_bcs: 3.089e-02, Loss_res: 1.570e+00 ,Time: -1702026032.77
Compute NTK...
It: 19500, Loss: 1.590e+00, Loss_bcs: 3.050e-02, Loss_res: 1.560e+00 ,Time: -1702026032.77
Compute NTK...
It: 19600, Loss: 1.580e+00, Loss_bcs: 3.012e-02, Loss_res: 1.550e+00 ,Time: -1702026032.77
Compute NTK...
It: 19700, Loss: 1.570e+00, Loss_bcs: 2.974e-02, Loss_res: 1.540e+00 ,Time: -1702026032.77
Compute NTK...
It: 19800, Loss: 1.560e+00, Loss_bcs: 2.936e-02, Loss_res: 1.531e+00 ,Time: -1702026032.77
Compute NTK...
It: 19900, Loss: 1.550e+00, Loss_bcs: 2.899e-02, Loss_res: 1.521e+00 ,Time: -1702026032.77
Compute NTK...
It: 20000, Loss: 1.540e+00, Loss_bcs: 2.864e-02, Loss_res: 1.512e+00 ,Time: -1702026032.77
Compute NTK...
It: 20100, Loss: 1.531e+00, Loss_bcs: 2.829e-02, Loss_res: 1.503e+00 ,Time: -1702026032.77
Compute NTK...
It: 20200, Loss: 1.521e+00, Loss_bcs: 2.794e-02, Loss_res: 1.493e+00 ,Time: -1702026032.77
Compute NTK...
It: 20300, Loss: 1.512e+00, Loss_bcs: 2.759e-02, Loss_res: 1.484e+00 ,Time: -1702026032.77
Compute NTK...
It: 20400, Loss: 1.503e+00, Loss_bcs: 2.726e-02, Loss_res: 1.475e+00 ,Time: -1702026032.77
Compute NTK...
It: 20500, Loss: 1.493e+00, Loss_bcs: 2.694e-02, Loss_res: 1.467e+00 ,Time: -1702026032.77
Compute NTK...
It: 20600, Loss: 1.484e+00, Loss_bcs: 2.662e-02, Loss_res: 1.458e+00 ,Time: -1702026032.77
Compute NTK...
It: 20700, Loss: 1.475e+00, Loss_bcs: 2.630e-02, Loss_res: 1.449e+00 ,Time: -1702026032.77
Compute NTK...
It: 20800, Loss: 1.467e+00, Loss_bcs: 2.598e-02, Loss_res: 1.441e+00 ,Time: -1702026032.77
Compute NTK...
It: 20900, Loss: 1.458e+00, Loss_bcs: 2.568e-02, Loss_res: 1.432e+00 ,Time: -1702026032.77
Compute NTK...
It: 21000, Loss: 1.449e+00, Loss_bcs: 2.538e-02, Loss_res: 1.424e+00 ,Time: -1702026032.77
Compute NTK...
It: 21100, Loss: 1.441e+00, Loss_bcs: 2.508e-02, Loss_res: 1.415e+00 ,Time: -1702026032.77
Compute NTK...
It: 21200, Loss: 1.432e+00, Loss_bcs: 2.478e-02, Loss_res: 1.407e+00 ,Time: -1702026032.77
Compute NTK...
It: 21300, Loss: 1.424e+00, Loss_bcs: 2.449e-02, Loss_res: 1.399e+00 ,Time: -1702026032.77
Compute NTK...
It: 21400, Loss: 1.415e+00, Loss_bcs: 2.421e-02, Loss_res: 1.391e+00 ,Time: -1702026032.77
Compute NTK...
It: 21500, Loss: 1.407e+00, Loss_bcs: 2.393e-02, Loss_res: 1.383e+00 ,Time: -1702026032.77
Compute NTK...
It: 21600, Loss: 1.399e+00, Loss_bcs: 2.366e-02, Loss_res: 1.375e+00 ,Time: -1702026032.77
Compute NTK...
It: 21700, Loss: 1.391e+00, Loss_bcs: 2.338e-02, Loss_res: 1.367e+00 ,Time: -1702026032.77
Compute NTK...
It: 21800, Loss: 1.383e+00, Loss_bcs: 2.311e-02, Loss_res: 1.360e+00 ,Time: -1702026032.77
Compute NTK...
It: 21900, Loss: 1.375e+00, Loss_bcs: 2.284e-02, Loss_res: 1.352e+00 ,Time: -1702026032.77
Compute NTK...
It: 22000, Loss: 1.367e+00, Loss_bcs: 2.258e-02, Loss_res: 1.345e+00 ,Time: -1702026032.77
Compute NTK...
It: 22100, Loss: 1.359e+00, Loss_bcs: 2.233e-02, Loss_res: 1.337e+00 ,Time: -1702026032.77
Compute NTK...
It: 22200, Loss: 1.352e+00, Loss_bcs: 2.209e-02, Loss_res: 1.330e+00 ,Time: -1702026032.77
Compute NTK...
It: 22300, Loss: 1.344e+00, Loss_bcs: 2.185e-02, Loss_res: 1.322e+00 ,Time: -1702026032.77
Compute NTK...
It: 22400, Loss: 1.337e+00, Loss_bcs: 2.160e-02, Loss_res: 1.315e+00 ,Time: -1702026032.77
Compute NTK...
It: 22500, Loss: 1.329e+00, Loss_bcs: 2.136e-02, Loss_res: 1.308e+00 ,Time: -1702026032.77
Compute NTK...
It: 22600, Loss: 1.322e+00, Loss_bcs: 2.112e-02, Loss_res: 1.301e+00 ,Time: -1702026032.77
Compute NTK...
It: 22700, Loss: 1.315e+00, Loss_bcs: 2.089e-02, Loss_res: 1.294e+00 ,Time: -1702026032.77
Compute NTK...
It: 22800, Loss: 1.307e+00, Loss_bcs: 2.066e-02, Loss_res: 1.287e+00 ,Time: -1702026032.77
Compute NTK...
It: 22900, Loss: 1.300e+00, Loss_bcs: 2.044e-02, Loss_res: 1.280e+00 ,Time: -1702026032.77
Compute NTK...
It: 23000, Loss: 1.293e+00, Loss_bcs: 2.021e-02, Loss_res: 1.273e+00 ,Time: -1702026032.77
Compute NTK...
It: 23100, Loss: 1.286e+00, Loss_bcs: 1.999e-02, Loss_res: 1.266e+00 ,Time: -1702026032.77
Compute NTK...
It: 23200, Loss: 1.279e+00, Loss_bcs: 1.978e-02, Loss_res: 1.259e+00 ,Time: -1702026032.77
Compute NTK...
It: 23300, Loss: 1.272e+00, Loss_bcs: 1.956e-02, Loss_res: 1.253e+00 ,Time: -1702026032.77
Compute NTK...
It: 23400, Loss: 1.265e+00, Loss_bcs: 1.934e-02, Loss_res: 1.246e+00 ,Time: -1702026032.77
Compute NTK...
It: 23500, Loss: 1.259e+00, Loss_bcs: 1.913e-02, Loss_res: 1.239e+00 ,Time: -1702026032.77
Compute NTK...
It: 23600, Loss: 1.252e+00, Loss_bcs: 1.893e-02, Loss_res: 1.233e+00 ,Time: -1702026032.77
Compute NTK...
It: 23700, Loss: 1.245e+00, Loss_bcs: 1.873e-02, Loss_res: 1.227e+00 ,Time: -1702026032.77
Compute NTK...
It: 23800, Loss: 1.239e+00, Loss_bcs: 1.854e-02, Loss_res: 1.220e+00 ,Time: -1702026032.77
Compute NTK...
It: 23900, Loss: 1.232e+00, Loss_bcs: 1.835e-02, Loss_res: 1.214e+00 ,Time: -1702026032.77
Compute NTK...
It: 24000, Loss: 1.226e+00, Loss_bcs: 1.817e-02, Loss_res: 1.208e+00 ,Time: -1702026032.77
Compute NTK...
It: 24100, Loss: 1.219e+00, Loss_bcs: 1.799e-02, Loss_res: 1.201e+00 ,Time: -1702026032.77
Compute NTK...
It: 24200, Loss: 1.213e+00, Loss_bcs: 1.780e-02, Loss_res: 1.195e+00 ,Time: -1702026032.77
Compute NTK...
It: 24300, Loss: 1.207e+00, Loss_bcs: 1.761e-02, Loss_res: 1.189e+00 ,Time: -1702026032.77
Compute NTK...
It: 24400, Loss: 1.200e+00, Loss_bcs: 1.743e-02, Loss_res: 1.183e+00 ,Time: -1702026032.77
Compute NTK...
It: 24500, Loss: 1.194e+00, Loss_bcs: 1.725e-02, Loss_res: 1.177e+00 ,Time: -1702026032.77
Compute NTK...
It: 24600, Loss: 1.188e+00, Loss_bcs: 1.708e-02, Loss_res: 1.171e+00 ,Time: -1702026032.77
Compute NTK...
It: 24700, Loss: 1.182e+00, Loss_bcs: 1.690e-02, Loss_res: 1.165e+00 ,Time: -1702026032.77
Compute NTK...
It: 24800, Loss: 1.176e+00, Loss_bcs: 1.673e-02, Loss_res: 1.159e+00 ,Time: -1702026032.77
Compute NTK...
It: 24900, Loss: 1.170e+00, Loss_bcs: 1.656e-02, Loss_res: 1.153e+00 ,Time: -1702026032.77
Compute NTK...
It: 25000, Loss: 1.164e+00, Loss_bcs: 1.640e-02, Loss_res: 1.148e+00 ,Time: -1702026032.77
Compute NTK...
It: 25100, Loss: 1.158e+00, Loss_bcs: 1.624e-02, Loss_res: 1.142e+00 ,Time: -1702026032.77
Compute NTK...
It: 25200, Loss: 1.152e+00, Loss_bcs: 1.608e-02, Loss_res: 1.136e+00 ,Time: -1702026032.77
Compute NTK...
It: 25300, Loss: 1.147e+00, Loss_bcs: 1.592e-02, Loss_res: 1.131e+00 ,Time: -1702026032.77
Compute NTK...
It: 25400, Loss: 1.141e+00, Loss_bcs: 1.576e-02, Loss_res: 1.125e+00 ,Time: -1702026032.77
Compute NTK...
It: 25500, Loss: 1.135e+00, Loss_bcs: 1.561e-02, Loss_res: 1.120e+00 ,Time: -1702026032.77
Compute NTK...
It: 25600, Loss: 1.130e+00, Loss_bcs: 1.546e-02, Loss_res: 1.114e+00 ,Time: -1702026032.77
Compute NTK...
It: 25700, Loss: 1.124e+00, Loss_bcs: 1.531e-02, Loss_res: 1.109e+00 ,Time: -1702026032.77
Compute NTK...
It: 25800, Loss: 1.118e+00, Loss_bcs: 1.516e-02, Loss_res: 1.103e+00 ,Time: -1702026032.76
Compute NTK...
It: 25900, Loss: 1.113e+00, Loss_bcs: 1.501e-02, Loss_res: 1.098e+00 ,Time: -1702026032.77
Compute NTK...
It: 26000, Loss: 1.108e+00, Loss_bcs: 1.487e-02, Loss_res: 1.093e+00 ,Time: -1702026032.77
Compute NTK...
It: 26100, Loss: 1.102e+00, Loss_bcs: 1.473e-02, Loss_res: 1.087e+00 ,Time: -1702026032.77
Compute NTK...
It: 26200, Loss: 1.097e+00, Loss_bcs: 1.459e-02, Loss_res: 1.082e+00 ,Time: -1702026032.77
Compute NTK...
It: 26300, Loss: 1.091e+00, Loss_bcs: 1.445e-02, Loss_res: 1.077e+00 ,Time: -1702026032.77
Compute NTK...
It: 26400, Loss: 1.086e+00, Loss_bcs: 1.431e-02, Loss_res: 1.072e+00 ,Time: -1702026032.77
Compute NTK...
It: 26500, Loss: 1.081e+00, Loss_bcs: 1.418e-02, Loss_res: 1.067e+00 ,Time: -1702026032.77
Compute NTK...
It: 26600, Loss: 1.076e+00, Loss_bcs: 1.405e-02, Loss_res: 1.062e+00 ,Time: -1702026032.77
Compute NTK...
It: 26700, Loss: 1.071e+00, Loss_bcs: 1.392e-02, Loss_res: 1.057e+00 ,Time: -1702026032.77
Compute NTK...
It: 26800, Loss: 1.065e+00, Loss_bcs: 1.379e-02, Loss_res: 1.052e+00 ,Time: -1702026032.77
Compute NTK...
It: 26900, Loss: 1.060e+00, Loss_bcs: 1.366e-02, Loss_res: 1.047e+00 ,Time: -1702026032.77
Compute NTK...
It: 27000, Loss: 1.055e+00, Loss_bcs: 1.354e-02, Loss_res: 1.042e+00 ,Time: -1702026032.77
Compute NTK...
It: 27100, Loss: 1.050e+00, Loss_bcs: 1.341e-02, Loss_res: 1.037e+00 ,Time: -1702026032.77
Compute NTK...
It: 27200, Loss: 1.045e+00, Loss_bcs: 1.329e-02, Loss_res: 1.032e+00 ,Time: -1702026032.77
Compute NTK...
It: 27300, Loss: 1.040e+00, Loss_bcs: 1.318e-02, Loss_res: 1.027e+00 ,Time: -1702026032.77
Compute NTK...
It: 27400, Loss: 1.036e+00, Loss_bcs: 1.307e-02, Loss_res: 1.022e+00 ,Time: -1702026032.77
Compute NTK...
It: 27500, Loss: 1.031e+00, Loss_bcs: 1.295e-02, Loss_res: 1.018e+00 ,Time: -1702026032.77
Compute NTK...
It: 27600, Loss: 1.026e+00, Loss_bcs: 1.284e-02, Loss_res: 1.013e+00 ,Time: -1702026032.77
Compute NTK...
It: 27700, Loss: 1.021e+00, Loss_bcs: 1.271e-02, Loss_res: 1.008e+00 ,Time: -1702026032.77
Compute NTK...
It: 27800, Loss: 1.016e+00, Loss_bcs: 1.260e-02, Loss_res: 1.004e+00 ,Time: -1702026032.77
Compute NTK...
It: 27900, Loss: 1.012e+00, Loss_bcs: 1.248e-02, Loss_res: 9.992e-01 ,Time: -1702026032.77
Compute NTK...
It: 28000, Loss: 1.007e+00, Loss_bcs: 1.237e-02, Loss_res: 9.946e-01 ,Time: -1702026032.77
Compute NTK...
It: 28100, Loss: 1.002e+00, Loss_bcs: 1.227e-02, Loss_res: 9.900e-01 ,Time: -1702026032.77
Compute NTK...
It: 28200, Loss: 9.977e-01, Loss_bcs: 1.216e-02, Loss_res: 9.855e-01 ,Time: -1702026032.77
Compute NTK...
It: 28300, Loss: 9.931e-01, Loss_bcs: 1.206e-02, Loss_res: 9.810e-01 ,Time: -1702026032.77
Compute NTK...
It: 28400, Loss: 9.885e-01, Loss_bcs: 1.196e-02, Loss_res: 9.766e-01 ,Time: -1702026032.77
Compute NTK...
It: 28500, Loss: 9.840e-01, Loss_bcs: 1.186e-02, Loss_res: 9.721e-01 ,Time: -1702026032.77
Compute NTK...
It: 28600, Loss: 9.795e-01, Loss_bcs: 1.176e-02, Loss_res: 9.678e-01 ,Time: -1702026032.77
Compute NTK...
It: 28700, Loss: 9.751e-01, Loss_bcs: 1.165e-02, Loss_res: 9.635e-01 ,Time: -1702026032.77
Compute NTK...
It: 28800, Loss: 9.707e-01, Loss_bcs: 1.155e-02, Loss_res: 9.591e-01 ,Time: -1702026032.77
Compute NTK...
It: 28900, Loss: 9.663e-01, Loss_bcs: 1.145e-02, Loss_res: 9.548e-01 ,Time: -1702026032.77
Compute NTK...
It: 29000, Loss: 9.619e-01, Loss_bcs: 1.135e-02, Loss_res: 9.506e-01 ,Time: -1702026032.77
Compute NTK...
It: 29100, Loss: 9.576e-01, Loss_bcs: 1.126e-02, Loss_res: 9.464e-01 ,Time: -1702026032.77
Compute NTK...
It: 29200, Loss: 9.533e-01, Loss_bcs: 1.116e-02, Loss_res: 9.422e-01 ,Time: -1702026032.77
Compute NTK...
It: 29300, Loss: 9.491e-01, Loss_bcs: 1.107e-02, Loss_res: 9.380e-01 ,Time: -1702026032.77
Compute NTK...
It: 29400, Loss: 9.448e-01, Loss_bcs: 1.098e-02, Loss_res: 9.339e-01 ,Time: -1702026032.77
Compute NTK...
It: 29500, Loss: 9.406e-01, Loss_bcs: 1.089e-02, Loss_res: 9.297e-01 ,Time: -1702026032.77
Compute NTK...
It: 29600, Loss: 9.364e-01, Loss_bcs: 1.080e-02, Loss_res: 9.256e-01 ,Time: -1702026032.77
Compute NTK...
It: 29700, Loss: 9.323e-01, Loss_bcs: 1.072e-02, Loss_res: 9.216e-01 ,Time: -1702026032.77
Compute NTK...
It: 29800, Loss: 9.282e-01, Loss_bcs: 1.063e-02, Loss_res: 9.175e-01 ,Time: -1702026032.77
Compute NTK...
It: 29900, Loss: 9.241e-01, Loss_bcs: 1.055e-02, Loss_res: 9.135e-01 ,Time: -1702026032.77
Compute NTK...
It: 30000, Loss: 9.200e-01, Loss_bcs: 1.046e-02, Loss_res: 9.096e-01 ,Time: -1702026032.77
Compute NTK...
It: 30100, Loss: 9.160e-01, Loss_bcs: 1.038e-02, Loss_res: 9.056e-01 ,Time: -1702026032.77
Compute NTK...
It: 30200, Loss: 9.120e-01, Loss_bcs: 1.030e-02, Loss_res: 9.017e-01 ,Time: -1702026032.77
Compute NTK...
It: 30300, Loss: 9.080e-01, Loss_bcs: 1.022e-02, Loss_res: 8.978e-01 ,Time: -1702026032.77
Compute NTK...
It: 30400, Loss: 9.041e-01, Loss_bcs: 1.013e-02, Loss_res: 8.939e-01 ,Time: -1702026032.77
Compute NTK...
It: 30500, Loss: 9.001e-01, Loss_bcs: 1.005e-02, Loss_res: 8.901e-01 ,Time: -1702026032.77
Compute NTK...
It: 30600, Loss: 8.962e-01, Loss_bcs: 9.968e-03, Loss_res: 8.862e-01 ,Time: -1702026032.77
Compute NTK...
It: 30700, Loss: 8.923e-01, Loss_bcs: 9.888e-03, Loss_res: 8.824e-01 ,Time: -1702026032.77
Compute NTK...
It: 30800, Loss: 8.885e-01, Loss_bcs: 9.806e-03, Loss_res: 8.787e-01 ,Time: -1702026032.77
Compute NTK...
It: 30900, Loss: 8.847e-01, Loss_bcs: 9.723e-03, Loss_res: 8.749e-01 ,Time: -1702026032.77
Compute NTK...
It: 31000, Loss: 8.809e-01, Loss_bcs: 9.642e-03, Loss_res: 8.712e-01 ,Time: -1702026032.77
Compute NTK...
It: 31100, Loss: 8.771e-01, Loss_bcs: 9.566e-03, Loss_res: 8.675e-01 ,Time: -1702026032.77
Compute NTK...
It: 31200, Loss: 8.734e-01, Loss_bcs: 9.493e-03, Loss_res: 8.639e-01 ,Time: -1702026032.77
Compute NTK...
It: 31300, Loss: 8.696e-01, Loss_bcs: 9.420e-03, Loss_res: 8.602e-01 ,Time: -1702026032.77
Compute NTK...
It: 31400, Loss: 8.659e-01, Loss_bcs: 9.349e-03, Loss_res: 8.566e-01 ,Time: -1702026032.77
Compute NTK...
It: 31500, Loss: 8.623e-01, Loss_bcs: 9.278e-03, Loss_res: 8.530e-01 ,Time: -1702026032.77
Compute NTK...
It: 31600, Loss: 8.586e-01, Loss_bcs: 9.211e-03, Loss_res: 8.494e-01 ,Time: -1702026032.77
Compute NTK...
It: 31700, Loss: 8.550e-01, Loss_bcs: 9.145e-03, Loss_res: 8.458e-01 ,Time: -1702026032.77
Compute NTK...
It: 31800, Loss: 8.513e-01, Loss_bcs: 9.081e-03, Loss_res: 8.423e-01 ,Time: -1702026032.77
Compute NTK...
It: 31900, Loss: 8.477e-01, Loss_bcs: 9.019e-03, Loss_res: 8.387e-01 ,Time: -1702026032.77
Compute NTK...
It: 32000, Loss: 8.442e-01, Loss_bcs: 8.954e-03, Loss_res: 8.352e-01 ,Time: -1702026032.77
Compute NTK...
It: 32100, Loss: 8.406e-01, Loss_bcs: 8.887e-03, Loss_res: 8.318e-01 ,Time: -1702026032.77
Compute NTK...
It: 32200, Loss: 8.371e-01, Loss_bcs: 8.819e-03, Loss_res: 8.283e-01 ,Time: -1702026032.77
Compute NTK...
It: 32300, Loss: 8.337e-01, Loss_bcs: 8.752e-03, Loss_res: 8.249e-01 ,Time: -1702026032.77
Compute NTK...
It: 32400, Loss: 8.302e-01, Loss_bcs: 8.687e-03, Loss_res: 8.215e-01 ,Time: -1702026032.77
Compute NTK...
It: 32500, Loss: 8.267e-01, Loss_bcs: 8.622e-03, Loss_res: 8.181e-01 ,Time: -1702026032.77
Compute NTK...
It: 32600, Loss: 8.233e-01, Loss_bcs: 8.558e-03, Loss_res: 8.148e-01 ,Time: -1702026032.77
Compute NTK...
It: 32700, Loss: 8.199e-01, Loss_bcs: 8.495e-03, Loss_res: 8.114e-01 ,Time: -1702026032.77
Compute NTK...
It: 32800, Loss: 8.165e-01, Loss_bcs: 8.432e-03, Loss_res: 8.081e-01 ,Time: -1702026032.77
Compute NTK...
It: 32900, Loss: 8.132e-01, Loss_bcs: 8.370e-03, Loss_res: 8.048e-01 ,Time: -1702026032.77
Compute NTK...
It: 33000, Loss: 8.098e-01, Loss_bcs: 8.310e-03, Loss_res: 8.015e-01 ,Time: -1702026032.77
Compute NTK...
It: 33100, Loss: 8.065e-01, Loss_bcs: 8.250e-03, Loss_res: 7.983e-01 ,Time: -1702026032.77
Compute NTK...
It: 33200, Loss: 8.032e-01, Loss_bcs: 8.191e-03, Loss_res: 7.950e-01 ,Time: -1702026032.77
Compute NTK...
It: 33300, Loss: 8.000e-01, Loss_bcs: 8.132e-03, Loss_res: 7.918e-01 ,Time: -1702026032.77
Compute NTK...
It: 33400, Loss: 7.967e-01, Loss_bcs: 8.072e-03, Loss_res: 7.886e-01 ,Time: -1702026032.77
Compute NTK...
It: 33500, Loss: 7.935e-01, Loss_bcs: 8.012e-03, Loss_res: 7.855e-01 ,Time: -1702026032.77
Compute NTK...
It: 33600, Loss: 7.903e-01, Loss_bcs: 7.954e-03, Loss_res: 7.823e-01 ,Time: -1702026032.77
Compute NTK...
It: 33700, Loss: 7.871e-01, Loss_bcs: 7.895e-03, Loss_res: 7.792e-01 ,Time: -1702026032.77
Compute NTK...
It: 33800, Loss: 7.839e-01, Loss_bcs: 7.841e-03, Loss_res: 7.761e-01 ,Time: -1702026032.77
Compute NTK...
It: 33900, Loss: 7.807e-01, Loss_bcs: 7.789e-03, Loss_res: 7.729e-01 ,Time: -1702026032.77
Compute NTK...
It: 34000, Loss: 7.776e-01, Loss_bcs: 7.739e-03, Loss_res: 7.698e-01 ,Time: -1702026032.77
Compute NTK...
It: 34100, Loss: 7.745e-01, Loss_bcs: 7.689e-03, Loss_res: 7.668e-01 ,Time: -1702026032.77
Compute NTK...
It: 34200, Loss: 7.714e-01, Loss_bcs: 7.637e-03, Loss_res: 7.637e-01 ,Time: -1702026032.77
Compute NTK...
It: 34300, Loss: 7.683e-01, Loss_bcs: 7.582e-03, Loss_res: 7.607e-01 ,Time: -1702026032.77
Compute NTK...
It: 34400, Loss: 7.653e-01, Loss_bcs: 7.529e-03, Loss_res: 7.577e-01 ,Time: -1702026032.77
Compute NTK...
It: 34500, Loss: 7.622e-01, Loss_bcs: 7.474e-03, Loss_res: 7.548e-01 ,Time: -1702026032.77
Compute NTK...
It: 34600, Loss: 7.592e-01, Loss_bcs: 7.420e-03, Loss_res: 7.518e-01 ,Time: -1702026032.77
Compute NTK...
It: 34700, Loss: 7.562e-01, Loss_bcs: 7.365e-03, Loss_res: 7.488e-01 ,Time: -1702026032.77
Compute NTK...
It: 34800, Loss: 7.532e-01, Loss_bcs: 7.310e-03, Loss_res: 7.459e-01 ,Time: -1702026032.77
Compute NTK...
It: 34900, Loss: 7.503e-01, Loss_bcs: 7.256e-03, Loss_res: 7.430e-01 ,Time: -1702026032.77
Compute NTK...
It: 35000, Loss: 7.474e-01, Loss_bcs: 7.201e-03, Loss_res: 7.402e-01 ,Time: -1702026032.77
Compute NTK...
It: 35100, Loss: 7.444e-01, Loss_bcs: 7.148e-03, Loss_res: 7.373e-01 ,Time: -1702026032.77
Compute NTK...
It: 35200, Loss: 7.415e-01, Loss_bcs: 7.097e-03, Loss_res: 7.344e-01 ,Time: -1702026032.77
Compute NTK...
It: 35300, Loss: 7.386e-01, Loss_bcs: 7.046e-03, Loss_res: 7.316e-01 ,Time: -1702026032.77
Compute NTK...
It: 35400, Loss: 7.358e-01, Loss_bcs: 6.997e-03, Loss_res: 7.288e-01 ,Time: -1702026032.77
Compute NTK...
It: 35500, Loss: 7.329e-01, Loss_bcs: 6.950e-03, Loss_res: 7.260e-01 ,Time: -1702026032.77
Compute NTK...
It: 35600, Loss: 7.301e-01, Loss_bcs: 6.905e-03, Loss_res: 7.232e-01 ,Time: -1702026032.77
Compute NTK...
It: 35700, Loss: 7.272e-01, Loss_bcs: 6.862e-03, Loss_res: 7.204e-01 ,Time: -1702026032.77
Compute NTK...
It: 35800, Loss: 7.244e-01, Loss_bcs: 6.819e-03, Loss_res: 7.176e-01 ,Time: -1702026032.77
Compute NTK...
It: 35900, Loss: 7.216e-01, Loss_bcs: 6.776e-03, Loss_res: 7.149e-01 ,Time: -1702026032.77
Compute NTK...
It: 36000, Loss: 7.189e-01, Loss_bcs: 6.734e-03, Loss_res: 7.121e-01 ,Time: -1702026032.77
Compute NTK...
It: 36100, Loss: 7.161e-01, Loss_bcs: 6.692e-03, Loss_res: 7.094e-01 ,Time: -1702026032.77
Compute NTK...
It: 36200, Loss: 7.134e-01, Loss_bcs: 6.651e-03, Loss_res: 7.067e-01 ,Time: -1702026032.77
Compute NTK...
It: 36300, Loss: 7.106e-01, Loss_bcs: 6.608e-03, Loss_res: 7.040e-01 ,Time: -1702026032.77
Compute NTK...
It: 36400, Loss: 7.079e-01, Loss_bcs: 6.565e-03, Loss_res: 7.013e-01 ,Time: -1702026032.77
Compute NTK...
It: 36500, Loss: 7.052e-01, Loss_bcs: 6.520e-03, Loss_res: 6.987e-01 ,Time: -1702026032.77
Compute NTK...
It: 36600, Loss: 7.025e-01, Loss_bcs: 6.476e-03, Loss_res: 6.960e-01 ,Time: -1702026032.77
Compute NTK...
It: 36700, Loss: 6.999e-01, Loss_bcs: 6.432e-03, Loss_res: 6.935e-01 ,Time: -1702026032.77
Compute NTK...
It: 36800, Loss: 6.973e-01, Loss_bcs: 6.387e-03, Loss_res: 6.909e-01 ,Time: -1702026032.77
Compute NTK...
It: 36900, Loss: 6.946e-01, Loss_bcs: 6.342e-03, Loss_res: 6.883e-01 ,Time: -1702026032.77
Compute NTK...
It: 37000, Loss: 6.920e-01, Loss_bcs: 6.298e-03, Loss_res: 6.857e-01 ,Time: -1702026032.77
Compute NTK...
It: 37100, Loss: 6.895e-01, Loss_bcs: 6.256e-03, Loss_res: 6.832e-01 ,Time: -1702026032.77
Compute NTK...
It: 37200, Loss: 6.869e-01, Loss_bcs: 6.216e-03, Loss_res: 6.807e-01 ,Time: -1702026032.77
Compute NTK...
It: 37300, Loss: 6.843e-01, Loss_bcs: 6.178e-03, Loss_res: 6.782e-01 ,Time: -1702026032.77
Compute NTK...
It: 37400, Loss: 6.818e-01, Loss_bcs: 6.141e-03, Loss_res: 6.757e-01 ,Time: -1702026032.77
Compute NTK...
It: 37500, Loss: 6.793e-01, Loss_bcs: 6.107e-03, Loss_res: 6.732e-01 ,Time: -1702026032.77
Compute NTK...
It: 37600, Loss: 6.768e-01, Loss_bcs: 6.074e-03, Loss_res: 6.707e-01 ,Time: -1702026032.77
Compute NTK...
It: 37700, Loss: 6.743e-01, Loss_bcs: 6.041e-03, Loss_res: 6.682e-01 ,Time: -1702026032.77
Compute NTK...
It: 37800, Loss: 6.718e-01, Loss_bcs: 6.006e-03, Loss_res: 6.657e-01 ,Time: -1702026032.77
Compute NTK...
It: 37900, Loss: 6.693e-01, Loss_bcs: 5.972e-03, Loss_res: 6.633e-01 ,Time: -1702026032.77
Compute NTK...
It: 38000, Loss: 6.668e-01, Loss_bcs: 5.939e-03, Loss_res: 6.609e-01 ,Time: -1702026032.77
Compute NTK...
It: 38100, Loss: 6.644e-01, Loss_bcs: 5.904e-03, Loss_res: 6.585e-01 ,Time: -1702026032.77
Compute NTK...
It: 38200, Loss: 6.619e-01, Loss_bcs: 5.869e-03, Loss_res: 6.561e-01 ,Time: -1702026032.77
Compute NTK...
It: 38300, Loss: 6.595e-01, Loss_bcs: 5.832e-03, Loss_res: 6.537e-01 ,Time: -1702026032.77
Compute NTK...
It: 38400, Loss: 6.571e-01, Loss_bcs: 5.796e-03, Loss_res: 6.513e-01 ,Time: -1702026032.77
Compute NTK...
It: 38500, Loss: 6.547e-01, Loss_bcs: 5.761e-03, Loss_res: 6.490e-01 ,Time: -1702026032.77
Compute NTK...
It: 38600, Loss: 6.524e-01, Loss_bcs: 5.723e-03, Loss_res: 6.466e-01 ,Time: -1702026032.77
Compute NTK...
It: 38700, Loss: 6.500e-01, Loss_bcs: 5.687e-03, Loss_res: 6.443e-01 ,Time: -1702026032.77
Compute NTK...
It: 38800, Loss: 6.477e-01, Loss_bcs: 5.651e-03, Loss_res: 6.420e-01 ,Time: -1702026032.77
Compute NTK...
It: 38900, Loss: 6.453e-01, Loss_bcs: 5.617e-03, Loss_res: 6.397e-01 ,Time: -1702026032.77
Compute NTK...
It: 39000, Loss: 6.430e-01, Loss_bcs: 5.584e-03, Loss_res: 6.374e-01 ,Time: -1702026032.77
Compute NTK...
It: 39100, Loss: 6.407e-01, Loss_bcs: 5.552e-03, Loss_res: 6.352e-01 ,Time: -1702026032.77
Compute NTK...
It: 39200, Loss: 6.384e-01, Loss_bcs: 5.520e-03, Loss_res: 6.329e-01 ,Time: -1702026032.77
Compute NTK...
It: 39300, Loss: 6.361e-01, Loss_bcs: 5.489e-03, Loss_res: 6.306e-01 ,Time: -1702026032.77
Compute NTK...
It: 39400, Loss: 6.339e-01, Loss_bcs: 5.459e-03, Loss_res: 6.284e-01 ,Time: -1702026032.77
Compute NTK...
It: 39500, Loss: 6.316e-01, Loss_bcs: 5.427e-03, Loss_res: 6.262e-01 ,Time: -1702026032.77
Compute NTK...
It: 39600, Loss: 6.294e-01, Loss_bcs: 5.394e-03, Loss_res: 6.240e-01 ,Time: -1702026032.77
Compute NTK...
It: 39700, Loss: 6.272e-01, Loss_bcs: 5.362e-03, Loss_res: 6.218e-01 ,Time: -1702026032.77
Compute NTK...
It: 39800, Loss: 6.249e-01, Loss_bcs: 5.327e-03, Loss_res: 6.196e-01 ,Time: -1702026032.77
Compute NTK...
It: 39900, Loss: 6.227e-01, Loss_bcs: 5.291e-03, Loss_res: 6.175e-01 ,Time: -1702026032.77
Compute NTK...
Gradients information stored ...
It: 40000, Loss: 6.206e-01, Loss_bcs: 5.256e-03, Loss_res: 6.153e-01 ,Time: -1702026032.51
Compute NTK...
Save uv NN parameters successfully in %s ...checkpoints/Dec-08-2023_19-55-00-245846_M1
Final loss total loss: 6.205974e-01
Final loss loss_res: 6.153408e-01
Final loss loss_bcs: 5.256612e-03
