It: 0, Loss: 6.969e-01, Loss_res: 2.106e-02,  Loss_bcs: 6.613e-01, Loss_ut_ics: 1.455e-02,, Time: 1.63
adaptive_constant_res_val: 8.811e-02
adaptive_constant_ics_val: 3.100e-02
adaptive_constant_bcs_val: 2.897e+00
mean_grad_res: 2.390e-01
mean_grad_bcs: 2.283e-01
mean_grad_ics: 4.695e-01
Gradients information stored ...
It: 100, Loss: 1.113e+00, Loss_res: 2.253e-01,  Loss_bcs: 3.732e-01, Loss_ut_ics: 3.968e-01,, Time: 11.24
adaptive_constant_res_val: 9.428e-01
adaptive_constant_ics_val: 8.451e-01
adaptive_constant_bcs_val: 1.635e+00
mean_grad_res: 2.764e-02
mean_grad_bcs: 2.863e-03
mean_grad_ics: 3.629e-02
Gradients information stored ...
It: 200, Loss: 6.841e-01, Loss_res: 7.816e-04,  Loss_bcs: 3.954e-01, Loss_ut_ics: 4.372e-02,, Time: 6.75
adaptive_constant_res_val: 3.271e-03
adaptive_constant_ics_val: 9.311e-02
adaptive_constant_bcs_val: 1.732e+00
mean_grad_res: 5.614e-04
mean_grad_bcs: 7.435e-03
mean_grad_ics: 1.203e-02
It: 300, Loss: 5.640e-01, Loss_res: 9.297e+00,  Loss_bcs: 2.916e-01, Loss_ut_ics: 3.053e-01,, Time: 3.10
adaptive_constant_res_val: 3.890e+01
adaptive_constant_ics_val: 6.502e-01
adaptive_constant_bcs_val: 1.277e+00
mean_grad_res: 7.680e-01
mean_grad_bcs: 8.230e-03
mean_grad_ics: 3.752e-02
It: 400, Loss: 5.191e-01, Loss_res: 2.000e-04,  Loss_bcs: 3.732e-01, Loss_ut_ics: 5.322e-02,, Time: 3.10
adaptive_constant_res_val: 8.367e-04
adaptive_constant_ics_val: 1.134e-01
adaptive_constant_bcs_val: 1.635e+00
mean_grad_res: 1.436e-04
mean_grad_bcs: 1.359e-02
mean_grad_ics: 4.238e-02
It: 500, Loss: 5.270e-01, Loss_res: 1.190e-02,  Loss_bcs: 3.121e-01, Loss_ut_ics: 1.485e-01,, Time: 3.31
adaptive_constant_res_val: 4.977e-02
adaptive_constant_ics_val: 3.163e-01
adaptive_constant_bcs_val: 1.367e+00
mean_grad_res: 1.205e-02
mean_grad_bcs: 2.811e-03
mean_grad_ics: 7.397e-02
It: 600, Loss: 5.709e-01, Loss_res: 1.116e-02,  Loss_bcs: 4.058e-01, Loss_ut_ics: 4.929e-02,, Time: 3.40
adaptive_constant_res_val: 4.672e-02
adaptive_constant_ics_val: 1.050e-01
adaptive_constant_bcs_val: 1.777e+00
mean_grad_res: 1.027e-02
mean_grad_bcs: 2.022e-02
mean_grad_ics: 4.311e-02
It: 700, Loss: 6.072e-01, Loss_res: 7.422e-02,  Loss_bcs: 3.344e-01, Loss_ut_ics: 9.003e-02,, Time: 3.56
adaptive_constant_res_val: 3.106e-01
adaptive_constant_ics_val: 1.917e-01
adaptive_constant_bcs_val: 1.465e+00
mean_grad_res: 4.076e-02
mean_grad_bcs: 7.081e-03
mean_grad_ics: 5.274e-02
It: 800, Loss: 4.775e-01, Loss_res: 1.014e-02,  Loss_bcs: 3.160e-01, Loss_ut_ics: 6.001e-02,, Time: 3.70
adaptive_constant_res_val: 4.243e-02
adaptive_constant_ics_val: 1.278e-01
adaptive_constant_bcs_val: 1.384e+00
mean_grad_res: 6.246e-03
mean_grad_bcs: 6.981e-03
mean_grad_ics: 3.367e-02
It: 900, Loss: 4.354e-01, Loss_res: 4.780e-02,  Loss_bcs: 3.061e-01, Loss_ut_ics: 7.533e-02,, Time: 3.80
adaptive_constant_res_val: 2.000e-01
adaptive_constant_ics_val: 1.604e-01
adaptive_constant_bcs_val: 1.341e+00
mean_grad_res: 3.315e-02
mean_grad_bcs: 4.270e-03
mean_grad_ics: 4.235e-02
It: 1000, Loss: 4.837e-01, Loss_res: 1.581e-02,  Loss_bcs: 3.499e-01, Loss_ut_ics: 7.105e-02,, Time: 3.76
adaptive_constant_res_val: 6.617e-02
adaptive_constant_ics_val: 1.513e-01
adaptive_constant_bcs_val: 1.533e+00
mean_grad_res: 7.650e-03
mean_grad_bcs: 1.283e-02
mean_grad_ics: 3.212e-02
Gradients information stored ...
It: 1100, Loss: 4.865e-01, Loss_res: 3.623e-02,  Loss_bcs: 3.076e-01, Loss_ut_ics: 8.377e-02,, Time: 6.85
adaptive_constant_res_val: 1.516e-01
adaptive_constant_ics_val: 1.784e-01
adaptive_constant_bcs_val: 1.347e+00
mean_grad_res: 2.117e-02
mean_grad_bcs: 7.092e-03
mean_grad_ics: 3.171e-02
It: 1200, Loss: 4.680e-01, Loss_res: 2.388e-02,  Loss_bcs: 3.313e-01, Loss_ut_ics: 1.010e-01,, Time: 3.57
adaptive_constant_res_val: 9.993e-02
adaptive_constant_ics_val: 2.152e-01
adaptive_constant_bcs_val: 1.451e+00
mean_grad_res: 9.873e-03
mean_grad_bcs: 4.444e-03
mean_grad_ics: 4.355e-02
It: 1300, Loss: 5.280e-01, Loss_res: 3.048e-02,  Loss_bcs: 3.496e-01, Loss_ut_ics: 8.178e-02,, Time: 3.49
adaptive_constant_res_val: 1.275e-01
adaptive_constant_ics_val: 1.742e-01
adaptive_constant_bcs_val: 1.531e+00
mean_grad_res: 1.487e-02
mean_grad_bcs: 1.250e-02
mean_grad_ics: 3.854e-02
It: 1400, Loss: 5.249e-01, Loss_res: 3.025e-02,  Loss_bcs: 3.304e-01, Loss_ut_ics: 8.623e-02,, Time: 3.66
adaptive_constant_res_val: 1.266e-01
adaptive_constant_ics_val: 1.837e-01
adaptive_constant_bcs_val: 1.447e+00
mean_grad_res: 7.104e-03
mean_grad_bcs: 5.456e-03
mean_grad_ics: 3.586e-02
It: 1500, Loss: 4.274e-01, Loss_res: 3.864e-02,  Loss_bcs: 2.814e-01, Loss_ut_ics: 8.310e-02,, Time: 3.63
adaptive_constant_res_val: 1.617e-01
adaptive_constant_ics_val: 1.770e-01
adaptive_constant_bcs_val: 1.233e+00
mean_grad_res: 1.482e-02
mean_grad_bcs: 1.061e-02
mean_grad_ics: 2.805e-02
It: 1600, Loss: 3.699e-01, Loss_res: 3.942e-02,  Loss_bcs: 2.890e-01, Loss_ut_ics: 4.132e-02,, Time: 3.48
adaptive_constant_res_val: 1.649e-01
adaptive_constant_ics_val: 8.801e-02
adaptive_constant_bcs_val: 1.266e+00
mean_grad_res: 5.074e-03
mean_grad_bcs: 8.507e-03
mean_grad_ics: 3.042e-02
It: 1700, Loss: 2.992e-01, Loss_res: 3.080e-02,  Loss_bcs: 2.284e-01, Loss_ut_ics: 5.744e-02,, Time: 3.57
adaptive_constant_res_val: 1.289e-01
adaptive_constant_ics_val: 1.223e-01
adaptive_constant_bcs_val: 1.000e+00
mean_grad_res: 8.151e-03
mean_grad_bcs: 3.500e-03
mean_grad_ics: 4.290e-02
It: 1800, Loss: 2.778e-01, Loss_res: 3.581e-02,  Loss_bcs: 2.667e-01, Loss_ut_ics: 5.239e-02,, Time: 3.77
adaptive_constant_res_val: 1.498e-01
adaptive_constant_ics_val: 1.116e-01
adaptive_constant_bcs_val: 1.168e+00
mean_grad_res: 1.446e-02
mean_grad_bcs: 6.848e-03
mean_grad_ics: 3.993e-02
It: 1900, Loss: 2.975e-01, Loss_res: 3.513e-02,  Loss_bcs: 2.406e-01, Loss_ut_ics: 1.011e-01,, Time: 3.54
adaptive_constant_res_val: 1.470e-01
adaptive_constant_ics_val: 2.154e-01
adaptive_constant_bcs_val: 1.054e+00
mean_grad_res: 2.688e-02
mean_grad_bcs: 8.170e-03
mean_grad_ics: 4.687e-02
It: 2000, Loss: 2.519e-01, Loss_res: 2.750e-02,  Loss_bcs: 2.184e-01, Loss_ut_ics: 8.230e-02,, Time: 3.89
adaptive_constant_res_val: 1.151e-01
adaptive_constant_ics_val: 1.753e-01
adaptive_constant_bcs_val: 9.565e-01
mean_grad_res: 1.341e-02
mean_grad_bcs: 5.279e-03
mean_grad_ics: 4.352e-02
It: 2100, Loss: 2.090e-01, Loss_res: 3.177e-02,  Loss_bcs: 2.039e-01, Loss_ut_ics: 5.899e-02,, Time: 3.91
adaptive_constant_res_val: 1.329e-01
adaptive_constant_ics_val: 1.256e-01
adaptive_constant_bcs_val: 8.930e-01
mean_grad_res: 9.174e-03
mean_grad_bcs: 3.791e-03
mean_grad_ics: 2.300e-02
It: 2200, Loss: 2.175e-01, Loss_res: 2.388e-02,  Loss_bcs: 2.304e-01, Loss_ut_ics: 6.750e-02,, Time: 3.89
adaptive_constant_res_val: 9.993e-02
adaptive_constant_ics_val: 1.438e-01
adaptive_constant_bcs_val: 1.009e+00
mean_grad_res: 9.955e-03
mean_grad_bcs: 1.127e-02
mean_grad_ics: 3.205e-02
It: 2300, Loss: 2.259e-01, Loss_res: 3.536e-02,  Loss_bcs: 2.085e-01, Loss_ut_ics: 8.300e-02,, Time: 4.17
adaptive_constant_res_val: 1.480e-01
adaptive_constant_ics_val: 1.768e-01
adaptive_constant_bcs_val: 9.134e-01
mean_grad_res: 1.821e-02
mean_grad_bcs: 5.097e-03
mean_grad_ics: 4.501e-02
It: 2400, Loss: 1.988e-01, Loss_res: 2.537e-02,  Loss_bcs: 2.007e-01, Loss_ut_ics: 6.677e-02,, Time: 3.95
adaptive_constant_res_val: 1.062e-01
adaptive_constant_ics_val: 1.422e-01
adaptive_constant_bcs_val: 8.789e-01
mean_grad_res: 2.178e-02
mean_grad_bcs: 3.597e-03
mean_grad_ics: 3.876e-02
It: 2500, Loss: 1.874e-01, Loss_res: 2.775e-02,  Loss_bcs: 1.975e-01, Loss_ut_ics: 7.634e-02,, Time: 3.65
adaptive_constant_res_val: 1.161e-01
adaptive_constant_ics_val: 1.626e-01
adaptive_constant_bcs_val: 8.649e-01
mean_grad_res: 1.008e-02
mean_grad_bcs: 6.393e-03
mean_grad_ics: 4.096e-02
It: 2600, Loss: 2.067e-01, Loss_res: 2.721e-02,  Loss_bcs: 2.228e-01, Loss_ut_ics: 6.672e-02,, Time: 3.71
adaptive_constant_res_val: 1.138e-01
adaptive_constant_ics_val: 1.421e-01
adaptive_constant_bcs_val: 9.759e-01
mean_grad_res: 1.932e-02
mean_grad_bcs: 3.744e-03
mean_grad_ics: 3.806e-02
It: 2700, Loss: 1.937e-01, Loss_res: 3.681e-02,  Loss_bcs: 1.863e-01, Loss_ut_ics: 5.383e-02,, Time: 3.64
adaptive_constant_res_val: 1.540e-01
adaptive_constant_ics_val: 1.146e-01
adaptive_constant_bcs_val: 8.163e-01
mean_grad_res: 5.294e-02
mean_grad_bcs: 8.926e-03
mean_grad_ics: 2.052e-02
It: 2800, Loss: 1.615e-01, Loss_res: 2.194e-02,  Loss_bcs: 1.852e-01, Loss_ut_ics: 6.016e-02,, Time: 3.54
adaptive_constant_res_val: 9.178e-02
adaptive_constant_ics_val: 1.281e-01
adaptive_constant_bcs_val: 8.112e-01
mean_grad_res: 2.232e-02
mean_grad_bcs: 5.204e-03
mean_grad_ics: 2.639e-02
It: 2900, Loss: 1.599e-01, Loss_res: 2.679e-02,  Loss_bcs: 1.845e-01, Loss_ut_ics: 6.068e-02,, Time: 3.55
adaptive_constant_res_val: 1.121e-01
adaptive_constant_ics_val: 1.292e-01
adaptive_constant_bcs_val: 8.083e-01
mean_grad_res: 2.928e-02
mean_grad_bcs: 4.539e-03
mean_grad_ics: 3.003e-02
It: 3000, Loss: 1.387e-01, Loss_res: 2.519e-02,  Loss_bcs: 1.592e-01, Loss_ut_ics: 5.558e-02,, Time: 3.56
adaptive_constant_res_val: 1.054e-01
adaptive_constant_ics_val: 1.184e-01
adaptive_constant_bcs_val: 6.973e-01
mean_grad_res: 2.854e-02
mean_grad_bcs: 3.773e-03
mean_grad_ics: 2.495e-02
It: 3100, Loss: 1.498e-01, Loss_res: 2.941e-02,  Loss_bcs: 2.025e-01, Loss_ut_ics: 4.664e-02,, Time: 3.48
adaptive_constant_res_val: 1.231e-01
adaptive_constant_ics_val: 9.934e-02
adaptive_constant_bcs_val: 8.869e-01
mean_grad_res: 4.481e-02
mean_grad_bcs: 8.775e-03
mean_grad_ics: 2.193e-02
It: 3200, Loss: 1.435e-01, Loss_res: 3.108e-02,  Loss_bcs: 1.519e-01, Loss_ut_ics: 4.930e-02,, Time: 3.56
adaptive_constant_res_val: 1.300e-01
adaptive_constant_ics_val: 1.050e-01
adaptive_constant_bcs_val: 6.654e-01
mean_grad_res: 3.247e-02
mean_grad_bcs: 5.085e-03
mean_grad_ics: 9.552e-03
It: 3300, Loss: 1.171e-01, Loss_res: 1.836e-02,  Loss_bcs: 1.661e-01, Loss_ut_ics: 3.991e-02,, Time: 3.61
adaptive_constant_res_val: 7.683e-02
adaptive_constant_ics_val: 8.500e-02
adaptive_constant_bcs_val: 7.277e-01
mean_grad_res: 9.184e-03
mean_grad_bcs: 6.344e-03
mean_grad_ics: 1.859e-02
It: 3400, Loss: 1.369e-01, Loss_res: 1.821e-02,  Loss_bcs: 1.807e-01, Loss_ut_ics: 4.706e-02,, Time: 3.43
adaptive_constant_res_val: 7.618e-02
adaptive_constant_ics_val: 1.002e-01
adaptive_constant_bcs_val: 7.915e-01
mean_grad_res: 1.348e-02
mean_grad_bcs: 8.538e-03
mean_grad_ics: 2.218e-02
It: 3500, Loss: 1.448e-01, Loss_res: 2.238e-02,  Loss_bcs: 1.737e-01, Loss_ut_ics: 5.533e-02,, Time: 3.55
adaptive_constant_res_val: 9.364e-02
adaptive_constant_ics_val: 1.179e-01
adaptive_constant_bcs_val: 7.610e-01
mean_grad_res: 3.017e-02
mean_grad_bcs: 5.376e-03
mean_grad_ics: 2.495e-02
It: 3600, Loss: 1.433e-01, Loss_res: 1.756e-02,  Loss_bcs: 1.819e-01, Loss_ut_ics: 2.779e-02,, Time: 3.58
adaptive_constant_res_val: 7.347e-02
adaptive_constant_ics_val: 5.918e-02
adaptive_constant_bcs_val: 7.968e-01
mean_grad_res: 3.216e-02
mean_grad_bcs: 6.930e-03
mean_grad_ics: 2.163e-02
It: 3700, Loss: 1.394e-01, Loss_res: 1.920e-02,  Loss_bcs: 1.692e-01, Loss_ut_ics: 5.305e-02,, Time: 3.46
adaptive_constant_res_val: 8.032e-02
adaptive_constant_ics_val: 1.130e-01
adaptive_constant_bcs_val: 7.412e-01
mean_grad_res: 6.148e-02
mean_grad_bcs: 6.373e-03
mean_grad_ics: 1.089e-02
It: 3800, Loss: 1.148e-01, Loss_res: 2.310e-02,  Loss_bcs: 1.469e-01, Loss_ut_ics: 3.617e-02,, Time: 3.60
adaptive_constant_res_val: 9.664e-02
adaptive_constant_ics_val: 7.704e-02
adaptive_constant_bcs_val: 6.433e-01
mean_grad_res: 3.658e-02
mean_grad_bcs: 7.934e-03
mean_grad_ics: 8.623e-03
It: 3900, Loss: 1.118e-01, Loss_res: 2.292e-02,  Loss_bcs: 1.661e-01, Loss_ut_ics: 3.522e-02,, Time: 3.62
adaptive_constant_res_val: 9.591e-02
adaptive_constant_ics_val: 7.502e-02
adaptive_constant_bcs_val: 7.277e-01
mean_grad_res: 6.767e-02
mean_grad_bcs: 4.793e-03
mean_grad_ics: 1.556e-02
It: 4000, Loss: 1.161e-01, Loss_res: 3.505e-02,  Loss_bcs: 1.516e-01, Loss_ut_ics: 3.200e-02,, Time: 3.43
adaptive_constant_res_val: 1.467e-01
adaptive_constant_ics_val: 6.816e-02
adaptive_constant_bcs_val: 6.638e-01
mean_grad_res: 7.751e-02
mean_grad_bcs: 1.123e-02
mean_grad_ics: 1.955e-02
It: 4100, Loss: 9.349e-02, Loss_res: 1.372e-02,  Loss_bcs: 1.338e-01, Loss_ut_ics: 3.923e-02,, Time: 3.59
adaptive_constant_res_val: 5.740e-02
adaptive_constant_ics_val: 8.355e-02
adaptive_constant_bcs_val: 5.859e-01
mean_grad_res: 2.015e-02
mean_grad_bcs: 1.087e-02
mean_grad_ics: 1.977e-02
It: 4200, Loss: 9.866e-02, Loss_res: 6.798e-02,  Loss_bcs: 1.570e-01, Loss_ut_ics: 3.314e-02,, Time: 3.56
adaptive_constant_res_val: 2.845e-01
adaptive_constant_ics_val: 7.059e-02
adaptive_constant_bcs_val: 6.876e-01
mean_grad_res: 1.197e-01
mean_grad_bcs: 6.415e-03
mean_grad_ics: 4.799e-02
It: 4300, Loss: 1.173e-01, Loss_res: 3.678e-02,  Loss_bcs: 1.527e-01, Loss_ut_ics: 2.617e-02,, Time: 3.68
adaptive_constant_res_val: 1.539e-01
adaptive_constant_ics_val: 5.573e-02
adaptive_constant_bcs_val: 6.688e-01
mean_grad_res: 3.270e-02
mean_grad_bcs: 7.052e-03
mean_grad_ics: 8.823e-03
It: 4400, Loss: 1.214e-01, Loss_res: 1.234e-02,  Loss_bcs: 1.760e-01, Loss_ut_ics: 3.196e-02,, Time: 3.61
adaptive_constant_res_val: 5.164e-02
adaptive_constant_ics_val: 6.808e-02
adaptive_constant_bcs_val: 7.708e-01
mean_grad_res: 2.914e-02
mean_grad_bcs: 1.024e-02
mean_grad_ics: 2.816e-02
It: 4500, Loss: 1.245e-01, Loss_res: 2.561e-02,  Loss_bcs: 1.560e-01, Loss_ut_ics: 4.323e-02,, Time: 4.18
adaptive_constant_res_val: 1.072e-01
adaptive_constant_ics_val: 9.207e-02
adaptive_constant_bcs_val: 6.832e-01
mean_grad_res: 3.658e-02
mean_grad_bcs: 5.828e-03
mean_grad_ics: 6.445e-02
It: 4600, Loss: 1.002e-01, Loss_res: 1.111e-02,  Loss_bcs: 1.416e-01, Loss_ut_ics: 2.523e-02,, Time: 3.96
adaptive_constant_res_val: 4.650e-02
adaptive_constant_ics_val: 5.373e-02
adaptive_constant_bcs_val: 6.201e-01
mean_grad_res: 2.930e-02
mean_grad_bcs: 1.032e-02
mean_grad_ics: 1.534e-02
It: 4700, Loss: 8.995e-02, Loss_res: 2.888e-02,  Loss_bcs: 1.398e-01, Loss_ut_ics: 3.525e-02,, Time: 3.81
adaptive_constant_res_val: 1.209e-01
adaptive_constant_ics_val: 7.508e-02
adaptive_constant_bcs_val: 6.125e-01
mean_grad_res: 4.389e-02
mean_grad_bcs: 5.008e-03
mean_grad_ics: 3.469e-02
It: 4800, Loss: 9.368e-02, Loss_res: 2.302e-02,  Loss_bcs: 1.456e-01, Loss_ut_ics: 2.323e-02,, Time: 3.86
adaptive_constant_res_val: 9.633e-02
adaptive_constant_ics_val: 4.948e-02
adaptive_constant_bcs_val: 6.376e-01
mean_grad_res: 4.422e-02
mean_grad_bcs: 8.773e-03
mean_grad_ics: 2.672e-02
It: 4900, Loss: 9.299e-02, Loss_res: 3.764e-02,  Loss_bcs: 1.386e-01, Loss_ut_ics: 2.061e-02,, Time: 4.23
adaptive_constant_res_val: 1.575e-01
adaptive_constant_ics_val: 4.390e-02
adaptive_constant_bcs_val: 6.070e-01
mean_grad_res: 9.365e-02
mean_grad_bcs: 5.718e-03
mean_grad_ics: 1.221e-02
It: 5000, Loss: 9.517e-02, Loss_res: 2.330e-02,  Loss_bcs: 1.484e-01, Loss_ut_ics: 3.247e-02,, Time: 4.00
adaptive_constant_res_val: 9.749e-02
adaptive_constant_ics_val: 6.916e-02
adaptive_constant_bcs_val: 6.500e-01
mean_grad_res: 3.762e-02
mean_grad_bcs: 1.033e-02
mean_grad_ics: 3.350e-02
It: 5100, Loss: 9.748e-02, Loss_res: 3.819e-02,  Loss_bcs: 1.424e-01, Loss_ut_ics: 1.719e-02,, Time: 4.42
adaptive_constant_res_val: 1.598e-01
adaptive_constant_ics_val: 3.661e-02
adaptive_constant_bcs_val: 6.238e-01
mean_grad_res: 3.408e-02
mean_grad_bcs: 4.579e-03
mean_grad_ics: 2.995e-02
It: 5200, Loss: 9.721e-02, Loss_res: 1.249e-02,  Loss_bcs: 1.513e-01, Loss_ut_ics: 2.341e-02,, Time: 4.08
adaptive_constant_res_val: 5.228e-02
adaptive_constant_ics_val: 4.987e-02
adaptive_constant_bcs_val: 6.626e-01
mean_grad_res: 7.070e-02
mean_grad_bcs: 7.159e-03
mean_grad_ics: 1.458e-02
It: 5300, Loss: 8.604e-02, Loss_res: 1.915e-02,  Loss_bcs: 1.262e-01, Loss_ut_ics: 2.870e-02,, Time: 4.20
adaptive_constant_res_val: 8.014e-02
adaptive_constant_ics_val: 6.113e-02
adaptive_constant_bcs_val: 5.528e-01
mean_grad_res: 1.718e-02
mean_grad_bcs: 1.312e-02
mean_grad_ics: 2.036e-02
It: 5400, Loss: 7.605e-02, Loss_res: 2.030e-02,  Loss_bcs: 1.310e-01, Loss_ut_ics: 3.336e-02,, Time: 4.07
adaptive_constant_res_val: 8.493e-02
adaptive_constant_ics_val: 7.105e-02
adaptive_constant_bcs_val: 5.736e-01
mean_grad_res: 2.485e-02
mean_grad_bcs: 6.114e-03
mean_grad_ics: 4.930e-02
It: 5500, Loss: 7.891e-02, Loss_res: 2.318e-02,  Loss_bcs: 1.301e-01, Loss_ut_ics: 3.220e-02,, Time: 4.03
adaptive_constant_res_val: 9.700e-02
adaptive_constant_ics_val: 6.859e-02
adaptive_constant_bcs_val: 5.701e-01
mean_grad_res: 5.276e-02
mean_grad_bcs: 5.603e-03
mean_grad_ics: 1.857e-02
It: 5600, Loss: 7.387e-02, Loss_res: 1.241e-02,  Loss_bcs: 1.226e-01, Loss_ut_ics: 4.067e-02,, Time: 3.67
adaptive_constant_res_val: 5.194e-02
adaptive_constant_ics_val: 8.662e-02
adaptive_constant_bcs_val: 5.369e-01
mean_grad_res: 2.777e-02
mean_grad_bcs: 5.182e-03
mean_grad_ics: 2.831e-02
It: 5700, Loss: 7.536e-02, Loss_res: 1.711e-02,  Loss_bcs: 1.333e-01, Loss_ut_ics: 3.332e-02,, Time: 3.60
adaptive_constant_res_val: 7.158e-02
adaptive_constant_ics_val: 7.098e-02
adaptive_constant_bcs_val: 5.840e-01
mean_grad_res: 3.420e-02
mean_grad_bcs: 8.409e-03
mean_grad_ics: 1.096e-02
It: 5800, Loss: 7.980e-02, Loss_res: 2.381e-02,  Loss_bcs: 1.300e-01, Loss_ut_ics: 3.036e-02,, Time: 3.68
adaptive_constant_res_val: 9.961e-02
adaptive_constant_ics_val: 6.467e-02
adaptive_constant_bcs_val: 5.696e-01
mean_grad_res: 2.589e-02
mean_grad_bcs: 6.303e-03
mean_grad_ics: 1.202e-02
It: 5900, Loss: 8.843e-02, Loss_res: 3.242e-02,  Loss_bcs: 1.462e-01, Loss_ut_ics: 2.946e-02,, Time: 3.68
adaptive_constant_res_val: 1.357e-01
adaptive_constant_ics_val: 6.274e-02
adaptive_constant_bcs_val: 6.406e-01
mean_grad_res: 7.059e-02
mean_grad_bcs: 4.434e-03
mean_grad_ics: 1.381e-02
It: 6000, Loss: 8.168e-02, Loss_res: 2.178e-02,  Loss_bcs: 1.194e-01, Loss_ut_ics: 3.520e-02,, Time: 3.48
adaptive_constant_res_val: 9.114e-02
adaptive_constant_ics_val: 7.497e-02
adaptive_constant_bcs_val: 5.232e-01
mean_grad_res: 2.411e-02
mean_grad_bcs: 7.024e-03
mean_grad_ics: 1.230e-02
It: 6100, Loss: 6.088e-02, Loss_res: 1.528e-02,  Loss_bcs: 1.088e-01, Loss_ut_ics: 3.423e-02,, Time: 3.59
adaptive_constant_res_val: 6.394e-02
adaptive_constant_ics_val: 7.291e-02
adaptive_constant_bcs_val: 4.766e-01
mean_grad_res: 6.707e-02
mean_grad_bcs: 5.122e-03
mean_grad_ics: 1.875e-02
It: 6200, Loss: 6.232e-02, Loss_res: 9.984e-03,  Loss_bcs: 1.238e-01, Loss_ut_ics: 3.681e-02,, Time: 3.57
adaptive_constant_res_val: 4.178e-02
adaptive_constant_ics_val: 7.840e-02
adaptive_constant_bcs_val: 5.423e-01
mean_grad_res: 2.100e-02
mean_grad_bcs: 6.474e-03
mean_grad_ics: 1.270e-02
It: 6300, Loss: 6.842e-02, Loss_res: 1.151e-02,  Loss_bcs: 1.200e-01, Loss_ut_ics: 3.675e-02,, Time: 3.48
adaptive_constant_res_val: 4.816e-02
adaptive_constant_ics_val: 7.826e-02
adaptive_constant_bcs_val: 5.255e-01
mean_grad_res: 6.733e-02
mean_grad_bcs: 5.062e-03
mean_grad_ics: 1.222e-02
It: 6400, Loss: 7.050e-02, Loss_res: 1.887e-02,  Loss_bcs: 1.275e-01, Loss_ut_ics: 3.324e-02,, Time: 3.57
adaptive_constant_res_val: 7.897e-02
adaptive_constant_ics_val: 7.079e-02
adaptive_constant_bcs_val: 5.584e-01
mean_grad_res: 5.243e-02
mean_grad_bcs: 6.775e-03
mean_grad_ics: 1.011e-02
It: 6500, Loss: 7.803e-02, Loss_res: 1.557e-02,  Loss_bcs: 1.325e-01, Loss_ut_ics: 3.964e-02,, Time: 3.65
adaptive_constant_res_val: 6.516e-02
adaptive_constant_ics_val: 8.442e-02
adaptive_constant_bcs_val: 5.805e-01
mean_grad_res: 3.583e-02
mean_grad_bcs: 4.249e-03
mean_grad_ics: 2.715e-02
It: 6600, Loss: 7.618e-02, Loss_res: 9.292e-03,  Loss_bcs: 1.247e-01, Loss_ut_ics: 3.758e-02,, Time: 3.46
adaptive_constant_res_val: 3.888e-02
adaptive_constant_ics_val: 8.004e-02
adaptive_constant_bcs_val: 5.464e-01
mean_grad_res: 3.873e-02
mean_grad_bcs: 7.146e-03
mean_grad_ics: 1.728e-02
It: 6700, Loss: 7.547e-02, Loss_res: 2.648e-02,  Loss_bcs: 1.322e-01, Loss_ut_ics: 2.793e-02,, Time: 3.61
adaptive_constant_res_val: 1.108e-01
adaptive_constant_ics_val: 5.949e-02
adaptive_constant_bcs_val: 5.789e-01
mean_grad_res: 5.043e-02
mean_grad_bcs: 6.415e-03
mean_grad_ics: 3.989e-02
It: 6800, Loss: 7.515e-02, Loss_res: 3.925e-02,  Loss_bcs: 1.189e-01, Loss_ut_ics: 3.346e-02,, Time: 3.57
adaptive_constant_res_val: 1.642e-01
adaptive_constant_ics_val: 7.126e-02
adaptive_constant_bcs_val: 5.207e-01
mean_grad_res: 3.956e-02
mean_grad_bcs: 6.079e-03
mean_grad_ics: 5.284e-03
It: 6900, Loss: 7.515e-02, Loss_res: 1.251e-02,  Loss_bcs: 1.379e-01, Loss_ut_ics: 1.843e-02,, Time: 3.51
adaptive_constant_res_val: 5.236e-02
adaptive_constant_ics_val: 3.926e-02
adaptive_constant_bcs_val: 6.039e-01
mean_grad_res: 3.228e-02
mean_grad_bcs: 8.405e-03
mean_grad_ics: 1.468e-02
It: 7000, Loss: 8.146e-02, Loss_res: 1.283e-02,  Loss_bcs: 1.318e-01, Loss_ut_ics: 3.125e-02,, Time: 3.57
adaptive_constant_res_val: 5.367e-02
adaptive_constant_ics_val: 6.655e-02
adaptive_constant_bcs_val: 5.771e-01
mean_grad_res: 5.181e-02
mean_grad_bcs: 5.478e-03
mean_grad_ics: 1.151e-02
It: 7100, Loss: 7.217e-02, Loss_res: 1.267e-02,  Loss_bcs: 1.190e-01, Loss_ut_ics: 4.192e-02,, Time: 3.56
adaptive_constant_res_val: 5.301e-02
adaptive_constant_ics_val: 8.928e-02
adaptive_constant_bcs_val: 5.214e-01
mean_grad_res: 2.426e-02
mean_grad_bcs: 7.232e-03
mean_grad_ics: 2.878e-02
It: 7200, Loss: 6.629e-02, Loss_res: 2.159e-02,  Loss_bcs: 1.205e-01, Loss_ut_ics: 2.601e-02,, Time: 3.53
adaptive_constant_res_val: 9.035e-02
adaptive_constant_ics_val: 5.541e-02
adaptive_constant_bcs_val: 5.277e-01
mean_grad_res: 5.980e-02
mean_grad_bcs: 7.772e-03
mean_grad_ics: 1.006e-02
It: 7300, Loss: 6.976e-02, Loss_res: 2.037e-02,  Loss_bcs: 1.252e-01, Loss_ut_ics: 3.362e-02,, Time: 3.51
adaptive_constant_res_val: 8.525e-02
adaptive_constant_ics_val: 7.161e-02
adaptive_constant_bcs_val: 5.483e-01
mean_grad_res: 2.999e-02
mean_grad_bcs: 4.325e-03
mean_grad_ics: 3.329e-02
It: 7400, Loss: 6.725e-02, Loss_res: 2.142e-02,  Loss_bcs: 1.133e-01, Loss_ut_ics: 4.607e-02,, Time: 3.53
adaptive_constant_res_val: 8.965e-02
adaptive_constant_ics_val: 9.811e-02
adaptive_constant_bcs_val: 4.963e-01
mean_grad_res: 6.725e-02
mean_grad_bcs: 9.273e-03
mean_grad_ics: 1.987e-02
It: 7500, Loss: 5.743e-02, Loss_res: 1.289e-02,  Loss_bcs: 1.082e-01, Loss_ut_ics: 2.626e-02,, Time: 3.59
adaptive_constant_res_val: 5.394e-02
adaptive_constant_ics_val: 5.594e-02
adaptive_constant_bcs_val: 4.739e-01
mean_grad_res: 2.376e-02
mean_grad_bcs: 4.771e-03
mean_grad_ics: 2.888e-02
It: 7600, Loss: 6.221e-02, Loss_res: 2.116e-02,  Loss_bcs: 1.255e-01, Loss_ut_ics: 2.862e-02,, Time: 3.53
adaptive_constant_res_val: 8.856e-02
adaptive_constant_ics_val: 6.095e-02
adaptive_constant_bcs_val: 5.496e-01
mean_grad_res: 3.676e-02
mean_grad_bcs: 4.228e-03
mean_grad_ics: 3.081e-02
It: 7700, Loss: 7.461e-02, Loss_res: 3.139e-02,  Loss_bcs: 1.259e-01, Loss_ut_ics: 4.309e-02,, Time: 3.58
adaptive_constant_res_val: 1.313e-01
adaptive_constant_ics_val: 9.177e-02
adaptive_constant_bcs_val: 5.515e-01
mean_grad_res: 9.331e-02
mean_grad_bcs: 1.018e-02
mean_grad_ics: 2.645e-02
It: 7800, Loss: 6.989e-02, Loss_res: 2.507e-02,  Loss_bcs: 1.163e-01, Loss_ut_ics: 2.663e-02,, Time: 3.75
adaptive_constant_res_val: 1.049e-01
adaptive_constant_ics_val: 5.672e-02
adaptive_constant_bcs_val: 5.095e-01
mean_grad_res: 1.024e-01
mean_grad_bcs: 8.410e-03
mean_grad_ics: 6.697e-03
It: 7900, Loss: 6.336e-02, Loss_res: 3.083e-02,  Loss_bcs: 1.144e-01, Loss_ut_ics: 3.217e-02,, Time: 3.51
adaptive_constant_res_val: 1.290e-01
adaptive_constant_ics_val: 6.851e-02
adaptive_constant_bcs_val: 5.012e-01
mean_grad_res: 1.426e-01
mean_grad_bcs: 1.377e-02
mean_grad_ics: 3.628e-02
It: 8000, Loss: 6.352e-02, Loss_res: 3.572e-02,  Loss_bcs: 1.138e-01, Loss_ut_ics: 2.716e-02,, Time: 3.63
adaptive_constant_res_val: 1.495e-01
adaptive_constant_ics_val: 5.785e-02
adaptive_constant_bcs_val: 4.987e-01
mean_grad_res: 7.812e-02
mean_grad_bcs: 5.163e-03
mean_grad_ics: 1.597e-02
It: 8100, Loss: 6.738e-02, Loss_res: 2.234e-02,  Loss_bcs: 1.260e-01, Loss_ut_ics: 2.103e-02,, Time: 4.26
adaptive_constant_res_val: 9.350e-02
adaptive_constant_ics_val: 4.478e-02
adaptive_constant_bcs_val: 5.519e-01
mean_grad_res: 1.227e-01
mean_grad_bcs: 8.639e-03
mean_grad_ics: 3.484e-02
It: 8200, Loss: 6.839e-02, Loss_res: 1.751e-02,  Loss_bcs: 1.186e-01, Loss_ut_ics: 2.909e-02,, Time: 3.85
adaptive_constant_res_val: 7.327e-02
adaptive_constant_ics_val: 6.197e-02
adaptive_constant_bcs_val: 5.195e-01
mean_grad_res: 1.972e-02
mean_grad_bcs: 5.256e-03
mean_grad_ics: 1.375e-02
It: 8300, Loss: 5.507e-02, Loss_res: 2.615e-02,  Loss_bcs: 9.918e-02, Loss_ut_ics: 2.642e-02,, Time: 3.84
adaptive_constant_res_val: 1.094e-01
adaptive_constant_ics_val: 5.628e-02
adaptive_constant_bcs_val: 4.344e-01
mean_grad_res: 7.274e-02
mean_grad_bcs: 5.364e-03
mean_grad_ics: 3.414e-02
It: 8400, Loss: 5.324e-02, Loss_res: 3.883e-02,  Loss_bcs: 1.094e-01, Loss_ut_ics: 2.589e-02,, Time: 4.07
adaptive_constant_res_val: 1.625e-01
adaptive_constant_ics_val: 5.514e-02
adaptive_constant_bcs_val: 4.793e-01
mean_grad_res: 7.594e-02
mean_grad_bcs: 5.370e-03
mean_grad_ics: 3.581e-02
It: 8500, Loss: 6.071e-02, Loss_res: 3.415e-02,  Loss_bcs: 1.125e-01, Loss_ut_ics: 2.284e-02,, Time: 4.58
adaptive_constant_res_val: 1.429e-01
adaptive_constant_ics_val: 4.864e-02
adaptive_constant_bcs_val: 4.926e-01
mean_grad_res: 1.257e-01
mean_grad_bcs: 1.003e-02
mean_grad_ics: 2.852e-02
It: 8600, Loss: 5.912e-02, Loss_res: 1.159e-02,  Loss_bcs: 1.143e-01, Loss_ut_ics: 2.431e-02,, Time: 4.11
adaptive_constant_res_val: 4.850e-02
adaptive_constant_ics_val: 5.177e-02
adaptive_constant_bcs_val: 5.005e-01
mean_grad_res: 1.440e-02
mean_grad_bcs: 5.151e-03
mean_grad_ics: 1.980e-02
It: 8700, Loss: 5.650e-02, Loss_res: 1.559e-02,  Loss_bcs: 1.097e-01, Loss_ut_ics: 1.629e-02,, Time: 3.62
adaptive_constant_res_val: 6.523e-02
adaptive_constant_ics_val: 3.471e-02
adaptive_constant_bcs_val: 4.805e-01
mean_grad_res: 3.823e-02
mean_grad_bcs: 1.712e-02
mean_grad_ics: 1.647e-02
It: 8800, Loss: 5.460e-02, Loss_res: 3.623e-02,  Loss_bcs: 1.059e-01, Loss_ut_ics: 3.871e-02,, Time: 3.72
adaptive_constant_res_val: 1.516e-01
adaptive_constant_ics_val: 8.246e-02
adaptive_constant_bcs_val: 4.640e-01
mean_grad_res: 2.941e-02
mean_grad_bcs: 9.386e-03
mean_grad_ics: 3.488e-02
It: 8900, Loss: 5.301e-02, Loss_res: 1.412e-02,  Loss_bcs: 1.077e-01, Loss_ut_ics: 1.106e-02,, Time: 3.68
adaptive_constant_res_val: 5.908e-02
adaptive_constant_ics_val: 2.356e-02
adaptive_constant_bcs_val: 4.716e-01
mean_grad_res: 3.076e-02
mean_grad_bcs: 4.499e-03
mean_grad_ics: 1.784e-02
It: 9000, Loss: 4.824e-02, Loss_res: 2.562e-02,  Loss_bcs: 9.639e-02, Loss_ut_ics: 5.374e-02,, Time: 4.01
adaptive_constant_res_val: 1.072e-01
adaptive_constant_ics_val: 1.145e-01
adaptive_constant_bcs_val: 4.222e-01
mean_grad_res: 7.564e-02
mean_grad_bcs: 6.115e-03
mean_grad_ics: 1.346e-02
It: 9100, Loss: 4.748e-02, Loss_res: 1.973e-02,  Loss_bcs: 1.052e-01, Loss_ut_ics: 8.208e-03,, Time: 3.65
adaptive_constant_res_val: 8.256e-02
adaptive_constant_ics_val: 1.748e-02
adaptive_constant_bcs_val: 4.608e-01
mean_grad_res: 6.113e-02
mean_grad_bcs: 1.381e-02
mean_grad_ics: 1.948e-02
It: 9200, Loss: 5.123e-02, Loss_res: 2.629e-02,  Loss_bcs: 1.042e-01, Loss_ut_ics: 6.057e-02,, Time: 4.03
adaptive_constant_res_val: 1.100e-01
adaptive_constant_ics_val: 1.290e-01
adaptive_constant_bcs_val: 4.563e-01
mean_grad_res: 5.829e-02
mean_grad_bcs: 1.230e-02
mean_grad_ics: 2.381e-02
It: 9300, Loss: 5.060e-02, Loss_res: 2.166e-02,  Loss_bcs: 1.042e-01, Loss_ut_ics: 5.267e-03,, Time: 3.54
adaptive_constant_res_val: 9.065e-02
adaptive_constant_ics_val: 1.122e-02
adaptive_constant_bcs_val: 4.564e-01
mean_grad_res: 4.529e-02
mean_grad_bcs: 8.262e-03
mean_grad_ics: 1.435e-02
It: 9400, Loss: 4.242e-02, Loss_res: 1.450e-02,  Loss_bcs: 8.786e-02, Loss_ut_ics: 9.002e-02,, Time: 3.55
adaptive_constant_res_val: 6.068e-02
adaptive_constant_ics_val: 1.917e-01
adaptive_constant_bcs_val: 3.848e-01
mean_grad_res: 6.763e-02
mean_grad_bcs: 5.099e-03
mean_grad_ics: 1.489e-02
It: 9500, Loss: 3.671e-02, Loss_res: 2.039e-02,  Loss_bcs: 9.028e-02, Loss_ut_ics: 3.790e-03,, Time: 4.14
adaptive_constant_res_val: 8.531e-02
adaptive_constant_ics_val: 8.073e-03
adaptive_constant_bcs_val: 3.954e-01
mean_grad_res: 7.114e-02
mean_grad_bcs: 2.391e-03
mean_grad_ics: 8.522e-03
It: 9600, Loss: 4.258e-02, Loss_res: 5.973e-02,  Loss_bcs: 9.263e-02, Loss_ut_ics: 1.065e-01,, Time: 3.98
adaptive_constant_res_val: 2.499e-01
adaptive_constant_ics_val: 2.268e-01
adaptive_constant_bcs_val: 4.057e-01
mean_grad_res: 1.327e-01
mean_grad_bcs: 5.460e-03
mean_grad_ics: 1.584e-02
It: 9700, Loss: 9.730e-02, Loss_res: 7.663e-03,  Loss_bcs: 2.282e-01, Loss_ut_ics: 1.230e-02,, Time: 3.98
adaptive_constant_res_val: 3.207e-02
adaptive_constant_ics_val: 2.619e-02
adaptive_constant_bcs_val: 9.996e-01
mean_grad_res: 5.129e-03
mean_grad_bcs: 1.029e-02
mean_grad_ics: 2.216e-02
It: 9800, Loss: 1.442e-01, Loss_res: 8.200e-02,  Loss_bcs: 1.385e-01, Loss_ut_ics: 1.166e-01,, Time: 3.88
adaptive_constant_res_val: 3.431e-01
adaptive_constant_ics_val: 2.483e-01
adaptive_constant_bcs_val: 6.069e-01
mean_grad_res: 7.387e-02
mean_grad_bcs: 6.225e-03
mean_grad_ics: 5.455e-02
It: 9900, Loss: 1.003e-01, Loss_res: 4.745e-03,  Loss_bcs: 1.603e-01, Loss_ut_ics: 5.524e-03,, Time: 3.47
adaptive_constant_res_val: 1.986e-02
adaptive_constant_ics_val: 1.177e-02
adaptive_constant_bcs_val: 7.022e-01
mean_grad_res: 1.418e-02
mean_grad_bcs: 6.984e-03
mean_grad_ics: 9.628e-03
It: 10000, Loss: 8.380e-02, Loss_res: 3.651e-02,  Loss_bcs: 1.173e-01, Loss_ut_ics: 5.952e-02,, Time: 3.68
adaptive_constant_res_val: 1.527e-01
adaptive_constant_ics_val: 1.268e-01
adaptive_constant_bcs_val: 5.139e-01
mean_grad_res: 5.110e-02
mean_grad_bcs: 1.268e-02
mean_grad_ics: 4.134e-02
It: 10100, Loss: 7.015e-02, Loss_res: 5.623e-03,  Loss_bcs: 1.311e-01, Loss_ut_ics: 1.513e-02,, Time: 4.48
adaptive_constant_res_val: 2.353e-02
adaptive_constant_ics_val: 3.222e-02
adaptive_constant_bcs_val: 5.743e-01
mean_grad_res: 2.097e-02
mean_grad_bcs: 9.379e-03
mean_grad_ics: 2.334e-02
It: 10200, Loss: 7.969e-02, Loss_res: 2.131e-02,  Loss_bcs: 1.366e-01, Loss_ut_ics: 2.231e-02,, Time: 3.96
adaptive_constant_res_val: 8.918e-02
adaptive_constant_ics_val: 4.752e-02
adaptive_constant_bcs_val: 5.985e-01
mean_grad_res: 5.236e-02
mean_grad_bcs: 1.117e-02
mean_grad_ics: 1.086e-02
It: 10300, Loss: 7.749e-02, Loss_res: 8.869e-03,  Loss_bcs: 1.264e-01, Loss_ut_ics: 2.266e-02,, Time: 4.93
adaptive_constant_res_val: 3.711e-02
adaptive_constant_ics_val: 4.825e-02
adaptive_constant_bcs_val: 5.535e-01
mean_grad_res: 5.431e-03
mean_grad_bcs: 7.637e-03
mean_grad_ics: 1.495e-02
It: 10400, Loss: 7.112e-02, Loss_res: 1.320e-02,  Loss_bcs: 1.255e-01, Loss_ut_ics: 2.389e-02,, Time: 3.96
adaptive_constant_res_val: 5.521e-02
adaptive_constant_ics_val: 5.089e-02
adaptive_constant_bcs_val: 5.499e-01
mean_grad_res: 3.792e-02
mean_grad_bcs: 1.261e-02
mean_grad_ics: 1.073e-02
It: 10500, Loss: 6.896e-02, Loss_res: 9.058e-03,  Loss_bcs: 1.220e-01, Loss_ut_ics: 2.706e-02,, Time: 3.67
adaptive_constant_res_val: 3.790e-02
adaptive_constant_ics_val: 5.763e-02
adaptive_constant_bcs_val: 5.344e-01
mean_grad_res: 1.699e-02
mean_grad_bcs: 1.867e-02
mean_grad_ics: 2.910e-02
It: 10600, Loss: 6.282e-02, Loss_res: 1.344e-02,  Loss_bcs: 1.142e-01, Loss_ut_ics: 2.244e-02,, Time: 4.32
adaptive_constant_res_val: 5.623e-02
adaptive_constant_ics_val: 4.779e-02
adaptive_constant_bcs_val: 5.002e-01
mean_grad_res: 3.040e-02
mean_grad_bcs: 1.668e-02
mean_grad_ics: 3.613e-02
It: 10700, Loss: 6.728e-02, Loss_res: 8.517e-03,  Loss_bcs: 1.305e-01, Loss_ut_ics: 3.175e-02,, Time: 4.40
adaptive_constant_res_val: 3.564e-02
adaptive_constant_ics_val: 6.763e-02
adaptive_constant_bcs_val: 5.717e-01
mean_grad_res: 1.834e-02
mean_grad_bcs: 7.264e-03
mean_grad_ics: 3.829e-02
It: 10800, Loss: 8.003e-02, Loss_res: 1.213e-02,  Loss_bcs: 1.371e-01, Loss_ut_ics: 1.799e-02,, Time: 4.33
adaptive_constant_res_val: 5.074e-02
adaptive_constant_ics_val: 3.833e-02
adaptive_constant_bcs_val: 6.006e-01
mean_grad_res: 1.785e-02
mean_grad_bcs: 1.567e-02
mean_grad_ics: 7.884e-03
