It: 0, loss: 7.182e-01| loss_res: 2.460e-01| loss_f: 3.609e-01| loss_bc1: 3.924e-02| loss_bc2: 1.410e-01| loss_bc3: 3.854e-02| loss_bc4: 1.384e-01|Time: 0.90
mean_grad_res: 0.017892
mean_grad_bcs: 0.083979
Gradients information stored ...
It: 100, loss: 2.585e-01| loss_res: 2.649e-01| loss_f: 2.580e-01| loss_bc1: 2.139e-05| loss_bc2: 3.734e-05| loss_bc3: 2.872e-05| loss_bc4: 2.888e-05|Time: 0.00
mean_grad_res: 0.004707
mean_grad_bcs: 0.021061
Gradients information stored ...
It: 200, loss: 2.745e-01| loss_res: 2.180e-01| loss_f: 2.728e-01| loss_bc1: 6.790e-05| loss_bc2: 1.043e-04| loss_bc3: 9.529e-05| loss_bc4: 1.202e-04|Time: 0.00
mean_grad_res: 0.004559
mean_grad_bcs: 0.010598
It: 300, loss: 3.198e-01| loss_res: 1.895e-01| loss_f: 3.181e-01| loss_bc1: 7.991e-05| loss_bc2: 6.346e-05| loss_bc3: 2.150e-04| loss_bc4: 5.113e-05|Time: 0.00
mean_grad_res: 0.004362
mean_grad_bcs: 0.011770
It: 400, loss: 2.905e-01| loss_res: 2.319e-01| loss_f: 2.887e-01| loss_bc1: 3.620e-05| loss_bc2: 3.565e-05| loss_bc3: 1.969e-04| loss_bc4: 1.486e-04|Time: 0.00
mean_grad_res: 0.004120
mean_grad_bcs: 0.018893
It: 500, loss: 3.324e-01| loss_res: 2.624e-01| loss_f: 3.311e-01| loss_bc1: 8.882e-05| loss_bc2: 5.868e-05| loss_bc3: 9.467e-05| loss_bc4: 7.716e-05|Time: 0.00
mean_grad_res: 0.005129
mean_grad_bcs: 0.008045
It: 600, loss: 2.819e-01| loss_res: 2.925e-01| loss_f: 2.810e-01| loss_bc1: 8.582e-06| loss_bc2: 7.226e-06| loss_bc3: 9.503e-05| loss_bc4: 9.943e-05|Time: 0.01
mean_grad_res: 0.002275
mean_grad_bcs: 0.013652
It: 700, loss: 2.972e-01| loss_res: 2.410e-01| loss_f: 2.968e-01| loss_bc1: 2.840e-05| loss_bc2: 1.929e-06| loss_bc3: 3.893e-06| loss_bc4: 4.987e-05|Time: 0.00
mean_grad_res: 0.003479
mean_grad_bcs: 0.001513
It: 800, loss: 3.440e-01| loss_res: 2.302e-01| loss_f: 3.419e-01| loss_bc1: 1.637e-04| loss_bc2: 9.688e-06| loss_bc3: 4.491e-05| loss_bc4: 2.979e-04|Time: 0.00
mean_grad_res: 0.011459
mean_grad_bcs: 0.030483
It: 900, loss: 2.574e-01| loss_res: 2.539e-01| loss_f: 2.561e-01| loss_bc1: 8.923e-05| loss_bc2: 4.756e-05| loss_bc3: 9.912e-05| loss_bc4: 7.174e-05|Time: 0.00
mean_grad_res: 0.008079
mean_grad_bcs: 0.008058
It: 1000, loss: 2.866e-01| loss_res: 1.922e-01| loss_f: 2.866e-01| loss_bc1: 7.486e-06| loss_bc2: 6.108e-06| loss_bc3: 1.309e-06| loss_bc4: 1.636e-06|Time: 0.00
mean_grad_res: 0.004451
mean_grad_bcs: 0.023606
Gradients information stored ...
It: 1100, loss: 2.772e-01| loss_res: 2.867e-01| loss_f: 2.760e-01| loss_bc1: 1.738e-05| loss_bc2: 6.202e-05| loss_bc3: 1.269e-04| loss_bc4: 8.547e-05|Time: 0.00
mean_grad_res: 0.008600
mean_grad_bcs: 0.015044
It: 1200, loss: 2.481e-01| loss_res: 2.532e-01| loss_f: 2.467e-01| loss_bc1: 1.012e-04| loss_bc2: 5.749e-05| loss_bc3: 1.050e-04| loss_bc4: 5.274e-05|Time: 0.00
mean_grad_res: 0.009000
mean_grad_bcs: 0.017434
It: 1300, loss: 2.378e-01| loss_res: 2.893e-01| loss_f: 2.376e-01| loss_bc1: 5.471e-06| loss_bc2: 4.881e-06| loss_bc3: 3.109e-05| loss_bc4: 2.186e-05|Time: 0.00
mean_grad_res: 0.000951
mean_grad_bcs: 0.006387
It: 1400, loss: 2.684e-01| loss_res: 2.682e-01| loss_f: 2.638e-01| loss_bc1: 5.798e-04| loss_bc2: 6.454e-05| loss_bc3: 7.164e-05| loss_bc4: 3.700e-04|Time: 0.00
mean_grad_res: 0.004203
mean_grad_bcs: 0.010939
It: 1500, loss: 2.853e-01| loss_res: 2.387e-01| loss_f: 2.850e-01| loss_bc1: 1.703e-05| loss_bc2: 4.520e-06| loss_bc3: 3.075e-06| loss_bc4: 2.486e-05|Time: 0.01
mean_grad_res: 0.009834
mean_grad_bcs: 0.028197
It: 1600, loss: 2.421e-01| loss_res: 2.427e-01| loss_f: 2.408e-01| loss_bc1: 1.029e-04| loss_bc2: 4.426e-05| loss_bc3: 4.150e-05| loss_bc4: 1.262e-04|Time: 0.00
mean_grad_res: 0.001620
mean_grad_bcs: 0.010699
It: 1700, loss: 3.224e-01| loss_res: 2.248e-01| loss_f: 3.221e-01| loss_bc1: 8.772e-06| loss_bc2: 3.956e-05| loss_bc3: 9.735e-06| loss_bc4: 1.747e-05|Time: 0.00
mean_grad_res: 0.003145
mean_grad_bcs: 0.015120
It: 1800, loss: 2.726e-01| loss_res: 2.288e-01| loss_f: 2.709e-01| loss_bc1: 6.271e-05| loss_bc2: 1.490e-04| loss_bc3: 4.562e-05| loss_bc4: 1.296e-04|Time: 0.00
mean_grad_res: 0.002578
mean_grad_bcs: 0.013849
It: 1900, loss: 2.746e-01| loss_res: 2.655e-01| loss_f: 2.741e-01| loss_bc1: 8.979e-06| loss_bc2: 6.590e-05| loss_bc3: 2.229e-05| loss_bc4: 5.037e-06|Time: 0.00
mean_grad_res: 0.015325
mean_grad_bcs: 0.014890
It: 2000, loss: 3.071e-01| loss_res: 2.264e-01| loss_f: 3.064e-01| loss_bc1: 7.256e-05| loss_bc2: 4.668e-06| loss_bc3: 6.594e-06| loss_bc4: 7.467e-05|Time: 0.01
mean_grad_res: 0.003221
mean_grad_bcs: 0.009867
It: 2100, loss: 2.677e-01| loss_res: 2.826e-01| loss_f: 2.675e-01| loss_bc1: 8.688e-06| loss_bc2: 2.267e-05| loss_bc3: 1.466e-05| loss_bc4: 6.646e-06|Time: 0.00
mean_grad_res: 0.000535
mean_grad_bcs: 0.006867
It: 2200, loss: 2.840e-01| loss_res: 2.987e-01| loss_f: 2.833e-01| loss_bc1: 4.172e-05| loss_bc2: 2.906e-05| loss_bc3: 8.075e-05| loss_bc4: 1.907e-05|Time: 0.00
mean_grad_res: 0.002454
mean_grad_bcs: 0.009876
It: 2300, loss: 2.925e-01| loss_res: 2.578e-01| loss_f: 2.906e-01| loss_bc1: 1.744e-04| loss_bc2: 8.830e-05| loss_bc3: 1.190e-04| loss_bc4: 5.260e-05|Time: 0.00
mean_grad_res: 0.005307
mean_grad_bcs: 0.008280
It: 2400, loss: 2.501e-01| loss_res: 2.476e-01| loss_f: 2.497e-01| loss_bc1: 2.404e-05| loss_bc2: 5.985e-05| loss_bc3: 5.752e-06| loss_bc4: 1.851e-05|Time: 0.01
mean_grad_res: 0.006005
mean_grad_bcs: 0.002271
It: 2500, loss: 2.600e-01| loss_res: 2.461e-01| loss_f: 2.589e-01| loss_bc1: 4.803e-05| loss_bc2: 1.588e-04| loss_bc3: 3.716e-05| loss_bc4: 1.315e-05|Time: 0.00
mean_grad_res: 0.003170
mean_grad_bcs: 0.013336
It: 2600, loss: 3.124e-01| loss_res: 2.586e-01| loss_f: 3.106e-01| loss_bc1: 8.762e-05| loss_bc2: 1.008e-04| loss_bc3: 9.117e-05| loss_bc4: 1.266e-04|Time: 0.00
mean_grad_res: 0.009278
mean_grad_bcs: 0.019274
It: 2700, loss: 2.981e-01| loss_res: 2.626e-01| loss_f: 2.980e-01| loss_bc1: 4.118e-06| loss_bc2: 1.782e-06| loss_bc3: 1.158e-06| loss_bc4: 3.418e-06|Time: 0.00
mean_grad_res: 0.002585
mean_grad_bcs: 0.007077
It: 2800, loss: 2.664e-01| loss_res: 2.964e-01| loss_f: 2.656e-01| loss_bc1: 1.039e-04| loss_bc2: 1.173e-05| loss_bc3: 6.101e-06| loss_bc4: 5.513e-05|Time: 0.00
mean_grad_res: 0.001714
mean_grad_bcs: 0.009092
It: 2900, loss: 2.545e-01| loss_res: 2.761e-01| loss_f: 2.541e-01| loss_bc1: 3.399e-05| loss_bc2: 2.873e-05| loss_bc3: 1.361e-05| loss_bc4: 9.185e-06|Time: 0.00
mean_grad_res: 0.002920
mean_grad_bcs: 0.007784
It: 3000, loss: 3.046e-01| loss_res: 2.476e-01| loss_f: 3.039e-01| loss_bc1: 7.190e-05| loss_bc2: 2.222e-05| loss_bc3: 4.347e-05| loss_bc4: 1.901e-05|Time: 0.00
mean_grad_res: 0.004981
mean_grad_bcs: 0.003008
It: 3100, loss: 2.627e-01| loss_res: 2.224e-01| loss_f: 2.624e-01| loss_bc1: 2.933e-06| loss_bc2: 2.755e-05| loss_bc3: 4.789e-05| loss_bc4: 1.526e-06|Time: 0.00
mean_grad_res: 0.001626
mean_grad_bcs: 0.006578
It: 3200, loss: 2.946e-01| loss_res: 2.262e-01| loss_f: 2.941e-01| loss_bc1: 3.164e-05| loss_bc2: 5.311e-05| loss_bc3: 1.443e-05| loss_bc4: 3.221e-05|Time: 0.00
mean_grad_res: 0.001828
mean_grad_bcs: 0.003412
It: 3300, loss: 2.747e-01| loss_res: 2.269e-01| loss_f: 2.741e-01| loss_bc1: 1.368e-06| loss_bc2: 6.774e-05| loss_bc3: 6.906e-05| loss_bc4: 3.548e-06|Time: 0.01
mean_grad_res: 0.005218
mean_grad_bcs: 0.010422
It: 3400, loss: 2.874e-01| loss_res: 3.033e-01| loss_f: 2.870e-01| loss_bc1: 4.375e-05| loss_bc2: 9.425e-06| loss_bc3: 3.057e-05| loss_bc4: 1.944e-05|Time: 0.00
mean_grad_res: 0.004935
mean_grad_bcs: 0.013499
It: 3500, loss: 2.749e-01| loss_res: 2.719e-01| loss_f: 2.749e-01| loss_bc1: 6.302e-06| loss_bc2: 2.106e-06| loss_bc3: 1.614e-06| loss_bc4: 4.396e-06|Time: 0.00
mean_grad_res: 0.004806
mean_grad_bcs: 0.000958
It: 3600, loss: 3.115e-01| loss_res: 2.280e-01| loss_f: 3.112e-01| loss_bc1: 1.484e-05| loss_bc2: 8.802e-06| loss_bc3: 2.731e-05| loss_bc4: 9.783e-06|Time: 0.00
mean_grad_res: 0.001055
mean_grad_bcs: 0.003842
It: 3700, loss: 2.655e-01| loss_res: 2.153e-01| loss_f: 2.653e-01| loss_bc1: 1.744e-05| loss_bc2: 2.353e-05| loss_bc3: 5.725e-06| loss_bc4: 3.624e-06|Time: 0.00
mean_grad_res: 0.006172
mean_grad_bcs: 0.001982
It: 3800, loss: 2.707e-01| loss_res: 2.326e-01| loss_f: 2.700e-01| loss_bc1: 1.048e-04| loss_bc2: 1.687e-05| loss_bc3: 8.940e-06| loss_bc4: 4.018e-05|Time: 0.00
mean_grad_res: 0.002556
mean_grad_bcs: 0.013250
It: 3900, loss: 2.753e-01| loss_res: 2.688e-01| loss_f: 2.751e-01| loss_bc1: 9.221e-06| loss_bc2: 6.424e-06| loss_bc3: 1.495e-05| loss_bc4: 1.607e-05|Time: 0.00
mean_grad_res: 0.007974
mean_grad_bcs: 0.008803
It: 4000, loss: 2.873e-01| loss_res: 2.337e-01| loss_f: 2.867e-01| loss_bc1: 3.090e-05| loss_bc2: 2.256e-05| loss_bc3: 4.857e-05| loss_bc4: 4.173e-05|Time: 0.00
mean_grad_res: 0.002160
mean_grad_bcs: 0.011343
It: 4100, loss: 2.893e-01| loss_res: 2.497e-01| loss_f: 2.888e-01| loss_bc1: 5.071e-05| loss_bc2: 4.455e-05| loss_bc3: 1.191e-05| loss_bc4: 9.484e-06|Time: 0.00
mean_grad_res: 0.004319
mean_grad_bcs: 0.010062
It: 4200, loss: 2.733e-01| loss_res: 2.278e-01| loss_f: 2.721e-01| loss_bc1: 2.429e-05| loss_bc2: 2.000e-05| loss_bc3: 1.656e-04| loss_bc4: 6.853e-05|Time: 0.01
mean_grad_res: 0.002004
mean_grad_bcs: 0.007093
It: 4300, loss: 2.794e-01| loss_res: 2.339e-01| loss_f: 2.784e-01| loss_bc1: 4.019e-05| loss_bc2: 1.417e-04| loss_bc3: 2.230e-05| loss_bc4: 2.951e-05|Time: 0.00
mean_grad_res: 0.002265
mean_grad_bcs: 0.013005
It: 4400, loss: 3.123e-01| loss_res: 2.610e-01| loss_f: 3.118e-01| loss_bc1: 6.082e-05| loss_bc2: 2.638e-05| loss_bc3: 1.872e-05| loss_bc4: 1.852e-05|Time: 0.01
mean_grad_res: 0.000752
mean_grad_bcs: 0.005635
It: 4500, loss: 2.694e-01| loss_res: 2.401e-01| loss_f: 2.690e-01| loss_bc1: 4.327e-05| loss_bc2: 2.169e-05| loss_bc3: 2.517e-05| loss_bc4: 9.548e-06|Time: 0.00
mean_grad_res: 0.001763
mean_grad_bcs: 0.010038
It: 4600, loss: 2.682e-01| loss_res: 2.482e-01| loss_f: 2.678e-01| loss_bc1: 1.476e-05| loss_bc2: 1.397e-05| loss_bc3: 5.329e-05| loss_bc4: 1.214e-05|Time: 0.00
mean_grad_res: 0.004967
mean_grad_bcs: 0.001268
It: 4700, loss: 2.694e-01| loss_res: 2.813e-01| loss_f: 2.688e-01| loss_bc1: 2.922e-05| loss_bc2: 1.899e-05| loss_bc3: 6.137e-05| loss_bc4: 2.175e-05|Time: 0.01
mean_grad_res: 0.002284
mean_grad_bcs: 0.007864
It: 4800, loss: 2.740e-01| loss_res: 2.745e-01| loss_f: 2.738e-01| loss_bc1: 1.475e-05| loss_bc2: 1.186e-06| loss_bc3: 1.257e-06| loss_bc4: 1.487e-05|Time: 0.00
mean_grad_res: 0.003172
mean_grad_bcs: 0.004709
It: 4900, loss: 2.756e-01| loss_res: 2.502e-01| loss_f: 2.754e-01| loss_bc1: 9.052e-06| loss_bc2: 6.410e-06| loss_bc3: 1.233e-05| loss_bc4: 1.097e-05|Time: 0.00
mean_grad_res: 0.002728
mean_grad_bcs: 0.003014
It: 5000, loss: 3.065e-01| loss_res: 2.448e-01| loss_f: 3.065e-01| loss_bc1: 9.474e-07| loss_bc2: 1.730e-06| loss_bc3: 2.006e-06| loss_bc4: 2.167e-07|Time: 0.00
mean_grad_res: 0.006002
mean_grad_bcs: 0.002997
It: 5100, loss: 3.035e-01| loss_res: 2.402e-01| loss_f: 3.034e-01| loss_bc1: 6.824e-06| loss_bc2: 5.605e-06| loss_bc3: 4.450e-06| loss_bc4: 8.289e-06|Time: 0.01
mean_grad_res: 0.002406
mean_grad_bcs: 0.003349
It: 5200, loss: 2.764e-01| loss_res: 2.537e-01| loss_f: 2.763e-01| loss_bc1: 5.539e-06| loss_bc2: 1.376e-05| loss_bc3: 1.400e-05| loss_bc4: 7.910e-06|Time: 0.00
mean_grad_res: 0.001939
mean_grad_bcs: 0.001665
It: 5300, loss: 2.552e-01| loss_res: 2.315e-01| loss_f: 2.547e-01| loss_bc1: 7.114e-06| loss_bc2: 8.983e-06| loss_bc3: 5.042e-05| loss_bc4: 4.790e-05|Time: 0.00
mean_grad_res: 0.003000
mean_grad_bcs: 0.004126
It: 5400, loss: 2.835e-01| loss_res: 2.564e-01| loss_f: 2.827e-01| loss_bc1: 5.807e-05| loss_bc2: 8.375e-05| loss_bc3: 1.917e-05| loss_bc4: 3.504e-05|Time: 0.00
mean_grad_res: 0.003126
mean_grad_bcs: 0.004326
It: 5500, loss: 2.674e-01| loss_res: 2.479e-01| loss_f: 2.673e-01| loss_bc1: 2.993e-06| loss_bc2: 1.453e-07| loss_bc3: 4.031e-07| loss_bc4: 2.298e-06|Time: 0.01
mean_grad_res: 0.002895
mean_grad_bcs: 0.000885
It: 5600, loss: 2.680e-01| loss_res: 3.114e-01| loss_f: 2.677e-01| loss_bc1: 2.587e-05| loss_bc2: 3.152e-06| loss_bc3: 2.357e-05| loss_bc4: 8.117e-06|Time: 0.00
mean_grad_res: 0.004249
mean_grad_bcs: 0.000540
It: 5700, loss: 2.787e-01| loss_res: 2.643e-01| loss_f: 2.782e-01| loss_bc1: 5.745e-05| loss_bc2: 1.389e-05| loss_bc3: 3.530e-05| loss_bc4: 2.002e-05|Time: 0.00
mean_grad_res: 0.001862
mean_grad_bcs: 0.005169
It: 5800, loss: 2.534e-01| loss_res: 2.563e-01| loss_f: 2.532e-01| loss_bc1: 3.177e-06| loss_bc2: 1.079e-05| loss_bc3: 6.736e-06| loss_bc4: 1.273e-05|Time: 0.01
mean_grad_res: 0.001168
mean_grad_bcs: 0.003496
It: 5900, loss: 2.726e-01| loss_res: 2.564e-01| loss_f: 2.724e-01| loss_bc1: 2.201e-05| loss_bc2: 1.443e-05| loss_bc3: 1.194e-05| loss_bc4: 5.393e-06|Time: 0.00
mean_grad_res: 0.001810
mean_grad_bcs: 0.005075
It: 6000, loss: 2.986e-01| loss_res: 2.330e-01| loss_f: 2.986e-01| loss_bc1: 6.656e-06| loss_bc2: 3.793e-06| loss_bc3: 2.008e-06| loss_bc4: 4.752e-06|Time: 0.00
mean_grad_res: 0.001448
mean_grad_bcs: 0.002696
It: 6100, loss: 2.864e-01| loss_res: 2.307e-01| loss_f: 2.861e-01| loss_bc1: 4.084e-05| loss_bc2: 1.969e-05| loss_bc3: 3.684e-06| loss_bc4: 7.605e-06|Time: 0.00
mean_grad_res: 0.001598
mean_grad_bcs: 0.003060
It: 6200, loss: 2.688e-01| loss_res: 2.439e-01| loss_f: 2.687e-01| loss_bc1: 6.623e-06| loss_bc2: 7.485e-06| loss_bc3: 1.120e-06| loss_bc4: 1.657e-06|Time: 0.00
mean_grad_res: 0.003324
mean_grad_bcs: 0.000977
It: 6300, loss: 2.392e-01| loss_res: 2.223e-01| loss_f: 2.391e-01| loss_bc1: 5.316e-07| loss_bc2: 7.023e-07| loss_bc3: 6.676e-06| loss_bc4: 8.318e-06|Time: 0.00
mean_grad_res: 0.000979
mean_grad_bcs: 0.002097
It: 6400, loss: 3.032e-01| loss_res: 2.660e-01| loss_f: 3.026e-01| loss_bc1: 3.889e-05| loss_bc2: 8.178e-05| loss_bc3: 2.326e-05| loss_bc4: 1.175e-06|Time: 0.01
mean_grad_res: 0.001327
mean_grad_bcs: 0.004116
It: 6500, loss: 2.069e-01| loss_res: 2.506e-01| loss_f: 2.068e-01| loss_bc1: 1.071e-05| loss_bc2: 4.000e-06| loss_bc3: 8.703e-07| loss_bc4: 6.038e-06|Time: 0.00
mean_grad_res: 0.001361
mean_grad_bcs: 0.002580
It: 6600, loss: 2.638e-01| loss_res: 2.404e-01| loss_f: 2.637e-01| loss_bc1: 1.031e-05| loss_bc2: 1.105e-05| loss_bc3: 1.373e-06| loss_bc4: 1.350e-06|Time: 0.01
mean_grad_res: 0.002880
mean_grad_bcs: 0.001651
It: 6700, loss: 2.109e-01| loss_res: 2.250e-01| loss_f: 2.102e-01| loss_bc1: 2.155e-05| loss_bc2: 8.487e-05| loss_bc3: 5.818e-05| loss_bc4: 7.353e-06|Time: 0.00
mean_grad_res: 0.002374
mean_grad_bcs: 0.002176
It: 6800, loss: 2.846e-01| loss_res: 2.300e-01| loss_f: 2.844e-01| loss_bc1: 1.971e-05| loss_bc2: 4.851e-06| loss_bc3: 7.747e-06| loss_bc4: 2.416e-05|Time: 0.01
mean_grad_res: 0.001935
mean_grad_bcs: 0.001180
It: 6900, loss: 2.692e-01| loss_res: 2.585e-01| loss_f: 2.691e-01| loss_bc1: 1.411e-06| loss_bc2: 1.202e-05| loss_bc3: 9.385e-06| loss_bc4: 2.474e-06|Time: 0.00
mean_grad_res: 0.002743
mean_grad_bcs: 0.002474
It: 7000, loss: 3.173e-01| loss_res: 2.742e-01| loss_f: 3.164e-01| loss_bc1: 8.073e-05| loss_bc2: 1.058e-04| loss_bc3: 8.826e-06| loss_bc4: 7.069e-06|Time: 0.00
mean_grad_res: 0.003044
mean_grad_bcs: 0.003920
It: 7100, loss: 2.613e-01| loss_res: 3.227e-01| loss_f: 2.612e-01| loss_bc1: 6.243e-06| loss_bc2: 1.671e-05| loss_bc3: 8.110e-06| loss_bc4: 1.646e-06|Time: 0.00
mean_grad_res: 0.001395
mean_grad_bcs: 0.001424
It: 7200, loss: 2.569e-01| loss_res: 3.279e-01| loss_f: 2.567e-01| loss_bc1: 1.362e-05| loss_bc2: 2.519e-05| loss_bc3: 5.795e-06| loss_bc4: 8.954e-07|Time: 0.00
mean_grad_res: 0.001314
mean_grad_bcs: 0.002608
It: 7300, loss: 2.431e-01| loss_res: 2.741e-01| loss_f: 2.430e-01| loss_bc1: 2.203e-06| loss_bc2: 3.236e-06| loss_bc3: 7.303e-06| loss_bc4: 1.917e-05|Time: 0.00
mean_grad_res: 0.002871
mean_grad_bcs: 0.001165
It: 7400, loss: 2.734e-01| loss_res: 2.701e-01| loss_f: 2.730e-01| loss_bc1: 2.750e-05| loss_bc2: 1.248e-05| loss_bc3: 4.304e-05| loss_bc4: 1.733e-05|Time: 0.00
mean_grad_res: 0.002266
mean_grad_bcs: 0.003813
It: 7500, loss: 2.447e-01| loss_res: 2.652e-01| loss_f: 2.441e-01| loss_bc1: 6.283e-05| loss_bc2: 1.938e-05| loss_bc3: 3.249e-06| loss_bc4: 4.991e-05|Time: 0.00
mean_grad_res: 0.000389
mean_grad_bcs: 0.003104
It: 7600, loss: 2.912e-01| loss_res: 2.884e-01| loss_f: 2.911e-01| loss_bc1: 6.594e-07| loss_bc2: 6.381e-06| loss_bc3: 9.405e-06| loss_bc4: 2.038e-06|Time: 0.00
mean_grad_res: 0.002662
mean_grad_bcs: 0.001416
It: 7700, loss: 2.846e-01| loss_res: 2.018e-01| loss_f: 2.846e-01| loss_bc1: 2.411e-06| loss_bc2: 4.544e-06| loss_bc3: 2.534e-06| loss_bc4: 1.242e-06|Time: 0.02
mean_grad_res: 0.002153
mean_grad_bcs: 0.000492
It: 7800, loss: 2.994e-01| loss_res: 2.234e-01| loss_f: 2.991e-01| loss_bc1: 1.007e-05| loss_bc2: 3.899e-05| loss_bc3: 6.195e-06| loss_bc4: 1.240e-05|Time: 0.00
mean_grad_res: 0.000981
mean_grad_bcs: 0.002134
It: 7900, loss: 2.619e-01| loss_res: 2.314e-01| loss_f: 2.615e-01| loss_bc1: 1.238e-05| loss_bc2: 1.100e-05| loss_bc3: 3.320e-05| loss_bc4: 3.609e-05|Time: 0.00
mean_grad_res: 0.002136
mean_grad_bcs: 0.003011
It: 8000, loss: 3.443e-01| loss_res: 2.138e-01| loss_f: 3.441e-01| loss_bc1: 3.213e-06| loss_bc2: 3.020e-06| loss_bc3: 3.109e-05| loss_bc4: 2.471e-05|Time: 0.00
mean_grad_res: 0.002535
mean_grad_bcs: 0.001540
It: 8100, loss: 2.861e-01| loss_res: 2.329e-01| loss_f: 2.859e-01| loss_bc1: 6.230e-06| loss_bc2: 2.511e-05| loss_bc3: 7.725e-06| loss_bc4: 5.806e-06|Time: 0.00
mean_grad_res: 0.001373
mean_grad_bcs: 0.001995
It: 8200, loss: 2.752e-01| loss_res: 2.827e-01| loss_f: 2.750e-01| loss_bc1: 2.467e-05| loss_bc2: 9.141e-06| loss_bc3: 2.929e-06| loss_bc4: 1.840e-05|Time: 0.01
mean_grad_res: 0.000585
mean_grad_bcs: 0.001589
It: 8300, loss: 2.689e-01| loss_res: 2.655e-01| loss_f: 2.685e-01| loss_bc1: 7.080e-06| loss_bc2: 3.487e-05| loss_bc3: 3.312e-05| loss_bc4: 5.332e-06|Time: 0.00
mean_grad_res: 0.002115
mean_grad_bcs: 0.002134
It: 8400, loss: 2.774e-01| loss_res: 2.432e-01| loss_f: 2.773e-01| loss_bc1: 8.991e-07| loss_bc2: 4.456e-06| loss_bc3: 4.468e-06| loss_bc4: 5.691e-07|Time: 0.00
mean_grad_res: 0.001075
mean_grad_bcs: 0.000464
It: 8500, loss: 3.220e-01| loss_res: 2.479e-01| loss_f: 3.218e-01| loss_bc1: 1.518e-05| loss_bc2: 5.298e-06| loss_bc3: 7.507e-06| loss_bc4: 2.080e-05|Time: 0.00
mean_grad_res: 0.001464
mean_grad_bcs: 0.000319
It: 8600, loss: 2.881e-01| loss_res: 2.654e-01| loss_f: 2.879e-01| loss_bc1: 7.139e-06| loss_bc2: 1.240e-05| loss_bc3: 1.300e-05| loss_bc4: 7.599e-06|Time: 0.01
mean_grad_res: 0.001293
mean_grad_bcs: 0.001914
It: 8700, loss: 2.719e-01| loss_res: 2.825e-01| loss_f: 2.718e-01| loss_bc1: 3.119e-06| loss_bc2: 4.167e-06| loss_bc3: 4.918e-06| loss_bc4: 3.565e-06|Time: 0.00
mean_grad_res: 0.001190
mean_grad_bcs: 0.000891
It: 8800, loss: 3.085e-01| loss_res: 2.444e-01| loss_f: 3.081e-01| loss_bc1: 3.157e-05| loss_bc2: 2.846e-05| loss_bc3: 2.224e-05| loss_bc4: 2.764e-05|Time: 0.00
mean_grad_res: 0.002106
mean_grad_bcs: 0.000427
It: 8900, loss: 2.754e-01| loss_res: 2.584e-01| loss_f: 2.753e-01| loss_bc1: 2.389e-06| loss_bc2: 1.421e-05| loss_bc3: 4.949e-06| loss_bc4: 2.303e-06|Time: 0.01
mean_grad_res: 0.000482
mean_grad_bcs: 0.001255
It: 9000, loss: 3.020e-01| loss_res: 2.535e-01| loss_f: 3.017e-01| loss_bc1: 5.201e-05| loss_bc2: 1.870e-05| loss_bc3: 1.485e-06| loss_bc4: 1.100e-05|Time: 0.00
mean_grad_res: 0.002371
mean_grad_bcs: 0.001131
It: 9100, loss: 2.530e-01| loss_res: 2.442e-01| loss_f: 2.528e-01| loss_bc1: 1.547e-05| loss_bc2: 9.864e-06| loss_bc3: 6.208e-06| loss_bc4: 1.257e-05|Time: 0.00
mean_grad_res: 0.001510
mean_grad_bcs: 0.000366
It: 9200, loss: 2.751e-01| loss_res: 2.225e-01| loss_f: 2.750e-01| loss_bc1: 6.433e-06| loss_bc2: 1.882e-06| loss_bc3: 4.938e-06| loss_bc4: 7.187e-07|Time: 0.00
mean_grad_res: 0.001340
mean_grad_bcs: 0.000985
It: 9300, loss: 2.926e-01| loss_res: 2.361e-01| loss_f: 2.925e-01| loss_bc1: 2.407e-05| loss_bc2: 1.931e-06| loss_bc3: 4.263e-06| loss_bc4: 1.125e-05|Time: 0.00
mean_grad_res: 0.002070
mean_grad_bcs: 0.001506
It: 9400, loss: 2.730e-01| loss_res: 2.841e-01| loss_f: 2.729e-01| loss_bc1: 1.970e-06| loss_bc2: 4.769e-06| loss_bc3: 1.522e-06| loss_bc4: 6.592e-06|Time: 0.00
mean_grad_res: 0.000688
mean_grad_bcs: 0.000779
It: 9500, loss: 2.624e-01| loss_res: 2.774e-01| loss_f: 2.623e-01| loss_bc1: 6.623e-06| loss_bc2: 1.004e-05| loss_bc3: 1.926e-06| loss_bc4: 8.664e-07|Time: 0.00
mean_grad_res: 0.002092
mean_grad_bcs: 0.000247
It: 9600, loss: 2.988e-01| loss_res: 2.304e-01| loss_f: 2.987e-01| loss_bc1: 3.370e-06| loss_bc2: 1.092e-05| loss_bc3: 1.206e-05| loss_bc4: 2.696e-06|Time: 0.00
mean_grad_res: 0.001025
mean_grad_bcs: 0.000853
It: 9700, loss: 3.286e-01| loss_res: 2.606e-01| loss_f: 3.282e-01| loss_bc1: 5.810e-05| loss_bc2: 2.047e-05| loss_bc3: 3.694e-06| loss_bc4: 2.543e-05|Time: 0.00
mean_grad_res: 0.001994
mean_grad_bcs: 0.000948
It: 9800, loss: 2.567e-01| loss_res: 2.988e-01| loss_f: 2.565e-01| loss_bc1: 7.990e-06| loss_bc2: 1.987e-05| loss_bc3: 5.630e-06| loss_bc4: 1.232e-07|Time: 0.00
mean_grad_res: 0.000484
mean_grad_bcs: 0.000533
It: 9900, loss: 2.921e-01| loss_res: 2.746e-01| loss_f: 2.919e-01| loss_bc1: 8.165e-06| loss_bc2: 1.674e-05| loss_bc3: 2.014e-05| loss_bc4: 6.455e-06|Time: 0.00
mean_grad_res: 0.001050
mean_grad_bcs: 0.000921
It: 10000, loss: 2.971e-01| loss_res: 1.985e-01| loss_f: 2.970e-01| loss_bc1: 2.007e-07| loss_bc2: 5.789e-07| loss_bc3: 7.358e-06| loss_bc4: 7.940e-06|Time: 0.00
mean_grad_res: 0.001162
mean_grad_bcs: 0.000381
It: 10100, loss: 3.006e-01| loss_res: 2.431e-01| loss_f: 3.004e-01| loss_bc1: 3.121e-05| loss_bc2: 3.034e-06| loss_bc3: 8.619e-07| loss_bc4: 1.641e-05|Time: 0.00
mean_grad_res: 0.001155
mean_grad_bcs: 0.000967
It: 10200, loss: 2.827e-01| loss_res: 2.593e-01| loss_f: 2.827e-01| loss_bc1: 2.546e-07| loss_bc2: 3.924e-06| loss_bc3: 6.920e-06| loss_bc4: 7.763e-07|Time: 0.00
mean_grad_res: 0.001328
mean_grad_bcs: 0.000307
It: 10300, loss: 2.941e-01| loss_res: 2.281e-01| loss_f: 2.940e-01| loss_bc1: 1.405e-06| loss_bc2: 3.973e-06| loss_bc3: 6.759e-06| loss_bc4: 1.178e-05|Time: 0.01
mean_grad_res: 0.000768
mean_grad_bcs: 0.000739
It: 10400, loss: 3.048e-01| loss_res: 1.986e-01| loss_f: 3.048e-01| loss_bc1: 1.214e-06| loss_bc2: 1.688e-07| loss_bc3: 6.686e-07| loss_bc4: 2.270e-06|Time: 0.00
mean_grad_res: 0.000448
mean_grad_bcs: 0.000087
It: 10500, loss: 2.389e-01| loss_res: 2.758e-01| loss_f: 2.387e-01| loss_bc1: 1.870e-05| loss_bc2: 1.487e-05| loss_bc3: 3.049e-06| loss_bc4: 5.199e-06|Time: 0.01
mean_grad_res: 0.000191
mean_grad_bcs: 0.000831
It: 10600, loss: 2.661e-01| loss_res: 1.992e-01| loss_f: 2.661e-01| loss_bc1: 8.997e-06| loss_bc2: 7.990e-06| loss_bc3: 2.013e-06| loss_bc4: 1.677e-06|Time: 0.00
mean_grad_res: 0.000638
mean_grad_bcs: 0.000605
It: 10700, loss: 2.461e-01| loss_res: 2.722e-01| loss_f: 2.460e-01| loss_bc1: 1.778e-06| loss_bc2: 9.975e-07| loss_bc3: 9.133e-06| loss_bc4: 1.771e-05|Time: 0.00
mean_grad_res: 0.000838
mean_grad_bcs: 0.000498
It: 10800, loss: 2.483e-01| loss_res: 2.596e-01| loss_f: 2.483e-01| loss_bc1: 2.201e-07| loss_bc2: 1.092e-06| loss_bc3: 7.133e-06| loss_bc4: 3.604e-06|Time: 0.00
mean_grad_res: 0.000967
mean_grad_bcs: 0.000301
It: 10900, loss: 2.843e-01| loss_res: 2.697e-01| loss_f: 2.842e-01| loss_bc1: 6.172e-06| loss_bc2: 5.597e-06| loss_bc3: 1.520e-06| loss_bc4: 8.197e-07|Time: 0.00
mean_grad_res: 0.001049
mean_grad_bcs: 0.000233
It: 11000, loss: 2.997e-01| loss_res: 2.378e-01| loss_f: 2.997e-01| loss_bc1: 5.846e-07| loss_bc2: 2.093e-06| loss_bc3: 6.657e-07| loss_bc4: 5.046e-08|Time: 0.01
mean_grad_res: 0.000657
mean_grad_bcs: 0.000199
It: 11100, loss: 2.516e-01| loss_res: 2.372e-01| loss_f: 2.514e-01| loss_bc1: 1.411e-06| loss_bc2: 1.011e-05| loss_bc3: 1.742e-05| loss_bc4: 6.240e-06|Time: 0.00
mean_grad_res: 0.000720
mean_grad_bcs: 0.000319
It: 11200, loss: 2.851e-01| loss_res: 2.902e-01| loss_f: 2.851e-01| loss_bc1: 4.283e-07| loss_bc2: 4.153e-07| loss_bc3: 4.511e-07| loss_bc4: 4.057e-07|Time: 0.00
mean_grad_res: 0.000424
mean_grad_bcs: 0.000182
It: 11300, loss: 3.000e-01| loss_res: 2.531e-01| loss_f: 3.000e-01| loss_bc1: 1.935e-06| loss_bc2: 3.120e-06| loss_bc3: 4.704e-06| loss_bc4: 3.350e-06|Time: 0.00
mean_grad_res: 0.000676
mean_grad_bcs: 0.000313
It: 11400, loss: 2.338e-01| loss_res: 2.187e-01| loss_f: 2.336e-01| loss_bc1: 1.084e-05| loss_bc2: 5.827e-06| loss_bc3: 4.426e-06| loss_bc4: 1.942e-05|Time: 0.00
mean_grad_res: 0.000555
mean_grad_bcs: 0.000555
It: 11500, loss: 2.101e-01| loss_res: 2.787e-01| loss_f: 2.100e-01| loss_bc1: 1.313e-06| loss_bc2: 6.108e-06| loss_bc3: 6.935e-06| loss_bc4: 7.976e-07|Time: 0.01
mean_grad_res: 0.000676
mean_grad_bcs: 0.000220
It: 11600, loss: 2.880e-01| loss_res: 2.392e-01| loss_f: 2.879e-01| loss_bc1: 3.171e-06| loss_bc2: 3.096e-06| loss_bc3: 2.462e-06| loss_bc4: 2.576e-06|Time: 0.00
mean_grad_res: 0.000880
mean_grad_bcs: 0.000056
It: 11700, loss: 2.589e-01| loss_res: 2.319e-01| loss_f: 2.589e-01| loss_bc1: 3.030e-06| loss_bc2: 3.696e-06| loss_bc3: 1.589e-06| loss_bc4: 1.046e-06|Time: 0.00
mean_grad_res: 0.000526
mean_grad_bcs: 0.000081
It: 11800, loss: 2.482e-01| loss_res: 2.526e-01| loss_f: 2.482e-01| loss_bc1: 5.728e-06| loss_bc2: 1.027e-05| loss_bc3: 3.044e-06| loss_bc4: 6.980e-07|Time: 0.00
mean_grad_res: 0.000998
mean_grad_bcs: 0.000189
It: 11900, loss: 2.704e-01| loss_res: 2.339e-01| loss_f: 2.704e-01| loss_bc1: 5.990e-06| loss_bc2: 4.819e-06| loss_bc3: 1.428e-06| loss_bc4: 2.462e-06|Time: 0.01
mean_grad_res: 0.000142
mean_grad_bcs: 0.000148
It: 12000, loss: 2.852e-01| loss_res: 2.614e-01| loss_f: 2.852e-01| loss_bc1: 5.780e-06| loss_bc2: 5.853e-07| loss_bc3: 3.435e-06| loss_bc4: 1.770e-06|Time: 0.00
mean_grad_res: 0.000276
mean_grad_bcs: 0.000276
It: 12100, loss: 2.795e-01| loss_res: 2.545e-01| loss_f: 2.795e-01| loss_bc1: 1.148e-06| loss_bc2: 4.847e-07| loss_bc3: 2.024e-06| loss_bc4: 3.626e-06|Time: 0.00
mean_grad_res: 0.000448
mean_grad_bcs: 0.000181
It: 12200, loss: 2.830e-01| loss_res: 2.395e-01| loss_f: 2.829e-01| loss_bc1: 1.676e-06| loss_bc2: 2.139e-06| loss_bc3: 1.760e-06| loss_bc4: 9.064e-07|Time: 0.00
mean_grad_res: 0.000420
mean_grad_bcs: 0.000114
It: 12300, loss: 2.831e-01| loss_res: 2.600e-01| loss_f: 2.831e-01| loss_bc1: 1.420e-06| loss_bc2: 8.536e-07| loss_bc3: 3.587e-06| loss_bc4: 3.911e-07|Time: 0.00
mean_grad_res: 0.000278
mean_grad_bcs: 0.000231
It: 12400, loss: 2.333e-01| loss_res: 2.092e-01| loss_f: 2.332e-01| loss_bc1: 1.137e-06| loss_bc2: 8.006e-06| loss_bc3: 1.104e-05| loss_bc4: 3.431e-06|Time: 0.00
mean_grad_res: 0.000318
mean_grad_bcs: 0.000170
It: 12500, loss: 2.999e-01| loss_res: 2.582e-01| loss_f: 2.999e-01| loss_bc1: 1.256e-06| loss_bc2: 2.908e-07| loss_bc3: 1.244e-06| loss_bc4: 2.314e-06|Time: 0.00
mean_grad_res: 0.000172
mean_grad_bcs: 0.000087
It: 12600, loss: 2.899e-01| loss_res: 2.236e-01| loss_f: 2.899e-01| loss_bc1: 1.230e-06| loss_bc2: 3.723e-07| loss_bc3: 6.783e-08| loss_bc4: 5.389e-07|Time: 0.01
mean_grad_res: 0.000305
mean_grad_bcs: 0.000039
It: 12700, loss: 2.112e-01| loss_res: 2.866e-01| loss_f: 2.111e-01| loss_bc1: 1.539e-05| loss_bc2: 2.151e-06| loss_bc3: 4.960e-07| loss_bc4: 6.300e-06|Time: 0.00
mean_grad_res: 0.000306
mean_grad_bcs: 0.000247
It: 12800, loss: 2.665e-01| loss_res: 2.863e-01| loss_f: 2.665e-01| loss_bc1: 3.235e-07| loss_bc2: 1.675e-06| loss_bc3: 1.543e-06| loss_bc4: 2.596e-07|Time: 0.00
mean_grad_res: 0.000238
mean_grad_bcs: 0.000038
It: 12900, loss: 2.483e-01| loss_res: 2.462e-01| loss_f: 2.482e-01| loss_bc1: 3.081e-06| loss_bc2: 1.737e-06| loss_bc3: 4.393e-06| loss_bc4: 6.678e-06|Time: 0.00
mean_grad_res: 0.000184
mean_grad_bcs: 0.000054
It: 13000, loss: 3.023e-01| loss_res: 2.547e-01| loss_f: 3.022e-01| loss_bc1: 6.361e-06| loss_bc2: 6.222e-06| loss_bc3: 6.247e-06| loss_bc4: 6.661e-06|Time: 0.00
mean_grad_res: 0.000217
mean_grad_bcs: 0.000065
It: 13100, loss: 3.134e-01| loss_res: 2.487e-01| loss_f: 3.133e-01| loss_bc1: 3.069e-06| loss_bc2: 1.251e-06| loss_bc3: 2.674e-06| loss_bc4: 4.591e-06|Time: 0.00
mean_grad_res: 0.000132
mean_grad_bcs: 0.000096
It: 13200, loss: 2.861e-01| loss_res: 2.281e-01| loss_f: 2.860e-01| loss_bc1: 2.227e-06| loss_bc2: 9.680e-07| loss_bc3: 2.536e-06| loss_bc4: 1.159e-06|Time: 0.00
mean_grad_res: 0.000293
mean_grad_bcs: 0.000173
It: 13300, loss: 2.737e-01| loss_res: 2.434e-01| loss_f: 2.736e-01| loss_bc1: 1.003e-06| loss_bc2: 1.117e-06| loss_bc3: 3.732e-07| loss_bc4: 4.160e-07|Time: 0.00
mean_grad_res: 0.000249
mean_grad_bcs: 0.000043
It: 13400, loss: 2.740e-01| loss_res: 2.266e-01| loss_f: 2.740e-01| loss_bc1: 1.499e-06| loss_bc2: 2.117e-07| loss_bc3: 5.728e-06| loss_bc4: 6.019e-06|Time: 0.01
mean_grad_res: 0.000152
mean_grad_bcs: 0.000120
It: 13500, loss: 2.543e-01| loss_res: 2.459e-01| loss_f: 2.542e-01| loss_bc1: 6.209e-06| loss_bc2: 4.375e-06| loss_bc3: 3.723e-06| loss_bc4: 5.215e-06|Time: 0.00
mean_grad_res: 0.000254
mean_grad_bcs: 0.000046
It: 13600, loss: 2.794e-01| loss_res: 2.322e-01| loss_f: 2.794e-01| loss_bc1: 5.891e-07| loss_bc2: 8.252e-07| loss_bc3: 7.393e-07| loss_bc4: 4.109e-07|Time: 0.00
mean_grad_res: 0.000152
mean_grad_bcs: 0.000043
It: 13700, loss: 2.816e-01| loss_res: 2.261e-01| loss_f: 2.816e-01| loss_bc1: 4.020e-07| loss_bc2: 6.902e-07| loss_bc3: 1.948e-07| loss_bc4: 1.429e-07|Time: 0.03
mean_grad_res: 0.000181
mean_grad_bcs: 0.000021
It: 13800, loss: 2.743e-01| loss_res: 2.419e-01| loss_f: 2.743e-01| loss_bc1: 1.237e-06| loss_bc2: 9.826e-07| loss_bc3: 1.881e-06| loss_bc4: 3.140e-06|Time: 0.00
mean_grad_res: 0.000406
mean_grad_bcs: 0.000042
It: 13900, loss: 2.708e-01| loss_res: 2.228e-01| loss_f: 2.708e-01| loss_bc1: 1.169e-07| loss_bc2: 2.063e-07| loss_bc3: 2.626e-07| loss_bc4: 3.608e-07|Time: 0.00
mean_grad_res: 0.000100
mean_grad_bcs: 0.000019
It: 14000, loss: 3.167e-01| loss_res: 2.414e-01| loss_f: 3.166e-01| loss_bc1: 5.848e-06| loss_bc2: 4.525e-06| loss_bc3: 4.377e-06| loss_bc4: 5.295e-06|Time: 0.00
mean_grad_res: 0.000557
mean_grad_bcs: 0.000061
It: 14100, loss: 2.656e-01| loss_res: 2.179e-01| loss_f: 2.656e-01| loss_bc1: 1.801e-07| loss_bc2: 2.859e-07| loss_bc3: 2.319e-07| loss_bc4: 1.502e-07|Time: 0.00
mean_grad_res: 0.000151
mean_grad_bcs: 0.000034
It: 14200, loss: 2.597e-01| loss_res: 2.277e-01| loss_f: 2.597e-01| loss_bc1: 6.635e-07| loss_bc2: 3.140e-07| loss_bc3: 1.397e-07| loss_bc4: 4.648e-07|Time: 0.00
mean_grad_res: 0.000184
mean_grad_bcs: 0.000025
It: 14300, loss: 2.482e-01| loss_res: 2.916e-01| loss_f: 2.482e-01| loss_bc1: 8.364e-07| loss_bc2: 1.359e-06| loss_bc3: 7.395e-07| loss_bc4: 1.186e-06|Time: 0.00
mean_grad_res: 0.000194
mean_grad_bcs: 0.000096
It: 14400, loss: 2.562e-01| loss_res: 2.389e-01| loss_f: 2.562e-01| loss_bc1: 8.699e-07| loss_bc2: 4.230e-07| loss_bc3: 1.231e-06| loss_bc4: 1.535e-06|Time: 0.00
mean_grad_res: 0.000103
mean_grad_bcs: 0.000026
It: 14500, loss: 3.161e-01| loss_res: 2.828e-01| loss_f: 3.161e-01| loss_bc1: 4.398e-07| loss_bc2: 2.808e-07| loss_bc3: 3.405e-07| loss_bc4: 3.985e-07|Time: 0.00
mean_grad_res: 0.000123
mean_grad_bcs: 0.000014
It: 14600, loss: 2.607e-01| loss_res: 2.875e-01| loss_f: 2.606e-01| loss_bc1: 5.618e-08| loss_bc2: 1.592e-06| loss_bc3: 5.379e-06| loss_bc4: 1.351e-06|Time: 0.00
mean_grad_res: 0.000180
mean_grad_bcs: 0.000069
It: 14700, loss: 2.776e-01| loss_res: 2.588e-01| loss_f: 2.775e-01| loss_bc1: 2.800e-06| loss_bc2: 4.421e-06| loss_bc3: 1.688e-06| loss_bc4: 4.792e-07|Time: 0.00
mean_grad_res: 0.000089
mean_grad_bcs: 0.000059
It: 14800, loss: 2.610e-01| loss_res: 2.551e-01| loss_f: 2.610e-01| loss_bc1: 3.829e-07| loss_bc2: 4.365e-07| loss_bc3: 8.857e-07| loss_bc4: 1.334e-07|Time: 0.00
mean_grad_res: 0.000115
mean_grad_bcs: 0.000044
It: 14900, loss: 2.952e-01| loss_res: 2.757e-01| loss_f: 2.952e-01| loss_bc1: 7.033e-07| loss_bc2: 1.039e-06| loss_bc3: 1.847e-06| loss_bc4: 1.171e-06|Time: 0.00
mean_grad_res: 0.000130
mean_grad_bcs: 0.000026
It: 15000, loss: 2.105e-01| loss_res: 2.234e-01| loss_f: 2.105e-01| loss_bc1: 1.178e-07| loss_bc2: 1.562e-07| loss_bc3: 2.815e-07| loss_bc4: 2.674e-07|Time: 0.00
mean_grad_res: 0.000096
mean_grad_bcs: 0.000011
It: 15100, loss: 3.143e-01| loss_res: 2.477e-01| loss_f: 3.143e-01| loss_bc1: 2.156e-07| loss_bc2: 8.403e-07| loss_bc3: 1.269e-06| loss_bc4: 2.649e-07|Time: 0.00
mean_grad_res: 0.000137
mean_grad_bcs: 0.000028
It: 15200, loss: 2.277e-01| loss_res: 2.492e-01| loss_f: 2.277e-01| loss_bc1: 5.059e-07| loss_bc2: 9.671e-08| loss_bc3: 1.363e-07| loss_bc4: 1.660e-07|Time: 0.00
mean_grad_res: 0.000091
mean_grad_bcs: 0.000017
It: 15300, loss: 2.834e-01| loss_res: 2.445e-01| loss_f: 2.834e-01| loss_bc1: 4.383e-07| loss_bc2: 4.015e-07| loss_bc3: 1.792e-08| loss_bc4: 8.891e-08|Time: 0.00
mean_grad_res: 0.000124
mean_grad_bcs: 0.000026
It: 15400, loss: 2.656e-01| loss_res: 2.202e-01| loss_f: 2.656e-01| loss_bc1: 1.247e-06| loss_bc2: 1.972e-06| loss_bc3: 2.989e-06| loss_bc4: 1.818e-06|Time: 0.00
mean_grad_res: 0.000275
mean_grad_bcs: 0.000037
It: 15500, loss: 2.329e-01| loss_res: 2.728e-01| loss_f: 2.328e-01| loss_bc1: 2.368e-06| loss_bc2: 4.075e-06| loss_bc3: 5.697e-06| loss_bc4: 3.690e-06|Time: 0.00
mean_grad_res: 0.000280
mean_grad_bcs: 0.000067
It: 15600, loss: 3.121e-01| loss_res: 2.284e-01| loss_f: 3.121e-01| loss_bc1: 1.083e-07| loss_bc2: 6.724e-08| loss_bc3: 6.980e-08| loss_bc4: 5.826e-08|Time: 0.00
mean_grad_res: 0.000156
mean_grad_bcs: 0.000012
It: 15700, loss: 2.620e-01| loss_res: 2.702e-01| loss_f: 2.620e-01| loss_bc1: 2.303e-07| loss_bc2: 2.842e-08| loss_bc3: 1.138e-07| loss_bc4: 3.164e-07|Time: 0.00
mean_grad_res: 0.000109
mean_grad_bcs: 0.000016
It: 15800, loss: 2.549e-01| loss_res: 2.819e-01| loss_f: 2.549e-01| loss_bc1: 8.740e-07| loss_bc2: 3.650e-08| loss_bc3: 3.757e-07| loss_bc4: 2.382e-07|Time: 0.00
mean_grad_res: 0.000161
mean_grad_bcs: 0.000029
It: 15900, loss: 2.458e-01| loss_res: 2.519e-01| loss_f: 2.457e-01| loss_bc1: 6.354e-06| loss_bc2: 9.781e-06| loss_bc3: 4.592e-06| loss_bc4: 2.577e-06|Time: 0.00
mean_grad_res: 0.000117
mean_grad_bcs: 0.000078
It: 16000, loss: 2.987e-01| loss_res: 2.483e-01| loss_f: 2.987e-01| loss_bc1: 8.193e-07| loss_bc2: 6.246e-07| loss_bc3: 2.331e-06| loss_bc4: 2.283e-07|Time: 0.00
mean_grad_res: 0.000323
mean_grad_bcs: 0.000064
It: 16100, loss: 2.715e-01| loss_res: 2.817e-01| loss_f: 2.715e-01| loss_bc1: 1.574e-07| loss_bc2: 1.311e-07| loss_bc3: 1.170e-07| loss_bc4: 3.494e-07|Time: 0.00
mean_grad_res: 0.000193
mean_grad_bcs: 0.000034
It: 16200, loss: 2.413e-01| loss_res: 2.591e-01| loss_f: 2.412e-01| loss_bc1: 5.056e-06| loss_bc2: 2.556e-06| loss_bc3: 2.944e-06| loss_bc4: 7.005e-06|Time: 0.00
mean_grad_res: 0.000361
mean_grad_bcs: 0.000100
It: 16300, loss: 2.629e-01| loss_res: 2.847e-01| loss_f: 2.629e-01| loss_bc1: 1.833e-06| loss_bc2: 1.030e-06| loss_bc3: 1.711e-07| loss_bc4: 6.816e-08|Time: 0.00
mean_grad_res: 0.000130
mean_grad_bcs: 0.000059
It: 16400, loss: 2.986e-01| loss_res: 2.130e-01| loss_f: 2.986e-01| loss_bc1: 5.111e-07| loss_bc2: 2.213e-07| loss_bc3: 5.933e-07| loss_bc4: 2.846e-07|Time: 0.01
mean_grad_res: 0.000237
mean_grad_bcs: 0.000040
It: 16500, loss: 2.771e-01| loss_res: 2.544e-01| loss_f: 2.771e-01| loss_bc1: 3.222e-07| loss_bc2: 1.860e-07| loss_bc3: 3.161e-07| loss_bc4: 3.931e-07|Time: 0.00
mean_grad_res: 0.000098
mean_grad_bcs: 0.000027
It: 16600, loss: 2.640e-01| loss_res: 2.840e-01| loss_f: 2.639e-01| loss_bc1: 4.914e-06| loss_bc2: 2.600e-06| loss_bc3: 3.023e-06| loss_bc4: 4.931e-06|Time: 0.00
mean_grad_res: 0.000238
mean_grad_bcs: 0.000051
It: 16700, loss: 2.993e-01| loss_res: 2.220e-01| loss_f: 2.993e-01| loss_bc1: 6.233e-07| loss_bc2: 4.497e-07| loss_bc3: 6.599e-07| loss_bc4: 1.641e-06|Time: 0.00
mean_grad_res: 0.000173
mean_grad_bcs: 0.000055
It: 16800, loss: 2.489e-01| loss_res: 2.695e-01| loss_f: 2.489e-01| loss_bc1: 6.576e-07| loss_bc2: 4.554e-07| loss_bc3: 4.905e-07| loss_bc4: 6.523e-07|Time: 0.00
mean_grad_res: 0.000126
mean_grad_bcs: 0.000009
It: 16900, loss: 2.533e-01| loss_res: 2.354e-01| loss_f: 2.533e-01| loss_bc1: 1.275e-06| loss_bc2: 8.822e-07| loss_bc3: 7.061e-07| loss_bc4: 1.073e-06|Time: 0.01
mean_grad_res: 0.000100
mean_grad_bcs: 0.000023
It: 17000, loss: 2.739e-01| loss_res: 2.209e-01| loss_f: 2.739e-01| loss_bc1: 7.372e-08| loss_bc2: 7.642e-08| loss_bc3: 1.473e-08| loss_bc4: 1.638e-07|Time: 0.00
mean_grad_res: 0.000197
mean_grad_bcs: 0.000014
It: 17100, loss: 2.603e-01| loss_res: 2.509e-01| loss_f: 2.603e-01| loss_bc1: 1.491e-07| loss_bc2: 1.029e-07| loss_bc3: 6.521e-08| loss_bc4: 1.006e-07|Time: 0.00
mean_grad_res: 0.000153
mean_grad_bcs: 0.000002
It: 17200, loss: 2.706e-01| loss_res: 2.359e-01| loss_f: 2.706e-01| loss_bc1: 1.448e-07| loss_bc2: 1.703e-07| loss_bc3: 1.135e-06| loss_bc4: 9.260e-07|Time: 0.00
mean_grad_res: 0.000176
mean_grad_bcs: 0.000030
It: 17300, loss: 2.385e-01| loss_res: 2.483e-01| loss_f: 2.385e-01| loss_bc1: 3.540e-07| loss_bc2: 5.383e-08| loss_bc3: 9.479e-07| loss_bc4: 4.082e-07|Time: 0.00
mean_grad_res: 0.000196
mean_grad_bcs: 0.000063
It: 17400, loss: 2.903e-01| loss_res: 2.689e-01| loss_f: 2.903e-01| loss_bc1: 7.499e-07| loss_bc2: 3.183e-07| loss_bc3: 1.623e-06| loss_bc4: 2.769e-06|Time: 0.00
mean_grad_res: 0.000169
mean_grad_bcs: 0.000041
It: 17500, loss: 2.641e-01| loss_res: 2.588e-01| loss_f: 2.640e-01| loss_bc1: 2.941e-06| loss_bc2: 1.057e-06| loss_bc3: 1.700e-06| loss_bc4: 3.729e-06|Time: 0.00
mean_grad_res: 0.000102
mean_grad_bcs: 0.000031
It: 17600, loss: 2.463e-01| loss_res: 2.796e-01| loss_f: 2.463e-01| loss_bc1: 8.797e-07| loss_bc2: 2.690e-06| loss_bc3: 3.808e-06| loss_bc4: 2.080e-06|Time: 0.00
mean_grad_res: 0.000100
mean_grad_bcs: 0.000036
It: 17700, loss: 2.952e-01| loss_res: 2.616e-01| loss_f: 2.952e-01| loss_bc1: 2.696e-07| loss_bc2: 2.166e-07| loss_bc3: 1.118e-07| loss_bc4: 1.589e-07|Time: 0.01
mean_grad_res: 0.000125
mean_grad_bcs: 0.000016
It: 17800, loss: 2.665e-01| loss_res: 2.466e-01| loss_f: 2.664e-01| loss_bc1: 3.200e-06| loss_bc2: 3.154e-06| loss_bc3: 2.663e-06| loss_bc4: 2.605e-06|Time: 0.01
mean_grad_res: 0.000090
mean_grad_bcs: 0.000021
It: 17900, loss: 3.093e-01| loss_res: 2.637e-01| loss_f: 3.092e-01| loss_bc1: 9.642e-06| loss_bc2: 1.976e-06| loss_bc3: 8.096e-07| loss_bc4: 4.799e-06|Time: 0.00
mean_grad_res: 0.000288
mean_grad_bcs: 0.000091
It: 18000, loss: 3.191e-01| loss_res: 2.650e-01| loss_f: 3.191e-01| loss_bc1: 3.900e-07| loss_bc2: 2.118e-07| loss_bc3: 1.877e-07| loss_bc4: 3.830e-07|Time: 0.01
mean_grad_res: 0.000117
mean_grad_bcs: 0.000031
It: 18100, loss: 3.380e-01| loss_res: 2.501e-01| loss_f: 3.380e-01| loss_bc1: 6.312e-06| loss_bc2: 6.268e-06| loss_bc3: 1.507e-06| loss_bc4: 5.524e-07|Time: 0.01
mean_grad_res: 0.000428
mean_grad_bcs: 0.000096
It: 18200, loss: 2.266e-01| loss_res: 2.211e-01| loss_f: 2.266e-01| loss_bc1: 1.388e-06| loss_bc2: 1.529e-07| loss_bc3: 1.881e-06| loss_bc4: 4.550e-07|Time: 0.00
mean_grad_res: 0.000186
mean_grad_bcs: 0.000095
It: 18300, loss: 2.953e-01| loss_res: 2.279e-01| loss_f: 2.953e-01| loss_bc1: 2.974e-06| loss_bc2: 2.526e-06| loss_bc3: 2.144e-06| loss_bc4: 2.651e-06|Time: 0.00
mean_grad_res: 0.000115
mean_grad_bcs: 0.000031
It: 18400, loss: 2.614e-01| loss_res: 3.182e-01| loss_f: 2.614e-01| loss_bc1: 2.249e-07| loss_bc2: 1.645e-06| loss_bc3: 4.432e-07| loss_bc4: 1.064e-07|Time: 0.00
mean_grad_res: 0.000193
mean_grad_bcs: 0.000026
It: 18500, loss: 2.825e-01| loss_res: 2.778e-01| loss_f: 2.825e-01| loss_bc1: 5.752e-07| loss_bc2: 4.500e-07| loss_bc3: 2.593e-07| loss_bc4: 3.241e-07|Time: 0.00
mean_grad_res: 0.000139
mean_grad_bcs: 0.000007
It: 18600, loss: 2.598e-01| loss_res: 2.595e-01| loss_f: 2.597e-01| loss_bc1: 2.139e-06| loss_bc2: 2.388e-06| loss_bc3: 9.346e-07| loss_bc4: 5.083e-07|Time: 0.00
mean_grad_res: 0.000163
mean_grad_bcs: 0.000038
It: 18700, loss: 3.036e-01| loss_res: 2.316e-01| loss_f: 3.036e-01| loss_bc1: 8.006e-07| loss_bc2: 2.876e-08| loss_bc3: 5.124e-07| loss_bc4: 1.446e-06|Time: 0.00
mean_grad_res: 0.000237
mean_grad_bcs: 0.000039
It: 18800, loss: 3.020e-01| loss_res: 2.576e-01| loss_f: 3.020e-01| loss_bc1: 5.641e-08| loss_bc2: 1.484e-07| loss_bc3: 1.055e-07| loss_bc4: 8.662e-08|Time: 0.00
mean_grad_res: 0.000087
mean_grad_bcs: 0.000011
It: 18900, loss: 2.840e-01| loss_res: 2.617e-01| loss_f: 2.840e-01| loss_bc1: 8.022e-07| loss_bc2: 1.201e-06| loss_bc3: 1.415e-06| loss_bc4: 1.028e-06|Time: 0.00
mean_grad_res: 0.000148
mean_grad_bcs: 0.000025
It: 19000, loss: 2.633e-01| loss_res: 2.449e-01| loss_f: 2.633e-01| loss_bc1: 3.435e-07| loss_bc2: 5.370e-07| loss_bc3: 4.858e-07| loss_bc4: 5.676e-07|Time: 0.00
mean_grad_res: 0.000123
mean_grad_bcs: 0.000031
It: 19100, loss: 2.689e-01| loss_res: 2.359e-01| loss_f: 2.689e-01| loss_bc1: 2.198e-06| loss_bc2: 1.121e-06| loss_bc3: 6.668e-07| loss_bc4: 1.385e-06|Time: 0.00
mean_grad_res: 0.000086
mean_grad_bcs: 0.000030
It: 19200, loss: 2.840e-01| loss_res: 2.204e-01| loss_f: 2.840e-01| loss_bc1: 6.761e-07| loss_bc2: 2.224e-07| loss_bc3: 2.443e-07| loss_bc4: 6.809e-07|Time: 0.00
mean_grad_res: 0.000075
mean_grad_bcs: 0.000033
It: 19300, loss: 2.854e-01| loss_res: 2.538e-01| loss_f: 2.854e-01| loss_bc1: 5.777e-08| loss_bc2: 1.932e-09| loss_bc3: 3.122e-08| loss_bc4: 1.275e-08|Time: 0.00
mean_grad_res: 0.000179
mean_grad_bcs: 0.000006
It: 19400, loss: 2.833e-01| loss_res: 2.578e-01| loss_f: 2.833e-01| loss_bc1: 2.032e-06| loss_bc2: 4.315e-06| loss_bc3: 2.782e-06| loss_bc4: 9.538e-07|Time: 0.00
mean_grad_res: 0.000168
mean_grad_bcs: 0.000051
It: 19500, loss: 2.401e-01| loss_res: 2.522e-01| loss_f: 2.401e-01| loss_bc1: 1.228e-07| loss_bc2: 3.039e-07| loss_bc3: 5.430e-07| loss_bc4: 2.376e-07|Time: 0.00
mean_grad_res: 0.000126
mean_grad_bcs: 0.000026
It: 19600, loss: 2.351e-01| loss_res: 2.515e-01| loss_f: 2.351e-01| loss_bc1: 6.849e-07| loss_bc2: 1.401e-06| loss_bc3: 1.554e-06| loss_bc4: 5.089e-07|Time: 0.00
mean_grad_res: 0.000191
mean_grad_bcs: 0.000020
It: 19700, loss: 2.669e-01| loss_res: 2.502e-01| loss_f: 2.668e-01| loss_bc1: 1.840e-06| loss_bc2: 1.831e-06| loss_bc3: 8.397e-07| loss_bc4: 1.049e-06|Time: 0.00
mean_grad_res: 0.000281
mean_grad_bcs: 0.000023
It: 19800, loss: 2.713e-01| loss_res: 2.316e-01| loss_f: 2.713e-01| loss_bc1: 8.042e-07| loss_bc2: 3.102e-07| loss_bc3: 1.275e-07| loss_bc4: 5.523e-08|Time: 0.00
mean_grad_res: 0.000245
mean_grad_bcs: 0.000024
It: 19900, loss: 2.708e-01| loss_res: 2.327e-01| loss_f: 2.708e-01| loss_bc1: 5.371e-07| loss_bc2: 4.155e-07| loss_bc3: 6.767e-07| loss_bc4: 6.622e-07|Time: 0.01
mean_grad_res: 0.000141
mean_grad_bcs: 0.000017
It: 20000, loss: 2.602e-01| loss_res: 2.420e-01| loss_f: 2.602e-01| loss_bc1: 1.446e-06| loss_bc2: 1.223e-06| loss_bc3: 5.411e-06| loss_bc4: 5.968e-06|Time: 0.00
mean_grad_res: 0.000078
mean_grad_bcs: 0.000079
It: 20100, loss: 2.974e-01| loss_res: 2.495e-01| loss_f: 2.974e-01| loss_bc1: 1.548e-06| loss_bc2: 2.814e-06| loss_bc3: 5.940e-07| loss_bc4: 1.602e-07|Time: 0.00
mean_grad_res: 0.000079
mean_grad_bcs: 0.000071
It: 20200, loss: 2.699e-01| loss_res: 2.812e-01| loss_f: 2.699e-01| loss_bc1: 2.978e-06| loss_bc2: 3.200e-06| loss_bc3: 7.788e-07| loss_bc4: 7.115e-07|Time: 0.00
mean_grad_res: 0.000206
mean_grad_bcs: 0.000042
It: 20300, loss: 3.223e-01| loss_res: 2.447e-01| loss_f: 3.223e-01| loss_bc1: 5.308e-07| loss_bc2: 1.231e-06| loss_bc3: 4.727e-07| loss_bc4: 2.364e-07|Time: 0.00
mean_grad_res: 0.000400
mean_grad_bcs: 0.000026
It: 20400, loss: 2.606e-01| loss_res: 3.008e-01| loss_f: 2.606e-01| loss_bc1: 1.820e-07| loss_bc2: 4.057e-09| loss_bc3: 1.403e-07| loss_bc4: 4.405e-07|Time: 0.00
mean_grad_res: 0.000224
mean_grad_bcs: 0.000014
It: 20500, loss: 2.675e-01| loss_res: 2.700e-01| loss_f: 2.675e-01| loss_bc1: 2.177e-07| loss_bc2: 2.190e-07| loss_bc3: 1.251e-06| loss_bc4: 2.043e-07|Time: 0.00
mean_grad_res: 0.000342
mean_grad_bcs: 0.000030
It: 20600, loss: 3.143e-01| loss_res: 2.427e-01| loss_f: 3.143e-01| loss_bc1: 2.147e-06| loss_bc2: 2.148e-06| loss_bc3: 1.733e-06| loss_bc4: 1.710e-06|Time: 0.00
mean_grad_res: 0.000127
mean_grad_bcs: 0.000018
It: 20700, loss: 3.150e-01| loss_res: 2.347e-01| loss_f: 3.150e-01| loss_bc1: 1.332e-07| loss_bc2: 2.087e-07| loss_bc3: 1.509e-07| loss_bc4: 4.333e-07|Time: 0.01
mean_grad_res: 0.000081
mean_grad_bcs: 0.000021
It: 20800, loss: 2.558e-01| loss_res: 2.774e-01| loss_f: 2.557e-01| loss_bc1: 8.564e-08| loss_bc2: 4.506e-08| loss_bc3: 2.962e-07| loss_bc4: 5.203e-07|Time: 0.00
mean_grad_res: 0.000087
mean_grad_bcs: 0.000012
It: 20900, loss: 2.944e-01| loss_res: 2.852e-01| loss_f: 2.944e-01| loss_bc1: 2.172e-06| loss_bc2: 5.726e-06| loss_bc3: 3.247e-06| loss_bc4: 6.291e-07|Time: 0.00
mean_grad_res: 0.000174
mean_grad_bcs: 0.000066
It: 21000, loss: 2.661e-01| loss_res: 2.551e-01| loss_f: 2.661e-01| loss_bc1: 5.159e-07| loss_bc2: 3.784e-07| loss_bc3: 3.157e-07| loss_bc4: 4.464e-07|Time: 0.00
mean_grad_res: 0.000131
mean_grad_bcs: 0.000007
It: 21100, loss: 2.492e-01| loss_res: 3.078e-01| loss_f: 2.491e-01| loss_bc1: 2.164e-06| loss_bc2: 1.551e-06| loss_bc3: 2.116e-06| loss_bc4: 3.053e-06|Time: 0.00
mean_grad_res: 0.000210
mean_grad_bcs: 0.000033
It: 21200, loss: 2.767e-01| loss_res: 2.646e-01| loss_f: 2.767e-01| loss_bc1: 8.121e-07| loss_bc2: 8.405e-07| loss_bc3: 5.664e-07| loss_bc4: 3.710e-07|Time: 0.00
mean_grad_res: 0.000114
mean_grad_bcs: 0.000024
It: 21300, loss: 2.294e-01| loss_res: 2.581e-01| loss_f: 2.294e-01| loss_bc1: 4.168e-07| loss_bc2: 5.263e-07| loss_bc3: 2.477e-07| loss_bc4: 4.224e-07|Time: 0.00
mean_grad_res: 0.000095
mean_grad_bcs: 0.000020
It: 21400, loss: 2.461e-01| loss_res: 2.669e-01| loss_f: 2.461e-01| loss_bc1: 7.834e-08| loss_bc2: 4.046e-08| loss_bc3: 7.829e-08| loss_bc4: 8.819e-08|Time: 0.00
mean_grad_res: 0.000126
mean_grad_bcs: 0.000005
It: 21500, loss: 2.986e-01| loss_res: 2.580e-01| loss_f: 2.986e-01| loss_bc1: 1.746e-06| loss_bc2: 2.096e-06| loss_bc3: 1.640e-06| loss_bc4: 1.479e-06|Time: 0.00
mean_grad_res: 0.000053
mean_grad_bcs: 0.000019
It: 21600, loss: 3.084e-01| loss_res: 2.178e-01| loss_f: 3.084e-01| loss_bc1: 1.931e-08| loss_bc2: 1.436e-07| loss_bc3: 1.603e-07| loss_bc4: 2.753e-08|Time: 0.00
mean_grad_res: 0.000173
mean_grad_bcs: 0.000014
It: 21700, loss: 2.503e-01| loss_res: 2.089e-01| loss_f: 2.503e-01| loss_bc1: 1.711e-06| loss_bc2: 1.922e-06| loss_bc3: 1.852e-06| loss_bc4: 1.627e-06|Time: 0.00
mean_grad_res: 0.000176
mean_grad_bcs: 0.000015
It: 21800, loss: 2.810e-01| loss_res: 2.228e-01| loss_f: 2.810e-01| loss_bc1: 5.147e-07| loss_bc2: 4.038e-07| loss_bc3: 2.294e-07| loss_bc4: 3.125e-07|Time: 0.00
mean_grad_res: 0.000074
mean_grad_bcs: 0.000010
It: 21900, loss: 2.642e-01| loss_res: 2.505e-01| loss_f: 2.641e-01| loss_bc1: 1.876e-06| loss_bc2: 1.881e-06| loss_bc3: 1.872e-06| loss_bc4: 1.854e-06|Time: 0.00
mean_grad_res: 0.000165
mean_grad_bcs: 0.000020
It: 22000, loss: 2.374e-01| loss_res: 2.789e-01| loss_f: 2.374e-01| loss_bc1: 7.215e-08| loss_bc2: 1.687e-07| loss_bc3: 5.608e-08| loss_bc4: 2.207e-07|Time: 0.00
mean_grad_res: 0.000137
mean_grad_bcs: 0.000014
It: 22100, loss: 2.918e-01| loss_res: 2.570e-01| loss_f: 2.918e-01| loss_bc1: 3.553e-08| loss_bc2: 6.416e-08| loss_bc3: 3.575e-08| loss_bc4: 4.695e-08|Time: 0.00
mean_grad_res: 0.000119
mean_grad_bcs: 0.000008
It: 22200, loss: 2.522e-01| loss_res: 2.439e-01| loss_f: 2.522e-01| loss_bc1: 5.789e-07| loss_bc2: 2.148e-07| loss_bc3: 4.597e-07| loss_bc4: 1.081e-06|Time: 0.00
mean_grad_res: 0.000212
mean_grad_bcs: 0.000016
It: 22300, loss: 2.804e-01| loss_res: 2.449e-01| loss_f: 2.804e-01| loss_bc1: 3.411e-07| loss_bc2: 2.392e-07| loss_bc3: 1.328e-06| loss_bc4: 1.787e-07|Time: 0.00
mean_grad_res: 0.000261
mean_grad_bcs: 0.000040
It: 22400, loss: 3.360e-01| loss_res: 2.477e-01| loss_f: 3.360e-01| loss_bc1: 2.968e-07| loss_bc2: 4.926e-08| loss_bc3: 3.996e-08| loss_bc4: 4.098e-07|Time: 0.01
mean_grad_res: 0.000089
mean_grad_bcs: 0.000011
It: 22500, loss: 2.861e-01| loss_res: 2.147e-01| loss_f: 2.861e-01| loss_bc1: 2.558e-07| loss_bc2: 5.167e-07| loss_bc3: 4.063e-07| loss_bc4: 1.194e-07|Time: 0.00
mean_grad_res: 0.000077
mean_grad_bcs: 0.000013
It: 22600, loss: 3.032e-01| loss_res: 2.227e-01| loss_f: 3.032e-01| loss_bc1: 3.530e-08| loss_bc2: 2.943e-08| loss_bc3: 4.781e-08| loss_bc4: 5.195e-08|Time: 0.00
mean_grad_res: 0.000092
mean_grad_bcs: 0.000006
It: 22700, loss: 2.545e-01| loss_res: 2.295e-01| loss_f: 2.545e-01| loss_bc1: 1.257e-07| loss_bc2: 6.621e-07| loss_bc3: 8.084e-07| loss_bc4: 1.236e-07|Time: 0.00
mean_grad_res: 0.000199
mean_grad_bcs: 0.000020
It: 22800, loss: 2.799e-01| loss_res: 2.691e-01| loss_f: 2.798e-01| loss_bc1: 1.618e-06| loss_bc2: 2.211e-06| loss_bc3: 3.209e-06| loss_bc4: 2.564e-06|Time: 0.00
mean_grad_res: 0.000070
mean_grad_bcs: 0.000033
It: 22900, loss: 2.803e-01| loss_res: 2.846e-01| loss_f: 2.802e-01| loss_bc1: 2.239e-06| loss_bc2: 1.193e-06| loss_bc3: 1.333e-07| loss_bc4: 8.168e-07|Time: 0.00
mean_grad_res: 0.000071
mean_grad_bcs: 0.000044
It: 23000, loss: 2.602e-01| loss_res: 2.432e-01| loss_f: 2.602e-01| loss_bc1: 4.014e-08| loss_bc2: 1.284e-07| loss_bc3: 1.400e-07| loss_bc4: 3.470e-07|Time: 0.00
mean_grad_res: 0.000071
mean_grad_bcs: 0.000018
It: 23100, loss: 2.796e-01| loss_res: 2.409e-01| loss_f: 2.796e-01| loss_bc1: 3.903e-07| loss_bc2: 4.048e-07| loss_bc3: 1.387e-06| loss_bc4: 1.300e-06|Time: 0.00
mean_grad_res: 0.000182
mean_grad_bcs: 0.000030
It: 23200, loss: 2.750e-01| loss_res: 2.598e-01| loss_f: 2.750e-01| loss_bc1: 1.213e-07| loss_bc2: 1.980e-07| loss_bc3: 1.718e-06| loss_bc4: 3.918e-07|Time: 0.00
mean_grad_res: 0.000102
mean_grad_bcs: 0.000040
It: 23300, loss: 2.578e-01| loss_res: 2.629e-01| loss_f: 2.578e-01| loss_bc1: 1.247e-07| loss_bc2: 8.266e-08| loss_bc3: 1.650e-09| loss_bc4: 1.099e-08|Time: 0.00
mean_grad_res: 0.000105
mean_grad_bcs: 0.000011
It: 23400, loss: 2.299e-01| loss_res: 2.160e-01| loss_f: 2.299e-01| loss_bc1: 3.093e-08| loss_bc2: 2.373e-07| loss_bc3: 3.237e-07| loss_bc4: 6.364e-08|Time: 0.00
mean_grad_res: 0.000059
mean_grad_bcs: 0.000016
It: 23500, loss: 2.479e-01| loss_res: 2.698e-01| loss_f: 2.479e-01| loss_bc1: 2.156e-07| loss_bc2: 4.683e-07| loss_bc3: 1.290e-06| loss_bc4: 7.187e-07|Time: 0.00
mean_grad_res: 0.000116
mean_grad_bcs: 0.000017
It: 23600, loss: 3.155e-01| loss_res: 2.725e-01| loss_f: 3.155e-01| loss_bc1: 3.244e-06| loss_bc2: 2.763e-06| loss_bc3: 3.068e-06| loss_bc4: 3.309e-06|Time: 0.00
mean_grad_res: 0.000161
mean_grad_bcs: 0.000036
It: 23700, loss: 2.805e-01| loss_res: 2.567e-01| loss_f: 2.805e-01| loss_bc1: 6.852e-07| loss_bc2: 6.077e-07| loss_bc3: 4.653e-07| loss_bc4: 6.037e-07|Time: 0.00
mean_grad_res: 0.000138
mean_grad_bcs: 0.000013
It: 23800, loss: 2.513e-01| loss_res: 2.922e-01| loss_f: 2.513e-01| loss_bc1: 3.316e-08| loss_bc2: 2.307e-08| loss_bc3: 4.234e-08| loss_bc4: 1.835e-08|Time: 0.00
mean_grad_res: 0.000069
mean_grad_bcs: 0.000006
It: 23900, loss: 2.696e-01| loss_res: 2.357e-01| loss_f: 2.696e-01| loss_bc1: 4.503e-07| loss_bc2: 2.218e-07| loss_bc3: 8.026e-08| loss_bc4: 4.307e-07|Time: 0.00
mean_grad_res: 0.000221
mean_grad_bcs: 0.000020
It: 24000, loss: 3.007e-01| loss_res: 2.621e-01| loss_f: 3.007e-01| loss_bc1: 4.018e-08| loss_bc2: 2.202e-09| loss_bc3: 1.874e-07| loss_bc4: 4.620e-08|Time: 0.00
mean_grad_res: 0.000123
mean_grad_bcs: 0.000010
It: 24100, loss: 2.728e-01| loss_res: 2.986e-01| loss_f: 2.727e-01| loss_bc1: 1.461e-06| loss_bc2: 8.819e-07| loss_bc3: 3.669e-07| loss_bc4: 9.489e-07|Time: 0.00
mean_grad_res: 0.000103
mean_grad_bcs: 0.000019
It: 24200, loss: 2.977e-01| loss_res: 2.513e-01| loss_f: 2.977e-01| loss_bc1: 5.523e-07| loss_bc2: 2.524e-07| loss_bc3: 2.746e-07| loss_bc4: 5.707e-07|Time: 0.00
mean_grad_res: 0.000164
mean_grad_bcs: 0.000015
It: 24300, loss: 2.602e-01| loss_res: 2.595e-01| loss_f: 2.602e-01| loss_bc1: 7.773e-07| loss_bc2: 6.634e-07| loss_bc3: 4.592e-07| loss_bc4: 6.341e-07|Time: 0.00
mean_grad_res: 0.000091
mean_grad_bcs: 0.000011
It: 24400, loss: 2.705e-01| loss_res: 2.657e-01| loss_f: 2.705e-01| loss_bc1: 3.068e-08| loss_bc2: 4.966e-08| loss_bc3: 3.114e-08| loss_bc4: 2.372e-08|Time: 0.00
mean_grad_res: 0.000030
mean_grad_bcs: 0.000002
It: 24500, loss: 2.524e-01| loss_res: 2.519e-01| loss_f: 2.524e-01| loss_bc1: 1.526e-07| loss_bc2: 9.730e-07| loss_bc3: 1.009e-07| loss_bc4: 6.260e-07|Time: 0.01
mean_grad_res: 0.000137
mean_grad_bcs: 0.000040
It: 24600, loss: 2.797e-01| loss_res: 2.984e-01| loss_f: 2.797e-01| loss_bc1: 5.614e-08| loss_bc2: 3.431e-08| loss_bc3: 5.791e-08| loss_bc4: 5.073e-08|Time: 0.00
mean_grad_res: 0.000113
mean_grad_bcs: 0.000007
It: 24700, loss: 2.591e-01| loss_res: 2.485e-01| loss_f: 2.591e-01| loss_bc1: 3.870e-07| loss_bc2: 3.388e-07| loss_bc3: 4.522e-07| loss_bc4: 5.184e-07|Time: 0.00
mean_grad_res: 0.000168
mean_grad_bcs: 0.000011
It: 24800, loss: 2.733e-01| loss_res: 2.590e-01| loss_f: 2.733e-01| loss_bc1: 3.089e-08| loss_bc2: 3.052e-07| loss_bc3: 4.702e-07| loss_bc4: 8.143e-08|Time: 0.00
mean_grad_res: 0.000218
mean_grad_bcs: 0.000011
It: 24900, loss: 2.947e-01| loss_res: 2.755e-01| loss_f: 2.947e-01| loss_bc1: 3.644e-07| loss_bc2: 3.348e-07| loss_bc3: 5.620e-07| loss_bc4: 2.075e-07|Time: 0.00
mean_grad_res: 0.000213
mean_grad_bcs: 0.000035
It: 25000, loss: 2.558e-01| loss_res: 2.926e-01| loss_f: 2.558e-01| loss_bc1: 5.450e-07| loss_bc2: 1.529e-07| loss_bc3: 1.377e-07| loss_bc4: 2.575e-07|Time: 0.00
mean_grad_res: 0.000092
mean_grad_bcs: 0.000021
It: 25100, loss: 3.012e-01| loss_res: 2.714e-01| loss_f: 3.012e-01| loss_bc1: 3.743e-06| loss_bc2: 2.581e-06| loss_bc3: 2.697e-06| loss_bc4: 3.890e-06|Time: 0.00
mean_grad_res: 0.000140
mean_grad_bcs: 0.000032
It: 25200, loss: 2.956e-01| loss_res: 2.355e-01| loss_f: 2.956e-01| loss_bc1: 3.011e-07| loss_bc2: 8.801e-07| loss_bc3: 1.497e-06| loss_bc4: 8.815e-07|Time: 0.00
mean_grad_res: 0.000102
mean_grad_bcs: 0.000036
It: 25300, loss: 2.708e-01| loss_res: 2.808e-01| loss_f: 2.708e-01| loss_bc1: 1.947e-06| loss_bc2: 1.661e-06| loss_bc3: 3.201e-06| loss_bc4: 4.051e-06|Time: 0.00
mean_grad_res: 0.000172
mean_grad_bcs: 0.000049
It: 25400, loss: 2.642e-01| loss_res: 2.413e-01| loss_f: 2.642e-01| loss_bc1: 5.496e-08| loss_bc2: 1.418e-07| loss_bc3: 1.779e-07| loss_bc4: 6.161e-08|Time: 0.01
mean_grad_res: 0.000113
mean_grad_bcs: 0.000009
It: 25500, loss: 2.915e-01| loss_res: 2.377e-01| loss_f: 2.915e-01| loss_bc1: 4.556e-08| loss_bc2: 1.058e-07| loss_bc3: 6.645e-09| loss_bc4: 1.440e-08|Time: 0.00
mean_grad_res: 0.000136
mean_grad_bcs: 0.000008
It: 25600, loss: 2.697e-01| loss_res: 2.191e-01| loss_f: 2.697e-01| loss_bc1: 1.868e-08| loss_bc2: 1.737e-08| loss_bc3: 3.014e-08| loss_bc4: 1.994e-08|Time: 0.00
mean_grad_res: 0.000075
mean_grad_bcs: 0.000004
It: 25700, loss: 2.738e-01| loss_res: 2.320e-01| loss_f: 2.738e-01| loss_bc1: 1.434e-07| loss_bc2: 2.598e-07| loss_bc3: 5.999e-07| loss_bc4: 3.151e-07|Time: 0.00
mean_grad_res: 0.000063
mean_grad_bcs: 0.000009
It: 25800, loss: 2.371e-01| loss_res: 2.616e-01| loss_f: 2.371e-01| loss_bc1: 1.692e-06| loss_bc2: 4.561e-07| loss_bc3: 1.507e-06| loss_bc4: 3.134e-06|Time: 0.00
mean_grad_res: 0.000117
mean_grad_bcs: 0.000042
It: 25900, loss: 2.758e-01| loss_res: 2.102e-01| loss_f: 2.758e-01| loss_bc1: 1.787e-06| loss_bc2: 1.227e-06| loss_bc3: 6.641e-07| loss_bc4: 1.134e-06|Time: 0.00
mean_grad_res: 0.000127
mean_grad_bcs: 0.000019
It: 26000, loss: 2.457e-01| loss_res: 2.693e-01| loss_f: 2.457e-01| loss_bc1: 4.671e-07| loss_bc2: 4.510e-07| loss_bc3: 1.501e-06| loss_bc4: 7.421e-07|Time: 0.00
mean_grad_res: 0.000205
mean_grad_bcs: 0.000063
It: 26100, loss: 2.609e-01| loss_res: 2.250e-01| loss_f: 2.609e-01| loss_bc1: 1.189e-07| loss_bc2: 6.215e-10| loss_bc3: 5.048e-07| loss_bc4: 1.988e-07|Time: 0.00
mean_grad_res: 0.000137
mean_grad_bcs: 0.000021
It: 26200, loss: 2.235e-01| loss_res: 2.632e-01| loss_f: 2.235e-01| loss_bc1: 2.674e-07| loss_bc2: 1.150e-07| loss_bc3: 3.185e-07| loss_bc4: 5.399e-07|Time: 0.00
mean_grad_res: 0.000167
mean_grad_bcs: 0.000010
It: 26300, loss: 2.919e-01| loss_res: 2.740e-01| loss_f: 2.919e-01| loss_bc1: 2.998e-07| loss_bc2: 5.654e-07| loss_bc3: 9.206e-07| loss_bc4: 2.263e-07|Time: 0.00
mean_grad_res: 0.000100
mean_grad_bcs: 0.000050
It: 26400, loss: 2.655e-01| loss_res: 2.106e-01| loss_f: 2.655e-01| loss_bc1: 6.486e-08| loss_bc2: 3.246e-08| loss_bc3: 2.195e-08| loss_bc4: 5.812e-08|Time: 0.00
mean_grad_res: 0.000099
mean_grad_bcs: 0.000005
It: 26500, loss: 2.581e-01| loss_res: 2.728e-01| loss_f: 2.581e-01| loss_bc1: 3.005e-07| loss_bc2: 1.181e-07| loss_bc3: 2.434e-07| loss_bc4: 5.747e-07|Time: 0.00
mean_grad_res: 0.000131
mean_grad_bcs: 0.000021
It: 26600, loss: 3.079e-01| loss_res: 2.678e-01| loss_f: 3.078e-01| loss_bc1: 3.266e-08| loss_bc2: 3.411e-07| loss_bc3: 3.959e-07| loss_bc4: 3.313e-08|Time: 0.00
mean_grad_res: 0.000286
mean_grad_bcs: 0.000011
It: 26700, loss: 2.656e-01| loss_res: 2.662e-01| loss_f: 2.656e-01| loss_bc1: 3.938e-07| loss_bc2: 3.737e-07| loss_bc3: 5.003e-07| loss_bc4: 5.593e-07|Time: 0.00
mean_grad_res: 0.000076
mean_grad_bcs: 0.000009
It: 26800, loss: 2.671e-01| loss_res: 2.637e-01| loss_f: 2.671e-01| loss_bc1: 7.223e-08| loss_bc2: 9.198e-08| loss_bc3: 2.069e-07| loss_bc4: 1.571e-07|Time: 0.00
mean_grad_res: 0.000125
mean_grad_bcs: 0.000005
It: 26900, loss: 2.558e-01| loss_res: 2.405e-01| loss_f: 2.558e-01| loss_bc1: 6.268e-08| loss_bc2: 4.794e-08| loss_bc3: 2.066e-07| loss_bc4: 1.738e-07|Time: 0.00
mean_grad_res: 0.000143
mean_grad_bcs: 0.000020
It: 27000, loss: 3.072e-01| loss_res: 2.369e-01| loss_f: 3.072e-01| loss_bc1: 4.226e-09| loss_bc2: 3.388e-09| loss_bc3: 5.049e-08| loss_bc4: 5.141e-08|Time: 0.00
mean_grad_res: 0.000092
mean_grad_bcs: 0.000004
It: 27100, loss: 2.574e-01| loss_res: 2.879e-01| loss_f: 2.574e-01| loss_bc1: 3.926e-07| loss_bc2: 1.550e-07| loss_bc3: 1.709e-07| loss_bc4: 6.639e-07|Time: 0.00
mean_grad_res: 0.000173
mean_grad_bcs: 0.000027
It: 27200, loss: 2.503e-01| loss_res: 2.485e-01| loss_f: 2.503e-01| loss_bc1: 3.577e-07| loss_bc2: 7.239e-08| loss_bc3: 1.845e-07| loss_bc4: 8.404e-07|Time: 0.00
mean_grad_res: 0.000160
mean_grad_bcs: 0.000019
It: 27300, loss: 3.054e-01| loss_res: 2.406e-01| loss_f: 3.054e-01| loss_bc1: 8.692e-07| loss_bc2: 7.159e-07| loss_bc3: 2.036e-07| loss_bc4: 6.669e-07|Time: 0.00
mean_grad_res: 0.000294
mean_grad_bcs: 0.000017
It: 27400, loss: 2.221e-01| loss_res: 2.468e-01| loss_f: 2.221e-01| loss_bc1: 8.033e-07| loss_bc2: 2.441e-07| loss_bc3: 4.265e-07| loss_bc4: 1.021e-06|Time: 0.00
mean_grad_res: 0.000092
mean_grad_bcs: 0.000018
It: 27500, loss: 3.037e-01| loss_res: 2.221e-01| loss_f: 3.036e-01| loss_bc1: 7.805e-07| loss_bc2: 9.095e-08| loss_bc3: 1.615e-07| loss_bc4: 2.153e-07|Time: 0.00
mean_grad_res: 0.000241
mean_grad_bcs: 0.000029
It: 27600, loss: 2.593e-01| loss_res: 2.900e-01| loss_f: 2.593e-01| loss_bc1: 5.703e-07| loss_bc2: 1.730e-06| loss_bc3: 6.183e-07| loss_bc4: 1.389e-07|Time: 0.00
mean_grad_res: 0.000113
mean_grad_bcs: 0.000028
It: 27700, loss: 2.647e-01| loss_res: 2.694e-01| loss_f: 2.647e-01| loss_bc1: 2.309e-07| loss_bc2: 2.227e-07| loss_bc3: 2.947e-07| loss_bc4: 6.485e-07|Time: 0.01
mean_grad_res: 0.000078
mean_grad_bcs: 0.000022
It: 27800, loss: 2.588e-01| loss_res: 2.735e-01| loss_f: 2.588e-01| loss_bc1: 2.285e-08| loss_bc2: 3.546e-07| loss_bc3: 6.451e-07| loss_bc4: 6.997e-08|Time: 0.00
mean_grad_res: 0.000095
mean_grad_bcs: 0.000014
It: 27900, loss: 2.354e-01| loss_res: 2.716e-01| loss_f: 2.354e-01| loss_bc1: 4.032e-07| loss_bc2: 2.069e-07| loss_bc3: 1.461e-07| loss_bc4: 3.975e-07|Time: 0.00
mean_grad_res: 0.000172
mean_grad_bcs: 0.000014
It: 28000, loss: 2.773e-01| loss_res: 2.457e-01| loss_f: 2.773e-01| loss_bc1: 1.176e-07| loss_bc2: 1.480e-08| loss_bc3: 5.459e-08| loss_bc4: 1.531e-07|Time: 0.00
mean_grad_res: 0.000088
mean_grad_bcs: 0.000008
It: 28100, loss: 2.501e-01| loss_res: 2.472e-01| loss_f: 2.501e-01| loss_bc1: 9.262e-07| loss_bc2: 1.158e-06| loss_bc3: 1.041e-06| loss_bc4: 7.667e-07|Time: 0.00
mean_grad_res: 0.000141
mean_grad_bcs: 0.000015
It: 28200, loss: 2.882e-01| loss_res: 2.397e-01| loss_f: 2.882e-01| loss_bc1: 9.127e-08| loss_bc2: 2.361e-08| loss_bc3: 1.417e-07| loss_bc4: 1.985e-07|Time: 0.01
mean_grad_res: 0.000062
mean_grad_bcs: 0.000010
It: 28300, loss: 2.833e-01| loss_res: 1.869e-01| loss_f: 2.833e-01| loss_bc1: 4.698e-08| loss_bc2: 1.126e-07| loss_bc3: 1.388e-07| loss_bc4: 2.112e-08|Time: 0.00
mean_grad_res: 0.000139
mean_grad_bcs: 0.000006
It: 28400, loss: 2.902e-01| loss_res: 2.547e-01| loss_f: 2.902e-01| loss_bc1: 1.135e-07| loss_bc2: 2.626e-07| loss_bc3: 2.875e-07| loss_bc4: 2.624e-07|Time: 0.00
mean_grad_res: 0.000145
mean_grad_bcs: 0.000016
It: 28500, loss: 2.903e-01| loss_res: 2.794e-01| loss_f: 2.903e-01| loss_bc1: 1.860e-07| loss_bc2: 1.323e-07| loss_bc3: 1.734e-07| loss_bc4: 2.555e-07|Time: 0.00
mean_grad_res: 0.000065
mean_grad_bcs: 0.000007
It: 28600, loss: 2.274e-01| loss_res: 2.537e-01| loss_f: 2.273e-01| loss_bc1: 3.562e-06| loss_bc2: 2.984e-06| loss_bc3: 2.377e-06| loss_bc4: 2.948e-06|Time: 0.00
mean_grad_res: 0.000170
mean_grad_bcs: 0.000024
It: 28700, loss: 2.480e-01| loss_res: 2.646e-01| loss_f: 2.479e-01| loss_bc1: 1.753e-06| loss_bc2: 1.839e-06| loss_bc3: 2.589e-06| loss_bc4: 2.652e-06|Time: 0.00
mean_grad_res: 0.000170
mean_grad_bcs: 0.000033
It: 28800, loss: 2.886e-01| loss_res: 2.368e-01| loss_f: 2.885e-01| loss_bc1: 4.982e-07| loss_bc2: 2.179e-07| loss_bc3: 1.522e-07| loss_bc4: 4.133e-07|Time: 0.00
mean_grad_res: 0.000186
mean_grad_bcs: 0.000013
It: 28900, loss: 2.545e-01| loss_res: 2.689e-01| loss_f: 2.545e-01| loss_bc1: 5.674e-07| loss_bc2: 1.935e-06| loss_bc3: 1.709e-06| loss_bc4: 6.749e-07|Time: 0.00
mean_grad_res: 0.000117
mean_grad_bcs: 0.000046
It: 29000, loss: 2.661e-01| loss_res: 2.536e-01| loss_f: 2.661e-01| loss_bc1: 2.042e-07| loss_bc2: 2.464e-07| loss_bc3: 2.407e-07| loss_bc4: 2.327e-07|Time: 0.00
mean_grad_res: 0.000087
mean_grad_bcs: 0.000007
It: 29100, loss: 3.012e-01| loss_res: 2.682e-01| loss_f: 3.011e-01| loss_bc1: 2.316e-06| loss_bc2: 1.982e-06| loss_bc3: 2.097e-06| loss_bc4: 2.430e-06|Time: 0.00
mean_grad_res: 0.000077
mean_grad_bcs: 0.000020
It: 29200, loss: 2.927e-01| loss_res: 2.776e-01| loss_f: 2.927e-01| loss_bc1: 4.766e-08| loss_bc2: 8.932e-08| loss_bc3: 2.485e-07| loss_bc4: 3.324e-07|Time: 0.00
mean_grad_res: 0.000099
mean_grad_bcs: 0.000021
It: 29300, loss: 2.242e-01| loss_res: 2.215e-01| loss_f: 2.242e-01| loss_bc1: 7.821e-08| loss_bc2: 5.248e-08| loss_bc3: 1.901e-08| loss_bc4: 1.594e-07|Time: 0.00
mean_grad_res: 0.000099
mean_grad_bcs: 0.000009
It: 29400, loss: 2.495e-01| loss_res: 2.418e-01| loss_f: 2.494e-01| loss_bc1: 1.782e-07| loss_bc2: 2.184e-07| loss_bc3: 1.832e-07| loss_bc4: 2.134e-07|Time: 0.00
mean_grad_res: 0.000073
mean_grad_bcs: 0.000010
It: 29500, loss: 3.086e-01| loss_res: 2.637e-01| loss_f: 3.086e-01| loss_bc1: 6.474e-08| loss_bc2: 5.880e-08| loss_bc3: 3.368e-08| loss_bc4: 1.017e-07|Time: 0.01
mean_grad_res: 0.000095
mean_grad_bcs: 0.000009
It: 29600, loss: 2.954e-01| loss_res: 2.242e-01| loss_f: 2.954e-01| loss_bc1: 9.660e-07| loss_bc2: 4.978e-07| loss_bc3: 3.401e-07| loss_bc4: 7.157e-07|Time: 0.00
mean_grad_res: 0.000095
mean_grad_bcs: 0.000011
It: 29700, loss: 3.061e-01| loss_res: 2.131e-01| loss_f: 3.061e-01| loss_bc1: 5.811e-07| loss_bc2: 9.071e-07| loss_bc3: 8.606e-07| loss_bc4: 4.663e-07|Time: 0.00
mean_grad_res: 0.000085
mean_grad_bcs: 0.000010
It: 29800, loss: 2.754e-01| loss_res: 2.710e-01| loss_f: 2.754e-01| loss_bc1: 5.679e-08| loss_bc2: 2.497e-07| loss_bc3: 1.173e-07| loss_bc4: 5.257e-08|Time: 0.00
mean_grad_res: 0.000164
mean_grad_bcs: 0.000010
It: 29900, loss: 2.495e-01| loss_res: 2.066e-01| loss_f: 2.495e-01| loss_bc1: 2.141e-08| loss_bc2: 8.530e-08| loss_bc3: 3.429e-08| loss_bc4: 2.764e-08|Time: 0.00
mean_grad_res: 0.000120
mean_grad_bcs: 0.000006
It: 30000, loss: 2.782e-01| loss_res: 2.493e-01| loss_f: 2.782e-01| loss_bc1: 2.770e-07| loss_bc2: 2.216e-07| loss_bc3: 7.417e-07| loss_bc4: 2.973e-08|Time: 0.00
mean_grad_res: 0.000077
mean_grad_bcs: 0.000027
It: 30100, loss: 2.580e-01| loss_res: 2.312e-01| loss_f: 2.579e-01| loss_bc1: 1.341e-06| loss_bc2: 2.379e-06| loss_bc3: 3.251e-06| loss_bc4: 1.766e-06|Time: 0.00
mean_grad_res: 0.000118
mean_grad_bcs: 0.000022
It: 30200, loss: 2.686e-01| loss_res: 2.350e-01| loss_f: 2.686e-01| loss_bc1: 1.170e-07| loss_bc2: 5.217e-08| loss_bc3: 1.537e-07| loss_bc4: 4.461e-07|Time: 0.00
mean_grad_res: 0.000084
mean_grad_bcs: 0.000018
It: 30300, loss: 2.488e-01| loss_res: 2.254e-01| loss_f: 2.488e-01| loss_bc1: 4.892e-07| loss_bc2: 3.358e-07| loss_bc3: 1.773e-07| loss_bc4: 3.251e-07|Time: 0.00
mean_grad_res: 0.000121
mean_grad_bcs: 0.000009
It: 30400, loss: 2.925e-01| loss_res: 2.192e-01| loss_f: 2.925e-01| loss_bc1: 1.240e-07| loss_bc2: 1.242e-07| loss_bc3: 9.154e-08| loss_bc4: 1.571e-07|Time: 0.00
mean_grad_res: 0.000098
mean_grad_bcs: 0.000017
It: 30500, loss: 2.945e-01| loss_res: 2.311e-01| loss_f: 2.945e-01| loss_bc1: 8.748e-08| loss_bc2: 6.452e-08| loss_bc3: 9.828e-08| loss_bc4: 4.087e-08|Time: 0.00
mean_grad_res: 0.000111
mean_grad_bcs: 0.000009
It: 30600, loss: 2.452e-01| loss_res: 2.643e-01| loss_f: 2.452e-01| loss_bc1: 3.769e-07| loss_bc2: 1.263e-06| loss_bc3: 3.567e-07| loss_bc4: 1.508e-07|Time: 0.01
mean_grad_res: 0.000120
mean_grad_bcs: 0.000035
It: 30700, loss: 2.782e-01| loss_res: 2.348e-01| loss_f: 2.782e-01| loss_bc1: 1.771e-07| loss_bc2: 2.795e-07| loss_bc3: 3.867e-07| loss_bc4: 1.743e-07|Time: 0.00
mean_grad_res: 0.000117
mean_grad_bcs: 0.000009
It: 30800, loss: 2.255e-01| loss_res: 2.510e-01| loss_f: 2.255e-01| loss_bc1: 2.031e-07| loss_bc2: 1.463e-07| loss_bc3: 5.364e-07| loss_bc4: 5.270e-07|Time: 0.01
mean_grad_res: 0.000080
mean_grad_bcs: 0.000012
It: 30900, loss: 2.325e-01| loss_res: 2.738e-01| loss_f: 2.325e-01| loss_bc1: 1.343e-08| loss_bc2: 3.415e-08| loss_bc3: 1.532e-08| loss_bc4: 7.626e-09|Time: 0.00
mean_grad_res: 0.000049
mean_grad_bcs: 0.000003
It: 31000, loss: 2.454e-01| loss_res: 2.681e-01| loss_f: 2.454e-01| loss_bc1: 1.508e-07| loss_bc2: 1.428e-07| loss_bc3: 1.215e-07| loss_bc4: 2.072e-07|Time: 0.00
mean_grad_res: 0.000093
mean_grad_bcs: 0.000010
It: 31100, loss: 2.405e-01| loss_res: 2.753e-01| loss_f: 2.405e-01| loss_bc1: 2.513e-07| loss_bc2: 5.856e-07| loss_bc3: 6.319e-07| loss_bc4: 2.816e-07|Time: 0.00
mean_grad_res: 0.000132
mean_grad_bcs: 0.000010
It: 31200, loss: 3.102e-01| loss_res: 2.435e-01| loss_f: 3.102e-01| loss_bc1: 5.125e-08| loss_bc2: 4.756e-08| loss_bc3: 3.027e-07| loss_bc4: 4.759e-07|Time: 0.00
mean_grad_res: 0.000204
mean_grad_bcs: 0.000016
It: 31300, loss: 3.026e-01| loss_res: 2.373e-01| loss_f: 3.026e-01| loss_bc1: 3.656e-06| loss_bc2: 1.029e-06| loss_bc3: 6.965e-07| loss_bc4: 2.614e-06|Time: 0.00
mean_grad_res: 0.000207
mean_grad_bcs: 0.000040
It: 31400, loss: 2.758e-01| loss_res: 2.553e-01| loss_f: 2.758e-01| loss_bc1: 6.460e-07| loss_bc2: 2.334e-07| loss_bc3: 5.487e-07| loss_bc4: 1.214e-06|Time: 0.00
mean_grad_res: 0.000060
mean_grad_bcs: 0.000017
It: 31500, loss: 2.799e-01| loss_res: 2.792e-01| loss_f: 2.799e-01| loss_bc1: 3.920e-08| loss_bc2: 2.538e-08| loss_bc3: 6.089e-08| loss_bc4: 1.246e-07|Time: 0.00
mean_grad_res: 0.000124
mean_grad_bcs: 0.000009
It: 31600, loss: 2.897e-01| loss_res: 2.356e-01| loss_f: 2.897e-01| loss_bc1: 2.524e-08| loss_bc2: 1.984e-07| loss_bc3: 7.444e-08| loss_bc4: 3.364e-08|Time: 0.00
mean_grad_res: 0.000086
mean_grad_bcs: 0.000008
It: 31700, loss: 2.482e-01| loss_res: 2.821e-01| loss_f: 2.482e-01| loss_bc1: 4.216e-08| loss_bc2: 7.930e-08| loss_bc3: 5.212e-08| loss_bc4: 6.093e-08|Time: 0.00
mean_grad_res: 0.000113
mean_grad_bcs: 0.000011
It: 31800, loss: 2.619e-01| loss_res: 2.655e-01| loss_f: 2.619e-01| loss_bc1: 2.622e-07| loss_bc2: 2.084e-07| loss_bc3: 1.316e-06| loss_bc4: 1.602e-06|Time: 0.00
mean_grad_res: 0.000050
mean_grad_bcs: 0.000036
It: 31900, loss: 2.486e-01| loss_res: 1.988e-01| loss_f: 2.486e-01| loss_bc1: 3.494e-08| loss_bc2: 7.927e-08| loss_bc3: 1.611e-07| loss_bc4: 3.028e-07|Time: 0.00
mean_grad_res: 0.000081
mean_grad_bcs: 0.000022
It: 32000, loss: 2.858e-01| loss_res: 2.791e-01| loss_f: 2.858e-01| loss_bc1: 3.317e-07| loss_bc2: 2.159e-07| loss_bc3: 8.049e-07| loss_bc4: 9.192e-07|Time: 0.01
mean_grad_res: 0.000131
mean_grad_bcs: 0.000020
It: 32100, loss: 2.646e-01| loss_res: 2.298e-01| loss_f: 2.646e-01| loss_bc1: 2.046e-07| loss_bc2: 4.724e-08| loss_bc3: 2.858e-07| loss_bc4: 1.562e-07|Time: 0.00
mean_grad_res: 0.000140
mean_grad_bcs: 0.000020
It: 32200, loss: 2.528e-01| loss_res: 2.595e-01| loss_f: 2.528e-01| loss_bc1: 1.176e-07| loss_bc2: 2.062e-08| loss_bc3: 1.124e-07| loss_bc4: 7.407e-08|Time: 0.00
mean_grad_res: 0.000117
mean_grad_bcs: 0.000011
It: 32300, loss: 2.998e-01| loss_res: 2.420e-01| loss_f: 2.998e-01| loss_bc1: 1.810e-06| loss_bc2: 2.806e-07| loss_bc3: 2.340e-07| loss_bc4: 1.460e-06|Time: 0.02
mean_grad_res: 0.000061
mean_grad_bcs: 0.000029
It: 32400, loss: 2.606e-01| loss_res: 2.269e-01| loss_f: 2.606e-01| loss_bc1: 9.717e-07| loss_bc2: 1.624e-06| loss_bc3: 1.560e-06| loss_bc4: 9.911e-07|Time: 0.00
mean_grad_res: 0.000300
mean_grad_bcs: 0.000017
It: 32500, loss: 2.339e-01| loss_res: 2.943e-01| loss_f: 2.339e-01| loss_bc1: 3.006e-08| loss_bc2: 7.993e-08| loss_bc3: 6.182e-08| loss_bc4: 9.861e-08|Time: 0.01
mean_grad_res: 0.000123
mean_grad_bcs: 0.000011
It: 32600, loss: 3.206e-01| loss_res: 2.650e-01| loss_f: 3.206e-01| loss_bc1: 5.293e-07| loss_bc2: 2.362e-07| loss_bc3: 1.384e-07| loss_bc4: 2.277e-07|Time: 0.00
mean_grad_res: 0.000157
mean_grad_bcs: 0.000013
It: 32700, loss: 2.955e-01| loss_res: 2.551e-01| loss_f: 2.954e-01| loss_bc1: 2.409e-06| loss_bc2: 8.918e-07| loss_bc3: 6.414e-07| loss_bc4: 1.841e-06|Time: 0.00
mean_grad_res: 0.000119
mean_grad_bcs: 0.000025
It: 32800, loss: 3.090e-01| loss_res: 2.389e-01| loss_f: 3.090e-01| loss_bc1: 6.543e-08| loss_bc2: 1.802e-07| loss_bc3: 1.728e-07| loss_bc4: 8.005e-08|Time: 0.00
mean_grad_res: 0.000165
mean_grad_bcs: 0.000007
It: 32900, loss: 3.152e-01| loss_res: 2.507e-01| loss_f: 3.152e-01| loss_bc1: 4.607e-08| loss_bc2: 7.305e-08| loss_bc3: 1.094e-07| loss_bc4: 2.415e-07|Time: 0.00
mean_grad_res: 0.000148
mean_grad_bcs: 0.000015
It: 33000, loss: 2.719e-01| loss_res: 2.663e-01| loss_f: 2.719e-01| loss_bc1: 8.558e-08| loss_bc2: 2.180e-07| loss_bc3: 1.921e-07| loss_bc4: 1.765e-07|Time: 0.00
mean_grad_res: 0.000137
mean_grad_bcs: 0.000011
It: 33100, loss: 2.666e-01| loss_res: 2.618e-01| loss_f: 2.665e-01| loss_bc1: 2.415e-06| loss_bc2: 6.075e-07| loss_bc3: 4.794e-07| loss_bc4: 2.083e-06|Time: 0.00
mean_grad_res: 0.000163
mean_grad_bcs: 0.000031
It: 33200, loss: 2.774e-01| loss_res: 2.886e-01| loss_f: 2.774e-01| loss_bc1: 1.812e-06| loss_bc2: 1.038e-06| loss_bc3: 1.709e-06| loss_bc4: 2.405e-06|Time: 0.00
mean_grad_res: 0.000140
mean_grad_bcs: 0.000020
It: 33300, loss: 2.718e-01| loss_res: 2.415e-01| loss_f: 2.718e-01| loss_bc1: 4.063e-07| loss_bc2: 7.656e-07| loss_bc3: 4.989e-07| loss_bc4: 2.460e-07|Time: 0.00
mean_grad_res: 0.000143
mean_grad_bcs: 0.000012
It: 33400, loss: 2.746e-01| loss_res: 2.118e-01| loss_f: 2.746e-01| loss_bc1: 2.687e-07| loss_bc2: 2.230e-07| loss_bc3: 5.683e-07| loss_bc4: 5.232e-07|Time: 0.02
mean_grad_res: 0.000138
mean_grad_bcs: 0.000012
It: 33500, loss: 2.703e-01| loss_res: 2.833e-01| loss_f: 2.703e-01| loss_bc1: 1.948e-08| loss_bc2: 1.236e-07| loss_bc3: 2.154e-08| loss_bc4: 3.873e-08|Time: 0.01
mean_grad_res: 0.000145
mean_grad_bcs: 0.000009
It: 33600, loss: 2.610e-01| loss_res: 2.390e-01| loss_f: 2.610e-01| loss_bc1: 3.146e-07| loss_bc2: 5.728e-08| loss_bc3: 3.514e-08| loss_bc4: 2.936e-07|Time: 0.00
mean_grad_res: 0.000156
mean_grad_bcs: 0.000011
It: 33700, loss: 2.700e-01| loss_res: 2.728e-01| loss_f: 2.700e-01| loss_bc1: 2.320e-07| loss_bc2: 1.272e-07| loss_bc3: 4.406e-08| loss_bc4: 2.220e-08|Time: 0.00
mean_grad_res: 0.000293
mean_grad_bcs: 0.000012
It: 33800, loss: 2.385e-01| loss_res: 2.345e-01| loss_f: 2.385e-01| loss_bc1: 4.190e-07| loss_bc2: 9.815e-08| loss_bc3: 2.243e-07| loss_bc4: 3.567e-07|Time: 0.00
mean_grad_res: 0.000125
mean_grad_bcs: 0.000018
It: 33900, loss: 2.363e-01| loss_res: 2.546e-01| loss_f: 2.363e-01| loss_bc1: 8.493e-07| loss_bc2: 1.179e-07| loss_bc3: 1.364e-07| loss_bc4: 4.749e-07|Time: 0.00
mean_grad_res: 0.000170
mean_grad_bcs: 0.000019
It: 34000, loss: 2.728e-01| loss_res: 2.460e-01| loss_f: 2.728e-01| loss_bc1: 6.577e-08| loss_bc2: 7.781e-08| loss_bc3: 6.909e-07| loss_bc4: 3.930e-07|Time: 0.00
mean_grad_res: 0.000101
mean_grad_bcs: 0.000020
It: 34100, loss: 2.390e-01| loss_res: 2.987e-01| loss_f: 2.390e-01| loss_bc1: 7.670e-07| loss_bc2: 2.920e-07| loss_bc3: 1.076e-06| loss_bc4: 1.558e-06|Time: 0.00
mean_grad_res: 0.000158
mean_grad_bcs: 0.000020
It: 34200, loss: 2.476e-01| loss_res: 2.731e-01| loss_f: 2.476e-01| loss_bc1: 2.074e-07| loss_bc2: 1.246e-07| loss_bc3: 7.554e-08| loss_bc4: 6.538e-08|Time: 0.00
mean_grad_res: 0.000121
mean_grad_bcs: 0.000013
It: 34300, loss: 2.940e-01| loss_res: 2.624e-01| loss_f: 2.939e-01| loss_bc1: 4.887e-07| loss_bc2: 3.800e-07| loss_bc3: 4.505e-07| loss_bc4: 7.278e-07|Time: 0.00
mean_grad_res: 0.000082
mean_grad_bcs: 0.000016
It: 34400, loss: 2.881e-01| loss_res: 2.204e-01| loss_f: 2.880e-01| loss_bc1: 4.407e-08| loss_bc2: 1.392e-08| loss_bc3: 1.508e-07| loss_bc4: 2.019e-07|Time: 0.00
mean_grad_res: 0.000187
mean_grad_bcs: 0.000010
It: 34500, loss: 2.789e-01| loss_res: 2.443e-01| loss_f: 2.789e-01| loss_bc1: 3.039e-07| loss_bc2: 3.327e-07| loss_bc3: 2.224e-07| loss_bc4: 2.816e-07|Time: 0.00
mean_grad_res: 0.000112
mean_grad_bcs: 0.000009
It: 34600, loss: 2.742e-01| loss_res: 2.329e-01| loss_f: 2.742e-01| loss_bc1: 7.241e-08| loss_bc2: 3.508e-08| loss_bc3: 6.333e-08| loss_bc4: 1.270e-07|Time: 0.01
mean_grad_res: 0.000115
mean_grad_bcs: 0.000006
It: 34700, loss: 2.584e-01| loss_res: 2.317e-01| loss_f: 2.584e-01| loss_bc1: 6.708e-08| loss_bc2: 6.580e-08| loss_bc3: 3.203e-07| loss_bc4: 1.790e-07|Time: 0.00
mean_grad_res: 0.000167
mean_grad_bcs: 0.000017
It: 34800, loss: 2.933e-01| loss_res: 2.524e-01| loss_f: 2.933e-01| loss_bc1: 1.880e-06| loss_bc2: 1.424e-06| loss_bc3: 5.656e-07| loss_bc4: 1.030e-06|Time: 0.01
mean_grad_res: 0.000120
mean_grad_bcs: 0.000021
It: 34900, loss: 2.975e-01| loss_res: 2.179e-01| loss_f: 2.975e-01| loss_bc1: 4.003e-08| loss_bc2: 6.442e-08| loss_bc3: 3.762e-08| loss_bc4: 2.403e-07|Time: 0.00
mean_grad_res: 0.000148
mean_grad_bcs: 0.000010
It: 35000, loss: 3.012e-01| loss_res: 2.854e-01| loss_f: 3.012e-01| loss_bc1: 1.046e-06| loss_bc2: 8.147e-07| loss_bc3: 3.795e-07| loss_bc4: 5.251e-07|Time: 0.00
mean_grad_res: 0.000154
mean_grad_bcs: 0.000019
It: 35100, loss: 2.412e-01| loss_res: 2.611e-01| loss_f: 2.412e-01| loss_bc1: 1.830e-08| loss_bc2: 1.012e-08| loss_bc3: 1.633e-07| loss_bc4: 2.368e-07|Time: 0.00
mean_grad_res: 0.000098
mean_grad_bcs: 0.000011
It: 35200, loss: 2.688e-01| loss_res: 2.119e-01| loss_f: 2.688e-01| loss_bc1: 9.778e-08| loss_bc2: 1.225e-07| loss_bc3: 4.658e-08| loss_bc4: 3.269e-08|Time: 0.00
mean_grad_res: 0.000152
mean_grad_bcs: 0.000012
It: 35300, loss: 3.033e-01| loss_res: 2.413e-01| loss_f: 3.033e-01| loss_bc1: 9.226e-08| loss_bc2: 2.049e-08| loss_bc3: 5.673e-08| loss_bc4: 2.063e-07|Time: 0.00
mean_grad_res: 0.000126
mean_grad_bcs: 0.000007
It: 35400, loss: 2.931e-01| loss_res: 2.063e-01| loss_f: 2.931e-01| loss_bc1: 2.154e-07| loss_bc2: 6.450e-07| loss_bc3: 3.246e-07| loss_bc4: 1.856e-07|Time: 0.00
mean_grad_res: 0.000152
mean_grad_bcs: 0.000018
It: 35500, loss: 2.898e-01| loss_res: 2.012e-01| loss_f: 2.898e-01| loss_bc1: 1.016e-07| loss_bc2: 3.737e-08| loss_bc3: 3.030e-08| loss_bc4: 9.776e-08|Time: 0.00
mean_grad_res: 0.000207
mean_grad_bcs: 0.000011
It: 35600, loss: 3.125e-01| loss_res: 2.378e-01| loss_f: 3.125e-01| loss_bc1: 9.113e-07| loss_bc2: 1.515e-06| loss_bc3: 2.255e-06| loss_bc4: 1.133e-06|Time: 0.00
mean_grad_res: 0.000151
mean_grad_bcs: 0.000035
It: 35700, loss: 2.779e-01| loss_res: 3.049e-01| loss_f: 2.779e-01| loss_bc1: 1.086e-07| loss_bc2: 3.598e-07| loss_bc3: 4.875e-07| loss_bc4: 1.451e-07|Time: 0.00
mean_grad_res: 0.000109
mean_grad_bcs: 0.000027
It: 35800, loss: 2.450e-01| loss_res: 2.753e-01| loss_f: 2.450e-01| loss_bc1: 3.971e-08| loss_bc2: 2.292e-07| loss_bc3: 2.682e-07| loss_bc4: 8.985e-08|Time: 0.00
mean_grad_res: 0.000147
mean_grad_bcs: 0.000013
It: 35900, loss: 2.548e-01| loss_res: 2.910e-01| loss_f: 2.548e-01| loss_bc1: 3.661e-08| loss_bc2: 1.256e-07| loss_bc3: 1.770e-07| loss_bc4: 5.209e-08|Time: 0.00
mean_grad_res: 0.000065
mean_grad_bcs: 0.000011
It: 36000, loss: 2.839e-01| loss_res: 2.455e-01| loss_f: 2.839e-01| loss_bc1: 1.476e-08| loss_bc2: 1.105e-07| loss_bc3: 1.025e-07| loss_bc4: 3.401e-08|Time: 0.00
mean_grad_res: 0.000140
mean_grad_bcs: 0.000006
It: 36100, loss: 3.032e-01| loss_res: 2.466e-01| loss_f: 3.032e-01| loss_bc1: 1.958e-07| loss_bc2: 2.192e-07| loss_bc3: 2.086e-07| loss_bc4: 2.502e-07|Time: 0.00
mean_grad_res: 0.000083
mean_grad_bcs: 0.000009
It: 36200, loss: 2.498e-01| loss_res: 2.608e-01| loss_f: 2.498e-01| loss_bc1: 3.616e-08| loss_bc2: 1.671e-07| loss_bc3: 5.430e-07| loss_bc4: 2.784e-07|Time: 0.00
mean_grad_res: 0.000112
mean_grad_bcs: 0.000013
It: 36300, loss: 2.654e-01| loss_res: 2.409e-01| loss_f: 2.654e-01| loss_bc1: 7.606e-08| loss_bc2: 2.960e-08| loss_bc3: 1.437e-07| loss_bc4: 3.065e-07|Time: 0.00
mean_grad_res: 0.000100
mean_grad_bcs: 0.000009
It: 36400, loss: 3.189e-01| loss_res: 2.511e-01| loss_f: 3.189e-01| loss_bc1: 1.240e-08| loss_bc2: 4.103e-08| loss_bc3: 1.963e-07| loss_bc4: 8.854e-08|Time: 0.00
mean_grad_res: 0.000176
mean_grad_bcs: 0.000007
It: 36500, loss: 2.865e-01| loss_res: 2.848e-01| loss_f: 2.865e-01| loss_bc1: 2.678e-07| loss_bc2: 3.743e-07| loss_bc3: 3.377e-07| loss_bc4: 3.584e-07|Time: 0.00
mean_grad_res: 0.000132
mean_grad_bcs: 0.000009
It: 36600, loss: 2.731e-01| loss_res: 2.684e-01| loss_f: 2.731e-01| loss_bc1: 3.432e-07| loss_bc2: 6.079e-08| loss_bc3: 1.107e-07| loss_bc4: 3.169e-07|Time: 0.00
mean_grad_res: 0.000131
mean_grad_bcs: 0.000020
It: 36700, loss: 3.075e-01| loss_res: 2.670e-01| loss_f: 3.075e-01| loss_bc1: 6.979e-08| loss_bc2: 5.068e-08| loss_bc3: 2.868e-07| loss_bc4: 4.198e-07|Time: 0.00
mean_grad_res: 0.000060
mean_grad_bcs: 0.000025
It: 36800, loss: 3.125e-01| loss_res: 2.536e-01| loss_f: 3.125e-01| loss_bc1: 2.391e-07| loss_bc2: 2.671e-07| loss_bc3: 7.716e-07| loss_bc4: 7.563e-07|Time: 0.00
mean_grad_res: 0.000155
mean_grad_bcs: 0.000019
It: 36900, loss: 2.813e-01| loss_res: 2.555e-01| loss_f: 2.813e-01| loss_bc1: 9.997e-08| loss_bc2: 1.882e-07| loss_bc3: 1.436e-07| loss_bc4: 2.202e-07|Time: 0.00
mean_grad_res: 0.000183
mean_grad_bcs: 0.000019
It: 37000, loss: 2.791e-01| loss_res: 2.521e-01| loss_f: 2.791e-01| loss_bc1: 1.615e-06| loss_bc2: 5.262e-07| loss_bc3: 5.719e-07| loss_bc4: 1.415e-06|Time: 0.00
mean_grad_res: 0.000159
mean_grad_bcs: 0.000023
It: 37100, loss: 2.927e-01| loss_res: 2.468e-01| loss_f: 2.927e-01| loss_bc1: 7.992e-08| loss_bc2: 2.477e-08| loss_bc3: 1.131e-07| loss_bc4: 1.802e-07|Time: 0.00
mean_grad_res: 0.000080
mean_grad_bcs: 0.000010
It: 37200, loss: 2.687e-01| loss_res: 2.432e-01| loss_f: 2.687e-01| loss_bc1: 8.113e-08| loss_bc2: 3.068e-08| loss_bc3: 2.152e-08| loss_bc4: 1.270e-07|Time: 0.00
mean_grad_res: 0.000120
mean_grad_bcs: 0.000009
It: 37300, loss: 2.745e-01| loss_res: 2.631e-01| loss_f: 2.745e-01| loss_bc1: 2.302e-08| loss_bc2: 2.051e-07| loss_bc3: 2.194e-07| loss_bc4: 1.108e-07|Time: 0.00
mean_grad_res: 0.000107
mean_grad_bcs: 0.000008
It: 37400, loss: 2.387e-01| loss_res: 2.504e-01| loss_f: 2.387e-01| loss_bc1: 2.389e-07| loss_bc2: 3.406e-07| loss_bc3: 8.312e-07| loss_bc4: 6.123e-07|Time: 0.00
mean_grad_res: 0.000155
mean_grad_bcs: 0.000018
It: 37500, loss: 2.430e-01| loss_res: 2.421e-01| loss_f: 2.430e-01| loss_bc1: 2.303e-07| loss_bc2: 2.058e-07| loss_bc3: 9.716e-08| loss_bc4: 7.925e-08|Time: 0.00
mean_grad_res: 0.000265
mean_grad_bcs: 0.000018
It: 37600, loss: 2.629e-01| loss_res: 2.601e-01| loss_f: 2.629e-01| loss_bc1: 2.711e-08| loss_bc2: 7.945e-08| loss_bc3: 1.976e-07| loss_bc4: 4.899e-08|Time: 0.00
mean_grad_res: 0.000187
mean_grad_bcs: 0.000009
It: 37700, loss: 2.892e-01| loss_res: 2.198e-01| loss_f: 2.892e-01| loss_bc1: 1.419e-07| loss_bc2: 5.727e-08| loss_bc3: 9.331e-08| loss_bc4: 1.204e-07|Time: 0.00
mean_grad_res: 0.000100
mean_grad_bcs: 0.000006
It: 37800, loss: 2.719e-01| loss_res: 2.516e-01| loss_f: 2.719e-01| loss_bc1: 1.033e-06| loss_bc2: 4.408e-08| loss_bc3: 3.761e-08| loss_bc4: 9.270e-07|Time: 0.00
mean_grad_res: 0.000186
mean_grad_bcs: 0.000045
It: 37900, loss: 2.601e-01| loss_res: 2.782e-01| loss_f: 2.601e-01| loss_bc1: 1.012e-07| loss_bc2: 1.373e-07| loss_bc3: 3.356e-07| loss_bc4: 2.066e-07|Time: 0.00
mean_grad_res: 0.000124
mean_grad_bcs: 0.000014
It: 38000, loss: 2.600e-01| loss_res: 2.135e-01| loss_f: 2.600e-01| loss_bc1: 1.387e-07| loss_bc2: 2.164e-07| loss_bc3: 2.595e-07| loss_bc4: 2.175e-07|Time: 0.00
mean_grad_res: 0.000198
mean_grad_bcs: 0.000018
It: 38100, loss: 2.569e-01| loss_res: 2.570e-01| loss_f: 2.569e-01| loss_bc1: 1.336e-07| loss_bc2: 8.644e-08| loss_bc3: 1.852e-07| loss_bc4: 3.688e-07|Time: 0.00
mean_grad_res: 0.000177
mean_grad_bcs: 0.000014
It: 38200, loss: 2.441e-01| loss_res: 2.474e-01| loss_f: 2.441e-01| loss_bc1: 1.881e-07| loss_bc2: 2.562e-07| loss_bc3: 2.684e-07| loss_bc4: 5.446e-08|Time: 0.00
mean_grad_res: 0.000167
mean_grad_bcs: 0.000016
It: 38300, loss: 2.603e-01| loss_res: 2.793e-01| loss_f: 2.603e-01| loss_bc1: 2.139e-07| loss_bc2: 5.407e-07| loss_bc3: 6.138e-07| loss_bc4: 1.720e-07|Time: 0.00
mean_grad_res: 0.000074
mean_grad_bcs: 0.000017
It: 38400, loss: 3.028e-01| loss_res: 2.100e-01| loss_f: 3.028e-01| loss_bc1: 7.298e-07| loss_bc2: 9.805e-07| loss_bc3: 9.760e-07| loss_bc4: 4.256e-07|Time: 0.00
mean_grad_res: 0.000096
mean_grad_bcs: 0.000019
It: 38500, loss: 2.631e-01| loss_res: 2.683e-01| loss_f: 2.631e-01| loss_bc1: 8.221e-08| loss_bc2: 1.634e-07| loss_bc3: 2.083e-07| loss_bc4: 5.022e-08|Time: 0.00
mean_grad_res: 0.000167
mean_grad_bcs: 0.000017
It: 38600, loss: 2.881e-01| loss_res: 2.503e-01| loss_f: 2.881e-01| loss_bc1: 1.614e-07| loss_bc2: 2.604e-07| loss_bc3: 3.991e-07| loss_bc4: 4.171e-07|Time: 0.00
mean_grad_res: 0.000135
mean_grad_bcs: 0.000015
It: 38700, loss: 2.845e-01| loss_res: 2.485e-01| loss_f: 2.845e-01| loss_bc1: 2.618e-07| loss_bc2: 2.008e-07| loss_bc3: 1.725e-07| loss_bc4: 1.491e-07|Time: 0.00
mean_grad_res: 0.000134
mean_grad_bcs: 0.000023
It: 38800, loss: 2.374e-01| loss_res: 2.765e-01| loss_f: 2.374e-01| loss_bc1: 5.991e-07| loss_bc2: 7.467e-07| loss_bc3: 2.056e-07| loss_bc4: 3.104e-07|Time: 0.00
mean_grad_res: 0.000151
mean_grad_bcs: 0.000016
It: 38900, loss: 2.777e-01| loss_res: 2.814e-01| loss_f: 2.777e-01| loss_bc1: 2.661e-07| loss_bc2: 1.316e-07| loss_bc3: 8.128e-08| loss_bc4: 7.753e-08|Time: 0.00
mean_grad_res: 0.000255
mean_grad_bcs: 0.000016
It: 39000, loss: 2.492e-01| loss_res: 1.888e-01| loss_f: 2.492e-01| loss_bc1: 5.418e-07| loss_bc2: 1.946e-07| loss_bc3: 8.704e-08| loss_bc4: 7.937e-08|Time: 0.00
mean_grad_res: 0.000175
mean_grad_bcs: 0.000020
It: 39100, loss: 2.923e-01| loss_res: 2.386e-01| loss_f: 2.923e-01| loss_bc1: 2.864e-07| loss_bc2: 1.682e-07| loss_bc3: 5.130e-08| loss_bc4: 3.123e-07|Time: 0.00
mean_grad_res: 0.000502
mean_grad_bcs: 0.000024
It: 39200, loss: 2.906e-01| loss_res: 2.263e-01| loss_f: 2.906e-01| loss_bc1: 2.142e-07| loss_bc2: 5.244e-08| loss_bc3: 1.983e-07| loss_bc4: 3.151e-07|Time: 0.01
mean_grad_res: 0.000342
mean_grad_bcs: 0.000012
It: 39300, loss: 2.790e-01| loss_res: 2.246e-01| loss_f: 2.790e-01| loss_bc1: 1.019e-06| loss_bc2: 3.245e-07| loss_bc3: 1.388e-07| loss_bc4: 5.105e-07|Time: 0.01
mean_grad_res: 0.000181
mean_grad_bcs: 0.000027
It: 39400, loss: 2.639e-01| loss_res: 2.199e-01| loss_f: 2.639e-01| loss_bc1: 4.147e-07| loss_bc2: 5.982e-09| loss_bc3: 7.764e-08| loss_bc4: 5.183e-07|Time: 0.01
mean_grad_res: 0.000207
mean_grad_bcs: 0.000030
It: 39500, loss: 2.842e-01| loss_res: 2.535e-01| loss_f: 2.842e-01| loss_bc1: 3.138e-08| loss_bc2: 2.725e-08| loss_bc3: 2.084e-07| loss_bc4: 2.828e-07|Time: 0.00
mean_grad_res: 0.000160
mean_grad_bcs: 0.000014
It: 39600, loss: 2.343e-01| loss_res: 2.864e-01| loss_f: 2.343e-01| loss_bc1: 2.727e-07| loss_bc2: 1.436e-07| loss_bc3: 1.222e-07| loss_bc4: 1.023e-07|Time: 0.01
mean_grad_res: 0.000125
mean_grad_bcs: 0.000020
It: 39700, loss: 2.608e-01| loss_res: 2.531e-01| loss_f: 2.608e-01| loss_bc1: 2.869e-07| loss_bc2: 2.040e-07| loss_bc3: 2.616e-08| loss_bc4: 1.428e-08|Time: 0.00
mean_grad_res: 0.000095
mean_grad_bcs: 0.000016
It: 39800, loss: 2.689e-01| loss_res: 2.206e-01| loss_f: 2.689e-01| loss_bc1: 1.075e-07| loss_bc2: 1.948e-07| loss_bc3: 8.952e-08| loss_bc4: 5.275e-08|Time: 0.00
mean_grad_res: 0.000185
mean_grad_bcs: 0.000013
It: 39900, loss: 2.464e-01| loss_res: 2.659e-01| loss_f: 2.464e-01| loss_bc1: 2.027e-07| loss_bc2: 1.322e-07| loss_bc3: 1.473e-07| loss_bc4: 1.286e-07|Time: 0.00
mean_grad_res: 0.000208
mean_grad_bcs: 0.000008
Gradients information stored ...
It: 40000, loss: 2.946e-01| loss_res: 2.309e-01| loss_f: 2.946e-01| loss_bc1: 2.136e-08| loss_bc2: 7.065e-08| loss_bc3: 1.841e-07| loss_bc4: 1.826e-07|Time: 0.56
mean_grad_res: 0.000231
mean_grad_bcs: 0.000013
Relative L2 error_u: 1.00e+00
Relative L2 error_f: 1.00e+00
Save uv NN parameters successfully in %s ...checkpoints/Jan-11-2024_21-33-54-378092_M2
Final loss total loss: 2.945609e-01
Final loss loss_res: 2.309276e-01
Final loss loss_f: 2.945589e-01
Final loss loss_bc1: 2.135981e-08
Final loss loss_bc2: 7.064919e-08
Final loss loss_bc3: 1.841172e-07
Final loss loss_bc4: 1.826119e-07
average lambda_bc4.2541e+00
average lambda_res1.0


Method: mini_batch

average of time_list:1.7605e+02
average of error_u_list:9.9995e-01
average of error_v_list:1.0000e+00
