It: 0, loss: 7.164e+01| loss_res: 3.543e-01| loss_f: 6.979e-01| loss_bc1: 3.819e-01| loss_bc2: 5.241e-01| loss_bc3: 3.825e-01| loss_bc4: 5.546e-01|Time: 0.89
mean_grad_res: 0.075444
mean_grad_bcs: 0.392319
Gradients information stored ...
It: 100, loss: 2.401e+01| loss_res: 2.731e-01| loss_f: 2.400e-01| loss_bc1: 9.136e-04| loss_bc2: 5.540e-04| loss_bc3: 2.948e-03| loss_bc4: 2.748e-03|Time: 0.00
mean_grad_res: 0.001068
mean_grad_bcs: 0.030221
Gradients information stored ...
It: 200, loss: 2.694e+01| loss_res: 3.043e-01| loss_f: 2.692e-01| loss_bc1: 1.857e-03| loss_bc2: 1.804e-03| loss_bc3: 7.712e-03| loss_bc4: 6.767e-03|Time: 0.00
mean_grad_res: 0.004442
mean_grad_bcs: 0.013155
It: 300, loss: 2.589e+01| loss_res: 3.502e-01| loss_f: 2.585e-01| loss_bc1: 1.224e-02| loss_bc2: 1.326e-02| loss_bc3: 1.188e-03| loss_bc4: 5.660e-03|Time: 0.00
mean_grad_res: 0.008013
mean_grad_bcs: 0.038310
It: 400, loss: 2.768e+01| loss_res: 3.650e-01| loss_f: 2.763e-01| loss_bc1: 1.597e-02| loss_bc2: 1.165e-02| loss_bc3: 1.211e-02| loss_bc4: 8.409e-03|Time: 0.02
mean_grad_res: 0.004510
mean_grad_bcs: 0.040901
It: 500, loss: 2.364e+01| loss_res: 3.090e-01| loss_f: 2.359e-01| loss_bc1: 1.980e-02| loss_bc2: 5.113e-03| loss_bc3: 2.910e-03| loss_bc4: 1.840e-02|Time: 0.01
mean_grad_res: 0.008286
mean_grad_bcs: 0.031402
It: 600, loss: 2.917e+01| loss_res: 4.180e-01| loss_f: 2.913e-01| loss_bc1: 1.349e-02| loss_bc2: 7.899e-03| loss_bc3: 8.242e-03| loss_bc4: 5.180e-03|Time: 0.00
mean_grad_res: 0.007116
mean_grad_bcs: 0.021372
It: 700, loss: 2.495e+01| loss_res: 6.205e-01| loss_f: 2.489e-01| loss_bc1: 2.343e-02| loss_bc2: 2.994e-03| loss_bc3: 1.465e-02| loss_bc4: 1.387e-02|Time: 0.00
mean_grad_res: 0.002738
mean_grad_bcs: 0.028638
It: 800, loss: 2.406e+01| loss_res: 4.370e-01| loss_f: 2.402e-01| loss_bc1: 1.897e-02| loss_bc2: 7.840e-03| loss_bc3: 8.187e-03| loss_bc4: 3.619e-03|Time: 0.00
mean_grad_res: 0.002608
mean_grad_bcs: 0.031196
It: 900, loss: 2.545e+01| loss_res: 5.731e-01| loss_f: 2.540e-01| loss_bc1: 2.619e-02| loss_bc2: 9.564e-03| loss_bc3: 9.660e-03| loss_bc4: 5.018e-03|Time: 0.01
mean_grad_res: 0.009215
mean_grad_bcs: 0.029997
It: 1000, loss: 2.524e+01| loss_res: 6.380e-01| loss_f: 2.519e-01| loss_bc1: 1.394e-02| loss_bc2: 7.690e-03| loss_bc3: 1.886e-02| loss_bc4: 1.744e-03|Time: 0.00
mean_grad_res: 0.010603
mean_grad_bcs: 0.019359
Gradients information stored ...
It: 1100, loss: 2.559e+01| loss_res: 7.179e-01| loss_f: 2.555e-01| loss_bc1: 1.841e-02| loss_bc2: 3.748e-03| loss_bc3: 1.571e-02| loss_bc4: 4.948e-03|Time: 0.00
mean_grad_res: 0.004468
mean_grad_bcs: 0.021280
It: 1200, loss: 2.588e+01| loss_res: 6.840e-01| loss_f: 2.583e-01| loss_bc1: 1.352e-02| loss_bc2: 7.023e-03| loss_bc3: 2.039e-02| loss_bc4: 1.242e-03|Time: 0.00
mean_grad_res: 0.009034
mean_grad_bcs: 0.017584
It: 1300, loss: 2.166e+01| loss_res: 6.759e-01| loss_f: 2.160e-01| loss_bc1: 7.302e-03| loss_bc2: 1.120e-02| loss_bc3: 3.149e-02| loss_bc4: 6.259e-03|Time: 0.00
mean_grad_res: 0.014698
mean_grad_bcs: 0.045534
It: 1400, loss: 2.502e+01| loss_res: 9.377e-01| loss_f: 2.494e-01| loss_bc1: 3.893e-02| loss_bc2: 1.748e-02| loss_bc3: 6.435e-03| loss_bc4: 8.855e-03|Time: 0.01
mean_grad_res: 0.015064
mean_grad_bcs: 0.049590
It: 1500, loss: 2.810e+01| loss_res: 7.238e-01| loss_f: 2.805e-01| loss_bc1: 2.487e-02| loss_bc2: 4.601e-03| loss_bc3: 1.439e-02| loss_bc4: 5.931e-03|Time: 0.00
mean_grad_res: 0.007552
mean_grad_bcs: 0.015484
It: 1600, loss: 2.096e+01| loss_res: 9.349e-01| loss_f: 2.092e-01| loss_bc1: 2.200e-02| loss_bc2: 3.128e-03| loss_bc3: 2.042e-02| loss_bc4: 1.270e-03|Time: 0.00
mean_grad_res: 0.007216
mean_grad_bcs: 0.010819
It: 1700, loss: 2.733e+01| loss_res: 8.594e-01| loss_f: 2.729e-01| loss_bc1: 2.284e-02| loss_bc2: 4.577e-03| loss_bc3: 1.373e-02| loss_bc4: 1.827e-03|Time: 0.00
mean_grad_res: 0.007844
mean_grad_bcs: 0.021563
It: 1800, loss: 2.602e+01| loss_res: 7.631e-01| loss_f: 2.599e-01| loss_bc1: 9.485e-03| loss_bc2: 4.528e-04| loss_bc3: 2.212e-02| loss_bc4: 5.001e-03|Time: 0.00
mean_grad_res: 0.010692
mean_grad_bcs: 0.021044
It: 1900, loss: 2.456e+01| loss_res: 1.119e+00| loss_f: 2.452e-01| loss_bc1: 1.902e-02| loss_bc2: 1.013e-03| loss_bc3: 1.864e-02| loss_bc4: 4.724e-03|Time: 0.00
mean_grad_res: 0.008210
mean_grad_bcs: 0.015352
It: 2000, loss: 2.605e+01| loss_res: 1.036e+00| loss_f: 2.600e-01| loss_bc1: 3.520e-02| loss_bc2: 5.328e-03| loss_bc3: 4.862e-03| loss_bc4: 1.014e-02|Time: 0.00
mean_grad_res: 0.006198
mean_grad_bcs: 0.049659
It: 2100, loss: 2.434e+01| loss_res: 1.389e+00| loss_f: 2.427e-01| loss_bc1: 3.909e-02| loss_bc2: 7.161e-03| loss_bc3: 2.642e-02| loss_bc4: 1.795e-03|Time: 0.00
mean_grad_res: 0.004760
mean_grad_bcs: 0.019950
It: 2200, loss: 2.458e+01| loss_res: 1.257e+00| loss_f: 2.452e-01| loss_bc1: 3.522e-02| loss_bc2: 3.785e-03| loss_bc3: 2.012e-02| loss_bc4: 4.503e-03|Time: 0.00
mean_grad_res: 0.007045
mean_grad_bcs: 0.022008
It: 2300, loss: 2.174e+01| loss_res: 8.760e-01| loss_f: 2.169e-01| loss_bc1: 2.006e-02| loss_bc2: 1.575e-03| loss_bc3: 2.564e-02| loss_bc4: 2.256e-03|Time: 0.00
mean_grad_res: 0.007219
mean_grad_bcs: 0.012341
It: 2400, loss: 2.776e+01| loss_res: 1.012e+00| loss_f: 2.771e-01| loss_bc1: 3.316e-02| loss_bc2: 2.416e-03| loss_bc3: 1.554e-02| loss_bc4: 4.987e-03|Time: 0.00
mean_grad_res: 0.005905
mean_grad_bcs: 0.031222
It: 2500, loss: 2.311e+01| loss_res: 1.249e+00| loss_f: 2.306e-01| loss_bc1: 2.547e-02| loss_bc2: 2.987e-03| loss_bc3: 2.218e-02| loss_bc4: 6.926e-04|Time: 0.00
mean_grad_res: 0.004769
mean_grad_bcs: 0.018419
It: 2600, loss: 2.240e+01| loss_res: 1.286e+00| loss_f: 2.234e-01| loss_bc1: 3.151e-02| loss_bc2: 5.290e-03| loss_bc3: 2.628e-02| loss_bc4: 5.209e-04|Time: 0.00
mean_grad_res: 0.006566
mean_grad_bcs: 0.018665
It: 2700, loss: 2.315e+01| loss_res: 1.273e+00| loss_f: 2.307e-01| loss_bc1: 2.492e-02| loss_bc2: 1.111e-03| loss_bc3: 4.301e-02| loss_bc4: 1.422e-02|Time: 0.00
mean_grad_res: 0.010654
mean_grad_bcs: 0.038515
It: 2800, loss: 2.545e+01| loss_res: 1.836e+00| loss_f: 2.539e-01| loss_bc1: 2.277e-02| loss_bc2: 2.854e-03| loss_bc3: 3.267e-02| loss_bc4: 4.393e-03|Time: 0.00
mean_grad_res: 0.009127
mean_grad_bcs: 0.023793
It: 2900, loss: 2.313e+01| loss_res: 1.871e+00| loss_f: 2.302e-01| loss_bc1: 5.477e-02| loss_bc2: 4.093e-03| loss_bc3: 4.607e-02| loss_bc4: 1.217e-03|Time: 0.01
mean_grad_res: 0.006952
mean_grad_bcs: 0.027642
It: 3000, loss: 2.437e+01| loss_res: 1.836e+00| loss_f: 2.431e-01| loss_bc1: 3.264e-02| loss_bc2: 3.610e-03| loss_bc3: 2.725e-02| loss_bc4: 1.007e-03|Time: 0.00
mean_grad_res: 0.004001
mean_grad_bcs: 0.019621
It: 3100, loss: 2.539e+01| loss_res: 3.138e+00| loss_f: 2.527e-01| loss_bc1: 6.444e-02| loss_bc2: 1.118e-02| loss_bc3: 4.533e-02| loss_bc4: 1.281e-03|Time: 0.00
mean_grad_res: 0.006633
mean_grad_bcs: 0.033838
It: 3200, loss: 2.435e+01| loss_res: 3.027e+00| loss_f: 2.424e-01| loss_bc1: 5.089e-02| loss_bc2: 5.919e-03| loss_bc3: 4.940e-02| loss_bc4: 1.404e-03|Time: 0.00
mean_grad_res: 0.006278
mean_grad_bcs: 0.026455
It: 3300, loss: 2.532e+01| loss_res: 2.537e+00| loss_f: 2.520e-01| loss_bc1: 5.762e-02| loss_bc2: 6.074e-03| loss_bc3: 5.305e-02| loss_bc4: 2.931e-03|Time: 0.00
mean_grad_res: 0.013799
mean_grad_bcs: 0.025305
It: 3400, loss: 2.299e+01| loss_res: 2.800e+00| loss_f: 2.290e-01| loss_bc1: 4.533e-02| loss_bc2: 4.626e-03| loss_bc3: 4.660e-02| loss_bc4: 2.171e-03|Time: 0.00
mean_grad_res: 0.005981
mean_grad_bcs: 0.027690
It: 3500, loss: 2.180e+01| loss_res: 2.706e+00| loss_f: 2.169e-01| loss_bc1: 5.537e-02| loss_bc2: 5.059e-03| loss_bc3: 5.228e-02| loss_bc4: 3.829e-03|Time: 0.00
mean_grad_res: 0.004187
mean_grad_bcs: 0.042307
It: 3600, loss: 2.131e+01| loss_res: 2.753e+00| loss_f: 2.123e-01| loss_bc1: 4.126e-02| loss_bc2: 3.116e-03| loss_bc3: 3.517e-02| loss_bc4: 5.473e-03|Time: 0.00
mean_grad_res: 0.010593
mean_grad_bcs: 0.020065
It: 3700, loss: 2.323e+01| loss_res: 2.748e+00| loss_f: 2.311e-01| loss_bc1: 4.656e-02| loss_bc2: 3.653e-03| loss_bc3: 6.214e-02| loss_bc4: 8.574e-03|Time: 0.00
mean_grad_res: 0.009158
mean_grad_bcs: 0.028430
It: 3800, loss: 2.408e+01| loss_res: 2.406e+00| loss_f: 2.392e-01| loss_bc1: 6.879e-02| loss_bc2: 3.891e-03| loss_bc3: 8.153e-02| loss_bc4: 5.482e-03|Time: 0.00
mean_grad_res: 0.004722
mean_grad_bcs: 0.034035
It: 3900, loss: 2.317e+01| loss_res: 2.834e+00| loss_f: 2.306e-01| loss_bc1: 4.092e-02| loss_bc2: 4.484e-03| loss_bc3: 5.337e-02| loss_bc4: 6.778e-03|Time: 0.00
mean_grad_res: 0.002592
mean_grad_bcs: 0.030447
It: 4000, loss: 2.337e+01| loss_res: 2.814e+00| loss_f: 2.320e-01| loss_bc1: 6.792e-02| loss_bc2: 5.693e-03| loss_bc3: 9.595e-02| loss_bc4: 8.132e-03|Time: 0.00
mean_grad_res: 0.015017
mean_grad_bcs: 0.040764
It: 4100, loss: 2.060e+01| loss_res: 3.080e+00| loss_f: 2.047e-01| loss_bc1: 3.835e-02| loss_bc2: 4.700e-03| loss_bc3: 7.932e-02| loss_bc4: 9.335e-03|Time: 0.01
mean_grad_res: 0.006538
mean_grad_bcs: 0.050285
It: 4200, loss: 2.404e+01| loss_res: 2.819e+00| loss_f: 2.393e-01| loss_bc1: 5.958e-02| loss_bc2: 3.985e-03| loss_bc3: 4.614e-02| loss_bc4: 2.375e-03|Time: 0.00
mean_grad_res: 0.011545
mean_grad_bcs: 0.031204
It: 4300, loss: 2.407e+01| loss_res: 3.536e+00| loss_f: 2.389e-01| loss_bc1: 7.946e-02| loss_bc2: 3.800e-03| loss_bc3: 8.781e-02| loss_bc4: 8.107e-03|Time: 0.00
mean_grad_res: 0.015031
mean_grad_bcs: 0.042022
It: 4400, loss: 2.193e+01| loss_res: 2.833e+00| loss_f: 2.178e-01| loss_bc1: 6.855e-02| loss_bc2: 4.904e-03| loss_bc3: 7.205e-02| loss_bc4: 2.046e-03|Time: 0.00
mean_grad_res: 0.010530
mean_grad_bcs: 0.037883
It: 4500, loss: 2.758e+01| loss_res: 3.939e+00| loss_f: 2.741e-01| loss_bc1: 1.081e-01| loss_bc2: 8.015e-03| loss_bc3: 4.757e-02| loss_bc4: 7.742e-03|Time: 0.00
mean_grad_res: 0.010967
mean_grad_bcs: 0.072914
It: 4600, loss: 2.621e+01| loss_res: 5.091e+00| loss_f: 2.605e-01| loss_bc1: 7.979e-02| loss_bc2: 5.245e-03| loss_bc3: 7.877e-02| loss_bc4: 3.511e-03|Time: 0.00
mean_grad_res: 0.009431
mean_grad_bcs: 0.038462
It: 4700, loss: 2.364e+01| loss_res: 4.695e+00| loss_f: 2.348e-01| loss_bc1: 6.011e-02| loss_bc2: 4.251e-03| loss_bc3: 8.900e-02| loss_bc4: 2.812e-03|Time: 0.00
mean_grad_res: 0.005471
mean_grad_bcs: 0.039453
It: 4800, loss: 2.264e+01| loss_res: 4.550e+00| loss_f: 2.238e-01| loss_bc1: 1.263e-01| loss_bc2: 5.179e-03| loss_bc3: 1.208e-01| loss_bc4: 2.023e-03|Time: 0.00
mean_grad_res: 0.010445
mean_grad_bcs: 0.054385
It: 4900, loss: 2.167e+01| loss_res: 5.171e+00| loss_f: 2.146e-01| loss_bc1: 9.535e-02| loss_bc2: 5.435e-03| loss_bc3: 1.050e-01| loss_bc4: 2.606e-03|Time: 0.00
mean_grad_res: 0.008161
mean_grad_bcs: 0.055537
It: 5000, loss: 2.407e+01| loss_res: 5.642e+00| loss_f: 2.386e-01| loss_bc1: 1.000e-01| loss_bc2: 4.674e-03| loss_bc3: 9.888e-02| loss_bc4: 3.510e-03|Time: 0.00
mean_grad_res: 0.012513
mean_grad_bcs: 0.053880
It: 5100, loss: 2.143e+01| loss_res: 4.408e+00| loss_f: 2.122e-01| loss_bc1: 1.194e-01| loss_bc2: 4.081e-03| loss_bc3: 8.123e-02| loss_bc4: 3.059e-03|Time: 0.00
mean_grad_res: 0.005228
mean_grad_bcs: 0.058498
It: 5200, loss: 2.423e+01| loss_res: 3.751e+00| loss_f: 2.403e-01| loss_bc1: 1.083e-01| loss_bc2: 4.563e-03| loss_bc3: 8.781e-02| loss_bc4: 2.440e-03|Time: 0.00
mean_grad_res: 0.004553
mean_grad_bcs: 0.054197
It: 5300, loss: 2.180e+01| loss_res: 5.063e+00| loss_f: 2.156e-01| loss_bc1: 1.363e-01| loss_bc2: 4.522e-03| loss_bc3: 9.549e-02| loss_bc4: 2.416e-03|Time: 0.00
mean_grad_res: 0.004903
mean_grad_bcs: 0.059891
It: 5400, loss: 2.290e+01| loss_res: 5.368e+00| loss_f: 2.268e-01| loss_bc1: 1.224e-01| loss_bc2: 4.592e-03| loss_bc3: 8.397e-02| loss_bc4: 1.030e-02|Time: 0.00
mean_grad_res: 0.009713
mean_grad_bcs: 0.076839
It: 5500, loss: 2.129e+01| loss_res: 5.397e+00| loss_f: 2.105e-01| loss_bc1: 1.411e-01| loss_bc2: 5.890e-03| loss_bc3: 9.125e-02| loss_bc4: 3.255e-03|Time: 0.00
mean_grad_res: 0.007881
mean_grad_bcs: 0.066815
It: 5600, loss: 2.234e+01| loss_res: 6.710e+00| loss_f: 2.208e-01| loss_bc1: 1.187e-01| loss_bc2: 5.999e-03| loss_bc3: 1.361e-01| loss_bc4: 4.639e-03|Time: 0.00
mean_grad_res: 0.013718
mean_grad_bcs: 0.060396
It: 5700, loss: 2.086e+01| loss_res: 7.152e+00| loss_f: 2.059e-01| loss_bc1: 1.549e-01| loss_bc2: 4.768e-03| loss_bc3: 9.600e-02| loss_bc4: 7.330e-03|Time: 0.01
mean_grad_res: 0.010330
mean_grad_bcs: 0.079587
It: 5800, loss: 2.502e+01| loss_res: 6.534e+00| loss_f: 2.481e-01| loss_bc1: 1.004e-01| loss_bc2: 4.427e-03| loss_bc3: 9.935e-02| loss_bc4: 2.177e-03|Time: 0.00
mean_grad_res: 0.008057
mean_grad_bcs: 0.053672
It: 5900, loss: 2.717e+01| loss_res: 6.963e+00| loss_f: 2.695e-01| loss_bc1: 1.230e-01| loss_bc2: 5.425e-03| loss_bc3: 8.247e-02| loss_bc4: 4.033e-03|Time: 0.00
mean_grad_res: 0.011435
mean_grad_bcs: 0.076424
It: 6000, loss: 2.212e+01| loss_res: 6.802e+00| loss_f: 2.186e-01| loss_bc1: 1.312e-01| loss_bc2: 3.935e-03| loss_bc3: 1.148e-01| loss_bc4: 5.046e-03|Time: 0.00
mean_grad_res: 0.004828
mean_grad_bcs: 0.065747
It: 6100, loss: 2.485e+01| loss_res: 9.294e+00| loss_f: 2.457e-01| loss_bc1: 1.352e-01| loss_bc2: 4.031e-03| loss_bc3: 1.470e-01| loss_bc4: 2.954e-03|Time: 0.01
mean_grad_res: 0.007553
mean_grad_bcs: 0.069183
It: 6200, loss: 1.949e+01| loss_res: 8.804e+00| loss_f: 1.923e-01| loss_bc1: 1.357e-01| loss_bc2: 5.460e-03| loss_bc3: 1.263e-01| loss_bc4: 1.001e-03|Time: 0.00
mean_grad_res: 0.006836
mean_grad_bcs: 0.067283
It: 6300, loss: 1.900e+01| loss_res: 8.950e+00| loss_f: 1.876e-01| loss_bc1: 1.204e-01| loss_bc2: 7.356e-03| loss_bc3: 1.129e-01| loss_bc4: 1.841e-03|Time: 0.00
mean_grad_res: 0.008483
mean_grad_bcs: 0.071992
It: 6400, loss: 2.636e+01| loss_res: 1.075e+01| loss_f: 2.612e-01| loss_bc1: 1.439e-01| loss_bc2: 5.876e-03| loss_bc3: 8.922e-02| loss_bc4: 1.613e-03|Time: 0.01
mean_grad_res: 0.006597
mean_grad_bcs: 0.072027
It: 6500, loss: 2.249e+01| loss_res: 1.389e+01| loss_f: 2.221e-01| loss_bc1: 1.403e-01| loss_bc2: 3.303e-03| loss_bc3: 1.386e-01| loss_bc4: 3.980e-03|Time: 0.00
mean_grad_res: 0.008727
mean_grad_bcs: 0.064254
It: 6600, loss: 2.306e+01| loss_res: 1.846e+01| loss_f: 2.279e-01| loss_bc1: 1.605e-01| loss_bc2: 3.810e-03| loss_bc3: 1.010e-01| loss_bc4: 2.678e-03|Time: 0.00
mean_grad_res: 0.005761
mean_grad_bcs: 0.066522
It: 6700, loss: 2.631e+01| loss_res: 2.777e+01| loss_f: 2.593e-01| loss_bc1: 2.052e-01| loss_bc2: 7.222e-03| loss_bc3: 1.552e-01| loss_bc4: 4.736e-03|Time: 0.00
mean_grad_res: 0.008424
mean_grad_bcs: 0.088290
It: 6800, loss: 2.233e+01| loss_res: 3.341e+01| loss_f: 2.199e-01| loss_bc1: 1.902e-01| loss_bc2: 5.645e-03| loss_bc3: 1.383e-01| loss_bc4: 7.816e-03|Time: 0.00
mean_grad_res: 0.005563
mean_grad_bcs: 0.070162
It: 6900, loss: 1.934e+01| loss_res: 3.974e+01| loss_f: 1.902e-01| loss_bc1: 1.767e-01| loss_bc2: 5.259e-03| loss_bc3: 1.372e-01| loss_bc4: 5.270e-03|Time: 0.00
mean_grad_res: 0.009049
mean_grad_bcs: 0.069805
It: 7000, loss: 2.140e+01| loss_res: 5.198e+01| loss_f: 2.109e-01| loss_bc1: 1.627e-01| loss_bc2: 9.433e-03| loss_bc3: 1.341e-01| loss_bc4: 4.431e-03|Time: 0.00
mean_grad_res: 0.010716
mean_grad_bcs: 0.067965
It: 7100, loss: 1.964e+01| loss_res: 6.057e+01| loss_f: 1.928e-01| loss_bc1: 1.999e-01| loss_bc2: 8.913e-03| loss_bc3: 1.349e-01| loss_bc4: 6.470e-03|Time: 0.01
mean_grad_res: 0.006914
mean_grad_bcs: 0.089898
It: 7200, loss: 2.164e+01| loss_res: 8.077e+01| loss_f: 2.128e-01| loss_bc1: 1.919e-01| loss_bc2: 1.239e-02| loss_bc3: 1.420e-01| loss_bc4: 5.930e-03|Time: 0.00
mean_grad_res: 0.009808
mean_grad_bcs: 0.078904
It: 7300, loss: 2.374e+01| loss_res: 8.587e+01| loss_f: 2.341e-01| loss_bc1: 1.605e-01| loss_bc2: 1.181e-02| loss_bc3: 1.396e-01| loss_bc4: 1.199e-02|Time: 0.00
mean_grad_res: 0.008887
mean_grad_bcs: 0.073559
It: 7400, loss: 1.849e+01| loss_res: 1.245e+02| loss_f: 1.818e-01| loss_bc1: 1.733e-01| loss_bc2: 1.647e-02| loss_bc3: 1.111e-01| loss_bc4: 8.668e-03|Time: 0.00
mean_grad_res: 0.012161
mean_grad_bcs: 0.074069
It: 7500, loss: 2.115e+01| loss_res: 1.614e+02| loss_f: 2.078e-01| loss_bc1: 1.427e-01| loss_bc2: 1.836e-02| loss_bc3: 1.973e-01| loss_bc4: 9.192e-03|Time: 0.00
mean_grad_res: 0.006533
mean_grad_bcs: 0.088689
It: 7600, loss: 1.689e+01| loss_res: 2.935e+02| loss_f: 1.653e-01| loss_bc1: 1.509e-01| loss_bc2: 1.524e-02| loss_bc3: 1.901e-01| loss_bc4: 1.093e-02|Time: 0.00
mean_grad_res: 0.005255
mean_grad_bcs: 0.091618
It: 7700, loss: 1.928e+01| loss_res: 3.173e+02| loss_f: 1.890e-01| loss_bc1: 1.687e-01| loss_bc2: 2.018e-02| loss_bc3: 1.728e-01| loss_bc4: 1.460e-02|Time: 0.00
mean_grad_res: 0.015771
mean_grad_bcs: 0.063310
It: 7800, loss: 1.727e+01| loss_res: 5.079e+02| loss_f: 1.691e-01| loss_bc1: 1.492e-01| loss_bc2: 2.290e-02| loss_bc3: 1.682e-01| loss_bc4: 1.156e-02|Time: 0.00
mean_grad_res: 0.010474
mean_grad_bcs: 0.070051
It: 7900, loss: 2.081e+01| loss_res: 8.785e+02| loss_f: 2.046e-01| loss_bc1: 1.344e-01| loss_bc2: 2.946e-02| loss_bc3: 1.759e-01| loss_bc4: 1.489e-02|Time: 0.01
mean_grad_res: 0.019074
mean_grad_bcs: 0.057211
It: 8000, loss: 1.923e+01| loss_res: 6.577e+02| loss_f: 1.878e-01| loss_bc1: 1.597e-01| loss_bc2: 3.731e-02| loss_bc3: 2.309e-01| loss_bc4: 2.187e-02|Time: 0.00
mean_grad_res: 0.011953
mean_grad_bcs: 0.076183
It: 8100, loss: 1.702e+01| loss_res: 1.853e+03| loss_f: 1.662e-01| loss_bc1: 1.497e-01| loss_bc2: 4.611e-02| loss_bc3: 1.914e-01| loss_bc4: 1.695e-02|Time: 0.00
mean_grad_res: 0.006761
mean_grad_bcs: 0.053182
It: 8200, loss: 1.551e+01| loss_res: 1.857e+03| loss_f: 1.509e-01| loss_bc1: 1.389e-01| loss_bc2: 4.644e-02| loss_bc3: 2.093e-01| loss_bc4: 2.310e-02|Time: 0.00
mean_grad_res: 0.013711
mean_grad_bcs: 0.057120
It: 8300, loss: 1.670e+01| loss_res: 2.506e+03| loss_f: 1.625e-01| loss_bc1: 1.284e-01| loss_bc2: 5.928e-02| loss_bc3: 2.324e-01| loss_bc4: 3.193e-02|Time: 0.00
mean_grad_res: 0.011170
mean_grad_bcs: 0.050491
It: 8400, loss: 1.358e+01| loss_res: 4.923e+03| loss_f: 1.307e-01| loss_bc1: 1.148e-01| loss_bc2: 7.896e-02| loss_bc3: 2.790e-01| loss_bc4: 3.598e-02|Time: 0.00
mean_grad_res: 0.011336
mean_grad_bcs: 0.062824
It: 8500, loss: 1.243e+01| loss_res: 3.123e+03| loss_f: 1.197e-01| loss_bc1: 8.014e-02| loss_bc2: 8.479e-02| loss_bc3: 2.538e-01| loss_bc4: 4.690e-02|Time: 0.00
mean_grad_res: 0.009227
mean_grad_bcs: 0.053803
It: 8600, loss: 1.266e+01| loss_res: 7.728e+03| loss_f: 1.210e-01| loss_bc1: 9.643e-02| loss_bc2: 1.176e-01| loss_bc3: 2.820e-01| loss_bc4: 6.482e-02|Time: 0.01
mean_grad_res: 0.010289
mean_grad_bcs: 0.056720
It: 8700, loss: 1.052e+01| loss_res: 5.040e+03| loss_f: 1.000e-01| loss_bc1: 9.030e-02| loss_bc2: 1.261e-01| loss_bc3: 2.424e-01| loss_bc4: 5.346e-02|Time: 0.00
mean_grad_res: 0.007663
mean_grad_bcs: 0.046142
It: 8800, loss: 8.965e+00| loss_res: 8.656e+03| loss_f: 8.438e-02| loss_bc1: 8.681e-02| loss_bc2: 1.414e-01| loss_bc3: 2.346e-01| loss_bc4: 6.483e-02|Time: 0.01
mean_grad_res: 0.010133
mean_grad_bcs: 0.065348
It: 8900, loss: 8.784e+00| loss_res: 6.312e+03| loss_f: 8.302e-02| loss_bc1: 7.379e-02| loss_bc2: 1.234e-01| loss_bc3: 2.201e-01| loss_bc4: 6.471e-02|Time: 0.00
mean_grad_res: 0.010288
mean_grad_bcs: 0.063582
It: 9000, loss: 7.549e+00| loss_res: 9.441e+03| loss_f: 7.051e-02| loss_bc1: 5.799e-02| loss_bc2: 1.357e-01| loss_bc3: 2.248e-01| loss_bc4: 7.962e-02|Time: 0.01
mean_grad_res: 0.011879
mean_grad_bcs: 0.067504
It: 9100, loss: 7.332e+00| loss_res: 5.947e+03| loss_f: 6.788e-02| loss_bc1: 7.542e-02| loss_bc2: 1.847e-01| loss_bc3: 2.005e-01| loss_bc4: 8.336e-02|Time: 0.00
mean_grad_res: 0.008415
mean_grad_bcs: 0.078249
It: 9200, loss: 6.440e+00| loss_res: 6.929e+03| loss_f: 5.965e-02| loss_bc1: 5.173e-02| loss_bc2: 1.635e-01| loss_bc3: 1.826e-01| loss_bc4: 7.757e-02|Time: 0.00
mean_grad_res: 0.008756
mean_grad_bcs: 0.070150
It: 9300, loss: 5.018e+00| loss_res: 5.881e+03| loss_f: 4.568e-02| loss_bc1: 5.302e-02| loss_bc2: 1.436e-01| loss_bc3: 1.690e-01| loss_bc4: 8.459e-02|Time: 0.00
mean_grad_res: 0.009581
mean_grad_bcs: 0.075309
It: 9400, loss: 5.289e+00| loss_res: 6.952e+03| loss_f: 4.842e-02| loss_bc1: 5.051e-02| loss_bc2: 1.421e-01| loss_bc3: 1.769e-01| loss_bc4: 7.825e-02|Time: 0.00
mean_grad_res: 0.007520
mean_grad_bcs: 0.084065
It: 9500, loss: 4.099e+00| loss_res: 7.711e+03| loss_f: 3.673e-02| loss_bc1: 4.706e-02| loss_bc2: 1.247e-01| loss_bc3: 1.628e-01| loss_bc4: 9.176e-02|Time: 0.00
mean_grad_res: 0.007715
mean_grad_bcs: 0.092032
It: 9600, loss: 4.200e+00| loss_res: 6.986e+03| loss_f: 3.816e-02| loss_bc1: 4.566e-02| loss_bc2: 1.301e-01| loss_bc3: 1.258e-01| loss_bc4: 8.272e-02|Time: 0.01
mean_grad_res: 0.011647
mean_grad_bcs: 0.077027
It: 9700, loss: 3.869e+00| loss_res: 7.215e+03| loss_f: 3.516e-02| loss_bc1: 4.723e-02| loss_bc2: 1.110e-01| loss_bc3: 1.087e-01| loss_bc4: 8.636e-02|Time: 0.00
mean_grad_res: 0.006192
mean_grad_bcs: 0.073955
It: 9800, loss: 3.847e+00| loss_res: 6.803e+03| loss_f: 3.508e-02| loss_bc1: 4.678e-02| loss_bc2: 1.131e-01| loss_bc3: 1.084e-01| loss_bc4: 7.095e-02|Time: 0.00
mean_grad_res: 0.001882
mean_grad_bcs: 0.074198
It: 9900, loss: 4.205e+00| loss_res: 7.381e+03| loss_f: 3.855e-02| loss_bc1: 3.525e-02| loss_bc2: 1.010e-01| loss_bc3: 1.368e-01| loss_bc4: 7.728e-02|Time: 0.00
mean_grad_res: 0.006406
mean_grad_bcs: 0.084089
It: 10000, loss: 3.093e+00| loss_res: 8.014e+03| loss_f: 2.793e-02| loss_bc1: 3.102e-02| loss_bc2: 9.169e-02| loss_bc3: 1.111e-01| loss_bc4: 6.638e-02|Time: 0.00
mean_grad_res: 0.008524
mean_grad_bcs: 0.079476
It: 10100, loss: 3.167e+00| loss_res: 6.710e+03| loss_f: 2.850e-02| loss_bc1: 3.348e-02| loss_bc2: 9.923e-02| loss_bc3: 1.091e-01| loss_bc4: 7.607e-02|Time: 0.00
mean_grad_res: 0.010286
mean_grad_bcs: 0.078212
It: 10200, loss: 2.797e+00| loss_res: 9.363e+03| loss_f: 2.536e-02| loss_bc1: 2.721e-02| loss_bc2: 7.245e-02| loss_bc3: 9.137e-02| loss_bc4: 7.015e-02|Time: 0.00
mean_grad_res: 0.010153
mean_grad_bcs: 0.100409
It: 10300, loss: 1.926e+00| loss_res: 8.309e+03| loss_f: 1.665e-02| loss_bc1: 3.110e-02| loss_bc2: 7.781e-02| loss_bc3: 8.775e-02| loss_bc4: 6.421e-02|Time: 0.00
mean_grad_res: 0.003166
mean_grad_bcs: 0.064547
It: 10400, loss: 2.111e+00| loss_res: 6.711e+03| loss_f: 1.852e-02| loss_bc1: 2.813e-02| loss_bc2: 7.085e-02| loss_bc3: 9.604e-02| loss_bc4: 6.400e-02|Time: 0.00
mean_grad_res: 0.008935
mean_grad_bcs: 0.080111
It: 10500, loss: 2.297e+00| loss_res: 7.297e+03| loss_f: 2.050e-02| loss_bc1: 2.406e-02| loss_bc2: 8.091e-02| loss_bc3: 8.285e-02| loss_bc4: 5.938e-02|Time: 0.00
mean_grad_res: 0.008198
mean_grad_bcs: 0.091180
It: 10600, loss: 2.020e+00| loss_res: 9.069e+03| loss_f: 1.771e-02| loss_bc1: 2.804e-02| loss_bc2: 7.177e-02| loss_bc3: 8.452e-02| loss_bc4: 6.507e-02|Time: 0.00
mean_grad_res: 0.006093
mean_grad_bcs: 0.071611
It: 10700, loss: 2.228e+00| loss_res: 1.053e+04| loss_f: 1.984e-02| loss_bc1: 2.677e-02| loss_bc2: 7.435e-02| loss_bc3: 7.889e-02| loss_bc4: 6.437e-02|Time: 0.00
mean_grad_res: 0.005219
mean_grad_bcs: 0.074591
It: 10800, loss: 1.623e+00| loss_res: 8.182e+03| loss_f: 1.408e-02| loss_bc1: 1.810e-02| loss_bc2: 5.605e-02| loss_bc3: 8.243e-02| loss_bc4: 5.927e-02|Time: 0.00
mean_grad_res: 0.010918
mean_grad_bcs: 0.082324
It: 10900, loss: 1.747e+00| loss_res: 8.767e+03| loss_f: 1.561e-02| loss_bc1: 1.872e-02| loss_bc2: 6.241e-02| loss_bc3: 5.822e-02| loss_bc4: 4.616e-02|Time: 0.00
mean_grad_res: 0.006309
mean_grad_bcs: 0.053996
It: 11000, loss: 1.650e+00| loss_res: 8.478e+03| loss_f: 1.467e-02| loss_bc1: 2.135e-02| loss_bc2: 4.882e-02| loss_bc3: 6.925e-02| loss_bc4: 4.370e-02|Time: 0.00
mean_grad_res: 0.003576
mean_grad_bcs: 0.065153
It: 11100, loss: 1.747e+00| loss_res: 7.697e+03| loss_f: 1.554e-02| loss_bc1: 1.807e-02| loss_bc2: 5.815e-02| loss_bc3: 7.591e-02| loss_bc4: 4.002e-02|Time: 0.00
mean_grad_res: 0.008555
mean_grad_bcs: 0.072610
It: 11200, loss: 1.698e+00| loss_res: 1.010e+04| loss_f: 1.525e-02| loss_bc1: 1.519e-02| loss_bc2: 5.273e-02| loss_bc3: 6.437e-02| loss_bc4: 4.089e-02|Time: 0.00
mean_grad_res: 0.005813
mean_grad_bcs: 0.061612
It: 11300, loss: 1.656e+00| loss_res: 9.255e+03| loss_f: 1.488e-02| loss_bc1: 2.360e-02| loss_bc2: 4.725e-02| loss_bc3: 5.399e-02| loss_bc4: 4.345e-02|Time: 0.00
mean_grad_res: 0.005804
mean_grad_bcs: 0.057337
It: 11400, loss: 1.543e+00| loss_res: 8.733e+03| loss_f: 1.364e-02| loss_bc1: 1.894e-02| loss_bc2: 4.816e-02| loss_bc3: 6.826e-02| loss_bc4: 4.330e-02|Time: 0.00
mean_grad_res: 0.006405
mean_grad_bcs: 0.064474
It: 11500, loss: 1.246e+00| loss_res: 8.766e+03| loss_f: 1.085e-02| loss_bc1: 1.908e-02| loss_bc2: 5.521e-02| loss_bc3: 4.878e-02| loss_bc4: 3.777e-02|Time: 0.00
mean_grad_res: 0.004944
mean_grad_bcs: 0.066583
It: 11600, loss: 1.427e+00| loss_res: 7.332e+03| loss_f: 1.267e-02| loss_bc1: 1.728e-02| loss_bc2: 4.797e-02| loss_bc3: 5.559e-02| loss_bc4: 3.899e-02|Time: 0.00
mean_grad_res: 0.006740
mean_grad_bcs: 0.066265
It: 11700, loss: 9.662e-01| loss_res: 7.440e+03| loss_f: 8.283e-03| loss_bc1: 1.622e-02| loss_bc2: 3.880e-02| loss_bc3: 5.105e-02| loss_bc4: 3.180e-02|Time: 0.00
mean_grad_res: 0.002304
mean_grad_bcs: 0.065238
It: 11800, loss: 1.077e+00| loss_res: 6.060e+03| loss_f: 9.497e-03| loss_bc1: 1.860e-02| loss_bc2: 3.416e-02| loss_bc3: 4.546e-02| loss_bc4: 2.884e-02|Time: 0.00
mean_grad_res: 0.007568
mean_grad_bcs: 0.058059
It: 11900, loss: 1.094e+00| loss_res: 8.135e+03| loss_f: 9.442e-03| loss_bc1: 1.431e-02| loss_bc2: 4.651e-02| loss_bc3: 5.441e-02| loss_bc4: 3.485e-02|Time: 0.00
mean_grad_res: 0.003899
mean_grad_bcs: 0.077169
It: 12000, loss: 8.718e-01| loss_res: 9.701e+03| loss_f: 7.342e-03| loss_bc1: 1.232e-02| loss_bc2: 3.538e-02| loss_bc3: 5.798e-02| loss_bc4: 3.192e-02|Time: 0.01
mean_grad_res: 0.005330
mean_grad_bcs: 0.070576
It: 12100, loss: 1.036e+00| loss_res: 9.107e+03| loss_f: 9.203e-03| loss_bc1: 1.214e-02| loss_bc2: 3.513e-02| loss_bc3: 3.945e-02| loss_bc4: 2.858e-02|Time: 0.00
mean_grad_res: 0.004333
mean_grad_bcs: 0.052761
It: 12200, loss: 7.724e-01| loss_res: 7.922e+03| loss_f: 6.498e-03| loss_bc1: 1.294e-02| loss_bc2: 3.095e-02| loss_bc3: 4.488e-02| loss_bc4: 3.386e-02|Time: 0.00
mean_grad_res: 0.003611
mean_grad_bcs: 0.058916
It: 12300, loss: 7.724e-01| loss_res: 7.408e+03| loss_f: 6.627e-03| loss_bc1: 1.329e-02| loss_bc2: 2.627e-02| loss_bc3: 4.126e-02| loss_bc4: 2.887e-02|Time: 0.00
mean_grad_res: 0.005619
mean_grad_bcs: 0.058962
It: 12400, loss: 7.325e-01| loss_res: 9.759e+03| loss_f: 6.273e-03| loss_bc1: 1.317e-02| loss_bc2: 2.833e-02| loss_bc3: 3.687e-02| loss_bc4: 2.691e-02|Time: 0.00
mean_grad_res: 0.005271
mean_grad_bcs: 0.058166
It: 12500, loss: 7.650e-01| loss_res: 9.279e+03| loss_f: 6.536e-03| loss_bc1: 1.796e-02| loss_bc2: 2.784e-02| loss_bc3: 3.523e-02| loss_bc4: 3.036e-02|Time: 0.00
mean_grad_res: 0.004610
mean_grad_bcs: 0.064713
It: 12600, loss: 7.410e-01| loss_res: 7.503e+03| loss_f: 6.421e-03| loss_bc1: 1.213e-02| loss_bc2: 2.727e-02| loss_bc3: 3.230e-02| loss_bc4: 2.716e-02|Time: 0.00
mean_grad_res: 0.002225
mean_grad_bcs: 0.050618
It: 12700, loss: 5.669e-01| loss_res: 6.971e+03| loss_f: 4.688e-03| loss_bc1: 1.211e-02| loss_bc2: 2.753e-02| loss_bc3: 2.950e-02| loss_bc4: 2.889e-02|Time: 0.00
mean_grad_res: 0.003516
mean_grad_bcs: 0.064848
It: 12800, loss: 6.096e-01| loss_res: 7.631e+03| loss_f: 5.116e-03| loss_bc1: 1.830e-02| loss_bc2: 2.591e-02| loss_bc3: 3.083e-02| loss_bc4: 2.293e-02|Time: 0.00
mean_grad_res: 0.003053
mean_grad_bcs: 0.063812
It: 12900, loss: 6.384e-01| loss_res: 8.185e+03| loss_f: 5.376e-03| loss_bc1: 1.158e-02| loss_bc2: 2.780e-02| loss_bc3: 3.459e-02| loss_bc4: 2.686e-02|Time: 0.01
mean_grad_res: 0.005098
mean_grad_bcs: 0.059275
It: 13000, loss: 6.019e-01| loss_res: 8.075e+03| loss_f: 5.162e-03| loss_bc1: 1.223e-02| loss_bc2: 2.681e-02| loss_bc3: 2.715e-02| loss_bc4: 1.952e-02|Time: 0.00
mean_grad_res: 0.003312
mean_grad_bcs: 0.055329
It: 13100, loss: 5.219e-01| loss_res: 9.315e+03| loss_f: 4.449e-03| loss_bc1: 9.818e-03| loss_bc2: 2.072e-02| loss_bc3: 2.719e-02| loss_bc4: 1.931e-02|Time: 0.00
mean_grad_res: 0.003281
mean_grad_bcs: 0.049235
It: 13200, loss: 4.644e-01| loss_res: 7.570e+03| loss_f: 3.808e-03| loss_bc1: 1.163e-02| loss_bc2: 2.294e-02| loss_bc3: 2.907e-02| loss_bc4: 1.996e-02|Time: 0.00
mean_grad_res: 0.003039
mean_grad_bcs: 0.063606
It: 13300, loss: 4.918e-01| loss_res: 6.604e+03| loss_f: 4.224e-03| loss_bc1: 1.224e-02| loss_bc2: 1.865e-02| loss_bc3: 2.065e-02| loss_bc4: 1.781e-02|Time: 0.00
mean_grad_res: 0.002006
mean_grad_bcs: 0.054118
It: 13400, loss: 4.881e-01| loss_res: 5.841e+03| loss_f: 4.142e-03| loss_bc1: 1.171e-02| loss_bc2: 2.006e-02| loss_bc3: 2.485e-02| loss_bc4: 1.723e-02|Time: 0.00
mean_grad_res: 0.007346
mean_grad_bcs: 0.066327
It: 13500, loss: 4.218e-01| loss_res: 7.743e+03| loss_f: 3.461e-03| loss_bc1: 9.767e-03| loss_bc2: 2.147e-02| loss_bc3: 2.715e-02| loss_bc4: 1.732e-02|Time: 0.00
mean_grad_res: 0.002413
mean_grad_bcs: 0.057435
It: 13600, loss: 3.724e-01| loss_res: 8.991e+03| loss_f: 2.957e-03| loss_bc1: 1.118e-02| loss_bc2: 1.728e-02| loss_bc3: 2.786e-02| loss_bc4: 2.033e-02|Time: 0.00
mean_grad_res: 0.001985
mean_grad_bcs: 0.073239
It: 13700, loss: 5.167e-01| loss_res: 7.615e+03| loss_f: 4.569e-03| loss_bc1: 6.981e-03| loss_bc2: 1.330e-02| loss_bc3: 1.906e-02| loss_bc4: 2.041e-02|Time: 0.00
mean_grad_res: 0.005237
mean_grad_bcs: 0.054789
It: 13800, loss: 4.626e-01| loss_res: 7.009e+03| loss_f: 3.920e-03| loss_bc1: 9.980e-03| loss_bc2: 1.825e-02| loss_bc3: 2.402e-02| loss_bc4: 1.838e-02|Time: 0.00
mean_grad_res: 0.005539
mean_grad_bcs: 0.064726
It: 13900, loss: 4.427e-01| loss_res: 7.069e+03| loss_f: 3.805e-03| loss_bc1: 1.082e-02| loss_bc2: 1.503e-02| loss_bc3: 2.198e-02| loss_bc4: 1.435e-02|Time: 0.00
mean_grad_res: 0.003298
mean_grad_bcs: 0.053869
It: 14000, loss: 3.951e-01| loss_res: 7.934e+03| loss_f: 3.308e-03| loss_bc1: 8.558e-03| loss_bc2: 1.684e-02| loss_bc3: 2.348e-02| loss_bc4: 1.538e-02|Time: 0.00
mean_grad_res: 0.003971
mean_grad_bcs: 0.054929
It: 14100, loss: 4.064e-01| loss_res: 7.330e+03| loss_f: 3.497e-03| loss_bc1: 8.586e-03| loss_bc2: 1.433e-02| loss_bc3: 2.034e-02| loss_bc4: 1.349e-02|Time: 0.00
mean_grad_res: 0.004900
mean_grad_bcs: 0.046207
It: 14200, loss: 4.154e-01| loss_res: 8.696e+03| loss_f: 3.605e-03| loss_bc1: 8.753e-03| loss_bc2: 1.617e-02| loss_bc3: 1.636e-02| loss_bc4: 1.361e-02|Time: 0.00
mean_grad_res: 0.004742
mean_grad_bcs: 0.046049
It: 14300, loss: 4.102e-01| loss_res: 7.767e+03| loss_f: 3.588e-03| loss_bc1: 8.922e-03| loss_bc2: 8.802e-03| loss_bc3: 1.668e-02| loss_bc4: 1.695e-02|Time: 0.00
mean_grad_res: 0.003179
mean_grad_bcs: 0.052293
It: 14400, loss: 3.473e-01| loss_res: 8.400e+03| loss_f: 2.899e-03| loss_bc1: 8.432e-03| loss_bc2: 1.151e-02| loss_bc3: 2.277e-02| loss_bc4: 1.472e-02|Time: 0.00
mean_grad_res: 0.006042
mean_grad_bcs: 0.050378
It: 14500, loss: 2.845e-01| loss_res: 9.793e+03| loss_f: 2.387e-03| loss_bc1: 7.324e-03| loss_bc2: 1.049e-02| loss_bc3: 1.608e-02| loss_bc4: 1.186e-02|Time: 0.00
mean_grad_res: 0.003991
mean_grad_bcs: 0.047308
It: 14600, loss: 3.344e-01| loss_res: 6.399e+03| loss_f: 2.821e-03| loss_bc1: 7.898e-03| loss_bc2: 1.301e-02| loss_bc3: 1.804e-02| loss_bc4: 1.337e-02|Time: 0.00
mean_grad_res: 0.001607
mean_grad_bcs: 0.052487
It: 14700, loss: 4.450e-01| loss_res: 8.934e+03| loss_f: 3.931e-03| loss_bc1: 8.267e-03| loss_bc2: 1.037e-02| loss_bc3: 1.881e-02| loss_bc4: 1.450e-02|Time: 0.00
mean_grad_res: 0.003061
mean_grad_bcs: 0.048258
It: 14800, loss: 3.583e-01| loss_res: 8.643e+03| loss_f: 3.145e-03| loss_bc1: 6.863e-03| loss_bc2: 1.096e-02| loss_bc3: 1.617e-02| loss_bc4: 9.766e-03|Time: 0.00
mean_grad_res: 0.002679
mean_grad_bcs: 0.041722
It: 14900, loss: 3.066e-01| loss_res: 8.987e+03| loss_f: 2.606e-03| loss_bc1: 6.693e-03| loss_bc2: 1.107e-02| loss_bc3: 1.379e-02| loss_bc4: 1.449e-02|Time: 0.01
mean_grad_res: 0.003446
mean_grad_bcs: 0.044994
It: 15000, loss: 2.846e-01| loss_res: 1.007e+04| loss_f: 2.396e-03| loss_bc1: 7.621e-03| loss_bc2: 9.374e-03| loss_bc3: 1.478e-02| loss_bc4: 1.324e-02|Time: 0.00
mean_grad_res: 0.002368
mean_grad_bcs: 0.047828
It: 15100, loss: 2.727e-01| loss_res: 8.784e+03| loss_f: 2.271e-03| loss_bc1: 7.201e-03| loss_bc2: 1.009e-02| loss_bc3: 1.813e-02| loss_bc4: 1.016e-02|Time: 0.00
mean_grad_res: 0.001097
mean_grad_bcs: 0.050232
It: 15200, loss: 3.250e-01| loss_res: 8.383e+03| loss_f: 2.809e-03| loss_bc1: 6.447e-03| loss_bc2: 1.169e-02| loss_bc3: 1.551e-02| loss_bc4: 1.046e-02|Time: 0.00
mean_grad_res: 0.002843
mean_grad_bcs: 0.052053
It: 15300, loss: 2.276e-01| loss_res: 7.361e+03| loss_f: 1.797e-03| loss_bc1: 7.833e-03| loss_bc2: 1.012e-02| loss_bc3: 1.873e-02| loss_bc4: 1.118e-02|Time: 0.00
mean_grad_res: 0.002455
mean_grad_bcs: 0.064135
It: 15400, loss: 2.532e-01| loss_res: 7.232e+03| loss_f: 2.076e-03| loss_bc1: 6.884e-03| loss_bc2: 9.162e-03| loss_bc3: 1.583e-02| loss_bc4: 1.377e-02|Time: 0.00
mean_grad_res: 0.003221
mean_grad_bcs: 0.052065
It: 15500, loss: 2.922e-01| loss_res: 6.811e+03| loss_f: 2.560e-03| loss_bc1: 7.622e-03| loss_bc2: 8.388e-03| loss_bc3: 1.186e-02| loss_bc4: 8.421e-03|Time: 0.00
mean_grad_res: 0.001785
mean_grad_bcs: 0.032850
It: 15600, loss: 2.016e-01| loss_res: 9.089e+03| loss_f: 1.619e-03| loss_bc1: 7.704e-03| loss_bc2: 9.256e-03| loss_bc3: 1.436e-02| loss_bc4: 8.442e-03|Time: 0.00
mean_grad_res: 0.001116
mean_grad_bcs: 0.049067
It: 15700, loss: 2.484e-01| loss_res: 8.132e+03| loss_f: 2.129e-03| loss_bc1: 7.821e-03| loss_bc2: 6.429e-03| loss_bc3: 1.217e-02| loss_bc4: 9.146e-03|Time: 0.00
mean_grad_res: 0.002487
mean_grad_bcs: 0.039531
It: 15800, loss: 2.927e-01| loss_res: 8.245e+03| loss_f: 2.508e-03| loss_bc1: 6.234e-03| loss_bc2: 8.291e-03| loss_bc3: 1.648e-02| loss_bc4: 1.083e-02|Time: 0.00
mean_grad_res: 0.003411
mean_grad_bcs: 0.046420
It: 15900, loss: 2.417e-01| loss_res: 8.531e+03| loss_f: 2.018e-03| loss_bc1: 5.649e-03| loss_bc2: 7.329e-03| loss_bc3: 1.575e-02| loss_bc4: 1.116e-02|Time: 0.00
mean_grad_res: 0.003866
mean_grad_bcs: 0.044265
It: 16000, loss: 2.726e-01| loss_res: 7.787e+03| loss_f: 2.366e-03| loss_bc1: 6.444e-03| loss_bc2: 7.969e-03| loss_bc3: 1.224e-02| loss_bc4: 9.324e-03|Time: 0.01
mean_grad_res: 0.003854
mean_grad_bcs: 0.051643
It: 16100, loss: 2.271e-01| loss_res: 8.802e+03| loss_f: 1.925e-03| loss_bc1: 5.498e-03| loss_bc2: 6.758e-03| loss_bc3: 1.424e-02| loss_bc4: 8.110e-03|Time: 0.00
mean_grad_res: 0.003066
mean_grad_bcs: 0.042354
It: 16200, loss: 2.345e-01| loss_res: 7.137e+03| loss_f: 1.972e-03| loss_bc1: 5.574e-03| loss_bc2: 7.074e-03| loss_bc3: 1.420e-02| loss_bc4: 1.044e-02|Time: 0.00
mean_grad_res: 0.001982
mean_grad_bcs: 0.046714
It: 16300, loss: 2.116e-01| loss_res: 7.808e+03| loss_f: 1.809e-03| loss_bc1: 5.716e-03| loss_bc2: 7.106e-03| loss_bc3: 1.110e-02| loss_bc4: 6.849e-03|Time: 0.00
mean_grad_res: 0.001573
mean_grad_bcs: 0.034501
It: 16400, loss: 2.741e-01| loss_res: 7.457e+03| loss_f: 2.428e-03| loss_bc1: 6.541e-03| loss_bc2: 5.309e-03| loss_bc3: 1.125e-02| loss_bc4: 8.147e-03|Time: 0.00
mean_grad_res: 0.004421
mean_grad_bcs: 0.034637
It: 16500, loss: 2.435e-01| loss_res: 9.894e+03| loss_f: 2.056e-03| loss_bc1: 7.106e-03| loss_bc2: 5.952e-03| loss_bc3: 1.451e-02| loss_bc4: 1.025e-02|Time: 0.00
mean_grad_res: 0.001782
mean_grad_bcs: 0.045238
It: 16600, loss: 2.323e-01| loss_res: 8.186e+03| loss_f: 1.992e-03| loss_bc1: 6.983e-03| loss_bc2: 6.794e-03| loss_bc3: 1.167e-02| loss_bc4: 7.672e-03|Time: 0.00
mean_grad_res: 0.002581
mean_grad_bcs: 0.033914
It: 16700, loss: 2.114e-01| loss_res: 8.499e+03| loss_f: 1.753e-03| loss_bc1: 5.111e-03| loss_bc2: 7.950e-03| loss_bc3: 1.419e-02| loss_bc4: 8.866e-03|Time: 0.00
mean_grad_res: 0.001311
mean_grad_bcs: 0.050822
It: 16800, loss: 1.980e-01| loss_res: 8.487e+03| loss_f: 1.648e-03| loss_bc1: 6.066e-03| loss_bc2: 6.580e-03| loss_bc3: 1.225e-02| loss_bc4: 8.376e-03|Time: 0.00
mean_grad_res: 0.001341
mean_grad_bcs: 0.049771
It: 16900, loss: 1.786e-01| loss_res: 8.149e+03| loss_f: 1.526e-03| loss_bc1: 4.860e-03| loss_bc2: 3.871e-03| loss_bc3: 9.535e-03| loss_bc4: 7.673e-03|Time: 0.00
mean_grad_res: 0.003403
mean_grad_bcs: 0.031687
It: 17000, loss: 1.932e-01| loss_res: 8.200e+03| loss_f: 1.642e-03| loss_bc1: 6.007e-03| loss_bc2: 6.153e-03| loss_bc3: 9.692e-03| loss_bc4: 7.145e-03|Time: 0.00
mean_grad_res: 0.003088
mean_grad_bcs: 0.040573
It: 17100, loss: 1.964e-01| loss_res: 8.247e+03| loss_f: 1.645e-03| loss_bc1: 5.856e-03| loss_bc2: 5.816e-03| loss_bc3: 1.095e-02| loss_bc4: 9.280e-03|Time: 0.00
mean_grad_res: 0.001629
mean_grad_bcs: 0.044006
It: 17200, loss: 2.007e-01| loss_res: 7.147e+03| loss_f: 1.698e-03| loss_bc1: 6.571e-03| loss_bc2: 4.573e-03| loss_bc3: 1.104e-02| loss_bc4: 8.751e-03|Time: 0.00
mean_grad_res: 0.001720
mean_grad_bcs: 0.036654
It: 17300, loss: 1.918e-01| loss_res: 7.921e+03| loss_f: 1.616e-03| loss_bc1: 5.999e-03| loss_bc2: 5.757e-03| loss_bc3: 1.198e-02| loss_bc4: 6.517e-03|Time: 0.00
mean_grad_res: 0.003208
mean_grad_bcs: 0.037957
It: 17400, loss: 1.774e-01| loss_res: 7.199e+03| loss_f: 1.456e-03| loss_bc1: 6.007e-03| loss_bc2: 5.097e-03| loss_bc3: 1.233e-02| loss_bc4: 8.341e-03|Time: 0.00
mean_grad_res: 0.003376
mean_grad_bcs: 0.044915
It: 17500, loss: 1.997e-01| loss_res: 8.097e+03| loss_f: 1.700e-03| loss_bc1: 7.022e-03| loss_bc2: 5.344e-03| loss_bc3: 1.054e-02| loss_bc4: 6.770e-03|Time: 0.01
mean_grad_res: 0.001571
mean_grad_bcs: 0.027881
It: 17600, loss: 1.985e-01| loss_res: 6.330e+03| loss_f: 1.714e-03| loss_bc1: 5.461e-03| loss_bc2: 6.392e-03| loss_bc3: 9.665e-03| loss_bc4: 5.638e-03|Time: 0.00
mean_grad_res: 0.001678
mean_grad_bcs: 0.030277
It: 17700, loss: 1.474e-01| loss_res: 8.216e+03| loss_f: 1.149e-03| loss_bc1: 6.455e-03| loss_bc2: 5.544e-03| loss_bc3: 1.199e-02| loss_bc4: 8.534e-03|Time: 0.00
mean_grad_res: 0.001519
mean_grad_bcs: 0.048298
It: 17800, loss: 1.660e-01| loss_res: 8.845e+03| loss_f: 1.350e-03| loss_bc1: 5.370e-03| loss_bc2: 5.953e-03| loss_bc3: 1.210e-02| loss_bc4: 7.555e-03|Time: 0.00
mean_grad_res: 0.002372
mean_grad_bcs: 0.051620
It: 17900, loss: 1.566e-01| loss_res: 7.923e+03| loss_f: 1.296e-03| loss_bc1: 5.805e-03| loss_bc2: 5.518e-03| loss_bc3: 9.323e-03| loss_bc4: 6.339e-03|Time: 0.00
mean_grad_res: 0.002207
mean_grad_bcs: 0.042080
It: 18000, loss: 1.620e-01| loss_res: 8.191e+03| loss_f: 1.329e-03| loss_bc1: 6.041e-03| loss_bc2: 5.305e-03| loss_bc3: 1.077e-02| loss_bc4: 6.989e-03|Time: 0.00
mean_grad_res: 0.001969
mean_grad_bcs: 0.037609
It: 18100, loss: 2.084e-01| loss_res: 9.605e+03| loss_f: 1.791e-03| loss_bc1: 5.629e-03| loss_bc2: 6.791e-03| loss_bc3: 1.003e-02| loss_bc4: 6.871e-03|Time: 0.00
mean_grad_res: 0.002576
mean_grad_bcs: 0.035096
It: 18200, loss: 1.429e-01| loss_res: 9.175e+03| loss_f: 1.154e-03| loss_bc1: 6.586e-03| loss_bc2: 5.126e-03| loss_bc3: 9.441e-03| loss_bc4: 6.346e-03|Time: 0.00
mean_grad_res: 0.002528
mean_grad_bcs: 0.037225
It: 18300, loss: 1.356e-01| loss_res: 6.408e+03| loss_f: 1.077e-03| loss_bc1: 7.654e-03| loss_bc2: 5.054e-03| loss_bc3: 7.792e-03| loss_bc4: 7.328e-03|Time: 0.00
mean_grad_res: 0.002585
mean_grad_bcs: 0.024433
It: 18400, loss: 1.408e-01| loss_res: 7.705e+03| loss_f: 1.131e-03| loss_bc1: 6.240e-03| loss_bc2: 5.004e-03| loss_bc3: 9.094e-03| loss_bc4: 7.399e-03|Time: 0.00
mean_grad_res: 0.000802
mean_grad_bcs: 0.042513
It: 18500, loss: 1.514e-01| loss_res: 8.752e+03| loss_f: 1.245e-03| loss_bc1: 6.962e-03| loss_bc2: 5.150e-03| loss_bc3: 9.479e-03| loss_bc4: 5.355e-03|Time: 0.00
mean_grad_res: 0.001727
mean_grad_bcs: 0.037873
It: 18600, loss: 1.492e-01| loss_res: 6.993e+03| loss_f: 1.232e-03| loss_bc1: 5.903e-03| loss_bc2: 3.861e-03| loss_bc3: 9.555e-03| loss_bc4: 6.683e-03|Time: 0.00
mean_grad_res: 0.001734
mean_grad_bcs: 0.035714
It: 18700, loss: 1.501e-01| loss_res: 8.394e+03| loss_f: 1.236e-03| loss_bc1: 6.054e-03| loss_bc2: 4.933e-03| loss_bc3: 1.004e-02| loss_bc4: 5.435e-03|Time: 0.01
mean_grad_res: 0.001953
mean_grad_bcs: 0.042718
It: 18800, loss: 1.542e-01| loss_res: 8.549e+03| loss_f: 1.296e-03| loss_bc1: 5.797e-03| loss_bc2: 5.186e-03| loss_bc3: 7.836e-03| loss_bc4: 5.742e-03|Time: 0.00
mean_grad_res: 0.002556
mean_grad_bcs: 0.032643
It: 18900, loss: 1.363e-01| loss_res: 1.001e+04| loss_f: 1.107e-03| loss_bc1: 5.899e-03| loss_bc2: 4.347e-03| loss_bc3: 8.751e-03| loss_bc4: 6.652e-03|Time: 0.00
mean_grad_res: 0.002855
mean_grad_bcs: 0.031296
It: 19000, loss: 1.507e-01| loss_res: 8.140e+03| loss_f: 1.245e-03| loss_bc1: 5.760e-03| loss_bc2: 4.486e-03| loss_bc3: 9.075e-03| loss_bc4: 6.884e-03|Time: 0.00
mean_grad_res: 0.001876
mean_grad_bcs: 0.040287
It: 19100, loss: 1.229e-01| loss_res: 7.244e+03| loss_f: 9.704e-04| loss_bc1: 5.265e-03| loss_bc2: 4.373e-03| loss_bc3: 8.893e-03| loss_bc4: 7.328e-03|Time: 0.00
mean_grad_res: 0.001236
mean_grad_bcs: 0.037699
It: 19200, loss: 1.493e-01| loss_res: 8.282e+03| loss_f: 1.216e-03| loss_bc1: 7.460e-03| loss_bc2: 3.991e-03| loss_bc3: 9.631e-03| loss_bc4: 6.554e-03|Time: 0.00
mean_grad_res: 0.002710
mean_grad_bcs: 0.036344
It: 19300, loss: 1.560e-01| loss_res: 6.958e+03| loss_f: 1.305e-03| loss_bc1: 7.483e-03| loss_bc2: 3.818e-03| loss_bc3: 7.493e-03| loss_bc4: 6.749e-03|Time: 0.00
mean_grad_res: 0.002727
mean_grad_bcs: 0.033191
It: 19400, loss: 1.560e-01| loss_res: 8.618e+03| loss_f: 1.305e-03| loss_bc1: 6.267e-03| loss_bc2: 3.693e-03| loss_bc3: 9.130e-03| loss_bc4: 6.367e-03|Time: 0.00
mean_grad_res: 0.002987
mean_grad_bcs: 0.036609
It: 19500, loss: 1.465e-01| loss_res: 9.215e+03| loss_f: 1.216e-03| loss_bc1: 5.786e-03| loss_bc2: 3.388e-03| loss_bc3: 8.341e-03| loss_bc4: 7.311e-03|Time: 0.00
mean_grad_res: 0.002267
mean_grad_bcs: 0.029359
It: 19600, loss: 1.320e-01| loss_res: 6.692e+03| loss_f: 1.061e-03| loss_bc1: 5.549e-03| loss_bc2: 4.727e-03| loss_bc3: 1.020e-02| loss_bc4: 5.455e-03|Time: 0.01
mean_grad_res: 0.001048
mean_grad_bcs: 0.041232
It: 19700, loss: 1.398e-01| loss_res: 7.271e+03| loss_f: 1.180e-03| loss_bc1: 4.756e-03| loss_bc2: 4.003e-03| loss_bc3: 9.498e-03| loss_bc4: 3.516e-03|Time: 0.00
mean_grad_res: 0.002195
mean_grad_bcs: 0.037192
It: 19800, loss: 1.332e-01| loss_res: 6.302e+03| loss_f: 1.075e-03| loss_bc1: 5.124e-03| loss_bc2: 4.331e-03| loss_bc3: 9.719e-03| loss_bc4: 6.568e-03|Time: 0.00
mean_grad_res: 0.002541
mean_grad_bcs: 0.036614
It: 19900, loss: 1.685e-01| loss_res: 9.983e+03| loss_f: 1.426e-03| loss_bc1: 8.245e-03| loss_bc2: 3.500e-03| loss_bc3: 8.366e-03| loss_bc4: 5.752e-03|Time: 0.00
mean_grad_res: 0.001492
mean_grad_bcs: 0.040545
It: 20000, loss: 1.467e-01| loss_res: 8.398e+03| loss_f: 1.235e-03| loss_bc1: 5.351e-03| loss_bc2: 4.577e-03| loss_bc3: 7.388e-03| loss_bc4: 5.917e-03|Time: 0.00
mean_grad_res: 0.002014
mean_grad_bcs: 0.036015
It: 20100, loss: 1.244e-01| loss_res: 8.478e+03| loss_f: 1.008e-03| loss_bc1: 6.481e-03| loss_bc2: 3.159e-03| loss_bc3: 9.072e-03| loss_bc4: 4.863e-03|Time: 0.00
mean_grad_res: 0.001987
mean_grad_bcs: 0.034794
It: 20200, loss: 1.111e-01| loss_res: 7.512e+03| loss_f: 8.903e-04| loss_bc1: 4.573e-03| loss_bc2: 3.978e-03| loss_bc3: 8.715e-03| loss_bc4: 4.757e-03|Time: 0.00
mean_grad_res: 0.001219
mean_grad_bcs: 0.031346
It: 20300, loss: 1.146e-01| loss_res: 8.535e+03| loss_f: 9.237e-04| loss_bc1: 4.941e-03| loss_bc2: 3.516e-03| loss_bc3: 8.001e-03| loss_bc4: 5.817e-03|Time: 0.00
mean_grad_res: 0.001180
mean_grad_bcs: 0.025228
It: 20400, loss: 1.246e-01| loss_res: 8.782e+03| loss_f: 1.059e-03| loss_bc1: 5.273e-03| loss_bc2: 3.478e-03| loss_bc3: 5.985e-03| loss_bc4: 3.962e-03|Time: 0.00
mean_grad_res: 0.001646
mean_grad_bcs: 0.023697
It: 20500, loss: 1.111e-01| loss_res: 7.631e+03| loss_f: 8.898e-04| loss_bc1: 5.358e-03| loss_bc2: 3.386e-03| loss_bc3: 7.729e-03| loss_bc4: 5.615e-03|Time: 0.00
mean_grad_res: 0.001508
mean_grad_bcs: 0.026187
It: 20600, loss: 1.381e-01| loss_res: 8.372e+03| loss_f: 1.168e-03| loss_bc1: 5.298e-03| loss_bc2: 3.256e-03| loss_bc3: 7.276e-03| loss_bc4: 5.538e-03|Time: 0.00
mean_grad_res: 0.001681
mean_grad_bcs: 0.025870
It: 20700, loss: 1.329e-01| loss_res: 7.594e+03| loss_f: 1.072e-03| loss_bc1: 5.371e-03| loss_bc2: 3.588e-03| loss_bc3: 9.142e-03| loss_bc4: 7.571e-03|Time: 0.00
mean_grad_res: 0.001769
mean_grad_bcs: 0.030894
It: 20800, loss: 1.620e-01| loss_res: 7.719e+03| loss_f: 1.412e-03| loss_bc1: 5.177e-03| loss_bc2: 2.726e-03| loss_bc3: 7.313e-03| loss_bc4: 5.614e-03|Time: 0.00
mean_grad_res: 0.004246
mean_grad_bcs: 0.033363
It: 20900, loss: 1.158e-01| loss_res: 8.335e+03| loss_f: 9.377e-04| loss_bc1: 5.303e-03| loss_bc2: 3.957e-03| loss_bc3: 7.780e-03| loss_bc4: 5.008e-03|Time: 0.00
mean_grad_res: 0.000841
mean_grad_bcs: 0.032113
It: 21000, loss: 1.253e-01| loss_res: 7.045e+03| loss_f: 1.011e-03| loss_bc1: 5.788e-03| loss_bc2: 3.294e-03| loss_bc3: 8.922e-03| loss_bc4: 6.266e-03|Time: 0.00
mean_grad_res: 0.002001
mean_grad_bcs: 0.034264
It: 21100, loss: 1.726e-01| loss_res: 8.045e+03| loss_f: 1.502e-03| loss_bc1: 5.039e-03| loss_bc2: 3.523e-03| loss_bc3: 6.439e-03| loss_bc4: 7.361e-03|Time: 0.01
mean_grad_res: 0.002515
mean_grad_bcs: 0.027305
It: 21200, loss: 1.432e-01| loss_res: 8.429e+03| loss_f: 1.223e-03| loss_bc1: 5.509e-03| loss_bc2: 3.090e-03| loss_bc3: 7.158e-03| loss_bc4: 5.134e-03|Time: 0.00
mean_grad_res: 0.002005
mean_grad_bcs: 0.029050
It: 21300, loss: 1.295e-01| loss_res: 7.140e+03| loss_f: 1.067e-03| loss_bc1: 4.682e-03| loss_bc2: 3.437e-03| loss_bc3: 9.014e-03| loss_bc4: 5.642e-03|Time: 0.00
mean_grad_res: 0.001960
mean_grad_bcs: 0.032981
It: 21400, loss: 9.733e-02| loss_res: 7.999e+03| loss_f: 7.480e-04| loss_bc1: 5.632e-03| loss_bc2: 3.629e-03| loss_bc3: 8.365e-03| loss_bc4: 4.903e-03|Time: 0.00
mean_grad_res: 0.002222
mean_grad_bcs: 0.027630
It: 21500, loss: 1.400e-01| loss_res: 8.261e+03| loss_f: 1.188e-03| loss_bc1: 5.689e-03| loss_bc2: 4.158e-03| loss_bc3: 6.977e-03| loss_bc4: 4.385e-03|Time: 0.00
mean_grad_res: 0.002613
mean_grad_bcs: 0.029800
It: 21600, loss: 1.141e-01| loss_res: 5.720e+03| loss_f: 9.321e-04| loss_bc1: 4.661e-03| loss_bc2: 3.339e-03| loss_bc3: 7.127e-03| loss_bc4: 5.765e-03|Time: 0.00
mean_grad_res: 0.001260
mean_grad_bcs: 0.033643
It: 21700, loss: 1.143e-01| loss_res: 9.853e+03| loss_f: 9.207e-04| loss_bc1: 6.016e-03| loss_bc2: 4.220e-03| loss_bc3: 7.972e-03| loss_bc4: 4.046e-03|Time: 0.00
mean_grad_res: 0.001638
mean_grad_bcs: 0.038786
It: 21800, loss: 9.732e-02| loss_res: 8.419e+03| loss_f: 7.612e-04| loss_bc1: 3.931e-03| loss_bc2: 3.860e-03| loss_bc3: 7.820e-03| loss_bc4: 5.588e-03|Time: 0.00
mean_grad_res: 0.001364
mean_grad_bcs: 0.025812
It: 21900, loss: 1.084e-01| loss_res: 6.387e+03| loss_f: 8.863e-04| loss_bc1: 5.095e-03| loss_bc2: 2.946e-03| loss_bc3: 7.288e-03| loss_bc4: 4.455e-03|Time: 0.00
mean_grad_res: 0.002735
mean_grad_bcs: 0.033611
It: 22000, loss: 1.231e-01| loss_res: 7.259e+03| loss_f: 1.019e-03| loss_bc1: 5.562e-03| loss_bc2: 2.557e-03| loss_bc3: 7.297e-03| loss_bc4: 5.840e-03|Time: 0.00
mean_grad_res: 0.002576
mean_grad_bcs: 0.033042
It: 22100, loss: 1.054e-01| loss_res: 7.198e+03| loss_f: 8.587e-04| loss_bc1: 5.014e-03| loss_bc2: 3.437e-03| loss_bc3: 5.983e-03| loss_bc4: 5.065e-03|Time: 0.01
mean_grad_res: 0.001341
mean_grad_bcs: 0.027126
It: 22200, loss: 1.080e-01| loss_res: 7.784e+03| loss_f: 8.518e-04| loss_bc1: 4.941e-03| loss_bc2: 3.190e-03| loss_bc3: 9.279e-03| loss_bc4: 5.403e-03|Time: 0.00
mean_grad_res: 0.001599
mean_grad_bcs: 0.033948
It: 22300, loss: 9.516e-02| loss_res: 6.893e+03| loss_f: 7.675e-04| loss_bc1: 5.032e-03| loss_bc2: 2.890e-03| loss_bc3: 7.068e-03| loss_bc4: 3.416e-03|Time: 0.01
mean_grad_res: 0.001238
mean_grad_bcs: 0.027948
It: 22400, loss: 9.133e-02| loss_res: 7.287e+03| loss_f: 7.133e-04| loss_bc1: 4.452e-03| loss_bc2: 3.250e-03| loss_bc3: 6.912e-03| loss_bc4: 5.386e-03|Time: 0.01
mean_grad_res: 0.001027
mean_grad_bcs: 0.027677
It: 22500, loss: 1.142e-01| loss_res: 7.340e+03| loss_f: 9.441e-04| loss_bc1: 5.140e-03| loss_bc2: 3.041e-03| loss_bc3: 6.775e-03| loss_bc4: 4.794e-03|Time: 0.00
mean_grad_res: 0.001970
mean_grad_bcs: 0.038185
It: 22600, loss: 1.156e-01| loss_res: 6.013e+03| loss_f: 9.469e-04| loss_bc1: 5.484e-03| loss_bc2: 2.916e-03| loss_bc3: 7.066e-03| loss_bc4: 5.433e-03|Time: 0.00
mean_grad_res: 0.002257
mean_grad_bcs: 0.034588
It: 22700, loss: 1.333e-01| loss_res: 7.477e+03| loss_f: 1.126e-03| loss_bc1: 4.712e-03| loss_bc2: 3.215e-03| loss_bc3: 6.838e-03| loss_bc4: 5.945e-03|Time: 0.00
mean_grad_res: 0.001193
mean_grad_bcs: 0.029924
It: 22800, loss: 1.071e-01| loss_res: 8.331e+03| loss_f: 9.047e-04| loss_bc1: 3.886e-03| loss_bc2: 2.343e-03| loss_bc3: 5.934e-03| loss_bc4: 4.450e-03|Time: 0.00
mean_grad_res: 0.001484
mean_grad_bcs: 0.021900
It: 22900, loss: 8.581e-02| loss_res: 5.638e+03| loss_f: 6.823e-04| loss_bc1: 5.114e-03| loss_bc2: 2.246e-03| loss_bc3: 5.350e-03| loss_bc4: 4.868e-03|Time: 0.00
mean_grad_res: 0.001122
mean_grad_bcs: 0.022734
It: 23000, loss: 8.657e-02| loss_res: 7.300e+03| loss_f: 6.768e-04| loss_bc1: 4.724e-03| loss_bc2: 2.708e-03| loss_bc3: 6.916e-03| loss_bc4: 4.539e-03|Time: 0.00
mean_grad_res: 0.002125
mean_grad_bcs: 0.032140
It: 23100, loss: 1.034e-01| loss_res: 7.059e+03| loss_f: 8.415e-04| loss_bc1: 5.276e-03| loss_bc2: 3.437e-03| loss_bc3: 6.507e-03| loss_bc4: 4.059e-03|Time: 0.00
mean_grad_res: 0.002082
mean_grad_bcs: 0.026656
It: 23200, loss: 1.124e-01| loss_res: 8.348e+03| loss_f: 9.418e-04| loss_bc1: 4.937e-03| loss_bc2: 3.277e-03| loss_bc3: 6.028e-03| loss_bc4: 3.949e-03|Time: 0.01
mean_grad_res: 0.001035
mean_grad_bcs: 0.030643
It: 23300, loss: 1.169e-01| loss_res: 8.879e+03| loss_f: 9.701e-04| loss_bc1: 5.849e-03| loss_bc2: 2.609e-03| loss_bc3: 5.953e-03| loss_bc4: 5.481e-03|Time: 0.00
mean_grad_res: 0.003896
mean_grad_bcs: 0.027954
It: 23400, loss: 9.301e-02| loss_res: 8.086e+03| loss_f: 7.430e-04| loss_bc1: 4.592e-03| loss_bc2: 2.688e-03| loss_bc3: 7.026e-03| loss_bc4: 4.410e-03|Time: 0.00
mean_grad_res: 0.001657
mean_grad_bcs: 0.029410
It: 23500, loss: 9.985e-02| loss_res: 7.017e+03| loss_f: 8.107e-04| loss_bc1: 5.246e-03| loss_bc2: 2.674e-03| loss_bc3: 6.006e-03| loss_bc4: 4.854e-03|Time: 0.02
mean_grad_res: 0.001405
mean_grad_bcs: 0.032613
It: 23600, loss: 8.005e-02| loss_res: 6.498e+03| loss_f: 6.186e-04| loss_bc1: 4.620e-03| loss_bc2: 2.237e-03| loss_bc3: 6.616e-03| loss_bc4: 4.715e-03|Time: 0.01
mean_grad_res: 0.001744
mean_grad_bcs: 0.028599
It: 23700, loss: 1.153e-01| loss_res: 7.095e+03| loss_f: 9.674e-04| loss_bc1: 4.322e-03| loss_bc2: 2.240e-03| loss_bc3: 7.453e-03| loss_bc4: 4.582e-03|Time: 0.00
mean_grad_res: 0.002755
mean_grad_bcs: 0.029031
It: 23800, loss: 9.959e-02| loss_res: 8.734e+03| loss_f: 8.023e-04| loss_bc1: 4.936e-03| loss_bc2: 3.938e-03| loss_bc3: 6.665e-03| loss_bc4: 3.821e-03|Time: 0.01
mean_grad_res: 0.002465
mean_grad_bcs: 0.039861
It: 23900, loss: 1.098e-01| loss_res: 7.610e+03| loss_f: 9.342e-04| loss_bc1: 4.614e-03| loss_bc2: 2.948e-03| loss_bc3: 5.042e-03| loss_bc4: 3.743e-03|Time: 0.00
mean_grad_res: 0.001921
mean_grad_bcs: 0.024359
It: 24000, loss: 1.142e-01| loss_res: 1.003e+04| loss_f: 9.451e-04| loss_bc1: 5.142e-03| loss_bc2: 2.542e-03| loss_bc3: 7.082e-03| loss_bc4: 4.890e-03|Time: 0.00
mean_grad_res: 0.002029
mean_grad_bcs: 0.041652
It: 24100, loss: 8.623e-02| loss_res: 6.823e+03| loss_f: 6.931e-04| loss_bc1: 4.553e-03| loss_bc2: 2.241e-03| loss_bc3: 6.698e-03| loss_bc4: 3.431e-03|Time: 0.01
mean_grad_res: 0.001748
mean_grad_bcs: 0.029726
It: 24200, loss: 8.597e-02| loss_res: 6.699e+03| loss_f: 6.589e-04| loss_bc1: 5.458e-03| loss_bc2: 2.802e-03| loss_bc3: 6.306e-03| loss_bc4: 5.520e-03|Time: 0.00
mean_grad_res: 0.001457
mean_grad_bcs: 0.029192
It: 24300, loss: 7.887e-02| loss_res: 8.471e+03| loss_f: 6.110e-04| loss_bc1: 5.556e-03| loss_bc2: 2.287e-03| loss_bc3: 6.269e-03| loss_bc4: 3.660e-03|Time: 0.00
mean_grad_res: 0.001502
mean_grad_bcs: 0.026431
It: 24400, loss: 1.085e-01| loss_res: 7.295e+03| loss_f: 9.053e-04| loss_bc1: 5.701e-03| loss_bc2: 2.250e-03| loss_bc3: 5.640e-03| loss_bc4: 4.402e-03|Time: 0.00
mean_grad_res: 0.001406
mean_grad_bcs: 0.026120
It: 24500, loss: 1.103e-01| loss_res: 6.120e+03| loss_f: 9.202e-04| loss_bc1: 4.882e-03| loss_bc2: 2.601e-03| loss_bc3: 6.679e-03| loss_bc4: 4.153e-03|Time: 0.00
mean_grad_res: 0.002869
mean_grad_bcs: 0.025569
It: 24600, loss: 1.190e-01| loss_res: 7.864e+03| loss_f: 1.007e-03| loss_bc1: 4.483e-03| loss_bc2: 2.931e-03| loss_bc3: 6.988e-03| loss_bc4: 3.864e-03|Time: 0.00
mean_grad_res: 0.001120
mean_grad_bcs: 0.028951
It: 24700, loss: 9.195e-02| loss_res: 7.364e+03| loss_f: 7.593e-04| loss_bc1: 3.340e-03| loss_bc2: 2.601e-03| loss_bc3: 6.238e-03| loss_bc4: 3.842e-03|Time: 0.00
mean_grad_res: 0.001696
mean_grad_bcs: 0.027174
It: 24800, loss: 1.288e-01| loss_res: 8.237e+03| loss_f: 1.099e-03| loss_bc1: 4.229e-03| loss_bc2: 2.443e-03| loss_bc3: 6.282e-03| loss_bc4: 5.885e-03|Time: 0.00
mean_grad_res: 0.000868
mean_grad_bcs: 0.029560
It: 24900, loss: 9.238e-02| loss_res: 7.434e+03| loss_f: 7.554e-04| loss_bc1: 4.716e-03| loss_bc2: 3.439e-03| loss_bc3: 5.858e-03| loss_bc4: 2.826e-03|Time: 0.00
mean_grad_res: 0.001465
mean_grad_bcs: 0.025374
It: 25000, loss: 9.691e-02| loss_res: 8.932e+03| loss_f: 8.082e-04| loss_bc1: 4.889e-03| loss_bc2: 2.925e-03| loss_bc3: 4.417e-03| loss_bc4: 3.854e-03|Time: 0.01
mean_grad_res: 0.001727
mean_grad_bcs: 0.023278
It: 25100, loss: 8.658e-02| loss_res: 8.381e+03| loss_f: 7.086e-04| loss_bc1: 3.705e-03| loss_bc2: 2.366e-03| loss_bc3: 5.678e-03| loss_bc4: 3.978e-03|Time: 0.00
mean_grad_res: 0.000883
mean_grad_bcs: 0.027385
It: 25200, loss: 8.398e-02| loss_res: 7.655e+03| loss_f: 6.572e-04| loss_bc1: 4.448e-03| loss_bc2: 3.322e-03| loss_bc3: 6.463e-03| loss_bc4: 4.030e-03|Time: 0.01
mean_grad_res: 0.001160
mean_grad_bcs: 0.030000
It: 25300, loss: 1.100e-01| loss_res: 7.072e+03| loss_f: 9.294e-04| loss_bc1: 4.884e-03| loss_bc2: 2.328e-03| loss_bc3: 5.145e-03| loss_bc4: 4.714e-03|Time: 0.00
mean_grad_res: 0.001360
mean_grad_bcs: 0.026007
It: 25400, loss: 9.611e-02| loss_res: 8.088e+03| loss_f: 7.891e-04| loss_bc1: 4.393e-03| loss_bc2: 2.158e-03| loss_bc3: 6.852e-03| loss_bc4: 3.796e-03|Time: 0.01
mean_grad_res: 0.001798
mean_grad_bcs: 0.027625
It: 25500, loss: 8.557e-02| loss_res: 8.276e+03| loss_f: 6.957e-04| loss_bc1: 4.441e-03| loss_bc2: 2.665e-03| loss_bc3: 5.622e-03| loss_bc4: 3.271e-03|Time: 0.00
mean_grad_res: 0.002295
mean_grad_bcs: 0.027661
It: 25600, loss: 9.806e-02| loss_res: 7.713e+03| loss_f: 8.154e-04| loss_bc1: 5.132e-03| loss_bc2: 2.009e-03| loss_bc3: 5.709e-03| loss_bc4: 3.665e-03|Time: 0.00
mean_grad_res: 0.000792
mean_grad_bcs: 0.033650
It: 25700, loss: 7.957e-02| loss_res: 6.772e+03| loss_f: 6.308e-04| loss_bc1: 3.620e-03| loss_bc2: 2.500e-03| loss_bc3: 6.386e-03| loss_bc4: 3.984e-03|Time: 0.00
mean_grad_res: 0.001263
mean_grad_bcs: 0.022673
It: 25800, loss: 9.071e-02| loss_res: 7.469e+03| loss_f: 7.316e-04| loss_bc1: 5.211e-03| loss_bc2: 2.053e-03| loss_bc3: 6.519e-03| loss_bc4: 3.767e-03|Time: 0.00
mean_grad_res: 0.001977
mean_grad_bcs: 0.027270
It: 25900, loss: 8.837e-02| loss_res: 7.160e+03| loss_f: 7.152e-04| loss_bc1: 5.156e-03| loss_bc2: 2.808e-03| loss_bc3: 4.841e-03| loss_bc4: 4.046e-03|Time: 0.00
mean_grad_res: 0.001218
mean_grad_bcs: 0.032543
It: 26000, loss: 9.593e-02| loss_res: 6.628e+03| loss_f: 7.933e-04| loss_bc1: 4.607e-03| loss_bc2: 2.414e-03| loss_bc3: 6.110e-03| loss_bc4: 3.469e-03|Time: 0.00
mean_grad_res: 0.001265
mean_grad_bcs: 0.023478
It: 26100, loss: 1.153e-01| loss_res: 7.403e+03| loss_f: 9.762e-04| loss_bc1: 4.543e-03| loss_bc2: 3.114e-03| loss_bc3: 6.362e-03| loss_bc4: 3.641e-03|Time: 0.00
mean_grad_res: 0.001109
mean_grad_bcs: 0.030505
It: 26200, loss: 7.060e-02| loss_res: 7.200e+03| loss_f: 5.490e-04| loss_bc1: 5.367e-03| loss_bc2: 2.182e-03| loss_bc3: 4.480e-03| loss_bc4: 3.672e-03|Time: 0.00
mean_grad_res: 0.001913
mean_grad_bcs: 0.024326
It: 26300, loss: 8.162e-02| loss_res: 7.231e+03| loss_f: 6.701e-04| loss_bc1: 3.168e-03| loss_bc2: 1.960e-03| loss_bc3: 5.082e-03| loss_bc4: 4.402e-03|Time: 0.00
mean_grad_res: 0.001426
mean_grad_bcs: 0.024206
It: 26400, loss: 8.033e-02| loss_res: 7.902e+03| loss_f: 6.360e-04| loss_bc1: 4.627e-03| loss_bc2: 2.097e-03| loss_bc3: 6.036e-03| loss_bc4: 3.967e-03|Time: 0.00
mean_grad_res: 0.002366
mean_grad_bcs: 0.024720
It: 26500, loss: 8.958e-02| loss_res: 8.172e+03| loss_f: 7.472e-04| loss_bc1: 3.648e-03| loss_bc2: 1.756e-03| loss_bc3: 5.964e-03| loss_bc4: 3.496e-03|Time: 0.01
mean_grad_res: 0.001371
mean_grad_bcs: 0.029915
It: 26600, loss: 8.700e-02| loss_res: 8.439e+03| loss_f: 7.180e-04| loss_bc1: 3.843e-03| loss_bc2: 2.136e-03| loss_bc3: 5.267e-03| loss_bc4: 3.953e-03|Time: 0.00
mean_grad_res: 0.001925
mean_grad_bcs: 0.024455
It: 26700, loss: 9.334e-02| loss_res: 7.538e+03| loss_f: 7.673e-04| loss_bc1: 3.396e-03| loss_bc2: 2.573e-03| loss_bc3: 6.795e-03| loss_bc4: 3.852e-03|Time: 0.00
mean_grad_res: 0.002070
mean_grad_bcs: 0.025324
It: 26800, loss: 9.688e-02| loss_res: 7.394e+03| loss_f: 8.172e-04| loss_bc1: 3.767e-03| loss_bc2: 2.335e-03| loss_bc3: 5.418e-03| loss_bc4: 3.645e-03|Time: 0.00
mean_grad_res: 0.001562
mean_grad_bcs: 0.017381
It: 26900, loss: 1.076e-01| loss_res: 7.344e+03| loss_f: 9.273e-04| loss_bc1: 3.750e-03| loss_bc2: 2.030e-03| loss_bc3: 5.133e-03| loss_bc4: 3.934e-03|Time: 0.00
mean_grad_res: 0.002237
mean_grad_bcs: 0.023398
It: 27000, loss: 8.059e-02| loss_res: 7.933e+03| loss_f: 6.288e-04| loss_bc1: 5.204e-03| loss_bc2: 2.898e-03| loss_bc3: 5.315e-03| loss_bc4: 4.291e-03|Time: 0.01
mean_grad_res: 0.000773
mean_grad_bcs: 0.025721
It: 27100, loss: 8.495e-02| loss_res: 8.591e+03| loss_f: 6.757e-04| loss_bc1: 5.031e-03| loss_bc2: 2.810e-03| loss_bc3: 5.824e-03| loss_bc4: 3.714e-03|Time: 0.00
mean_grad_res: 0.001536
mean_grad_bcs: 0.028139
It: 27200, loss: 1.022e-01| loss_res: 8.073e+03| loss_f: 8.590e-04| loss_bc1: 4.186e-03| loss_bc2: 2.577e-03| loss_bc3: 5.835e-03| loss_bc4: 3.698e-03|Time: 0.00
mean_grad_res: 0.001281
mean_grad_bcs: 0.023640
It: 27300, loss: 9.131e-02| loss_res: 7.300e+03| loss_f: 7.577e-04| loss_bc1: 4.714e-03| loss_bc2: 2.293e-03| loss_bc3: 5.449e-03| loss_bc4: 3.074e-03|Time: 0.00
mean_grad_res: 0.002299
mean_grad_bcs: 0.022952
It: 27400, loss: 8.077e-02| loss_res: 6.721e+03| loss_f: 6.519e-04| loss_bc1: 4.536e-03| loss_bc2: 2.236e-03| loss_bc3: 5.674e-03| loss_bc4: 3.131e-03|Time: 0.00
mean_grad_res: 0.001556
mean_grad_bcs: 0.029803
It: 27500, loss: 1.057e-01| loss_res: 7.840e+03| loss_f: 9.118e-04| loss_bc1: 4.142e-03| loss_bc2: 2.268e-03| loss_bc3: 5.148e-03| loss_bc4: 3.011e-03|Time: 0.00
mean_grad_res: 0.002397
mean_grad_bcs: 0.024777
It: 27600, loss: 7.133e-02| loss_res: 8.138e+03| loss_f: 5.530e-04| loss_bc1: 4.260e-03| loss_bc2: 2.284e-03| loss_bc3: 4.866e-03| loss_bc4: 4.623e-03|Time: 0.01
mean_grad_res: 0.001036
mean_grad_bcs: 0.026738
It: 27700, loss: 7.200e-02| loss_res: 8.736e+03| loss_f: 5.632e-04| loss_bc1: 5.162e-03| loss_bc2: 2.226e-03| loss_bc3: 5.068e-03| loss_bc4: 3.224e-03|Time: 0.00
mean_grad_res: 0.001386
mean_grad_bcs: 0.028085
It: 27800, loss: 9.023e-02| loss_res: 7.670e+03| loss_f: 7.362e-04| loss_bc1: 4.017e-03| loss_bc2: 1.782e-03| loss_bc3: 5.884e-03| loss_bc4: 4.936e-03|Time: 0.00
mean_grad_res: 0.002849
mean_grad_bcs: 0.034569
It: 27900, loss: 7.122e-02| loss_res: 6.183e+03| loss_f: 5.697e-04| loss_bc1: 3.483e-03| loss_bc2: 2.376e-03| loss_bc3: 5.221e-03| loss_bc4: 3.166e-03|Time: 0.01
mean_grad_res: 0.001011
mean_grad_bcs: 0.027589
It: 28000, loss: 1.081e-01| loss_res: 6.537e+03| loss_f: 9.233e-04| loss_bc1: 4.975e-03| loss_bc2: 2.176e-03| loss_bc3: 5.562e-03| loss_bc4: 3.026e-03|Time: 0.01
mean_grad_res: 0.002485
mean_grad_bcs: 0.034010
It: 28100, loss: 7.827e-02| loss_res: 6.908e+03| loss_f: 6.532e-04| loss_bc1: 4.344e-03| loss_bc2: 1.994e-03| loss_bc3: 3.670e-03| loss_bc4: 2.939e-03|Time: 0.00
mean_grad_res: 0.001371
mean_grad_bcs: 0.020404
It: 28200, loss: 7.077e-02| loss_res: 7.827e+03| loss_f: 5.566e-04| loss_bc1: 4.641e-03| loss_bc2: 1.911e-03| loss_bc3: 5.525e-03| loss_bc4: 3.032e-03|Time: 0.00
mean_grad_res: 0.001258
mean_grad_bcs: 0.025143
It: 28300, loss: 8.511e-02| loss_res: 7.299e+03| loss_f: 6.936e-04| loss_bc1: 4.711e-03| loss_bc2: 2.238e-03| loss_bc3: 5.538e-03| loss_bc4: 3.256e-03|Time: 0.01
mean_grad_res: 0.002534
mean_grad_bcs: 0.023049
It: 28400, loss: 8.006e-02| loss_res: 7.748e+03| loss_f: 6.383e-04| loss_bc1: 4.026e-03| loss_bc2: 2.064e-03| loss_bc3: 5.702e-03| loss_bc4: 4.437e-03|Time: 0.01
mean_grad_res: 0.001208
mean_grad_bcs: 0.024267
It: 28500, loss: 8.177e-02| loss_res: 8.136e+03| loss_f: 6.537e-04| loss_bc1: 4.003e-03| loss_bc2: 2.402e-03| loss_bc3: 6.188e-03| loss_bc4: 3.799e-03|Time: 0.00
mean_grad_res: 0.001675
mean_grad_bcs: 0.032500
It: 28600, loss: 7.975e-02| loss_res: 7.523e+03| loss_f: 6.720e-04| loss_bc1: 2.863e-03| loss_bc2: 1.717e-03| loss_bc3: 4.878e-03| loss_bc4: 3.095e-03|Time: 0.00
mean_grad_res: 0.001749
mean_grad_bcs: 0.023901
It: 28700, loss: 1.054e-01| loss_res: 8.175e+03| loss_f: 8.840e-04| loss_bc1: 3.815e-03| loss_bc2: 3.239e-03| loss_bc3: 6.127e-03| loss_bc4: 3.863e-03|Time: 0.00
mean_grad_res: 0.002821
mean_grad_bcs: 0.034304
It: 28800, loss: 8.160e-02| loss_res: 7.883e+03| loss_f: 6.648e-04| loss_bc1: 4.727e-03| loss_bc2: 2.053e-03| loss_bc3: 5.125e-03| loss_bc4: 3.210e-03|Time: 0.00
mean_grad_res: 0.001834
mean_grad_bcs: 0.027250
It: 28900, loss: 7.869e-02| loss_res: 6.322e+03| loss_f: 6.306e-04| loss_bc1: 3.956e-03| loss_bc2: 2.134e-03| loss_bc3: 5.825e-03| loss_bc4: 3.709e-03|Time: 0.01
mean_grad_res: 0.001957
mean_grad_bcs: 0.028120
It: 29000, loss: 6.954e-02| loss_res: 7.003e+03| loss_f: 5.601e-04| loss_bc1: 3.561e-03| loss_bc2: 2.232e-03| loss_bc3: 4.660e-03| loss_bc4: 3.075e-03|Time: 0.00
mean_grad_res: 0.001654
mean_grad_bcs: 0.028984
It: 29100, loss: 7.990e-02| loss_res: 7.539e+03| loss_f: 6.576e-04| loss_bc1: 3.135e-03| loss_bc2: 2.377e-03| loss_bc3: 5.294e-03| loss_bc4: 3.339e-03|Time: 0.00
mean_grad_res: 0.002114
mean_grad_bcs: 0.022792
It: 29200, loss: 7.809e-02| loss_res: 8.286e+03| loss_f: 6.403e-04| loss_bc1: 4.067e-03| loss_bc2: 1.693e-03| loss_bc3: 4.472e-03| loss_bc4: 3.828e-03|Time: 0.00
mean_grad_res: 0.002668
mean_grad_bcs: 0.026118
It: 29300, loss: 7.174e-02| loss_res: 8.279e+03| loss_f: 5.774e-04| loss_bc1: 3.756e-03| loss_bc2: 2.014e-03| loss_bc3: 4.567e-03| loss_bc4: 3.664e-03|Time: 0.00
mean_grad_res: 0.001461
mean_grad_bcs: 0.020835
It: 29400, loss: 6.916e-02| loss_res: 7.048e+03| loss_f: 5.446e-04| loss_bc1: 3.911e-03| loss_bc2: 1.942e-03| loss_bc3: 5.043e-03| loss_bc4: 3.797e-03|Time: 0.00
mean_grad_res: 0.001438
mean_grad_bcs: 0.029437
It: 29500, loss: 7.182e-02| loss_res: 7.045e+03| loss_f: 5.853e-04| loss_bc1: 3.905e-03| loss_bc2: 2.167e-03| loss_bc3: 4.340e-03| loss_bc4: 2.873e-03|Time: 0.01
mean_grad_res: 0.000647
mean_grad_bcs: 0.015890
It: 29600, loss: 8.993e-02| loss_res: 8.270e+03| loss_f: 7.652e-04| loss_bc1: 3.898e-03| loss_bc2: 1.805e-03| loss_bc3: 5.082e-03| loss_bc4: 2.621e-03|Time: 0.00
mean_grad_res: 0.000972
mean_grad_bcs: 0.022800
It: 29700, loss: 1.028e-01| loss_res: 7.375e+03| loss_f: 8.851e-04| loss_bc1: 3.375e-03| loss_bc2: 2.148e-03| loss_bc3: 5.011e-03| loss_bc4: 3.724e-03|Time: 0.00
mean_grad_res: 0.001520
mean_grad_bcs: 0.022998
It: 29800, loss: 6.765e-02| loss_res: 7.169e+03| loss_f: 5.406e-04| loss_bc1: 3.841e-03| loss_bc2: 2.414e-03| loss_bc3: 4.415e-03| loss_bc4: 2.928e-03|Time: 0.00
mean_grad_res: 0.000821
mean_grad_bcs: 0.025326
It: 29900, loss: 6.351e-02| loss_res: 7.435e+03| loss_f: 5.102e-04| loss_bc1: 3.387e-03| loss_bc2: 1.637e-03| loss_bc3: 4.520e-03| loss_bc4: 2.952e-03|Time: 0.01
mean_grad_res: 0.000755
mean_grad_bcs: 0.023692
It: 30000, loss: 9.201e-02| loss_res: 8.468e+03| loss_f: 7.779e-04| loss_bc1: 3.970e-03| loss_bc2: 1.850e-03| loss_bc3: 4.921e-03| loss_bc4: 3.478e-03|Time: 0.01
mean_grad_res: 0.001192
mean_grad_bcs: 0.022198
It: 30100, loss: 7.688e-02| loss_res: 7.801e+03| loss_f: 6.043e-04| loss_bc1: 4.042e-03| loss_bc2: 2.214e-03| loss_bc3: 6.084e-03| loss_bc4: 4.111e-03|Time: 0.00
mean_grad_res: 0.002542
mean_grad_bcs: 0.029085
It: 30200, loss: 7.795e-02| loss_res: 7.774e+03| loss_f: 6.323e-04| loss_bc1: 4.283e-03| loss_bc2: 2.164e-03| loss_bc3: 5.284e-03| loss_bc4: 2.991e-03|Time: 0.00
mean_grad_res: 0.001060
mean_grad_bcs: 0.023494
It: 30300, loss: 8.064e-02| loss_res: 7.672e+03| loss_f: 6.576e-04| loss_bc1: 5.228e-03| loss_bc2: 2.370e-03| loss_bc3: 4.485e-03| loss_bc4: 2.794e-03|Time: 0.00
mean_grad_res: 0.001707
mean_grad_bcs: 0.023740
It: 30400, loss: 6.819e-02| loss_res: 8.549e+03| loss_f: 5.553e-04| loss_bc1: 2.489e-03| loss_bc2: 2.163e-03| loss_bc3: 5.020e-03| loss_bc4: 2.984e-03|Time: 0.00
mean_grad_res: 0.001136
mean_grad_bcs: 0.022998
It: 30500, loss: 9.041e-02| loss_res: 7.895e+03| loss_f: 7.722e-04| loss_bc1: 2.928e-03| loss_bc2: 1.389e-03| loss_bc3: 5.235e-03| loss_bc4: 3.637e-03|Time: 0.00
mean_grad_res: 0.001635
mean_grad_bcs: 0.027491
It: 30600, loss: 7.899e-02| loss_res: 7.850e+03| loss_f: 6.394e-04| loss_bc1: 4.530e-03| loss_bc2: 2.314e-03| loss_bc3: 5.130e-03| loss_bc4: 3.073e-03|Time: 0.00
mean_grad_res: 0.001059
mean_grad_bcs: 0.019524
It: 30700, loss: 9.412e-02| loss_res: 7.863e+03| loss_f: 7.812e-04| loss_bc1: 3.573e-03| loss_bc2: 2.198e-03| loss_bc3: 6.336e-03| loss_bc4: 3.892e-03|Time: 0.00
mean_grad_res: 0.001781
mean_grad_bcs: 0.029199
It: 30800, loss: 8.204e-02| loss_res: 5.633e+03| loss_f: 6.736e-04| loss_bc1: 3.810e-03| loss_bc2: 1.777e-03| loss_bc3: 5.276e-03| loss_bc4: 3.823e-03|Time: 0.00
mean_grad_res: 0.001092
mean_grad_bcs: 0.028325
It: 30900, loss: 7.765e-02| loss_res: 6.487e+03| loss_f: 6.339e-04| loss_bc1: 4.251e-03| loss_bc2: 2.291e-03| loss_bc3: 4.453e-03| loss_bc4: 3.272e-03|Time: 0.00
mean_grad_res: 0.001469
mean_grad_bcs: 0.022933
It: 31000, loss: 6.131e-02| loss_res: 8.526e+03| loss_f: 4.741e-04| loss_bc1: 3.631e-03| loss_bc2: 1.858e-03| loss_bc3: 4.996e-03| loss_bc4: 3.414e-03|Time: 0.00
mean_grad_res: 0.000701
mean_grad_bcs: 0.026381
It: 31100, loss: 6.593e-02| loss_res: 7.404e+03| loss_f: 5.289e-04| loss_bc1: 3.644e-03| loss_bc2: 1.980e-03| loss_bc3: 4.076e-03| loss_bc4: 3.342e-03|Time: 0.00
mean_grad_res: 0.001664
mean_grad_bcs: 0.028023
It: 31200, loss: 7.180e-02| loss_res: 7.816e+03| loss_f: 5.784e-04| loss_bc1: 3.629e-03| loss_bc2: 2.117e-03| loss_bc3: 5.260e-03| loss_bc4: 2.948e-03|Time: 0.00
mean_grad_res: 0.003318
mean_grad_bcs: 0.019976
It: 31300, loss: 6.883e-02| loss_res: 7.863e+03| loss_f: 5.326e-04| loss_bc1: 4.457e-03| loss_bc2: 2.384e-03| loss_bc3: 5.633e-03| loss_bc4: 3.097e-03|Time: 0.00
mean_grad_res: 0.001269
mean_grad_bcs: 0.026682
It: 31400, loss: 7.770e-02| loss_res: 6.954e+03| loss_f: 6.454e-04| loss_bc1: 3.379e-03| loss_bc2: 1.835e-03| loss_bc3: 4.108e-03| loss_bc4: 3.832e-03|Time: 0.00
mean_grad_res: 0.001330
mean_grad_bcs: 0.024093
It: 31500, loss: 6.585e-02| loss_res: 7.206e+03| loss_f: 5.280e-04| loss_bc1: 3.872e-03| loss_bc2: 1.552e-03| loss_bc3: 4.242e-03| loss_bc4: 3.389e-03|Time: 0.00
mean_grad_res: 0.002193
mean_grad_bcs: 0.029309
It: 31600, loss: 6.333e-02| loss_res: 7.921e+03| loss_f: 4.869e-04| loss_bc1: 3.600e-03| loss_bc2: 2.881e-03| loss_bc3: 5.002e-03| loss_bc4: 3.156e-03|Time: 0.00
mean_grad_res: 0.000566
mean_grad_bcs: 0.018526
It: 31700, loss: 6.542e-02| loss_res: 8.004e+03| loss_f: 5.150e-04| loss_bc1: 3.360e-03| loss_bc2: 2.717e-03| loss_bc3: 4.761e-03| loss_bc4: 3.078e-03|Time: 0.00
mean_grad_res: 0.001173
mean_grad_bcs: 0.021412
It: 31800, loss: 6.186e-02| loss_res: 7.361e+03| loss_f: 4.794e-04| loss_bc1: 3.528e-03| loss_bc2: 2.028e-03| loss_bc3: 4.879e-03| loss_bc4: 3.492e-03|Time: 0.00
mean_grad_res: 0.001519
mean_grad_bcs: 0.026622
It: 31900, loss: 5.673e-02| loss_res: 8.419e+03| loss_f: 4.431e-04| loss_bc1: 3.528e-03| loss_bc2: 1.910e-03| loss_bc3: 4.166e-03| loss_bc4: 2.813e-03|Time: 0.00
mean_grad_res: 0.001167
mean_grad_bcs: 0.022418
It: 32000, loss: 6.241e-02| loss_res: 7.454e+03| loss_f: 4.700e-04| loss_bc1: 4.747e-03| loss_bc2: 2.400e-03| loss_bc3: 5.360e-03| loss_bc4: 2.910e-03|Time: 0.00
mean_grad_res: 0.001722
mean_grad_bcs: 0.026987
It: 32100, loss: 6.957e-02| loss_res: 8.537e+03| loss_f: 5.523e-04| loss_bc1: 3.536e-03| loss_bc2: 1.505e-03| loss_bc3: 5.962e-03| loss_bc4: 3.341e-03|Time: 0.00
mean_grad_res: 0.001304
mean_grad_bcs: 0.028555
It: 32200, loss: 5.889e-02| loss_res: 6.950e+03| loss_f: 4.479e-04| loss_bc1: 4.464e-03| loss_bc2: 1.686e-03| loss_bc3: 4.478e-03| loss_bc4: 3.467e-03|Time: 0.00
mean_grad_res: 0.001341
mean_grad_bcs: 0.027591
It: 32300, loss: 6.186e-02| loss_res: 7.680e+03| loss_f: 4.885e-04| loss_bc1: 4.163e-03| loss_bc2: 1.753e-03| loss_bc3: 4.295e-03| loss_bc4: 2.800e-03|Time: 0.00
mean_grad_res: 0.001752
mean_grad_bcs: 0.022834
It: 32400, loss: 6.456e-02| loss_res: 7.986e+03| loss_f: 5.243e-04| loss_bc1: 3.349e-03| loss_bc2: 1.855e-03| loss_bc3: 3.987e-03| loss_bc4: 2.942e-03|Time: 0.00
mean_grad_res: 0.001157
mean_grad_bcs: 0.025055
It: 32500, loss: 7.788e-02| loss_res: 8.442e+03| loss_f: 6.276e-04| loss_bc1: 4.122e-03| loss_bc2: 1.784e-03| loss_bc3: 5.449e-03| loss_bc4: 3.762e-03|Time: 0.00
mean_grad_res: 0.001844
mean_grad_bcs: 0.030158
It: 32600, loss: 6.493e-02| loss_res: 7.221e+03| loss_f: 4.989e-04| loss_bc1: 3.636e-03| loss_bc2: 2.439e-03| loss_bc3: 4.632e-03| loss_bc4: 4.334e-03|Time: 0.01
mean_grad_res: 0.001031
mean_grad_bcs: 0.029382
It: 32700, loss: 5.510e-02| loss_res: 7.699e+03| loss_f: 4.100e-04| loss_bc1: 4.317e-03| loss_bc2: 1.944e-03| loss_bc3: 4.422e-03| loss_bc4: 3.410e-03|Time: 0.00
mean_grad_res: 0.001150
mean_grad_bcs: 0.020898
It: 32800, loss: 8.100e-02| loss_res: 7.605e+03| loss_f: 6.706e-04| loss_bc1: 3.821e-03| loss_bc2: 1.687e-03| loss_bc3: 4.765e-03| loss_bc4: 3.672e-03|Time: 0.00
mean_grad_res: 0.000822
mean_grad_bcs: 0.018007
It: 32900, loss: 8.821e-02| loss_res: 8.990e+03| loss_f: 7.591e-04| loss_bc1: 3.406e-03| loss_bc2: 1.802e-03| loss_bc3: 4.073e-03| loss_bc4: 3.011e-03|Time: 0.00
mean_grad_res: 0.002268
mean_grad_bcs: 0.020637
It: 33000, loss: 5.911e-02| loss_res: 7.107e+03| loss_f: 4.427e-04| loss_bc1: 3.914e-03| loss_bc2: 1.680e-03| loss_bc3: 5.735e-03| loss_bc4: 3.508e-03|Time: 0.00
mean_grad_res: 0.000779
mean_grad_bcs: 0.032613
It: 33100, loss: 6.563e-02| loss_res: 9.075e+03| loss_f: 5.168e-04| loss_bc1: 3.826e-03| loss_bc2: 1.899e-03| loss_bc3: 4.959e-03| loss_bc4: 3.258e-03|Time: 0.00
mean_grad_res: 0.001802
mean_grad_bcs: 0.026869
It: 33200, loss: 9.673e-02| loss_res: 8.146e+03| loss_f: 8.413e-04| loss_bc1: 3.641e-03| loss_bc2: 2.161e-03| loss_bc3: 4.284e-03| loss_bc4: 2.515e-03|Time: 0.01
mean_grad_res: 0.002102
mean_grad_bcs: 0.020742
It: 33300, loss: 7.917e-02| loss_res: 8.033e+03| loss_f: 6.628e-04| loss_bc1: 3.590e-03| loss_bc2: 1.595e-03| loss_bc3: 4.581e-03| loss_bc4: 3.127e-03|Time: 0.01
mean_grad_res: 0.001028
mean_grad_bcs: 0.030441
It: 33400, loss: 6.867e-02| loss_res: 7.924e+03| loss_f: 5.425e-04| loss_bc1: 4.068e-03| loss_bc2: 2.118e-03| loss_bc3: 5.010e-03| loss_bc4: 3.220e-03|Time: 0.00
mean_grad_res: 0.001067
mean_grad_bcs: 0.027972
It: 33500, loss: 7.095e-02| loss_res: 7.612e+03| loss_f: 5.852e-04| loss_bc1: 3.042e-03| loss_bc2: 1.765e-03| loss_bc3: 4.595e-03| loss_bc4: 3.034e-03|Time: 0.00
mean_grad_res: 0.000786
mean_grad_bcs: 0.019327
It: 33600, loss: 5.591e-02| loss_res: 7.662e+03| loss_f: 4.250e-04| loss_bc1: 4.354e-03| loss_bc2: 1.501e-03| loss_bc3: 4.412e-03| loss_bc4: 3.134e-03|Time: 0.00
mean_grad_res: 0.001023
mean_grad_bcs: 0.025683
It: 33700, loss: 7.614e-02| loss_res: 9.666e+03| loss_f: 6.243e-04| loss_bc1: 3.860e-03| loss_bc2: 2.020e-03| loss_bc3: 4.911e-03| loss_bc4: 2.928e-03|Time: 0.00
mean_grad_res: 0.001502
mean_grad_bcs: 0.025490
It: 33800, loss: 5.528e-02| loss_res: 6.276e+03| loss_f: 4.036e-04| loss_bc1: 3.409e-03| loss_bc2: 2.460e-03| loss_bc3: 5.434e-03| loss_bc4: 3.617e-03|Time: 0.00
mean_grad_res: 0.000666
mean_grad_bcs: 0.034246
It: 33900, loss: 7.371e-02| loss_res: 6.897e+03| loss_f: 6.132e-04| loss_bc1: 3.132e-03| loss_bc2: 1.857e-03| loss_bc3: 4.568e-03| loss_bc4: 2.832e-03|Time: 0.00
mean_grad_res: 0.001513
mean_grad_bcs: 0.022146
It: 34000, loss: 8.459e-02| loss_res: 8.584e+03| loss_f: 7.313e-04| loss_bc1: 2.402e-03| loss_bc2: 1.927e-03| loss_bc3: 3.950e-03| loss_bc4: 3.178e-03|Time: 0.00
mean_grad_res: 0.001185
mean_grad_bcs: 0.020707
It: 34100, loss: 6.476e-02| loss_res: 8.668e+03| loss_f: 5.222e-04| loss_bc1: 3.242e-03| loss_bc2: 1.661e-03| loss_bc3: 4.283e-03| loss_bc4: 3.358e-03|Time: 0.00
mean_grad_res: 0.000831
mean_grad_bcs: 0.023071
It: 34200, loss: 5.865e-02| loss_res: 7.374e+03| loss_f: 4.479e-04| loss_bc1: 3.070e-03| loss_bc2: 1.597e-03| loss_bc3: 4.891e-03| loss_bc4: 4.303e-03|Time: 0.00
mean_grad_res: 0.001099
mean_grad_bcs: 0.030521
It: 34300, loss: 6.178e-02| loss_res: 7.607e+03| loss_f: 4.813e-04| loss_bc1: 3.708e-03| loss_bc2: 2.019e-03| loss_bc3: 5.035e-03| loss_bc4: 2.892e-03|Time: 0.00
mean_grad_res: 0.001036
mean_grad_bcs: 0.024384
It: 34400, loss: 6.763e-02| loss_res: 6.531e+03| loss_f: 5.531e-04| loss_bc1: 2.956e-03| loss_bc2: 1.826e-03| loss_bc3: 4.492e-03| loss_bc4: 3.048e-03|Time: 0.00
mean_grad_res: 0.001557
mean_grad_bcs: 0.023248
It: 34500, loss: 6.935e-02| loss_res: 8.908e+03| loss_f: 5.573e-04| loss_bc1: 3.723e-03| loss_bc2: 1.946e-03| loss_bc3: 4.995e-03| loss_bc4: 2.961e-03|Time: 0.00
mean_grad_res: 0.001615
mean_grad_bcs: 0.023348
It: 34600, loss: 6.679e-02| loss_res: 7.444e+03| loss_f: 5.581e-04| loss_bc1: 2.885e-03| loss_bc2: 1.531e-03| loss_bc3: 4.222e-03| loss_bc4: 2.347e-03|Time: 0.00
mean_grad_res: 0.001454
mean_grad_bcs: 0.022475
It: 34700, loss: 6.598e-02| loss_res: 7.017e+03| loss_f: 5.206e-04| loss_bc1: 3.563e-03| loss_bc2: 2.017e-03| loss_bc3: 4.809e-03| loss_bc4: 3.534e-03|Time: 0.00
mean_grad_res: 0.001528
mean_grad_bcs: 0.019587
It: 34800, loss: 8.789e-02| loss_res: 8.666e+03| loss_f: 7.511e-04| loss_bc1: 2.916e-03| loss_bc2: 1.751e-03| loss_bc3: 4.186e-03| loss_bc4: 3.919e-03|Time: 0.00
mean_grad_res: 0.001852
mean_grad_bcs: 0.026922
It: 34900, loss: 6.351e-02| loss_res: 7.127e+03| loss_f: 5.031e-04| loss_bc1: 3.639e-03| loss_bc2: 1.655e-03| loss_bc3: 5.075e-03| loss_bc4: 2.824e-03|Time: 0.00
mean_grad_res: 0.001744
mean_grad_bcs: 0.020120
It: 35000, loss: 8.715e-02| loss_res: 7.218e+03| loss_f: 7.285e-04| loss_bc1: 3.358e-03| loss_bc2: 1.888e-03| loss_bc3: 5.173e-03| loss_bc4: 3.881e-03|Time: 0.00
mean_grad_res: 0.001145
mean_grad_bcs: 0.029483
It: 35100, loss: 5.897e-02| loss_res: 6.501e+03| loss_f: 4.689e-04| loss_bc1: 3.300e-03| loss_bc2: 2.032e-03| loss_bc3: 3.945e-03| loss_bc4: 2.796e-03|Time: 0.00
mean_grad_res: 0.001115
mean_grad_bcs: 0.023660
It: 35200, loss: 6.929e-02| loss_res: 7.136e+03| loss_f: 5.651e-04| loss_bc1: 3.398e-03| loss_bc2: 2.199e-03| loss_bc3: 4.711e-03| loss_bc4: 2.476e-03|Time: 0.00
mean_grad_res: 0.001700
mean_grad_bcs: 0.024071
It: 35300, loss: 6.079e-02| loss_res: 7.763e+03| loss_f: 4.809e-04| loss_bc1: 3.197e-03| loss_bc2: 1.852e-03| loss_bc3: 4.704e-03| loss_bc4: 2.946e-03|Time: 0.00
mean_grad_res: 0.000808
mean_grad_bcs: 0.022595
It: 35400, loss: 7.963e-02| loss_res: 8.734e+03| loss_f: 6.674e-04| loss_bc1: 3.379e-03| loss_bc2: 1.379e-03| loss_bc3: 4.971e-03| loss_bc4: 3.157e-03|Time: 0.00
mean_grad_res: 0.001018
mean_grad_bcs: 0.021035
It: 35500, loss: 7.639e-02| loss_res: 6.935e+03| loss_f: 6.286e-04| loss_bc1: 3.556e-03| loss_bc2: 1.906e-03| loss_bc3: 5.024e-03| loss_bc4: 3.043e-03|Time: 0.00
mean_grad_res: 0.000930
mean_grad_bcs: 0.025612
It: 35600, loss: 6.460e-02| loss_res: 7.975e+03| loss_f: 5.055e-04| loss_bc1: 4.215e-03| loss_bc2: 1.762e-03| loss_bc3: 4.347e-03| loss_bc4: 3.728e-03|Time: 0.00
mean_grad_res: 0.001857
mean_grad_bcs: 0.021627
It: 35700, loss: 6.653e-02| loss_res: 7.743e+03| loss_f: 5.349e-04| loss_bc1: 3.067e-03| loss_bc2: 2.024e-03| loss_bc3: 4.164e-03| loss_bc4: 3.788e-03|Time: 0.00
mean_grad_res: 0.001629
mean_grad_bcs: 0.024035
It: 35800, loss: 7.025e-02| loss_res: 6.514e+03| loss_f: 5.634e-04| loss_bc1: 4.173e-03| loss_bc2: 1.767e-03| loss_bc3: 4.726e-03| loss_bc4: 3.252e-03|Time: 0.00
mean_grad_res: 0.001375
mean_grad_bcs: 0.027122
It: 35900, loss: 7.348e-02| loss_res: 8.355e+03| loss_f: 6.019e-04| loss_bc1: 3.216e-03| loss_bc2: 2.101e-03| loss_bc3: 4.130e-03| loss_bc4: 3.847e-03|Time: 0.00
mean_grad_res: 0.001248
mean_grad_bcs: 0.023782
It: 36000, loss: 6.632e-02| loss_res: 5.646e+03| loss_f: 5.392e-04| loss_bc1: 3.101e-03| loss_bc2: 1.562e-03| loss_bc3: 3.966e-03| loss_bc4: 3.771e-03|Time: 0.00
mean_grad_res: 0.001098
mean_grad_bcs: 0.020480
It: 36100, loss: 8.312e-02| loss_res: 7.240e+03| loss_f: 7.041e-04| loss_bc1: 3.585e-03| loss_bc2: 1.409e-03| loss_bc3: 4.375e-03| loss_bc4: 3.341e-03|Time: 0.00
mean_grad_res: 0.001381
mean_grad_bcs: 0.022969
It: 36200, loss: 8.054e-02| loss_res: 7.939e+03| loss_f: 6.816e-04| loss_bc1: 3.603e-03| loss_bc2: 1.732e-03| loss_bc3: 4.205e-03| loss_bc4: 2.835e-03|Time: 0.00
mean_grad_res: 0.001162
mean_grad_bcs: 0.019968
It: 36300, loss: 6.363e-02| loss_res: 5.535e+03| loss_f: 5.001e-04| loss_bc1: 3.151e-03| loss_bc2: 1.805e-03| loss_bc3: 5.653e-03| loss_bc4: 3.008e-03|Time: 0.00
mean_grad_res: 0.001168
mean_grad_bcs: 0.022805
It: 36400, loss: 5.197e-02| loss_res: 8.257e+03| loss_f: 3.855e-04| loss_bc1: 3.532e-03| loss_bc2: 1.683e-03| loss_bc3: 4.690e-03| loss_bc4: 3.507e-03|Time: 0.00
mean_grad_res: 0.000988
mean_grad_bcs: 0.026736
It: 36500, loss: 7.127e-02| loss_res: 7.298e+03| loss_f: 5.833e-04| loss_bc1: 3.853e-03| loss_bc2: 1.890e-03| loss_bc3: 4.013e-03| loss_bc4: 3.187e-03|Time: 0.01
mean_grad_res: 0.001633
mean_grad_bcs: 0.022762
It: 36600, loss: 6.543e-02| loss_res: 8.621e+03| loss_f: 5.188e-04| loss_bc1: 3.504e-03| loss_bc2: 2.004e-03| loss_bc3: 4.883e-03| loss_bc4: 3.159e-03|Time: 0.02
mean_grad_res: 0.001417
mean_grad_bcs: 0.023360
It: 36700, loss: 5.533e-02| loss_res: 7.653e+03| loss_f: 4.252e-04| loss_bc1: 3.571e-03| loss_bc2: 1.495e-03| loss_bc3: 4.875e-03| loss_bc4: 2.869e-03|Time: 0.00
mean_grad_res: 0.001004
mean_grad_bcs: 0.026596
It: 36800, loss: 7.547e-02| loss_res: 7.005e+03| loss_f: 6.348e-04| loss_bc1: 3.075e-03| loss_bc2: 1.756e-03| loss_bc3: 4.288e-03| loss_bc4: 2.869e-03|Time: 0.00
mean_grad_res: 0.001407
mean_grad_bcs: 0.028601
It: 36900, loss: 6.635e-02| loss_res: 6.842e+03| loss_f: 5.417e-04| loss_bc1: 3.156e-03| loss_bc2: 1.617e-03| loss_bc3: 4.529e-03| loss_bc4: 2.876e-03|Time: 0.00
mean_grad_res: 0.001254
mean_grad_bcs: 0.020711
It: 37000, loss: 7.012e-02| loss_res: 8.244e+03| loss_f: 5.826e-04| loss_bc1: 3.151e-03| loss_bc2: 2.074e-03| loss_bc3: 4.359e-03| loss_bc4: 2.282e-03|Time: 0.00
mean_grad_res: 0.002223
mean_grad_bcs: 0.022569
It: 37100, loss: 6.105e-02| loss_res: 7.263e+03| loss_f: 4.836e-04| loss_bc1: 3.584e-03| loss_bc2: 2.025e-03| loss_bc3: 4.411e-03| loss_bc4: 2.669e-03|Time: 0.00
mean_grad_res: 0.001435
mean_grad_bcs: 0.021620
It: 37200, loss: 7.429e-02| loss_res: 8.178e+03| loss_f: 6.167e-04| loss_bc1: 3.277e-03| loss_bc2: 2.116e-03| loss_bc3: 3.872e-03| loss_bc4: 3.357e-03|Time: 0.00
mean_grad_res: 0.001299
mean_grad_bcs: 0.022641
It: 37300, loss: 8.389e-02| loss_res: 9.375e+03| loss_f: 7.111e-04| loss_bc1: 2.957e-03| loss_bc2: 2.115e-03| loss_bc3: 4.569e-03| loss_bc4: 3.133e-03|Time: 0.00
mean_grad_res: 0.001230
mean_grad_bcs: 0.026465
It: 37400, loss: 5.462e-02| loss_res: 8.338e+03| loss_f: 4.190e-04| loss_bc1: 3.617e-03| loss_bc2: 2.109e-03| loss_bc3: 3.884e-03| loss_bc4: 3.108e-03|Time: 0.00
mean_grad_res: 0.000856
mean_grad_bcs: 0.024982
It: 37500, loss: 6.824e-02| loss_res: 7.485e+03| loss_f: 5.444e-04| loss_bc1: 3.934e-03| loss_bc2: 2.070e-03| loss_bc3: 4.955e-03| loss_bc4: 2.836e-03|Time: 0.00
mean_grad_res: 0.001050
mean_grad_bcs: 0.021898
It: 37600, loss: 7.060e-02| loss_res: 6.773e+03| loss_f: 5.811e-04| loss_bc1: 3.415e-03| loss_bc2: 1.899e-03| loss_bc3: 4.384e-03| loss_bc4: 2.794e-03|Time: 0.00
mean_grad_res: 0.001967
mean_grad_bcs: 0.022278
It: 37700, loss: 5.859e-02| loss_res: 6.672e+03| loss_f: 4.657e-04| loss_bc1: 2.773e-03| loss_bc2: 1.724e-03| loss_bc3: 4.308e-03| loss_bc4: 3.207e-03|Time: 0.00
mean_grad_res: 0.001044
mean_grad_bcs: 0.023270
It: 37800, loss: 7.060e-02| loss_res: 7.630e+03| loss_f: 5.866e-04| loss_bc1: 2.936e-03| loss_bc2: 1.663e-03| loss_bc3: 3.968e-03| loss_bc4: 3.369e-03|Time: 0.00
mean_grad_res: 0.001203
mean_grad_bcs: 0.024079
It: 37900, loss: 4.741e-02| loss_res: 6.591e+03| loss_f: 3.555e-04| loss_bc1: 3.162e-03| loss_bc2: 1.722e-03| loss_bc3: 4.232e-03| loss_bc4: 2.743e-03|Time: 0.00
mean_grad_res: 0.000670
mean_grad_bcs: 0.021595
It: 38000, loss: 6.120e-02| loss_res: 7.488e+03| loss_f: 4.803e-04| loss_bc1: 3.236e-03| loss_bc2: 2.385e-03| loss_bc3: 4.819e-03| loss_bc4: 2.726e-03|Time: 0.00
mean_grad_res: 0.001051
mean_grad_bcs: 0.018058
It: 38100, loss: 5.903e-02| loss_res: 7.169e+03| loss_f: 4.764e-04| loss_bc1: 2.770e-03| loss_bc2: 1.987e-03| loss_bc3: 3.635e-03| loss_bc4: 2.997e-03|Time: 0.00
mean_grad_res: 0.001171
mean_grad_bcs: 0.019021
It: 38200, loss: 6.043e-02| loss_res: 6.361e+03| loss_f: 4.736e-04| loss_bc1: 3.179e-03| loss_bc2: 2.007e-03| loss_bc3: 5.038e-03| loss_bc4: 2.847e-03|Time: 0.00
mean_grad_res: 0.000601
mean_grad_bcs: 0.027612
It: 38300, loss: 5.844e-02| loss_res: 6.311e+03| loss_f: 4.698e-04| loss_bc1: 2.918e-03| loss_bc2: 1.845e-03| loss_bc3: 4.249e-03| loss_bc4: 2.442e-03|Time: 0.00
mean_grad_res: 0.001657
mean_grad_bcs: 0.022290
It: 38400, loss: 7.092e-02| loss_res: 7.088e+03| loss_f: 5.807e-04| loss_bc1: 3.741e-03| loss_bc2: 1.905e-03| loss_bc3: 3.771e-03| loss_bc4: 3.430e-03|Time: 0.00
mean_grad_res: 0.001033
mean_grad_bcs: 0.027309
It: 38500, loss: 6.603e-02| loss_res: 7.790e+03| loss_f: 5.353e-04| loss_bc1: 3.425e-03| loss_bc2: 2.134e-03| loss_bc3: 4.072e-03| loss_bc4: 2.868e-03|Time: 0.00
mean_grad_res: 0.001207
mean_grad_bcs: 0.024666
It: 38600, loss: 8.277e-02| loss_res: 8.169e+03| loss_f: 7.068e-04| loss_bc1: 4.025e-03| loss_bc2: 1.808e-03| loss_bc3: 3.370e-03| loss_bc4: 2.891e-03|Time: 0.00
mean_grad_res: 0.002284
mean_grad_bcs: 0.018704
It: 38700, loss: 7.001e-02| loss_res: 7.028e+03| loss_f: 5.834e-04| loss_bc1: 3.063e-03| loss_bc2: 1.622e-03| loss_bc3: 4.029e-03| loss_bc4: 2.957e-03|Time: 0.00
mean_grad_res: 0.001681
mean_grad_bcs: 0.021236
It: 38800, loss: 6.899e-02| loss_res: 8.756e+03| loss_f: 5.763e-04| loss_bc1: 3.751e-03| loss_bc2: 1.672e-03| loss_bc3: 3.657e-03| loss_bc4: 2.284e-03|Time: 0.00
mean_grad_res: 0.001216
mean_grad_bcs: 0.024481
It: 38900, loss: 6.363e-02| loss_res: 6.572e+03| loss_f: 5.037e-04| loss_bc1: 3.665e-03| loss_bc2: 2.136e-03| loss_bc3: 4.382e-03| loss_bc4: 3.082e-03|Time: 0.00
mean_grad_res: 0.001024
mean_grad_bcs: 0.023651
It: 39000, loss: 8.052e-02| loss_res: 7.906e+03| loss_f: 6.914e-04| loss_bc1: 2.916e-03| loss_bc2: 1.728e-03| loss_bc3: 4.379e-03| loss_bc4: 2.363e-03|Time: 0.00
mean_grad_res: 0.001004
mean_grad_bcs: 0.027300
It: 39100, loss: 6.952e-02| loss_res: 7.845e+03| loss_f: 5.671e-04| loss_bc1: 4.122e-03| loss_bc2: 1.871e-03| loss_bc3: 4.114e-03| loss_bc4: 2.706e-03|Time: 0.00
mean_grad_res: 0.001867
mean_grad_bcs: 0.020450
It: 39200, loss: 8.796e-02| loss_res: 8.249e+03| loss_f: 7.480e-04| loss_bc1: 3.506e-03| loss_bc2: 2.290e-03| loss_bc3: 4.319e-03| loss_bc4: 3.041e-03|Time: 0.00
mean_grad_res: 0.001813
mean_grad_bcs: 0.020560
It: 39300, loss: 4.975e-02| loss_res: 7.577e+03| loss_f: 3.907e-04| loss_bc1: 2.641e-03| loss_bc2: 1.636e-03| loss_bc3: 4.171e-03| loss_bc4: 2.232e-03|Time: 0.00
mean_grad_res: 0.001020
mean_grad_bcs: 0.022672
It: 39400, loss: 6.259e-02| loss_res: 7.577e+03| loss_f: 5.068e-04| loss_bc1: 2.971e-03| loss_bc2: 1.529e-03| loss_bc3: 4.389e-03| loss_bc4: 3.027e-03|Time: 0.00
mean_grad_res: 0.000688
mean_grad_bcs: 0.024405
It: 39500, loss: 6.303e-02| loss_res: 7.434e+03| loss_f: 5.165e-04| loss_bc1: 3.255e-03| loss_bc2: 1.268e-03| loss_bc3: 4.204e-03| loss_bc4: 2.653e-03|Time: 0.00
mean_grad_res: 0.001997
mean_grad_bcs: 0.020831
It: 39600, loss: 6.623e-02| loss_res: 6.765e+03| loss_f: 5.539e-04| loss_bc1: 3.232e-03| loss_bc2: 1.472e-03| loss_bc3: 3.529e-03| loss_bc4: 2.605e-03|Time: 0.00
mean_grad_res: 0.001466
mean_grad_bcs: 0.019763
It: 39700, loss: 5.303e-02| loss_res: 7.432e+03| loss_f: 4.124e-04| loss_bc1: 3.366e-03| loss_bc2: 2.137e-03| loss_bc3: 3.978e-03| loss_bc4: 2.309e-03|Time: 0.00
mean_grad_res: 0.001549
mean_grad_bcs: 0.015039
It: 39800, loss: 6.280e-02| loss_res: 7.026e+03| loss_f: 5.098e-04| loss_bc1: 3.091e-03| loss_bc2: 1.818e-03| loss_bc3: 3.699e-03| loss_bc4: 3.217e-03|Time: 0.00
mean_grad_res: 0.002666
mean_grad_bcs: 0.024700
It: 39900, loss: 5.432e-02| loss_res: 8.339e+03| loss_f: 4.296e-04| loss_bc1: 2.657e-03| loss_bc2: 2.124e-03| loss_bc3: 3.971e-03| loss_bc4: 2.612e-03|Time: 0.00
mean_grad_res: 0.001320
mean_grad_bcs: 0.016538
Gradients information stored ...
It: 40000, loss: 4.550e-02| loss_res: 8.203e+03| loss_f: 3.407e-04| loss_bc1: 3.164e-03| loss_bc2: 1.558e-03| loss_bc3: 3.861e-03| loss_bc4: 2.846e-03|Time: 0.59
mean_grad_res: 0.000727
mean_grad_bcs: 0.025709
Relative L2 error_u: 4.86e-02
Relative L2 error_f: 3.20e-01
Save uv NN parameters successfully in %s ...checkpoints/Jan-10-2024_16-11-50-222083_M2
Final loss total loss: 4.549865e-02
Final loss loss_res: 8.202924e+03
Final loss loss_f: 3.406881e-04
Final loss loss_bc1: 3.164128e-03
Final loss loss_bc2: 1.558149e-03
Final loss loss_bc3: 3.861395e-03
Final loss loss_bc4: 2.846162e-03
average lambda_bc1.0000e+00
average lambda_res1.0


Method: mini_batch

average of time_list:1.8508e+02
average of error_u_list:4.8642e-02
average of error_v_list:3.2018e-01
