It: 0 |  Loss: 2.265e+01 |  Loss_res: 1.593e+00 |   Loss_bcs1: 1.589e+00 | Loss_bc2s: 1.690e+00 |  loss_ics_u: 2.750e+00 |  Loss_ut_ics: 1.503e+01 |  Time: 1.63
adaptive_constant_res_val: 1.906e-01
adaptive_constant_ics_val: 3.250e-01
adaptive_constant_bcs_val: 6.765e-01
Gradients information stored ...
It: 10 |  Loss: 4.476e-01 |  Loss_res: 6.503e-03 |   Loss_bcs1: 1.760e-02 | Loss_bc2s: 3.682e-02 |  loss_ics_u: 3.347e-01 |  Loss_ut_ics: 6.917e-02 |  Time: 8.09
adaptive_constant_res_val: 5.082e-03
adaptive_constant_ics_val: 1.942e-01
adaptive_constant_bcs_val: 2.680e-01
It: 20 |  Loss: 8.948e-01 |  Loss_res: 2.482e-02 |   Loss_bcs1: 7.233e-02 | Loss_bc2s: 9.854e-02 |  loss_ics_u: 1.811e-01 |  Loss_ut_ics: 6.452e-01 |  Time: 0.30
adaptive_constant_res_val: 1.017e-02
adaptive_constant_ics_val: 1.472e-01
adaptive_constant_bcs_val: 1.097e+00
It: 30 |  Loss: 6.373e-01 |  Loss_res: 2.849e-03 |   Loss_bcs1: 4.232e-02 | Loss_bc2s: 3.008e-02 |  loss_ics_u: 5.922e-01 |  Loss_ut_ics: 3.116e-02 |  Time: 0.30
adaptive_constant_res_val: 2.163e-03
adaptive_constant_ics_val: 1.954e-01
adaptive_constant_bcs_val: 1.047e-01
It: 40 |  Loss: 3.815e-01 |  Loss_res: 4.883e-04 |   Loss_bcs1: 7.196e-02 | Loss_bc2s: 3.283e-02 |  loss_ics_u: 2.297e-01 |  Loss_ut_ics: 1.390e-01 |  Time: 0.29
adaptive_constant_res_val: 7.841e-04
adaptive_constant_ics_val: 3.406e-02
adaptive_constant_bcs_val: 3.614e-01
It: 50 |  Loss: 3.173e-01 |  Loss_res: 1.115e-03 |   Loss_bcs1: 5.570e-02 | Loss_bc2s: 1.667e-02 |  loss_ics_u: 3.211e-01 |  Loss_ut_ics: 8.855e-03 |  Time: 0.29
adaptive_constant_res_val: 1.840e-03
adaptive_constant_ics_val: 3.585e-01
adaptive_constant_bcs_val: 1.929e-01
It: 60 |  Loss: 3.795e-01 |  Loss_res: 7.207e-05 |   Loss_bcs1: 5.298e-02 | Loss_bc2s: 3.243e-02 |  loss_ics_u: 3.979e-01 |  Loss_ut_ics: 4.294e-02 |  Time: 0.31
adaptive_constant_res_val: 1.196e-04
adaptive_constant_ics_val: 1.052e-02
adaptive_constant_bcs_val: 1.469e-02
It: 70 |  Loss: 3.014e-01 |  Loss_res: 1.551e-04 |   Loss_bcs1: 4.754e-02 | Loss_bc2s: 2.391e-02 |  loss_ics_u: 3.643e-01 |  Loss_ut_ics: 2.588e-02 |  Time: 0.30
adaptive_constant_res_val: 6.341e-04
adaptive_constant_ics_val: 7.339e-02
adaptive_constant_bcs_val: 6.436e-02
It: 80 |  Loss: 2.755e-01 |  Loss_res: 5.941e-05 |   Loss_bcs1: 5.001e-02 | Loss_bc2s: 2.295e-02 |  loss_ics_u: 3.607e-01 |  Loss_ut_ics: 3.076e-02 |  Time: 0.32
adaptive_constant_res_val: 3.006e-04
adaptive_constant_ics_val: 3.177e-02
adaptive_constant_bcs_val: 3.527e-02
It: 90 |  Loss: 2.425e-01 |  Loss_res: 3.889e-05 |   Loss_bcs1: 4.441e-02 | Loss_bc2s: 2.760e-02 |  loss_ics_u: 3.483e-01 |  Loss_ut_ics: 3.114e-02 |  Time: 0.31
adaptive_constant_res_val: 4.409e-05
adaptive_constant_ics_val: 4.615e-03
adaptive_constant_bcs_val: 4.835e-03
It: 100 |  Loss: 2.478e-01 |  Loss_res: 3.250e-05 |   Loss_bcs1: 4.561e-02 | Loss_bc2s: 2.994e-02 |  loss_ics_u: 4.075e-01 |  Loss_ut_ics: 2.795e-02 |  Time: 0.30
adaptive_constant_res_val: 4.945e-05
adaptive_constant_ics_val: 5.438e-03
adaptive_constant_bcs_val: 5.149e-03
Gradients information stored ...
It: 110 |  Loss: 1.773e-01 |  Loss_res: 8.419e-05 |   Loss_bcs1: 4.668e-02 | Loss_bc2s: 2.561e-02 |  loss_ics_u: 3.006e-01 |  Loss_ut_ics: 3.451e-02 |  Time: 3.90
adaptive_constant_res_val: 3.846e-04
adaptive_constant_ics_val: 3.764e-02
adaptive_constant_bcs_val: 6.793e-02
It: 120 |  Loss: 1.615e-01 |  Loss_res: 3.913e-05 |   Loss_bcs1: 5.184e-02 | Loss_bc2s: 2.540e-02 |  loss_ics_u: 2.972e-01 |  Loss_ut_ics: 3.066e-02 |  Time: 0.32
adaptive_constant_res_val: 1.728e-04
adaptive_constant_ics_val: 1.784e-02
adaptive_constant_bcs_val: 2.315e-02
It: 130 |  Loss: 1.899e-01 |  Loss_res: 1.358e-04 |   Loss_bcs1: 4.701e-02 | Loss_bc2s: 2.555e-02 |  loss_ics_u: 4.241e-01 |  Loss_ut_ics: 2.728e-02 |  Time: 0.30
adaptive_constant_res_val: 6.125e-04
adaptive_constant_ics_val: 6.659e-02
adaptive_constant_bcs_val: 6.604e-02
It: 140 |  Loss: 1.383e-01 |  Loss_res: 2.615e-05 |   Loss_bcs1: 4.435e-02 | Loss_bc2s: 2.405e-02 |  loss_ics_u: 3.216e-01 |  Loss_ut_ics: 2.647e-02 |  Time: 0.30
adaptive_constant_res_val: 9.423e-05
adaptive_constant_ics_val: 1.034e-02
adaptive_constant_bcs_val: 1.086e-02
It: 150 |  Loss: 1.175e-01 |  Loss_res: 2.563e-05 |   Loss_bcs1: 5.025e-02 | Loss_bc2s: 2.272e-02 |  loss_ics_u: 2.883e-01 |  Loss_ut_ics: 3.124e-02 |  Time: 0.30
adaptive_constant_res_val: 2.500e-05
adaptive_constant_ics_val: 2.498e-03
adaptive_constant_bcs_val: 3.223e-03
It: 160 |  Loss: 1.135e-01 |  Loss_res: 1.021e-04 |   Loss_bcs1: 4.951e-02 | Loss_bc2s: 2.624e-02 |  loss_ics_u: 3.113e-01 |  Loss_ut_ics: 3.355e-02 |  Time: 0.31
adaptive_constant_res_val: 4.595e-04
adaptive_constant_ics_val: 4.386e-02
adaptive_constant_bcs_val: 6.959e-02
It: 170 |  Loss: 1.132e-01 |  Loss_res: 4.189e-05 |   Loss_bcs1: 5.104e-02 | Loss_bc2s: 2.665e-02 |  loss_ics_u: 3.446e-01 |  Loss_ut_ics: 3.057e-02 |  Time: 0.30
adaptive_constant_res_val: 6.701e-05
adaptive_constant_ics_val: 6.653e-03
adaptive_constant_bcs_val: 9.815e-03
It: 180 |  Loss: 9.870e-02 |  Loss_res: 4.462e-05 |   Loss_bcs1: 5.073e-02 | Loss_bc2s: 2.490e-02 |  loss_ics_u: 3.315e-01 |  Loss_ut_ics: 2.971e-02 |  Time: 0.33
adaptive_constant_res_val: 1.347e-04
adaptive_constant_ics_val: 1.346e-02
adaptive_constant_bcs_val: 1.435e-02
It: 190 |  Loss: 1.085e-01 |  Loss_res: 6.431e-05 |   Loss_bcs1: 4.921e-02 | Loss_bc2s: 2.562e-02 |  loss_ics_u: 4.235e-01 |  Loss_ut_ics: 3.079e-02 |  Time: 0.31
adaptive_constant_res_val: 3.238e-04
adaptive_constant_ics_val: 3.145e-02
adaptive_constant_bcs_val: 3.173e-02
It: 200 |  Loss: 8.298e-02 |  Loss_res: 6.421e-05 |   Loss_bcs1: 5.153e-02 | Loss_bc2s: 2.905e-02 |  loss_ics_u: 3.285e-01 |  Loss_ut_ics: 3.398e-02 |  Time: 0.31
adaptive_constant_res_val: 2.842e-04
adaptive_constant_ics_val: 2.607e-02
adaptive_constant_bcs_val: 3.336e-02
It: 210 |  Loss: 8.488e-02 |  Loss_res: 7.045e-05 |   Loss_bcs1: 4.569e-02 | Loss_bc2s: 2.517e-02 |  loss_ics_u: 3.954e-01 |  Loss_ut_ics: 2.581e-02 |  Time: 0.30
adaptive_constant_res_val: 3.062e-04
adaptive_constant_ics_val: 3.207e-02
adaptive_constant_bcs_val: 3.007e-02
It: 220 |  Loss: 5.871e-02 |  Loss_res: 4.970e-05 |   Loss_bcs1: 4.525e-02 | Loss_bc2s: 2.443e-02 |  loss_ics_u: 2.777e-01 |  Loss_ut_ics: 2.435e-02 |  Time: 0.29
adaptive_constant_res_val: 1.370e-04
adaptive_constant_ics_val: 1.469e-02
adaptive_constant_bcs_val: 1.733e-02
It: 230 |  Loss: 6.772e-02 |  Loss_res: 4.889e-05 |   Loss_bcs1: 4.927e-02 | Loss_bc2s: 2.190e-02 |  loss_ics_u: 3.720e-01 |  Loss_ut_ics: 2.696e-02 |  Time: 0.30
adaptive_constant_res_val: 4.973e-05
adaptive_constant_ics_val: 5.025e-03
adaptive_constant_bcs_val: 5.332e-03
It: 240 |  Loss: 5.698e-02 |  Loss_res: 6.202e-05 |   Loss_bcs1: 4.969e-02 | Loss_bc2s: 2.608e-02 |  loss_ics_u: 3.304e-01 |  Loss_ut_ics: 3.244e-02 |  Time: 0.30
adaptive_constant_res_val: 1.062e-04
adaptive_constant_ics_val: 9.701e-03
adaptive_constant_bcs_val: 1.288e-02
It: 250 |  Loss: 5.344e-02 |  Loss_res: 6.794e-05 |   Loss_bcs1: 5.064e-02 | Loss_bc2s: 2.689e-02 |  loss_ics_u: 3.433e-01 |  Loss_ut_ics: 3.090e-02 |  Time: 0.31
adaptive_constant_res_val: 2.088e-04
adaptive_constant_ics_val: 1.939e-02
adaptive_constant_bcs_val: 1.995e-02
It: 260 |  Loss: 4.397e-02 |  Loss_res: 5.483e-05 |   Loss_bcs1: 5.578e-02 | Loss_bc2s: 2.690e-02 |  loss_ics_u: 2.937e-01 |  Loss_ut_ics: 2.923e-02 |  Time: 0.30
adaptive_constant_res_val: 9.206e-05
adaptive_constant_ics_val: 8.728e-03
adaptive_constant_bcs_val: 1.538e-02
It: 270 |  Loss: 4.227e-02 |  Loss_res: 5.165e-05 |   Loss_bcs1: 4.642e-02 | Loss_bc2s: 2.442e-02 |  loss_ics_u: 3.314e-01 |  Loss_ut_ics: 2.354e-02 |  Time: 0.30
adaptive_constant_res_val: 3.085e-05
adaptive_constant_ics_val: 3.247e-03
adaptive_constant_bcs_val: 3.086e-03
It: 280 |  Loss: 4.006e-02 |  Loss_res: 5.275e-05 |   Loss_bcs1: 4.831e-02 | Loss_bc2s: 2.243e-02 |  loss_ics_u: 3.484e-01 |  Loss_ut_ics: 2.801e-02 |  Time: 0.30
adaptive_constant_res_val: 2.289e-05
adaptive_constant_ics_val: 2.191e-03
adaptive_constant_bcs_val: 1.993e-03
It: 290 |  Loss: 3.611e-02 |  Loss_res: 7.126e-05 |   Loss_bcs1: 4.701e-02 | Loss_bc2s: 2.314e-02 |  loss_ics_u: 3.491e-01 |  Loss_ut_ics: 2.718e-02 |  Time: 0.29
adaptive_constant_res_val: 2.221e-04
adaptive_constant_ics_val: 2.149e-02
adaptive_constant_bcs_val: 2.618e-02
It: 300 |  Loss: 3.519e-02 |  Loss_res: 6.639e-05 |   Loss_bcs1: 4.580e-02 | Loss_bc2s: 2.425e-02 |  loss_ics_u: 3.713e-01 |  Loss_ut_ics: 2.487e-02 |  Time: 0.31
adaptive_constant_res_val: 1.848e-04
adaptive_constant_ics_val: 1.861e-02
adaptive_constant_bcs_val: 1.689e-02
It: 310 |  Loss: 2.972e-02 |  Loss_res: 5.154e-05 |   Loss_bcs1: 4.926e-02 | Loss_bc2s: 2.416e-02 |  loss_ics_u: 3.254e-01 |  Loss_ut_ics: 2.892e-02 |  Time: 0.32
adaptive_constant_res_val: 2.831e-05
adaptive_constant_ics_val: 2.625e-03
adaptive_constant_bcs_val: 3.242e-03
It: 320 |  Loss: 2.851e-02 |  Loss_res: 6.152e-05 |   Loss_bcs1: 4.705e-02 | Loss_bc2s: 2.826e-02 |  loss_ics_u: 3.458e-01 |  Loss_ut_ics: 3.250e-02 |  Time: 0.31
adaptive_constant_res_val: 2.075e-05
adaptive_constant_ics_val: 1.803e-03
adaptive_constant_bcs_val: 2.134e-03
It: 330 |  Loss: 2.859e-02 |  Loss_res: 6.412e-05 |   Loss_bcs1: 5.088e-02 | Loss_bc2s: 2.693e-02 |  loss_ics_u: 3.953e-01 |  Loss_ut_ics: 2.945e-02 |  Time: 0.33
adaptive_constant_res_val: 1.984e-05
adaptive_constant_ics_val: 1.802e-03
adaptive_constant_bcs_val: 1.782e-03
It: 340 |  Loss: 1.887e-02 |  Loss_res: 6.483e-05 |   Loss_bcs1: 4.803e-02 | Loss_bc2s: 2.274e-02 |  loss_ics_u: 2.709e-01 |  Loss_ut_ics: 2.576e-02 |  Time: 0.31
adaptive_constant_res_val: 5.709e-05
adaptive_constant_ics_val: 5.534e-03
adaptive_constant_bcs_val: 7.709e-03
It: 350 |  Loss: 2.037e-02 |  Loss_res: 6.803e-05 |   Loss_bcs1: 4.807e-02 | Loss_bc2s: 2.489e-02 |  loss_ics_u: 3.345e-01 |  Loss_ut_ics: 2.554e-02 |  Time: 0.35
adaptive_constant_res_val: 1.105e-04
adaptive_constant_ics_val: 1.071e-02
adaptive_constant_bcs_val: 1.186e-02
It: 360 |  Loss: 1.802e-02 |  Loss_res: 6.874e-05 |   Loss_bcs1: 4.837e-02 | Loss_bc2s: 2.407e-02 |  loss_ics_u: 3.153e-01 |  Loss_ut_ics: 2.626e-02 |  Time: 0.35
adaptive_constant_res_val: 1.640e-04
adaptive_constant_ics_val: 1.563e-02
adaptive_constant_bcs_val: 1.631e-02
It: 370 |  Loss: 1.670e-02 |  Loss_res: 6.803e-05 |   Loss_bcs1: 4.939e-02 | Loss_bc2s: 2.493e-02 |  loss_ics_u: 3.087e-01 |  Loss_ut_ics: 2.620e-02 |  Time: 0.36
adaptive_constant_res_val: 1.437e-04
adaptive_constant_ics_val: 1.366e-02
adaptive_constant_bcs_val: 1.851e-02
It: 380 |  Loss: 1.654e-02 |  Loss_res: 6.616e-05 |   Loss_bcs1: 4.968e-02 | Loss_bc2s: 2.150e-02 |  loss_ics_u: 3.330e-01 |  Loss_ut_ics: 2.434e-02 |  Time: 0.35
adaptive_constant_res_val: 5.600e-05
adaptive_constant_ics_val: 5.509e-03
adaptive_constant_bcs_val: 5.386e-03
It: 390 |  Loss: 1.537e-02 |  Loss_res: 7.864e-05 |   Loss_bcs1: 4.828e-02 | Loss_bc2s: 2.307e-02 |  loss_ics_u: 3.394e-01 |  Loss_ut_ics: 2.444e-02 |  Time: 0.37
adaptive_constant_res_val: 1.189e-04
adaptive_constant_ics_val: 1.164e-02
adaptive_constant_bcs_val: 1.201e-02
It: 400 |  Loss: 1.225e-02 |  Loss_res: 6.278e-05 |   Loss_bcs1: 4.911e-02 | Loss_bc2s: 2.321e-02 |  loss_ics_u: 2.757e-01 |  Loss_ut_ics: 2.363e-02 |  Time: 0.35
adaptive_constant_res_val: 1.721e-04
adaptive_constant_ics_val: 1.712e-02
adaptive_constant_bcs_val: 2.436e-02
It: 410 |  Loss: 1.530e-02 |  Loss_res: 5.781e-05 |   Loss_bcs1: 5.327e-02 | Loss_bc2s: 2.054e-02 |  loss_ics_u: 3.797e-01 |  Loss_ut_ics: 2.331e-02 |  Time: 0.34
adaptive_constant_res_val: 4.018e-05
adaptive_constant_ics_val: 4.003e-03
adaptive_constant_bcs_val: 4.238e-03
It: 420 |  Loss: 1.273e-02 |  Loss_res: 6.098e-05 |   Loss_bcs1: 4.970e-02 | Loss_bc2s: 1.831e-02 |  loss_ics_u: 3.411e-01 |  Loss_ut_ics: 2.565e-02 |  Time: 0.36
adaptive_constant_res_val: 5.516e-05
adaptive_constant_ics_val: 5.234e-03
adaptive_constant_bcs_val: 4.733e-03
It: 430 |  Loss: 1.140e-02 |  Loss_res: 7.019e-05 |   Loss_bcs1: 4.896e-02 | Loss_bc2s: 2.001e-02 |  loss_ics_u: 3.291e-01 |  Loss_ut_ics: 2.632e-02 |  Time: 0.34
adaptive_constant_res_val: 5.135e-05
adaptive_constant_ics_val: 4.799e-03
adaptive_constant_bcs_val: 5.806e-03
It: 440 |  Loss: 1.033e-02 |  Loss_res: 6.521e-05 |   Loss_bcs1: 4.960e-02 | Loss_bc2s: 2.058e-02 |  loss_ics_u: 3.216e-01 |  Loss_ut_ics: 2.544e-02 |  Time: 0.36
adaptive_constant_res_val: 3.514e-05
adaptive_constant_ics_val: 3.334e-03
adaptive_constant_bcs_val: 3.474e-03
It: 450 |  Loss: 1.053e-02 |  Loss_res: 5.828e-05 |   Loss_bcs1: 4.547e-02 | Loss_bc2s: 2.123e-02 |  loss_ics_u: 3.729e-01 |  Loss_ut_ics: 2.565e-02 |  Time: 0.35
adaptive_constant_res_val: 7.769e-05
adaptive_constant_ics_val: 7.324e-03
adaptive_constant_bcs_val: 6.105e-03
It: 460 |  Loss: 8.734e-03 |  Loss_res: 6.174e-05 |   Loss_bcs1: 4.875e-02 | Loss_bc2s: 2.006e-02 |  loss_ics_u: 3.208e-01 |  Loss_ut_ics: 2.616e-02 |  Time: 0.33
adaptive_constant_res_val: 9.236e-05
adaptive_constant_ics_val: 8.613e-03
adaptive_constant_bcs_val: 9.878e-03
It: 470 |  Loss: 8.613e-03 |  Loss_res: 7.060e-05 |   Loss_bcs1: 5.122e-02 | Loss_bc2s: 2.369e-02 |  loss_ics_u: 3.299e-01 |  Loss_ut_ics: 2.775e-02 |  Time: 0.33
adaptive_constant_res_val: 6.121e-05
adaptive_constant_ics_val: 5.529e-03
adaptive_constant_bcs_val: 6.280e-03
It: 480 |  Loss: 8.344e-03 |  Loss_res: 5.315e-05 |   Loss_bcs1: 4.750e-02 | Loss_bc2s: 2.645e-02 |  loss_ics_u: 3.473e-01 |  Loss_ut_ics: 2.946e-02 |  Time: 0.33
adaptive_constant_res_val: 6.783e-05
adaptive_constant_ics_val: 5.920e-03
adaptive_constant_bcs_val: 5.706e-03
It: 490 |  Loss: 6.955e-03 |  Loss_res: 6.050e-05 |   Loss_bcs1: 5.181e-02 | Loss_bc2s: 2.650e-02 |  loss_ics_u: 2.967e-01 |  Loss_ut_ics: 2.777e-02 |  Time: 0.34
adaptive_constant_res_val: 3.098e-05
adaptive_constant_ics_val: 2.783e-03
adaptive_constant_bcs_val: 3.386e-03
It: 500 |  Loss: 6.944e-03 |  Loss_res: 5.522e-05 |   Loss_bcs1: 4.893e-02 | Loss_bc2s: 2.415e-02 |  loss_ics_u: 3.390e-01 |  Loss_ut_ics: 2.482e-02 |  Time: 0.34
adaptive_constant_res_val: 2.290e-05
adaptive_constant_ics_val: 2.180e-03
adaptive_constant_bcs_val: 2.888e-03
It: 510 |  Loss: 5.773e-03 |  Loss_res: 5.100e-05 |   Loss_bcs1: 5.212e-02 | Loss_bc2s: 2.679e-02 |  loss_ics_u: 2.926e-01 |  Loss_ut_ics: 2.409e-02 |  Time: 0.38
adaptive_constant_res_val: 2.246e-05
adaptive_constant_ics_val: 2.166e-03
adaptive_constant_bcs_val: 2.583e-03
It: 520 |  Loss: 5.669e-03 |  Loss_res: 5.411e-05 |   Loss_bcs1: 4.025e-02 | Loss_bc2s: 2.419e-02 |  loss_ics_u: 3.342e-01 |  Loss_ut_ics: 2.414e-02 |  Time: 0.36
adaptive_constant_res_val: 3.120e-05
adaptive_constant_ics_val: 3.007e-03
adaptive_constant_bcs_val: 2.888e-03
It: 530 |  Loss: 5.966e-03 |  Loss_res: 5.948e-05 |   Loss_bcs1: 4.835e-02 | Loss_bc2s: 2.604e-02 |  loss_ics_u: 3.821e-01 |  Loss_ut_ics: 2.573e-02 |  Time: 0.37
adaptive_constant_res_val: 1.246e-04
adaptive_constant_ics_val: 1.160e-02
adaptive_constant_bcs_val: 1.075e-02
It: 540 |  Loss: 4.290e-03 |  Loss_res: 5.402e-05 |   Loss_bcs1: 4.933e-02 | Loss_bc2s: 2.290e-02 |  loss_ics_u: 2.534e-01 |  Loss_ut_ics: 2.508e-02 |  Time: 0.38
adaptive_constant_res_val: 1.875e-05
adaptive_constant_ics_val: 1.769e-03
adaptive_constant_bcs_val: 3.210e-03
It: 550 |  Loss: 4.972e-03 |  Loss_res: 5.987e-05 |   Loss_bcs1: 4.409e-02 | Loss_bc2s: 2.623e-02 |  loss_ics_u: 3.444e-01 |  Loss_ut_ics: 2.363e-02 |  Time: 0.40
adaptive_constant_res_val: 3.680e-05
adaptive_constant_ics_val: 3.570e-03
adaptive_constant_bcs_val: 3.906e-03
It: 560 |  Loss: 4.842e-03 |  Loss_res: 6.097e-05 |   Loss_bcs1: 4.623e-02 | Loss_bc2s: 2.751e-02 |  loss_ics_u: 3.591e-01 |  Loss_ut_ics: 2.346e-02 |  Time: 0.42
adaptive_constant_res_val: 1.103e-04
adaptive_constant_ics_val: 1.074e-02
adaptive_constant_bcs_val: 9.654e-03
It: 570 |  Loss: 4.911e-03 |  Loss_res: 5.395e-05 |   Loss_bcs1: 4.891e-02 | Loss_bc2s: 2.457e-02 |  loss_ics_u: 3.702e-01 |  Loss_ut_ics: 2.331e-02 |  Time: 0.44
adaptive_constant_res_val: 4.700e-05
adaptive_constant_ics_val: 4.593e-03
adaptive_constant_bcs_val: 4.230e-03
It: 580 |  Loss: 3.554e-03 |  Loss_res: 5.974e-05 |   Loss_bcs1: 4.755e-02 | Loss_bc2s: 2.289e-02 |  loss_ics_u: 2.651e-01 |  Loss_ut_ics: 2.182e-02 |  Time: 0.40
adaptive_constant_res_val: 1.939e-05
adaptive_constant_ics_val: 1.948e-03
adaptive_constant_bcs_val: 3.354e-03
It: 590 |  Loss: 4.057e-03 |  Loss_res: 4.270e-05 |   Loss_bcs1: 5.333e-02 | Loss_bc2s: 2.494e-02 |  loss_ics_u: 3.394e-01 |  Loss_ut_ics: 2.177e-02 |  Time: 0.40
adaptive_constant_res_val: 5.952e-05
adaptive_constant_ics_val: 6.020e-03
adaptive_constant_bcs_val: 7.505e-03
It: 600 |  Loss: 4.020e-03 |  Loss_res: 5.328e-05 |   Loss_bcs1: 4.613e-02 | Loss_bc2s: 2.194e-02 |  loss_ics_u: 3.521e-01 |  Loss_ut_ics: 2.232e-02 |  Time: 0.40
adaptive_constant_res_val: 6.095e-05
adaptive_constant_ics_val: 6.079e-03
adaptive_constant_bcs_val: 4.880e-03
It: 610 |  Loss: 3.557e-03 |  Loss_res: 4.839e-05 |   Loss_bcs1: 4.443e-02 | Loss_bc2s: 2.269e-02 |  loss_ics_u: 3.198e-01 |  Loss_ut_ics: 2.302e-02 |  Time: 0.39
adaptive_constant_res_val: 2.540e-05
adaptive_constant_ics_val: 2.493e-03
adaptive_constant_bcs_val: 2.478e-03
It: 620 |  Loss: 4.182e-03 |  Loss_res: 3.953e-05 |   Loss_bcs1: 4.925e-02 | Loss_bc2s: 2.134e-02 |  loss_ics_u: 4.267e-01 |  Loss_ut_ics: 2.331e-02 |  Time: 0.48
adaptive_constant_res_val: 5.127e-05
adaptive_constant_ics_val: 4.987e-03
adaptive_constant_bcs_val: 3.906e-03
It: 630 |  Loss: 3.227e-03 |  Loss_res: 4.744e-05 |   Loss_bcs1: 4.813e-02 | Loss_bc2s: 2.577e-02 |  loss_ics_u: 3.237e-01 |  Loss_ut_ics: 2.336e-02 |  Time: 0.48
adaptive_constant_res_val: 1.185e-04
adaptive_constant_ics_val: 1.152e-02
adaptive_constant_bcs_val: 1.513e-02
It: 640 |  Loss: 4.038e-03 |  Loss_res: 3.992e-05 |   Loss_bcs1: 4.416e-02 | Loss_bc2s: 2.762e-02 |  loss_ics_u: 3.874e-01 |  Loss_ut_ics: 2.268e-02 |  Time: 0.36
adaptive_constant_res_val: 3.151e-05
adaptive_constant_ics_val: 3.103e-03
adaptive_constant_bcs_val: 2.911e-03
It: 650 |  Loss: 3.228e-03 |  Loss_res: 4.439e-05 |   Loss_bcs1: 5.039e-02 | Loss_bc2s: 2.543e-02 |  loss_ics_u: 3.116e-01 |  Loss_ut_ics: 2.326e-02 |  Time: 0.46
adaptive_constant_res_val: 9.077e-05
adaptive_constant_ics_val: 8.847e-03
adaptive_constant_bcs_val: 9.084e-03
It: 660 |  Loss: 2.985e-03 |  Loss_res: 4.700e-05 |   Loss_bcs1: 4.591e-02 | Loss_bc2s: 2.417e-02 |  loss_ics_u: 2.798e-01 |  Loss_ut_ics: 2.295e-02 |  Time: 0.39
adaptive_constant_res_val: 8.823e-05
adaptive_constant_ics_val: 8.655e-03
adaptive_constant_bcs_val: 9.537e-03
It: 670 |  Loss: 3.263e-03 |  Loss_res: 3.984e-05 |   Loss_bcs1: 4.998e-02 | Loss_bc2s: 2.627e-02 |  loss_ics_u: 3.022e-01 |  Loss_ut_ics: 2.219e-02 |  Time: 0.35
adaptive_constant_res_val: 2.893e-05
adaptive_constant_ics_val: 2.887e-03
adaptive_constant_bcs_val: 3.263e-03
It: 680 |  Loss: 3.175e-03 |  Loss_res: 4.652e-05 |   Loss_bcs1: 4.791e-02 | Loss_bc2s: 2.344e-02 |  loss_ics_u: 3.199e-01 |  Loss_ut_ics: 2.217e-02 |  Time: 0.35
adaptive_constant_res_val: 6.453e-05
adaptive_constant_ics_val: 6.441e-03
adaptive_constant_bcs_val: 6.946e-03
It: 690 |  Loss: 2.755e-03 |  Loss_res: 3.737e-05 |   Loss_bcs1: 4.864e-02 | Loss_bc2s: 2.313e-02 |  loss_ics_u: 2.682e-01 |  Loss_ut_ics: 2.259e-02 |  Time: 0.35
adaptive_constant_res_val: 6.373e-05
adaptive_constant_ics_val: 6.288e-03
adaptive_constant_bcs_val: 8.510e-03
It: 700 |  Loss: 3.537e-03 |  Loss_res: 4.056e-05 |   Loss_bcs1: 4.416e-02 | Loss_bc2s: 2.508e-02 |  loss_ics_u: 3.690e-01 |  Loss_ut_ics: 2.218e-02 |  Time: 0.35
adaptive_constant_res_val: 4.823e-05
adaptive_constant_ics_val: 4.797e-03
adaptive_constant_bcs_val: 4.277e-03
It: 710 |  Loss: 2.767e-03 |  Loss_res: 3.731e-05 |   Loss_bcs1: 5.412e-02 | Loss_bc2s: 2.756e-02 |  loss_ics_u: 2.714e-01 |  Loss_ut_ics: 2.307e-02 |  Time: 0.35
adaptive_constant_res_val: 2.536e-05
adaptive_constant_ics_val: 2.473e-03
adaptive_constant_bcs_val: 2.773e-03
It: 720 |  Loss: 2.516e-03 |  Loss_res: 3.929e-05 |   Loss_bcs1: 5.076e-02 | Loss_bc2s: 2.403e-02 |  loss_ics_u: 2.665e-01 |  Loss_ut_ics: 2.263e-02 |  Time: 0.36
adaptive_constant_res_val: 2.813e-05
adaptive_constant_ics_val: 2.775e-03
adaptive_constant_bcs_val: 4.027e-03
It: 730 |  Loss: 3.070e-03 |  Loss_res: 2.823e-05 |   Loss_bcs1: 5.265e-02 | Loss_bc2s: 2.378e-02 |  loss_ics_u: 3.669e-01 |  Loss_ut_ics: 2.248e-02 |  Time: 0.34
adaptive_constant_res_val: 1.606e-05
adaptive_constant_ics_val: 1.590e-03
adaptive_constant_bcs_val: 1.930e-03
It: 740 |  Loss: 2.874e-03 |  Loss_res: 3.105e-05 |   Loss_bcs1: 4.499e-02 | Loss_bc2s: 2.130e-02 |  loss_ics_u: 3.790e-01 |  Loss_ut_ics: 2.323e-02 |  Time: 0.42
adaptive_constant_res_val: 3.908e-05
adaptive_constant_ics_val: 3.799e-03
adaptive_constant_bcs_val: 2.998e-03
It: 750 |  Loss: 2.522e-03 |  Loss_res: 3.239e-05 |   Loss_bcs1: 5.167e-02 | Loss_bc2s: 2.430e-02 |  loss_ics_u: 3.323e-01 |  Loss_ut_ics: 2.384e-02 |  Time: 0.40
adaptive_constant_res_val: 2.750e-05
adaptive_constant_ics_val: 2.636e-03
adaptive_constant_bcs_val: 2.810e-03
It: 760 |  Loss: 2.407e-03 |  Loss_res: 2.801e-05 |   Loss_bcs1: 4.956e-02 | Loss_bc2s: 2.718e-02 |  loss_ics_u: 3.352e-01 |  Loss_ut_ics: 2.329e-02 |  Time: 0.50
adaptive_constant_res_val: 5.108e-05
adaptive_constant_ics_val: 4.957e-03
adaptive_constant_bcs_val: 5.931e-03
It: 770 |  Loss: 2.600e-03 |  Loss_res: 2.877e-05 |   Loss_bcs1: 4.629e-02 | Loss_bc2s: 2.293e-02 |  loss_ics_u: 3.741e-01 |  Loss_ut_ics: 2.338e-02 |  Time: 0.45
adaptive_constant_res_val: 4.841e-05
adaptive_constant_ics_val: 4.683e-03
adaptive_constant_bcs_val: 3.524e-03
It: 780 |  Loss: 2.430e-03 |  Loss_res: 2.379e-05 |   Loss_bcs1: 4.861e-02 | Loss_bc2s: 2.478e-02 |  loss_ics_u: 3.564e-01 |  Loss_ut_ics: 2.275e-02 |  Time: 0.35
adaptive_constant_res_val: 1.651e-05
adaptive_constant_ics_val: 1.620e-03
adaptive_constant_bcs_val: 1.619e-03
It: 790 |  Loss: 2.188e-03 |  Loss_res: 2.246e-05 |   Loss_bcs1: 5.172e-02 | Loss_bc2s: 2.219e-02 |  loss_ics_u: 3.408e-01 |  Loss_ut_ics: 2.307e-02 |  Time: 0.40
adaptive_constant_res_val: 3.376e-05
adaptive_constant_ics_val: 3.288e-03
adaptive_constant_bcs_val: 3.043e-03
It: 800 |  Loss: 2.414e-03 |  Loss_res: 2.539e-05 |   Loss_bcs1: 5.114e-02 | Loss_bc2s: 2.312e-02 |  loss_ics_u: 4.047e-01 |  Loss_ut_ics: 2.284e-02 |  Time: 0.34
adaptive_constant_res_val: 4.449e-05
adaptive_constant_ics_val: 4.353e-03
adaptive_constant_bcs_val: 3.489e-03
It: 810 |  Loss: 1.565e-03 |  Loss_res: 2.489e-05 |   Loss_bcs1: 4.310e-02 | Loss_bc2s: 2.941e-02 |  loss_ics_u: 2.378e-01 |  Loss_ut_ics: 2.207e-02 |  Time: 0.35
adaptive_constant_res_val: 5.725e-05
adaptive_constant_ics_val: 5.710e-03
adaptive_constant_bcs_val: 9.228e-03
It: 820 |  Loss: 2.624e-03 |  Loss_res: 2.248e-05 |   Loss_bcs1: 5.242e-02 | Loss_bc2s: 2.349e-02 |  loss_ics_u: 4.143e-01 |  Loss_ut_ics: 2.185e-02 |  Time: 0.38
adaptive_constant_res_val: 6.352e-05
adaptive_constant_ics_val: 6.350e-03
adaptive_constant_bcs_val: 5.805e-03
It: 830 |  Loss: 2.411e-03 |  Loss_res: 2.504e-05 |   Loss_bcs1: 4.042e-02 | Loss_bc2s: 2.878e-02 |  loss_ics_u: 3.714e-01 |  Loss_ut_ics: 2.235e-02 |  Time: 0.36
adaptive_constant_res_val: 9.888e-06
adaptive_constant_ics_val: 9.783e-04
adaptive_constant_bcs_val: 8.194e-04
It: 840 |  Loss: 2.341e-03 |  Loss_res: 2.527e-05 |   Loss_bcs1: 5.455e-02 | Loss_bc2s: 2.423e-02 |  loss_ics_u: 3.894e-01 |  Loss_ut_ics: 2.236e-02 |  Time: 0.35
adaptive_constant_res_val: 2.485e-05
adaptive_constant_ics_val: 2.458e-03
adaptive_constant_bcs_val: 2.683e-03
It: 850 |  Loss: 1.915e-03 |  Loss_res: 1.981e-05 |   Loss_bcs1: 4.549e-02 | Loss_bc2s: 2.422e-02 |  loss_ics_u: 3.280e-01 |  Loss_ut_ics: 2.211e-02 |  Time: 0.35
adaptive_constant_res_val: 2.752e-05
adaptive_constant_ics_val: 2.738e-03
adaptive_constant_bcs_val: 2.966e-03
It: 860 |  Loss: 2.096e-03 |  Loss_res: 1.957e-05 |   Loss_bcs1: 5.313e-02 | Loss_bc2s: 2.058e-02 |  loss_ics_u: 3.805e-01 |  Loss_ut_ics: 2.191e-02 |  Time: 0.39
adaptive_constant_res_val: 3.971e-05
adaptive_constant_ics_val: 3.959e-03
adaptive_constant_bcs_val: 3.501e-03
It: 870 |  Loss: 1.953e-03 |  Loss_res: 1.988e-05 |   Loss_bcs1: 4.720e-02 | Loss_bc2s: 2.615e-02 |  loss_ics_u: 3.564e-01 |  Loss_ut_ics: 2.241e-02 |  Time: 0.35
adaptive_constant_res_val: 2.058e-05
adaptive_constant_ics_val: 2.030e-03
adaptive_constant_bcs_val: 1.860e-03
It: 880 |  Loss: 1.680e-03 |  Loss_res: 2.046e-05 |   Loss_bcs1: 5.380e-02 | Loss_bc2s: 2.542e-02 |  loss_ics_u: 3.103e-01 |  Loss_ut_ics: 2.181e-02 |  Time: 0.36
adaptive_constant_res_val: 2.428e-05
adaptive_constant_ics_val: 2.423e-03
adaptive_constant_bcs_val: 3.517e-03
It: 890 |  Loss: 1.843e-03 |  Loss_res: 1.954e-05 |   Loss_bcs1: 5.005e-02 | Loss_bc2s: 2.275e-02 |  loss_ics_u: 3.638e-01 |  Loss_ut_ics: 2.170e-02 |  Time: 0.39
adaptive_constant_res_val: 3.100e-05
adaptive_constant_ics_val: 3.106e-03
adaptive_constant_bcs_val: 2.660e-03
It: 900 |  Loss: 1.767e-03 |  Loss_res: 1.675e-05 |   Loss_bcs1: 4.509e-02 | Loss_bc2s: 2.160e-02 |  loss_ics_u: 3.662e-01 |  Loss_ut_ics: 2.202e-02 |  Time: 0.41
adaptive_constant_res_val: 6.841e-05
adaptive_constant_ics_val: 6.797e-03
adaptive_constant_bcs_val: 5.802e-03
It: 910 |  Loss: 1.771e-03 |  Loss_res: 1.895e-05 |   Loss_bcs1: 4.799e-02 | Loss_bc2s: 2.292e-02 |  loss_ics_u: 3.405e-01 |  Loss_ut_ics: 2.140e-02 |  Time: 0.37
adaptive_constant_res_val: 4.641e-05
adaptive_constant_ics_val: 4.680e-03
adaptive_constant_bcs_val: 4.856e-03
It: 920 |  Loss: 1.619e-03 |  Loss_res: 1.720e-05 |   Loss_bcs1: 5.055e-02 | Loss_bc2s: 2.851e-02 |  loss_ics_u: 2.875e-01 |  Loss_ut_ics: 2.155e-02 |  Time: 0.38
adaptive_constant_res_val: 2.621e-05
adaptive_constant_ics_val: 2.636e-03
adaptive_constant_bcs_val: 3.709e-03
It: 930 |  Loss: 1.873e-03 |  Loss_res: 1.799e-05 |   Loss_bcs1: 4.400e-02 | Loss_bc2s: 2.376e-02 |  loss_ics_u: 3.652e-01 |  Loss_ut_ics: 2.143e-02 |  Time: 0.36
adaptive_constant_res_val: 8.346e-05
adaptive_constant_ics_val: 8.403e-03
adaptive_constant_bcs_val: 6.356e-03
It: 940 |  Loss: 1.987e-03 |  Loss_res: 1.532e-05 |   Loss_bcs1: 5.087e-02 | Loss_bc2s: 2.386e-02 |  loss_ics_u: 3.609e-01 |  Loss_ut_ics: 2.080e-02 |  Time: 0.38
adaptive_constant_res_val: 4.871e-05
adaptive_constant_ics_val: 4.978e-03
adaptive_constant_bcs_val: 4.763e-03
It: 950 |  Loss: 2.023e-03 |  Loss_res: 1.312e-05 |   Loss_bcs1: 5.184e-02 | Loss_bc2s: 2.340e-02 |  loss_ics_u: 3.654e-01 |  Loss_ut_ics: 1.978e-02 |  Time: 0.37
adaptive_constant_res_val: 1.970e-05
adaptive_constant_ics_val: 2.061e-03
adaptive_constant_bcs_val: 2.189e-03
It: 960 |  Loss: 1.854e-03 |  Loss_res: 1.480e-05 |   Loss_bcs1: 5.141e-02 | Loss_bc2s: 2.622e-02 |  loss_ics_u: 3.461e-01 |  Loss_ut_ics: 1.990e-02 |  Time: 0.36
adaptive_constant_res_val: 2.258e-05
adaptive_constant_ics_val: 2.359e-03
adaptive_constant_bcs_val: 2.336e-03
It: 970 |  Loss: 1.831e-03 |  Loss_res: 1.439e-05 |   Loss_bcs1: 4.467e-02 | Loss_bc2s: 2.496e-02 |  loss_ics_u: 3.689e-01 |  Loss_ut_ics: 1.973e-02 |  Time: 0.36
adaptive_constant_res_val: 5.278e-05
adaptive_constant_ics_val: 5.534e-03
adaptive_constant_bcs_val: 4.142e-03
It: 980 |  Loss: 1.811e-03 |  Loss_res: 1.411e-05 |   Loss_bcs1: 4.800e-02 | Loss_bc2s: 2.496e-02 |  loss_ics_u: 3.573e-01 |  Loss_ut_ics: 2.023e-02 |  Time: 0.35
adaptive_constant_res_val: 2.014e-05
adaptive_constant_ics_val: 2.083e-03
adaptive_constant_bcs_val: 1.532e-03
It: 990 |  Loss: 1.664e-03 |  Loss_res: 1.122e-05 |   Loss_bcs1: 4.852e-02 | Loss_bc2s: 2.049e-02 |  loss_ics_u: 3.528e-01 |  Loss_ut_ics: 1.949e-02 |  Time: 0.35
adaptive_constant_res_val: 6.202e-06
adaptive_constant_ics_val: 6.518e-04
adaptive_constant_bcs_val: 6.872e-04
Save uv NN parameters successfully in %s ...checkpoints/Dec-20-2023_02-03-27-296538_M2
Final loss total loss: 1.639847e-03
Final loss loss_res: 1.271983e-05
Final loss loss_bc1: 4.048138e-02
Final loss loss_bc2: 2.597568e-02
Final loss loss_ics_u: 3.865673e-01
average lambda_bc : 3.6803e-02
average lambda_ic : 2.1210e-02
average lambda_res : 1.0
