Gradients information stored ...
It: 100, Loss: 3.823e-01, Loss_res: 3.349e-03,  Loss_bcs1: 4.862e-02,  Loss_bcs2: 3.268e-02,  loss_ics_u: 2.693e-01, Loss_ut_ics: 2.831e-02,, Time: 25.18
minmax ratio : 6.7750e+00
max_grad_bcs1: 1.596e-02 ,max_grad_bcs2: 2.198e-02 ,max_grad_ics: 3.885e-02 ,max_grad_res: 7.803e-03  
min_grad_bcs1: 1.475e-02 ,min_grad_bcs2: 1.286e-02 ,min_grad_ics: 2.371e-02 ,min_grad_res: 5.734e-03  
update_res: 6.612e-01
update_ics_u_t: 6.612e-01
update_bcs1: 6.612e-01
update_bcs2: 6.612e-01
adaptive_constant_res_val: 6.096e+00
adaptive_constant_ics_val: 7.339e+00
adaptive_constant_bcs1_val: 4.848e+00
adaptive_constant_bcs2_val: 7.659e+00
Gradients information stored ...
It: 200, Loss: 2.383e+00, Loss_res: 5.265e-03,  Loss_bcs1: 8.673e-02,  Loss_bcs2: 3.016e-02,  loss_ics_u: 2.293e-01, Loss_ut_ics: 2.275e-03,, Time: 16.04
minmax ratio : 9.0344e+00
max_grad_bcs1: 3.742e-02 ,max_grad_bcs2: 3.403e-02 ,max_grad_ics: 7.477e-02 ,max_grad_res: 5.595e-02  
min_grad_bcs1: 3.622e-02 ,min_grad_bcs2: 8.276e-03 ,min_grad_ics: 1.807e-02 ,min_grad_res: 2.857e-02  
update_res: 4.506e-01
update_ics_u_t: 4.506e-01
update_bcs1: 4.506e-01
update_bcs2: 4.506e-01
adaptive_constant_res_val: 7.971e+00
adaptive_constant_ics_val: 1.684e+01
adaptive_constant_bcs1_val: 4.205e+00
adaptive_constant_bcs2_val: 1.674e+01
It: 300, Loss: 3.719e+00, Loss_res: 1.634e-02,  Loss_bcs1: 8.251e-02,  Loss_bcs2: 1.958e-02,  loss_ics_u: 1.680e-01, Loss_ut_ics: 4.997e-03,, Time: 7.80
minmax ratio : 3.1214e+01
max_grad_bcs1: 4.606e-02 ,max_grad_bcs2: 3.766e-02 ,max_grad_ics: 4.267e-02 ,max_grad_res: 4.411e-01  
min_grad_bcs1: 3.400e-02 ,min_grad_bcs2: 1.725e-02 ,min_grad_ics: 1.413e-02 ,min_grad_res: 3.342e-01  
update_res: 4.731e-01
update_ics_u_t: 4.731e-01
update_bcs1: 4.731e-01
update_bcs2: 4.731e-01
adaptive_constant_res_val: 1.949e+01
adaptive_constant_ics_val: 4.459e+01
adaptive_constant_bcs1_val: 2.000e+01
adaptive_constant_bcs2_val: 3.224e+01
It: 400, Loss: 1.182e+01, Loss_res: 6.285e-03,  Loss_bcs1: 9.748e-02,  Loss_bcs2: 3.537e-02,  loss_ics_u: 1.857e-01, Loss_ut_ics: 7.333e-03,, Time: 7.62
minmax ratio : 5.7379e+00
max_grad_bcs1: 6.403e-02 ,max_grad_bcs2: 3.882e-02 ,max_grad_ics: 3.612e-02 ,max_grad_res: 1.258e-01  
min_grad_bcs1: 6.023e-02 ,min_grad_bcs2: 3.621e-02 ,min_grad_ics: 2.193e-02 ,min_grad_res: 2.799e-02  
update_res: 5.178e-01
update_ics_u_t: 5.178e-01
update_bcs1: 5.178e-01
update_bcs2: 5.178e-01
adaptive_constant_res_val: 1.335e+01
adaptive_constant_ics_val: 4.894e+00
adaptive_constant_bcs1_val: 3.158e+00
adaptive_constant_bcs2_val: 3.186e+00
It: 500, Loss: 1.308e+00, Loss_res: 2.201e-03,  Loss_bcs1: 7.551e-02,  Loss_bcs2: 2.561e-02,  loss_ics_u: 1.922e-01, Loss_ut_ics: 3.634e-03,, Time: 7.74
minmax ratio : 2.6170e+00
max_grad_bcs1: 5.769e-02 ,max_grad_bcs2: 3.566e-02 ,max_grad_ics: 4.459e-02 ,max_grad_res: 4.256e-02  
min_grad_bcs1: 4.984e-02 ,min_grad_bcs2: 3.224e-02 ,min_grad_ics: 2.443e-02 ,min_grad_res: 2.204e-02  
update_res: 4.124e-01
update_ics_u_t: 4.124e-01
update_bcs1: 4.124e-01
update_bcs2: 4.124e-01
adaptive_constant_res_val: 2.084e+00
adaptive_constant_ics_val: 1.969e+00
adaptive_constant_bcs1_val: 1.249e+00
adaptive_constant_bcs2_val: 1.194e+00
It: 600, Loss: 6.035e-01, Loss_res: 2.555e-03,  Loss_bcs1: 7.566e-02,  Loss_bcs2: 2.323e-02,  loss_ics_u: 2.373e-01, Loss_ut_ics: 4.352e-03,, Time: 7.63
minmax ratio : 4.0877e+00
max_grad_bcs1: 5.872e-02 ,max_grad_bcs2: 3.289e-02 ,max_grad_ics: 4.774e-02 ,max_grad_res: 1.670e-02  
min_grad_bcs1: 5.139e-02 ,min_grad_bcs2: 3.139e-02 ,min_grad_ics: 2.567e-02 ,min_grad_res: 1.437e-02  
update_res: 3.488e-01
update_ics_u_t: 3.488e-01
update_bcs1: 3.488e-01
update_bcs2: 3.488e-01
adaptive_constant_res_val: 1.657e+00
adaptive_constant_ics_val: 2.652e+00
adaptive_constant_bcs1_val: 1.629e+00
adaptive_constant_bcs2_val: 1.494e+00
It: 700, Loss: 7.552e-01, Loss_res: 2.820e-03,  Loss_bcs1: 6.768e-02,  Loss_bcs2: 2.672e-02,  loss_ics_u: 2.210e-01, Loss_ut_ics: 5.415e-03,, Time: 7.75
minmax ratio : 5.8006e+00
max_grad_bcs1: 5.385e-02 ,max_grad_bcs2: 3.687e-02 ,max_grad_ics: 3.158e-02 ,max_grad_res: 4.407e-02  
min_grad_bcs1: 4.549e-02 ,min_grad_bcs2: 3.550e-02 ,min_grad_ics: 1.922e-02 ,min_grad_res: 9.284e-03  
update_res: 3.566e-01
update_ics_u_t: 3.566e-01
update_bcs1: 3.566e-01
update_bcs2: 3.566e-01
adaptive_constant_res_val: 9.818e+00
adaptive_constant_ics_val: 3.399e+00
adaptive_constant_bcs1_val: 2.449e+00
adaptive_constant_bcs2_val: 2.148e+00
It: 800, Loss: 9.295e-01, Loss_res: 1.816e-03,  Loss_bcs1: 7.691e-02,  Loss_bcs2: 2.206e-02,  loss_ics_u: 1.935e-01, Loss_ut_ics: 5.362e-03,, Time: 7.53
minmax ratio : 6.4173e+00
max_grad_bcs1: 6.887e-02 ,max_grad_bcs2: 3.032e-02 ,max_grad_ics: 3.771e-02 ,max_grad_res: 1.137e-02  
min_grad_bcs1: 5.352e-02 ,min_grad_bcs2: 2.927e-02 ,min_grad_ics: 2.777e-02 ,min_grad_res: 1.073e-02  
update_res: 3.735e-01
update_ics_u_t: 3.735e-01
update_bcs1: 3.735e-01
update_bcs2: 3.735e-01
adaptive_constant_res_val: 2.538e+00
adaptive_constant_ics_val: 3.256e+00
adaptive_constant_bcs1_val: 3.084e+00
adaptive_constant_bcs2_val: 2.482e+00
It: 900, Loss: 9.504e-01, Loss_res: 2.570e-03,  Loss_bcs1: 5.331e-02,  Loss_bcs2: 1.881e-02,  loss_ics_u: 2.191e-01, Loss_ut_ics: 5.988e-03,, Time: 7.39
minmax ratio : 1.3393e+01
max_grad_bcs1: 5.520e-02 ,max_grad_bcs2: 3.304e-02 ,max_grad_ics: 4.003e-02 ,max_grad_res: 3.348e-02  
min_grad_bcs1: 4.168e-02 ,min_grad_bcs2: 2.711e-02 ,min_grad_ics: 3.476e-02 ,min_grad_res: 4.122e-03  
update_res: 3.439e-01
update_ics_u_t: 3.439e-01
update_bcs1: 3.439e-01
update_bcs2: 3.439e-01
adaptive_constant_res_val: 3.742e+01
adaptive_constant_ics_val: 5.304e+00
adaptive_constant_bcs1_val: 6.100e+00
adaptive_constant_bcs2_val: 5.614e+00
It: 1000, Loss: 1.663e+00, Loss_res: 6.454e-04,  Loss_bcs1: 4.871e-02,  Loss_bcs2: 2.388e-02,  loss_ics_u: 2.219e-01, Loss_ut_ics: 5.810e-03,, Time: 7.42
minmax ratio : 3.7543e+01
max_grad_bcs1: 4.554e-02 ,max_grad_bcs2: 3.699e-02 ,max_grad_ics: 3.737e-02 ,max_grad_res: 1.199e-02  
min_grad_bcs1: 3.814e-02 ,min_grad_bcs2: 3.437e-02 ,min_grad_ics: 3.484e-02 ,min_grad_res: 1.213e-03  
update_res: 3.623e-01
update_ics_u_t: 3.623e-01
update_bcs1: 3.623e-01
update_bcs2: 3.623e-01
adaptive_constant_res_val: 1.344e+02
adaptive_constant_ics_val: 1.459e+01
adaptive_constant_bcs1_val: 1.624e+01
adaptive_constant_bcs2_val: 1.464e+01
Gradients information stored ...
It: 1100, Loss: 4.292e+00, Loss_res: 5.426e-04,  Loss_bcs1: 3.262e-02,  Loss_bcs2: 1.574e-02,  loss_ics_u: 2.323e-01, Loss_ut_ics: 4.853e-03,, Time: 15.50
minmax ratio : 1.1713e+02
max_grad_bcs1: 3.481e-02 ,max_grad_bcs2: 2.510e-02 ,max_grad_ics: 7.632e-02 ,max_grad_res: 1.596e-02  
min_grad_bcs1: 3.107e-02 ,min_grad_bcs2: 2.302e-02 ,min_grad_ics: 2.681e-02 ,min_grad_res: 6.516e-04  
update_res: 4.945e-01
update_ics_u_t: 4.945e-01
update_bcs1: 4.945e-01
update_bcs2: 4.945e-01
adaptive_constant_res_val: 1.419e+03
adaptive_constant_ics_val: 1.649e+02
adaptive_constant_bcs1_val: 6.487e+01
adaptive_constant_bcs2_val: 6.315e+01
It: 1200, Loss: 5.353e+01, Loss_res: 3.338e-04,  Loss_bcs1: 1.195e-01,  Loss_bcs2: 4.607e-02,  loss_ics_u: 2.533e-01, Loss_ut_ics: 3.804e-03,, Time: 7.56
minmax ratio : 1.0376e+02
max_grad_bcs1: 2.351e-02 ,max_grad_bcs2: 2.046e-02 ,max_grad_ics: 3.025e-02 ,max_grad_res: 1.423e-03  
min_grad_bcs1: 1.410e-02 ,min_grad_bcs2: 9.791e-03 ,min_grad_ics: 1.015e-02 ,min_grad_res: 2.915e-04  
update_res: 5.695e-01
update_ics_u_t: 5.695e-01
update_bcs1: 5.695e-01
update_bcs2: 5.695e-01
adaptive_constant_res_val: 2.885e+02
adaptive_constant_ics_val: 1.760e+02
adaptive_constant_bcs1_val: 9.856e+01
adaptive_constant_bcs2_val: 1.235e+02
It: 1300, Loss: 4.404e+01, Loss_res: 1.295e-03,  Loss_bcs1: 9.655e-02,  Loss_bcs2: 3.186e-02,  loss_ics_u: 1.702e-01, Loss_ut_ics: 1.419e-03,, Time: 7.57
minmax ratio : 7.2060e+00
max_grad_bcs1: 2.053e-02 ,max_grad_bcs2: 1.921e-02 ,max_grad_ics: 1.578e-02 ,max_grad_res: 1.027e-02  
min_grad_bcs1: 1.405e-02 ,min_grad_bcs2: 7.468e-03 ,min_grad_ics: 7.753e-03 ,min_grad_res: 2.849e-03  
update_res: 4.124e-01
update_ics_u_t: 4.124e-01
update_bcs1: 4.124e-01
update_bcs2: 4.124e-01
adaptive_constant_res_val: 1.071e+01
adaptive_constant_ics_val: 6.049e+00
adaptive_constant_bcs1_val: 4.342e+00
adaptive_constant_bcs2_val: 7.643e+00
It: 1400, Loss: 1.788e+00, Loss_res: 9.937e-04,  Loss_bcs1: 5.957e-02,  Loss_bcs2: 2.758e-02,  loss_ics_u: 2.146e-01, Loss_ut_ics: 1.616e-03,, Time: 7.83
minmax ratio : 9.4899e+00
max_grad_bcs1: 1.354e-02 ,max_grad_bcs2: 2.003e-02 ,max_grad_ics: 1.638e-02 ,max_grad_res: 7.674e-03  
min_grad_bcs1: 9.829e-03 ,min_grad_bcs2: 7.523e-03 ,min_grad_ics: 6.815e-03 ,min_grad_res: 2.111e-03  
update_res: 4.110e-01
update_ics_u_t: 4.110e-01
update_bcs1: 4.110e-01
update_bcs2: 4.110e-01
adaptive_constant_res_val: 1.418e+01
adaptive_constant_ics_val: 9.379e+00
adaptive_constant_bcs1_val: 5.372e+00
adaptive_constant_bcs2_val: 1.039e+01
It: 1500, Loss: 3.160e+00, Loss_res: 1.443e-03,  Loss_bcs1: 7.000e-02,  Loss_bcs2: 2.574e-02,  loss_ics_u: 2.647e-01, Loss_ut_ics: 1.507e-03,, Time: 7.34
minmax ratio : 2.0179e+01
max_grad_bcs1: 1.529e-02 ,max_grad_bcs2: 1.913e-02 ,max_grad_ics: 2.861e-02 ,max_grad_res: 5.773e-03  
min_grad_bcs1: 1.120e-02 ,min_grad_bcs2: 7.101e-03 ,min_grad_ics: 1.287e-02 ,min_grad_res: 1.418e-03  
update_res: 3.370e-01
update_ics_u_t: 3.370e-01
update_bcs1: 3.370e-01
update_bcs2: 3.370e-01
adaptive_constant_res_val: 2.769e+01
adaptive_constant_ics_val: 1.512e+01
adaptive_constant_bcs1_val: 9.286e+00
adaptive_constant_bcs2_val: 1.832e+01
It: 1600, Loss: 4.420e+00, Loss_res: 1.450e-03,  Loss_bcs1: 6.768e-02,  Loss_bcs2: 2.004e-02,  loss_ics_u: 2.222e-01, Loss_ut_ics: 1.599e-03,, Time: 7.48
minmax ratio : 2.1313e+01
max_grad_bcs1: 1.567e-02 ,max_grad_bcs2: 1.614e-02 ,max_grad_ics: 2.398e-02 ,max_grad_res: 4.560e-03  
min_grad_bcs1: 1.167e-02 ,min_grad_bcs2: 6.047e-03 ,min_grad_ics: 1.070e-02 ,min_grad_res: 1.125e-03  
update_res: 3.833e-01
update_ics_u_t: 3.833e-01
update_bcs1: 3.833e-01
update_bcs2: 3.833e-01
adaptive_constant_res_val: 3.311e+01
adaptive_constant_ics_val: 1.830e+01
adaptive_constant_bcs1_val: 1.096e+01
adaptive_constant_bcs2_val: 2.180e+01
It: 1700, Loss: 4.778e+00, Loss_res: 1.696e-03,  Loss_bcs1: 6.639e-02,  Loss_bcs2: 1.813e-02,  loss_ics_u: 1.944e-01, Loss_ut_ics: 2.249e-03,, Time: 7.94
minmax ratio : 7.9921e+00
max_grad_bcs1: 1.532e-02 ,max_grad_bcs2: 1.613e-02 ,max_grad_ics: 2.187e-02 ,max_grad_res: 9.743e-03  
min_grad_bcs1: 1.202e-02 ,min_grad_bcs2: 6.389e-03 ,min_grad_ics: 1.021e-02 ,min_grad_res: 2.736e-03  
update_res: 3.755e-01
update_ics_u_t: 3.755e-01
update_bcs1: 3.755e-01
update_bcs2: 3.755e-01
adaptive_constant_res_val: 1.069e+01
adaptive_constant_ics_val: 6.428e+00
adaptive_constant_bcs1_val: 3.827e+00
adaptive_constant_bcs2_val: 7.578e+00
It: 1800, Loss: 1.645e+00, Loss_res: 1.758e-03,  Loss_bcs1: 6.895e-02,  Loss_bcs2: 1.741e-02,  loss_ics_u: 1.885e-01, Loss_ut_ics: 2.997e-03,, Time: 8.10
minmax ratio : 7.8801e+00
max_grad_bcs1: 1.598e-02 ,max_grad_bcs2: 1.550e-02 ,max_grad_ics: 1.728e-02 ,max_grad_res: 4.540e-03  
min_grad_bcs1: 1.255e-02 ,min_grad_bcs2: 6.121e-03 ,min_grad_ics: 7.671e-03 ,min_grad_res: 2.193e-03  
update_res: 3.669e-01
update_ics_u_t: 3.669e-01
update_bcs1: 3.669e-01
update_bcs2: 3.669e-01
adaptive_constant_res_val: 5.985e+00
adaptive_constant_ics_val: 6.514e+00
adaptive_constant_bcs1_val: 3.682e+00
adaptive_constant_bcs2_val: 7.324e+00
It: 1900, Loss: 1.754e+00, Loss_res: 1.901e-03,  Loss_bcs1: 6.366e-02,  Loss_bcs2: 1.543e-02,  loss_ics_u: 2.117e-01, Loss_ut_ics: 2.531e-03,, Time: 7.78
minmax ratio : 1.3013e+01
max_grad_bcs1: 1.492e-02 ,max_grad_bcs2: 1.441e-02 ,max_grad_ics: 2.687e-02 ,max_grad_res: 6.572e-03  
min_grad_bcs1: 1.185e-02 ,min_grad_bcs2: 5.668e-03 ,min_grad_ics: 1.260e-02 ,min_grad_res: 2.065e-03  
update_res: 3.645e-01
update_ics_u_t: 3.645e-01
update_bcs1: 3.645e-01
update_bcs2: 3.645e-01
adaptive_constant_res_val: 1.510e+01
adaptive_constant_ics_val: 1.012e+01
adaptive_constant_bcs1_val: 5.970e+00
adaptive_constant_bcs2_val: 1.206e+01
