It: 0, Loss: 1.464e+04, Loss_bcs: 1.016e+00, Loss_res: 1.413e+04 ,Time: 0.34
update_res: nan
update_bcs1: 0.000e+00
Gradients information stored ...
It: 100, Loss: 1.427e+04, Loss_bcs: 7.056e-01, Loss_res: 1.392e+04 ,Time: 0.00
update_res: nan
update_bcs1: 0.000e+00
Gradients information stored ...
It: 200, Loss: 1.396e+04, Loss_bcs: 4.879e-01, Loss_res: 1.372e+04 ,Time: 0.00
update_res: nan
update_bcs1: 0.000e+00
It: 300, Loss: 1.368e+04, Loss_bcs: 3.347e-01, Loss_res: 1.352e+04 ,Time: 0.00
update_res: nan
update_bcs1: 0.000e+00
It: 400, Loss: 1.343e+04, Loss_bcs: 2.270e-01, Loss_res: 1.332e+04 ,Time: 0.00
update_res: nan
update_bcs1: 0.000e+00
It: 500, Loss: 1.321e+04, Loss_bcs: 1.519e-01, Loss_res: 1.313e+04 ,Time: 0.00
update_res: nan
update_bcs1: 0.000e+00
It: 600, Loss: 1.299e+04, Loss_bcs: 1.003e-01, Loss_res: 1.294e+04 ,Time: 0.00
update_res: nan
update_bcs1: 0.000e+00
It: 700, Loss: 1.280e+04, Loss_bcs: 6.566e-02, Loss_res: 1.276e+04 ,Time: 0.00
update_res: nan
update_bcs1: 0.000e+00
It: 800, Loss: 1.261e+04, Loss_bcs: 4.310e-02, Loss_res: 1.259e+04 ,Time: 0.00
update_res: nan
update_bcs1: 0.000e+00
It: 900, Loss: 1.243e+04, Loss_bcs: 2.888e-02, Loss_res: 1.241e+04 ,Time: 0.00
update_res: nan
update_bcs1: 0.000e+00
It: 1000, Loss: 1.225e+04, Loss_bcs: 2.025e-02, Loss_res: 1.224e+04 ,Time: 0.00
update_res: nan
update_bcs1: 0.000e+00
Gradients information stored ...
It: 1100, Loss: 1.209e+04, Loss_bcs: 1.527e-02, Loss_res: 1.208e+04 ,Time: 0.00
update_res: nan
update_bcs1: 0.000e+00
It: 1200, Loss: 1.192e+04, Loss_bcs: 1.259e-02, Loss_res: 1.192e+04 ,Time: 0.00
update_res: nan
update_bcs1: 0.000e+00
It: 1300, Loss: 1.176e+04, Loss_bcs: 1.132e-02, Loss_res: 1.176e+04 ,Time: 0.00
update_res: nan
update_bcs1: 0.000e+00
It: 1400, Loss: 1.161e+04, Loss_bcs: 1.088e-02, Loss_res: 1.160e+04 ,Time: 0.00
update_res: nan
update_bcs1: 0.000e+00
It: 1500, Loss: 1.146e+04, Loss_bcs: 1.090e-02, Loss_res: 1.145e+04 ,Time: 0.00
update_res: nan
update_bcs1: 0.000e+00
It: 1600, Loss: 1.131e+04, Loss_bcs: 1.117e-02, Loss_res: 1.130e+04 ,Time: 0.00
update_res: nan
update_bcs1: 0.000e+00
It: 1700, Loss: 1.116e+04, Loss_bcs: 1.156e-02, Loss_res: 1.116e+04 ,Time: 0.00
update_res: nan
update_bcs1: 0.000e+00
It: 1800, Loss: 1.102e+04, Loss_bcs: 1.200e-02, Loss_res: 1.101e+04 ,Time: 0.00
update_res: nan
update_bcs1: 0.000e+00
It: 1900, Loss: 1.088e+04, Loss_bcs: 1.244e-02, Loss_res: 1.087e+04 ,Time: 0.00
update_res: nan
update_bcs1: 0.000e+00
It: 2000, Loss: 1.074e+04, Loss_bcs: 1.287e-02, Loss_res: 1.073e+04 ,Time: 0.00
update_res: nan
update_bcs1: 0.000e+00
It: 2100, Loss: 1.060e+04, Loss_bcs: 1.328e-02, Loss_res: 1.060e+04 ,Time: 0.00
update_res: nan
update_bcs1: 0.000e+00
It: 2200, Loss: 1.047e+04, Loss_bcs: 1.366e-02, Loss_res: 1.046e+04 ,Time: 0.00
update_res: nan
update_bcs1: 0.000e+00
It: 2300, Loss: 1.034e+04, Loss_bcs: 1.402e-02, Loss_res: 1.033e+04 ,Time: 0.00
update_res: nan
update_bcs1: 0.000e+00
It: 2400, Loss: 1.021e+04, Loss_bcs: 1.436e-02, Loss_res: 1.020e+04 ,Time: 0.00
update_res: nan
update_bcs1: 0.000e+00
It: 2500, Loss: 1.008e+04, Loss_bcs: 1.467e-02, Loss_res: 1.007e+04 ,Time: 0.00
update_res: nan
update_bcs1: 0.000e+00
It: 2600, Loss: 9.956e+03, Loss_bcs: 1.497e-02, Loss_res: 9.949e+03 ,Time: 0.00
update_res: nan
update_bcs1: 0.000e+00
It: 2700, Loss: 9.833e+03, Loss_bcs: 1.524e-02, Loss_res: 9.825e+03 ,Time: 0.01
update_res: nan
update_bcs1: 0.000e+00
It: 2800, Loss: 9.711e+03, Loss_bcs: 1.551e-02, Loss_res: 9.704e+03 ,Time: 0.00
update_res: nan
update_bcs1: 0.000e+00
It: 2900, Loss: 9.592e+03, Loss_bcs: 1.575e-02, Loss_res: 9.584e+03 ,Time: 0.00
update_res: nan
update_bcs1: 0.000e+00
It: 3000, Loss: 9.474e+03, Loss_bcs: 1.599e-02, Loss_res: 9.466e+03 ,Time: 0.00
update_res: nan
update_bcs1: 0.000e+00
It: 3100, Loss: 9.358e+03, Loss_bcs: 1.621e-02, Loss_res: 9.350e+03 ,Time: 0.00
update_res: nan
update_bcs1: 0.000e+00
It: 3200, Loss: 9.244e+03, Loss_bcs: 1.642e-02, Loss_res: 9.235e+03 ,Time: 0.00
update_res: nan
update_bcs1: 0.000e+00
It: 3300, Loss: 9.131e+03, Loss_bcs: 1.661e-02, Loss_res: 9.123e+03 ,Time: 0.00
update_res: nan
update_bcs1: 0.000e+00
It: 3400, Loss: 9.020e+03, Loss_bcs: 1.680e-02, Loss_res: 9.012e+03 ,Time: 0.00
update_res: nan
update_bcs1: 0.000e+00
It: 3500, Loss: 8.911e+03, Loss_bcs: 1.697e-02, Loss_res: 8.902e+03 ,Time: 0.00
update_res: nan
update_bcs1: 0.000e+00
It: 3600, Loss: 8.803e+03, Loss_bcs: 1.714e-02, Loss_res: 8.795e+03 ,Time: 0.00
update_res: nan
update_bcs1: 0.000e+00
It: 3700, Loss: 8.697e+03, Loss_bcs: 1.730e-02, Loss_res: 8.689e+03 ,Time: 0.00
update_res: nan
update_bcs1: 0.000e+00
It: 3800, Loss: 8.593e+03, Loss_bcs: 1.745e-02, Loss_res: 8.584e+03 ,Time: 0.00
update_res: nan
update_bcs1: 0.000e+00
It: 3900, Loss: 8.490e+03, Loss_bcs: 1.759e-02, Loss_res: 8.481e+03 ,Time: 0.00
update_res: nan
update_bcs1: 0.000e+00
It: 4000, Loss: 8.388e+03, Loss_bcs: 1.773e-02, Loss_res: 8.380e+03 ,Time: 0.00
update_res: nan
update_bcs1: 0.000e+00
It: 4100, Loss: 8.288e+03, Loss_bcs: 1.786e-02, Loss_res: 8.280e+03 ,Time: 0.00
update_res: nan
update_bcs1: 0.000e+00
It: 4200, Loss: 8.190e+03, Loss_bcs: 1.799e-02, Loss_res: 8.181e+03 ,Time: 0.00
update_res: nan
update_bcs1: 0.000e+00
It: 4300, Loss: 8.093e+03, Loss_bcs: 1.811e-02, Loss_res: 8.084e+03 ,Time: 0.01
update_res: nan
update_bcs1: 0.000e+00
It: 4400, Loss: 7.998e+03, Loss_bcs: 1.823e-02, Loss_res: 7.988e+03 ,Time: 0.00
update_res: nan
update_bcs1: 0.000e+00
It: 4500, Loss: 7.903e+03, Loss_bcs: 1.834e-02, Loss_res: 7.894e+03 ,Time: 0.00
update_res: nan
update_bcs1: 0.000e+00
It: 4600, Loss: 7.811e+03, Loss_bcs: 1.845e-02, Loss_res: 7.801e+03 ,Time: 0.00
update_res: nan
update_bcs1: 0.000e+00
It: 4700, Loss: 7.719e+03, Loss_bcs: 1.856e-02, Loss_res: 7.710e+03 ,Time: 0.00
update_res: nan
update_bcs1: 0.000e+00
It: 4800, Loss: 7.629e+03, Loss_bcs: 1.866e-02, Loss_res: 7.620e+03 ,Time: 0.00
update_res: nan
update_bcs1: 0.000e+00
It: 4900, Loss: 7.540e+03, Loss_bcs: 1.875e-02, Loss_res: 7.531e+03 ,Time: 0.00
update_res: nan
update_bcs1: 0.000e+00
It: 5000, Loss: 7.453e+03, Loss_bcs: 1.884e-02, Loss_res: 7.444e+03 ,Time: 0.00
update_res: nan
update_bcs1: 0.000e+00
It: 5100, Loss: 7.367e+03, Loss_bcs: 1.893e-02, Loss_res: 7.357e+03 ,Time: 0.00
update_res: nan
update_bcs1: 0.000e+00
It: 5200, Loss: 7.282e+03, Loss_bcs: 1.901e-02, Loss_res: 7.273e+03 ,Time: 0.00
update_res: nan
update_bcs1: 0.000e+00
It: 5300, Loss: 7.198e+03, Loss_bcs: 1.908e-02, Loss_res: 7.189e+03 ,Time: 0.00
update_res: nan
update_bcs1: 0.000e+00
It: 5400, Loss: 7.116e+03, Loss_bcs: 1.915e-02, Loss_res: 7.106e+03 ,Time: 0.02
update_res: nan
update_bcs1: 0.000e+00
It: 5500, Loss: 7.035e+03, Loss_bcs: 1.921e-02, Loss_res: 7.025e+03 ,Time: 0.00
update_res: nan
update_bcs1: 0.000e+00
It: 5600, Loss: 6.955e+03, Loss_bcs: 1.927e-02, Loss_res: 6.945e+03 ,Time: 0.00
update_res: nan
update_bcs1: 0.000e+00
It: 5700, Loss: 6.876e+03, Loss_bcs: 1.933e-02, Loss_res: 6.866e+03 ,Time: 0.00
update_res: nan
update_bcs1: 0.000e+00
It: 5800, Loss: 6.799e+03, Loss_bcs: 1.938e-02, Loss_res: 6.789e+03 ,Time: 0.00
update_res: nan
update_bcs1: 0.000e+00
It: 5900, Loss: 6.722e+03, Loss_bcs: 1.942e-02, Loss_res: 6.712e+03 ,Time: 0.00
update_res: nan
update_bcs1: 0.000e+00
It: 6000, Loss: 6.647e+03, Loss_bcs: 1.947e-02, Loss_res: 6.637e+03 ,Time: 0.00
update_res: nan
update_bcs1: 0.000e+00
It: 6100, Loss: 6.573e+03, Loss_bcs: 1.950e-02, Loss_res: 6.563e+03 ,Time: 0.00
update_res: nan
update_bcs1: 0.000e+00
It: 6200, Loss: 6.500e+03, Loss_bcs: 1.954e-02, Loss_res: 6.490e+03 ,Time: 0.00
update_res: nan
update_bcs1: 0.000e+00
It: 6300, Loss: 6.428e+03, Loss_bcs: 1.957e-02, Loss_res: 6.418e+03 ,Time: 0.00
update_res: nan
update_bcs1: 0.000e+00
It: 6400, Loss: 6.357e+03, Loss_bcs: 1.960e-02, Loss_res: 6.347e+03 ,Time: 0.00
update_res: nan
update_bcs1: 0.000e+00
It: 6500, Loss: 6.287e+03, Loss_bcs: 1.963e-02, Loss_res: 6.277e+03 ,Time: 0.00
update_res: nan
update_bcs1: 0.000e+00
It: 6600, Loss: 6.218e+03, Loss_bcs: 1.965e-02, Loss_res: 6.209e+03 ,Time: 0.00
update_res: nan
update_bcs1: 0.000e+00
It: 6700, Loss: 6.151e+03, Loss_bcs: 1.968e-02, Loss_res: 6.141e+03 ,Time: 0.00
update_res: nan
update_bcs1: 0.000e+00
It: 6800, Loss: 6.084e+03, Loss_bcs: 1.970e-02, Loss_res: 6.074e+03 ,Time: 0.00
update_res: nan
update_bcs1: 0.000e+00
It: 6900, Loss: 6.018e+03, Loss_bcs: 1.972e-02, Loss_res: 6.009e+03 ,Time: 0.00
update_res: nan
update_bcs1: 0.000e+00
It: 7000, Loss: 5.954e+03, Loss_bcs: 1.974e-02, Loss_res: 5.944e+03 ,Time: 0.00
update_res: nan
update_bcs1: 0.000e+00
It: 7100, Loss: 5.890e+03, Loss_bcs: 1.976e-02, Loss_res: 5.880e+03 ,Time: 0.00
update_res: nan
update_bcs1: 0.000e+00
It: 7200, Loss: 5.827e+03, Loss_bcs: 1.978e-02, Loss_res: 5.818e+03 ,Time: 0.01
update_res: nan
update_bcs1: 0.000e+00
It: 7300, Loss: 5.766e+03, Loss_bcs: 1.980e-02, Loss_res: 5.756e+03 ,Time: 0.00
update_res: nan
update_bcs1: 0.000e+00
It: 7400, Loss: 5.705e+03, Loss_bcs: 1.982e-02, Loss_res: 5.695e+03 ,Time: 0.00
update_res: nan
update_bcs1: 0.000e+00
It: 7500, Loss: 5.645e+03, Loss_bcs: 1.984e-02, Loss_res: 5.635e+03 ,Time: 0.00
update_res: nan
update_bcs1: 0.000e+00
It: 7600, Loss: 5.586e+03, Loss_bcs: 1.986e-02, Loss_res: 5.576e+03 ,Time: 0.00
update_res: nan
update_bcs1: 0.000e+00
It: 7700, Loss: 5.528e+03, Loss_bcs: 1.987e-02, Loss_res: 5.518e+03 ,Time: 0.00
update_res: nan
update_bcs1: 0.000e+00
It: 7800, Loss: 5.471e+03, Loss_bcs: 1.989e-02, Loss_res: 5.461e+03 ,Time: 0.00
update_res: nan
update_bcs1: 0.000e+00
It: 7900, Loss: 5.415e+03, Loss_bcs: 1.991e-02, Loss_res: 5.405e+03 ,Time: 0.00
update_res: nan
update_bcs1: 0.000e+00
It: 8000, Loss: 5.359e+03, Loss_bcs: 1.993e-02, Loss_res: 5.349e+03 ,Time: 0.00
update_res: nan
update_bcs1: 0.000e+00
It: 8100, Loss: 5.304e+03, Loss_bcs: 1.995e-02, Loss_res: 5.294e+03 ,Time: 0.00
update_res: nan
update_bcs1: 0.000e+00
It: 8200, Loss: 5.251e+03, Loss_bcs: 1.997e-02, Loss_res: 5.241e+03 ,Time: 0.00
update_res: nan
update_bcs1: 0.000e+00
It: 8300, Loss: 5.198e+03, Loss_bcs: 1.998e-02, Loss_res: 5.188e+03 ,Time: 0.00
update_res: nan
update_bcs1: 0.000e+00
It: 8400, Loss: 5.146e+03, Loss_bcs: 2.000e-02, Loss_res: 5.136e+03 ,Time: 0.00
update_res: nan
update_bcs1: 0.000e+00
It: 8500, Loss: 5.094e+03, Loss_bcs: 2.001e-02, Loss_res: 5.084e+03 ,Time: 0.00
update_res: nan
update_bcs1: 0.000e+00
It: 8600, Loss: 5.044e+03, Loss_bcs: 2.003e-02, Loss_res: 5.034e+03 ,Time: 0.00
update_res: nan
update_bcs1: 0.000e+00
It: 8700, Loss: 4.994e+03, Loss_bcs: 2.004e-02, Loss_res: 4.984e+03 ,Time: 0.00
update_res: nan
update_bcs1: 0.000e+00
It: 8800, Loss: 4.945e+03, Loss_bcs: 2.005e-02, Loss_res: 4.935e+03 ,Time: 0.00
update_res: nan
update_bcs1: 0.000e+00
It: 8900, Loss: 4.896e+03, Loss_bcs: 2.006e-02, Loss_res: 4.886e+03 ,Time: 0.00
update_res: nan
update_bcs1: 0.000e+00
It: 9000, Loss: 4.849e+03, Loss_bcs: 2.007e-02, Loss_res: 4.839e+03 ,Time: 0.00
update_res: nan
update_bcs1: 0.000e+00
It: 9100, Loss: 4.802e+03, Loss_bcs: 2.007e-02, Loss_res: 4.792e+03 ,Time: 0.00
update_res: nan
update_bcs1: 0.000e+00
It: 9200, Loss: 4.756e+03, Loss_bcs: 2.008e-02, Loss_res: 4.746e+03 ,Time: 0.00
update_res: nan
update_bcs1: 0.000e+00
It: 9300, Loss: 4.710e+03, Loss_bcs: 2.008e-02, Loss_res: 4.700e+03 ,Time: 0.00
update_res: nan
update_bcs1: 0.000e+00
It: 9400, Loss: 4.666e+03, Loss_bcs: 2.008e-02, Loss_res: 4.655e+03 ,Time: 0.00
update_res: nan
update_bcs1: 0.000e+00
It: 9500, Loss: 4.621e+03, Loss_bcs: 2.008e-02, Loss_res: 4.611e+03 ,Time: 0.00
update_res: nan
update_bcs1: 0.000e+00
It: 9600, Loss: 4.578e+03, Loss_bcs: 2.008e-02, Loss_res: 4.568e+03 ,Time: 0.04
update_res: nan
update_bcs1: 0.000e+00
It: 9700, Loss: 4.535e+03, Loss_bcs: 2.007e-02, Loss_res: 4.525e+03 ,Time: 0.00
update_res: nan
update_bcs1: 0.000e+00
It: 9800, Loss: 4.493e+03, Loss_bcs: 2.007e-02, Loss_res: 4.483e+03 ,Time: 0.00
update_res: nan
update_bcs1: 0.000e+00
It: 9900, Loss: 4.452e+03, Loss_bcs: 2.006e-02, Loss_res: 4.442e+03 ,Time: 0.00
update_res: nan
update_bcs1: 0.000e+00
It: 10000, Loss: 4.411e+03, Loss_bcs: 2.005e-02, Loss_res: 4.401e+03 ,Time: 0.00
update_res: nan
update_bcs1: 0.000e+00
It: 10100, Loss: 4.371e+03, Loss_bcs: 2.004e-02, Loss_res: 4.361e+03 ,Time: 0.00
update_res: nan
update_bcs1: 0.000e+00
It: 10200, Loss: 4.331e+03, Loss_bcs: 2.003e-02, Loss_res: 4.321e+03 ,Time: 0.00
update_res: nan
update_bcs1: 0.000e+00
It: 10300, Loss: 4.292e+03, Loss_bcs: 2.001e-02, Loss_res: 4.282e+03 ,Time: 0.00
update_res: nan
update_bcs1: 0.000e+00
It: 10400, Loss: 4.253e+03, Loss_bcs: 2.000e-02, Loss_res: 4.243e+03 ,Time: 0.00
update_res: nan
update_bcs1: 0.000e+00
It: 10500, Loss: 4.216e+03, Loss_bcs: 1.998e-02, Loss_res: 4.206e+03 ,Time: 0.00
update_res: nan
update_bcs1: 0.000e+00
It: 10600, Loss: 4.178e+03, Loss_bcs: 1.996e-02, Loss_res: 4.168e+03 ,Time: 0.00
update_res: nan
update_bcs1: 0.000e+00
It: 10700, Loss: 4.141e+03, Loss_bcs: 1.994e-02, Loss_res: 4.131e+03 ,Time: 0.00
update_res: nan
update_bcs1: 0.000e+00
It: 10800, Loss: 4.105e+03, Loss_bcs: 1.992e-02, Loss_res: 4.095e+03 ,Time: 0.00
update_res: nan
update_bcs1: 0.000e+00
It: 10900, Loss: 4.070e+03, Loss_bcs: 1.990e-02, Loss_res: 4.060e+03 ,Time: 0.00
update_res: nan
update_bcs1: 0.000e+00
It: 11000, Loss: 4.034e+03, Loss_bcs: 1.987e-02, Loss_res: 4.024e+03 ,Time: 0.00
update_res: nan
update_bcs1: 0.000e+00
It: 11100, Loss: 4.000e+03, Loss_bcs: 1.985e-02, Loss_res: 3.990e+03 ,Time: 0.00
update_res: nan
update_bcs1: 0.000e+00
It: 11200, Loss: 3.966e+03, Loss_bcs: 1.982e-02, Loss_res: 3.956e+03 ,Time: 0.00
update_res: nan
update_bcs1: 0.000e+00
It: 11300, Loss: 3.932e+03, Loss_bcs: 1.979e-02, Loss_res: 3.922e+03 ,Time: 0.00
update_res: nan
update_bcs1: 0.000e+00
It: 11400, Loss: 3.899e+03, Loss_bcs: 1.976e-02, Loss_res: 3.889e+03 ,Time: 0.00
update_res: nan
update_bcs1: 0.000e+00
It: 11500, Loss: 3.866e+03, Loss_bcs: 1.973e-02, Loss_res: 3.856e+03 ,Time: 0.00
update_res: nan
update_bcs1: 0.000e+00
It: 11600, Loss: 3.834e+03, Loss_bcs: 1.970e-02, Loss_res: 3.824e+03 ,Time: 0.00
update_res: nan
update_bcs1: 0.000e+00
It: 11700, Loss: 3.802e+03, Loss_bcs: 1.967e-02, Loss_res: 3.793e+03 ,Time: 0.00
update_res: nan
update_bcs1: 0.000e+00
It: 11800, Loss: 3.771e+03, Loss_bcs: 1.964e-02, Loss_res: 3.761e+03 ,Time: 0.00
update_res: nan
update_bcs1: 0.000e+00
It: 11900, Loss: 3.740e+03, Loss_bcs: 1.961e-02, Loss_res: 3.731e+03 ,Time: 0.00
update_res: nan
update_bcs1: 0.000e+00
It: 12000, Loss: 3.710e+03, Loss_bcs: 1.957e-02, Loss_res: 3.700e+03 ,Time: 0.00
update_res: nan
update_bcs1: 0.000e+00
It: 12100, Loss: 3.680e+03, Loss_bcs: 1.954e-02, Loss_res: 3.671e+03 ,Time: 0.00
update_res: nan
update_bcs1: 0.000e+00
It: 12200, Loss: 3.651e+03, Loss_bcs: 1.951e-02, Loss_res: 3.641e+03 ,Time: 0.00
update_res: nan
update_bcs1: 0.000e+00
It: 12300, Loss: 3.622e+03, Loss_bcs: 1.948e-02, Loss_res: 3.612e+03 ,Time: 0.00
update_res: nan
update_bcs1: 0.000e+00
It: 12400, Loss: 3.593e+03, Loss_bcs: 1.945e-02, Loss_res: 3.584e+03 ,Time: 0.00
update_res: nan
update_bcs1: 0.000e+00
It: 12500, Loss: 3.565e+03, Loss_bcs: 1.942e-02, Loss_res: 3.555e+03 ,Time: 0.00
update_res: nan
update_bcs1: 0.000e+00
It: 12600, Loss: 3.537e+03, Loss_bcs: 1.938e-02, Loss_res: 3.528e+03 ,Time: 0.00
update_res: nan
update_bcs1: 0.000e+00
It: 12700, Loss: 3.510e+03, Loss_bcs: 1.935e-02, Loss_res: 3.500e+03 ,Time: 0.00
update_res: nan
update_bcs1: 0.000e+00
It: 12800, Loss: 3.483e+03, Loss_bcs: 1.932e-02, Loss_res: 3.473e+03 ,Time: 0.00
update_res: nan
update_bcs1: 0.000e+00
It: 12900, Loss: 3.457e+03, Loss_bcs: 1.929e-02, Loss_res: 3.447e+03 ,Time: 0.00
update_res: nan
update_bcs1: 0.000e+00
It: 13000, Loss: 3.430e+03, Loss_bcs: 1.925e-02, Loss_res: 3.421e+03 ,Time: 0.00
update_res: nan
update_bcs1: 0.000e+00
It: 13100, Loss: 3.405e+03, Loss_bcs: 1.922e-02, Loss_res: 3.395e+03 ,Time: 0.00
update_res: nan
update_bcs1: 0.000e+00
It: 13200, Loss: 3.379e+03, Loss_bcs: 1.919e-02, Loss_res: 3.370e+03 ,Time: 0.00
update_res: nan
update_bcs1: 0.000e+00
It: 13300, Loss: 3.354e+03, Loss_bcs: 1.916e-02, Loss_res: 3.345e+03 ,Time: 0.00
update_res: nan
update_bcs1: 0.000e+00
It: 13400, Loss: 3.329e+03, Loss_bcs: 1.912e-02, Loss_res: 3.320e+03 ,Time: 0.00
update_res: nan
update_bcs1: 0.000e+00
It: 13500, Loss: 3.305e+03, Loss_bcs: 1.909e-02, Loss_res: 3.296e+03 ,Time: 0.00
update_res: nan
update_bcs1: 0.000e+00
It: 13600, Loss: 3.281e+03, Loss_bcs: 1.906e-02, Loss_res: 3.272e+03 ,Time: 0.00
update_res: nan
update_bcs1: 0.000e+00
It: 13700, Loss: 3.257e+03, Loss_bcs: 1.903e-02, Loss_res: 3.248e+03 ,Time: 0.00
update_res: nan
update_bcs1: 0.000e+00
It: 13800, Loss: 3.234e+03, Loss_bcs: 1.899e-02, Loss_res: 3.225e+03 ,Time: 0.00
update_res: nan
update_bcs1: 0.000e+00
It: 13900, Loss: 3.211e+03, Loss_bcs: 1.896e-02, Loss_res: 3.202e+03 ,Time: 0.00
update_res: nan
update_bcs1: 0.000e+00
It: 14000, Loss: 3.188e+03, Loss_bcs: 1.893e-02, Loss_res: 3.179e+03 ,Time: 0.00
update_res: nan
update_bcs1: 0.000e+00
It: 14100, Loss: 3.166e+03, Loss_bcs: 1.890e-02, Loss_res: 3.157e+03 ,Time: 0.00
update_res: nan
update_bcs1: 0.000e+00
It: 14200, Loss: 3.144e+03, Loss_bcs: 1.887e-02, Loss_res: 3.135e+03 ,Time: 0.00
update_res: nan
update_bcs1: 0.000e+00
It: 14300, Loss: 3.122e+03, Loss_bcs: 1.884e-02, Loss_res: 3.113e+03 ,Time: 0.00
update_res: nan
update_bcs1: 0.000e+00
It: 14400, Loss: 3.101e+03, Loss_bcs: 1.880e-02, Loss_res: 3.092e+03 ,Time: 0.00
update_res: nan
update_bcs1: 0.000e+00
It: 14500, Loss: 3.080e+03, Loss_bcs: 1.877e-02, Loss_res: 3.071e+03 ,Time: 0.00
update_res: nan
update_bcs1: 0.000e+00
It: 14600, Loss: 3.059e+03, Loss_bcs: 1.874e-02, Loss_res: 3.050e+03 ,Time: 0.00
update_res: nan
update_bcs1: 0.000e+00
It: 14700, Loss: 3.039e+03, Loss_bcs: 1.871e-02, Loss_res: 3.029e+03 ,Time: 0.00
update_res: nan
update_bcs1: 0.000e+00
It: 14800, Loss: 3.019e+03, Loss_bcs: 1.868e-02, Loss_res: 3.009e+03 ,Time: 0.00
update_res: nan
update_bcs1: 0.000e+00
It: 14900, Loss: 2.999e+03, Loss_bcs: 1.865e-02, Loss_res: 2.989e+03 ,Time: 0.00
update_res: nan
update_bcs1: 0.000e+00
It: 15000, Loss: 2.979e+03, Loss_bcs: 1.862e-02, Loss_res: 2.970e+03 ,Time: 0.00
update_res: nan
update_bcs1: 0.000e+00
It: 15100, Loss: 2.960e+03, Loss_bcs: 1.859e-02, Loss_res: 2.950e+03 ,Time: 0.00
update_res: nan
update_bcs1: 0.000e+00
It: 15200, Loss: 2.941e+03, Loss_bcs: 1.856e-02, Loss_res: 2.931e+03 ,Time: 0.00
update_res: nan
update_bcs1: 0.000e+00
It: 15300, Loss: 2.922e+03, Loss_bcs: 1.853e-02, Loss_res: 2.913e+03 ,Time: 0.00
update_res: nan
update_bcs1: 0.000e+00
It: 15400, Loss: 2.903e+03, Loss_bcs: 1.849e-02, Loss_res: 2.894e+03 ,Time: 0.00
update_res: nan
update_bcs1: 0.000e+00
It: 15500, Loss: 2.885e+03, Loss_bcs: 1.846e-02, Loss_res: 2.876e+03 ,Time: 0.00
update_res: nan
update_bcs1: 0.000e+00
It: 15600, Loss: 2.867e+03, Loss_bcs: 1.843e-02, Loss_res: 2.858e+03 ,Time: 0.00
update_res: nan
update_bcs1: 0.000e+00
It: 15700, Loss: 2.849e+03, Loss_bcs: 1.840e-02, Loss_res: 2.840e+03 ,Time: 0.00
update_res: nan
update_bcs1: 0.000e+00
It: 15800, Loss: 2.832e+03, Loss_bcs: 1.837e-02, Loss_res: 2.822e+03 ,Time: 0.00
update_res: nan
update_bcs1: 0.000e+00
It: 15900, Loss: 2.814e+03, Loss_bcs: 1.834e-02, Loss_res: 2.805e+03 ,Time: 0.00
update_res: nan
update_bcs1: 0.000e+00
It: 16000, Loss: 2.797e+03, Loss_bcs: 1.831e-02, Loss_res: 2.788e+03 ,Time: 0.00
update_res: nan
update_bcs1: 0.000e+00
It: 16100, Loss: 2.781e+03, Loss_bcs: 1.828e-02, Loss_res: 2.771e+03 ,Time: 0.00
update_res: nan
update_bcs1: 0.000e+00
It: 16200, Loss: 2.764e+03, Loss_bcs: 1.826e-02, Loss_res: 2.755e+03 ,Time: 0.00
update_res: nan
update_bcs1: 0.000e+00
It: 16300, Loss: 2.748e+03, Loss_bcs: 1.823e-02, Loss_res: 2.739e+03 ,Time: 0.00
update_res: nan
update_bcs1: 0.000e+00
It: 16400, Loss: 2.731e+03, Loss_bcs: 1.820e-02, Loss_res: 2.722e+03 ,Time: 0.00
update_res: nan
update_bcs1: 0.000e+00
It: 16500, Loss: 2.716e+03, Loss_bcs: 1.817e-02, Loss_res: 2.707e+03 ,Time: 0.00
update_res: nan
update_bcs1: 0.000e+00
It: 16600, Loss: 2.700e+03, Loss_bcs: 1.814e-02, Loss_res: 2.691e+03 ,Time: 0.00
update_res: nan
update_bcs1: 0.000e+00
It: 16700, Loss: 2.684e+03, Loss_bcs: 1.811e-02, Loss_res: 2.675e+03 ,Time: 0.00
update_res: nan
update_bcs1: 0.000e+00
It: 16800, Loss: 2.669e+03, Loss_bcs: 1.808e-02, Loss_res: 2.660e+03 ,Time: 0.00
update_res: nan
update_bcs1: 0.000e+00
It: 16900, Loss: 2.654e+03, Loss_bcs: 1.805e-02, Loss_res: 2.645e+03 ,Time: 0.00
update_res: nan
update_bcs1: 0.000e+00
It: 17000, Loss: 2.639e+03, Loss_bcs: 1.802e-02, Loss_res: 2.630e+03 ,Time: 0.00
update_res: nan
update_bcs1: 0.000e+00
It: 17100, Loss: 2.625e+03, Loss_bcs: 1.799e-02, Loss_res: 2.616e+03 ,Time: 0.00
update_res: nan
update_bcs1: 0.000e+00
It: 17200, Loss: 2.610e+03, Loss_bcs: 1.796e-02, Loss_res: 2.601e+03 ,Time: 0.00
update_res: nan
update_bcs1: 0.000e+00
It: 17300, Loss: 2.596e+03, Loss_bcs: 1.793e-02, Loss_res: 2.587e+03 ,Time: 0.00
update_res: nan
update_bcs1: 0.000e+00
It: 17400, Loss: 2.582e+03, Loss_bcs: 1.791e-02, Loss_res: 2.573e+03 ,Time: 0.00
update_res: nan
update_bcs1: 0.000e+00
It: 17500, Loss: 2.568e+03, Loss_bcs: 1.788e-02, Loss_res: 2.559e+03 ,Time: 0.00
update_res: nan
update_bcs1: 0.000e+00
It: 17600, Loss: 2.554e+03, Loss_bcs: 1.785e-02, Loss_res: 2.546e+03 ,Time: 0.00
update_res: nan
update_bcs1: 0.000e+00
It: 17700, Loss: 2.541e+03, Loss_bcs: 1.783e-02, Loss_res: 2.532e+03 ,Time: 0.00
update_res: nan
update_bcs1: 0.000e+00
It: 17800, Loss: 2.528e+03, Loss_bcs: 1.780e-02, Loss_res: 2.519e+03 ,Time: 0.00
update_res: nan
update_bcs1: 0.000e+00
It: 17900, Loss: 2.515e+03, Loss_bcs: 1.778e-02, Loss_res: 2.506e+03 ,Time: 0.00
update_res: nan
update_bcs1: 0.000e+00
It: 18000, Loss: 2.502e+03, Loss_bcs: 1.775e-02, Loss_res: 2.493e+03 ,Time: 0.00
update_res: nan
update_bcs1: 0.000e+00
It: 18100, Loss: 2.489e+03, Loss_bcs: 1.772e-02, Loss_res: 2.480e+03 ,Time: 0.00
update_res: nan
update_bcs1: 0.000e+00
It: 18200, Loss: 2.476e+03, Loss_bcs: 1.770e-02, Loss_res: 2.467e+03 ,Time: 0.00
update_res: nan
update_bcs1: 0.000e+00
It: 18300, Loss: 2.464e+03, Loss_bcs: 1.767e-02, Loss_res: 2.455e+03 ,Time: 0.00
update_res: nan
update_bcs1: 0.000e+00
It: 18400, Loss: 2.452e+03, Loss_bcs: 1.765e-02, Loss_res: 2.443e+03 ,Time: 0.00
update_res: nan
update_bcs1: 0.000e+00
It: 18500, Loss: 2.439e+03, Loss_bcs: 1.763e-02, Loss_res: 2.431e+03 ,Time: 0.00
update_res: nan
update_bcs1: 0.000e+00
It: 18600, Loss: 2.427e+03, Loss_bcs: 1.760e-02, Loss_res: 2.419e+03 ,Time: 0.00
update_res: nan
update_bcs1: 0.000e+00
It: 18700, Loss: 2.416e+03, Loss_bcs: 1.758e-02, Loss_res: 2.407e+03 ,Time: 0.00
update_res: nan
update_bcs1: 0.000e+00
It: 18800, Loss: 2.404e+03, Loss_bcs: 1.755e-02, Loss_res: 2.395e+03 ,Time: 0.00
update_res: nan
update_bcs1: 0.000e+00
It: 18900, Loss: 2.393e+03, Loss_bcs: 1.753e-02, Loss_res: 2.384e+03 ,Time: 0.03
update_res: nan
update_bcs1: 0.000e+00
It: 19000, Loss: 2.381e+03, Loss_bcs: 1.750e-02, Loss_res: 2.373e+03 ,Time: 0.00
update_res: nan
update_bcs1: 0.000e+00
It: 19100, Loss: 2.370e+03, Loss_bcs: 1.748e-02, Loss_res: 2.361e+03 ,Time: 0.00
update_res: nan
update_bcs1: 0.000e+00
It: 19200, Loss: 2.359e+03, Loss_bcs: 1.745e-02, Loss_res: 2.350e+03 ,Time: 0.00
update_res: nan
update_bcs1: 0.000e+00
It: 19300, Loss: 2.348e+03, Loss_bcs: 1.743e-02, Loss_res: 2.340e+03 ,Time: 0.00
update_res: nan
update_bcs1: 0.000e+00
It: 19400, Loss: 2.337e+03, Loss_bcs: 1.740e-02, Loss_res: 2.329e+03 ,Time: 0.00
update_res: nan
update_bcs1: 0.000e+00
It: 19500, Loss: 2.327e+03, Loss_bcs: 1.737e-02, Loss_res: 2.318e+03 ,Time: 0.00
update_res: nan
update_bcs1: 0.000e+00
It: 19600, Loss: 2.316e+03, Loss_bcs: 1.735e-02, Loss_res: 2.308e+03 ,Time: 0.00
update_res: nan
update_bcs1: 0.000e+00
It: 19700, Loss: 2.306e+03, Loss_bcs: 1.732e-02, Loss_res: 2.298e+03 ,Time: 0.00
update_res: nan
update_bcs1: 0.000e+00
It: 19800, Loss: 2.296e+03, Loss_bcs: 1.729e-02, Loss_res: 2.287e+03 ,Time: 0.00
update_res: nan
update_bcs1: 0.000e+00
It: 19900, Loss: 2.286e+03, Loss_bcs: 1.726e-02, Loss_res: 2.277e+03 ,Time: 0.00
update_res: nan
update_bcs1: 0.000e+00
It: 20000, Loss: 2.276e+03, Loss_bcs: 1.724e-02, Loss_res: 2.267e+03 ,Time: 0.00
update_res: nan
update_bcs1: 0.000e+00
It: 20100, Loss: 2.266e+03, Loss_bcs: 1.721e-02, Loss_res: 2.258e+03 ,Time: 0.00
update_res: nan
update_bcs1: 0.000e+00
It: 20200, Loss: 2.257e+03, Loss_bcs: 1.718e-02, Loss_res: 2.248e+03 ,Time: 0.00
update_res: nan
update_bcs1: 0.000e+00
It: 20300, Loss: 2.247e+03, Loss_bcs: 1.715e-02, Loss_res: 2.238e+03 ,Time: 0.00
update_res: nan
update_bcs1: 0.000e+00
It: 20400, Loss: 2.238e+03, Loss_bcs: 1.713e-02, Loss_res: 2.229e+03 ,Time: 0.00
update_res: nan
update_bcs1: 0.000e+00
It: 20500, Loss: 2.228e+03, Loss_bcs: 1.710e-02, Loss_res: 2.220e+03 ,Time: 0.00
update_res: nan
update_bcs1: 0.000e+00
It: 20600, Loss: 2.219e+03, Loss_bcs: 1.707e-02, Loss_res: 2.211e+03 ,Time: 0.00
update_res: nan
update_bcs1: 0.000e+00
It: 20700, Loss: 2.210e+03, Loss_bcs: 1.704e-02, Loss_res: 2.202e+03 ,Time: 0.00
update_res: nan
update_bcs1: 0.000e+00
It: 20800, Loss: 2.201e+03, Loss_bcs: 1.701e-02, Loss_res: 2.193e+03 ,Time: 0.00
update_res: nan
update_bcs1: 0.000e+00
It: 20900, Loss: 2.192e+03, Loss_bcs: 1.699e-02, Loss_res: 2.184e+03 ,Time: 0.00
update_res: nan
update_bcs1: 0.000e+00
It: 21000, Loss: 2.184e+03, Loss_bcs: 1.696e-02, Loss_res: 2.175e+03 ,Time: 0.00
update_res: nan
update_bcs1: 0.000e+00
It: 21100, Loss: 2.175e+03, Loss_bcs: 1.694e-02, Loss_res: 2.167e+03 ,Time: 0.00
update_res: nan
update_bcs1: 0.000e+00
It: 21200, Loss: 2.167e+03, Loss_bcs: 1.691e-02, Loss_res: 2.158e+03 ,Time: 0.00
update_res: nan
update_bcs1: 0.000e+00
It: 21300, Loss: 2.158e+03, Loss_bcs: 1.689e-02, Loss_res: 2.150e+03 ,Time: 0.00
update_res: nan
update_bcs1: 0.000e+00
It: 21400, Loss: 2.150e+03, Loss_bcs: 1.686e-02, Loss_res: 2.142e+03 ,Time: 0.00
update_res: nan
update_bcs1: 0.000e+00
It: 21500, Loss: 2.142e+03, Loss_bcs: 1.684e-02, Loss_res: 2.133e+03 ,Time: 0.00
update_res: nan
update_bcs1: 0.000e+00
It: 21600, Loss: 2.134e+03, Loss_bcs: 1.681e-02, Loss_res: 2.125e+03 ,Time: 0.00
update_res: nan
update_bcs1: 0.000e+00
It: 21700, Loss: 2.126e+03, Loss_bcs: 1.679e-02, Loss_res: 2.118e+03 ,Time: 0.00
update_res: nan
update_bcs1: 0.000e+00
It: 21800, Loss: 2.118e+03, Loss_bcs: 1.676e-02, Loss_res: 2.110e+03 ,Time: 0.00
update_res: nan
update_bcs1: 0.000e+00
It: 21900, Loss: 2.110e+03, Loss_bcs: 1.674e-02, Loss_res: 2.102e+03 ,Time: 0.00
update_res: nan
update_bcs1: 0.000e+00
It: 22000, Loss: 2.103e+03, Loss_bcs: 1.671e-02, Loss_res: 2.094e+03 ,Time: 0.00
update_res: nan
update_bcs1: 0.000e+00
It: 22100, Loss: 2.095e+03, Loss_bcs: 1.669e-02, Loss_res: 2.087e+03 ,Time: 0.00
update_res: nan
update_bcs1: 0.000e+00
It: 22200, Loss: 2.088e+03, Loss_bcs: 1.667e-02, Loss_res: 2.079e+03 ,Time: 0.00
update_res: nan
update_bcs1: 0.000e+00
It: 22300, Loss: 2.080e+03, Loss_bcs: 1.664e-02, Loss_res: 2.072e+03 ,Time: 0.00
update_res: nan
update_bcs1: 0.000e+00
It: 22400, Loss: 2.073e+03, Loss_bcs: 1.662e-02, Loss_res: 2.065e+03 ,Time: 0.00
update_res: nan
update_bcs1: 0.000e+00
It: 22500, Loss: 2.066e+03, Loss_bcs: 1.659e-02, Loss_res: 2.058e+03 ,Time: 0.01
update_res: nan
update_bcs1: 0.000e+00
It: 22600, Loss: 2.059e+03, Loss_bcs: 1.657e-02, Loss_res: 2.051e+03 ,Time: 0.00
update_res: nan
update_bcs1: 0.000e+00
It: 22700, Loss: 2.052e+03, Loss_bcs: 1.654e-02, Loss_res: 2.044e+03 ,Time: 0.03
update_res: nan
update_bcs1: 0.000e+00
It: 22800, Loss: 2.045e+03, Loss_bcs: 1.651e-02, Loss_res: 2.037e+03 ,Time: 0.00
update_res: nan
update_bcs1: 0.000e+00
It: 22900, Loss: 2.038e+03, Loss_bcs: 1.649e-02, Loss_res: 2.030e+03 ,Time: 0.00
update_res: nan
update_bcs1: 0.000e+00
It: 23000, Loss: 2.031e+03, Loss_bcs: 1.646e-02, Loss_res: 2.023e+03 ,Time: 0.00
update_res: nan
update_bcs1: 0.000e+00
It: 23100, Loss: 2.025e+03, Loss_bcs: 1.643e-02, Loss_res: 2.017e+03 ,Time: 0.00
update_res: nan
update_bcs1: 0.000e+00
It: 23200, Loss: 2.018e+03, Loss_bcs: 1.641e-02, Loss_res: 2.010e+03 ,Time: 0.00
update_res: nan
update_bcs1: 0.000e+00
It: 23300, Loss: 2.012e+03, Loss_bcs: 1.638e-02, Loss_res: 2.004e+03 ,Time: 0.00
update_res: nan
update_bcs1: 0.000e+00
It: 23400, Loss: 2.005e+03, Loss_bcs: 1.635e-02, Loss_res: 1.997e+03 ,Time: 0.00
update_res: nan
update_bcs1: 0.000e+00
It: 23500, Loss: 1.999e+03, Loss_bcs: 1.633e-02, Loss_res: 1.991e+03 ,Time: 0.00
update_res: nan
update_bcs1: 0.000e+00
It: 23600, Loss: 1.993e+03, Loss_bcs: 1.630e-02, Loss_res: 1.985e+03 ,Time: 0.00
update_res: nan
update_bcs1: 0.000e+00
It: 23700, Loss: 1.987e+03, Loss_bcs: 1.628e-02, Loss_res: 1.978e+03 ,Time: 0.00
update_res: nan
update_bcs1: 0.000e+00
It: 23800, Loss: 1.980e+03, Loss_bcs: 1.625e-02, Loss_res: 1.972e+03 ,Time: 0.00
update_res: nan
update_bcs1: 0.000e+00
It: 23900, Loss: 1.974e+03, Loss_bcs: 1.623e-02, Loss_res: 1.966e+03 ,Time: 0.00
update_res: nan
update_bcs1: 0.000e+00
It: 24000, Loss: 1.969e+03, Loss_bcs: 1.620e-02, Loss_res: 1.960e+03 ,Time: 0.00
update_res: nan
update_bcs1: 0.000e+00
It: 24100, Loss: 1.963e+03, Loss_bcs: 1.618e-02, Loss_res: 1.955e+03 ,Time: 0.00
update_res: nan
update_bcs1: 0.000e+00
It: 24200, Loss: 1.957e+03, Loss_bcs: 1.616e-02, Loss_res: 1.949e+03 ,Time: 0.00
update_res: nan
update_bcs1: 0.000e+00
It: 24300, Loss: 1.951e+03, Loss_bcs: 1.613e-02, Loss_res: 1.943e+03 ,Time: 0.00
update_res: nan
update_bcs1: 0.000e+00
It: 24400, Loss: 1.946e+03, Loss_bcs: 1.611e-02, Loss_res: 1.938e+03 ,Time: 0.00
update_res: nan
update_bcs1: 0.000e+00
It: 24500, Loss: 1.940e+03, Loss_bcs: 1.609e-02, Loss_res: 1.932e+03 ,Time: 0.00
update_res: nan
update_bcs1: 0.000e+00
It: 24600, Loss: 1.935e+03, Loss_bcs: 1.606e-02, Loss_res: 1.926e+03 ,Time: 0.00
update_res: nan
update_bcs1: 0.000e+00
It: 24700, Loss: 1.929e+03, Loss_bcs: 1.604e-02, Loss_res: 1.921e+03 ,Time: 0.00
update_res: nan
update_bcs1: 0.000e+00
It: 24800, Loss: 1.924e+03, Loss_bcs: 1.602e-02, Loss_res: 1.916e+03 ,Time: 0.00
update_res: nan
update_bcs1: 0.000e+00
It: 24900, Loss: 1.918e+03, Loss_bcs: 1.600e-02, Loss_res: 1.910e+03 ,Time: 0.00
update_res: nan
update_bcs1: 0.000e+00
It: 25000, Loss: 1.913e+03, Loss_bcs: 1.598e-02, Loss_res: 1.905e+03 ,Time: 0.00
update_res: nan
update_bcs1: 0.000e+00
It: 25100, Loss: 1.908e+03, Loss_bcs: 1.596e-02, Loss_res: 1.900e+03 ,Time: 0.00
update_res: nan
update_bcs1: 0.000e+00
It: 25200, Loss: 1.903e+03, Loss_bcs: 1.594e-02, Loss_res: 1.895e+03 ,Time: 0.00
update_res: nan
update_bcs1: 0.000e+00
It: 25300, Loss: 1.898e+03, Loss_bcs: 1.593e-02, Loss_res: 1.890e+03 ,Time: 0.00
update_res: nan
update_bcs1: 0.000e+00
It: 25400, Loss: 1.893e+03, Loss_bcs: 1.591e-02, Loss_res: 1.885e+03 ,Time: 0.00
update_res: nan
update_bcs1: 0.000e+00
It: 25500, Loss: 1.888e+03, Loss_bcs: 1.589e-02, Loss_res: 1.880e+03 ,Time: 0.00
update_res: nan
update_bcs1: 0.000e+00
It: 25600, Loss: 1.883e+03, Loss_bcs: 1.587e-02, Loss_res: 1.875e+03 ,Time: 0.00
update_res: nan
update_bcs1: 0.000e+00
It: 25700, Loss: 1.878e+03, Loss_bcs: 1.585e-02, Loss_res: 1.870e+03 ,Time: 0.00
update_res: nan
update_bcs1: 0.000e+00
It: 25800, Loss: 1.873e+03, Loss_bcs: 1.584e-02, Loss_res: 1.865e+03 ,Time: 0.00
update_res: nan
update_bcs1: 0.000e+00
It: 25900, Loss: 1.869e+03, Loss_bcs: 1.582e-02, Loss_res: 1.861e+03 ,Time: 0.00
update_res: nan
update_bcs1: 0.000e+00
It: 26000, Loss: 1.864e+03, Loss_bcs: 1.580e-02, Loss_res: 1.856e+03 ,Time: 0.00
update_res: nan
update_bcs1: 0.000e+00
It: 26100, Loss: 1.860e+03, Loss_bcs: 1.578e-02, Loss_res: 1.852e+03 ,Time: 0.00
update_res: nan
update_bcs1: 0.000e+00
It: 26200, Loss: 1.855e+03, Loss_bcs: 1.577e-02, Loss_res: 1.847e+03 ,Time: 0.00
update_res: nan
update_bcs1: 0.000e+00
It: 26300, Loss: 1.851e+03, Loss_bcs: 1.576e-02, Loss_res: 1.843e+03 ,Time: 0.00
update_res: nan
update_bcs1: 0.000e+00
It: 26400, Loss: 1.846e+03, Loss_bcs: 1.574e-02, Loss_res: 1.838e+03 ,Time: 0.01
update_res: nan
update_bcs1: 0.000e+00
It: 26500, Loss: 1.842e+03, Loss_bcs: 1.573e-02, Loss_res: 1.834e+03 ,Time: 0.00
update_res: nan
update_bcs1: 0.000e+00
It: 26600, Loss: 1.838e+03, Loss_bcs: 1.572e-02, Loss_res: 1.830e+03 ,Time: 0.00
update_res: nan
update_bcs1: 0.000e+00
It: 26700, Loss: 1.833e+03, Loss_bcs: 1.571e-02, Loss_res: 1.825e+03 ,Time: 0.00
update_res: nan
update_bcs1: 0.000e+00
It: 26800, Loss: 1.829e+03, Loss_bcs: 1.570e-02, Loss_res: 1.821e+03 ,Time: 0.00
update_res: nan
update_bcs1: 0.000e+00
It: 26900, Loss: 1.825e+03, Loss_bcs: 1.569e-02, Loss_res: 1.817e+03 ,Time: 0.00
update_res: nan
update_bcs1: 0.000e+00
It: 27000, Loss: 1.821e+03, Loss_bcs: 1.568e-02, Loss_res: 1.813e+03 ,Time: 0.00
update_res: nan
update_bcs1: 0.000e+00
It: 27100, Loss: 1.817e+03, Loss_bcs: 1.567e-02, Loss_res: 1.809e+03 ,Time: 0.00
update_res: nan
update_bcs1: 0.000e+00
It: 27200, Loss: 1.813e+03, Loss_bcs: 1.566e-02, Loss_res: 1.805e+03 ,Time: 0.00
update_res: nan
update_bcs1: 0.000e+00
It: 27300, Loss: 1.809e+03, Loss_bcs: 1.565e-02, Loss_res: 1.801e+03 ,Time: 0.00
update_res: nan
update_bcs1: 0.000e+00
It: 27400, Loss: 1.805e+03, Loss_bcs: 1.565e-02, Loss_res: 1.797e+03 ,Time: 0.00
update_res: nan
update_bcs1: 0.000e+00
It: 27500, Loss: 1.801e+03, Loss_bcs: 1.564e-02, Loss_res: 1.793e+03 ,Time: 0.00
update_res: nan
update_bcs1: 0.000e+00
It: 27600, Loss: 1.797e+03, Loss_bcs: 1.563e-02, Loss_res: 1.789e+03 ,Time: 0.00
update_res: nan
update_bcs1: 0.000e+00
It: 27700, Loss: 1.793e+03, Loss_bcs: 1.563e-02, Loss_res: 1.785e+03 ,Time: 0.00
update_res: nan
update_bcs1: 0.000e+00
It: 27800, Loss: 1.790e+03, Loss_bcs: 1.561e-02, Loss_res: 1.782e+03 ,Time: 0.00
update_res: nan
update_bcs1: 0.000e+00
It: 27900, Loss: 1.786e+03, Loss_bcs: 1.560e-02, Loss_res: 1.778e+03 ,Time: 0.00
update_res: nan
update_bcs1: 0.000e+00
It: 28000, Loss: 1.782e+03, Loss_bcs: 1.560e-02, Loss_res: 1.775e+03 ,Time: 0.00
update_res: nan
update_bcs1: 0.000e+00
It: 28100, Loss: 1.779e+03, Loss_bcs: 1.559e-02, Loss_res: 1.771e+03 ,Time: 0.00
update_res: nan
update_bcs1: 0.000e+00
It: 28200, Loss: 1.775e+03, Loss_bcs: 1.558e-02, Loss_res: 1.767e+03 ,Time: 0.00
update_res: nan
update_bcs1: 0.000e+00
It: 28300, Loss: 1.772e+03, Loss_bcs: 1.557e-02, Loss_res: 1.764e+03 ,Time: 0.00
update_res: nan
update_bcs1: 0.000e+00
It: 28400, Loss: 1.768e+03, Loss_bcs: 1.556e-02, Loss_res: 1.761e+03 ,Time: 0.00
update_res: nan
update_bcs1: 0.000e+00
It: 28500, Loss: 1.765e+03, Loss_bcs: 1.556e-02, Loss_res: 1.757e+03 ,Time: 0.00
update_res: nan
update_bcs1: 0.000e+00
It: 28600, Loss: 1.761e+03, Loss_bcs: 1.555e-02, Loss_res: 1.754e+03 ,Time: 0.00
update_res: nan
update_bcs1: 0.000e+00
It: 28700, Loss: 1.758e+03, Loss_bcs: 1.554e-02, Loss_res: 1.750e+03 ,Time: 0.00
update_res: nan
update_bcs1: 0.000e+00
It: 28800, Loss: 1.755e+03, Loss_bcs: 1.554e-02, Loss_res: 1.747e+03 ,Time: 0.00
update_res: nan
update_bcs1: 0.000e+00
It: 28900, Loss: 1.752e+03, Loss_bcs: 1.553e-02, Loss_res: 1.744e+03 ,Time: 0.00
update_res: nan
update_bcs1: 0.000e+00
It: 29000, Loss: 1.748e+03, Loss_bcs: 1.552e-02, Loss_res: 1.741e+03 ,Time: 0.00
update_res: nan
update_bcs1: 0.000e+00
It: 29100, Loss: 1.745e+03, Loss_bcs: 1.552e-02, Loss_res: 1.737e+03 ,Time: 0.00
update_res: nan
update_bcs1: 0.000e+00
It: 29200, Loss: 1.742e+03, Loss_bcs: 1.551e-02, Loss_res: 1.734e+03 ,Time: 0.00
update_res: nan
update_bcs1: 0.000e+00
It: 29300, Loss: 1.739e+03, Loss_bcs: 1.551e-02, Loss_res: 1.731e+03 ,Time: 0.00
update_res: nan
update_bcs1: 0.000e+00
It: 29400, Loss: 1.736e+03, Loss_bcs: 1.550e-02, Loss_res: 1.728e+03 ,Time: 0.01
update_res: nan
update_bcs1: 0.000e+00
It: 29500, Loss: 1.733e+03, Loss_bcs: 1.550e-02, Loss_res: 1.725e+03 ,Time: 0.00
update_res: nan
update_bcs1: 0.000e+00
It: 29600, Loss: 1.730e+03, Loss_bcs: 1.549e-02, Loss_res: 1.722e+03 ,Time: 0.00
update_res: nan
update_bcs1: 0.000e+00
It: 29700, Loss: 1.727e+03, Loss_bcs: 1.549e-02, Loss_res: 1.719e+03 ,Time: 0.00
update_res: nan
update_bcs1: 0.000e+00
It: 29800, Loss: 1.724e+03, Loss_bcs: 1.549e-02, Loss_res: 1.716e+03 ,Time: 0.00
update_res: nan
update_bcs1: 0.000e+00
It: 29900, Loss: 1.721e+03, Loss_bcs: 1.549e-02, Loss_res: 1.713e+03 ,Time: 0.00
update_res: nan
update_bcs1: 0.000e+00
It: 30000, Loss: 1.718e+03, Loss_bcs: 1.549e-02, Loss_res: 1.710e+03 ,Time: 0.00
update_res: nan
update_bcs1: 0.000e+00
It: 30100, Loss: 1.715e+03, Loss_bcs: 1.549e-02, Loss_res: 1.707e+03 ,Time: 0.00
update_res: nan
update_bcs1: 0.000e+00
It: 30200, Loss: 1.712e+03, Loss_bcs: 1.548e-02, Loss_res: 1.704e+03 ,Time: 0.00
update_res: nan
update_bcs1: 0.000e+00
It: 30300, Loss: 1.709e+03, Loss_bcs: 1.548e-02, Loss_res: 1.702e+03 ,Time: 0.00
update_res: nan
update_bcs1: 0.000e+00
It: 30400, Loss: 1.707e+03, Loss_bcs: 1.548e-02, Loss_res: 1.699e+03 ,Time: 0.00
update_res: nan
update_bcs1: 0.000e+00
It: 30500, Loss: 1.704e+03, Loss_bcs: 1.548e-02, Loss_res: 1.696e+03 ,Time: 0.00
update_res: nan
update_bcs1: 0.000e+00
It: 30600, Loss: 1.701e+03, Loss_bcs: 1.548e-02, Loss_res: 1.694e+03 ,Time: 0.00
update_res: nan
update_bcs1: 0.000e+00
It: 30700, Loss: 1.699e+03, Loss_bcs: 1.548e-02, Loss_res: 1.691e+03 ,Time: 0.00
update_res: nan
update_bcs1: 0.000e+00
It: 30800, Loss: 1.696e+03, Loss_bcs: 1.548e-02, Loss_res: 1.688e+03 ,Time: 0.00
update_res: nan
update_bcs1: 0.000e+00
It: 30900, Loss: 1.694e+03, Loss_bcs: 1.549e-02, Loss_res: 1.686e+03 ,Time: 0.00
update_res: nan
update_bcs1: 0.000e+00
It: 31000, Loss: 1.691e+03, Loss_bcs: 1.549e-02, Loss_res: 1.683e+03 ,Time: 0.00
update_res: nan
update_bcs1: 0.000e+00
It: 31100, Loss: 1.688e+03, Loss_bcs: 1.549e-02, Loss_res: 1.681e+03 ,Time: 0.00
update_res: nan
update_bcs1: 0.000e+00
It: 31200, Loss: 1.686e+03, Loss_bcs: 1.549e-02, Loss_res: 1.678e+03 ,Time: 0.00
update_res: nan
update_bcs1: 0.000e+00
It: 31300, Loss: 1.684e+03, Loss_bcs: 1.550e-02, Loss_res: 1.676e+03 ,Time: 0.00
update_res: nan
update_bcs1: 0.000e+00
It: 31400, Loss: 1.681e+03, Loss_bcs: 1.550e-02, Loss_res: 1.673e+03 ,Time: 0.00
update_res: nan
update_bcs1: 0.000e+00
It: 31500, Loss: 1.679e+03, Loss_bcs: 1.550e-02, Loss_res: 1.671e+03 ,Time: 0.00
update_res: nan
update_bcs1: 0.000e+00
It: 31600, Loss: 1.676e+03, Loss_bcs: 1.551e-02, Loss_res: 1.669e+03 ,Time: 0.00
update_res: nan
update_bcs1: 0.000e+00
It: 31700, Loss: 1.674e+03, Loss_bcs: 1.552e-02, Loss_res: 1.666e+03 ,Time: 0.00
update_res: nan
update_bcs1: 0.000e+00
It: 31800, Loss: 1.672e+03, Loss_bcs: 1.552e-02, Loss_res: 1.664e+03 ,Time: 0.00
update_res: nan
update_bcs1: 0.000e+00
It: 31900, Loss: 1.669e+03, Loss_bcs: 1.552e-02, Loss_res: 1.662e+03 ,Time: 0.00
update_res: nan
update_bcs1: 0.000e+00
It: 32000, Loss: 1.667e+03, Loss_bcs: 1.553e-02, Loss_res: 1.659e+03 ,Time: 0.00
update_res: nan
update_bcs1: 0.000e+00
It: 32100, Loss: 1.665e+03, Loss_bcs: 1.554e-02, Loss_res: 1.657e+03 ,Time: 0.00
update_res: nan
update_bcs1: 0.000e+00
It: 32200, Loss: 1.662e+03, Loss_bcs: 1.554e-02, Loss_res: 1.655e+03 ,Time: 0.00
update_res: nan
update_bcs1: 0.000e+00
It: 32300, Loss: 1.660e+03, Loss_bcs: 1.554e-02, Loss_res: 1.652e+03 ,Time: 0.00
update_res: nan
update_bcs1: 0.000e+00
It: 32400, Loss: 1.658e+03, Loss_bcs: 1.555e-02, Loss_res: 1.650e+03 ,Time: 0.00
update_res: nan
update_bcs1: 0.000e+00
It: 32500, Loss: 1.656e+03, Loss_bcs: 1.555e-02, Loss_res: 1.648e+03 ,Time: 0.00
update_res: nan
update_bcs1: 0.000e+00
It: 32600, Loss: 1.654e+03, Loss_bcs: 1.556e-02, Loss_res: 1.646e+03 ,Time: 0.00
update_res: nan
update_bcs1: 0.000e+00
It: 32700, Loss: 1.652e+03, Loss_bcs: 1.556e-02, Loss_res: 1.644e+03 ,Time: 0.00
update_res: nan
update_bcs1: 0.000e+00
It: 32800, Loss: 1.650e+03, Loss_bcs: 1.556e-02, Loss_res: 1.642e+03 ,Time: 0.00
update_res: nan
update_bcs1: 0.000e+00
It: 32900, Loss: 1.647e+03, Loss_bcs: 1.557e-02, Loss_res: 1.640e+03 ,Time: 0.00
update_res: nan
update_bcs1: 0.000e+00
It: 33000, Loss: 1.645e+03, Loss_bcs: 1.558e-02, Loss_res: 1.638e+03 ,Time: 0.00
update_res: nan
update_bcs1: 0.000e+00
It: 33100, Loss: 1.643e+03, Loss_bcs: 1.558e-02, Loss_res: 1.636e+03 ,Time: 0.00
update_res: nan
update_bcs1: 0.000e+00
It: 33200, Loss: 1.641e+03, Loss_bcs: 1.559e-02, Loss_res: 1.634e+03 ,Time: 0.00
update_res: nan
update_bcs1: 0.000e+00
It: 33300, Loss: 1.639e+03, Loss_bcs: 1.559e-02, Loss_res: 1.632e+03 ,Time: 0.00
update_res: nan
update_bcs1: 0.000e+00
It: 33400, Loss: 1.637e+03, Loss_bcs: 1.559e-02, Loss_res: 1.630e+03 ,Time: 0.00
update_res: nan
update_bcs1: 0.000e+00
It: 33500, Loss: 1.636e+03, Loss_bcs: 1.559e-02, Loss_res: 1.628e+03 ,Time: 0.00
update_res: nan
update_bcs1: 0.000e+00
It: 33600, Loss: 1.634e+03, Loss_bcs: 1.560e-02, Loss_res: 1.626e+03 ,Time: 0.00
update_res: nan
update_bcs1: 0.000e+00
It: 33700, Loss: 1.632e+03, Loss_bcs: 1.560e-02, Loss_res: 1.624e+03 ,Time: 0.00
update_res: nan
update_bcs1: 0.000e+00
It: 33800, Loss: 1.630e+03, Loss_bcs: 1.560e-02, Loss_res: 1.622e+03 ,Time: 0.00
update_res: nan
update_bcs1: 0.000e+00
It: 33900, Loss: 1.628e+03, Loss_bcs: 1.561e-02, Loss_res: 1.620e+03 ,Time: 0.00
update_res: nan
update_bcs1: 0.000e+00
It: 34000, Loss: 1.626e+03, Loss_bcs: 1.561e-02, Loss_res: 1.619e+03 ,Time: 0.00
update_res: nan
update_bcs1: 0.000e+00
It: 34100, Loss: 1.625e+03, Loss_bcs: 1.562e-02, Loss_res: 1.617e+03 ,Time: 0.00
update_res: nan
update_bcs1: 0.000e+00
It: 34200, Loss: 1.623e+03, Loss_bcs: 1.562e-02, Loss_res: 1.615e+03 ,Time: 0.00
update_res: nan
update_bcs1: 0.000e+00
It: 34300, Loss: 1.621e+03, Loss_bcs: 1.563e-02, Loss_res: 1.613e+03 ,Time: 0.00
update_res: nan
update_bcs1: 0.000e+00
It: 34400, Loss: 1.620e+03, Loss_bcs: 1.563e-02, Loss_res: 1.612e+03 ,Time: 0.00
update_res: nan
update_bcs1: 0.000e+00
It: 34500, Loss: 1.618e+03, Loss_bcs: 1.563e-02, Loss_res: 1.610e+03 ,Time: 0.00
update_res: nan
update_bcs1: 0.000e+00
It: 34600, Loss: 1.616e+03, Loss_bcs: 1.564e-02, Loss_res: 1.608e+03 ,Time: 0.00
update_res: nan
update_bcs1: 0.000e+00
It: 34700, Loss: 1.615e+03, Loss_bcs: 1.564e-02, Loss_res: 1.607e+03 ,Time: 0.00
update_res: nan
update_bcs1: 0.000e+00
It: 34800, Loss: 1.613e+03, Loss_bcs: 1.564e-02, Loss_res: 1.605e+03 ,Time: 0.00
update_res: nan
update_bcs1: 0.000e+00
It: 34900, Loss: 1.611e+03, Loss_bcs: 1.565e-02, Loss_res: 1.603e+03 ,Time: 0.00
update_res: nan
update_bcs1: 0.000e+00
It: 35000, Loss: 1.610e+03, Loss_bcs: 1.566e-02, Loss_res: 1.602e+03 ,Time: 0.00
update_res: nan
update_bcs1: 0.000e+00
It: 35100, Loss: 1.608e+03, Loss_bcs: 1.566e-02, Loss_res: 1.600e+03 ,Time: 0.00
update_res: nan
update_bcs1: 0.000e+00
It: 35200, Loss: 1.607e+03, Loss_bcs: 1.567e-02, Loss_res: 1.599e+03 ,Time: 0.00
update_res: nan
update_bcs1: 0.000e+00
It: 35300, Loss: 1.605e+03, Loss_bcs: 1.568e-02, Loss_res: 1.597e+03 ,Time: 0.00
update_res: nan
update_bcs1: 0.000e+00
It: 35400, Loss: 1.603e+03, Loss_bcs: 1.568e-02, Loss_res: 1.596e+03 ,Time: 0.00
update_res: nan
update_bcs1: 0.000e+00
It: 35500, Loss: 1.602e+03, Loss_bcs: 1.570e-02, Loss_res: 1.594e+03 ,Time: 0.00
update_res: nan
update_bcs1: 0.000e+00
It: 35600, Loss: 1.600e+03, Loss_bcs: 1.570e-02, Loss_res: 1.593e+03 ,Time: 0.00
update_res: nan
update_bcs1: 0.000e+00
It: 35700, Loss: 1.599e+03, Loss_bcs: 1.570e-02, Loss_res: 1.591e+03 ,Time: 0.00
update_res: nan
update_bcs1: 0.000e+00
It: 35800, Loss: 1.597e+03, Loss_bcs: 1.571e-02, Loss_res: 1.590e+03 ,Time: 0.00
update_res: nan
update_bcs1: 0.000e+00
It: 35900, Loss: 1.596e+03, Loss_bcs: 1.571e-02, Loss_res: 1.588e+03 ,Time: 0.00
update_res: nan
update_bcs1: 0.000e+00
It: 36000, Loss: 1.594e+03, Loss_bcs: 1.572e-02, Loss_res: 1.587e+03 ,Time: 0.00
update_res: nan
update_bcs1: 0.000e+00
It: 36100, Loss: 1.593e+03, Loss_bcs: 1.573e-02, Loss_res: 1.585e+03 ,Time: 0.00
update_res: nan
update_bcs1: 0.000e+00
It: 36200, Loss: 1.592e+03, Loss_bcs: 1.573e-02, Loss_res: 1.584e+03 ,Time: 0.00
update_res: nan
update_bcs1: 0.000e+00
It: 36300, Loss: 1.590e+03, Loss_bcs: 1.574e-02, Loss_res: 1.582e+03 ,Time: 0.00
update_res: nan
update_bcs1: 0.000e+00
It: 36400, Loss: 1.589e+03, Loss_bcs: 1.574e-02, Loss_res: 1.581e+03 ,Time: 0.00
update_res: nan
update_bcs1: 0.000e+00
It: 36500, Loss: 1.587e+03, Loss_bcs: 1.575e-02, Loss_res: 1.579e+03 ,Time: 0.00
update_res: nan
update_bcs1: 0.000e+00
It: 36600, Loss: 1.586e+03, Loss_bcs: 1.575e-02, Loss_res: 1.578e+03 ,Time: 0.00
update_res: nan
update_bcs1: 0.000e+00
It: 36700, Loss: 1.585e+03, Loss_bcs: 1.576e-02, Loss_res: 1.577e+03 ,Time: 0.00
update_res: nan
update_bcs1: 0.000e+00
It: 36800, Loss: 1.583e+03, Loss_bcs: 1.577e-02, Loss_res: 1.575e+03 ,Time: 0.00
update_res: nan
update_bcs1: 0.000e+00
It: 36900, Loss: 1.582e+03, Loss_bcs: 1.577e-02, Loss_res: 1.574e+03 ,Time: 0.00
update_res: nan
update_bcs1: 0.000e+00
It: 37000, Loss: 1.581e+03, Loss_bcs: 1.577e-02, Loss_res: 1.573e+03 ,Time: 0.00
update_res: nan
update_bcs1: 0.000e+00
It: 37100, Loss: 1.579e+03, Loss_bcs: 1.578e-02, Loss_res: 1.571e+03 ,Time: 0.00
update_res: nan
update_bcs1: 0.000e+00
It: 37200, Loss: 1.578e+03, Loss_bcs: 1.578e-02, Loss_res: 1.570e+03 ,Time: 0.00
update_res: nan
update_bcs1: 0.000e+00
It: 37300, Loss: 1.577e+03, Loss_bcs: 1.579e-02, Loss_res: 1.569e+03 ,Time: 0.00
update_res: nan
update_bcs1: 0.000e+00
It: 37400, Loss: 1.575e+03, Loss_bcs: 1.579e-02, Loss_res: 1.568e+03 ,Time: 0.00
update_res: nan
update_bcs1: 0.000e+00
It: 37500, Loss: 1.574e+03, Loss_bcs: 1.580e-02, Loss_res: 1.566e+03 ,Time: 0.00
update_res: nan
update_bcs1: 0.000e+00
It: 37600, Loss: 1.573e+03, Loss_bcs: 1.581e-02, Loss_res: 1.565e+03 ,Time: 0.00
update_res: nan
update_bcs1: 0.000e+00
It: 37700, Loss: 1.572e+03, Loss_bcs: 1.581e-02, Loss_res: 1.564e+03 ,Time: 0.00
update_res: nan
update_bcs1: 0.000e+00
It: 37800, Loss: 1.571e+03, Loss_bcs: 1.582e-02, Loss_res: 1.563e+03 ,Time: 0.00
update_res: nan
update_bcs1: 0.000e+00
It: 37900, Loss: 1.569e+03, Loss_bcs: 1.583e-02, Loss_res: 1.561e+03 ,Time: 0.00
update_res: nan
update_bcs1: 0.000e+00
It: 38000, Loss: 1.568e+03, Loss_bcs: 1.583e-02, Loss_res: 1.560e+03 ,Time: 0.00
update_res: nan
update_bcs1: 0.000e+00
It: 38100, Loss: 1.567e+03, Loss_bcs: 1.584e-02, Loss_res: 1.559e+03 ,Time: 0.00
update_res: nan
update_bcs1: 0.000e+00
It: 38200, Loss: 1.566e+03, Loss_bcs: 1.584e-02, Loss_res: 1.558e+03 ,Time: 0.00
update_res: nan
update_bcs1: 0.000e+00
It: 38300, Loss: 1.565e+03, Loss_bcs: 1.584e-02, Loss_res: 1.557e+03 ,Time: 0.00
update_res: nan
update_bcs1: 0.000e+00
It: 38400, Loss: 1.564e+03, Loss_bcs: 1.584e-02, Loss_res: 1.556e+03 ,Time: 0.00
update_res: nan
update_bcs1: 0.000e+00
It: 38500, Loss: 1.563e+03, Loss_bcs: 1.585e-02, Loss_res: 1.555e+03 ,Time: 0.00
update_res: nan
update_bcs1: 0.000e+00
It: 38600, Loss: 1.562e+03, Loss_bcs: 1.585e-02, Loss_res: 1.554e+03 ,Time: 0.00
update_res: nan
update_bcs1: 0.000e+00
It: 38700, Loss: 1.560e+03, Loss_bcs: 1.585e-02, Loss_res: 1.553e+03 ,Time: 0.00
update_res: nan
update_bcs1: 0.000e+00
It: 38800, Loss: 1.559e+03, Loss_bcs: 1.585e-02, Loss_res: 1.552e+03 ,Time: 0.00
update_res: nan
update_bcs1: 0.000e+00
It: 38900, Loss: 1.558e+03, Loss_bcs: 1.586e-02, Loss_res: 1.550e+03 ,Time: 0.00
update_res: nan
update_bcs1: 0.000e+00
It: 39000, Loss: 1.557e+03, Loss_bcs: 1.586e-02, Loss_res: 1.549e+03 ,Time: 0.00
update_res: nan
update_bcs1: 0.000e+00
It: 39100, Loss: 1.556e+03, Loss_bcs: 1.587e-02, Loss_res: 1.548e+03 ,Time: 0.01
update_res: nan
update_bcs1: 0.000e+00
It: 39200, Loss: 1.555e+03, Loss_bcs: 1.587e-02, Loss_res: 1.547e+03 ,Time: 0.00
update_res: nan
update_bcs1: 0.000e+00
It: 39300, Loss: 1.554e+03, Loss_bcs: 1.588e-02, Loss_res: 1.546e+03 ,Time: 0.00
update_res: nan
update_bcs1: 0.000e+00
It: 39400, Loss: 1.553e+03, Loss_bcs: 1.588e-02, Loss_res: 1.545e+03 ,Time: 0.00
update_res: nan
update_bcs1: 0.000e+00
It: 39500, Loss: 1.552e+03, Loss_bcs: 1.589e-02, Loss_res: 1.545e+03 ,Time: 0.01
update_res: nan
update_bcs1: 0.000e+00
It: 39600, Loss: 1.552e+03, Loss_bcs: 1.589e-02, Loss_res: 1.544e+03 ,Time: 0.00
update_res: nan
update_bcs1: 0.000e+00
It: 39700, Loss: 1.551e+03, Loss_bcs: 1.590e-02, Loss_res: 1.543e+03 ,Time: 0.00
update_res: nan
update_bcs1: 0.000e+00
It: 39800, Loss: 1.550e+03, Loss_bcs: 1.590e-02, Loss_res: 1.542e+03 ,Time: 0.00
update_res: nan
update_bcs1: 0.000e+00
It: 39900, Loss: 1.549e+03, Loss_bcs: 1.591e-02, Loss_res: 1.541e+03 ,Time: 0.00
update_res: nan
update_bcs1: 0.000e+00
Gradients information stored ...
It: 40000, Loss: 1.548e+03, Loss_bcs: 1.591e-02, Loss_res: 1.540e+03 ,Time: 0.32
update_res: nan
update_bcs1: 0.000e+00
elapsed: 8.16e+01
Relative L2 error_u: 5.27e-01
Relative L2 error_r: 3.51e-01
mean value of lambda_bc: nan
elapsed: 8.16e+01
Relative L2 error_u: 5.27e-01
Relative L2 error_r: 3.51e-01
mean value of lambda_bc: nan
