Gradients information stored ...
It: 100, Loss: 6.719e+03, Loss_bcs: 6.880e-01, Loss_res: 6.719e+03,Time: 0.01
adaptive_constant_res_val: 0.485739
adaptive_constant_bc_val: 1.514261
Gradients information stored ...
It: 200, Loss: 3.014e+03, Loss_bcs: 2.398e+00, Loss_res: 6.197e+03,Time: 0.04
adaptive_constant_res_val: 0.185336
adaptive_constant_bc_val: 1.814664
It: 300, Loss: 1.383e+03, Loss_bcs: 2.003e+00, Loss_res: 7.441e+03,Time: 0.02
adaptive_constant_res_val: 0.612794
adaptive_constant_bc_val: 1.387206
It: 400, Loss: 4.861e+03, Loss_bcs: 6.678e+00, Loss_res: 7.917e+03,Time: 0.01
adaptive_constant_res_val: 0.246575
adaptive_constant_bc_val: 1.753425
It: 500, Loss: 1.097e+03, Loss_bcs: 3.663e+00, Loss_res: 4.423e+03,Time: 0.05
adaptive_constant_res_val: 0.593025
adaptive_constant_bc_val: 1.406975
It: 600, Loss: 2.433e+03, Loss_bcs: 7.659e+00, Loss_res: 4.084e+03,Time: 0.03
adaptive_constant_res_val: 0.348721
adaptive_constant_bc_val: 1.651279
It: 700, Loss: 1.696e+03, Loss_bcs: 9.575e+00, Loss_res: 4.820e+03,Time: 0.01
adaptive_constant_res_val: 0.582234
adaptive_constant_bc_val: 1.417766
It: 800, Loss: 1.660e+03, Loss_bcs: 2.031e+01, Loss_res: 2.802e+03,Time: 0.04
adaptive_constant_res_val: 0.336913
adaptive_constant_bc_val: 1.663087
It: 900, Loss: 5.405e+02, Loss_bcs: 1.115e+01, Loss_res: 1.549e+03,Time: 0.02
adaptive_constant_res_val: 0.575367
adaptive_constant_bc_val: 1.424633
It: 1000, Loss: 4.811e+02, Loss_bcs: 8.202e+00, Loss_res: 8.159e+02,Time: 0.02
adaptive_constant_res_val: 0.562081
adaptive_constant_bc_val: 1.437919
Gradients information stored ...
It: 1100, Loss: 5.295e+02, Loss_bcs: 6.252e+00, Loss_res: 9.260e+02,Time: 0.01
adaptive_constant_res_val: 0.625168
adaptive_constant_bc_val: 1.374832
It: 1200, Loss: 5.342e+02, Loss_bcs: 9.681e+00, Loss_res: 8.332e+02,Time: 0.01
adaptive_constant_res_val: 0.578414
adaptive_constant_bc_val: 1.421586
It: 1300, Loss: 2.349e+02, Loss_bcs: 1.263e+01, Loss_res: 3.750e+02,Time: 0.01
adaptive_constant_res_val: 0.523391
adaptive_constant_bc_val: 1.476609
It: 1400, Loss: 1.818e+02, Loss_bcs: 1.315e+01, Loss_res: 3.102e+02,Time: 0.02
adaptive_constant_res_val: 0.522091
adaptive_constant_bc_val: 1.477909
It: 1500, Loss: 2.526e+02, Loss_bcs: 1.339e+01, Loss_res: 4.458e+02,Time: 0.02
adaptive_constant_res_val: 0.599125
adaptive_constant_bc_val: 1.400875
It: 1600, Loss: 1.934e+02, Loss_bcs: 1.440e+01, Loss_res: 2.891e+02,Time: 0.02
adaptive_constant_res_val: 0.584703
adaptive_constant_bc_val: 1.415297
It: 1700, Loss: 8.589e+01, Loss_bcs: 1.143e+01, Loss_res: 1.192e+02,Time: 0.02
adaptive_constant_res_val: 0.544988
adaptive_constant_bc_val: 1.455012
It: 1800, Loss: 5.246e+01, Loss_bcs: 9.182e+00, Loss_res: 7.174e+01,Time: 0.02
adaptive_constant_res_val: 0.500498
adaptive_constant_bc_val: 1.499502
It: 1900, Loss: 6.357e+01, Loss_bcs: 7.057e+00, Loss_res: 1.059e+02,Time: 0.01
adaptive_constant_res_val: 0.724361
adaptive_constant_bc_val: 1.275639
It: 2000, Loss: 4.589e+01, Loss_bcs: 7.227e+00, Loss_res: 5.063e+01,Time: 0.02
adaptive_constant_res_val: 0.528873
adaptive_constant_bc_val: 1.471127
It: 2100, Loss: 4.098e+01, Loss_bcs: 5.762e+00, Loss_res: 6.146e+01,Time: 0.04
adaptive_constant_res_val: 0.826421
adaptive_constant_bc_val: 1.173579
It: 2200, Loss: 5.106e+01, Loss_bcs: 5.647e+00, Loss_res: 5.377e+01,Time: 0.01
adaptive_constant_res_val: 0.784006
adaptive_constant_bc_val: 1.215994
It: 2300, Loss: 3.946e+01, Loss_bcs: 5.134e+00, Loss_res: 4.237e+01,Time: 0.01
adaptive_constant_res_val: 0.760967
adaptive_constant_bc_val: 1.239033
It: 2400, Loss: 3.157e+01, Loss_bcs: 4.152e+00, Loss_res: 3.472e+01,Time: 0.01
adaptive_constant_res_val: 0.679206
adaptive_constant_bc_val: 1.320794
It: 2500, Loss: 2.491e+01, Loss_bcs: 3.675e+00, Loss_res: 2.953e+01,Time: 0.03
adaptive_constant_res_val: 0.659358
adaptive_constant_bc_val: 1.340642
It: 2600, Loss: 2.110e+01, Loss_bcs: 3.207e+00, Loss_res: 2.548e+01,Time: 0.01
adaptive_constant_res_val: 0.658835
adaptive_constant_bc_val: 1.341165
It: 2700, Loss: 1.743e+01, Loss_bcs: 2.746e+00, Loss_res: 2.087e+01,Time: 0.01
adaptive_constant_res_val: 0.613102
adaptive_constant_bc_val: 1.386898
It: 2800, Loss: 1.593e+01, Loss_bcs: 2.595e+00, Loss_res: 2.011e+01,Time: 0.01
adaptive_constant_res_val: 0.705050
adaptive_constant_bc_val: 1.294950
It: 2900, Loss: 1.748e+01, Loss_bcs: 2.602e+00, Loss_res: 2.001e+01,Time: 0.03
adaptive_constant_res_val: 0.598962
adaptive_constant_bc_val: 1.401038
It: 3000, Loss: 1.387e+01, Loss_bcs: 2.258e+00, Loss_res: 1.787e+01,Time: 0.03
adaptive_constant_res_val: 0.604817
adaptive_constant_bc_val: 1.395183
It: 3100, Loss: 1.570e+01, Loss_bcs: 2.125e+00, Loss_res: 2.105e+01,Time: 0.02
adaptive_constant_res_val: 0.762842
adaptive_constant_bc_val: 1.237158
It: 3200, Loss: 1.254e+01, Loss_bcs: 1.950e+00, Loss_res: 1.327e+01,Time: 0.01
adaptive_constant_res_val: 0.806319
adaptive_constant_bc_val: 1.193681
It: 3300, Loss: 1.861e+01, Loss_bcs: 1.943e+00, Loss_res: 2.020e+01,Time: 0.03
adaptive_constant_res_val: 0.794164
adaptive_constant_bc_val: 1.205836
It: 3400, Loss: 1.752e+01, Loss_bcs: 1.839e+00, Loss_res: 1.927e+01,Time: 0.05
adaptive_constant_res_val: 0.907793
adaptive_constant_bc_val: 1.092207
It: 3500, Loss: 1.458e+01, Loss_bcs: 1.899e+00, Loss_res: 1.378e+01,Time: 0.03
adaptive_constant_res_val: 0.803633
adaptive_constant_bc_val: 1.196367
It: 3600, Loss: 1.128e+01, Loss_bcs: 1.810e+00, Loss_res: 1.134e+01,Time: 0.01
adaptive_constant_res_val: 0.616630
adaptive_constant_bc_val: 1.383370
It: 3700, Loss: 1.044e+01, Loss_bcs: 1.611e+00, Loss_res: 1.332e+01,Time: 0.03
adaptive_constant_res_val: 0.784440
adaptive_constant_bc_val: 1.215560
It: 3800, Loss: 1.059e+01, Loss_bcs: 1.530e+00, Loss_res: 1.113e+01,Time: 0.04
adaptive_constant_res_val: 0.649498
adaptive_constant_bc_val: 1.350502
It: 3900, Loss: 7.661e+00, Loss_bcs: 1.556e+00, Loss_res: 8.559e+00,Time: 0.01
adaptive_constant_res_val: 0.574698
adaptive_constant_bc_val: 1.425302
It: 4000, Loss: 8.428e+00, Loss_bcs: 1.439e+00, Loss_res: 1.110e+01,Time: 0.02
adaptive_constant_res_val: 0.688912
adaptive_constant_bc_val: 1.311088
It: 4100, Loss: 8.001e+00, Loss_bcs: 1.323e+00, Loss_res: 9.097e+00,Time: 0.01
adaptive_constant_res_val: 0.596915
adaptive_constant_bc_val: 1.403085
It: 4200, Loss: 6.990e+00, Loss_bcs: 1.314e+00, Loss_res: 8.622e+00,Time: 0.04
adaptive_constant_res_val: 0.647112
adaptive_constant_bc_val: 1.352888
It: 4300, Loss: 7.517e+00, Loss_bcs: 1.128e+00, Loss_res: 9.259e+00,Time: 0.01
adaptive_constant_res_val: 0.730900
adaptive_constant_bc_val: 1.269100
It: 4400, Loss: 1.019e+01, Loss_bcs: 1.149e+00, Loss_res: 1.195e+01,Time: 0.03
adaptive_constant_res_val: 0.780174
adaptive_constant_bc_val: 1.219826
It: 4500, Loss: 7.514e+00, Loss_bcs: 1.232e+00, Loss_res: 7.705e+00,Time: 0.04
adaptive_constant_res_val: 0.589181
adaptive_constant_bc_val: 1.410819
It: 4600, Loss: 6.241e+00, Loss_bcs: 1.130e+00, Loss_res: 7.886e+00,Time: 0.02
adaptive_constant_res_val: 0.587520
adaptive_constant_bc_val: 1.412480
It: 4700, Loss: 7.146e+00, Loss_bcs: 1.049e+00, Loss_res: 9.642e+00,Time: 0.01
adaptive_constant_res_val: 0.621280
adaptive_constant_bc_val: 1.378720
It: 4800, Loss: 5.159e+00, Loss_bcs: 9.920e-01, Loss_res: 6.103e+00,Time: 0.01
adaptive_constant_res_val: 0.542676
adaptive_constant_bc_val: 1.457324
It: 4900, Loss: 6.265e+00, Loss_bcs: 9.423e-01, Loss_res: 9.014e+00,Time: 0.03
adaptive_constant_res_val: 0.878366
adaptive_constant_bc_val: 1.121634
It: 5000, Loss: 6.941e+00, Loss_bcs: 1.012e+00, Loss_res: 6.611e+00,Time: 0.01
adaptive_constant_res_val: 0.736351
adaptive_constant_bc_val: 1.263649
It: 5100, Loss: 7.103e+00, Loss_bcs: 9.429e-01, Loss_res: 8.028e+00,Time: 0.01
adaptive_constant_res_val: 0.850952
adaptive_constant_bc_val: 1.149048
It: 5200, Loss: 7.126e+00, Loss_bcs: 1.079e+00, Loss_res: 6.917e+00,Time: 0.02
adaptive_constant_res_val: 0.746723
adaptive_constant_bc_val: 1.253277
It: 5300, Loss: 5.985e+00, Loss_bcs: 9.437e-01, Loss_res: 6.432e+00,Time: 0.05
adaptive_constant_res_val: 0.804292
adaptive_constant_bc_val: 1.195708
It: 5400, Loss: 7.290e+00, Loss_bcs: 9.546e-01, Loss_res: 7.644e+00,Time: 0.01
adaptive_constant_res_val: 0.759041
adaptive_constant_bc_val: 1.240959
It: 5500, Loss: 5.744e+00, Loss_bcs: 8.627e-01, Loss_res: 6.157e+00,Time: 0.02
adaptive_constant_res_val: 0.682099
adaptive_constant_bc_val: 1.317901
It: 5600, Loss: 4.847e+00, Loss_bcs: 8.953e-01, Loss_res: 5.376e+00,Time: 0.02
adaptive_constant_res_val: 0.625192
adaptive_constant_bc_val: 1.374808
It: 5700, Loss: 3.484e+00, Loss_bcs: 8.112e-01, Loss_res: 3.789e+00,Time: 0.03
adaptive_constant_res_val: 0.676211
adaptive_constant_bc_val: 1.323789
It: 5800, Loss: 5.679e+00, Loss_bcs: 7.795e-01, Loss_res: 6.872e+00,Time: 0.01
adaptive_constant_res_val: 0.804394
adaptive_constant_bc_val: 1.195606
It: 5900, Loss: 7.084e+00, Loss_bcs: 8.845e-01, Loss_res: 7.492e+00,Time: 0.03
adaptive_constant_res_val: 0.705829
adaptive_constant_bc_val: 1.294171
It: 6000, Loss: 4.410e+00, Loss_bcs: 8.162e-01, Loss_res: 4.751e+00,Time: 0.02
adaptive_constant_res_val: 0.664718
adaptive_constant_bc_val: 1.335282
It: 6100, Loss: 4.132e+00, Loss_bcs: 7.733e-01, Loss_res: 4.662e+00,Time: 0.01
adaptive_constant_res_val: 0.587212
adaptive_constant_bc_val: 1.412788
It: 6200, Loss: 3.676e+00, Loss_bcs: 7.719e-01, Loss_res: 4.403e+00,Time: 0.01
adaptive_constant_res_val: 0.633796
adaptive_constant_bc_val: 1.366204
It: 6300, Loss: 5.047e+00, Loss_bcs: 7.055e-01, Loss_res: 6.442e+00,Time: 0.02
adaptive_constant_res_val: 0.774695
adaptive_constant_bc_val: 1.225305
It: 6400, Loss: 4.733e+00, Loss_bcs: 7.595e-01, Loss_res: 4.908e+00,Time: 0.03
adaptive_constant_res_val: 0.620793
adaptive_constant_bc_val: 1.379207
It: 6500, Loss: 3.385e+00, Loss_bcs: 7.115e-01, Loss_res: 3.872e+00,Time: 0.03
adaptive_constant_res_val: 0.675523
adaptive_constant_bc_val: 1.324477
It: 6600, Loss: 4.974e+00, Loss_bcs: 7.640e-01, Loss_res: 5.865e+00,Time: 0.03
adaptive_constant_res_val: 0.781214
adaptive_constant_bc_val: 1.218786
It: 6700, Loss: 4.451e+00, Loss_bcs: 6.854e-01, Loss_res: 4.628e+00,Time: 0.06
adaptive_constant_res_val: 0.641845
adaptive_constant_bc_val: 1.358155
It: 6800, Loss: 3.222e+00, Loss_bcs: 7.005e-01, Loss_res: 3.538e+00,Time: 0.03
adaptive_constant_res_val: 0.655388
adaptive_constant_bc_val: 1.344612
It: 6900, Loss: 4.102e+00, Loss_bcs: 6.385e-01, Loss_res: 4.948e+00,Time: 0.01
adaptive_constant_res_val: 0.812357
adaptive_constant_bc_val: 1.187643
It: 7000, Loss: 4.958e+00, Loss_bcs: 6.616e-01, Loss_res: 5.136e+00,Time: 0.02
adaptive_constant_res_val: 0.935986
adaptive_constant_bc_val: 1.064014
It: 7100, Loss: 6.080e+00, Loss_bcs: 7.272e-01, Loss_res: 5.669e+00,Time: 0.02
adaptive_constant_res_val: 0.874409
adaptive_constant_bc_val: 1.125591
It: 7200, Loss: 4.125e+00, Loss_bcs: 6.567e-01, Loss_res: 3.872e+00,Time: 0.01
adaptive_constant_res_val: 0.715308
adaptive_constant_bc_val: 1.284692
It: 7300, Loss: 3.340e+00, Loss_bcs: 6.629e-01, Loss_res: 3.479e+00,Time: 0.02
adaptive_constant_res_val: 0.665954
adaptive_constant_bc_val: 1.334046
It: 7400, Loss: 2.456e+00, Loss_bcs: 5.965e-01, Loss_res: 2.493e+00,Time: 0.04
adaptive_constant_res_val: 0.635818
adaptive_constant_bc_val: 1.364182
It: 7500, Loss: 4.186e+00, Loss_bcs: 5.659e-01, Loss_res: 5.370e+00,Time: 0.02
adaptive_constant_res_val: 0.817354
adaptive_constant_bc_val: 1.182646
It: 7600, Loss: 4.445e+00, Loss_bcs: 6.097e-01, Loss_res: 4.556e+00,Time: 0.01
adaptive_constant_res_val: 0.759146
adaptive_constant_bc_val: 1.240854
It: 7700, Loss: 3.104e+00, Loss_bcs: 6.185e-01, Loss_res: 3.078e+00,Time: 0.02
adaptive_constant_res_val: 0.611657
adaptive_constant_bc_val: 1.388343
It: 7800, Loss: 2.466e+00, Loss_bcs: 5.800e-01, Loss_res: 2.716e+00,Time: 0.01
adaptive_constant_res_val: 0.574559
adaptive_constant_bc_val: 1.425441
It: 7900, Loss: 3.307e+00, Loss_bcs: 5.710e-01, Loss_res: 4.339e+00,Time: 0.01
adaptive_constant_res_val: 0.723291
adaptive_constant_bc_val: 1.276709
It: 8000, Loss: 2.706e+00, Loss_bcs: 5.698e-01, Loss_res: 2.735e+00,Time: 0.02
adaptive_constant_res_val: 0.672337
adaptive_constant_bc_val: 1.327663
It: 8100, Loss: 3.616e+00, Loss_bcs: 5.313e-01, Loss_res: 4.329e+00,Time: 0.02
adaptive_constant_res_val: 0.743017
adaptive_constant_bc_val: 1.256983
It: 8200, Loss: 2.793e+00, Loss_bcs: 5.348e-01, Loss_res: 2.855e+00,Time: 0.01
adaptive_constant_res_val: 0.716314
adaptive_constant_bc_val: 1.283686
It: 8300, Loss: 2.728e+00, Loss_bcs: 6.025e-01, Loss_res: 2.729e+00,Time: 0.02
adaptive_constant_res_val: 0.591520
adaptive_constant_bc_val: 1.408480
It: 8400, Loss: 4.569e+00, Loss_bcs: 5.421e-01, Loss_res: 6.433e+00,Time: 0.03
adaptive_constant_res_val: 0.868095
adaptive_constant_bc_val: 1.131905
It: 8500, Loss: 2.803e+00, Loss_bcs: 5.051e-01, Loss_res: 2.570e+00,Time: 0.02
adaptive_constant_res_val: 0.765970
adaptive_constant_bc_val: 1.234030
It: 8600, Loss: 2.658e+00, Loss_bcs: 5.239e-01, Loss_res: 2.626e+00,Time: 0.01
adaptive_constant_res_val: 0.687655
adaptive_constant_bc_val: 1.312345
It: 8700, Loss: 2.366e+00, Loss_bcs: 4.992e-01, Loss_res: 2.488e+00,Time: 0.02
adaptive_constant_res_val: 0.630218
adaptive_constant_bc_val: 1.369782
It: 8800, Loss: 2.489e+00, Loss_bcs: 4.647e-01, Loss_res: 2.939e+00,Time: 0.01
adaptive_constant_res_val: 0.655250
adaptive_constant_bc_val: 1.344750
It: 8900, Loss: 2.397e+00, Loss_bcs: 4.512e-01, Loss_res: 2.733e+00,Time: 0.04
adaptive_constant_res_val: 0.675550
adaptive_constant_bc_val: 1.324450
It: 9000, Loss: 3.298e+00, Loss_bcs: 4.813e-01, Loss_res: 3.938e+00,Time: 0.02
adaptive_constant_res_val: 0.858981
adaptive_constant_bc_val: 1.141019
It: 9100, Loss: 3.370e+00, Loss_bcs: 4.859e-01, Loss_res: 3.277e+00,Time: 0.01
adaptive_constant_res_val: 0.696399
adaptive_constant_bc_val: 1.303601
It: 9200, Loss: 2.652e+00, Loss_bcs: 4.337e-01, Loss_res: 2.996e+00,Time: 0.01
adaptive_constant_res_val: 0.759206
adaptive_constant_bc_val: 1.240794
It: 9300, Loss: 3.678e+00, Loss_bcs: 4.871e-01, Loss_res: 4.049e+00,Time: 0.04
adaptive_constant_res_val: 0.776574
adaptive_constant_bc_val: 1.223426
It: 9400, Loss: 2.892e+00, Loss_bcs: 4.701e-01, Loss_res: 2.983e+00,Time: 0.02
adaptive_constant_res_val: 0.718386
adaptive_constant_bc_val: 1.281614
It: 9500, Loss: 2.321e+00, Loss_bcs: 4.612e-01, Loss_res: 2.408e+00,Time: 0.02
adaptive_constant_res_val: 0.742489
adaptive_constant_bc_val: 1.257511
It: 9600, Loss: 3.026e+00, Loss_bcs: 4.303e-01, Loss_res: 3.347e+00,Time: 0.01
adaptive_constant_res_val: 0.829893
adaptive_constant_bc_val: 1.170107
It: 9700, Loss: 3.242e+00, Loss_bcs: 4.588e-01, Loss_res: 3.260e+00,Time: 0.03
adaptive_constant_res_val: 0.765215
adaptive_constant_bc_val: 1.234785
It: 9800, Loss: 3.803e+00, Loss_bcs: 4.631e-01, Loss_res: 4.222e+00,Time: 0.01
adaptive_constant_res_val: 0.826827
adaptive_constant_bc_val: 1.173173
It: 9900, Loss: 2.915e+00, Loss_bcs: 4.247e-01, Loss_res: 2.923e+00,Time: 0.05
adaptive_constant_res_val: 0.878297
adaptive_constant_bc_val: 1.121703
It: 10000, Loss: 3.100e+00, Loss_bcs: 4.521e-01, Loss_res: 2.952e+00,Time: 0.01
adaptive_constant_res_val: 0.847652
adaptive_constant_bc_val: 1.152348
It: 10100, Loss: 3.195e+00, Loss_bcs: 4.217e-01, Loss_res: 3.196e+00,Time: 0.01
adaptive_constant_res_val: 0.815000
adaptive_constant_bc_val: 1.185000
It: 10200, Loss: 2.330e+00, Loss_bcs: 4.550e-01, Loss_res: 2.197e+00,Time: 0.01
adaptive_constant_res_val: 0.640010
adaptive_constant_bc_val: 1.359990
It: 10300, Loss: 2.036e+00, Loss_bcs: 4.686e-01, Loss_res: 2.185e+00,Time: 0.01
adaptive_constant_res_val: 0.813821
adaptive_constant_bc_val: 1.186179
It: 10400, Loss: 3.140e+00, Loss_bcs: 4.420e-01, Loss_res: 3.215e+00,Time: 0.01
adaptive_constant_res_val: 0.885167
adaptive_constant_bc_val: 1.114833
It: 10500, Loss: 2.753e+00, Loss_bcs: 4.773e-01, Loss_res: 2.508e+00,Time: 0.04
adaptive_constant_res_val: 0.709833
adaptive_constant_bc_val: 1.290167
It: 10600, Loss: 2.427e+00, Loss_bcs: 4.392e-01, Loss_res: 2.621e+00,Time: 0.01
adaptive_constant_res_val: 0.711814
adaptive_constant_bc_val: 1.288186
It: 10700, Loss: 2.118e+00, Loss_bcs: 4.143e-01, Loss_res: 2.225e+00,Time: 0.03
adaptive_constant_res_val: 0.767061
adaptive_constant_bc_val: 1.232939
It: 10800, Loss: 2.895e+00, Loss_bcs: 4.088e-01, Loss_res: 3.117e+00,Time: 0.03
adaptive_constant_res_val: 0.859234
adaptive_constant_bc_val: 1.140766
It: 10900, Loss: 2.593e+00, Loss_bcs: 4.533e-01, Loss_res: 2.416e+00,Time: 0.01
adaptive_constant_res_val: 0.756846
adaptive_constant_bc_val: 1.243154
It: 11000, Loss: 1.830e+00, Loss_bcs: 4.102e-01, Loss_res: 1.744e+00,Time: 0.02
adaptive_constant_res_val: 0.703256
adaptive_constant_bc_val: 1.296744
It: 11100, Loss: 2.088e+00, Loss_bcs: 3.997e-01, Loss_res: 2.233e+00,Time: 0.01
adaptive_constant_res_val: 0.764860
adaptive_constant_bc_val: 1.235140
It: 11200, Loss: 2.166e+00, Loss_bcs: 4.190e-01, Loss_res: 2.156e+00,Time: 0.02
adaptive_constant_res_val: 0.799978
adaptive_constant_bc_val: 1.200022
It: 11300, Loss: 2.330e+00, Loss_bcs: 3.932e-01, Loss_res: 2.322e+00,Time: 0.03
adaptive_constant_res_val: 0.747888
adaptive_constant_bc_val: 1.252112
It: 11400, Loss: 2.444e+00, Loss_bcs: 3.910e-01, Loss_res: 2.614e+00,Time: 0.01
adaptive_constant_res_val: 0.642511
adaptive_constant_bc_val: 1.357489
It: 11500, Loss: 1.563e+00, Loss_bcs: 4.100e-01, Loss_res: 1.566e+00,Time: 0.01
adaptive_constant_res_val: 0.784729
adaptive_constant_bc_val: 1.215271
It: 11600, Loss: 2.305e+00, Loss_bcs: 3.826e-01, Loss_res: 2.344e+00,Time: 0.01
adaptive_constant_res_val: 1.034476
adaptive_constant_bc_val: 0.965524
It: 11700, Loss: 2.459e+00, Loss_bcs: 3.801e-01, Loss_res: 2.022e+00,Time: 0.04
adaptive_constant_res_val: 0.806899
adaptive_constant_bc_val: 1.193101
It: 11800, Loss: 3.158e+00, Loss_bcs: 3.549e-01, Loss_res: 3.390e+00,Time: 0.02
adaptive_constant_res_val: 0.861379
adaptive_constant_bc_val: 1.138621
It: 11900, Loss: 2.771e+00, Loss_bcs: 3.762e-01, Loss_res: 2.720e+00,Time: 0.01
adaptive_constant_res_val: 0.745317
adaptive_constant_bc_val: 1.254683
It: 12000, Loss: 2.351e+00, Loss_bcs: 3.790e-01, Loss_res: 2.516e+00,Time: 0.01
adaptive_constant_res_val: 0.810435
adaptive_constant_bc_val: 1.189565
It: 12100, Loss: 2.017e+00, Loss_bcs: 3.853e-01, Loss_res: 1.924e+00,Time: 0.01
adaptive_constant_res_val: 0.850540
adaptive_constant_bc_val: 1.149460
It: 12200, Loss: 1.618e+00, Loss_bcs: 3.839e-01, Loss_res: 1.384e+00,Time: 0.01
adaptive_constant_res_val: 0.742994
adaptive_constant_bc_val: 1.257006
It: 12300, Loss: 1.923e+00, Loss_bcs: 4.040e-01, Loss_res: 1.904e+00,Time: 0.01
adaptive_constant_res_val: 0.848167
adaptive_constant_bc_val: 1.151833
It: 12400, Loss: 1.520e+00, Loss_bcs: 3.839e-01, Loss_res: 1.271e+00,Time: 0.01
adaptive_constant_res_val: 0.717072
adaptive_constant_bc_val: 1.282928
It: 12500, Loss: 2.588e+00, Loss_bcs: 3.308e-01, Loss_res: 3.017e+00,Time: 0.01
adaptive_constant_res_val: 1.044522
adaptive_constant_bc_val: 0.955478
It: 12600, Loss: 2.751e+00, Loss_bcs: 3.668e-01, Loss_res: 2.298e+00,Time: 0.02
adaptive_constant_res_val: 0.904987
adaptive_constant_bc_val: 1.095013
It: 12700, Loss: 2.920e+00, Loss_bcs: 3.945e-01, Loss_res: 2.749e+00,Time: 0.01
adaptive_constant_res_val: 0.990525
adaptive_constant_bc_val: 1.009475
It: 12800, Loss: 2.560e+00, Loss_bcs: 3.899e-01, Loss_res: 2.187e+00,Time: 0.02
adaptive_constant_res_val: 0.934807
adaptive_constant_bc_val: 1.065193
It: 12900, Loss: 2.088e+00, Loss_bcs: 3.927e-01, Loss_res: 1.786e+00,Time: 0.01
adaptive_constant_res_val: 0.751156
adaptive_constant_bc_val: 1.248844
It: 13000, Loss: 1.846e+00, Loss_bcs: 3.525e-01, Loss_res: 1.872e+00,Time: 0.02
adaptive_constant_res_val: 0.769832
adaptive_constant_bc_val: 1.230168
It: 13100, Loss: 1.584e+00, Loss_bcs: 3.726e-01, Loss_res: 1.463e+00,Time: 0.01
adaptive_constant_res_val: 0.759188
adaptive_constant_bc_val: 1.240812
It: 13200, Loss: 1.446e+00, Loss_bcs: 3.992e-01, Loss_res: 1.252e+00,Time: 0.03
adaptive_constant_res_val: 0.571192
adaptive_constant_bc_val: 1.428808
It: 13300, Loss: 1.403e+00, Loss_bcs: 3.456e-01, Loss_res: 1.591e+00,Time: 0.01
adaptive_constant_res_val: 0.679078
adaptive_constant_bc_val: 1.320922
It: 13400, Loss: 1.659e+00, Loss_bcs: 3.671e-01, Loss_res: 1.729e+00,Time: 0.03
adaptive_constant_res_val: 0.741549
adaptive_constant_bc_val: 1.258451
It: 13500, Loss: 1.831e+00, Loss_bcs: 3.375e-01, Loss_res: 1.896e+00,Time: 0.05
adaptive_constant_res_val: 0.778400
adaptive_constant_bc_val: 1.221600
It: 13600, Loss: 1.638e+00, Loss_bcs: 3.194e-01, Loss_res: 1.603e+00,Time: 0.03
adaptive_constant_res_val: 0.736958
adaptive_constant_bc_val: 1.263042
It: 13700, Loss: 1.552e+00, Loss_bcs: 3.530e-01, Loss_res: 1.501e+00,Time: 0.02
adaptive_constant_res_val: 0.730410
adaptive_constant_bc_val: 1.269590
It: 13800, Loss: 1.546e+00, Loss_bcs: 3.696e-01, Loss_res: 1.474e+00,Time: 0.02
adaptive_constant_res_val: 0.827716
adaptive_constant_bc_val: 1.172284
It: 13900, Loss: 2.372e+00, Loss_bcs: 3.506e-01, Loss_res: 2.369e+00,Time: 0.01
adaptive_constant_res_val: 0.876342
adaptive_constant_bc_val: 1.123658
It: 14000, Loss: 1.661e+00, Loss_bcs: 3.250e-01, Loss_res: 1.479e+00,Time: 0.02
adaptive_constant_res_val: 0.784658
adaptive_constant_bc_val: 1.215342
It: 14100, Loss: 1.517e+00, Loss_bcs: 3.311e-01, Loss_res: 1.420e+00,Time: 0.04
adaptive_constant_res_val: 0.785079
adaptive_constant_bc_val: 1.214921
It: 14200, Loss: 1.804e+00, Loss_bcs: 3.364e-01, Loss_res: 1.777e+00,Time: 0.01
adaptive_constant_res_val: 0.942593
adaptive_constant_bc_val: 1.057407
It: 14300, Loss: 1.888e+00, Loss_bcs: 3.309e-01, Loss_res: 1.632e+00,Time: 0.01
adaptive_constant_res_val: 0.814643
adaptive_constant_bc_val: 1.185357
It: 14400, Loss: 1.678e+00, Loss_bcs: 3.414e-01, Loss_res: 1.563e+00,Time: 0.01
adaptive_constant_res_val: 0.817824
adaptive_constant_bc_val: 1.182176
It: 14500, Loss: 1.708e+00, Loss_bcs: 3.316e-01, Loss_res: 1.609e+00,Time: 0.01
adaptive_constant_res_val: 0.843596
adaptive_constant_bc_val: 1.156404
It: 14600, Loss: 2.056e+00, Loss_bcs: 3.895e-01, Loss_res: 1.904e+00,Time: 0.03
adaptive_constant_res_val: 0.709945
adaptive_constant_bc_val: 1.290055
It: 14700, Loss: 1.390e+00, Loss_bcs: 3.537e-01, Loss_res: 1.315e+00,Time: 0.02
adaptive_constant_res_val: 0.680589
adaptive_constant_bc_val: 1.319411
It: 14800, Loss: 1.616e+00, Loss_bcs: 3.343e-01, Loss_res: 1.726e+00,Time: 0.03
adaptive_constant_res_val: 0.773213
adaptive_constant_bc_val: 1.226787
It: 14900, Loss: 1.567e+00, Loss_bcs: 3.451e-01, Loss_res: 1.479e+00,Time: 0.03
adaptive_constant_res_val: 0.836080
adaptive_constant_bc_val: 1.163920
It: 15000, Loss: 2.503e+00, Loss_bcs: 3.329e-01, Loss_res: 2.531e+00,Time: 0.04
adaptive_constant_res_val: 0.935605
adaptive_constant_bc_val: 1.064395
It: 15100, Loss: 1.335e+00, Loss_bcs: 3.287e-01, Loss_res: 1.053e+00,Time: 0.01
adaptive_constant_res_val: 0.720121
adaptive_constant_bc_val: 1.279879
It: 15200, Loss: 1.229e+00, Loss_bcs: 3.085e-01, Loss_res: 1.159e+00,Time: 0.03
adaptive_constant_res_val: 0.684172
adaptive_constant_bc_val: 1.315828
It: 15300, Loss: 1.505e+00, Loss_bcs: 3.611e-01, Loss_res: 1.506e+00,Time: 0.02
adaptive_constant_res_val: 0.735709
adaptive_constant_bc_val: 1.264291
It: 15400, Loss: 1.497e+00, Loss_bcs: 3.300e-01, Loss_res: 1.467e+00,Time: 0.01
adaptive_constant_res_val: 0.994891
adaptive_constant_bc_val: 1.005109
It: 15500, Loss: 2.132e+00, Loss_bcs: 3.475e-01, Loss_res: 1.792e+00,Time: 0.01
adaptive_constant_res_val: 0.870898
adaptive_constant_bc_val: 1.129102
It: 15600, Loss: 1.593e+00, Loss_bcs: 3.307e-01, Loss_res: 1.400e+00,Time: 0.02
adaptive_constant_res_val: 0.851635
adaptive_constant_bc_val: 1.148365
It: 15700, Loss: 1.498e+00, Loss_bcs: 2.962e-01, Loss_res: 1.360e+00,Time: 0.02
adaptive_constant_res_val: 0.809965
adaptive_constant_bc_val: 1.190035
It: 15800, Loss: 1.098e+00, Loss_bcs: 3.290e-01, Loss_res: 8.717e-01,Time: 0.01
adaptive_constant_res_val: 0.737414
adaptive_constant_bc_val: 1.262586
It: 15900, Loss: 1.690e+00, Loss_bcs: 3.433e-01, Loss_res: 1.705e+00,Time: 0.04
adaptive_constant_res_val: 0.727416
adaptive_constant_bc_val: 1.272584
It: 16000, Loss: 1.115e+00, Loss_bcs: 3.439e-01, Loss_res: 9.314e-01,Time: 0.01
adaptive_constant_res_val: 0.650410
adaptive_constant_bc_val: 1.349590
It: 16100, Loss: 1.126e+00, Loss_bcs: 3.324e-01, Loss_res: 1.041e+00,Time: 0.01
adaptive_constant_res_val: 0.640635
adaptive_constant_bc_val: 1.359365
It: 16200, Loss: 1.202e+00, Loss_bcs: 3.033e-01, Loss_res: 1.232e+00,Time: 0.03
adaptive_constant_res_val: 0.763705
adaptive_constant_bc_val: 1.236295
It: 16300, Loss: 1.311e+00, Loss_bcs: 3.299e-01, Loss_res: 1.183e+00,Time: 0.02
adaptive_constant_res_val: 0.742870
adaptive_constant_bc_val: 1.257130
It: 16400, Loss: 1.157e+00, Loss_bcs: 2.999e-01, Loss_res: 1.050e+00,Time: 0.02
adaptive_constant_res_val: 0.842447
adaptive_constant_bc_val: 1.157553
It: 16500, Loss: 1.702e+00, Loss_bcs: 2.883e-01, Loss_res: 1.625e+00,Time: 0.02
adaptive_constant_res_val: 0.820080
adaptive_constant_bc_val: 1.179920
It: 16600, Loss: 1.481e+00, Loss_bcs: 3.161e-01, Loss_res: 1.351e+00,Time: 0.07
adaptive_constant_res_val: 0.872499
adaptive_constant_bc_val: 1.127501
It: 16700, Loss: 1.417e+00, Loss_bcs: 3.203e-01, Loss_res: 1.210e+00,Time: 0.01
adaptive_constant_res_val: 0.809213
adaptive_constant_bc_val: 1.190787
It: 16800, Loss: 1.662e+00, Loss_bcs: 3.204e-01, Loss_res: 1.583e+00,Time: 0.01
adaptive_constant_res_val: 0.919229
adaptive_constant_bc_val: 1.080771
It: 16900, Loss: 1.587e+00, Loss_bcs: 2.883e-01, Loss_res: 1.387e+00,Time: 0.01
adaptive_constant_res_val: 0.965609
adaptive_constant_bc_val: 1.034391
It: 17000, Loss: 1.502e+00, Loss_bcs: 2.897e-01, Loss_res: 1.246e+00,Time: 0.05
adaptive_constant_res_val: 0.752873
adaptive_constant_bc_val: 1.247127
It: 17100, Loss: 1.397e+00, Loss_bcs: 3.228e-01, Loss_res: 1.321e+00,Time: 0.01
adaptive_constant_res_val: 0.870440
adaptive_constant_bc_val: 1.129560
It: 17200, Loss: 9.746e-01, Loss_bcs: 3.232e-01, Loss_res: 7.003e-01,Time: 0.01
adaptive_constant_res_val: 0.713534
adaptive_constant_bc_val: 1.286466
It: 17300, Loss: 1.129e+00, Loss_bcs: 3.277e-01, Loss_res: 9.912e-01,Time: 0.05
adaptive_constant_res_val: 0.716241
adaptive_constant_bc_val: 1.283759
It: 17400, Loss: 1.044e+00, Loss_bcs: 2.906e-01, Loss_res: 9.366e-01,Time: 0.01
adaptive_constant_res_val: 0.800764
adaptive_constant_bc_val: 1.199236
It: 17500, Loss: 1.219e+00, Loss_bcs: 2.968e-01, Loss_res: 1.078e+00,Time: 0.01
adaptive_constant_res_val: 0.833852
adaptive_constant_bc_val: 1.166148
It: 17600, Loss: 1.329e+00, Loss_bcs: 2.901e-01, Loss_res: 1.189e+00,Time: 0.01
adaptive_constant_res_val: 0.850235
adaptive_constant_bc_val: 1.149765
It: 17700, Loss: 1.464e+00, Loss_bcs: 3.115e-01, Loss_res: 1.301e+00,Time: 0.01
adaptive_constant_res_val: 0.879727
adaptive_constant_bc_val: 1.120273
It: 17800, Loss: 1.526e+00, Loss_bcs: 2.989e-01, Loss_res: 1.353e+00,Time: 0.01
adaptive_constant_res_val: 0.933031
adaptive_constant_bc_val: 1.066969
It: 17900, Loss: 1.367e+00, Loss_bcs: 3.197e-01, Loss_res: 1.100e+00,Time: 0.01
adaptive_constant_res_val: 0.780842
adaptive_constant_bc_val: 1.219158
It: 18000, Loss: 1.284e+00, Loss_bcs: 2.713e-01, Loss_res: 1.220e+00,Time: 0.01
adaptive_constant_res_val: 0.863544
adaptive_constant_bc_val: 1.136456
It: 18100, Loss: 1.244e+00, Loss_bcs: 2.841e-01, Loss_res: 1.067e+00,Time: 0.01
adaptive_constant_res_val: 0.860859
adaptive_constant_bc_val: 1.139141
It: 18200, Loss: 1.359e+00, Loss_bcs: 2.781e-01, Loss_res: 1.211e+00,Time: 0.01
adaptive_constant_res_val: 0.888517
adaptive_constant_bc_val: 1.111483
It: 18300, Loss: 1.939e+00, Loss_bcs: 2.985e-01, Loss_res: 1.809e+00,Time: 0.02
adaptive_constant_res_val: 0.950700
adaptive_constant_bc_val: 1.049300
It: 18400, Loss: 1.168e+00, Loss_bcs: 2.886e-01, Loss_res: 9.098e-01,Time: 0.02
adaptive_constant_res_val: 0.840901
adaptive_constant_bc_val: 1.159099
It: 18500, Loss: 1.465e+00, Loss_bcs: 2.655e-01, Loss_res: 1.376e+00,Time: 0.02
adaptive_constant_res_val: 0.961632
adaptive_constant_bc_val: 1.038368
It: 18600, Loss: 1.689e+00, Loss_bcs: 2.938e-01, Loss_res: 1.440e+00,Time: 0.03
adaptive_constant_res_val: 1.021956
adaptive_constant_bc_val: 0.978044
It: 18700, Loss: 1.615e+00, Loss_bcs: 3.095e-01, Loss_res: 1.284e+00,Time: 0.02
adaptive_constant_res_val: 0.825658
adaptive_constant_bc_val: 1.174342
It: 18800, Loss: 1.320e+00, Loss_bcs: 2.765e-01, Loss_res: 1.205e+00,Time: 0.01
adaptive_constant_res_val: 0.935924
adaptive_constant_bc_val: 1.064076
It: 18900, Loss: 1.374e+00, Loss_bcs: 3.333e-01, Loss_res: 1.089e+00,Time: 0.01
adaptive_constant_res_val: 0.772752
adaptive_constant_bc_val: 1.227248
It: 19000, Loss: 1.095e+00, Loss_bcs: 2.965e-01, Loss_res: 9.455e-01,Time: 0.02
adaptive_constant_res_val: 0.771472
adaptive_constant_bc_val: 1.228528
It: 19100, Loss: 1.089e+00, Loss_bcs: 2.940e-01, Loss_res: 9.441e-01,Time: 0.01
adaptive_constant_res_val: 0.724408
adaptive_constant_bc_val: 1.275592
It: 19200, Loss: 1.526e+00, Loss_bcs: 3.170e-01, Loss_res: 1.548e+00,Time: 0.02
adaptive_constant_res_val: 0.983472
adaptive_constant_bc_val: 1.016528
It: 19300, Loss: 1.105e+00, Loss_bcs: 3.003e-01, Loss_res: 8.132e-01,Time: 0.01
adaptive_constant_res_val: 0.790668
adaptive_constant_bc_val: 1.209332
It: 19400, Loss: 1.175e+00, Loss_bcs: 2.866e-01, Loss_res: 1.048e+00,Time: 0.01
adaptive_constant_res_val: 0.866540
adaptive_constant_bc_val: 1.133460
It: 19500, Loss: 1.494e+00, Loss_bcs: 3.001e-01, Loss_res: 1.331e+00,Time: 0.01
adaptive_constant_res_val: 0.812490
adaptive_constant_bc_val: 1.187510
It: 19600, Loss: 1.363e+00, Loss_bcs: 2.921e-01, Loss_res: 1.251e+00,Time: 0.02
adaptive_constant_res_val: 0.905873
adaptive_constant_bc_val: 1.094127
It: 19700, Loss: 1.472e+00, Loss_bcs: 3.055e-01, Loss_res: 1.255e+00,Time: 0.01
adaptive_constant_res_val: 0.980233
adaptive_constant_bc_val: 1.019767
It: 19800, Loss: 1.117e+00, Loss_bcs: 2.985e-01, Loss_res: 8.290e-01,Time: 0.01
adaptive_constant_res_val: 0.721622
adaptive_constant_bc_val: 1.278378
It: 19900, Loss: 1.304e+00, Loss_bcs: 2.896e-01, Loss_res: 1.294e+00,Time: 0.03
adaptive_constant_res_val: 0.988940
adaptive_constant_bc_val: 1.011060
It: 20000, Loss: 9.862e-01, Loss_bcs: 2.772e-01, Loss_res: 7.138e-01,Time: 0.02
adaptive_constant_res_val: 0.912066
adaptive_constant_bc_val: 1.087934
It: 20100, Loss: 1.190e+00, Loss_bcs: 2.726e-01, Loss_res: 9.798e-01,Time: 0.01
adaptive_constant_res_val: 0.808067
adaptive_constant_bc_val: 1.191933
It: 20200, Loss: 9.824e-01, Loss_bcs: 2.959e-01, Loss_res: 7.793e-01,Time: 0.02
adaptive_constant_res_val: 0.815181
adaptive_constant_bc_val: 1.184819
It: 20300, Loss: 1.270e+00, Loss_bcs: 2.782e-01, Loss_res: 1.154e+00,Time: 0.01
adaptive_constant_res_val: 1.034813
adaptive_constant_bc_val: 0.965187
It: 20400, Loss: 1.484e+00, Loss_bcs: 2.980e-01, Loss_res: 1.156e+00,Time: 0.03
adaptive_constant_res_val: 0.814665
adaptive_constant_bc_val: 1.185335
It: 20500, Loss: 1.157e+00, Loss_bcs: 2.811e-01, Loss_res: 1.011e+00,Time: 0.02
adaptive_constant_res_val: 0.842691
adaptive_constant_bc_val: 1.157309
It: 20600, Loss: 1.025e+00, Loss_bcs: 2.942e-01, Loss_res: 8.129e-01,Time: 0.01
adaptive_constant_res_val: 0.752078
adaptive_constant_bc_val: 1.247922
It: 20700, Loss: 1.166e+00, Loss_bcs: 2.859e-01, Loss_res: 1.077e+00,Time: 0.03
adaptive_constant_res_val: 0.963620
adaptive_constant_bc_val: 1.036380
It: 20800, Loss: 1.152e+00, Loss_bcs: 3.006e-01, Loss_res: 8.726e-01,Time: 0.01
adaptive_constant_res_val: 0.772922
adaptive_constant_bc_val: 1.227078
It: 20900, Loss: 1.117e+00, Loss_bcs: 2.806e-01, Loss_res: 1.000e+00,Time: 0.01
adaptive_constant_res_val: 0.785166
adaptive_constant_bc_val: 1.214834
It: 21000, Loss: 1.379e+00, Loss_bcs: 3.000e-01, Loss_res: 1.292e+00,Time: 0.01
adaptive_constant_res_val: 0.942409
adaptive_constant_bc_val: 1.057591
It: 21100, Loss: 1.409e+00, Loss_bcs: 2.568e-01, Loss_res: 1.207e+00,Time: 0.02
adaptive_constant_res_val: 1.072920
adaptive_constant_bc_val: 0.927080
It: 21200, Loss: 1.268e+00, Loss_bcs: 2.976e-01, Loss_res: 9.249e-01,Time: 0.01
adaptive_constant_res_val: 0.999476
adaptive_constant_bc_val: 1.000524
It: 21300, Loss: 8.879e-01, Loss_bcs: 2.926e-01, Loss_res: 5.955e-01,Time: 0.02
adaptive_constant_res_val: 0.748765
adaptive_constant_bc_val: 1.251235
It: 21400, Loss: 8.351e-01, Loss_bcs: 3.058e-01, Loss_res: 6.043e-01,Time: 0.03
adaptive_constant_res_val: 0.705839
adaptive_constant_bc_val: 1.294161
It: 21500, Loss: 7.931e-01, Loss_bcs: 2.689e-01, Loss_res: 6.307e-01,Time: 0.02
adaptive_constant_res_val: 0.848552
adaptive_constant_bc_val: 1.151448
It: 21600, Loss: 1.092e+00, Loss_bcs: 2.760e-01, Loss_res: 9.119e-01,Time: 0.02
adaptive_constant_res_val: 0.956321
adaptive_constant_bc_val: 1.043679
It: 21700, Loss: 1.267e+00, Loss_bcs: 2.922e-01, Loss_res: 1.006e+00,Time: 0.03
adaptive_constant_res_val: 0.860786
adaptive_constant_bc_val: 1.139214
It: 21800, Loss: 1.045e+00, Loss_bcs: 2.882e-01, Loss_res: 8.328e-01,Time: 0.01
adaptive_constant_res_val: 0.920039
adaptive_constant_bc_val: 1.079961
It: 21900, Loss: 1.059e+00, Loss_bcs: 2.627e-01, Loss_res: 8.423e-01,Time: 0.02
adaptive_constant_res_val: 0.914291
adaptive_constant_bc_val: 1.085709
It: 22000, Loss: 1.350e+00, Loss_bcs: 3.007e-01, Loss_res: 1.119e+00,Time: 0.01
adaptive_constant_res_val: 0.989804
adaptive_constant_bc_val: 1.010196
It: 22100, Loss: 1.807e+00, Loss_bcs: 2.935e-01, Loss_res: 1.526e+00,Time: 0.02
adaptive_constant_res_val: 1.016759
adaptive_constant_bc_val: 0.983241
It: 22200, Loss: 1.590e+00, Loss_bcs: 2.846e-01, Loss_res: 1.289e+00,Time: 0.01
adaptive_constant_res_val: 0.971370
adaptive_constant_bc_val: 1.028630
It: 22300, Loss: 1.071e+00, Loss_bcs: 2.949e-01, Loss_res: 7.899e-01,Time: 0.01
adaptive_constant_res_val: 0.759296
adaptive_constant_bc_val: 1.240704
It: 22400, Loss: 1.107e+00, Loss_bcs: 2.891e-01, Loss_res: 9.854e-01,Time: 0.01
adaptive_constant_res_val: 1.068520
adaptive_constant_bc_val: 0.931480
It: 22500, Loss: 1.446e+00, Loss_bcs: 2.752e-01, Loss_res: 1.114e+00,Time: 0.06
adaptive_constant_res_val: 1.038189
adaptive_constant_bc_val: 0.961811
It: 22600, Loss: 1.448e+00, Loss_bcs: 2.767e-01, Loss_res: 1.138e+00,Time: 0.02
adaptive_constant_res_val: 1.071935
adaptive_constant_bc_val: 0.928065
It: 22700, Loss: 1.528e+00, Loss_bcs: 2.858e-01, Loss_res: 1.178e+00,Time: 0.02
adaptive_constant_res_val: 1.001522
adaptive_constant_bc_val: 0.998478
It: 22800, Loss: 1.277e+00, Loss_bcs: 2.861e-01, Loss_res: 9.898e-01,Time: 0.01
adaptive_constant_res_val: 0.852465
adaptive_constant_bc_val: 1.147535
It: 22900, Loss: 9.225e-01, Loss_bcs: 3.004e-01, Loss_res: 6.778e-01,Time: 0.02
adaptive_constant_res_val: 0.739037
adaptive_constant_bc_val: 1.260963
It: 23000, Loss: 9.533e-01, Loss_bcs: 2.771e-01, Loss_res: 8.170e-01,Time: 0.04
adaptive_constant_res_val: 0.806518
adaptive_constant_bc_val: 1.193482
It: 23100, Loss: 9.261e-01, Loss_bcs: 2.443e-01, Loss_res: 7.868e-01,Time: 0.04
adaptive_constant_res_val: 0.923201
adaptive_constant_bc_val: 1.076799
It: 23200, Loss: 9.082e-01, Loss_bcs: 2.629e-01, Loss_res: 6.772e-01,Time: 0.01
adaptive_constant_res_val: 0.782960
adaptive_constant_bc_val: 1.217040
It: 23300, Loss: 8.792e-01, Loss_bcs: 2.683e-01, Loss_res: 7.059e-01,Time: 0.01
adaptive_constant_res_val: 0.883341
adaptive_constant_bc_val: 1.116659
It: 23400, Loss: 1.004e+00, Loss_bcs: 2.733e-01, Loss_res: 7.913e-01,Time: 0.02
adaptive_constant_res_val: 0.744512
adaptive_constant_bc_val: 1.255488
It: 23500, Loss: 8.998e-01, Loss_bcs: 2.473e-01, Loss_res: 7.915e-01,Time: 0.02
adaptive_constant_res_val: 0.812848
adaptive_constant_bc_val: 1.187152
It: 23600, Loss: 8.654e-01, Loss_bcs: 2.787e-01, Loss_res: 6.576e-01,Time: 0.02
adaptive_constant_res_val: 0.689292
adaptive_constant_bc_val: 1.310708
It: 23700, Loss: 7.776e-01, Loss_bcs: 2.701e-01, Loss_res: 6.145e-01,Time: 0.02
adaptive_constant_res_val: 0.695129
adaptive_constant_bc_val: 1.304871
It: 23800, Loss: 7.052e-01, Loss_bcs: 2.859e-01, Loss_res: 4.779e-01,Time: 0.02
adaptive_constant_res_val: 0.756766
adaptive_constant_bc_val: 1.243234
It: 23900, Loss: 1.056e+00, Loss_bcs: 2.801e-01, Loss_res: 9.357e-01,Time: 0.02
adaptive_constant_res_val: 0.751376
adaptive_constant_bc_val: 1.248624
It: 24000, Loss: 1.243e+00, Loss_bcs: 2.907e-01, Loss_res: 1.171e+00,Time: 0.01
adaptive_constant_res_val: 0.880708
adaptive_constant_bc_val: 1.119292
It: 24100, Loss: 9.206e-01, Loss_bcs: 2.854e-01, Loss_res: 6.826e-01,Time: 0.01
adaptive_constant_res_val: 0.791904
adaptive_constant_bc_val: 1.208096
It: 24200, Loss: 1.023e+00, Loss_bcs: 2.636e-01, Loss_res: 8.898e-01,Time: 0.02
adaptive_constant_res_val: 0.924666
adaptive_constant_bc_val: 1.075334
It: 24300, Loss: 1.194e+00, Loss_bcs: 2.894e-01, Loss_res: 9.548e-01,Time: 0.01
adaptive_constant_res_val: 0.850595
adaptive_constant_bc_val: 1.149405
It: 24400, Loss: 8.532e-01, Loss_bcs: 2.591e-01, Loss_res: 6.529e-01,Time: 0.01
adaptive_constant_res_val: 0.756955
adaptive_constant_bc_val: 1.243045
It: 24500, Loss: 1.009e+00, Loss_bcs: 2.594e-01, Loss_res: 9.066e-01,Time: 0.01
adaptive_constant_res_val: 0.925170
adaptive_constant_bc_val: 1.074830
It: 24600, Loss: 1.056e+00, Loss_bcs: 2.653e-01, Loss_res: 8.328e-01,Time: 0.02
adaptive_constant_res_val: 0.975701
adaptive_constant_bc_val: 1.024299
It: 24700, Loss: 1.086e+00, Loss_bcs: 2.675e-01, Loss_res: 8.324e-01,Time: 0.01
adaptive_constant_res_val: 1.001038
adaptive_constant_bc_val: 0.998962
It: 24800, Loss: 1.440e+00, Loss_bcs: 2.836e-01, Loss_res: 1.155e+00,Time: 0.01
adaptive_constant_res_val: 1.095385
adaptive_constant_bc_val: 0.904615
It: 24900, Loss: 9.293e-01, Loss_bcs: 2.787e-01, Loss_res: 6.182e-01,Time: 0.02
adaptive_constant_res_val: 0.974024
adaptive_constant_bc_val: 1.025976
It: 25000, Loss: 1.084e+00, Loss_bcs: 2.603e-01, Loss_res: 8.386e-01,Time: 0.02
adaptive_constant_res_val: 0.950553
adaptive_constant_bc_val: 1.049447
It: 25100, Loss: 9.195e-01, Loss_bcs: 2.851e-01, Loss_res: 6.526e-01,Time: 0.01
adaptive_constant_res_val: 0.762148
adaptive_constant_bc_val: 1.237852
It: 25200, Loss: 9.607e-01, Loss_bcs: 2.718e-01, Loss_res: 8.190e-01,Time: 0.03
adaptive_constant_res_val: 0.715722
adaptive_constant_bc_val: 1.284278
It: 25300, Loss: 7.139e-01, Loss_bcs: 2.551e-01, Loss_res: 5.397e-01,Time: 0.01
adaptive_constant_res_val: 0.778117
adaptive_constant_bc_val: 1.221883
It: 25400, Loss: 8.459e-01, Loss_bcs: 2.602e-01, Loss_res: 6.786e-01,Time: 0.10
adaptive_constant_res_val: 0.903319
adaptive_constant_bc_val: 1.096681
It: 25500, Loss: 8.389e-01, Loss_bcs: 2.739e-01, Loss_res: 5.961e-01,Time: 0.03
adaptive_constant_res_val: 0.767669
adaptive_constant_bc_val: 1.232331
It: 25600, Loss: 1.069e+00, Loss_bcs: 2.895e-01, Loss_res: 9.276e-01,Time: 0.01
adaptive_constant_res_val: 0.844512
adaptive_constant_bc_val: 1.155488
It: 25700, Loss: 1.041e+00, Loss_bcs: 2.593e-01, Loss_res: 8.776e-01,Time: 0.02
adaptive_constant_res_val: 0.910790
adaptive_constant_bc_val: 1.089210
It: 25800, Loss: 9.183e-01, Loss_bcs: 2.851e-01, Loss_res: 6.673e-01,Time: 0.04
adaptive_constant_res_val: 0.749526
adaptive_constant_bc_val: 1.250474
It: 25900, Loss: 8.543e-01, Loss_bcs: 2.659e-01, Loss_res: 6.962e-01,Time: 0.01
adaptive_constant_res_val: 0.886365
adaptive_constant_bc_val: 1.113635
It: 26000, Loss: 8.945e-01, Loss_bcs: 2.779e-01, Loss_res: 6.600e-01,Time: 0.01
adaptive_constant_res_val: 0.758655
adaptive_constant_bc_val: 1.241345
It: 26100, Loss: 9.517e-01, Loss_bcs: 3.026e-01, Loss_res: 7.593e-01,Time: 0.01
adaptive_constant_res_val: 0.800923
adaptive_constant_bc_val: 1.199077
It: 26200, Loss: 9.768e-01, Loss_bcs: 2.697e-01, Loss_res: 8.159e-01,Time: 0.02
adaptive_constant_res_val: 0.839428
adaptive_constant_bc_val: 1.160572
It: 26300, Loss: 1.018e+00, Loss_bcs: 2.612e-01, Loss_res: 8.515e-01,Time: 0.02
adaptive_constant_res_val: 0.941000
adaptive_constant_bc_val: 1.059000
It: 26400, Loss: 8.810e-01, Loss_bcs: 2.823e-01, Loss_res: 6.186e-01,Time: 0.02
adaptive_constant_res_val: 0.831131
adaptive_constant_bc_val: 1.168869
It: 26500, Loss: 8.279e-01, Loss_bcs: 2.601e-01, Loss_res: 6.303e-01,Time: 0.02
adaptive_constant_res_val: 0.756855
adaptive_constant_bc_val: 1.243145
It: 26600, Loss: 7.548e-01, Loss_bcs: 2.429e-01, Loss_res: 5.983e-01,Time: 0.09
adaptive_constant_res_val: 0.842458
adaptive_constant_bc_val: 1.157542
It: 26700, Loss: 1.094e+00, Loss_bcs: 2.628e-01, Loss_res: 9.375e-01,Time: 0.03
adaptive_constant_res_val: 0.840826
adaptive_constant_bc_val: 1.159174
It: 26800, Loss: 8.048e-01, Loss_bcs: 2.453e-01, Loss_res: 6.191e-01,Time: 0.01
adaptive_constant_res_val: 0.852050
adaptive_constant_bc_val: 1.147950
It: 26900, Loss: 7.474e-01, Loss_bcs: 2.703e-01, Loss_res: 5.129e-01,Time: 0.02
adaptive_constant_res_val: 0.738844
adaptive_constant_bc_val: 1.261156
It: 27000, Loss: 9.981e-01, Loss_bcs: 2.635e-01, Loss_res: 9.011e-01,Time: 0.01
adaptive_constant_res_val: 0.867038
adaptive_constant_bc_val: 1.132962
It: 27100, Loss: 8.549e-01, Loss_bcs: 2.687e-01, Loss_res: 6.348e-01,Time: 0.03
adaptive_constant_res_val: 0.789057
adaptive_constant_bc_val: 1.210943
It: 27200, Loss: 1.011e+00, Loss_bcs: 2.645e-01, Loss_res: 8.752e-01,Time: 0.02
adaptive_constant_res_val: 1.009288
adaptive_constant_bc_val: 0.990712
It: 27300, Loss: 1.028e+00, Loss_bcs: 2.426e-01, Loss_res: 7.800e-01,Time: 0.02
adaptive_constant_res_val: 0.939176
adaptive_constant_bc_val: 1.060824
It: 27400, Loss: 9.473e-01, Loss_bcs: 2.522e-01, Loss_res: 7.237e-01,Time: 0.08
adaptive_constant_res_val: 0.843750
adaptive_constant_bc_val: 1.156250
It: 27500, Loss: 9.768e-01, Loss_bcs: 2.801e-01, Loss_res: 7.738e-01,Time: 0.01
adaptive_constant_res_val: 0.701670
adaptive_constant_bc_val: 1.298330
It: 27600, Loss: 8.148e-01, Loss_bcs: 2.679e-01, Loss_res: 6.655e-01,Time: 0.03
adaptive_constant_res_val: 0.866102
adaptive_constant_bc_val: 1.133898
It: 27700, Loss: 1.030e+00, Loss_bcs: 2.703e-01, Loss_res: 8.359e-01,Time: 0.02
adaptive_constant_res_val: 0.854146
adaptive_constant_bc_val: 1.145854
It: 27800, Loss: 7.459e-01, Loss_bcs: 2.628e-01, Loss_res: 5.208e-01,Time: 0.01
adaptive_constant_res_val: 0.743708
adaptive_constant_bc_val: 1.256292
It: 27900, Loss: 9.439e-01, Loss_bcs: 2.835e-01, Loss_res: 7.902e-01,Time: 0.01
adaptive_constant_res_val: 0.797951
adaptive_constant_bc_val: 1.202049
It: 28000, Loss: 9.984e-01, Loss_bcs: 2.511e-01, Loss_res: 8.729e-01,Time: 0.12
adaptive_constant_res_val: 0.789457
adaptive_constant_bc_val: 1.210543
It: 28100, Loss: 1.080e+00, Loss_bcs: 2.845e-01, Loss_res: 9.314e-01,Time: 0.01
adaptive_constant_res_val: 0.841209
adaptive_constant_bc_val: 1.158791
It: 28200, Loss: 9.236e-01, Loss_bcs: 2.618e-01, Loss_res: 7.373e-01,Time: 0.05
adaptive_constant_res_val: 0.767323
adaptive_constant_bc_val: 1.232677
It: 28300, Loss: 7.928e-01, Loss_bcs: 2.341e-01, Loss_res: 6.571e-01,Time: 0.01
adaptive_constant_res_val: 0.733492
adaptive_constant_bc_val: 1.266508
It: 28400, Loss: 7.230e-01, Loss_bcs: 2.727e-01, Loss_res: 5.150e-01,Time: 0.02
adaptive_constant_res_val: 0.710899
adaptive_constant_bc_val: 1.289101
It: 28500, Loss: 8.317e-01, Loss_bcs: 2.736e-01, Loss_res: 6.739e-01,Time: 0.03
adaptive_constant_res_val: 0.767910
adaptive_constant_bc_val: 1.232090
It: 28600, Loss: 9.438e-01, Loss_bcs: 2.642e-01, Loss_res: 8.051e-01,Time: 0.02
adaptive_constant_res_val: 0.868914
adaptive_constant_bc_val: 1.131086
It: 28700, Loss: 1.018e+00, Loss_bcs: 2.783e-01, Loss_res: 8.095e-01,Time: 0.02
adaptive_constant_res_val: 1.044454
adaptive_constant_bc_val: 0.955546
It: 28800, Loss: 9.677e-01, Loss_bcs: 2.828e-01, Loss_res: 6.678e-01,Time: 0.02
adaptive_constant_res_val: 0.876244
adaptive_constant_bc_val: 1.123756
It: 28900, Loss: 9.542e-01, Loss_bcs: 2.576e-01, Loss_res: 7.586e-01,Time: 0.01
adaptive_constant_res_val: 0.767657
adaptive_constant_bc_val: 1.232343
It: 29000, Loss: 6.937e-01, Loss_bcs: 2.546e-01, Loss_res: 4.950e-01,Time: 0.01
adaptive_constant_res_val: 0.755894
adaptive_constant_bc_val: 1.244106
It: 29100, Loss: 1.057e+00, Loss_bcs: 2.512e-01, Loss_res: 9.844e-01,Time: 0.02
adaptive_constant_res_val: 0.919501
adaptive_constant_bc_val: 1.080499
It: 29200, Loss: 9.671e-01, Loss_bcs: 2.710e-01, Loss_res: 7.333e-01,Time: 0.03
adaptive_constant_res_val: 1.018671
adaptive_constant_bc_val: 0.981329
It: 29300, Loss: 9.800e-01, Loss_bcs: 2.543e-01, Loss_res: 7.170e-01,Time: 0.02
adaptive_constant_res_val: 0.967451
adaptive_constant_bc_val: 1.032549
It: 29400, Loss: 7.966e-01, Loss_bcs: 2.657e-01, Loss_res: 5.398e-01,Time: 0.03
adaptive_constant_res_val: 0.760312
adaptive_constant_bc_val: 1.239688
It: 29500, Loss: 1.003e+00, Loss_bcs: 2.736e-01, Loss_res: 8.727e-01,Time: 0.04
adaptive_constant_res_val: 0.823779
adaptive_constant_bc_val: 1.176221
It: 29600, Loss: 9.455e-01, Loss_bcs: 2.484e-01, Loss_res: 7.930e-01,Time: 0.02
adaptive_constant_res_val: 0.964130
adaptive_constant_bc_val: 1.035870
It: 29700, Loss: 9.582e-01, Loss_bcs: 2.252e-01, Loss_res: 7.519e-01,Time: 0.04
adaptive_constant_res_val: 0.977588
adaptive_constant_bc_val: 1.022412
It: 29800, Loss: 1.050e+00, Loss_bcs: 2.510e-01, Loss_res: 8.120e-01,Time: 0.02
adaptive_constant_res_val: 1.035034
adaptive_constant_bc_val: 0.964966
It: 29900, Loss: 1.060e+00, Loss_bcs: 2.731e-01, Loss_res: 7.693e-01,Time: 0.03
adaptive_constant_res_val: 0.913389
adaptive_constant_bc_val: 1.086611
It: 30000, Loss: 7.084e-01, Loss_bcs: 2.511e-01, Loss_res: 4.768e-01,Time: 0.03
adaptive_constant_res_val: 0.818806
adaptive_constant_bc_val: 1.181194
It: 30100, Loss: 8.199e-01, Loss_bcs: 2.457e-01, Loss_res: 6.470e-01,Time: 0.01
adaptive_constant_res_val: 0.829011
adaptive_constant_bc_val: 1.170989
It: 30200, Loss: 7.826e-01, Loss_bcs: 2.455e-01, Loss_res: 5.973e-01,Time: 0.01
adaptive_constant_res_val: 0.741044
adaptive_constant_bc_val: 1.258956
It: 30300, Loss: 6.435e-01, Loss_bcs: 2.456e-01, Loss_res: 4.511e-01,Time: 0.01
adaptive_constant_res_val: 0.701019
adaptive_constant_bc_val: 1.298981
It: 30400, Loss: 7.419e-01, Loss_bcs: 2.548e-01, Loss_res: 5.861e-01,Time: 0.02
adaptive_constant_res_val: 0.883800
adaptive_constant_bc_val: 1.116200
It: 30500, Loss: 8.693e-01, Loss_bcs: 2.614e-01, Loss_res: 6.535e-01,Time: 0.01
adaptive_constant_res_val: 0.772061
adaptive_constant_bc_val: 1.227939
It: 30600, Loss: 7.936e-01, Loss_bcs: 2.614e-01, Loss_res: 6.120e-01,Time: 0.02
adaptive_constant_res_val: 0.892943
adaptive_constant_bc_val: 1.107057
It: 30700, Loss: 9.198e-01, Loss_bcs: 2.690e-01, Loss_res: 6.966e-01,Time: 0.03
adaptive_constant_res_val: 0.770096
adaptive_constant_bc_val: 1.229904
It: 30800, Loss: 1.026e+00, Loss_bcs: 2.584e-01, Loss_res: 9.200e-01,Time: 0.01
adaptive_constant_res_val: 0.836739
adaptive_constant_bc_val: 1.163261
It: 30900, Loss: 8.635e-01, Loss_bcs: 2.295e-01, Loss_res: 7.129e-01,Time: 0.03
adaptive_constant_res_val: 0.873505
adaptive_constant_bc_val: 1.126495
It: 31000, Loss: 7.613e-01, Loss_bcs: 2.643e-01, Loss_res: 5.307e-01,Time: 0.03
adaptive_constant_res_val: 0.684764
adaptive_constant_bc_val: 1.315236
It: 31100, Loss: 8.081e-01, Loss_bcs: 2.579e-01, Loss_res: 6.848e-01,Time: 0.01
adaptive_constant_res_val: 0.869446
adaptive_constant_bc_val: 1.130554
It: 31200, Loss: 1.096e+00, Loss_bcs: 2.610e-01, Loss_res: 9.213e-01,Time: 0.02
adaptive_constant_res_val: 0.985267
adaptive_constant_bc_val: 1.014733
It: 31300, Loss: 1.035e+00, Loss_bcs: 2.660e-01, Loss_res: 7.767e-01,Time: 0.01
adaptive_constant_res_val: 0.903192
adaptive_constant_bc_val: 1.096808
It: 31400, Loss: 8.269e-01, Loss_bcs: 2.658e-01, Loss_res: 5.928e-01,Time: 0.01
adaptive_constant_res_val: 0.892460
adaptive_constant_bc_val: 1.107540
It: 31500, Loss: 8.295e-01, Loss_bcs: 2.445e-01, Loss_res: 6.261e-01,Time: 0.03
adaptive_constant_res_val: 0.980530
adaptive_constant_bc_val: 1.019470
It: 31600, Loss: 1.071e+00, Loss_bcs: 2.755e-01, Loss_res: 8.055e-01,Time: 0.02
adaptive_constant_res_val: 0.905107
adaptive_constant_bc_val: 1.094893
It: 31700, Loss: 1.056e+00, Loss_bcs: 2.283e-01, Loss_res: 8.902e-01,Time: 0.03
adaptive_constant_res_val: 1.035490
adaptive_constant_bc_val: 0.964510
It: 31800, Loss: 1.070e+00, Loss_bcs: 2.502e-01, Loss_res: 8.002e-01,Time: 0.02
adaptive_constant_res_val: 1.069380
adaptive_constant_bc_val: 0.930620
It: 31900, Loss: 7.666e-01, Loss_bcs: 2.560e-01, Loss_res: 4.940e-01,Time: 0.01
adaptive_constant_res_val: 0.811414
adaptive_constant_bc_val: 1.188586
It: 32000, Loss: 1.012e+00, Loss_bcs: 2.682e-01, Loss_res: 8.541e-01,Time: 0.01
adaptive_constant_res_val: 0.922455
adaptive_constant_bc_val: 1.077545
It: 32100, Loss: 6.625e-01, Loss_bcs: 2.356e-01, Loss_res: 4.430e-01,Time: 0.02
adaptive_constant_res_val: 0.820213
adaptive_constant_bc_val: 1.179787
It: 32200, Loss: 9.394e-01, Loss_bcs: 2.508e-01, Loss_res: 7.846e-01,Time: 0.01
adaptive_constant_res_val: 0.876613
adaptive_constant_bc_val: 1.123387
It: 32300, Loss: 8.866e-01, Loss_bcs: 2.491e-01, Loss_res: 6.921e-01,Time: 0.02
adaptive_constant_res_val: 0.843457
adaptive_constant_bc_val: 1.156543
It: 32400, Loss: 1.097e+00, Loss_bcs: 2.546e-01, Loss_res: 9.513e-01,Time: 0.03
adaptive_constant_res_val: 0.848556
adaptive_constant_bc_val: 1.151444
It: 32500, Loss: 1.042e+00, Loss_bcs: 2.439e-01, Loss_res: 8.976e-01,Time: 0.01
adaptive_constant_res_val: 0.997375
adaptive_constant_bc_val: 1.002625
It: 32600, Loss: 9.924e-01, Loss_bcs: 2.475e-01, Loss_res: 7.462e-01,Time: 0.01
adaptive_constant_res_val: 0.979188
adaptive_constant_bc_val: 1.020812
It: 32700, Loss: 8.722e-01, Loss_bcs: 2.517e-01, Loss_res: 6.284e-01,Time: 0.01
adaptive_constant_res_val: 0.795573
adaptive_constant_bc_val: 1.204427
It: 32800, Loss: 1.298e+00, Loss_bcs: 2.808e-01, Loss_res: 1.207e+00,Time: 0.01
adaptive_constant_res_val: 0.793259
adaptive_constant_bc_val: 1.206741
It: 32900, Loss: 9.269e-01, Loss_bcs: 2.553e-01, Loss_res: 7.802e-01,Time: 0.03
adaptive_constant_res_val: 1.076320
adaptive_constant_bc_val: 0.923680
It: 33000, Loss: 1.423e+00, Loss_bcs: 2.436e-01, Loss_res: 1.113e+00,Time: 0.04
adaptive_constant_res_val: 1.101644
adaptive_constant_bc_val: 0.898356
It: 33100, Loss: 9.107e-01, Loss_bcs: 2.564e-01, Loss_res: 6.176e-01,Time: 0.01
adaptive_constant_res_val: 0.946802
adaptive_constant_bc_val: 1.053198
It: 33200, Loss: 7.254e-01, Loss_bcs: 2.463e-01, Loss_res: 4.922e-01,Time: 0.02
adaptive_constant_res_val: 0.760549
adaptive_constant_bc_val: 1.239451
It: 33300, Loss: 8.381e-01, Loss_bcs: 2.429e-01, Loss_res: 7.060e-01,Time: 0.01
adaptive_constant_res_val: 1.003543
adaptive_constant_bc_val: 0.996457
It: 33400, Loss: 8.591e-01, Loss_bcs: 2.515e-01, Loss_res: 6.064e-01,Time: 0.04
adaptive_constant_res_val: 0.854919
adaptive_constant_bc_val: 1.145081
It: 33500, Loss: 8.816e-01, Loss_bcs: 2.772e-01, Loss_res: 6.599e-01,Time: 0.01
adaptive_constant_res_val: 0.877761
adaptive_constant_bc_val: 1.122239
It: 33600, Loss: 7.644e-01, Loss_bcs: 2.301e-01, Loss_res: 5.767e-01,Time: 0.01
adaptive_constant_res_val: 0.753351
adaptive_constant_bc_val: 1.246649
It: 33700, Loss: 1.010e+00, Loss_bcs: 2.443e-01, Loss_res: 9.358e-01,Time: 0.02
adaptive_constant_res_val: 0.897906
adaptive_constant_bc_val: 1.102094
It: 33800, Loss: 7.161e-01, Loss_bcs: 2.429e-01, Loss_res: 4.994e-01,Time: 0.02
adaptive_constant_res_val: 0.765538
adaptive_constant_bc_val: 1.234462
It: 33900, Loss: 6.823e-01, Loss_bcs: 2.443e-01, Loss_res: 4.973e-01,Time: 0.02
adaptive_constant_res_val: 0.796621
adaptive_constant_bc_val: 1.203379
It: 34000, Loss: 1.015e+00, Loss_bcs: 2.453e-01, Loss_res: 9.039e-01,Time: 0.01
adaptive_constant_res_val: 1.016551
adaptive_constant_bc_val: 0.983449
It: 34100, Loss: 8.375e-01, Loss_bcs: 2.430e-01, Loss_res: 5.888e-01,Time: 0.01
adaptive_constant_res_val: 0.897117
adaptive_constant_bc_val: 1.102883
It: 34200, Loss: 9.849e-01, Loss_bcs: 2.650e-01, Loss_res: 7.721e-01,Time: 0.02
adaptive_constant_res_val: 0.855854
adaptive_constant_bc_val: 1.144146
It: 34300, Loss: 8.448e-01, Loss_bcs: 2.449e-01, Loss_res: 6.596e-01,Time: 0.02
adaptive_constant_res_val: 0.802528
adaptive_constant_bc_val: 1.197472
It: 34400, Loss: 7.055e-01, Loss_bcs: 2.730e-01, Loss_res: 4.717e-01,Time: 0.01
adaptive_constant_res_val: 0.704906
adaptive_constant_bc_val: 1.295094
It: 34500, Loss: 6.738e-01, Loss_bcs: 2.601e-01, Loss_res: 4.781e-01,Time: 0.02
adaptive_constant_res_val: 0.727823
adaptive_constant_bc_val: 1.272177
It: 34600, Loss: 8.156e-01, Loss_bcs: 2.609e-01, Loss_res: 6.646e-01,Time: 0.01
adaptive_constant_res_val: 0.868445
adaptive_constant_bc_val: 1.131555
It: 34700, Loss: 6.440e-01, Loss_bcs: 2.291e-01, Loss_res: 4.430e-01,Time: 0.01
adaptive_constant_res_val: 0.753931
adaptive_constant_bc_val: 1.246069
It: 34800, Loss: 7.397e-01, Loss_bcs: 2.690e-01, Loss_res: 5.366e-01,Time: 0.01
adaptive_constant_res_val: 0.679920
adaptive_constant_bc_val: 1.320080
It: 34900, Loss: 8.835e-01, Loss_bcs: 2.358e-01, Loss_res: 8.416e-01,Time: 0.04
adaptive_constant_res_val: 0.871692
adaptive_constant_bc_val: 1.128308
It: 35000, Loss: 8.796e-01, Loss_bcs: 2.427e-01, Loss_res: 6.948e-01,Time: 0.04
adaptive_constant_res_val: 1.024420
adaptive_constant_bc_val: 0.975580
It: 35100, Loss: 6.946e-01, Loss_bcs: 2.557e-01, Loss_res: 4.346e-01,Time: 0.03
adaptive_constant_res_val: 0.912126
adaptive_constant_bc_val: 1.087874
It: 35200, Loss: 6.837e-01, Loss_bcs: 2.394e-01, Loss_res: 4.640e-01,Time: 0.02
adaptive_constant_res_val: 0.827287
adaptive_constant_bc_val: 1.172713
It: 35300, Loss: 7.597e-01, Loss_bcs: 2.351e-01, Loss_res: 5.849e-01,Time: 0.03
adaptive_constant_res_val: 0.880443
adaptive_constant_bc_val: 1.119557
It: 35400, Loss: 7.806e-01, Loss_bcs: 2.443e-01, Loss_res: 5.760e-01,Time: 0.04
adaptive_constant_res_val: 0.773629
adaptive_constant_bc_val: 1.226371
It: 35500, Loss: 7.246e-01, Loss_bcs: 2.256e-01, Loss_res: 5.790e-01,Time: 0.01
adaptive_constant_res_val: 0.892837
adaptive_constant_bc_val: 1.107163
It: 35600, Loss: 8.163e-01, Loss_bcs: 2.631e-01, Loss_res: 5.880e-01,Time: 0.02
adaptive_constant_res_val: 0.902570
adaptive_constant_bc_val: 1.097430
It: 35700, Loss: 8.187e-01, Loss_bcs: 2.542e-01, Loss_res: 5.980e-01,Time: 0.03
adaptive_constant_res_val: 0.941156
adaptive_constant_bc_val: 1.058844
It: 35800, Loss: 1.185e+00, Loss_bcs: 2.572e-01, Loss_res: 9.702e-01,Time: 0.01
adaptive_constant_res_val: 0.895836
adaptive_constant_bc_val: 1.104164
It: 35900, Loss: 9.104e-01, Loss_bcs: 2.425e-01, Loss_res: 7.173e-01,Time: 0.06
adaptive_constant_res_val: 1.120957
adaptive_constant_bc_val: 0.879043
It: 36000, Loss: 8.942e-01, Loss_bcs: 2.625e-01, Loss_res: 5.919e-01,Time: 0.02
adaptive_constant_res_val: 0.839541
adaptive_constant_bc_val: 1.160459
It: 36100, Loss: 8.540e-01, Loss_bcs: 2.535e-01, Loss_res: 6.668e-01,Time: 0.01
adaptive_constant_res_val: 0.933922
adaptive_constant_bc_val: 1.066078
It: 36200, Loss: 1.017e+00, Loss_bcs: 2.148e-01, Loss_res: 8.442e-01,Time: 0.01
adaptive_constant_res_val: 0.985744
adaptive_constant_bc_val: 1.014256
It: 36300, Loss: 8.559e-01, Loss_bcs: 2.615e-01, Loss_res: 5.993e-01,Time: 0.01
adaptive_constant_res_val: 0.814649
adaptive_constant_bc_val: 1.185351
It: 36400, Loss: 8.443e-01, Loss_bcs: 2.236e-01, Loss_res: 7.110e-01,Time: 0.01
adaptive_constant_res_val: 0.915086
adaptive_constant_bc_val: 1.084914
It: 36500, Loss: 8.698e-01, Loss_bcs: 2.160e-01, Loss_res: 6.945e-01,Time: 0.03
adaptive_constant_res_val: 0.860643
adaptive_constant_bc_val: 1.139357
It: 36600, Loss: 9.446e-01, Loss_bcs: 2.516e-01, Loss_res: 7.645e-01,Time: 0.03
adaptive_constant_res_val: 0.986068
adaptive_constant_bc_val: 1.013932
It: 36700, Loss: 8.692e-01, Loss_bcs: 2.369e-01, Loss_res: 6.379e-01,Time: 0.01
adaptive_constant_res_val: 1.008609
adaptive_constant_bc_val: 0.991391
It: 36800, Loss: 8.430e-01, Loss_bcs: 2.411e-01, Loss_res: 5.988e-01,Time: 0.02
adaptive_constant_res_val: 0.960068
adaptive_constant_bc_val: 1.039932
It: 36900, Loss: 9.879e-01, Loss_bcs: 2.662e-01, Loss_res: 7.406e-01,Time: 0.02
adaptive_constant_res_val: 0.879533
adaptive_constant_bc_val: 1.120467
It: 37000, Loss: 5.985e-01, Loss_bcs: 2.423e-01, Loss_res: 3.719e-01,Time: 0.02
adaptive_constant_res_val: 0.828792
adaptive_constant_bc_val: 1.171208
It: 37100, Loss: 7.456e-01, Loss_bcs: 2.367e-01, Loss_res: 5.652e-01,Time: 0.02
adaptive_constant_res_val: 0.796959
adaptive_constant_bc_val: 1.203041
It: 37200, Loss: 1.109e+00, Loss_bcs: 2.436e-01, Loss_res: 1.023e+00,Time: 0.04
adaptive_constant_res_val: 0.945153
adaptive_constant_bc_val: 1.054847
It: 37300, Loss: 7.890e-01, Loss_bcs: 2.756e-01, Loss_res: 5.272e-01,Time: 0.02
adaptive_constant_res_val: 0.840561
adaptive_constant_bc_val: 1.159439
It: 37400, Loss: 8.050e-01, Loss_bcs: 2.596e-01, Loss_res: 5.996e-01,Time: 0.02
adaptive_constant_res_val: 0.848853
adaptive_constant_bc_val: 1.151147
It: 37500, Loss: 7.536e-01, Loss_bcs: 2.532e-01, Loss_res: 5.444e-01,Time: 0.01
adaptive_constant_res_val: 0.814210
adaptive_constant_bc_val: 1.185790
It: 37600, Loss: 6.662e-01, Loss_bcs: 2.276e-01, Loss_res: 4.867e-01,Time: 0.01
adaptive_constant_res_val: 0.878635
adaptive_constant_bc_val: 1.121365
It: 37700, Loss: 1.072e+00, Loss_bcs: 2.403e-01, Loss_res: 9.138e-01,Time: 0.01
adaptive_constant_res_val: 1.150961
adaptive_constant_bc_val: 0.849039
It: 37800, Loss: 1.396e+00, Loss_bcs: 2.611e-01, Loss_res: 1.021e+00,Time: 0.01
adaptive_constant_res_val: 1.043456
adaptive_constant_bc_val: 0.956544
It: 37900, Loss: 1.158e+00, Loss_bcs: 2.562e-01, Loss_res: 8.745e-01,Time: 0.01
adaptive_constant_res_val: 1.068040
adaptive_constant_bc_val: 0.931960
It: 38000, Loss: 8.778e-01, Loss_bcs: 2.568e-01, Loss_res: 5.978e-01,Time: 0.03
adaptive_constant_res_val: 0.918537
adaptive_constant_bc_val: 1.081463
It: 38100, Loss: 6.741e-01, Loss_bcs: 2.435e-01, Loss_res: 4.471e-01,Time: 0.02
adaptive_constant_res_val: 0.731203
adaptive_constant_bc_val: 1.268797
It: 38200, Loss: 7.860e-01, Loss_bcs: 2.640e-01, Loss_res: 6.168e-01,Time: 0.02
adaptive_constant_res_val: 0.833798
adaptive_constant_bc_val: 1.166202
It: 38300, Loss: 7.641e-01, Loss_bcs: 2.526e-01, Loss_res: 5.631e-01,Time: 0.03
adaptive_constant_res_val: 0.857590
adaptive_constant_bc_val: 1.142410
It: 38400, Loss: 8.137e-01, Loss_bcs: 2.448e-01, Loss_res: 6.227e-01,Time: 0.02
adaptive_constant_res_val: 0.875374
adaptive_constant_bc_val: 1.124626
It: 38500, Loss: 7.097e-01, Loss_bcs: 2.419e-01, Loss_res: 4.999e-01,Time: 0.01
adaptive_constant_res_val: 0.837493
adaptive_constant_bc_val: 1.162507
It: 38600, Loss: 7.758e-01, Loss_bcs: 2.497e-01, Loss_res: 5.797e-01,Time: 0.01
adaptive_constant_res_val: 0.768361
adaptive_constant_bc_val: 1.231639
It: 38700, Loss: 8.277e-01, Loss_bcs: 2.539e-01, Loss_res: 6.703e-01,Time: 0.01
adaptive_constant_res_val: 0.725202
adaptive_constant_bc_val: 1.274798
It: 38800, Loss: 9.389e-01, Loss_bcs: 2.763e-01, Loss_res: 8.089e-01,Time: 0.01
adaptive_constant_res_val: 0.903670
adaptive_constant_bc_val: 1.096330
It: 38900, Loss: 7.643e-01, Loss_bcs: 2.446e-01, Loss_res: 5.490e-01,Time: 0.01
adaptive_constant_res_val: 0.856696
adaptive_constant_bc_val: 1.143304
It: 39000, Loss: 6.993e-01, Loss_bcs: 2.387e-01, Loss_res: 4.978e-01,Time: 0.01
adaptive_constant_res_val: 0.829084
adaptive_constant_bc_val: 1.170916
It: 39100, Loss: 1.066e+00, Loss_bcs: 2.368e-01, Loss_res: 9.517e-01,Time: 0.01
adaptive_constant_res_val: 0.963335
adaptive_constant_bc_val: 1.036665
It: 39200, Loss: 7.760e-01, Loss_bcs: 2.569e-01, Loss_res: 5.291e-01,Time: 0.01
adaptive_constant_res_val: 0.874404
adaptive_constant_bc_val: 1.125596
It: 39300, Loss: 8.046e-01, Loss_bcs: 2.650e-01, Loss_res: 5.791e-01,Time: 0.01
adaptive_constant_res_val: 0.692269
adaptive_constant_bc_val: 1.307731
It: 39400, Loss: 7.910e-01, Loss_bcs: 2.554e-01, Loss_res: 6.602e-01,Time: 0.01
adaptive_constant_res_val: 0.771005
adaptive_constant_bc_val: 1.228995
It: 39500, Loss: 7.379e-01, Loss_bcs: 2.552e-01, Loss_res: 5.503e-01,Time: 0.02
adaptive_constant_res_val: 0.745388
adaptive_constant_bc_val: 1.254612
It: 39600, Loss: 6.375e-01, Loss_bcs: 2.554e-01, Loss_res: 4.253e-01,Time: 0.01
adaptive_constant_res_val: 0.706900
adaptive_constant_bc_val: 1.293100
It: 39700, Loss: 1.031e+00, Loss_bcs: 2.702e-01, Loss_res: 9.642e-01,Time: 0.01
adaptive_constant_res_val: 0.820454
adaptive_constant_bc_val: 1.179546
It: 39800, Loss: 7.725e-01, Loss_bcs: 2.616e-01, Loss_res: 5.654e-01,Time: 0.01
adaptive_constant_res_val: 0.751875
adaptive_constant_bc_val: 1.248125
It: 39900, Loss: 8.878e-01, Loss_bcs: 2.484e-01, Loss_res: 7.685e-01,Time: 0.04
adaptive_constant_res_val: 0.912698
adaptive_constant_bc_val: 1.087302
Gradients information stored ...
It: 40000, Loss: 8.871e-01, Loss_bcs: 2.402e-01, Loss_res: 6.859e-01,Time: 1.21
adaptive_constant_res_val: 0.835018
adaptive_constant_bc_val: 1.164982
Relative L2 error_u: 2.25e-01
Relative L2 error_f: 1.11e-02
Save uv NN parameters successfully in %s ...checkpoints/Dec-18-2023_02-04-06-549308_relobralo
Final loss total loss: 8.923846e-01
Final loss loss_res: 6.915486e-01
Final loss loss_bcs: 2.402364e-01
Final loss loss_bc1: 3.191269e-02
Final loss loss_bc2: 3.695214e-02
Final loss loss_bc3: 1.278739e-01
Final loss loss_bc4: 4.349773e-02
average lambda_bc : 1.1938e+00
average lambda_res : 8.0621e-01


Method: mini_batch

average of time_list:7.7194e+02
average of error_u_list:2.2531e-01
average of error_v_list:1.1133e-02
