Gradients information stored ...
It: 100, Loss: 3.529e-01, Loss_res: 7.731e-03,  Loss_bcs: 3.386e-01, Loss_ut_ics: 6.614e-03,, Time: 22.97
update_loss_res: 1.8267e-02
update_loss_ics_u_t:1.3996e-02
update_loss_bcs: 2.9677e+00
max_grad_res: 2.898e-04
mean_grad_ics: 8.223e-04
mean_grad_bcs: 5.436e-04
Gradients information stored ...
It: 200, Loss: 1.929e+00, Loss_res: 4.607e-05,  Loss_bcs: 3.432e-01, Loss_ut_ics: 4.005e-01,, Time: 13.69
update_loss_res: 2.0925e-02
update_loss_ics_u_t:1.9471e+00
update_loss_bcs: 1.0320e+00
max_grad_res: 1.656e-05
mean_grad_ics: 5.754e-03
mean_grad_bcs: 2.146e-04
It: 300, Loss: 7.249e+00, Loss_res: 7.457e-07,  Loss_bcs: 5.377e-01, Loss_ut_ics: 8.703e-05,, Time: 7.34
update_loss_res: 1.1036e-02
update_loss_ics_u_t:3.2172e-02
update_loss_bcs: 2.9568e+00
max_grad_res: 8.328e-07
mean_grad_ics: 2.531e-05
mean_grad_bcs: 7.503e-04
It: 400, Loss: 7.870e+02, Loss_res: 3.773e-05,  Loss_bcs: 2.951e-01, Loss_ut_ics: 2.993e-01,, Time: 10.53
update_loss_res: 3.8086e-02
update_loss_ics_u_t:1.5619e+00
update_loss_bcs: 1.4000e+00
max_grad_res: 2.726e-06
mean_grad_ics: 9.244e-04
mean_grad_bcs: 1.343e-05
It: 500, Loss: 3.630e+00, Loss_res: 4.085e-08,  Loss_bcs: 5.238e-01, Loss_ut_ics: 2.894e-05,, Time: 7.90
update_loss_res: 9.6365e-03
update_loss_ics_u_t:1.0384e-02
update_loss_bcs: 2.9800e+00
max_grad_res: 3.910e-08
mean_grad_ics: 5.152e-06
mean_grad_bcs: 3.847e-04
It: 600, Loss: 9.814e+03, Loss_res: 4.787e-06,  Loss_bcs: 3.346e-01, Loss_ut_ics: 3.631e-01,, Time: 7.84
update_loss_res: 3.9203e-02
update_loss_ics_u_t:1.5886e+00
update_loss_bcs: 1.3721e+00
max_grad_res: 4.690e-07
mean_grad_ics: 1.062e-03
mean_grad_bcs: 4.131e-05
It: 700, Loss: 6.472e+01, Loss_res: 2.351e-07,  Loss_bcs: 5.331e-01, Loss_ut_ics: 7.433e-05,, Time: 8.16
update_loss_res: 2.0199e-02
update_loss_ics_u_t:2.2702e-02
update_loss_bcs: 2.9571e+00
max_grad_res: 5.303e-08
mean_grad_ics: 8.448e-06
mean_grad_bcs: 2.640e-04
It: 800, Loss: 5.868e+03, Loss_res: 8.272e-06,  Loss_bcs: 3.983e-01, Loss_ut_ics: 3.640e-01,, Time: 8.67
update_loss_res: 3.9386e-02
update_loss_ics_u_t:1.4810e+00
update_loss_bcs: 1.4796e+00
max_grad_res: 4.620e-07
mean_grad_ics: 9.251e-04
mean_grad_bcs: 6.151e-05
It: 900, Loss: 1.057e+02, Loss_res: 2.341e-07,  Loss_bcs: 5.326e-01, Loss_ut_ics: 2.669e-04,, Time: 10.06
update_loss_res: 2.4171e-02
update_loss_ics_u_t:2.7309e-02
update_loss_bcs: 2.9485e+00
max_grad_res: 3.709e-08
mean_grad_ics: 1.222e-05
mean_grad_bcs: 2.066e-04
It: 1000, Loss: 5.172e+03, Loss_res: 1.036e-05,  Loss_bcs: 3.143e-01, Loss_ut_ics: 3.932e-01,, Time: 10.53
update_loss_res: 3.8236e-02
update_loss_ics_u_t:1.5982e+00
update_loss_bcs: 1.3635e+00
max_grad_res: 5.208e-07
mean_grad_ics: 7.886e-04
mean_grad_bcs: 1.392e-05
Gradients information stored ...
It: 1100, Loss: 1.762e+01, Loss_res: 6.464e-07,  Loss_bcs: 4.816e-01, Loss_ut_ics: 7.857e-06,, Time: 14.03
update_loss_res: 1.5967e-02
update_loss_ics_u_t:1.8555e-02
update_loss_bcs: 2.9655e+00
max_grad_res: 4.316e-08
mean_grad_ics: 1.511e-06
mean_grad_bcs: 1.580e-04
It: 1200, Loss: 3.802e+03, Loss_res: 3.098e-06,  Loss_bcs: 3.500e-01, Loss_ut_ics: 3.527e-01,, Time: 9.18
update_loss_res: 4.0856e-02
update_loss_ics_u_t:1.3871e+00
update_loss_bcs: 1.5721e+00
max_grad_res: 1.912e-07
mean_grad_ics: 7.003e-04
mean_grad_bcs: 3.802e-05
It: 1300, Loss: 1.477e+02, Loss_res: 1.033e-07,  Loss_bcs: 4.694e-01, Loss_ut_ics: 1.827e-04,, Time: 9.68
update_loss_res: 2.4997e-02
update_loss_ics_u_t:2.7013e-02
update_loss_bcs: 2.9480e+00
max_grad_res: 1.663e-08
mean_grad_ics: 1.001e-05
mean_grad_bcs: 1.552e-04
It: 1400, Loss: 9.652e+03, Loss_res: 6.061e-06,  Loss_bcs: 3.502e-01, Loss_ut_ics: 3.519e-01,, Time: 7.59
update_loss_res: 4.2230e-02
update_loss_ics_u_t:1.5208e+00
update_loss_bcs: 1.4369e+00
max_grad_res: 2.148e-07
mean_grad_ics: 6.857e-04
mean_grad_bcs: 2.225e-05
It: 1500, Loss: 7.457e+01, Loss_res: 2.502e-07,  Loss_bcs: 4.986e-01, Loss_ut_ics: 6.187e-05,, Time: 14.09
update_loss_res: 1.9173e-02
update_loss_ics_u_t:2.0577e-02
update_loss_bcs: 2.9603e+00
max_grad_res: 1.478e-08
mean_grad_ics: 3.896e-06
mean_grad_bcs: 1.223e-04
It: 1600, Loss: 8.626e+03, Loss_res: 3.410e-06,  Loss_bcs: 3.519e-01, Loss_ut_ics: 3.929e-01,, Time: 7.96
update_loss_res: 3.6414e-02
update_loss_ics_u_t:1.6071e+00
update_loss_bcs: 1.3565e+00
max_grad_res: 1.366e-07
mean_grad_ics: 7.429e-04
mean_grad_bcs: 1.482e-05
It: 1700, Loss: 6.021e+01, Loss_res: 3.456e-07,  Loss_bcs: 4.073e-01, Loss_ut_ics: 1.938e-05,, Time: 8.06
update_loss_res: 1.9151e-02
update_loss_ics_u_t:1.9888e-02
update_loss_bcs: 2.9610e+00
max_grad_res: 1.954e-08
mean_grad_ics: 1.593e-06
mean_grad_bcs: 8.948e-05
It: 1800, Loss: 4.694e+03, Loss_res: 1.468e-06,  Loss_bcs: 3.461e-01, Loss_ut_ics: 3.956e-01,, Time: 8.00
update_loss_res: 3.9212e-02
update_loss_ics_u_t:1.3539e+00
update_loss_bcs: 1.6068e+00
max_grad_res: 8.398e-08
mean_grad_ics: 7.196e-04
mean_grad_bcs: 2.673e-05
It: 1900, Loss: 2.625e+02, Loss_res: 7.428e-09,  Loss_bcs: 5.113e-01, Loss_ut_ics: 8.669e-05,, Time: 7.98
update_loss_res: 2.3714e-02
update_loss_ics_u_t:2.4681e-02
update_loss_bcs: 2.9516e+00
max_grad_res: 3.024e-09
mean_grad_ics: 4.936e-06
mean_grad_bcs: 1.166e-04
It: 2000, Loss: 4.002e+04, Loss_res: 2.935e-05,  Loss_bcs: 3.495e-01, Loss_ut_ics: 4.671e-01,, Time: 7.93
update_loss_res: 3.9679e-02
update_loss_ics_u_t:1.4946e+00
update_loss_bcs: 1.4657e+00
max_grad_res: 3.170e-07
mean_grad_ics: 6.178e-04
mean_grad_bcs: 1.537e-05
It: 2100, Loss: 2.949e+01, Loss_res: 1.095e-05,  Loss_bcs: 3.956e-01, Loss_ut_ics: 2.032e-08,, Time: 7.97
update_loss_res: 2.5612e-02
update_loss_ics_u_t:3.2834e-02
update_loss_bcs: 2.9416e+00
max_grad_res: 5.650e-08
mean_grad_ics: 1.487e-08
mean_grad_bcs: 5.981e-05
It: 2200, Loss: 1.174e+03, Loss_res: 1.163e-05,  Loss_bcs: 3.753e-01, Loss_ut_ics: 2.870e-01,, Time: 7.94
update_loss_res: 4.3601e-02
update_loss_ics_u_t:9.4380e-02
update_loss_bcs: 2.8620e+00
max_grad_res: 1.844e-07
mean_grad_ics: 3.979e-04
mean_grad_bcs: 4.178e-05
It: 2300, Loss: 2.996e+02, Loss_res: 9.408e-07,  Loss_bcs: 4.180e-01, Loss_ut_ics: 1.394e-01,, Time: 7.98
update_loss_res: 6.5723e-02
update_loss_ics_u_t:4.3335e-01
update_loss_bcs: 2.5009e+00
max_grad_res: 2.515e-08
mean_grad_ics: 2.135e-04
mean_grad_bcs: 4.032e-05
It: 2400, Loss: 1.937e+03, Loss_res: 5.619e-09,  Loss_bcs: 4.553e-01, Loss_ut_ics: 3.050e-02,, Time: 7.94
update_loss_res: 4.3046e-02
update_loss_ics_u_t:6.3145e-02
update_loss_bcs: 2.8938e+00
max_grad_res: 1.043e-09
mean_grad_ics: 6.461e-05
mean_grad_bcs: 6.165e-05
It: 2500, Loss: 6.000e+04, Loss_res: 1.830e-07,  Loss_bcs: 3.433e-01, Loss_ut_ics: 3.258e-01,, Time: 7.92
update_loss_res: 4.9874e-02
update_loss_ics_u_t:1.2613e+00
update_loss_bcs: 1.6889e+00
max_grad_res: 8.089e-09
mean_grad_ics: 3.716e-04
mean_grad_bcs: 5.511e-06
It: 2600, Loss: 5.704e+02, Loss_res: 5.243e-08,  Loss_bcs: 4.944e-01, Loss_ut_ics: 2.092e-05,, Time: 8.20
update_loss_res: 2.0287e-02
update_loss_ics_u_t:2.0983e-02
update_loss_bcs: 2.9587e+00
max_grad_res: 2.029e-09
mean_grad_ics: 1.546e-06
mean_grad_bcs: 8.396e-05
It: 2700, Loss: 5.137e+04, Loss_res: 7.783e-06,  Loss_bcs: 4.189e-01, Loss_ut_ics: 4.655e-01,, Time: 8.01
update_loss_res: 3.8836e-02
update_loss_ics_u_t:1.5700e+00
update_loss_bcs: 1.3912e+00
max_grad_res: 1.130e-07
mean_grad_ics: 5.729e-04
mean_grad_bcs: 1.987e-05
It: 2800, Loss: 1.191e+02, Loss_res: 3.700e-07,  Loss_bcs: 4.864e-01, Loss_ut_ics: 2.612e-07,, Time: 7.95
update_loss_res: 2.1918e-02
update_loss_ics_u_t:2.6477e-02
update_loss_bcs: 2.9516e+00
max_grad_res: 2.377e-09
mean_grad_ics: 7.464e-08
mean_grad_bcs: 3.551e-05
It: 2900, Loss: 1.642e+04, Loss_res: 9.335e-08,  Loss_bcs: 3.724e-01, Loss_ut_ics: 4.061e-01,, Time: 7.97
update_loss_res: 4.6825e-02
update_loss_ics_u_t:1.1944e+00
update_loss_bcs: 1.7587e+00
max_grad_res: 9.896e-09
mean_grad_ics: 5.931e-04
mean_grad_bcs: 1.178e-05
It: 3000, Loss: 9.446e+02, Loss_res: 2.842e-08,  Loss_bcs: 4.497e-01, Loss_ut_ics: 4.310e-05,, Time: 7.90
update_loss_res: 2.2353e-02
update_loss_ics_u_t:2.2760e-02
update_loss_bcs: 2.9549e+00
max_grad_res: 2.441e-09
mean_grad_ics: 3.007e-06
mean_grad_bcs: 9.299e-05
It: 3100, Loss: 3.909e+04, Loss_res: 4.354e-06,  Loss_bcs: 3.467e-01, Loss_ut_ics: 3.545e-01,, Time: 7.90
update_loss_res: 3.7692e-02
update_loss_ics_u_t:1.5512e+00
update_loss_bcs: 1.4111e+00
max_grad_res: 5.301e-08
mean_grad_ics: 4.516e-04
mean_grad_bcs: 1.825e-05
It: 3200, Loss: 2.174e+02, Loss_res: 9.469e-08,  Loss_bcs: 4.466e-01, Loss_ut_ics: 2.865e-05,, Time: 8.16
update_loss_res: 1.9378e-02
update_loss_ics_u_t:2.1231e-02
update_loss_bcs: 2.9594e+00
max_grad_res: 1.367e-09
mean_grad_ics: 6.672e-07
mean_grad_bcs: 2.729e-05
It: 3300, Loss: 1.789e+04, Loss_res: 2.437e-06,  Loss_bcs: 3.020e-01, Loss_ut_ics: 3.635e-01,, Time: 8.11
update_loss_res: 4.5831e-02
update_loss_ics_u_t:1.2877e+00
update_loss_bcs: 1.6665e+00
max_grad_res: 4.941e-08
mean_grad_ics: 5.098e-04
mean_grad_bcs: 2.779e-05
It: 3400, Loss: 5.166e+02, Loss_res: 1.427e-06,  Loss_bcs: 5.473e-01, Loss_ut_ics: 1.684e-04,, Time: 7.90
update_loss_res: 2.0461e-02
update_loss_ics_u_t:2.1898e-02
update_loss_bcs: 2.9576e+00
max_grad_res: 4.876e-09
mean_grad_ics: 1.168e-06
mean_grad_bcs: 1.924e-05
It: 3500, Loss: 3.878e+03, Loss_res: 9.165e-07,  Loss_bcs: 3.318e-01, Loss_ut_ics: 4.409e-01,, Time: 7.92
update_loss_res: 4.7045e-02
update_loss_ics_u_t:4.6292e-01
update_loss_bcs: 2.4900e+00
max_grad_res: 4.053e-08
mean_grad_ics: 5.352e-04
mean_grad_bcs: 1.546e-05
It: 3600, Loss: 5.057e+02, Loss_res: 1.156e-06,  Loss_bcs: 5.236e-01, Loss_ut_ics: 1.138e-03,, Time: 8.01
update_loss_res: 2.5136e-02
update_loss_ics_u_t:2.8968e-02
update_loss_bcs: 2.9459e+00
max_grad_res: 6.018e-09
mean_grad_ics: 5.062e-06
mean_grad_bcs: 4.830e-05
It: 3700, Loss: 8.772e+03, Loss_res: 1.033e-07,  Loss_bcs: 3.706e-01, Loss_ut_ics: 3.868e-01,, Time: 7.93
update_loss_res: 4.8870e-02
update_loss_ics_u_t:1.0132e+00
update_loss_bcs: 1.9379e+00
max_grad_res: 5.783e-09
mean_grad_ics: 4.768e-04
mean_grad_bcs: 7.993e-06
It: 3800, Loss: 1.245e+03, Loss_res: 2.197e-08,  Loss_bcs: 4.636e-01, Loss_ut_ics: 3.728e-05,, Time: 8.03
update_loss_res: 2.1798e-02
update_loss_ics_u_t:2.2166e-02
update_loss_bcs: 2.9560e+00
max_grad_res: 1.871e-09
mean_grad_ics: 4.920e-06
mean_grad_bcs: 1.601e-04
It: 3900, Loss: 7.686e+04, Loss_res: 6.241e-06,  Loss_bcs: 3.035e-01, Loss_ut_ics: 3.239e-01,, Time: 7.92
update_loss_res: 3.9249e-02
update_loss_ics_u_t:1.5579e+00
update_loss_bcs: 1.4028e+00
max_grad_res: 7.191e-08
mean_grad_ics: 3.673e-04
mean_grad_bcs: 9.769e-06
It: 4000, Loss: 7.908e+01, Loss_res: 1.773e-06,  Loss_bcs: 4.085e-01, Loss_ut_ics: 3.307e-05,, Time: 7.91
update_loss_res: 2.4298e-02
update_loss_ics_u_t:2.7561e-02
update_loss_bcs: 2.9481e+00
max_grad_res: 5.753e-09
mean_grad_ics: 9.192e-07
mean_grad_bcs: 2.906e-05
It: 4100, Loss: 4.535e+03, Loss_res: 4.994e-07,  Loss_bcs: 3.042e-01, Loss_ut_ics: 3.904e-01,, Time: 8.06
update_loss_res: 4.6807e-02
update_loss_ics_u_t:2.4878e-01
update_loss_bcs: 2.7044e+00
max_grad_res: 3.361e-08
mean_grad_ics: 4.694e-04
mean_grad_bcs: 1.175e-05
It: 4200, Loss: 5.135e+02, Loss_res: 2.955e-06,  Loss_bcs: 5.227e-01, Loss_ut_ics: 4.323e-03,, Time: 7.90
update_loss_res: 3.6119e-02
update_loss_ics_u_t:5.4685e-02
update_loss_bcs: 2.9092e+00
max_grad_res: 8.293e-09
mean_grad_ics: 1.398e-05
mean_grad_bcs: 4.254e-05
It: 4300, Loss: 5.257e+03, Loss_res: 5.986e-08,  Loss_bcs: 3.498e-01, Loss_ut_ics: 3.871e-01,, Time: 7.88
update_loss_res: 5.3540e-02
update_loss_ics_u_t:5.9144e-01
update_loss_bcs: 2.3550e+00
max_grad_res: 6.626e-09
mean_grad_ics: 4.436e-04
mean_grad_bcs: 2.001e-05
It: 4400, Loss: 2.901e+03, Loss_res: 3.849e-07,  Loss_bcs: 4.009e-01, Loss_ut_ics: 1.185e-03,, Time: 8.13
update_loss_res: 2.7716e-02
update_loss_ics_u_t:2.9915e-02
update_loss_bcs: 2.9424e+00
max_grad_res: 2.232e-09
mean_grad_ics: 4.752e-06
mean_grad_bcs: 2.659e-05
It: 4500, Loss: 1.241e+04, Loss_res: 5.445e-08,  Loss_bcs: 3.533e-01, Loss_ut_ics: 3.689e-01,, Time: 7.95
update_loss_res: 4.8057e-02
update_loss_ics_u_t:1.1424e+00
update_loss_bcs: 1.8096e+00
max_grad_res: 4.954e-09
mean_grad_ics: 4.589e-04
mean_grad_bcs: 1.321e-05
It: 4600, Loss: 2.390e+03, Loss_res: 1.483e-08,  Loss_bcs: 4.938e-01, Loss_ut_ics: 7.735e-05,, Time: 8.07
update_loss_res: 2.3197e-02
update_loss_ics_u_t:2.3643e-02
update_loss_bcs: 2.9532e+00
max_grad_res: 8.027e-10
mean_grad_ics: 3.749e-06
mean_grad_bcs: 8.724e-05
It: 4700, Loss: 1.175e+05, Loss_res: 5.780e-06,  Loss_bcs: 3.654e-01, Loss_ut_ics: 3.517e-01,, Time: 8.16
update_loss_res: 3.8872e-02
update_loss_ics_u_t:1.5555e+00
update_loss_bcs: 1.4056e+00
max_grad_res: 5.497e-08
mean_grad_ics: 4.514e-04
mean_grad_bcs: 1.622e-05
It: 4800, Loss: 2.033e+02, Loss_res: 9.010e-07,  Loss_bcs: 4.876e-01, Loss_ut_ics: 2.960e-05,, Time: 8.51
update_loss_res: 2.6883e-02
update_loss_ics_u_t:3.1383e-02
update_loss_bcs: 2.9417e+00
max_grad_res: 4.337e-09
mean_grad_ics: 7.383e-07
mean_grad_bcs: 2.652e-05
It: 4900, Loss: 6.708e+03, Loss_res: 7.919e-08,  Loss_bcs: 3.728e-01, Loss_ut_ics: 3.719e-01,, Time: 7.88
update_loss_res: 4.6338e-02
update_loss_ics_u_t:1.9806e-01
update_loss_bcs: 2.7556e+00
max_grad_res: 3.691e-09
mean_grad_ics: 4.335e-04
mean_grad_bcs: 1.781e-05
It: 5000, Loss: 6.122e+03, Loss_res: 2.960e-07,  Loss_bcs: 4.410e-01, Loss_ut_ics: 1.103e-02,, Time: 7.81
update_loss_res: 2.9468e-02
update_loss_ics_u_t:3.5152e-02
update_loss_bcs: 2.9354e+00
max_grad_res: 2.159e-09
mean_grad_ics: 2.175e-05
mean_grad_bcs: 3.961e-05
It: 5100, Loss: 1.624e+04, Loss_res: 5.895e-07,  Loss_bcs: 2.990e-01, Loss_ut_ics: 3.644e-01,, Time: 7.50
update_loss_res: 4.5101e-02
update_loss_ics_u_t:1.1839e+00
update_loss_bcs: 1.7710e+00
max_grad_res: 1.605e-08
mean_grad_ics: 4.444e-04
mean_grad_bcs: 1.477e-05
It: 5200, Loss: 7.670e+02, Loss_res: 5.914e-07,  Loss_bcs: 4.677e-01, Loss_ut_ics: 9.912e-05,, Time: 8.03
update_loss_res: 2.3711e-02
update_loss_ics_u_t:2.5306e-02
update_loss_bcs: 2.9510e+00
max_grad_res: 2.447e-09
mean_grad_ics: 1.115e-06
mean_grad_bcs: 2.706e-05
It: 5300, Loss: 1.297e+04, Loss_res: 9.963e-07,  Loss_bcs: 3.970e-01, Loss_ut_ics: 4.108e-01,, Time: 7.80
update_loss_res: 4.7039e-02
update_loss_ics_u_t:8.5829e-01
update_loss_bcs: 2.0947e+00
max_grad_res: 3.989e-08
mean_grad_ics: 4.628e-04
mean_grad_bcs: 2.590e-05
It: 5400, Loss: 7.212e+02, Loss_res: 1.376e-06,  Loss_bcs: 5.264e-01, Loss_ut_ics: 3.528e-04,, Time: 7.57
update_loss_res: 2.7155e-02
update_loss_ics_u_t:3.1945e-02
update_loss_bcs: 2.9409e+00
max_grad_res: 4.667e-09
mean_grad_ics: 1.571e-06
mean_grad_bcs: 1.976e-05
It: 5500, Loss: 4.075e+03, Loss_res: 4.538e-07,  Loss_bcs: 3.268e-01, Loss_ut_ics: 3.561e-01,, Time: 8.41
update_loss_res: 4.2353e-02
update_loss_ics_u_t:1.0963e-01
update_loss_bcs: 2.8480e+00
max_grad_res: 1.044e-08
mean_grad_ics: 3.633e-04
mean_grad_bcs: 1.262e-05
It: 5600, Loss: 1.797e+03, Loss_res: 1.607e-06,  Loss_bcs: 4.956e-01, Loss_ut_ics: 2.196e-02,, Time: 7.63
update_loss_res: 4.2881e-02
update_loss_ics_u_t:6.9772e-02
update_loss_bcs: 2.8873e+00
max_grad_res: 4.276e-09
mean_grad_ics: 3.139e-05
mean_grad_bcs: 3.657e-05
It: 5700, Loss: 8.732e+03, Loss_res: 1.337e-07,  Loss_bcs: 3.460e-01, Loss_ut_ics: 3.626e-01,, Time: 7.77
update_loss_res: 5.3054e-02
update_loss_ics_u_t:9.8081e-01
update_loss_bcs: 1.9661e+00
max_grad_res: 1.184e-08
mean_grad_ics: 3.809e-04
mean_grad_bcs: 1.126e-05
It: 5800, Loss: 9.723e+02, Loss_res: 1.586e-07,  Loss_bcs: 5.174e-01, Loss_ut_ics: 1.332e-04,, Time: 7.94
update_loss_res: 2.4007e-02
update_loss_ics_u_t:2.5621e-02
update_loss_bcs: 2.9504e+00
max_grad_res: 8.265e-10
mean_grad_ics: 6.898e-07
mean_grad_bcs: 1.599e-05
It: 5900, Loss: 2.245e+04, Loss_res: 2.312e-06,  Loss_bcs: 3.920e-01, Loss_ut_ics: 3.631e-01,, Time: 7.53
update_loss_res: 4.9504e-02
update_loss_ics_u_t:9.0033e-01
update_loss_bcs: 2.0502e+00
max_grad_res: 6.647e-08
mean_grad_ics: 4.072e-04
mean_grad_bcs: 3.012e-05
It: 6000, Loss: 3.872e+02, Loss_res: 3.443e-06,  Loss_bcs: 4.082e-01, Loss_ut_ics: 9.799e-04,, Time: 7.63
update_loss_res: 2.5237e-02
update_loss_ics_u_t:3.1332e-02
update_loss_bcs: 2.9434e+00
max_grad_res: 9.722e-09
mean_grad_ics: 5.270e-06
mean_grad_bcs: 3.722e-05
It: 6100, Loss: 3.458e+03, Loss_res: 2.564e-07,  Loss_bcs: 3.062e-01, Loss_ut_ics: 3.888e-01,, Time: 7.70
update_loss_res: 5.3908e-02
update_loss_ics_u_t:4.2222e-01
update_loss_bcs: 2.5239e+00
max_grad_res: 2.051e-08
mean_grad_ics: 3.879e-04
mean_grad_bcs: 3.427e-05
It: 6200, Loss: 1.857e+03, Loss_res: 2.321e-06,  Loss_bcs: 4.277e-01, Loss_ut_ics: 5.900e-03,, Time: 7.80
update_loss_res: 3.0343e-02
update_loss_ics_u_t:3.7426e-02
update_loss_bcs: 2.9322e+00
max_grad_res: 5.656e-09
mean_grad_ics: 8.998e-06
mean_grad_bcs: 2.249e-05
It: 6300, Loss: 4.437e+03, Loss_res: 3.827e-08,  Loss_bcs: 3.784e-01, Loss_ut_ics: 4.063e-01,, Time: 7.16
update_loss_res: 5.3186e-02
update_loss_ics_u_t:4.1645e-01
update_loss_bcs: 2.5304e+00
max_grad_res: 2.592e-09
mean_grad_ics: 3.681e-04
mean_grad_bcs: 2.429e-05
It: 6400, Loss: 1.047e+04, Loss_res: 2.095e-07,  Loss_bcs: 4.288e-01, Loss_ut_ics: 5.129e-03,, Time: 4.44
update_loss_res: 2.9803e-02
update_loss_ics_u_t:3.2641e-02
update_loss_bcs: 2.9376e+00
max_grad_res: 9.299e-10
mean_grad_ics: 1.000e-05
mean_grad_bcs: 2.454e-05
It: 6500, Loss: 2.816e+04, Loss_res: 1.460e-07,  Loss_bcs: 3.615e-01, Loss_ut_ics: 3.601e-01,, Time: 5.08
update_loss_res: 4.9069e-02
update_loss_ics_u_t:1.0870e+00
update_loss_bcs: 1.8639e+00
max_grad_res: 5.427e-09
mean_grad_ics: 4.597e-04
mean_grad_bcs: 1.272e-05
