It: 0, Loss: 9.683e+00, Loss_bcs: 2.969e-01, Loss_res: 9.387e+00 ,Time: 14.64
mean_grad_bcs: 1.4193e-01
mean_grad_res: 1.1463e-02
Gradients information stored ...
It: 100, Loss: 9.175e+00, Loss_bcs: 4.160e-05, Loss_res: 9.175e+00 ,Time: 100.06
mean_grad_bcs: 1.6970e-03
mean_grad_res: 1.2904e-02
Gradients information stored ...
It: 200, Loss: 8.874e+00, Loss_bcs: 2.107e-04, Loss_res: 8.874e+00 ,Time: 67.85
mean_grad_bcs: 3.5751e-03
mean_grad_res: 1.6225e-02
It: 300, Loss: 8.524e+00, Loss_bcs: 7.450e-04, Loss_res: 8.523e+00 ,Time: 28.14
mean_grad_bcs: 6.9110e-03
mean_grad_res: 1.9792e-02
It: 400, Loss: 8.202e+00, Loss_bcs: 1.854e-03, Loss_res: 8.200e+00 ,Time: 28.34
mean_grad_bcs: 1.2070e-02
mean_grad_res: 2.0698e-02
It: 500, Loss: 7.923e+00, Loss_bcs: 3.054e-03, Loss_res: 7.920e+00 ,Time: 28.23
mean_grad_bcs: 1.6852e-02
mean_grad_res: 2.6231e-02
It: 600, Loss: 7.610e+00, Loss_bcs: 4.274e-03, Loss_res: 7.605e+00 ,Time: 28.26
mean_grad_bcs: 2.1057e-02
mean_grad_res: 3.3783e-02
It: 700, Loss: 7.204e+00, Loss_bcs: 6.474e-03, Loss_res: 7.197e+00 ,Time: 28.61
mean_grad_bcs: 2.6549e-02
mean_grad_res: 4.4656e-02
It: 800, Loss: 6.592e+00, Loss_bcs: 1.119e-02, Loss_res: 6.581e+00 ,Time: 28.38
mean_grad_bcs: 3.5539e-02
mean_grad_res: 6.3433e-02
It: 900, Loss: 5.516e+00, Loss_bcs: 1.886e-02, Loss_res: 5.497e+00 ,Time: 28.63
mean_grad_bcs: 4.6987e-02
mean_grad_res: 9.5497e-02
It: 1000, Loss: 4.229e+00, Loss_bcs: 3.963e-04, Loss_res: 4.228e+00 ,Time: 28.56
mean_grad_bcs: 4.6182e-03
mean_grad_res: 6.3578e-02
Gradients information stored ...
It: 1100, Loss: 3.449e+00, Loss_bcs: 7.004e-03, Loss_res: 3.442e+00 ,Time: 71.76
mean_grad_bcs: 3.2083e-02
mean_grad_res: 5.1825e-02
It: 1200, Loss: 2.749e+00, Loss_bcs: 1.016e-02, Loss_res: 2.739e+00 ,Time: 28.36
mean_grad_bcs: 4.0596e-02
mean_grad_res: 6.1608e-02
It: 1300, Loss: 1.986e+00, Loss_bcs: 1.232e-02, Loss_res: 1.974e+00 ,Time: 28.77
mean_grad_bcs: 4.6804e-02
mean_grad_res: 7.3798e-02
It: 1400, Loss: 1.270e+00, Loss_bcs: 1.337e-02, Loss_res: 1.257e+00 ,Time: 28.49
mean_grad_bcs: 4.9823e-02
mean_grad_res: 7.8007e-02
It: 1500, Loss: 7.652e-01, Loss_bcs: 1.177e-02, Loss_res: 7.535e-01 ,Time: 28.03
mean_grad_bcs: 4.7359e-02
mean_grad_res: 1.0225e-01
It: 1600, Loss: 4.776e-01, Loss_bcs: 8.616e-03, Loss_res: 4.690e-01 ,Time: 27.95
mean_grad_bcs: 4.1067e-02
mean_grad_res: 6.1377e-02
It: 1700, Loss: 3.141e-01, Loss_bcs: 5.664e-03, Loss_res: 3.085e-01 ,Time: 28.36
mean_grad_bcs: 3.3839e-02
mean_grad_res: 1.3421e-01
It: 1800, Loss: 2.194e-01, Loss_bcs: 3.625e-03, Loss_res: 2.158e-01 ,Time: 28.69
mean_grad_bcs: 2.6996e-02
mean_grad_res: 1.0553e-01
It: 1900, Loss: 1.625e-01, Loss_bcs: 2.325e-03, Loss_res: 1.602e-01 ,Time: 27.09
mean_grad_bcs: 2.1992e-02
mean_grad_res: 5.3752e-02
It: 2000, Loss: 1.270e-01, Loss_bcs: 1.591e-03, Loss_res: 1.254e-01 ,Time: 27.07
mean_grad_bcs: 1.8059e-02
mean_grad_res: 3.2668e-02
It: 2100, Loss: 1.027e-01, Loss_bcs: 1.118e-03, Loss_res: 1.015e-01 ,Time: 27.46
mean_grad_bcs: 1.5229e-02
mean_grad_res: 1.8985e-02
It: 2200, Loss: 8.509e-02, Loss_bcs: 8.116e-04, Loss_res: 8.428e-02 ,Time: 27.52
mean_grad_bcs: 1.3029e-02
mean_grad_res: 2.2309e-02
It: 2300, Loss: 7.198e-02, Loss_bcs: 6.122e-04, Loss_res: 7.137e-02 ,Time: 27.70
mean_grad_bcs: 1.1299e-02
mean_grad_res: 1.4046e-02
It: 2400, Loss: 6.189e-02, Loss_bcs: 4.716e-04, Loss_res: 6.142e-02 ,Time: 27.71
mean_grad_bcs: 9.9273e-03
mean_grad_res: 1.2987e-02
It: 2500, Loss: 5.393e-02, Loss_bcs: 3.757e-04, Loss_res: 5.355e-02 ,Time: 28.19
mean_grad_bcs: 8.8542e-03
mean_grad_res: 1.1588e-02
It: 2600, Loss: 4.744e-02, Loss_bcs: 3.016e-04, Loss_res: 4.714e-02 ,Time: 28.96
mean_grad_bcs: 7.9367e-03
mean_grad_res: 1.0666e-02
It: 2700, Loss: 4.246e-02, Loss_bcs: 2.488e-04, Loss_res: 4.221e-02 ,Time: 29.19
mean_grad_bcs: 7.1039e-03
mean_grad_res: 5.8660e-02
It: 2800, Loss: 3.872e-02, Loss_bcs: 1.913e-04, Loss_res: 3.853e-02 ,Time: 29.07
mean_grad_bcs: 6.6351e-03
mean_grad_res: 9.7803e-02
It: 2900, Loss: 3.366e-02, Loss_bcs: 1.674e-04, Loss_res: 3.349e-02 ,Time: 28.94
mean_grad_bcs: 5.9302e-03
mean_grad_res: 1.7769e-02
It: 3000, Loss: 3.034e-02, Loss_bcs: 1.396e-04, Loss_res: 3.020e-02 ,Time: 29.23
mean_grad_bcs: 5.4127e-03
mean_grad_res: 7.1372e-03
It: 3100, Loss: 2.749e-02, Loss_bcs: 1.186e-04, Loss_res: 2.737e-02 ,Time: 29.31
mean_grad_bcs: 4.9401e-03
mean_grad_res: 1.9893e-02
It: 3200, Loss: 2.500e-02, Loss_bcs: 9.846e-05, Loss_res: 2.490e-02 ,Time: 27.91
mean_grad_bcs: 4.5520e-03
mean_grad_res: 7.0438e-03
It: 3300, Loss: 2.282e-02, Loss_bcs: 8.297e-05, Loss_res: 2.273e-02 ,Time: 28.97
mean_grad_bcs: 4.1761e-03
mean_grad_res: 7.1572e-03
It: 3400, Loss: 2.094e-02, Loss_bcs: 6.926e-05, Loss_res: 2.087e-02 ,Time: 29.29
mean_grad_bcs: 3.8600e-03
mean_grad_res: 1.9114e-02
It: 3500, Loss: 2.048e-02, Loss_bcs: 5.925e-05, Loss_res: 2.043e-02 ,Time: 29.48
mean_grad_bcs: 3.6092e-03
mean_grad_res: 1.3349e-01
It: 3600, Loss: 1.772e-02, Loss_bcs: 5.364e-05, Loss_res: 1.766e-02 ,Time: 29.24
mean_grad_bcs: 3.3240e-03
mean_grad_res: 1.4396e-02
It: 3700, Loss: 1.644e-02, Loss_bcs: 4.673e-05, Loss_res: 1.640e-02 ,Time: 29.14
mean_grad_bcs: 3.1442e-03
mean_grad_res: 1.7764e-02
It: 3800, Loss: 1.520e-02, Loss_bcs: 4.077e-05, Loss_res: 1.516e-02 ,Time: 29.22
mean_grad_bcs: 2.9569e-03
mean_grad_res: 1.2056e-02
It: 3900, Loss: 1.433e-02, Loss_bcs: 3.731e-05, Loss_res: 1.430e-02 ,Time: 28.63
mean_grad_bcs: 2.7478e-03
mean_grad_res: 4.7193e-02
It: 4000, Loss: 1.337e-02, Loss_bcs: 3.469e-05, Loss_res: 1.333e-02 ,Time: 28.66
mean_grad_bcs: 2.5194e-03
mean_grad_res: 7.2376e-02
It: 4100, Loss: 1.240e-02, Loss_bcs: 2.873e-05, Loss_res: 1.237e-02 ,Time: 28.18
mean_grad_bcs: 2.4675e-03
mean_grad_res: 3.6932e-02
It: 4200, Loss: 1.148e-02, Loss_bcs: 2.575e-05, Loss_res: 1.145e-02 ,Time: 28.32
mean_grad_bcs: 2.3283e-03
mean_grad_res: 2.9707e-03
It: 4300, Loss: 1.077e-02, Loss_bcs: 2.313e-05, Loss_res: 1.075e-02 ,Time: 28.16
mean_grad_bcs: 2.1999e-03
mean_grad_res: 1.2797e-02
It: 4400, Loss: 1.010e-02, Loss_bcs: 2.062e-05, Loss_res: 1.008e-02 ,Time: 28.28
mean_grad_bcs: 2.0878e-03
mean_grad_res: 4.1261e-03
It: 4500, Loss: 9.530e-03, Loss_bcs: 1.883e-05, Loss_res: 9.511e-03 ,Time: 28.26
mean_grad_bcs: 1.9692e-03
mean_grad_res: 8.6154e-03
It: 4600, Loss: 9.056e-03, Loss_bcs: 1.752e-05, Loss_res: 9.038e-03 ,Time: 28.33
mean_grad_bcs: 1.8409e-03
mean_grad_res: 3.0970e-02
It: 4700, Loss: 8.625e-03, Loss_bcs: 1.550e-05, Loss_res: 8.610e-03 ,Time: 28.02
mean_grad_bcs: 1.7498e-03
mean_grad_res: 5.9502e-02
It: 4800, Loss: 8.001e-03, Loss_bcs: 1.371e-05, Loss_res: 7.987e-03 ,Time: 28.19
mean_grad_bcs: 1.6969e-03
mean_grad_res: 2.4458e-03
It: 4900, Loss: 7.584e-03, Loss_bcs: 1.252e-05, Loss_res: 7.572e-03 ,Time: 28.24
mean_grad_bcs: 1.6153e-03
mean_grad_res: 4.1052e-03
It: 5000, Loss: 7.204e-03, Loss_bcs: 1.132e-05, Loss_res: 7.192e-03 ,Time: 28.21
mean_grad_bcs: 1.5431e-03
mean_grad_res: 6.9251e-03
It: 5100, Loss: 7.020e-03, Loss_bcs: 1.001e-05, Loss_res: 7.010e-03 ,Time: 28.23
mean_grad_bcs: 1.4982e-03
mean_grad_res: 5.6850e-02
It: 5200, Loss: 6.935e-03, Loss_bcs: 1.073e-05, Loss_res: 6.924e-03 ,Time: 28.24
mean_grad_bcs: 1.3093e-03
mean_grad_res: 9.5648e-02
It: 5300, Loss: 6.201e-03, Loss_bcs: 8.583e-06, Loss_res: 6.192e-03 ,Time: 28.65
mean_grad_bcs: 1.3506e-03
mean_grad_res: 2.8357e-03
It: 5400, Loss: 5.914e-03, Loss_bcs: 7.987e-06, Loss_res: 5.907e-03 ,Time: 28.47
mean_grad_bcs: 1.2911e-03
mean_grad_res: 2.2780e-03
It: 5500, Loss: 5.652e-03, Loss_bcs: 7.391e-06, Loss_res: 5.645e-03 ,Time: 28.52
mean_grad_bcs: 1.2330e-03
mean_grad_res: 5.1843e-03
It: 5600, Loss: 5.463e-03, Loss_bcs: 6.556e-06, Loss_res: 5.456e-03 ,Time: 28.30
mean_grad_bcs: 1.2096e-03
mean_grad_res: 1.7932e-02
It: 5700, Loss: 5.169e-03, Loss_bcs: 6.199e-06, Loss_res: 5.163e-03 ,Time: 28.47
mean_grad_bcs: 1.1425e-03
mean_grad_res: 1.3893e-03
It: 5800, Loss: 4.959e-03, Loss_bcs: 5.603e-06, Loss_res: 4.953e-03 ,Time: 28.27
mean_grad_bcs: 1.1026e-03
mean_grad_res: 3.6319e-03
It: 5900, Loss: 4.763e-03, Loss_bcs: 5.245e-06, Loss_res: 4.758e-03 ,Time: 28.20
mean_grad_bcs: 1.0617e-03
mean_grad_res: 1.2284e-02
It: 6000, Loss: 4.558e-03, Loss_bcs: 4.888e-06, Loss_res: 4.554e-03 ,Time: 28.37
mean_grad_bcs: 1.0156e-03
mean_grad_res: 1.3331e-03
It: 6100, Loss: 4.379e-03, Loss_bcs: 4.530e-06, Loss_res: 4.374e-03 ,Time: 27.86
mean_grad_bcs: 9.7979e-04
mean_grad_res: 4.2108e-03
It: 6200, Loss: 4.219e-03, Loss_bcs: 4.053e-06, Loss_res: 4.215e-03 ,Time: 28.28
mean_grad_bcs: 9.4946e-04
mean_grad_res: 8.2372e-03
It: 6300, Loss: 4.067e-03, Loss_bcs: 3.934e-06, Loss_res: 4.063e-03 ,Time: 28.16
mean_grad_bcs: 9.1310e-04
mean_grad_res: 1.7679e-02
It: 6400, Loss: 3.900e-03, Loss_bcs: 3.695e-06, Loss_res: 3.896e-03 ,Time: 28.24
mean_grad_bcs: 8.7747e-04
mean_grad_res: 1.2454e-03
It: 6500, Loss: 3.863e-03, Loss_bcs: 3.099e-06, Loss_res: 3.860e-03 ,Time: 28.22
mean_grad_bcs: 9.0126e-04
mean_grad_res: 4.5381e-02
It: 6600, Loss: 3.629e-03, Loss_bcs: 3.219e-06, Loss_res: 3.626e-03 ,Time: 28.52
mean_grad_bcs: 8.1355e-04
mean_grad_res: 1.0745e-02
It: 6700, Loss: 3.498e-03, Loss_bcs: 2.980e-06, Loss_res: 3.495e-03 ,Time: 28.28
mean_grad_bcs: 7.9070e-04
mean_grad_res: 1.0883e-03
It: 6800, Loss: 3.469e-03, Loss_bcs: 2.742e-06, Loss_res: 3.467e-03 ,Time: 28.45
mean_grad_bcs: 7.8402e-04
mean_grad_res: 3.6509e-02
It: 6900, Loss: 3.265e-03, Loss_bcs: 2.623e-06, Loss_res: 3.262e-03 ,Time: 28.14
mean_grad_bcs: 7.4471e-04
mean_grad_res: 3.7808e-03
It: 7000, Loss: 3.156e-03, Loss_bcs: 2.384e-06, Loss_res: 3.154e-03 ,Time: 28.18
mean_grad_bcs: 7.1771e-04
mean_grad_res: 1.7216e-03
It: 7100, Loss: 3.104e-03, Loss_bcs: 2.027e-06, Loss_res: 3.102e-03 ,Time: 28.26
mean_grad_bcs: 7.3287e-04
mean_grad_res: 3.2915e-02
It: 7200, Loss: 2.972e-03, Loss_bcs: 2.146e-06, Loss_res: 2.970e-03 ,Time: 28.54
mean_grad_bcs: 6.6835e-04
mean_grad_res: 1.2486e-02
It: 7300, Loss: 2.862e-03, Loss_bcs: 2.027e-06, Loss_res: 2.860e-03 ,Time: 28.03
mean_grad_bcs: 6.5343e-04
mean_grad_res: 2.7693e-03
It: 7400, Loss: 2.860e-03, Loss_bcs: 1.788e-06, Loss_res: 2.858e-03 ,Time: 28.13
mean_grad_bcs: 6.4664e-04
mean_grad_res: 2.1188e-02
It: 7500, Loss: 2.697e-03, Loss_bcs: 1.788e-06, Loss_res: 2.695e-03 ,Time: 28.30
mean_grad_bcs: 6.0546e-04
mean_grad_res: 1.3063e-02
It: 7600, Loss: 2.783e-03, Loss_bcs: 2.027e-06, Loss_res: 2.781e-03 ,Time: 28.15
mean_grad_bcs: 5.3715e-04
mean_grad_res: 5.6732e-02
It: 7700, Loss: 2.566e-03, Loss_bcs: 1.550e-06, Loss_res: 2.564e-03 ,Time: 28.47
mean_grad_bcs: 5.9075e-04
mean_grad_res: 2.0444e-02
It: 7800, Loss: 2.457e-03, Loss_bcs: 1.550e-06, Loss_res: 2.455e-03 ,Time: 28.51
mean_grad_bcs: 5.6039e-04
mean_grad_res: 1.6388e-03
It: 7900, Loss: 2.387e-03, Loss_bcs: 1.431e-06, Loss_res: 2.386e-03 ,Time: 28.46
mean_grad_bcs: 5.4496e-04
mean_grad_res: 2.6261e-03
It: 8000, Loss: 2.321e-03, Loss_bcs: 1.311e-06, Loss_res: 2.319e-03 ,Time: 28.50
mean_grad_bcs: 5.3376e-04
mean_grad_res: 3.8238e-03
It: 8100, Loss: 2.381e-03, Loss_bcs: 1.431e-06, Loss_res: 2.380e-03 ,Time: 28.53
mean_grad_bcs: 5.2152e-04
mean_grad_res: 1.9043e-02
It: 8200, Loss: 2.197e-03, Loss_bcs: 1.192e-06, Loss_res: 2.196e-03 ,Time: 28.39
mean_grad_bcs: 5.1119e-04
mean_grad_res: 8.5423e-03
It: 8300, Loss: 2.136e-03, Loss_bcs: 1.192e-06, Loss_res: 2.135e-03 ,Time: 28.62
mean_grad_bcs: 4.9129e-04
mean_grad_res: 1.0545e-03
It: 8400, Loss: 2.082e-03, Loss_bcs: 1.073e-06, Loss_res: 2.081e-03 ,Time: 29.05
mean_grad_bcs: 4.7955e-04
mean_grad_res: 1.9297e-03
It: 8500, Loss: 2.027e-03, Loss_bcs: 1.073e-06, Loss_res: 2.026e-03 ,Time: 28.73
mean_grad_bcs: 4.6500e-04
mean_grad_res: 2.3883e-03
It: 8600, Loss: 2.153e-03, Loss_bcs: 9.537e-07, Loss_res: 2.152e-03 ,Time: 28.38
mean_grad_bcs: 4.7139e-04
mean_grad_res: 4.8376e-02
It: 8700, Loss: 1.994e-03, Loss_bcs: 9.537e-07, Loss_res: 1.993e-03 ,Time: 28.40
mean_grad_bcs: 4.5883e-04
mean_grad_res: 3.4786e-02
It: 8800, Loss: 1.879e-03, Loss_bcs: 8.345e-07, Loss_res: 1.878e-03 ,Time: 28.29
mean_grad_bcs: 4.3496e-04
mean_grad_res: 2.6560e-03
It: 8900, Loss: 1.854e-03, Loss_bcs: 8.345e-07, Loss_res: 1.853e-03 ,Time: 28.68
mean_grad_bcs: 4.3367e-04
mean_grad_res: 1.5823e-02
It: 9000, Loss: 1.789e-03, Loss_bcs: 8.345e-07, Loss_res: 1.788e-03 ,Time: 28.83
mean_grad_bcs: 4.0846e-04
mean_grad_res: 5.4002e-03
It: 9100, Loss: 1.745e-03, Loss_bcs: 8.345e-07, Loss_res: 1.744e-03 ,Time: 28.50
mean_grad_bcs: 4.0390e-04
mean_grad_res: 1.5044e-03
It: 9200, Loss: 1.706e-03, Loss_bcs: 7.153e-07, Loss_res: 1.705e-03 ,Time: 28.61
mean_grad_bcs: 3.9725e-04
mean_grad_res: 2.3678e-03
It: 9300, Loss: 1.677e-03, Loss_bcs: 7.153e-07, Loss_res: 1.676e-03 ,Time: 28.69
mean_grad_bcs: 3.9538e-04
mean_grad_res: 1.7834e-02
It: 9400, Loss: 1.742e-03, Loss_bcs: 5.960e-07, Loss_res: 1.741e-03 ,Time: 28.26
mean_grad_bcs: 3.9382e-04
mean_grad_res: 2.1529e-02
It: 9500, Loss: 1.592e-03, Loss_bcs: 7.153e-07, Loss_res: 1.591e-03 ,Time: 28.23
mean_grad_bcs: 3.6979e-04
mean_grad_res: 1.2962e-03
It: 9600, Loss: 1.557e-03, Loss_bcs: 5.960e-07, Loss_res: 1.557e-03 ,Time: 28.34
mean_grad_bcs: 3.6304e-04
mean_grad_res: 1.1184e-03
It: 9700, Loss: 1.528e-03, Loss_bcs: 5.960e-07, Loss_res: 1.527e-03 ,Time: 28.57
mean_grad_bcs: 3.5196e-04
mean_grad_res: 9.3107e-03
It: 9800, Loss: 1.492e-03, Loss_bcs: 5.960e-07, Loss_res: 1.491e-03 ,Time: 28.06
mean_grad_bcs: 3.4828e-04
mean_grad_res: 5.4070e-04
It: 9900, Loss: 1.462e-03, Loss_bcs: 5.960e-07, Loss_res: 1.461e-03 ,Time: 28.48
mean_grad_bcs: 3.4515e-04
mean_grad_res: 4.4298e-03
It: 10000, Loss: 1.450e-03, Loss_bcs: 4.768e-07, Loss_res: 1.450e-03 ,Time: 28.42
mean_grad_bcs: 3.2999e-04
mean_grad_res: 1.8152e-02
It: 10100, Loss: 1.401e-03, Loss_bcs: 4.768e-07, Loss_res: 1.400e-03 ,Time: 28.66
mean_grad_bcs: 3.3024e-04
mean_grad_res: 2.0489e-03
It: 10200, Loss: 1.373e-03, Loss_bcs: 4.768e-07, Loss_res: 1.372e-03 ,Time: 28.35
mean_grad_bcs: 3.2371e-04
mean_grad_res: 1.8146e-03
It: 10300, Loss: 1.346e-03, Loss_bcs: 4.768e-07, Loss_res: 1.345e-03 ,Time: 27.99
mean_grad_bcs: 3.1674e-04
mean_grad_res: 9.2937e-04
It: 10400, Loss: 1.319e-03, Loss_bcs: 4.768e-07, Loss_res: 1.319e-03 ,Time: 28.70
mean_grad_bcs: 3.1186e-04
mean_grad_res: 1.5152e-03
It: 10500, Loss: 1.294e-03, Loss_bcs: 4.768e-07, Loss_res: 1.294e-03 ,Time: 28.27
mean_grad_bcs: 3.0576e-04
mean_grad_res: 1.4835e-03
It: 10600, Loss: 1.273e-03, Loss_bcs: 4.768e-07, Loss_res: 1.273e-03 ,Time: 28.44
mean_grad_bcs: 2.9365e-04
mean_grad_res: 7.7953e-03
It: 10700, Loss: 1.245e-03, Loss_bcs: 3.576e-07, Loss_res: 1.245e-03 ,Time: 28.41
mean_grad_bcs: 2.9454e-04
mean_grad_res: 5.5035e-04
It: 10800, Loss: 1.222e-03, Loss_bcs: 3.576e-07, Loss_res: 1.222e-03 ,Time: 28.56
mean_grad_bcs: 2.8988e-04
mean_grad_res: 1.5463e-03
It: 10900, Loss: 1.224e-03, Loss_bcs: 4.768e-07, Loss_res: 1.223e-03 ,Time: 28.36
mean_grad_bcs: 2.8283e-04
mean_grad_res: 6.7860e-03
It: 11000, Loss: 1.178e-03, Loss_bcs: 3.576e-07, Loss_res: 1.178e-03 ,Time: 29.27
mean_grad_bcs: 2.8006e-04
mean_grad_res: 4.1475e-04
It: 11100, Loss: 1.166e-03, Loss_bcs: 3.576e-07, Loss_res: 1.165e-03 ,Time: 29.53
mean_grad_bcs: 2.8596e-04
mean_grad_res: 9.0409e-03
It: 11200, Loss: 1.137e-03, Loss_bcs: 3.576e-07, Loss_res: 1.136e-03 ,Time: 28.35
mean_grad_bcs: 2.7035e-04
mean_grad_res: 4.8649e-04
It: 11300, Loss: 1.191e-03, Loss_bcs: 3.576e-07, Loss_res: 1.190e-03 ,Time: 28.81
mean_grad_bcs: 2.1731e-04
mean_grad_res: 5.6108e-02
It: 11400, Loss: 1.702e-03, Loss_bcs: 4.768e-07, Loss_res: 1.702e-03 ,Time: 29.02
mean_grad_bcs: 2.1331e-04
mean_grad_res: 9.2040e-02
It: 11500, Loss: 1.080e-03, Loss_bcs: 3.576e-07, Loss_res: 1.079e-03 ,Time: 28.14
mean_grad_bcs: 2.5867e-04
mean_grad_res: 6.9217e-04
It: 11600, Loss: 1.061e-03, Loss_bcs: 3.576e-07, Loss_res: 1.061e-03 ,Time: 28.14
mean_grad_bcs: 2.5441e-04
mean_grad_res: 3.4702e-04
It: 11700, Loss: 1.044e-03, Loss_bcs: 2.384e-07, Loss_res: 1.044e-03 ,Time: 28.26
mean_grad_bcs: 2.5558e-04
mean_grad_res: 8.0223e-03
It: 11800, Loss: 1.026e-03, Loss_bcs: 2.384e-07, Loss_res: 1.026e-03 ,Time: 27.86
mean_grad_bcs: 2.4808e-04
mean_grad_res: 1.8876e-03
It: 11900, Loss: 1.010e-03, Loss_bcs: 2.384e-07, Loss_res: 1.010e-03 ,Time: 28.44
mean_grad_bcs: 2.4349e-04
mean_grad_res: 9.4991e-04
It: 12000, Loss: 1.120e-03, Loss_bcs: 2.384e-07, Loss_res: 1.119e-03 ,Time: 28.68
mean_grad_bcs: 2.6085e-04
mean_grad_res: 2.9488e-02
It: 12100, Loss: 9.776e-04, Loss_bcs: 2.384e-07, Loss_res: 9.774e-04 ,Time: 28.20
mean_grad_bcs: 2.3631e-04
mean_grad_res: 5.5556e-04
It: 12200, Loss: 9.625e-04, Loss_bcs: 2.384e-07, Loss_res: 9.623e-04 ,Time: 28.34
mean_grad_bcs: 2.2889e-04
mean_grad_res: 2.8120e-03
It: 12300, Loss: 9.481e-04, Loss_bcs: 2.384e-07, Loss_res: 9.479e-04 ,Time: 28.36
mean_grad_bcs: 2.2812e-04
mean_grad_res: 2.7470e-03
It: 12400, Loss: 9.364e-04, Loss_bcs: 2.384e-07, Loss_res: 9.362e-04 ,Time: 28.39
mean_grad_bcs: 2.1533e-04
mean_grad_res: 1.0366e-02
It: 12500, Loss: 9.351e-04, Loss_bcs: 2.384e-07, Loss_res: 9.349e-04 ,Time: 28.48
mean_grad_bcs: 2.2859e-04
mean_grad_res: 9.0286e-03
It: 12600, Loss: 9.050e-04, Loss_bcs: 2.384e-07, Loss_res: 9.047e-04 ,Time: 28.20
mean_grad_bcs: 2.2219e-04
mean_grad_res: 5.2423e-03
It: 12700, Loss: 8.899e-04, Loss_bcs: 2.384e-07, Loss_res: 8.896e-04 ,Time: 28.46
mean_grad_bcs: 2.1607e-04
mean_grad_res: 8.7327e-04
It: 12800, Loss: 8.766e-04, Loss_bcs: 2.384e-07, Loss_res: 8.764e-04 ,Time: 28.07
mean_grad_bcs: 2.1306e-04
mean_grad_res: 1.1785e-03
It: 12900, Loss: 8.739e-04, Loss_bcs: 2.384e-07, Loss_res: 8.737e-04 ,Time: 28.17
mean_grad_bcs: 2.0561e-04
mean_grad_res: 1.2001e-02
It: 13000, Loss: 8.506e-04, Loss_bcs: 2.384e-07, Loss_res: 8.503e-04 ,Time: 28.59
mean_grad_bcs: 2.0795e-04
mean_grad_res: 4.6352e-04
It: 13100, Loss: 8.385e-04, Loss_bcs: 2.384e-07, Loss_res: 8.383e-04 ,Time: 28.60
mean_grad_bcs: 2.0417e-04
mean_grad_res: 1.5116e-03
It: 13200, Loss: 8.267e-04, Loss_bcs: 2.384e-07, Loss_res: 8.265e-04 ,Time: 28.69
mean_grad_bcs: 2.0223e-04
mean_grad_res: 1.3137e-03
It: 13300, Loss: 1.044e-03, Loss_bcs: 2.384e-07, Loss_res: 1.044e-03 ,Time: 28.97
mean_grad_bcs: 1.7810e-04
mean_grad_res: 6.1555e-02
It: 13400, Loss: 8.030e-04, Loss_bcs: 2.384e-07, Loss_res: 8.028e-04 ,Time: 29.20
mean_grad_bcs: 1.9731e-04
mean_grad_res: 5.8331e-04
It: 13500, Loss: 7.927e-04, Loss_bcs: 1.192e-07, Loss_res: 7.925e-04 ,Time: 28.69
mean_grad_bcs: 1.9887e-04
mean_grad_res: 3.9957e-03
It: 13600, Loss: 7.806e-04, Loss_bcs: 1.192e-07, Loss_res: 7.805e-04 ,Time: 28.67
mean_grad_bcs: 1.9241e-04
mean_grad_res: 4.8774e-04
It: 13700, Loss: 7.703e-04, Loss_bcs: 1.192e-07, Loss_res: 7.702e-04 ,Time: 28.78
mean_grad_bcs: 1.8976e-04
mean_grad_res: 3.8778e-04
It: 13800, Loss: 7.600e-04, Loss_bcs: 1.192e-07, Loss_res: 7.599e-04 ,Time: 28.98
mean_grad_bcs: 1.8573e-04
mean_grad_res: 1.6118e-03
It: 13900, Loss: 7.498e-04, Loss_bcs: 1.192e-07, Loss_res: 7.497e-04 ,Time: 28.89
mean_grad_bcs: 1.8500e-04
mean_grad_res: 5.8841e-04
It: 14000, Loss: 7.771e-04, Loss_bcs: 1.192e-07, Loss_res: 7.769e-04 ,Time: 28.48
mean_grad_bcs: 2.0456e-04
mean_grad_res: 2.3073e-02
It: 14100, Loss: 9.377e-04, Loss_bcs: 1.192e-07, Loss_res: 9.376e-04 ,Time: 28.71
mean_grad_bcs: 1.9792e-04
mean_grad_res: 3.7549e-02
It: 14200, Loss: 7.206e-04, Loss_bcs: 1.192e-07, Loss_res: 7.205e-04 ,Time: 28.90
mean_grad_bcs: 1.7905e-04
mean_grad_res: 3.2662e-04
It: 14300, Loss: 7.260e-04, Loss_bcs: 1.192e-07, Loss_res: 7.258e-04 ,Time: 28.30
mean_grad_bcs: 1.9129e-04
mean_grad_res: 1.8541e-02
It: 14400, Loss: 7.020e-04, Loss_bcs: 1.192e-07, Loss_res: 7.019e-04 ,Time: 28.71
mean_grad_bcs: 1.7506e-04
mean_grad_res: 1.2069e-03
It: 14500, Loss: 6.950e-04, Loss_bcs: 1.192e-07, Loss_res: 6.949e-04 ,Time: 28.25
mean_grad_bcs: 1.7506e-04
mean_grad_res: 3.0877e-03
It: 14600, Loss: 6.840e-04, Loss_bcs: 1.192e-07, Loss_res: 6.839e-04 ,Time: 28.90
mean_grad_bcs: 1.7043e-04
mean_grad_res: 3.4719e-04
It: 14700, Loss: 6.775e-04, Loss_bcs: 1.192e-07, Loss_res: 6.774e-04 ,Time: 29.09
mean_grad_bcs: 1.7420e-04
mean_grad_res: 4.4285e-03
It: 14800, Loss: 6.744e-04, Loss_bcs: 1.192e-07, Loss_res: 6.743e-04 ,Time: 28.40
mean_grad_bcs: 1.6247e-04
mean_grad_res: 9.8989e-03
It: 14900, Loss: 6.587e-04, Loss_bcs: 1.192e-07, Loss_res: 6.585e-04 ,Time: 28.62
mean_grad_bcs: 1.6460e-04
mean_grad_res: 4.9942e-04
It: 15000, Loss: 6.878e-04, Loss_bcs: 1.192e-07, Loss_res: 6.877e-04 ,Time: 28.25
mean_grad_bcs: 1.7583e-04
mean_grad_res: 1.4923e-02
It: 15100, Loss: 6.425e-04, Loss_bcs: 1.192e-07, Loss_res: 6.423e-04 ,Time: 28.49
mean_grad_bcs: 1.6065e-04
mean_grad_res: 8.3392e-04
It: 15200, Loss: 6.348e-04, Loss_bcs: 1.192e-07, Loss_res: 6.347e-04 ,Time: 28.73
mean_grad_bcs: 1.5834e-04
mean_grad_res: 8.7363e-04
It: 15300, Loss: 6.409e-04, Loss_bcs: 1.192e-07, Loss_res: 6.408e-04 ,Time: 28.59
mean_grad_bcs: 1.4603e-04
mean_grad_res: 1.6002e-02
It: 15400, Loss: 6.193e-04, Loss_bcs: 1.192e-07, Loss_res: 6.192e-04 ,Time: 28.66
mean_grad_bcs: 1.5646e-04
mean_grad_res: 5.5118e-04
It: 15500, Loss: 6.121e-04, Loss_bcs: 1.192e-07, Loss_res: 6.120e-04 ,Time: 28.57
mean_grad_bcs: 1.5600e-04
mean_grad_res: 1.2326e-03
It: 15600, Loss: 6.558e-04, Loss_bcs: 1.192e-07, Loss_res: 6.557e-04 ,Time: 28.73
mean_grad_bcs: 1.4215e-04
mean_grad_res: 2.4810e-02
It: 15700, Loss: 5.975e-04, Loss_bcs: 1.192e-07, Loss_res: 5.974e-04 ,Time: 28.55
mean_grad_bcs: 1.5162e-04
mean_grad_res: 2.3094e-04
It: 15800, Loss: 6.282e-04, Loss_bcs: 1.192e-07, Loss_res: 6.280e-04 ,Time: 28.65
mean_grad_bcs: 1.8975e-04
mean_grad_res: 2.9475e-02
It: 15900, Loss: 5.837e-04, Loss_bcs: 1.192e-07, Loss_res: 5.836e-04 ,Time: 28.65
mean_grad_bcs: 1.4848e-04
mean_grad_res: 3.3318e-04
It: 16000, Loss: 5.775e-04, Loss_bcs: 1.192e-07, Loss_res: 5.774e-04 ,Time: 28.29
mean_grad_bcs: 1.4719e-04
mean_grad_res: 1.1568e-03
It: 16100, Loss: 5.708e-04, Loss_bcs: 1.192e-07, Loss_res: 5.707e-04 ,Time: 28.43
mean_grad_bcs: 1.4569e-04
mean_grad_res: 2.1713e-04
It: 16200, Loss: 6.106e-04, Loss_bcs: 1.192e-07, Loss_res: 6.105e-04 ,Time: 28.31
mean_grad_bcs: 1.3059e-04
mean_grad_res: 3.2143e-02
It: 16300, Loss: 7.405e-04, Loss_bcs: 1.192e-07, Loss_res: 7.404e-04 ,Time: 28.29
mean_grad_bcs: 1.4656e-04
mean_grad_res: 5.1805e-02
It: 16400, Loss: 5.518e-04, Loss_bcs: 1.192e-07, Loss_res: 5.517e-04 ,Time: 28.38
mean_grad_bcs: 1.4141e-04
mean_grad_res: 3.4505e-04
It: 16500, Loss: 5.530e-04, Loss_bcs: 1.192e-07, Loss_res: 5.529e-04 ,Time: 28.73
mean_grad_bcs: 1.2730e-04
mean_grad_res: 1.2356e-02
It: 16600, Loss: 5.396e-04, Loss_bcs: 1.192e-07, Loss_res: 5.395e-04 ,Time: 28.68
mean_grad_bcs: 1.3918e-04
mean_grad_res: 6.7633e-04
It: 16700, Loss: 5.338e-04, Loss_bcs: 1.192e-07, Loss_res: 5.337e-04 ,Time: 28.26
mean_grad_bcs: 1.3668e-04
mean_grad_res: 1.0259e-03
It: 16800, Loss: 5.278e-04, Loss_bcs: 1.192e-07, Loss_res: 5.277e-04 ,Time: 28.44
mean_grad_bcs: 1.3545e-04
mean_grad_res: 4.7563e-04
It: 16900, Loss: 5.224e-04, Loss_bcs: 1.192e-07, Loss_res: 5.222e-04 ,Time: 28.36
mean_grad_bcs: 1.3531e-04
mean_grad_res: 7.2510e-04
It: 17000, Loss: 5.168e-04, Loss_bcs: 1.192e-07, Loss_res: 5.166e-04 ,Time: 28.51
mean_grad_bcs: 1.3341e-04
mean_grad_res: 2.7875e-04
It: 17100, Loss: 5.115e-04, Loss_bcs: 1.192e-07, Loss_res: 5.114e-04 ,Time: 28.26
mean_grad_bcs: 1.3236e-04
mean_grad_res: 1.5080e-03
It: 17200, Loss: 5.060e-04, Loss_bcs: 1.192e-07, Loss_res: 5.059e-04 ,Time: 28.21
mean_grad_bcs: 1.3092e-04
mean_grad_res: 2.0668e-04
It: 17300, Loss: 5.694e-04, Loss_bcs: 1.192e-07, Loss_res: 5.693e-04 ,Time: 28.34
mean_grad_bcs: 1.1857e-04
mean_grad_res: 3.5528e-02
It: 17400, Loss: 4.955e-04, Loss_bcs: 1.192e-07, Loss_res: 4.954e-04 ,Time: 28.31
mean_grad_bcs: 1.2864e-04
mean_grad_res: 2.8763e-04
It: 17500, Loss: 4.908e-04, Loss_bcs: 1.192e-07, Loss_res: 4.907e-04 ,Time: 28.44
mean_grad_bcs: 1.3209e-04
mean_grad_res: 3.5922e-03
It: 17600, Loss: 4.852e-04, Loss_bcs: 1.192e-07, Loss_res: 4.851e-04 ,Time: 28.94
mean_grad_bcs: 1.2676e-04
mean_grad_res: 2.2960e-04
It: 17700, Loss: 4.861e-04, Loss_bcs: 1.192e-07, Loss_res: 4.860e-04 ,Time: 28.57
mean_grad_bcs: 1.2136e-04
mean_grad_res: 7.1244e-03
It: 17800, Loss: 4.757e-04, Loss_bcs: 1.192e-07, Loss_res: 4.755e-04 ,Time: 28.19
mean_grad_bcs: 1.2413e-04
mean_grad_res: 1.9935e-04
It: 17900, Loss: 4.959e-04, Loss_bcs: 1.192e-07, Loss_res: 4.958e-04 ,Time: 28.57
mean_grad_bcs: 1.7761e-04
mean_grad_res: 2.6432e-02
It: 18000, Loss: 4.661e-04, Loss_bcs: 1.192e-07, Loss_res: 4.660e-04 ,Time: 28.40
mean_grad_bcs: 1.2189e-04
mean_grad_res: 2.3480e-04
It: 18100, Loss: 5.961e-04, Loss_bcs: 1.192e-07, Loss_res: 5.960e-04 ,Time: 28.08
mean_grad_bcs: 1.3511e-04
mean_grad_res: 4.2299e-02
It: 18200, Loss: 4.571e-04, Loss_bcs: 1.192e-07, Loss_res: 4.569e-04 ,Time: 28.42
mean_grad_bcs: 1.2038e-04
mean_grad_res: 3.2034e-04
It: 18300, Loss: 4.674e-04, Loss_bcs: 1.192e-07, Loss_res: 4.673e-04 ,Time: 28.29
mean_grad_bcs: 1.5467e-04
mean_grad_res: 1.5462e-02
It: 18400, Loss: 4.480e-04, Loss_bcs: 1.192e-07, Loss_res: 4.479e-04 ,Time: 29.23
mean_grad_bcs: 1.1837e-04
mean_grad_res: 2.4080e-04
It: 18500, Loss: 4.463e-04, Loss_bcs: 1.192e-07, Loss_res: 4.462e-04 ,Time: 28.25
mean_grad_bcs: 1.2130e-04
mean_grad_res: 9.4058e-03
It: 18600, Loss: 4.398e-04, Loss_bcs: 1.192e-07, Loss_res: 4.397e-04 ,Time: 28.35
mean_grad_bcs: 1.1623e-04
mean_grad_res: 1.9976e-04
It: 18700, Loss: 4.356e-04, Loss_bcs: 1.192e-07, Loss_res: 4.355e-04 ,Time: 27.97
mean_grad_bcs: 1.1501e-04
mean_grad_res: 1.8155e-04
It: 18800, Loss: 4.729e-04, Loss_bcs: 1.192e-07, Loss_res: 4.728e-04 ,Time: 27.98
mean_grad_bcs: 1.3321e-04
mean_grad_res: 2.4620e-02
It: 18900, Loss: 4.274e-04, Loss_bcs: 1.192e-07, Loss_res: 4.273e-04 ,Time: 28.48
mean_grad_bcs: 1.1372e-04
mean_grad_res: 1.7693e-04
It: 19000, Loss: 7.051e-04, Loss_bcs: 1.192e-07, Loss_res: 7.050e-04 ,Time: 28.62
mean_grad_bcs: 1.1230e-04
mean_grad_res: 6.3303e-02
It: 19100, Loss: 4.194e-04, Loss_bcs: 1.192e-07, Loss_res: 4.193e-04 ,Time: 28.23
mean_grad_bcs: 1.1527e-04
mean_grad_res: 3.7474e-04
It: 19200, Loss: 4.156e-04, Loss_bcs: 1.192e-07, Loss_res: 4.155e-04 ,Time: 28.65
mean_grad_bcs: 1.1566e-04
mean_grad_res: 1.6779e-04
It: 19300, Loss: 4.121e-04, Loss_bcs: 1.192e-07, Loss_res: 4.120e-04 ,Time: 27.95
mean_grad_bcs: 1.1688e-04
mean_grad_res: 1.2540e-03
It: 19400, Loss: 4.080e-04, Loss_bcs: 1.192e-07, Loss_res: 4.079e-04 ,Time: 28.67
mean_grad_bcs: 1.1478e-04
mean_grad_res: 1.7089e-04
It: 19500, Loss: 4.109e-04, Loss_bcs: 0.000e+00, Loss_res: 4.109e-04 ,Time: 28.66
mean_grad_bcs: 1.3169e-04
mean_grad_res: 7.2250e-03
It: 19600, Loss: 4.006e-04, Loss_bcs: 1.192e-07, Loss_res: 4.005e-04 ,Time: 28.45
mean_grad_bcs: 1.1624e-04
mean_grad_res: 2.4972e-03
It: 19700, Loss: 3.968e-04, Loss_bcs: 1.192e-07, Loss_res: 3.966e-04 ,Time: 28.11
mean_grad_bcs: 0.0000e+00
mean_grad_res: 1.9299e-04
It: 19800, Loss: 4.045e-04, Loss_bcs: 1.192e-07, Loss_res: 4.044e-04 ,Time: 29.90
mean_grad_bcs: 1.2461e-04
mean_grad_res: 7.0940e-03
It: 19900, Loss: 3.897e-04, Loss_bcs: 1.192e-07, Loss_res: 3.896e-04 ,Time: 29.04
mean_grad_bcs: 1.1275e-04
mean_grad_res: 1.5101e-04
It: 20000, Loss: 3.957e-04, Loss_bcs: 1.192e-07, Loss_res: 3.956e-04 ,Time: 28.60
mean_grad_bcs: 0.0000e+00
mean_grad_res: 1.5193e-02
It: 20100, Loss: 3.831e-04, Loss_bcs: 1.192e-07, Loss_res: 3.829e-04 ,Time: 29.79
mean_grad_bcs: 1.1265e-04
mean_grad_res: 2.6034e-04
It: 20200, Loss: 3.794e-04, Loss_bcs: 0.000e+00, Loss_res: 3.794e-04 ,Time: 30.25
mean_grad_bcs: 1.1314e-04
mean_grad_res: 2.7007e-04
It: 20300, Loss: 3.770e-04, Loss_bcs: 0.000e+00, Loss_res: 3.770e-04 ,Time: 30.02
mean_grad_bcs: 1.1980e-04
mean_grad_res: 4.2508e-03
It: 20400, Loss: 3.728e-04, Loss_bcs: 1.192e-07, Loss_res: 3.727e-04 ,Time: 29.96
mean_grad_bcs: 1.1316e-04
mean_grad_res: 2.3561e-04
It: 20500, Loss: 3.723e-04, Loss_bcs: 1.192e-07, Loss_res: 3.722e-04 ,Time: 29.77
mean_grad_bcs: 1.2524e-04
mean_grad_res: 4.6863e-03
It: 20600, Loss: 3.665e-04, Loss_bcs: 1.192e-07, Loss_res: 3.664e-04 ,Time: 29.67
mean_grad_bcs: 1.1330e-04
mean_grad_res: 2.0121e-04
It: 20700, Loss: 4.207e-04, Loss_bcs: 1.192e-07, Loss_res: 4.206e-04 ,Time: 29.93
mean_grad_bcs: 0.0000e+00
mean_grad_res: 1.4590e-02
It: 20800, Loss: 3.603e-04, Loss_bcs: 1.192e-07, Loss_res: 3.602e-04 ,Time: 30.21
mean_grad_bcs: 1.1216e-04
mean_grad_res: 2.2624e-04
It: 20900, Loss: 3.584e-04, Loss_bcs: 1.192e-07, Loss_res: 3.583e-04 ,Time: 30.43
mean_grad_bcs: 1.3337e-04
mean_grad_res: 4.4585e-03
It: 21000, Loss: 3.542e-04, Loss_bcs: 1.192e-07, Loss_res: 3.541e-04 ,Time: 30.30
mean_grad_bcs: 1.1421e-04
mean_grad_res: 4.4732e-04
It: 21100, Loss: 4.107e-04, Loss_bcs: 1.192e-07, Loss_res: 4.106e-04 ,Time: 29.77
mean_grad_bcs: 1.5682e-04
mean_grad_res: 3.0068e-02
It: 21200, Loss: 3.483e-04, Loss_bcs: 1.192e-07, Loss_res: 3.481e-04 ,Time: 28.41
mean_grad_bcs: 1.1462e-04
mean_grad_res: 2.2951e-04
It: 21300, Loss: 3.454e-04, Loss_bcs: 1.192e-07, Loss_res: 3.453e-04 ,Time: 28.24
mean_grad_bcs: 0.0000e+00
mean_grad_res: 4.3079e-04
It: 21400, Loss: 3.427e-04, Loss_bcs: 1.192e-07, Loss_res: 3.425e-04 ,Time: 28.28
mean_grad_bcs: 1.1350e-04
mean_grad_res: 7.0152e-04
It: 21500, Loss: 3.398e-04, Loss_bcs: 1.192e-07, Loss_res: 3.397e-04 ,Time: 27.89
mean_grad_bcs: 0.0000e+00
mean_grad_res: 1.5031e-04
It: 21600, Loss: 3.373e-04, Loss_bcs: 1.192e-07, Loss_res: 3.372e-04 ,Time: 28.43
mean_grad_bcs: 0.0000e+00
mean_grad_res: 8.6216e-04
It: 21700, Loss: 3.344e-04, Loss_bcs: 1.192e-07, Loss_res: 3.343e-04 ,Time: 28.63
mean_grad_bcs: 1.1309e-04
mean_grad_res: 7.5454e-04
It: 21800, Loss: 3.535e-04, Loss_bcs: 1.192e-07, Loss_res: 3.534e-04 ,Time: 28.96
mean_grad_bcs: 1.2941e-04
mean_grad_res: 1.5239e-02
It: 21900, Loss: 3.290e-04, Loss_bcs: 0.000e+00, Loss_res: 3.290e-04 ,Time: 28.98
mean_grad_bcs: 1.1335e-04
mean_grad_res: 1.3228e-04
It: 22000, Loss: 3.269e-04, Loss_bcs: 1.192e-07, Loss_res: 3.268e-04 ,Time: 28.60
mean_grad_bcs: 1.1331e-04
mean_grad_res: 6.9266e-04
It: 22100, Loss: 3.240e-04, Loss_bcs: 1.192e-07, Loss_res: 3.238e-04 ,Time: 28.45
mean_grad_bcs: 0.0000e+00
mean_grad_res: 1.9005e-04
It: 22200, Loss: 3.232e-04, Loss_bcs: 1.192e-07, Loss_res: 3.231e-04 ,Time: 27.95
mean_grad_bcs: 0.0000e+00
mean_grad_res: 4.9326e-03
It: 22300, Loss: 3.213e-04, Loss_bcs: 1.192e-07, Loss_res: 3.212e-04 ,Time: 28.07
mean_grad_bcs: 0.0000e+00
mean_grad_res: 7.2915e-03
It: 22400, Loss: 3.162e-04, Loss_bcs: 1.192e-07, Loss_res: 3.161e-04 ,Time: 28.57
mean_grad_bcs: 1.1355e-04
mean_grad_res: 4.9666e-04
It: 22500, Loss: 3.169e-04, Loss_bcs: 1.192e-07, Loss_res: 3.168e-04 ,Time: 28.44
mean_grad_bcs: 1.1622e-04
mean_grad_res: 4.9911e-03
It: 22600, Loss: 3.114e-04, Loss_bcs: 1.192e-07, Loss_res: 3.113e-04 ,Time: 29.14
mean_grad_bcs: 0.0000e+00
mean_grad_res: 3.6267e-04
It: 22700, Loss: 3.101e-04, Loss_bcs: 1.192e-07, Loss_res: 3.100e-04 ,Time: 28.62
mean_grad_bcs: 1.1923e-04
mean_grad_res: 3.1602e-03
It: 22800, Loss: 3.066e-04, Loss_bcs: 1.192e-07, Loss_res: 3.064e-04 ,Time: 28.95
mean_grad_bcs: 1.1528e-04
mean_grad_res: 3.0734e-04
It: 22900, Loss: 3.044e-04, Loss_bcs: 1.192e-07, Loss_res: 3.043e-04 ,Time: 28.62
mean_grad_bcs: 0.0000e+00
mean_grad_res: 2.7399e-03
It: 23000, Loss: 3.018e-04, Loss_bcs: 0.000e+00, Loss_res: 3.018e-04 ,Time: 28.01
mean_grad_bcs: 1.1252e-04
mean_grad_res: 3.0845e-04
It: 23100, Loss: 2.999e-04, Loss_bcs: 1.192e-07, Loss_res: 2.998e-04 ,Time: 28.82
mean_grad_bcs: 0.0000e+00
mean_grad_res: 1.7818e-03
It: 23200, Loss: 2.976e-04, Loss_bcs: 1.192e-07, Loss_res: 2.975e-04 ,Time: 28.16
mean_grad_bcs: 0.0000e+00
mean_grad_res: 2.8959e-04
It: 23300, Loss: 2.958e-04, Loss_bcs: 1.192e-07, Loss_res: 2.957e-04 ,Time: 28.64
mean_grad_bcs: 1.1206e-04
mean_grad_res: 2.0769e-03
It: 23400, Loss: 2.932e-04, Loss_bcs: 1.192e-07, Loss_res: 2.931e-04 ,Time: 28.61
mean_grad_bcs: 0.0000e+00
mean_grad_res: 2.7853e-04
It: 23500, Loss: 2.913e-04, Loss_bcs: 1.192e-07, Loss_res: 2.912e-04 ,Time: 28.11
mean_grad_bcs: 0.0000e+00
mean_grad_res: 1.8056e-03
It: 23600, Loss: 2.889e-04, Loss_bcs: 1.192e-07, Loss_res: 2.888e-04 ,Time: 28.36
mean_grad_bcs: 0.0000e+00
mean_grad_res: 8.2520e-04
It: 23700, Loss: 2.868e-04, Loss_bcs: 0.000e+00, Loss_res: 2.868e-04 ,Time: 28.39
mean_grad_bcs: 1.1246e-04
mean_grad_res: 2.2044e-04
It: 23800, Loss: 2.846e-04, Loss_bcs: 0.000e+00, Loss_res: 2.846e-04 ,Time: 28.21
mean_grad_bcs: 1.1194e-04
mean_grad_res: 1.7003e-04
It: 23900, Loss: 2.827e-04, Loss_bcs: 1.192e-07, Loss_res: 2.826e-04 ,Time: 29.11
mean_grad_bcs: 0.0000e+00
mean_grad_res: 3.0159e-04
It: 24000, Loss: 2.824e-04, Loss_bcs: 1.192e-07, Loss_res: 2.822e-04 ,Time: 28.67
mean_grad_bcs: 1.1341e-04
mean_grad_res: 9.3785e-03
It: 24100, Loss: 2.788e-04, Loss_bcs: 1.192e-07, Loss_res: 2.787e-04 ,Time: 28.20
mean_grad_bcs: 1.1310e-04
mean_grad_res: 1.5054e-04
It: 24200, Loss: 2.768e-04, Loss_bcs: 0.000e+00, Loss_res: 2.768e-04 ,Time: 28.44
mean_grad_bcs: 1.1299e-04
mean_grad_res: 1.2179e-03
It: 24300, Loss: 2.746e-04, Loss_bcs: 0.000e+00, Loss_res: 2.746e-04 ,Time: 28.33
mean_grad_bcs: 1.1269e-04
mean_grad_res: 2.9168e-04
It: 24400, Loss: 2.727e-04, Loss_bcs: 0.000e+00, Loss_res: 2.727e-04 ,Time: 28.25
mean_grad_bcs: 1.1192e-04
mean_grad_res: 6.8119e-04
It: 24500, Loss: 2.709e-04, Loss_bcs: 1.192e-07, Loss_res: 2.708e-04 ,Time: 28.34
mean_grad_bcs: 1.1237e-04
mean_grad_res: 1.5218e-04
It: 24600, Loss: 2.689e-04, Loss_bcs: 0.000e+00, Loss_res: 2.689e-04 ,Time: 28.04
mean_grad_bcs: 1.1314e-04
mean_grad_res: 3.6555e-04
It: 24700, Loss: 2.672e-04, Loss_bcs: 1.192e-07, Loss_res: 2.671e-04 ,Time: 28.60
mean_grad_bcs: 0.0000e+00
mean_grad_res: 2.0232e-04
It: 24800, Loss: 2.653e-04, Loss_bcs: 0.000e+00, Loss_res: 2.653e-04 ,Time: 28.63
mean_grad_bcs: 1.1282e-04
mean_grad_res: 6.5753e-04
It: 24900, Loss: 2.637e-04, Loss_bcs: 1.192e-07, Loss_res: 2.635e-04 ,Time: 28.82
mean_grad_bcs: 0.0000e+00
mean_grad_res: 1.8161e-04
It: 25000, Loss: 2.628e-04, Loss_bcs: 0.000e+00, Loss_res: 2.628e-04 ,Time: 28.97
mean_grad_bcs: 1.2044e-04
mean_grad_res: 5.0941e-03
It: 25100, Loss: 2.601e-04, Loss_bcs: 0.000e+00, Loss_res: 2.601e-04 ,Time: 29.90
mean_grad_bcs: 1.1313e-04
mean_grad_res: 3.1122e-04
It: 25200, Loss: 2.584e-04, Loss_bcs: 1.192e-07, Loss_res: 2.583e-04 ,Time: 30.48
mean_grad_bcs: 1.1201e-04
mean_grad_res: 6.5828e-04
It: 25300, Loss: 2.566e-04, Loss_bcs: 0.000e+00, Loss_res: 2.566e-04 ,Time: 30.59
mean_grad_bcs: 1.1319e-04
mean_grad_res: 7.7343e-04
It: 25400, Loss: 2.551e-04, Loss_bcs: 1.192e-07, Loss_res: 2.550e-04 ,Time: 30.29
mean_grad_bcs: 0.0000e+00
mean_grad_res: 3.4871e-04
It: 25500, Loss: 2.534e-04, Loss_bcs: 1.192e-07, Loss_res: 2.533e-04 ,Time: 30.49
mean_grad_bcs: 0.0000e+00
mean_grad_res: 1.1254e-03
It: 25600, Loss: 2.515e-04, Loss_bcs: 0.000e+00, Loss_res: 2.515e-04 ,Time: 30.45
mean_grad_bcs: 0.0000e+00
mean_grad_res: 1.8918e-04
It: 25700, Loss: 2.511e-04, Loss_bcs: 1.192e-07, Loss_res: 2.510e-04 ,Time: 29.94
mean_grad_bcs: 1.1215e-04
mean_grad_res: 2.4916e-03
It: 25800, Loss: 2.484e-04, Loss_bcs: 0.000e+00, Loss_res: 2.484e-04 ,Time: 28.67
mean_grad_bcs: 0.0000e+00
mean_grad_res: 1.7746e-04
It: 25900, Loss: 2.617e-04, Loss_bcs: 1.192e-07, Loss_res: 2.616e-04 ,Time: 28.35
mean_grad_bcs: 0.0000e+00
mean_grad_res: 1.6430e-02
It: 26000, Loss: 2.452e-04, Loss_bcs: 1.192e-07, Loss_res: 2.451e-04 ,Time: 28.60
mean_grad_bcs: 1.1257e-04
mean_grad_res: 1.7620e-04
It: 26100, Loss: 2.436e-04, Loss_bcs: 1.192e-07, Loss_res: 2.435e-04 ,Time: 28.41
mean_grad_bcs: 1.1303e-04
mean_grad_res: 1.8779e-04
It: 26200, Loss: 2.420e-04, Loss_bcs: 0.000e+00, Loss_res: 2.420e-04 ,Time: 30.38
mean_grad_bcs: 0.0000e+00
mean_grad_res: 3.3936e-04
It: 26300, Loss: 2.418e-04, Loss_bcs: 1.192e-07, Loss_res: 2.417e-04 ,Time: 30.16
mean_grad_bcs: 1.1370e-04
mean_grad_res: 2.1802e-03
It: 26400, Loss: 2.390e-04, Loss_bcs: 0.000e+00, Loss_res: 2.390e-04 ,Time: 30.41
mean_grad_bcs: 1.1245e-04
mean_grad_res: 1.9572e-04
It: 26500, Loss: 2.376e-04, Loss_bcs: 0.000e+00, Loss_res: 2.376e-04 ,Time: 30.15
mean_grad_bcs: 0.0000e+00
mean_grad_res: 2.6545e-04
It: 26600, Loss: 2.361e-04, Loss_bcs: 1.192e-07, Loss_res: 2.360e-04 ,Time: 29.87
mean_grad_bcs: 0.0000e+00
mean_grad_res: 4.7431e-04
It: 26700, Loss: 2.346e-04, Loss_bcs: 0.000e+00, Loss_res: 2.346e-04 ,Time: 30.12
mean_grad_bcs: 1.1285e-04
mean_grad_res: 1.8082e-04
It: 26800, Loss: 2.361e-04, Loss_bcs: 0.000e+00, Loss_res: 2.361e-04 ,Time: 30.38
mean_grad_bcs: 1.1948e-04
mean_grad_res: 6.1863e-03
It: 26900, Loss: 2.320e-04, Loss_bcs: 1.192e-07, Loss_res: 2.318e-04 ,Time: 29.81
mean_grad_bcs: 0.0000e+00
mean_grad_res: 1.4989e-04
It: 27000, Loss: 2.305e-04, Loss_bcs: 1.192e-07, Loss_res: 2.304e-04 ,Time: 29.98
mean_grad_bcs: 1.1235e-04
mean_grad_res: 1.9858e-04
It: 27100, Loss: 2.290e-04, Loss_bcs: 0.000e+00, Loss_res: 2.290e-04 ,Time: 30.28
mean_grad_bcs: 0.0000e+00
mean_grad_res: 3.8804e-04
It: 27200, Loss: 2.278e-04, Loss_bcs: 0.000e+00, Loss_res: 2.278e-04 ,Time: 30.07
mean_grad_bcs: 1.1474e-04
mean_grad_res: 6.5117e-04
It: 27300, Loss: 2.265e-04, Loss_bcs: 1.192e-07, Loss_res: 2.264e-04 ,Time: 29.89
mean_grad_bcs: 0.0000e+00
mean_grad_res: 1.8007e-04
It: 27400, Loss: 2.256e-04, Loss_bcs: 0.000e+00, Loss_res: 2.256e-04 ,Time: 29.91
mean_grad_bcs: 1.1480e-04
mean_grad_res: 2.9518e-03
It: 27500, Loss: 2.239e-04, Loss_bcs: 1.192e-07, Loss_res: 2.237e-04 ,Time: 29.55
mean_grad_bcs: 0.0000e+00
mean_grad_res: 2.0287e-04
It: 27600, Loss: 2.496e-04, Loss_bcs: 1.192e-07, Loss_res: 2.495e-04 ,Time: 28.40
mean_grad_bcs: 0.0000e+00
mean_grad_res: 1.3069e-02
It: 27700, Loss: 2.212e-04, Loss_bcs: 1.192e-07, Loss_res: 2.211e-04 ,Time: 28.33
mean_grad_bcs: 0.0000e+00
mean_grad_res: 1.5514e-04
It: 27800, Loss: 2.198e-04, Loss_bcs: 0.000e+00, Loss_res: 2.198e-04 ,Time: 28.84
mean_grad_bcs: 1.1399e-04
mean_grad_res: 2.1176e-04
It: 27900, Loss: 2.253e-04, Loss_bcs: 1.192e-07, Loss_res: 2.252e-04 ,Time: 28.70
mean_grad_bcs: 0.0000e+00
mean_grad_res: 1.1643e-02
It: 28000, Loss: 2.173e-04, Loss_bcs: 0.000e+00, Loss_res: 2.173e-04 ,Time: 28.62
mean_grad_bcs: 0.0000e+00
mean_grad_res: 1.3734e-04
It: 28100, Loss: 2.162e-04, Loss_bcs: 1.192e-07, Loss_res: 2.161e-04 ,Time: 28.62
mean_grad_bcs: 1.1315e-04
mean_grad_res: 1.7437e-04
It: 28200, Loss: 2.156e-04, Loss_bcs: 1.192e-07, Loss_res: 2.155e-04 ,Time: 28.41
mean_grad_bcs: 0.0000e+00
mean_grad_res: 2.3015e-03
It: 28300, Loss: 2.136e-04, Loss_bcs: 0.000e+00, Loss_res: 2.136e-04 ,Time: 28.56
mean_grad_bcs: 0.0000e+00
mean_grad_res: 1.3930e-04
It: 28400, Loss: 2.125e-04, Loss_bcs: 1.192e-07, Loss_res: 2.124e-04 ,Time: 28.40
mean_grad_bcs: 0.0000e+00
mean_grad_res: 3.8625e-04
It: 28500, Loss: 2.112e-04, Loss_bcs: 0.000e+00, Loss_res: 2.112e-04 ,Time: 28.16
mean_grad_bcs: 1.1204e-04
mean_grad_res: 1.0726e-03
It: 28600, Loss: 2.103e-04, Loss_bcs: 1.192e-07, Loss_res: 2.101e-04 ,Time: 28.33
mean_grad_bcs: 0.0000e+00
mean_grad_res: 2.7093e-04
It: 28700, Loss: 2.112e-04, Loss_bcs: 0.000e+00, Loss_res: 2.112e-04 ,Time: 28.26
mean_grad_bcs: 0.0000e+00
mean_grad_res: 2.8601e-03
It: 28800, Loss: 2.079e-04, Loss_bcs: 1.192e-07, Loss_res: 2.078e-04 ,Time: 27.04
mean_grad_bcs: 1.1335e-04
mean_grad_res: 9.6173e-05
It: 28900, Loss: 2.068e-04, Loss_bcs: 1.192e-07, Loss_res: 2.067e-04 ,Time: 26.53
mean_grad_bcs: 0.0000e+00
mean_grad_res: 4.7093e-04
It: 29000, Loss: 2.057e-04, Loss_bcs: 0.000e+00, Loss_res: 2.057e-04 ,Time: 26.48
mean_grad_bcs: 1.1338e-04
mean_grad_res: 1.5862e-03
It: 29100, Loss: 2.045e-04, Loss_bcs: 1.192e-07, Loss_res: 2.044e-04 ,Time: 26.75
mean_grad_bcs: 0.0000e+00
mean_grad_res: 2.0311e-04
It: 29200, Loss: 2.035e-04, Loss_bcs: 1.192e-07, Loss_res: 2.034e-04 ,Time: 26.64
mean_grad_bcs: 0.0000e+00
mean_grad_res: 1.5887e-04
It: 29300, Loss: 2.024e-04, Loss_bcs: 1.192e-07, Loss_res: 2.023e-04 ,Time: 27.02
mean_grad_bcs: 0.0000e+00
mean_grad_res: 8.5114e-04
It: 29400, Loss: 2.013e-04, Loss_bcs: 1.192e-07, Loss_res: 2.012e-04 ,Time: 26.76
mean_grad_bcs: 1.1186e-04
mean_grad_res: 2.3149e-04
It: 29500, Loss: 2.001e-04, Loss_bcs: 0.000e+00, Loss_res: 2.001e-04 ,Time: 26.67
mean_grad_bcs: 1.1228e-04
mean_grad_res: 2.4388e-04
It: 29600, Loss: 1.992e-04, Loss_bcs: 1.192e-07, Loss_res: 1.991e-04 ,Time: 26.67
mean_grad_bcs: 0.0000e+00
mean_grad_res: 4.9718e-04
It: 29700, Loss: 1.980e-04, Loss_bcs: 0.000e+00, Loss_res: 1.980e-04 ,Time: 26.45
mean_grad_bcs: 1.1279e-04
mean_grad_res: 2.9899e-04
It: 29800, Loss: 1.970e-04, Loss_bcs: 1.192e-07, Loss_res: 1.969e-04 ,Time: 26.46
mean_grad_bcs: 1.1187e-04
mean_grad_res: 1.8725e-04
It: 29900, Loss: 1.961e-04, Loss_bcs: 1.192e-07, Loss_res: 1.960e-04 ,Time: 27.05
mean_grad_bcs: 0.0000e+00
mean_grad_res: 9.4746e-05
It: 30000, Loss: 2.037e-04, Loss_bcs: 0.000e+00, Loss_res: 2.037e-04 ,Time: 26.95
mean_grad_bcs: 1.1633e-04
mean_grad_res: 1.0478e-02
It: 30100, Loss: 1.939e-04, Loss_bcs: 0.000e+00, Loss_res: 1.939e-04 ,Time: 26.91
mean_grad_bcs: 1.1243e-04
mean_grad_res: 1.5172e-04
It: 30200, Loss: 1.930e-04, Loss_bcs: 1.192e-07, Loss_res: 1.929e-04 ,Time: 26.39
mean_grad_bcs: 1.1244e-04
mean_grad_res: 1.1477e-04
It: 30300, Loss: 1.920e-04, Loss_bcs: 1.192e-07, Loss_res: 1.919e-04 ,Time: 26.89
mean_grad_bcs: 0.0000e+00
mean_grad_res: 6.2072e-04
It: 30400, Loss: 1.911e-04, Loss_bcs: 1.192e-07, Loss_res: 1.910e-04 ,Time: 26.39
mean_grad_bcs: 0.0000e+00
mean_grad_res: 1.2590e-04
It: 30500, Loss: 1.905e-04, Loss_bcs: 1.192e-07, Loss_res: 1.904e-04 ,Time: 27.00
mean_grad_bcs: 0.0000e+00
mean_grad_res: 3.2619e-03
It: 30600, Loss: 1.890e-04, Loss_bcs: 1.192e-07, Loss_res: 1.889e-04 ,Time: 26.66
mean_grad_bcs: 0.0000e+00
mean_grad_res: 2.3458e-04
It: 30700, Loss: 1.882e-04, Loss_bcs: 1.192e-07, Loss_res: 1.881e-04 ,Time: 27.20
mean_grad_bcs: 0.0000e+00
mean_grad_res: 8.0301e-04
It: 30800, Loss: 1.871e-04, Loss_bcs: 0.000e+00, Loss_res: 1.871e-04 ,Time: 27.09
mean_grad_bcs: 0.0000e+00
mean_grad_res: 1.5397e-04
It: 30900, Loss: 1.863e-04, Loss_bcs: 1.192e-07, Loss_res: 1.862e-04 ,Time: 26.67
mean_grad_bcs: 1.1256e-04
mean_grad_res: 1.1061e-03
It: 31000, Loss: 1.854e-04, Loss_bcs: 0.000e+00, Loss_res: 1.854e-04 ,Time: 27.33
mean_grad_bcs: 0.0000e+00
mean_grad_res: 1.5068e-04
It: 31100, Loss: 1.844e-04, Loss_bcs: 0.000e+00, Loss_res: 1.844e-04 ,Time: 28.60
mean_grad_bcs: 1.1207e-04
mean_grad_res: 1.3745e-04
It: 31200, Loss: 1.838e-04, Loss_bcs: 1.192e-07, Loss_res: 1.837e-04 ,Time: 28.46
mean_grad_bcs: 0.0000e+00
mean_grad_res: 1.2265e-04
It: 31300, Loss: 1.829e-04, Loss_bcs: 1.192e-07, Loss_res: 1.827e-04 ,Time: 28.73
mean_grad_bcs: 0.0000e+00
mean_grad_res: 1.6614e-04
It: 31400, Loss: 1.818e-04, Loss_bcs: 0.000e+00, Loss_res: 1.818e-04 ,Time: 28.89
mean_grad_bcs: 1.1225e-04
mean_grad_res: 1.4839e-04
It: 31500, Loss: 1.809e-04, Loss_bcs: 0.000e+00, Loss_res: 1.809e-04 ,Time: 28.50
mean_grad_bcs: 0.0000e+00
mean_grad_res: 2.0045e-04
It: 31600, Loss: 1.800e-04, Loss_bcs: 0.000e+00, Loss_res: 1.800e-04 ,Time: 27.15
mean_grad_bcs: 1.1389e-04
mean_grad_res: 3.8285e-04
It: 31700, Loss: 1.793e-04, Loss_bcs: 1.192e-07, Loss_res: 1.792e-04 ,Time: 27.37
mean_grad_bcs: 0.0000e+00
mean_grad_res: 1.7160e-03
It: 31800, Loss: 1.782e-04, Loss_bcs: 0.000e+00, Loss_res: 1.782e-04 ,Time: 27.22
mean_grad_bcs: 1.1221e-04
mean_grad_res: 1.6392e-04
It: 31900, Loss: 1.774e-04, Loss_bcs: 0.000e+00, Loss_res: 1.774e-04 ,Time: 27.00
mean_grad_bcs: 1.1427e-04
mean_grad_res: 2.0322e-03
It: 32000, Loss: 1.765e-04, Loss_bcs: 0.000e+00, Loss_res: 1.765e-04 ,Time: 28.96
mean_grad_bcs: 1.1188e-04
mean_grad_res: 1.6140e-04
It: 32100, Loss: 1.757e-04, Loss_bcs: 1.192e-07, Loss_res: 1.756e-04 ,Time: 28.50
mean_grad_bcs: 0.0000e+00
mean_grad_res: 1.3200e-04
It: 32200, Loss: 1.750e-04, Loss_bcs: 1.192e-07, Loss_res: 1.749e-04 ,Time: 28.16
mean_grad_bcs: 0.0000e+00
mean_grad_res: 2.8659e-04
It: 32300, Loss: 1.741e-04, Loss_bcs: 0.000e+00, Loss_res: 1.741e-04 ,Time: 28.07
mean_grad_bcs: 0.0000e+00
mean_grad_res: 1.5452e-04
It: 32400, Loss: 1.733e-04, Loss_bcs: 0.000e+00, Loss_res: 1.733e-04 ,Time: 28.36
mean_grad_bcs: 0.0000e+00
mean_grad_res: 1.6161e-04
It: 32500, Loss: 1.732e-04, Loss_bcs: 1.192e-07, Loss_res: 1.731e-04 ,Time: 28.25
mean_grad_bcs: 0.0000e+00
mean_grad_res: 1.7657e-03
It: 32600, Loss: 1.718e-04, Loss_bcs: 0.000e+00, Loss_res: 1.718e-04 ,Time: 28.58
mean_grad_bcs: 1.1266e-04
mean_grad_res: 1.2408e-04
It: 32700, Loss: 1.711e-04, Loss_bcs: 1.192e-07, Loss_res: 1.709e-04 ,Time: 28.66
mean_grad_bcs: 0.0000e+00
mean_grad_res: 1.6094e-04
It: 32800, Loss: 1.728e-04, Loss_bcs: 0.000e+00, Loss_res: 1.728e-04 ,Time: 28.37
mean_grad_bcs: 0.0000e+00
mean_grad_res: 3.6339e-03
It: 32900, Loss: 1.695e-04, Loss_bcs: 1.192e-07, Loss_res: 1.694e-04 ,Time: 28.71
mean_grad_bcs: 0.0000e+00
mean_grad_res: 1.3212e-04
It: 33000, Loss: 1.687e-04, Loss_bcs: 0.000e+00, Loss_res: 1.687e-04 ,Time: 28.58
mean_grad_bcs: 1.1273e-04
mean_grad_res: 1.4838e-04
It: 33100, Loss: 1.694e-04, Loss_bcs: 0.000e+00, Loss_res: 1.694e-04 ,Time: 28.34
mean_grad_bcs: 1.1318e-04
mean_grad_res: 4.9586e-03
It: 33200, Loss: 1.671e-04, Loss_bcs: 0.000e+00, Loss_res: 1.671e-04 ,Time: 28.79
mean_grad_bcs: 0.0000e+00
mean_grad_res: 1.1490e-04
It: 33300, Loss: 1.666e-04, Loss_bcs: 1.192e-07, Loss_res: 1.665e-04 ,Time: 28.87
mean_grad_bcs: 0.0000e+00
mean_grad_res: 3.8362e-03
It: 33400, Loss: 1.657e-04, Loss_bcs: 0.000e+00, Loss_res: 1.657e-04 ,Time: 28.48
mean_grad_bcs: 0.0000e+00
mean_grad_res: 1.6832e-04
It: 33500, Loss: 1.651e-04, Loss_bcs: 1.192e-07, Loss_res: 1.650e-04 ,Time: 28.52
mean_grad_bcs: 0.0000e+00
mean_grad_res: 1.4278e-04
It: 33600, Loss: 1.643e-04, Loss_bcs: 1.192e-07, Loss_res: 1.641e-04 ,Time: 28.70
mean_grad_bcs: 0.0000e+00
mean_grad_res: 2.7200e-04
It: 33700, Loss: 1.635e-04, Loss_bcs: 0.000e+00, Loss_res: 1.635e-04 ,Time: 28.44
mean_grad_bcs: 1.1296e-04
mean_grad_res: 2.4932e-04
It: 33800, Loss: 1.628e-04, Loss_bcs: 0.000e+00, Loss_res: 1.628e-04 ,Time: 28.94
mean_grad_bcs: 1.1442e-04
mean_grad_res: 1.3922e-03
It: 33900, Loss: 1.621e-04, Loss_bcs: 1.192e-07, Loss_res: 1.620e-04 ,Time: 28.88
mean_grad_bcs: 0.0000e+00
mean_grad_res: 3.4065e-04
It: 34000, Loss: 1.616e-04, Loss_bcs: 0.000e+00, Loss_res: 1.616e-04 ,Time: 28.49
mean_grad_bcs: 0.0000e+00
mean_grad_res: 3.3076e-04
It: 34100, Loss: 1.607e-04, Loss_bcs: 0.000e+00, Loss_res: 1.607e-04 ,Time: 28.36
mean_grad_bcs: 0.0000e+00
mean_grad_res: 2.4285e-04
It: 34200, Loss: 1.601e-04, Loss_bcs: 1.192e-07, Loss_res: 1.600e-04 ,Time: 28.64
mean_grad_bcs: 0.0000e+00
mean_grad_res: 8.9065e-05
It: 34300, Loss: 1.594e-04, Loss_bcs: 0.000e+00, Loss_res: 1.594e-04 ,Time: 28.76
mean_grad_bcs: 1.1209e-04
mean_grad_res: 1.1230e-04
It: 34400, Loss: 1.585e-04, Loss_bcs: 0.000e+00, Loss_res: 1.585e-04 ,Time: 28.41
mean_grad_bcs: 1.1211e-04
mean_grad_res: 1.2777e-04
It: 34500, Loss: 1.579e-04, Loss_bcs: 0.000e+00, Loss_res: 1.579e-04 ,Time: 29.00
mean_grad_bcs: 0.0000e+00
mean_grad_res: 1.7436e-04
It: 34600, Loss: 1.573e-04, Loss_bcs: 1.192e-07, Loss_res: 1.572e-04 ,Time: 29.95
mean_grad_bcs: 0.0000e+00
mean_grad_res: 3.5490e-04
It: 34700, Loss: 1.567e-04, Loss_bcs: 1.192e-07, Loss_res: 1.566e-04 ,Time: 28.48
mean_grad_bcs: 0.0000e+00
mean_grad_res: 1.3461e-04
It: 34800, Loss: 1.560e-04, Loss_bcs: 0.000e+00, Loss_res: 1.560e-04 ,Time: 28.58
mean_grad_bcs: 1.1258e-04
mean_grad_res: 2.1121e-04
It: 34900, Loss: 1.719e-04, Loss_bcs: 0.000e+00, Loss_res: 1.719e-04 ,Time: 29.03
mean_grad_bcs: 0.0000e+00
mean_grad_res: 1.4310e-02
It: 35000, Loss: 1.547e-04, Loss_bcs: 0.000e+00, Loss_res: 1.547e-04 ,Time: 28.40
mean_grad_bcs: 0.0000e+00
mean_grad_res: 1.1715e-04
It: 35100, Loss: 1.540e-04, Loss_bcs: 0.000e+00, Loss_res: 1.540e-04 ,Time: 29.87
mean_grad_bcs: 0.0000e+00
mean_grad_res: 9.7636e-05
It: 35200, Loss: 1.536e-04, Loss_bcs: 1.192e-07, Loss_res: 1.535e-04 ,Time: 29.91
mean_grad_bcs: 0.0000e+00
mean_grad_res: 9.8996e-05
It: 35300, Loss: 1.529e-04, Loss_bcs: 0.000e+00, Loss_res: 1.529e-04 ,Time: 29.99
mean_grad_bcs: 0.0000e+00
mean_grad_res: 1.5462e-04
It: 35400, Loss: 1.526e-04, Loss_bcs: 1.192e-07, Loss_res: 1.525e-04 ,Time: 30.39
mean_grad_bcs: 0.0000e+00
mean_grad_res: 9.1204e-04
It: 35500, Loss: 1.517e-04, Loss_bcs: 0.000e+00, Loss_res: 1.517e-04 ,Time: 29.88
mean_grad_bcs: 0.0000e+00
mean_grad_res: 1.4325e-04
It: 35600, Loss: 1.511e-04, Loss_bcs: 0.000e+00, Loss_res: 1.511e-04 ,Time: 29.85
mean_grad_bcs: 1.1246e-04
mean_grad_res: 1.2038e-04
It: 35700, Loss: 1.507e-04, Loss_bcs: 1.192e-07, Loss_res: 1.505e-04 ,Time: 30.12
mean_grad_bcs: 0.0000e+00
mean_grad_res: 1.2022e-04
It: 35800, Loss: 1.501e-04, Loss_bcs: 1.192e-07, Loss_res: 1.500e-04 ,Time: 30.12
mean_grad_bcs: 1.1232e-04
mean_grad_res: 7.3073e-04
It: 35900, Loss: 1.492e-04, Loss_bcs: 0.000e+00, Loss_res: 1.492e-04 ,Time: 29.62
mean_grad_bcs: 1.1308e-04
mean_grad_res: 1.5240e-04
It: 36000, Loss: 1.536e-04, Loss_bcs: 1.192e-07, Loss_res: 1.535e-04 ,Time: 29.21
mean_grad_bcs: 0.0000e+00
mean_grad_res: 1.0821e-02
It: 36100, Loss: 1.482e-04, Loss_bcs: 0.000e+00, Loss_res: 1.482e-04 ,Time: 28.58
mean_grad_bcs: 1.1189e-04
mean_grad_res: 1.3577e-04
It: 36200, Loss: 1.478e-04, Loss_bcs: 1.192e-07, Loss_res: 1.477e-04 ,Time: 28.68
mean_grad_bcs: 0.0000e+00
mean_grad_res: 9.9314e-05
It: 36300, Loss: 1.471e-04, Loss_bcs: 0.000e+00, Loss_res: 1.471e-04 ,Time: 28.69
mean_grad_bcs: 0.0000e+00
mean_grad_res: 7.9445e-05
It: 36400, Loss: 1.465e-04, Loss_bcs: 0.000e+00, Loss_res: 1.465e-04 ,Time: 27.30
mean_grad_bcs: 1.1263e-04
mean_grad_res: 2.2033e-04
It: 36500, Loss: 1.492e-04, Loss_bcs: 0.000e+00, Loss_res: 1.492e-04 ,Time: 27.54
mean_grad_bcs: 0.0000e+00
mean_grad_res: 5.8358e-03
It: 36600, Loss: 1.454e-04, Loss_bcs: 0.000e+00, Loss_res: 1.454e-04 ,Time: 27.76
mean_grad_bcs: 1.1329e-04
mean_grad_res: 2.1789e-04
It: 36700, Loss: 1.449e-04, Loss_bcs: 0.000e+00, Loss_res: 1.449e-04 ,Time: 26.67
mean_grad_bcs: 0.0000e+00
mean_grad_res: 1.7715e-04
It: 36800, Loss: 1.453e-04, Loss_bcs: 0.000e+00, Loss_res: 1.453e-04 ,Time: 27.08
mean_grad_bcs: 0.0000e+00
mean_grad_res: 3.6719e-03
It: 36900, Loss: 1.439e-04, Loss_bcs: 1.192e-07, Loss_res: 1.438e-04 ,Time: 27.45
mean_grad_bcs: 0.0000e+00
mean_grad_res: 1.3002e-04
It: 37000, Loss: 1.433e-04, Loss_bcs: 0.000e+00, Loss_res: 1.433e-04 ,Time: 27.10
mean_grad_bcs: 1.1234e-04
mean_grad_res: 1.4045e-04
It: 37100, Loss: 1.428e-04, Loss_bcs: 1.192e-07, Loss_res: 1.427e-04 ,Time: 26.77
mean_grad_bcs: 0.0000e+00
mean_grad_res: 2.3655e-04
It: 37200, Loss: 1.422e-04, Loss_bcs: 1.192e-07, Loss_res: 1.421e-04 ,Time: 26.84
mean_grad_bcs: 1.1204e-04
mean_grad_res: 2.0056e-04
It: 37300, Loss: 1.415e-04, Loss_bcs: 0.000e+00, Loss_res: 1.415e-04 ,Time: 26.94
mean_grad_bcs: 0.0000e+00
mean_grad_res: 1.1399e-04
It: 37400, Loss: 1.411e-04, Loss_bcs: 0.000e+00, Loss_res: 1.411e-04 ,Time: 27.35
mean_grad_bcs: 0.0000e+00
mean_grad_res: 1.1393e-04
It: 37500, Loss: 1.408e-04, Loss_bcs: 1.192e-07, Loss_res: 1.407e-04 ,Time: 27.38
mean_grad_bcs: 0.0000e+00
mean_grad_res: 1.5425e-04
It: 37600, Loss: 1.402e-04, Loss_bcs: 0.000e+00, Loss_res: 1.402e-04 ,Time: 27.22
mean_grad_bcs: 0.0000e+00
mean_grad_res: 6.1357e-05
It: 37700, Loss: 1.396e-04, Loss_bcs: 0.000e+00, Loss_res: 1.396e-04 ,Time: 27.23
mean_grad_bcs: 1.1198e-04
mean_grad_res: 1.1061e-04
It: 37800, Loss: 1.391e-04, Loss_bcs: 0.000e+00, Loss_res: 1.391e-04 ,Time: 26.87
mean_grad_bcs: 1.1212e-04
mean_grad_res: 2.0963e-04
It: 37900, Loss: 1.397e-04, Loss_bcs: 0.000e+00, Loss_res: 1.397e-04 ,Time: 27.15
mean_grad_bcs: 0.0000e+00
mean_grad_res: 7.1295e-03
It: 38000, Loss: 1.382e-04, Loss_bcs: 1.192e-07, Loss_res: 1.380e-04 ,Time: 27.50
mean_grad_bcs: 0.0000e+00
mean_grad_res: 1.6981e-04
It: 38100, Loss: 1.377e-04, Loss_bcs: 0.000e+00, Loss_res: 1.377e-04 ,Time: 27.00
mean_grad_bcs: 0.0000e+00
mean_grad_res: 7.2074e-05
It: 38200, Loss: 1.373e-04, Loss_bcs: 1.192e-07, Loss_res: 1.372e-04 ,Time: 27.07
mean_grad_bcs: 0.0000e+00
mean_grad_res: 1.1582e-04
It: 38300, Loss: 1.367e-04, Loss_bcs: 0.000e+00, Loss_res: 1.367e-04 ,Time: 26.95
mean_grad_bcs: 0.0000e+00
mean_grad_res: 9.0459e-05
It: 38400, Loss: 1.367e-04, Loss_bcs: 1.192e-07, Loss_res: 1.366e-04 ,Time: 26.98
mean_grad_bcs: 0.0000e+00
mean_grad_res: 1.3403e-03
It: 38500, Loss: 1.358e-04, Loss_bcs: 0.000e+00, Loss_res: 1.358e-04 ,Time: 27.14
mean_grad_bcs: 0.0000e+00
mean_grad_res: 1.3871e-04
It: 38600, Loss: 1.353e-04, Loss_bcs: 0.000e+00, Loss_res: 1.353e-04 ,Time: 27.29
mean_grad_bcs: 0.0000e+00
mean_grad_res: 8.6714e-05
It: 38700, Loss: 1.347e-04, Loss_bcs: 0.000e+00, Loss_res: 1.347e-04 ,Time: 26.46
mean_grad_bcs: 0.0000e+00
mean_grad_res: 1.6176e-04
It: 38800, Loss: 1.342e-04, Loss_bcs: 0.000e+00, Loss_res: 1.342e-04 ,Time: 26.62
mean_grad_bcs: 0.0000e+00
mean_grad_res: 1.3547e-04
It: 38900, Loss: 1.358e-04, Loss_bcs: 1.192e-07, Loss_res: 1.357e-04 ,Time: 26.61
mean_grad_bcs: 0.0000e+00
mean_grad_res: 3.1841e-03
It: 39000, Loss: 1.334e-04, Loss_bcs: 0.000e+00, Loss_res: 1.334e-04 ,Time: 27.28
mean_grad_bcs: 0.0000e+00
mean_grad_res: 1.0926e-04
It: 39100, Loss: 1.331e-04, Loss_bcs: 1.192e-07, Loss_res: 1.330e-04 ,Time: 26.84
mean_grad_bcs: 0.0000e+00
mean_grad_res: 2.1098e-04
It: 39200, Loss: 1.326e-04, Loss_bcs: 0.000e+00, Loss_res: 1.326e-04 ,Time: 26.82
mean_grad_bcs: 1.1218e-04
mean_grad_res: 1.2609e-04
It: 39300, Loss: 1.321e-04, Loss_bcs: 1.192e-07, Loss_res: 1.320e-04 ,Time: 27.66
mean_grad_bcs: 1.1266e-04
mean_grad_res: 1.2370e-04
It: 39400, Loss: 1.317e-04, Loss_bcs: 0.000e+00, Loss_res: 1.317e-04 ,Time: 26.79
mean_grad_bcs: 0.0000e+00
mean_grad_res: 1.8632e-03
It: 39500, Loss: 1.312e-04, Loss_bcs: 1.192e-07, Loss_res: 1.311e-04 ,Time: 27.29
mean_grad_bcs: 1.1210e-04
mean_grad_res: 2.7766e-04
It: 39600, Loss: 1.306e-04, Loss_bcs: 0.000e+00, Loss_res: 1.306e-04 ,Time: 27.26
mean_grad_bcs: 0.0000e+00
mean_grad_res: 9.2968e-05
It: 39700, Loss: 1.365e-04, Loss_bcs: 1.192e-07, Loss_res: 1.364e-04 ,Time: 27.67
mean_grad_bcs: 0.0000e+00
mean_grad_res: 1.0712e-02
It: 39800, Loss: 1.298e-04, Loss_bcs: 0.000e+00, Loss_res: 1.298e-04 ,Time: 27.20
mean_grad_bcs: 0.0000e+00
mean_grad_res: 5.8113e-05
It: 39900, Loss: 1.295e-04, Loss_bcs: 0.000e+00, Loss_res: 1.295e-04 ,Time: 27.24
mean_grad_bcs: 0.0000e+00
mean_grad_res: 1.1681e-04
Gradients information stored ...
It: 40000, Loss: 1.291e-04, Loss_bcs: 0.000e+00, Loss_res: 1.291e-04 ,Time: 55.12
mean_grad_bcs: 0.0000e+00
mean_grad_res: 8.2190e-05
elapsed: 1.17e+04
Relative L2 error_u: 1.99e-04
Relative L2 error_r: 9.65e-05
mean value of lambda_bc: 1.00e+00
first value of lambda_bc: 1.00e+00
Relative L2 error_u: 1.99e-04
Relative L2 error_v: 9.65e-05
Save uv NN parameters successfully in %s .../home/vlq26735/code/PhD/GradientPathologiesPINNs/checkpoints/1DPoisson/Feb-26-2024_20-13-31-596570_M3
Final loss total loss: 1.290953e-04
Final loss loss_res: 1.290953e-04
Final loss loss_bcs: 0.000000e+00
