It: 0, Loss: 1.400e+04, Loss_bcs: 6.692e-02, Loss_res: 1.396e+04 ,Time: 0.31
update_res: nan
update_bcs1: 0.000e+00
adaptive_constant_bc: 1.3596e+03
Compute NTK...
Gradients information stored ...
It: 100, Loss: 1.377e+04, Loss_bcs: 2.379e-02, Loss_res: 1.376e+04 ,Time: 0.00
update_res: nan
update_bcs1: 0.000e+00
adaptive_constant_bc: 2.2169e+03
Compute NTK...
Gradients information stored ...
It: 200, Loss: 1.356e+04, Loss_bcs: 1.547e-02, Loss_res: 1.355e+04 ,Time: 0.00
update_res: nan
update_bcs1: 0.000e+00
adaptive_constant_bc: 2.7115e+03
Compute NTK...
It: 300, Loss: 1.335e+04, Loss_bcs: 1.326e-02, Loss_res: 1.334e+04 ,Time: 0.00
update_res: nan
update_bcs1: 0.000e+00
adaptive_constant_bc: 2.9019e+03
Compute NTK...
It: 400, Loss: 1.315e+04, Loss_bcs: 1.247e-02, Loss_res: 1.314e+04 ,Time: 0.00
update_res: nan
update_bcs1: 0.000e+00
adaptive_constant_bc: 2.9660e+03
Compute NTK...
It: 500, Loss: 1.295e+04, Loss_bcs: 1.214e-02, Loss_res: 1.295e+04 ,Time: 0.00
update_res: nan
update_bcs1: 0.000e+00
adaptive_constant_bc: 2.9798e+03
Compute NTK...
It: 600, Loss: 1.276e+04, Loss_bcs: 1.199e-02, Loss_res: 1.276e+04 ,Time: 0.00
update_res: nan
update_bcs1: 0.000e+00
adaptive_constant_bc: 2.9711e+03
Compute NTK...
It: 700, Loss: 1.258e+04, Loss_bcs: 1.193e-02, Loss_res: 1.257e+04 ,Time: 0.00
update_res: nan
update_bcs1: 0.000e+00
adaptive_constant_bc: 2.9521e+03
Compute NTK...
It: 800, Loss: 1.240e+04, Loss_bcs: 1.192e-02, Loss_res: 1.239e+04 ,Time: 0.00
update_res: nan
update_bcs1: 0.000e+00
adaptive_constant_bc: 2.9282e+03
Compute NTK...
It: 900, Loss: 1.222e+04, Loss_bcs: 1.193e-02, Loss_res: 1.221e+04 ,Time: 0.00
update_res: nan
update_bcs1: 0.000e+00
adaptive_constant_bc: 2.9019e+03
Compute NTK...
It: 1000, Loss: 1.204e+04, Loss_bcs: 1.195e-02, Loss_res: 1.204e+04 ,Time: 0.00
update_res: nan
update_bcs1: 0.000e+00
adaptive_constant_bc: 2.8751e+03
Compute NTK...
Gradients information stored ...
It: 1100, Loss: 1.187e+04, Loss_bcs: 1.198e-02, Loss_res: 1.187e+04 ,Time: 0.00
update_res: nan
update_bcs1: 0.000e+00
adaptive_constant_bc: 2.8488e+03
Compute NTK...
It: 1200, Loss: 1.171e+04, Loss_bcs: 1.199e-02, Loss_res: 1.170e+04 ,Time: 0.00
update_res: nan
update_bcs1: 0.000e+00
adaptive_constant_bc: 2.8240e+03
Compute NTK...
It: 1300, Loss: 1.154e+04, Loss_bcs: 1.199e-02, Loss_res: 1.154e+04 ,Time: 0.01
update_res: nan
update_bcs1: 0.000e+00
adaptive_constant_bc: 2.8009e+03
Compute NTK...
It: 1400, Loss: 1.138e+04, Loss_bcs: 1.200e-02, Loss_res: 1.138e+04 ,Time: 0.00
update_res: nan
update_bcs1: 0.000e+00
adaptive_constant_bc: 2.7778e+03
Compute NTK...
It: 1500, Loss: 1.123e+04, Loss_bcs: 1.202e-02, Loss_res: 1.122e+04 ,Time: 0.00
update_res: nan
update_bcs1: 0.000e+00
adaptive_constant_bc: 2.7535e+03
Compute NTK...
It: 1600, Loss: 1.107e+04, Loss_bcs: 1.205e-02, Loss_res: 1.107e+04 ,Time: 0.00
update_res: nan
update_bcs1: 0.000e+00
adaptive_constant_bc: 2.7289e+03
Compute NTK...
It: 1700, Loss: 1.092e+04, Loss_bcs: 1.208e-02, Loss_res: 1.091e+04 ,Time: 0.00
update_res: nan
update_bcs1: 0.000e+00
adaptive_constant_bc: 2.7046e+03
Compute NTK...
It: 1800, Loss: 1.077e+04, Loss_bcs: 1.212e-02, Loss_res: 1.077e+04 ,Time: 0.00
update_res: nan
update_bcs1: 0.000e+00
adaptive_constant_bc: 2.6806e+03
Compute NTK...
It: 1900, Loss: 1.063e+04, Loss_bcs: 1.215e-02, Loss_res: 1.062e+04 ,Time: 0.00
update_res: nan
update_bcs1: 0.000e+00
adaptive_constant_bc: 2.6568e+03
Compute NTK...
It: 2000, Loss: 1.048e+04, Loss_bcs: 1.219e-02, Loss_res: 1.048e+04 ,Time: 0.00
update_res: nan
update_bcs1: 0.000e+00
adaptive_constant_bc: 2.6332e+03
Compute NTK...
It: 2100, Loss: 1.034e+04, Loss_bcs: 1.223e-02, Loss_res: 1.034e+04 ,Time: 0.00
update_res: nan
update_bcs1: 0.000e+00
adaptive_constant_bc: 2.6096e+03
Compute NTK...
It: 2200, Loss: 1.021e+04, Loss_bcs: 1.227e-02, Loss_res: 1.020e+04 ,Time: 0.00
update_res: nan
update_bcs1: 0.000e+00
adaptive_constant_bc: 2.5862e+03
Compute NTK...
It: 2300, Loss: 1.007e+04, Loss_bcs: 1.231e-02, Loss_res: 1.006e+04 ,Time: 0.00
update_res: nan
update_bcs1: 0.000e+00
adaptive_constant_bc: 2.5632e+03
Compute NTK...
It: 2400, Loss: 9.938e+03, Loss_bcs: 1.236e-02, Loss_res: 9.932e+03 ,Time: 0.00
update_res: nan
update_bcs1: 0.000e+00
adaptive_constant_bc: 2.5405e+03
Compute NTK...
It: 2500, Loss: 9.808e+03, Loss_bcs: 1.240e-02, Loss_res: 9.802e+03 ,Time: 0.00
update_res: nan
update_bcs1: 0.000e+00
adaptive_constant_bc: 2.5183e+03
Compute NTK...
It: 2600, Loss: 9.680e+03, Loss_bcs: 1.245e-02, Loss_res: 9.674e+03 ,Time: 0.00
update_res: nan
update_bcs1: 0.000e+00
adaptive_constant_bc: 2.4965e+03
Compute NTK...
It: 2700, Loss: 9.554e+03, Loss_bcs: 1.249e-02, Loss_res: 9.548e+03 ,Time: 0.00
update_res: nan
update_bcs1: 0.000e+00
adaptive_constant_bc: 2.4750e+03
Compute NTK...
It: 2800, Loss: 9.431e+03, Loss_bcs: 1.253e-02, Loss_res: 9.425e+03 ,Time: 0.00
update_res: nan
update_bcs1: 0.000e+00
adaptive_constant_bc: 2.4539e+03
Compute NTK...
It: 2900, Loss: 9.309e+03, Loss_bcs: 1.257e-02, Loss_res: 9.303e+03 ,Time: 0.00
update_res: nan
update_bcs1: 0.000e+00
adaptive_constant_bc: 2.4331e+03
Compute NTK...
It: 3000, Loss: 9.190e+03, Loss_bcs: 1.261e-02, Loss_res: 9.184e+03 ,Time: 0.00
update_res: nan
update_bcs1: 0.000e+00
adaptive_constant_bc: 2.4127e+03
Compute NTK...
It: 3100, Loss: 9.073e+03, Loss_bcs: 1.265e-02, Loss_res: 9.067e+03 ,Time: 0.00
update_res: nan
update_bcs1: 0.000e+00
adaptive_constant_bc: 2.3926e+03
Compute NTK...
It: 3200, Loss: 8.958e+03, Loss_bcs: 1.269e-02, Loss_res: 8.951e+03 ,Time: 0.00
update_res: nan
update_bcs1: 0.000e+00
adaptive_constant_bc: 2.3729e+03
Compute NTK...
It: 3300, Loss: 8.844e+03, Loss_bcs: 1.272e-02, Loss_res: 8.838e+03 ,Time: 0.00
update_res: nan
update_bcs1: 0.000e+00
adaptive_constant_bc: 2.3535e+03
Compute NTK...
It: 3400, Loss: 8.733e+03, Loss_bcs: 1.276e-02, Loss_res: 8.727e+03 ,Time: 0.00
update_res: nan
update_bcs1: 0.000e+00
adaptive_constant_bc: 2.3345e+03
Compute NTK...
It: 3500, Loss: 8.623e+03, Loss_bcs: 1.279e-02, Loss_res: 8.617e+03 ,Time: 0.00
update_res: nan
update_bcs1: 0.000e+00
adaptive_constant_bc: 2.3157e+03
Compute NTK...
It: 3600, Loss: 8.516e+03, Loss_bcs: 1.283e-02, Loss_res: 8.509e+03 ,Time: 0.00
update_res: nan
update_bcs1: 0.000e+00
adaptive_constant_bc: 2.2972e+03
Compute NTK...
It: 3700, Loss: 8.410e+03, Loss_bcs: 1.286e-02, Loss_res: 8.404e+03 ,Time: 0.00
update_res: nan
update_bcs1: 0.000e+00
adaptive_constant_bc: 2.2790e+03
Compute NTK...
It: 3800, Loss: 8.306e+03, Loss_bcs: 1.289e-02, Loss_res: 8.299e+03 ,Time: 0.00
update_res: nan
update_bcs1: 0.000e+00
adaptive_constant_bc: 2.2612e+03
Compute NTK...
It: 3900, Loss: 8.204e+03, Loss_bcs: 1.292e-02, Loss_res: 8.197e+03 ,Time: 0.00
update_res: nan
update_bcs1: 0.000e+00
adaptive_constant_bc: 2.2437e+03
Compute NTK...
It: 4000, Loss: 8.103e+03, Loss_bcs: 1.296e-02, Loss_res: 8.096e+03 ,Time: 0.00
update_res: nan
update_bcs1: 0.000e+00
adaptive_constant_bc: 2.2264e+03
Compute NTK...
It: 4100, Loss: 8.004e+03, Loss_bcs: 1.298e-02, Loss_res: 7.997e+03 ,Time: 0.00
update_res: nan
update_bcs1: 0.000e+00
adaptive_constant_bc: 2.2094e+03
Compute NTK...
It: 4200, Loss: 7.907e+03, Loss_bcs: 1.301e-02, Loss_res: 7.900e+03 ,Time: 0.00
update_res: nan
update_bcs1: 0.000e+00
adaptive_constant_bc: 2.1928e+03
Compute NTK...
It: 4300, Loss: 7.811e+03, Loss_bcs: 1.304e-02, Loss_res: 7.804e+03 ,Time: 0.00
update_res: nan
update_bcs1: 0.000e+00
adaptive_constant_bc: 2.1765e+03
Compute NTK...
It: 4400, Loss: 7.717e+03, Loss_bcs: 1.306e-02, Loss_res: 7.710e+03 ,Time: 0.00
update_res: nan
update_bcs1: 0.000e+00
adaptive_constant_bc: 2.1604e+03
Compute NTK...
It: 4500, Loss: 7.624e+03, Loss_bcs: 1.309e-02, Loss_res: 7.618e+03 ,Time: 0.00
update_res: nan
update_bcs1: 0.000e+00
adaptive_constant_bc: 2.1446e+03
Compute NTK...
It: 4600, Loss: 7.533e+03, Loss_bcs: 1.311e-02, Loss_res: 7.527e+03 ,Time: 0.00
update_res: nan
update_bcs1: 0.000e+00
adaptive_constant_bc: 2.1290e+03
Compute NTK...
It: 4700, Loss: 7.444e+03, Loss_bcs: 1.313e-02, Loss_res: 7.437e+03 ,Time: 0.00
update_res: nan
update_bcs1: 0.000e+00
adaptive_constant_bc: 2.1137e+03
Compute NTK...
It: 4800, Loss: 7.356e+03, Loss_bcs: 1.315e-02, Loss_res: 7.349e+03 ,Time: 0.00
update_res: nan
update_bcs1: 0.000e+00
adaptive_constant_bc: 2.0985e+03
Compute NTK...
It: 4900, Loss: 7.269e+03, Loss_bcs: 1.317e-02, Loss_res: 7.262e+03 ,Time: 0.00
update_res: nan
update_bcs1: 0.000e+00
adaptive_constant_bc: 2.0835e+03
Compute NTK...
It: 5000, Loss: 7.184e+03, Loss_bcs: 1.319e-02, Loss_res: 7.177e+03 ,Time: 0.00
update_res: nan
update_bcs1: 0.000e+00
adaptive_constant_bc: 2.0686e+03
Compute NTK...
It: 5100, Loss: 7.100e+03, Loss_bcs: 1.321e-02, Loss_res: 7.093e+03 ,Time: 0.00
update_res: nan
update_bcs1: 0.000e+00
adaptive_constant_bc: 2.0540e+03
Compute NTK...
It: 5200, Loss: 7.018e+03, Loss_bcs: 1.323e-02, Loss_res: 7.011e+03 ,Time: 0.00
update_res: nan
update_bcs1: 0.000e+00
adaptive_constant_bc: 2.0394e+03
Compute NTK...
It: 5300, Loss: 6.937e+03, Loss_bcs: 1.325e-02, Loss_res: 6.930e+03 ,Time: 0.00
update_res: nan
update_bcs1: 0.000e+00
adaptive_constant_bc: 2.0250e+03
Compute NTK...
It: 5400, Loss: 6.857e+03, Loss_bcs: 1.327e-02, Loss_res: 6.850e+03 ,Time: 0.00
update_res: nan
update_bcs1: 0.000e+00
adaptive_constant_bc: 2.0108e+03
Compute NTK...
It: 5500, Loss: 6.778e+03, Loss_bcs: 1.329e-02, Loss_res: 6.772e+03 ,Time: 0.00
update_res: nan
update_bcs1: 0.000e+00
adaptive_constant_bc: 1.9966e+03
Compute NTK...
It: 5600, Loss: 6.701e+03, Loss_bcs: 1.331e-02, Loss_res: 6.695e+03 ,Time: 0.00
update_res: nan
update_bcs1: 0.000e+00
adaptive_constant_bc: 1.9826e+03
Compute NTK...
It: 5700, Loss: 6.625e+03, Loss_bcs: 1.333e-02, Loss_res: 6.619e+03 ,Time: 0.00
update_res: nan
update_bcs1: 0.000e+00
adaptive_constant_bc: 1.9687e+03
Compute NTK...
It: 5800, Loss: 6.551e+03, Loss_bcs: 1.335e-02, Loss_res: 6.544e+03 ,Time: 0.00
update_res: nan
update_bcs1: 0.000e+00
adaptive_constant_bc: 1.9549e+03
Compute NTK...
It: 5900, Loss: 6.477e+03, Loss_bcs: 1.337e-02, Loss_res: 6.471e+03 ,Time: 0.00
update_res: nan
update_bcs1: 0.000e+00
adaptive_constant_bc: 1.9412e+03
Compute NTK...
It: 6000, Loss: 6.405e+03, Loss_bcs: 1.339e-02, Loss_res: 6.398e+03 ,Time: 0.00
update_res: nan
update_bcs1: 0.000e+00
adaptive_constant_bc: 1.9276e+03
Compute NTK...
It: 6100, Loss: 6.334e+03, Loss_bcs: 1.341e-02, Loss_res: 6.327e+03 ,Time: 0.00
update_res: nan
update_bcs1: 0.000e+00
adaptive_constant_bc: 1.9142e+03
Compute NTK...
It: 6200, Loss: 6.264e+03, Loss_bcs: 1.343e-02, Loss_res: 6.257e+03 ,Time: 0.01
update_res: nan
update_bcs1: 0.000e+00
adaptive_constant_bc: 1.9008e+03
Compute NTK...
It: 6300, Loss: 6.195e+03, Loss_bcs: 1.345e-02, Loss_res: 6.188e+03 ,Time: 0.00
update_res: nan
update_bcs1: 0.000e+00
adaptive_constant_bc: 1.8876e+03
Compute NTK...
It: 6400, Loss: 6.127e+03, Loss_bcs: 1.348e-02, Loss_res: 6.121e+03 ,Time: 0.00
update_res: nan
update_bcs1: 0.000e+00
adaptive_constant_bc: 1.8744e+03
Compute NTK...
It: 6500, Loss: 6.061e+03, Loss_bcs: 1.350e-02, Loss_res: 6.054e+03 ,Time: 0.00
update_res: nan
update_bcs1: 0.000e+00
adaptive_constant_bc: 1.8614e+03
Compute NTK...
It: 6600, Loss: 5.995e+03, Loss_bcs: 1.352e-02, Loss_res: 5.988e+03 ,Time: 0.00
update_res: nan
update_bcs1: 0.000e+00
adaptive_constant_bc: 1.8485e+03
Compute NTK...
It: 6700, Loss: 5.930e+03, Loss_bcs: 1.354e-02, Loss_res: 5.924e+03 ,Time: 0.00
update_res: nan
update_bcs1: 0.000e+00
adaptive_constant_bc: 1.8358e+03
Compute NTK...
It: 6800, Loss: 5.867e+03, Loss_bcs: 1.356e-02, Loss_res: 5.860e+03 ,Time: 0.00
update_res: nan
update_bcs1: 0.000e+00
adaptive_constant_bc: 1.8231e+03
Compute NTK...
It: 6900, Loss: 5.804e+03, Loss_bcs: 1.358e-02, Loss_res: 5.798e+03 ,Time: 0.00
update_res: nan
update_bcs1: 0.000e+00
adaptive_constant_bc: 1.8107e+03
Compute NTK...
It: 7000, Loss: 5.743e+03, Loss_bcs: 1.360e-02, Loss_res: 5.736e+03 ,Time: 0.00
update_res: nan
update_bcs1: 0.000e+00
adaptive_constant_bc: 1.7984e+03
Compute NTK...
It: 7100, Loss: 5.682e+03, Loss_bcs: 1.362e-02, Loss_res: 5.675e+03 ,Time: 0.00
update_res: nan
update_bcs1: 0.000e+00
adaptive_constant_bc: 1.7863e+03
Compute NTK...
It: 7200, Loss: 5.623e+03, Loss_bcs: 1.364e-02, Loss_res: 5.616e+03 ,Time: 0.00
update_res: nan
update_bcs1: 0.000e+00
adaptive_constant_bc: 1.7744e+03
Compute NTK...
It: 7300, Loss: 5.564e+03, Loss_bcs: 1.365e-02, Loss_res: 5.557e+03 ,Time: 0.00
update_res: nan
update_bcs1: 0.000e+00
adaptive_constant_bc: 1.7627e+03
Compute NTK...
It: 7400, Loss: 5.506e+03, Loss_bcs: 1.367e-02, Loss_res: 5.499e+03 ,Time: 0.00
update_res: nan
update_bcs1: 0.000e+00
adaptive_constant_bc: 1.7511e+03
Compute NTK...
It: 7500, Loss: 5.449e+03, Loss_bcs: 1.368e-02, Loss_res: 5.443e+03 ,Time: 0.00
update_res: nan
update_bcs1: 0.000e+00
adaptive_constant_bc: 1.7397e+03
Compute NTK...
It: 7600, Loss: 5.393e+03, Loss_bcs: 1.370e-02, Loss_res: 5.387e+03 ,Time: 0.00
update_res: nan
update_bcs1: 0.000e+00
adaptive_constant_bc: 1.7285e+03
Compute NTK...
It: 7700, Loss: 5.338e+03, Loss_bcs: 1.371e-02, Loss_res: 5.332e+03 ,Time: 0.00
update_res: nan
update_bcs1: 0.000e+00
adaptive_constant_bc: 1.7175e+03
Compute NTK...
It: 7800, Loss: 5.284e+03, Loss_bcs: 1.372e-02, Loss_res: 5.277e+03 ,Time: 0.00
update_res: nan
update_bcs1: 0.000e+00
adaptive_constant_bc: 1.7066e+03
Compute NTK...
It: 7900, Loss: 5.231e+03, Loss_bcs: 1.373e-02, Loss_res: 5.224e+03 ,Time: 0.00
update_res: nan
update_bcs1: 0.000e+00
adaptive_constant_bc: 1.6959e+03
Compute NTK...
It: 8000, Loss: 5.178e+03, Loss_bcs: 1.374e-02, Loss_res: 5.171e+03 ,Time: 0.00
update_res: nan
update_bcs1: 0.000e+00
adaptive_constant_bc: 1.6853e+03
Compute NTK...
It: 8100, Loss: 5.127e+03, Loss_bcs: 1.374e-02, Loss_res: 5.120e+03 ,Time: 0.00
update_res: nan
update_bcs1: 0.000e+00
adaptive_constant_bc: 1.6749e+03
Compute NTK...
It: 8200, Loss: 5.076e+03, Loss_bcs: 1.375e-02, Loss_res: 5.069e+03 ,Time: 0.00
update_res: nan
update_bcs1: 0.000e+00
adaptive_constant_bc: 1.6647e+03
Compute NTK...
It: 8300, Loss: 5.026e+03, Loss_bcs: 1.376e-02, Loss_res: 5.019e+03 ,Time: 0.00
update_res: nan
update_bcs1: 0.000e+00
adaptive_constant_bc: 1.6545e+03
Compute NTK...
It: 8400, Loss: 4.976e+03, Loss_bcs: 1.376e-02, Loss_res: 4.970e+03 ,Time: 0.00
update_res: nan
update_bcs1: 0.000e+00
adaptive_constant_bc: 1.6445e+03
Compute NTK...
It: 8500, Loss: 4.928e+03, Loss_bcs: 1.377e-02, Loss_res: 4.921e+03 ,Time: 0.00
update_res: nan
update_bcs1: 0.000e+00
adaptive_constant_bc: 1.6347e+03
Compute NTK...
It: 8600, Loss: 4.880e+03, Loss_bcs: 1.377e-02, Loss_res: 4.873e+03 ,Time: 0.00
update_res: nan
update_bcs1: 0.000e+00
adaptive_constant_bc: 1.6249e+03
Compute NTK...
It: 8700, Loss: 4.833e+03, Loss_bcs: 1.377e-02, Loss_res: 4.826e+03 ,Time: 0.00
update_res: nan
update_bcs1: 0.000e+00
adaptive_constant_bc: 1.6152e+03
Compute NTK...
It: 8800, Loss: 4.787e+03, Loss_bcs: 1.378e-02, Loss_res: 4.780e+03 ,Time: 0.00
update_res: nan
update_bcs1: 0.000e+00
adaptive_constant_bc: 1.6057e+03
Compute NTK...
It: 8900, Loss: 4.741e+03, Loss_bcs: 1.378e-02, Loss_res: 4.735e+03 ,Time: 0.00
update_res: nan
update_bcs1: 0.000e+00
adaptive_constant_bc: 1.5962e+03
Compute NTK...
It: 9000, Loss: 4.697e+03, Loss_bcs: 1.378e-02, Loss_res: 4.690e+03 ,Time: 0.00
update_res: nan
update_bcs1: 0.000e+00
adaptive_constant_bc: 1.5869e+03
Compute NTK...
It: 9100, Loss: 4.652e+03, Loss_bcs: 1.378e-02, Loss_res: 4.646e+03 ,Time: 0.00
update_res: nan
update_bcs1: 0.000e+00
adaptive_constant_bc: 1.5777e+03
Compute NTK...
It: 9200, Loss: 4.609e+03, Loss_bcs: 1.379e-02, Loss_res: 4.602e+03 ,Time: 0.00
update_res: nan
update_bcs1: 0.000e+00
adaptive_constant_bc: 1.5686e+03
Compute NTK...
It: 9300, Loss: 4.566e+03, Loss_bcs: 1.379e-02, Loss_res: 4.559e+03 ,Time: 0.00
update_res: nan
update_bcs1: 0.000e+00
adaptive_constant_bc: 1.5595e+03
Compute NTK...
It: 9400, Loss: 4.524e+03, Loss_bcs: 1.379e-02, Loss_res: 4.517e+03 ,Time: 0.00
update_res: nan
update_bcs1: 0.000e+00
adaptive_constant_bc: 1.5506e+03
Compute NTK...
It: 9500, Loss: 4.483e+03, Loss_bcs: 1.379e-02, Loss_res: 4.476e+03 ,Time: 0.00
update_res: nan
update_bcs1: 0.000e+00
adaptive_constant_bc: 1.5418e+03
Compute NTK...
It: 9600, Loss: 4.442e+03, Loss_bcs: 1.379e-02, Loss_res: 4.435e+03 ,Time: 0.00
update_res: nan
update_bcs1: 0.000e+00
adaptive_constant_bc: 1.5331e+03
Compute NTK...
It: 9700, Loss: 4.402e+03, Loss_bcs: 1.379e-02, Loss_res: 4.395e+03 ,Time: 0.00
update_res: nan
update_bcs1: 0.000e+00
adaptive_constant_bc: 1.5245e+03
Compute NTK...
It: 9800, Loss: 4.362e+03, Loss_bcs: 1.379e-02, Loss_res: 4.355e+03 ,Time: 0.00
update_res: nan
update_bcs1: 0.000e+00
adaptive_constant_bc: 1.5159e+03
Compute NTK...
It: 9900, Loss: 4.323e+03, Loss_bcs: 1.379e-02, Loss_res: 4.316e+03 ,Time: 0.00
update_res: nan
update_bcs1: 0.000e+00
adaptive_constant_bc: 1.5073e+03
Compute NTK...
It: 10000, Loss: 4.285e+03, Loss_bcs: 1.379e-02, Loss_res: 4.278e+03 ,Time: 0.00
update_res: nan
update_bcs1: 0.000e+00
adaptive_constant_bc: 1.4989e+03
Compute NTK...
It: 10100, Loss: 4.247e+03, Loss_bcs: 1.379e-02, Loss_res: 4.240e+03 ,Time: 0.00
update_res: nan
update_bcs1: 0.000e+00
adaptive_constant_bc: 1.4904e+03
Compute NTK...
It: 10200, Loss: 4.210e+03, Loss_bcs: 1.380e-02, Loss_res: 4.203e+03 ,Time: 0.00
update_res: nan
update_bcs1: 0.000e+00
adaptive_constant_bc: 1.4821e+03
Compute NTK...
It: 10300, Loss: 4.173e+03, Loss_bcs: 1.380e-02, Loss_res: 4.167e+03 ,Time: 0.00
update_res: nan
update_bcs1: 0.000e+00
adaptive_constant_bc: 1.4737e+03
Compute NTK...
It: 10400, Loss: 4.137e+03, Loss_bcs: 1.380e-02, Loss_res: 4.131e+03 ,Time: 0.00
update_res: nan
update_bcs1: 0.000e+00
adaptive_constant_bc: 1.4655e+03
Compute NTK...
It: 10500, Loss: 4.102e+03, Loss_bcs: 1.380e-02, Loss_res: 4.095e+03 ,Time: 0.00
update_res: nan
update_bcs1: 0.000e+00
adaptive_constant_bc: 1.4573e+03
Compute NTK...
It: 10600, Loss: 4.067e+03, Loss_bcs: 1.380e-02, Loss_res: 4.060e+03 ,Time: 0.00
update_res: nan
update_bcs1: 0.000e+00
adaptive_constant_bc: 1.4492e+03
Compute NTK...
It: 10700, Loss: 4.033e+03, Loss_bcs: 1.381e-02, Loss_res: 4.026e+03 ,Time: 0.00
update_res: nan
update_bcs1: 0.000e+00
adaptive_constant_bc: 1.4412e+03
Compute NTK...
It: 10800, Loss: 3.999e+03, Loss_bcs: 1.381e-02, Loss_res: 3.992e+03 ,Time: 0.00
update_res: nan
update_bcs1: 0.000e+00
adaptive_constant_bc: 1.4333e+03
Compute NTK...
It: 10900, Loss: 3.966e+03, Loss_bcs: 1.381e-02, Loss_res: 3.959e+03 ,Time: 0.00
update_res: nan
update_bcs1: 0.000e+00
adaptive_constant_bc: 1.4254e+03
Compute NTK...
It: 11000, Loss: 3.933e+03, Loss_bcs: 1.381e-02, Loss_res: 3.926e+03 ,Time: 0.00
update_res: nan
update_bcs1: 0.000e+00
adaptive_constant_bc: 1.4177e+03
Compute NTK...
It: 11100, Loss: 3.900e+03, Loss_bcs: 1.381e-02, Loss_res: 3.894e+03 ,Time: 0.01
update_res: nan
update_bcs1: 0.000e+00
adaptive_constant_bc: 1.4101e+03
Compute NTK...
It: 11200, Loss: 3.869e+03, Loss_bcs: 1.381e-02, Loss_res: 3.862e+03 ,Time: 0.00
update_res: nan
update_bcs1: 0.000e+00
adaptive_constant_bc: 1.4025e+03
Compute NTK...
It: 11300, Loss: 3.837e+03, Loss_bcs: 1.381e-02, Loss_res: 3.830e+03 ,Time: 0.00
update_res: nan
update_bcs1: 0.000e+00
adaptive_constant_bc: 1.3951e+03
Compute NTK...
It: 11400, Loss: 3.807e+03, Loss_bcs: 1.381e-02, Loss_res: 3.800e+03 ,Time: 0.00
update_res: nan
update_bcs1: 0.000e+00
adaptive_constant_bc: 1.3877e+03
Compute NTK...
It: 11500, Loss: 3.776e+03, Loss_bcs: 1.381e-02, Loss_res: 3.769e+03 ,Time: 0.00
update_res: nan
update_bcs1: 0.000e+00
adaptive_constant_bc: 1.3804e+03
Compute NTK...
It: 11600, Loss: 3.746e+03, Loss_bcs: 1.381e-02, Loss_res: 3.739e+03 ,Time: 0.00
update_res: nan
update_bcs1: 0.000e+00
adaptive_constant_bc: 1.3733e+03
Compute NTK...
It: 11700, Loss: 3.717e+03, Loss_bcs: 1.380e-02, Loss_res: 3.710e+03 ,Time: 0.00
update_res: nan
update_bcs1: 0.000e+00
adaptive_constant_bc: 1.3662e+03
Compute NTK...
It: 11800, Loss: 3.688e+03, Loss_bcs: 1.380e-02, Loss_res: 3.681e+03 ,Time: 0.00
update_res: nan
update_bcs1: 0.000e+00
adaptive_constant_bc: 1.3593e+03
Compute NTK...
It: 11900, Loss: 3.659e+03, Loss_bcs: 1.379e-02, Loss_res: 3.653e+03 ,Time: 0.00
update_res: nan
update_bcs1: 0.000e+00
adaptive_constant_bc: 1.3524e+03
Compute NTK...
It: 12000, Loss: 3.631e+03, Loss_bcs: 1.379e-02, Loss_res: 3.625e+03 ,Time: 0.00
update_res: nan
update_bcs1: 0.000e+00
adaptive_constant_bc: 1.3456e+03
Compute NTK...
It: 12100, Loss: 3.604e+03, Loss_bcs: 1.379e-02, Loss_res: 3.597e+03 ,Time: 0.00
update_res: nan
update_bcs1: 0.000e+00
adaptive_constant_bc: 1.3389e+03
Compute NTK...
It: 12200, Loss: 3.577e+03, Loss_bcs: 1.378e-02, Loss_res: 3.570e+03 ,Time: 0.00
update_res: nan
update_bcs1: 0.000e+00
adaptive_constant_bc: 1.3323e+03
Compute NTK...
It: 12300, Loss: 3.550e+03, Loss_bcs: 1.378e-02, Loss_res: 3.543e+03 ,Time: 0.00
update_res: nan
update_bcs1: 0.000e+00
adaptive_constant_bc: 1.3257e+03
Compute NTK...
It: 12400, Loss: 3.523e+03, Loss_bcs: 1.378e-02, Loss_res: 3.516e+03 ,Time: 0.00
update_res: nan
update_bcs1: 0.000e+00
adaptive_constant_bc: 1.3191e+03
Compute NTK...
It: 12500, Loss: 3.497e+03, Loss_bcs: 1.377e-02, Loss_res: 3.490e+03 ,Time: 0.00
update_res: nan
update_bcs1: 0.000e+00
adaptive_constant_bc: 1.3126e+03
Compute NTK...
It: 12600, Loss: 3.472e+03, Loss_bcs: 1.377e-02, Loss_res: 3.465e+03 ,Time: 0.00
update_res: nan
update_bcs1: 0.000e+00
adaptive_constant_bc: 1.3062e+03
Compute NTK...
It: 12700, Loss: 3.447e+03, Loss_bcs: 1.377e-02, Loss_res: 3.440e+03 ,Time: 0.00
update_res: nan
update_bcs1: 0.000e+00
adaptive_constant_bc: 1.2998e+03
Compute NTK...
It: 12800, Loss: 3.422e+03, Loss_bcs: 1.377e-02, Loss_res: 3.415e+03 ,Time: 0.00
update_res: nan
update_bcs1: 0.000e+00
adaptive_constant_bc: 1.2934e+03
Compute NTK...
It: 12900, Loss: 3.397e+03, Loss_bcs: 1.376e-02, Loss_res: 3.390e+03 ,Time: 0.00
update_res: nan
update_bcs1: 0.000e+00
adaptive_constant_bc: 1.2871e+03
Compute NTK...
It: 13000, Loss: 3.373e+03, Loss_bcs: 1.376e-02, Loss_res: 3.366e+03 ,Time: 0.00
update_res: nan
update_bcs1: 0.000e+00
adaptive_constant_bc: 1.2809e+03
Compute NTK...
It: 13100, Loss: 3.349e+03, Loss_bcs: 1.376e-02, Loss_res: 3.343e+03 ,Time: 0.00
update_res: nan
update_bcs1: 0.000e+00
adaptive_constant_bc: 1.2747e+03
Compute NTK...
It: 13200, Loss: 3.326e+03, Loss_bcs: 1.376e-02, Loss_res: 3.319e+03 ,Time: 0.00
update_res: nan
update_bcs1: 0.000e+00
adaptive_constant_bc: 1.2686e+03
Compute NTK...
It: 13300, Loss: 3.303e+03, Loss_bcs: 1.375e-02, Loss_res: 3.296e+03 ,Time: 0.00
update_res: nan
update_bcs1: 0.000e+00
adaptive_constant_bc: 1.2626e+03
Compute NTK...
It: 13400, Loss: 3.280e+03, Loss_bcs: 1.375e-02, Loss_res: 3.273e+03 ,Time: 0.00
update_res: nan
update_bcs1: 0.000e+00
adaptive_constant_bc: 1.2567e+03
Compute NTK...
It: 13500, Loss: 3.258e+03, Loss_bcs: 1.375e-02, Loss_res: 3.251e+03 ,Time: 0.00
update_res: nan
update_bcs1: 0.000e+00
adaptive_constant_bc: 1.2509e+03
Compute NTK...
It: 13600, Loss: 3.236e+03, Loss_bcs: 1.374e-02, Loss_res: 3.229e+03 ,Time: 0.00
update_res: nan
update_bcs1: 0.000e+00
adaptive_constant_bc: 1.2451e+03
Compute NTK...
It: 13700, Loss: 3.214e+03, Loss_bcs: 1.374e-02, Loss_res: 3.208e+03 ,Time: 0.00
update_res: nan
update_bcs1: 0.000e+00
adaptive_constant_bc: 1.2394e+03
Compute NTK...
It: 13800, Loss: 3.193e+03, Loss_bcs: 1.373e-02, Loss_res: 3.186e+03 ,Time: 0.00
update_res: nan
update_bcs1: 0.000e+00
adaptive_constant_bc: 1.2339e+03
Compute NTK...
It: 13900, Loss: 3.172e+03, Loss_bcs: 1.372e-02, Loss_res: 3.165e+03 ,Time: 0.00
update_res: nan
update_bcs1: 0.000e+00
adaptive_constant_bc: 1.2285e+03
Compute NTK...
It: 14000, Loss: 3.151e+03, Loss_bcs: 1.372e-02, Loss_res: 3.144e+03 ,Time: 0.00
update_res: nan
update_bcs1: 0.000e+00
adaptive_constant_bc: 1.2231e+03
Compute NTK...
It: 14100, Loss: 3.131e+03, Loss_bcs: 1.371e-02, Loss_res: 3.124e+03 ,Time: 0.00
update_res: nan
update_bcs1: 0.000e+00
adaptive_constant_bc: 1.2179e+03
Compute NTK...
It: 14200, Loss: 3.111e+03, Loss_bcs: 1.370e-02, Loss_res: 3.104e+03 ,Time: 0.00
update_res: nan
update_bcs1: 0.000e+00
adaptive_constant_bc: 1.2128e+03
Compute NTK...
It: 14300, Loss: 3.091e+03, Loss_bcs: 1.369e-02, Loss_res: 3.084e+03 ,Time: 0.00
update_res: nan
update_bcs1: 0.000e+00
adaptive_constant_bc: 1.2078e+03
Compute NTK...
It: 14400, Loss: 3.072e+03, Loss_bcs: 1.368e-02, Loss_res: 3.065e+03 ,Time: 0.00
update_res: nan
update_bcs1: 0.000e+00
adaptive_constant_bc: 1.2028e+03
Compute NTK...
It: 14500, Loss: 3.052e+03, Loss_bcs: 1.366e-02, Loss_res: 3.045e+03 ,Time: 0.00
update_res: nan
update_bcs1: 0.000e+00
adaptive_constant_bc: 1.1980e+03
Compute NTK...
It: 14600, Loss: 3.033e+03, Loss_bcs: 1.365e-02, Loss_res: 3.027e+03 ,Time: 0.00
update_res: nan
update_bcs1: 0.000e+00
adaptive_constant_bc: 1.1932e+03
Compute NTK...
It: 14700, Loss: 3.015e+03, Loss_bcs: 1.364e-02, Loss_res: 3.008e+03 ,Time: 0.00
update_res: nan
update_bcs1: 0.000e+00
adaptive_constant_bc: 1.1886e+03
Compute NTK...
It: 14800, Loss: 2.996e+03, Loss_bcs: 1.362e-02, Loss_res: 2.990e+03 ,Time: 0.00
update_res: nan
update_bcs1: 0.000e+00
adaptive_constant_bc: 1.1841e+03
Compute NTK...
It: 14900, Loss: 2.978e+03, Loss_bcs: 1.360e-02, Loss_res: 2.971e+03 ,Time: 0.00
update_res: nan
update_bcs1: 0.000e+00
adaptive_constant_bc: 1.1796e+03
Compute NTK...
It: 15000, Loss: 2.960e+03, Loss_bcs: 1.358e-02, Loss_res: 2.954e+03 ,Time: 0.00
update_res: nan
update_bcs1: 0.000e+00
adaptive_constant_bc: 1.1753e+03
Compute NTK...
It: 15100, Loss: 2.943e+03, Loss_bcs: 1.357e-02, Loss_res: 2.936e+03 ,Time: 0.00
update_res: nan
update_bcs1: 0.000e+00
adaptive_constant_bc: 1.1710e+03
Compute NTK...
It: 15200, Loss: 2.925e+03, Loss_bcs: 1.355e-02, Loss_res: 2.919e+03 ,Time: 0.00
update_res: nan
update_bcs1: 0.000e+00
adaptive_constant_bc: 1.1668e+03
Compute NTK...
It: 15300, Loss: 2.908e+03, Loss_bcs: 1.353e-02, Loss_res: 2.902e+03 ,Time: 0.00
update_res: nan
update_bcs1: 0.000e+00
adaptive_constant_bc: 1.1627e+03
Compute NTK...
It: 15400, Loss: 2.892e+03, Loss_bcs: 1.350e-02, Loss_res: 2.885e+03 ,Time: 0.00
update_res: nan
update_bcs1: 0.000e+00
adaptive_constant_bc: 1.1588e+03
Compute NTK...
It: 15500, Loss: 2.875e+03, Loss_bcs: 1.348e-02, Loss_res: 2.868e+03 ,Time: 0.00
update_res: nan
update_bcs1: 0.000e+00
adaptive_constant_bc: 1.1549e+03
Compute NTK...
It: 15600, Loss: 2.859e+03, Loss_bcs: 1.346e-02, Loss_res: 2.852e+03 ,Time: 0.00
update_res: nan
update_bcs1: 0.000e+00
adaptive_constant_bc: 1.1510e+03
Compute NTK...
It: 15700, Loss: 2.843e+03, Loss_bcs: 1.343e-02, Loss_res: 2.836e+03 ,Time: 0.00
update_res: nan
update_bcs1: 0.000e+00
adaptive_constant_bc: 1.1472e+03
Compute NTK...
It: 15800, Loss: 2.827e+03, Loss_bcs: 1.340e-02, Loss_res: 2.820e+03 ,Time: 0.00
update_res: nan
update_bcs1: 0.000e+00
adaptive_constant_bc: 1.1436e+03
Compute NTK...
It: 15900, Loss: 2.811e+03, Loss_bcs: 1.338e-02, Loss_res: 2.804e+03 ,Time: 0.00
update_res: nan
update_bcs1: 0.000e+00
adaptive_constant_bc: 1.1401e+03
Compute NTK...
It: 16000, Loss: 2.796e+03, Loss_bcs: 1.335e-02, Loss_res: 2.789e+03 ,Time: 0.00
update_res: nan
update_bcs1: 0.000e+00
adaptive_constant_bc: 1.1366e+03
Compute NTK...
It: 16100, Loss: 2.781e+03, Loss_bcs: 1.332e-02, Loss_res: 2.774e+03 ,Time: 0.00
update_res: nan
update_bcs1: 0.000e+00
adaptive_constant_bc: 1.1332e+03
Compute NTK...
It: 16200, Loss: 2.766e+03, Loss_bcs: 1.329e-02, Loss_res: 2.759e+03 ,Time: 0.00
update_res: nan
update_bcs1: 0.000e+00
adaptive_constant_bc: 1.1298e+03
Compute NTK...
It: 16300, Loss: 2.751e+03, Loss_bcs: 1.326e-02, Loss_res: 2.744e+03 ,Time: 0.00
update_res: nan
update_bcs1: 0.000e+00
adaptive_constant_bc: 1.1265e+03
Compute NTK...
It: 16400, Loss: 2.736e+03, Loss_bcs: 1.323e-02, Loss_res: 2.730e+03 ,Time: 0.00
update_res: nan
update_bcs1: 0.000e+00
adaptive_constant_bc: 1.1233e+03
Compute NTK...
It: 16500, Loss: 2.722e+03, Loss_bcs: 1.320e-02, Loss_res: 2.715e+03 ,Time: 0.00
update_res: nan
update_bcs1: 0.000e+00
adaptive_constant_bc: 1.1201e+03
Compute NTK...
It: 16600, Loss: 2.708e+03, Loss_bcs: 1.316e-02, Loss_res: 2.701e+03 ,Time: 0.00
update_res: nan
update_bcs1: 0.000e+00
adaptive_constant_bc: 1.1170e+03
Compute NTK...
It: 16700, Loss: 2.694e+03, Loss_bcs: 1.313e-02, Loss_res: 2.687e+03 ,Time: 0.00
update_res: nan
update_bcs1: 0.000e+00
adaptive_constant_bc: 1.1140e+03
Compute NTK...
It: 16800, Loss: 2.680e+03, Loss_bcs: 1.310e-02, Loss_res: 2.674e+03 ,Time: 0.00
update_res: nan
update_bcs1: 0.000e+00
adaptive_constant_bc: 1.1109e+03
Compute NTK...
It: 16900, Loss: 2.667e+03, Loss_bcs: 1.307e-02, Loss_res: 2.660e+03 ,Time: 0.00
update_res: nan
update_bcs1: 0.000e+00
adaptive_constant_bc: 1.1079e+03
Compute NTK...
It: 17000, Loss: 2.653e+03, Loss_bcs: 1.304e-02, Loss_res: 2.647e+03 ,Time: 0.00
update_res: nan
update_bcs1: 0.000e+00
adaptive_constant_bc: 1.1050e+03
Compute NTK...
It: 17100, Loss: 2.640e+03, Loss_bcs: 1.300e-02, Loss_res: 2.634e+03 ,Time: 0.00
update_res: nan
update_bcs1: 0.000e+00
adaptive_constant_bc: 1.1021e+03
Compute NTK...
It: 17200, Loss: 2.627e+03, Loss_bcs: 1.297e-02, Loss_res: 2.621e+03 ,Time: 0.00
update_res: nan
update_bcs1: 0.000e+00
adaptive_constant_bc: 1.0993e+03
Compute NTK...
It: 17300, Loss: 2.615e+03, Loss_bcs: 1.294e-02, Loss_res: 2.608e+03 ,Time: 0.00
update_res: nan
update_bcs1: 0.000e+00
adaptive_constant_bc: 1.0965e+03
Compute NTK...
It: 17400, Loss: 2.602e+03, Loss_bcs: 1.290e-02, Loss_res: 2.595e+03 ,Time: 0.00
update_res: nan
update_bcs1: 0.000e+00
adaptive_constant_bc: 1.0937e+03
Compute NTK...
It: 17500, Loss: 2.590e+03, Loss_bcs: 1.287e-02, Loss_res: 2.583e+03 ,Time: 0.00
update_res: nan
update_bcs1: 0.000e+00
adaptive_constant_bc: 1.0910e+03
Compute NTK...
It: 17600, Loss: 2.577e+03, Loss_bcs: 1.284e-02, Loss_res: 2.571e+03 ,Time: 0.00
update_res: nan
update_bcs1: 0.000e+00
adaptive_constant_bc: 1.0883e+03
Compute NTK...
It: 17700, Loss: 2.565e+03, Loss_bcs: 1.280e-02, Loss_res: 2.559e+03 ,Time: 0.00
update_res: nan
update_bcs1: 0.000e+00
adaptive_constant_bc: 1.0856e+03
Compute NTK...
It: 17800, Loss: 2.553e+03, Loss_bcs: 1.277e-02, Loss_res: 2.547e+03 ,Time: 0.00
update_res: nan
update_bcs1: 0.000e+00
adaptive_constant_bc: 1.0830e+03
Compute NTK...
It: 17900, Loss: 2.542e+03, Loss_bcs: 1.273e-02, Loss_res: 2.535e+03 ,Time: 0.00
update_res: nan
update_bcs1: 0.000e+00
adaptive_constant_bc: 1.0804e+03
Compute NTK...
It: 18000, Loss: 2.530e+03, Loss_bcs: 1.270e-02, Loss_res: 2.524e+03 ,Time: 0.00
update_res: nan
update_bcs1: 0.000e+00
adaptive_constant_bc: 1.0779e+03
Compute NTK...
It: 18100, Loss: 2.519e+03, Loss_bcs: 1.267e-02, Loss_res: 2.512e+03 ,Time: 0.00
update_res: nan
update_bcs1: 0.000e+00
adaptive_constant_bc: 1.0754e+03
Compute NTK...
It: 18200, Loss: 2.507e+03, Loss_bcs: 1.263e-02, Loss_res: 2.501e+03 ,Time: 0.00
update_res: nan
update_bcs1: 0.000e+00
adaptive_constant_bc: 1.0729e+03
Compute NTK...
It: 18300, Loss: 2.496e+03, Loss_bcs: 1.260e-02, Loss_res: 2.490e+03 ,Time: 0.00
update_res: nan
update_bcs1: 0.000e+00
adaptive_constant_bc: 1.0704e+03
Compute NTK...
It: 18400, Loss: 2.485e+03, Loss_bcs: 1.257e-02, Loss_res: 2.479e+03 ,Time: 0.00
update_res: nan
update_bcs1: 0.000e+00
adaptive_constant_bc: 1.0680e+03
Compute NTK...
It: 18500, Loss: 2.475e+03, Loss_bcs: 1.254e-02, Loss_res: 2.468e+03 ,Time: 0.00
update_res: nan
update_bcs1: 0.000e+00
adaptive_constant_bc: 1.0656e+03
Compute NTK...
It: 18600, Loss: 2.464e+03, Loss_bcs: 1.250e-02, Loss_res: 2.458e+03 ,Time: 0.00
update_res: nan
update_bcs1: 0.000e+00
adaptive_constant_bc: 1.0632e+03
Compute NTK...
It: 18700, Loss: 2.454e+03, Loss_bcs: 1.247e-02, Loss_res: 2.447e+03 ,Time: 0.00
update_res: nan
update_bcs1: 0.000e+00
adaptive_constant_bc: 1.0608e+03
Compute NTK...
It: 18800, Loss: 2.443e+03, Loss_bcs: 1.244e-02, Loss_res: 2.437e+03 ,Time: 0.00
update_res: nan
update_bcs1: 0.000e+00
adaptive_constant_bc: 1.0585e+03
Compute NTK...
It: 18900, Loss: 2.433e+03, Loss_bcs: 1.241e-02, Loss_res: 2.427e+03 ,Time: 0.00
update_res: nan
update_bcs1: 0.000e+00
adaptive_constant_bc: 1.0562e+03
Compute NTK...
It: 19000, Loss: 2.423e+03, Loss_bcs: 1.238e-02, Loss_res: 2.417e+03 ,Time: 0.00
update_res: nan
update_bcs1: 0.000e+00
adaptive_constant_bc: 1.0538e+03
Compute NTK...
It: 19100, Loss: 2.413e+03, Loss_bcs: 1.235e-02, Loss_res: 2.407e+03 ,Time: 0.00
update_res: nan
update_bcs1: 0.000e+00
adaptive_constant_bc: 1.0516e+03
Compute NTK...
It: 19200, Loss: 2.403e+03, Loss_bcs: 1.232e-02, Loss_res: 2.397e+03 ,Time: 0.00
update_res: nan
update_bcs1: 0.000e+00
adaptive_constant_bc: 1.0493e+03
Compute NTK...
It: 19300, Loss: 2.394e+03, Loss_bcs: 1.229e-02, Loss_res: 2.388e+03 ,Time: 0.00
update_res: nan
update_bcs1: 0.000e+00
adaptive_constant_bc: 1.0471e+03
Compute NTK...
It: 19400, Loss: 2.384e+03, Loss_bcs: 1.226e-02, Loss_res: 2.378e+03 ,Time: 0.00
update_res: nan
update_bcs1: 0.000e+00
adaptive_constant_bc: 1.0449e+03
Compute NTK...
It: 19500, Loss: 2.375e+03, Loss_bcs: 1.223e-02, Loss_res: 2.369e+03 ,Time: 0.00
update_res: nan
update_bcs1: 0.000e+00
adaptive_constant_bc: 1.0427e+03
Compute NTK...
It: 19600, Loss: 2.366e+03, Loss_bcs: 1.219e-02, Loss_res: 2.360e+03 ,Time: 0.00
update_res: nan
update_bcs1: 0.000e+00
adaptive_constant_bc: 1.0406e+03
Compute NTK...
It: 19700, Loss: 2.357e+03, Loss_bcs: 1.216e-02, Loss_res: 2.350e+03 ,Time: 0.00
update_res: nan
update_bcs1: 0.000e+00
adaptive_constant_bc: 1.0386e+03
Compute NTK...
It: 19800, Loss: 2.348e+03, Loss_bcs: 1.213e-02, Loss_res: 2.341e+03 ,Time: 0.00
update_res: nan
update_bcs1: 0.000e+00
adaptive_constant_bc: 1.0365e+03
Compute NTK...
It: 19900, Loss: 2.339e+03, Loss_bcs: 1.211e-02, Loss_res: 2.333e+03 ,Time: 0.00
update_res: nan
update_bcs1: 0.000e+00
adaptive_constant_bc: 1.0343e+03
Compute NTK...
It: 20000, Loss: 2.330e+03, Loss_bcs: 1.208e-02, Loss_res: 2.324e+03 ,Time: 0.00
update_res: nan
update_bcs1: 0.000e+00
adaptive_constant_bc: 1.0322e+03
Compute NTK...
It: 20100, Loss: 2.321e+03, Loss_bcs: 1.205e-02, Loss_res: 2.315e+03 ,Time: 0.00
update_res: nan
update_bcs1: 0.000e+00
adaptive_constant_bc: 1.0301e+03
Compute NTK...
It: 20200, Loss: 2.313e+03, Loss_bcs: 1.202e-02, Loss_res: 2.307e+03 ,Time: 0.00
update_res: nan
update_bcs1: 0.000e+00
adaptive_constant_bc: 1.0280e+03
Compute NTK...
It: 20300, Loss: 2.304e+03, Loss_bcs: 1.200e-02, Loss_res: 2.298e+03 ,Time: 0.00
update_res: nan
update_bcs1: 0.000e+00
adaptive_constant_bc: 1.0259e+03
Compute NTK...
It: 20400, Loss: 2.296e+03, Loss_bcs: 1.197e-02, Loss_res: 2.290e+03 ,Time: 0.00
update_res: nan
update_bcs1: 0.000e+00
adaptive_constant_bc: 1.0239e+03
Compute NTK...
It: 20500, Loss: 2.288e+03, Loss_bcs: 1.194e-02, Loss_res: 2.282e+03 ,Time: 0.00
update_res: nan
update_bcs1: 0.000e+00
adaptive_constant_bc: 1.0219e+03
Compute NTK...
It: 20600, Loss: 2.280e+03, Loss_bcs: 1.192e-02, Loss_res: 2.274e+03 ,Time: 0.00
update_res: nan
update_bcs1: 0.000e+00
adaptive_constant_bc: 1.0199e+03
Compute NTK...
It: 20700, Loss: 2.272e+03, Loss_bcs: 1.189e-02, Loss_res: 2.266e+03 ,Time: 0.00
update_res: nan
update_bcs1: 0.000e+00
adaptive_constant_bc: 1.0179e+03
Compute NTK...
It: 20800, Loss: 2.264e+03, Loss_bcs: 1.187e-02, Loss_res: 2.258e+03 ,Time: 0.00
update_res: nan
update_bcs1: 0.000e+00
adaptive_constant_bc: 1.0159e+03
Compute NTK...
It: 20900, Loss: 2.256e+03, Loss_bcs: 1.184e-02, Loss_res: 2.250e+03 ,Time: 0.00
update_res: nan
update_bcs1: 0.000e+00
adaptive_constant_bc: 1.0139e+03
Compute NTK...
It: 21000, Loss: 2.249e+03, Loss_bcs: 1.182e-02, Loss_res: 2.243e+03 ,Time: 0.00
update_res: nan
update_bcs1: 0.000e+00
adaptive_constant_bc: 1.0119e+03
Compute NTK...
It: 21100, Loss: 2.241e+03, Loss_bcs: 1.179e-02, Loss_res: 2.235e+03 ,Time: 0.00
update_res: nan
update_bcs1: 0.000e+00
adaptive_constant_bc: 1.0100e+03
Compute NTK...
It: 21200, Loss: 2.234e+03, Loss_bcs: 1.177e-02, Loss_res: 2.228e+03 ,Time: 0.00
update_res: nan
update_bcs1: 0.000e+00
adaptive_constant_bc: 1.0080e+03
Compute NTK...
It: 21300, Loss: 2.226e+03, Loss_bcs: 1.174e-02, Loss_res: 2.221e+03 ,Time: 0.00
update_res: nan
update_bcs1: 0.000e+00
adaptive_constant_bc: 1.0061e+03
Compute NTK...
It: 21400, Loss: 2.219e+03, Loss_bcs: 1.172e-02, Loss_res: 2.213e+03 ,Time: 0.00
update_res: nan
update_bcs1: 0.000e+00
adaptive_constant_bc: 1.0042e+03
Compute NTK...
It: 21500, Loss: 2.212e+03, Loss_bcs: 1.170e-02, Loss_res: 2.206e+03 ,Time: 0.00
update_res: nan
update_bcs1: 0.000e+00
adaptive_constant_bc: 1.0023e+03
Compute NTK...
It: 21600, Loss: 2.205e+03, Loss_bcs: 1.167e-02, Loss_res: 2.199e+03 ,Time: 0.00
update_res: nan
update_bcs1: 0.000e+00
adaptive_constant_bc: 1.0005e+03
Compute NTK...
It: 21700, Loss: 2.198e+03, Loss_bcs: 1.165e-02, Loss_res: 2.192e+03 ,Time: 0.00
update_res: nan
update_bcs1: 0.000e+00
adaptive_constant_bc: 9.9876e+02
Compute NTK...
It: 21800, Loss: 2.191e+03, Loss_bcs: 1.162e-02, Loss_res: 2.185e+03 ,Time: 0.00
update_res: nan
update_bcs1: 0.000e+00
adaptive_constant_bc: 9.9691e+02
Compute NTK...
It: 21900, Loss: 2.185e+03, Loss_bcs: 1.160e-02, Loss_res: 2.179e+03 ,Time: 0.00
update_res: nan
update_bcs1: 0.000e+00
adaptive_constant_bc: 9.9509e+02
Compute NTK...
It: 22000, Loss: 2.178e+03, Loss_bcs: 1.158e-02, Loss_res: 2.172e+03 ,Time: 0.00
update_res: nan
update_bcs1: 0.000e+00
adaptive_constant_bc: 9.9330e+02
Compute NTK...
It: 22100, Loss: 2.171e+03, Loss_bcs: 1.155e-02, Loss_res: 2.165e+03 ,Time: 0.00
update_res: nan
update_bcs1: 0.000e+00
adaptive_constant_bc: 9.9151e+02
Compute NTK...
It: 22200, Loss: 2.165e+03, Loss_bcs: 1.153e-02, Loss_res: 2.159e+03 ,Time: 0.00
update_res: nan
update_bcs1: 0.000e+00
adaptive_constant_bc: 9.8975e+02
Compute NTK...
It: 22300, Loss: 2.158e+03, Loss_bcs: 1.151e-02, Loss_res: 2.153e+03 ,Time: 0.00
update_res: nan
update_bcs1: 0.000e+00
adaptive_constant_bc: 9.8798e+02
Compute NTK...
It: 22400, Loss: 2.152e+03, Loss_bcs: 1.149e-02, Loss_res: 2.146e+03 ,Time: 0.00
update_res: nan
update_bcs1: 0.000e+00
adaptive_constant_bc: 9.8622e+02
Compute NTK...
It: 22500, Loss: 2.146e+03, Loss_bcs: 1.147e-02, Loss_res: 2.140e+03 ,Time: 0.00
update_res: nan
update_bcs1: 0.000e+00
adaptive_constant_bc: 9.8448e+02
Compute NTK...
It: 22600, Loss: 2.140e+03, Loss_bcs: 1.145e-02, Loss_res: 2.134e+03 ,Time: 0.00
update_res: nan
update_bcs1: 0.000e+00
adaptive_constant_bc: 9.8280e+02
Compute NTK...
It: 22700, Loss: 2.133e+03, Loss_bcs: 1.142e-02, Loss_res: 2.128e+03 ,Time: 0.00
update_res: nan
update_bcs1: 0.000e+00
adaptive_constant_bc: 9.8110e+02
Compute NTK...
It: 22800, Loss: 2.127e+03, Loss_bcs: 1.140e-02, Loss_res: 2.122e+03 ,Time: 0.00
update_res: nan
update_bcs1: 0.000e+00
adaptive_constant_bc: 9.7948e+02
Compute NTK...
It: 22900, Loss: 2.121e+03, Loss_bcs: 1.138e-02, Loss_res: 2.116e+03 ,Time: 0.00
update_res: nan
update_bcs1: 0.000e+00
adaptive_constant_bc: 9.7789e+02
Compute NTK...
It: 23000, Loss: 2.116e+03, Loss_bcs: 1.136e-02, Loss_res: 2.110e+03 ,Time: 0.00
update_res: nan
update_bcs1: 0.000e+00
adaptive_constant_bc: 9.7623e+02
Compute NTK...
It: 23100, Loss: 2.110e+03, Loss_bcs: 1.134e-02, Loss_res: 2.104e+03 ,Time: 0.00
update_res: nan
update_bcs1: 0.000e+00
adaptive_constant_bc: 9.7461e+02
Compute NTK...
It: 23200, Loss: 2.104e+03, Loss_bcs: 1.132e-02, Loss_res: 2.099e+03 ,Time: 0.00
update_res: nan
update_bcs1: 0.000e+00
adaptive_constant_bc: 9.7299e+02
Compute NTK...
It: 23300, Loss: 2.099e+03, Loss_bcs: 1.130e-02, Loss_res: 2.093e+03 ,Time: 0.00
update_res: nan
update_bcs1: 0.000e+00
adaptive_constant_bc: 9.7140e+02
Compute NTK...
It: 23400, Loss: 2.093e+03, Loss_bcs: 1.128e-02, Loss_res: 2.087e+03 ,Time: 0.00
update_res: nan
update_bcs1: 0.000e+00
adaptive_constant_bc: 9.6986e+02
Compute NTK...
It: 23500, Loss: 2.088e+03, Loss_bcs: 1.127e-02, Loss_res: 2.082e+03 ,Time: 0.00
update_res: nan
update_bcs1: 0.000e+00
adaptive_constant_bc: 9.6822e+02
Compute NTK...
It: 23600, Loss: 2.082e+03, Loss_bcs: 1.125e-02, Loss_res: 2.077e+03 ,Time: 0.00
update_res: nan
update_bcs1: 0.000e+00
adaptive_constant_bc: 9.6666e+02
Compute NTK...
It: 23700, Loss: 2.077e+03, Loss_bcs: 1.123e-02, Loss_res: 2.071e+03 ,Time: 0.00
update_res: nan
update_bcs1: 0.000e+00
adaptive_constant_bc: 9.6505e+02
Compute NTK...
It: 23800, Loss: 2.072e+03, Loss_bcs: 1.121e-02, Loss_res: 2.066e+03 ,Time: 0.00
update_res: nan
update_bcs1: 0.000e+00
adaptive_constant_bc: 9.6345e+02
Compute NTK...
It: 23900, Loss: 2.066e+03, Loss_bcs: 1.120e-02, Loss_res: 2.061e+03 ,Time: 0.00
update_res: nan
update_bcs1: 0.000e+00
adaptive_constant_bc: 9.6189e+02
Compute NTK...
It: 24000, Loss: 2.061e+03, Loss_bcs: 1.118e-02, Loss_res: 2.056e+03 ,Time: 0.00
update_res: nan
update_bcs1: 0.000e+00
adaptive_constant_bc: 9.6033e+02
Compute NTK...
It: 24100, Loss: 2.056e+03, Loss_bcs: 1.116e-02, Loss_res: 2.051e+03 ,Time: 0.00
update_res: nan
update_bcs1: 0.000e+00
adaptive_constant_bc: 9.5884e+02
Compute NTK...
It: 24200, Loss: 2.051e+03, Loss_bcs: 1.115e-02, Loss_res: 2.046e+03 ,Time: 0.00
update_res: nan
update_bcs1: 0.000e+00
adaptive_constant_bc: 9.5729e+02
Compute NTK...
It: 24300, Loss: 2.046e+03, Loss_bcs: 1.113e-02, Loss_res: 2.041e+03 ,Time: 0.00
update_res: nan
update_bcs1: 0.000e+00
adaptive_constant_bc: 9.5582e+02
Compute NTK...
It: 24400, Loss: 2.041e+03, Loss_bcs: 1.111e-02, Loss_res: 2.036e+03 ,Time: 0.00
update_res: nan
update_bcs1: 0.000e+00
adaptive_constant_bc: 9.5423e+02
Compute NTK...
It: 24500, Loss: 2.037e+03, Loss_bcs: 1.110e-02, Loss_res: 2.031e+03 ,Time: 0.00
update_res: nan
update_bcs1: 0.000e+00
adaptive_constant_bc: 9.5273e+02
Compute NTK...
It: 24600, Loss: 2.032e+03, Loss_bcs: 1.109e-02, Loss_res: 2.026e+03 ,Time: 0.00
update_res: nan
update_bcs1: 0.000e+00
adaptive_constant_bc: 9.5117e+02
Compute NTK...
It: 24700, Loss: 2.027e+03, Loss_bcs: 1.107e-02, Loss_res: 2.022e+03 ,Time: 0.00
update_res: nan
update_bcs1: 0.000e+00
adaptive_constant_bc: 9.4970e+02
Compute NTK...
It: 24800, Loss: 2.023e+03, Loss_bcs: 1.106e-02, Loss_res: 2.017e+03 ,Time: 0.00
update_res: nan
update_bcs1: 0.000e+00
adaptive_constant_bc: 9.4819e+02
Compute NTK...
It: 24900, Loss: 2.018e+03, Loss_bcs: 1.104e-02, Loss_res: 2.012e+03 ,Time: 0.00
update_res: nan
update_bcs1: 0.000e+00
adaptive_constant_bc: 9.4669e+02
Compute NTK...
It: 25000, Loss: 2.013e+03, Loss_bcs: 1.103e-02, Loss_res: 2.008e+03 ,Time: 0.00
update_res: nan
update_bcs1: 0.000e+00
adaptive_constant_bc: 9.4513e+02
Compute NTK...
It: 25100, Loss: 2.009e+03, Loss_bcs: 1.102e-02, Loss_res: 2.003e+03 ,Time: 0.00
update_res: nan
update_bcs1: 0.000e+00
adaptive_constant_bc: 9.4362e+02
Compute NTK...
It: 25200, Loss: 2.005e+03, Loss_bcs: 1.101e-02, Loss_res: 1.999e+03 ,Time: 0.00
update_res: nan
update_bcs1: 0.000e+00
adaptive_constant_bc: 9.4208e+02
Compute NTK...
It: 25300, Loss: 2.000e+03, Loss_bcs: 1.100e-02, Loss_res: 1.995e+03 ,Time: 0.00
update_res: nan
update_bcs1: 0.000e+00
adaptive_constant_bc: 9.4062e+02
Compute NTK...
It: 25400, Loss: 1.996e+03, Loss_bcs: 1.099e-02, Loss_res: 1.990e+03 ,Time: 0.00
update_res: nan
update_bcs1: 0.000e+00
adaptive_constant_bc: 9.3911e+02
Compute NTK...
It: 25500, Loss: 1.992e+03, Loss_bcs: 1.097e-02, Loss_res: 1.986e+03 ,Time: 0.00
update_res: nan
update_bcs1: 0.000e+00
adaptive_constant_bc: 9.3770e+02
Compute NTK...
It: 25600, Loss: 1.987e+03, Loss_bcs: 1.096e-02, Loss_res: 1.982e+03 ,Time: 0.00
update_res: nan
update_bcs1: 0.000e+00
adaptive_constant_bc: 9.3621e+02
Compute NTK...
It: 25700, Loss: 1.983e+03, Loss_bcs: 1.095e-02, Loss_res: 1.978e+03 ,Time: 0.00
update_res: nan
update_bcs1: 0.000e+00
adaptive_constant_bc: 9.3478e+02
Compute NTK...
It: 25800, Loss: 1.979e+03, Loss_bcs: 1.094e-02, Loss_res: 1.974e+03 ,Time: 0.00
update_res: nan
update_bcs1: 0.000e+00
adaptive_constant_bc: 9.3333e+02
Compute NTK...
It: 25900, Loss: 1.975e+03, Loss_bcs: 1.093e-02, Loss_res: 1.970e+03 ,Time: 0.00
update_res: nan
update_bcs1: 0.000e+00
adaptive_constant_bc: 9.3197e+02
Compute NTK...
It: 26000, Loss: 1.971e+03, Loss_bcs: 1.092e-02, Loss_res: 1.966e+03 ,Time: 0.00
update_res: nan
update_bcs1: 0.000e+00
adaptive_constant_bc: 9.3042e+02
Compute NTK...
It: 26100, Loss: 1.967e+03, Loss_bcs: 1.092e-02, Loss_res: 1.962e+03 ,Time: 0.00
update_res: nan
update_bcs1: 0.000e+00
adaptive_constant_bc: 9.2891e+02
Compute NTK...
It: 26200, Loss: 1.963e+03, Loss_bcs: 1.091e-02, Loss_res: 1.958e+03 ,Time: 0.00
update_res: nan
update_bcs1: 0.000e+00
adaptive_constant_bc: 9.2737e+02
Compute NTK...
It: 26300, Loss: 1.960e+03, Loss_bcs: 1.090e-02, Loss_res: 1.954e+03 ,Time: 0.00
update_res: nan
update_bcs1: 0.000e+00
adaptive_constant_bc: 9.2586e+02
Compute NTK...
It: 26400, Loss: 1.956e+03, Loss_bcs: 1.090e-02, Loss_res: 1.950e+03 ,Time: 0.00
update_res: nan
update_bcs1: 0.000e+00
adaptive_constant_bc: 9.2443e+02
Compute NTK...
It: 26500, Loss: 1.952e+03, Loss_bcs: 1.089e-02, Loss_res: 1.947e+03 ,Time: 0.00
update_res: nan
update_bcs1: 0.000e+00
adaptive_constant_bc: 9.2285e+02
Compute NTK...
It: 26600, Loss: 1.948e+03, Loss_bcs: 1.089e-02, Loss_res: 1.943e+03 ,Time: 0.00
update_res: nan
update_bcs1: 0.000e+00
adaptive_constant_bc: 9.2135e+02
Compute NTK...
It: 26700, Loss: 1.945e+03, Loss_bcs: 1.088e-02, Loss_res: 1.939e+03 ,Time: 0.00
update_res: nan
update_bcs1: 0.000e+00
adaptive_constant_bc: 9.1972e+02
Compute NTK...
It: 26800, Loss: 1.941e+03, Loss_bcs: 1.088e-02, Loss_res: 1.936e+03 ,Time: 0.00
update_res: nan
update_bcs1: 0.000e+00
adaptive_constant_bc: 9.1815e+02
Compute NTK...
It: 26900, Loss: 1.938e+03, Loss_bcs: 1.088e-02, Loss_res: 1.932e+03 ,Time: 0.01
update_res: nan
update_bcs1: 0.000e+00
adaptive_constant_bc: 9.1658e+02
Compute NTK...
It: 27000, Loss: 1.934e+03, Loss_bcs: 1.088e-02, Loss_res: 1.929e+03 ,Time: 0.00
update_res: nan
update_bcs1: 0.000e+00
adaptive_constant_bc: 9.1495e+02
Compute NTK...
It: 27100, Loss: 1.931e+03, Loss_bcs: 1.087e-02, Loss_res: 1.925e+03 ,Time: 0.00
update_res: nan
update_bcs1: 0.000e+00
adaptive_constant_bc: 9.1343e+02
Compute NTK...
It: 27200, Loss: 1.927e+03, Loss_bcs: 1.087e-02, Loss_res: 1.922e+03 ,Time: 0.00
update_res: nan
update_bcs1: 0.000e+00
adaptive_constant_bc: 9.1182e+02
Compute NTK...
It: 27300, Loss: 1.924e+03, Loss_bcs: 1.087e-02, Loss_res: 1.918e+03 ,Time: 0.00
update_res: nan
update_bcs1: 0.000e+00
adaptive_constant_bc: 9.1034e+02
Compute NTK...
It: 27400, Loss: 1.920e+03, Loss_bcs: 1.087e-02, Loss_res: 1.915e+03 ,Time: 0.01
update_res: nan
update_bcs1: 0.000e+00
adaptive_constant_bc: 9.0884e+02
Compute NTK...
It: 27500, Loss: 1.917e+03, Loss_bcs: 1.087e-02, Loss_res: 1.912e+03 ,Time: 0.00
update_res: nan
update_bcs1: 0.000e+00
adaptive_constant_bc: 9.0723e+02
Compute NTK...
It: 27600, Loss: 1.914e+03, Loss_bcs: 1.087e-02, Loss_res: 1.908e+03 ,Time: 0.00
update_res: nan
update_bcs1: 0.000e+00
adaptive_constant_bc: 9.0568e+02
Compute NTK...
It: 27700, Loss: 1.911e+03, Loss_bcs: 1.087e-02, Loss_res: 1.905e+03 ,Time: 0.00
update_res: nan
update_bcs1: 0.000e+00
adaptive_constant_bc: 9.0417e+02
Compute NTK...
It: 27800, Loss: 1.907e+03, Loss_bcs: 1.087e-02, Loss_res: 1.902e+03 ,Time: 0.00
update_res: nan
update_bcs1: 0.000e+00
adaptive_constant_bc: 9.0277e+02
Compute NTK...
It: 27900, Loss: 1.904e+03, Loss_bcs: 1.087e-02, Loss_res: 1.899e+03 ,Time: 0.00
update_res: nan
update_bcs1: 0.000e+00
adaptive_constant_bc: 9.0126e+02
Compute NTK...
It: 28000, Loss: 1.901e+03, Loss_bcs: 1.087e-02, Loss_res: 1.896e+03 ,Time: 0.00
update_res: nan
update_bcs1: 0.000e+00
adaptive_constant_bc: 8.9967e+02
Compute NTK...
It: 28100, Loss: 1.898e+03, Loss_bcs: 1.087e-02, Loss_res: 1.893e+03 ,Time: 0.00
update_res: nan
update_bcs1: 0.000e+00
adaptive_constant_bc: 8.9819e+02
Compute NTK...
It: 28200, Loss: 1.895e+03, Loss_bcs: 1.087e-02, Loss_res: 1.890e+03 ,Time: 0.00
update_res: nan
update_bcs1: 0.000e+00
adaptive_constant_bc: 8.9668e+02
Compute NTK...
It: 28300, Loss: 1.892e+03, Loss_bcs: 1.087e-02, Loss_res: 1.887e+03 ,Time: 0.01
update_res: nan
update_bcs1: 0.000e+00
adaptive_constant_bc: 8.9525e+02
Compute NTK...
It: 28400, Loss: 1.889e+03, Loss_bcs: 1.087e-02, Loss_res: 1.884e+03 ,Time: 0.00
update_res: nan
update_bcs1: 0.000e+00
adaptive_constant_bc: 8.9399e+02
Compute NTK...
It: 28500, Loss: 1.886e+03, Loss_bcs: 1.087e-02, Loss_res: 1.881e+03 ,Time: 0.00
update_res: nan
update_bcs1: 0.000e+00
adaptive_constant_bc: 8.9261e+02
Compute NTK...
It: 28600, Loss: 1.883e+03, Loss_bcs: 1.087e-02, Loss_res: 1.878e+03 ,Time: 0.00
update_res: nan
update_bcs1: 0.000e+00
adaptive_constant_bc: 8.9123e+02
Compute NTK...
It: 28700, Loss: 1.881e+03, Loss_bcs: 1.086e-02, Loss_res: 1.875e+03 ,Time: 0.00
update_res: nan
update_bcs1: 0.000e+00
adaptive_constant_bc: 8.8993e+02
Compute NTK...
It: 28800, Loss: 1.878e+03, Loss_bcs: 1.087e-02, Loss_res: 1.872e+03 ,Time: 0.00
update_res: nan
update_bcs1: 0.000e+00
adaptive_constant_bc: 8.8854e+02
Compute NTK...
It: 28900, Loss: 1.875e+03, Loss_bcs: 1.086e-02, Loss_res: 1.870e+03 ,Time: 0.00
update_res: nan
update_bcs1: 0.000e+00
adaptive_constant_bc: 8.8722e+02
Compute NTK...
It: 29000, Loss: 1.872e+03, Loss_bcs: 1.086e-02, Loss_res: 1.867e+03 ,Time: 0.00
update_res: nan
update_bcs1: 0.000e+00
adaptive_constant_bc: 8.8603e+02
Compute NTK...
It: 29100, Loss: 1.869e+03, Loss_bcs: 1.086e-02, Loss_res: 1.864e+03 ,Time: 0.00
update_res: nan
update_bcs1: 0.000e+00
adaptive_constant_bc: 8.8474e+02
Compute NTK...
It: 29200, Loss: 1.867e+03, Loss_bcs: 1.086e-02, Loss_res: 1.861e+03 ,Time: 0.00
update_res: nan
update_bcs1: 0.000e+00
adaptive_constant_bc: 8.8352e+02
Compute NTK...
It: 29300, Loss: 1.864e+03, Loss_bcs: 1.085e-02, Loss_res: 1.859e+03 ,Time: 0.00
update_res: nan
update_bcs1: 0.000e+00
adaptive_constant_bc: 8.8241e+02
Compute NTK...
It: 29400, Loss: 1.861e+03, Loss_bcs: 1.085e-02, Loss_res: 1.856e+03 ,Time: 0.00
update_res: nan
update_bcs1: 0.000e+00
adaptive_constant_bc: 8.8121e+02
Compute NTK...
It: 29500, Loss: 1.859e+03, Loss_bcs: 1.085e-02, Loss_res: 1.853e+03 ,Time: 0.00
update_res: nan
update_bcs1: 0.000e+00
adaptive_constant_bc: 8.8012e+02
Compute NTK...
It: 29600, Loss: 1.856e+03, Loss_bcs: 1.084e-02, Loss_res: 1.851e+03 ,Time: 0.01
update_res: nan
update_bcs1: 0.000e+00
adaptive_constant_bc: 8.7920e+02
Compute NTK...
It: 29700, Loss: 1.854e+03, Loss_bcs: 1.084e-02, Loss_res: 1.848e+03 ,Time: 0.00
update_res: nan
update_bcs1: 0.000e+00
adaptive_constant_bc: 8.7810e+02
Compute NTK...
It: 29800, Loss: 1.851e+03, Loss_bcs: 1.083e-02, Loss_res: 1.846e+03 ,Time: 0.00
update_res: nan
update_bcs1: 0.000e+00
adaptive_constant_bc: 8.7696e+02
Compute NTK...
It: 29900, Loss: 1.849e+03, Loss_bcs: 1.083e-02, Loss_res: 1.843e+03 ,Time: 0.00
update_res: nan
update_bcs1: 0.000e+00
adaptive_constant_bc: 8.7598e+02
Compute NTK...
It: 30000, Loss: 1.846e+03, Loss_bcs: 1.082e-02, Loss_res: 1.841e+03 ,Time: 0.00
update_res: nan
update_bcs1: 0.000e+00
adaptive_constant_bc: 8.7498e+02
Compute NTK...
It: 30100, Loss: 1.844e+03, Loss_bcs: 1.082e-02, Loss_res: 1.838e+03 ,Time: 0.00
update_res: nan
update_bcs1: 0.000e+00
adaptive_constant_bc: 8.7389e+02
Compute NTK...
It: 30200, Loss: 1.841e+03, Loss_bcs: 1.081e-02, Loss_res: 1.836e+03 ,Time: 0.00
update_res: nan
update_bcs1: 0.000e+00
adaptive_constant_bc: 8.7308e+02
Compute NTK...
It: 30300, Loss: 1.839e+03, Loss_bcs: 1.080e-02, Loss_res: 1.834e+03 ,Time: 0.00
update_res: nan
update_bcs1: 0.000e+00
adaptive_constant_bc: 8.7221e+02
Compute NTK...
It: 30400, Loss: 1.837e+03, Loss_bcs: 1.080e-02, Loss_res: 1.831e+03 ,Time: 0.00
update_res: nan
update_bcs1: 0.000e+00
adaptive_constant_bc: 8.7116e+02
Compute NTK...
It: 30500, Loss: 1.834e+03, Loss_bcs: 1.080e-02, Loss_res: 1.829e+03 ,Time: 0.00
update_res: nan
update_bcs1: 0.000e+00
adaptive_constant_bc: 8.7009e+02
Compute NTK...
It: 30600, Loss: 1.832e+03, Loss_bcs: 1.079e-02, Loss_res: 1.827e+03 ,Time: 0.00
update_res: nan
update_bcs1: 0.000e+00
adaptive_constant_bc: 8.6925e+02
Compute NTK...
It: 30700, Loss: 1.830e+03, Loss_bcs: 1.079e-02, Loss_res: 1.825e+03 ,Time: 0.00
update_res: nan
update_bcs1: 0.000e+00
adaptive_constant_bc: 8.6837e+02
Compute NTK...
It: 30800, Loss: 1.828e+03, Loss_bcs: 1.079e-02, Loss_res: 1.822e+03 ,Time: 0.00
update_res: nan
update_bcs1: 0.000e+00
adaptive_constant_bc: 8.6734e+02
Compute NTK...
It: 30900, Loss: 1.826e+03, Loss_bcs: 1.078e-02, Loss_res: 1.820e+03 ,Time: 0.00
update_res: nan
update_bcs1: 0.000e+00
adaptive_constant_bc: 8.6656e+02
Compute NTK...
It: 31000, Loss: 1.823e+03, Loss_bcs: 1.077e-02, Loss_res: 1.818e+03 ,Time: 0.00
update_res: nan
update_bcs1: 0.000e+00
adaptive_constant_bc: 8.6588e+02
Compute NTK...
It: 31100, Loss: 1.821e+03, Loss_bcs: 1.076e-02, Loss_res: 1.816e+03 ,Time: 0.00
update_res: nan
update_bcs1: 0.000e+00
adaptive_constant_bc: 8.6507e+02
Compute NTK...
It: 31200, Loss: 1.819e+03, Loss_bcs: 1.076e-02, Loss_res: 1.814e+03 ,Time: 0.00
update_res: nan
update_bcs1: 0.000e+00
adaptive_constant_bc: 8.6414e+02
Compute NTK...
It: 31300, Loss: 1.817e+03, Loss_bcs: 1.075e-02, Loss_res: 1.812e+03 ,Time: 0.00
update_res: nan
update_bcs1: 0.000e+00
adaptive_constant_bc: 8.6342e+02
Compute NTK...
It: 31400, Loss: 1.815e+03, Loss_bcs: 1.074e-02, Loss_res: 1.810e+03 ,Time: 0.00
update_res: nan
update_bcs1: 0.000e+00
adaptive_constant_bc: 8.6274e+02
Compute NTK...
It: 31500, Loss: 1.813e+03, Loss_bcs: 1.074e-02, Loss_res: 1.808e+03 ,Time: 0.00
update_res: nan
update_bcs1: 0.000e+00
adaptive_constant_bc: 8.6196e+02
Compute NTK...
It: 31600, Loss: 1.811e+03, Loss_bcs: 1.074e-02, Loss_res: 1.806e+03 ,Time: 0.00
update_res: nan
update_bcs1: 0.000e+00
adaptive_constant_bc: 8.6107e+02
Compute NTK...
It: 31700, Loss: 1.809e+03, Loss_bcs: 1.073e-02, Loss_res: 1.804e+03 ,Time: 0.00
update_res: nan
update_bcs1: 0.000e+00
adaptive_constant_bc: 8.6040e+02
Compute NTK...
It: 31800, Loss: 1.807e+03, Loss_bcs: 1.072e-02, Loss_res: 1.802e+03 ,Time: 0.00
update_res: nan
update_bcs1: 0.000e+00
adaptive_constant_bc: 8.5977e+02
Compute NTK...
It: 31900, Loss: 1.805e+03, Loss_bcs: 1.071e-02, Loss_res: 1.800e+03 ,Time: 0.00
update_res: nan
update_bcs1: 0.000e+00
adaptive_constant_bc: 8.5906e+02
Compute NTK...
It: 32000, Loss: 1.803e+03, Loss_bcs: 1.071e-02, Loss_res: 1.798e+03 ,Time: 0.00
update_res: nan
update_bcs1: 0.000e+00
adaptive_constant_bc: 8.5824e+02
Compute NTK...
It: 32100, Loss: 1.801e+03, Loss_bcs: 1.070e-02, Loss_res: 1.796e+03 ,Time: 0.00
update_res: nan
update_bcs1: 0.000e+00
adaptive_constant_bc: 8.5758e+02
Compute NTK...
It: 32200, Loss: 1.799e+03, Loss_bcs: 1.069e-02, Loss_res: 1.794e+03 ,Time: 0.00
update_res: nan
update_bcs1: 0.000e+00
adaptive_constant_bc: 8.5695e+02
Compute NTK...
It: 32300, Loss: 1.797e+03, Loss_bcs: 1.069e-02, Loss_res: 1.792e+03 ,Time: 0.00
update_res: nan
update_bcs1: 0.000e+00
adaptive_constant_bc: 8.5626e+02
Compute NTK...
It: 32400, Loss: 1.796e+03, Loss_bcs: 1.068e-02, Loss_res: 1.790e+03 ,Time: 0.00
update_res: nan
update_bcs1: 0.000e+00
adaptive_constant_bc: 8.5549e+02
Compute NTK...
It: 32500, Loss: 1.794e+03, Loss_bcs: 1.067e-02, Loss_res: 1.788e+03 ,Time: 0.00
update_res: nan
update_bcs1: 0.000e+00
adaptive_constant_bc: 8.5494e+02
Compute NTK...
It: 32600, Loss: 1.792e+03, Loss_bcs: 1.066e-02, Loss_res: 1.787e+03 ,Time: 0.00
update_res: nan
update_bcs1: 0.000e+00
adaptive_constant_bc: 8.5441e+02
Compute NTK...
It: 32700, Loss: 1.790e+03, Loss_bcs: 1.066e-02, Loss_res: 1.785e+03 ,Time: 0.00
update_res: nan
update_bcs1: 0.000e+00
adaptive_constant_bc: 8.5384e+02
Compute NTK...
It: 32800, Loss: 1.788e+03, Loss_bcs: 1.065e-02, Loss_res: 1.783e+03 ,Time: 0.00
update_res: nan
update_bcs1: 0.000e+00
adaptive_constant_bc: 8.5318e+02
Compute NTK...
It: 32900, Loss: 1.787e+03, Loss_bcs: 1.065e-02, Loss_res: 1.781e+03 ,Time: 0.00
update_res: nan
update_bcs1: 0.000e+00
adaptive_constant_bc: 8.5246e+02
Compute NTK...
It: 33000, Loss: 1.785e+03, Loss_bcs: 1.064e-02, Loss_res: 1.779e+03 ,Time: 0.00
update_res: nan
update_bcs1: 0.000e+00
adaptive_constant_bc: 8.5186e+02
Compute NTK...
It: 33100, Loss: 1.783e+03, Loss_bcs: 1.063e-02, Loss_res: 1.778e+03 ,Time: 0.00
update_res: nan
update_bcs1: 0.000e+00
adaptive_constant_bc: 8.5125e+02
Compute NTK...
It: 33200, Loss: 1.781e+03, Loss_bcs: 1.063e-02, Loss_res: 1.776e+03 ,Time: 0.00
update_res: nan
update_bcs1: 0.000e+00
adaptive_constant_bc: 8.5060e+02
Compute NTK...
It: 33300, Loss: 1.780e+03, Loss_bcs: 1.062e-02, Loss_res: 1.774e+03 ,Time: 0.00
update_res: nan
update_bcs1: 0.000e+00
adaptive_constant_bc: 8.4990e+02
Compute NTK...
It: 33400, Loss: 1.778e+03, Loss_bcs: 1.062e-02, Loss_res: 1.773e+03 ,Time: 0.00
update_res: nan
update_bcs1: 0.000e+00
adaptive_constant_bc: 8.4939e+02
Compute NTK...
It: 33500, Loss: 1.777e+03, Loss_bcs: 1.061e-02, Loss_res: 1.771e+03 ,Time: 0.00
update_res: nan
update_bcs1: 0.000e+00
adaptive_constant_bc: 8.4883e+02
Compute NTK...
It: 33600, Loss: 1.775e+03, Loss_bcs: 1.060e-02, Loss_res: 1.770e+03 ,Time: 0.00
update_res: nan
update_bcs1: 0.000e+00
adaptive_constant_bc: 8.4825e+02
Compute NTK...
It: 33700, Loss: 1.773e+03, Loss_bcs: 1.060e-02, Loss_res: 1.768e+03 ,Time: 0.00
update_res: nan
update_bcs1: 0.000e+00
adaptive_constant_bc: 8.4768e+02
Compute NTK...
It: 33800, Loss: 1.772e+03, Loss_bcs: 1.060e-02, Loss_res: 1.767e+03 ,Time: 0.00
update_res: nan
update_bcs1: 0.000e+00
adaptive_constant_bc: 8.4694e+02
Compute NTK...
It: 33900, Loss: 1.770e+03, Loss_bcs: 1.059e-02, Loss_res: 1.765e+03 ,Time: 0.00
update_res: nan
update_bcs1: 0.000e+00
adaptive_constant_bc: 8.4628e+02
Compute NTK...
It: 34000, Loss: 1.769e+03, Loss_bcs: 1.059e-02, Loss_res: 1.764e+03 ,Time: 0.00
update_res: nan
update_bcs1: 0.000e+00
adaptive_constant_bc: 8.4567e+02
Compute NTK...
It: 34100, Loss: 1.767e+03, Loss_bcs: 1.059e-02, Loss_res: 1.762e+03 ,Time: 0.00
update_res: nan
update_bcs1: 0.000e+00
adaptive_constant_bc: 8.4507e+02
Compute NTK...
It: 34200, Loss: 1.766e+03, Loss_bcs: 1.058e-02, Loss_res: 1.761e+03 ,Time: 0.00
update_res: nan
update_bcs1: 0.000e+00
adaptive_constant_bc: 8.4450e+02
Compute NTK...
It: 34300, Loss: 1.764e+03, Loss_bcs: 1.058e-02, Loss_res: 1.759e+03 ,Time: 0.00
update_res: nan
update_bcs1: 0.000e+00
adaptive_constant_bc: 8.4381e+02
Compute NTK...
It: 34400, Loss: 1.763e+03, Loss_bcs: 1.057e-02, Loss_res: 1.758e+03 ,Time: 0.00
update_res: nan
update_bcs1: 0.000e+00
adaptive_constant_bc: 8.4329e+02
Compute NTK...
It: 34500, Loss: 1.762e+03, Loss_bcs: 1.057e-02, Loss_res: 1.756e+03 ,Time: 0.00
update_res: nan
update_bcs1: 0.000e+00
adaptive_constant_bc: 8.4289e+02
Compute NTK...
It: 34600, Loss: 1.760e+03, Loss_bcs: 1.056e-02, Loss_res: 1.755e+03 ,Time: 0.00
update_res: nan
update_bcs1: 0.000e+00
adaptive_constant_bc: 8.4244e+02
Compute NTK...
It: 34700, Loss: 1.759e+03, Loss_bcs: 1.055e-02, Loss_res: 1.753e+03 ,Time: 0.00
update_res: nan
update_bcs1: 0.000e+00
adaptive_constant_bc: 8.4196e+02
Compute NTK...
It: 34800, Loss: 1.757e+03, Loss_bcs: 1.055e-02, Loss_res: 1.752e+03 ,Time: 0.00
update_res: nan
update_bcs1: 0.000e+00
adaptive_constant_bc: 8.4147e+02
Compute NTK...
It: 34900, Loss: 1.756e+03, Loss_bcs: 1.054e-02, Loss_res: 1.751e+03 ,Time: 0.00
update_res: nan
update_bcs1: 0.000e+00
adaptive_constant_bc: 8.4087e+02
Compute NTK...
It: 35000, Loss: 1.755e+03, Loss_bcs: 1.054e-02, Loss_res: 1.749e+03 ,Time: 0.00
update_res: nan
update_bcs1: 0.000e+00
adaptive_constant_bc: 8.4039e+02
Compute NTK...
It: 35100, Loss: 1.753e+03, Loss_bcs: 1.053e-02, Loss_res: 1.748e+03 ,Time: 0.00
update_res: nan
update_bcs1: 0.000e+00
adaptive_constant_bc: 8.3986e+02
Compute NTK...
It: 35200, Loss: 1.752e+03, Loss_bcs: 1.053e-02, Loss_res: 1.747e+03 ,Time: 0.00
update_res: nan
update_bcs1: 0.000e+00
adaptive_constant_bc: 8.3933e+02
Compute NTK...
It: 35300, Loss: 1.751e+03, Loss_bcs: 1.052e-02, Loss_res: 1.745e+03 ,Time: 0.00
update_res: nan
update_bcs1: 0.000e+00
adaptive_constant_bc: 8.3888e+02
Compute NTK...
It: 35400, Loss: 1.749e+03, Loss_bcs: 1.052e-02, Loss_res: 1.744e+03 ,Time: 0.00
update_res: nan
update_bcs1: 0.000e+00
adaptive_constant_bc: 8.3830e+02
Compute NTK...
It: 35500, Loss: 1.748e+03, Loss_bcs: 1.052e-02, Loss_res: 1.743e+03 ,Time: 0.00
update_res: nan
update_bcs1: 0.000e+00
adaptive_constant_bc: 8.3769e+02
Compute NTK...
It: 35600, Loss: 1.747e+03, Loss_bcs: 1.051e-02, Loss_res: 1.742e+03 ,Time: 0.00
update_res: nan
update_bcs1: 0.000e+00
adaptive_constant_bc: 8.3729e+02
Compute NTK...
It: 35700, Loss: 1.746e+03, Loss_bcs: 1.051e-02, Loss_res: 1.740e+03 ,Time: 0.00
update_res: nan
update_bcs1: 0.000e+00
adaptive_constant_bc: 8.3683e+02
Compute NTK...
It: 35800, Loss: 1.744e+03, Loss_bcs: 1.050e-02, Loss_res: 1.739e+03 ,Time: 0.00
update_res: nan
update_bcs1: 0.000e+00
adaptive_constant_bc: 8.3637e+02
Compute NTK...
It: 35900, Loss: 1.743e+03, Loss_bcs: 1.050e-02, Loss_res: 1.738e+03 ,Time: 0.00
update_res: nan
update_bcs1: 0.000e+00
adaptive_constant_bc: 8.3599e+02
Compute NTK...
It: 36000, Loss: 1.742e+03, Loss_bcs: 1.049e-02, Loss_res: 1.737e+03 ,Time: 0.00
update_res: nan
update_bcs1: 0.000e+00
adaptive_constant_bc: 8.3554e+02
Compute NTK...
It: 36100, Loss: 1.741e+03, Loss_bcs: 1.049e-02, Loss_res: 1.735e+03 ,Time: 0.00
update_res: nan
update_bcs1: 0.000e+00
adaptive_constant_bc: 8.3498e+02
Compute NTK...
It: 36200, Loss: 1.739e+03, Loss_bcs: 1.048e-02, Loss_res: 1.734e+03 ,Time: 0.00
update_res: nan
update_bcs1: 0.000e+00
adaptive_constant_bc: 8.3452e+02
Compute NTK...
It: 36300, Loss: 1.738e+03, Loss_bcs: 1.048e-02, Loss_res: 1.733e+03 ,Time: 0.00
update_res: nan
update_bcs1: 0.000e+00
adaptive_constant_bc: 8.3403e+02
Compute NTK...
It: 36400, Loss: 1.737e+03, Loss_bcs: 1.048e-02, Loss_res: 1.732e+03 ,Time: 0.00
update_res: nan
update_bcs1: 0.000e+00
adaptive_constant_bc: 8.3357e+02
Compute NTK...
It: 36500, Loss: 1.736e+03, Loss_bcs: 1.048e-02, Loss_res: 1.731e+03 ,Time: 0.00
update_res: nan
update_bcs1: 0.000e+00
adaptive_constant_bc: 8.3301e+02
Compute NTK...
It: 36600, Loss: 1.735e+03, Loss_bcs: 1.047e-02, Loss_res: 1.729e+03 ,Time: 0.00
update_res: nan
update_bcs1: 0.000e+00
adaptive_constant_bc: 8.3261e+02
Compute NTK...
It: 36700, Loss: 1.733e+03, Loss_bcs: 1.047e-02, Loss_res: 1.728e+03 ,Time: 0.00
update_res: nan
update_bcs1: 0.000e+00
adaptive_constant_bc: 8.3212e+02
Compute NTK...
It: 36800, Loss: 1.732e+03, Loss_bcs: 1.046e-02, Loss_res: 1.727e+03 ,Time: 0.00
update_res: nan
update_bcs1: 0.000e+00
adaptive_constant_bc: 8.3172e+02
Compute NTK...
It: 36900, Loss: 1.731e+03, Loss_bcs: 1.045e-02, Loss_res: 1.726e+03 ,Time: 0.00
update_res: nan
update_bcs1: 0.000e+00
adaptive_constant_bc: 8.3147e+02
Compute NTK...
It: 37000, Loss: 1.730e+03, Loss_bcs: 1.045e-02, Loss_res: 1.725e+03 ,Time: 0.00
update_res: nan
update_bcs1: 0.000e+00
adaptive_constant_bc: 8.3112e+02
Compute NTK...
It: 37100, Loss: 1.729e+03, Loss_bcs: 1.044e-02, Loss_res: 1.724e+03 ,Time: 0.00
update_res: nan
update_bcs1: 0.000e+00
adaptive_constant_bc: 8.3079e+02
Compute NTK...
It: 37200, Loss: 1.728e+03, Loss_bcs: 1.044e-02, Loss_res: 1.723e+03 ,Time: 0.00
update_res: nan
update_bcs1: 0.000e+00
adaptive_constant_bc: 8.3038e+02
Compute NTK...
It: 37300, Loss: 1.727e+03, Loss_bcs: 1.043e-02, Loss_res: 1.722e+03 ,Time: 0.00
update_res: nan
update_bcs1: 0.000e+00
adaptive_constant_bc: 8.3012e+02
Compute NTK...
It: 37400, Loss: 1.726e+03, Loss_bcs: 1.043e-02, Loss_res: 1.721e+03 ,Time: 0.00
update_res: nan
update_bcs1: 0.000e+00
adaptive_constant_bc: 8.2977e+02
Compute NTK...
It: 37500, Loss: 1.725e+03, Loss_bcs: 1.042e-02, Loss_res: 1.719e+03 ,Time: 0.00
update_res: nan
update_bcs1: 0.000e+00
adaptive_constant_bc: 8.2927e+02
Compute NTK...
It: 37600, Loss: 1.724e+03, Loss_bcs: 1.042e-02, Loss_res: 1.718e+03 ,Time: 0.00
update_res: nan
update_bcs1: 0.000e+00
adaptive_constant_bc: 8.2889e+02
Compute NTK...
It: 37700, Loss: 1.723e+03, Loss_bcs: 1.042e-02, Loss_res: 1.717e+03 ,Time: 0.00
update_res: nan
update_bcs1: 0.000e+00
adaptive_constant_bc: 8.2844e+02
Compute NTK...
It: 37800, Loss: 1.722e+03, Loss_bcs: 1.041e-02, Loss_res: 1.716e+03 ,Time: 0.00
update_res: nan
update_bcs1: 0.000e+00
adaptive_constant_bc: 8.2808e+02
Compute NTK...
It: 37900, Loss: 1.721e+03, Loss_bcs: 1.041e-02, Loss_res: 1.715e+03 ,Time: 0.00
update_res: nan
update_bcs1: 0.000e+00
adaptive_constant_bc: 8.2754e+02
Compute NTK...
It: 38000, Loss: 1.720e+03, Loss_bcs: 1.041e-02, Loss_res: 1.714e+03 ,Time: 0.00
update_res: nan
update_bcs1: 0.000e+00
adaptive_constant_bc: 8.2722e+02
Compute NTK...
It: 38100, Loss: 1.719e+03, Loss_bcs: 1.040e-02, Loss_res: 1.713e+03 ,Time: 0.00
update_res: nan
update_bcs1: 0.000e+00
adaptive_constant_bc: 8.2685e+02
Compute NTK...
It: 38200, Loss: 1.718e+03, Loss_bcs: 1.040e-02, Loss_res: 1.712e+03 ,Time: 0.00
update_res: nan
update_bcs1: 0.000e+00
adaptive_constant_bc: 8.2658e+02
Compute NTK...
It: 38300, Loss: 1.717e+03, Loss_bcs: 1.040e-02, Loss_res: 1.711e+03 ,Time: 0.00
update_res: nan
update_bcs1: 0.000e+00
adaptive_constant_bc: 8.2618e+02
Compute NTK...
It: 38400, Loss: 1.716e+03, Loss_bcs: 1.039e-02, Loss_res: 1.711e+03 ,Time: 0.00
update_res: nan
update_bcs1: 0.000e+00
adaptive_constant_bc: 8.2591e+02
Compute NTK...
It: 38500, Loss: 1.715e+03, Loss_bcs: 1.039e-02, Loss_res: 1.710e+03 ,Time: 0.00
update_res: nan
update_bcs1: 0.000e+00
adaptive_constant_bc: 8.2556e+02
Compute NTK...
It: 38600, Loss: 1.714e+03, Loss_bcs: 1.038e-02, Loss_res: 1.709e+03 ,Time: 0.00
update_res: nan
update_bcs1: 0.000e+00
adaptive_constant_bc: 8.2532e+02
Compute NTK...
It: 38700, Loss: 1.713e+03, Loss_bcs: 1.038e-02, Loss_res: 1.708e+03 ,Time: 0.00
update_res: nan
update_bcs1: 0.000e+00
adaptive_constant_bc: 8.2486e+02
Compute NTK...
It: 38800, Loss: 1.712e+03, Loss_bcs: 1.037e-02, Loss_res: 1.707e+03 ,Time: 0.00
update_res: nan
update_bcs1: 0.000e+00
adaptive_constant_bc: 8.2458e+02
Compute NTK...
It: 38900, Loss: 1.711e+03, Loss_bcs: 1.037e-02, Loss_res: 1.706e+03 ,Time: 0.00
update_res: nan
update_bcs1: 0.000e+00
adaptive_constant_bc: 8.2431e+02
Compute NTK...
It: 39000, Loss: 1.711e+03, Loss_bcs: 1.037e-02, Loss_res: 1.705e+03 ,Time: 0.00
update_res: nan
update_bcs1: 0.000e+00
adaptive_constant_bc: 8.2401e+02
Compute NTK...
It: 39100, Loss: 1.710e+03, Loss_bcs: 1.036e-02, Loss_res: 1.705e+03 ,Time: 0.00
update_res: nan
update_bcs1: 0.000e+00
adaptive_constant_bc: 8.2359e+02
Compute NTK...
It: 39200, Loss: 1.709e+03, Loss_bcs: 1.036e-02, Loss_res: 1.704e+03 ,Time: 0.00
update_res: nan
update_bcs1: 0.000e+00
adaptive_constant_bc: 8.2315e+02
Compute NTK...
It: 39300, Loss: 1.708e+03, Loss_bcs: 1.036e-02, Loss_res: 1.703e+03 ,Time: 0.00
update_res: nan
update_bcs1: 0.000e+00
adaptive_constant_bc: 8.2280e+02
Compute NTK...
It: 39400, Loss: 1.707e+03, Loss_bcs: 1.036e-02, Loss_res: 1.702e+03 ,Time: 0.00
update_res: nan
update_bcs1: 0.000e+00
adaptive_constant_bc: 8.2242e+02
Compute NTK...
It: 39500, Loss: 1.706e+03, Loss_bcs: 1.036e-02, Loss_res: 1.701e+03 ,Time: 0.00
update_res: nan
update_bcs1: 0.000e+00
adaptive_constant_bc: 8.2211e+02
Compute NTK...
It: 39600, Loss: 1.706e+03, Loss_bcs: 1.036e-02, Loss_res: 1.700e+03 ,Time: 0.00
update_res: nan
update_bcs1: 0.000e+00
adaptive_constant_bc: 8.2163e+02
Compute NTK...
It: 39700, Loss: 1.705e+03, Loss_bcs: 1.035e-02, Loss_res: 1.700e+03 ,Time: 0.00
update_res: nan
update_bcs1: 0.000e+00
adaptive_constant_bc: 8.2135e+02
Compute NTK...
It: 39800, Loss: 1.704e+03, Loss_bcs: 1.035e-02, Loss_res: 1.699e+03 ,Time: 0.00
update_res: nan
update_bcs1: 0.000e+00
adaptive_constant_bc: 8.2103e+02
Compute NTK...
It: 39900, Loss: 1.703e+03, Loss_bcs: 1.035e-02, Loss_res: 1.698e+03 ,Time: 0.00
update_res: nan
update_bcs1: 0.000e+00
adaptive_constant_bc: 8.2074e+02
Compute NTK...
Gradients information stored ...
It: 40000, Loss: 1.702e+03, Loss_bcs: 1.034e-02, Loss_res: 1.697e+03 ,Time: 0.37
update_res: nan
update_bcs1: 0.000e+00
adaptive_constant_bc: 8.2052e+02
Compute NTK...
elapsed: 9.61e+01
Relative L2 error_u: 5.15e-01
Relative L2 error_r: 3.68e-01
mean value of lambda_bc: 1.28e+03
first value of lambda_bc: 1.36e+03
Relative L2 error_u: 5.15e-01
Relative L2 error_v: 3.68e-01
Save uv NN parameters successfully in %s ...checkpoints/Dec-29-2023_20-29-41-213622_M1
Final loss total loss: 1.702426e+03
Final loss loss_res: 1.697255e+03
Final loss loss_bcs: 1.034286e-02
