It: 0, Loss: 1.689e+01, Loss_res: 2.668e-01,  Loss_bcs1: 1.280e+00,Loss_bc2s: 1.226e+00, loss_ics_u: 1.967e+00, Loss_ut_ics: 1.215e+01,, Time: 2.66
adaptive_constant_res_val: 4.490e+00
adaptive_constant_ics_val: 2.948e+01
adaptive_constant_bcs_val: 2.692e+01
Gradients information stored ...
Gradients information stored ...
It: 1000, Loss: 4.774e+00, Loss_res: 7.898e-02,  Loss_bcs1: 2.127e-02,Loss_bc2s: 1.114e-02, loss_ics_u: 1.261e-01, Loss_ut_ics: 5.191e-03,, Time: 94.51
adaptive_constant_res_val: 6.459e-01
adaptive_constant_ics_val: 2.131e-01
adaptive_constant_bcs_val: 2.098e+01
Gradients information stored ...
It: 2000, Loss: 2.042e+00, Loss_res: 1.490e-01,  Loss_bcs1: 1.689e-02,Loss_bc2s: 1.204e-02, loss_ics_u: 5.883e-02, Loss_ut_ics: 4.908e-01,, Time: 77.22
adaptive_constant_res_val: 3.875e-01
adaptive_constant_ics_val: 6.847e+00
adaptive_constant_bcs_val: 8.301e+00
It: 3000, Loss: 1.094e+00, Loss_res: 6.870e-02,  Loss_bcs1: 1.556e-02,Loss_bc2s: 1.007e-02, loss_ics_u: 9.854e-02, Loss_ut_ics: 5.349e-03,, Time: 71.47
adaptive_constant_res_val: 2.422e-01
adaptive_constant_ics_val: 2.002e-01
adaptive_constant_bcs_val: 1.575e+01
It: 4000, Loss: 1.238e+00, Loss_res: 1.847e-01,  Loss_bcs1: 8.935e-03,Loss_bc2s: 8.860e-03, loss_ics_u: 5.297e-02, Loss_ut_ics: 3.935e-01,, Time: 74.40
adaptive_constant_res_val: 7.691e-01
adaptive_constant_ics_val: 5.015e+00
adaptive_constant_bcs_val: 6.899e+00
It: 5000, Loss: 9.881e-01, Loss_res: 1.766e-02,  Loss_bcs1: 2.193e-02,Loss_bc2s: 7.129e-03, loss_ics_u: 1.102e-01, Loss_ut_ics: 2.784e-03,, Time: 72.54
adaptive_constant_res_val: 3.095e-01
adaptive_constant_ics_val: 3.712e-01
adaptive_constant_bcs_val: 2.171e+01
It: 6000, Loss: 1.638e+00, Loss_res: 1.234e-01,  Loss_bcs1: 7.461e-03,Loss_bc2s: 3.130e-03, loss_ics_u: 5.935e-02, Loss_ut_ics: 2.179e-01,, Time: 77.20
adaptive_constant_res_val: 4.851e-01
adaptive_constant_ics_val: 3.401e+00
adaptive_constant_bcs_val: 3.519e+00
It: 7000, Loss: 3.384e-01, Loss_res: 1.120e-02,  Loss_bcs1: 1.425e-03,Loss_bc2s: 3.715e-03, loss_ics_u: 8.841e-02, Loss_ut_ics: 1.091e-03,, Time: 75.62
adaptive_constant_res_val: 2.561e-01
adaptive_constant_ics_val: 1.935e-01
adaptive_constant_bcs_val: 4.676e+00
It: 8000, Loss: 3.126e-01, Loss_res: 3.157e-02,  Loss_bcs1: 3.643e-03,Loss_bc2s: 3.479e-03, loss_ics_u: 5.536e-02, Loss_ut_ics: 6.347e-02,, Time: 73.69
adaptive_constant_res_val: 1.563e-01
adaptive_constant_ics_val: 1.483e+00
adaptive_constant_bcs_val: 4.114e+00
It: 9000, Loss: 3.042e-01, Loss_res: 8.285e-02,  Loss_bcs1: 7.210e-03,Loss_bc2s: 4.568e-03, loss_ics_u: 5.468e-02, Loss_ut_ics: 1.202e-02,, Time: 73.64
adaptive_constant_res_val: 2.286e-01
adaptive_constant_ics_val: 2.189e-01
adaptive_constant_bcs_val: 1.005e+01
It: 10000, Loss: 5.152e-01, Loss_res: 8.877e-01,  Loss_bcs1: 6.210e-03,Loss_bc2s: 4.879e-03, loss_ics_u: 1.826e-02, Loss_ut_ics: 7.866e-02,, Time: 70.48
adaptive_constant_res_val: 2.451e-01
adaptive_constant_ics_val: 4.128e-01
adaptive_constant_bcs_val: 6.236e+00
It: 11000, Loss: 1.723e-01, Loss_res: 4.064e-02,  Loss_bcs1: 7.903e-03,Loss_bc2s: 5.987e-03, loss_ics_u: 1.144e-02, Loss_ut_ics: 1.046e-02,, Time: 72.45
adaptive_constant_res_val: 1.590e-01
adaptive_constant_ics_val: 6.587e-01
adaptive_constant_bcs_val: 2.729e+00
It: 12000, Loss: 9.996e-02, Loss_res: 5.553e-02,  Loss_bcs1: 8.308e-03,Loss_bc2s: 5.744e-03, loss_ics_u: 1.100e-02, Loss_ut_ics: 3.454e-02,, Time: 73.44
adaptive_constant_res_val: 9.212e-02
adaptive_constant_ics_val: 1.068e-01
adaptive_constant_bcs_val: 3.058e+00
It: 13000, Loss: 6.701e-02, Loss_res: 2.485e-02,  Loss_bcs1: 7.963e-03,Loss_bc2s: 5.671e-03, loss_ics_u: 7.354e-03, Loss_ut_ics: 5.099e-03,, Time: 73.85
adaptive_constant_res_val: 1.784e-01
adaptive_constant_ics_val: 1.446e-01
adaptive_constant_bcs_val: 4.250e+00
It: 14000, Loss: 9.658e-02, Loss_res: 6.684e-02,  Loss_bcs1: 7.614e-03,Loss_bc2s: 5.181e-03, loss_ics_u: 6.862e-03, Loss_ut_ics: 7.766e-03,, Time: 72.11
adaptive_constant_res_val: 1.060e-01
adaptive_constant_ics_val: 2.689e-01
adaptive_constant_bcs_val: 2.753e+00
It: 15000, Loss: 6.107e-02, Loss_res: 2.778e-02,  Loss_bcs1: 7.941e-03,Loss_bc2s: 6.541e-03, loss_ics_u: 6.405e-03, Loss_ut_ics: 2.324e-03,, Time: 72.98
adaptive_constant_res_val: 1.228e-01
adaptive_constant_ics_val: 4.236e-02
adaptive_constant_bcs_val: 3.776e+00
It: 16000, Loss: 7.538e-02, Loss_res: 3.321e-02,  Loss_bcs1: 7.729e-03,Loss_bc2s: 6.060e-03, loss_ics_u: 4.947e-03, Loss_ut_ics: 1.312e-02,, Time: 61.92
adaptive_constant_res_val: 8.902e-02
adaptive_constant_ics_val: 1.341e-01
adaptive_constant_bcs_val: 3.923e+00
It: 17000, Loss: 6.900e-02, Loss_res: 1.016e-01,  Loss_bcs1: 4.899e-03,Loss_bc2s: 6.650e-03, loss_ics_u: 3.538e-03, Loss_ut_ics: 5.729e-03,, Time: 35.36
adaptive_constant_res_val: 8.161e-02
adaptive_constant_ics_val: 9.998e-02
adaptive_constant_bcs_val: 1.852e+00
It: 18000, Loss: 2.966e-02, Loss_res: 2.217e-02,  Loss_bcs1: 6.009e-03,Loss_bc2s: 5.071e-03, loss_ics_u: 3.742e-03, Loss_ut_ics: 3.946e-03,, Time: 36.03
adaptive_constant_res_val: 6.975e-02
adaptive_constant_ics_val: 1.431e-01
adaptive_constant_bcs_val: 1.826e+00
It: 19000, Loss: 2.716e-02, Loss_res: 3.312e-02,  Loss_bcs1: 4.655e-03,Loss_bc2s: 5.801e-03, loss_ics_u: 2.909e-03, Loss_ut_ics: 3.029e-03,, Time: 34.92
adaptive_constant_res_val: 7.982e-02
adaptive_constant_ics_val: 3.974e-02
adaptive_constant_bcs_val: 2.012e+00
It: 20000, Loss: 2.992e-02, Loss_res: 5.887e-02,  Loss_bcs1: 4.509e-03,Loss_bc2s: 4.275e-03, loss_ics_u: 3.640e-03, Loss_ut_ics: 5.653e-03,, Time: 35.05
adaptive_constant_res_val: 7.216e-02
adaptive_constant_ics_val: 9.178e-02
adaptive_constant_bcs_val: 2.721e+00
It: 21000, Loss: 3.261e-02, Loss_res: 4.396e-02,  Loss_bcs1: 4.344e-03,Loss_bc2s: 4.273e-03, loss_ics_u: 2.124e-03, Loss_ut_ics: 2.284e-03,, Time: 33.52
adaptive_constant_res_val: 4.803e-02
adaptive_constant_ics_val: 5.962e-02
adaptive_constant_bcs_val: 1.213e+00
It: 22000, Loss: 1.184e-02, Loss_res: 3.480e-02,  Loss_bcs1: 3.136e-03,Loss_bc2s: 2.995e-03, loss_ics_u: 2.115e-03, Loss_ut_ics: 2.662e-03,, Time: 32.84
adaptive_constant_res_val: 6.932e-02
adaptive_constant_ics_val: 6.106e-02
adaptive_constant_bcs_val: 9.901e-01
It: 23000, Loss: 1.092e-02, Loss_res: 3.558e-02,  Loss_bcs1: 3.279e-03,Loss_bc2s: 3.273e-03, loss_ics_u: 1.897e-03, Loss_ut_ics: 1.451e-03,, Time: 33.01
adaptive_constant_res_val: 4.289e-02
adaptive_constant_ics_val: 6.045e-02
adaptive_constant_bcs_val: 3.733e+00
It: 24000, Loss: 2.642e-02, Loss_res: 3.022e-02,  Loss_bcs1: 2.792e-03,Loss_bc2s: 2.511e-03, loss_ics_u: 1.381e-03, Loss_ut_ics: 2.699e-03,, Time: 33.30
adaptive_constant_res_val: 7.454e-02
adaptive_constant_ics_val: 9.178e-02
adaptive_constant_bcs_val: 1.385e+00
It: 25000, Loss: 1.016e-02, Loss_res: 1.849e-02,  Loss_bcs1: 2.422e-03,Loss_bc2s: 2.508e-03, loss_ics_u: 1.325e-03, Loss_ut_ics: 1.332e-03,, Time: 33.86
adaptive_constant_res_val: 1.045e-01
adaptive_constant_ics_val: 2.953e-02
adaptive_constant_bcs_val: 1.017e+01
It: 26000, Loss: 5.371e-02, Loss_res: 5.186e-02,  Loss_bcs1: 1.862e-03,Loss_bc2s: 2.031e-03, loss_ics_u: 8.220e-04, Loss_ut_ics: 1.067e-02,, Time: 33.63
adaptive_constant_res_val: 6.173e-02
adaptive_constant_ics_val: 3.010e-01
adaptive_constant_bcs_val: 5.883e+00
It: 27000, Loss: 2.351e-02, Loss_res: 3.193e-02,  Loss_bcs1: 1.481e-03,Loss_bc2s: 1.238e-03, loss_ics_u: 8.749e-04, Loss_ut_ics: 1.313e-03,, Time: 33.65
adaptive_constant_res_val: 7.682e-02
adaptive_constant_ics_val: 8.150e-02
adaptive_constant_bcs_val: 7.407e-01
It: 28000, Loss: 4.514e-03, Loss_res: 1.781e-02,  Loss_bcs1: 1.617e-03,Loss_bc2s: 1.661e-03, loss_ics_u: 8.949e-04, Loss_ut_ics: 6.846e-04,, Time: 34.41
adaptive_constant_res_val: 5.732e-02
adaptive_constant_ics_val: 4.434e-02
adaptive_constant_bcs_val: 1.741e+00
It: 29000, Loss: 7.696e-03, Loss_res: 1.686e-02,  Loss_bcs1: 1.540e-03,Loss_bc2s: 1.528e-03, loss_ics_u: 7.623e-04, Loss_ut_ics: 1.332e-03,, Time: 36.56
adaptive_constant_res_val: 3.867e-02
adaptive_constant_ics_val: 5.086e-02
adaptive_constant_bcs_val: 1.344e+00
It: 30000, Loss: 5.610e-03, Loss_res: 1.550e-02,  Loss_bcs1: 1.569e-03,Loss_bc2s: 1.386e-03, loss_ics_u: 7.532e-04, Loss_ut_ics: 4.890e-04,, Time: 36.74
adaptive_constant_res_val: 5.365e-02
adaptive_constant_ics_val: 5.570e-02
adaptive_constant_bcs_val: 1.529e+00
It: 31000, Loss: 6.533e-03, Loss_res: 1.785e-02,  Loss_bcs1: 1.770e-03,Loss_bc2s: 1.299e-03, loss_ics_u: 5.444e-04, Loss_ut_ics: 8.872e-04,, Time: 36.51
adaptive_constant_res_val: 5.778e-02
adaptive_constant_ics_val: 2.380e-02
adaptive_constant_bcs_val: 5.846e-01
It: 32000, Loss: 2.563e-03, Loss_res: 1.399e-02,  Loss_bcs1: 1.143e-03,Loss_bc2s: 1.134e-03, loss_ics_u: 6.814e-04, Loss_ut_ics: 1.042e-03,, Time: 36.71
adaptive_constant_res_val: 3.278e-02
adaptive_constant_ics_val: 2.213e-02
adaptive_constant_bcs_val: 9.816e-01
It: 33000, Loss: 3.271e-03, Loss_res: 1.241e-02,  Loss_bcs1: 1.432e-03,Loss_bc2s: 9.739e-04, loss_ics_u: 4.920e-04, Loss_ut_ics: 8.969e-04,, Time: 34.03
adaptive_constant_res_val: 3.437e-02
adaptive_constant_ics_val: 5.321e-02
adaptive_constant_bcs_val: 2.094e+00
It: 34000, Loss: 5.107e-03, Loss_res: 1.417e-02,  Loss_bcs1: 8.368e-04,Loss_bc2s: 8.531e-04, loss_ics_u: 5.001e-04, Loss_ut_ics: 6.452e-04,, Time: 35.46
adaptive_constant_res_val: 5.980e-02
adaptive_constant_ics_val: 2.663e-02
adaptive_constant_bcs_val: 1.087e+00
It: 35000, Loss: 3.386e-03, Loss_res: 1.171e-02,  Loss_bcs1: 1.031e-03,Loss_bc2s: 8.305e-04, loss_ics_u: 5.826e-04, Loss_ut_ics: 1.087e-03,, Time: 36.07
adaptive_constant_res_val: 2.647e-02
adaptive_constant_ics_val: 2.769e-02
adaptive_constant_bcs_val: 1.368e+00
It: 36000, Loss: 3.973e-03, Loss_res: 1.043e-02,  Loss_bcs1: 1.222e-03,Loss_bc2s: 9.967e-04, loss_ics_u: 4.714e-04, Loss_ut_ics: 6.237e-04,, Time: 33.75
adaptive_constant_res_val: 3.761e-02
adaptive_constant_ics_val: 5.688e-02
adaptive_constant_bcs_val: 3.433e-01
It: 37000, Loss: 1.067e-03, Loss_res: 8.186e-03,  Loss_bcs1: 8.647e-04,Loss_bc2s: 9.010e-04, loss_ics_u: 3.694e-04, Loss_ut_ics: 4.637e-04,, Time: 34.96
adaptive_constant_res_val: 2.566e-02
adaptive_constant_ics_val: 4.088e-02
adaptive_constant_bcs_val: 2.609e+00
It: 38000, Loss: 5.938e-03, Loss_res: 1.110e-02,  Loss_bcs1: 9.053e-04,Loss_bc2s: 9.100e-04, loss_ics_u: 3.376e-04, Loss_ut_ics: 8.773e-04,, Time: 34.25
adaptive_constant_res_val: 5.110e-02
adaptive_constant_ics_val: 2.154e-02
adaptive_constant_bcs_val: 2.656e+00
It: 39000, Loss: 5.422e-03, Loss_res: 9.708e-03,  Loss_bcs1: 8.455e-04,Loss_bc2s: 6.900e-04, loss_ics_u: 3.100e-04, Loss_ut_ics: 1.159e-03,, Time: 36.49
adaptive_constant_res_val: 1.199e-01
adaptive_constant_ics_val: 4.709e-02
adaptive_constant_bcs_val: 2.085e+00
Gradients information stored ...
Save uv NN parameters successfully in %s ...checkpoints/Dec-09-2023_22-06-52-502773_M2
Final loss total loss: 4.797501e-03
Final loss loss_res: 1.117371e-02
Final loss loss_bc1: 6.432424e-04
Final loss loss_bc2: 6.911638e-04
Final loss loss_ics_u: 3.020783e-04
