Gradients information stored ...
It: 100| Loss: 8.080e-01|  loss_bc1: 4.455e-02|  loss_bc2: 2.567e-02| loss_ics_u: 3.331e-01|   Loss_res: 1.305e-03 , Time: 0.03
Gradients information stored ...
It: 200| Loss: 6.502e-01|  loss_bc1: 6.988e-02|  loss_bc2: 3.491e-02| loss_ics_u: 2.152e-01|   Loss_res: 1.026e-02 , Time: 0.03
It: 300| Loss: 6.144e-01|  loss_bc1: 3.480e-02|  loss_bc2: 2.414e-02| loss_ics_u: 2.344e-01|   Loss_res: 2.771e-02 , Time: 0.03
It: 400| Loss: 4.759e-01|  loss_bc1: 3.211e-02|  loss_bc2: 1.213e-02| loss_ics_u: 1.837e-01|   Loss_res: 1.995e-02 , Time: 0.04
It: 500| Loss: 4.804e-01|  loss_bc1: 4.828e-02|  loss_bc2: 1.148e-02| loss_ics_u: 1.731e-01|   Loss_res: 1.473e-02 , Time: 0.03
It: 600| Loss: 5.000e-01|  loss_bc1: 3.666e-02|  loss_bc2: 1.165e-02| loss_ics_u: 1.830e-01|   Loss_res: 3.738e-02 , Time: 0.04
It: 700| Loss: 4.123e-01|  loss_bc1: 3.605e-02|  loss_bc2: 5.519e-03| loss_ics_u: 1.351e-01|   Loss_res: 5.900e-02 , Time: 0.04
It: 800| Loss: 4.328e-01|  loss_bc1: 3.471e-02|  loss_bc2: 1.104e-02| loss_ics_u: 1.657e-01|   Loss_res: 9.780e-03 , Time: 0.03
It: 900| Loss: 3.665e-01|  loss_bc1: 3.006e-02|  loss_bc2: 1.194e-02| loss_ics_u: 1.238e-01|   Loss_res: 3.498e-02 , Time: 0.03
It: 1000| Loss: 3.912e-01|  loss_bc1: 2.638e-02|  loss_bc2: 1.164e-02| loss_ics_u: 1.407e-01|   Loss_res: 3.367e-02 , Time: 0.04
lambda_balance loss_bc1: 3.1091e-01
lambda_balance loss_bc2: 3.0466e-01
lambda_balance loss_ics_u: 3.8443e-01
updating  lamda for loss loss_bc1:   [32.39252739]
updating  lamda for loss loss_bc2:   [73.74386292]
updating  lamda for loss loss_ics_u:   [13.80403976]
Gradients information stored ...
It: 1100| Loss: 6.328e+00|  loss_bc1: 1.919e-02|  loss_bc2: 3.413e-03| loss_ics_u: 3.905e-01|   Loss_res: 6.428e-02 , Time: 0.04
It: 1200| Loss: 5.948e+00|  loss_bc1: 2.253e-02|  loss_bc2: 3.513e-03| loss_ics_u: 3.522e-01|   Loss_res: 9.764e-02 , Time: 0.03
It: 1300| Loss: 4.949e+00|  loss_bc1: 2.424e-02|  loss_bc2: 2.792e-03| loss_ics_u: 2.801e-01|   Loss_res: 9.061e-02 , Time: 0.03
It: 1400| Loss: 5.952e+00|  loss_bc1: 2.612e-02|  loss_bc2: 4.623e-03| loss_ics_u: 3.370e-01|   Loss_res: 1.125e-01 , Time: 0.03
It: 1500| Loss: 4.622e+00|  loss_bc1: 1.782e-02|  loss_bc2: 2.877e-03| loss_ics_u: 2.696e-01|   Loss_res: 1.109e-01 , Time: 0.04
It: 1600| Loss: 4.315e+00|  loss_bc1: 1.818e-02|  loss_bc2: 2.949e-03| loss_ics_u: 2.456e-01|   Loss_res: 1.181e-01 , Time: 0.03
It: 1700| Loss: 3.993e+00|  loss_bc1: 2.121e-02|  loss_bc2: 5.869e-03| loss_ics_u: 2.000e-01|   Loss_res: 1.122e-01 , Time: 0.03
It: 1800| Loss: 4.220e+00|  loss_bc1: 1.502e-02|  loss_bc2: 2.543e-03| loss_ics_u: 2.479e-01|   Loss_res: 1.241e-01 , Time: 0.03
It: 1900| Loss: 4.429e+00|  loss_bc1: 1.985e-02|  loss_bc2: 3.815e-03| loss_ics_u: 2.447e-01|   Loss_res: 1.271e-01 , Time: 0.03
It: 2000| Loss: 3.729e+00|  loss_bc1: 2.521e-02|  loss_bc2: 4.293e-03| loss_ics_u: 1.810e-01|   Loss_res: 9.740e-02 , Time: 0.04
lambda_balance loss_bc1: 3.0315e-01
lambda_balance loss_bc2: 2.9719e-01
lambda_balance loss_ics_u: 3.9966e-01
updating  lamda for loss loss_bc1:   [39.96358978]
updating  lamda for loss loss_bc2:   [96.88097603]
updating  lamda for loss loss_ics_u:   [17.03034861]
It: 2100| Loss: 4.263e+00|  loss_bc1: 1.953e-02|  loss_bc2: 3.524e-03| loss_ics_u: 1.771e-01|   Loss_res: 1.246e-01 , Time: 0.03
It: 2200| Loss: 4.198e+00|  loss_bc1: 1.808e-02|  loss_bc2: 5.150e-03| loss_ics_u: 1.658e-01|   Loss_res: 1.529e-01 , Time: 0.03
It: 2300| Loss: 4.400e+00|  loss_bc1: 2.955e-02|  loss_bc2: 4.785e-03| loss_ics_u: 1.535e-01|   Loss_res: 1.417e-01 , Time: 0.03
It: 2400| Loss: 3.917e+00|  loss_bc1: 2.113e-02|  loss_bc2: 5.204e-03| loss_ics_u: 1.428e-01|   Loss_res: 1.369e-01 , Time: 0.03
It: 2500| Loss: 3.676e+00|  loss_bc1: 2.718e-02|  loss_bc2: 3.621e-03| loss_ics_u: 1.243e-01|   Loss_res: 1.216e-01 , Time: 0.03
It: 2600| Loss: 3.855e+00|  loss_bc1: 1.999e-02|  loss_bc2: 4.663e-03| loss_ics_u: 1.444e-01|   Loss_res: 1.452e-01 , Time: 0.04
It: 2700| Loss: 3.671e+00|  loss_bc1: 1.920e-02|  loss_bc2: 3.184e-03| loss_ics_u: 1.471e-01|   Loss_res: 9.027e-02 , Time: 0.03
It: 2800| Loss: 3.426e+00|  loss_bc1: 2.027e-02|  loss_bc2: 3.690e-03| loss_ics_u: 1.267e-01|   Loss_res: 1.012e-01 , Time: 0.03
It: 2900| Loss: 3.815e+00|  loss_bc1: 1.869e-02|  loss_bc2: 3.626e-03| loss_ics_u: 1.531e-01|   Loss_res: 1.099e-01 , Time: 0.04
It: 3000| Loss: 3.541e+00|  loss_bc1: 1.964e-02|  loss_bc2: 4.884e-03| loss_ics_u: 1.275e-01|   Loss_res: 1.116e-01 , Time: 0.03
lambda_balance loss_bc1: 3.0911e-01
lambda_balance loss_bc2: 3.0334e-01
lambda_balance loss_ics_u: 3.8756e-01
updating  lamda for loss loss_bc1:   [48.45503808]
updating  lamda for loss loss_bc2:   [123.51745576]
updating  lamda for loss loss_ics_u:   [18.14915713]
It: 3100| Loss: 4.346e+00|  loss_bc1: 1.418e-02|  loss_bc2: 2.423e-03| loss_ics_u: 1.761e-01|   Loss_res: 1.633e-01 , Time: 0.04
It: 3200| Loss: 3.537e+00|  loss_bc1: 1.305e-02|  loss_bc2: 1.876e-03| loss_ics_u: 1.371e-01|   Loss_res: 1.843e-01 , Time: 0.04
It: 3300| Loss: 3.659e+00|  loss_bc1: 1.098e-02|  loss_bc2: 2.412e-03| loss_ics_u: 1.492e-01|   Loss_res: 1.224e-01 , Time: 0.03
It: 3400| Loss: 3.364e+00|  loss_bc1: 8.881e-03|  loss_bc2: 1.207e-03| loss_ics_u: 1.464e-01|   Loss_res: 1.266e-01 , Time: 0.03
It: 3500| Loss: 3.386e+00|  loss_bc1: 7.094e-03|  loss_bc2: 2.649e-03| loss_ics_u: 1.429e-01|   Loss_res: 1.205e-01 , Time: 0.03
It: 3600| Loss: 2.820e+00|  loss_bc1: 5.807e-03|  loss_bc2: 1.042e-03| loss_ics_u: 1.278e-01|   Loss_res: 9.057e-02 , Time: 0.03
It: 3700| Loss: 3.036e+00|  loss_bc1: 7.700e-03|  loss_bc2: 2.337e-03| loss_ics_u: 1.262e-01|   Loss_res: 8.426e-02 , Time: 0.04
It: 3800| Loss: 3.164e+00|  loss_bc1: 8.275e-03|  loss_bc2: 3.646e-03| loss_ics_u: 1.169e-01|   Loss_res: 1.909e-01 , Time: 0.04
It: 3900| Loss: 2.601e+00|  loss_bc1: 5.059e-03|  loss_bc2: 1.078e-03| loss_ics_u: 1.172e-01|   Loss_res: 9.578e-02 , Time: 0.03
It: 4000| Loss: 1.921e+00|  loss_bc1: 3.330e-03|  loss_bc2: 8.303e-04| loss_ics_u: 8.782e-02|   Loss_res: 6.278e-02 , Time: 0.04
lambda_balance loss_bc1: 3.1214e-01
lambda_balance loss_bc2: 3.0712e-01
lambda_balance loss_ics_u: 3.8074e-01
updating  lamda for loss loss_bc1:   [89.83520795]
updating  lamda for loss loss_bc2:   [230.68501255]
updating  lamda for loss loss_ics_u:   [32.04756596]
It: 4100| Loss: 7.006e+00|  loss_bc1: 1.611e-02|  loss_bc2: 1.543e-03| loss_ics_u: 1.515e-01|   Loss_res: 3.457e-01 , Time: 0.04
It: 4200| Loss: 6.436e+00|  loss_bc1: 1.328e-02|  loss_bc2: 9.992e-04| loss_ics_u: 1.493e-01|   Loss_res: 2.287e-01 , Time: 0.03
It: 4300| Loss: 6.425e+00|  loss_bc1: 1.765e-02|  loss_bc2: 3.061e-03| loss_ics_u: 1.224e-01|   Loss_res: 2.093e-01 , Time: 0.04
It: 4400| Loss: 5.648e+00|  loss_bc1: 9.199e-03|  loss_bc2: 1.285e-03| loss_ics_u: 1.348e-01|   Loss_res: 2.053e-01 , Time: 0.03
It: 4500| Loss: 4.842e+00|  loss_bc1: 6.407e-03|  loss_bc2: 8.515e-04| loss_ics_u: 1.221e-01|   Loss_res: 1.578e-01 , Time: 0.03
It: 4600| Loss: 4.309e+00|  loss_bc1: 4.400e-03|  loss_bc2: 1.139e-03| loss_ics_u: 1.082e-01|   Loss_res: 1.845e-01 , Time: 0.03
It: 4700| Loss: 4.991e+00|  loss_bc1: 6.743e-03|  loss_bc2: 1.166e-03| loss_ics_u: 1.246e-01|   Loss_res: 1.242e-01 , Time: 0.03
It: 4800| Loss: 4.200e+00|  loss_bc1: 2.966e-03|  loss_bc2: 8.291e-04| loss_ics_u: 1.142e-01|   Loss_res: 8.168e-02 , Time: 0.03
It: 4900| Loss: 4.768e+00|  loss_bc1: 7.282e-03|  loss_bc2: 9.682e-04| loss_ics_u: 1.192e-01|   Loss_res: 7.154e-02 , Time: 0.03
It: 5000| Loss: 4.688e+00|  loss_bc1: 1.878e-03|  loss_bc2: 1.267e-03| loss_ics_u: 1.287e-01|   Loss_res: 1.034e-01 , Time: 0.03
lambda_balance loss_bc1: 3.1334e-01
lambda_balance loss_bc2: 3.0883e-01
lambda_balance loss_ics_u: 3.7783e-01
updating  lamda for loss loss_bc1:   [176.0106227]
updating  lamda for loss loss_bc2:   [365.6356153]
updating  lamda for loss loss_ics_u:   [69.39269416]
It: 5100| Loss: 8.391e+00|  loss_bc1: 2.101e-03|  loss_bc2: 7.508e-04| loss_ics_u: 1.092e-01|   Loss_res: 1.687e-01 , Time: 0.03
It: 5200| Loss: 8.124e+00|  loss_bc1: 2.120e-03|  loss_bc2: 1.001e-03| loss_ics_u: 1.043e-01|   Loss_res: 1.482e-01 , Time: 0.03
It: 5300| Loss: 8.549e+00|  loss_bc1: 1.489e-03|  loss_bc2: 6.386e-04| loss_ics_u: 1.140e-01|   Loss_res: 1.441e-01 , Time: 0.03
It: 5400| Loss: 8.815e+00|  loss_bc1: 1.309e-03|  loss_bc2: 6.695e-04| loss_ics_u: 1.189e-01|   Loss_res: 9.014e-02 , Time: 0.03
It: 5500| Loss: 9.333e+00|  loss_bc1: 1.775e-03|  loss_bc2: 1.502e-03| loss_ics_u: 1.201e-01|   Loss_res: 1.404e-01 , Time: 0.03
It: 5600| Loss: 8.209e+00|  loss_bc1: 3.139e-03|  loss_bc2: 1.120e-03| loss_ics_u: 1.022e-01|   Loss_res: 1.550e-01 , Time: 0.03
It: 5700| Loss: 9.513e+00|  loss_bc1: 2.555e-03|  loss_bc2: 1.446e-03| loss_ics_u: 1.210e-01|   Loss_res: 1.383e-01 , Time: 0.03
It: 5800| Loss: 8.110e+00|  loss_bc1: 2.450e-03|  loss_bc2: 3.580e-04| loss_ics_u: 1.072e-01|   Loss_res: 1.124e-01 , Time: 0.03
It: 5900| Loss: 7.785e+00|  loss_bc1: 9.139e-04|  loss_bc2: 8.269e-04| loss_ics_u: 1.042e-01|   Loss_res: 8.898e-02 , Time: 0.03
It: 6000| Loss: 8.801e+00|  loss_bc1: 1.759e-03|  loss_bc2: 1.057e-03| loss_ics_u: 1.146e-01|   Loss_res: 1.525e-01 , Time: 0.03
lambda_balance loss_bc1: 3.1458e-01
lambda_balance loss_bc2: 3.1074e-01
lambda_balance loss_ics_u: 3.7469e-01
updating  lamda for loss loss_bc1:   [209.65046238]
updating  lamda for loss loss_bc2:   [390.53587899]
updating  lamda for loss loss_ics_u:   [73.70832568]
It: 6100| Loss: 1.079e+01|  loss_bc1: 2.400e-03|  loss_bc2: 8.692e-04| loss_ics_u: 1.337e-01|   Loss_res: 8.912e-02 , Time: 0.03
It: 6200| Loss: 8.127e+00|  loss_bc1: 1.262e-03|  loss_bc2: 6.714e-04| loss_ics_u: 1.021e-01|   Loss_res: 7.405e-02 , Time: 0.03
It: 6300| Loss: 8.425e+00|  loss_bc1: 6.917e-04|  loss_bc2: 9.989e-04| loss_ics_u: 1.053e-01|   Loss_res: 1.315e-01 , Time: 0.04
It: 6400| Loss: 8.661e+00|  loss_bc1: 4.832e-03|  loss_bc2: 8.541e-04| loss_ics_u: 9.792e-02|   Loss_res: 9.687e-02 , Time: 0.03
It: 6500| Loss: 8.723e+00|  loss_bc1: 1.188e-03|  loss_bc2: 5.562e-04| loss_ics_u: 1.110e-01|   Loss_res: 7.388e-02 , Time: 0.03
It: 6600| Loss: 8.043e+00|  loss_bc1: 9.137e-04|  loss_bc2: 4.026e-04| loss_ics_u: 1.035e-01|   Loss_res: 6.447e-02 , Time: 0.04
It: 6700| Loss: 7.635e+00|  loss_bc1: 7.944e-04|  loss_bc2: 4.727e-04| loss_ics_u: 9.752e-02|   Loss_res: 9.499e-02 , Time: 0.03
It: 6800| Loss: 7.875e+00|  loss_bc1: 2.001e-03|  loss_bc2: 5.160e-04| loss_ics_u: 9.739e-02|   Loss_res: 7.517e-02 , Time: 0.03
It: 6900| Loss: 8.544e+00|  loss_bc1: 1.542e-03|  loss_bc2: 1.483e-03| loss_ics_u: 1.023e-01|   Loss_res: 1.011e-01 , Time: 0.04
It: 7000| Loss: 8.160e+00|  loss_bc1: 1.386e-03|  loss_bc2: 1.027e-03| loss_ics_u: 1.000e-01|   Loss_res: 9.601e-02 , Time: 0.03
lambda_balance loss_bc1: 3.1558e-01
lambda_balance loss_bc2: 3.1225e-01
lambda_balance loss_ics_u: 3.7217e-01
updating  lamda for loss loss_bc1:   [282.77312366]
updating  lamda for loss loss_bc2:   [451.19904982]
updating  lamda for loss loss_ics_u:   [99.9309799]
It: 7100| Loss: 1.154e+01|  loss_bc1: 1.619e-03|  loss_bc2: 8.003e-04| loss_ics_u: 1.041e-01|   Loss_res: 3.125e-01 , Time: 0.03
It: 7200| Loss: 1.336e+01|  loss_bc1: 1.668e-03|  loss_bc2: 7.090e-04| loss_ics_u: 1.243e-01|   Loss_res: 1.517e-01 , Time: 0.03
It: 7300| Loss: 1.162e+01|  loss_bc1: 8.120e-04|  loss_bc2: 1.545e-03| loss_ics_u: 1.059e-01|   Loss_res: 1.129e-01 , Time: 0.03
It: 7400| Loss: 1.119e+01|  loss_bc1: 1.203e-03|  loss_bc2: 5.041e-04| loss_ics_u: 1.049e-01|   Loss_res: 1.352e-01 , Time: 0.03
It: 7500| Loss: 1.095e+01|  loss_bc1: 8.689e-04|  loss_bc2: 1.585e-03| loss_ics_u: 9.866e-02|   Loss_res: 1.288e-01 , Time: 0.05
It: 7600| Loss: 1.030e+01|  loss_bc1: 9.166e-04|  loss_bc2: 2.040e-03| loss_ics_u: 8.899e-02|   Loss_res: 2.319e-01 , Time: 0.03
It: 7700| Loss: 1.159e+01|  loss_bc1: 1.022e-03|  loss_bc2: 4.462e-04| loss_ics_u: 1.091e-01|   Loss_res: 2.009e-01 , Time: 0.03
It: 7800| Loss: 1.045e+01|  loss_bc1: 7.088e-04|  loss_bc2: 1.129e-03| loss_ics_u: 9.394e-02|   Loss_res: 3.509e-01 , Time: 0.03
It: 7900| Loss: 1.091e+01|  loss_bc1: 1.731e-03|  loss_bc2: 1.268e-03| loss_ics_u: 9.645e-02|   Loss_res: 2.124e-01 , Time: 0.03
It: 8000| Loss: 1.171e+01|  loss_bc1: 1.406e-03|  loss_bc2: 9.535e-04| loss_ics_u: 1.076e-01|   Loss_res: 1.272e-01 , Time: 0.03
lambda_balance loss_bc1: 3.1641e-01
lambda_balance loss_bc2: 3.1346e-01
lambda_balance loss_ics_u: 3.7013e-01
updating  lamda for loss loss_bc1:   [658.79097731]
updating  lamda for loss loss_bc2:   [937.82261408]
updating  lamda for loss loss_ics_u:   [193.35485121]
It: 8100| Loss: 1.912e+01|  loss_bc1: 1.069e-03|  loss_bc2: 6.877e-04| loss_ics_u: 9.039e-02|   Loss_res: 2.949e-01 , Time: 0.04
It: 8200| Loss: 1.955e+01|  loss_bc1: 1.043e-03|  loss_bc2: 4.297e-04| loss_ics_u: 9.285e-02|   Loss_res: 5.021e-01 , Time: 0.04
It: 8300| Loss: 1.881e+01|  loss_bc1: 1.320e-03|  loss_bc2: 6.557e-04| loss_ics_u: 8.644e-02|   Loss_res: 6.129e-01 , Time: 0.03
It: 8400| Loss: 2.011e+01|  loss_bc1: 1.297e-03|  loss_bc2: 2.935e-04| loss_ics_u: 9.695e-02|   Loss_res: 2.400e-01 , Time: 0.04
It: 8500| Loss: 2.035e+01|  loss_bc1: 7.846e-04|  loss_bc2: 1.682e-03| loss_ics_u: 9.262e-02|   Loss_res: 3.461e-01 , Time: 0.03
It: 8600| Loss: 2.162e+01|  loss_bc1: 1.553e-03|  loss_bc2: 6.396e-04| loss_ics_u: 1.022e-01|   Loss_res: 2.299e-01 , Time: 0.04
It: 8700| Loss: 1.969e+01|  loss_bc1: 2.862e-03|  loss_bc2: 6.502e-04| loss_ics_u: 8.681e-02|   Loss_res: 4.071e-01 , Time: 0.04
It: 8800| Loss: 1.686e+01|  loss_bc1: 1.022e-03|  loss_bc2: 6.895e-04| loss_ics_u: 7.872e-02|   Loss_res: 3.180e-01 , Time: 0.03
It: 8900| Loss: 1.773e+01|  loss_bc1: 9.240e-04|  loss_bc2: 5.191e-04| loss_ics_u: 8.439e-02|   Loss_res: 3.156e-01 , Time: 0.03
It: 9000| Loss: 1.847e+01|  loss_bc1: 9.737e-04|  loss_bc2: 5.362e-04| loss_ics_u: 8.845e-02|   Loss_res: 2.226e-01 , Time: 0.04
lambda_balance loss_bc1: 3.1709e-01
lambda_balance loss_bc2: 3.1444e-01
lambda_balance loss_ics_u: 3.6847e-01
updating  lamda for loss loss_bc1:   [714.52505402]
updating  lamda for loss loss_bc2:   [975.10710987]
updating  lamda for loss loss_ics_u:   [214.20432168]
It: 9100| Loss: 2.141e+01|  loss_bc1: 1.312e-03|  loss_bc2: 6.182e-04| loss_ics_u: 9.068e-02|   Loss_res: 4.493e-01 , Time: 0.05
It: 9200| Loss: 2.554e+01|  loss_bc1: 2.023e-03|  loss_bc2: 5.489e-04| loss_ics_u: 1.079e-01|   Loss_res: 4.474e-01 , Time: 0.03
It: 9300| Loss: 2.091e+01|  loss_bc1: 1.544e-03|  loss_bc2: 1.119e-03| loss_ics_u: 8.517e-02|   Loss_res: 4.739e-01 , Time: 0.04
It: 9400| Loss: 1.961e+01|  loss_bc1: 1.449e-03|  loss_bc2: 6.306e-04| loss_ics_u: 8.232e-02|   Loss_res: 3.315e-01 , Time: 0.05
It: 9500| Loss: 1.870e+01|  loss_bc1: 1.408e-03|  loss_bc2: 1.063e-03| loss_ics_u: 7.599e-02|   Loss_res: 3.789e-01 , Time: 0.03
It: 9600| Loss: 1.946e+01|  loss_bc1: 1.648e-03|  loss_bc2: 4.544e-04| loss_ics_u: 8.099e-02|   Loss_res: 4.890e-01 , Time: 0.04
It: 9700| Loss: 1.960e+01|  loss_bc1: 1.685e-03|  loss_bc2: 8.414e-04| loss_ics_u: 7.987e-02|   Loss_res: 4.651e-01 , Time: 0.03
It: 9800| Loss: 1.887e+01|  loss_bc1: 3.081e-03|  loss_bc2: 3.044e-04| loss_ics_u: 7.430e-02|   Loss_res: 4.552e-01 , Time: 0.03
It: 9900| Loss: 2.604e+01|  loss_bc1: 2.827e-03|  loss_bc2: 9.515e-04| loss_ics_u: 1.039e-01|   Loss_res: 8.368e-01 , Time: 0.03
It: 10000| Loss: 1.692e+01|  loss_bc1: 1.452e-03|  loss_bc2: 6.214e-04| loss_ics_u: 6.943e-02|   Loss_res: 4.038e-01 , Time: 0.03
lambda_balance loss_bc1: 3.1783e-01
lambda_balance loss_bc2: 3.1541e-01
lambda_balance loss_ics_u: 3.6676e-01
updating  lamda for loss loss_bc1:   [879.29862283]
updating  lamda for loss loss_bc2:   [1102.95421749]
updating  lamda for loss loss_ics_u:   [217.66074155]
It: 10100| Loss: 1.734e+01|  loss_bc1: 1.560e-03|  loss_bc2: 7.596e-04| loss_ics_u: 6.727e-02|   Loss_res: 4.870e-01 , Time: 0.03
It: 10200| Loss: 1.955e+01|  loss_bc1: 1.470e-03|  loss_bc2: 3.120e-04| loss_ics_u: 7.996e-02|   Loss_res: 5.122e-01 , Time: 0.04
It: 10300| Loss: 1.738e+01|  loss_bc1: 1.457e-03|  loss_bc2: 7.387e-04| loss_ics_u: 6.776e-02|   Loss_res: 5.397e-01 , Time: 0.03
It: 10400| Loss: 1.709e+01|  loss_bc1: 1.701e-03|  loss_bc2: 6.853e-04| loss_ics_u: 6.573e-02|   Loss_res: 5.368e-01 , Time: 0.04
It: 10500| Loss: 1.818e+01|  loss_bc1: 2.934e-03|  loss_bc2: 4.590e-04| loss_ics_u: 6.573e-02|   Loss_res: 7.870e-01 , Time: 0.03
It: 10600| Loss: 1.688e+01|  loss_bc1: 1.753e-03|  loss_bc2: 4.439e-04| loss_ics_u: 6.484e-02|   Loss_res: 7.344e-01 , Time: 0.04
It: 10700| Loss: 1.679e+01|  loss_bc1: 1.349e-03|  loss_bc2: 5.311e-04| loss_ics_u: 6.602e-02|   Loss_res: 6.458e-01 , Time: 0.04
It: 10800| Loss: 1.897e+01|  loss_bc1: 1.150e-03|  loss_bc2: 1.025e-03| loss_ics_u: 7.306e-02|   Loss_res: 9.244e-01 , Time: 0.04
It: 10900| Loss: 1.676e+01|  loss_bc1: 1.884e-03|  loss_bc2: 5.464e-04| loss_ics_u: 6.323e-02|   Loss_res: 7.345e-01 , Time: 0.04
It: 11000| Loss: 1.445e+01|  loss_bc1: 1.663e-03|  loss_bc2: 3.788e-04| loss_ics_u: 5.530e-02|   Loss_res: 5.374e-01 , Time: 0.05
lambda_balance loss_bc1: 3.1857e-01
lambda_balance loss_bc2: 3.1633e-01
lambda_balance loss_ics_u: 3.6510e-01
updating  lamda for loss loss_bc1:   [1065.88911577]
updating  lamda for loss loss_bc2:   [2348.94651547]
updating  lamda for loss loss_ics_u:   [218.79279018]
It: 11100| Loss: 1.402e+01|  loss_bc1: 1.390e-03|  loss_bc2: 3.844e-04| loss_ics_u: 5.060e-02|   Loss_res: 5.609e-01 , Time: 0.03
It: 11200| Loss: 1.680e+01|  loss_bc1: 1.353e-03|  loss_bc2: 4.603e-04| loss_ics_u: 6.274e-02|   Loss_res: 5.456e-01 , Time: 0.03
It: 11300| Loss: 1.857e+01|  loss_bc1: 1.412e-03|  loss_bc2: 9.119e-04| loss_ics_u: 6.503e-02|   Loss_res: 6.982e-01 , Time: 0.03
It: 11400| Loss: 1.354e+01|  loss_bc1: 9.884e-04|  loss_bc2: 3.747e-04| loss_ics_u: 5.029e-02|   Loss_res: 6.061e-01 , Time: 0.04
It: 11500| Loss: 1.377e+01|  loss_bc1: 1.115e-03|  loss_bc2: 2.782e-04| loss_ics_u: 5.135e-02|   Loss_res: 6.919e-01 , Time: 0.04
It: 11600| Loss: 1.380e+01|  loss_bc1: 1.531e-03|  loss_bc2: 3.387e-04| loss_ics_u: 4.891e-02|   Loss_res: 6.664e-01 , Time: 0.03
It: 11700| Loss: 1.274e+01|  loss_bc1: 1.261e-03|  loss_bc2: 3.337e-04| loss_ics_u: 4.388e-02|   Loss_res: 1.008e+00 , Time: 0.04
It: 11800| Loss: 1.653e+01|  loss_bc1: 1.054e-03|  loss_bc2: 6.613e-04| loss_ics_u: 5.876e-02|   Loss_res: 1.002e+00 , Time: 0.03
It: 11900| Loss: 1.367e+01|  loss_bc1: 1.190e-03|  loss_bc2: 2.703e-04| loss_ics_u: 5.064e-02|   Loss_res: 6.829e-01 , Time: 0.04
It: 12000| Loss: 1.354e+01|  loss_bc1: 1.250e-03|  loss_bc2: 2.775e-04| loss_ics_u: 4.953e-02|   Loss_res: 7.135e-01 , Time: 0.04
lambda_balance loss_bc1: 3.1932e-01
lambda_balance loss_bc2: 3.1724e-01
lambda_balance loss_ics_u: 3.6344e-01
updating  lamda for loss loss_bc1:   [1835.7222623]
updating  lamda for loss loss_bc2:   [3214.93333365]
updating  lamda for loss loss_ics_u:   [217.5795554]
It: 12100| Loss: 1.307e+01|  loss_bc1: 8.257e-04|  loss_bc2: 2.221e-04| loss_ics_u: 4.553e-02|   Loss_res: 9.319e-01 , Time: 0.04
It: 12200| Loss: 1.339e+01|  loss_bc1: 7.536e-04|  loss_bc2: 3.504e-04| loss_ics_u: 4.506e-02|   Loss_res: 1.076e+00 , Time: 0.03
It: 12300| Loss: 1.385e+01|  loss_bc1: 6.931e-04|  loss_bc2: 2.515e-04| loss_ics_u: 4.967e-02|   Loss_res: 9.592e-01 , Time: 0.03
It: 12400| Loss: 1.192e+01|  loss_bc1: 7.313e-04|  loss_bc2: 2.528e-04| loss_ics_u: 4.133e-02|   Loss_res: 7.777e-01 , Time: 0.03
It: 12500| Loss: 1.852e+01|  loss_bc1: 1.175e-03|  loss_bc2: 9.166e-04| loss_ics_u: 5.527e-02|   Loss_res: 1.391e+00 , Time: 0.03
It: 12600| Loss: 1.148e+01|  loss_bc1: 7.425e-04|  loss_bc2: 2.308e-04| loss_ics_u: 3.871e-02|   Loss_res: 9.505e-01 , Time: 0.04
It: 12700| Loss: 1.162e+01|  loss_bc1: 8.212e-04|  loss_bc2: 2.777e-04| loss_ics_u: 3.794e-02|   Loss_res: 9.642e-01 , Time: 0.03
It: 12800| Loss: 1.324e+01|  loss_bc1: 6.222e-04|  loss_bc2: 2.750e-04| loss_ics_u: 4.763e-02|   Loss_res: 8.540e-01 , Time: 0.03
It: 12900| Loss: 1.133e+01|  loss_bc1: 4.935e-04|  loss_bc2: 2.313e-04| loss_ics_u: 4.149e-02|   Loss_res: 6.566e-01 , Time: 0.03
It: 13000| Loss: 1.083e+01|  loss_bc1: 5.940e-04|  loss_bc2: 1.788e-04| loss_ics_u: 3.842e-02|   Loss_res: 8.047e-01 , Time: 0.03
lambda_balance loss_bc1: 3.2002e-01
lambda_balance loss_bc2: 3.1809e-01
lambda_balance loss_ics_u: 3.6189e-01
updating  lamda for loss loss_bc1:   [4653.65125677]
updating  lamda for loss loss_bc2:   [17279.10308622]
updating  lamda for loss loss_ics_u:   [402.28203382]
It: 13100| Loss: 2.511e+01|  loss_bc1: 1.673e-04|  loss_bc2: 4.828e-05| loss_ics_u: 5.517e-02|   Loss_res: 1.306e+00 , Time: 0.03
It: 13200| Loss: 2.473e+01|  loss_bc1: 2.351e-04|  loss_bc2: 6.031e-05| loss_ics_u: 5.301e-02|   Loss_res: 1.265e+00 , Time: 0.03
It: 13300| Loss: 2.233e+01|  loss_bc1: 3.015e-04|  loss_bc2: 6.857e-05| loss_ics_u: 4.510e-02|   Loss_res: 1.601e+00 , Time: 0.04
It: 13400| Loss: 2.160e+01|  loss_bc1: 2.966e-04|  loss_bc2: 7.456e-05| loss_ics_u: 4.332e-02|   Loss_res: 1.505e+00 , Time: 0.04
It: 13500| Loss: 2.153e+01|  loss_bc1: 2.834e-04|  loss_bc2: 6.489e-05| loss_ics_u: 4.421e-02|   Loss_res: 1.305e+00 , Time: 0.03
It: 13600| Loss: 2.049e+01|  loss_bc1: 2.218e-04|  loss_bc2: 6.887e-05| loss_ics_u: 4.229e-02|   Loss_res: 1.259e+00 , Time: 0.03
It: 13700| Loss: 1.943e+01|  loss_bc1: 2.941e-04|  loss_bc2: 7.909e-05| loss_ics_u: 3.765e-02|   Loss_res: 1.549e+00 , Time: 0.04
It: 13800| Loss: 1.959e+01|  loss_bc1: 2.325e-04|  loss_bc2: 6.889e-05| loss_ics_u: 3.888e-02|   Loss_res: 1.676e+00 , Time: 0.03
It: 13900| Loss: 2.123e+01|  loss_bc1: 3.453e-04|  loss_bc2: 7.192e-05| loss_ics_u: 4.201e-02|   Loss_res: 1.485e+00 , Time: 0.03
It: 14000| Loss: 2.116e+01|  loss_bc1: 3.028e-04|  loss_bc2: 7.415e-05| loss_ics_u: 4.185e-02|   Loss_res: 1.641e+00 , Time: 0.03
lambda_balance loss_bc1: 3.2056e-01
lambda_balance loss_bc2: 3.1876e-01
lambda_balance loss_ics_u: 3.6068e-01
updating  lamda for loss loss_bc1:   [6417.11987133]
updating  lamda for loss loss_bc2:   [20616.48135182]
updating  lamda for loss loss_ics_u:   [504.60743456]
It: 14100| Loss: 2.706e+01|  loss_bc1: 2.137e-04|  loss_bc2: 5.826e-05| loss_ics_u: 4.367e-02|   Loss_res: 2.456e+00 , Time: 0.04
It: 14200| Loss: 2.586e+01|  loss_bc1: 2.510e-04|  loss_bc2: 5.830e-05| loss_ics_u: 4.199e-02|   Loss_res: 1.860e+00 , Time: 0.04
It: 14300| Loss: 2.717e+01|  loss_bc1: 2.693e-04|  loss_bc2: 1.005e-04| loss_ics_u: 4.030e-02|   Loss_res: 3.033e+00 , Time: 0.03
It: 14400| Loss: 3.016e+01|  loss_bc1: 2.630e-04|  loss_bc2: 8.612e-05| loss_ics_u: 4.771e-02|   Loss_res: 2.618e+00 , Time: 0.04
It: 14500| Loss: 2.316e+01|  loss_bc1: 2.139e-04|  loss_bc2: 9.222e-05| loss_ics_u: 3.389e-02|   Loss_res: 2.782e+00 , Time: 0.03
It: 14600| Loss: 2.574e+01|  loss_bc1: 1.861e-04|  loss_bc2: 6.365e-05| loss_ics_u: 4.133e-02|   Loss_res: 2.373e+00 , Time: 0.04
It: 14700| Loss: 2.677e+01|  loss_bc1: 2.184e-04|  loss_bc2: 1.031e-04| loss_ics_u: 4.139e-02|   Loss_res: 2.360e+00 , Time: 0.03
It: 14800| Loss: 2.404e+01|  loss_bc1: 1.761e-04|  loss_bc2: 1.225e-04| loss_ics_u: 3.639e-02|   Loss_res: 2.024e+00 , Time: 0.04
It: 14900| Loss: 3.365e+01|  loss_bc1: 1.760e-04|  loss_bc2: 8.273e-05| loss_ics_u: 5.575e-02|   Loss_res: 2.679e+00 , Time: 0.03
It: 15000| Loss: 2.533e+01|  loss_bc1: 1.784e-04|  loss_bc2: 8.027e-05| loss_ics_u: 4.022e-02|   Loss_res: 2.232e+00 , Time: 0.03
lambda_balance loss_bc1: 3.2112e-01
lambda_balance loss_bc2: 3.1943e-01
lambda_balance loss_ics_u: 3.5945e-01
updating  lamda for loss loss_bc1:   [10077.37565764]
updating  lamda for loss loss_bc2:   [23436.63643929]
updating  lamda for loss loss_ics_u:   [612.59018781]
It: 15100| Loss: 2.908e+01|  loss_bc1: 1.450e-04|  loss_bc2: 7.286e-05| loss_ics_u: 3.745e-02|   Loss_res: 2.972e+00 , Time: 0.04
It: 15200| Loss: 2.971e+01|  loss_bc1: 2.091e-04|  loss_bc2: 6.441e-05| loss_ics_u: 3.840e-02|   Loss_res: 2.575e+00 , Time: 0.03
It: 15300| Loss: 3.064e+01|  loss_bc1: 2.674e-04|  loss_bc2: 1.150e-04| loss_ics_u: 3.670e-02|   Loss_res: 2.767e+00 , Time: 0.03
It: 15400| Loss: 2.997e+01|  loss_bc1: 2.943e-04|  loss_bc2: 8.379e-05| loss_ics_u: 3.668e-02|   Loss_res: 2.575e+00 , Time: 0.03
It: 15500| Loss: 2.812e+01|  loss_bc1: 1.532e-04|  loss_bc2: 1.174e-04| loss_ics_u: 3.396e-02|   Loss_res: 3.017e+00 , Time: 0.03
It: 15600| Loss: 2.835e+01|  loss_bc1: 2.472e-04|  loss_bc2: 6.410e-05| loss_ics_u: 3.462e-02|   Loss_res: 3.149e+00 , Time: 0.03
It: 15700| Loss: 2.821e+01|  loss_bc1: 1.500e-04|  loss_bc2: 7.721e-05| loss_ics_u: 3.535e-02|   Loss_res: 3.239e+00 , Time: 0.03
It: 15800| Loss: 2.511e+01|  loss_bc1: 1.267e-04|  loss_bc2: 6.629e-05| loss_ics_u: 3.208e-02|   Loss_res: 2.626e+00 , Time: 0.04
It: 15900| Loss: 2.480e+01|  loss_bc1: 1.151e-04|  loss_bc2: 6.170e-05| loss_ics_u: 3.160e-02|   Loss_res: 2.837e+00 , Time: 0.03
It: 16000| Loss: 3.369e+01|  loss_bc1: 1.939e-04|  loss_bc2: 2.357e-04| loss_ics_u: 3.809e-02|   Loss_res: 2.882e+00 , Time: 0.03
lambda_balance loss_bc1: 3.2163e-01
lambda_balance loss_bc2: 3.2005e-01
lambda_balance loss_ics_u: 3.5831e-01
updating  lamda for loss loss_bc1:   [10277.87173445]
updating  lamda for loss loss_bc2:   [22780.87709224]
updating  lamda for loss loss_ics_u:   [570.69602766]
It: 16100| Loss: 2.605e+01|  loss_bc1: 1.232e-04|  loss_bc2: 1.227e-04| loss_ics_u: 3.385e-02|   Loss_res: 2.668e+00 , Time: 0.03
It: 16200| Loss: 2.483e+01|  loss_bc1: 1.413e-04|  loss_bc2: 7.128e-05| loss_ics_u: 3.355e-02|   Loss_res: 2.606e+00 , Time: 0.03
It: 16300| Loss: 2.618e+01|  loss_bc1: 2.079e-04|  loss_bc2: 7.617e-05| loss_ics_u: 3.302e-02|   Loss_res: 3.463e+00 , Time: 0.04
It: 16400| Loss: 2.440e+01|  loss_bc1: 1.226e-04|  loss_bc2: 8.633e-05| loss_ics_u: 3.170e-02|   Loss_res: 3.085e+00 , Time: 0.03
It: 16500| Loss: 2.595e+01|  loss_bc1: 1.816e-04|  loss_bc2: 9.904e-05| loss_ics_u: 3.426e-02|   Loss_res: 2.280e+00 , Time: 0.03
It: 16600| Loss: 2.414e+01|  loss_bc1: 1.564e-04|  loss_bc2: 7.701e-05| loss_ics_u: 3.129e-02|   Loss_res: 2.915e+00 , Time: 0.04
It: 16700| Loss: 2.072e+01|  loss_bc1: 1.547e-04|  loss_bc2: 7.485e-05| loss_ics_u: 2.609e-02|   Loss_res: 2.537e+00 , Time: 0.04
It: 16800| Loss: 2.444e+01|  loss_bc1: 1.461e-04|  loss_bc2: 4.547e-05| loss_ics_u: 3.395e-02|   Loss_res: 2.527e+00 , Time: 0.03
It: 16900| Loss: 2.522e+01|  loss_bc1: 1.888e-04|  loss_bc2: 7.873e-05| loss_ics_u: 3.366e-02|   Loss_res: 2.277e+00 , Time: 0.03
It: 17000| Loss: 2.162e+01|  loss_bc1: 1.051e-04|  loss_bc2: 6.277e-05| loss_ics_u: 2.970e-02|   Loss_res: 2.159e+00 , Time: 0.03
lambda_balance loss_bc1: 3.2212e-01
lambda_balance loss_bc2: 3.2062e-01
lambda_balance loss_ics_u: 3.5726e-01
updating  lamda for loss loss_bc1:   [14988.9649321]
updating  lamda for loss loss_bc2:   [25285.95539864]
updating  lamda for loss loss_ics_u:   [592.66875277]
It: 17100| Loss: 2.221e+01|  loss_bc1: 1.171e-04|  loss_bc2: 5.102e-05| loss_ics_u: 2.631e-02|   Loss_res: 3.571e+00 , Time: 0.03
It: 17200| Loss: 2.610e+01|  loss_bc1: 1.107e-04|  loss_bc2: 7.275e-05| loss_ics_u: 3.317e-02|   Loss_res: 2.938e+00 , Time: 0.03
It: 17300| Loss: 2.338e+01|  loss_bc1: 1.016e-04|  loss_bc2: 9.716e-05| loss_ics_u: 2.790e-02|   Loss_res: 2.863e+00 , Time: 0.04
It: 17400| Loss: 2.204e+01|  loss_bc1: 1.151e-04|  loss_bc2: 5.040e-05| loss_ics_u: 2.784e-02|   Loss_res: 2.541e+00 , Time: 0.04
It: 17500| Loss: 2.105e+01|  loss_bc1: 1.446e-04|  loss_bc2: 3.298e-05| loss_ics_u: 2.488e-02|   Loss_res: 3.302e+00 , Time: 0.04
It: 17600| Loss: 2.506e+01|  loss_bc1: 9.329e-05|  loss_bc2: 7.092e-05| loss_ics_u: 3.245e-02|   Loss_res: 2.637e+00 , Time: 0.03
It: 17700| Loss: 2.455e+01|  loss_bc1: 8.569e-05|  loss_bc2: 5.606e-05| loss_ics_u: 3.246e-02|   Loss_res: 2.605e+00 , Time: 0.03
It: 17800| Loss: 2.165e+01|  loss_bc1: 1.114e-04|  loss_bc2: 4.890e-05| loss_ics_u: 2.642e-02|   Loss_res: 3.081e+00 , Time: 0.04
It: 17900| Loss: 2.202e+01|  loss_bc1: 1.396e-04|  loss_bc2: 5.135e-05| loss_ics_u: 2.837e-02|   Loss_res: 1.816e+00 , Time: 0.03
It: 18000| Loss: 2.140e+01|  loss_bc1: 9.915e-05|  loss_bc2: 5.465e-05| loss_ics_u: 2.670e-02|   Loss_res: 2.712e+00 , Time: 0.04
lambda_balance loss_bc1: 3.2257e-01
lambda_balance loss_bc2: 3.2116e-01
lambda_balance loss_ics_u: 3.5627e-01
updating  lamda for loss loss_bc1:   [15544.38484514]
updating  lamda for loss loss_bc2:   [27789.31640174]
updating  lamda for loss loss_ics_u:   [602.87789831]
It: 18100| Loss: 2.180e+01|  loss_bc1: 9.560e-05|  loss_bc2: 4.003e-05| loss_ics_u: 2.847e-02|   Loss_res: 2.036e+00 , Time: 0.03
It: 18200| Loss: 2.090e+01|  loss_bc1: 1.048e-04|  loss_bc2: 3.690e-05| loss_ics_u: 2.564e-02|   Loss_res: 2.782e+00 , Time: 0.03
It: 18300| Loss: 2.157e+01|  loss_bc1: 8.712e-05|  loss_bc2: 5.558e-05| loss_ics_u: 2.674e-02|   Loss_res: 2.548e+00 , Time: 0.03
It: 18400| Loss: 2.212e+01|  loss_bc1: 1.221e-04|  loss_bc2: 5.671e-05| loss_ics_u: 2.596e-02|   Loss_res: 2.995e+00 , Time: 0.04
It: 18500| Loss: 2.009e+01|  loss_bc1: 9.441e-05|  loss_bc2: 6.162e-05| loss_ics_u: 2.380e-02|   Loss_res: 2.567e+00 , Time: 0.04
It: 18600| Loss: 1.743e+01|  loss_bc1: 1.278e-04|  loss_bc2: 3.514e-05| loss_ics_u: 1.826e-02|   Loss_res: 3.452e+00 , Time: 0.04
It: 18700| Loss: 2.054e+01|  loss_bc1: 1.140e-04|  loss_bc2: 7.274e-05| loss_ics_u: 2.363e-02|   Loss_res: 2.502e+00 , Time: 0.03
It: 18800| Loss: 1.980e+01|  loss_bc1: 1.708e-04|  loss_bc2: 3.189e-05| loss_ics_u: 2.305e-02|   Loss_res: 2.365e+00 , Time: 0.04
It: 18900| Loss: 1.982e+01|  loss_bc1: 8.643e-05|  loss_bc2: 4.533e-05| loss_ics_u: 2.474e-02|   Loss_res: 2.309e+00 , Time: 0.03
It: 19000| Loss: 1.881e+01|  loss_bc1: 9.830e-05|  loss_bc2: 3.154e-05| loss_ics_u: 2.306e-02|   Loss_res: 2.497e+00 , Time: 0.04
lambda_balance loss_bc1: 3.2299e-01
lambda_balance loss_bc2: 3.2165e-01
lambda_balance loss_ics_u: 3.5537e-01
updating  lamda for loss loss_bc1:   [16695.3650618]
updating  lamda for loss loss_bc2:   [28916.96142173]
updating  lamda for loss loss_ics_u:   [622.70043715]
It: 19100| Loss: 4.028e+01|  loss_bc1: 1.532e-04|  loss_bc2: 2.345e-05| loss_ics_u: 5.491e-02|   Loss_res: 2.845e+00 , Time: 0.04
It: 19200| Loss: 2.026e+01|  loss_bc1: 7.394e-05|  loss_bc2: 2.773e-05| loss_ics_u: 2.519e-02|   Loss_res: 2.536e+00 , Time: 0.03
It: 19300| Loss: 1.753e+01|  loss_bc1: 9.431e-05|  loss_bc2: 2.926e-05| loss_ics_u: 2.048e-02|   Loss_res: 2.360e+00 , Time: 0.04
It: 19400| Loss: 2.067e+01|  loss_bc1: 8.494e-05|  loss_bc2: 3.776e-05| loss_ics_u: 2.502e-02|   Loss_res: 2.583e+00 , Time: 0.03
It: 19500| Loss: 1.841e+01|  loss_bc1: 8.422e-05|  loss_bc2: 2.638e-05| loss_ics_u: 2.171e-02|   Loss_res: 2.723e+00 , Time: 0.03
It: 19600| Loss: 1.694e+01|  loss_bc1: 8.009e-05|  loss_bc2: 2.733e-05| loss_ics_u: 1.930e-02|   Loss_res: 2.790e+00 , Time: 0.03
It: 19700| Loss: 1.750e+01|  loss_bc1: 8.421e-05|  loss_bc2: 3.324e-05| loss_ics_u: 2.064e-02|   Loss_res: 2.279e+00 , Time: 0.03
It: 19800| Loss: 1.821e+01|  loss_bc1: 8.533e-05|  loss_bc2: 3.590e-05| loss_ics_u: 2.192e-02|   Loss_res: 2.096e+00 , Time: 0.03
It: 19900| Loss: 1.933e+01|  loss_bc1: 7.808e-05|  loss_bc2: 5.359e-05| loss_ics_u: 2.263e-02|   Loss_res: 2.389e+00 , Time: 0.04
It: 20000| Loss: 1.968e+01|  loss_bc1: 5.916e-05|  loss_bc2: 4.382e-05| loss_ics_u: 2.281e-02|   Loss_res: 3.218e+00 , Time: 0.03
lambda_balance loss_bc1: 3.2338e-01
lambda_balance loss_bc2: 3.2210e-01
lambda_balance loss_ics_u: 3.5452e-01
updating  lamda for loss loss_bc1:   [22969.89886812]
updating  lamda for loss loss_bc2:   [44948.0191858]
updating  lamda for loss loss_ics_u:   [623.82020591]
It: 20100| Loss: 2.027e+01|  loss_bc1: 8.184e-05|  loss_bc2: 1.376e-05| loss_ics_u: 2.454e-02|   Loss_res: 2.468e+00 , Time: 0.03
It: 20200| Loss: 1.751e+01|  loss_bc1: 5.792e-05|  loss_bc2: 2.079e-05| loss_ics_u: 2.045e-02|   Loss_res: 2.481e+00 , Time: 0.04
It: 20300| Loss: 2.051e+01|  loss_bc1: 8.742e-05|  loss_bc2: 1.967e-05| loss_ics_u: 2.383e-02|   Loss_res: 2.754e+00 , Time: 0.03
It: 20400| Loss: 1.811e+01|  loss_bc1: 6.021e-05|  loss_bc2: 1.228e-05| loss_ics_u: 2.184e-02|   Loss_res: 2.554e+00 , Time: 0.04
It: 20500| Loss: 1.802e+01|  loss_bc1: 7.084e-05|  loss_bc2: 2.018e-05| loss_ics_u: 2.071e-02|   Loss_res: 2.566e+00 , Time: 0.03
It: 20600| Loss: 2.698e+01|  loss_bc1: 7.311e-05|  loss_bc2: 1.294e-04| loss_ics_u: 2.698e-02|   Loss_res: 2.656e+00 , Time: 0.04
It: 20700| Loss: 1.720e+01|  loss_bc1: 6.678e-05|  loss_bc2: 2.601e-05| loss_ics_u: 1.968e-02|   Loss_res: 2.220e+00 , Time: 0.10
It: 20800| Loss: 1.641e+01|  loss_bc1: 6.888e-05|  loss_bc2: 9.649e-06| loss_ics_u: 1.869e-02|   Loss_res: 2.739e+00 , Time: 0.03
It: 20900| Loss: 1.856e+01|  loss_bc1: 7.293e-05|  loss_bc2: 4.076e-05| loss_ics_u: 2.062e-02|   Loss_res: 2.188e+00 , Time: 0.04
It: 21000| Loss: 1.800e+01|  loss_bc1: 5.955e-05|  loss_bc2: 1.099e-05| loss_ics_u: 2.145e-02|   Loss_res: 2.758e+00 , Time: 0.04
lambda_balance loss_bc1: 3.2374e-01
lambda_balance loss_bc2: 3.2252e-01
lambda_balance loss_ics_u: 3.5373e-01
updating  lamda for loss loss_bc1:   [26853.07109068]
updating  lamda for loss loss_bc2:   [45434.397443]
updating  lamda for loss loss_ics_u:   [1016.67286549]
It: 21100| Loss: 2.346e+01|  loss_bc1: 5.107e-05|  loss_bc2: 1.264e-05| loss_ics_u: 1.811e-02|   Loss_res: 3.107e+00 , Time: 0.03
It: 21200| Loss: 2.582e+01|  loss_bc1: 4.801e-05|  loss_bc2: 1.712e-05| loss_ics_u: 2.021e-02|   Loss_res: 3.206e+00 , Time: 0.04
It: 21300| Loss: 2.682e+01|  loss_bc1: 6.679e-05|  loss_bc2: 1.094e-05| loss_ics_u: 2.077e-02|   Loss_res: 3.415e+00 , Time: 0.03
It: 21400| Loss: 2.494e+01|  loss_bc1: 5.748e-05|  loss_bc2: 1.428e-05| loss_ics_u: 1.944e-02|   Loss_res: 2.985e+00 , Time: 0.04
It: 21500| Loss: 2.434e+01|  loss_bc1: 6.111e-05|  loss_bc2: 1.434e-05| loss_ics_u: 1.831e-02|   Loss_res: 3.431e+00 , Time: 0.04
It: 21600| Loss: 2.471e+01|  loss_bc1: 4.692e-05|  loss_bc2: 3.072e-05| loss_ics_u: 1.808e-02|   Loss_res: 3.680e+00 , Time: 0.04
It: 21700| Loss: 2.400e+01|  loss_bc1: 5.548e-05|  loss_bc2: 1.213e-05| loss_ics_u: 1.831e-02|   Loss_res: 3.345e+00 , Time: 0.04
It: 21800| Loss: 2.150e+01|  loss_bc1: 5.812e-05|  loss_bc2: 1.167e-05| loss_ics_u: 1.584e-02|   Loss_res: 3.305e+00 , Time: 0.04
It: 21900| Loss: 2.156e+01|  loss_bc1: 8.380e-05|  loss_bc2: 1.337e-05| loss_ics_u: 1.508e-02|   Loss_res: 3.373e+00 , Time: 0.03
It: 22000| Loss: 1.731e+01|  loss_bc1: 6.330e-05|  loss_bc2: 1.191e-05| loss_ics_u: 1.128e-02|   Loss_res: 3.606e+00 , Time: 0.03
lambda_balance loss_bc1: 3.2409e-01
lambda_balance loss_bc2: 3.2293e-01
lambda_balance loss_ics_u: 3.5298e-01
updating  lamda for loss loss_bc1:   [35774.54718474]
updating  lamda for loss loss_bc2:   [53556.15203464]
updating  lamda for loss loss_ics_u:   [1030.64408297]
It: 22100| Loss: 3.647e+01|  loss_bc1: 2.100e-04|  loss_bc2: 4.436e-05| loss_ics_u: 2.274e-02|   Loss_res: 3.142e+00 , Time: 0.03
It: 22200| Loss: 2.427e+01|  loss_bc1: 1.046e-04|  loss_bc2: 2.360e-05| loss_ics_u: 1.524e-02|   Loss_res: 3.554e+00 , Time: 0.04
It: 22300| Loss: 1.979e+01|  loss_bc1: 5.080e-05|  loss_bc2: 1.012e-05| loss_ics_u: 1.329e-02|   Loss_res: 3.731e+00 , Time: 0.05
It: 22400| Loss: 2.404e+01|  loss_bc1: 5.374e-05|  loss_bc2: 1.080e-05| loss_ics_u: 1.742e-02|   Loss_res: 3.584e+00 , Time: 0.03
It: 22500| Loss: 2.062e+01|  loss_bc1: 4.618e-05|  loss_bc2: 1.348e-05| loss_ics_u: 1.413e-02|   Loss_res: 3.677e+00 , Time: 0.05
It: 22600| Loss: 2.389e+01|  loss_bc1: 5.203e-05|  loss_bc2: 1.939e-05| loss_ics_u: 1.650e-02|   Loss_res: 3.988e+00 , Time: 0.04
It: 22700| Loss: 1.808e+01|  loss_bc1: 2.772e-05|  loss_bc2: 6.977e-06| loss_ics_u: 1.320e-02|   Loss_res: 3.110e+00 , Time: 0.05
It: 22800| Loss: 2.096e+01|  loss_bc1: 4.619e-05|  loss_bc2: 1.250e-05| loss_ics_u: 1.493e-02|   Loss_res: 3.249e+00 , Time: 0.03
It: 22900| Loss: 2.113e+01|  loss_bc1: 4.361e-05|  loss_bc2: 7.447e-06| loss_ics_u: 1.531e-02|   Loss_res: 3.390e+00 , Time: 0.04
It: 23000| Loss: 2.072e+01|  loss_bc1: 4.031e-05|  loss_bc2: 1.021e-05| loss_ics_u: 1.499e-02|   Loss_res: 3.282e+00 , Time: 0.04
lambda_balance loss_bc1: 3.2443e-01
lambda_balance loss_bc2: 3.2331e-01
lambda_balance loss_ics_u: 3.5226e-01
updating  lamda for loss loss_bc1:   [37703.94402876]
updating  lamda for loss loss_bc2:   [61030.69308118]
updating  lamda for loss loss_ics_u:   [994.4002542]
It: 23100| Loss: 2.303e+01|  loss_bc1: 4.843e-05|  loss_bc2: 9.412e-06| loss_ics_u: 1.764e-02|   Loss_res: 3.081e+00 , Time: 0.04
It: 23200| Loss: 1.884e+01|  loss_bc1: 4.575e-05|  loss_bc2: 2.673e-05| loss_ics_u: 1.221e-02|   Loss_res: 3.340e+00 , Time: 0.03
It: 23300| Loss: 2.034e+01|  loss_bc1: 3.102e-05|  loss_bc2: 9.441e-06| loss_ics_u: 1.519e-02|   Loss_res: 3.485e+00 , Time: 0.04
It: 23400| Loss: 2.007e+01|  loss_bc1: 4.851e-05|  loss_bc2: 7.968e-06| loss_ics_u: 1.399e-02|   Loss_res: 3.851e+00 , Time: 0.04
It: 23500| Loss: 1.876e+01|  loss_bc1: 4.516e-05|  loss_bc2: 1.269e-05| loss_ics_u: 1.260e-02|   Loss_res: 3.759e+00 , Time: 0.04
It: 23600| Loss: 1.653e+01|  loss_bc1: 2.646e-05|  loss_bc2: 5.705e-06| loss_ics_u: 1.146e-02|   Loss_res: 3.789e+00 , Time: 0.04
It: 23700| Loss: 1.818e+01|  loss_bc1: 4.057e-05|  loss_bc2: 1.550e-05| loss_ics_u: 1.311e-02|   Loss_res: 2.662e+00 , Time: 0.03
It: 23800| Loss: 2.483e+01|  loss_bc1: 7.984e-05|  loss_bc2: 1.062e-05| loss_ics_u: 1.789e-02|   Loss_res: 3.381e+00 , Time: 0.03
It: 23900| Loss: 2.017e+01|  loss_bc1: 3.551e-05|  loss_bc2: 3.323e-05| loss_ics_u: 1.379e-02|   Loss_res: 3.092e+00 , Time: 0.03
It: 24000| Loss: 2.008e+01|  loss_bc1: 5.094e-05|  loss_bc2: 1.709e-05| loss_ics_u: 1.362e-02|   Loss_res: 3.570e+00 , Time: 0.03
lambda_balance loss_bc1: 3.2474e-01
lambda_balance loss_bc2: 3.2366e-01
lambda_balance loss_ics_u: 3.5160e-01
updating  lamda for loss loss_bc1:   [39220.26251651]
updating  lamda for loss loss_bc2:   [57202.20604845]
updating  lamda for loss loss_ics_u:   [957.5197495]
It: 24100| Loss: 1.534e+01|  loss_bc1: 4.258e-05|  loss_bc2: 7.609e-06| loss_ics_u: 1.056e-02|   Loss_res: 3.128e+00 , Time: 0.03
It: 24200| Loss: 1.900e+01|  loss_bc1: 4.288e-05|  loss_bc2: 7.422e-06| loss_ics_u: 1.444e-02|   Loss_res: 3.073e+00 , Time: 0.04
It: 24300| Loss: 1.674e+01|  loss_bc1: 2.867e-05|  loss_bc2: 5.605e-06| loss_ics_u: 1.277e-02|   Loss_res: 3.067e+00 , Time: 0.04
It: 24400| Loss: 1.733e+01|  loss_bc1: 3.080e-05|  loss_bc2: 6.938e-06| loss_ics_u: 1.300e-02|   Loss_res: 3.279e+00 , Time: 0.03
It: 24500| Loss: 1.781e+01|  loss_bc1: 3.859e-05|  loss_bc2: 9.529e-06| loss_ics_u: 1.256e-02|   Loss_res: 3.724e+00 , Time: 0.04
It: 24600| Loss: 1.701e+01|  loss_bc1: 3.376e-05|  loss_bc2: 7.962e-06| loss_ics_u: 1.245e-02|   Loss_res: 3.306e+00 , Time: 0.04
It: 24700| Loss: 1.533e+01|  loss_bc1: 2.889e-05|  loss_bc2: 1.023e-05| loss_ics_u: 1.171e-02|   Loss_res: 2.401e+00 , Time: 0.03
It: 24800| Loss: 1.536e+01|  loss_bc1: 2.671e-05|  loss_bc2: 7.070e-06| loss_ics_u: 1.101e-02|   Loss_res: 3.366e+00 , Time: 0.04
It: 24900| Loss: 1.490e+01|  loss_bc1: 2.449e-05|  loss_bc2: 8.902e-06| loss_ics_u: 1.020e-02|   Loss_res: 3.670e+00 , Time: 0.03
It: 25000| Loss: 1.574e+01|  loss_bc1: 2.589e-05|  loss_bc2: 1.034e-05| loss_ics_u: 1.183e-02|   Loss_res: 2.801e+00 , Time: 0.03
lambda_balance loss_bc1: 3.2503e-01
lambda_balance loss_bc2: 3.2400e-01
lambda_balance loss_ics_u: 3.5097e-01
updating  lamda for loss loss_bc1:   [47231.81731955]
updating  lamda for loss loss_bc2:   [58007.23837329]
updating  lamda for loss loss_ics_u:   [910.32906529]
It: 25100| Loss: 1.380e+01|  loss_bc1: 2.992e-05|  loss_bc2: 9.658e-06| loss_ics_u: 9.892e-03|   Loss_res: 2.824e+00 , Time: 0.04
It: 25200| Loss: 1.694e+01|  loss_bc1: 2.875e-05|  loss_bc2: 7.181e-06| loss_ics_u: 1.348e-02|   Loss_res: 2.890e+00 , Time: 0.03
It: 25300| Loss: 1.479e+01|  loss_bc1: 2.769e-05|  loss_bc2: 6.060e-06| loss_ics_u: 1.107e-02|   Loss_res: 3.051e+00 , Time: 0.04
It: 25400| Loss: 1.470e+01|  loss_bc1: 2.731e-05|  loss_bc2: 5.976e-06| loss_ics_u: 1.165e-02|   Loss_res: 2.457e+00 , Time: 0.03
It: 25500| Loss: 1.324e+01|  loss_bc1: 2.852e-05|  loss_bc2: 3.914e-06| loss_ics_u: 9.241e-03|   Loss_res: 3.255e+00 , Time: 0.03
It: 25600| Loss: 1.654e+01|  loss_bc1: 2.969e-05|  loss_bc2: 8.284e-06| loss_ics_u: 1.310e-02|   Loss_res: 2.730e+00 , Time: 0.04
It: 25700| Loss: 1.454e+01|  loss_bc1: 1.831e-05|  loss_bc2: 4.941e-06| loss_ics_u: 1.151e-02|   Loss_res: 2.909e+00 , Time: 0.04
It: 25800| Loss: 1.310e+01|  loss_bc1: 2.802e-05|  loss_bc2: 8.445e-06| loss_ics_u: 8.973e-03|   Loss_res: 3.115e+00 , Time: 0.03
It: 25900| Loss: 1.571e+01|  loss_bc1: 1.930e-05|  loss_bc2: 1.187e-05| loss_ics_u: 1.252e-02|   Loss_res: 2.710e+00 , Time: 0.03
It: 26000| Loss: 1.607e+01|  loss_bc1: 3.498e-05|  loss_bc2: 1.275e-05| loss_ics_u: 1.260e-02|   Loss_res: 2.199e+00 , Time: 0.04
lambda_balance loss_bc1: 3.2530e-01
lambda_balance loss_bc2: 3.2431e-01
lambda_balance loss_ics_u: 3.5039e-01
updating  lamda for loss loss_bc1:   [49788.2708415]
updating  lamda for loss loss_bc2:   [64205.82996565]
updating  lamda for loss loss_ics_u:   [895.03872011]
It: 26100| Loss: 1.455e+01|  loss_bc1: 4.142e-05|  loss_bc2: 7.600e-06| loss_ics_u: 1.058e-02|   Loss_res: 2.534e+00 , Time: 0.04
It: 26200| Loss: 1.551e+01|  loss_bc1: 2.097e-05|  loss_bc2: 8.938e-06| loss_ics_u: 1.216e-02|   Loss_res: 3.005e+00 , Time: 0.04
It: 26300| Loss: 1.535e+01|  loss_bc1: 1.978e-05|  loss_bc2: 1.075e-05| loss_ics_u: 1.231e-02|   Loss_res: 2.653e+00 , Time: 0.03
It: 26400| Loss: 1.251e+01|  loss_bc1: 1.882e-05|  loss_bc2: 3.702e-06| loss_ics_u: 9.907e-03|   Loss_res: 2.468e+00 , Time: 0.03
It: 26500| Loss: 1.529e+01|  loss_bc1: 2.582e-05|  loss_bc2: 1.527e-05| loss_ics_u: 1.131e-02|   Loss_res: 2.909e+00 , Time: 0.04
It: 26600| Loss: 1.304e+01|  loss_bc1: 2.011e-05|  loss_bc2: 7.347e-06| loss_ics_u: 1.026e-02|   Loss_res: 2.387e+00 , Time: 0.03
It: 26700| Loss: 1.293e+01|  loss_bc1: 1.960e-05|  loss_bc2: 7.736e-06| loss_ics_u: 9.984e-03|   Loss_res: 2.520e+00 , Time: 0.03
It: 26800| Loss: 1.274e+01|  loss_bc1: 1.570e-05|  loss_bc2: 4.935e-06| loss_ics_u: 9.900e-03|   Loss_res: 2.781e+00 , Time: 0.03
It: 26900| Loss: 1.478e+01|  loss_bc1: 2.036e-05|  loss_bc2: 3.333e-06| loss_ics_u: 1.184e-02|   Loss_res: 2.956e+00 , Time: 0.04
It: 27000| Loss: 1.307e+01|  loss_bc1: 2.147e-05|  loss_bc2: 4.812e-06| loss_ics_u: 1.010e-02|   Loss_res: 2.648e+00 , Time: 0.04
lambda_balance loss_bc1: 3.2556e-01
lambda_balance loss_bc2: 3.2460e-01
lambda_balance loss_ics_u: 3.4984e-01
updating  lamda for loss loss_bc1:   [54081.80215579]
updating  lamda for loss loss_bc2:   [66277.1190394]
updating  lamda for loss loss_ics_u:   [1014.12415779]
It: 27100| Loss: 1.317e+01|  loss_bc1: 2.240e-05|  loss_bc2: 2.889e-06| loss_ics_u: 8.964e-03|   Loss_res: 2.672e+00 , Time: 0.03
It: 27200| Loss: 1.355e+01|  loss_bc1: 1.578e-05|  loss_bc2: 5.990e-06| loss_ics_u: 9.617e-03|   Loss_res: 2.545e+00 , Time: 0.04
It: 27300| Loss: 1.818e+01|  loss_bc1: 1.636e-05|  loss_bc2: 1.081e-05| loss_ics_u: 1.363e-02|   Loss_res: 2.753e+00 , Time: 0.04
It: 27400| Loss: 1.601e+01|  loss_bc1: 3.004e-05|  loss_bc2: 6.557e-06| loss_ics_u: 1.048e-02|   Loss_res: 3.320e+00 , Time: 0.03
It: 27500| Loss: 1.330e+01|  loss_bc1: 1.817e-05|  loss_bc2: 5.718e-06| loss_ics_u: 9.334e-03|   Loss_res: 2.474e+00 , Time: 0.03
It: 27600| Loss: 1.474e+01|  loss_bc1: 1.643e-05|  loss_bc2: 8.935e-06| loss_ics_u: 1.058e-02|   Loss_res: 2.531e+00 , Time: 0.04
It: 27700| Loss: 1.408e+01|  loss_bc1: 1.843e-05|  loss_bc2: 6.543e-06| loss_ics_u: 9.790e-03|   Loss_res: 2.720e+00 , Time: 0.03
It: 27800| Loss: 1.648e+01|  loss_bc1: 3.001e-05|  loss_bc2: 1.167e-05| loss_ics_u: 1.137e-02|   Loss_res: 2.560e+00 , Time: 0.03
It: 27900| Loss: 1.501e+01|  loss_bc1: 3.424e-05|  loss_bc2: 4.607e-06| loss_ics_u: 9.723e-03|   Loss_res: 2.996e+00 , Time: 0.03
It: 28000| Loss: 1.247e+01|  loss_bc1: 1.490e-05|  loss_bc2: 5.449e-06| loss_ics_u: 8.534e-03|   Loss_res: 2.644e+00 , Time: 0.03
lambda_balance loss_bc1: 3.2580e-01
lambda_balance loss_bc2: 3.2488e-01
lambda_balance loss_ics_u: 3.4932e-01
updating  lamda for loss loss_bc1:   [51985.43297537]
updating  lamda for loss loss_bc2:   [63736.83731124]
updating  lamda for loss loss_ics_u:   [1055.28515204]
It: 28100| Loss: 1.495e+01|  loss_bc1: 1.694e-05|  loss_bc2: 7.167e-06| loss_ics_u: 1.030e-02|   Loss_res: 2.739e+00 , Time: 0.03
It: 28200| Loss: 1.212e+01|  loss_bc1: 1.777e-05|  loss_bc2: 5.504e-06| loss_ics_u: 7.550e-03|   Loss_res: 2.878e+00 , Time: 0.04
It: 28300| Loss: 1.381e+01|  loss_bc1: 3.477e-05|  loss_bc2: 9.138e-06| loss_ics_u: 8.365e-03|   Loss_res: 2.590e+00 , Time: 0.03
It: 28400| Loss: 1.525e+01|  loss_bc1: 1.992e-05|  loss_bc2: 6.928e-06| loss_ics_u: 1.035e-02|   Loss_res: 2.852e+00 , Time: 0.03
It: 28500| Loss: 1.306e+01|  loss_bc1: 1.767e-05|  loss_bc2: 6.174e-06| loss_ics_u: 8.614e-03|   Loss_res: 2.657e+00 , Time: 0.03
It: 28600| Loss: 1.471e+01|  loss_bc1: 3.000e-05|  loss_bc2: 1.737e-05| loss_ics_u: 8.538e-03|   Loss_res: 3.029e+00 , Time: 0.04
It: 28700| Loss: 1.604e+01|  loss_bc1: 1.961e-05|  loss_bc2: 1.067e-05| loss_ics_u: 1.119e-02|   Loss_res: 2.529e+00 , Time: 0.03
It: 28800| Loss: 1.457e+01|  loss_bc1: 1.549e-05|  loss_bc2: 8.442e-06| loss_ics_u: 9.620e-03|   Loss_res: 3.078e+00 , Time: 0.04
It: 28900| Loss: 1.322e+01|  loss_bc1: 2.110e-05|  loss_bc2: 6.490e-06| loss_ics_u: 8.748e-03|   Loss_res: 2.482e+00 , Time: 0.03
It: 29000| Loss: 1.622e+01|  loss_bc1: 2.624e-05|  loss_bc2: 5.508e-06| loss_ics_u: 1.124e-02|   Loss_res: 2.644e+00 , Time: 0.04
lambda_balance loss_bc1: 3.2603e-01
lambda_balance loss_bc2: 3.2514e-01
lambda_balance loss_ics_u: 3.4884e-01
updating  lamda for loss loss_bc1:   [75153.07717783]
updating  lamda for loss loss_bc2:   [67194.09108012]
updating  lamda for loss loss_ics_u:   [1038.40061877]
It: 29100| Loss: 1.215e+01|  loss_bc1: 1.207e-05|  loss_bc2: 8.732e-06| loss_ics_u: 7.697e-03|   Loss_res: 2.666e+00 , Time: 0.03
It: 29200| Loss: 1.481e+01|  loss_bc1: 1.384e-05|  loss_bc2: 6.856e-06| loss_ics_u: 9.984e-03|   Loss_res: 2.946e+00 , Time: 0.04
It: 29300| Loss: 1.243e+01|  loss_bc1: 1.753e-05|  loss_bc2: 5.441e-06| loss_ics_u: 7.687e-03|   Loss_res: 2.763e+00 , Time: 0.04
It: 29400| Loss: 1.084e+01|  loss_bc1: 1.625e-05|  loss_bc2: 4.757e-06| loss_ics_u: 6.619e-03|   Loss_res: 2.422e+00 , Time: 0.03
It: 29500| Loss: 1.430e+01|  loss_bc1: 2.448e-05|  loss_bc2: 4.340e-06| loss_ics_u: 8.791e-03|   Loss_res: 3.043e+00 , Time: 0.03
It: 29600| Loss: 1.536e+01|  loss_bc1: 1.633e-05|  loss_bc2: 8.421e-06| loss_ics_u: 1.030e-02|   Loss_res: 2.870e+00 , Time: 0.03
It: 29700| Loss: 1.443e+01|  loss_bc1: 1.550e-05|  loss_bc2: 4.913e-06| loss_ics_u: 9.877e-03|   Loss_res: 2.676e+00 , Time: 0.03
It: 29800| Loss: 1.400e+01|  loss_bc1: 2.745e-05|  loss_bc2: 7.152e-06| loss_ics_u: 8.839e-03|   Loss_res: 2.276e+00 , Time: 0.03
It: 29900| Loss: 1.255e+01|  loss_bc1: 1.054e-05|  loss_bc2: 5.217e-06| loss_ics_u: 8.422e-03|   Loss_res: 2.659e+00 , Time: 0.04
It: 30000| Loss: 1.479e+01|  loss_bc1: 1.525e-05|  loss_bc2: 9.058e-06| loss_ics_u: 9.826e-03|   Loss_res: 2.836e+00 , Time: 0.03
lambda_balance loss_bc1: 3.2624e-01
lambda_balance loss_bc2: 3.2538e-01
lambda_balance loss_ics_u: 3.4838e-01
updating  lamda for loss loss_bc1:   [77972.91692098]
updating  lamda for loss loss_bc2:   [74703.53841742]
updating  lamda for loss loss_ics_u:   [976.21790553]
It: 30100| Loss: 1.350e+01|  loss_bc1: 1.910e-05|  loss_bc2: 7.170e-06| loss_ics_u: 9.152e-03|   Loss_res: 2.539e+00 , Time: 0.03
It: 30200| Loss: 1.106e+01|  loss_bc1: 1.188e-05|  loss_bc2: 4.063e-06| loss_ics_u: 7.374e-03|   Loss_res: 2.631e+00 , Time: 0.03
It: 30300| Loss: 1.236e+01|  loss_bc1: 1.781e-05|  loss_bc2: 5.335e-06| loss_ics_u: 8.236e-03|   Loss_res: 2.532e+00 , Time: 0.03
It: 30400| Loss: 1.087e+01|  loss_bc1: 1.445e-05|  loss_bc2: 4.048e-06| loss_ics_u: 7.551e-03|   Loss_res: 2.065e+00 , Time: 0.03
It: 30500| Loss: 9.379e+00|  loss_bc1: 1.075e-05|  loss_bc2: 7.057e-06| loss_ics_u: 5.972e-03|   Loss_res: 2.183e+00 , Time: 0.04
It: 30600| Loss: 1.091e+01|  loss_bc1: 9.636e-06|  loss_bc2: 4.390e-06| loss_ics_u: 7.895e-03|   Loss_res: 2.125e+00 , Time: 0.03
It: 30700| Loss: 1.211e+01|  loss_bc1: 1.352e-05|  loss_bc2: 6.616e-06| loss_ics_u: 8.220e-03|   Loss_res: 2.541e+00 , Time: 0.03
It: 30800| Loss: 1.110e+01|  loss_bc1: 1.226e-05|  loss_bc2: 6.384e-06| loss_ics_u: 7.342e-03|   Loss_res: 2.502e+00 , Time: 0.03
It: 30900| Loss: 1.159e+01|  loss_bc1: 1.082e-05|  loss_bc2: 3.178e-06| loss_ics_u: 7.500e-03|   Loss_res: 3.191e+00 , Time: 0.03
It: 31000| Loss: 1.266e+01|  loss_bc1: 1.323e-05|  loss_bc2: 3.498e-06| loss_ics_u: 8.603e-03|   Loss_res: 2.974e+00 , Time: 0.03
lambda_balance loss_bc1: 3.2644e-01
lambda_balance loss_bc2: 3.2561e-01
lambda_balance loss_ics_u: 3.4795e-01
updating  lamda for loss loss_bc1:   [76590.70921326]
updating  lamda for loss loss_bc2:   [89061.54004442]
updating  lamda for loss loss_ics_u:   [1177.07414232]
It: 31100| Loss: 1.336e+01|  loss_bc1: 9.384e-06|  loss_bc2: 5.544e-06| loss_ics_u: 7.977e-03|   Loss_res: 2.763e+00 , Time: 0.04
It: 31200| Loss: 1.324e+01|  loss_bc1: 1.402e-05|  loss_bc2: 6.323e-06| loss_ics_u: 7.736e-03|   Loss_res: 2.497e+00 , Time: 0.03
It: 31300| Loss: 1.268e+01|  loss_bc1: 1.545e-05|  loss_bc2: 8.874e-06| loss_ics_u: 7.136e-03|   Loss_res: 2.309e+00 , Time: 0.03
It: 31400| Loss: 1.177e+01|  loss_bc1: 9.526e-06|  loss_bc2: 5.069e-06| loss_ics_u: 6.811e-03|   Loss_res: 2.567e+00 , Time: 0.03
It: 31500| Loss: 1.316e+01|  loss_bc1: 1.480e-05|  loss_bc2: 5.847e-06| loss_ics_u: 7.509e-03|   Loss_res: 2.672e+00 , Time: 0.03
It: 31600| Loss: 1.163e+01|  loss_bc1: 1.387e-05|  loss_bc2: 4.549e-06| loss_ics_u: 6.363e-03|   Loss_res: 2.671e+00 , Time: 0.03
It: 31700| Loss: 1.138e+01|  loss_bc1: 1.397e-05|  loss_bc2: 4.442e-06| loss_ics_u: 6.640e-03|   Loss_res: 2.102e+00 , Time: 0.03
It: 31800| Loss: 1.527e+01|  loss_bc1: 1.196e-05|  loss_bc2: 6.755e-06| loss_ics_u: 9.355e-03|   Loss_res: 2.736e+00 , Time: 0.03
It: 31900| Loss: 1.135e+01|  loss_bc1: 1.401e-05|  loss_bc2: 4.475e-06| loss_ics_u: 6.389e-03|   Loss_res: 2.353e+00 , Time: 0.03
It: 32000| Loss: 1.197e+01|  loss_bc1: 1.341e-05|  loss_bc2: 4.259e-06| loss_ics_u: 6.692e-03|   Loss_res: 2.688e+00 , Time: 0.03
lambda_balance loss_bc1: 3.2664e-01
lambda_balance loss_bc2: 3.2582e-01
lambda_balance loss_ics_u: 3.4754e-01
updating  lamda for loss loss_bc1:   [95452.26915131]
updating  lamda for loss loss_bc2:   [128784.36260248]
updating  lamda for loss loss_ics_u:   [1207.20638873]
It: 32100| Loss: 1.365e+01|  loss_bc1: 9.862e-06|  loss_bc2: 5.967e-06| loss_ics_u: 7.669e-03|   Loss_res: 2.681e+00 , Time: 0.03
It: 32200| Loss: 1.257e+01|  loss_bc1: 1.025e-05|  loss_bc2: 4.280e-06| loss_ics_u: 7.065e-03|   Loss_res: 2.513e+00 , Time: 0.03
It: 32300| Loss: 1.356e+01|  loss_bc1: 1.365e-05|  loss_bc2: 3.619e-06| loss_ics_u: 7.681e-03|   Loss_res: 2.524e+00 , Time: 0.03
It: 32400| Loss: 1.294e+01|  loss_bc1: 1.372e-05|  loss_bc2: 7.145e-06| loss_ics_u: 6.706e-03|   Loss_res: 2.617e+00 , Time: 0.03
It: 32500| Loss: 1.231e+01|  loss_bc1: 1.207e-05|  loss_bc2: 3.487e-06| loss_ics_u: 6.501e-03|   Loss_res: 2.862e+00 , Time: 0.03
It: 32600| Loss: 1.169e+01|  loss_bc1: 1.181e-05|  loss_bc2: 2.908e-06| loss_ics_u: 6.439e-03|   Loss_res: 2.415e+00 , Time: 0.03
It: 32700| Loss: 1.195e+01|  loss_bc1: 1.346e-05|  loss_bc2: 2.211e-06| loss_ics_u: 6.361e-03|   Loss_res: 2.703e+00 , Time: 0.07
It: 32800| Loss: 1.086e+01|  loss_bc1: 1.180e-05|  loss_bc2: 3.140e-06| loss_ics_u: 5.201e-03|   Loss_res: 3.055e+00 , Time: 0.03
It: 32900| Loss: 1.427e+01|  loss_bc1: 9.392e-06|  loss_bc2: 2.826e-06| loss_ics_u: 8.466e-03|   Loss_res: 2.790e+00 , Time: 0.04
It: 33000| Loss: 1.212e+01|  loss_bc1: 2.456e-05|  loss_bc2: 7.049e-06| loss_ics_u: 5.259e-03|   Loss_res: 2.521e+00 , Time: 0.03
lambda_balance loss_bc1: 3.2682e-01
lambda_balance loss_bc2: 3.2603e-01
lambda_balance loss_ics_u: 3.4715e-01
updating  lamda for loss loss_bc1:   [105392.86840805]
updating  lamda for loss loss_bc2:   [127105.58942817]
updating  lamda for loss loss_ics_u:   [1194.65876164]
It: 33100| Loss: 1.058e+01|  loss_bc1: 1.057e-05|  loss_bc2: 4.649e-06| loss_ics_u: 5.613e-03|   Loss_res: 2.172e+00 , Time: 0.03
It: 33200| Loss: 1.328e+01|  loss_bc1: 1.039e-05|  loss_bc2: 3.298e-06| loss_ics_u: 7.752e-03|   Loss_res: 2.508e+00 , Time: 0.03
It: 33300| Loss: 1.113e+01|  loss_bc1: 9.235e-06|  loss_bc2: 3.733e-06| loss_ics_u: 6.109e-03|   Loss_res: 2.385e+00 , Time: 0.03
It: 33400| Loss: 1.240e+01|  loss_bc1: 8.485e-06|  loss_bc2: 3.174e-06| loss_ics_u: 6.904e-03|   Loss_res: 2.856e+00 , Time: 0.04
It: 33500| Loss: 1.249e+01|  loss_bc1: 1.091e-05|  loss_bc2: 3.389e-06| loss_ics_u: 6.902e-03|   Loss_res: 2.668e+00 , Time: 0.03
It: 33600| Loss: 1.189e+01|  loss_bc1: 1.050e-05|  loss_bc2: 4.059e-06| loss_ics_u: 6.008e-03|   Loss_res: 3.086e+00 , Time: 0.04
It: 33700| Loss: 1.450e+01|  loss_bc1: 9.040e-06|  loss_bc2: 4.702e-06| loss_ics_u: 8.427e-03|   Loss_res: 2.881e+00 , Time: 0.03
It: 33800| Loss: 1.088e+01|  loss_bc1: 9.954e-06|  loss_bc2: 4.232e-06| loss_ics_u: 5.258e-03|   Loss_res: 3.008e+00 , Time: 0.04
It: 33900| Loss: 1.236e+01|  loss_bc1: 8.410e-06|  loss_bc2: 3.161e-06| loss_ics_u: 7.133e-03|   Loss_res: 2.548e+00 , Time: 0.03
It: 34000| Loss: 1.204e+01|  loss_bc1: 1.199e-05|  loss_bc2: 4.174e-06| loss_ics_u: 6.269e-03|   Loss_res: 2.761e+00 , Time: 0.03
lambda_balance loss_bc1: 3.2699e-01
lambda_balance loss_bc2: 3.2622e-01
lambda_balance loss_ics_u: 3.4679e-01
updating  lamda for loss loss_bc1:   [99641.19387194]
updating  lamda for loss loss_bc2:   [133221.0343916]
updating  lamda for loss loss_ics_u:   [1190.53777225]
It: 34100| Loss: 1.186e+01|  loss_bc1: 8.997e-06|  loss_bc2: 3.335e-06| loss_ics_u: 6.743e-03|   Loss_res: 2.493e+00 , Time: 0.03
It: 34200| Loss: 1.305e+01|  loss_bc1: 1.186e-05|  loss_bc2: 2.704e-06| loss_ics_u: 7.307e-03|   Loss_res: 2.806e+00 , Time: 0.05
It: 34300| Loss: 1.220e+01|  loss_bc1: 1.098e-05|  loss_bc2: 3.669e-06| loss_ics_u: 6.686e-03|   Loss_res: 2.657e+00 , Time: 0.03
It: 34400| Loss: 1.116e+01|  loss_bc1: 9.635e-06|  loss_bc2: 3.008e-06| loss_ics_u: 6.172e-03|   Loss_res: 2.448e+00 , Time: 0.03
It: 34500| Loss: 1.204e+01|  loss_bc1: 1.271e-05|  loss_bc2: 2.921e-06| loss_ics_u: 6.755e-03|   Loss_res: 2.338e+00 , Time: 0.03
It: 34600| Loss: 1.318e+01|  loss_bc1: 1.428e-05|  loss_bc2: 4.136e-06| loss_ics_u: 6.915e-03|   Loss_res: 2.973e+00 , Time: 0.03
It: 34700| Loss: 1.204e+01|  loss_bc1: 9.315e-06|  loss_bc2: 4.109e-06| loss_ics_u: 6.598e-03|   Loss_res: 2.707e+00 , Time: 0.03
It: 34800| Loss: 1.283e+01|  loss_bc1: 1.260e-05|  loss_bc2: 4.485e-06| loss_ics_u: 6.924e-03|   Loss_res: 2.729e+00 , Time: 0.03
It: 34900| Loss: 1.064e+01|  loss_bc1: 1.081e-05|  loss_bc2: 3.288e-06| loss_ics_u: 5.662e-03|   Loss_res: 2.383e+00 , Time: 0.04
It: 35000| Loss: 1.126e+01|  loss_bc1: 9.130e-06|  loss_bc2: 2.799e-06| loss_ics_u: 6.224e-03|   Loss_res: 2.570e+00 , Time: 0.03
lambda_balance loss_bc1: 3.2715e-01
lambda_balance loss_bc2: 3.2641e-01
lambda_balance loss_ics_u: 3.4644e-01
updating  lamda for loss loss_bc1:   [108767.17214099]
updating  lamda for loss loss_bc2:   [183570.73173369]
updating  lamda for loss loss_ics_u:   [1176.16280515]
It: 35100| Loss: 1.233e+01|  loss_bc1: 1.043e-05|  loss_bc2: 5.430e-06| loss_ics_u: 6.228e-03|   Loss_res: 2.878e+00 , Time: 0.06
It: 35200| Loss: 9.079e+00|  loss_bc1: 9.160e-06|  loss_bc2: 3.063e-06| loss_ics_u: 4.443e-03|   Loss_res: 2.294e+00 , Time: 0.04
It: 35300| Loss: 1.103e+01|  loss_bc1: 9.544e-06|  loss_bc2: 3.461e-06| loss_ics_u: 6.066e-03|   Loss_res: 2.224e+00 , Time: 0.04
It: 35400| Loss: 1.047e+01|  loss_bc1: 7.823e-06|  loss_bc2: 3.643e-06| loss_ics_u: 5.748e-03|   Loss_res: 2.192e+00 , Time: 0.07
It: 35500| Loss: 1.166e+01|  loss_bc1: 8.891e-06|  loss_bc2: 4.464e-06| loss_ics_u: 6.238e-03|   Loss_res: 2.532e+00 , Time: 0.05
It: 35600| Loss: 1.254e+01|  loss_bc1: 8.583e-06|  loss_bc2: 3.183e-06| loss_ics_u: 7.151e-03|   Loss_res: 2.610e+00 , Time: 0.07
It: 35700| Loss: 1.162e+01|  loss_bc1: 7.671e-06|  loss_bc2: 4.397e-06| loss_ics_u: 6.446e-03|   Loss_res: 2.394e+00 , Time: 0.07
It: 35800| Loss: 1.162e+01|  loss_bc1: 1.032e-05|  loss_bc2: 4.720e-06| loss_ics_u: 5.405e-03|   Loss_res: 3.271e+00 , Time: 0.08
It: 35900| Loss: 1.169e+01|  loss_bc1: 8.121e-06|  loss_bc2: 3.054e-06| loss_ics_u: 6.860e-03|   Loss_res: 2.174e+00 , Time: 0.08
It: 36000| Loss: 1.180e+01|  loss_bc1: 8.305e-06|  loss_bc2: 3.610e-06| loss_ics_u: 6.870e-03|   Loss_res: 2.157e+00 , Time: 0.08
lambda_balance loss_bc1: 3.2730e-01
lambda_balance loss_bc2: 3.2658e-01
lambda_balance loss_ics_u: 3.4612e-01
updating  lamda for loss loss_bc1:   [109462.31723158]
updating  lamda for loss loss_bc2:   [182031.56676345]
updating  lamda for loss loss_ics_u:   [1219.97772275]
It: 36100| Loss: 1.284e+01|  loss_bc1: 7.706e-06|  loss_bc2: 2.272e-06| loss_ics_u: 7.485e-03|   Loss_res: 2.449e+00 , Time: 0.08
It: 36200| Loss: 1.190e+01|  loss_bc1: 9.160e-06|  loss_bc2: 2.990e-06| loss_ics_u: 6.741e-03|   Loss_res: 2.129e+00 , Time: 0.07
It: 36300| Loss: 1.091e+01|  loss_bc1: 8.620e-06|  loss_bc2: 2.505e-06| loss_ics_u: 5.748e-03|   Loss_res: 2.496e+00 , Time: 0.07
It: 36400| Loss: 1.066e+01|  loss_bc1: 1.062e-05|  loss_bc2: 3.051e-06| loss_ics_u: 5.198e-03|   Loss_res: 2.605e+00 , Time: 0.04
It: 36500| Loss: 1.294e+01|  loss_bc1: 9.619e-06|  loss_bc2: 3.100e-06| loss_ics_u: 7.074e-03|   Loss_res: 2.697e+00 , Time: 0.05
It: 36600| Loss: 1.187e+01|  loss_bc1: 7.236e-06|  loss_bc2: 2.555e-06| loss_ics_u: 6.305e-03|   Loss_res: 2.920e+00 , Time: 0.03
It: 36700| Loss: 1.002e+01|  loss_bc1: 8.273e-06|  loss_bc2: 1.935e-06| loss_ics_u: 5.145e-03|   Loss_res: 2.486e+00 , Time: 0.03
It: 36800| Loss: 1.134e+01|  loss_bc1: 6.960e-06|  loss_bc2: 2.980e-06| loss_ics_u: 6.395e-03|   Loss_res: 2.238e+00 , Time: 0.03
It: 36900| Loss: 1.229e+01|  loss_bc1: 8.188e-06|  loss_bc2: 3.636e-06| loss_ics_u: 6.523e-03|   Loss_res: 2.776e+00 , Time: 0.03
It: 37000| Loss: 1.144e+01|  loss_bc1: 9.037e-06|  loss_bc2: 2.534e-06| loss_ics_u: 5.863e-03|   Loss_res: 2.834e+00 , Time: 0.03
lambda_balance loss_bc1: 3.2745e-01
lambda_balance loss_bc2: 3.2675e-01
lambda_balance loss_ics_u: 3.4581e-01
updating  lamda for loss loss_bc1:   [111679.41656311]
updating  lamda for loss loss_bc2:   [184407.43938398]
updating  lamda for loss loss_ics_u:   [1549.1928411]
It: 37100| Loss: 1.352e+01|  loss_bc1: 7.263e-06|  loss_bc2: 2.487e-06| loss_ics_u: 6.268e-03|   Loss_res: 2.540e+00 , Time: 0.03
It: 37200| Loss: 1.220e+01|  loss_bc1: 7.706e-06|  loss_bc2: 2.702e-06| loss_ics_u: 5.192e-03|   Loss_res: 2.798e+00 , Time: 0.03
It: 37300| Loss: 1.316e+01|  loss_bc1: 9.269e-06|  loss_bc2: 2.932e-06| loss_ics_u: 5.797e-03|   Loss_res: 2.600e+00 , Time: 0.03
It: 37400| Loss: 1.515e+01|  loss_bc1: 1.054e-05|  loss_bc2: 3.524e-06| loss_ics_u: 6.801e-03|   Loss_res: 2.791e+00 , Time: 0.03
It: 37500| Loss: 1.368e+01|  loss_bc1: 8.767e-06|  loss_bc2: 3.011e-06| loss_ics_u: 5.800e-03|   Loss_res: 3.164e+00 , Time: 0.03
It: 37600| Loss: 1.197e+01|  loss_bc1: 8.632e-06|  loss_bc2: 3.275e-06| loss_ics_u: 4.885e-03|   Loss_res: 2.832e+00 , Time: 0.03
It: 37700| Loss: 1.327e+01|  loss_bc1: 7.835e-06|  loss_bc2: 2.517e-06| loss_ics_u: 5.899e-03|   Loss_res: 2.790e+00 , Time: 0.03
It: 37800| Loss: 1.155e+01|  loss_bc1: 7.402e-06|  loss_bc2: 2.534e-06| loss_ics_u: 4.890e-03|   Loss_res: 2.685e+00 , Time: 0.03
It: 37900| Loss: 1.216e+01|  loss_bc1: 1.439e-05|  loss_bc2: 4.542e-06| loss_ics_u: 4.293e-03|   Loss_res: 3.066e+00 , Time: 0.03
It: 38000| Loss: 1.103e+01|  loss_bc1: 6.609e-06|  loss_bc2: 3.759e-06| loss_ics_u: 4.603e-03|   Loss_res: 2.472e+00 , Time: 0.03
lambda_balance loss_bc1: 3.2759e-01
lambda_balance loss_bc2: 3.2690e-01
lambda_balance loss_ics_u: 3.4551e-01
updating  lamda for loss loss_bc1:   [118258.54326617]
updating  lamda for loss loss_bc2:   [180447.32239871]
updating  lamda for loss loss_ics_u:   [1600.49131517]
It: 38100| Loss: 1.450e+01|  loss_bc1: 1.096e-05|  loss_bc2: 3.629e-06| loss_ics_u: 6.137e-03|   Loss_res: 2.729e+00 , Time: 0.03
It: 38200| Loss: 1.479e+01|  loss_bc1: 9.346e-06|  loss_bc2: 4.270e-06| loss_ics_u: 6.599e-03|   Loss_res: 2.350e+00 , Time: 0.03
It: 38300| Loss: 1.337e+01|  loss_bc1: 7.676e-06|  loss_bc2: 3.477e-06| loss_ics_u: 5.602e-03|   Loss_res: 2.869e+00 , Time: 0.03
It: 38400| Loss: 1.287e+01|  loss_bc1: 1.199e-05|  loss_bc2: 5.058e-06| loss_ics_u: 4.843e-03|   Loss_res: 2.789e+00 , Time: 0.04
It: 38500| Loss: 1.362e+01|  loss_bc1: 7.020e-06|  loss_bc2: 3.175e-06| loss_ics_u: 5.761e-03|   Loss_res: 2.997e+00 , Time: 0.03
It: 38600| Loss: 1.207e+01|  loss_bc1: 6.695e-06|  loss_bc2: 3.263e-06| loss_ics_u: 4.613e-03|   Loss_res: 3.311e+00 , Time: 0.03
It: 38700| Loss: 1.232e+01|  loss_bc1: 7.777e-06|  loss_bc2: 3.333e-06| loss_ics_u: 4.925e-03|   Loss_res: 2.913e+00 , Time: 0.03
It: 38800| Loss: 1.341e+01|  loss_bc1: 1.074e-05|  loss_bc2: 3.705e-06| loss_ics_u: 5.280e-03|   Loss_res: 3.017e+00 , Time: 0.03
It: 38900| Loss: 1.269e+01|  loss_bc1: 6.030e-06|  loss_bc2: 2.828e-06| loss_ics_u: 5.402e-03|   Loss_res: 2.824e+00 , Time: 0.05
It: 39000| Loss: 1.152e+01|  loss_bc1: 8.851e-06|  loss_bc2: 3.252e-06| loss_ics_u: 4.462e-03|   Loss_res: 2.749e+00 , Time: 0.03
lambda_balance loss_bc1: 3.2772e-01
lambda_balance loss_bc2: 3.2705e-01
lambda_balance loss_ics_u: 3.4523e-01
updating  lamda for loss loss_bc1:   [131441.47409581]
updating  lamda for loss loss_bc2:   [171788.17023696]
updating  lamda for loss loss_ics_u:   [1685.20185773]
It: 39100| Loss: 1.278e+01|  loss_bc1: 7.747e-06|  loss_bc2: 3.768e-06| loss_ics_u: 5.102e-03|   Loss_res: 2.515e+00 , Time: 0.03
It: 39200| Loss: 1.320e+01|  loss_bc1: 8.935e-06|  loss_bc2: 4.066e-06| loss_ics_u: 4.848e-03|   Loss_res: 3.152e+00 , Time: 0.03
It: 39300| Loss: 1.316e+01|  loss_bc1: 6.912e-06|  loss_bc2: 3.189e-06| loss_ics_u: 5.311e-03|   Loss_res: 2.755e+00 , Time: 0.03
It: 39400| Loss: 1.387e+01|  loss_bc1: 7.554e-06|  loss_bc2: 2.492e-06| loss_ics_u: 5.338e-03|   Loss_res: 3.454e+00 , Time: 0.04
It: 39500| Loss: 1.373e+01|  loss_bc1: 7.561e-06|  loss_bc2: 3.051e-06| loss_ics_u: 5.227e-03|   Loss_res: 3.405e+00 , Time: 0.04
It: 39600| Loss: 1.285e+01|  loss_bc1: 7.817e-06|  loss_bc2: 3.878e-06| loss_ics_u: 5.045e-03|   Loss_res: 2.653e+00 , Time: 0.03
It: 39700| Loss: 1.382e+01|  loss_bc1: 7.099e-06|  loss_bc2: 4.659e-06| loss_ics_u: 5.432e-03|   Loss_res: 2.930e+00 , Time: 0.03
It: 39800| Loss: 1.306e+01|  loss_bc1: 8.652e-06|  loss_bc2: 2.995e-06| loss_ics_u: 5.166e-03|   Loss_res: 2.708e+00 , Time: 0.03
It: 39900| Loss: 1.446e+01|  loss_bc1: 7.299e-06|  loss_bc2: 3.485e-06| loss_ics_u: 6.107e-03|   Loss_res: 2.613e+00 , Time: 0.04
Gradients information stored ...
It: 40000| Loss: 1.341e+01|  loss_bc1: 7.255e-06|  loss_bc2: 3.299e-06| loss_ics_u: 5.486e-03|   Loss_res: 2.643e+00 , Time: 4.41
lambda_balance loss_bc1: 3.2785e-01
lambda_balance loss_bc2: 3.2720e-01
lambda_balance loss_ics_u: 3.4496e-01
updating  lamda for loss loss_bc1:   [193569.42043623]
updating  lamda for loss loss_bc2:   [311143.57196326]
updating  lamda for loss loss_ics_u:   [1987.8496407]
average adaptive_constant_bcs1_log : 4.3842e+04
average adaptive_constant_bcs2_log : 6.3107e+04
average adaptive_constant_ics_u_log : 7.4487e+02
Save uv NN parameters successfully in %s ...checkpoints/Dec-19-2023_18-14-26-137149_M5
Final loss loss_bc1: 7.255462e-06
Final loss loss_bc2: 3.298935e-06
Final loss loss_ics_u: 5.485587e-03


Method: mini_batch

average of time_list:3.7002e+03
average of error_u_list:1.1757e-01
average of error_r_list:3.1304e+00
