Using mode: ntk
neural network: [2, 50, 50, 50, 50, 50, 1]
Batch size : 128
Activation function: tanh
number of iterations: 40001
starter_learning_rate: 1.0000e-03
Method desciption : gradual learing rate , ntk, with  mini_batch batch. 
File directory: /home/vlq26735/code/PhD/GradientPathologiesPINNs/checkpoints/Klein_Gordon/final/Feb-29-2024_15-14-47-221456_ntk
It: 0| Loss: 1.756e+01| Loss_bcs: 7.938e-01| loss_ic_ut: 1.326e-01| Loss_res: 9.360e+00|Time: 99.64
mean_grad_res: 8.762e-03
mean_grad_bcs: 1.086e-01
mean_grad_ic_ut: 7.776e-02
adaptive_constant_bc_val: 6.001e+02
adaptive_constant_res_val: 1.003e+00
adaptive_constant_ics_val_log: 7.231e+02
Gradients information stored ...
It: 100| Loss: 1.863e+02| Loss_bcs: 2.915e-01| loss_ic_ut: 2.723e-03| Loss_res: 9.344e+00|Time: 416.42
Gradients information stored ...
It: 200| Loss: 8.050e+01| Loss_bcs: 1.119e-01| loss_ic_ut: 4.808e-03| Loss_res: 9.847e+00|Time: 203.32
It: 300| Loss: 1.429e+01| Loss_bcs: 5.241e-03| loss_ic_ut: 2.041e-03| Loss_res: 9.635e+00|Time: 188.36
It: 400| Loss: 1.107e+01| Loss_bcs: 8.265e-04| loss_ic_ut: 1.103e-03| Loss_res: 9.742e+00|Time: 187.20
It: 500| Loss: 1.137e+01| Loss_bcs: 1.370e-03| loss_ic_ut: 1.173e-03| Loss_res: 9.669e+00|Time: 192.29
It: 600| Loss: 1.063e+01| Loss_bcs: 1.257e-03| loss_ic_ut: 5.007e-04| Loss_res: 9.486e+00|Time: 191.92
It: 700| Loss: 1.006e+01| Loss_bcs: 8.544e-04| loss_ic_ut: 3.025e-04| Loss_res: 9.303e+00|Time: 186.45
It: 800| Loss: 1.011e+01| Loss_bcs: 7.663e-04| loss_ic_ut: 5.750e-04| Loss_res: 9.207e+00|Time: 202.52
It: 900| Loss: 9.620e+00| Loss_bcs: 4.572e-04| loss_ic_ut: 1.863e-04| Loss_res: 9.183e+00|Time: 264.31
It: 1000| Loss: 9.479e+00| Loss_bcs: 6.864e-04| loss_ic_ut: 3.308e-04| Loss_res: 8.801e+00|Time: 297.90
mean_grad_res: 6.800e-02
mean_grad_bcs: 2.059e-03
mean_grad_ic_ut: 3.714e-03
adaptive_constant_bc_val: 1.873e+04
adaptive_constant_res_val: 1.000e+00
adaptive_constant_ics_val_log: 4.200e+04
Gradients information stored ...
It: 1100| Loss: 3.136e+01| Loss_bcs: 1.018e-03| loss_ic_ut: 5.853e-05| Loss_res: 9.835e+00|Time: 317.60
It: 1200| Loss: 2.408e+01| Loss_bcs: 6.350e-04| loss_ic_ut: 5.457e-05| Loss_res: 9.888e+00|Time: 297.41
It: 1300| Loss: 2.240e+01| Loss_bcs: 4.861e-04| loss_ic_ut: 7.853e-05| Loss_res: 9.996e+00|Time: 295.60
It: 1400| Loss: 1.586e+01| Loss_bcs: 2.539e-04| loss_ic_ut: 2.921e-05| Loss_res: 9.881e+00|Time: 295.28
It: 1500| Loss: 1.962e+01| Loss_bcs: 4.827e-04| loss_ic_ut: 2.407e-05| Loss_res: 9.561e+00|Time: 296.30
It: 1600| Loss: 1.835e+01| Loss_bcs: 3.283e-04| loss_ic_ut: 5.158e-05| Loss_res: 1.004e+01|Time: 298.20
It: 1700| Loss: 1.858e+01| Loss_bcs: 3.822e-04| loss_ic_ut: 4.549e-05| Loss_res: 9.515e+00|Time: 300.11
It: 1800| Loss: 1.719e+01| Loss_bcs: 3.669e-04| loss_ic_ut: 1.157e-05| Loss_res: 9.831e+00|Time: 300.23
It: 1900| Loss: 1.490e+01| Loss_bcs: 2.460e-04| loss_ic_ut: 1.101e-05| Loss_res: 9.826e+00|Time: 299.69
It: 2000| Loss: 1.470e+01| Loss_bcs: 2.259e-04| loss_ic_ut: 1.568e-05| Loss_res: 9.811e+00|Time: 302.06
mean_grad_res: 7.473e-02
mean_grad_bcs: 1.757e-03
mean_grad_ic_ut: 2.754e-04
adaptive_constant_bc_val: 4.307e+04
adaptive_constant_res_val: 1.000e+00
adaptive_constant_ics_val_log: 8.049e+04
It: 2100| Loss: 1.845e+01| Loss_bcs: 1.945e-04| loss_ic_ut: 5.786e-06| Loss_res: 9.609e+00|Time: 299.76
It: 2200| Loss: 1.890e+01| Loss_bcs: 2.042e-04| loss_ic_ut: 6.757e-06| Loss_res: 9.562e+00|Time: 300.43
It: 2300| Loss: 2.025e+01| Loss_bcs: 1.634e-04| loss_ic_ut: 4.363e-05| Loss_res: 9.697e+00|Time: 299.77
It: 2400| Loss: 1.830e+01| Loss_bcs: 1.814e-04| loss_ic_ut: 4.632e-06| Loss_res: 1.011e+01|Time: 298.92
It: 2500| Loss: 2.214e+01| Loss_bcs: 2.416e-04| loss_ic_ut: 2.637e-05| Loss_res: 9.613e+00|Time: 296.39
It: 2600| Loss: 1.590e+01| Loss_bcs: 1.153e-04| loss_ic_ut: 1.637e-05| Loss_res: 9.620e+00|Time: 298.80
It: 2700| Loss: 1.759e+01| Loss_bcs: 1.691e-04| loss_ic_ut: 7.366e-06| Loss_res: 9.717e+00|Time: 299.04
It: 2800| Loss: 2.475e+01| Loss_bcs: 2.158e-04| loss_ic_ut: 6.769e-05| Loss_res: 1.001e+01|Time: 298.12
It: 2900| Loss: 2.539e+01| Loss_bcs: 2.519e-04| loss_ic_ut: 6.377e-05| Loss_res: 9.413e+00|Time: 296.67
It: 3000| Loss: 1.989e+01| Loss_bcs: 1.482e-04| loss_ic_ut: 4.776e-05| Loss_res: 9.665e+00|Time: 298.23
mean_grad_res: 8.520e-02
mean_grad_bcs: 1.038e-03
mean_grad_ic_ut: 9.821e-04
adaptive_constant_bc_val: 5.438e+04
adaptive_constant_res_val: 1.000e+00
adaptive_constant_ics_val_log: 1.070e+05
It: 3100| Loss: 2.116e+01| Loss_bcs: 1.736e-04| loss_ic_ut: 1.678e-05| Loss_res: 9.928e+00|Time: 296.76
It: 3200| Loss: 1.670e+01| Loss_bcs: 1.209e-04| loss_ic_ut: 6.360e-06| Loss_res: 9.445e+00|Time: 301.45
It: 3300| Loss: 1.781e+01| Loss_bcs: 1.311e-04| loss_ic_ut: 8.872e-06| Loss_res: 9.727e+00|Time: 298.99
It: 3400| Loss: 1.627e+01| Loss_bcs: 1.080e-04| loss_ic_ut: 5.654e-06| Loss_res: 9.787e+00|Time: 301.74
It: 3500| Loss: 1.865e+01| Loss_bcs: 1.490e-04| loss_ic_ut: 9.870e-06| Loss_res: 9.489e+00|Time: 307.00
It: 3600| Loss: 1.412e+01| Loss_bcs: 6.282e-05| loss_ic_ut: 9.129e-06| Loss_res: 9.730e+00|Time: 304.89
It: 3700| Loss: 1.650e+01| Loss_bcs: 1.124e-04| loss_ic_ut: 5.673e-06| Loss_res: 9.780e+00|Time: 302.07
It: 3800| Loss: 1.728e+01| Loss_bcs: 1.342e-04| loss_ic_ut: 7.806e-06| Loss_res: 9.148e+00|Time: 305.95
It: 3900| Loss: 1.351e+01| Loss_bcs: 5.889e-05| loss_ic_ut: 4.238e-06| Loss_res: 9.851e+00|Time: 309.40
It: 4000| Loss: 1.261e+01| Loss_bcs: 5.352e-05| loss_ic_ut: 3.132e-06| Loss_res: 9.360e+00|Time: 306.05
mean_grad_res: 8.038e-02
mean_grad_bcs: 7.625e-04
mean_grad_ic_ut: 7.200e-05
adaptive_constant_bc_val: 3.272e+04
adaptive_constant_res_val: 1.000e+00
adaptive_constant_ics_val_log: 6.287e+04
It: 4100| Loss: 1.339e+01| Loss_bcs: 7.605e-05| loss_ic_ut: 1.954e-05| Loss_res: 9.675e+00|Time: 308.73
It: 4200| Loss: 1.573e+01| Loss_bcs: 1.237e-04| loss_ic_ut: 3.404e-05| Loss_res: 9.539e+00|Time: 316.89
It: 4300| Loss: 1.104e+01| Loss_bcs: 4.578e-05| loss_ic_ut: 1.218e-06| Loss_res: 9.465e+00|Time: 315.29
It: 4400| Loss: 1.215e+01| Loss_bcs: 7.331e-05| loss_ic_ut: 3.674e-06| Loss_res: 9.521e+00|Time: 314.02
It: 4500| Loss: 1.101e+01| Loss_bcs: 4.578e-05| loss_ic_ut: 5.101e-06| Loss_res: 9.187e+00|Time: 313.87
It: 4600| Loss: 1.107e+01| Loss_bcs: 3.982e-05| loss_ic_ut: 4.036e-06| Loss_res: 9.517e+00|Time: 317.21
It: 4700| Loss: 1.261e+01| Loss_bcs: 9.334e-05| loss_ic_ut: 1.503e-06| Loss_res: 9.461e+00|Time: 320.69
It: 4800| Loss: 1.306e+01| Loss_bcs: 9.870e-05| loss_ic_ut: 6.637e-06| Loss_res: 9.409e+00|Time: 323.98
It: 4900| Loss: 1.852e+01| Loss_bcs: 2.603e-04| loss_ic_ut: 6.124e-06| Loss_res: 9.613e+00|Time: 326.24
It: 5000| Loss: 1.173e+01| Loss_bcs: 6.509e-05| loss_ic_ut: 3.879e-06| Loss_res: 9.358e+00|Time: 324.14
mean_grad_res: 1.151e-01
mean_grad_bcs: 2.214e-03
mean_grad_ic_ut: 2.080e-04
adaptive_constant_bc_val: 3.041e+04
adaptive_constant_res_val: 1.000e+00
adaptive_constant_ics_val_log: 5.587e+04
It: 5100| Loss: 1.045e+01| Loss_bcs: 2.861e-05| loss_ic_ut: 2.945e-06| Loss_res: 9.412e+00|Time: 322.86
It: 5200| Loss: 1.037e+01| Loss_bcs: 2.646e-05| loss_ic_ut: 4.101e-06| Loss_res: 9.334e+00|Time: 319.10
It: 5300| Loss: 1.241e+01| Loss_bcs: 8.011e-05| loss_ic_ut: 9.092e-06| Loss_res: 9.462e+00|Time: 319.21
It: 5400| Loss: 1.087e+01| Loss_bcs: 3.827e-05| loss_ic_ut: 1.377e-06| Loss_res: 9.632e+00|Time: 320.06
It: 5500| Loss: 1.203e+01| Loss_bcs: 6.711e-05| loss_ic_ut: 3.509e-06| Loss_res: 9.790e+00|Time: 322.76
It: 5600| Loss: 1.126e+01| Loss_bcs: 4.709e-05| loss_ic_ut: 2.876e-06| Loss_res: 9.667e+00|Time: 322.68
It: 5700| Loss: 1.127e+01| Loss_bcs: 6.342e-05| loss_ic_ut: 3.666e-06| Loss_res: 9.136e+00|Time: 324.39
It: 5800| Loss: 1.108e+01| Loss_bcs: 4.566e-05| loss_ic_ut: 3.121e-06| Loss_res: 9.521e+00|Time: 324.35
It: 5900| Loss: 1.047e+01| Loss_bcs: 3.207e-05| loss_ic_ut: 2.215e-06| Loss_res: 9.367e+00|Time: 320.67
It: 6000| Loss: 1.497e+01| Loss_bcs: 1.614e-04| loss_ic_ut: 1.227e-05| Loss_res: 9.372e+00|Time: 316.80
mean_grad_res: 8.784e-02
mean_grad_bcs: 9.057e-04
mean_grad_ic_ut: 2.272e-04
adaptive_constant_bc_val: 2.743e+04
adaptive_constant_res_val: 1.000e+00
adaptive_constant_ics_val_log: 5.289e+04
It: 6100| Loss: 1.004e+01| Loss_bcs: 2.766e-05| loss_ic_ut: 1.264e-06| Loss_res: 9.213e+00|Time: 287.71
It: 6200| Loss: 1.046e+01| Loss_bcs: 3.195e-05| loss_ic_ut: 2.991e-06| Loss_res: 9.427e+00|Time: 285.88
It: 6300| Loss: 1.020e+01| Loss_bcs: 2.027e-05| loss_ic_ut: 4.689e-07| Loss_res: 9.614e+00|Time: 286.87
It: 6400| Loss: 9.893e+00| Loss_bcs: 2.229e-05| loss_ic_ut: 9.173e-07| Loss_res: 9.233e+00|Time: 286.40
It: 6500| Loss: 9.874e+00| Loss_bcs: 1.585e-05| loss_ic_ut: 4.830e-07| Loss_res: 9.413e+00|Time: 287.78
It: 6600| Loss: 1.020e+01| Loss_bcs: 2.968e-05| loss_ic_ut: 1.526e-06| Loss_res: 9.303e+00|Time: 288.54
It: 6700| Loss: 1.070e+01| Loss_bcs: 3.743e-05| loss_ic_ut: 2.807e-06| Loss_res: 9.528e+00|Time: 289.05
It: 6800| Loss: 1.024e+01| Loss_bcs: 3.552e-05| loss_ic_ut: 1.271e-06| Loss_res: 9.196e+00|Time: 286.40
It: 6900| Loss: 1.034e+01| Loss_bcs: 2.980e-05| loss_ic_ut: 2.177e-06| Loss_res: 9.410e+00|Time: 283.78
It: 7000| Loss: 1.464e+01| Loss_bcs: 1.830e-04| loss_ic_ut: 5.604e-06| Loss_res: 9.325e+00|Time: 290.44
mean_grad_res: 6.772e-02
mean_grad_bcs: 2.638e-03
mean_grad_ic_ut: 1.089e-04
adaptive_constant_bc_val: 4.338e+04
adaptive_constant_res_val: 1.000e+00
adaptive_constant_ics_val_log: 8.215e+04
It: 7100| Loss: 1.533e+01| Loss_bcs: 1.028e-04| loss_ic_ut: 1.674e-05| Loss_res: 9.501e+00|Time: 291.79
It: 7200| Loss: 1.037e+01| Loss_bcs: 2.122e-05| loss_ic_ut: 5.187e-07| Loss_res: 9.403e+00|Time: 293.85
It: 7300| Loss: 9.524e+00| Loss_bcs: 8.941e-06| loss_ic_ut: 2.977e-07| Loss_res: 9.111e+00|Time: 296.63
It: 7400| Loss: 1.043e+01| Loss_bcs: 2.062e-05| loss_ic_ut: 3.444e-07| Loss_res: 9.503e+00|Time: 301.68
It: 7500| Loss: 1.023e+01| Loss_bcs: 2.003e-05| loss_ic_ut: 3.873e-07| Loss_res: 9.326e+00|Time: 307.02
It: 7600| Loss: 1.011e+01| Loss_bcs: 1.943e-05| loss_ic_ut: 7.655e-07| Loss_res: 9.203e+00|Time: 310.92
It: 7700| Loss: 1.005e+01| Loss_bcs: 1.562e-05| loss_ic_ut: 1.217e-06| Loss_res: 9.271e+00|Time: 306.45
It: 7800| Loss: 1.044e+01| Loss_bcs: 2.193e-05| loss_ic_ut: 2.724e-06| Loss_res: 9.264e+00|Time: 304.18
It: 7900| Loss: 1.031e+01| Loss_bcs: 1.705e-05| loss_ic_ut: 2.179e-06| Loss_res: 9.395e+00|Time: 304.32
It: 8000| Loss: 9.963e+00| Loss_bcs: 1.299e-05| loss_ic_ut: 4.488e-07| Loss_res: 9.362e+00|Time: 302.34
mean_grad_res: 9.673e-02
mean_grad_bcs: 3.758e-04
mean_grad_ic_ut: 1.227e-05
adaptive_constant_bc_val: 2.744e+04
adaptive_constant_res_val: 1.000e+00
adaptive_constant_ics_val_log: 5.539e+04
It: 8100| Loss: 9.547e+00| Loss_bcs: 1.550e-05| loss_ic_ut: 5.902e-07| Loss_res: 9.089e+00|Time: 311.99
It: 8200| Loss: 9.664e+00| Loss_bcs: 1.371e-05| loss_ic_ut: 5.945e-07| Loss_res: 9.254e+00|Time: 301.13
It: 8300| Loss: 9.749e+00| Loss_bcs: 1.490e-05| loss_ic_ut: 1.691e-06| Loss_res: 9.246e+00|Time: 302.99
It: 8400| Loss: 9.961e+00| Loss_bcs: 1.705e-05| loss_ic_ut: 1.106e-06| Loss_res: 9.432e+00|Time: 299.36
It: 8500| Loss: 9.903e+00| Loss_bcs: 1.669e-05| loss_ic_ut: 1.904e-06| Loss_res: 9.339e+00|Time: 302.21
It: 8600| Loss: 9.791e+00| Loss_bcs: 1.895e-05| loss_ic_ut: 5.578e-06| Loss_res: 8.961e+00|Time: 301.98
It: 8700| Loss: 9.822e+00| Loss_bcs: 2.480e-05| loss_ic_ut: 2.380e-06| Loss_res: 9.009e+00|Time: 302.24
It: 8800| Loss: 9.691e+00| Loss_bcs: 1.311e-05| loss_ic_ut: 7.871e-07| Loss_res: 9.287e+00|Time: 301.90
It: 8900| Loss: 9.811e+00| Loss_bcs: 1.824e-05| loss_ic_ut: 1.149e-06| Loss_res: 9.246e+00|Time: 301.50
It: 9000| Loss: 9.727e+00| Loss_bcs: 1.919e-05| loss_ic_ut: 1.152e-06| Loss_res: 9.136e+00|Time: 305.90
mean_grad_res: 9.735e-02
mean_grad_bcs: 1.988e-04
mean_grad_ic_ut: 5.462e-05
adaptive_constant_bc_val: 3.837e+04
adaptive_constant_res_val: 1.000e+00
adaptive_constant_ics_val_log: 7.798e+04
It: 9100| Loss: 9.986e+00| Loss_bcs: 1.788e-05| loss_ic_ut: 5.602e-07| Loss_res: 9.256e+00|Time: 304.69
It: 9200| Loss: 9.750e+00| Loss_bcs: 1.431e-05| loss_ic_ut: 3.686e-07| Loss_res: 9.171e+00|Time: 304.27
It: 9300| Loss: 1.006e+01| Loss_bcs: 1.943e-05| loss_ic_ut: 1.284e-06| Loss_res: 9.214e+00|Time: 306.58
It: 9400| Loss: 1.015e+01| Loss_bcs: 1.335e-05| loss_ic_ut: 1.997e-06| Loss_res: 9.486e+00|Time: 303.80
It: 9500| Loss: 9.624e+00| Loss_bcs: 1.431e-05| loss_ic_ut: 9.628e-07| Loss_res: 9.000e+00|Time: 304.17
It: 9600| Loss: 1.063e+01| Loss_bcs: 3.660e-05| loss_ic_ut: 7.941e-07| Loss_res: 9.167e+00|Time: 300.31
It: 9700| Loss: 9.772e+00| Loss_bcs: 1.192e-05| loss_ic_ut: 7.681e-07| Loss_res: 9.254e+00|Time: 297.58
It: 9800| Loss: 1.097e+01| Loss_bcs: 4.876e-05| loss_ic_ut: 1.810e-06| Loss_res: 8.955e+00|Time: 297.15
It: 9900| Loss: 9.138e+00| Loss_bcs: 8.702e-06| loss_ic_ut: 5.959e-07| Loss_res: 8.758e+00|Time: 299.58
It: 10000| Loss: 9.276e+00| Loss_bcs: 1.204e-05| loss_ic_ut: 2.820e-07| Loss_res: 8.792e+00|Time: 299.22
mean_grad_res: 5.943e-02
mean_grad_bcs: 2.762e-04
mean_grad_ic_ut: 2.377e-05
adaptive_constant_bc_val: 2.291e+04
adaptive_constant_res_val: 1.000e+00
adaptive_constant_ics_val_log: 4.293e+04
It: 10100| Loss: 9.433e+00| Loss_bcs: 1.204e-05| loss_ic_ut: 4.306e-06| Loss_res: 8.972e+00|Time: 297.52
It: 10200| Loss: 9.609e+00| Loss_bcs: 5.603e-06| loss_ic_ut: 2.773e-07| Loss_res: 9.468e+00|Time: 297.58
It: 10300| Loss: 9.797e+00| Loss_bcs: 1.442e-05| loss_ic_ut: 2.475e-06| Loss_res: 9.359e+00|Time: 299.03
It: 10400| Loss: 9.543e+00| Loss_bcs: 8.345e-06| loss_ic_ut: 7.865e-07| Loss_res: 9.318e+00|Time: 299.80
It: 10500| Loss: 9.333e+00| Loss_bcs: 9.775e-06| loss_ic_ut: 1.003e-06| Loss_res: 9.065e+00|Time: 302.11
It: 10600| Loss: 9.570e+00| Loss_bcs: 9.060e-06| loss_ic_ut: 1.371e-06| Loss_res: 9.303e+00|Time: 298.56
It: 10700| Loss: 9.120e+00| Loss_bcs: 1.013e-05| loss_ic_ut: 8.984e-07| Loss_res: 8.848e+00|Time: 299.19
It: 10800| Loss: 9.589e+00| Loss_bcs: 6.437e-06| loss_ic_ut: 9.660e-07| Loss_res: 9.400e+00|Time: 300.80
It: 10900| Loss: 9.323e+00| Loss_bcs: 8.702e-06| loss_ic_ut: 9.786e-07| Loss_res: 9.081e+00|Time: 298.41
It: 11000| Loss: 9.287e+00| Loss_bcs: 1.299e-05| loss_ic_ut: 1.083e-06| Loss_res: 8.942e+00|Time: 297.38
mean_grad_res: 7.626e-02
mean_grad_bcs: 4.318e-04
mean_grad_ic_ut: 4.519e-05
adaptive_constant_bc_val: 3.565e+04
adaptive_constant_res_val: 1.000e+00
adaptive_constant_ics_val_log: 7.052e+04
It: 11100| Loss: 9.511e+00| Loss_bcs: 1.192e-05| loss_ic_ut: 5.076e-07| Loss_res: 9.050e+00|Time: 298.05
It: 11200| Loss: 9.961e+00| Loss_bcs: 1.585e-05| loss_ic_ut: 2.854e-06| Loss_res: 9.194e+00|Time: 299.05
It: 11300| Loss: 9.598e+00| Loss_bcs: 1.073e-05| loss_ic_ut: 1.513e-06| Loss_res: 9.108e+00|Time: 299.85
It: 11400| Loss: 9.335e+00| Loss_bcs: 8.225e-06| loss_ic_ut: 1.331e-06| Loss_res: 8.948e+00|Time: 302.25
It: 11500| Loss: 9.358e+00| Loss_bcs: 4.530e-06| loss_ic_ut: 1.203e-06| Loss_res: 9.111e+00|Time: 300.28
It: 11600| Loss: 9.426e+00| Loss_bcs: 1.049e-05| loss_ic_ut: 5.678e-07| Loss_res: 9.011e+00|Time: 300.11
It: 11700| Loss: 9.288e+00| Loss_bcs: 9.060e-06| loss_ic_ut: 4.162e-07| Loss_res: 8.936e+00|Time: 300.08
It: 11800| Loss: 9.505e+00| Loss_bcs: 1.097e-05| loss_ic_ut: 4.570e-07| Loss_res: 9.081e+00|Time: 300.44
It: 11900| Loss: 9.529e+00| Loss_bcs: 7.868e-06| loss_ic_ut: 3.948e-07| Loss_res: 9.220e+00|Time: 301.59
It: 12000| Loss: 9.408e+00| Loss_bcs: 9.060e-06| loss_ic_ut: 6.219e-07| Loss_res: 9.041e+00|Time: 298.81
mean_grad_res: 5.585e-02
mean_grad_bcs: 4.153e-04
mean_grad_ic_ut: 4.352e-05
adaptive_constant_bc_val: 3.451e+04
adaptive_constant_res_val: 1.000e+00
adaptive_constant_ics_val_log: 7.002e+04
It: 12100| Loss: 1.001e+01| Loss_bcs: 2.003e-05| loss_ic_ut: 3.345e-06| Loss_res: 9.079e+00|Time: 300.50
It: 12200| Loss: 9.518e+00| Loss_bcs: 8.106e-06| loss_ic_ut: 8.577e-07| Loss_res: 9.177e+00|Time: 300.33
It: 12300| Loss: 9.598e+00| Loss_bcs: 1.228e-05| loss_ic_ut: 2.184e-06| Loss_res: 9.021e+00|Time: 300.71
It: 12400| Loss: 9.689e+00| Loss_bcs: 1.311e-05| loss_ic_ut: 5.266e-07| Loss_res: 9.199e+00|Time: 298.54
It: 12500| Loss: 9.724e+00| Loss_bcs: 1.550e-05| loss_ic_ut: 1.126e-06| Loss_res: 9.110e+00|Time: 300.17
It: 12600| Loss: 9.656e+00| Loss_bcs: 8.225e-06| loss_ic_ut: 1.513e-06| Loss_res: 9.265e+00|Time: 299.21
It: 12700| Loss: 9.363e+00| Loss_bcs: 8.106e-06| loss_ic_ut: 1.327e-06| Loss_res: 8.990e+00|Time: 300.73
It: 12800| Loss: 9.590e+00| Loss_bcs: 1.621e-05| loss_ic_ut: 2.156e-06| Loss_res: 8.879e+00|Time: 303.80
It: 12900| Loss: 9.625e+00| Loss_bcs: 1.121e-05| loss_ic_ut: 2.310e-06| Loss_res: 9.076e+00|Time: 302.37
It: 13000| Loss: 9.508e+00| Loss_bcs: 1.168e-05| loss_ic_ut: 1.333e-06| Loss_res: 9.011e+00|Time: 303.30
mean_grad_res: 6.364e-02
mean_grad_bcs: 3.881e-04
mean_grad_ic_ut: 8.765e-05
adaptive_constant_bc_val: 2.905e+04
adaptive_constant_res_val: 1.000e+00
adaptive_constant_ics_val_log: 5.961e+04
It: 13100| Loss: 9.657e+00| Loss_bcs: 8.821e-06| loss_ic_ut: 6.428e-07| Loss_res: 9.362e+00|Time: 303.70
It: 13200| Loss: 9.320e+00| Loss_bcs: 9.179e-06| loss_ic_ut: 1.584e-06| Loss_res: 8.958e+00|Time: 303.57
It: 13300| Loss: 9.409e+00| Loss_bcs: 1.347e-05| loss_ic_ut: 8.466e-07| Loss_res: 8.967e+00|Time: 300.54
It: 13400| Loss: 9.029e+00| Loss_bcs: 6.795e-06| loss_ic_ut: 4.641e-07| Loss_res: 8.804e+00|Time: 302.71
It: 13500| Loss: 9.362e+00| Loss_bcs: 1.013e-05| loss_ic_ut: 1.469e-06| Loss_res: 8.980e+00|Time: 302.69
It: 13600| Loss: 9.542e+00| Loss_bcs: 9.179e-06| loss_ic_ut: 1.330e-06| Loss_res: 9.196e+00|Time: 300.65
It: 13700| Loss: 9.247e+00| Loss_bcs: 5.126e-06| loss_ic_ut: 5.772e-07| Loss_res: 9.063e+00|Time: 300.26
It: 13800| Loss: 9.533e+00| Loss_bcs: 1.025e-05| loss_ic_ut: 2.595e-06| Loss_res: 9.080e+00|Time: 299.97
It: 13900| Loss: 9.245e+00| Loss_bcs: 6.556e-06| loss_ic_ut: 6.842e-07| Loss_res: 9.013e+00|Time: 300.97
It: 14000| Loss: 9.562e+00| Loss_bcs: 1.013e-05| loss_ic_ut: 1.512e-06| Loss_res: 9.177e+00|Time: 299.07
mean_grad_res: 5.110e-02
mean_grad_bcs: 3.737e-04
mean_grad_ic_ut: 9.978e-05
adaptive_constant_bc_val: 2.650e+04
adaptive_constant_res_val: 1.000e+00
adaptive_constant_ics_val_log: 5.687e+04
It: 14100| Loss: 9.188e+00| Loss_bcs: 5.484e-06| loss_ic_ut: 5.917e-07| Loss_res: 9.008e+00|Time: 300.94
It: 14200| Loss: 9.346e+00| Loss_bcs: 6.556e-06| loss_ic_ut: 8.727e-07| Loss_res: 9.122e+00|Time: 302.25
It: 14300| Loss: 9.210e+00| Loss_bcs: 7.510e-06| loss_ic_ut: 4.524e-07| Loss_res: 8.985e+00|Time: 305.97
It: 14400| Loss: 9.133e+00| Loss_bcs: 8.464e-06| loss_ic_ut: 3.324e-07| Loss_res: 8.889e+00|Time: 302.60
It: 14500| Loss: 9.491e+00| Loss_bcs: 6.914e-06| loss_ic_ut: 3.685e-06| Loss_res: 9.098e+00|Time: 301.95
It: 14600| Loss: 9.591e+00| Loss_bcs: 1.562e-05| loss_ic_ut: 3.335e-07| Loss_res: 9.158e+00|Time: 299.69
It: 14700| Loss: 9.160e+00| Loss_bcs: 7.749e-06| loss_ic_ut: 4.695e-07| Loss_res: 8.927e+00|Time: 299.53
It: 14800| Loss: 9.111e+00| Loss_bcs: 6.914e-06| loss_ic_ut: 6.506e-07| Loss_res: 8.891e+00|Time: 298.34
It: 14900| Loss: 9.348e+00| Loss_bcs: 6.676e-06| loss_ic_ut: 8.269e-07| Loss_res: 9.123e+00|Time: 296.91
It: 15000| Loss: 9.284e+00| Loss_bcs: 8.821e-06| loss_ic_ut: 5.655e-07| Loss_res: 9.017e+00|Time: 296.47
mean_grad_res: 9.750e-02
mean_grad_bcs: 5.951e-04
mean_grad_ic_ut: 2.501e-05
adaptive_constant_bc_val: 2.796e+04
adaptive_constant_res_val: 1.000e+00
adaptive_constant_ics_val_log: 5.734e+04
It: 15100| Loss: 9.289e+00| Loss_bcs: 7.272e-06| loss_ic_ut: 1.105e-06| Loss_res: 9.022e+00|Time: 297.16
It: 15200| Loss: 9.622e+00| Loss_bcs: 1.252e-05| loss_ic_ut: 7.429e-07| Loss_res: 9.229e+00|Time: 299.94
It: 15300| Loss: 9.017e+00| Loss_bcs: 6.199e-06| loss_ic_ut: 4.956e-07| Loss_res: 8.815e+00|Time: 297.30
It: 15400| Loss: 9.497e+00| Loss_bcs: 1.180e-05| loss_ic_ut: 2.447e-06| Loss_res: 9.026e+00|Time: 300.30
It: 15500| Loss: 9.260e+00| Loss_bcs: 7.629e-06| loss_ic_ut: 1.900e-06| Loss_res: 8.938e+00|Time: 299.40
It: 15600| Loss: 9.680e+00| Loss_bcs: 1.132e-05| loss_ic_ut: 3.208e-06| Loss_res: 9.179e+00|Time: 300.03
It: 15700| Loss: 9.303e+00| Loss_bcs: 5.484e-06| loss_ic_ut: 1.845e-07| Loss_res: 9.138e+00|Time: 298.68
It: 15800| Loss: 8.917e+00| Loss_bcs: 4.768e-06| loss_ic_ut: 1.403e-06| Loss_res: 8.703e+00|Time: 297.79
It: 15900| Loss: 9.182e+00| Loss_bcs: 5.484e-06| loss_ic_ut: 6.584e-07| Loss_res: 8.990e+00|Time: 297.45
It: 16000| Loss: 9.358e+00| Loss_bcs: 8.464e-06| loss_ic_ut: 2.311e-06| Loss_res: 8.989e+00|Time: 298.17
mean_grad_res: 8.941e-02
mean_grad_bcs: 2.590e-04
mean_grad_ic_ut: 1.774e-04
adaptive_constant_bc_val: 2.370e+04
adaptive_constant_res_val: 1.000e+00
adaptive_constant_ics_val_log: 4.863e+04
It: 16100| Loss: 9.158e+00| Loss_bcs: 7.033e-06| loss_ic_ut: 1.551e-06| Loss_res: 8.916e+00|Time: 298.61
It: 16200| Loss: 9.447e+00| Loss_bcs: 1.776e-05| loss_ic_ut: 1.614e-06| Loss_res: 8.947e+00|Time: 297.70
It: 16300| Loss: 9.066e+00| Loss_bcs: 5.841e-06| loss_ic_ut: 3.826e-07| Loss_res: 8.908e+00|Time: 298.50
It: 16400| Loss: 9.278e+00| Loss_bcs: 1.264e-05| loss_ic_ut: 1.581e-06| Loss_res: 8.901e+00|Time: 299.01
It: 16500| Loss: 9.151e+00| Loss_bcs: 8.345e-06| loss_ic_ut: 7.538e-07| Loss_res: 8.916e+00|Time: 301.80
It: 16600| Loss: 8.966e+00| Loss_bcs: 1.013e-05| loss_ic_ut: 1.154e-06| Loss_res: 8.669e+00|Time: 302.78
It: 16700| Loss: 9.346e+00| Loss_bcs: 8.702e-06| loss_ic_ut: 9.929e-07| Loss_res: 9.091e+00|Time: 307.08
It: 16800| Loss: 9.220e+00| Loss_bcs: 6.676e-06| loss_ic_ut: 6.340e-07| Loss_res: 9.030e+00|Time: 300.11
It: 16900| Loss: 9.067e+00| Loss_bcs: 5.245e-06| loss_ic_ut: 5.340e-07| Loss_res: 8.916e+00|Time: 299.42
It: 17000| Loss: 9.347e+00| Loss_bcs: 1.121e-05| loss_ic_ut: 1.803e-06| Loss_res: 8.993e+00|Time: 301.86
mean_grad_res: 8.885e-02
mean_grad_bcs: 7.941e-04
mean_grad_ic_ut: 1.071e-04
adaptive_constant_bc_val: 1.750e+04
adaptive_constant_res_val: 1.000e+00
adaptive_constant_ics_val_log: 3.809e+04
It: 17100| Loss: 8.943e+00| Loss_bcs: 5.960e-06| loss_ic_ut: 1.221e-06| Loss_res: 8.792e+00|Time: 300.91
It: 17200| Loss: 9.143e+00| Loss_bcs: 5.960e-06| loss_ic_ut: 4.656e-07| Loss_res: 9.020e+00|Time: 301.54
It: 17300| Loss: 9.114e+00| Loss_bcs: 6.080e-06| loss_ic_ut: 5.568e-07| Loss_res: 8.986e+00|Time: 302.42
It: 17400| Loss: 9.069e+00| Loss_bcs: 4.888e-06| loss_ic_ut: 3.503e-07| Loss_res: 8.969e+00|Time: 300.79
It: 17500| Loss: 9.360e+00| Loss_bcs: 6.914e-06| loss_ic_ut: 9.909e-07| Loss_res: 9.201e+00|Time: 302.71
It: 17600| Loss: 8.870e+00| Loss_bcs: 6.199e-06| loss_ic_ut: 1.462e-06| Loss_res: 8.705e+00|Time: 300.55
It: 17700| Loss: 8.914e+00| Loss_bcs: 5.245e-06| loss_ic_ut: 5.936e-07| Loss_res: 8.799e+00|Time: 301.72
It: 17800| Loss: 9.156e+00| Loss_bcs: 6.437e-06| loss_ic_ut: 6.905e-07| Loss_res: 9.016e+00|Time: 303.48
It: 17900| Loss: 8.984e+00| Loss_bcs: 4.888e-06| loss_ic_ut: 1.247e-06| Loss_res: 8.850e+00|Time: 302.02
It: 18000| Loss: 9.153e+00| Loss_bcs: 7.391e-06| loss_ic_ut: 2.610e-06| Loss_res: 8.923e+00|Time: 302.13
mean_grad_res: 6.066e-02
mean_grad_bcs: 3.810e-04
mean_grad_ic_ut: 4.524e-05
adaptive_constant_bc_val: 2.668e+04
adaptive_constant_res_val: 1.000e+00
adaptive_constant_ics_val_log: 5.610e+04
It: 18100| Loss: 9.253e+00| Loss_bcs: 8.106e-06| loss_ic_ut: 1.425e-06| Loss_res: 8.957e+00|Time: 304.59
It: 18200| Loss: 9.004e+00| Loss_bcs: 4.888e-06| loss_ic_ut: 4.697e-07| Loss_res: 8.846e+00|Time: 301.87
It: 18300| Loss: 9.014e+00| Loss_bcs: 2.980e-06| loss_ic_ut: 2.051e-06| Loss_res: 8.819e+00|Time: 301.95
It: 18400| Loss: 9.088e+00| Loss_bcs: 6.556e-06| loss_ic_ut: 5.469e-07| Loss_res: 8.882e+00|Time: 304.56
It: 18500| Loss: 8.992e+00| Loss_bcs: 6.795e-06| loss_ic_ut: 3.378e-07| Loss_res: 8.791e+00|Time: 303.88
It: 18600| Loss: 9.256e+00| Loss_bcs: 6.437e-06| loss_ic_ut: 1.178e-06| Loss_res: 9.018e+00|Time: 302.53
It: 18700| Loss: 9.078e+00| Loss_bcs: 6.914e-06| loss_ic_ut: 3.836e-07| Loss_res: 8.872e+00|Time: 305.06
It: 18800| Loss: 8.992e+00| Loss_bcs: 8.345e-06| loss_ic_ut: 8.684e-07| Loss_res: 8.720e+00|Time: 304.55
It: 18900| Loss: 9.138e+00| Loss_bcs: 4.530e-06| loss_ic_ut: 4.204e-07| Loss_res: 8.993e+00|Time: 303.16
It: 19000| Loss: 9.087e+00| Loss_bcs: 5.126e-06| loss_ic_ut: 1.155e-06| Loss_res: 8.885e+00|Time: 305.09
mean_grad_res: 1.065e-01
mean_grad_bcs: 3.983e-04
mean_grad_ic_ut: 6.428e-05
adaptive_constant_bc_val: 2.118e+04
adaptive_constant_res_val: 1.000e+00
adaptive_constant_ics_val_log: 4.407e+04
It: 19100| Loss: 8.726e+00| Loss_bcs: 4.888e-06| loss_ic_ut: 4.292e-07| Loss_res: 8.603e+00|Time: 303.35
It: 19200| Loss: 8.974e+00| Loss_bcs: 3.934e-06| loss_ic_ut: 8.589e-07| Loss_res: 8.852e+00|Time: 303.11
It: 19300| Loss: 9.176e+00| Loss_bcs: 4.768e-06| loss_ic_ut: 5.710e-07| Loss_res: 9.049e+00|Time: 303.66
It: 19400| Loss: 8.989e+00| Loss_bcs: 8.941e-06| loss_ic_ut: 5.729e-07| Loss_res: 8.774e+00|Time: 301.78
It: 19500| Loss: 9.061e+00| Loss_bcs: 6.318e-06| loss_ic_ut: 1.483e-06| Loss_res: 8.861e+00|Time: 302.47
It: 19600| Loss: 9.200e+00| Loss_bcs: 5.722e-06| loss_ic_ut: 1.876e-06| Loss_res: 8.996e+00|Time: 301.38
It: 19700| Loss: 8.846e+00| Loss_bcs: 7.153e-06| loss_ic_ut: 7.812e-07| Loss_res: 8.660e+00|Time: 302.57
It: 19800| Loss: 8.939e+00| Loss_bcs: 4.530e-06| loss_ic_ut: 8.958e-07| Loss_res: 8.803e+00|Time: 303.62
It: 19900| Loss: 8.700e+00| Loss_bcs: 4.411e-06| loss_ic_ut: 1.034e-06| Loss_res: 8.561e+00|Time: 306.55
It: 20000| Loss: 9.019e+00| Loss_bcs: 7.391e-06| loss_ic_ut: 3.680e-07| Loss_res: 8.846e+00|Time: 310.94
mean_grad_res: 4.887e-02
mean_grad_bcs: 2.404e-04
mean_grad_ic_ut: 4.144e-05
adaptive_constant_bc_val: 2.295e+04
adaptive_constant_res_val: 1.000e+00
adaptive_constant_ics_val_log: 5.007e+04
It: 20100| Loss: 9.047e+00| Loss_bcs: 1.001e-05| loss_ic_ut: 2.033e-06| Loss_res: 8.715e+00|Time: 308.42
It: 20200| Loss: 9.301e+00| Loss_bcs: 9.179e-06| loss_ic_ut: 1.468e-06| Loss_res: 9.016e+00|Time: 379.29
It: 20300| Loss: 9.065e+00| Loss_bcs: 9.537e-06| loss_ic_ut: 1.494e-06| Loss_res: 8.771e+00|Time: 394.72
It: 20400| Loss: 8.808e+00| Loss_bcs: 3.338e-06| loss_ic_ut: 3.669e-07| Loss_res: 8.712e+00|Time: 329.57
It: 20500| Loss: 9.106e+00| Loss_bcs: 4.768e-06| loss_ic_ut: 9.020e-07| Loss_res: 8.951e+00|Time: 286.29
It: 20600| Loss: 9.000e+00| Loss_bcs: 3.934e-06| loss_ic_ut: 4.799e-07| Loss_res: 8.885e+00|Time: 286.67
It: 20700| Loss: 8.868e+00| Loss_bcs: 6.199e-06| loss_ic_ut: 8.506e-07| Loss_res: 8.683e+00|Time: 280.25
It: 20800| Loss: 8.856e+00| Loss_bcs: 3.695e-06| loss_ic_ut: 7.044e-07| Loss_res: 8.735e+00|Time: 280.43
It: 20900| Loss: 9.334e+00| Loss_bcs: 8.583e-06| loss_ic_ut: 1.736e-06| Loss_res: 9.050e+00|Time: 272.70
It: 21000| Loss: 9.041e+00| Loss_bcs: 5.722e-06| loss_ic_ut: 7.575e-07| Loss_res: 8.871e+00|Time: 267.95
mean_grad_res: 6.892e-02
mean_grad_bcs: 2.124e-04
mean_grad_ic_ut: 4.959e-05
adaptive_constant_bc_val: 2.526e+04
adaptive_constant_res_val: 1.000e+00
adaptive_constant_ics_val_log: 5.172e+04
It: 21100| Loss: 8.966e+00| Loss_bcs: 4.530e-06| loss_ic_ut: 2.799e-07| Loss_res: 8.836e+00|Time: 267.85
It: 21200| Loss: 9.280e+00| Loss_bcs: 6.437e-06| loss_ic_ut: 5.368e-07| Loss_res: 9.089e+00|Time: 267.27
It: 21300| Loss: 8.823e+00| Loss_bcs: 5.603e-06| loss_ic_ut: 2.300e-06| Loss_res: 8.562e+00|Time: 273.42
It: 21400| Loss: 9.000e+00| Loss_bcs: 5.364e-06| loss_ic_ut: 3.813e-07| Loss_res: 8.844e+00|Time: 285.08
It: 21500| Loss: 9.027e+00| Loss_bcs: 5.126e-06| loss_ic_ut: 3.421e-07| Loss_res: 8.879e+00|Time: 284.20
It: 21600| Loss: 8.928e+00| Loss_bcs: 4.649e-06| loss_ic_ut: 5.680e-07| Loss_res: 8.780e+00|Time: 284.03
It: 21700| Loss: 8.812e+00| Loss_bcs: 1.073e-05| loss_ic_ut: 3.386e-07| Loss_res: 8.522e+00|Time: 280.85
It: 21800| Loss: 9.057e+00| Loss_bcs: 4.411e-06| loss_ic_ut: 1.322e-06| Loss_res: 8.877e+00|Time: 284.84
It: 21900| Loss: 9.044e+00| Loss_bcs: 6.437e-06| loss_ic_ut: 6.278e-07| Loss_res: 8.848e+00|Time: 281.72
It: 22000| Loss: 8.992e+00| Loss_bcs: 3.934e-06| loss_ic_ut: 1.114e-06| Loss_res: 8.834e+00|Time: 279.41
mean_grad_res: 7.538e-02
mean_grad_bcs: 1.165e-04
mean_grad_ic_ut: 5.079e-05
adaptive_constant_bc_val: 3.421e+04
adaptive_constant_res_val: 1.000e+00
adaptive_constant_ics_val_log: 6.536e+04
It: 22100| Loss: 9.041e+00| Loss_bcs: 5.245e-06| loss_ic_ut: 4.189e-07| Loss_res: 8.833e+00|Time: 286.52
It: 22200| Loss: 8.927e+00| Loss_bcs: 3.457e-06| loss_ic_ut: 3.590e-07| Loss_res: 8.785e+00|Time: 285.54
It: 22300| Loss: 9.146e+00| Loss_bcs: 4.888e-06| loss_ic_ut: 9.098e-07| Loss_res: 8.918e+00|Time: 284.41
It: 22400| Loss: 9.348e+00| Loss_bcs: 9.179e-06| loss_ic_ut: 1.680e-06| Loss_res: 8.924e+00|Time: 285.61
It: 22500| Loss: 9.106e+00| Loss_bcs: 6.914e-06| loss_ic_ut: 4.506e-07| Loss_res: 8.840e+00|Time: 285.92
It: 22600| Loss: 8.944e+00| Loss_bcs: 4.768e-06| loss_ic_ut: 6.068e-07| Loss_res: 8.740e+00|Time: 280.32
It: 22700| Loss: 9.139e+00| Loss_bcs: 4.292e-06| loss_ic_ut: 2.238e-06| Loss_res: 8.845e+00|Time: 267.35
It: 22800| Loss: 9.196e+00| Loss_bcs: 5.126e-06| loss_ic_ut: 1.160e-06| Loss_res: 8.944e+00|Time: 267.99
It: 22900| Loss: 8.891e+00| Loss_bcs: 6.914e-06| loss_ic_ut: 7.176e-07| Loss_res: 8.607e+00|Time: 264.60
It: 23000| Loss: 9.017e+00| Loss_bcs: 3.338e-06| loss_ic_ut: 9.443e-07| Loss_res: 8.841e+00|Time: 269.14
mean_grad_res: 7.293e-02
mean_grad_bcs: 8.790e-05
mean_grad_ic_ut: 6.240e-05
adaptive_constant_bc_val: 2.248e+04
adaptive_constant_res_val: 1.000e+00
adaptive_constant_ics_val_log: 4.676e+04
It: 23100| Loss: 9.104e+00| Loss_bcs: 4.530e-06| loss_ic_ut: 3.824e-07| Loss_res: 8.983e+00|Time: 269.49
It: 23200| Loss: 8.985e+00| Loss_bcs: 4.888e-06| loss_ic_ut: 4.773e-07| Loss_res: 8.853e+00|Time: 258.36
It: 23300| Loss: 8.889e+00| Loss_bcs: 6.199e-06| loss_ic_ut: 3.909e-07| Loss_res: 8.730e+00|Time: 227.68
It: 23400| Loss: 9.066e+00| Loss_bcs: 3.457e-06| loss_ic_ut: 4.405e-07| Loss_res: 8.967e+00|Time: 219.87
It: 23500| Loss: 8.878e+00| Loss_bcs: 3.219e-06| loss_ic_ut: 3.294e-07| Loss_res: 8.790e+00|Time: 219.90
It: 23600| Loss: 8.739e+00| Loss_bcs: 3.695e-06| loss_ic_ut: 6.328e-07| Loss_res: 8.626e+00|Time: 222.14
It: 23700| Loss: 9.058e+00| Loss_bcs: 3.934e-06| loss_ic_ut: 7.224e-07| Loss_res: 8.935e+00|Time: 219.69
It: 23800| Loss: 8.963e+00| Loss_bcs: 5.484e-06| loss_ic_ut: 7.570e-07| Loss_res: 8.804e+00|Time: 218.01
It: 23900| Loss: 9.087e+00| Loss_bcs: 7.749e-06| loss_ic_ut: 3.637e-07| Loss_res: 8.895e+00|Time: 193.72
It: 24000| Loss: 9.127e+00| Loss_bcs: 3.934e-06| loss_ic_ut: 9.858e-07| Loss_res: 8.992e+00|Time: 189.15
mean_grad_res: 1.229e-01
mean_grad_bcs: 1.102e-04
mean_grad_ic_ut: 7.123e-05
adaptive_constant_bc_val: 3.265e+04
adaptive_constant_res_val: 1.000e+00
adaptive_constant_ics_val_log: 6.877e+04
It: 24100| Loss: 8.805e+00| Loss_bcs: 5.007e-06| loss_ic_ut: 9.511e-07| Loss_res: 8.575e+00|Time: 186.02
It: 24200| Loss: 8.905e+00| Loss_bcs: 4.649e-06| loss_ic_ut: 3.799e-07| Loss_res: 8.727e+00|Time: 181.28
It: 24300| Loss: 8.874e+00| Loss_bcs: 4.888e-06| loss_ic_ut: 1.925e-06| Loss_res: 8.581e+00|Time: 173.96
It: 24400| Loss: 8.766e+00| Loss_bcs: 4.172e-06| loss_ic_ut: 3.078e-07| Loss_res: 8.608e+00|Time: 175.82
It: 24500| Loss: 8.989e+00| Loss_bcs: 3.695e-06| loss_ic_ut: 8.244e-07| Loss_res: 8.811e+00|Time: 171.95
It: 24600| Loss: 8.957e+00| Loss_bcs: 3.457e-06| loss_ic_ut: 1.077e-06| Loss_res: 8.770e+00|Time: 173.00
It: 24700| Loss: 9.235e+00| Loss_bcs: 5.007e-06| loss_ic_ut: 8.574e-07| Loss_res: 9.013e+00|Time: 174.52
It: 24800| Loss: 9.003e+00| Loss_bcs: 5.007e-06| loss_ic_ut: 4.664e-07| Loss_res: 8.807e+00|Time: 172.51
It: 24900| Loss: 9.083e+00| Loss_bcs: 8.941e-06| loss_ic_ut: 3.715e-07| Loss_res: 8.765e+00|Time: 174.76
It: 25000| Loss: 8.964e+00| Loss_bcs: 3.219e-06| loss_ic_ut: 9.588e-07| Loss_res: 8.793e+00|Time: 168.72
mean_grad_res: 9.037e-02
mean_grad_bcs: 2.931e-05
mean_grad_ic_ut: 3.600e-05
adaptive_constant_bc_val: 2.642e+04
adaptive_constant_res_val: 1.000e+00
adaptive_constant_ics_val_log: 5.754e+04
It: 25100| Loss: 9.160e+00| Loss_bcs: 5.126e-06| loss_ic_ut: 3.859e-06| Loss_res: 8.802e+00|Time: 160.31
It: 25200| Loss: 9.040e+00| Loss_bcs: 6.318e-06| loss_ic_ut: 5.765e-07| Loss_res: 8.840e+00|Time: 162.15
It: 25300| Loss: 8.849e+00| Loss_bcs: 2.742e-06| loss_ic_ut: 7.276e-07| Loss_res: 8.734e+00|Time: 159.22
It: 25400| Loss: 8.912e+00| Loss_bcs: 3.695e-06| loss_ic_ut: 1.367e-06| Loss_res: 8.735e+00|Time: 161.28
It: 25500| Loss: 8.889e+00| Loss_bcs: 4.053e-06| loss_ic_ut: 9.598e-07| Loss_res: 8.726e+00|Time: 155.83
It: 25600| Loss: 8.797e+00| Loss_bcs: 2.503e-06| loss_ic_ut: 5.612e-07| Loss_res: 8.698e+00|Time: 161.68
It: 25700| Loss: 8.930e+00| Loss_bcs: 5.841e-06| loss_ic_ut: 4.592e-07| Loss_res: 8.749e+00|Time: 171.94
It: 25800| Loss: 8.873e+00| Loss_bcs: 4.530e-06| loss_ic_ut: 3.621e-07| Loss_res: 8.732e+00|Time: 172.00
It: 25900| Loss: 8.852e+00| Loss_bcs: 3.457e-06| loss_ic_ut: 5.909e-07| Loss_res: 8.726e+00|Time: 170.49
It: 26000| Loss: 9.074e+00| Loss_bcs: 5.603e-06| loss_ic_ut: 6.434e-07| Loss_res: 8.888e+00|Time: 171.39
mean_grad_res: 6.733e-02
mean_grad_bcs: 1.848e-04
mean_grad_ic_ut: 2.104e-05
adaptive_constant_bc_val: 2.344e+04
adaptive_constant_res_val: 1.000e+00
adaptive_constant_ics_val_log: 4.897e+04
It: 26100| Loss: 8.814e+00| Loss_bcs: 4.053e-06| loss_ic_ut: 3.740e-07| Loss_res: 8.700e+00|Time: 167.26
It: 26200| Loss: 8.806e+00| Loss_bcs: 4.292e-06| loss_ic_ut: 2.561e-07| Loss_res: 8.692e+00|Time: 168.36
It: 26300| Loss: 9.075e+00| Loss_bcs: 6.080e-06| loss_ic_ut: 5.520e-07| Loss_res: 8.905e+00|Time: 168.70
It: 26400| Loss: 8.959e+00| Loss_bcs: 3.099e-06| loss_ic_ut: 5.619e-07| Loss_res: 8.858e+00|Time: 159.13
It: 26500| Loss: 8.831e+00| Loss_bcs: 3.099e-06| loss_ic_ut: 5.996e-07| Loss_res: 8.729e+00|Time: 159.49
It: 26600| Loss: 9.012e+00| Loss_bcs: 6.080e-06| loss_ic_ut: 5.211e-07| Loss_res: 8.843e+00|Time: 162.41
It: 26700| Loss: 9.099e+00| Loss_bcs: 6.080e-06| loss_ic_ut: 1.012e-06| Loss_res: 8.907e+00|Time: 164.56
It: 26800| Loss: 9.165e+00| Loss_bcs: 3.338e-06| loss_ic_ut: 1.052e-06| Loss_res: 9.035e+00|Time: 162.22
It: 26900| Loss: 9.224e+00| Loss_bcs: 6.795e-06| loss_ic_ut: 1.249e-06| Loss_res: 9.003e+00|Time: 167.45
It: 27000| Loss: 8.878e+00| Loss_bcs: 6.318e-06| loss_ic_ut: 2.442e-07| Loss_res: 8.718e+00|Time: 163.58
mean_grad_res: 9.895e-02
mean_grad_bcs: 1.590e-04
mean_grad_ic_ut: 8.996e-06
adaptive_constant_bc_val: 2.113e+04
adaptive_constant_res_val: 1.000e+00
adaptive_constant_ics_val_log: 4.475e+04
It: 27100| Loss: 8.763e+00| Loss_bcs: 4.888e-06| loss_ic_ut: 3.024e-07| Loss_res: 8.645e+00|Time: 164.96
It: 27200| Loss: 8.934e+00| Loss_bcs: 5.960e-06| loss_ic_ut: 5.633e-07| Loss_res: 8.782e+00|Time: 171.63
It: 27300| Loss: 8.726e+00| Loss_bcs: 3.099e-06| loss_ic_ut: 4.406e-07| Loss_res: 8.640e+00|Time: 174.93
It: 27400| Loss: 8.733e+00| Loss_bcs: 3.695e-06| loss_ic_ut: 5.475e-07| Loss_res: 8.630e+00|Time: 175.61
It: 27500| Loss: 9.044e+00| Loss_bcs: 5.007e-06| loss_ic_ut: 8.686e-07| Loss_res: 8.899e+00|Time: 174.16
It: 27600| Loss: 9.011e+00| Loss_bcs: 3.338e-06| loss_ic_ut: 7.829e-07| Loss_res: 8.905e+00|Time: 174.01
It: 27700| Loss: 8.929e+00| Loss_bcs: 2.861e-06| loss_ic_ut: 2.331e-07| Loss_res: 8.857e+00|Time: 173.66
It: 27800| Loss: 8.846e+00| Loss_bcs: 5.007e-06| loss_ic_ut: 6.016e-07| Loss_res: 8.713e+00|Time: 171.41
It: 27900| Loss: 8.880e+00| Loss_bcs: 5.126e-06| loss_ic_ut: 5.805e-07| Loss_res: 8.745e+00|Time: 174.33
It: 28000| Loss: 8.934e+00| Loss_bcs: 3.695e-06| loss_ic_ut: 9.034e-07| Loss_res: 8.815e+00|Time: 175.56
mean_grad_res: 8.392e-02
mean_grad_bcs: 1.087e-04
mean_grad_ic_ut: 6.956e-05
adaptive_constant_bc_val: 1.672e+04
adaptive_constant_res_val: 1.000e+00
adaptive_constant_ics_val_log: 3.462e+04
It: 28100| Loss: 8.826e+00| Loss_bcs: 6.080e-06| loss_ic_ut: 7.437e-07| Loss_res: 8.698e+00|Time: 177.41
It: 28200| Loss: 9.023e+00| Loss_bcs: 7.510e-06| loss_ic_ut: 8.017e-07| Loss_res: 8.869e+00|Time: 177.28
It: 28300| Loss: 8.903e+00| Loss_bcs: 2.980e-06| loss_ic_ut: 7.643e-07| Loss_res: 8.826e+00|Time: 176.52
It: 28400| Loss: 8.981e+00| Loss_bcs: 3.695e-06| loss_ic_ut: 7.696e-07| Loss_res: 8.892e+00|Time: 174.26
It: 28500| Loss: 9.017e+00| Loss_bcs: 2.980e-06| loss_ic_ut: 7.008e-07| Loss_res: 8.942e+00|Time: 172.02
It: 28600| Loss: 8.892e+00| Loss_bcs: 4.292e-06| loss_ic_ut: 5.701e-07| Loss_res: 8.799e+00|Time: 172.35
It: 28700| Loss: 8.898e+00| Loss_bcs: 3.815e-06| loss_ic_ut: 9.593e-07| Loss_res: 8.800e+00|Time: 175.83
It: 28800| Loss: 8.983e+00| Loss_bcs: 3.576e-06| loss_ic_ut: 1.558e-06| Loss_res: 8.868e+00|Time: 171.30
It: 28900| Loss: 8.875e+00| Loss_bcs: 5.603e-06| loss_ic_ut: 1.297e-06| Loss_res: 8.736e+00|Time: 174.08
It: 29000| Loss: 8.621e+00| Loss_bcs: 3.457e-06| loss_ic_ut: 5.507e-07| Loss_res: 8.544e+00|Time: 172.38
mean_grad_res: 7.087e-02
mean_grad_bcs: 9.477e-05
mean_grad_ic_ut: 1.757e-05
adaptive_constant_bc_val: 2.442e+04
adaptive_constant_res_val: 1.000e+00
adaptive_constant_ics_val_log: 4.960e+04
It: 29100| Loss: 8.932e+00| Loss_bcs: 3.934e-06| loss_ic_ut: 5.973e-07| Loss_res: 8.805e+00|Time: 178.70
It: 29200| Loss: 9.038e+00| Loss_bcs: 1.013e-05| loss_ic_ut: 9.410e-07| Loss_res: 8.743e+00|Time: 181.85
It: 29300| Loss: 9.156e+00| Loss_bcs: 5.960e-06| loss_ic_ut: 3.892e-07| Loss_res: 8.990e+00|Time: 170.20
It: 29400| Loss: 9.145e+00| Loss_bcs: 5.603e-06| loss_ic_ut: 5.109e-07| Loss_res: 8.982e+00|Time: 171.48
It: 29500| Loss: 8.896e+00| Loss_bcs: 7.153e-06| loss_ic_ut: 4.171e-07| Loss_res: 8.700e+00|Time: 164.78
It: 29600| Loss: 8.753e+00| Loss_bcs: 4.172e-06| loss_ic_ut: 4.536e-07| Loss_res: 8.628e+00|Time: 161.59
It: 29700| Loss: 8.738e+00| Loss_bcs: 3.099e-06| loss_ic_ut: 3.412e-07| Loss_res: 8.645e+00|Time: 160.32
It: 29800| Loss: 9.070e+00| Loss_bcs: 5.126e-06| loss_ic_ut: 7.262e-07| Loss_res: 8.908e+00|Time: 160.44
It: 29900| Loss: 9.105e+00| Loss_bcs: 4.053e-06| loss_ic_ut: 3.036e-07| Loss_res: 8.991e+00|Time: 161.76
It: 30000| Loss: 9.179e+00| Loss_bcs: 3.934e-06| loss_ic_ut: 5.847e-07| Loss_res: 9.054e+00|Time: 158.53
mean_grad_res: 9.255e-02
mean_grad_bcs: 7.926e-05
mean_grad_ic_ut: 3.875e-05
adaptive_constant_bc_val: 2.892e+04
adaptive_constant_res_val: 1.000e+00
adaptive_constant_ics_val_log: 5.815e+04
It: 30100| Loss: 8.751e+00| Loss_bcs: 3.338e-06| loss_ic_ut: 2.872e-07| Loss_res: 8.637e+00|Time: 160.27
It: 30200| Loss: 9.047e+00| Loss_bcs: 3.934e-06| loss_ic_ut: 1.014e-06| Loss_res: 8.874e+00|Time: 158.77
It: 30300| Loss: 8.781e+00| Loss_bcs: 3.695e-06| loss_ic_ut: 4.627e-07| Loss_res: 8.647e+00|Time: 165.01
It: 30400| Loss: 8.863e+00| Loss_bcs: 6.795e-06| loss_ic_ut: 2.240e-07| Loss_res: 8.653e+00|Time: 162.00
It: 30500| Loss: 8.783e+00| Loss_bcs: 4.768e-06| loss_ic_ut: 5.340e-07| Loss_res: 8.613e+00|Time: 168.18
It: 30600| Loss: 8.981e+00| Loss_bcs: 5.722e-06| loss_ic_ut: 1.220e-06| Loss_res: 8.744e+00|Time: 170.92
It: 30700| Loss: 8.766e+00| Loss_bcs: 3.934e-06| loss_ic_ut: 7.861e-07| Loss_res: 8.606e+00|Time: 171.33
It: 30800| Loss: 9.156e+00| Loss_bcs: 3.576e-06| loss_ic_ut: 5.134e-07| Loss_res: 9.023e+00|Time: 172.62
It: 30900| Loss: 8.949e+00| Loss_bcs: 5.603e-06| loss_ic_ut: 6.800e-07| Loss_res: 8.747e+00|Time: 172.70
It: 31000| Loss: 8.877e+00| Loss_bcs: 5.722e-06| loss_ic_ut: 5.595e-07| Loss_res: 8.678e+00|Time: 169.43
mean_grad_res: 7.778e-02
mean_grad_bcs: 1.121e-04
mean_grad_ic_ut: 8.918e-06
adaptive_constant_bc_val: 2.886e+04
adaptive_constant_res_val: 1.000e+00
adaptive_constant_ics_val_log: 5.807e+04
It: 31100| Loss: 8.862e+00| Loss_bcs: 2.027e-06| loss_ic_ut: 8.954e-07| Loss_res: 8.751e+00|Time: 168.02
It: 31200| Loss: 8.770e+00| Loss_bcs: 3.338e-06| loss_ic_ut: 4.106e-07| Loss_res: 8.650e+00|Time: 170.54
It: 31300| Loss: 8.958e+00| Loss_bcs: 4.888e-06| loss_ic_ut: 2.796e-07| Loss_res: 8.800e+00|Time: 169.84
It: 31400| Loss: 8.987e+00| Loss_bcs: 5.126e-06| loss_ic_ut: 6.229e-07| Loss_res: 8.803e+00|Time: 171.06
It: 31500| Loss: 8.664e+00| Loss_bcs: 2.027e-06| loss_ic_ut: 6.099e-07| Loss_res: 8.569e+00|Time: 169.38
It: 31600| Loss: 9.250e+00| Loss_bcs: 3.576e-06| loss_ic_ut: 4.097e-07| Loss_res: 9.123e+00|Time: 164.95
It: 31700| Loss: 8.797e+00| Loss_bcs: 2.980e-06| loss_ic_ut: 1.288e-06| Loss_res: 8.636e+00|Time: 177.44
It: 31800| Loss: 8.727e+00| Loss_bcs: 4.888e-06| loss_ic_ut: 4.447e-07| Loss_res: 8.559e+00|Time: 168.30
It: 31900| Loss: 8.963e+00| Loss_bcs: 3.457e-06| loss_ic_ut: 7.086e-07| Loss_res: 8.822e+00|Time: 169.10
It: 32000| Loss: 8.796e+00| Loss_bcs: 5.841e-06| loss_ic_ut: 1.028e-06| Loss_res: 8.567e+00|Time: 170.00
mean_grad_res: 5.614e-02
mean_grad_bcs: 6.366e-05
mean_grad_ic_ut: 4.827e-05
adaptive_constant_bc_val: 1.261e+04
adaptive_constant_res_val: 1.000e+00
adaptive_constant_ics_val_log: 2.699e+04
It: 32100| Loss: 8.831e+00| Loss_bcs: 3.219e-06| loss_ic_ut: 7.489e-07| Loss_res: 8.769e+00|Time: 172.04
It: 32200| Loss: 8.979e+00| Loss_bcs: 6.437e-06| loss_ic_ut: 5.766e-07| Loss_res: 8.881e+00|Time: 169.57
It: 32300| Loss: 8.670e+00| Loss_bcs: 2.742e-06| loss_ic_ut: 1.279e-06| Loss_res: 8.600e+00|Time: 167.32
It: 32400| Loss: 8.832e+00| Loss_bcs: 3.099e-06| loss_ic_ut: 8.785e-07| Loss_res: 8.768e+00|Time: 166.63
It: 32500| Loss: 8.838e+00| Loss_bcs: 5.484e-06| loss_ic_ut: 6.934e-07| Loss_res: 8.749e+00|Time: 168.76
It: 32600| Loss: 8.871e+00| Loss_bcs: 2.742e-06| loss_ic_ut: 3.547e-07| Loss_res: 8.825e+00|Time: 171.36
It: 32700| Loss: 8.832e+00| Loss_bcs: 8.225e-06| loss_ic_ut: 5.685e-07| Loss_res: 8.712e+00|Time: 179.44
It: 32800| Loss: 8.754e+00| Loss_bcs: 4.411e-06| loss_ic_ut: 3.288e-07| Loss_res: 8.689e+00|Time: 176.14
It: 32900| Loss: 8.868e+00| Loss_bcs: 4.530e-06| loss_ic_ut: 6.236e-07| Loss_res: 8.793e+00|Time: 178.68
It: 33000| Loss: 8.893e+00| Loss_bcs: 1.550e-06| loss_ic_ut: 5.906e-07| Loss_res: 8.856e+00|Time: 180.78
mean_grad_res: 7.067e-02
mean_grad_bcs: 3.568e-05
mean_grad_ic_ut: 5.857e-05
adaptive_constant_bc_val: 2.394e+04
adaptive_constant_res_val: 1.000e+00
adaptive_constant_ics_val_log: 5.005e+04
It: 33100| Loss: 8.933e+00| Loss_bcs: 5.245e-06| loss_ic_ut: 4.761e-07| Loss_res: 8.783e+00|Time: 177.35
It: 33200| Loss: 8.702e+00| Loss_bcs: 3.934e-06| loss_ic_ut: 1.952e-06| Loss_res: 8.510e+00|Time: 182.97
It: 33300| Loss: 8.852e+00| Loss_bcs: 3.457e-06| loss_ic_ut: 3.263e-07| Loss_res: 8.753e+00|Time: 177.75
It: 33400| Loss: 8.769e+00| Loss_bcs: 4.530e-06| loss_ic_ut: 2.341e-06| Loss_res: 8.543e+00|Time: 175.90
It: 33500| Loss: 8.998e+00| Loss_bcs: 3.457e-06| loss_ic_ut: 2.658e-07| Loss_res: 8.901e+00|Time: 172.95
It: 33600| Loss: 9.032e+00| Loss_bcs: 4.530e-06| loss_ic_ut: 2.785e-07| Loss_res: 8.909e+00|Time: 175.58
It: 33700| Loss: 8.833e+00| Loss_bcs: 2.980e-06| loss_ic_ut: 9.096e-07| Loss_res: 8.716e+00|Time: 175.19
It: 33800| Loss: 8.954e+00| Loss_bcs: 4.768e-06| loss_ic_ut: 5.108e-07| Loss_res: 8.814e+00|Time: 172.65
It: 33900| Loss: 8.695e+00| Loss_bcs: 2.742e-06| loss_ic_ut: 4.839e-07| Loss_res: 8.605e+00|Time: 175.19
It: 34000| Loss: 9.021e+00| Loss_bcs: 4.888e-06| loss_ic_ut: 1.245e-06| Loss_res: 8.841e+00|Time: 176.01
mean_grad_res: 8.629e-02
mean_grad_bcs: 9.098e-05
mean_grad_ic_ut: 1.035e-04
adaptive_constant_bc_val: 2.060e+04
adaptive_constant_res_val: 1.000e+00
adaptive_constant_ics_val_log: 4.263e+04
It: 34100| Loss: 8.822e+00| Loss_bcs: 4.411e-06| loss_ic_ut: 6.405e-07| Loss_res: 8.704e+00|Time: 177.45
It: 34200| Loss: 8.758e+00| Loss_bcs: 4.411e-06| loss_ic_ut: 4.896e-07| Loss_res: 8.645e+00|Time: 174.87
It: 34300| Loss: 8.858e+00| Loss_bcs: 2.384e-06| loss_ic_ut: 5.445e-07| Loss_res: 8.785e+00|Time: 177.63
It: 34400| Loss: 8.986e+00| Loss_bcs: 4.411e-06| loss_ic_ut: 3.607e-07| Loss_res: 8.879e+00|Time: 172.19
It: 34500| Loss: 8.824e+00| Loss_bcs: 1.788e-06| loss_ic_ut: 4.721e-07| Loss_res: 8.766e+00|Time: 176.72
It: 34600| Loss: 8.937e+00| Loss_bcs: 5.484e-06| loss_ic_ut: 9.019e-07| Loss_res: 8.785e+00|Time: 173.11
It: 34700| Loss: 8.930e+00| Loss_bcs: 2.503e-06| loss_ic_ut: 2.852e-07| Loss_res: 8.866e+00|Time: 169.72
It: 34800| Loss: 8.974e+00| Loss_bcs: 4.411e-06| loss_ic_ut: 1.088e-06| Loss_res: 8.836e+00|Time: 171.09
It: 34900| Loss: 8.876e+00| Loss_bcs: 3.219e-06| loss_ic_ut: 3.749e-07| Loss_res: 8.793e+00|Time: 175.08
It: 35000| Loss: 8.994e+00| Loss_bcs: 3.934e-06| loss_ic_ut: 4.138e-07| Loss_res: 8.895e+00|Time: 172.69
mean_grad_res: 7.078e-02
mean_grad_bcs: 4.490e-05
mean_grad_ic_ut: 1.586e-05
adaptive_constant_bc_val: 2.176e+04
adaptive_constant_res_val: 1.000e+00
adaptive_constant_ics_val_log: 4.519e+04
It: 35100| Loss: 8.893e+00| Loss_bcs: 3.695e-06| loss_ic_ut: 6.686e-07| Loss_res: 8.782e+00|Time: 175.11
It: 35200| Loss: 8.601e+00| Loss_bcs: 1.907e-06| loss_ic_ut: 6.991e-07| Loss_res: 8.528e+00|Time: 175.60
It: 35300| Loss: 8.765e+00| Loss_bcs: 5.484e-06| loss_ic_ut: 4.352e-07| Loss_res: 8.625e+00|Time: 173.84
It: 35400| Loss: 8.544e+00| Loss_bcs: 3.338e-06| loss_ic_ut: 4.741e-07| Loss_res: 8.449e+00|Time: 176.72
It: 35500| Loss: 9.021e+00| Loss_bcs: 6.080e-06| loss_ic_ut: 2.980e-07| Loss_res: 8.875e+00|Time: 173.44
It: 35600| Loss: 8.809e+00| Loss_bcs: 4.053e-06| loss_ic_ut: 3.700e-07| Loss_res: 8.703e+00|Time: 173.49
It: 35700| Loss: 8.755e+00| Loss_bcs: 3.934e-06| loss_ic_ut: 4.065e-07| Loss_res: 8.650e+00|Time: 172.15
It: 35800| Loss: 8.924e+00| Loss_bcs: 5.007e-06| loss_ic_ut: 1.605e-06| Loss_res: 8.742e+00|Time: 171.61
It: 35900| Loss: 9.064e+00| Loss_bcs: 3.457e-06| loss_ic_ut: 5.039e-07| Loss_res: 8.965e+00|Time: 172.96
It: 36000| Loss: 9.003e+00| Loss_bcs: 3.338e-06| loss_ic_ut: 1.951e-06| Loss_res: 8.841e+00|Time: 172.92
mean_grad_res: 6.578e-02
mean_grad_bcs: 7.843e-05
mean_grad_ic_ut: 2.006e-04
adaptive_constant_bc_val: 1.854e+04
adaptive_constant_res_val: 1.000e+00
adaptive_constant_ics_val_log: 4.135e+04
It: 36100| Loss: 8.860e+00| Loss_bcs: 5.484e-06| loss_ic_ut: 4.417e-07| Loss_res: 8.740e+00|Time: 175.43
It: 36200| Loss: 8.609e+00| Loss_bcs: 2.146e-06| loss_ic_ut: 3.656e-07| Loss_res: 8.554e+00|Time: 170.88
It: 36300| Loss: 8.947e+00| Loss_bcs: 3.695e-06| loss_ic_ut: 1.054e-06| Loss_res: 8.835e+00|Time: 172.02
It: 36400| Loss: 8.942e+00| Loss_bcs: 8.821e-06| loss_ic_ut: 5.990e-07| Loss_res: 8.753e+00|Time: 174.01
It: 36500| Loss: 8.688e+00| Loss_bcs: 2.384e-06| loss_ic_ut: 5.094e-07| Loss_res: 8.622e+00|Time: 179.98
It: 36600| Loss: 9.150e+00| Loss_bcs: 3.576e-06| loss_ic_ut: 8.888e-07| Loss_res: 9.046e+00|Time: 188.44
It: 36700| Loss: 8.601e+00| Loss_bcs: 4.530e-06| loss_ic_ut: 6.107e-07| Loss_res: 8.491e+00|Time: 189.38
It: 36800| Loss: 8.777e+00| Loss_bcs: 4.053e-06| loss_ic_ut: 2.940e-07| Loss_res: 8.689e+00|Time: 188.48
It: 36900| Loss: 8.829e+00| Loss_bcs: 7.033e-06| loss_ic_ut: 5.200e-07| Loss_res: 8.676e+00|Time: 186.86
It: 37000| Loss: 9.123e+00| Loss_bcs: 5.841e-06| loss_ic_ut: 4.656e-07| Loss_res: 8.995e+00|Time: 189.27
mean_grad_res: 7.591e-02
mean_grad_bcs: 6.605e-05
mean_grad_ic_ut: 4.986e-05
adaptive_constant_bc_val: 2.004e+04
adaptive_constant_res_val: 1.000e+00
adaptive_constant_ics_val_log: 3.983e+04
It: 37100| Loss: 8.868e+00| Loss_bcs: 4.172e-06| loss_ic_ut: 7.827e-07| Loss_res: 8.753e+00|Time: 188.82
It: 37200| Loss: 8.646e+00| Loss_bcs: 2.384e-06| loss_ic_ut: 6.511e-07| Loss_res: 8.572e+00|Time: 188.66
It: 37300| Loss: 8.981e+00| Loss_bcs: 4.053e-06| loss_ic_ut: 3.650e-07| Loss_res: 8.884e+00|Time: 190.34
It: 37400| Loss: 8.863e+00| Loss_bcs: 4.888e-06| loss_ic_ut: 4.637e-07| Loss_res: 8.746e+00|Time: 188.91
It: 37500| Loss: 8.705e+00| Loss_bcs: 3.695e-06| loss_ic_ut: 3.505e-07| Loss_res: 8.616e+00|Time: 181.15
It: 37600| Loss: 8.849e+00| Loss_bcs: 6.795e-06| loss_ic_ut: 9.279e-07| Loss_res: 8.676e+00|Time: 178.12
It: 37700| Loss: 8.938e+00| Loss_bcs: 5.603e-06| loss_ic_ut: 3.551e-07| Loss_res: 8.811e+00|Time: 160.08
It: 37800| Loss: 8.721e+00| Loss_bcs: 3.099e-06| loss_ic_ut: 5.547e-07| Loss_res: 8.636e+00|Time: 159.95
It: 37900| Loss: 9.176e+00| Loss_bcs: 5.126e-06| loss_ic_ut: 7.878e-07| Loss_res: 9.041e+00|Time: 143.77
It: 38000| Loss: 8.495e+00| Loss_bcs: 1.907e-06| loss_ic_ut: 2.339e-07| Loss_res: 8.447e+00|Time: 132.38
mean_grad_res: 5.925e-02
mean_grad_bcs: 7.418e-05
mean_grad_ic_ut: 7.978e-06
adaptive_constant_bc_val: 4.193e+04
adaptive_constant_res_val: 1.000e+00
adaptive_constant_ics_val_log: 8.027e+04
It: 38100| Loss: 8.884e+00| Loss_bcs: 2.503e-06| loss_ic_ut: 6.098e-07| Loss_res: 8.730e+00|Time: 134.10
It: 38200| Loss: 8.856e+00| Loss_bcs: 4.768e-06| loss_ic_ut: 2.914e-07| Loss_res: 8.632e+00|Time: 134.05
It: 38300| Loss: 9.031e+00| Loss_bcs: 5.007e-06| loss_ic_ut: 8.167e-07| Loss_res: 8.755e+00|Time: 133.09
It: 38400| Loss: 8.897e+00| Loss_bcs: 5.364e-06| loss_ic_ut: 3.777e-07| Loss_res: 8.641e+00|Time: 119.98
It: 38500| Loss: 8.690e+00| Loss_bcs: 3.099e-06| loss_ic_ut: 3.070e-07| Loss_res: 8.535e+00|Time: 121.11
It: 38600| Loss: 9.070e+00| Loss_bcs: 6.318e-06| loss_ic_ut: 3.864e-07| Loss_res: 8.774e+00|Time: 120.53
It: 38700| Loss: 9.038e+00| Loss_bcs: 5.126e-06| loss_ic_ut: 5.063e-07| Loss_res: 8.783e+00|Time: 121.11
It: 38800| Loss: 8.912e+00| Loss_bcs: 3.099e-06| loss_ic_ut: 3.742e-07| Loss_res: 8.752e+00|Time: 123.22
It: 38900| Loss: 8.955e+00| Loss_bcs: 4.649e-06| loss_ic_ut: 8.799e-07| Loss_res: 8.689e+00|Time: 123.77
It: 39000| Loss: 8.973e+00| Loss_bcs: 3.576e-06| loss_ic_ut: 4.820e-07| Loss_res: 8.784e+00|Time: 123.19
mean_grad_res: 7.859e-02
mean_grad_bcs: 5.963e-05
mean_grad_ic_ut: 3.651e-05
adaptive_constant_bc_val: 3.109e+04
adaptive_constant_res_val: 1.000e+00
adaptive_constant_ics_val_log: 6.171e+04
It: 39100| Loss: 9.222e+00| Loss_bcs: 5.364e-06| loss_ic_ut: 6.010e-07| Loss_res: 9.018e+00|Time: 120.73
It: 39200| Loss: 8.982e+00| Loss_bcs: 4.172e-06| loss_ic_ut: 3.401e-07| Loss_res: 8.831e+00|Time: 133.09
It: 39300| Loss: 8.944e+00| Loss_bcs: 5.126e-06| loss_ic_ut: 1.350e-06| Loss_res: 8.701e+00|Time: 131.65
It: 39400| Loss: 8.685e+00| Loss_bcs: 2.623e-06| loss_ic_ut: 4.079e-07| Loss_res: 8.578e+00|Time: 143.23
It: 39500| Loss: 9.076e+00| Loss_bcs: 6.199e-06| loss_ic_ut: 2.775e-07| Loss_res: 8.866e+00|Time: 157.28
It: 39600| Loss: 8.956e+00| Loss_bcs: 5.364e-06| loss_ic_ut: 3.906e-07| Loss_res: 8.765e+00|Time: 168.77
It: 39700| Loss: 9.071e+00| Loss_bcs: 3.338e-06| loss_ic_ut: 6.193e-07| Loss_res: 8.929e+00|Time: 169.08
It: 39800| Loss: 8.863e+00| Loss_bcs: 3.099e-06| loss_ic_ut: 3.392e-07| Loss_res: 8.745e+00|Time: 168.57
It: 39900| Loss: 8.941e+00| Loss_bcs: 3.576e-06| loss_ic_ut: 4.574e-07| Loss_res: 8.801e+00|Time: 167.55
Gradients information stored ...
It: 40000| Loss: 8.853e+00| Loss_bcs: 2.503e-06| loss_ic_ut: 4.468e-07| Loss_res: 8.748e+00|Time: 184.59
mean_grad_res: 1.000e-01
mean_grad_bcs: 5.765e-05
mean_grad_ic_ut: 7.389e-06
adaptive_constant_bc_val: 2.630e+04
adaptive_constant_res_val: 1.000e+00
adaptive_constant_ics_val_log: 5.654e+04
Relative L2 error_u: 1.41e+00
Relative L2 error_f: 7.95e-01
file directory:/home/vlq26735/code/PhD/GradientPathologiesPINNs/checkpoints/Klein_Gordon/final/Feb-29-2024_15-14-47-221456_ntk
Save uv NN parameters successfully in %s .../home/vlq26735/code/PhD/GradientPathologiesPINNs/checkpoints/Klein_Gordon/final/Feb-29-2024_15-14-47-221456_ntk
Final loss total loss: 8.853526e+00
Final loss loss_res: 8.747587e+00
Final loss loss_bcs: 2.503393e-06
Final loss loss_ic_u_t: 4.485025e-07
