It: 0, Loss: 9.549e+03, Loss_bcs: 1.280e+00, Loss_res: 9.548e+03 ,Time: 0.33
Compute NTK...
Gradients information stored ...
It: 100, Loss: 3.962e+02, Loss_bcs: 8.037e+01, Loss_res: 3.158e+02 ,Time: 0.00
Compute NTK...
Gradients information stored ...
It: 200, Loss: 2.770e+02, Loss_bcs: 5.276e+01, Loss_res: 2.242e+02 ,Time: 0.00
Compute NTK...
It: 300, Loss: 2.051e+02, Loss_bcs: 3.326e+01, Loss_res: 1.718e+02 ,Time: 0.00
Compute NTK...
It: 400, Loss: 1.582e+02, Loss_bcs: 2.056e+01, Loss_res: 1.377e+02 ,Time: 0.00
Compute NTK...
It: 500, Loss: 1.261e+02, Loss_bcs: 1.230e+01, Loss_res: 1.138e+02 ,Time: 0.00
Compute NTK...
It: 600, Loss: 1.032e+02, Loss_bcs: 7.024e+00, Loss_res: 9.620e+01 ,Time: 0.00
Compute NTK...
It: 700, Loss: 8.635e+01, Loss_bcs: 3.747e+00, Loss_res: 8.261e+01 ,Time: 0.00
Compute NTK...
It: 800, Loss: 7.367e+01, Loss_bcs: 1.798e+00, Loss_res: 7.187e+01 ,Time: 0.00
Compute NTK...
It: 900, Loss: 6.396e+01, Loss_bcs: 7.173e-01, Loss_res: 6.324e+01 ,Time: 0.00
Compute NTK...
It: 1000, Loss: 5.639e+01, Loss_bcs: 1.921e-01, Loss_res: 5.619e+01 ,Time: 0.00
Compute NTK...
Gradients information stored ...
It: 1100, Loss: 5.039e+01, Loss_bcs: 1.119e-02, Loss_res: 5.038e+01 ,Time: 0.00
Compute NTK...
It: 1200, Loss: 4.556e+01, Loss_bcs: 3.390e-02, Loss_res: 4.553e+01 ,Time: 0.00
Compute NTK...
It: 1300, Loss: 4.162e+01, Loss_bcs: 1.682e-01, Loss_res: 4.145e+01 ,Time: 0.00
Compute NTK...
It: 1400, Loss: 3.835e+01, Loss_bcs: 3.552e-01, Loss_res: 3.800e+01 ,Time: 0.00
Compute NTK...
It: 1500, Loss: 3.561e+01, Loss_bcs: 5.582e-01, Loss_res: 3.505e+01 ,Time: 0.00
Compute NTK...
It: 1600, Loss: 3.327e+01, Loss_bcs: 7.555e-01, Loss_res: 3.252e+01 ,Time: 0.00
Compute NTK...
It: 1700, Loss: 3.126e+01, Loss_bcs: 9.348e-01, Loss_res: 3.033e+01 ,Time: 0.00
Compute NTK...
It: 1800, Loss: 2.951e+01, Loss_bcs: 1.090e+00, Loss_res: 2.842e+01 ,Time: 0.00
Compute NTK...
It: 1900, Loss: 2.797e+01, Loss_bcs: 1.220e+00, Loss_res: 2.675e+01 ,Time: 0.00
Compute NTK...
It: 2000, Loss: 2.660e+01, Loss_bcs: 1.323e+00, Loss_res: 2.528e+01 ,Time: 0.00
Compute NTK...
It: 2100, Loss: 2.538e+01, Loss_bcs: 1.403e+00, Loss_res: 2.397e+01 ,Time: 0.00
Compute NTK...
It: 2200, Loss: 2.427e+01, Loss_bcs: 1.460e+00, Loss_res: 2.281e+01 ,Time: 0.00
Compute NTK...
It: 2300, Loss: 2.327e+01, Loss_bcs: 1.499e+00, Loss_res: 2.178e+01 ,Time: 0.00
Compute NTK...
It: 2400, Loss: 2.236e+01, Loss_bcs: 1.520e+00, Loss_res: 2.084e+01 ,Time: 0.00
Compute NTK...
It: 2500, Loss: 2.153e+01, Loss_bcs: 1.528e+00, Loss_res: 2.000e+01 ,Time: 0.00
Compute NTK...
It: 2600, Loss: 2.076e+01, Loss_bcs: 1.525e+00, Loss_res: 1.923e+01 ,Time: 0.00
Compute NTK...
It: 2700, Loss: 2.005e+01, Loss_bcs: 1.511e+00, Loss_res: 1.854e+01 ,Time: 0.00
Compute NTK...
It: 2800, Loss: 1.939e+01, Loss_bcs: 1.490e+00, Loss_res: 1.790e+01 ,Time: 0.00
Compute NTK...
It: 2900, Loss: 1.877e+01, Loss_bcs: 1.463e+00, Loss_res: 1.731e+01 ,Time: 0.00
Compute NTK...
It: 3000, Loss: 1.819e+01, Loss_bcs: 1.432e+00, Loss_res: 1.676e+01 ,Time: 0.00
Compute NTK...
It: 3100, Loss: 1.766e+01, Loss_bcs: 1.397e+00, Loss_res: 1.626e+01 ,Time: 0.00
Compute NTK...
It: 3200, Loss: 1.715e+01, Loss_bcs: 1.359e+00, Loss_res: 1.579e+01 ,Time: 0.00
Compute NTK...
It: 3300, Loss: 1.667e+01, Loss_bcs: 1.320e+00, Loss_res: 1.535e+01 ,Time: 0.00
Compute NTK...
It: 3400, Loss: 1.622e+01, Loss_bcs: 1.280e+00, Loss_res: 1.494e+01 ,Time: 0.00
Compute NTK...
It: 3500, Loss: 1.579e+01, Loss_bcs: 1.239e+00, Loss_res: 1.456e+01 ,Time: 0.00
Compute NTK...
It: 3600, Loss: 1.539e+01, Loss_bcs: 1.198e+00, Loss_res: 1.419e+01 ,Time: 0.00
Compute NTK...
It: 3700, Loss: 1.501e+01, Loss_bcs: 1.158e+00, Loss_res: 1.385e+01 ,Time: 0.00
Compute NTK...
It: 3800, Loss: 1.464e+01, Loss_bcs: 1.118e+00, Loss_res: 1.352e+01 ,Time: 0.00
Compute NTK...
It: 3900, Loss: 1.429e+01, Loss_bcs: 1.079e+00, Loss_res: 1.321e+01 ,Time: 0.00
Compute NTK...
It: 4000, Loss: 1.396e+01, Loss_bcs: 1.042e+00, Loss_res: 1.292e+01 ,Time: 0.00
Compute NTK...
It: 4100, Loss: 1.364e+01, Loss_bcs: 1.005e+00, Loss_res: 1.263e+01 ,Time: 0.00
Compute NTK...
It: 4200, Loss: 1.333e+01, Loss_bcs: 9.694e-01, Loss_res: 1.236e+01 ,Time: 0.00
Compute NTK...
It: 4300, Loss: 1.304e+01, Loss_bcs: 9.351e-01, Loss_res: 1.210e+01 ,Time: 0.00
Compute NTK...
It: 4400, Loss: 1.276e+01, Loss_bcs: 9.022e-01, Loss_res: 1.186e+01 ,Time: 0.00
Compute NTK...
It: 4500, Loss: 1.249e+01, Loss_bcs: 8.705e-01, Loss_res: 1.162e+01 ,Time: 0.00
Compute NTK...
It: 4600, Loss: 1.223e+01, Loss_bcs: 8.401e-01, Loss_res: 1.139e+01 ,Time: 0.00
Compute NTK...
It: 4700, Loss: 1.198e+01, Loss_bcs: 8.109e-01, Loss_res: 1.117e+01 ,Time: 0.00
Compute NTK...
It: 4800, Loss: 1.173e+01, Loss_bcs: 7.830e-01, Loss_res: 1.095e+01 ,Time: 0.00
Compute NTK...
It: 4900, Loss: 1.150e+01, Loss_bcs: 7.563e-01, Loss_res: 1.074e+01 ,Time: 0.00
Compute NTK...
It: 5000, Loss: 1.128e+01, Loss_bcs: 7.308e-01, Loss_res: 1.054e+01 ,Time: 0.00
Compute NTK...
It: 5100, Loss: 1.106e+01, Loss_bcs: 7.064e-01, Loss_res: 1.035e+01 ,Time: 0.00
Compute NTK...
It: 5200, Loss: 1.085e+01, Loss_bcs: 6.831e-01, Loss_res: 1.016e+01 ,Time: 0.00
Compute NTK...
It: 5300, Loss: 1.064e+01, Loss_bcs: 6.608e-01, Loss_res: 9.981e+00 ,Time: 0.00
Compute NTK...
It: 5400, Loss: 1.044e+01, Loss_bcs: 6.395e-01, Loss_res: 9.805e+00 ,Time: 0.00
Compute NTK...
It: 5500, Loss: 1.025e+01, Loss_bcs: 6.192e-01, Loss_res: 9.633e+00 ,Time: 0.00
Compute NTK...
It: 5600, Loss: 1.007e+01, Loss_bcs: 5.997e-01, Loss_res: 9.467e+00 ,Time: 0.00
Compute NTK...
It: 5700, Loss: 9.887e+00, Loss_bcs: 5.811e-01, Loss_res: 9.305e+00 ,Time: 0.00
Compute NTK...
It: 5800, Loss: 9.712e+00, Loss_bcs: 5.634e-01, Loss_res: 9.148e+00 ,Time: 0.00
Compute NTK...
It: 5900, Loss: 9.542e+00, Loss_bcs: 5.464e-01, Loss_res: 8.995e+00 ,Time: 0.00
Compute NTK...
It: 6000, Loss: 9.377e+00, Loss_bcs: 5.301e-01, Loss_res: 8.846e+00 ,Time: 0.00
Compute NTK...
It: 6100, Loss: 9.216e+00, Loss_bcs: 5.146e-01, Loss_res: 8.702e+00 ,Time: 0.00
Compute NTK...
It: 6200, Loss: 9.060e+00, Loss_bcs: 4.997e-01, Loss_res: 8.561e+00 ,Time: 0.00
Compute NTK...
It: 6300, Loss: 8.909e+00, Loss_bcs: 4.854e-01, Loss_res: 8.423e+00 ,Time: 0.00
Compute NTK...
It: 6400, Loss: 8.761e+00, Loss_bcs: 4.718e-01, Loss_res: 8.289e+00 ,Time: 0.00
Compute NTK...
It: 6500, Loss: 8.618e+00, Loss_bcs: 4.586e-01, Loss_res: 8.159e+00 ,Time: 0.00
Compute NTK...
It: 6600, Loss: 8.478e+00, Loss_bcs: 4.460e-01, Loss_res: 8.032e+00 ,Time: 0.00
Compute NTK...
It: 6700, Loss: 8.342e+00, Loss_bcs: 4.340e-01, Loss_res: 7.908e+00 ,Time: 0.00
Compute NTK...
It: 6800, Loss: 8.210e+00, Loss_bcs: 4.223e-01, Loss_res: 7.787e+00 ,Time: 0.00
Compute NTK...
It: 6900, Loss: 8.080e+00, Loss_bcs: 4.112e-01, Loss_res: 7.669e+00 ,Time: 0.00
Compute NTK...
It: 7000, Loss: 7.955e+00, Loss_bcs: 4.005e-01, Loss_res: 7.554e+00 ,Time: 0.00
Compute NTK...
It: 7100, Loss: 7.832e+00, Loss_bcs: 3.902e-01, Loss_res: 7.442e+00 ,Time: 0.00
Compute NTK...
It: 7200, Loss: 7.713e+00, Loss_bcs: 3.803e-01, Loss_res: 7.332e+00 ,Time: 0.00
Compute NTK...
It: 7300, Loss: 7.596e+00, Loss_bcs: 3.707e-01, Loss_res: 7.226e+00 ,Time: 0.00
Compute NTK...
It: 7400, Loss: 7.483e+00, Loss_bcs: 3.615e-01, Loss_res: 7.121e+00 ,Time: 0.00
Compute NTK...
It: 7500, Loss: 7.372e+00, Loss_bcs: 3.526e-01, Loss_res: 7.019e+00 ,Time: 0.00
Compute NTK...
It: 7600, Loss: 7.264e+00, Loss_bcs: 3.441e-01, Loss_res: 6.920e+00 ,Time: 0.00
Compute NTK...
It: 7700, Loss: 7.158e+00, Loss_bcs: 3.358e-01, Loss_res: 6.823e+00 ,Time: 0.00
Compute NTK...
It: 7800, Loss: 7.055e+00, Loss_bcs: 3.278e-01, Loss_res: 6.728e+00 ,Time: 0.00
Compute NTK...
It: 7900, Loss: 6.955e+00, Loss_bcs: 3.201e-01, Loss_res: 6.635e+00 ,Time: 0.00
Compute NTK...
It: 8000, Loss: 6.857e+00, Loss_bcs: 3.127e-01, Loss_res: 6.544e+00 ,Time: 0.00
Compute NTK...
It: 8100, Loss: 6.761e+00, Loss_bcs: 3.055e-01, Loss_res: 6.455e+00 ,Time: 0.00
Compute NTK...
It: 8200, Loss: 6.667e+00, Loss_bcs: 2.985e-01, Loss_res: 6.369e+00 ,Time: 0.00
Compute NTK...
It: 8300, Loss: 6.576e+00, Loss_bcs: 2.918e-01, Loss_res: 6.284e+00 ,Time: 0.00
Compute NTK...
It: 8400, Loss: 6.487e+00, Loss_bcs: 2.853e-01, Loss_res: 6.202e+00 ,Time: 0.00
Compute NTK...
It: 8500, Loss: 6.400e+00, Loss_bcs: 2.789e-01, Loss_res: 6.121e+00 ,Time: 0.00
Compute NTK...
It: 8600, Loss: 6.314e+00, Loss_bcs: 2.728e-01, Loss_res: 6.041e+00 ,Time: 0.00
Compute NTK...
It: 8700, Loss: 6.231e+00, Loss_bcs: 2.669e-01, Loss_res: 5.964e+00 ,Time: 0.00
Compute NTK...
It: 8800, Loss: 6.150e+00, Loss_bcs: 2.611e-01, Loss_res: 5.888e+00 ,Time: 0.00
Compute NTK...
It: 8900, Loss: 6.070e+00, Loss_bcs: 2.556e-01, Loss_res: 5.814e+00 ,Time: 0.00
Compute NTK...
It: 9000, Loss: 5.992e+00, Loss_bcs: 2.502e-01, Loss_res: 5.742e+00 ,Time: 0.00
Compute NTK...
It: 9100, Loss: 5.916e+00, Loss_bcs: 2.449e-01, Loss_res: 5.671e+00 ,Time: 0.00
Compute NTK...
It: 9200, Loss: 5.841e+00, Loss_bcs: 2.398e-01, Loss_res: 5.602e+00 ,Time: 0.00
Compute NTK...
It: 9300, Loss: 5.769e+00, Loss_bcs: 2.348e-01, Loss_res: 5.534e+00 ,Time: 0.00
Compute NTK...
It: 9400, Loss: 5.697e+00, Loss_bcs: 2.300e-01, Loss_res: 5.467e+00 ,Time: 0.00
Compute NTK...
It: 9500, Loss: 5.628e+00, Loss_bcs: 2.253e-01, Loss_res: 5.402e+00 ,Time: 0.00
Compute NTK...
It: 9600, Loss: 5.559e+00, Loss_bcs: 2.207e-01, Loss_res: 5.339e+00 ,Time: 0.00
Compute NTK...
It: 9700, Loss: 5.492e+00, Loss_bcs: 2.163e-01, Loss_res: 5.276e+00 ,Time: 0.00
Compute NTK...
It: 9800, Loss: 5.427e+00, Loss_bcs: 2.120e-01, Loss_res: 5.215e+00 ,Time: 0.00
Compute NTK...
It: 9900, Loss: 5.363e+00, Loss_bcs: 2.078e-01, Loss_res: 5.155e+00 ,Time: 0.00
Compute NTK...
It: 10000, Loss: 5.300e+00, Loss_bcs: 2.037e-01, Loss_res: 5.097e+00 ,Time: 0.00
Compute NTK...
It: 10100, Loss: 5.239e+00, Loss_bcs: 1.997e-01, Loss_res: 5.039e+00 ,Time: 0.00
Compute NTK...
It: 10200, Loss: 5.179e+00, Loss_bcs: 1.959e-01, Loss_res: 4.983e+00 ,Time: 0.00
Compute NTK...
It: 10300, Loss: 5.120e+00, Loss_bcs: 1.921e-01, Loss_res: 4.928e+00 ,Time: 0.00
Compute NTK...
It: 10400, Loss: 5.062e+00, Loss_bcs: 1.884e-01, Loss_res: 4.874e+00 ,Time: 0.00
Compute NTK...
It: 10500, Loss: 5.006e+00, Loss_bcs: 1.848e-01, Loss_res: 4.821e+00 ,Time: 0.00
Compute NTK...
It: 10600, Loss: 4.950e+00, Loss_bcs: 1.813e-01, Loss_res: 4.769e+00 ,Time: 0.00
Compute NTK...
It: 10700, Loss: 4.896e+00, Loss_bcs: 1.779e-01, Loss_res: 4.718e+00 ,Time: 0.00
Compute NTK...
It: 10800, Loss: 4.843e+00, Loss_bcs: 1.746e-01, Loss_res: 4.668e+00 ,Time: 0.00
Compute NTK...
It: 10900, Loss: 4.790e+00, Loss_bcs: 1.714e-01, Loss_res: 4.619e+00 ,Time: 0.00
Compute NTK...
It: 11000, Loss: 4.739e+00, Loss_bcs: 1.682e-01, Loss_res: 4.571e+00 ,Time: 0.00
Compute NTK...
It: 11100, Loss: 4.689e+00, Loss_bcs: 1.651e-01, Loss_res: 4.524e+00 ,Time: 0.00
Compute NTK...
It: 11200, Loss: 4.640e+00, Loss_bcs: 1.621e-01, Loss_res: 4.478e+00 ,Time: 0.00
Compute NTK...
It: 11300, Loss: 4.592e+00, Loss_bcs: 1.592e-01, Loss_res: 4.432e+00 ,Time: 0.00
Compute NTK...
It: 11400, Loss: 4.544e+00, Loss_bcs: 1.563e-01, Loss_res: 4.388e+00 ,Time: 0.00
Compute NTK...
It: 11500, Loss: 4.498e+00, Loss_bcs: 1.535e-01, Loss_res: 4.344e+00 ,Time: 0.00
Compute NTK...
It: 11600, Loss: 4.452e+00, Loss_bcs: 1.508e-01, Loss_res: 4.301e+00 ,Time: 0.00
Compute NTK...
It: 11700, Loss: 4.407e+00, Loss_bcs: 1.481e-01, Loss_res: 4.259e+00 ,Time: 0.00
Compute NTK...
It: 11800, Loss: 4.364e+00, Loss_bcs: 1.454e-01, Loss_res: 4.218e+00 ,Time: 0.00
Compute NTK...
It: 11900, Loss: 4.320e+00, Loss_bcs: 1.429e-01, Loss_res: 4.178e+00 ,Time: 0.00
Compute NTK...
It: 12000, Loss: 4.278e+00, Loss_bcs: 1.404e-01, Loss_res: 4.138e+00 ,Time: 0.00
Compute NTK...
It: 12100, Loss: 4.237e+00, Loss_bcs: 1.379e-01, Loss_res: 4.099e+00 ,Time: 0.00
Compute NTK...
It: 12200, Loss: 4.196e+00, Loss_bcs: 1.356e-01, Loss_res: 4.060e+00 ,Time: 0.00
Compute NTK...
It: 12300, Loss: 4.156e+00, Loss_bcs: 1.333e-01, Loss_res: 4.022e+00 ,Time: 0.00
Compute NTK...
It: 12400, Loss: 4.116e+00, Loss_bcs: 1.310e-01, Loss_res: 3.985e+00 ,Time: 0.00
Compute NTK...
It: 12500, Loss: 4.078e+00, Loss_bcs: 1.287e-01, Loss_res: 3.949e+00 ,Time: 0.00
Compute NTK...
It: 12600, Loss: 4.040e+00, Loss_bcs: 1.266e-01, Loss_res: 3.913e+00 ,Time: 0.00
Compute NTK...
It: 12700, Loss: 4.002e+00, Loss_bcs: 1.244e-01, Loss_res: 3.878e+00 ,Time: 0.00
Compute NTK...
It: 12800, Loss: 3.966e+00, Loss_bcs: 1.224e-01, Loss_res: 3.843e+00 ,Time: 0.00
Compute NTK...
It: 12900, Loss: 3.930e+00, Loss_bcs: 1.203e-01, Loss_res: 3.809e+00 ,Time: 0.00
Compute NTK...
It: 13000, Loss: 3.894e+00, Loss_bcs: 1.183e-01, Loss_res: 3.776e+00 ,Time: 0.00
Compute NTK...
It: 13100, Loss: 3.859e+00, Loss_bcs: 1.164e-01, Loss_res: 3.743e+00 ,Time: 0.00
Compute NTK...
It: 13200, Loss: 3.825e+00, Loss_bcs: 1.145e-01, Loss_res: 3.711e+00 ,Time: 0.00
Compute NTK...
It: 13300, Loss: 3.791e+00, Loss_bcs: 1.126e-01, Loss_res: 3.679e+00 ,Time: 0.00
Compute NTK...
It: 13400, Loss: 3.758e+00, Loss_bcs: 1.108e-01, Loss_res: 3.647e+00 ,Time: 0.00
Compute NTK...
It: 13500, Loss: 3.726e+00, Loss_bcs: 1.090e-01, Loss_res: 3.617e+00 ,Time: 0.00
Compute NTK...
It: 13600, Loss: 3.694e+00, Loss_bcs: 1.072e-01, Loss_res: 3.586e+00 ,Time: 0.00
Compute NTK...
It: 13700, Loss: 3.662e+00, Loss_bcs: 1.055e-01, Loss_res: 3.557e+00 ,Time: 0.00
Compute NTK...
It: 13800, Loss: 3.631e+00, Loss_bcs: 1.038e-01, Loss_res: 3.527e+00 ,Time: 0.00
Compute NTK...
It: 13900, Loss: 3.600e+00, Loss_bcs: 1.022e-01, Loss_res: 3.498e+00 ,Time: 0.00
Compute NTK...
It: 14000, Loss: 3.570e+00, Loss_bcs: 1.005e-01, Loss_res: 3.470e+00 ,Time: 0.00
Compute NTK...
It: 14100, Loss: 3.541e+00, Loss_bcs: 9.897e-02, Loss_res: 3.442e+00 ,Time: 0.00
Compute NTK...
It: 14200, Loss: 3.512e+00, Loss_bcs: 9.742e-02, Loss_res: 3.414e+00 ,Time: 0.00
Compute NTK...
It: 14300, Loss: 3.483e+00, Loss_bcs: 9.590e-02, Loss_res: 3.387e+00 ,Time: 0.00
Compute NTK...
It: 14400, Loss: 3.455e+00, Loss_bcs: 9.443e-02, Loss_res: 3.360e+00 ,Time: 0.00
Compute NTK...
It: 14500, Loss: 3.427e+00, Loss_bcs: 9.298e-02, Loss_res: 3.334e+00 ,Time: 0.00
Compute NTK...
It: 14600, Loss: 3.399e+00, Loss_bcs: 9.156e-02, Loss_res: 3.308e+00 ,Time: 0.00
Compute NTK...
It: 14700, Loss: 3.372e+00, Loss_bcs: 9.017e-02, Loss_res: 3.282e+00 ,Time: 0.00
Compute NTK...
It: 14800, Loss: 3.346e+00, Loss_bcs: 8.880e-02, Loss_res: 3.257e+00 ,Time: 0.00
Compute NTK...
It: 14900, Loss: 3.320e+00, Loss_bcs: 8.744e-02, Loss_res: 3.232e+00 ,Time: 0.00
Compute NTK...
It: 15000, Loss: 3.294e+00, Loss_bcs: 8.612e-02, Loss_res: 3.208e+00 ,Time: 0.00
Compute NTK...
It: 15100, Loss: 3.268e+00, Loss_bcs: 8.483e-02, Loss_res: 3.184e+00 ,Time: 0.00
Compute NTK...
It: 15200, Loss: 3.243e+00, Loss_bcs: 8.357e-02, Loss_res: 3.160e+00 ,Time: 0.00
Compute NTK...
It: 15300, Loss: 3.219e+00, Loss_bcs: 8.234e-02, Loss_res: 3.136e+00 ,Time: 0.00
Compute NTK...
It: 15400, Loss: 3.194e+00, Loss_bcs: 8.113e-02, Loss_res: 3.113e+00 ,Time: 0.00
Compute NTK...
It: 15500, Loss: 3.170e+00, Loss_bcs: 7.993e-02, Loss_res: 3.090e+00 ,Time: 0.00
Compute NTK...
It: 15600, Loss: 3.147e+00, Loss_bcs: 7.877e-02, Loss_res: 3.068e+00 ,Time: 0.00
Compute NTK...
It: 15700, Loss: 3.123e+00, Loss_bcs: 7.763e-02, Loss_res: 3.046e+00 ,Time: 0.00
Compute NTK...
It: 15800, Loss: 3.100e+00, Loss_bcs: 7.651e-02, Loss_res: 3.024e+00 ,Time: 0.00
Compute NTK...
It: 15900, Loss: 3.078e+00, Loss_bcs: 7.540e-02, Loss_res: 3.002e+00 ,Time: 0.00
Compute NTK...
It: 16000, Loss: 3.055e+00, Loss_bcs: 7.431e-02, Loss_res: 2.981e+00 ,Time: 0.00
Compute NTK...
It: 16100, Loss: 3.033e+00, Loss_bcs: 7.326e-02, Loss_res: 2.960e+00 ,Time: 0.00
Compute NTK...
It: 16200, Loss: 3.011e+00, Loss_bcs: 7.223e-02, Loss_res: 2.939e+00 ,Time: 0.00
Compute NTK...
It: 16300, Loss: 2.990e+00, Loss_bcs: 7.120e-02, Loss_res: 2.918e+00 ,Time: 0.00
Compute NTK...
It: 16400, Loss: 2.968e+00, Loss_bcs: 7.019e-02, Loss_res: 2.898e+00 ,Time: 0.00
Compute NTK...
It: 16500, Loss: 2.947e+00, Loss_bcs: 6.920e-02, Loss_res: 2.878e+00 ,Time: 0.00
Compute NTK...
It: 16600, Loss: 2.927e+00, Loss_bcs: 6.823e-02, Loss_res: 2.859e+00 ,Time: 0.00
Compute NTK...
It: 16700, Loss: 2.906e+00, Loss_bcs: 6.729e-02, Loss_res: 2.839e+00 ,Time: 0.00
Compute NTK...
It: 16800, Loss: 2.886e+00, Loss_bcs: 6.637e-02, Loss_res: 2.820e+00 ,Time: 0.00
Compute NTK...
It: 16900, Loss: 2.866e+00, Loss_bcs: 6.547e-02, Loss_res: 2.801e+00 ,Time: 0.00
Compute NTK...
It: 17000, Loss: 2.847e+00, Loss_bcs: 6.458e-02, Loss_res: 2.782e+00 ,Time: 0.00
Compute NTK...
It: 17100, Loss: 2.827e+00, Loss_bcs: 6.369e-02, Loss_res: 2.764e+00 ,Time: 0.00
Compute NTK...
It: 17200, Loss: 2.808e+00, Loss_bcs: 6.281e-02, Loss_res: 2.745e+00 ,Time: 0.00
Compute NTK...
It: 17300, Loss: 2.789e+00, Loss_bcs: 6.197e-02, Loss_res: 2.727e+00 ,Time: 0.00
Compute NTK...
It: 17400, Loss: 2.770e+00, Loss_bcs: 6.114e-02, Loss_res: 2.709e+00 ,Time: 0.00
Compute NTK...
It: 17500, Loss: 2.752e+00, Loss_bcs: 6.032e-02, Loss_res: 2.692e+00 ,Time: 0.00
Compute NTK...
It: 17600, Loss: 2.734e+00, Loss_bcs: 5.952e-02, Loss_res: 2.674e+00 ,Time: 0.00
Compute NTK...
It: 17700, Loss: 2.716e+00, Loss_bcs: 5.874e-02, Loss_res: 2.657e+00 ,Time: 0.00
Compute NTK...
It: 17800, Loss: 2.698e+00, Loss_bcs: 5.796e-02, Loss_res: 2.640e+00 ,Time: 0.00
Compute NTK...
It: 17900, Loss: 2.680e+00, Loss_bcs: 5.720e-02, Loss_res: 2.623e+00 ,Time: 0.00
Compute NTK...
It: 18000, Loss: 2.663e+00, Loss_bcs: 5.646e-02, Loss_res: 2.606e+00 ,Time: 0.00
Compute NTK...
It: 18100, Loss: 2.646e+00, Loss_bcs: 5.573e-02, Loss_res: 2.590e+00 ,Time: 0.00
Compute NTK...
It: 18200, Loss: 2.629e+00, Loss_bcs: 5.501e-02, Loss_res: 2.574e+00 ,Time: 0.00
Compute NTK...
It: 18300, Loss: 2.612e+00, Loss_bcs: 5.431e-02, Loss_res: 2.557e+00 ,Time: 0.00
Compute NTK...
It: 18400, Loss: 2.595e+00, Loss_bcs: 5.363e-02, Loss_res: 2.541e+00 ,Time: 0.00
Compute NTK...
It: 18500, Loss: 2.579e+00, Loss_bcs: 5.295e-02, Loss_res: 2.526e+00 ,Time: 0.00
Compute NTK...
It: 18600, Loss: 2.562e+00, Loss_bcs: 5.228e-02, Loss_res: 2.510e+00 ,Time: 0.00
Compute NTK...
It: 18700, Loss: 2.546e+00, Loss_bcs: 5.162e-02, Loss_res: 2.495e+00 ,Time: 0.00
Compute NTK...
It: 18800, Loss: 2.530e+00, Loss_bcs: 5.098e-02, Loss_res: 2.479e+00 ,Time: 0.00
Compute NTK...
It: 18900, Loss: 2.515e+00, Loss_bcs: 5.034e-02, Loss_res: 2.464e+00 ,Time: 0.00
Compute NTK...
It: 19000, Loss: 2.499e+00, Loss_bcs: 4.970e-02, Loss_res: 2.449e+00 ,Time: 0.00
Compute NTK...
It: 19100, Loss: 2.484e+00, Loss_bcs: 4.908e-02, Loss_res: 2.435e+00 ,Time: 0.00
Compute NTK...
It: 19200, Loss: 2.468e+00, Loss_bcs: 4.847e-02, Loss_res: 2.420e+00 ,Time: 0.00
Compute NTK...
It: 19300, Loss: 2.453e+00, Loss_bcs: 4.787e-02, Loss_res: 2.405e+00 ,Time: 0.00
Compute NTK...
It: 19400, Loss: 2.438e+00, Loss_bcs: 4.728e-02, Loss_res: 2.391e+00 ,Time: 0.00
Compute NTK...
It: 19500, Loss: 2.424e+00, Loss_bcs: 4.670e-02, Loss_res: 2.377e+00 ,Time: 0.00
Compute NTK...
It: 19600, Loss: 2.409e+00, Loss_bcs: 4.615e-02, Loss_res: 2.363e+00 ,Time: 0.00
Compute NTK...
It: 19700, Loss: 2.395e+00, Loss_bcs: 4.561e-02, Loss_res: 2.349e+00 ,Time: 0.00
Compute NTK...
It: 19800, Loss: 2.380e+00, Loss_bcs: 4.507e-02, Loss_res: 2.335e+00 ,Time: 0.00
Compute NTK...
It: 19900, Loss: 2.366e+00, Loss_bcs: 4.453e-02, Loss_res: 2.322e+00 ,Time: 0.00
Compute NTK...
It: 20000, Loss: 2.352e+00, Loss_bcs: 4.400e-02, Loss_res: 2.308e+00 ,Time: 0.00
Compute NTK...
It: 20100, Loss: 2.338e+00, Loss_bcs: 4.349e-02, Loss_res: 2.295e+00 ,Time: 0.00
Compute NTK...
It: 20200, Loss: 2.324e+00, Loss_bcs: 4.299e-02, Loss_res: 2.282e+00 ,Time: 0.00
Compute NTK...
It: 20300, Loss: 2.311e+00, Loss_bcs: 4.248e-02, Loss_res: 2.268e+00 ,Time: 0.00
Compute NTK...
It: 20400, Loss: 2.297e+00, Loss_bcs: 4.198e-02, Loss_res: 2.255e+00 ,Time: 0.00
Compute NTK...
It: 20500, Loss: 2.284e+00, Loss_bcs: 4.149e-02, Loss_res: 2.243e+00 ,Time: 0.00
Compute NTK...
It: 20600, Loss: 2.271e+00, Loss_bcs: 4.101e-02, Loss_res: 2.230e+00 ,Time: 0.00
Compute NTK...
It: 20700, Loss: 2.258e+00, Loss_bcs: 4.054e-02, Loss_res: 2.217e+00 ,Time: 0.00
Compute NTK...
It: 20800, Loss: 2.245e+00, Loss_bcs: 4.008e-02, Loss_res: 2.205e+00 ,Time: 0.00
Compute NTK...
It: 20900, Loss: 2.232e+00, Loss_bcs: 3.963e-02, Loss_res: 2.192e+00 ,Time: 0.00
Compute NTK...
It: 21000, Loss: 2.219e+00, Loss_bcs: 3.918e-02, Loss_res: 2.180e+00 ,Time: 0.00
Compute NTK...
It: 21100, Loss: 2.207e+00, Loss_bcs: 3.874e-02, Loss_res: 2.168e+00 ,Time: 0.00
Compute NTK...
It: 21200, Loss: 2.194e+00, Loss_bcs: 3.832e-02, Loss_res: 2.156e+00 ,Time: 0.00
Compute NTK...
It: 21300, Loss: 2.182e+00, Loss_bcs: 3.789e-02, Loss_res: 2.144e+00 ,Time: 0.00
Compute NTK...
It: 21400, Loss: 2.170e+00, Loss_bcs: 3.747e-02, Loss_res: 2.132e+00 ,Time: 0.00
Compute NTK...
It: 21500, Loss: 2.158e+00, Loss_bcs: 3.706e-02, Loss_res: 2.121e+00 ,Time: 0.00
Compute NTK...
It: 21600, Loss: 2.146e+00, Loss_bcs: 3.665e-02, Loss_res: 2.109e+00 ,Time: 0.00
Compute NTK...
It: 21700, Loss: 2.134e+00, Loss_bcs: 3.624e-02, Loss_res: 2.097e+00 ,Time: 0.00
Compute NTK...
It: 21800, Loss: 2.122e+00, Loss_bcs: 3.584e-02, Loss_res: 2.086e+00 ,Time: 0.00
Compute NTK...
It: 21900, Loss: 2.110e+00, Loss_bcs: 3.544e-02, Loss_res: 2.075e+00 ,Time: 0.00
Compute NTK...
It: 22000, Loss: 2.099e+00, Loss_bcs: 3.505e-02, Loss_res: 2.064e+00 ,Time: 0.00
Compute NTK...
It: 22100, Loss: 2.087e+00, Loss_bcs: 3.467e-02, Loss_res: 2.053e+00 ,Time: 0.00
Compute NTK...
It: 22200, Loss: 2.076e+00, Loss_bcs: 3.431e-02, Loss_res: 2.042e+00 ,Time: 0.00
Compute NTK...
It: 22300, Loss: 2.065e+00, Loss_bcs: 3.395e-02, Loss_res: 2.031e+00 ,Time: 0.00
Compute NTK...
It: 22400, Loss: 2.053e+00, Loss_bcs: 3.360e-02, Loss_res: 2.020e+00 ,Time: 0.00
Compute NTK...
It: 22500, Loss: 2.042e+00, Loss_bcs: 3.325e-02, Loss_res: 2.009e+00 ,Time: 0.00
Compute NTK...
It: 22600, Loss: 2.031e+00, Loss_bcs: 3.289e-02, Loss_res: 1.999e+00 ,Time: 0.00
Compute NTK...
It: 22700, Loss: 2.021e+00, Loss_bcs: 3.254e-02, Loss_res: 1.988e+00 ,Time: 0.00
Compute NTK...
It: 22800, Loss: 2.010e+00, Loss_bcs: 3.220e-02, Loss_res: 1.978e+00 ,Time: 0.00
Compute NTK...
It: 22900, Loss: 1.999e+00, Loss_bcs: 3.186e-02, Loss_res: 1.967e+00 ,Time: 0.00
Compute NTK...
It: 23000, Loss: 1.988e+00, Loss_bcs: 3.152e-02, Loss_res: 1.957e+00 ,Time: 0.00
Compute NTK...
It: 23100, Loss: 1.978e+00, Loss_bcs: 3.120e-02, Loss_res: 1.947e+00 ,Time: 0.00
Compute NTK...
It: 23200, Loss: 1.968e+00, Loss_bcs: 3.088e-02, Loss_res: 1.937e+00 ,Time: 0.00
Compute NTK...
It: 23300, Loss: 1.957e+00, Loss_bcs: 3.056e-02, Loss_res: 1.927e+00 ,Time: 0.00
Compute NTK...
It: 23400, Loss: 1.947e+00, Loss_bcs: 3.026e-02, Loss_res: 1.917e+00 ,Time: 0.00
Compute NTK...
It: 23500, Loss: 1.937e+00, Loss_bcs: 2.996e-02, Loss_res: 1.907e+00 ,Time: 0.01
Compute NTK...
It: 23600, Loss: 1.927e+00, Loss_bcs: 2.967e-02, Loss_res: 1.897e+00 ,Time: 0.00
Compute NTK...
It: 23700, Loss: 1.917e+00, Loss_bcs: 2.938e-02, Loss_res: 1.887e+00 ,Time: 0.00
Compute NTK...
It: 23800, Loss: 1.907e+00, Loss_bcs: 2.909e-02, Loss_res: 1.878e+00 ,Time: 0.00
Compute NTK...
It: 23900, Loss: 1.897e+00, Loss_bcs: 2.880e-02, Loss_res: 1.868e+00 ,Time: 0.00
Compute NTK...
It: 24000, Loss: 1.887e+00, Loss_bcs: 2.851e-02, Loss_res: 1.859e+00 ,Time: 0.00
Compute NTK...
It: 24100, Loss: 1.877e+00, Loss_bcs: 2.823e-02, Loss_res: 1.849e+00 ,Time: 0.00
Compute NTK...
It: 24200, Loss: 1.868e+00, Loss_bcs: 2.795e-02, Loss_res: 1.840e+00 ,Time: 0.00
Compute NTK...
It: 24300, Loss: 1.858e+00, Loss_bcs: 2.768e-02, Loss_res: 1.831e+00 ,Time: 0.00
Compute NTK...
It: 24400, Loss: 1.849e+00, Loss_bcs: 2.741e-02, Loss_res: 1.822e+00 ,Time: 0.00
Compute NTK...
It: 24500, Loss: 1.840e+00, Loss_bcs: 2.714e-02, Loss_res: 1.812e+00 ,Time: 0.00
Compute NTK...
It: 24600, Loss: 1.830e+00, Loss_bcs: 2.688e-02, Loss_res: 1.803e+00 ,Time: 0.00
Compute NTK...
It: 24700, Loss: 1.821e+00, Loss_bcs: 2.663e-02, Loss_res: 1.794e+00 ,Time: 0.00
Compute NTK...
It: 24800, Loss: 1.812e+00, Loss_bcs: 2.638e-02, Loss_res: 1.786e+00 ,Time: 0.00
Compute NTK...
It: 24900, Loss: 1.803e+00, Loss_bcs: 2.613e-02, Loss_res: 1.777e+00 ,Time: 0.00
Compute NTK...
It: 25000, Loss: 1.794e+00, Loss_bcs: 2.588e-02, Loss_res: 1.768e+00 ,Time: 0.00
Compute NTK...
It: 25100, Loss: 1.785e+00, Loss_bcs: 2.565e-02, Loss_res: 1.759e+00 ,Time: 0.00
Compute NTK...
It: 25200, Loss: 1.776e+00, Loss_bcs: 2.541e-02, Loss_res: 1.751e+00 ,Time: 0.00
Compute NTK...
It: 25300, Loss: 1.767e+00, Loss_bcs: 2.517e-02, Loss_res: 1.742e+00 ,Time: 0.00
Compute NTK...
It: 25400, Loss: 1.759e+00, Loss_bcs: 2.493e-02, Loss_res: 1.734e+00 ,Time: 0.00
Compute NTK...
It: 25500, Loss: 1.750e+00, Loss_bcs: 2.471e-02, Loss_res: 1.725e+00 ,Time: 0.00
Compute NTK...
It: 25600, Loss: 1.741e+00, Loss_bcs: 2.449e-02, Loss_res: 1.717e+00 ,Time: 0.00
Compute NTK...
It: 25700, Loss: 1.733e+00, Loss_bcs: 2.427e-02, Loss_res: 1.709e+00 ,Time: 0.00
Compute NTK...
It: 25800, Loss: 1.724e+00, Loss_bcs: 2.406e-02, Loss_res: 1.700e+00 ,Time: 0.00
Compute NTK...
It: 25900, Loss: 1.716e+00, Loss_bcs: 2.384e-02, Loss_res: 1.692e+00 ,Time: 0.00
Compute NTK...
It: 26000, Loss: 1.708e+00, Loss_bcs: 2.362e-02, Loss_res: 1.684e+00 ,Time: 0.00
Compute NTK...
It: 26100, Loss: 1.699e+00, Loss_bcs: 2.340e-02, Loss_res: 1.676e+00 ,Time: 0.00
Compute NTK...
It: 26200, Loss: 1.691e+00, Loss_bcs: 2.319e-02, Loss_res: 1.668e+00 ,Time: 0.00
Compute NTK...
It: 26300, Loss: 1.683e+00, Loss_bcs: 2.297e-02, Loss_res: 1.660e+00 ,Time: 0.00
Compute NTK...
It: 26400, Loss: 1.675e+00, Loss_bcs: 2.276e-02, Loss_res: 1.652e+00 ,Time: 0.00
Compute NTK...
It: 26500, Loss: 1.667e+00, Loss_bcs: 2.256e-02, Loss_res: 1.644e+00 ,Time: 0.00
Compute NTK...
It: 26600, Loss: 1.659e+00, Loss_bcs: 2.236e-02, Loss_res: 1.636e+00 ,Time: 0.00
Compute NTK...
It: 26700, Loss: 1.651e+00, Loss_bcs: 2.216e-02, Loss_res: 1.629e+00 ,Time: 0.00
Compute NTK...
It: 26800, Loss: 1.643e+00, Loss_bcs: 2.197e-02, Loss_res: 1.621e+00 ,Time: 0.00
Compute NTK...
It: 26900, Loss: 1.635e+00, Loss_bcs: 2.178e-02, Loss_res: 1.614e+00 ,Time: 0.00
Compute NTK...
It: 27000, Loss: 1.628e+00, Loss_bcs: 2.159e-02, Loss_res: 1.606e+00 ,Time: 0.00
Compute NTK...
It: 27100, Loss: 1.620e+00, Loss_bcs: 2.141e-02, Loss_res: 1.598e+00 ,Time: 0.00
Compute NTK...
It: 27200, Loss: 1.612e+00, Loss_bcs: 2.123e-02, Loss_res: 1.591e+00 ,Time: 0.00
Compute NTK...
It: 27300, Loss: 1.605e+00, Loss_bcs: 2.106e-02, Loss_res: 1.584e+00 ,Time: 0.00
Compute NTK...
It: 27400, Loss: 1.597e+00, Loss_bcs: 2.088e-02, Loss_res: 1.576e+00 ,Time: 0.00
Compute NTK...
It: 27500, Loss: 1.590e+00, Loss_bcs: 2.071e-02, Loss_res: 1.569e+00 ,Time: 0.00
Compute NTK...
It: 27600, Loss: 1.582e+00, Loss_bcs: 2.053e-02, Loss_res: 1.562e+00 ,Time: 0.00
Compute NTK...
It: 27700, Loss: 1.575e+00, Loss_bcs: 2.035e-02, Loss_res: 1.555e+00 ,Time: 0.00
Compute NTK...
It: 27800, Loss: 1.568e+00, Loss_bcs: 2.018e-02, Loss_res: 1.547e+00 ,Time: 0.00
Compute NTK...
It: 27900, Loss: 1.560e+00, Loss_bcs: 2.000e-02, Loss_res: 1.540e+00 ,Time: 0.00
Compute NTK...
It: 28000, Loss: 1.553e+00, Loss_bcs: 1.983e-02, Loss_res: 1.533e+00 ,Time: 0.00
Compute NTK...
It: 28100, Loss: 1.546e+00, Loss_bcs: 1.966e-02, Loss_res: 1.526e+00 ,Time: 0.00
Compute NTK...
It: 28200, Loss: 1.539e+00, Loss_bcs: 1.949e-02, Loss_res: 1.519e+00 ,Time: 0.00
Compute NTK...
It: 28300, Loss: 1.532e+00, Loss_bcs: 1.932e-02, Loss_res: 1.513e+00 ,Time: 0.00
Compute NTK...
It: 28400, Loss: 1.525e+00, Loss_bcs: 1.916e-02, Loss_res: 1.506e+00 ,Time: 0.00
Compute NTK...
It: 28500, Loss: 1.518e+00, Loss_bcs: 1.900e-02, Loss_res: 1.499e+00 ,Time: 0.00
Compute NTK...
It: 28600, Loss: 1.511e+00, Loss_bcs: 1.885e-02, Loss_res: 1.492e+00 ,Time: 0.00
Compute NTK...
It: 28700, Loss: 1.504e+00, Loss_bcs: 1.870e-02, Loss_res: 1.485e+00 ,Time: 0.00
Compute NTK...
It: 28800, Loss: 1.497e+00, Loss_bcs: 1.855e-02, Loss_res: 1.479e+00 ,Time: 0.00
Compute NTK...
It: 28900, Loss: 1.491e+00, Loss_bcs: 1.840e-02, Loss_res: 1.472e+00 ,Time: 0.00
Compute NTK...
It: 29000, Loss: 1.484e+00, Loss_bcs: 1.826e-02, Loss_res: 1.466e+00 ,Time: 0.00
Compute NTK...
It: 29100, Loss: 1.477e+00, Loss_bcs: 1.811e-02, Loss_res: 1.459e+00 ,Time: 0.00
Compute NTK...
It: 29200, Loss: 1.471e+00, Loss_bcs: 1.796e-02, Loss_res: 1.453e+00 ,Time: 0.00
Compute NTK...
It: 29300, Loss: 1.464e+00, Loss_bcs: 1.782e-02, Loss_res: 1.446e+00 ,Time: 0.00
Compute NTK...
It: 29400, Loss: 1.458e+00, Loss_bcs: 1.767e-02, Loss_res: 1.440e+00 ,Time: 0.00
Compute NTK...
It: 29500, Loss: 1.451e+00, Loss_bcs: 1.753e-02, Loss_res: 1.433e+00 ,Time: 0.00
Compute NTK...
It: 29600, Loss: 1.445e+00, Loss_bcs: 1.740e-02, Loss_res: 1.427e+00 ,Time: 0.00
Compute NTK...
It: 29700, Loss: 1.438e+00, Loss_bcs: 1.727e-02, Loss_res: 1.421e+00 ,Time: 0.00
Compute NTK...
It: 29800, Loss: 1.432e+00, Loss_bcs: 1.713e-02, Loss_res: 1.415e+00 ,Time: 0.00
Compute NTK...
It: 29900, Loss: 1.426e+00, Loss_bcs: 1.700e-02, Loss_res: 1.409e+00 ,Time: 0.00
Compute NTK...
It: 30000, Loss: 1.419e+00, Loss_bcs: 1.687e-02, Loss_res: 1.402e+00 ,Time: 0.00
Compute NTK...
It: 30100, Loss: 1.413e+00, Loss_bcs: 1.674e-02, Loss_res: 1.396e+00 ,Time: 0.00
Compute NTK...
It: 30200, Loss: 1.407e+00, Loss_bcs: 1.661e-02, Loss_res: 1.390e+00 ,Time: 0.00
Compute NTK...
It: 30300, Loss: 1.401e+00, Loss_bcs: 1.648e-02, Loss_res: 1.384e+00 ,Time: 0.00
Compute NTK...
It: 30400, Loss: 1.395e+00, Loss_bcs: 1.636e-02, Loss_res: 1.378e+00 ,Time: 0.00
Compute NTK...
It: 30500, Loss: 1.389e+00, Loss_bcs: 1.623e-02, Loss_res: 1.372e+00 ,Time: 0.00
Compute NTK...
It: 30600, Loss: 1.382e+00, Loss_bcs: 1.611e-02, Loss_res: 1.366e+00 ,Time: 0.00
Compute NTK...
It: 30700, Loss: 1.376e+00, Loss_bcs: 1.600e-02, Loss_res: 1.361e+00 ,Time: 0.00
Compute NTK...
It: 30800, Loss: 1.371e+00, Loss_bcs: 1.588e-02, Loss_res: 1.355e+00 ,Time: 0.00
Compute NTK...
It: 30900, Loss: 1.365e+00, Loss_bcs: 1.576e-02, Loss_res: 1.349e+00 ,Time: 0.00
Compute NTK...
It: 31000, Loss: 1.359e+00, Loss_bcs: 1.563e-02, Loss_res: 1.343e+00 ,Time: 0.00
Compute NTK...
It: 31100, Loss: 1.353e+00, Loss_bcs: 1.551e-02, Loss_res: 1.337e+00 ,Time: 0.00
Compute NTK...
It: 31200, Loss: 1.347e+00, Loss_bcs: 1.538e-02, Loss_res: 1.332e+00 ,Time: 0.00
Compute NTK...
It: 31300, Loss: 1.341e+00, Loss_bcs: 1.527e-02, Loss_res: 1.326e+00 ,Time: 0.00
Compute NTK...
It: 31400, Loss: 1.336e+00, Loss_bcs: 1.515e-02, Loss_res: 1.321e+00 ,Time: 0.00
Compute NTK...
It: 31500, Loss: 1.330e+00, Loss_bcs: 1.504e-02, Loss_res: 1.315e+00 ,Time: 0.00
Compute NTK...
It: 31600, Loss: 1.324e+00, Loss_bcs: 1.493e-02, Loss_res: 1.309e+00 ,Time: 0.00
Compute NTK...
It: 31700, Loss: 1.319e+00, Loss_bcs: 1.482e-02, Loss_res: 1.304e+00 ,Time: 0.00
Compute NTK...
It: 31800, Loss: 1.313e+00, Loss_bcs: 1.471e-02, Loss_res: 1.298e+00 ,Time: 0.00
Compute NTK...
It: 31900, Loss: 1.308e+00, Loss_bcs: 1.460e-02, Loss_res: 1.293e+00 ,Time: 0.00
Compute NTK...
It: 32000, Loss: 1.302e+00, Loss_bcs: 1.450e-02, Loss_res: 1.288e+00 ,Time: 0.00
Compute NTK...
It: 32100, Loss: 1.297e+00, Loss_bcs: 1.440e-02, Loss_res: 1.282e+00 ,Time: 0.00
Compute NTK...
It: 32200, Loss: 1.291e+00, Loss_bcs: 1.429e-02, Loss_res: 1.277e+00 ,Time: 0.00
Compute NTK...
It: 32300, Loss: 1.286e+00, Loss_bcs: 1.420e-02, Loss_res: 1.272e+00 ,Time: 0.00
Compute NTK...
It: 32400, Loss: 1.281e+00, Loss_bcs: 1.410e-02, Loss_res: 1.266e+00 ,Time: 0.00
Compute NTK...
It: 32500, Loss: 1.275e+00, Loss_bcs: 1.400e-02, Loss_res: 1.261e+00 ,Time: 0.00
Compute NTK...
It: 32600, Loss: 1.270e+00, Loss_bcs: 1.391e-02, Loss_res: 1.256e+00 ,Time: 0.00
Compute NTK...
It: 32700, Loss: 1.265e+00, Loss_bcs: 1.381e-02, Loss_res: 1.251e+00 ,Time: 0.00
Compute NTK...
It: 32800, Loss: 1.259e+00, Loss_bcs: 1.372e-02, Loss_res: 1.246e+00 ,Time: 0.00
Compute NTK...
It: 32900, Loss: 1.254e+00, Loss_bcs: 1.362e-02, Loss_res: 1.241e+00 ,Time: 0.00
Compute NTK...
It: 33000, Loss: 1.249e+00, Loss_bcs: 1.352e-02, Loss_res: 1.236e+00 ,Time: 0.00
Compute NTK...
It: 33100, Loss: 1.244e+00, Loss_bcs: 1.343e-02, Loss_res: 1.230e+00 ,Time: 0.00
Compute NTK...
It: 33200, Loss: 1.239e+00, Loss_bcs: 1.334e-02, Loss_res: 1.226e+00 ,Time: 0.00
Compute NTK...
It: 33300, Loss: 1.234e+00, Loss_bcs: 1.324e-02, Loss_res: 1.221e+00 ,Time: 0.00
Compute NTK...
It: 33400, Loss: 1.229e+00, Loss_bcs: 1.315e-02, Loss_res: 1.216e+00 ,Time: 0.00
Compute NTK...
It: 33500, Loss: 1.224e+00, Loss_bcs: 1.306e-02, Loss_res: 1.211e+00 ,Time: 0.00
Compute NTK...
It: 33600, Loss: 1.219e+00, Loss_bcs: 1.296e-02, Loss_res: 1.206e+00 ,Time: 0.00
Compute NTK...
It: 33700, Loss: 1.214e+00, Loss_bcs: 1.286e-02, Loss_res: 1.201e+00 ,Time: 0.00
Compute NTK...
It: 33800, Loss: 1.209e+00, Loss_bcs: 1.277e-02, Loss_res: 1.196e+00 ,Time: 0.00
Compute NTK...
It: 33900, Loss: 1.204e+00, Loss_bcs: 1.269e-02, Loss_res: 1.192e+00 ,Time: 0.00
Compute NTK...
It: 34000, Loss: 1.199e+00, Loss_bcs: 1.260e-02, Loss_res: 1.187e+00 ,Time: 0.00
Compute NTK...
It: 34100, Loss: 1.195e+00, Loss_bcs: 1.252e-02, Loss_res: 1.182e+00 ,Time: 0.00
Compute NTK...
It: 34200, Loss: 1.190e+00, Loss_bcs: 1.244e-02, Loss_res: 1.177e+00 ,Time: 0.00
Compute NTK...
It: 34300, Loss: 1.185e+00, Loss_bcs: 1.236e-02, Loss_res: 1.173e+00 ,Time: 0.00
Compute NTK...
It: 34400, Loss: 1.180e+00, Loss_bcs: 1.228e-02, Loss_res: 1.168e+00 ,Time: 0.00
Compute NTK...
It: 34500, Loss: 1.176e+00, Loss_bcs: 1.220e-02, Loss_res: 1.163e+00 ,Time: 0.00
Compute NTK...
It: 34600, Loss: 1.171e+00, Loss_bcs: 1.212e-02, Loss_res: 1.159e+00 ,Time: 0.00
Compute NTK...
It: 34700, Loss: 1.166e+00, Loss_bcs: 1.205e-02, Loss_res: 1.154e+00 ,Time: 0.00
Compute NTK...
It: 34800, Loss: 1.162e+00, Loss_bcs: 1.197e-02, Loss_res: 1.150e+00 ,Time: 0.00
Compute NTK...
It: 34900, Loss: 1.157e+00, Loss_bcs: 1.189e-02, Loss_res: 1.145e+00 ,Time: 0.00
Compute NTK...
It: 35000, Loss: 1.153e+00, Loss_bcs: 1.181e-02, Loss_res: 1.141e+00 ,Time: 0.00
Compute NTK...
It: 35100, Loss: 1.148e+00, Loss_bcs: 1.173e-02, Loss_res: 1.136e+00 ,Time: 0.00
Compute NTK...
It: 35200, Loss: 1.144e+00, Loss_bcs: 1.165e-02, Loss_res: 1.132e+00 ,Time: 0.00
Compute NTK...
It: 35300, Loss: 1.139e+00, Loss_bcs: 1.157e-02, Loss_res: 1.128e+00 ,Time: 0.00
Compute NTK...
It: 35400, Loss: 1.135e+00, Loss_bcs: 1.150e-02, Loss_res: 1.123e+00 ,Time: 0.00
Compute NTK...
It: 35500, Loss: 1.130e+00, Loss_bcs: 1.142e-02, Loss_res: 1.119e+00 ,Time: 0.00
Compute NTK...
It: 35600, Loss: 1.126e+00, Loss_bcs: 1.134e-02, Loss_res: 1.115e+00 ,Time: 0.00
Compute NTK...
It: 35700, Loss: 1.122e+00, Loss_bcs: 1.126e-02, Loss_res: 1.110e+00 ,Time: 0.00
Compute NTK...
It: 35800, Loss: 1.117e+00, Loss_bcs: 1.119e-02, Loss_res: 1.106e+00 ,Time: 0.00
Compute NTK...
It: 35900, Loss: 1.113e+00, Loss_bcs: 1.111e-02, Loss_res: 1.102e+00 ,Time: 0.00
Compute NTK...
It: 36000, Loss: 1.109e+00, Loss_bcs: 1.103e-02, Loss_res: 1.098e+00 ,Time: 0.00
Compute NTK...
It: 36100, Loss: 1.104e+00, Loss_bcs: 1.096e-02, Loss_res: 1.093e+00 ,Time: 0.00
Compute NTK...
It: 36200, Loss: 1.100e+00, Loss_bcs: 1.088e-02, Loss_res: 1.089e+00 ,Time: 0.00
Compute NTK...
It: 36300, Loss: 1.096e+00, Loss_bcs: 1.081e-02, Loss_res: 1.085e+00 ,Time: 0.00
Compute NTK...
It: 36400, Loss: 1.092e+00, Loss_bcs: 1.075e-02, Loss_res: 1.081e+00 ,Time: 0.00
Compute NTK...
It: 36500, Loss: 1.088e+00, Loss_bcs: 1.068e-02, Loss_res: 1.077e+00 ,Time: 0.00
Compute NTK...
It: 36600, Loss: 1.083e+00, Loss_bcs: 1.061e-02, Loss_res: 1.073e+00 ,Time: 0.00
Compute NTK...
It: 36700, Loss: 1.079e+00, Loss_bcs: 1.054e-02, Loss_res: 1.069e+00 ,Time: 0.00
Compute NTK...
It: 36800, Loss: 1.075e+00, Loss_bcs: 1.048e-02, Loss_res: 1.065e+00 ,Time: 0.00
Compute NTK...
It: 36900, Loss: 1.071e+00, Loss_bcs: 1.042e-02, Loss_res: 1.061e+00 ,Time: 0.00
Compute NTK...
It: 37000, Loss: 1.067e+00, Loss_bcs: 1.035e-02, Loss_res: 1.057e+00 ,Time: 0.00
Compute NTK...
It: 37100, Loss: 1.063e+00, Loss_bcs: 1.029e-02, Loss_res: 1.053e+00 ,Time: 0.00
Compute NTK...
It: 37200, Loss: 1.059e+00, Loss_bcs: 1.022e-02, Loss_res: 1.049e+00 ,Time: 0.00
Compute NTK...
It: 37300, Loss: 1.055e+00, Loss_bcs: 1.016e-02, Loss_res: 1.045e+00 ,Time: 0.00
Compute NTK...
It: 37400, Loss: 1.051e+00, Loss_bcs: 1.009e-02, Loss_res: 1.041e+00 ,Time: 0.00
Compute NTK...
It: 37500, Loss: 1.047e+00, Loss_bcs: 1.003e-02, Loss_res: 1.037e+00 ,Time: 0.00
Compute NTK...
It: 37600, Loss: 1.044e+00, Loss_bcs: 9.971e-03, Loss_res: 1.034e+00 ,Time: 0.00
Compute NTK...
It: 37700, Loss: 1.040e+00, Loss_bcs: 9.913e-03, Loss_res: 1.030e+00 ,Time: 0.00
Compute NTK...
It: 37800, Loss: 1.036e+00, Loss_bcs: 9.853e-03, Loss_res: 1.026e+00 ,Time: 0.00
Compute NTK...
It: 37900, Loss: 1.032e+00, Loss_bcs: 9.794e-03, Loss_res: 1.022e+00 ,Time: 0.00
Compute NTK...
It: 38000, Loss: 1.028e+00, Loss_bcs: 9.735e-03, Loss_res: 1.018e+00 ,Time: 0.00
Compute NTK...
It: 38100, Loss: 1.024e+00, Loss_bcs: 9.672e-03, Loss_res: 1.015e+00 ,Time: 0.00
Compute NTK...
It: 38200, Loss: 1.021e+00, Loss_bcs: 9.610e-03, Loss_res: 1.011e+00 ,Time: 0.00
Compute NTK...
It: 38300, Loss: 1.017e+00, Loss_bcs: 9.551e-03, Loss_res: 1.007e+00 ,Time: 0.00
Compute NTK...
It: 38400, Loss: 1.013e+00, Loss_bcs: 9.493e-03, Loss_res: 1.004e+00 ,Time: 0.00
Compute NTK...
It: 38500, Loss: 1.010e+00, Loss_bcs: 9.436e-03, Loss_res: 1.000e+00 ,Time: 0.00
Compute NTK...
It: 38600, Loss: 1.006e+00, Loss_bcs: 9.380e-03, Loss_res: 9.965e-01 ,Time: 0.00
Compute NTK...
It: 38700, Loss: 1.002e+00, Loss_bcs: 9.325e-03, Loss_res: 9.929e-01 ,Time: 0.00
Compute NTK...
It: 38800, Loss: 9.986e-01, Loss_bcs: 9.272e-03, Loss_res: 9.893e-01 ,Time: 0.00
Compute NTK...
It: 38900, Loss: 9.950e-01, Loss_bcs: 9.219e-03, Loss_res: 9.858e-01 ,Time: 0.00
Compute NTK...
It: 39000, Loss: 9.914e-01, Loss_bcs: 9.167e-03, Loss_res: 9.822e-01 ,Time: 0.00
Compute NTK...
It: 39100, Loss: 9.878e-01, Loss_bcs: 9.116e-03, Loss_res: 9.787e-01 ,Time: 0.00
Compute NTK...
It: 39200, Loss: 9.843e-01, Loss_bcs: 9.065e-03, Loss_res: 9.752e-01 ,Time: 0.00
Compute NTK...
It: 39300, Loss: 9.807e-01, Loss_bcs: 9.014e-03, Loss_res: 9.717e-01 ,Time: 0.00
Compute NTK...
It: 39400, Loss: 9.772e-01, Loss_bcs: 8.963e-03, Loss_res: 9.683e-01 ,Time: 0.00
Compute NTK...
It: 39500, Loss: 9.737e-01, Loss_bcs: 8.913e-03, Loss_res: 9.648e-01 ,Time: 0.00
Compute NTK...
It: 39600, Loss: 9.702e-01, Loss_bcs: 8.861e-03, Loss_res: 9.614e-01 ,Time: 0.00
Compute NTK...
It: 39700, Loss: 9.668e-01, Loss_bcs: 8.811e-03, Loss_res: 9.580e-01 ,Time: 0.00
Compute NTK...
It: 39800, Loss: 9.634e-01, Loss_bcs: 8.760e-03, Loss_res: 9.546e-01 ,Time: 0.00
Compute NTK...
It: 39900, Loss: 9.600e-01, Loss_bcs: 8.710e-03, Loss_res: 9.512e-01 ,Time: 0.00
Compute NTK...
Gradients information stored ...
It: 40000, Loss: 9.566e-01, Loss_bcs: 8.661e-03, Loss_res: 9.479e-01 ,Time: 0.26
Compute NTK...
Save uv NN parameters successfully in %s ...checkpoints/Dec-08-2023_23-34-41-963687_M1
Final loss total loss: 9.566028e-01
Final loss loss_res: 9.479414e-01
Final loss loss_bcs: 8.661379e-03
