Gradients information stored ...
updating  loss_bc1:   1.2262e-01
updating  loss_bc2:   2.6441e-01
updating  loss_ics_u:   4.8268e-02
Gradients information stored ...
updating  loss_bc1:   4.3780e-01
updating  loss_bc2:   4.6573e-01
updating  loss_ics_u:   2.1609e-01
updating  loss_bc1:   6.9351e-01
updating  loss_bc2:   5.7050e-01
updating  loss_ics_u:   2.2233e-01
updating  loss_bc1:   2.3393e+01
updating  loss_bc2:   5.0880e+01
updating  loss_ics_u:   1.0112e+01
updating  loss_bc1:   2.9993e+00
updating  loss_bc2:   3.4883e+00
updating  loss_ics_u:   1.5017e+00
updating  loss_bc1:   1.3029e+00
updating  loss_bc2:   4.7120e+00
updating  loss_ics_u:   8.1465e-01
updating  loss_bc1:   1.0760e+01
updating  loss_bc2:   2.3853e+01
updating  loss_ics_u:   5.3271e+00
updating  loss_bc1:   1.8548e+01
updating  loss_bc2:   1.8495e+01
updating  loss_ics_u:   1.4452e+01
updating  loss_bc1:   8.6976e-01
updating  loss_bc2:   2.2732e+00
updating  loss_ics_u:   5.6810e-01
Save uv NN parameters successfully in %s ...checkpoints/Dec-18-2023_21-05-21-719019_M5
Final loss loss_bc1: 3.937951e-01
Final loss loss_bc2: 2.861635e-02
Final loss loss_ics_u: 2.399638e-02
