Gradients information stored ...
lambda_balance loss_bc1: 1.2407e+00
lambda_balance loss_bc2: 9.6742e-07
lambda_balance loss_ics_u: 5.9043e-03
updating  lamda for loss loss_bc1:   5.7411e-02
updating  lamda for loss loss_bc2:   3.9060e-02
updating  lamda for loss loss_ics_u:   1.6984e-02
Gradients information stored ...
lambda_balance loss_bc1: 1.3888e+00
lambda_balance loss_bc2: 4.1832e-14
lambda_balance loss_ics_u: 2.9640e-04
updating  lamda for loss loss_bc1:   7.9012e-02
updating  lamda for loss loss_bc2:   3.9586e-02
updating  lamda for loss loss_ics_u:   2.5426e-02
lambda_balance loss_bc1: 1.3778e+00
lambda_balance loss_bc2: 9.0517e-15
lambda_balance loss_ics_u: 5.9967e-04
updating  lamda for loss loss_bc1:   6.8551e-01
updating  lamda for loss loss_bc2:   5.8889e-01
updating  lamda for loss loss_ics_u:   3.7917e-01
lambda_balance loss_bc1: 1.4357e+00
lambda_balance loss_bc2: 3.1675e-13
lambda_balance loss_ics_u: 1.9453e-04
updating  lamda for loss loss_bc1:   2.1232e+00
updating  lamda for loss loss_bc2:   2.5955e+00
updating  lamda for loss loss_ics_u:   1.5912e+00
lambda_balance loss_bc1: 1.4242e+00
lambda_balance loss_bc2: 9.8780e-09
lambda_balance loss_ics_u: 2.1386e-04
updating  lamda for loss loss_bc1:   1.1223e+00
updating  lamda for loss loss_bc2:   1.4372e+00
updating  lamda for loss loss_ics_u:   7.7521e-01
lambda_balance loss_bc1: 1.4671e+00
lambda_balance loss_bc2: 7.7355e-08
lambda_balance loss_ics_u: 9.2270e-05
updating  lamda for loss loss_bc1:   5.9487e+00
updating  lamda for loss loss_bc2:   6.9591e+00
updating  lamda for loss loss_ics_u:   3.0764e+00
lambda_balance loss_bc1: 1.3541e+00
lambda_balance loss_bc2: 2.3799e-05
lambda_balance loss_ics_u: 1.8185e-03
updating  lamda for loss loss_bc1:   9.4779e-01
updating  lamda for loss loss_bc2:   2.1570e+00
updating  lamda for loss loss_ics_u:   1.5457e+00
lambda_balance loss_bc1: 1.3256e+00
lambda_balance loss_bc2: 1.4586e-04
lambda_balance loss_ics_u: 3.0495e-03
updating  lamda for loss loss_bc1:   4.0917e+00
updating  lamda for loss loss_bc2:   5.9462e+00
updating  lamda for loss loss_ics_u:   2.7479e+00
lambda_balance loss_bc1: 1.3936e+00
lambda_balance loss_bc2: 4.6250e-05
lambda_balance loss_ics_u: 8.8261e-04
updating  lamda for loss loss_bc1:   5.8352e+00
updating  lamda for loss loss_bc2:   9.7823e+00
updating  lamda for loss loss_ics_u:   1.0379e+01
lambda_balance loss_bc1: 1.4937e+00
lambda_balance loss_bc2: 8.3596e-06
lambda_balance loss_ics_u: 1.1908e-04
updating  lamda for loss loss_bc1:   8.1114e+00
updating  lamda for loss loss_bc2:   2.4646e+01
updating  lamda for loss loss_ics_u:   2.4497e+00
Gradients information stored ...
lambda_balance loss_bc1: 1.4205e+00
lambda_balance loss_bc2: 5.6583e-05
lambda_balance loss_ics_u: 6.5648e-04
updating  lamda for loss loss_bc1:   9.9677e+00
updating  lamda for loss loss_bc2:   1.8918e+01
updating  lamda for loss loss_ics_u:   1.5388e+01
lambda_balance loss_bc1: 1.3860e+00
lambda_balance loss_bc2: 2.8903e-04
lambda_balance loss_ics_u: 1.0191e-03
updating  lamda for loss loss_bc1:   4.9326e+00
updating  lamda for loss loss_bc2:   9.2390e+00
updating  lamda for loss loss_ics_u:   4.5056e+00
lambda_balance loss_bc1: 1.4009e+00
lambda_balance loss_bc2: 2.7008e-04
lambda_balance loss_ics_u: 7.8880e-04
updating  lamda for loss loss_bc1:   6.4921e+00
updating  lamda for loss loss_bc2:   9.9168e+00
updating  lamda for loss loss_ics_u:   4.1564e+00
lambda_balance loss_bc1: 1.5321e+00
lambda_balance loss_bc2: 2.3696e-04
lambda_balance loss_ics_u: 4.8201e-06
updating  lamda for loss loss_bc1:   2.4126e+01
updating  lamda for loss loss_bc2:   1.1227e+02
updating  lamda for loss loss_ics_u:   4.0932e+01
lambda_balance loss_bc1: 1.3706e+00
lambda_balance loss_bc2: 1.1255e-03
lambda_balance loss_ics_u: 1.2344e-03
updating  lamda for loss loss_bc1:   6.6224e+00
updating  lamda for loss loss_bc2:   8.5908e+00
updating  lamda for loss loss_ics_u:   1.0420e+01
lambda_balance loss_bc1: 1.4318e+00
lambda_balance loss_bc2: 3.0682e-04
lambda_balance loss_ics_u: 3.5998e-04
updating  lamda for loss loss_bc1:   1.1367e+01
updating  lamda for loss loss_bc2:   1.9727e+01
updating  lamda for loss loss_ics_u:   1.5231e+01
lambda_balance loss_bc1: 1.4024e+00
lambda_balance loss_bc2: 6.4068e-04
lambda_balance loss_ics_u: 6.0064e-04
updating  lamda for loss loss_bc1:   7.6884e+00
updating  lamda for loss loss_bc2:   2.9517e+01
updating  lamda for loss loss_ics_u:   2.0788e+01
lambda_balance loss_bc1: 1.4099e+00
lambda_balance loss_bc2: 2.9509e-04
lambda_balance loss_ics_u: 9.0466e-04
updating  lamda for loss loss_bc1:   2.9230e+00
updating  lamda for loss loss_bc2:   7.5377e+00
updating  lamda for loss loss_ics_u:   2.7106e+00
lambda_balance loss_bc1: 1.4066e+00
lambda_balance loss_bc2: 3.3795e-04
lambda_balance loss_ics_u: 9.4857e-04
updating  lamda for loss loss_bc1:   6.0261e+00
updating  lamda for loss loss_bc2:   9.8468e+00
updating  lamda for loss loss_ics_u:   1.9297e+01
lambda_balance loss_bc1: 1.3856e+00
lambda_balance loss_bc2: 5.6648e-04
lambda_balance loss_ics_u: 1.4413e-03
updating  lamda for loss loss_bc1:   2.8867e+00
updating  lamda for loss loss_bc2:   5.7502e+00
updating  lamda for loss loss_ics_u:   4.3167e+00
lambda_balance loss_bc1: 1.6211e+00
lambda_balance loss_bc2: 7.6601e-05
lambda_balance loss_ics_u: 1.0588e-06
updating  lamda for loss loss_bc1:   9.2404e+00
updating  lamda for loss loss_bc2:   1.8592e+01
updating  lamda for loss loss_ics_u:   9.5956e+00
lambda_balance loss_bc1: 1.3966e+00
lambda_balance loss_bc2: 5.6483e-04
lambda_balance loss_ics_u: 1.2222e-03
updating  lamda for loss loss_bc1:   1.0490e+00
updating  lamda for loss loss_bc2:   2.3074e+00
updating  lamda for loss loss_ics_u:   1.8471e+00
lambda_balance loss_bc1: 1.4187e+00
lambda_balance loss_bc2: 3.9227e-04
lambda_balance loss_ics_u: 6.4709e-04
updating  lamda for loss loss_bc1:   7.1884e+00
updating  lamda for loss loss_bc2:   2.4487e+01
updating  lamda for loss loss_ics_u:   7.9845e+00
lambda_balance loss_bc1: 1.4499e+00
lambda_balance loss_bc2: 1.9361e-04
lambda_balance loss_ics_u: 3.4053e-04
updating  lamda for loss loss_bc1:   3.5594e+00
updating  lamda for loss loss_bc2:   8.1149e+00
updating  lamda for loss loss_ics_u:   2.4545e+00
lambda_balance loss_bc1: 1.4166e+00
lambda_balance loss_bc2: 2.5273e-04
lambda_balance loss_ics_u: 8.5261e-04
updating  lamda for loss loss_bc1:   2.0218e+00
updating  lamda for loss loss_bc2:   1.3347e+01
updating  lamda for loss loss_ics_u:   4.5722e+00
lambda_balance loss_bc1: 1.4899e+00
lambda_balance loss_bc2: 9.4922e-05
lambda_balance loss_ics_u: 1.3739e-04
updating  lamda for loss loss_bc1:   2.6416e+00
updating  lamda for loss loss_bc2:   1.0859e+01
updating  lamda for loss loss_ics_u:   4.1611e+00
lambda_balance loss_bc1: 1.4743e+00
lambda_balance loss_bc2: 8.9041e-05
lambda_balance loss_ics_u: 2.4316e-04
updating  lamda for loss loss_bc1:   1.0013e+01
updating  lamda for loss loss_bc2:   7.0395e+01
updating  lamda for loss loss_ics_u:   7.0533e+00
lambda_balance loss_bc1: 1.4914e+00
lambda_balance loss_bc2: 5.4263e-05
lambda_balance loss_ics_u: 1.8066e-04
updating  lamda for loss loss_bc1:   6.0144e+00
updating  lamda for loss loss_bc2:   8.7119e+00
updating  lamda for loss loss_ics_u:   3.4280e+00
lambda_balance loss_bc1: 1.4303e+00
lambda_balance loss_bc2: 1.7682e-04
lambda_balance loss_ics_u: 5.7689e-04
updating  lamda for loss loss_bc1:   2.4458e+00
updating  lamda for loss loss_bc2:   5.2368e+00
updating  lamda for loss loss_ics_u:   1.5883e+00
lambda_balance loss_bc1: 1.4974e+00
lambda_balance loss_bc2: 4.4028e-05
lambda_balance loss_ics_u: 1.4150e-04
updating  lamda for loss loss_bc1:   6.1839e+00
updating  lamda for loss loss_bc2:   1.2653e+01
updating  lamda for loss loss_ics_u:   5.8499e+00
lambda_balance loss_bc1: 1.4221e+00
lambda_balance loss_bc2: 1.8215e-04
lambda_balance loss_ics_u: 6.9004e-04
updating  lamda for loss loss_bc1:   8.5288e+00
updating  lamda for loss loss_bc2:   2.5984e+01
updating  lamda for loss loss_ics_u:   1.5393e+01
lambda_balance loss_bc1: 1.4893e+00
lambda_balance loss_bc2: 8.0664e-05
lambda_balance loss_ics_u: 1.0136e-04
updating  lamda for loss loss_bc1:   5.3869e+00
updating  lamda for loss loss_bc2:   1.4808e+01
updating  lamda for loss loss_ics_u:   3.3213e+00
lambda_balance loss_bc1: 1.4951e+00
lambda_balance loss_bc2: 4.6814e-05
lambda_balance loss_ics_u: 1.6327e-04
updating  lamda for loss loss_bc1:   4.1004e+00
updating  lamda for loss loss_bc2:   1.0132e+01
updating  lamda for loss loss_ics_u:   7.6285e+00
lambda_balance loss_bc1: 1.4798e+00
lambda_balance loss_bc2: 6.2105e-05
lambda_balance loss_ics_u: 2.0494e-04
updating  lamda for loss loss_bc1:   6.9065e+00
updating  lamda for loss loss_bc2:   1.2666e+01
updating  lamda for loss loss_ics_u:   7.9248e+00
lambda_balance loss_bc1: 1.4926e+00
lambda_balance loss_bc2: 6.7562e-05
lambda_balance loss_ics_u: 1.0530e-04
updating  lamda for loss loss_bc1:   2.2056e+01
updating  lamda for loss loss_bc2:   5.5864e+01
updating  lamda for loss loss_ics_u:   2.3040e+01
lambda_balance loss_bc1: 1.5631e+00
lambda_balance loss_bc2: 9.5058e-06
lambda_balance loss_ics_u: 3.8427e-05
updating  lamda for loss loss_bc1:   3.0981e+00
updating  lamda for loss loss_bc2:   7.8679e+00
updating  lamda for loss loss_ics_u:   2.9402e+00
lambda_balance loss_bc1: 1.4823e+00
lambda_balance loss_bc2: 5.9229e-05
lambda_balance loss_ics_u: 1.5810e-04
updating  lamda for loss loss_bc1:   8.5374e+00
updating  lamda for loss loss_bc2:   1.4204e+01
updating  lamda for loss loss_ics_u:   7.9201e+00
lambda_balance loss_bc1: 1.4051e+00
lambda_balance loss_bc2: 3.2736e-04
lambda_balance loss_ics_u: 6.6769e-04
updating  lamda for loss loss_bc1:   3.6339e+01
updating  lamda for loss loss_bc2:   2.6285e+01
updating  lamda for loss loss_ics_u:   1.8873e+01
lambda_balance loss_bc1: 1.5050e+00
lambda_balance loss_bc2: 2.3696e-05
lambda_balance loss_ics_u: 1.3068e-04
updating  lamda for loss loss_bc1:   4.6233e+00
updating  lamda for loss loss_bc2:   2.0190e+01
updating  lamda for loss loss_ics_u:   1.9139e+01
lambda_balance loss_bc1: 1.5365e+00
lambda_balance loss_bc2: 1.5045e-05
lambda_balance loss_ics_u: 5.7673e-05
updating  lamda for loss loss_bc1:   3.6693e+00
updating  lamda for loss loss_bc2:   7.9972e+00
updating  lamda for loss loss_ics_u:   5.4615e+00
lambda_balance loss_bc1: 1.4747e+00
lambda_balance loss_bc2: 5.8044e-05
lambda_balance loss_ics_u: 1.7800e-04
updating  lamda for loss loss_bc1:   5.6915e+00
updating  lamda for loss loss_bc2:   6.7747e+00
updating  lamda for loss loss_ics_u:   3.3007e+00
lambda_balance loss_bc1: 1.4922e+00
lambda_balance loss_bc2: 3.7107e-05
lambda_balance loss_ics_u: 1.3559e-04
updating  lamda for loss loss_bc1:   2.5622e+00
updating  lamda for loss loss_bc2:   7.7294e+00
updating  lamda for loss loss_ics_u:   1.6467e+00
lambda_balance loss_bc1: 1.5058e+00
lambda_balance loss_bc2: 2.7397e-05
lambda_balance loss_ics_u: 9.4957e-05
updating  lamda for loss loss_bc1:   3.6423e+00
updating  lamda for loss loss_bc2:   2.0970e+01
updating  lamda for loss loss_ics_u:   6.2392e+00
lambda_balance loss_bc1: 1.4822e+00
lambda_balance loss_bc2: 5.7349e-05
lambda_balance loss_ics_u: 1.4009e-04
updating  lamda for loss loss_bc1:   7.9252e+00
updating  lamda for loss loss_bc2:   1.7896e+01
updating  lamda for loss loss_ics_u:   5.9639e+00
lambda_balance loss_bc1: 1.5022e+00
lambda_balance loss_bc2: 3.5074e-05
lambda_balance loss_ics_u: 9.8069e-05
updating  lamda for loss loss_bc1:   3.9963e+00
updating  lamda for loss loss_bc2:   2.6436e+01
updating  lamda for loss loss_ics_u:   2.2528e+00
lambda_balance loss_bc1: 1.4690e+00
lambda_balance loss_bc2: 6.8012e-05
lambda_balance loss_ics_u: 1.7953e-04
updating  lamda for loss loss_bc1:   5.9418e+00
updating  lamda for loss loss_bc2:   1.4727e+01
updating  lamda for loss loss_ics_u:   8.7744e+00
lambda_balance loss_bc1: 1.4885e+00
lambda_balance loss_bc2: 4.0373e-05
lambda_balance loss_ics_u: 1.3231e-04
updating  lamda for loss loss_bc1:   3.0072e+00
updating  lamda for loss loss_bc2:   1.1351e+01
updating  lamda for loss loss_ics_u:   2.7088e+00
lambda_balance loss_bc1: 1.5425e+00
lambda_balance loss_bc2: 1.1231e-05
lambda_balance loss_ics_u: 4.8930e-05
updating  lamda for loss loss_bc1:   3.4145e+00
updating  lamda for loss loss_bc2:   1.0911e+01
updating  lamda for loss loss_ics_u:   8.3213e+00
lambda_balance loss_bc1: 1.4119e+00
lambda_balance loss_bc2: 2.0868e-04
lambda_balance loss_ics_u: 5.8474e-04
updating  lamda for loss loss_bc1:   3.5611e+00
updating  lamda for loss loss_bc2:   9.6138e+00
updating  lamda for loss loss_ics_u:   1.1670e+01
lambda_balance loss_bc1: 1.5181e+00
lambda_balance loss_bc2: 3.6383e-05
lambda_balance loss_ics_u: 4.0585e-05
updating  lamda for loss loss_bc1:   2.3527e+01
updating  lamda for loss loss_bc2:   1.1186e+02
updating  lamda for loss loss_ics_u:   2.2591e+01
lambda_balance loss_bc1: 1.4269e+00
lambda_balance loss_bc2: 1.8110e-04
lambda_balance loss_ics_u: 3.7581e-04
updating  lamda for loss loss_bc1:   8.0352e+00
updating  lamda for loss loss_bc2:   2.0546e+01
updating  lamda for loss loss_ics_u:   1.3882e+01
lambda_balance loss_bc1: 1.4509e+00
lambda_balance loss_bc2: 1.6527e-04
lambda_balance loss_ics_u: 1.4486e-04
updating  lamda for loss loss_bc1:   4.5832e+01
updating  lamda for loss loss_bc2:   3.2263e+01
updating  lamda for loss loss_ics_u:   1.7275e+01
lambda_balance loss_bc1: 1.4472e+00
lambda_balance loss_bc2: 1.1984e-04
lambda_balance loss_ics_u: 2.1931e-04
updating  lamda for loss loss_bc1:   4.4300e+00
updating  lamda for loss loss_bc2:   6.3747e+00
updating  lamda for loss loss_ics_u:   1.5508e+01
lambda_balance loss_bc1: 1.4357e+00
lambda_balance loss_bc2: 1.6004e-04
lambda_balance loss_ics_u: 2.6626e-04
updating  lamda for loss loss_bc1:   8.3203e+00
updating  lamda for loss loss_bc2:   1.6143e+01
updating  lamda for loss loss_ics_u:   8.8135e+00
lambda_balance loss_bc1: 1.4535e+00
lambda_balance loss_bc2: 1.0720e-04
lambda_balance loss_ics_u: 2.1323e-04
updating  lamda for loss loss_bc1:   1.2930e+00
updating  lamda for loss loss_bc2:   4.5671e+00
updating  lamda for loss loss_ics_u:   1.1913e+00
lambda_balance loss_bc1: 1.4497e+00
lambda_balance loss_bc2: 1.0619e-04
lambda_balance loss_ics_u: 2.3231e-04
updating  lamda for loss loss_bc1:   6.4549e+00
updating  lamda for loss loss_bc2:   4.7497e+01
updating  lamda for loss loss_ics_u:   7.7567e+00
lambda_balance loss_bc1: 1.4760e+00
lambda_balance loss_bc2: 6.9500e-05
lambda_balance loss_ics_u: 1.1199e-04
updating  lamda for loss loss_bc1:   3.0882e+00
updating  lamda for loss loss_bc2:   9.2284e+00
updating  lamda for loss loss_ics_u:   6.9756e+00
lambda_balance loss_bc1: 1.4579e+00
lambda_balance loss_bc2: 9.2382e-05
lambda_balance loss_ics_u: 1.7215e-04
updating  lamda for loss loss_bc1:   1.1243e+01
updating  lamda for loss loss_bc2:   1.7085e+01
updating  lamda for loss loss_ics_u:   7.6302e+00
lambda_balance loss_bc1: 1.4784e+00
lambda_balance loss_bc2: 6.7746e-05
lambda_balance loss_ics_u: 9.5733e-05
updating  lamda for loss loss_bc1:   9.8666e+00
updating  lamda for loss loss_bc2:   1.3598e+01
updating  lamda for loss loss_ics_u:   4.4797e+00
lambda_balance loss_bc1: 1.4391e+00
lambda_balance loss_bc2: 2.3693e-04
lambda_balance loss_ics_u: 1.4109e-04
updating  lamda for loss loss_bc1:   2.6842e+01
updating  lamda for loss loss_bc2:   6.1762e+01
updating  lamda for loss loss_ics_u:   1.2450e+01
lambda_balance loss_bc1: 1.5135e+00
lambda_balance loss_bc2: 4.5912e-05
lambda_balance loss_ics_u: 3.4081e-05
updating  lamda for loss loss_bc1:   8.1847e+00
updating  lamda for loss loss_bc2:   4.1382e+01
updating  lamda for loss loss_ics_u:   4.1550e+00
lambda_balance loss_bc1: 1.4691e+00
lambda_balance loss_bc2: 8.0689e-05
lambda_balance loss_ics_u: 1.1878e-04
updating  lamda for loss loss_bc1:   7.7577e+00
updating  lamda for loss loss_bc2:   1.8889e+01
updating  lamda for loss loss_ics_u:   1.3536e+01
lambda_balance loss_bc1: 1.6069e+00
lambda_balance loss_bc2: 3.1385e-05
lambda_balance loss_ics_u: 7.9004e-07
updating  lamda for loss loss_bc1:   1.6691e+01
updating  lamda for loss loss_bc2:   7.3329e+01
updating  lamda for loss loss_ics_u:   1.0846e+01
lambda_balance loss_bc1: 1.4846e+00
lambda_balance loss_bc2: 6.4779e-05
lambda_balance loss_ics_u: 8.1052e-05
updating  lamda for loss loss_bc1:   5.1974e+00
updating  lamda for loss loss_bc2:   2.6554e+01
updating  lamda for loss loss_ics_u:   5.8567e+00
lambda_balance loss_bc1: 1.4849e+00
lambda_balance loss_bc2: 7.2294e-05
lambda_balance loss_ics_u: 6.5285e-05
updating  lamda for loss loss_bc1:   1.0890e+01
updating  lamda for loss loss_bc2:   4.6742e+01
updating  lamda for loss loss_ics_u:   1.6777e+01
lambda_balance loss_bc1: 1.5771e+00
lambda_balance loss_bc2: 1.9772e-05
lambda_balance loss_ics_u: 4.4037e-06
updating  lamda for loss loss_bc1:   2.1629e+01
updating  lamda for loss loss_bc2:   5.6978e+01
updating  lamda for loss loss_ics_u:   9.1921e+00
lambda_balance loss_bc1: 1.4889e+00
lambda_balance loss_bc2: 5.7980e-05
lambda_balance loss_ics_u: 6.3097e-05
updating  lamda for loss loss_bc1:   7.9678e+00
updating  lamda for loss loss_bc2:   2.2432e+01
updating  lamda for loss loss_ics_u:   3.9284e+00
lambda_balance loss_bc1: 1.4692e+00
lambda_balance loss_bc2: 1.4561e-04
lambda_balance loss_ics_u: 6.2521e-05
updating  lamda for loss loss_bc1:   3.5746e+00
updating  lamda for loss loss_bc2:   7.4979e+00
updating  lamda for loss loss_ics_u:   4.1588e+00
lambda_balance loss_bc1: 1.5129e+00
lambda_balance loss_bc2: 5.5397e-05
lambda_balance loss_ics_u: 2.3988e-05
updating  lamda for loss loss_bc1:   1.9660e+01
updating  lamda for loss loss_bc2:   5.5459e+01
updating  lamda for loss loss_ics_u:   1.9521e+01
lambda_balance loss_bc1: 1.4162e+00
lambda_balance loss_bc2: 3.3014e-04
lambda_balance loss_ics_u: 2.5622e-04
updating  lamda for loss loss_bc1:   8.9832e+00
updating  lamda for loss loss_bc2:   3.7732e+01
updating  lamda for loss loss_ics_u:   9.2235e+00
lambda_balance loss_bc1: 1.6111e+00
lambda_balance loss_bc2: 4.4340e-05
lambda_balance loss_ics_u: 3.0678e-07
updating  lamda for loss loss_bc1:   5.2459e+01
updating  lamda for loss loss_bc2:   5.9205e+01
updating  lamda for loss loss_ics_u:   2.5876e+01
lambda_balance loss_bc1: 1.4431e+00
lambda_balance loss_bc2: 1.8635e-04
lambda_balance loss_ics_u: 1.3965e-04
updating  lamda for loss loss_bc1:   4.3148e+00
updating  lamda for loss loss_bc2:   8.2045e+00
updating  lamda for loss loss_ics_u:   2.0647e+00
lambda_balance loss_bc1: 1.4509e+00
lambda_balance loss_bc2: 1.9834e-04
lambda_balance loss_ics_u: 8.6875e-05
updating  lamda for loss loss_bc1:   7.6508e+00
updating  lamda for loss loss_bc2:   8.5054e+00
updating  lamda for loss loss_ics_u:   3.2573e+00
lambda_balance loss_bc1: 1.4493e+00
lambda_balance loss_bc2: 1.4783e-04
lambda_balance loss_ics_u: 1.2440e-04
updating  lamda for loss loss_bc1:   4.7083e+00
updating  lamda for loss loss_bc2:   2.7438e+01
updating  lamda for loss loss_ics_u:   6.9531e+00
lambda_balance loss_bc1: 1.4955e+00
lambda_balance loss_bc2: 5.5376e-05
lambda_balance loss_ics_u: 4.2790e-05
updating  lamda for loss loss_bc1:   3.7754e+00
updating  lamda for loss loss_bc2:   9.0118e+00
updating  lamda for loss loss_ics_u:   6.9493e+00
lambda_balance loss_bc1: 1.5348e+00
lambda_balance loss_bc2: 1.2528e-04
lambda_balance loss_ics_u: 2.7979e-06
updating  lamda for loss loss_bc1:   3.6595e+01
updating  lamda for loss loss_bc2:   6.0996e+01
updating  lamda for loss loss_ics_u:   2.6671e+01
lambda_balance loss_bc1: 1.4323e+00
lambda_balance loss_bc2: 2.3351e-04
lambda_balance loss_ics_u: 1.5412e-04
updating  lamda for loss loss_bc1:   1.0529e+01
updating  lamda for loss loss_bc2:   3.8735e+01
updating  lamda for loss loss_ics_u:   8.6083e+00
lambda_balance loss_bc1: 1.3903e+00
lambda_balance loss_bc2: 5.6762e-04
lambda_balance loss_ics_u: 3.6137e-04
updating  lamda for loss loss_bc1:   1.2797e+01
updating  lamda for loss loss_bc2:   4.0512e+01
updating  lamda for loss loss_ics_u:   1.4518e+01
lambda_balance loss_bc1: 1.4540e+00
lambda_balance loss_bc2: 1.5369e-04
lambda_balance loss_ics_u: 1.0122e-04
updating  lamda for loss loss_bc1:   7.5460e+00
updating  lamda for loss loss_bc2:   7.1789e+00
updating  lamda for loss loss_ics_u:   7.2144e+00
lambda_balance loss_bc1: 1.4216e+00
lambda_balance loss_bc2: 3.5265e-04
lambda_balance loss_ics_u: 1.6867e-04
updating  lamda for loss loss_bc1:   3.3214e+00
updating  lamda for loss loss_bc2:   1.2130e+01
updating  lamda for loss loss_ics_u:   3.2960e+00
lambda_balance loss_bc1: 1.4400e+00
lambda_balance loss_bc2: 2.4378e-04
lambda_balance loss_ics_u: 1.0469e-04
updating  lamda for loss loss_bc1:   1.0592e+01
updating  lamda for loss loss_bc2:   4.3394e+01
updating  lamda for loss loss_ics_u:   1.3179e+01
lambda_balance loss_bc1: 1.4417e+00
lambda_balance loss_bc2: 2.6158e-04
lambda_balance loss_ics_u: 9.6175e-05
updating  lamda for loss loss_bc1:   6.2622e+00
updating  lamda for loss loss_bc2:   6.5732e+01
updating  lamda for loss loss_ics_u:   8.6333e+00
lambda_balance loss_bc1: 1.4688e+00
lambda_balance loss_bc2: 1.3707e-04
lambda_balance loss_ics_u: 5.4248e-05
updating  lamda for loss loss_bc1:   2.1907e+00
updating  lamda for loss loss_bc2:   3.4282e+00
updating  lamda for loss loss_ics_u:   9.0117e-01
lambda_balance loss_bc1: 1.4470e+00
lambda_balance loss_bc2: 2.0505e-04
lambda_balance loss_ics_u: 8.8068e-05
updating  lamda for loss loss_bc1:   5.2824e+00
updating  lamda for loss loss_bc2:   3.2286e+00
updating  lamda for loss loss_ics_u:   1.5435e+00
lambda_balance loss_bc1: 1.5494e+00
lambda_balance loss_bc2: 3.9065e-05
lambda_balance loss_ics_u: 5.0222e-06
updating  lamda for loss loss_bc1:   2.6857e+01
updating  lamda for loss loss_bc2:   5.5004e+01
updating  lamda for loss loss_ics_u:   4.4629e+01
lambda_balance loss_bc1: 1.4304e+00
lambda_balance loss_bc2: 2.6614e-04
lambda_balance loss_ics_u: 1.2982e-04
updating  lamda for loss loss_bc1:   1.1468e+01
updating  lamda for loss loss_bc2:   2.9101e+01
updating  lamda for loss loss_ics_u:   1.8405e+01
lambda_balance loss_bc1: 1.4112e+00
lambda_balance loss_bc2: 5.0628e-04
lambda_balance loss_ics_u: 1.5571e-04
updating  lamda for loss loss_bc1:   1.4660e+01
updating  lamda for loss loss_bc2:   4.9679e+01
updating  lamda for loss loss_ics_u:   1.4318e+01
lambda_balance loss_bc1: 1.4134e+00
lambda_balance loss_bc2: 4.0403e-04
lambda_balance loss_ics_u: 1.7230e-04
updating  lamda for loss loss_bc1:   2.9879e+00
updating  lamda for loss loss_bc2:   1.3655e+01
updating  lamda for loss loss_ics_u:   2.7174e+00
lambda_balance loss_bc1: 1.4760e+00
lambda_balance loss_bc2: 1.3392e-04
lambda_balance loss_ics_u: 3.3211e-05
updating  lamda for loss loss_bc1:   4.6483e+00
updating  lamda for loss loss_bc2:   1.7640e+01
updating  lamda for loss loss_ics_u:   1.1412e+01
lambda_balance loss_bc1: 1.4921e+00
lambda_balance loss_bc2: 8.5738e-05
lambda_balance loss_ics_u: 2.5659e-05
updating  lamda for loss loss_bc1:   2.5738e+01
updating  lamda for loss loss_bc2:   3.0539e+01
updating  lamda for loss loss_ics_u:   1.4734e+01
lambda_balance loss_bc1: 1.4676e+00
lambda_balance loss_bc2: 3.1928e-04
lambda_balance loss_ics_u: 1.6493e-05
updating  lamda for loss loss_bc1:   3.6860e+01
updating  lamda for loss loss_bc2:   2.7882e+01
updating  lamda for loss loss_ics_u:   1.0731e+01
lambda_balance loss_bc1: 1.4283e+00
lambda_balance loss_bc2: 6.0148e-04
lambda_balance loss_ics_u: 5.0058e-05
updating  lamda for loss loss_bc1:   1.1855e+01
updating  lamda for loss loss_bc2:   3.4783e+01
updating  lamda for loss loss_ics_u:   8.4590e+00
lambda_balance loss_bc1: 1.4396e+00
lambda_balance loss_bc2: 3.0212e-04
lambda_balance loss_ics_u: 7.1053e-05
updating  lamda for loss loss_bc1:   9.7732e+00
updating  lamda for loss loss_bc2:   1.2295e+01
updating  lamda for loss loss_ics_u:   5.0793e+00
lambda_balance loss_bc1: 1.4312e+00
lambda_balance loss_bc2: 3.8646e-04
lambda_balance loss_ics_u: 7.5625e-05
updating  lamda for loss loss_bc1:   6.5797e+00
updating  lamda for loss loss_bc2:   1.7087e+01
updating  lamda for loss loss_ics_u:   1.6388e+01
lambda_balance loss_bc1: 1.4482e+00
lambda_balance loss_bc2: 2.3607e-04
lambda_balance loss_ics_u: 5.6571e-05
updating  lamda for loss loss_bc1:   6.8400e+00
updating  lamda for loss loss_bc2:   3.1136e+01
updating  lamda for loss loss_ics_u:   3.2770e+00
lambda_balance loss_bc1: 1.4148e+00
lambda_balance loss_bc2: 4.6171e-04
lambda_balance loss_ics_u: 1.1869e-04
updating  lamda for loss loss_bc1:   1.1678e+01
updating  lamda for loss loss_bc2:   3.5960e+01
updating  lamda for loss loss_ics_u:   1.2486e+01
lambda_balance loss_bc1: 1.4372e+00
lambda_balance loss_bc2: 3.0945e-04
lambda_balance loss_ics_u: 8.0391e-05
updating  lamda for loss loss_bc1:   9.1914e+00
updating  lamda for loss loss_bc2:   3.2639e+01
updating  lamda for loss loss_ics_u:   1.1263e+01
lambda_balance loss_bc1: 1.4501e+00
lambda_balance loss_bc2: 2.5899e-04
lambda_balance loss_ics_u: 5.0791e-05
updating  lamda for loss loss_bc1:   1.0723e+01
updating  lamda for loss loss_bc2:   8.3815e+00
updating  lamda for loss loss_ics_u:   7.3290e+00
lambda_balance loss_bc1: 1.4473e+00
lambda_balance loss_bc2: 2.4061e-04
lambda_balance loss_ics_u: 5.9034e-05
updating  lamda for loss loss_bc1:   7.2120e+00
updating  lamda for loss loss_bc2:   1.9341e+01
updating  lamda for loss loss_ics_u:   4.9120e+00
lambda_balance loss_bc1: 1.4586e+00
lambda_balance loss_bc2: 3.0103e-04
lambda_balance loss_ics_u: 2.5416e-05
updating  lamda for loss loss_bc1:   2.4896e+00
updating  lamda for loss loss_bc2:   9.4351e+00
updating  lamda for loss loss_ics_u:   4.5297e+00
lambda_balance loss_bc1: 1.4365e+00
lambda_balance loss_bc2: 3.2193e-04
lambda_balance loss_ics_u: 6.5816e-05
updating  lamda for loss loss_bc1:   7.0135e+00
updating  lamda for loss loss_bc2:   1.1840e+01
updating  lamda for loss loss_ics_u:   7.4286e+00
lambda_balance loss_bc1: 1.4863e+00
lambda_balance loss_bc2: 1.7546e-04
lambda_balance loss_ics_u: 1.5927e-05
updating  lamda for loss loss_bc1:   1.4261e+00
updating  lamda for loss loss_bc2:   4.3026e+00
updating  lamda for loss loss_ics_u:   1.5581e+00
lambda_balance loss_bc1: 1.4323e+00
lambda_balance loss_bc2: 4.1459e-04
lambda_balance loss_ics_u: 6.7729e-05
updating  lamda for loss loss_bc1:   4.9226e+00
updating  lamda for loss loss_bc2:   1.8936e+01
updating  lamda for loss loss_ics_u:   4.2352e+00
lambda_balance loss_bc1: 1.4489e+00
lambda_balance loss_bc2: 2.8858e-04
lambda_balance loss_ics_u: 4.4574e-05
updating  lamda for loss loss_bc1:   1.0761e+01
updating  lamda for loss loss_bc2:   2.3566e+01
updating  lamda for loss loss_ics_u:   8.6646e+00
lambda_balance loss_bc1: 1.3959e+00
lambda_balance loss_bc2: 8.7161e-04
lambda_balance loss_ics_u: 1.3784e-04
updating  lamda for loss loss_bc1:   1.7685e+01
updating  lamda for loss loss_bc2:   1.7011e+01
updating  lamda for loss loss_ics_u:   1.1028e+01
lambda_balance loss_bc1: 1.6383e+00
lambda_balance loss_bc2: 4.3348e-05
lambda_balance loss_ics_u: 3.4921e-08
updating  lamda for loss loss_bc1:   1.2397e+01
updating  lamda for loss loss_bc2:   2.0325e+01
updating  lamda for loss loss_ics_u:   1.0868e+01
lambda_balance loss_bc1: 1.4515e+00
lambda_balance loss_bc2: 2.7578e-04
lambda_balance loss_ics_u: 3.8343e-05
updating  lamda for loss loss_bc1:   2.6450e+00
updating  lamda for loss loss_bc2:   6.8125e+00
updating  lamda for loss loss_ics_u:   2.3230e+00
lambda_balance loss_bc1: 1.3669e+00
lambda_balance loss_bc2: 1.3826e-03
lambda_balance loss_ics_u: 2.9819e-04
updating  lamda for loss loss_bc1:   5.3684e+00
updating  lamda for loss loss_bc2:   1.3034e+01
updating  lamda for loss loss_ics_u:   6.1502e+00
lambda_balance loss_bc1: 1.3739e+00
lambda_balance loss_bc2: 1.5481e-03
lambda_balance loss_ics_u: 1.7877e-04
updating  lamda for loss loss_bc1:   4.8217e+00
updating  lamda for loss loss_bc2:   1.6169e+01
updating  lamda for loss loss_ics_u:   3.8283e+00
lambda_balance loss_bc1: 1.4433e+00
lambda_balance loss_bc2: 4.1319e-04
lambda_balance loss_ics_u: 3.1909e-05
updating  lamda for loss loss_bc1:   1.0633e+01
updating  lamda for loss loss_bc2:   3.1901e+01
updating  lamda for loss loss_ics_u:   6.0522e+00
lambda_balance loss_bc1: 1.4776e+00
lambda_balance loss_bc2: 2.6535e-04
lambda_balance loss_ics_u: 1.5508e-05
updating  lamda for loss loss_bc1:   1.0282e+01
updating  lamda for loss loss_bc2:   4.0889e+01
updating  lamda for loss loss_ics_u:   1.2419e+01
lambda_balance loss_bc1: 1.4799e+00
lambda_balance loss_bc2: 2.1292e-04
lambda_balance loss_ics_u: 1.7216e-05
updating  lamda for loss loss_bc1:   2.4676e+00
updating  lamda for loss loss_bc2:   3.9388e+00
updating  lamda for loss loss_ics_u:   7.8179e-01
lambda_balance loss_bc1: 1.4175e+00
lambda_balance loss_bc2: 7.2375e-04
lambda_balance loss_ics_u: 7.0075e-05
updating  lamda for loss loss_bc1:   1.9823e+00
updating  lamda for loss loss_bc2:   1.1228e+01
updating  lamda for loss loss_ics_u:   1.6385e+00
lambda_balance loss_bc1: 1.3879e+00
lambda_balance loss_bc2: 1.1186e-03
lambda_balance loss_ics_u: 1.6162e-04
updating  lamda for loss loss_bc1:   5.1049e+00
updating  lamda for loss loss_bc2:   1.5889e+01
updating  lamda for loss loss_ics_u:   5.0320e+00
lambda_balance loss_bc1: 1.4255e+00
lambda_balance loss_bc2: 5.7411e-04
lambda_balance loss_ics_u: 5.6863e-05
updating  lamda for loss loss_bc1:   1.6864e+01
updating  lamda for loss loss_bc2:   4.2057e+01
updating  lamda for loss loss_ics_u:   1.2144e+01
lambda_balance loss_bc1: 1.4388e+00
lambda_balance loss_bc2: 4.3950e-04
lambda_balance loss_ics_u: 3.9282e-05
updating  lamda for loss loss_bc1:   2.7986e+00
updating  lamda for loss loss_bc2:   2.2634e+00
updating  lamda for loss loss_ics_u:   1.2535e+00
lambda_balance loss_bc1: 1.3914e+00
lambda_balance loss_bc2: 1.1379e-03
lambda_balance loss_ics_u: 1.1661e-04
updating  lamda for loss loss_bc1:   8.6598e+00
updating  lamda for loss loss_bc2:   1.6004e+01
updating  lamda for loss loss_ics_u:   2.4357e+01
lambda_balance loss_bc1: 1.4031e+00
lambda_balance loss_bc2: 8.5771e-04
lambda_balance loss_ics_u: 8.9390e-05
updating  lamda for loss loss_bc1:   1.8149e+01
updating  lamda for loss loss_bc2:   2.5683e+01
updating  lamda for loss loss_ics_u:   5.1387e+00
lambda_balance loss_bc1: 1.5255e+00
lambda_balance loss_bc2: 1.3519e-04
lambda_balance loss_ics_u: 2.2205e-06
updating  lamda for loss loss_bc1:   1.9623e+01
updating  lamda for loss loss_bc2:   9.6020e+01
updating  lamda for loss loss_ics_u:   2.6742e+01
lambda_balance loss_bc1: 1.3806e+00
lambda_balance loss_bc2: 1.2812e-03
lambda_balance loss_ics_u: 1.5889e-04
updating  lamda for loss loss_bc1:   3.3920e+00
updating  lamda for loss loss_bc2:   8.4966e+00
updating  lamda for loss loss_ics_u:   2.9030e+00
lambda_balance loss_bc1: 1.4127e+00
lambda_balance loss_bc2: 8.2625e-04
lambda_balance loss_ics_u: 5.4182e-05
updating  lamda for loss loss_bc1:   1.7050e+01
updating  lamda for loss loss_bc2:   4.7644e+01
updating  lamda for loss loss_ics_u:   1.2216e+01
lambda_balance loss_bc1: 1.4793e+00
lambda_balance loss_bc2: 2.2412e-04
lambda_balance loss_ics_u: 1.0481e-05
updating  lamda for loss loss_bc1:   1.1229e+01
updating  lamda for loss loss_bc2:   1.6687e+01
updating  lamda for loss loss_ics_u:   9.6324e+00
