Gradients information stored ...
Gradients information stored ...
It: 1000, Loss: 2.157e-01, Loss_res: 2.626e-03,  Loss_bcs1: 4.215e-02,  Loss_bcs2: 1.466e-02,  loss_ics_u: 1.483e-01, Loss_ut_ics: 7.993e-03,, Time: 97.77
min_grad: 5.470e-04
max_grad: 3.866e-03
update_res: 2.128e+00
update_ics_u_t: 5.962e-01
update_bcs1: 6.249e-01
update_bcs2: 6.506e-01
adaptive_constant_res_val: 2.470e+04
adaptive_constant_ics_val: 1.090e+03
adaptive_constant_bcs1_val: 5.361e+03
adaptive_constant_bcs2_val: 8.406e+03
Gradients information stored ...
It: 2000, Loss: 6.842e+02, Loss_res: 4.553e-05,  Loss_bcs1: 8.064e-03,  Loss_bcs2: 1.985e-03,  loss_ics_u: 5.668e-01, Loss_ut_ics: 4.945e-03,, Time: 81.17
min_grad: 1.667e-05
max_grad: 2.646e-03
update_res: 1.010e+00
update_ics_u_t: 9.759e-01
update_bcs1: 9.801e-01
update_bcs2: 1.034e+00
adaptive_constant_res_val: 9.616e+06
adaptive_constant_ics_val: 5.852e+04
adaptive_constant_bcs1_val: 7.089e+05
adaptive_constant_bcs2_val: 1.432e+06
It: 3000, Loss: 3.101e+04, Loss_res: 1.947e-06,  Loss_bcs1: 1.861e-03,  Loss_bcs2: 2.982e-04,  loss_ics_u: 4.948e-01, Loss_ut_ics: 4.989e-03,, Time: 73.10
min_grad: 4.459e-07
max_grad: 5.639e-04
update_res: 9.875e-01
update_ics_u_t: 9.523e-01
update_bcs1: 9.885e-01
update_bcs2: 1.072e+00
adaptive_constant_res_val: 2.800e+09
adaptive_constant_ics_val: 2.135e+06
adaptive_constant_bcs1_val: 5.446e+07
adaptive_constant_bcs2_val: 1.282e+08
It: 4000, Loss: 1.164e+06, Loss_res: 1.716e-06,  Loss_bcs1: 4.629e-04,  Loss_bcs2: 4.871e-05,  loss_ics_u: 5.242e-01, Loss_ut_ics: 3.845e-03,, Time: 73.34
min_grad: 1.265e-07
max_grad: 8.834e-05
update_res: 1.605e+00
update_ics_u_t: 7.625e-01
update_bcs1: 7.858e-01
update_bcs2: 8.470e-01
adaptive_constant_res_val: 8.864e+09
adaptive_constant_ics_val: 6.029e+06
adaptive_constant_bcs1_val: 3.189e+08
adaptive_constant_bcs2_val: 1.701e+09
It: 5000, Loss: 3.489e+06, Loss_res: 4.496e-08,  Loss_bcs1: 1.323e-04,  Loss_bcs2: 5.533e-06,  loss_ics_u: 5.684e-01, Loss_ut_ics: 1.551e-03,, Time: 73.17
min_grad: 1.339e-08
max_grad: 4.081e-05
update_res: 1.227e+00
update_ics_u_t: 8.581e-01
update_bcs1: 9.299e-01
update_bcs2: 9.853e-01
adaptive_constant_res_val: 2.790e+11
adaptive_constant_ics_val: 6.407e+07
adaptive_constant_bcs1_val: 5.027e+09
adaptive_constant_bcs2_val: 5.628e+10
It: 6000, Loss: 4.086e+07, Loss_res: 1.109e-08,  Loss_bcs1: 1.037e-05,  Loss_bcs2: 8.539e-07,  loss_ics_u: 6.361e-01, Loss_ut_ics: 5.169e-05,, Time: 77.89
min_grad: 2.464e-10
max_grad: 6.202e-06
update_res: 9.861e-01
update_ics_u_t: 9.014e-01
update_bcs1: 1.026e+00
update_bcs2: 1.087e+00
adaptive_constant_res_val: 1.004e+14
adaptive_constant_ics_val: 3.659e+09
adaptive_constant_bcs1_val: 1.168e+12
adaptive_constant_bcs2_val: 6.389e+12
It: 7000, Loss: 2.220e+09, Loss_res: 5.927e-10,  Loss_bcs1: 5.263e-07,  Loss_bcs2: 5.501e-08,  loss_ics_u: 6.064e-01, Loss_ut_ics: 1.283e-06,, Time: 79.24
min_grad: 4.477e-11
max_grad: 1.278e-06
update_res: 9.062e-01
update_ics_u_t: 8.025e-01
update_bcs1: 1.082e+00
update_bcs2: 1.209e+00
adaptive_constant_res_val: 5.654e+14
adaptive_constant_ics_val: 1.793e+10
adaptive_constant_bcs1_val: 2.609e+13
adaptive_constant_bcs2_val: 1.295e+14
It: 8000, Loss: 1.116e+10, Loss_res: 1.448e-10,  Loss_bcs1: 1.509e-07,  Loss_bcs2: 1.422e-08,  loss_ics_u: 6.223e-01, Loss_ut_ics: 3.907e-07,, Time: 78.31
min_grad: 1.397e-12
max_grad: 6.966e-07
update_res: 9.133e-01
update_ics_u_t: 8.335e-01
update_bcs1: 1.063e+00
update_bcs2: 1.191e+00
adaptive_constant_res_val: 1.900e+17
adaptive_constant_ics_val: 5.966e+11
adaptive_constant_bcs1_val: 1.792e+15
adaptive_constant_bcs2_val: 1.026e+16
It: 9000, Loss: 3.817e+11, Loss_res: 2.946e-12,  Loss_bcs1: 1.829e-09,  Loss_bcs2: 1.672e-09,  loss_ics_u: 6.397e-01, Loss_ut_ics: 3.756e-11,, Time: 74.36
min_grad: 2.116e-14
max_grad: 2.138e-08
update_res: 1.213e+00
update_ics_u_t: 8.021e-01
update_bcs1: 1.002e+00
update_bcs2: 9.822e-01
adaptive_constant_res_val: 1.200e+18
adaptive_constant_ics_val: 3.790e+13
adaptive_constant_bcs1_val: 6.115e+17
adaptive_constant_bcs2_val: 6.976e+17
It: 10000, Loss: 2.178e+13, Loss_res: 1.815e-11,  Loss_bcs1: 2.069e-09,  Loss_bcs2: 1.644e-10,  loss_ics_u: 5.747e-01, Loss_ut_ics: 3.216e-08,, Time: 76.09
min_grad: 2.183e-12
max_grad: 3.078e-07
update_res: 9.810e-01
update_ics_u_t: 8.901e-01
update_bcs1: 1.053e+00
update_bcs2: 1.076e+00
adaptive_constant_res_val: 4.346e+16
adaptive_constant_ics_val: 4.077e+11
adaptive_constant_bcs1_val: 6.991e+15
adaptive_constant_bcs2_val: 4.153e+16
It: 11000, Loss: 2.486e+11, Loss_res: 5.612e-12,  Loss_bcs1: 1.669e-09,  Loss_bcs2: 8.616e-11,  loss_ics_u: 6.098e-01, Loss_ut_ics: 2.080e-08,, Time: 77.98
min_grad: 2.040e-13
max_grad: 2.530e-07
update_res: 9.572e-01
update_ics_u_t: 9.799e-01
update_bcs1: 1.045e+00
update_bcs2: 1.018e+00
adaptive_constant_res_val: 9.861e+17
adaptive_constant_ics_val: 4.805e+12
adaptive_constant_bcs1_val: 1.005e+17
adaptive_constant_bcs2_val: 7.576e+17
It: 12000, Loss: 3.280e+12, Loss_res: 2.243e-12,  Loss_bcs1: 1.244e-09,  Loss_bcs2: 6.002e-11,  loss_ics_u: 6.827e-01, Loss_ut_ics: 2.690e-08,, Time: 79.36
min_grad: 7.932e-14
max_grad: 1.936e-07
update_res: 9.269e-01
update_ics_u_t: 9.409e-01
update_bcs1: 1.010e+00
update_bcs2: 1.122e+00
adaptive_constant_res_val: 2.096e+18
adaptive_constant_ics_val: 1.186e+13
adaptive_constant_bcs1_val: 3.070e+17
adaptive_constant_bcs2_val: 2.052e+18
It: 13000, Loss: 7.676e+12, Loss_res: 1.684e-13,  Loss_bcs1: 6.971e-10,  Loss_bcs2: 7.255e-10,  loss_ics_u: 6.470e-01, Loss_ut_ics: 2.514e-11,, Time: 73.72
min_grad: 7.457e-15
max_grad: 4.837e-09
update_res: 1.459e-01
update_ics_u_t: 1.560e-01
update_bcs1: 1.847e+00
update_bcs2: 1.851e+00
adaptive_constant_res_val: 9.395e+16
adaptive_constant_ics_val: 2.091e+13
adaptive_constant_bcs1_val: 1.040e+18
adaptive_constant_bcs2_val: 1.165e+18
It: 14000, Loss: 1.273e+13, Loss_res: 7.658e-15,  Loss_bcs1: 1.907e-08,  Loss_bcs2: 1.912e-08,  loss_ics_u: 6.068e-01, Loss_ut_ics: 4.264e-12,, Time: 76.18
min_grad: 9.664e-17
max_grad: 2.074e-09
update_res: 2.063e-01
update_ics_u_t: 2.263e-01
update_bcs1: 1.783e+00
update_bcs2: 1.784e+00
adaptive_constant_res_val: 4.426e+18
adaptive_constant_ics_val: 2.341e+15
adaptive_constant_bcs1_val: 2.968e+19
adaptive_constant_bcs2_val: 3.574e+19
It: 15000, Loss: nan, Loss_res: nan,  Loss_bcs1: nan,  Loss_bcs2: nan,  loss_ics_u: nan, Loss_ut_ics: nan,, Time: 76.63
min_grad: nan
max_grad: nan
update_res: nan
update_ics_u_t: nan
update_bcs1: nan
update_bcs2: nan
adaptive_constant_res_val: nan
adaptive_constant_ics_val: nan
adaptive_constant_bcs1_val: nan
adaptive_constant_bcs2_val: nan
It: 16000, Loss: nan, Loss_res: nan,  Loss_bcs1: nan,  Loss_bcs2: nan,  loss_ics_u: nan, Loss_ut_ics: nan,, Time: 86.29
min_grad: nan
max_grad: nan
update_res: nan
update_ics_u_t: nan
update_bcs1: nan
update_bcs2: nan
adaptive_constant_res_val: nan
adaptive_constant_ics_val: nan
adaptive_constant_bcs1_val: nan
adaptive_constant_bcs2_val: nan
It: 17000, Loss: nan, Loss_res: nan,  Loss_bcs1: nan,  Loss_bcs2: nan,  loss_ics_u: nan, Loss_ut_ics: nan,, Time: 79.05
min_grad: nan
max_grad: nan
update_res: nan
update_ics_u_t: nan
update_bcs1: nan
update_bcs2: nan
adaptive_constant_res_val: nan
adaptive_constant_ics_val: nan
adaptive_constant_bcs1_val: nan
adaptive_constant_bcs2_val: nan
It: 18000, Loss: nan, Loss_res: nan,  Loss_bcs1: nan,  Loss_bcs2: nan,  loss_ics_u: nan, Loss_ut_ics: nan,, Time: 40.93
min_grad: nan
max_grad: nan
update_res: nan
update_ics_u_t: nan
update_bcs1: nan
update_bcs2: nan
adaptive_constant_res_val: nan
adaptive_constant_ics_val: nan
adaptive_constant_bcs1_val: nan
adaptive_constant_bcs2_val: nan
It: 19000, Loss: nan, Loss_res: nan,  Loss_bcs1: nan,  Loss_bcs2: nan,  loss_ics_u: nan, Loss_ut_ics: nan,, Time: 34.51
min_grad: nan
max_grad: nan
update_res: nan
update_ics_u_t: nan
update_bcs1: nan
update_bcs2: nan
adaptive_constant_res_val: nan
adaptive_constant_ics_val: nan
adaptive_constant_bcs1_val: nan
adaptive_constant_bcs2_val: nan
It: 20000, Loss: nan, Loss_res: nan,  Loss_bcs1: nan,  Loss_bcs2: nan,  loss_ics_u: nan, Loss_ut_ics: nan,, Time: 37.20
min_grad: nan
max_grad: nan
update_res: nan
update_ics_u_t: nan
update_bcs1: nan
update_bcs2: nan
adaptive_constant_res_val: nan
adaptive_constant_ics_val: nan
adaptive_constant_bcs1_val: nan
adaptive_constant_bcs2_val: nan
It: 21000, Loss: nan, Loss_res: nan,  Loss_bcs1: nan,  Loss_bcs2: nan,  loss_ics_u: nan, Loss_ut_ics: nan,, Time: 33.85
min_grad: nan
max_grad: nan
update_res: nan
update_ics_u_t: nan
update_bcs1: nan
update_bcs2: nan
adaptive_constant_res_val: nan
adaptive_constant_ics_val: nan
adaptive_constant_bcs1_val: nan
adaptive_constant_bcs2_val: nan
