It: 0, Loss: 1.053e+04, loss_bcs: 1.086e+00, loss_ics: 6.013e-04, Loss_r: 1.053e+04, Time: 3.21
std_grad_res: 4.506e+02
std_grad_bcs: 1.258e-01
std_grad_ics: 3.995e-03
kurtosis_grad_res: 3.599e+02
kurtosis_grad_bcs: 4.876e+02
kurtosis_grad_ics: 3.020e+02
adaptive_constant_res_val: 1.082e+00
adaptive_constant_ics_val: 1.221e+05
adaptive_constant_bcs1_val: 3.875e+03
Gradients information stored ...
It: 100, Loss: 9.406e+03, loss_bcs: 1.647e-01, loss_ics: 5.053e-04, Loss_r: 8.046e+03, Time: 0.01
std_grad_res: 4.506e+02
std_grad_bcs: 1.258e-01
std_grad_ics: 3.995e-03
kurtosis_grad_res: 3.599e+02
kurtosis_grad_bcs: 4.876e+02
kurtosis_grad_ics: 3.020e+02
adaptive_constant_res_val: 1.082e+00
adaptive_constant_ics_val: 1.221e+05
adaptive_constant_bcs1_val: 3.875e+03
Gradients information stored ...
It: 200, Loss: 7.302e+03, loss_bcs: 8.772e-02, loss_ics: 2.498e-04, Loss_r: 6.406e+03, Time: 0.01
std_grad_res: 4.506e+02
std_grad_bcs: 1.258e-01
std_grad_ics: 3.995e-03
kurtosis_grad_res: 3.599e+02
kurtosis_grad_bcs: 4.876e+02
kurtosis_grad_ics: 3.020e+02
adaptive_constant_res_val: 1.082e+00
adaptive_constant_ics_val: 1.221e+05
adaptive_constant_bcs1_val: 3.875e+03
It: 300, Loss: 5.014e+03, loss_bcs: 9.719e-02, loss_ics: 5.346e-04, Loss_r: 4.225e+03, Time: 0.02
std_grad_res: 4.506e+02
std_grad_bcs: 1.258e-01
std_grad_ics: 3.995e-03
kurtosis_grad_res: 3.599e+02
kurtosis_grad_bcs: 4.876e+02
kurtosis_grad_ics: 3.020e+02
adaptive_constant_res_val: 1.082e+00
adaptive_constant_ics_val: 1.221e+05
adaptive_constant_bcs1_val: 3.875e+03
It: 400, Loss: 5.078e+03, loss_bcs: 5.091e-02, loss_ics: 1.529e-03, Loss_r: 4.338e+03, Time: 0.01
std_grad_res: 4.506e+02
std_grad_bcs: 1.258e-01
std_grad_ics: 3.995e-03
kurtosis_grad_res: 3.599e+02
kurtosis_grad_bcs: 4.876e+02
kurtosis_grad_ics: 3.020e+02
adaptive_constant_res_val: 1.082e+00
adaptive_constant_ics_val: 1.221e+05
adaptive_constant_bcs1_val: 3.875e+03
It: 500, Loss: 4.220e+03, loss_bcs: 3.629e-02, loss_ics: 3.025e-04, Loss_r: 3.736e+03, Time: 0.01
std_grad_res: 4.506e+02
std_grad_bcs: 1.258e-01
std_grad_ics: 3.995e-03
kurtosis_grad_res: 3.599e+02
kurtosis_grad_bcs: 4.876e+02
kurtosis_grad_ics: 3.020e+02
adaptive_constant_res_val: 1.082e+00
adaptive_constant_ics_val: 1.221e+05
adaptive_constant_bcs1_val: 3.875e+03
It: 600, Loss: 5.116e+03, loss_bcs: 1.122e-01, loss_ics: 2.352e-04, Loss_r: 4.299e+03, Time: 0.01
std_grad_res: 4.506e+02
std_grad_bcs: 1.258e-01
std_grad_ics: 3.995e-03
kurtosis_grad_res: 3.599e+02
kurtosis_grad_bcs: 4.876e+02
kurtosis_grad_ics: 3.020e+02
adaptive_constant_res_val: 1.082e+00
adaptive_constant_ics_val: 1.221e+05
adaptive_constant_bcs1_val: 3.875e+03
It: 700, Loss: 4.286e+03, loss_bcs: 1.350e-01, loss_ics: 6.172e-04, Loss_r: 3.408e+03, Time: 0.01
std_grad_res: 4.506e+02
std_grad_bcs: 1.258e-01
std_grad_ics: 3.995e-03
kurtosis_grad_res: 3.599e+02
kurtosis_grad_bcs: 4.876e+02
kurtosis_grad_ics: 3.020e+02
adaptive_constant_res_val: 1.082e+00
adaptive_constant_ics_val: 1.221e+05
adaptive_constant_bcs1_val: 3.875e+03
It: 800, Loss: 5.014e+03, loss_bcs: 4.522e-02, loss_ics: 1.433e-04, Loss_r: 4.456e+03, Time: 0.01
std_grad_res: 4.506e+02
std_grad_bcs: 1.258e-01
std_grad_ics: 3.995e-03
kurtosis_grad_res: 3.599e+02
kurtosis_grad_bcs: 4.876e+02
kurtosis_grad_ics: 3.020e+02
adaptive_constant_res_val: 1.082e+00
adaptive_constant_ics_val: 1.221e+05
adaptive_constant_bcs1_val: 3.875e+03
It: 900, Loss: 4.272e+03, loss_bcs: 4.257e-02, loss_ics: 1.934e-04, Loss_r: 3.773e+03, Time: 0.01
std_grad_res: 4.506e+02
std_grad_bcs: 1.258e-01
std_grad_ics: 3.995e-03
kurtosis_grad_res: 3.599e+02
kurtosis_grad_bcs: 4.876e+02
kurtosis_grad_ics: 3.020e+02
adaptive_constant_res_val: 1.082e+00
adaptive_constant_ics_val: 1.221e+05
adaptive_constant_bcs1_val: 3.875e+03
It: 1000, Loss: 4.543e+03, loss_bcs: 4.893e-02, loss_ics: 2.749e-04, Loss_r: 3.992e+03, Time: 0.02
std_grad_res: 4.506e+02
std_grad_bcs: 1.258e-01
std_grad_ics: 3.995e-03
kurtosis_grad_res: 3.599e+02
kurtosis_grad_bcs: 4.876e+02
kurtosis_grad_ics: 3.020e+02
adaptive_constant_res_val: 1.082e+00
adaptive_constant_ics_val: 1.221e+05
adaptive_constant_bcs1_val: 3.875e+03
Gradients information stored ...
It: 1100, Loss: 4.396e+03, loss_bcs: 3.734e-02, loss_ics: 2.644e-05, Loss_r: 3.926e+03, Time: 0.01
std_grad_res: 4.506e+02
std_grad_bcs: 1.258e-01
std_grad_ics: 3.995e-03
kurtosis_grad_res: 3.599e+02
kurtosis_grad_bcs: 4.876e+02
kurtosis_grad_ics: 3.020e+02
adaptive_constant_res_val: 1.082e+00
adaptive_constant_ics_val: 1.221e+05
adaptive_constant_bcs1_val: 3.875e+03
It: 1200, Loss: 4.302e+03, loss_bcs: 3.963e-02, loss_ics: 1.484e-04, Loss_r: 3.817e+03, Time: 0.01
std_grad_res: 4.506e+02
std_grad_bcs: 1.258e-01
std_grad_ics: 3.995e-03
kurtosis_grad_res: 3.599e+02
kurtosis_grad_bcs: 4.876e+02
kurtosis_grad_ics: 3.020e+02
adaptive_constant_res_val: 1.082e+00
adaptive_constant_ics_val: 1.221e+05
adaptive_constant_bcs1_val: 3.875e+03
It: 1300, Loss: 2.943e+03, loss_bcs: 4.143e-02, loss_ics: 1.948e-04, Loss_r: 2.550e+03, Time: 0.01
std_grad_res: 4.506e+02
std_grad_bcs: 1.258e-01
std_grad_ics: 3.995e-03
kurtosis_grad_res: 3.599e+02
kurtosis_grad_bcs: 4.876e+02
kurtosis_grad_ics: 3.020e+02
adaptive_constant_res_val: 1.082e+00
adaptive_constant_ics_val: 1.221e+05
adaptive_constant_bcs1_val: 3.875e+03
It: 1400, Loss: 4.082e+03, loss_bcs: 5.991e-02, loss_ics: 1.317e-04, Loss_r: 3.543e+03, Time: 0.01
std_grad_res: 4.506e+02
std_grad_bcs: 1.258e-01
std_grad_ics: 3.995e-03
kurtosis_grad_res: 3.599e+02
kurtosis_grad_bcs: 4.876e+02
kurtosis_grad_ics: 3.020e+02
adaptive_constant_res_val: 1.082e+00
adaptive_constant_ics_val: 1.221e+05
adaptive_constant_bcs1_val: 3.875e+03
It: 1500, Loss: 5.176e+03, loss_bcs: 3.356e-02, loss_ics: 2.649e-05, Loss_r: 4.661e+03, Time: 0.01
std_grad_res: 4.506e+02
std_grad_bcs: 1.258e-01
std_grad_ics: 3.995e-03
kurtosis_grad_res: 3.599e+02
kurtosis_grad_bcs: 4.876e+02
kurtosis_grad_ics: 3.020e+02
adaptive_constant_res_val: 1.082e+00
adaptive_constant_ics_val: 1.221e+05
adaptive_constant_bcs1_val: 3.875e+03
It: 1600, Loss: 2.653e+03, loss_bcs: 3.060e-02, loss_ics: 2.380e-05, Loss_r: 2.340e+03, Time: 0.01
std_grad_res: 4.506e+02
std_grad_bcs: 1.258e-01
std_grad_ics: 3.995e-03
kurtosis_grad_res: 3.599e+02
kurtosis_grad_bcs: 4.876e+02
kurtosis_grad_ics: 3.020e+02
adaptive_constant_res_val: 1.082e+00
adaptive_constant_ics_val: 1.221e+05
adaptive_constant_bcs1_val: 3.875e+03
It: 1700, Loss: 3.414e+03, loss_bcs: 4.098e-02, loss_ics: 2.155e-05, Loss_r: 3.006e+03, Time: 0.01
std_grad_res: 4.506e+02
std_grad_bcs: 1.258e-01
std_grad_ics: 3.995e-03
kurtosis_grad_res: 3.599e+02
kurtosis_grad_bcs: 4.876e+02
kurtosis_grad_ics: 3.020e+02
adaptive_constant_res_val: 1.082e+00
adaptive_constant_ics_val: 1.221e+05
adaptive_constant_bcs1_val: 3.875e+03
It: 1800, Loss: 3.747e+03, loss_bcs: 1.117e-01, loss_ics: 9.386e-04, Loss_r: 2.957e+03, Time: 0.01
std_grad_res: 4.506e+02
std_grad_bcs: 1.258e-01
std_grad_ics: 3.995e-03
kurtosis_grad_res: 3.599e+02
kurtosis_grad_bcs: 4.876e+02
kurtosis_grad_ics: 3.020e+02
adaptive_constant_res_val: 1.082e+00
adaptive_constant_ics_val: 1.221e+05
adaptive_constant_bcs1_val: 3.875e+03
It: 1900, Loss: 3.830e+03, loss_bcs: 2.908e-02, loss_ics: 6.442e-05, Loss_r: 3.428e+03, Time: 0.01
std_grad_res: 4.506e+02
std_grad_bcs: 1.258e-01
std_grad_ics: 3.995e-03
kurtosis_grad_res: 3.599e+02
kurtosis_grad_bcs: 4.876e+02
kurtosis_grad_ics: 3.020e+02
adaptive_constant_res_val: 1.082e+00
adaptive_constant_ics_val: 1.221e+05
adaptive_constant_bcs1_val: 3.875e+03
It: 2000, Loss: 3.441e+03, loss_bcs: 2.934e-02, loss_ics: 4.159e-04, Loss_r: 3.028e+03, Time: 0.01
std_grad_res: 4.506e+02
std_grad_bcs: 1.258e-01
std_grad_ics: 3.995e-03
kurtosis_grad_res: 3.599e+02
kurtosis_grad_bcs: 4.876e+02
kurtosis_grad_ics: 3.020e+02
adaptive_constant_res_val: 1.082e+00
adaptive_constant_ics_val: 1.221e+05
adaptive_constant_bcs1_val: 3.875e+03
It: 2100, Loss: 3.635e+03, loss_bcs: 4.981e-02, loss_ics: 4.328e-05, Loss_r: 3.176e+03, Time: 0.02
std_grad_res: 4.506e+02
std_grad_bcs: 1.258e-01
std_grad_ics: 3.995e-03
kurtosis_grad_res: 3.599e+02
kurtosis_grad_bcs: 4.876e+02
kurtosis_grad_ics: 3.020e+02
adaptive_constant_res_val: 1.082e+00
adaptive_constant_ics_val: 1.221e+05
adaptive_constant_bcs1_val: 3.875e+03
It: 2200, Loss: 2.460e+03, loss_bcs: 4.382e-02, loss_ics: 3.002e-05, Loss_r: 2.113e+03, Time: 0.02
std_grad_res: 4.506e+02
std_grad_bcs: 1.258e-01
std_grad_ics: 3.995e-03
kurtosis_grad_res: 3.599e+02
kurtosis_grad_bcs: 4.876e+02
kurtosis_grad_ics: 3.020e+02
adaptive_constant_res_val: 1.082e+00
adaptive_constant_ics_val: 1.221e+05
adaptive_constant_bcs1_val: 3.875e+03
It: 2300, Loss: 3.812e+03, loss_bcs: 4.217e-02, loss_ics: 2.353e-05, Loss_r: 3.370e+03, Time: 0.01
std_grad_res: 4.506e+02
std_grad_bcs: 1.258e-01
std_grad_ics: 3.995e-03
kurtosis_grad_res: 3.599e+02
kurtosis_grad_bcs: 4.876e+02
kurtosis_grad_ics: 3.020e+02
adaptive_constant_res_val: 1.082e+00
adaptive_constant_ics_val: 1.221e+05
adaptive_constant_bcs1_val: 3.875e+03
It: 2400, Loss: 4.219e+03, loss_bcs: 2.766e-02, loss_ics: 3.593e-04, Loss_r: 3.760e+03, Time: 0.01
std_grad_res: 4.506e+02
std_grad_bcs: 1.258e-01
std_grad_ics: 3.995e-03
kurtosis_grad_res: 3.599e+02
kurtosis_grad_bcs: 4.876e+02
kurtosis_grad_ics: 3.020e+02
adaptive_constant_res_val: 1.082e+00
adaptive_constant_ics_val: 1.221e+05
adaptive_constant_bcs1_val: 3.875e+03
It: 2500, Loss: 3.222e+03, loss_bcs: 2.446e-02, loss_ics: 7.174e-05, Loss_r: 2.882e+03, Time: 0.01
std_grad_res: 4.506e+02
std_grad_bcs: 1.258e-01
std_grad_ics: 3.995e-03
kurtosis_grad_res: 3.599e+02
kurtosis_grad_bcs: 4.876e+02
kurtosis_grad_ics: 3.020e+02
adaptive_constant_res_val: 1.082e+00
adaptive_constant_ics_val: 1.221e+05
adaptive_constant_bcs1_val: 3.875e+03
It: 2600, Loss: 3.211e+03, loss_bcs: 5.202e-02, loss_ics: 7.140e-05, Loss_r: 2.773e+03, Time: 0.01
std_grad_res: 4.506e+02
std_grad_bcs: 1.258e-01
std_grad_ics: 3.995e-03
kurtosis_grad_res: 3.599e+02
kurtosis_grad_bcs: 4.876e+02
kurtosis_grad_ics: 3.020e+02
adaptive_constant_res_val: 1.082e+00
adaptive_constant_ics_val: 1.221e+05
adaptive_constant_bcs1_val: 3.875e+03
It: 2700, Loss: 3.528e+03, loss_bcs: 2.102e-02, loss_ics: 6.821e-05, Loss_r: 3.177e+03, Time: 0.01
std_grad_res: 4.506e+02
std_grad_bcs: 1.258e-01
std_grad_ics: 3.995e-03
kurtosis_grad_res: 3.599e+02
kurtosis_grad_bcs: 4.876e+02
kurtosis_grad_ics: 3.020e+02
adaptive_constant_res_val: 1.082e+00
adaptive_constant_ics_val: 1.221e+05
adaptive_constant_bcs1_val: 3.875e+03
It: 2800, Loss: 3.188e+03, loss_bcs: 4.134e-02, loss_ics: 2.908e-05, Loss_r: 2.795e+03, Time: 0.01
std_grad_res: 4.506e+02
std_grad_bcs: 1.258e-01
std_grad_ics: 3.995e-03
kurtosis_grad_res: 3.599e+02
kurtosis_grad_bcs: 4.876e+02
kurtosis_grad_ics: 3.020e+02
adaptive_constant_res_val: 1.082e+00
adaptive_constant_ics_val: 1.221e+05
adaptive_constant_bcs1_val: 3.875e+03
It: 2900, Loss: 2.306e+03, loss_bcs: 4.165e-02, loss_ics: 3.462e-05, Loss_r: 1.978e+03, Time: 0.01
std_grad_res: 4.506e+02
std_grad_bcs: 1.258e-01
std_grad_ics: 3.995e-03
kurtosis_grad_res: 3.599e+02
kurtosis_grad_bcs: 4.876e+02
kurtosis_grad_ics: 3.020e+02
adaptive_constant_res_val: 1.082e+00
adaptive_constant_ics_val: 1.221e+05
adaptive_constant_bcs1_val: 3.875e+03
It: 3000, Loss: 2.011e+03, loss_bcs: 2.300e-02, loss_ics: 3.432e-05, Loss_r: 1.772e+03, Time: 0.01
std_grad_res: 4.506e+02
std_grad_bcs: 1.258e-01
std_grad_ics: 3.995e-03
kurtosis_grad_res: 3.599e+02
kurtosis_grad_bcs: 4.876e+02
kurtosis_grad_ics: 3.020e+02
adaptive_constant_res_val: 1.082e+00
adaptive_constant_ics_val: 1.221e+05
adaptive_constant_bcs1_val: 3.875e+03
It: 3100, Loss: 2.431e+03, loss_bcs: 4.550e-02, loss_ics: 2.024e-05, Loss_r: 2.081e+03, Time: 0.01
std_grad_res: 4.506e+02
std_grad_bcs: 1.258e-01
std_grad_ics: 3.995e-03
kurtosis_grad_res: 3.599e+02
kurtosis_grad_bcs: 4.876e+02
kurtosis_grad_ics: 3.020e+02
adaptive_constant_res_val: 1.082e+00
adaptive_constant_ics_val: 1.221e+05
adaptive_constant_bcs1_val: 3.875e+03
It: 3200, Loss: 2.607e+03, loss_bcs: 3.208e-02, loss_ics: 1.376e-04, Loss_r: 2.279e+03, Time: 0.01
std_grad_res: 4.506e+02
std_grad_bcs: 1.258e-01
std_grad_ics: 3.995e-03
kurtosis_grad_res: 3.599e+02
kurtosis_grad_bcs: 4.876e+02
kurtosis_grad_ics: 3.020e+02
adaptive_constant_res_val: 1.082e+00
adaptive_constant_ics_val: 1.221e+05
adaptive_constant_bcs1_val: 3.875e+03
It: 3300, Loss: 3.813e+03, loss_bcs: 1.813e-02, loss_ics: 6.063e-05, Loss_r: 3.452e+03, Time: 0.01
std_grad_res: 4.506e+02
std_grad_bcs: 1.258e-01
std_grad_ics: 3.995e-03
kurtosis_grad_res: 3.599e+02
kurtosis_grad_bcs: 4.876e+02
kurtosis_grad_ics: 3.020e+02
adaptive_constant_res_val: 1.082e+00
adaptive_constant_ics_val: 1.221e+05
adaptive_constant_bcs1_val: 3.875e+03
It: 3400, Loss: 2.741e+03, loss_bcs: 1.548e-02, loss_ics: 3.322e-05, Loss_r: 2.474e+03, Time: 0.02
std_grad_res: 4.506e+02
std_grad_bcs: 1.258e-01
std_grad_ics: 3.995e-03
kurtosis_grad_res: 3.599e+02
kurtosis_grad_bcs: 4.876e+02
kurtosis_grad_ics: 3.020e+02
adaptive_constant_res_val: 1.082e+00
adaptive_constant_ics_val: 1.221e+05
adaptive_constant_bcs1_val: 3.875e+03
It: 3500, Loss: 2.943e+03, loss_bcs: 1.818e-02, loss_ics: 8.557e-05, Loss_r: 2.645e+03, Time: 0.01
std_grad_res: 4.506e+02
std_grad_bcs: 1.258e-01
std_grad_ics: 3.995e-03
kurtosis_grad_res: 3.599e+02
kurtosis_grad_bcs: 4.876e+02
kurtosis_grad_ics: 3.020e+02
adaptive_constant_res_val: 1.082e+00
adaptive_constant_ics_val: 1.221e+05
adaptive_constant_bcs1_val: 3.875e+03
It: 3600, Loss: 2.699e+03, loss_bcs: 3.101e-02, loss_ics: 1.911e-04, Loss_r: 2.361e+03, Time: 0.01
std_grad_res: 4.506e+02
std_grad_bcs: 1.258e-01
std_grad_ics: 3.995e-03
kurtosis_grad_res: 3.599e+02
kurtosis_grad_bcs: 4.876e+02
kurtosis_grad_ics: 3.020e+02
adaptive_constant_res_val: 1.082e+00
adaptive_constant_ics_val: 1.221e+05
adaptive_constant_bcs1_val: 3.875e+03
It: 3700, Loss: 2.930e+03, loss_bcs: 1.980e-02, loss_ics: 4.046e-05, Loss_r: 2.632e+03, Time: 0.01
std_grad_res: 4.506e+02
std_grad_bcs: 1.258e-01
std_grad_ics: 3.995e-03
kurtosis_grad_res: 3.599e+02
kurtosis_grad_bcs: 4.876e+02
kurtosis_grad_ics: 3.020e+02
adaptive_constant_res_val: 1.082e+00
adaptive_constant_ics_val: 1.221e+05
adaptive_constant_bcs1_val: 3.875e+03
It: 3800, Loss: 2.810e+03, loss_bcs: 1.638e-02, loss_ics: 3.917e-05, Loss_r: 2.534e+03, Time: 0.01
std_grad_res: 4.506e+02
std_grad_bcs: 1.258e-01
std_grad_ics: 3.995e-03
kurtosis_grad_res: 3.599e+02
kurtosis_grad_bcs: 4.876e+02
kurtosis_grad_ics: 3.020e+02
adaptive_constant_res_val: 1.082e+00
adaptive_constant_ics_val: 1.221e+05
adaptive_constant_bcs1_val: 3.875e+03
It: 3900, Loss: 1.867e+03, loss_bcs: 8.605e-03, loss_ics: 1.091e-04, Loss_r: 1.682e+03, Time: 0.01
std_grad_res: 4.506e+02
std_grad_bcs: 1.258e-01
std_grad_ics: 3.995e-03
kurtosis_grad_res: 3.599e+02
kurtosis_grad_bcs: 4.876e+02
kurtosis_grad_ics: 3.020e+02
adaptive_constant_res_val: 1.082e+00
adaptive_constant_ics_val: 1.221e+05
adaptive_constant_bcs1_val: 3.875e+03
It: 4000, Loss: 1.809e+03, loss_bcs: 1.419e-02, loss_ics: 6.122e-05, Loss_r: 1.614e+03, Time: 0.01
std_grad_res: 4.506e+02
std_grad_bcs: 1.258e-01
std_grad_ics: 3.995e-03
kurtosis_grad_res: 3.599e+02
kurtosis_grad_bcs: 4.876e+02
kurtosis_grad_ics: 3.020e+02
adaptive_constant_res_val: 1.082e+00
adaptive_constant_ics_val: 1.221e+05
adaptive_constant_bcs1_val: 3.875e+03
It: 4100, Loss: 2.817e+03, loss_bcs: 1.379e-02, loss_ics: 4.584e-05, Loss_r: 2.549e+03, Time: 0.01
std_grad_res: 4.506e+02
std_grad_bcs: 1.258e-01
std_grad_ics: 3.995e-03
kurtosis_grad_res: 3.599e+02
kurtosis_grad_bcs: 4.876e+02
kurtosis_grad_ics: 3.020e+02
adaptive_constant_res_val: 1.082e+00
adaptive_constant_ics_val: 1.221e+05
adaptive_constant_bcs1_val: 3.875e+03
It: 4200, Loss: 2.211e+03, loss_bcs: 1.148e-02, loss_ics: 5.048e-05, Loss_r: 1.997e+03, Time: 0.02
std_grad_res: 4.506e+02
std_grad_bcs: 1.258e-01
std_grad_ics: 3.995e-03
kurtosis_grad_res: 3.599e+02
kurtosis_grad_bcs: 4.876e+02
kurtosis_grad_ics: 3.020e+02
adaptive_constant_res_val: 1.082e+00
adaptive_constant_ics_val: 1.221e+05
adaptive_constant_bcs1_val: 3.875e+03
It: 4300, Loss: 2.047e+03, loss_bcs: 1.837e-02, loss_ics: 3.041e-05, Loss_r: 1.822e+03, Time: 0.01
std_grad_res: 4.506e+02
std_grad_bcs: 1.258e-01
std_grad_ics: 3.995e-03
kurtosis_grad_res: 3.599e+02
kurtosis_grad_bcs: 4.876e+02
kurtosis_grad_ics: 3.020e+02
adaptive_constant_res_val: 1.082e+00
adaptive_constant_ics_val: 1.221e+05
adaptive_constant_bcs1_val: 3.875e+03
It: 4400, Loss: 2.706e+03, loss_bcs: 1.939e-02, loss_ics: 6.009e-05, Loss_r: 2.425e+03, Time: 0.01
std_grad_res: 4.506e+02
std_grad_bcs: 1.258e-01
std_grad_ics: 3.995e-03
kurtosis_grad_res: 3.599e+02
kurtosis_grad_bcs: 4.876e+02
kurtosis_grad_ics: 3.020e+02
adaptive_constant_res_val: 1.082e+00
adaptive_constant_ics_val: 1.221e+05
adaptive_constant_bcs1_val: 3.875e+03
It: 4500, Loss: 1.980e+03, loss_bcs: 1.190e-02, loss_ics: 4.240e-04, Loss_r: 1.740e+03, Time: 0.01
std_grad_res: 4.506e+02
std_grad_bcs: 1.258e-01
std_grad_ics: 3.995e-03
kurtosis_grad_res: 3.599e+02
kurtosis_grad_bcs: 4.876e+02
kurtosis_grad_ics: 3.020e+02
adaptive_constant_res_val: 1.082e+00
adaptive_constant_ics_val: 1.221e+05
adaptive_constant_bcs1_val: 3.875e+03
It: 4600, Loss: 2.573e+03, loss_bcs: 6.060e-02, loss_ics: 9.045e-04, Loss_r: 2.058e+03, Time: 0.02
std_grad_res: 4.506e+02
std_grad_bcs: 1.258e-01
std_grad_ics: 3.995e-03
kurtosis_grad_res: 3.599e+02
kurtosis_grad_bcs: 4.876e+02
kurtosis_grad_ics: 3.020e+02
adaptive_constant_res_val: 1.082e+00
adaptive_constant_ics_val: 1.221e+05
adaptive_constant_bcs1_val: 3.875e+03
It: 4700, Loss: 1.419e+03, loss_bcs: 8.897e-03, loss_ics: 7.351e-05, Loss_r: 1.271e+03, Time: 0.01
std_grad_res: 4.506e+02
std_grad_bcs: 1.258e-01
std_grad_ics: 3.995e-03
kurtosis_grad_res: 3.599e+02
kurtosis_grad_bcs: 4.876e+02
kurtosis_grad_ics: 3.020e+02
adaptive_constant_res_val: 1.082e+00
adaptive_constant_ics_val: 1.221e+05
adaptive_constant_bcs1_val: 3.875e+03
It: 4800, Loss: 2.412e+03, loss_bcs: 9.791e-03, loss_ics: 3.784e-05, Loss_r: 2.189e+03, Time: 0.01
std_grad_res: 4.506e+02
std_grad_bcs: 1.258e-01
std_grad_ics: 3.995e-03
kurtosis_grad_res: 3.599e+02
kurtosis_grad_bcs: 4.876e+02
kurtosis_grad_ics: 3.020e+02
adaptive_constant_res_val: 1.082e+00
adaptive_constant_ics_val: 1.221e+05
adaptive_constant_bcs1_val: 3.875e+03
It: 4900, Loss: 1.524e+03, loss_bcs: 2.730e-02, loss_ics: 5.649e-04, Loss_r: 1.247e+03, Time: 0.01
std_grad_res: 4.506e+02
std_grad_bcs: 1.258e-01
std_grad_ics: 3.995e-03
kurtosis_grad_res: 3.599e+02
kurtosis_grad_bcs: 4.876e+02
kurtosis_grad_ics: 3.020e+02
adaptive_constant_res_val: 1.082e+00
adaptive_constant_ics_val: 1.221e+05
adaptive_constant_bcs1_val: 3.875e+03
It: 5000, Loss: 1.641e+03, loss_bcs: 3.488e-02, loss_ics: 2.214e-04, Loss_r: 1.367e+03, Time: 0.01
std_grad_res: 4.506e+02
std_grad_bcs: 1.258e-01
std_grad_ics: 3.995e-03
kurtosis_grad_res: 3.599e+02
kurtosis_grad_bcs: 4.876e+02
kurtosis_grad_ics: 3.020e+02
adaptive_constant_res_val: 1.082e+00
adaptive_constant_ics_val: 1.221e+05
adaptive_constant_bcs1_val: 3.875e+03
It: 5100, Loss: 1.824e+03, loss_bcs: 1.611e-02, loss_ics: 8.042e-05, Loss_r: 1.619e+03, Time: 0.01
std_grad_res: 4.506e+02
std_grad_bcs: 1.258e-01
std_grad_ics: 3.995e-03
kurtosis_grad_res: 3.599e+02
kurtosis_grad_bcs: 4.876e+02
kurtosis_grad_ics: 3.020e+02
adaptive_constant_res_val: 1.082e+00
adaptive_constant_ics_val: 1.221e+05
adaptive_constant_bcs1_val: 3.875e+03
It: 5200, Loss: 1.522e+03, loss_bcs: 1.942e-02, loss_ics: 2.307e-04, Loss_r: 1.311e+03, Time: 0.01
std_grad_res: 4.506e+02
std_grad_bcs: 1.258e-01
std_grad_ics: 3.995e-03
kurtosis_grad_res: 3.599e+02
kurtosis_grad_bcs: 4.876e+02
kurtosis_grad_ics: 3.020e+02
adaptive_constant_res_val: 1.082e+00
adaptive_constant_ics_val: 1.221e+05
adaptive_constant_bcs1_val: 3.875e+03
It: 5300, Loss: 1.676e+03, loss_bcs: 2.032e-02, loss_ics: 1.123e-04, Loss_r: 1.463e+03, Time: 0.02
std_grad_res: 4.506e+02
std_grad_bcs: 1.258e-01
std_grad_ics: 3.995e-03
kurtosis_grad_res: 3.599e+02
kurtosis_grad_bcs: 4.876e+02
kurtosis_grad_ics: 3.020e+02
adaptive_constant_res_val: 1.082e+00
adaptive_constant_ics_val: 1.221e+05
adaptive_constant_bcs1_val: 3.875e+03
It: 5400, Loss: 2.249e+03, loss_bcs: 1.374e-02, loss_ics: 3.491e-04, Loss_r: 1.990e+03, Time: 0.01
std_grad_res: 4.506e+02
std_grad_bcs: 1.258e-01
std_grad_ics: 3.995e-03
kurtosis_grad_res: 3.599e+02
kurtosis_grad_bcs: 4.876e+02
kurtosis_grad_ics: 3.020e+02
adaptive_constant_res_val: 1.082e+00
adaptive_constant_ics_val: 1.221e+05
adaptive_constant_bcs1_val: 3.875e+03
It: 5500, Loss: 3.004e+03, loss_bcs: 3.755e-02, loss_ics: 3.950e-03, Loss_r: 2.196e+03, Time: 0.01
std_grad_res: 4.506e+02
std_grad_bcs: 1.258e-01
std_grad_ics: 3.995e-03
kurtosis_grad_res: 3.599e+02
kurtosis_grad_bcs: 4.876e+02
kurtosis_grad_ics: 3.020e+02
adaptive_constant_res_val: 1.082e+00
adaptive_constant_ics_val: 1.221e+05
adaptive_constant_bcs1_val: 3.875e+03
It: 5600, Loss: 1.947e+03, loss_bcs: 1.208e-02, loss_ics: 2.056e-04, Loss_r: 1.732e+03, Time: 0.01
std_grad_res: 4.506e+02
std_grad_bcs: 1.258e-01
std_grad_ics: 3.995e-03
kurtosis_grad_res: 3.599e+02
kurtosis_grad_bcs: 4.876e+02
kurtosis_grad_ics: 3.020e+02
adaptive_constant_res_val: 1.082e+00
adaptive_constant_ics_val: 1.221e+05
adaptive_constant_bcs1_val: 3.875e+03
It: 5700, Loss: 1.717e+03, loss_bcs: 1.275e-02, loss_ics: 1.995e-04, Loss_r: 1.519e+03, Time: 0.02
std_grad_res: 4.506e+02
std_grad_bcs: 1.258e-01
std_grad_ics: 3.995e-03
kurtosis_grad_res: 3.599e+02
kurtosis_grad_bcs: 4.876e+02
kurtosis_grad_ics: 3.020e+02
adaptive_constant_res_val: 1.082e+00
adaptive_constant_ics_val: 1.221e+05
adaptive_constant_bcs1_val: 3.875e+03
It: 5800, Loss: 1.163e+03, loss_bcs: 2.654e-02, loss_ics: 1.351e-04, Loss_r: 9.645e+02, Time: 0.01
std_grad_res: 4.506e+02
std_grad_bcs: 1.258e-01
std_grad_ics: 3.995e-03
kurtosis_grad_res: 3.599e+02
kurtosis_grad_bcs: 4.876e+02
kurtosis_grad_ics: 3.020e+02
adaptive_constant_res_val: 1.082e+00
adaptive_constant_ics_val: 1.221e+05
adaptive_constant_bcs1_val: 3.875e+03
It: 5900, Loss: 1.636e+03, loss_bcs: 2.842e-02, loss_ics: 9.331e-05, Loss_r: 1.400e+03, Time: 0.01
std_grad_res: 4.506e+02
std_grad_bcs: 1.258e-01
std_grad_ics: 3.995e-03
kurtosis_grad_res: 3.599e+02
kurtosis_grad_bcs: 4.876e+02
kurtosis_grad_ics: 3.020e+02
adaptive_constant_res_val: 1.082e+00
adaptive_constant_ics_val: 1.221e+05
adaptive_constant_bcs1_val: 3.875e+03
It: 6000, Loss: 9.545e+02, loss_bcs: 1.024e-02, loss_ics: 4.173e-04, Loss_r: 7.983e+02, Time: 0.01
std_grad_res: 4.506e+02
std_grad_bcs: 1.258e-01
std_grad_ics: 3.995e-03
kurtosis_grad_res: 3.599e+02
kurtosis_grad_bcs: 4.876e+02
kurtosis_grad_ics: 3.020e+02
adaptive_constant_res_val: 1.082e+00
adaptive_constant_ics_val: 1.221e+05
adaptive_constant_bcs1_val: 3.875e+03
It: 6100, Loss: 1.700e+03, loss_bcs: 1.531e-02, loss_ics: 2.492e-04, Loss_r: 1.488e+03, Time: 0.01
std_grad_res: 4.506e+02
std_grad_bcs: 1.258e-01
std_grad_ics: 3.995e-03
kurtosis_grad_res: 3.599e+02
kurtosis_grad_bcs: 4.876e+02
kurtosis_grad_ics: 3.020e+02
adaptive_constant_res_val: 1.082e+00
adaptive_constant_ics_val: 1.221e+05
adaptive_constant_bcs1_val: 3.875e+03
It: 6200, Loss: 1.386e+03, loss_bcs: 3.279e-02, loss_ics: 5.009e-04, Loss_r: 1.107e+03, Time: 0.01
std_grad_res: 4.506e+02
std_grad_bcs: 1.258e-01
std_grad_ics: 3.995e-03
kurtosis_grad_res: 3.599e+02
kurtosis_grad_bcs: 4.876e+02
kurtosis_grad_ics: 3.020e+02
adaptive_constant_res_val: 1.082e+00
adaptive_constant_ics_val: 1.221e+05
adaptive_constant_bcs1_val: 3.875e+03
It: 6300, Loss: 2.968e+03, loss_bcs: 3.543e-02, loss_ics: 1.536e-04, Loss_r: 2.599e+03, Time: 0.01
std_grad_res: 4.506e+02
std_grad_bcs: 1.258e-01
std_grad_ics: 3.995e-03
kurtosis_grad_res: 3.599e+02
kurtosis_grad_bcs: 4.876e+02
kurtosis_grad_ics: 3.020e+02
adaptive_constant_res_val: 1.082e+00
adaptive_constant_ics_val: 1.221e+05
adaptive_constant_bcs1_val: 3.875e+03
It: 6400, Loss: 2.098e+03, loss_bcs: 1.664e-02, loss_ics: 3.318e-04, Loss_r: 1.841e+03, Time: 0.02
std_grad_res: 4.506e+02
std_grad_bcs: 1.258e-01
std_grad_ics: 3.995e-03
kurtosis_grad_res: 3.599e+02
kurtosis_grad_bcs: 4.876e+02
kurtosis_grad_ics: 3.020e+02
adaptive_constant_res_val: 1.082e+00
adaptive_constant_ics_val: 1.221e+05
adaptive_constant_bcs1_val: 3.875e+03
It: 6500, Loss: 1.217e+03, loss_bcs: 1.314e-02, loss_ics: 1.184e-04, Loss_r: 1.065e+03, Time: 0.01
std_grad_res: 4.506e+02
std_grad_bcs: 1.258e-01
std_grad_ics: 3.995e-03
kurtosis_grad_res: 3.599e+02
kurtosis_grad_bcs: 4.876e+02
kurtosis_grad_ics: 3.020e+02
adaptive_constant_res_val: 1.082e+00
adaptive_constant_ics_val: 1.221e+05
adaptive_constant_bcs1_val: 3.875e+03
It: 6600, Loss: 1.601e+03, loss_bcs: 9.641e-03, loss_ics: 1.376e-04, Loss_r: 1.429e+03, Time: 0.01
std_grad_res: 4.506e+02
std_grad_bcs: 1.258e-01
std_grad_ics: 3.995e-03
kurtosis_grad_res: 3.599e+02
kurtosis_grad_bcs: 4.876e+02
kurtosis_grad_ics: 3.020e+02
adaptive_constant_res_val: 1.082e+00
adaptive_constant_ics_val: 1.221e+05
adaptive_constant_bcs1_val: 3.875e+03
It: 6700, Loss: 1.691e+03, loss_bcs: 2.185e-02, loss_ics: 8.601e-05, Loss_r: 1.475e+03, Time: 0.01
std_grad_res: 4.506e+02
std_grad_bcs: 1.258e-01
std_grad_ics: 3.995e-03
kurtosis_grad_res: 3.599e+02
kurtosis_grad_bcs: 4.876e+02
kurtosis_grad_ics: 3.020e+02
adaptive_constant_res_val: 1.082e+00
adaptive_constant_ics_val: 1.221e+05
adaptive_constant_bcs1_val: 3.875e+03
It: 6800, Loss: 1.004e+03, loss_bcs: 9.758e-03, loss_ics: 1.075e-04, Loss_r: 8.809e+02, Time: 0.01
std_grad_res: 4.506e+02
std_grad_bcs: 1.258e-01
std_grad_ics: 3.995e-03
kurtosis_grad_res: 3.599e+02
kurtosis_grad_bcs: 4.876e+02
kurtosis_grad_ics: 3.020e+02
adaptive_constant_res_val: 1.082e+00
adaptive_constant_ics_val: 1.221e+05
adaptive_constant_bcs1_val: 3.875e+03
It: 6900, Loss: 1.489e+03, loss_bcs: 1.110e-02, loss_ics: 9.243e-05, Loss_r: 1.326e+03, Time: 0.01
std_grad_res: 4.506e+02
std_grad_bcs: 1.258e-01
std_grad_ics: 3.995e-03
kurtosis_grad_res: 3.599e+02
kurtosis_grad_bcs: 4.876e+02
kurtosis_grad_ics: 3.020e+02
adaptive_constant_res_val: 1.082e+00
adaptive_constant_ics_val: 1.221e+05
adaptive_constant_bcs1_val: 3.875e+03
It: 7000, Loss: 9.407e+02, loss_bcs: 1.306e-02, loss_ics: 1.784e-04, Loss_r: 8.025e+02, Time: 0.01
std_grad_res: 4.506e+02
std_grad_bcs: 1.258e-01
std_grad_ics: 3.995e-03
kurtosis_grad_res: 3.599e+02
kurtosis_grad_bcs: 4.876e+02
kurtosis_grad_ics: 3.020e+02
adaptive_constant_res_val: 1.082e+00
adaptive_constant_ics_val: 1.221e+05
adaptive_constant_bcs1_val: 3.875e+03
It: 7100, Loss: 1.648e+03, loss_bcs: 6.186e-02, loss_ics: 6.760e-04, Loss_r: 1.225e+03, Time: 0.01
std_grad_res: 4.506e+02
std_grad_bcs: 1.258e-01
std_grad_ics: 3.995e-03
kurtosis_grad_res: 3.599e+02
kurtosis_grad_bcs: 4.876e+02
kurtosis_grad_ics: 3.020e+02
adaptive_constant_res_val: 1.082e+00
adaptive_constant_ics_val: 1.221e+05
adaptive_constant_bcs1_val: 3.875e+03
It: 7200, Loss: 7.470e+02, loss_bcs: 9.371e-03, loss_ics: 9.990e-05, Loss_r: 6.455e+02, Time: 0.01
std_grad_res: 4.506e+02
std_grad_bcs: 1.258e-01
std_grad_ics: 3.995e-03
kurtosis_grad_res: 3.599e+02
kurtosis_grad_bcs: 4.876e+02
kurtosis_grad_ics: 3.020e+02
adaptive_constant_res_val: 1.082e+00
adaptive_constant_ics_val: 1.221e+05
adaptive_constant_bcs1_val: 3.875e+03
It: 7300, Loss: 1.308e+03, loss_bcs: 9.643e-03, loss_ics: 7.975e-04, Loss_r: 1.085e+03, Time: 0.01
std_grad_res: 4.506e+02
std_grad_bcs: 1.258e-01
std_grad_ics: 3.995e-03
kurtosis_grad_res: 3.599e+02
kurtosis_grad_bcs: 4.876e+02
kurtosis_grad_ics: 3.020e+02
adaptive_constant_res_val: 1.082e+00
adaptive_constant_ics_val: 1.221e+05
adaptive_constant_bcs1_val: 3.875e+03
It: 7400, Loss: 6.722e+02, loss_bcs: 1.044e-02, loss_ics: 1.249e-04, Loss_r: 5.697e+02, Time: 0.01
std_grad_res: 4.506e+02
std_grad_bcs: 1.258e-01
std_grad_ics: 3.995e-03
kurtosis_grad_res: 3.599e+02
kurtosis_grad_bcs: 4.876e+02
kurtosis_grad_ics: 3.020e+02
adaptive_constant_res_val: 1.082e+00
adaptive_constant_ics_val: 1.221e+05
adaptive_constant_bcs1_val: 3.875e+03
It: 7500, Loss: 1.976e+03, loss_bcs: 1.401e-02, loss_ics: 1.649e-04, Loss_r: 1.758e+03, Time: 0.01
std_grad_res: 4.506e+02
std_grad_bcs: 1.258e-01
std_grad_ics: 3.995e-03
kurtosis_grad_res: 3.599e+02
kurtosis_grad_bcs: 4.876e+02
kurtosis_grad_ics: 3.020e+02
adaptive_constant_res_val: 1.082e+00
adaptive_constant_ics_val: 1.221e+05
adaptive_constant_bcs1_val: 3.875e+03
It: 7600, Loss: 6.522e+03, loss_bcs: 5.428e-01, loss_ics: 3.079e-03, Loss_r: 3.736e+03, Time: 0.02
std_grad_res: 4.506e+02
std_grad_bcs: 1.258e-01
std_grad_ics: 3.995e-03
kurtosis_grad_res: 3.599e+02
kurtosis_grad_bcs: 4.876e+02
kurtosis_grad_ics: 3.020e+02
adaptive_constant_res_val: 1.082e+00
adaptive_constant_ics_val: 1.221e+05
adaptive_constant_bcs1_val: 3.875e+03
It: 7700, Loss: 1.085e+03, loss_bcs: 2.969e-03, loss_ics: 1.568e-04, Loss_r: 9.740e+02, Time: 0.01
std_grad_res: 4.506e+02
std_grad_bcs: 1.258e-01
std_grad_ics: 3.995e-03
kurtosis_grad_res: 3.599e+02
kurtosis_grad_bcs: 4.876e+02
kurtosis_grad_ics: 3.020e+02
adaptive_constant_res_val: 1.082e+00
adaptive_constant_ics_val: 1.221e+05
adaptive_constant_bcs1_val: 3.875e+03
It: 7800, Loss: 1.340e+03, loss_bcs: 8.172e-03, loss_ics: 8.936e-05, Loss_r: 1.199e+03, Time: 0.01
std_grad_res: 4.506e+02
std_grad_bcs: 1.258e-01
std_grad_ics: 3.995e-03
kurtosis_grad_res: 3.599e+02
kurtosis_grad_bcs: 4.876e+02
kurtosis_grad_ics: 3.020e+02
adaptive_constant_res_val: 1.082e+00
adaptive_constant_ics_val: 1.221e+05
adaptive_constant_bcs1_val: 3.875e+03
It: 7900, Loss: 8.529e+02, loss_bcs: 7.906e-03, loss_ics: 5.782e-04, Loss_r: 6.946e+02, Time: 0.01
std_grad_res: 4.506e+02
std_grad_bcs: 1.258e-01
std_grad_ics: 3.995e-03
kurtosis_grad_res: 3.599e+02
kurtosis_grad_bcs: 4.876e+02
kurtosis_grad_ics: 3.020e+02
adaptive_constant_res_val: 1.082e+00
adaptive_constant_ics_val: 1.221e+05
adaptive_constant_bcs1_val: 3.875e+03
It: 8000, Loss: 1.419e+03, loss_bcs: 1.331e-02, loss_ics: 5.079e-05, Loss_r: 1.258e+03, Time: 0.02
std_grad_res: 4.506e+02
std_grad_bcs: 1.258e-01
std_grad_ics: 3.995e-03
kurtosis_grad_res: 3.599e+02
kurtosis_grad_bcs: 4.876e+02
kurtosis_grad_ics: 3.020e+02
adaptive_constant_res_val: 1.082e+00
adaptive_constant_ics_val: 1.221e+05
adaptive_constant_bcs1_val: 3.875e+03
It: 8100, Loss: 1.213e+03, loss_bcs: 1.175e-02, loss_ics: 1.022e-04, Loss_r: 1.067e+03, Time: 0.02
std_grad_res: 4.506e+02
std_grad_bcs: 1.258e-01
std_grad_ics: 3.995e-03
kurtosis_grad_res: 3.599e+02
kurtosis_grad_bcs: 4.876e+02
kurtosis_grad_ics: 3.020e+02
adaptive_constant_res_val: 1.082e+00
adaptive_constant_ics_val: 1.221e+05
adaptive_constant_bcs1_val: 3.875e+03
It: 8200, Loss: 8.556e+02, loss_bcs: 7.040e-03, loss_ics: 2.806e-04, Loss_r: 7.338e+02, Time: 0.01
std_grad_res: 4.506e+02
std_grad_bcs: 1.258e-01
std_grad_ics: 3.995e-03
kurtosis_grad_res: 3.599e+02
kurtosis_grad_bcs: 4.876e+02
kurtosis_grad_ics: 3.020e+02
adaptive_constant_res_val: 1.082e+00
adaptive_constant_ics_val: 1.221e+05
adaptive_constant_bcs1_val: 3.875e+03
It: 8300, Loss: 1.063e+03, loss_bcs: 1.219e-02, loss_ics: 9.930e-05, Loss_r: 9.278e+02, Time: 0.01
std_grad_res: 4.506e+02
std_grad_bcs: 1.258e-01
std_grad_ics: 3.995e-03
kurtosis_grad_res: 3.599e+02
kurtosis_grad_bcs: 4.876e+02
kurtosis_grad_ics: 3.020e+02
adaptive_constant_res_val: 1.082e+00
adaptive_constant_ics_val: 1.221e+05
adaptive_constant_bcs1_val: 3.875e+03
It: 8400, Loss: 6.617e+02, loss_bcs: 1.833e-02, loss_ics: 1.079e-04, Loss_r: 5.337e+02, Time: 0.01
std_grad_res: 4.506e+02
std_grad_bcs: 1.258e-01
std_grad_ics: 3.995e-03
kurtosis_grad_res: 3.599e+02
kurtosis_grad_bcs: 4.876e+02
kurtosis_grad_ics: 3.020e+02
adaptive_constant_res_val: 1.082e+00
adaptive_constant_ics_val: 1.221e+05
adaptive_constant_bcs1_val: 3.875e+03
It: 8500, Loss: 8.122e+02, loss_bcs: 9.551e-03, loss_ics: 9.078e-05, Loss_r: 7.062e+02, Time: 0.01
std_grad_res: 4.506e+02
std_grad_bcs: 1.258e-01
std_grad_ics: 3.995e-03
kurtosis_grad_res: 3.599e+02
kurtosis_grad_bcs: 4.876e+02
kurtosis_grad_ics: 3.020e+02
adaptive_constant_res_val: 1.082e+00
adaptive_constant_ics_val: 1.221e+05
adaptive_constant_bcs1_val: 3.875e+03
It: 8600, Loss: 8.832e+03, loss_bcs: 6.815e-01, loss_ics: 5.608e-03, Loss_r: 5.089e+03, Time: 0.01
std_grad_res: 4.506e+02
std_grad_bcs: 1.258e-01
std_grad_ics: 3.995e-03
kurtosis_grad_res: 3.599e+02
kurtosis_grad_bcs: 4.876e+02
kurtosis_grad_ics: 3.020e+02
adaptive_constant_res_val: 1.082e+00
adaptive_constant_ics_val: 1.221e+05
adaptive_constant_bcs1_val: 3.875e+03
It: 8700, Loss: 2.248e+03, loss_bcs: 1.270e-02, loss_ics: 1.849e-04, Loss_r: 2.012e+03, Time: 0.01
std_grad_res: 4.506e+02
std_grad_bcs: 1.258e-01
std_grad_ics: 3.995e-03
kurtosis_grad_res: 3.599e+02
kurtosis_grad_bcs: 4.876e+02
kurtosis_grad_ics: 3.020e+02
adaptive_constant_res_val: 1.082e+00
adaptive_constant_ics_val: 1.221e+05
adaptive_constant_bcs1_val: 3.875e+03
It: 8800, Loss: 1.619e+03, loss_bcs: 8.564e-03, loss_ics: 1.010e-04, Loss_r: 1.454e+03, Time: 0.01
std_grad_res: 4.506e+02
std_grad_bcs: 1.258e-01
std_grad_ics: 3.995e-03
kurtosis_grad_res: 3.599e+02
kurtosis_grad_bcs: 4.876e+02
kurtosis_grad_ics: 3.020e+02
adaptive_constant_res_val: 1.082e+00
adaptive_constant_ics_val: 1.221e+05
adaptive_constant_bcs1_val: 3.875e+03
It: 8900, Loss: 8.040e+02, loss_bcs: 1.116e-02, loss_ics: 2.468e-04, Loss_r: 6.752e+02, Time: 0.01
std_grad_res: 4.506e+02
std_grad_bcs: 1.258e-01
std_grad_ics: 3.995e-03
kurtosis_grad_res: 3.599e+02
kurtosis_grad_bcs: 4.876e+02
kurtosis_grad_ics: 3.020e+02
adaptive_constant_res_val: 1.082e+00
adaptive_constant_ics_val: 1.221e+05
adaptive_constant_bcs1_val: 3.875e+03
It: 9000, Loss: 1.128e+03, loss_bcs: 6.245e-03, loss_ics: 8.748e-05, Loss_r: 1.010e+03, Time: 0.01
std_grad_res: 4.506e+02
std_grad_bcs: 1.258e-01
std_grad_ics: 3.995e-03
kurtosis_grad_res: 3.599e+02
kurtosis_grad_bcs: 4.876e+02
kurtosis_grad_ics: 3.020e+02
adaptive_constant_res_val: 1.082e+00
adaptive_constant_ics_val: 1.221e+05
adaptive_constant_bcs1_val: 3.875e+03
It: 9100, Loss: 7.333e+02, loss_bcs: 8.598e-03, loss_ics: 9.011e-05, Loss_r: 6.367e+02, Time: 0.01
std_grad_res: 4.506e+02
std_grad_bcs: 1.258e-01
std_grad_ics: 3.995e-03
kurtosis_grad_res: 3.599e+02
kurtosis_grad_bcs: 4.876e+02
kurtosis_grad_ics: 3.020e+02
adaptive_constant_res_val: 1.082e+00
adaptive_constant_ics_val: 1.221e+05
adaptive_constant_bcs1_val: 3.875e+03
It: 9200, Loss: 6.470e+02, loss_bcs: 8.336e-03, loss_ics: 1.031e-04, Loss_r: 5.564e+02, Time: 0.01
std_grad_res: 4.506e+02
std_grad_bcs: 1.258e-01
std_grad_ics: 3.995e-03
kurtosis_grad_res: 3.599e+02
kurtosis_grad_bcs: 4.876e+02
kurtosis_grad_ics: 3.020e+02
adaptive_constant_res_val: 1.082e+00
adaptive_constant_ics_val: 1.221e+05
adaptive_constant_bcs1_val: 3.875e+03
It: 9300, Loss: 7.272e+02, loss_bcs: 1.053e-02, loss_ics: 5.934e-05, Loss_r: 6.277e+02, Time: 0.02
std_grad_res: 4.506e+02
std_grad_bcs: 1.258e-01
std_grad_ics: 3.995e-03
kurtosis_grad_res: 3.599e+02
kurtosis_grad_bcs: 4.876e+02
kurtosis_grad_ics: 3.020e+02
adaptive_constant_res_val: 1.082e+00
adaptive_constant_ics_val: 1.221e+05
adaptive_constant_bcs1_val: 3.875e+03
It: 9400, Loss: 6.425e+02, loss_bcs: 8.844e-03, loss_ics: 2.993e-04, Loss_r: 5.283e+02, Time: 0.01
std_grad_res: 4.506e+02
std_grad_bcs: 1.258e-01
std_grad_ics: 3.995e-03
kurtosis_grad_res: 3.599e+02
kurtosis_grad_bcs: 4.876e+02
kurtosis_grad_ics: 3.020e+02
adaptive_constant_res_val: 1.082e+00
adaptive_constant_ics_val: 1.221e+05
adaptive_constant_bcs1_val: 3.875e+03
It: 9500, Loss: 8.281e+02, loss_bcs: 5.835e-03, loss_ics: 1.407e-04, Loss_r: 7.285e+02, Time: 0.01
std_grad_res: 4.506e+02
std_grad_bcs: 1.258e-01
std_grad_ics: 3.995e-03
kurtosis_grad_res: 3.599e+02
kurtosis_grad_bcs: 4.876e+02
kurtosis_grad_ics: 3.020e+02
adaptive_constant_res_val: 1.082e+00
adaptive_constant_ics_val: 1.221e+05
adaptive_constant_bcs1_val: 3.875e+03
It: 9600, Loss: 5.045e+03, loss_bcs: 2.154e-01, loss_ics: 2.400e-03, Loss_r: 3.621e+03, Time: 0.02
std_grad_res: 4.506e+02
std_grad_bcs: 1.258e-01
std_grad_ics: 3.995e-03
kurtosis_grad_res: 3.599e+02
kurtosis_grad_bcs: 4.876e+02
kurtosis_grad_ics: 3.020e+02
adaptive_constant_res_val: 1.082e+00
adaptive_constant_ics_val: 1.221e+05
adaptive_constant_bcs1_val: 3.875e+03
It: 9700, Loss: 2.121e+03, loss_bcs: 2.239e-02, loss_ics: 3.868e-04, Loss_r: 1.836e+03, Time: 0.01
std_grad_res: 4.506e+02
std_grad_bcs: 1.258e-01
std_grad_ics: 3.995e-03
kurtosis_grad_res: 3.599e+02
kurtosis_grad_bcs: 4.876e+02
kurtosis_grad_ics: 3.020e+02
adaptive_constant_res_val: 1.082e+00
adaptive_constant_ics_val: 1.221e+05
adaptive_constant_bcs1_val: 3.875e+03
It: 9800, Loss: 2.414e+03, loss_bcs: 1.630e-02, loss_ics: 2.653e-04, Loss_r: 2.142e+03, Time: 0.01
std_grad_res: 4.506e+02
std_grad_bcs: 1.258e-01
std_grad_ics: 3.995e-03
kurtosis_grad_res: 3.599e+02
kurtosis_grad_bcs: 4.876e+02
kurtosis_grad_ics: 3.020e+02
adaptive_constant_res_val: 1.082e+00
adaptive_constant_ics_val: 1.221e+05
adaptive_constant_bcs1_val: 3.875e+03
It: 9900, Loss: 1.733e+03, loss_bcs: 1.635e-02, loss_ics: 1.112e-04, Loss_r: 1.530e+03, Time: 0.01
std_grad_res: 4.506e+02
std_grad_bcs: 1.258e-01
std_grad_ics: 3.995e-03
kurtosis_grad_res: 3.599e+02
kurtosis_grad_bcs: 4.876e+02
kurtosis_grad_ics: 3.020e+02
adaptive_constant_res_val: 1.082e+00
adaptive_constant_ics_val: 1.221e+05
adaptive_constant_bcs1_val: 3.875e+03
It: 10000, Loss: 1.824e+03, loss_bcs: 9.863e-03, loss_ics: 8.168e-05, Loss_r: 1.641e+03, Time: 0.01
std_grad_res: 4.506e+02
std_grad_bcs: 1.258e-01
std_grad_ics: 3.995e-03
kurtosis_grad_res: 3.599e+02
kurtosis_grad_bcs: 4.876e+02
kurtosis_grad_ics: 3.020e+02
adaptive_constant_res_val: 1.082e+00
adaptive_constant_ics_val: 1.221e+05
adaptive_constant_bcs1_val: 3.875e+03
It: 10100, Loss: 1.755e+03, loss_bcs: 1.072e-02, loss_ics: 4.257e-05, Loss_r: 1.579e+03, Time: 0.02
std_grad_res: 4.506e+02
std_grad_bcs: 1.258e-01
std_grad_ics: 3.995e-03
kurtosis_grad_res: 3.599e+02
kurtosis_grad_bcs: 4.876e+02
kurtosis_grad_ics: 3.020e+02
adaptive_constant_res_val: 1.082e+00
adaptive_constant_ics_val: 1.221e+05
adaptive_constant_bcs1_val: 3.875e+03
It: 10200, Loss: 1.413e+03, loss_bcs: 1.184e-02, loss_ics: 1.298e-04, Loss_r: 1.249e+03, Time: 0.01
std_grad_res: 4.506e+02
std_grad_bcs: 1.258e-01
std_grad_ics: 3.995e-03
kurtosis_grad_res: 3.599e+02
kurtosis_grad_bcs: 4.876e+02
kurtosis_grad_ics: 3.020e+02
adaptive_constant_res_val: 1.082e+00
adaptive_constant_ics_val: 1.221e+05
adaptive_constant_bcs1_val: 3.875e+03
It: 10300, Loss: 1.490e+03, loss_bcs: 1.051e-02, loss_ics: 1.322e-04, Loss_r: 1.324e+03, Time: 0.02
std_grad_res: 4.506e+02
std_grad_bcs: 1.258e-01
std_grad_ics: 3.995e-03
kurtosis_grad_res: 3.599e+02
kurtosis_grad_bcs: 4.876e+02
kurtosis_grad_ics: 3.020e+02
adaptive_constant_res_val: 1.082e+00
adaptive_constant_ics_val: 1.221e+05
adaptive_constant_bcs1_val: 3.875e+03
It: 10400, Loss: 1.432e+03, loss_bcs: 7.832e-03, loss_ics: 2.119e-04, Loss_r: 1.272e+03, Time: 0.02
std_grad_res: 4.506e+02
std_grad_bcs: 1.258e-01
std_grad_ics: 3.995e-03
kurtosis_grad_res: 3.599e+02
kurtosis_grad_bcs: 4.876e+02
kurtosis_grad_ics: 3.020e+02
adaptive_constant_res_val: 1.082e+00
adaptive_constant_ics_val: 1.221e+05
adaptive_constant_bcs1_val: 3.875e+03
It: 10500, Loss: 7.119e+02, loss_bcs: 9.064e-03, loss_ics: 1.787e-04, Loss_r: 6.053e+02, Time: 0.02
std_grad_res: 4.506e+02
std_grad_bcs: 1.258e-01
std_grad_ics: 3.995e-03
kurtosis_grad_res: 3.599e+02
kurtosis_grad_bcs: 4.876e+02
kurtosis_grad_ics: 3.020e+02
adaptive_constant_res_val: 1.082e+00
adaptive_constant_ics_val: 1.221e+05
adaptive_constant_bcs1_val: 3.875e+03
It: 10600, Loss: 8.997e+02, loss_bcs: 1.087e-02, loss_ics: 1.263e-04, Loss_r: 7.783e+02, Time: 0.01
std_grad_res: 4.506e+02
std_grad_bcs: 1.258e-01
std_grad_ics: 3.995e-03
kurtosis_grad_res: 3.599e+02
kurtosis_grad_bcs: 4.876e+02
kurtosis_grad_ics: 3.020e+02
adaptive_constant_res_val: 1.082e+00
adaptive_constant_ics_val: 1.221e+05
adaptive_constant_bcs1_val: 3.875e+03
It: 10700, Loss: 1.708e+03, loss_bcs: 7.588e-03, loss_ics: 6.481e-05, Loss_r: 1.544e+03, Time: 0.01
std_grad_res: 4.506e+02
std_grad_bcs: 1.258e-01
std_grad_ics: 3.995e-03
kurtosis_grad_res: 3.599e+02
kurtosis_grad_bcs: 4.876e+02
kurtosis_grad_ics: 3.020e+02
adaptive_constant_res_val: 1.082e+00
adaptive_constant_ics_val: 1.221e+05
adaptive_constant_bcs1_val: 3.875e+03
It: 10800, Loss: 9.124e+02, loss_bcs: 8.660e-03, loss_ics: 8.957e-05, Loss_r: 8.021e+02, Time: 0.02
std_grad_res: 4.506e+02
std_grad_bcs: 1.258e-01
std_grad_ics: 3.995e-03
kurtosis_grad_res: 3.599e+02
kurtosis_grad_bcs: 4.876e+02
kurtosis_grad_ics: 3.020e+02
adaptive_constant_res_val: 1.082e+00
adaptive_constant_ics_val: 1.221e+05
adaptive_constant_bcs1_val: 3.875e+03
It: 10900, Loss: 1.024e+03, loss_bcs: 6.225e-03, loss_ics: 1.511e-04, Loss_r: 9.068e+02, Time: 0.02
std_grad_res: 4.506e+02
std_grad_bcs: 1.258e-01
std_grad_ics: 3.995e-03
kurtosis_grad_res: 3.599e+02
kurtosis_grad_bcs: 4.876e+02
kurtosis_grad_ics: 3.020e+02
adaptive_constant_res_val: 1.082e+00
adaptive_constant_ics_val: 1.221e+05
adaptive_constant_bcs1_val: 3.875e+03
It: 11000, Loss: 1.234e+03, loss_bcs: 9.331e-03, loss_ics: 5.111e-05, Loss_r: 1.101e+03, Time: 0.02
std_grad_res: 4.506e+02
std_grad_bcs: 1.258e-01
std_grad_ics: 3.995e-03
kurtosis_grad_res: 3.599e+02
kurtosis_grad_bcs: 4.876e+02
kurtosis_grad_ics: 3.020e+02
adaptive_constant_res_val: 1.082e+00
adaptive_constant_ics_val: 1.221e+05
adaptive_constant_bcs1_val: 3.875e+03
It: 11100, Loss: 4.691e+02, loss_bcs: 7.881e-03, loss_ics: 1.440e-04, Loss_r: 3.891e+02, Time: 0.01
std_grad_res: 4.506e+02
std_grad_bcs: 1.258e-01
std_grad_ics: 3.995e-03
kurtosis_grad_res: 3.599e+02
kurtosis_grad_bcs: 4.876e+02
kurtosis_grad_ics: 3.020e+02
adaptive_constant_res_val: 1.082e+00
adaptive_constant_ics_val: 1.221e+05
adaptive_constant_bcs1_val: 3.875e+03
It: 11200, Loss: 6.565e+02, loss_bcs: 9.042e-03, loss_ics: 7.518e-05, Loss_r: 5.658e+02, Time: 0.01
std_grad_res: 4.506e+02
std_grad_bcs: 1.258e-01
std_grad_ics: 3.995e-03
kurtosis_grad_res: 3.599e+02
kurtosis_grad_bcs: 4.876e+02
kurtosis_grad_ics: 3.020e+02
adaptive_constant_res_val: 1.082e+00
adaptive_constant_ics_val: 1.221e+05
adaptive_constant_bcs1_val: 3.875e+03
It: 11300, Loss: 4.953e+02, loss_bcs: 9.453e-03, loss_ics: 6.191e-04, Loss_r: 3.540e+02, Time: 0.01
std_grad_res: 4.506e+02
std_grad_bcs: 1.258e-01
std_grad_ics: 3.995e-03
kurtosis_grad_res: 3.599e+02
kurtosis_grad_bcs: 4.876e+02
kurtosis_grad_ics: 3.020e+02
adaptive_constant_res_val: 1.082e+00
adaptive_constant_ics_val: 1.221e+05
adaptive_constant_bcs1_val: 3.875e+03
It: 11400, Loss: 1.791e+03, loss_bcs: 1.703e-02, loss_ics: 6.648e-03, Loss_r: 8.444e+02, Time: 0.01
std_grad_res: 4.506e+02
std_grad_bcs: 1.258e-01
std_grad_ics: 3.995e-03
kurtosis_grad_res: 3.599e+02
kurtosis_grad_bcs: 4.876e+02
kurtosis_grad_ics: 3.020e+02
adaptive_constant_res_val: 1.082e+00
adaptive_constant_ics_val: 1.221e+05
adaptive_constant_bcs1_val: 3.875e+03
It: 11500, Loss: 1.483e+03, loss_bcs: 7.512e-03, loss_ics: 1.921e-04, Loss_r: 1.322e+03, Time: 0.02
std_grad_res: 4.506e+02
std_grad_bcs: 1.258e-01
std_grad_ics: 3.995e-03
kurtosis_grad_res: 3.599e+02
kurtosis_grad_bcs: 4.876e+02
kurtosis_grad_ics: 3.020e+02
adaptive_constant_res_val: 1.082e+00
adaptive_constant_ics_val: 1.221e+05
adaptive_constant_bcs1_val: 3.875e+03
It: 11600, Loss: 5.481e+02, loss_bcs: 8.248e-03, loss_ics: 8.421e-05, Loss_r: 4.675e+02, Time: 0.01
std_grad_res: 4.506e+02
std_grad_bcs: 1.258e-01
std_grad_ics: 3.995e-03
kurtosis_grad_res: 3.599e+02
kurtosis_grad_bcs: 4.876e+02
kurtosis_grad_ics: 3.020e+02
adaptive_constant_res_val: 1.082e+00
adaptive_constant_ics_val: 1.221e+05
adaptive_constant_bcs1_val: 3.875e+03
It: 11700, Loss: 4.849e+02, loss_bcs: 1.078e-02, loss_ics: 9.131e-05, Loss_r: 3.992e+02, Time: 0.01
std_grad_res: 4.506e+02
std_grad_bcs: 1.258e-01
std_grad_ics: 3.995e-03
kurtosis_grad_res: 3.599e+02
kurtosis_grad_bcs: 4.876e+02
kurtosis_grad_ics: 3.020e+02
adaptive_constant_res_val: 1.082e+00
adaptive_constant_ics_val: 1.221e+05
adaptive_constant_bcs1_val: 3.875e+03
It: 11800, Loss: 6.382e+02, loss_bcs: 7.629e-03, loss_ics: 8.287e-05, Loss_r: 5.531e+02, Time: 0.02
std_grad_res: 4.506e+02
std_grad_bcs: 1.258e-01
std_grad_ics: 3.995e-03
kurtosis_grad_res: 3.599e+02
kurtosis_grad_bcs: 4.876e+02
kurtosis_grad_ics: 3.020e+02
adaptive_constant_res_val: 1.082e+00
adaptive_constant_ics_val: 1.221e+05
adaptive_constant_bcs1_val: 3.875e+03
It: 11900, Loss: 8.322e+02, loss_bcs: 5.578e-03, loss_ics: 1.196e-04, Loss_r: 7.356e+02, Time: 0.01
std_grad_res: 4.506e+02
std_grad_bcs: 1.258e-01
std_grad_ics: 3.995e-03
kurtosis_grad_res: 3.599e+02
kurtosis_grad_bcs: 4.876e+02
kurtosis_grad_ics: 3.020e+02
adaptive_constant_res_val: 1.082e+00
adaptive_constant_ics_val: 1.221e+05
adaptive_constant_bcs1_val: 3.875e+03
It: 12000, Loss: 6.206e+02, loss_bcs: 5.201e-03, loss_ics: 2.018e-04, Loss_r: 5.322e+02, Time: 0.01
std_grad_res: 4.506e+02
std_grad_bcs: 1.258e-01
std_grad_ics: 3.995e-03
kurtosis_grad_res: 3.599e+02
kurtosis_grad_bcs: 4.876e+02
kurtosis_grad_ics: 3.020e+02
adaptive_constant_res_val: 1.082e+00
adaptive_constant_ics_val: 1.221e+05
adaptive_constant_bcs1_val: 3.875e+03
It: 12100, Loss: 6.043e+03, loss_bcs: 8.081e-02, loss_ics: 3.158e-03, Loss_r: 4.939e+03, Time: 0.02
std_grad_res: 4.506e+02
std_grad_bcs: 1.258e-01
std_grad_ics: 3.995e-03
kurtosis_grad_res: 3.599e+02
kurtosis_grad_bcs: 4.876e+02
kurtosis_grad_ics: 3.020e+02
adaptive_constant_res_val: 1.082e+00
adaptive_constant_ics_val: 1.221e+05
adaptive_constant_bcs1_val: 3.875e+03
It: 12200, Loss: 3.530e+03, loss_bcs: 1.543e-02, loss_ics: 8.688e-04, Loss_r: 3.109e+03, Time: 0.01
std_grad_res: 4.506e+02
std_grad_bcs: 1.258e-01
std_grad_ics: 3.995e-03
kurtosis_grad_res: 3.599e+02
kurtosis_grad_bcs: 4.876e+02
kurtosis_grad_ics: 3.020e+02
adaptive_constant_res_val: 1.082e+00
adaptive_constant_ics_val: 1.221e+05
adaptive_constant_bcs1_val: 3.875e+03
It: 12300, Loss: 3.019e+03, loss_bcs: 1.299e-02, loss_ics: 7.803e-04, Loss_r: 2.655e+03, Time: 0.01
std_grad_res: 4.506e+02
std_grad_bcs: 1.258e-01
std_grad_ics: 3.995e-03
kurtosis_grad_res: 3.599e+02
kurtosis_grad_bcs: 4.876e+02
kurtosis_grad_ics: 3.020e+02
adaptive_constant_res_val: 1.082e+00
adaptive_constant_ics_val: 1.221e+05
adaptive_constant_bcs1_val: 3.875e+03
It: 12400, Loss: 2.384e+03, loss_bcs: 7.373e-03, loss_ics: 5.273e-04, Loss_r: 2.117e+03, Time: 0.01
std_grad_res: 4.506e+02
std_grad_bcs: 1.258e-01
std_grad_ics: 3.995e-03
kurtosis_grad_res: 3.599e+02
kurtosis_grad_bcs: 4.876e+02
kurtosis_grad_ics: 3.020e+02
adaptive_constant_res_val: 1.082e+00
adaptive_constant_ics_val: 1.221e+05
adaptive_constant_bcs1_val: 3.875e+03
It: 12500, Loss: 2.012e+03, loss_bcs: 8.340e-03, loss_ics: 2.786e-04, Loss_r: 1.798e+03, Time: 0.07
std_grad_res: 4.506e+02
std_grad_bcs: 1.258e-01
std_grad_ics: 3.995e-03
kurtosis_grad_res: 3.599e+02
kurtosis_grad_bcs: 4.876e+02
kurtosis_grad_ics: 3.020e+02
adaptive_constant_res_val: 1.082e+00
adaptive_constant_ics_val: 1.221e+05
adaptive_constant_bcs1_val: 3.875e+03
It: 12600, Loss: 2.650e+03, loss_bcs: 1.036e-02, loss_ics: 1.363e-04, Loss_r: 2.397e+03, Time: 0.01
std_grad_res: 4.506e+02
std_grad_bcs: 1.258e-01
std_grad_ics: 3.995e-03
kurtosis_grad_res: 3.599e+02
kurtosis_grad_bcs: 4.876e+02
kurtosis_grad_ics: 3.020e+02
adaptive_constant_res_val: 1.082e+00
adaptive_constant_ics_val: 1.221e+05
adaptive_constant_bcs1_val: 3.875e+03
It: 12700, Loss: 1.722e+03, loss_bcs: 9.778e-03, loss_ics: 1.373e-04, Loss_r: 1.541e+03, Time: 0.01
std_grad_res: 4.506e+02
std_grad_bcs: 1.258e-01
std_grad_ics: 3.995e-03
kurtosis_grad_res: 3.599e+02
kurtosis_grad_bcs: 4.876e+02
kurtosis_grad_ics: 3.020e+02
adaptive_constant_res_val: 1.082e+00
adaptive_constant_ics_val: 1.221e+05
adaptive_constant_bcs1_val: 3.875e+03
It: 12800, Loss: 1.376e+03, loss_bcs: 7.928e-03, loss_ics: 7.087e-05, Loss_r: 1.235e+03, Time: 0.02
std_grad_res: 4.506e+02
std_grad_bcs: 1.258e-01
std_grad_ics: 3.995e-03
kurtosis_grad_res: 3.599e+02
kurtosis_grad_bcs: 4.876e+02
kurtosis_grad_ics: 3.020e+02
adaptive_constant_res_val: 1.082e+00
adaptive_constant_ics_val: 1.221e+05
adaptive_constant_bcs1_val: 3.875e+03
It: 12900, Loss: 1.252e+03, loss_bcs: 7.401e-03, loss_ics: 1.176e-04, Loss_r: 1.118e+03, Time: 0.03
std_grad_res: 4.506e+02
std_grad_bcs: 1.258e-01
std_grad_ics: 3.995e-03
kurtosis_grad_res: 3.599e+02
kurtosis_grad_bcs: 4.876e+02
kurtosis_grad_ics: 3.020e+02
adaptive_constant_res_val: 1.082e+00
adaptive_constant_ics_val: 1.221e+05
adaptive_constant_bcs1_val: 3.875e+03
It: 13000, Loss: 1.158e+03, loss_bcs: 6.646e-03, loss_ics: 4.766e-05, Loss_r: 1.041e+03, Time: 0.01
std_grad_res: 4.506e+02
std_grad_bcs: 1.258e-01
std_grad_ics: 3.995e-03
kurtosis_grad_res: 3.599e+02
kurtosis_grad_bcs: 4.876e+02
kurtosis_grad_ics: 3.020e+02
adaptive_constant_res_val: 1.082e+00
adaptive_constant_ics_val: 1.221e+05
adaptive_constant_bcs1_val: 3.875e+03
It: 13100, Loss: 1.356e+03, loss_bcs: 8.227e-03, loss_ics: 1.278e-04, Loss_r: 1.209e+03, Time: 0.01
std_grad_res: 4.506e+02
std_grad_bcs: 1.258e-01
std_grad_ics: 3.995e-03
kurtosis_grad_res: 3.599e+02
kurtosis_grad_bcs: 4.876e+02
kurtosis_grad_ics: 3.020e+02
adaptive_constant_res_val: 1.082e+00
adaptive_constant_ics_val: 1.221e+05
adaptive_constant_bcs1_val: 3.875e+03
It: 13200, Loss: 9.284e+02, loss_bcs: 8.242e-03, loss_ics: 9.195e-05, Loss_r: 8.181e+02, Time: 0.01
std_grad_res: 4.506e+02
std_grad_bcs: 1.258e-01
std_grad_ics: 3.995e-03
kurtosis_grad_res: 3.599e+02
kurtosis_grad_bcs: 4.876e+02
kurtosis_grad_ics: 3.020e+02
adaptive_constant_res_val: 1.082e+00
adaptive_constant_ics_val: 1.221e+05
adaptive_constant_bcs1_val: 3.875e+03
It: 13300, Loss: 5.666e+02, loss_bcs: 6.294e-03, loss_ics: 1.134e-04, Loss_r: 4.883e+02, Time: 0.01
std_grad_res: 4.506e+02
std_grad_bcs: 1.258e-01
std_grad_ics: 3.995e-03
kurtosis_grad_res: 3.599e+02
kurtosis_grad_bcs: 4.876e+02
kurtosis_grad_ics: 3.020e+02
adaptive_constant_res_val: 1.082e+00
adaptive_constant_ics_val: 1.221e+05
adaptive_constant_bcs1_val: 3.875e+03
It: 13400, Loss: 1.468e+03, loss_bcs: 8.112e-03, loss_ics: 1.128e-04, Loss_r: 1.315e+03, Time: 0.01
std_grad_res: 4.506e+02
std_grad_bcs: 1.258e-01
std_grad_ics: 3.995e-03
kurtosis_grad_res: 3.599e+02
kurtosis_grad_bcs: 4.876e+02
kurtosis_grad_ics: 3.020e+02
adaptive_constant_res_val: 1.082e+00
adaptive_constant_ics_val: 1.221e+05
adaptive_constant_bcs1_val: 3.875e+03
It: 13500, Loss: 1.039e+03, loss_bcs: 8.311e-03, loss_ics: 1.274e-04, Loss_r: 9.163e+02, Time: 0.01
std_grad_res: 4.506e+02
std_grad_bcs: 1.258e-01
std_grad_ics: 3.995e-03
kurtosis_grad_res: 3.599e+02
kurtosis_grad_bcs: 4.876e+02
kurtosis_grad_ics: 3.020e+02
adaptive_constant_res_val: 1.082e+00
adaptive_constant_ics_val: 1.221e+05
adaptive_constant_bcs1_val: 3.875e+03
It: 13600, Loss: 5.249e+02, loss_bcs: 1.108e-02, loss_ics: 1.103e-04, Loss_r: 4.329e+02, Time: 0.01
std_grad_res: 4.506e+02
std_grad_bcs: 1.258e-01
std_grad_ics: 3.995e-03
kurtosis_grad_res: 3.599e+02
kurtosis_grad_bcs: 4.876e+02
kurtosis_grad_ics: 3.020e+02
adaptive_constant_res_val: 1.082e+00
adaptive_constant_ics_val: 1.221e+05
adaptive_constant_bcs1_val: 3.875e+03
It: 13700, Loss: 6.717e+02, loss_bcs: 8.015e-03, loss_ics: 1.041e-04, Loss_r: 5.803e+02, Time: 0.01
std_grad_res: 4.506e+02
std_grad_bcs: 1.258e-01
std_grad_ics: 3.995e-03
kurtosis_grad_res: 3.599e+02
kurtosis_grad_bcs: 4.876e+02
kurtosis_grad_ics: 3.020e+02
adaptive_constant_res_val: 1.082e+00
adaptive_constant_ics_val: 1.221e+05
adaptive_constant_bcs1_val: 3.875e+03
It: 13800, Loss: 7.654e+02, loss_bcs: 1.084e-02, loss_ics: 1.735e-04, Loss_r: 6.490e+02, Time: 0.01
std_grad_res: 4.506e+02
std_grad_bcs: 1.258e-01
std_grad_ics: 3.995e-03
kurtosis_grad_res: 3.599e+02
kurtosis_grad_bcs: 4.876e+02
kurtosis_grad_ics: 3.020e+02
adaptive_constant_res_val: 1.082e+00
adaptive_constant_ics_val: 1.221e+05
adaptive_constant_bcs1_val: 3.875e+03
It: 13900, Loss: 6.224e+02, loss_bcs: 1.309e-02, loss_ics: 9.574e-05, Loss_r: 5.175e+02, Time: 0.01
std_grad_res: 4.506e+02
std_grad_bcs: 1.258e-01
std_grad_ics: 3.995e-03
kurtosis_grad_res: 3.599e+02
kurtosis_grad_bcs: 4.876e+02
kurtosis_grad_ics: 3.020e+02
adaptive_constant_res_val: 1.082e+00
adaptive_constant_ics_val: 1.221e+05
adaptive_constant_bcs1_val: 3.875e+03
It: 14000, Loss: 5.630e+02, loss_bcs: 8.946e-03, loss_ics: 9.871e-05, Loss_r: 4.772e+02, Time: 0.01
std_grad_res: 4.506e+02
std_grad_bcs: 1.258e-01
std_grad_ics: 3.995e-03
kurtosis_grad_res: 3.599e+02
kurtosis_grad_bcs: 4.876e+02
kurtosis_grad_ics: 3.020e+02
adaptive_constant_res_val: 1.082e+00
adaptive_constant_ics_val: 1.221e+05
adaptive_constant_bcs1_val: 3.875e+03
It: 14100, Loss: 9.604e+02, loss_bcs: 9.276e-03, loss_ics: 1.959e-04, Loss_r: 8.322e+02, Time: 0.01
std_grad_res: 4.506e+02
std_grad_bcs: 1.258e-01
std_grad_ics: 3.995e-03
kurtosis_grad_res: 3.599e+02
kurtosis_grad_bcs: 4.876e+02
kurtosis_grad_ics: 3.020e+02
adaptive_constant_res_val: 1.082e+00
adaptive_constant_ics_val: 1.221e+05
adaptive_constant_bcs1_val: 3.875e+03
It: 14200, Loss: 8.137e+02, loss_bcs: 1.140e-02, loss_ics: 1.043e-04, Loss_r: 6.994e+02, Time: 0.01
std_grad_res: 4.506e+02
std_grad_bcs: 1.258e-01
std_grad_ics: 3.995e-03
kurtosis_grad_res: 3.599e+02
kurtosis_grad_bcs: 4.876e+02
kurtosis_grad_ics: 3.020e+02
adaptive_constant_res_val: 1.082e+00
adaptive_constant_ics_val: 1.221e+05
adaptive_constant_bcs1_val: 3.875e+03
It: 14300, Loss: 1.122e+03, loss_bcs: 9.081e-03, loss_ics: 1.016e-04, Loss_r: 9.931e+02, Time: 0.01
std_grad_res: 4.506e+02
std_grad_bcs: 1.258e-01
std_grad_ics: 3.995e-03
kurtosis_grad_res: 3.599e+02
kurtosis_grad_bcs: 4.876e+02
kurtosis_grad_ics: 3.020e+02
adaptive_constant_res_val: 1.082e+00
adaptive_constant_ics_val: 1.221e+05
adaptive_constant_bcs1_val: 3.875e+03
It: 14400, Loss: 1.063e+03, loss_bcs: 1.248e-02, loss_ics: 1.335e-04, Loss_r: 9.222e+02, Time: 0.02
std_grad_res: 4.506e+02
std_grad_bcs: 1.258e-01
std_grad_ics: 3.995e-03
kurtosis_grad_res: 3.599e+02
kurtosis_grad_bcs: 4.876e+02
kurtosis_grad_ics: 3.020e+02
adaptive_constant_res_val: 1.082e+00
adaptive_constant_ics_val: 1.221e+05
adaptive_constant_bcs1_val: 3.875e+03
It: 14500, Loss: 8.667e+02, loss_bcs: 1.063e-02, loss_ics: 7.181e-05, Loss_r: 7.548e+02, Time: 0.01
std_grad_res: 4.506e+02
std_grad_bcs: 1.258e-01
std_grad_ics: 3.995e-03
kurtosis_grad_res: 3.599e+02
kurtosis_grad_bcs: 4.876e+02
kurtosis_grad_ics: 3.020e+02
adaptive_constant_res_val: 1.082e+00
adaptive_constant_ics_val: 1.221e+05
adaptive_constant_bcs1_val: 3.875e+03
It: 14600, Loss: 5.367e+02, loss_bcs: 1.253e-02, loss_ics: 1.541e-04, Loss_r: 4.337e+02, Time: 0.01
std_grad_res: 4.506e+02
std_grad_bcs: 1.258e-01
std_grad_ics: 3.995e-03
kurtosis_grad_res: 3.599e+02
kurtosis_grad_bcs: 4.876e+02
kurtosis_grad_ics: 3.020e+02
adaptive_constant_res_val: 1.082e+00
adaptive_constant_ics_val: 1.221e+05
adaptive_constant_bcs1_val: 3.875e+03
It: 14700, Loss: 4.447e+02, loss_bcs: 9.474e-03, loss_ics: 9.018e-05, Loss_r: 3.669e+02, Time: 0.01
std_grad_res: 4.506e+02
std_grad_bcs: 1.258e-01
std_grad_ics: 3.995e-03
kurtosis_grad_res: 3.599e+02
kurtosis_grad_bcs: 4.876e+02
kurtosis_grad_ics: 3.020e+02
adaptive_constant_res_val: 1.082e+00
adaptive_constant_ics_val: 1.221e+05
adaptive_constant_bcs1_val: 3.875e+03
It: 14800, Loss: 1.303e+03, loss_bcs: 1.127e-02, loss_ics: 4.559e-05, Loss_r: 1.158e+03, Time: 0.03
std_grad_res: 4.506e+02
std_grad_bcs: 1.258e-01
std_grad_ics: 3.995e-03
kurtosis_grad_res: 3.599e+02
kurtosis_grad_bcs: 4.876e+02
kurtosis_grad_ics: 3.020e+02
adaptive_constant_res_val: 1.082e+00
adaptive_constant_ics_val: 1.221e+05
adaptive_constant_bcs1_val: 3.875e+03
It: 14900, Loss: 8.225e+02, loss_bcs: 1.222e-02, loss_ics: 4.477e-05, Loss_r: 7.113e+02, Time: 0.01
std_grad_res: 4.506e+02
std_grad_bcs: 1.258e-01
std_grad_ics: 3.995e-03
kurtosis_grad_res: 3.599e+02
kurtosis_grad_bcs: 4.876e+02
kurtosis_grad_ics: 3.020e+02
adaptive_constant_res_val: 1.082e+00
adaptive_constant_ics_val: 1.221e+05
adaptive_constant_bcs1_val: 3.875e+03
It: 15000, Loss: 6.597e+02, loss_bcs: 9.387e-03, loss_ics: 1.092e-04, Loss_r: 5.637e+02, Time: 0.01
std_grad_res: 4.506e+02
std_grad_bcs: 1.258e-01
std_grad_ics: 3.995e-03
kurtosis_grad_res: 3.599e+02
kurtosis_grad_bcs: 4.876e+02
kurtosis_grad_ics: 3.020e+02
adaptive_constant_res_val: 1.082e+00
adaptive_constant_ics_val: 1.221e+05
adaptive_constant_bcs1_val: 3.875e+03
It: 15100, Loss: 5.582e+02, loss_bcs: 1.280e-02, loss_ics: 3.728e-05, Loss_r: 4.658e+02, Time: 0.01
std_grad_res: 4.506e+02
std_grad_bcs: 1.258e-01
std_grad_ics: 3.995e-03
kurtosis_grad_res: 3.599e+02
kurtosis_grad_bcs: 4.876e+02
kurtosis_grad_ics: 3.020e+02
adaptive_constant_res_val: 1.082e+00
adaptive_constant_ics_val: 1.221e+05
adaptive_constant_bcs1_val: 3.875e+03
It: 15200, Loss: 4.726e+02, loss_bcs: 7.330e-03, loss_ics: 3.540e-05, Loss_r: 4.065e+02, Time: 0.01
std_grad_res: 4.506e+02
std_grad_bcs: 1.258e-01
std_grad_ics: 3.995e-03
kurtosis_grad_res: 3.599e+02
kurtosis_grad_bcs: 4.876e+02
kurtosis_grad_ics: 3.020e+02
adaptive_constant_res_val: 1.082e+00
adaptive_constant_ics_val: 1.221e+05
adaptive_constant_bcs1_val: 3.875e+03
It: 15300, Loss: 4.941e+02, loss_bcs: 8.124e-03, loss_ics: 8.357e-05, Loss_r: 4.181e+02, Time: 0.01
std_grad_res: 4.506e+02
std_grad_bcs: 1.258e-01
std_grad_ics: 3.995e-03
kurtosis_grad_res: 3.599e+02
kurtosis_grad_bcs: 4.876e+02
kurtosis_grad_ics: 3.020e+02
adaptive_constant_res_val: 1.082e+00
adaptive_constant_ics_val: 1.221e+05
adaptive_constant_bcs1_val: 3.875e+03
It: 15400, Loss: 8.422e+02, loss_bcs: 6.895e-03, loss_ics: 1.403e-04, Loss_r: 7.378e+02, Time: 0.01
std_grad_res: 4.506e+02
std_grad_bcs: 1.258e-01
std_grad_ics: 3.995e-03
kurtosis_grad_res: 3.599e+02
kurtosis_grad_bcs: 4.876e+02
kurtosis_grad_ics: 3.020e+02
adaptive_constant_res_val: 1.082e+00
adaptive_constant_ics_val: 1.221e+05
adaptive_constant_bcs1_val: 3.875e+03
It: 15500, Loss: 6.013e+02, loss_bcs: 8.712e-03, loss_ics: 1.126e-04, Loss_r: 5.117e+02, Time: 0.02
std_grad_res: 4.506e+02
std_grad_bcs: 1.258e-01
std_grad_ics: 3.995e-03
kurtosis_grad_res: 3.599e+02
kurtosis_grad_bcs: 4.876e+02
kurtosis_grad_ics: 3.020e+02
adaptive_constant_res_val: 1.082e+00
adaptive_constant_ics_val: 1.221e+05
adaptive_constant_bcs1_val: 3.875e+03
It: 15600, Loss: 5.732e+02, loss_bcs: 9.295e-03, loss_ics: 3.811e-05, Loss_r: 4.922e+02, Time: 0.01
std_grad_res: 4.506e+02
std_grad_bcs: 1.258e-01
std_grad_ics: 3.995e-03
kurtosis_grad_res: 3.599e+02
kurtosis_grad_bcs: 4.876e+02
kurtosis_grad_ics: 3.020e+02
adaptive_constant_res_val: 1.082e+00
adaptive_constant_ics_val: 1.221e+05
adaptive_constant_bcs1_val: 3.875e+03
It: 15700, Loss: 4.841e+02, loss_bcs: 6.523e-03, loss_ics: 1.065e-04, Loss_r: 4.120e+02, Time: 0.01
std_grad_res: 4.506e+02
std_grad_bcs: 1.258e-01
std_grad_ics: 3.995e-03
kurtosis_grad_res: 3.599e+02
kurtosis_grad_bcs: 4.876e+02
kurtosis_grad_ics: 3.020e+02
adaptive_constant_res_val: 1.082e+00
adaptive_constant_ics_val: 1.221e+05
adaptive_constant_bcs1_val: 3.875e+03
It: 15800, Loss: 7.091e+02, loss_bcs: 8.932e-03, loss_ics: 3.309e-05, Loss_r: 6.196e+02, Time: 0.01
std_grad_res: 4.506e+02
std_grad_bcs: 1.258e-01
std_grad_ics: 3.995e-03
kurtosis_grad_res: 3.599e+02
kurtosis_grad_bcs: 4.876e+02
kurtosis_grad_ics: 3.020e+02
adaptive_constant_res_val: 1.082e+00
adaptive_constant_ics_val: 1.221e+05
adaptive_constant_bcs1_val: 3.875e+03
It: 15900, Loss: 6.809e+02, loss_bcs: 6.756e-03, loss_ics: 3.075e-04, Loss_r: 5.704e+02, Time: 0.01
std_grad_res: 4.506e+02
std_grad_bcs: 1.258e-01
std_grad_ics: 3.995e-03
kurtosis_grad_res: 3.599e+02
kurtosis_grad_bcs: 4.876e+02
kurtosis_grad_ics: 3.020e+02
adaptive_constant_res_val: 1.082e+00
adaptive_constant_ics_val: 1.221e+05
adaptive_constant_bcs1_val: 3.875e+03
It: 16000, Loss: 4.601e+02, loss_bcs: 7.390e-03, loss_ics: 8.254e-05, Loss_r: 3.894e+02, Time: 0.01
std_grad_res: 4.506e+02
std_grad_bcs: 1.258e-01
std_grad_ics: 3.995e-03
kurtosis_grad_res: 3.599e+02
kurtosis_grad_bcs: 4.876e+02
kurtosis_grad_ics: 3.020e+02
adaptive_constant_res_val: 1.082e+00
adaptive_constant_ics_val: 1.221e+05
adaptive_constant_bcs1_val: 3.875e+03
It: 16100, Loss: 4.732e+02, loss_bcs: 6.480e-03, loss_ics: 7.415e-05, Loss_r: 4.058e+02, Time: 0.01
std_grad_res: 4.506e+02
std_grad_bcs: 1.258e-01
std_grad_ics: 3.995e-03
kurtosis_grad_res: 3.599e+02
kurtosis_grad_bcs: 4.876e+02
kurtosis_grad_ics: 3.020e+02
adaptive_constant_res_val: 1.082e+00
adaptive_constant_ics_val: 1.221e+05
adaptive_constant_bcs1_val: 3.875e+03
It: 16200, Loss: 2.684e+02, loss_bcs: 7.607e-03, loss_ics: 3.897e-05, Loss_r: 2.164e+02, Time: 0.01
std_grad_res: 4.506e+02
std_grad_bcs: 1.258e-01
std_grad_ics: 3.995e-03
kurtosis_grad_res: 3.599e+02
kurtosis_grad_bcs: 4.876e+02
kurtosis_grad_ics: 3.020e+02
adaptive_constant_res_val: 1.082e+00
adaptive_constant_ics_val: 1.221e+05
adaptive_constant_bcs1_val: 3.875e+03
It: 16300, Loss: 3.303e+02, loss_bcs: 7.999e-03, loss_ics: 3.310e-05, Loss_r: 2.728e+02, Time: 0.01
std_grad_res: 4.506e+02
std_grad_bcs: 1.258e-01
std_grad_ics: 3.995e-03
kurtosis_grad_res: 3.599e+02
kurtosis_grad_bcs: 4.876e+02
kurtosis_grad_ics: 3.020e+02
adaptive_constant_res_val: 1.082e+00
adaptive_constant_ics_val: 1.221e+05
adaptive_constant_bcs1_val: 3.875e+03
It: 16400, Loss: 2.418e+02, loss_bcs: 5.382e-03, loss_ics: 4.312e-05, Loss_r: 1.993e+02, Time: 0.01
std_grad_res: 4.506e+02
std_grad_bcs: 1.258e-01
std_grad_ics: 3.995e-03
kurtosis_grad_res: 3.599e+02
kurtosis_grad_bcs: 4.876e+02
kurtosis_grad_ics: 3.020e+02
adaptive_constant_res_val: 1.082e+00
adaptive_constant_ics_val: 1.221e+05
adaptive_constant_bcs1_val: 3.875e+03
It: 16500, Loss: 4.700e+02, loss_bcs: 6.179e-03, loss_ics: 9.277e-05, Loss_r: 4.018e+02, Time: 0.01
std_grad_res: 4.506e+02
std_grad_bcs: 1.258e-01
std_grad_ics: 3.995e-03
kurtosis_grad_res: 3.599e+02
kurtosis_grad_bcs: 4.876e+02
kurtosis_grad_ics: 3.020e+02
adaptive_constant_res_val: 1.082e+00
adaptive_constant_ics_val: 1.221e+05
adaptive_constant_bcs1_val: 3.875e+03
It: 16600, Loss: 3.311e+02, loss_bcs: 6.100e-03, loss_ics: 7.282e-05, Loss_r: 2.759e+02, Time: 0.01
std_grad_res: 4.506e+02
std_grad_bcs: 1.258e-01
std_grad_ics: 3.995e-03
kurtosis_grad_res: 3.599e+02
kurtosis_grad_bcs: 4.876e+02
kurtosis_grad_ics: 3.020e+02
adaptive_constant_res_val: 1.082e+00
adaptive_constant_ics_val: 1.221e+05
adaptive_constant_bcs1_val: 3.875e+03
It: 16700, Loss: 5.156e+02, loss_bcs: 7.113e-03, loss_ics: 5.567e-05, Loss_r: 4.447e+02, Time: 0.01
std_grad_res: 4.506e+02
std_grad_bcs: 1.258e-01
std_grad_ics: 3.995e-03
kurtosis_grad_res: 3.599e+02
kurtosis_grad_bcs: 4.876e+02
kurtosis_grad_ics: 3.020e+02
adaptive_constant_res_val: 1.082e+00
adaptive_constant_ics_val: 1.221e+05
adaptive_constant_bcs1_val: 3.875e+03
It: 16800, Loss: 4.221e+02, loss_bcs: 5.787e-03, loss_ics: 6.831e-05, Loss_r: 3.617e+02, Time: 0.01
std_grad_res: 4.506e+02
std_grad_bcs: 1.258e-01
std_grad_ics: 3.995e-03
kurtosis_grad_res: 3.599e+02
kurtosis_grad_bcs: 4.876e+02
kurtosis_grad_ics: 3.020e+02
adaptive_constant_res_val: 1.082e+00
adaptive_constant_ics_val: 1.221e+05
adaptive_constant_bcs1_val: 3.875e+03
It: 16900, Loss: 4.213e+02, loss_bcs: 6.025e-03, loss_ics: 4.827e-05, Loss_r: 3.623e+02, Time: 0.02
std_grad_res: 4.506e+02
std_grad_bcs: 1.258e-01
std_grad_ics: 3.995e-03
kurtosis_grad_res: 3.599e+02
kurtosis_grad_bcs: 4.876e+02
kurtosis_grad_ics: 3.020e+02
adaptive_constant_res_val: 1.082e+00
adaptive_constant_ics_val: 1.221e+05
adaptive_constant_bcs1_val: 3.875e+03
It: 17000, Loss: 4.533e+02, loss_bcs: 8.132e-03, loss_ics: 3.690e-05, Loss_r: 3.857e+02, Time: 0.01
std_grad_res: 4.506e+02
std_grad_bcs: 1.258e-01
std_grad_ics: 3.995e-03
kurtosis_grad_res: 3.599e+02
kurtosis_grad_bcs: 4.876e+02
kurtosis_grad_ics: 3.020e+02
adaptive_constant_res_val: 1.082e+00
adaptive_constant_ics_val: 1.221e+05
adaptive_constant_bcs1_val: 3.875e+03
It: 17100, Loss: 3.564e+02, loss_bcs: 6.124e-03, loss_ics: 5.666e-05, Loss_r: 3.010e+02, Time: 0.02
std_grad_res: 4.506e+02
std_grad_bcs: 1.258e-01
std_grad_ics: 3.995e-03
kurtosis_grad_res: 3.599e+02
kurtosis_grad_bcs: 4.876e+02
kurtosis_grad_ics: 3.020e+02
adaptive_constant_res_val: 1.082e+00
adaptive_constant_ics_val: 1.221e+05
adaptive_constant_bcs1_val: 3.875e+03
It: 17200, Loss: 3.690e+02, loss_bcs: 5.874e-03, loss_ics: 8.479e-05, Loss_r: 3.105e+02, Time: 0.01
std_grad_res: 4.506e+02
std_grad_bcs: 1.258e-01
std_grad_ics: 3.995e-03
kurtosis_grad_res: 3.599e+02
kurtosis_grad_bcs: 4.876e+02
kurtosis_grad_ics: 3.020e+02
adaptive_constant_res_val: 1.082e+00
adaptive_constant_ics_val: 1.221e+05
adaptive_constant_bcs1_val: 3.875e+03
It: 17300, Loss: 2.834e+02, loss_bcs: 3.835e-03, loss_ics: 3.700e-05, Loss_r: 2.440e+02, Time: 0.01
std_grad_res: 4.506e+02
std_grad_bcs: 1.258e-01
std_grad_ics: 3.995e-03
kurtosis_grad_res: 3.599e+02
kurtosis_grad_bcs: 4.876e+02
kurtosis_grad_ics: 3.020e+02
adaptive_constant_res_val: 1.082e+00
adaptive_constant_ics_val: 1.221e+05
adaptive_constant_bcs1_val: 3.875e+03
It: 17400, Loss: 1.905e+02, loss_bcs: 5.408e-03, loss_ics: 5.722e-05, Loss_r: 1.502e+02, Time: 0.01
std_grad_res: 4.506e+02
std_grad_bcs: 1.258e-01
std_grad_ics: 3.995e-03
kurtosis_grad_res: 3.599e+02
kurtosis_grad_bcs: 4.876e+02
kurtosis_grad_ics: 3.020e+02
adaptive_constant_res_val: 1.082e+00
adaptive_constant_ics_val: 1.221e+05
adaptive_constant_bcs1_val: 3.875e+03
It: 17500, Loss: 3.541e+02, loss_bcs: 7.020e-03, loss_ics: 8.566e-05, Loss_r: 2.924e+02, Time: 0.01
std_grad_res: 4.506e+02
std_grad_bcs: 1.258e-01
std_grad_ics: 3.995e-03
kurtosis_grad_res: 3.599e+02
kurtosis_grad_bcs: 4.876e+02
kurtosis_grad_ics: 3.020e+02
adaptive_constant_res_val: 1.082e+00
adaptive_constant_ics_val: 1.221e+05
adaptive_constant_bcs1_val: 3.875e+03
It: 17600, Loss: 4.350e+02, loss_bcs: 5.705e-03, loss_ics: 5.095e-05, Loss_r: 3.759e+02, Time: 0.02
std_grad_res: 4.506e+02
std_grad_bcs: 1.258e-01
std_grad_ics: 3.995e-03
kurtosis_grad_res: 3.599e+02
kurtosis_grad_bcs: 4.876e+02
kurtosis_grad_ics: 3.020e+02
adaptive_constant_res_val: 1.082e+00
adaptive_constant_ics_val: 1.221e+05
adaptive_constant_bcs1_val: 3.875e+03
It: 17700, Loss: 1.620e+02, loss_bcs: 6.947e-03, loss_ics: 3.166e-05, Loss_r: 1.213e+02, Time: 0.01
std_grad_res: 4.506e+02
std_grad_bcs: 1.258e-01
std_grad_ics: 3.995e-03
kurtosis_grad_res: 3.599e+02
kurtosis_grad_bcs: 4.876e+02
kurtosis_grad_ics: 3.020e+02
adaptive_constant_res_val: 1.082e+00
adaptive_constant_ics_val: 1.221e+05
adaptive_constant_bcs1_val: 3.875e+03
It: 17800, Loss: 2.444e+02, loss_bcs: 4.548e-03, loss_ics: 5.930e-05, Loss_r: 2.029e+02, Time: 0.01
std_grad_res: 4.506e+02
std_grad_bcs: 1.258e-01
std_grad_ics: 3.995e-03
kurtosis_grad_res: 3.599e+02
kurtosis_grad_bcs: 4.876e+02
kurtosis_grad_ics: 3.020e+02
adaptive_constant_res_val: 1.082e+00
adaptive_constant_ics_val: 1.221e+05
adaptive_constant_bcs1_val: 3.875e+03
It: 17900, Loss: 1.823e+05, loss_bcs: 4.848e-02, loss_ics: 1.482e+00, Loss_r: 1.173e+03, Time: 0.01
std_grad_res: 4.506e+02
std_grad_bcs: 1.258e-01
std_grad_ics: 3.995e-03
kurtosis_grad_res: 3.599e+02
kurtosis_grad_bcs: 4.876e+02
kurtosis_grad_ics: 3.020e+02
adaptive_constant_res_val: 1.082e+00
adaptive_constant_ics_val: 1.221e+05
adaptive_constant_bcs1_val: 3.875e+03
It: 18000, Loss: 3.607e+03, loss_bcs: 7.049e-02, loss_ics: 1.316e-03, Loss_r: 2.933e+03, Time: 0.01
std_grad_res: 4.506e+02
std_grad_bcs: 1.258e-01
std_grad_ics: 3.995e-03
kurtosis_grad_res: 3.599e+02
kurtosis_grad_bcs: 4.876e+02
kurtosis_grad_ics: 3.020e+02
adaptive_constant_res_val: 1.082e+00
adaptive_constant_ics_val: 1.221e+05
adaptive_constant_bcs1_val: 3.875e+03
It: 18100, Loss: 4.432e+03, loss_bcs: 5.100e-02, loss_ics: 9.082e-04, Loss_r: 3.811e+03, Time: 0.01
std_grad_res: 4.506e+02
std_grad_bcs: 1.258e-01
std_grad_ics: 3.995e-03
kurtosis_grad_res: 3.599e+02
kurtosis_grad_bcs: 4.876e+02
kurtosis_grad_ics: 3.020e+02
adaptive_constant_res_val: 1.082e+00
adaptive_constant_ics_val: 1.221e+05
adaptive_constant_bcs1_val: 3.875e+03
It: 18200, Loss: 3.091e+03, loss_bcs: 3.643e-02, loss_ics: 6.810e-04, Loss_r: 2.649e+03, Time: 0.01
std_grad_res: 4.506e+02
std_grad_bcs: 1.258e-01
std_grad_ics: 3.995e-03
kurtosis_grad_res: 3.599e+02
kurtosis_grad_bcs: 4.876e+02
kurtosis_grad_ics: 3.020e+02
adaptive_constant_res_val: 1.082e+00
adaptive_constant_ics_val: 1.221e+05
adaptive_constant_bcs1_val: 3.875e+03
It: 18300, Loss: 5.573e+03, loss_bcs: 3.339e-02, loss_ics: 8.661e-04, Loss_r: 4.933e+03, Time: 0.02
std_grad_res: 4.506e+02
std_grad_bcs: 1.258e-01
std_grad_ics: 3.995e-03
kurtosis_grad_res: 3.599e+02
kurtosis_grad_bcs: 4.876e+02
kurtosis_grad_ics: 3.020e+02
adaptive_constant_res_val: 1.082e+00
adaptive_constant_ics_val: 1.221e+05
adaptive_constant_bcs1_val: 3.875e+03
It: 18400, Loss: 3.156e+03, loss_bcs: 2.451e-02, loss_ics: 3.872e-04, Loss_r: 2.785e+03, Time: 0.01
std_grad_res: 4.506e+02
std_grad_bcs: 1.258e-01
std_grad_ics: 3.995e-03
kurtosis_grad_res: 3.599e+02
kurtosis_grad_bcs: 4.876e+02
kurtosis_grad_ics: 3.020e+02
adaptive_constant_res_val: 1.082e+00
adaptive_constant_ics_val: 1.221e+05
adaptive_constant_bcs1_val: 3.875e+03
It: 18500, Loss: 3.381e+03, loss_bcs: 2.289e-02, loss_ics: 6.627e-04, Loss_r: 2.968e+03, Time: 0.01
std_grad_res: 4.506e+02
std_grad_bcs: 1.258e-01
std_grad_ics: 3.995e-03
kurtosis_grad_res: 3.599e+02
kurtosis_grad_bcs: 4.876e+02
kurtosis_grad_ics: 3.020e+02
adaptive_constant_res_val: 1.082e+00
adaptive_constant_ics_val: 1.221e+05
adaptive_constant_bcs1_val: 3.875e+03
It: 18600, Loss: 2.511e+03, loss_bcs: 1.587e-02, loss_ics: 4.859e-04, Loss_r: 2.209e+03, Time: 0.02
std_grad_res: 4.506e+02
std_grad_bcs: 1.258e-01
std_grad_ics: 3.995e-03
kurtosis_grad_res: 3.599e+02
kurtosis_grad_bcs: 4.876e+02
kurtosis_grad_ics: 3.020e+02
adaptive_constant_res_val: 1.082e+00
adaptive_constant_ics_val: 1.221e+05
adaptive_constant_bcs1_val: 3.875e+03
It: 18700, Loss: 2.683e+03, loss_bcs: 2.075e-02, loss_ics: 2.098e-04, Loss_r: 2.382e+03, Time: 0.01
std_grad_res: 4.506e+02
std_grad_bcs: 1.258e-01
std_grad_ics: 3.995e-03
kurtosis_grad_res: 3.599e+02
kurtosis_grad_bcs: 4.876e+02
kurtosis_grad_ics: 3.020e+02
adaptive_constant_res_val: 1.082e+00
adaptive_constant_ics_val: 1.221e+05
adaptive_constant_bcs1_val: 3.875e+03
It: 18800, Loss: 4.237e+03, loss_bcs: 2.010e-02, loss_ics: 2.996e-04, Loss_r: 3.810e+03, Time: 0.01
std_grad_res: 4.506e+02
std_grad_bcs: 1.258e-01
std_grad_ics: 3.995e-03
kurtosis_grad_res: 3.599e+02
kurtosis_grad_bcs: 4.876e+02
kurtosis_grad_ics: 3.020e+02
adaptive_constant_res_val: 1.082e+00
adaptive_constant_ics_val: 1.221e+05
adaptive_constant_bcs1_val: 3.875e+03
It: 18900, Loss: 2.280e+03, loss_bcs: 1.812e-02, loss_ics: 3.269e-04, Loss_r: 2.005e+03, Time: 0.01
std_grad_res: 4.506e+02
std_grad_bcs: 1.258e-01
std_grad_ics: 3.995e-03
kurtosis_grad_res: 3.599e+02
kurtosis_grad_bcs: 4.876e+02
kurtosis_grad_ics: 3.020e+02
adaptive_constant_res_val: 1.082e+00
adaptive_constant_ics_val: 1.221e+05
adaptive_constant_bcs1_val: 3.875e+03
It: 19000, Loss: 1.497e+03, loss_bcs: 1.570e-02, loss_ics: 3.928e-04, Loss_r: 1.283e+03, Time: 0.01
std_grad_res: 4.506e+02
std_grad_bcs: 1.258e-01
std_grad_ics: 3.995e-03
kurtosis_grad_res: 3.599e+02
kurtosis_grad_bcs: 4.876e+02
kurtosis_grad_ics: 3.020e+02
adaptive_constant_res_val: 1.082e+00
adaptive_constant_ics_val: 1.221e+05
adaptive_constant_bcs1_val: 3.875e+03
It: 19100, Loss: 1.369e+03, loss_bcs: 1.513e-02, loss_ics: 2.058e-04, Loss_r: 1.188e+03, Time: 0.01
std_grad_res: 4.506e+02
std_grad_bcs: 1.258e-01
std_grad_ics: 3.995e-03
kurtosis_grad_res: 3.599e+02
kurtosis_grad_bcs: 4.876e+02
kurtosis_grad_ics: 3.020e+02
adaptive_constant_res_val: 1.082e+00
adaptive_constant_ics_val: 1.221e+05
adaptive_constant_bcs1_val: 3.875e+03
It: 19200, Loss: 1.814e+03, loss_bcs: 1.335e-02, loss_ics: 1.644e-04, Loss_r: 1.610e+03, Time: 0.02
std_grad_res: 4.506e+02
std_grad_bcs: 1.258e-01
std_grad_ics: 3.995e-03
kurtosis_grad_res: 3.599e+02
kurtosis_grad_bcs: 4.876e+02
kurtosis_grad_ics: 3.020e+02
adaptive_constant_res_val: 1.082e+00
adaptive_constant_ics_val: 1.221e+05
adaptive_constant_bcs1_val: 3.875e+03
It: 19300, Loss: 2.354e+03, loss_bcs: 1.384e-02, loss_ics: 1.469e-04, Loss_r: 2.109e+03, Time: 0.02
std_grad_res: 4.506e+02
std_grad_bcs: 1.258e-01
std_grad_ics: 3.995e-03
kurtosis_grad_res: 3.599e+02
kurtosis_grad_bcs: 4.876e+02
kurtosis_grad_ics: 3.020e+02
adaptive_constant_res_val: 1.082e+00
adaptive_constant_ics_val: 1.221e+05
adaptive_constant_bcs1_val: 3.875e+03
It: 19400, Loss: 1.252e+03, loss_bcs: 1.709e-02, loss_ics: 2.870e-04, Loss_r: 1.063e+03, Time: 0.01
std_grad_res: 4.506e+02
std_grad_bcs: 1.258e-01
std_grad_ics: 3.995e-03
kurtosis_grad_res: 3.599e+02
kurtosis_grad_bcs: 4.876e+02
kurtosis_grad_ics: 3.020e+02
adaptive_constant_res_val: 1.082e+00
adaptive_constant_ics_val: 1.221e+05
adaptive_constant_bcs1_val: 3.875e+03
It: 19500, Loss: 1.799e+03, loss_bcs: 1.367e-02, loss_ics: 7.041e-05, Loss_r: 1.606e+03, Time: 0.01
std_grad_res: 4.506e+02
std_grad_bcs: 1.258e-01
std_grad_ics: 3.995e-03
kurtosis_grad_res: 3.599e+02
kurtosis_grad_bcs: 4.876e+02
kurtosis_grad_ics: 3.020e+02
adaptive_constant_res_val: 1.082e+00
adaptive_constant_ics_val: 1.221e+05
adaptive_constant_bcs1_val: 3.875e+03
It: 19600, Loss: 1.527e+03, loss_bcs: 1.456e-02, loss_ics: 1.893e-04, Loss_r: 1.338e+03, Time: 0.01
std_grad_res: 4.506e+02
std_grad_bcs: 1.258e-01
std_grad_ics: 3.995e-03
kurtosis_grad_res: 3.599e+02
kurtosis_grad_bcs: 4.876e+02
kurtosis_grad_ics: 3.020e+02
adaptive_constant_res_val: 1.082e+00
adaptive_constant_ics_val: 1.221e+05
adaptive_constant_bcs1_val: 3.875e+03
It: 19700, Loss: 1.397e+03, loss_bcs: 1.793e-02, loss_ics: 5.544e-05, Loss_r: 1.221e+03, Time: 0.01
std_grad_res: 4.506e+02
std_grad_bcs: 1.258e-01
std_grad_ics: 3.995e-03
kurtosis_grad_res: 3.599e+02
kurtosis_grad_bcs: 4.876e+02
kurtosis_grad_ics: 3.020e+02
adaptive_constant_res_val: 1.082e+00
adaptive_constant_ics_val: 1.221e+05
adaptive_constant_bcs1_val: 3.875e+03
It: 19800, Loss: 1.111e+03, loss_bcs: 1.179e-02, loss_ics: 7.412e-05, Loss_r: 9.758e+02, Time: 0.02
std_grad_res: 4.506e+02
std_grad_bcs: 1.258e-01
std_grad_ics: 3.995e-03
kurtosis_grad_res: 3.599e+02
kurtosis_grad_bcs: 4.876e+02
kurtosis_grad_ics: 3.020e+02
adaptive_constant_res_val: 1.082e+00
adaptive_constant_ics_val: 1.221e+05
adaptive_constant_bcs1_val: 3.875e+03
It: 19900, Loss: 1.582e+03, loss_bcs: 1.012e-02, loss_ics: 7.342e-05, Loss_r: 1.417e+03, Time: 0.01
std_grad_res: 4.506e+02
std_grad_bcs: 1.258e-01
std_grad_ics: 3.995e-03
kurtosis_grad_res: 3.599e+02
kurtosis_grad_bcs: 4.876e+02
kurtosis_grad_ics: 3.020e+02
adaptive_constant_res_val: 1.082e+00
adaptive_constant_ics_val: 1.221e+05
adaptive_constant_bcs1_val: 3.875e+03
It: 20000, Loss: 8.189e+02, loss_bcs: 1.144e-02, loss_ics: 1.031e-04, Loss_r: 7.042e+02, Time: 0.01
std_grad_res: 4.506e+02
std_grad_bcs: 1.258e-01
std_grad_ics: 3.995e-03
kurtosis_grad_res: 3.599e+02
kurtosis_grad_bcs: 4.876e+02
kurtosis_grad_ics: 3.020e+02
adaptive_constant_res_val: 1.082e+00
adaptive_constant_ics_val: 1.221e+05
adaptive_constant_bcs1_val: 3.875e+03
It: 20100, Loss: 6.759e+02, loss_bcs: 7.115e-03, loss_ics: 7.924e-05, Loss_r: 5.903e+02, Time: 0.01
std_grad_res: 4.506e+02
std_grad_bcs: 1.258e-01
std_grad_ics: 3.995e-03
kurtosis_grad_res: 3.599e+02
kurtosis_grad_bcs: 4.876e+02
kurtosis_grad_ics: 3.020e+02
adaptive_constant_res_val: 1.082e+00
adaptive_constant_ics_val: 1.221e+05
adaptive_constant_bcs1_val: 3.875e+03
It: 20200, Loss: 1.510e+03, loss_bcs: 6.860e-03, loss_ics: 1.309e-04, Loss_r: 1.356e+03, Time: 0.01
std_grad_res: 4.506e+02
std_grad_bcs: 1.258e-01
std_grad_ics: 3.995e-03
kurtosis_grad_res: 3.599e+02
kurtosis_grad_bcs: 4.876e+02
kurtosis_grad_ics: 3.020e+02
adaptive_constant_res_val: 1.082e+00
adaptive_constant_ics_val: 1.221e+05
adaptive_constant_bcs1_val: 3.875e+03
It: 20300, Loss: 4.419e+02, loss_bcs: 8.356e-03, loss_ics: 1.401e-04, Loss_r: 3.626e+02, Time: 0.01
std_grad_res: 4.506e+02
std_grad_bcs: 1.258e-01
std_grad_ics: 3.995e-03
kurtosis_grad_res: 3.599e+02
kurtosis_grad_bcs: 4.876e+02
kurtosis_grad_ics: 3.020e+02
adaptive_constant_res_val: 1.082e+00
adaptive_constant_ics_val: 1.221e+05
adaptive_constant_bcs1_val: 3.875e+03
It: 20400, Loss: 9.149e+02, loss_bcs: 7.878e-03, loss_ics: 1.237e-04, Loss_r: 8.034e+02, Time: 0.01
std_grad_res: 4.506e+02
std_grad_bcs: 1.258e-01
std_grad_ics: 3.995e-03
kurtosis_grad_res: 3.599e+02
kurtosis_grad_bcs: 4.876e+02
kurtosis_grad_ics: 3.020e+02
adaptive_constant_res_val: 1.082e+00
adaptive_constant_ics_val: 1.221e+05
adaptive_constant_bcs1_val: 3.875e+03
It: 20500, Loss: 5.295e+02, loss_bcs: 9.571e-03, loss_ics: 6.326e-05, Loss_r: 4.479e+02, Time: 0.01
std_grad_res: 4.506e+02
std_grad_bcs: 1.258e-01
std_grad_ics: 3.995e-03
kurtosis_grad_res: 3.599e+02
kurtosis_grad_bcs: 4.876e+02
kurtosis_grad_ics: 3.020e+02
adaptive_constant_res_val: 1.082e+00
adaptive_constant_ics_val: 1.221e+05
adaptive_constant_bcs1_val: 3.875e+03
It: 20600, Loss: 7.370e+02, loss_bcs: 5.876e-03, loss_ics: 9.684e-05, Loss_r: 6.491e+02, Time: 0.01
std_grad_res: 4.506e+02
std_grad_bcs: 1.258e-01
std_grad_ics: 3.995e-03
kurtosis_grad_res: 3.599e+02
kurtosis_grad_bcs: 4.876e+02
kurtosis_grad_ics: 3.020e+02
adaptive_constant_res_val: 1.082e+00
adaptive_constant_ics_val: 1.221e+05
adaptive_constant_bcs1_val: 3.875e+03
It: 20700, Loss: 7.366e+02, loss_bcs: 7.144e-03, loss_ics: 5.980e-05, Loss_r: 6.484e+02, Time: 0.01
std_grad_res: 4.506e+02
std_grad_bcs: 1.258e-01
std_grad_ics: 3.995e-03
kurtosis_grad_res: 3.599e+02
kurtosis_grad_bcs: 4.876e+02
kurtosis_grad_ics: 3.020e+02
adaptive_constant_res_val: 1.082e+00
adaptive_constant_ics_val: 1.221e+05
adaptive_constant_bcs1_val: 3.875e+03
It: 20800, Loss: 5.648e+02, loss_bcs: 8.785e-03, loss_ics: 7.108e-05, Loss_r: 4.825e+02, Time: 0.01
std_grad_res: 4.506e+02
std_grad_bcs: 1.258e-01
std_grad_ics: 3.995e-03
kurtosis_grad_res: 3.599e+02
kurtosis_grad_bcs: 4.876e+02
kurtosis_grad_ics: 3.020e+02
adaptive_constant_res_val: 1.082e+00
adaptive_constant_ics_val: 1.221e+05
adaptive_constant_bcs1_val: 3.875e+03
It: 20900, Loss: 6.187e+02, loss_bcs: 8.723e-03, loss_ics: 9.107e-05, Loss_r: 5.303e+02, Time: 0.02
std_grad_res: 4.506e+02
std_grad_bcs: 1.258e-01
std_grad_ics: 3.995e-03
kurtosis_grad_res: 3.599e+02
kurtosis_grad_bcs: 4.876e+02
kurtosis_grad_ics: 3.020e+02
adaptive_constant_res_val: 1.082e+00
adaptive_constant_ics_val: 1.221e+05
adaptive_constant_bcs1_val: 3.875e+03
It: 21000, Loss: 6.414e+02, loss_bcs: 7.480e-03, loss_ics: 3.560e-05, Loss_r: 5.619e+02, Time: 0.02
std_grad_res: 4.506e+02
std_grad_bcs: 1.258e-01
std_grad_ics: 3.995e-03
kurtosis_grad_res: 3.599e+02
kurtosis_grad_bcs: 4.876e+02
kurtosis_grad_ics: 3.020e+02
adaptive_constant_res_val: 1.082e+00
adaptive_constant_ics_val: 1.221e+05
adaptive_constant_bcs1_val: 3.875e+03
It: 21100, Loss: 2.168e+02, loss_bcs: 6.208e-03, loss_ics: 6.050e-05, Loss_r: 1.713e+02, Time: 0.01
std_grad_res: 4.506e+02
std_grad_bcs: 1.258e-01
std_grad_ics: 3.995e-03
kurtosis_grad_res: 3.599e+02
kurtosis_grad_bcs: 4.876e+02
kurtosis_grad_ics: 3.020e+02
adaptive_constant_res_val: 1.082e+00
adaptive_constant_ics_val: 1.221e+05
adaptive_constant_bcs1_val: 3.875e+03
It: 21200, Loss: 3.530e+02, loss_bcs: 7.353e-03, loss_ics: 8.491e-05, Loss_r: 2.903e+02, Time: 0.01
std_grad_res: 4.506e+02
std_grad_bcs: 1.258e-01
std_grad_ics: 3.995e-03
kurtosis_grad_res: 3.599e+02
kurtosis_grad_bcs: 4.876e+02
kurtosis_grad_ics: 3.020e+02
adaptive_constant_res_val: 1.082e+00
adaptive_constant_ics_val: 1.221e+05
adaptive_constant_bcs1_val: 3.875e+03
It: 21300, Loss: 2.593e+02, loss_bcs: 8.452e-03, loss_ics: 8.010e-05, Loss_r: 2.003e+02, Time: 0.01
std_grad_res: 4.506e+02
std_grad_bcs: 1.258e-01
std_grad_ics: 3.995e-03
kurtosis_grad_res: 3.599e+02
kurtosis_grad_bcs: 4.876e+02
kurtosis_grad_ics: 3.020e+02
adaptive_constant_res_val: 1.082e+00
adaptive_constant_ics_val: 1.221e+05
adaptive_constant_bcs1_val: 3.875e+03
It: 21400, Loss: 2.562e+02, loss_bcs: 9.168e-03, loss_ics: 3.649e-05, Loss_r: 1.998e+02, Time: 0.01
std_grad_res: 4.506e+02
std_grad_bcs: 1.258e-01
std_grad_ics: 3.995e-03
kurtosis_grad_res: 3.599e+02
kurtosis_grad_bcs: 4.876e+02
kurtosis_grad_ics: 3.020e+02
adaptive_constant_res_val: 1.082e+00
adaptive_constant_ics_val: 1.221e+05
adaptive_constant_bcs1_val: 3.875e+03
It: 21500, Loss: 2.598e+02, loss_bcs: 6.792e-03, loss_ics: 5.930e-05, Loss_r: 2.091e+02, Time: 0.02
std_grad_res: 4.506e+02
std_grad_bcs: 1.258e-01
std_grad_ics: 3.995e-03
kurtosis_grad_res: 3.599e+02
kurtosis_grad_bcs: 4.876e+02
kurtosis_grad_ics: 3.020e+02
adaptive_constant_res_val: 1.082e+00
adaptive_constant_ics_val: 1.221e+05
adaptive_constant_bcs1_val: 3.875e+03
It: 21600, Loss: 5.025e+02, loss_bcs: 6.188e-03, loss_ics: 6.435e-05, Loss_r: 4.350e+02, Time: 0.02
std_grad_res: 4.506e+02
std_grad_bcs: 1.258e-01
std_grad_ics: 3.995e-03
kurtosis_grad_res: 3.599e+02
kurtosis_grad_bcs: 4.876e+02
kurtosis_grad_ics: 3.020e+02
adaptive_constant_res_val: 1.082e+00
adaptive_constant_ics_val: 1.221e+05
adaptive_constant_bcs1_val: 3.875e+03
It: 21700, Loss: 4.681e+02, loss_bcs: 5.967e-03, loss_ics: 9.109e-05, Loss_r: 4.010e+02, Time: 0.01
std_grad_res: 4.506e+02
std_grad_bcs: 1.258e-01
std_grad_ics: 3.995e-03
kurtosis_grad_res: 3.599e+02
kurtosis_grad_bcs: 4.876e+02
kurtosis_grad_ics: 3.020e+02
adaptive_constant_res_val: 1.082e+00
adaptive_constant_ics_val: 1.221e+05
adaptive_constant_bcs1_val: 3.875e+03
It: 21800, Loss: 2.123e+02, loss_bcs: 7.090e-03, loss_ics: 6.414e-05, Loss_r: 1.635e+02, Time: 0.01
std_grad_res: 4.506e+02
std_grad_bcs: 1.258e-01
std_grad_ics: 3.995e-03
kurtosis_grad_res: 3.599e+02
kurtosis_grad_bcs: 4.876e+02
kurtosis_grad_ics: 3.020e+02
adaptive_constant_res_val: 1.082e+00
adaptive_constant_ics_val: 1.221e+05
adaptive_constant_bcs1_val: 3.875e+03
It: 21900, Loss: 3.099e+02, loss_bcs: 6.492e-03, loss_ics: 6.274e-05, Loss_r: 2.560e+02, Time: 0.01
std_grad_res: 4.506e+02
std_grad_bcs: 1.258e-01
std_grad_ics: 3.995e-03
kurtosis_grad_res: 3.599e+02
kurtosis_grad_bcs: 4.876e+02
kurtosis_grad_ics: 3.020e+02
adaptive_constant_res_val: 1.082e+00
adaptive_constant_ics_val: 1.221e+05
adaptive_constant_bcs1_val: 3.875e+03
It: 22000, Loss: 4.739e+02, loss_bcs: 6.377e-03, loss_ics: 8.404e-05, Loss_r: 4.057e+02, Time: 0.01
std_grad_res: 4.506e+02
std_grad_bcs: 1.258e-01
std_grad_ics: 3.995e-03
kurtosis_grad_res: 3.599e+02
kurtosis_grad_bcs: 4.876e+02
kurtosis_grad_ics: 3.020e+02
adaptive_constant_res_val: 1.082e+00
adaptive_constant_ics_val: 1.221e+05
adaptive_constant_bcs1_val: 3.875e+03
It: 22100, Loss: 2.404e+02, loss_bcs: 8.529e-03, loss_ics: 2.363e-05, Loss_r: 1.889e+02, Time: 0.01
std_grad_res: 4.506e+02
std_grad_bcs: 1.258e-01
std_grad_ics: 3.995e-03
kurtosis_grad_res: 3.599e+02
kurtosis_grad_bcs: 4.876e+02
kurtosis_grad_ics: 3.020e+02
adaptive_constant_res_val: 1.082e+00
adaptive_constant_ics_val: 1.221e+05
adaptive_constant_bcs1_val: 3.875e+03
It: 22200, Loss: 2.250e+02, loss_bcs: 6.435e-03, loss_ics: 5.953e-05, Loss_r: 1.781e+02, Time: 0.02
std_grad_res: 4.506e+02
std_grad_bcs: 1.258e-01
std_grad_ics: 3.995e-03
kurtosis_grad_res: 3.599e+02
kurtosis_grad_bcs: 4.876e+02
kurtosis_grad_ics: 3.020e+02
adaptive_constant_res_val: 1.082e+00
adaptive_constant_ics_val: 1.221e+05
adaptive_constant_bcs1_val: 3.875e+03
It: 22300, Loss: 2.950e+02, loss_bcs: 6.543e-03, loss_ics: 5.459e-05, Loss_r: 2.430e+02, Time: 0.01
std_grad_res: 4.506e+02
std_grad_bcs: 1.258e-01
std_grad_ics: 3.995e-03
kurtosis_grad_res: 3.599e+02
kurtosis_grad_bcs: 4.876e+02
kurtosis_grad_ics: 3.020e+02
adaptive_constant_res_val: 1.082e+00
adaptive_constant_ics_val: 1.221e+05
adaptive_constant_bcs1_val: 3.875e+03
It: 22400, Loss: 2.466e+02, loss_bcs: 5.362e-03, loss_ics: 2.754e-05, Loss_r: 2.056e+02, Time: 0.01
std_grad_res: 4.506e+02
std_grad_bcs: 1.258e-01
std_grad_ics: 3.995e-03
kurtosis_grad_res: 3.599e+02
kurtosis_grad_bcs: 4.876e+02
kurtosis_grad_ics: 3.020e+02
adaptive_constant_res_val: 1.082e+00
adaptive_constant_ics_val: 1.221e+05
adaptive_constant_bcs1_val: 3.875e+03
It: 22500, Loss: 3.799e+02, loss_bcs: 6.146e-03, loss_ics: 1.711e-04, Loss_r: 3.098e+02, Time: 0.01
std_grad_res: 4.506e+02
std_grad_bcs: 1.258e-01
std_grad_ics: 3.995e-03
kurtosis_grad_res: 3.599e+02
kurtosis_grad_bcs: 4.876e+02
kurtosis_grad_ics: 3.020e+02
adaptive_constant_res_val: 1.082e+00
adaptive_constant_ics_val: 1.221e+05
adaptive_constant_bcs1_val: 3.875e+03
It: 22600, Loss: 3.093e+02, loss_bcs: 7.303e-03, loss_ics: 3.636e-05, Loss_r: 2.556e+02, Time: 0.01
std_grad_res: 4.506e+02
std_grad_bcs: 1.258e-01
std_grad_ics: 3.995e-03
kurtosis_grad_res: 3.599e+02
kurtosis_grad_bcs: 4.876e+02
kurtosis_grad_ics: 3.020e+02
adaptive_constant_res_val: 1.082e+00
adaptive_constant_ics_val: 1.221e+05
adaptive_constant_bcs1_val: 3.875e+03
It: 22700, Loss: 2.137e+02, loss_bcs: 5.621e-03, loss_ics: 6.293e-05, Loss_r: 1.703e+02, Time: 0.01
std_grad_res: 4.506e+02
std_grad_bcs: 1.258e-01
std_grad_ics: 3.995e-03
kurtosis_grad_res: 3.599e+02
kurtosis_grad_bcs: 4.876e+02
kurtosis_grad_ics: 3.020e+02
adaptive_constant_res_val: 1.082e+00
adaptive_constant_ics_val: 1.221e+05
adaptive_constant_bcs1_val: 3.875e+03
It: 22800, Loss: 3.980e+02, loss_bcs: 6.007e-03, loss_ics: 4.542e-05, Loss_r: 3.411e+02, Time: 0.01
std_grad_res: 4.506e+02
std_grad_bcs: 1.258e-01
std_grad_ics: 3.995e-03
kurtosis_grad_res: 3.599e+02
kurtosis_grad_bcs: 4.876e+02
kurtosis_grad_ics: 3.020e+02
adaptive_constant_res_val: 1.082e+00
adaptive_constant_ics_val: 1.221e+05
adaptive_constant_bcs1_val: 3.875e+03
It: 22900, Loss: 3.480e+02, loss_bcs: 4.919e-03, loss_ics: 1.726e-04, Loss_r: 2.845e+02, Time: 0.01
std_grad_res: 4.506e+02
std_grad_bcs: 1.258e-01
std_grad_ics: 3.995e-03
kurtosis_grad_res: 3.599e+02
kurtosis_grad_bcs: 4.876e+02
kurtosis_grad_ics: 3.020e+02
adaptive_constant_res_val: 1.082e+00
adaptive_constant_ics_val: 1.221e+05
adaptive_constant_bcs1_val: 3.875e+03
It: 23000, Loss: 2.531e+02, loss_bcs: 5.455e-03, loss_ics: 7.286e-05, Loss_r: 2.061e+02, Time: 0.01
std_grad_res: 4.506e+02
std_grad_bcs: 1.258e-01
std_grad_ics: 3.995e-03
kurtosis_grad_res: 3.599e+02
kurtosis_grad_bcs: 4.876e+02
kurtosis_grad_ics: 3.020e+02
adaptive_constant_res_val: 1.082e+00
adaptive_constant_ics_val: 1.221e+05
adaptive_constant_bcs1_val: 3.875e+03
It: 23100, Loss: 3.130e+02, loss_bcs: 5.841e-03, loss_ics: 1.553e-05, Loss_r: 2.666e+02, Time: 0.01
std_grad_res: 4.506e+02
std_grad_bcs: 1.258e-01
std_grad_ics: 3.995e-03
kurtosis_grad_res: 3.599e+02
kurtosis_grad_bcs: 4.876e+02
kurtosis_grad_ics: 3.020e+02
adaptive_constant_res_val: 1.082e+00
adaptive_constant_ics_val: 1.221e+05
adaptive_constant_bcs1_val: 3.875e+03
It: 23200, Loss: 1.938e+02, loss_bcs: 4.823e-03, loss_ics: 1.024e-04, Loss_r: 1.503e+02, Time: 0.02
std_grad_res: 4.506e+02
std_grad_bcs: 1.258e-01
std_grad_ics: 3.995e-03
kurtosis_grad_res: 3.599e+02
kurtosis_grad_bcs: 4.876e+02
kurtosis_grad_ics: 3.020e+02
adaptive_constant_res_val: 1.082e+00
adaptive_constant_ics_val: 1.221e+05
adaptive_constant_bcs1_val: 3.875e+03
It: 23300, Loss: 1.933e+02, loss_bcs: 5.348e-03, loss_ics: 3.554e-05, Loss_r: 1.555e+02, Time: 0.01
std_grad_res: 4.506e+02
std_grad_bcs: 1.258e-01
std_grad_ics: 3.995e-03
kurtosis_grad_res: 3.599e+02
kurtosis_grad_bcs: 4.876e+02
kurtosis_grad_ics: 3.020e+02
adaptive_constant_res_val: 1.082e+00
adaptive_constant_ics_val: 1.221e+05
adaptive_constant_bcs1_val: 3.875e+03
It: 23400, Loss: 2.470e+02, loss_bcs: 5.344e-03, loss_ics: 7.286e-05, Loss_r: 2.009e+02, Time: 0.01
std_grad_res: 4.506e+02
std_grad_bcs: 1.258e-01
std_grad_ics: 3.995e-03
kurtosis_grad_res: 3.599e+02
kurtosis_grad_bcs: 4.876e+02
kurtosis_grad_ics: 3.020e+02
adaptive_constant_res_val: 1.082e+00
adaptive_constant_ics_val: 1.221e+05
adaptive_constant_bcs1_val: 3.875e+03
It: 23500, Loss: 1.473e+02, loss_bcs: 6.161e-03, loss_ics: 3.270e-05, Loss_r: 1.104e+02, Time: 0.02
std_grad_res: 4.506e+02
std_grad_bcs: 1.258e-01
std_grad_ics: 3.995e-03
kurtosis_grad_res: 3.599e+02
kurtosis_grad_bcs: 4.876e+02
kurtosis_grad_ics: 3.020e+02
adaptive_constant_res_val: 1.082e+00
adaptive_constant_ics_val: 1.221e+05
adaptive_constant_bcs1_val: 3.875e+03
It: 23600, Loss: 3.320e+02, loss_bcs: 5.175e-03, loss_ics: 1.765e-05, Loss_r: 2.863e+02, Time: 0.01
std_grad_res: 4.506e+02
std_grad_bcs: 1.258e-01
std_grad_ics: 3.995e-03
kurtosis_grad_res: 3.599e+02
kurtosis_grad_bcs: 4.876e+02
kurtosis_grad_ics: 3.020e+02
adaptive_constant_res_val: 1.082e+00
adaptive_constant_ics_val: 1.221e+05
adaptive_constant_bcs1_val: 3.875e+03
It: 23700, Loss: 3.263e+02, loss_bcs: 6.456e-03, loss_ics: 3.322e-05, Loss_r: 2.746e+02, Time: 0.01
std_grad_res: 4.506e+02
std_grad_bcs: 1.258e-01
std_grad_ics: 3.995e-03
kurtosis_grad_res: 3.599e+02
kurtosis_grad_bcs: 4.876e+02
kurtosis_grad_ics: 3.020e+02
adaptive_constant_res_val: 1.082e+00
adaptive_constant_ics_val: 1.221e+05
adaptive_constant_bcs1_val: 3.875e+03
It: 23800, Loss: 1.843e+02, loss_bcs: 5.527e-03, loss_ics: 4.150e-05, Loss_r: 1.459e+02, Time: 0.01
std_grad_res: 4.506e+02
std_grad_bcs: 1.258e-01
std_grad_ics: 3.995e-03
kurtosis_grad_res: 3.599e+02
kurtosis_grad_bcs: 4.876e+02
kurtosis_grad_ics: 3.020e+02
adaptive_constant_res_val: 1.082e+00
adaptive_constant_ics_val: 1.221e+05
adaptive_constant_bcs1_val: 3.875e+03
It: 23900, Loss: 2.303e+02, loss_bcs: 5.320e-03, loss_ics: 4.675e-05, Loss_r: 1.885e+02, Time: 0.02
std_grad_res: 4.506e+02
std_grad_bcs: 1.258e-01
std_grad_ics: 3.995e-03
kurtosis_grad_res: 3.599e+02
kurtosis_grad_bcs: 4.876e+02
kurtosis_grad_ics: 3.020e+02
adaptive_constant_res_val: 1.082e+00
adaptive_constant_ics_val: 1.221e+05
adaptive_constant_bcs1_val: 3.875e+03
It: 24000, Loss: 2.690e+02, loss_bcs: 5.324e-03, loss_ics: 3.872e-05, Loss_r: 2.252e+02, Time: 0.01
std_grad_res: 4.506e+02
std_grad_bcs: 1.258e-01
std_grad_ics: 3.995e-03
kurtosis_grad_res: 3.599e+02
kurtosis_grad_bcs: 4.876e+02
kurtosis_grad_ics: 3.020e+02
adaptive_constant_res_val: 1.082e+00
adaptive_constant_ics_val: 1.221e+05
adaptive_constant_bcs1_val: 3.875e+03
It: 24100, Loss: 2.920e+02, loss_bcs: 5.431e-03, loss_ics: 3.996e-05, Loss_r: 2.459e+02, Time: 0.01
std_grad_res: 4.506e+02
std_grad_bcs: 1.258e-01
std_grad_ics: 3.995e-03
kurtosis_grad_res: 3.599e+02
kurtosis_grad_bcs: 4.876e+02
kurtosis_grad_ics: 3.020e+02
adaptive_constant_res_val: 1.082e+00
adaptive_constant_ics_val: 1.221e+05
adaptive_constant_bcs1_val: 3.875e+03
It: 24200, Loss: 2.622e+02, loss_bcs: 5.759e-03, loss_ics: 2.659e-05, Loss_r: 2.187e+02, Time: 0.01
std_grad_res: 4.506e+02
std_grad_bcs: 1.258e-01
std_grad_ics: 3.995e-03
kurtosis_grad_res: 3.599e+02
kurtosis_grad_bcs: 4.876e+02
kurtosis_grad_ics: 3.020e+02
adaptive_constant_res_val: 1.082e+00
adaptive_constant_ics_val: 1.221e+05
adaptive_constant_bcs1_val: 3.875e+03
It: 24300, Loss: 2.258e+02, loss_bcs: 4.718e-03, loss_ics: 1.164e-05, Loss_r: 1.904e+02, Time: 0.01
std_grad_res: 4.506e+02
std_grad_bcs: 1.258e-01
std_grad_ics: 3.995e-03
kurtosis_grad_res: 3.599e+02
kurtosis_grad_bcs: 4.876e+02
kurtosis_grad_ics: 3.020e+02
adaptive_constant_res_val: 1.082e+00
adaptive_constant_ics_val: 1.221e+05
adaptive_constant_bcs1_val: 3.875e+03
It: 24400, Loss: 1.847e+02, loss_bcs: 4.212e-03, loss_ics: 2.398e-05, Loss_r: 1.529e+02, Time: 0.01
std_grad_res: 4.506e+02
std_grad_bcs: 1.258e-01
std_grad_ics: 3.995e-03
kurtosis_grad_res: 3.599e+02
kurtosis_grad_bcs: 4.876e+02
kurtosis_grad_ics: 3.020e+02
adaptive_constant_res_val: 1.082e+00
adaptive_constant_ics_val: 1.221e+05
adaptive_constant_bcs1_val: 3.875e+03
It: 24500, Loss: 2.414e+02, loss_bcs: 4.276e-03, loss_ics: 3.253e-05, Loss_r: 2.041e+02, Time: 0.01
std_grad_res: 4.506e+02
std_grad_bcs: 1.258e-01
std_grad_ics: 3.995e-03
kurtosis_grad_res: 3.599e+02
kurtosis_grad_bcs: 4.876e+02
kurtosis_grad_ics: 3.020e+02
adaptive_constant_res_val: 1.082e+00
adaptive_constant_ics_val: 1.221e+05
adaptive_constant_bcs1_val: 3.875e+03
It: 24600, Loss: 2.116e+02, loss_bcs: 4.460e-03, loss_ics: 5.084e-05, Loss_r: 1.738e+02, Time: 0.01
std_grad_res: 4.506e+02
std_grad_bcs: 1.258e-01
std_grad_ics: 3.995e-03
kurtosis_grad_res: 3.599e+02
kurtosis_grad_bcs: 4.876e+02
kurtosis_grad_ics: 3.020e+02
adaptive_constant_res_val: 1.082e+00
adaptive_constant_ics_val: 1.221e+05
adaptive_constant_bcs1_val: 3.875e+03
It: 24700, Loss: 1.322e+02, loss_bcs: 3.473e-03, loss_ics: 2.407e-05, Loss_r: 1.071e+02, Time: 0.01
std_grad_res: 4.506e+02
std_grad_bcs: 1.258e-01
std_grad_ics: 3.995e-03
kurtosis_grad_res: 3.599e+02
kurtosis_grad_bcs: 4.876e+02
kurtosis_grad_ics: 3.020e+02
adaptive_constant_res_val: 1.082e+00
adaptive_constant_ics_val: 1.221e+05
adaptive_constant_bcs1_val: 3.875e+03
It: 24800, Loss: 1.157e+02, loss_bcs: 5.384e-03, loss_ics: 1.238e-05, Loss_r: 8.621e+01, Time: 0.01
std_grad_res: 4.506e+02
std_grad_bcs: 1.258e-01
std_grad_ics: 3.995e-03
kurtosis_grad_res: 3.599e+02
kurtosis_grad_bcs: 4.876e+02
kurtosis_grad_ics: 3.020e+02
adaptive_constant_res_val: 1.082e+00
adaptive_constant_ics_val: 1.221e+05
adaptive_constant_bcs1_val: 3.875e+03
It: 24900, Loss: 1.369e+02, loss_bcs: 4.491e-03, loss_ics: 3.714e-05, Loss_r: 1.063e+02, Time: 0.01
std_grad_res: 4.506e+02
std_grad_bcs: 1.258e-01
std_grad_ics: 3.995e-03
kurtosis_grad_res: 3.599e+02
kurtosis_grad_bcs: 4.876e+02
kurtosis_grad_ics: 3.020e+02
adaptive_constant_res_val: 1.082e+00
adaptive_constant_ics_val: 1.221e+05
adaptive_constant_bcs1_val: 3.875e+03
It: 25000, Loss: 2.141e+02, loss_bcs: 4.071e-03, loss_ics: 4.491e-05, Loss_r: 1.782e+02, Time: 0.01
std_grad_res: 4.506e+02
std_grad_bcs: 1.258e-01
std_grad_ics: 3.995e-03
kurtosis_grad_res: 3.599e+02
kurtosis_grad_bcs: 4.876e+02
kurtosis_grad_ics: 3.020e+02
adaptive_constant_res_val: 1.082e+00
adaptive_constant_ics_val: 1.221e+05
adaptive_constant_bcs1_val: 3.875e+03
It: 25100, Loss: 2.168e+02, loss_bcs: 4.644e-03, loss_ics: 2.824e-05, Loss_r: 1.806e+02, Time: 0.01
std_grad_res: 4.506e+02
std_grad_bcs: 1.258e-01
std_grad_ics: 3.995e-03
kurtosis_grad_res: 3.599e+02
kurtosis_grad_bcs: 4.876e+02
kurtosis_grad_ics: 3.020e+02
adaptive_constant_res_val: 1.082e+00
adaptive_constant_ics_val: 1.221e+05
adaptive_constant_bcs1_val: 3.875e+03
It: 25200, Loss: 1.721e+02, loss_bcs: 4.603e-03, loss_ics: 4.318e-05, Loss_r: 1.377e+02, Time: 0.01
std_grad_res: 4.506e+02
std_grad_bcs: 1.258e-01
std_grad_ics: 3.995e-03
kurtosis_grad_res: 3.599e+02
kurtosis_grad_bcs: 4.876e+02
kurtosis_grad_ics: 3.020e+02
adaptive_constant_res_val: 1.082e+00
adaptive_constant_ics_val: 1.221e+05
adaptive_constant_bcs1_val: 3.875e+03
It: 25300, Loss: 1.299e+02, loss_bcs: 4.543e-03, loss_ics: 2.046e-05, Loss_r: 1.015e+02, Time: 0.01
std_grad_res: 4.506e+02
std_grad_bcs: 1.258e-01
std_grad_ics: 3.995e-03
kurtosis_grad_res: 3.599e+02
kurtosis_grad_bcs: 4.876e+02
kurtosis_grad_ics: 3.020e+02
adaptive_constant_res_val: 1.082e+00
adaptive_constant_ics_val: 1.221e+05
adaptive_constant_bcs1_val: 3.875e+03
It: 25400, Loss: 1.671e+02, loss_bcs: 3.766e-03, loss_ics: 7.268e-05, Loss_r: 1.328e+02, Time: 0.02
std_grad_res: 4.506e+02
std_grad_bcs: 1.258e-01
std_grad_ics: 3.995e-03
kurtosis_grad_res: 3.599e+02
kurtosis_grad_bcs: 4.876e+02
kurtosis_grad_ics: 3.020e+02
adaptive_constant_res_val: 1.082e+00
adaptive_constant_ics_val: 1.221e+05
adaptive_constant_bcs1_val: 3.875e+03
It: 25500, Loss: 2.054e+02, loss_bcs: 3.280e-03, loss_ics: 1.862e-05, Loss_r: 1.759e+02, Time: 0.01
std_grad_res: 4.506e+02
std_grad_bcs: 1.258e-01
std_grad_ics: 3.995e-03
kurtosis_grad_res: 3.599e+02
kurtosis_grad_bcs: 4.876e+02
kurtosis_grad_ics: 3.020e+02
adaptive_constant_res_val: 1.082e+00
adaptive_constant_ics_val: 1.221e+05
adaptive_constant_bcs1_val: 3.875e+03
It: 25600, Loss: 1.487e+02, loss_bcs: 3.367e-03, loss_ics: 1.455e-04, Loss_r: 1.089e+02, Time: 0.01
std_grad_res: 4.506e+02
std_grad_bcs: 1.258e-01
std_grad_ics: 3.995e-03
kurtosis_grad_res: 3.599e+02
kurtosis_grad_bcs: 4.876e+02
kurtosis_grad_ics: 3.020e+02
adaptive_constant_res_val: 1.082e+00
adaptive_constant_ics_val: 1.221e+05
adaptive_constant_bcs1_val: 3.875e+03
It: 25700, Loss: 1.422e+02, loss_bcs: 5.317e-03, loss_ics: 5.431e-05, Loss_r: 1.063e+02, Time: 0.01
std_grad_res: 4.506e+02
std_grad_bcs: 1.258e-01
std_grad_ics: 3.995e-03
kurtosis_grad_res: 3.599e+02
kurtosis_grad_bcs: 4.876e+02
kurtosis_grad_ics: 3.020e+02
adaptive_constant_res_val: 1.082e+00
adaptive_constant_ics_val: 1.221e+05
adaptive_constant_bcs1_val: 3.875e+03
It: 25800, Loss: 1.289e+02, loss_bcs: 3.556e-03, loss_ics: 1.692e-05, Loss_r: 1.045e+02, Time: 0.01
std_grad_res: 4.506e+02
std_grad_bcs: 1.258e-01
std_grad_ics: 3.995e-03
kurtosis_grad_res: 3.599e+02
kurtosis_grad_bcs: 4.876e+02
kurtosis_grad_ics: 3.020e+02
adaptive_constant_res_val: 1.082e+00
adaptive_constant_ics_val: 1.221e+05
adaptive_constant_bcs1_val: 3.875e+03
It: 25900, Loss: 1.136e+02, loss_bcs: 4.335e-03, loss_ics: 4.381e-05, Loss_r: 8.450e+01, Time: 0.01
std_grad_res: 4.506e+02
std_grad_bcs: 1.258e-01
std_grad_ics: 3.995e-03
kurtosis_grad_res: 3.599e+02
kurtosis_grad_bcs: 4.876e+02
kurtosis_grad_ics: 3.020e+02
adaptive_constant_res_val: 1.082e+00
adaptive_constant_ics_val: 1.221e+05
adaptive_constant_bcs1_val: 3.875e+03
It: 26000, Loss: 1.735e+02, loss_bcs: 3.792e-03, loss_ics: 3.234e-05, Loss_r: 1.431e+02, Time: 0.01
std_grad_res: 4.506e+02
std_grad_bcs: 1.258e-01
std_grad_ics: 3.995e-03
kurtosis_grad_res: 3.599e+02
kurtosis_grad_bcs: 4.876e+02
kurtosis_grad_ics: 3.020e+02
adaptive_constant_res_val: 1.082e+00
adaptive_constant_ics_val: 1.221e+05
adaptive_constant_bcs1_val: 3.875e+03
It: 26100, Loss: 1.321e+02, loss_bcs: 3.549e-03, loss_ics: 5.345e-05, Loss_r: 1.034e+02, Time: 0.01
std_grad_res: 4.506e+02
std_grad_bcs: 1.258e-01
std_grad_ics: 3.995e-03
kurtosis_grad_res: 3.599e+02
kurtosis_grad_bcs: 4.876e+02
kurtosis_grad_ics: 3.020e+02
adaptive_constant_res_val: 1.082e+00
adaptive_constant_ics_val: 1.221e+05
adaptive_constant_bcs1_val: 3.875e+03
It: 26200, Loss: 1.411e+02, loss_bcs: 3.725e-03, loss_ics: 4.592e-05, Loss_r: 1.118e+02, Time: 0.01
std_grad_res: 4.506e+02
std_grad_bcs: 1.258e-01
std_grad_ics: 3.995e-03
kurtosis_grad_res: 3.599e+02
kurtosis_grad_bcs: 4.876e+02
kurtosis_grad_ics: 3.020e+02
adaptive_constant_res_val: 1.082e+00
adaptive_constant_ics_val: 1.221e+05
adaptive_constant_bcs1_val: 3.875e+03
It: 26300, Loss: 1.155e+02, loss_bcs: 4.239e-03, loss_ics: 6.502e-05, Loss_r: 8.421e+01, Time: 0.01
std_grad_res: 4.506e+02
std_grad_bcs: 1.258e-01
std_grad_ics: 3.995e-03
kurtosis_grad_res: 3.599e+02
kurtosis_grad_bcs: 4.876e+02
kurtosis_grad_ics: 3.020e+02
adaptive_constant_res_val: 1.082e+00
adaptive_constant_ics_val: 1.221e+05
adaptive_constant_bcs1_val: 3.875e+03
It: 26400, Loss: 1.185e+02, loss_bcs: 3.758e-03, loss_ics: 5.601e-05, Loss_r: 8.972e+01, Time: 0.01
std_grad_res: 4.506e+02
std_grad_bcs: 1.258e-01
std_grad_ics: 3.995e-03
kurtosis_grad_res: 3.599e+02
kurtosis_grad_bcs: 4.876e+02
kurtosis_grad_ics: 3.020e+02
adaptive_constant_res_val: 1.082e+00
adaptive_constant_ics_val: 1.221e+05
adaptive_constant_bcs1_val: 3.875e+03
It: 26500, Loss: 1.402e+02, loss_bcs: 3.927e-03, loss_ics: 1.114e-04, Loss_r: 1.030e+02, Time: 0.02
std_grad_res: 4.506e+02
std_grad_bcs: 1.258e-01
std_grad_ics: 3.995e-03
kurtosis_grad_res: 3.599e+02
kurtosis_grad_bcs: 4.876e+02
kurtosis_grad_ics: 3.020e+02
adaptive_constant_res_val: 1.082e+00
adaptive_constant_ics_val: 1.221e+05
adaptive_constant_bcs1_val: 3.875e+03
It: 26600, Loss: 1.441e+02, loss_bcs: 3.154e-03, loss_ics: 1.063e-04, Loss_r: 1.098e+02, Time: 0.02
std_grad_res: 4.506e+02
std_grad_bcs: 1.258e-01
std_grad_ics: 3.995e-03
kurtosis_grad_res: 3.599e+02
kurtosis_grad_bcs: 4.876e+02
kurtosis_grad_ics: 3.020e+02
adaptive_constant_res_val: 1.082e+00
adaptive_constant_ics_val: 1.221e+05
adaptive_constant_bcs1_val: 3.875e+03
It: 26700, Loss: 1.694e+02, loss_bcs: 4.551e-03, loss_ics: 4.900e-05, Loss_r: 1.347e+02, Time: 0.01
std_grad_res: 4.506e+02
std_grad_bcs: 1.258e-01
std_grad_ics: 3.995e-03
kurtosis_grad_res: 3.599e+02
kurtosis_grad_bcs: 4.876e+02
kurtosis_grad_ics: 3.020e+02
adaptive_constant_res_val: 1.082e+00
adaptive_constant_ics_val: 1.221e+05
adaptive_constant_bcs1_val: 3.875e+03
It: 26800, Loss: 1.340e+02, loss_bcs: 2.964e-03, loss_ics: 1.604e-05, Loss_r: 1.114e+02, Time: 0.01
std_grad_res: 4.506e+02
std_grad_bcs: 1.258e-01
std_grad_ics: 3.995e-03
kurtosis_grad_res: 3.599e+02
kurtosis_grad_bcs: 4.876e+02
kurtosis_grad_ics: 3.020e+02
adaptive_constant_res_val: 1.082e+00
adaptive_constant_ics_val: 1.221e+05
adaptive_constant_bcs1_val: 3.875e+03
