It: 0, Loss: 1.637e+04, Loss_bcs: 8.463e+00, Loss_res: 1.214e+04 ,Time: 0.29
Compute NTK...
Gradients information stored ...
It: 100, Loss: 3.789e+02, Loss_bcs: 3.651e-03, Loss_res: 3.771e+02 ,Time: 0.01
Compute NTK...
Gradients information stored ...
It: 200, Loss: 1.805e+02, Loss_bcs: 1.130e-05, Loss_res: 1.805e+02 ,Time: 0.00
Compute NTK...
It: 300, Loss: 1.456e+02, Loss_bcs: 2.700e-05, Loss_res: 1.456e+02 ,Time: 0.00
Compute NTK...
It: 400, Loss: 1.236e+02, Loss_bcs: 3.495e-05, Loss_res: 1.236e+02 ,Time: 0.00
Compute NTK...
It: 500, Loss: 1.073e+02, Loss_bcs: 3.136e-05, Loss_res: 1.072e+02 ,Time: 0.00
Compute NTK...
It: 600, Loss: 9.466e+01, Loss_bcs: 2.722e-05, Loss_res: 9.465e+01 ,Time: 0.00
Compute NTK...
It: 700, Loss: 8.474e+01, Loss_bcs: 2.403e-05, Loss_res: 8.472e+01 ,Time: 0.00
Compute NTK...
It: 800, Loss: 7.673e+01, Loss_bcs: 2.166e-05, Loss_res: 7.672e+01 ,Time: 0.00
Compute NTK...
It: 900, Loss: 7.013e+01, Loss_bcs: 1.980e-05, Loss_res: 7.012e+01 ,Time: 0.00
Compute NTK...
It: 1000, Loss: 6.456e+01, Loss_bcs: 1.828e-05, Loss_res: 6.455e+01 ,Time: 0.00
Compute NTK...
Gradients information stored ...
It: 1100, Loss: 5.977e+01, Loss_bcs: 1.699e-05, Loss_res: 5.976e+01 ,Time: 0.00
Compute NTK...
It: 1200, Loss: 5.559e+01, Loss_bcs: 1.581e-05, Loss_res: 5.559e+01 ,Time: 0.00
Compute NTK...
It: 1300, Loss: 5.190e+01, Loss_bcs: 1.476e-05, Loss_res: 5.189e+01 ,Time: 0.00
Compute NTK...
It: 1400, Loss: 4.860e+01, Loss_bcs: 1.378e-05, Loss_res: 4.860e+01 ,Time: 0.00
Compute NTK...
It: 1500, Loss: 4.563e+01, Loss_bcs: 1.289e-05, Loss_res: 4.563e+01 ,Time: 0.00
Compute NTK...
It: 1600, Loss: 4.294e+01, Loss_bcs: 1.205e-05, Loss_res: 4.293e+01 ,Time: 0.00
Compute NTK...
It: 1700, Loss: 4.048e+01, Loss_bcs: 1.128e-05, Loss_res: 4.047e+01 ,Time: 0.00
Compute NTK...
It: 1800, Loss: 3.823e+01, Loss_bcs: 1.057e-05, Loss_res: 3.822e+01 ,Time: 0.00
Compute NTK...
It: 1900, Loss: 3.615e+01, Loss_bcs: 9.911e-06, Loss_res: 3.615e+01 ,Time: 0.00
Compute NTK...
It: 2000, Loss: 3.424e+01, Loss_bcs: 9.301e-06, Loss_res: 3.424e+01 ,Time: 0.00
Compute NTK...
It: 2100, Loss: 3.247e+01, Loss_bcs: 8.745e-06, Loss_res: 3.246e+01 ,Time: 0.00
Compute NTK...
It: 2200, Loss: 3.083e+01, Loss_bcs: 8.221e-06, Loss_res: 3.082e+01 ,Time: 0.00
Compute NTK...
It: 2300, Loss: 2.930e+01, Loss_bcs: 7.730e-06, Loss_res: 2.930e+01 ,Time: 0.00
Compute NTK...
It: 2400, Loss: 2.788e+01, Loss_bcs: 7.278e-06, Loss_res: 2.788e+01 ,Time: 0.00
Compute NTK...
It: 2500, Loss: 2.655e+01, Loss_bcs: 6.858e-06, Loss_res: 2.655e+01 ,Time: 0.00
Compute NTK...
It: 2600, Loss: 2.532e+01, Loss_bcs: 6.470e-06, Loss_res: 2.532e+01 ,Time: 0.00
Compute NTK...
It: 2700, Loss: 2.416e+01, Loss_bcs: 6.101e-06, Loss_res: 2.416e+01 ,Time: 0.00
Compute NTK...
It: 2800, Loss: 2.309e+01, Loss_bcs: 5.759e-06, Loss_res: 2.308e+01 ,Time: 0.00
Compute NTK...
It: 2900, Loss: 2.208e+01, Loss_bcs: 5.439e-06, Loss_res: 2.207e+01 ,Time: 0.00
Compute NTK...
It: 3000, Loss: 2.113e+01, Loss_bcs: 5.144e-06, Loss_res: 2.113e+01 ,Time: 0.00
Compute NTK...
It: 3100, Loss: 2.025e+01, Loss_bcs: 4.863e-06, Loss_res: 2.024e+01 ,Time: 0.00
Compute NTK...
It: 3200, Loss: 1.942e+01, Loss_bcs: 4.597e-06, Loss_res: 1.941e+01 ,Time: 0.00
Compute NTK...
It: 3300, Loss: 1.864e+01, Loss_bcs: 4.352e-06, Loss_res: 1.863e+01 ,Time: 0.00
Compute NTK...
It: 3400, Loss: 1.791e+01, Loss_bcs: 4.117e-06, Loss_res: 1.790e+01 ,Time: 0.00
Compute NTK...
It: 3500, Loss: 1.722e+01, Loss_bcs: 3.896e-06, Loss_res: 1.722e+01 ,Time: 0.00
Compute NTK...
It: 3600, Loss: 1.658e+01, Loss_bcs: 3.691e-06, Loss_res: 1.657e+01 ,Time: 0.00
Compute NTK...
It: 3700, Loss: 1.597e+01, Loss_bcs: 3.499e-06, Loss_res: 1.597e+01 ,Time: 0.00
Compute NTK...
It: 3800, Loss: 1.540e+01, Loss_bcs: 3.321e-06, Loss_res: 1.540e+01 ,Time: 0.00
Compute NTK...
It: 3900, Loss: 1.486e+01, Loss_bcs: 3.147e-06, Loss_res: 1.486e+01 ,Time: 0.00
Compute NTK...
It: 4000, Loss: 1.436e+01, Loss_bcs: 2.983e-06, Loss_res: 1.436e+01 ,Time: 0.00
Compute NTK...
It: 4100, Loss: 1.389e+01, Loss_bcs: 2.830e-06, Loss_res: 1.388e+01 ,Time: 0.00
Compute NTK...
It: 4200, Loss: 1.344e+01, Loss_bcs: 2.693e-06, Loss_res: 1.344e+01 ,Time: 0.00
Compute NTK...
It: 4300, Loss: 1.302e+01, Loss_bcs: 2.560e-06, Loss_res: 1.301e+01 ,Time: 0.00
Compute NTK...
It: 4400, Loss: 1.262e+01, Loss_bcs: 2.429e-06, Loss_res: 1.262e+01 ,Time: 0.00
Compute NTK...
It: 4500, Loss: 1.224e+01, Loss_bcs: 2.311e-06, Loss_res: 1.224e+01 ,Time: 0.00
Compute NTK...
It: 4600, Loss: 1.188e+01, Loss_bcs: 2.199e-06, Loss_res: 1.188e+01 ,Time: 0.00
Compute NTK...
It: 4700, Loss: 1.155e+01, Loss_bcs: 2.096e-06, Loss_res: 1.155e+01 ,Time: 0.00
Compute NTK...
It: 4800, Loss: 1.123e+01, Loss_bcs: 1.993e-06, Loss_res: 1.123e+01 ,Time: 0.00
Compute NTK...
It: 4900, Loss: 1.093e+01, Loss_bcs: 1.898e-06, Loss_res: 1.093e+01 ,Time: 0.00
Compute NTK...
It: 5000, Loss: 1.064e+01, Loss_bcs: 1.811e-06, Loss_res: 1.064e+01 ,Time: 0.00
Compute NTK...
It: 5100, Loss: 1.037e+01, Loss_bcs: 1.729e-06, Loss_res: 1.037e+01 ,Time: 0.00
Compute NTK...
It: 5200, Loss: 1.011e+01, Loss_bcs: 1.647e-06, Loss_res: 1.011e+01 ,Time: 0.00
Compute NTK...
It: 5300, Loss: 9.868e+00, Loss_bcs: 1.574e-06, Loss_res: 9.867e+00 ,Time: 0.00
Compute NTK...
It: 5400, Loss: 9.634e+00, Loss_bcs: 1.504e-06, Loss_res: 9.634e+00 ,Time: 0.00
Compute NTK...
It: 5500, Loss: 9.412e+00, Loss_bcs: 1.442e-06, Loss_res: 9.411e+00 ,Time: 0.00
Compute NTK...
It: 5600, Loss: 9.199e+00, Loss_bcs: 1.375e-06, Loss_res: 9.198e+00 ,Time: 0.00
Compute NTK...
It: 5700, Loss: 8.996e+00, Loss_bcs: 1.317e-06, Loss_res: 8.995e+00 ,Time: 0.00
Compute NTK...
It: 5800, Loss: 8.802e+00, Loss_bcs: 1.262e-06, Loss_res: 8.801e+00 ,Time: 0.00
Compute NTK...
It: 5900, Loss: 8.615e+00, Loss_bcs: 1.209e-06, Loss_res: 8.615e+00 ,Time: 0.00
Compute NTK...
It: 6000, Loss: 8.437e+00, Loss_bcs: 1.160e-06, Loss_res: 8.436e+00 ,Time: 0.00
Compute NTK...
It: 6100, Loss: 8.266e+00, Loss_bcs: 1.112e-06, Loss_res: 8.265e+00 ,Time: 0.00
Compute NTK...
It: 6200, Loss: 8.101e+00, Loss_bcs: 1.068e-06, Loss_res: 8.101e+00 ,Time: 0.00
Compute NTK...
It: 6300, Loss: 7.943e+00, Loss_bcs: 1.028e-06, Loss_res: 7.942e+00 ,Time: 0.00
Compute NTK...
It: 6400, Loss: 7.790e+00, Loss_bcs: 9.892e-07, Loss_res: 7.790e+00 ,Time: 0.00
Compute NTK...
It: 6500, Loss: 7.643e+00, Loss_bcs: 9.531e-07, Loss_res: 7.643e+00 ,Time: 0.00
Compute NTK...
It: 6600, Loss: 7.501e+00, Loss_bcs: 9.156e-07, Loss_res: 7.501e+00 ,Time: 0.00
Compute NTK...
It: 6700, Loss: 7.364e+00, Loss_bcs: 8.839e-07, Loss_res: 7.364e+00 ,Time: 0.00
Compute NTK...
It: 6800, Loss: 7.232e+00, Loss_bcs: 8.531e-07, Loss_res: 7.231e+00 ,Time: 0.00
Compute NTK...
It: 6900, Loss: 7.103e+00, Loss_bcs: 8.237e-07, Loss_res: 7.103e+00 ,Time: 0.00
Compute NTK...
It: 7000, Loss: 6.979e+00, Loss_bcs: 7.934e-07, Loss_res: 6.979e+00 ,Time: 0.00
Compute NTK...
It: 7100, Loss: 6.859e+00, Loss_bcs: 7.659e-07, Loss_res: 6.858e+00 ,Time: 0.00
Compute NTK...
It: 7200, Loss: 6.742e+00, Loss_bcs: 7.428e-07, Loss_res: 6.741e+00 ,Time: 0.00
Compute NTK...
It: 7300, Loss: 6.628e+00, Loss_bcs: 7.169e-07, Loss_res: 6.628e+00 ,Time: 0.00
Compute NTK...
It: 7400, Loss: 6.518e+00, Loss_bcs: 6.958e-07, Loss_res: 6.518e+00 ,Time: 0.00
Compute NTK...
It: 7500, Loss: 6.411e+00, Loss_bcs: 6.707e-07, Loss_res: 6.411e+00 ,Time: 0.00
Compute NTK...
It: 7600, Loss: 6.307e+00, Loss_bcs: 6.525e-07, Loss_res: 6.306e+00 ,Time: 0.00
Compute NTK...
It: 7700, Loss: 6.205e+00, Loss_bcs: 6.284e-07, Loss_res: 6.205e+00 ,Time: 0.00
Compute NTK...
It: 7800, Loss: 6.106e+00, Loss_bcs: 6.107e-07, Loss_res: 6.106e+00 ,Time: 0.00
Compute NTK...
It: 7900, Loss: 6.010e+00, Loss_bcs: 5.934e-07, Loss_res: 6.010e+00 ,Time: 0.00
Compute NTK...
It: 8000, Loss: 5.916e+00, Loss_bcs: 5.761e-07, Loss_res: 5.916e+00 ,Time: 0.00
Compute NTK...
It: 8100, Loss: 5.825e+00, Loss_bcs: 5.602e-07, Loss_res: 5.824e+00 ,Time: 0.00
Compute NTK...
It: 8200, Loss: 5.735e+00, Loss_bcs: 5.437e-07, Loss_res: 5.735e+00 ,Time: 0.00
Compute NTK...
It: 8300, Loss: 5.648e+00, Loss_bcs: 5.303e-07, Loss_res: 5.648e+00 ,Time: 0.00
Compute NTK...
It: 8400, Loss: 5.563e+00, Loss_bcs: 5.143e-07, Loss_res: 5.563e+00 ,Time: 0.00
Compute NTK...
It: 8500, Loss: 5.480e+00, Loss_bcs: 5.021e-07, Loss_res: 5.480e+00 ,Time: 0.00
Compute NTK...
It: 8600, Loss: 5.399e+00, Loss_bcs: 4.890e-07, Loss_res: 5.399e+00 ,Time: 0.00
Compute NTK...
It: 8700, Loss: 5.320e+00, Loss_bcs: 4.756e-07, Loss_res: 5.319e+00 ,Time: 0.00
Compute NTK...
It: 8800, Loss: 5.242e+00, Loss_bcs: 4.639e-07, Loss_res: 5.242e+00 ,Time: 0.00
Compute NTK...
It: 8900, Loss: 5.166e+00, Loss_bcs: 4.532e-07, Loss_res: 5.166e+00 ,Time: 0.00
Compute NTK...
It: 9000, Loss: 5.092e+00, Loss_bcs: 4.416e-07, Loss_res: 5.092e+00 ,Time: 0.00
Compute NTK...
It: 9100, Loss: 5.020e+00, Loss_bcs: 4.295e-07, Loss_res: 5.019e+00 ,Time: 0.00
Compute NTK...
It: 9200, Loss: 4.949e+00, Loss_bcs: 4.224e-07, Loss_res: 4.948e+00 ,Time: 0.00
Compute NTK...
It: 9300, Loss: 4.879e+00, Loss_bcs: 4.105e-07, Loss_res: 4.879e+00 ,Time: 0.00
Compute NTK...
It: 9400, Loss: 4.811e+00, Loss_bcs: 4.027e-07, Loss_res: 4.811e+00 ,Time: 0.00
Compute NTK...
It: 9500, Loss: 4.745e+00, Loss_bcs: 3.917e-07, Loss_res: 4.745e+00 ,Time: 0.00
Compute NTK...
It: 9600, Loss: 4.680e+00, Loss_bcs: 3.841e-07, Loss_res: 4.680e+00 ,Time: 0.00
Compute NTK...
It: 9700, Loss: 4.616e+00, Loss_bcs: 3.756e-07, Loss_res: 4.616e+00 ,Time: 0.00
Compute NTK...
It: 9800, Loss: 4.554e+00, Loss_bcs: 3.684e-07, Loss_res: 4.553e+00 ,Time: 0.00
Compute NTK...
It: 9900, Loss: 4.493e+00, Loss_bcs: 3.604e-07, Loss_res: 4.492e+00 ,Time: 0.00
Compute NTK...
It: 10000, Loss: 4.433e+00, Loss_bcs: 3.525e-07, Loss_res: 4.433e+00 ,Time: 0.00
Compute NTK...
It: 10100, Loss: 4.374e+00, Loss_bcs: 3.457e-07, Loss_res: 4.374e+00 ,Time: 0.00
Compute NTK...
It: 10200, Loss: 4.317e+00, Loss_bcs: 3.384e-07, Loss_res: 4.317e+00 ,Time: 0.00
Compute NTK...
It: 10300, Loss: 4.261e+00, Loss_bcs: 3.310e-07, Loss_res: 4.261e+00 ,Time: 0.00
Compute NTK...
It: 10400, Loss: 4.206e+00, Loss_bcs: 3.245e-07, Loss_res: 4.206e+00 ,Time: 0.00
Compute NTK...
It: 10500, Loss: 4.152e+00, Loss_bcs: 3.178e-07, Loss_res: 4.152e+00 ,Time: 0.00
Compute NTK...
It: 10600, Loss: 4.099e+00, Loss_bcs: 3.119e-07, Loss_res: 4.099e+00 ,Time: 0.00
Compute NTK...
It: 10700, Loss: 4.047e+00, Loss_bcs: 3.052e-07, Loss_res: 4.047e+00 ,Time: 0.00
Compute NTK...
It: 10800, Loss: 3.996e+00, Loss_bcs: 2.986e-07, Loss_res: 3.996e+00 ,Time: 0.00
Compute NTK...
It: 10900, Loss: 3.947e+00, Loss_bcs: 2.951e-07, Loss_res: 3.947e+00 ,Time: 0.00
Compute NTK...
It: 11000, Loss: 3.898e+00, Loss_bcs: 2.880e-07, Loss_res: 3.898e+00 ,Time: 0.00
Compute NTK...
It: 11100, Loss: 3.850e+00, Loss_bcs: 2.825e-07, Loss_res: 3.850e+00 ,Time: 0.00
Compute NTK...
It: 11200, Loss: 3.804e+00, Loss_bcs: 2.768e-07, Loss_res: 3.803e+00 ,Time: 0.00
Compute NTK...
It: 11300, Loss: 3.758e+00, Loss_bcs: 2.734e-07, Loss_res: 3.758e+00 ,Time: 0.00
Compute NTK...
It: 11400, Loss: 3.713e+00, Loss_bcs: 2.672e-07, Loss_res: 3.713e+00 ,Time: 0.00
Compute NTK...
It: 11500, Loss: 3.669e+00, Loss_bcs: 2.631e-07, Loss_res: 3.669e+00 ,Time: 0.00
Compute NTK...
It: 11600, Loss: 3.626e+00, Loss_bcs: 2.583e-07, Loss_res: 3.626e+00 ,Time: 0.00
Compute NTK...
It: 11700, Loss: 3.583e+00, Loss_bcs: 2.529e-07, Loss_res: 3.583e+00 ,Time: 0.00
Compute NTK...
It: 11800, Loss: 3.542e+00, Loss_bcs: 2.490e-07, Loss_res: 3.542e+00 ,Time: 0.00
Compute NTK...
It: 11900, Loss: 3.501e+00, Loss_bcs: 2.440e-07, Loss_res: 3.501e+00 ,Time: 0.00
Compute NTK...
It: 12000, Loss: 3.461e+00, Loss_bcs: 2.410e-07, Loss_res: 3.461e+00 ,Time: 0.00
Compute NTK...
It: 12100, Loss: 3.422e+00, Loss_bcs: 2.365e-07, Loss_res: 3.422e+00 ,Time: 0.00
Compute NTK...
It: 12200, Loss: 3.384e+00, Loss_bcs: 2.329e-07, Loss_res: 3.384e+00 ,Time: 0.00
Compute NTK...
It: 12300, Loss: 3.346e+00, Loss_bcs: 2.290e-07, Loss_res: 3.346e+00 ,Time: 0.00
Compute NTK...
It: 12400, Loss: 3.309e+00, Loss_bcs: 2.252e-07, Loss_res: 3.309e+00 ,Time: 0.00
Compute NTK...
It: 12500, Loss: 3.273e+00, Loss_bcs: 2.202e-07, Loss_res: 3.273e+00 ,Time: 0.00
Compute NTK...
It: 12600, Loss: 3.238e+00, Loss_bcs: 2.159e-07, Loss_res: 3.237e+00 ,Time: 0.00
Compute NTK...
It: 12700, Loss: 3.203e+00, Loss_bcs: 2.148e-07, Loss_res: 3.203e+00 ,Time: 0.00
Compute NTK...
It: 12800, Loss: 3.169e+00, Loss_bcs: 2.102e-07, Loss_res: 3.168e+00 ,Time: 0.00
Compute NTK...
It: 12900, Loss: 3.135e+00, Loss_bcs: 2.067e-07, Loss_res: 3.135e+00 ,Time: 0.00
Compute NTK...
It: 13000, Loss: 3.102e+00, Loss_bcs: 2.046e-07, Loss_res: 3.102e+00 ,Time: 0.00
Compute NTK...
It: 13100, Loss: 3.070e+00, Loss_bcs: 2.008e-07, Loss_res: 3.070e+00 ,Time: 0.00
Compute NTK...
It: 13200, Loss: 3.038e+00, Loss_bcs: 1.967e-07, Loss_res: 3.038e+00 ,Time: 0.00
Compute NTK...
It: 13300, Loss: 3.007e+00, Loss_bcs: 1.937e-07, Loss_res: 3.007e+00 ,Time: 0.00
Compute NTK...
It: 13400, Loss: 2.977e+00, Loss_bcs: 1.891e-07, Loss_res: 2.977e+00 ,Time: 0.00
Compute NTK...
It: 13500, Loss: 2.947e+00, Loss_bcs: 1.876e-07, Loss_res: 2.947e+00 ,Time: 0.00
Compute NTK...
It: 13600, Loss: 2.918e+00, Loss_bcs: 1.853e-07, Loss_res: 2.917e+00 ,Time: 0.00
Compute NTK...
It: 13700, Loss: 2.889e+00, Loss_bcs: 1.814e-07, Loss_res: 2.889e+00 ,Time: 0.00
Compute NTK...
It: 13800, Loss: 2.860e+00, Loss_bcs: 1.787e-07, Loss_res: 2.860e+00 ,Time: 0.00
Compute NTK...
It: 13900, Loss: 2.833e+00, Loss_bcs: 1.761e-07, Loss_res: 2.833e+00 ,Time: 0.00
Compute NTK...
It: 14000, Loss: 2.805e+00, Loss_bcs: 1.732e-07, Loss_res: 2.805e+00 ,Time: 0.00
Compute NTK...
It: 14100, Loss: 2.779e+00, Loss_bcs: 1.712e-07, Loss_res: 2.779e+00 ,Time: 0.00
Compute NTK...
It: 14200, Loss: 2.752e+00, Loss_bcs: 1.682e-07, Loss_res: 2.752e+00 ,Time: 0.00
Compute NTK...
It: 14300, Loss: 2.727e+00, Loss_bcs: 1.655e-07, Loss_res: 2.726e+00 ,Time: 0.00
Compute NTK...
It: 14400, Loss: 2.701e+00, Loss_bcs: 1.632e-07, Loss_res: 2.701e+00 ,Time: 0.00
Compute NTK...
It: 14500, Loss: 2.676e+00, Loss_bcs: 1.600e-07, Loss_res: 2.676e+00 ,Time: 0.00
Compute NTK...
It: 14600, Loss: 2.652e+00, Loss_bcs: 1.577e-07, Loss_res: 2.652e+00 ,Time: 0.00
Compute NTK...
It: 14700, Loss: 2.628e+00, Loss_bcs: 1.556e-07, Loss_res: 2.628e+00 ,Time: 0.00
Compute NTK...
It: 14800, Loss: 2.604e+00, Loss_bcs: 1.532e-07, Loss_res: 2.604e+00 ,Time: 0.00
Compute NTK...
It: 14900, Loss: 2.581e+00, Loss_bcs: 1.508e-07, Loss_res: 2.581e+00 ,Time: 0.00
Compute NTK...
It: 15000, Loss: 2.558e+00, Loss_bcs: 1.483e-07, Loss_res: 2.558e+00 ,Time: 0.00
Compute NTK...
It: 15100, Loss: 2.536e+00, Loss_bcs: 1.476e-07, Loss_res: 2.536e+00 ,Time: 0.00
Compute NTK...
It: 15200, Loss: 2.514e+00, Loss_bcs: 1.443e-07, Loss_res: 2.514e+00 ,Time: 0.00
Compute NTK...
It: 15300, Loss: 2.492e+00, Loss_bcs: 1.422e-07, Loss_res: 2.492e+00 ,Time: 0.00
Compute NTK...
It: 15400, Loss: 2.471e+00, Loss_bcs: 1.402e-07, Loss_res: 2.471e+00 ,Time: 0.00
Compute NTK...
It: 15500, Loss: 2.450e+00, Loss_bcs: 1.376e-07, Loss_res: 2.450e+00 ,Time: 0.00
Compute NTK...
It: 15600, Loss: 2.429e+00, Loss_bcs: 1.360e-07, Loss_res: 2.429e+00 ,Time: 0.00
Compute NTK...
It: 15700, Loss: 2.409e+00, Loss_bcs: 1.333e-07, Loss_res: 2.409e+00 ,Time: 0.00
Compute NTK...
It: 15800, Loss: 2.389e+00, Loss_bcs: 1.329e-07, Loss_res: 2.389e+00 ,Time: 0.00
Compute NTK...
It: 15900, Loss: 2.370e+00, Loss_bcs: 1.304e-07, Loss_res: 2.369e+00 ,Time: 0.00
Compute NTK...
It: 16000, Loss: 2.350e+00, Loss_bcs: 1.287e-07, Loss_res: 2.350e+00 ,Time: 0.00
Compute NTK...
It: 16100, Loss: 2.331e+00, Loss_bcs: 1.270e-07, Loss_res: 2.331e+00 ,Time: 0.00
Compute NTK...
It: 16200, Loss: 2.313e+00, Loss_bcs: 1.238e-07, Loss_res: 2.313e+00 ,Time: 0.00
Compute NTK...
It: 16300, Loss: 2.294e+00, Loss_bcs: 1.224e-07, Loss_res: 2.294e+00 ,Time: 0.00
Compute NTK...
It: 16400, Loss: 2.276e+00, Loss_bcs: 1.214e-07, Loss_res: 2.276e+00 ,Time: 0.00
Compute NTK...
It: 16500, Loss: 2.259e+00, Loss_bcs: 1.187e-07, Loss_res: 2.259e+00 ,Time: 0.00
Compute NTK...
It: 16600, Loss: 2.241e+00, Loss_bcs: 1.187e-07, Loss_res: 2.241e+00 ,Time: 0.00
Compute NTK...
It: 16700, Loss: 2.224e+00, Loss_bcs: 1.166e-07, Loss_res: 2.224e+00 ,Time: 0.00
Compute NTK...
It: 16800, Loss: 2.207e+00, Loss_bcs: 1.145e-07, Loss_res: 2.207e+00 ,Time: 0.00
Compute NTK...
It: 16900, Loss: 2.190e+00, Loss_bcs: 1.127e-07, Loss_res: 2.190e+00 ,Time: 0.00
Compute NTK...
It: 17000, Loss: 2.174e+00, Loss_bcs: 1.118e-07, Loss_res: 2.174e+00 ,Time: 0.00
Compute NTK...
It: 17100, Loss: 2.158e+00, Loss_bcs: 1.105e-07, Loss_res: 2.158e+00 ,Time: 0.00
Compute NTK...
It: 17200, Loss: 2.142e+00, Loss_bcs: 1.091e-07, Loss_res: 2.142e+00 ,Time: 0.00
Compute NTK...
It: 17300, Loss: 2.126e+00, Loss_bcs: 1.070e-07, Loss_res: 2.126e+00 ,Time: 0.00
Compute NTK...
It: 17400, Loss: 2.110e+00, Loss_bcs: 1.057e-07, Loss_res: 2.110e+00 ,Time: 0.00
Compute NTK...
It: 17500, Loss: 2.095e+00, Loss_bcs: 1.044e-07, Loss_res: 2.095e+00 ,Time: 0.00
Compute NTK...
It: 17600, Loss: 2.080e+00, Loss_bcs: 1.026e-07, Loss_res: 2.080e+00 ,Time: 0.00
Compute NTK...
It: 17700, Loss: 2.065e+00, Loss_bcs: 1.015e-07, Loss_res: 2.065e+00 ,Time: 0.00
Compute NTK...
It: 17800, Loss: 2.051e+00, Loss_bcs: 9.997e-08, Loss_res: 2.051e+00 ,Time: 0.00
Compute NTK...
It: 17900, Loss: 2.036e+00, Loss_bcs: 9.995e-08, Loss_res: 2.036e+00 ,Time: 0.00
Compute NTK...
It: 18000, Loss: 2.022e+00, Loss_bcs: 9.763e-08, Loss_res: 2.022e+00 ,Time: 0.00
Compute NTK...
It: 18100, Loss: 2.008e+00, Loss_bcs: 9.668e-08, Loss_res: 2.008e+00 ,Time: 0.00
Compute NTK...
It: 18200, Loss: 1.994e+00, Loss_bcs: 9.485e-08, Loss_res: 1.994e+00 ,Time: 0.00
Compute NTK...
It: 18300, Loss: 1.981e+00, Loss_bcs: 9.389e-08, Loss_res: 1.981e+00 ,Time: 0.00
Compute NTK...
It: 18400, Loss: 1.968e+00, Loss_bcs: 9.234e-08, Loss_res: 1.967e+00 ,Time: 0.00
Compute NTK...
It: 18500, Loss: 1.954e+00, Loss_bcs: 9.190e-08, Loss_res: 1.954e+00 ,Time: 0.00
Compute NTK...
It: 18600, Loss: 1.941e+00, Loss_bcs: 9.020e-08, Loss_res: 1.941e+00 ,Time: 0.00
Compute NTK...
It: 18700, Loss: 1.928e+00, Loss_bcs: 8.917e-08, Loss_res: 1.928e+00 ,Time: 0.00
Compute NTK...
It: 18800, Loss: 1.916e+00, Loss_bcs: 8.813e-08, Loss_res: 1.916e+00 ,Time: 0.00
Compute NTK...
It: 18900, Loss: 1.903e+00, Loss_bcs: 8.672e-08, Loss_res: 1.903e+00 ,Time: 0.00
Compute NTK...
It: 19000, Loss: 1.891e+00, Loss_bcs: 8.565e-08, Loss_res: 1.891e+00 ,Time: 0.00
Compute NTK...
It: 19100, Loss: 1.879e+00, Loss_bcs: 8.431e-08, Loss_res: 1.878e+00 ,Time: 0.00
Compute NTK...
It: 19200, Loss: 1.866e+00, Loss_bcs: 8.317e-08, Loss_res: 1.866e+00 ,Time: 0.00
Compute NTK...
It: 19300, Loss: 1.855e+00, Loss_bcs: 8.281e-08, Loss_res: 1.855e+00 ,Time: 0.00
Compute NTK...
It: 19400, Loss: 1.843e+00, Loss_bcs: 8.043e-08, Loss_res: 1.843e+00 ,Time: 0.00
Compute NTK...
It: 19500, Loss: 1.831e+00, Loss_bcs: 8.091e-08, Loss_res: 1.831e+00 ,Time: 0.00
Compute NTK...
It: 19600, Loss: 1.820e+00, Loss_bcs: 7.931e-08, Loss_res: 1.820e+00 ,Time: 0.00
Compute NTK...
It: 19700, Loss: 1.808e+00, Loss_bcs: 7.886e-08, Loss_res: 1.808e+00 ,Time: 0.00
Compute NTK...
It: 19800, Loss: 1.797e+00, Loss_bcs: 7.713e-08, Loss_res: 1.797e+00 ,Time: 0.00
Compute NTK...
It: 19900, Loss: 1.786e+00, Loss_bcs: 7.694e-08, Loss_res: 1.786e+00 ,Time: 0.00
Compute NTK...
It: 20000, Loss: 1.775e+00, Loss_bcs: 7.480e-08, Loss_res: 1.775e+00 ,Time: 0.00
Compute NTK...
It: 20100, Loss: 1.765e+00, Loss_bcs: 7.540e-08, Loss_res: 1.765e+00 ,Time: 0.00
Compute NTK...
It: 20200, Loss: 1.754e+00, Loss_bcs: 7.483e-08, Loss_res: 1.754e+00 ,Time: 0.00
Compute NTK...
It: 20300, Loss: 1.743e+00, Loss_bcs: 7.321e-08, Loss_res: 1.743e+00 ,Time: 0.00
Compute NTK...
It: 20400, Loss: 1.733e+00, Loss_bcs: 7.247e-08, Loss_res: 1.733e+00 ,Time: 0.00
Compute NTK...
It: 20500, Loss: 1.723e+00, Loss_bcs: 7.111e-08, Loss_res: 1.723e+00 ,Time: 0.00
Compute NTK...
It: 20600, Loss: 1.713e+00, Loss_bcs: 7.092e-08, Loss_res: 1.713e+00 ,Time: 0.00
Compute NTK...
It: 20700, Loss: 1.703e+00, Loss_bcs: 6.904e-08, Loss_res: 1.703e+00 ,Time: 0.00
Compute NTK...
It: 20800, Loss: 1.693e+00, Loss_bcs: 6.924e-08, Loss_res: 1.693e+00 ,Time: 0.00
Compute NTK...
It: 20900, Loss: 1.683e+00, Loss_bcs: 6.783e-08, Loss_res: 1.683e+00 ,Time: 0.00
Compute NTK...
It: 21000, Loss: 1.673e+00, Loss_bcs: 6.734e-08, Loss_res: 1.673e+00 ,Time: 0.00
Compute NTK...
It: 21100, Loss: 1.664e+00, Loss_bcs: 6.639e-08, Loss_res: 1.664e+00 ,Time: 0.00
Compute NTK...
It: 21200, Loss: 1.654e+00, Loss_bcs: 6.590e-08, Loss_res: 1.654e+00 ,Time: 0.00
Compute NTK...
It: 21300, Loss: 1.645e+00, Loss_bcs: 6.533e-08, Loss_res: 1.645e+00 ,Time: 0.00
Compute NTK...
It: 21400, Loss: 1.636e+00, Loss_bcs: 6.478e-08, Loss_res: 1.635e+00 ,Time: 0.00
Compute NTK...
It: 21500, Loss: 1.626e+00, Loss_bcs: 6.352e-08, Loss_res: 1.626e+00 ,Time: 0.00
Compute NTK...
It: 21600, Loss: 1.617e+00, Loss_bcs: 6.283e-08, Loss_res: 1.617e+00 ,Time: 0.00
Compute NTK...
It: 21700, Loss: 1.608e+00, Loss_bcs: 6.248e-08, Loss_res: 1.608e+00 ,Time: 0.00
Compute NTK...
It: 21800, Loss: 1.599e+00, Loss_bcs: 6.153e-08, Loss_res: 1.599e+00 ,Time: 0.00
Compute NTK...
It: 21900, Loss: 1.591e+00, Loss_bcs: 6.121e-08, Loss_res: 1.591e+00 ,Time: 0.00
Compute NTK...
It: 22000, Loss: 1.582e+00, Loss_bcs: 6.046e-08, Loss_res: 1.582e+00 ,Time: 0.00
Compute NTK...
It: 22100, Loss: 1.573e+00, Loss_bcs: 5.953e-08, Loss_res: 1.573e+00 ,Time: 0.00
Compute NTK...
It: 22200, Loss: 1.565e+00, Loss_bcs: 5.741e-08, Loss_res: 1.565e+00 ,Time: 0.00
Compute NTK...
It: 22300, Loss: 1.556e+00, Loss_bcs: 5.797e-08, Loss_res: 1.556e+00 ,Time: 0.00
Compute NTK...
It: 22400, Loss: 1.548e+00, Loss_bcs: 5.757e-08, Loss_res: 1.548e+00 ,Time: 0.00
Compute NTK...
It: 22500, Loss: 1.540e+00, Loss_bcs: 5.655e-08, Loss_res: 1.540e+00 ,Time: 0.00
Compute NTK...
It: 22600, Loss: 1.532e+00, Loss_bcs: 5.622e-08, Loss_res: 1.532e+00 ,Time: 0.00
Compute NTK...
It: 22700, Loss: 1.524e+00, Loss_bcs: 5.553e-08, Loss_res: 1.523e+00 ,Time: 0.00
Compute NTK...
It: 22800, Loss: 1.516e+00, Loss_bcs: 5.535e-08, Loss_res: 1.515e+00 ,Time: 0.00
Compute NTK...
It: 22900, Loss: 1.508e+00, Loss_bcs: 5.475e-08, Loss_res: 1.508e+00 ,Time: 0.00
Compute NTK...
It: 23000, Loss: 1.500e+00, Loss_bcs: 5.458e-08, Loss_res: 1.500e+00 ,Time: 0.00
Compute NTK...
It: 23100, Loss: 1.492e+00, Loss_bcs: 5.343e-08, Loss_res: 1.492e+00 ,Time: 0.00
Compute NTK...
It: 23200, Loss: 1.484e+00, Loss_bcs: 5.305e-08, Loss_res: 1.484e+00 ,Time: 0.00
Compute NTK...
It: 23300, Loss: 1.477e+00, Loss_bcs: 5.261e-08, Loss_res: 1.477e+00 ,Time: 0.00
Compute NTK...
It: 23400, Loss: 1.469e+00, Loss_bcs: 5.185e-08, Loss_res: 1.469e+00 ,Time: 0.00
Compute NTK...
It: 23500, Loss: 1.462e+00, Loss_bcs: 5.061e-08, Loss_res: 1.462e+00 ,Time: 0.00
Compute NTK...
It: 23600, Loss: 1.454e+00, Loss_bcs: 5.114e-08, Loss_res: 1.454e+00 ,Time: 0.00
Compute NTK...
It: 23700, Loss: 1.447e+00, Loss_bcs: 5.025e-08, Loss_res: 1.447e+00 ,Time: 0.00
Compute NTK...
It: 23800, Loss: 1.440e+00, Loss_bcs: 4.959e-08, Loss_res: 1.440e+00 ,Time: 0.00
Compute NTK...
It: 23900, Loss: 1.432e+00, Loss_bcs: 4.944e-08, Loss_res: 1.432e+00 ,Time: 0.00
Compute NTK...
It: 24000, Loss: 1.425e+00, Loss_bcs: 4.867e-08, Loss_res: 1.425e+00 ,Time: 0.00
Compute NTK...
It: 24100, Loss: 1.418e+00, Loss_bcs: 4.829e-08, Loss_res: 1.418e+00 ,Time: 0.00
Compute NTK...
It: 24200, Loss: 1.411e+00, Loss_bcs: 4.769e-08, Loss_res: 1.411e+00 ,Time: 0.00
Compute NTK...
It: 24300, Loss: 1.404e+00, Loss_bcs: 4.757e-08, Loss_res: 1.404e+00 ,Time: 0.00
Compute NTK...
It: 24400, Loss: 1.397e+00, Loss_bcs: 4.666e-08, Loss_res: 1.397e+00 ,Time: 0.00
Compute NTK...
It: 24500, Loss: 1.390e+00, Loss_bcs: 4.671e-08, Loss_res: 1.390e+00 ,Time: 0.00
Compute NTK...
It: 24600, Loss: 1.384e+00, Loss_bcs: 4.594e-08, Loss_res: 1.384e+00 ,Time: 0.00
Compute NTK...
It: 24700, Loss: 1.377e+00, Loss_bcs: 4.571e-08, Loss_res: 1.377e+00 ,Time: 0.00
Compute NTK...
It: 24800, Loss: 1.370e+00, Loss_bcs: 4.462e-08, Loss_res: 1.370e+00 ,Time: 0.00
Compute NTK...
It: 24900, Loss: 1.364e+00, Loss_bcs: 4.491e-08, Loss_res: 1.364e+00 ,Time: 0.00
Compute NTK...
It: 25000, Loss: 1.357e+00, Loss_bcs: 4.398e-08, Loss_res: 1.357e+00 ,Time: 0.00
Compute NTK...
It: 25100, Loss: 1.351e+00, Loss_bcs: 4.384e-08, Loss_res: 1.351e+00 ,Time: 0.00
Compute NTK...
It: 25200, Loss: 1.344e+00, Loss_bcs: 4.351e-08, Loss_res: 1.344e+00 ,Time: 0.00
Compute NTK...
It: 25300, Loss: 1.338e+00, Loss_bcs: 4.268e-08, Loss_res: 1.338e+00 ,Time: 0.00
Compute NTK...
It: 25400, Loss: 1.332e+00, Loss_bcs: 4.254e-08, Loss_res: 1.332e+00 ,Time: 0.00
Compute NTK...
It: 25500, Loss: 1.325e+00, Loss_bcs: 4.252e-08, Loss_res: 1.325e+00 ,Time: 0.00
Compute NTK...
It: 25600, Loss: 1.319e+00, Loss_bcs: 4.202e-08, Loss_res: 1.319e+00 ,Time: 0.00
Compute NTK...
It: 25700, Loss: 1.313e+00, Loss_bcs: 4.186e-08, Loss_res: 1.313e+00 ,Time: 0.00
Compute NTK...
It: 25800, Loss: 1.307e+00, Loss_bcs: 4.138e-08, Loss_res: 1.307e+00 ,Time: 0.00
Compute NTK...
It: 25900, Loss: 1.301e+00, Loss_bcs: 4.019e-08, Loss_res: 1.301e+00 ,Time: 0.00
Compute NTK...
It: 26000, Loss: 1.295e+00, Loss_bcs: 4.011e-08, Loss_res: 1.295e+00 ,Time: 0.00
Compute NTK...
It: 26100, Loss: 1.289e+00, Loss_bcs: 3.929e-08, Loss_res: 1.289e+00 ,Time: 0.00
Compute NTK...
It: 26200, Loss: 1.283e+00, Loss_bcs: 3.946e-08, Loss_res: 1.283e+00 ,Time: 0.00
Compute NTK...
It: 26300, Loss: 1.277e+00, Loss_bcs: 3.919e-08, Loss_res: 1.277e+00 ,Time: 0.00
Compute NTK...
It: 26400, Loss: 1.271e+00, Loss_bcs: 3.889e-08, Loss_res: 1.271e+00 ,Time: 0.00
Compute NTK...
It: 26500, Loss: 1.266e+00, Loss_bcs: 3.860e-08, Loss_res: 1.266e+00 ,Time: 0.00
Compute NTK...
It: 26600, Loss: 1.260e+00, Loss_bcs: 3.787e-08, Loss_res: 1.260e+00 ,Time: 0.00
Compute NTK...
It: 26700, Loss: 1.254e+00, Loss_bcs: 3.796e-08, Loss_res: 1.254e+00 ,Time: 0.00
Compute NTK...
It: 26800, Loss: 1.249e+00, Loss_bcs: 3.723e-08, Loss_res: 1.249e+00 ,Time: 0.00
Compute NTK...
It: 26900, Loss: 1.243e+00, Loss_bcs: 3.669e-08, Loss_res: 1.243e+00 ,Time: 0.00
Compute NTK...
It: 27000, Loss: 1.237e+00, Loss_bcs: 3.683e-08, Loss_res: 1.237e+00 ,Time: 0.00
Compute NTK...
It: 27100, Loss: 1.232e+00, Loss_bcs: 3.665e-08, Loss_res: 1.232e+00 ,Time: 0.00
Compute NTK...
It: 27200, Loss: 1.226e+00, Loss_bcs: 3.599e-08, Loss_res: 1.226e+00 ,Time: 0.00
Compute NTK...
It: 27300, Loss: 1.221e+00, Loss_bcs: 3.598e-08, Loss_res: 1.221e+00 ,Time: 0.00
Compute NTK...
It: 27400, Loss: 1.216e+00, Loss_bcs: 3.553e-08, Loss_res: 1.216e+00 ,Time: 0.00
Compute NTK...
It: 27500, Loss: 1.210e+00, Loss_bcs: 3.494e-08, Loss_res: 1.210e+00 ,Time: 0.00
Compute NTK...
It: 27600, Loss: 1.205e+00, Loss_bcs: 3.451e-08, Loss_res: 1.205e+00 ,Time: 0.00
Compute NTK...
It: 27700, Loss: 1.200e+00, Loss_bcs: 3.433e-08, Loss_res: 1.200e+00 ,Time: 0.00
Compute NTK...
It: 27800, Loss: 1.195e+00, Loss_bcs: 3.423e-08, Loss_res: 1.195e+00 ,Time: 0.00
Compute NTK...
It: 27900, Loss: 1.189e+00, Loss_bcs: 3.404e-08, Loss_res: 1.189e+00 ,Time: 0.00
Compute NTK...
It: 28000, Loss: 1.184e+00, Loss_bcs: 3.417e-08, Loss_res: 1.184e+00 ,Time: 0.00
Compute NTK...
It: 28100, Loss: 1.179e+00, Loss_bcs: 3.335e-08, Loss_res: 1.179e+00 ,Time: 0.00
Compute NTK...
It: 28200, Loss: 1.174e+00, Loss_bcs: 3.301e-08, Loss_res: 1.174e+00 ,Time: 0.00
Compute NTK...
It: 28300, Loss: 1.169e+00, Loss_bcs: 3.261e-08, Loss_res: 1.169e+00 ,Time: 0.00
Compute NTK...
It: 28400, Loss: 1.164e+00, Loss_bcs: 3.243e-08, Loss_res: 1.164e+00 ,Time: 0.00
Compute NTK...
It: 28500, Loss: 1.159e+00, Loss_bcs: 3.211e-08, Loss_res: 1.159e+00 ,Time: 0.00
Compute NTK...
It: 28600, Loss: 1.154e+00, Loss_bcs: 3.166e-08, Loss_res: 1.154e+00 ,Time: 0.00
Compute NTK...
It: 28700, Loss: 1.150e+00, Loss_bcs: 3.126e-08, Loss_res: 1.150e+00 ,Time: 0.00
Compute NTK...
It: 28800, Loss: 1.145e+00, Loss_bcs: 3.097e-08, Loss_res: 1.145e+00 ,Time: 0.00
Compute NTK...
It: 28900, Loss: 1.140e+00, Loss_bcs: 3.126e-08, Loss_res: 1.140e+00 ,Time: 0.00
Compute NTK...
It: 29000, Loss: 1.135e+00, Loss_bcs: 3.102e-08, Loss_res: 1.135e+00 ,Time: 0.00
Compute NTK...
It: 29100, Loss: 1.130e+00, Loss_bcs: 3.120e-08, Loss_res: 1.130e+00 ,Time: 0.00
Compute NTK...
It: 29200, Loss: 1.126e+00, Loss_bcs: 3.081e-08, Loss_res: 1.126e+00 ,Time: 0.00
Compute NTK...
It: 29300, Loss: 1.121e+00, Loss_bcs: 3.026e-08, Loss_res: 1.121e+00 ,Time: 0.00
Compute NTK...
It: 29400, Loss: 1.116e+00, Loss_bcs: 2.993e-08, Loss_res: 1.116e+00 ,Time: 0.00
Compute NTK...
It: 29500, Loss: 1.112e+00, Loss_bcs: 2.957e-08, Loss_res: 1.112e+00 ,Time: 0.00
Compute NTK...
It: 29600, Loss: 1.107e+00, Loss_bcs: 2.966e-08, Loss_res: 1.107e+00 ,Time: 0.00
Compute NTK...
It: 29700, Loss: 1.103e+00, Loss_bcs: 2.981e-08, Loss_res: 1.103e+00 ,Time: 0.00
Compute NTK...
It: 29800, Loss: 1.098e+00, Loss_bcs: 2.936e-08, Loss_res: 1.098e+00 ,Time: 0.00
Compute NTK...
It: 29900, Loss: 1.094e+00, Loss_bcs: 2.893e-08, Loss_res: 1.094e+00 ,Time: 0.00
Compute NTK...
It: 30000, Loss: 1.089e+00, Loss_bcs: 2.858e-08, Loss_res: 1.089e+00 ,Time: 0.00
Compute NTK...
It: 30100, Loss: 1.085e+00, Loss_bcs: 2.834e-08, Loss_res: 1.085e+00 ,Time: 0.00
Compute NTK...
It: 30200, Loss: 1.081e+00, Loss_bcs: 2.819e-08, Loss_res: 1.081e+00 ,Time: 0.00
Compute NTK...
It: 30300, Loss: 1.076e+00, Loss_bcs: 2.802e-08, Loss_res: 1.076e+00 ,Time: 0.00
Compute NTK...
It: 30400, Loss: 1.072e+00, Loss_bcs: 2.812e-08, Loss_res: 1.072e+00 ,Time: 0.00
Compute NTK...
It: 30500, Loss: 1.068e+00, Loss_bcs: 2.792e-08, Loss_res: 1.068e+00 ,Time: 0.00
Compute NTK...
It: 30600, Loss: 1.063e+00, Loss_bcs: 2.732e-08, Loss_res: 1.063e+00 ,Time: 0.00
Compute NTK...
It: 30700, Loss: 1.059e+00, Loss_bcs: 2.678e-08, Loss_res: 1.059e+00 ,Time: 0.00
Compute NTK...
It: 30800, Loss: 1.055e+00, Loss_bcs: 2.656e-08, Loss_res: 1.055e+00 ,Time: 0.00
Compute NTK...
It: 30900, Loss: 1.051e+00, Loss_bcs: 2.619e-08, Loss_res: 1.051e+00 ,Time: 0.00
Compute NTK...
It: 31000, Loss: 1.047e+00, Loss_bcs: 2.645e-08, Loss_res: 1.047e+00 ,Time: 0.00
Compute NTK...
It: 31100, Loss: 1.043e+00, Loss_bcs: 2.595e-08, Loss_res: 1.043e+00 ,Time: 0.00
Compute NTK...
It: 31200, Loss: 1.038e+00, Loss_bcs: 2.593e-08, Loss_res: 1.038e+00 ,Time: 0.00
Compute NTK...
It: 31300, Loss: 1.034e+00, Loss_bcs: 2.604e-08, Loss_res: 1.034e+00 ,Time: 0.00
Compute NTK...
It: 31400, Loss: 1.030e+00, Loss_bcs: 2.631e-08, Loss_res: 1.030e+00 ,Time: 0.00
Compute NTK...
It: 31500, Loss: 1.026e+00, Loss_bcs: 2.561e-08, Loss_res: 1.026e+00 ,Time: 0.00
Compute NTK...
It: 31600, Loss: 1.022e+00, Loss_bcs: 2.547e-08, Loss_res: 1.022e+00 ,Time: 0.00
Compute NTK...
It: 31700, Loss: 1.019e+00, Loss_bcs: 2.526e-08, Loss_res: 1.019e+00 ,Time: 0.00
Compute NTK...
It: 31800, Loss: 1.015e+00, Loss_bcs: 2.532e-08, Loss_res: 1.015e+00 ,Time: 0.00
Compute NTK...
It: 31900, Loss: 1.011e+00, Loss_bcs: 2.475e-08, Loss_res: 1.011e+00 ,Time: 0.00
Compute NTK...
It: 32000, Loss: 1.007e+00, Loss_bcs: 2.452e-08, Loss_res: 1.007e+00 ,Time: 0.00
Compute NTK...
It: 32100, Loss: 1.003e+00, Loss_bcs: 2.442e-08, Loss_res: 1.003e+00 ,Time: 0.00
Compute NTK...
It: 32200, Loss: 9.992e-01, Loss_bcs: 2.455e-08, Loss_res: 9.992e-01 ,Time: 0.00
Compute NTK...
It: 32300, Loss: 9.954e-01, Loss_bcs: 2.371e-08, Loss_res: 9.954e-01 ,Time: 0.00
Compute NTK...
It: 32400, Loss: 9.916e-01, Loss_bcs: 2.378e-08, Loss_res: 9.916e-01 ,Time: 0.00
Compute NTK...
It: 32500, Loss: 9.879e-01, Loss_bcs: 2.366e-08, Loss_res: 9.879e-01 ,Time: 0.00
Compute NTK...
It: 32600, Loss: 9.842e-01, Loss_bcs: 2.336e-08, Loss_res: 9.842e-01 ,Time: 0.00
Compute NTK...
It: 32700, Loss: 9.805e-01, Loss_bcs: 2.298e-08, Loss_res: 9.805e-01 ,Time: 0.00
Compute NTK...
It: 32800, Loss: 9.768e-01, Loss_bcs: 2.352e-08, Loss_res: 9.768e-01 ,Time: 0.00
Compute NTK...
It: 32900, Loss: 9.732e-01, Loss_bcs: 2.289e-08, Loss_res: 9.732e-01 ,Time: 0.00
Compute NTK...
It: 33000, Loss: 9.696e-01, Loss_bcs: 2.317e-08, Loss_res: 9.696e-01 ,Time: 0.00
Compute NTK...
It: 33100, Loss: 9.659e-01, Loss_bcs: 2.287e-08, Loss_res: 9.659e-01 ,Time: 0.00
Compute NTK...
It: 33200, Loss: 9.624e-01, Loss_bcs: 2.325e-08, Loss_res: 9.624e-01 ,Time: 0.00
Compute NTK...
It: 33300, Loss: 9.588e-01, Loss_bcs: 2.229e-08, Loss_res: 9.588e-01 ,Time: 0.00
Compute NTK...
It: 33400, Loss: 9.553e-01, Loss_bcs: 2.208e-08, Loss_res: 9.553e-01 ,Time: 0.00
Compute NTK...
It: 33500, Loss: 9.517e-01, Loss_bcs: 2.252e-08, Loss_res: 9.517e-01 ,Time: 0.00
Compute NTK...
It: 33600, Loss: 9.483e-01, Loss_bcs: 2.245e-08, Loss_res: 9.482e-01 ,Time: 0.00
Compute NTK...
It: 33700, Loss: 9.448e-01, Loss_bcs: 2.168e-08, Loss_res: 9.448e-01 ,Time: 0.00
Compute NTK...
It: 33800, Loss: 9.414e-01, Loss_bcs: 2.156e-08, Loss_res: 9.414e-01 ,Time: 0.00
Compute NTK...
It: 33900, Loss: 9.379e-01, Loss_bcs: 2.134e-08, Loss_res: 9.379e-01 ,Time: 0.00
Compute NTK...
It: 34000, Loss: 9.346e-01, Loss_bcs: 2.133e-08, Loss_res: 9.346e-01 ,Time: 0.00
Compute NTK...
It: 34100, Loss: 9.312e-01, Loss_bcs: 2.135e-08, Loss_res: 9.312e-01 ,Time: 0.00
Compute NTK...
It: 34200, Loss: 9.278e-01, Loss_bcs: 2.072e-08, Loss_res: 9.278e-01 ,Time: 0.00
Compute NTK...
It: 34300, Loss: 9.245e-01, Loss_bcs: 2.093e-08, Loss_res: 9.245e-01 ,Time: 0.00
Compute NTK...
It: 34400, Loss: 9.212e-01, Loss_bcs: 2.115e-08, Loss_res: 9.212e-01 ,Time: 0.00
Compute NTK...
It: 34500, Loss: 9.179e-01, Loss_bcs: 2.088e-08, Loss_res: 9.179e-01 ,Time: 0.00
Compute NTK...
It: 34600, Loss: 9.146e-01, Loss_bcs: 2.062e-08, Loss_res: 9.146e-01 ,Time: 0.00
Compute NTK...
It: 34700, Loss: 9.114e-01, Loss_bcs: 2.051e-08, Loss_res: 9.113e-01 ,Time: 0.00
Compute NTK...
It: 34800, Loss: 9.081e-01, Loss_bcs: 2.034e-08, Loss_res: 9.081e-01 ,Time: 0.00
Compute NTK...
It: 34900, Loss: 9.049e-01, Loss_bcs: 2.079e-08, Loss_res: 9.049e-01 ,Time: 0.00
Compute NTK...
It: 35000, Loss: 9.017e-01, Loss_bcs: 1.997e-08, Loss_res: 9.017e-01 ,Time: 0.00
Compute NTK...
It: 35100, Loss: 8.985e-01, Loss_bcs: 1.977e-08, Loss_res: 8.985e-01 ,Time: 0.00
Compute NTK...
It: 35200, Loss: 8.954e-01, Loss_bcs: 1.954e-08, Loss_res: 8.954e-01 ,Time: 0.00
Compute NTK...
It: 35300, Loss: 8.922e-01, Loss_bcs: 1.929e-08, Loss_res: 8.922e-01 ,Time: 0.00
Compute NTK...
It: 35400, Loss: 8.891e-01, Loss_bcs: 1.963e-08, Loss_res: 8.891e-01 ,Time: 0.00
Compute NTK...
It: 35500, Loss: 8.861e-01, Loss_bcs: 1.943e-08, Loss_res: 8.860e-01 ,Time: 0.00
Compute NTK...
It: 35600, Loss: 8.830e-01, Loss_bcs: 1.908e-08, Loss_res: 8.830e-01 ,Time: 0.00
Compute NTK...
It: 35700, Loss: 8.799e-01, Loss_bcs: 1.876e-08, Loss_res: 8.799e-01 ,Time: 0.00
Compute NTK...
It: 35800, Loss: 8.769e-01, Loss_bcs: 1.905e-08, Loss_res: 8.769e-01 ,Time: 0.00
Compute NTK...
It: 35900, Loss: 8.739e-01, Loss_bcs: 1.869e-08, Loss_res: 8.739e-01 ,Time: 0.00
Compute NTK...
It: 36000, Loss: 8.709e-01, Loss_bcs: 1.906e-08, Loss_res: 8.709e-01 ,Time: 0.00
Compute NTK...
It: 36100, Loss: 8.679e-01, Loss_bcs: 1.885e-08, Loss_res: 8.679e-01 ,Time: 0.00
Compute NTK...
It: 36200, Loss: 8.650e-01, Loss_bcs: 1.897e-08, Loss_res: 8.650e-01 ,Time: 0.00
Compute NTK...
It: 36300, Loss: 8.620e-01, Loss_bcs: 1.879e-08, Loss_res: 8.620e-01 ,Time: 0.00
Compute NTK...
It: 36400, Loss: 8.591e-01, Loss_bcs: 1.828e-08, Loss_res: 8.591e-01 ,Time: 0.00
Compute NTK...
It: 36500, Loss: 8.562e-01, Loss_bcs: 1.816e-08, Loss_res: 8.562e-01 ,Time: 0.00
Compute NTK...
It: 36600, Loss: 8.533e-01, Loss_bcs: 1.787e-08, Loss_res: 8.533e-01 ,Time: 0.00
Compute NTK...
It: 36700, Loss: 8.504e-01, Loss_bcs: 1.831e-08, Loss_res: 8.504e-01 ,Time: 0.00
Compute NTK...
It: 36800, Loss: 8.476e-01, Loss_bcs: 1.803e-08, Loss_res: 8.476e-01 ,Time: 0.00
Compute NTK...
It: 36900, Loss: 8.447e-01, Loss_bcs: 1.777e-08, Loss_res: 8.447e-01 ,Time: 0.00
Compute NTK...
It: 37000, Loss: 8.419e-01, Loss_bcs: 1.782e-08, Loss_res: 8.419e-01 ,Time: 0.00
Compute NTK...
It: 37100, Loss: 8.391e-01, Loss_bcs: 1.765e-08, Loss_res: 8.391e-01 ,Time: 0.00
Compute NTK...
It: 37200, Loss: 8.363e-01, Loss_bcs: 1.745e-08, Loss_res: 8.363e-01 ,Time: 0.00
Compute NTK...
It: 37300, Loss: 8.335e-01, Loss_bcs: 1.733e-08, Loss_res: 8.335e-01 ,Time: 0.00
Compute NTK...
It: 37400, Loss: 8.308e-01, Loss_bcs: 1.736e-08, Loss_res: 8.308e-01 ,Time: 0.00
Compute NTK...
It: 37500, Loss: 8.281e-01, Loss_bcs: 1.715e-08, Loss_res: 8.280e-01 ,Time: 0.00
Compute NTK...
It: 37600, Loss: 8.253e-01, Loss_bcs: 1.692e-08, Loss_res: 8.253e-01 ,Time: 0.00
Compute NTK...
It: 37700, Loss: 8.226e-01, Loss_bcs: 1.713e-08, Loss_res: 8.226e-01 ,Time: 0.00
Compute NTK...
It: 37800, Loss: 8.199e-01, Loss_bcs: 1.718e-08, Loss_res: 8.199e-01 ,Time: 0.00
Compute NTK...
It: 37900, Loss: 8.173e-01, Loss_bcs: 1.739e-08, Loss_res: 8.173e-01 ,Time: 0.00
Compute NTK...
It: 38000, Loss: 8.146e-01, Loss_bcs: 1.702e-08, Loss_res: 8.146e-01 ,Time: 0.00
Compute NTK...
It: 38100, Loss: 8.119e-01, Loss_bcs: 1.656e-08, Loss_res: 8.119e-01 ,Time: 0.00
Compute NTK...
It: 38200, Loss: 8.093e-01, Loss_bcs: 1.641e-08, Loss_res: 8.093e-01 ,Time: 0.00
Compute NTK...
It: 38300, Loss: 8.067e-01, Loss_bcs: 1.600e-08, Loss_res: 8.067e-01 ,Time: 0.00
Compute NTK...
It: 38400, Loss: 8.041e-01, Loss_bcs: 1.610e-08, Loss_res: 8.041e-01 ,Time: 0.00
Compute NTK...
It: 38500, Loss: 8.015e-01, Loss_bcs: 1.593e-08, Loss_res: 8.015e-01 ,Time: 0.00
Compute NTK...
It: 38600, Loss: 7.989e-01, Loss_bcs: 1.592e-08, Loss_res: 7.989e-01 ,Time: 0.00
Compute NTK...
It: 38700, Loss: 7.963e-01, Loss_bcs: 1.582e-08, Loss_res: 7.963e-01 ,Time: 0.00
Compute NTK...
It: 38800, Loss: 7.938e-01, Loss_bcs: 1.576e-08, Loss_res: 7.938e-01 ,Time: 0.00
Compute NTK...
It: 38900, Loss: 7.913e-01, Loss_bcs: 1.562e-08, Loss_res: 7.913e-01 ,Time: 0.00
Compute NTK...
It: 39000, Loss: 7.888e-01, Loss_bcs: 1.574e-08, Loss_res: 7.888e-01 ,Time: 0.00
Compute NTK...
It: 39100, Loss: 7.863e-01, Loss_bcs: 1.578e-08, Loss_res: 7.863e-01 ,Time: 0.00
Compute NTK...
It: 39200, Loss: 7.838e-01, Loss_bcs: 1.579e-08, Loss_res: 7.838e-01 ,Time: 0.00
Compute NTK...
It: 39300, Loss: 7.813e-01, Loss_bcs: 1.511e-08, Loss_res: 7.813e-01 ,Time: 0.00
Compute NTK...
It: 39400, Loss: 7.789e-01, Loss_bcs: 1.530e-08, Loss_res: 7.789e-01 ,Time: 0.00
Compute NTK...
It: 39500, Loss: 7.764e-01, Loss_bcs: 1.521e-08, Loss_res: 7.764e-01 ,Time: 0.01
Compute NTK...
It: 39600, Loss: 7.740e-01, Loss_bcs: 1.503e-08, Loss_res: 7.740e-01 ,Time: 0.00
Compute NTK...
It: 39700, Loss: 7.716e-01, Loss_bcs: 1.535e-08, Loss_res: 7.716e-01 ,Time: 0.00
Compute NTK...
It: 39800, Loss: 7.692e-01, Loss_bcs: 1.484e-08, Loss_res: 7.692e-01 ,Time: 0.00
Compute NTK...
It: 39900, Loss: 7.668e-01, Loss_bcs: 1.472e-08, Loss_res: 7.668e-01 ,Time: 0.00
Compute NTK...
Gradients information stored ...
It: 40000, Loss: 7.644e-01, Loss_bcs: 1.467e-08, Loss_res: 7.644e-01 ,Time: 0.32
Compute NTK...
elapsed: 6.99e+01
Relative L2 error_u: 5.28e-04
Relative L2 error_r: 6.84e-03
elapsed: 6.99e+01
Relative L2 error_u: 5.28e-04
Relative L2 error_v: 6.84e-03
Save uv NN parameters successfully in %s ...checkpoints/Dec-10-2023_14-25-29-670758_M1
Final loss total loss: 7.643907e-01
Final loss loss_res: 7.643834e-01
Final loss loss_bcs: 1.467345e-08
