It: 0 |  Loss: 2.502e+01 |  Loss_res: 7.250e+00 |   Loss_bcs1: 2.506e+00 | Loss_bc2s: 2.701e+00 |  loss_ics_u: 5.458e+00 |  Loss_ut_ics: 7.102e+00 |  Time: 1.59
adaptive_constant_res_val: 4.728e-01
adaptive_constant_ics_val: 1.219e+00
adaptive_constant_bcs_val: 1.122e+00
Gradients information stored ...
It: 10 |  Loss: 1.372e+00 |  Loss_res: 1.256e-01 |   Loss_bcs1: 1.111e-01 | Loss_bc2s: 4.566e-01 |  loss_ics_u: 3.907e-01 |  Loss_ut_ics: 2.707e-01 |  Time: 8.08
adaptive_constant_res_val: 2.639e-02
adaptive_constant_ics_val: 4.203e-01
adaptive_constant_bcs_val: 4.246e-01
It: 20 |  Loss: 4.670e-01 |  Loss_res: 8.251e-03 |   Loss_bcs1: 2.195e-02 | Loss_bc2s: 7.613e-02 |  loss_ics_u: 3.358e-01 |  Loss_ut_ics: 4.684e-02 |  Time: 0.31
adaptive_constant_res_val: 3.762e-03
adaptive_constant_ics_val: 1.518e-01
adaptive_constant_bcs_val: 2.087e-01
It: 30 |  Loss: 4.315e-01 |  Loss_res: 3.436e-03 |   Loss_bcs1: 6.393e-02 | Loss_bc2s: 1.048e-02 |  loss_ics_u: 4.042e-01 |  Loss_ut_ics: 8.358e-03 |  Time: 0.31
adaptive_constant_res_val: 1.778e-03
adaptive_constant_ics_val: 1.817e-01
adaptive_constant_bcs_val: 6.270e-02
It: 40 |  Loss: 3.142e-01 |  Loss_res: 1.060e-03 |   Loss_bcs1: 5.701e-02 | Loss_bc2s: 1.349e-02 |  loss_ics_u: 3.207e-01 |  Loss_ut_ics: 1.502e-03 |  Time: 0.34
adaptive_constant_res_val: 8.405e-04
adaptive_constant_ics_val: 2.492e-01
adaptive_constant_bcs_val: 4.522e-02
It: 50 |  Loss: 3.032e-01 |  Loss_res: 7.932e-04 |   Loss_bcs1: 2.467e-02 | Loss_bc2s: 4.417e-02 |  loss_ics_u: 3.407e-01 |  Loss_ut_ics: 8.837e-03 |  Time: 0.30
adaptive_constant_res_val: 6.932e-04
adaptive_constant_ics_val: 6.792e-02
adaptive_constant_bcs_val: 3.561e-02
It: 60 |  Loss: 2.566e-01 |  Loss_res: 1.083e-03 |   Loss_bcs1: 6.861e-02 | Loss_bc2s: 1.931e-02 |  loss_ics_u: 2.677e-01 |  Loss_ut_ics: 3.376e-02 |  Time: 0.35
adaptive_constant_res_val: 1.087e-03
adaptive_constant_ics_val: 5.438e-02
adaptive_constant_bcs_val: 1.066e-01
It: 70 |  Loss: 2.688e-01 |  Loss_res: 1.637e-03 |   Loss_bcs1: 4.033e-02 | Loss_bc2s: 2.860e-02 |  loss_ics_u: 3.448e-01 |  Loss_ut_ics: 3.118e-02 |  Time: 0.34
adaptive_constant_res_val: 1.521e-03
adaptive_constant_ics_val: 7.828e-02
adaptive_constant_bcs_val: 9.342e-02
It: 80 |  Loss: 2.367e-01 |  Loss_res: 8.737e-04 |   Loss_bcs1: 5.477e-02 | Loss_bc2s: 2.255e-02 |  loss_ics_u: 3.272e-01 |  Loss_ut_ics: 2.474e-02 |  Time: 0.36
adaptive_constant_res_val: 7.920e-04
adaptive_constant_ics_val: 4.543e-02
adaptive_constant_bcs_val: 5.172e-02
It: 90 |  Loss: 2.048e-01 |  Loss_res: 7.933e-04 |   Loss_bcs1: 4.483e-02 | Loss_bc2s: 2.544e-02 |  loss_ics_u: 3.276e-01 |  Loss_ut_ics: 1.091e-02 |  Time: 0.35
adaptive_constant_res_val: 2.651e-04
adaptive_constant_ics_val: 2.263e-02
adaptive_constant_bcs_val: 1.613e-02
It: 100 |  Loss: 1.861e-01 |  Loss_res: 1.124e-03 |   Loss_bcs1: 4.203e-02 | Loss_bc2s: 2.837e-02 |  loss_ics_u: 3.316e-01 |  Loss_ut_ics: 8.363e-03 |  Time: 0.37
adaptive_constant_res_val: 1.979e-04
adaptive_constant_ics_val: 1.909e-02
adaptive_constant_bcs_val: 1.370e-02
Gradients information stored ...
It: 110 |  Loss: 1.680e-01 |  Loss_res: 1.207e-03 |   Loss_bcs1: 4.453e-02 | Loss_bc2s: 2.332e-02 |  loss_ics_u: 3.266e-01 |  Loss_ut_ics: 1.514e-02 |  Time: 5.00
adaptive_constant_res_val: 3.318e-04
adaptive_constant_ics_val: 2.360e-02
adaptive_constant_bcs_val: 2.029e-02
It: 120 |  Loss: 1.533e-01 |  Loss_res: 1.858e-03 |   Loss_bcs1: 5.058e-02 | Loss_bc2s: 2.679e-02 |  loss_ics_u: 3.232e-01 |  Loss_ut_ics: 1.040e-02 |  Time: 0.35
adaptive_constant_res_val: 1.930e-04
adaptive_constant_ics_val: 1.647e-02
adaptive_constant_bcs_val: 1.245e-02
It: 130 |  Loss: 1.406e-01 |  Loss_res: 2.286e-03 |   Loss_bcs1: 5.584e-02 | Loss_bc2s: 3.085e-02 |  loss_ics_u: 3.143e-01 |  Loss_ut_ics: 1.436e-02 |  Time: 0.39
adaptive_constant_res_val: 2.388e-04
adaptive_constant_ics_val: 1.739e-02
adaptive_constant_bcs_val: 2.027e-02
It: 140 |  Loss: 1.193e-01 |  Loss_res: 2.721e-03 |   Loss_bcs1: 4.548e-02 | Loss_bc2s: 2.876e-02 |  loss_ics_u: 2.970e-01 |  Loss_ut_ics: 1.509e-02 |  Time: 0.33
adaptive_constant_res_val: 3.104e-04
adaptive_constant_ics_val: 2.209e-02
adaptive_constant_bcs_val: 2.225e-02
It: 150 |  Loss: 1.100e-01 |  Loss_res: 2.635e-03 |   Loss_bcs1: 5.061e-02 | Loss_bc2s: 2.177e-02 |  loss_ics_u: 3.141e-01 |  Loss_ut_ics: 6.225e-03 |  Time: 0.33
adaptive_constant_res_val: 5.357e-04
adaptive_constant_ics_val: 6.643e-02
adaptive_constant_bcs_val: 3.523e-02
It: 160 |  Loss: 9.648e-02 |  Loss_res: 2.465e-03 |   Loss_bcs1: 4.085e-02 | Loss_bc2s: 3.019e-02 |  loss_ics_u: 2.944e-01 |  Loss_ut_ics: 1.078e-02 |  Time: 0.34
adaptive_constant_res_val: 7.538e-04
adaptive_constant_ics_val: 6.693e-02
adaptive_constant_bcs_val: 5.812e-02
It: 170 |  Loss: 9.192e-02 |  Loss_res: 3.196e-03 |   Loss_bcs1: 4.584e-02 | Loss_bc2s: 2.529e-02 |  loss_ics_u: 3.007e-01 |  Loss_ut_ics: 1.257e-02 |  Time: 0.35
adaptive_constant_res_val: 3.635e-04
adaptive_constant_ics_val: 2.895e-02
adaptive_constant_bcs_val: 2.457e-02
It: 180 |  Loss: 8.007e-02 |  Loss_res: 2.472e-03 |   Loss_bcs1: 4.197e-02 | Loss_bc2s: 2.097e-02 |  loss_ics_u: 3.013e-01 |  Loss_ut_ics: 5.264e-03 |  Time: 0.33
adaptive_constant_res_val: 5.165e-04
adaptive_constant_ics_val: 7.742e-02
adaptive_constant_bcs_val: 3.532e-02
It: 190 |  Loss: 6.986e-02 |  Loss_res: 2.603e-03 |   Loss_bcs1: 4.979e-02 | Loss_bc2s: 2.287e-02 |  loss_ics_u: 2.696e-01 |  Loss_ut_ics: 6.879e-03 |  Time: 0.35
adaptive_constant_res_val: 5.372e-04
adaptive_constant_ics_val: 6.433e-02
adaptive_constant_bcs_val: 5.845e-02
It: 200 |  Loss: 6.917e-02 |  Loss_res: 2.498e-03 |   Loss_bcs1: 3.305e-02 | Loss_bc2s: 2.798e-02 |  loss_ics_u: 2.970e-01 |  Loss_ut_ics: 1.343e-02 |  Time: 0.35
adaptive_constant_res_val: 3.663e-04
adaptive_constant_ics_val: 2.821e-02
adaptive_constant_bcs_val: 3.583e-02
It: 210 |  Loss: 6.586e-02 |  Loss_res: 2.433e-03 |   Loss_bcs1: 5.361e-02 | Loss_bc2s: 2.283e-02 |  loss_ics_u: 3.015e-01 |  Loss_ut_ics: 6.733e-03 |  Time: 0.34
adaptive_constant_res_val: 3.322e-04
adaptive_constant_ics_val: 4.113e-02
adaptive_constant_bcs_val: 2.935e-02
It: 220 |  Loss: 5.500e-02 |  Loss_res: 1.595e-03 |   Loss_bcs1: 5.768e-02 | Loss_bc2s: 2.457e-02 |  loss_ics_u: 2.612e-01 |  Loss_ut_ics: 9.188e-03 |  Time: 0.38
adaptive_constant_res_val: 4.033e-04
adaptive_constant_ics_val: 3.961e-02
adaptive_constant_bcs_val: 5.377e-02
It: 230 |  Loss: 5.682e-02 |  Loss_res: 1.752e-03 |   Loss_bcs1: 4.405e-02 | Loss_bc2s: 3.222e-02 |  loss_ics_u: 3.040e-01 |  Loss_ut_ics: 8.600e-03 |  Time: 0.35
adaptive_constant_res_val: 2.437e-04
adaptive_constant_ics_val: 2.421e-02
adaptive_constant_bcs_val: 2.059e-02
It: 240 |  Loss: 4.563e-02 |  Loss_res: 1.683e-03 |   Loss_bcs1: 5.163e-02 | Loss_bc2s: 2.992e-02 |  loss_ics_u: 2.516e-01 |  Loss_ut_ics: 6.268e-03 |  Time: 0.34
adaptive_constant_res_val: 5.145e-04
adaptive_constant_ics_val: 6.744e-02
adaptive_constant_bcs_val: 1.318e-01
It: 250 |  Loss: 4.786e-02 |  Loss_res: 1.888e-03 |   Loss_bcs1: 5.058e-02 | Loss_bc2s: 3.338e-02 |  loss_ics_u: 2.628e-01 |  Loss_ut_ics: 8.021e-03 |  Time: 0.34
adaptive_constant_res_val: 3.350e-04
adaptive_constant_ics_val: 3.542e-02
adaptive_constant_bcs_val: 4.841e-02
It: 260 |  Loss: 4.436e-02 |  Loss_res: 1.554e-03 |   Loss_bcs1: 4.863e-02 | Loss_bc2s: 3.306e-02 |  loss_ics_u: 2.611e-01 |  Loss_ut_ics: 9.753e-03 |  Time: 0.36
adaptive_constant_res_val: 5.674e-04
adaptive_constant_ics_val: 5.213e-02
adaptive_constant_bcs_val: 9.561e-02
It: 270 |  Loss: 4.302e-02 |  Loss_res: 1.458e-03 |   Loss_bcs1: 5.183e-02 | Loss_bc2s: 2.675e-02 |  loss_ics_u: 2.654e-01 |  Loss_ut_ics: 5.895e-03 |  Time: 0.34
adaptive_constant_res_val: 3.028e-04
adaptive_constant_ics_val: 3.873e-02
adaptive_constant_bcs_val: 3.479e-02
It: 280 |  Loss: 3.770e-02 |  Loss_res: 1.314e-03 |   Loss_bcs1: 4.446e-02 | Loss_bc2s: 3.298e-02 |  loss_ics_u: 2.424e-01 |  Loss_ut_ics: 9.913e-03 |  Time: 0.36
adaptive_constant_res_val: 3.086e-04
adaptive_constant_ics_val: 2.805e-02
adaptive_constant_bcs_val: 4.847e-02
It: 290 |  Loss: 3.591e-02 |  Loss_res: 1.243e-03 |   Loss_bcs1: 4.891e-02 | Loss_bc2s: 3.187e-02 |  loss_ics_u: 2.454e-01 |  Loss_ut_ics: 6.581e-03 |  Time: 0.36
adaptive_constant_res_val: 4.411e-04
adaptive_constant_ics_val: 5.121e-02
adaptive_constant_bcs_val: 6.553e-02
It: 300 |  Loss: 4.160e-02 |  Loss_res: 1.323e-03 |   Loss_bcs1: 5.143e-02 | Loss_bc2s: 2.643e-02 |  loss_ics_u: 3.172e-01 |  Loss_ut_ics: 6.582e-03 |  Time: 0.32
adaptive_constant_res_val: 5.002e-04
adaptive_constant_ics_val: 5.814e-02
adaptive_constant_bcs_val: 4.647e-02
It: 310 |  Loss: 3.738e-02 |  Loss_res: 1.118e-03 |   Loss_bcs1: 5.499e-02 | Loss_bc2s: 3.083e-02 |  loss_ics_u: 2.907e-01 |  Loss_ut_ics: 5.534e-03 |  Time: 0.33
adaptive_constant_res_val: 2.513e-04
adaptive_constant_ics_val: 3.201e-02
adaptive_constant_bcs_val: 3.444e-02
It: 320 |  Loss: 3.085e-02 |  Loss_res: 8.626e-04 |   Loss_bcs1: 5.052e-02 | Loss_bc2s: 2.637e-02 |  loss_ics_u: 2.510e-01 |  Loss_ut_ics: 9.788e-03 |  Time: 0.31
adaptive_constant_res_val: 2.352e-04
adaptive_constant_ics_val: 2.098e-02
adaptive_constant_bcs_val: 2.313e-02
It: 330 |  Loss: 3.294e-02 |  Loss_res: 8.669e-04 |   Loss_bcs1: 4.220e-02 | Loss_bc2s: 2.221e-02 |  loss_ics_u: 3.202e-01 |  Loss_ut_ics: 5.074e-03 |  Time: 0.31
adaptive_constant_res_val: 2.557e-04
adaptive_constant_ics_val: 3.578e-02
adaptive_constant_bcs_val: 1.779e-02
It: 340 |  Loss: 2.933e-02 |  Loss_res: 1.138e-03 |   Loss_bcs1: 4.643e-02 | Loss_bc2s: 2.973e-02 |  loss_ics_u: 2.875e-01 |  Loss_ut_ics: 7.883e-03 |  Time: 0.34
adaptive_constant_res_val: 1.190e-03
adaptive_constant_ics_val: 1.230e-01
adaptive_constant_bcs_val: 1.051e-01
It: 350 |  Loss: 2.653e-02 |  Loss_res: 7.768e-04 |   Loss_bcs1: 5.623e-02 | Loss_bc2s: 3.063e-02 |  loss_ics_u: 2.330e-01 |  Loss_ut_ics: 6.888e-03 |  Time: 0.31
adaptive_constant_res_val: 5.809e-04
adaptive_constant_ics_val: 6.352e-02
adaptive_constant_bcs_val: 3.463e-01
It: 360 |  Loss: 3.706e-02 |  Loss_res: 7.056e-04 |   Loss_bcs1: 5.009e-02 | Loss_bc2s: 3.027e-02 |  loss_ics_u: 2.614e-01 |  Loss_ut_ics: 3.572e-03 |  Time: 0.38
adaptive_constant_res_val: 1.493e-04
adaptive_constant_ics_val: 2.869e-02
adaptive_constant_bcs_val: 2.963e-02
It: 370 |  Loss: 3.323e-02 |  Loss_res: 8.278e-04 |   Loss_bcs1: 4.521e-02 | Loss_bc2s: 2.891e-02 |  loss_ics_u: 2.473e-01 |  Loss_ut_ics: 1.255e-02 |  Time: 0.38
adaptive_constant_res_val: 4.439e-04
adaptive_constant_ics_val: 3.377e-02
adaptive_constant_bcs_val: 8.160e-02
It: 380 |  Loss: 4.096e-02 |  Loss_res: 7.289e-04 |   Loss_bcs1: 4.969e-02 | Loss_bc2s: 3.403e-02 |  loss_ics_u: 3.295e-01 |  Loss_ut_ics: 6.138e-03 |  Time: 0.38
adaptive_constant_res_val: 1.328e-04
adaptive_constant_ics_val: 1.555e-02
adaptive_constant_bcs_val: 1.204e-02
It: 390 |  Loss: 3.224e-02 |  Loss_res: 7.041e-04 |   Loss_bcs1: 5.139e-02 | Loss_bc2s: 3.275e-02 |  loss_ics_u: 2.682e-01 |  Loss_ut_ics: 8.837e-03 |  Time: 0.37
adaptive_constant_res_val: 3.740e-04
adaptive_constant_ics_val: 3.512e-02
adaptive_constant_bcs_val: 4.173e-02
It: 400 |  Loss: 3.324e-02 |  Loss_res: 6.932e-04 |   Loss_bcs1: 5.144e-02 | Loss_bc2s: 2.947e-02 |  loss_ics_u: 3.061e-01 |  Loss_ut_ics: 5.118e-03 |  Time: 0.37
adaptive_constant_res_val: 3.544e-04
adaptive_constant_ics_val: 4.804e-02
adaptive_constant_bcs_val: 2.927e-02
It: 410 |  Loss: 2.601e-02 |  Loss_res: 6.145e-04 |   Loss_bcs1: 5.952e-02 | Loss_bc2s: 2.668e-02 |  loss_ics_u: 2.329e-01 |  Loss_ut_ics: 9.092e-03 |  Time: 0.36
adaptive_constant_res_val: 2.245e-04
adaptive_constant_ics_val: 2.042e-02
adaptive_constant_bcs_val: 3.615e-02
It: 420 |  Loss: 2.571e-02 |  Loss_res: 7.252e-04 |   Loss_bcs1: 4.690e-02 | Loss_bc2s: 3.292e-02 |  loss_ics_u: 2.541e-01 |  Loss_ut_ics: 6.705e-03 |  Time: 0.36
adaptive_constant_res_val: 2.685e-04
adaptive_constant_ics_val: 2.995e-02
adaptive_constant_bcs_val: 3.283e-02
It: 430 |  Loss: 2.687e-02 |  Loss_res: 4.803e-04 |   Loss_bcs1: 5.010e-02 | Loss_bc2s: 2.903e-02 |  loss_ics_u: 2.957e-01 |  Loss_ut_ics: 5.490e-03 |  Time: 0.37
adaptive_constant_res_val: 2.860e-04
adaptive_constant_ics_val: 3.850e-02
adaptive_constant_bcs_val: 5.041e-02
It: 440 |  Loss: 2.517e-02 |  Loss_res: 4.580e-04 |   Loss_bcs1: 3.997e-02 | Loss_bc2s: 2.784e-02 |  loss_ics_u: 2.925e-01 |  Loss_ut_ics: 6.266e-03 |  Time: 0.35
adaptive_constant_res_val: 1.370e-04
adaptive_constant_ics_val: 1.664e-02
adaptive_constant_bcs_val: 1.598e-02
It: 450 |  Loss: 2.254e-02 |  Loss_res: 3.871e-04 |   Loss_bcs1: 5.150e-02 | Loss_bc2s: 2.847e-02 |  loss_ics_u: 2.698e-01 |  Loss_ut_ics: 5.831e-03 |  Time: 0.35
adaptive_constant_res_val: 4.184e-04
adaptive_constant_ics_val: 5.280e-02
adaptive_constant_bcs_val: 5.486e-02
It: 460 |  Loss: 2.170e-02 |  Loss_res: 4.212e-04 |   Loss_bcs1: 4.526e-02 | Loss_bc2s: 2.874e-02 |  loss_ics_u: 2.660e-01 |  Loss_ut_ics: 5.688e-03 |  Time: 0.36
adaptive_constant_res_val: 3.377e-04
adaptive_constant_ics_val: 4.197e-02
adaptive_constant_bcs_val: 4.447e-02
It: 470 |  Loss: 1.933e-02 |  Loss_res: 3.636e-04 |   Loss_bcs1: 4.425e-02 | Loss_bc2s: 2.811e-02 |  loss_ics_u: 2.393e-01 |  Loss_ut_ics: 5.289e-03 |  Time: 0.36
adaptive_constant_res_val: 1.224e-04
adaptive_constant_ics_val: 1.709e-02
adaptive_constant_bcs_val: 1.802e-02
It: 480 |  Loss: 1.706e-02 |  Loss_res: 3.976e-04 |   Loss_bcs1: 5.252e-02 | Loss_bc2s: 2.501e-02 |  loss_ics_u: 2.165e-01 |  Loss_ut_ics: 5.434e-03 |  Time: 0.35
adaptive_constant_res_val: 3.595e-04
adaptive_constant_ics_val: 4.885e-02
adaptive_constant_bcs_val: 5.330e-02
It: 490 |  Loss: 2.284e-02 |  Loss_res: 4.028e-04 |   Loss_bcs1: 6.316e-02 | Loss_bc2s: 3.504e-02 |  loss_ics_u: 3.001e-01 |  Loss_ut_ics: 6.623e-03 |  Time: 0.37
adaptive_constant_res_val: 2.561e-04
adaptive_constant_ics_val: 2.806e-02
adaptive_constant_bcs_val: 3.008e-02
It: 500 |  Loss: 1.882e-02 |  Loss_res: 2.704e-04 |   Loss_bcs1: 4.856e-02 | Loss_bc2s: 2.919e-02 |  loss_ics_u: 2.695e-01 |  Loss_ut_ics: 3.059e-03 |  Time: 0.37
adaptive_constant_res_val: 2.453e-04
adaptive_constant_ics_val: 6.015e-02
adaptive_constant_bcs_val: 6.053e-02
It: 510 |  Loss: 2.111e-02 |  Loss_res: 3.015e-04 |   Loss_bcs1: 5.069e-02 | Loss_bc2s: 3.490e-02 |  loss_ics_u: 2.951e-01 |  Loss_ut_ics: 7.520e-03 |  Time: 0.41
adaptive_constant_res_val: 2.605e-04
adaptive_constant_ics_val: 2.656e-02
adaptive_constant_bcs_val: 3.009e-02
It: 520 |  Loss: 1.707e-02 |  Loss_res: 2.792e-04 |   Loss_bcs1: 5.305e-02 | Loss_bc2s: 3.119e-02 |  loss_ics_u: 2.368e-01 |  Loss_ut_ics: 6.662e-03 |  Time: 0.36
adaptive_constant_res_val: 1.742e-04
adaptive_constant_ics_val: 1.973e-02
adaptive_constant_bcs_val: 2.399e-02
It: 530 |  Loss: 1.438e-02 |  Loss_res: 2.770e-04 |   Loss_bcs1: 5.443e-02 | Loss_bc2s: 3.063e-02 |  loss_ics_u: 2.009e-01 |  Loss_ut_ics: 4.489e-03 |  Time: 0.36
adaptive_constant_res_val: 6.197e-04
adaptive_constant_ics_val: 9.990e-02
adaptive_constant_bcs_val: 1.233e-01
It: 540 |  Loss: 2.295e-02 |  Loss_res: 2.534e-04 |   Loss_bcs1: 4.743e-02 | Loss_bc2s: 3.364e-02 |  loss_ics_u: 3.190e-01 |  Loss_ut_ics: 5.008e-03 |  Time: 0.36
adaptive_constant_res_val: 7.807e-05
adaptive_constant_ics_val: 1.119e-02
adaptive_constant_bcs_val: 6.581e-03
It: 550 |  Loss: 1.956e-02 |  Loss_res: 2.543e-04 |   Loss_bcs1: 6.710e-02 | Loss_bc2s: 3.828e-02 |  loss_ics_u: 2.675e-01 |  Loss_ut_ics: 5.043e-03 |  Time: 0.38
adaptive_constant_res_val: 4.067e-04
adaptive_constant_ics_val: 5.789e-02
adaptive_constant_bcs_val: 1.487e-01
It: 560 |  Loss: 2.164e-02 |  Loss_res: 3.040e-04 |   Loss_bcs1: 5.893e-02 | Loss_bc2s: 3.324e-02 |  loss_ics_u: 2.550e-01 |  Loss_ut_ics: 4.029e-03 |  Time: 0.35
adaptive_constant_res_val: 5.324e-04
adaptive_constant_ics_val: 8.899e-02
adaptive_constant_bcs_val: 2.047e-01
It: 570 |  Loss: 2.925e-02 |  Loss_res: 2.424e-04 |   Loss_bcs1: 5.333e-02 | Loss_bc2s: 3.034e-02 |  loss_ics_u: 2.973e-01 |  Loss_ut_ics: 6.439e-03 |  Time: 0.40
adaptive_constant_res_val: 1.417e-04
adaptive_constant_ics_val: 1.698e-02
adaptive_constant_bcs_val: 1.824e-02
It: 580 |  Loss: 2.163e-02 |  Loss_res: 2.742e-04 |   Loss_bcs1: 4.880e-02 | Loss_bc2s: 3.628e-02 |  loss_ics_u: 2.173e-01 |  Loss_ut_ics: 6.700e-03 |  Time: 0.36
adaptive_constant_res_val: 6.883e-04
adaptive_constant_ics_val: 7.777e-02
adaptive_constant_bcs_val: 1.786e-01
It: 590 |  Loss: 3.372e-02 |  Loss_res: 2.138e-04 |   Loss_bcs1: 5.750e-02 | Loss_bc2s: 2.475e-02 |  loss_ics_u: 3.320e-01 |  Loss_ut_ics: 3.282e-03 |  Time: 0.36
adaptive_constant_res_val: 4.196e-04
adaptive_constant_ics_val: 8.317e-02
adaptive_constant_bcs_val: 3.263e-02
It: 600 |  Loss: 2.826e-02 |  Loss_res: 2.134e-04 |   Loss_bcs1: 5.250e-02 | Loss_bc2s: 3.030e-02 |  loss_ics_u: 2.848e-01 |  Loss_ut_ics: 4.117e-03 |  Time: 0.34
adaptive_constant_res_val: 2.285e-04
adaptive_constant_ics_val: 3.840e-02
adaptive_constant_bcs_val: 2.092e-02
It: 610 |  Loss: 2.577e-02 |  Loss_res: 2.281e-04 |   Loss_bcs1: 4.612e-02 | Loss_bc2s: 3.828e-02 |  loss_ics_u: 2.756e-01 |  Loss_ut_ics: 4.981e-03 |  Time: 0.37
adaptive_constant_res_val: 9.127e-05
adaptive_constant_ics_val: 1.225e-02
adaptive_constant_bcs_val: 1.316e-02
It: 620 |  Loss: 2.284e-02 |  Loss_res: 2.786e-04 |   Loss_bcs1: 5.082e-02 | Loss_bc2s: 3.689e-02 |  loss_ics_u: 2.569e-01 |  Loss_ut_ics: 6.838e-03 |  Time: 0.36
adaptive_constant_res_val: 1.129e-03
adaptive_constant_ics_val: 1.331e-01
adaptive_constant_bcs_val: 3.056e-01
It: 630 |  Loss: 3.193e-02 |  Loss_res: 1.891e-04 |   Loss_bcs1: 7.108e-02 | Loss_bc2s: 3.507e-02 |  loss_ics_u: 2.489e-01 |  Loss_ut_ics: 4.882e-03 |  Time: 0.36
adaptive_constant_res_val: 3.680e-04
adaptive_constant_ics_val: 6.225e-02
adaptive_constant_bcs_val: 1.431e-01
It: 640 |  Loss: 3.673e-02 |  Loss_res: 2.069e-04 |   Loss_bcs1: 4.752e-02 | Loss_bc2s: 3.667e-02 |  loss_ics_u: 2.986e-01 |  Loss_ut_ics: 9.060e-03 |  Time: 0.36
adaptive_constant_res_val: 2.022e-04
adaptive_constant_ics_val: 1.895e-02
adaptive_constant_bcs_val: 4.122e-02
It: 650 |  Loss: 3.403e-02 |  Loss_res: 2.633e-04 |   Loss_bcs1: 5.656e-02 | Loss_bc2s: 3.533e-02 |  loss_ics_u: 2.858e-01 |  Loss_ut_ics: 4.354e-03 |  Time: 0.36
adaptive_constant_res_val: 6.049e-04
adaptive_constant_ics_val: 1.035e-01
adaptive_constant_bcs_val: 8.718e-02
It: 660 |  Loss: 2.875e-02 |  Loss_res: 2.284e-04 |   Loss_bcs1: 3.919e-02 | Loss_bc2s: 2.590e-02 |  loss_ics_u: 2.541e-01 |  Loss_ut_ics: 3.978e-03 |  Time: 0.35
adaptive_constant_res_val: 4.659e-04
adaptive_constant_ics_val: 1.234e-01
adaptive_constant_bcs_val: 9.300e-02
It: 670 |  Loss: 3.330e-02 |  Loss_res: 3.640e-04 |   Loss_bcs1: 5.612e-02 | Loss_bc2s: 3.490e-02 |  loss_ics_u: 2.748e-01 |  Loss_ut_ics: 5.424e-03 |  Time: 0.36
adaptive_constant_res_val: 1.687e-03
adaptive_constant_ics_val: 2.502e-01
adaptive_constant_bcs_val: 3.009e-01
It: 680 |  Loss: 4.112e-02 |  Loss_res: 2.311e-04 |   Loss_bcs1: 5.314e-02 | Loss_bc2s: 3.360e-02 |  loss_ics_u: 2.793e-01 |  Loss_ut_ics: 6.362e-03 |  Time: 0.36
adaptive_constant_res_val: 7.434e-04
adaptive_constant_ics_val: 8.998e-02
adaptive_constant_bcs_val: 1.151e-01
It: 690 |  Loss: 3.862e-02 |  Loss_res: 2.847e-04 |   Loss_bcs1: 4.815e-02 | Loss_bc2s: 3.041e-02 |  loss_ics_u: 2.648e-01 |  Loss_ut_ics: 3.713e-03 |  Time: 0.37
adaptive_constant_res_val: 1.122e-03
adaptive_constant_ics_val: 5.794e-01
adaptive_constant_bcs_val: 1.429e-01
It: 700 |  Loss: 3.786e-02 |  Loss_res: 2.024e-04 |   Loss_bcs1: 4.130e-02 | Loss_bc2s: 2.782e-02 |  loss_ics_u: 2.582e-01 |  Loss_ut_ics: 2.679e-03 |  Time: 0.40
adaptive_constant_res_val: 4.279e-04
adaptive_constant_ics_val: 6.217e-01
adaptive_constant_bcs_val: 4.763e-02
It: 710 |  Loss: 3.961e-02 |  Loss_res: 2.568e-04 |   Loss_bcs1: 5.954e-02 | Loss_bc2s: 2.939e-02 |  loss_ics_u: 2.737e-01 |  Loss_ut_ics: 2.383e-03 |  Time: 0.37
adaptive_constant_res_val: 9.592e-04
adaptive_constant_ics_val: 4.354e-01
adaptive_constant_bcs_val: 1.726e-01
It: 720 |  Loss: 3.537e-02 |  Loss_res: 3.417e-04 |   Loss_bcs1: 4.361e-02 | Loss_bc2s: 3.114e-02 |  loss_ics_u: 2.290e-01 |  Loss_ut_ics: 2.141e-03 |  Time: 0.36
adaptive_constant_res_val: 1.772e-03
adaptive_constant_ics_val: 1.402e+00
adaptive_constant_bcs_val: 3.049e-01
It: 730 |  Loss: 4.785e-02 |  Loss_res: 3.579e-04 |   Loss_bcs1: 5.795e-02 | Loss_bc2s: 2.741e-02 |  loss_ics_u: 2.698e-01 |  Loss_ut_ics: 8.363e-04 |  Time: 0.36
adaptive_constant_res_val: 1.786e-03
adaptive_constant_ics_val: 1.628e+00
adaptive_constant_bcs_val: 9.422e-01
It: 740 |  Loss: 7.344e-02 |  Loss_res: 2.743e-04 |   Loss_bcs1: 5.009e-02 | Loss_bc2s: 3.544e-02 |  loss_ics_u: 2.521e-01 |  Loss_ut_ics: 2.099e-03 |  Time: 0.39
adaptive_constant_res_val: 3.802e-04
adaptive_constant_ics_val: 8.925e-02
adaptive_constant_bcs_val: 1.103e-01
It: 750 |  Loss: 6.744e-02 |  Loss_res: 1.114e-03 |   Loss_bcs1: 5.022e-02 | Loss_bc2s: 3.118e-02 |  loss_ics_u: 2.401e-01 |  Loss_ut_ics: 2.122e-03 |  Time: 0.36
adaptive_constant_res_val: 3.891e-03
adaptive_constant_ics_val: 8.851e-01
adaptive_constant_bcs_val: 6.925e-01
It: 760 |  Loss: 1.040e-01 |  Loss_res: 1.362e-02 |   Loss_bcs1: 5.815e-02 | Loss_bc2s: 2.621e-02 |  loss_ics_u: 2.710e-01 |  Loss_ut_ics: 1.354e-03 |  Time: 0.42
adaptive_constant_res_val: 1.515e-02
adaptive_constant_ics_val: 4.724e+00
adaptive_constant_bcs_val: 2.112e+00
It: 770 |  Loss: 1.317e-01 |  Loss_res: 2.428e-03 |   Loss_bcs1: 4.966e-02 | Loss_bc2s: 2.493e-02 |  loss_ics_u: 2.178e-01 |  Loss_ut_ics: 1.200e-03 |  Time: 0.36
adaptive_constant_res_val: 6.261e-03
adaptive_constant_ics_val: 2.371e+00
adaptive_constant_bcs_val: 1.381e+00
It: 780 |  Loss: 2.065e-01 |  Loss_res: 8.653e-04 |   Loss_bcs1: 5.721e-02 | Loss_bc2s: 2.191e-02 |  loss_ics_u: 2.983e-01 |  Loss_ut_ics: 4.461e-03 |  Time: 0.36
adaptive_constant_res_val: 2.223e-03
adaptive_constant_ics_val: 2.530e-01
adaptive_constant_bcs_val: 1.668e-01
It: 790 |  Loss: 2.047e-01 |  Loss_res: 2.946e-02 |   Loss_bcs1: 4.556e-02 | Loss_bc2s: 2.730e-02 |  loss_ics_u: 2.788e-01 |  Loss_ut_ics: 8.638e-04 |  Time: 0.37
adaptive_constant_res_val: 2.336e-02
adaptive_constant_ics_val: 1.213e+01
adaptive_constant_bcs_val: 3.943e+00
It: 800 |  Loss: 5.304e-01 |  Loss_res: 1.827e-03 |   Loss_bcs1: 6.272e-02 | Loss_bc2s: 5.458e-02 |  loss_ics_u: 2.229e-01 |  Loss_ut_ics: 1.167e-01 |  Time: 0.36
adaptive_constant_res_val: 3.871e-03
adaptive_constant_ics_val: 9.224e-02
adaptive_constant_bcs_val: 4.652e-01
It: 810 |  Loss: 3.781e-01 |  Loss_res: 3.113e-03 |   Loss_bcs1: 5.820e-02 | Loss_bc2s: 2.661e-02 |  loss_ics_u: 3.243e-01 |  Loss_ut_ics: 2.472e-02 |  Time: 0.35
adaptive_constant_res_val: 4.100e-03
adaptive_constant_ics_val: 2.464e-01
adaptive_constant_bcs_val: 4.497e-01
It: 820 |  Loss: 2.863e-01 |  Loss_res: 5.582e-03 |   Loss_bcs1: 4.984e-02 | Loss_bc2s: 3.104e-02 |  loss_ics_u: 2.806e-01 |  Loss_ut_ics: 1.873e-03 |  Time: 0.36
adaptive_constant_res_val: 6.115e-03
adaptive_constant_ics_val: 1.420e+00
adaptive_constant_bcs_val: 6.855e-01
It: 830 |  Loss: 2.905e-01 |  Loss_res: 5.453e-03 |   Loss_bcs1: 4.283e-02 | Loss_bc2s: 3.078e-02 |  loss_ics_u: 3.005e-01 |  Loss_ut_ics: 5.451e-04 |  Time: 0.37
adaptive_constant_res_val: 7.900e-03
adaptive_constant_ics_val: 9.272e+00
adaptive_constant_bcs_val: 8.772e-01
It: 840 |  Loss: 2.757e-01 |  Loss_res: 3.021e-03 |   Loss_bcs1: 6.266e-02 | Loss_bc2s: 2.759e-02 |  loss_ics_u: 2.595e-01 |  Loss_ut_ics: 1.175e-03 |  Time: 0.36
adaptive_constant_res_val: 5.708e-03
adaptive_constant_ics_val: 7.684e+00
adaptive_constant_bcs_val: 1.185e+00
It: 850 |  Loss: 2.915e-01 |  Loss_res: 1.919e-03 |   Loss_bcs1: 5.763e-02 | Loss_bc2s: 2.994e-02 |  loss_ics_u: 2.607e-01 |  Loss_ut_ics: 2.200e-03 |  Time: 0.37
adaptive_constant_res_val: 3.662e-03
adaptive_constant_ics_val: 8.162e-01
adaptive_constant_bcs_val: 5.863e-01
It: 860 |  Loss: 2.524e-01 |  Loss_res: 1.465e-03 |   Loss_bcs1: 5.752e-02 | Loss_bc2s: 2.191e-02 |  loss_ics_u: 2.340e-01 |  Loss_ut_ics: 1.209e-03 |  Time: 0.36
adaptive_constant_res_val: 2.916e-03
adaptive_constant_ics_val: 1.073e+00
adaptive_constant_bcs_val: 9.841e-01
It: 870 |  Loss: 2.092e-01 |  Loss_res: 1.719e-03 |   Loss_bcs1: 4.968e-02 | Loss_bc2s: 1.886e-02 |  loss_ics_u: 1.809e-01 |  Loss_ut_ics: 2.150e-03 |  Time: 0.36
adaptive_constant_res_val: 1.824e-03
adaptive_constant_ics_val: 3.885e-01
adaptive_constant_bcs_val: 6.282e-01
It: 880 |  Loss: 2.701e-01 |  Loss_res: 7.027e-03 |   Loss_bcs1: 4.449e-02 | Loss_bc2s: 3.038e-02 |  loss_ics_u: 2.534e-01 |  Loss_ut_ics: 1.413e-03 |  Time: 0.39
adaptive_constant_res_val: 1.161e-02
adaptive_constant_ics_val: 5.282e+00
adaptive_constant_bcs_val: 2.629e+00
It: 890 |  Loss: 4.759e-01 |  Loss_res: 1.381e-01 |   Loss_bcs1: 2.598e-02 | Loss_bc2s: 1.328e-02 |  loss_ics_u: 2.920e-01 |  Loss_ut_ics: 5.572e-03 |  Time: 0.41
adaptive_constant_res_val: 4.153e-02
adaptive_constant_ics_val: 5.325e+00
adaptive_constant_bcs_val: 2.704e+00
It: 900 |  Loss: 3.971e-01 |  Loss_res: 1.223e-02 |   Loss_bcs1: 5.013e-02 | Loss_bc2s: 2.564e-02 |  loss_ics_u: 2.582e-01 |  Loss_ut_ics: 4.979e-04 |  Time: 0.35
adaptive_constant_res_val: 6.966e-03
adaptive_constant_ics_val: 4.630e+00
adaptive_constant_bcs_val: 5.054e-01
It: 910 |  Loss: 3.741e-01 |  Loss_res: 8.717e-03 |   Loss_bcs1: 5.475e-02 | Loss_bc2s: 2.588e-02 |  loss_ics_u: 2.393e-01 |  Loss_ut_ics: 6.017e-03 |  Time: 0.37
adaptive_constant_res_val: 4.788e-03
adaptive_constant_ics_val: 7.341e-01
adaptive_constant_bcs_val: 1.258e+00
It: 920 |  Loss: 4.219e-01 |  Loss_res: 3.307e-03 |   Loss_bcs1: 5.449e-02 | Loss_bc2s: 2.248e-02 |  loss_ics_u: 2.981e-01 |  Loss_ut_ics: 1.953e-03 |  Time: 0.36
adaptive_constant_res_val: 1.620e-03
adaptive_constant_ics_val: 6.593e-01
adaptive_constant_bcs_val: 1.786e-01
It: 930 |  Loss: 3.502e-01 |  Loss_res: 6.307e-03 |   Loss_bcs1: 5.869e-02 | Loss_bc2s: 3.274e-02 |  loss_ics_u: 2.437e-01 |  Loss_ut_ics: 2.200e-03 |  Time: 0.37
adaptive_constant_res_val: 3.666e-03
adaptive_constant_ics_val: 7.728e-01
adaptive_constant_bcs_val: 1.184e+00
It: 940 |  Loss: 3.401e-01 |  Loss_res: 4.160e-03 |   Loss_bcs1: 6.958e-02 | Loss_bc2s: 2.877e-02 |  loss_ics_u: 2.257e-01 |  Loss_ut_ics: 1.353e-03 |  Time: 0.37
adaptive_constant_res_val: 1.411e-03
adaptive_constant_ics_val: 4.788e-01
adaptive_constant_bcs_val: 5.588e-01
It: 950 |  Loss: 2.649e-01 |  Loss_res: 2.294e-03 |   Loss_bcs1: 5.621e-02 | Loss_bc2s: 1.856e-02 |  loss_ics_u: 1.873e-01 |  Loss_ut_ics: 2.611e-03 |  Time: 0.38
adaptive_constant_res_val: 8.764e-04
adaptive_constant_ics_val: 1.673e-01
adaptive_constant_bcs_val: 4.727e-01
It: 960 |  Loss: 2.487e-01 |  Loss_res: 3.730e-03 |   Loss_bcs1: 5.721e-02 | Loss_bc2s: 2.216e-02 |  loss_ics_u: 1.766e-01 |  Loss_ut_ics: 3.488e-03 |  Time: 0.36
adaptive_constant_res_val: 5.534e-03
adaptive_constant_ics_val: 8.038e-01
adaptive_constant_bcs_val: 2.730e+00
It: 970 |  Loss: 3.519e-01 |  Loss_res: 3.301e-03 |   Loss_bcs1: 5.037e-02 | Loss_bc2s: 1.099e-02 |  loss_ics_u: 2.170e-01 |  Loss_ut_ics: 2.080e-02 |  Time: 0.37
adaptive_constant_res_val: 4.166e-03
adaptive_constant_ics_val: 2.194e-01
adaptive_constant_bcs_val: 7.497e-01
It: 980 |  Loss: 2.983e-01 |  Loss_res: 5.065e-03 |   Loss_bcs1: 5.246e-02 | Loss_bc2s: 3.042e-02 |  loss_ics_u: 1.860e-01 |  Loss_ut_ics: 2.677e-03 |  Time: 0.39
adaptive_constant_res_val: 8.094e-03
adaptive_constant_ics_val: 1.603e+00
adaptive_constant_bcs_val: 1.921e+00
It: 990 |  Loss: 3.098e-01 |  Loss_res: 6.721e-03 |   Loss_bcs1: 4.151e-02 | Loss_bc2s: 1.251e-02 |  loss_ics_u: 2.023e-01 |  Loss_ut_ics: 3.620e-03 |  Time: 0.38
adaptive_constant_res_val: 9.970e-03
adaptive_constant_ics_val: 1.623e+00
adaptive_constant_bcs_val: 2.636e+00
It: 0 |  Loss: 2.265e+01 |  Loss_res: 1.593e+00 |   Loss_bcs1: 1.589e+00 | Loss_bc2s: 1.690e+00 |  loss_ics_u: 2.750e+00 |  Loss_ut_ics: 1.503e+01 |  Time: 1.63
adaptive_constant_res_val: 1.906e-01
adaptive_constant_ics_val: 3.250e-01
adaptive_constant_bcs_val: 6.765e-01
Gradients information stored ...
It: 10 |  Loss: 4.476e-01 |  Loss_res: 6.503e-03 |   Loss_bcs1: 1.760e-02 | Loss_bc2s: 3.682e-02 |  loss_ics_u: 3.347e-01 |  Loss_ut_ics: 6.917e-02 |  Time: 8.09
adaptive_constant_res_val: 5.082e-03
adaptive_constant_ics_val: 1.942e-01
adaptive_constant_bcs_val: 2.680e-01
It: 20 |  Loss: 8.948e-01 |  Loss_res: 2.482e-02 |   Loss_bcs1: 7.233e-02 | Loss_bc2s: 9.854e-02 |  loss_ics_u: 1.811e-01 |  Loss_ut_ics: 6.452e-01 |  Time: 0.30
adaptive_constant_res_val: 1.017e-02
adaptive_constant_ics_val: 1.472e-01
adaptive_constant_bcs_val: 1.097e+00
It: 30 |  Loss: 6.373e-01 |  Loss_res: 2.849e-03 |   Loss_bcs1: 4.232e-02 | Loss_bc2s: 3.008e-02 |  loss_ics_u: 5.922e-01 |  Loss_ut_ics: 3.116e-02 |  Time: 0.30
adaptive_constant_res_val: 2.163e-03
adaptive_constant_ics_val: 1.954e-01
adaptive_constant_bcs_val: 1.047e-01
It: 40 |  Loss: 3.815e-01 |  Loss_res: 4.883e-04 |   Loss_bcs1: 7.196e-02 | Loss_bc2s: 3.283e-02 |  loss_ics_u: 2.297e-01 |  Loss_ut_ics: 1.390e-01 |  Time: 0.29
adaptive_constant_res_val: 7.841e-04
adaptive_constant_ics_val: 3.406e-02
adaptive_constant_bcs_val: 3.614e-01
It: 50 |  Loss: 3.173e-01 |  Loss_res: 1.115e-03 |   Loss_bcs1: 5.570e-02 | Loss_bc2s: 1.667e-02 |  loss_ics_u: 3.211e-01 |  Loss_ut_ics: 8.855e-03 |  Time: 0.29
adaptive_constant_res_val: 1.840e-03
adaptive_constant_ics_val: 3.585e-01
adaptive_constant_bcs_val: 1.929e-01
It: 60 |  Loss: 3.795e-01 |  Loss_res: 7.207e-05 |   Loss_bcs1: 5.298e-02 | Loss_bc2s: 3.243e-02 |  loss_ics_u: 3.979e-01 |  Loss_ut_ics: 4.294e-02 |  Time: 0.31
adaptive_constant_res_val: 1.196e-04
adaptive_constant_ics_val: 1.052e-02
adaptive_constant_bcs_val: 1.469e-02
It: 70 |  Loss: 3.014e-01 |  Loss_res: 1.551e-04 |   Loss_bcs1: 4.754e-02 | Loss_bc2s: 2.391e-02 |  loss_ics_u: 3.643e-01 |  Loss_ut_ics: 2.588e-02 |  Time: 0.30
adaptive_constant_res_val: 6.341e-04
adaptive_constant_ics_val: 7.339e-02
adaptive_constant_bcs_val: 6.436e-02
It: 80 |  Loss: 2.755e-01 |  Loss_res: 5.941e-05 |   Loss_bcs1: 5.001e-02 | Loss_bc2s: 2.295e-02 |  loss_ics_u: 3.607e-01 |  Loss_ut_ics: 3.076e-02 |  Time: 0.32
adaptive_constant_res_val: 3.006e-04
adaptive_constant_ics_val: 3.177e-02
adaptive_constant_bcs_val: 3.527e-02
It: 90 |  Loss: 2.425e-01 |  Loss_res: 3.889e-05 |   Loss_bcs1: 4.441e-02 | Loss_bc2s: 2.760e-02 |  loss_ics_u: 3.483e-01 |  Loss_ut_ics: 3.114e-02 |  Time: 0.31
adaptive_constant_res_val: 4.409e-05
adaptive_constant_ics_val: 4.615e-03
adaptive_constant_bcs_val: 4.835e-03
It: 100 |  Loss: 2.478e-01 |  Loss_res: 3.250e-05 |   Loss_bcs1: 4.561e-02 | Loss_bc2s: 2.994e-02 |  loss_ics_u: 4.075e-01 |  Loss_ut_ics: 2.795e-02 |  Time: 0.30
adaptive_constant_res_val: 4.945e-05
adaptive_constant_ics_val: 5.438e-03
adaptive_constant_bcs_val: 5.149e-03
Gradients information stored ...
It: 110 |  Loss: 1.773e-01 |  Loss_res: 8.419e-05 |   Loss_bcs1: 4.668e-02 | Loss_bc2s: 2.561e-02 |  loss_ics_u: 3.006e-01 |  Loss_ut_ics: 3.451e-02 |  Time: 3.90
adaptive_constant_res_val: 3.846e-04
adaptive_constant_ics_val: 3.764e-02
adaptive_constant_bcs_val: 6.793e-02
It: 120 |  Loss: 1.615e-01 |  Loss_res: 3.913e-05 |   Loss_bcs1: 5.184e-02 | Loss_bc2s: 2.540e-02 |  loss_ics_u: 2.972e-01 |  Loss_ut_ics: 3.066e-02 |  Time: 0.32
adaptive_constant_res_val: 1.728e-04
adaptive_constant_ics_val: 1.784e-02
adaptive_constant_bcs_val: 2.315e-02
It: 130 |  Loss: 1.899e-01 |  Loss_res: 1.358e-04 |   Loss_bcs1: 4.701e-02 | Loss_bc2s: 2.555e-02 |  loss_ics_u: 4.241e-01 |  Loss_ut_ics: 2.728e-02 |  Time: 0.30
adaptive_constant_res_val: 6.125e-04
adaptive_constant_ics_val: 6.659e-02
adaptive_constant_bcs_val: 6.604e-02
It: 140 |  Loss: 1.383e-01 |  Loss_res: 2.615e-05 |   Loss_bcs1: 4.435e-02 | Loss_bc2s: 2.405e-02 |  loss_ics_u: 3.216e-01 |  Loss_ut_ics: 2.647e-02 |  Time: 0.30
adaptive_constant_res_val: 9.423e-05
adaptive_constant_ics_val: 1.034e-02
adaptive_constant_bcs_val: 1.086e-02
It: 150 |  Loss: 1.175e-01 |  Loss_res: 2.563e-05 |   Loss_bcs1: 5.025e-02 | Loss_bc2s: 2.272e-02 |  loss_ics_u: 2.883e-01 |  Loss_ut_ics: 3.124e-02 |  Time: 0.30
adaptive_constant_res_val: 2.500e-05
adaptive_constant_ics_val: 2.498e-03
adaptive_constant_bcs_val: 3.223e-03
It: 160 |  Loss: 1.135e-01 |  Loss_res: 1.021e-04 |   Loss_bcs1: 4.951e-02 | Loss_bc2s: 2.624e-02 |  loss_ics_u: 3.113e-01 |  Loss_ut_ics: 3.355e-02 |  Time: 0.31
adaptive_constant_res_val: 4.595e-04
adaptive_constant_ics_val: 4.386e-02
adaptive_constant_bcs_val: 6.959e-02
It: 170 |  Loss: 1.132e-01 |  Loss_res: 4.189e-05 |   Loss_bcs1: 5.104e-02 | Loss_bc2s: 2.665e-02 |  loss_ics_u: 3.446e-01 |  Loss_ut_ics: 3.057e-02 |  Time: 0.30
adaptive_constant_res_val: 6.701e-05
adaptive_constant_ics_val: 6.653e-03
adaptive_constant_bcs_val: 9.815e-03
It: 180 |  Loss: 9.870e-02 |  Loss_res: 4.462e-05 |   Loss_bcs1: 5.073e-02 | Loss_bc2s: 2.490e-02 |  loss_ics_u: 3.315e-01 |  Loss_ut_ics: 2.971e-02 |  Time: 0.33
adaptive_constant_res_val: 1.347e-04
adaptive_constant_ics_val: 1.346e-02
adaptive_constant_bcs_val: 1.435e-02
It: 190 |  Loss: 1.085e-01 |  Loss_res: 6.431e-05 |   Loss_bcs1: 4.921e-02 | Loss_bc2s: 2.562e-02 |  loss_ics_u: 4.235e-01 |  Loss_ut_ics: 3.079e-02 |  Time: 0.31
adaptive_constant_res_val: 3.238e-04
adaptive_constant_ics_val: 3.145e-02
adaptive_constant_bcs_val: 3.173e-02
It: 200 |  Loss: 8.298e-02 |  Loss_res: 6.421e-05 |   Loss_bcs1: 5.153e-02 | Loss_bc2s: 2.905e-02 |  loss_ics_u: 3.285e-01 |  Loss_ut_ics: 3.398e-02 |  Time: 0.31
adaptive_constant_res_val: 2.842e-04
adaptive_constant_ics_val: 2.607e-02
adaptive_constant_bcs_val: 3.336e-02
It: 210 |  Loss: 8.488e-02 |  Loss_res: 7.045e-05 |   Loss_bcs1: 4.569e-02 | Loss_bc2s: 2.517e-02 |  loss_ics_u: 3.954e-01 |  Loss_ut_ics: 2.581e-02 |  Time: 0.30
adaptive_constant_res_val: 3.062e-04
adaptive_constant_ics_val: 3.207e-02
adaptive_constant_bcs_val: 3.007e-02
It: 220 |  Loss: 5.871e-02 |  Loss_res: 4.970e-05 |   Loss_bcs1: 4.525e-02 | Loss_bc2s: 2.443e-02 |  loss_ics_u: 2.777e-01 |  Loss_ut_ics: 2.435e-02 |  Time: 0.29
adaptive_constant_res_val: 1.370e-04
adaptive_constant_ics_val: 1.469e-02
adaptive_constant_bcs_val: 1.733e-02
It: 230 |  Loss: 6.772e-02 |  Loss_res: 4.889e-05 |   Loss_bcs1: 4.927e-02 | Loss_bc2s: 2.190e-02 |  loss_ics_u: 3.720e-01 |  Loss_ut_ics: 2.696e-02 |  Time: 0.30
adaptive_constant_res_val: 4.973e-05
adaptive_constant_ics_val: 5.025e-03
adaptive_constant_bcs_val: 5.332e-03
It: 240 |  Loss: 5.698e-02 |  Loss_res: 6.202e-05 |   Loss_bcs1: 4.969e-02 | Loss_bc2s: 2.608e-02 |  loss_ics_u: 3.304e-01 |  Loss_ut_ics: 3.244e-02 |  Time: 0.30
adaptive_constant_res_val: 1.062e-04
adaptive_constant_ics_val: 9.701e-03
adaptive_constant_bcs_val: 1.288e-02
It: 250 |  Loss: 5.344e-02 |  Loss_res: 6.794e-05 |   Loss_bcs1: 5.064e-02 | Loss_bc2s: 2.689e-02 |  loss_ics_u: 3.433e-01 |  Loss_ut_ics: 3.090e-02 |  Time: 0.31
adaptive_constant_res_val: 2.088e-04
adaptive_constant_ics_val: 1.939e-02
adaptive_constant_bcs_val: 1.995e-02
It: 260 |  Loss: 4.397e-02 |  Loss_res: 5.483e-05 |   Loss_bcs1: 5.578e-02 | Loss_bc2s: 2.690e-02 |  loss_ics_u: 2.937e-01 |  Loss_ut_ics: 2.923e-02 |  Time: 0.30
adaptive_constant_res_val: 9.206e-05
adaptive_constant_ics_val: 8.728e-03
adaptive_constant_bcs_val: 1.538e-02
It: 270 |  Loss: 4.227e-02 |  Loss_res: 5.165e-05 |   Loss_bcs1: 4.642e-02 | Loss_bc2s: 2.442e-02 |  loss_ics_u: 3.314e-01 |  Loss_ut_ics: 2.354e-02 |  Time: 0.30
adaptive_constant_res_val: 3.085e-05
adaptive_constant_ics_val: 3.247e-03
adaptive_constant_bcs_val: 3.086e-03
It: 280 |  Loss: 4.006e-02 |  Loss_res: 5.275e-05 |   Loss_bcs1: 4.831e-02 | Loss_bc2s: 2.243e-02 |  loss_ics_u: 3.484e-01 |  Loss_ut_ics: 2.801e-02 |  Time: 0.30
adaptive_constant_res_val: 2.289e-05
adaptive_constant_ics_val: 2.191e-03
adaptive_constant_bcs_val: 1.993e-03
It: 290 |  Loss: 3.611e-02 |  Loss_res: 7.126e-05 |   Loss_bcs1: 4.701e-02 | Loss_bc2s: 2.314e-02 |  loss_ics_u: 3.491e-01 |  Loss_ut_ics: 2.718e-02 |  Time: 0.29
adaptive_constant_res_val: 2.221e-04
adaptive_constant_ics_val: 2.149e-02
adaptive_constant_bcs_val: 2.618e-02
It: 300 |  Loss: 3.519e-02 |  Loss_res: 6.639e-05 |   Loss_bcs1: 4.580e-02 | Loss_bc2s: 2.425e-02 |  loss_ics_u: 3.713e-01 |  Loss_ut_ics: 2.487e-02 |  Time: 0.31
adaptive_constant_res_val: 1.848e-04
adaptive_constant_ics_val: 1.861e-02
adaptive_constant_bcs_val: 1.689e-02
It: 310 |  Loss: 2.972e-02 |  Loss_res: 5.154e-05 |   Loss_bcs1: 4.926e-02 | Loss_bc2s: 2.416e-02 |  loss_ics_u: 3.254e-01 |  Loss_ut_ics: 2.892e-02 |  Time: 0.32
adaptive_constant_res_val: 2.831e-05
adaptive_constant_ics_val: 2.625e-03
adaptive_constant_bcs_val: 3.242e-03
It: 320 |  Loss: 2.851e-02 |  Loss_res: 6.152e-05 |   Loss_bcs1: 4.705e-02 | Loss_bc2s: 2.826e-02 |  loss_ics_u: 3.458e-01 |  Loss_ut_ics: 3.250e-02 |  Time: 0.31
adaptive_constant_res_val: 2.075e-05
adaptive_constant_ics_val: 1.803e-03
adaptive_constant_bcs_val: 2.134e-03
It: 330 |  Loss: 2.859e-02 |  Loss_res: 6.412e-05 |   Loss_bcs1: 5.088e-02 | Loss_bc2s: 2.693e-02 |  loss_ics_u: 3.953e-01 |  Loss_ut_ics: 2.945e-02 |  Time: 0.33
adaptive_constant_res_val: 1.984e-05
adaptive_constant_ics_val: 1.802e-03
adaptive_constant_bcs_val: 1.782e-03
It: 340 |  Loss: 1.887e-02 |  Loss_res: 6.483e-05 |   Loss_bcs1: 4.803e-02 | Loss_bc2s: 2.274e-02 |  loss_ics_u: 2.709e-01 |  Loss_ut_ics: 2.576e-02 |  Time: 0.31
adaptive_constant_res_val: 5.709e-05
adaptive_constant_ics_val: 5.534e-03
adaptive_constant_bcs_val: 7.709e-03
It: 350 |  Loss: 2.037e-02 |  Loss_res: 6.803e-05 |   Loss_bcs1: 4.807e-02 | Loss_bc2s: 2.489e-02 |  loss_ics_u: 3.345e-01 |  Loss_ut_ics: 2.554e-02 |  Time: 0.35
adaptive_constant_res_val: 1.105e-04
adaptive_constant_ics_val: 1.071e-02
adaptive_constant_bcs_val: 1.186e-02
It: 360 |  Loss: 1.802e-02 |  Loss_res: 6.874e-05 |   Loss_bcs1: 4.837e-02 | Loss_bc2s: 2.407e-02 |  loss_ics_u: 3.153e-01 |  Loss_ut_ics: 2.626e-02 |  Time: 0.35
adaptive_constant_res_val: 1.640e-04
adaptive_constant_ics_val: 1.563e-02
adaptive_constant_bcs_val: 1.631e-02
It: 370 |  Loss: 1.670e-02 |  Loss_res: 6.803e-05 |   Loss_bcs1: 4.939e-02 | Loss_bc2s: 2.493e-02 |  loss_ics_u: 3.087e-01 |  Loss_ut_ics: 2.620e-02 |  Time: 0.36
adaptive_constant_res_val: 1.437e-04
adaptive_constant_ics_val: 1.366e-02
adaptive_constant_bcs_val: 1.851e-02
It: 380 |  Loss: 1.654e-02 |  Loss_res: 6.616e-05 |   Loss_bcs1: 4.968e-02 | Loss_bc2s: 2.150e-02 |  loss_ics_u: 3.330e-01 |  Loss_ut_ics: 2.434e-02 |  Time: 0.35
adaptive_constant_res_val: 5.600e-05
adaptive_constant_ics_val: 5.509e-03
adaptive_constant_bcs_val: 5.386e-03
It: 390 |  Loss: 1.537e-02 |  Loss_res: 7.864e-05 |   Loss_bcs1: 4.828e-02 | Loss_bc2s: 2.307e-02 |  loss_ics_u: 3.394e-01 |  Loss_ut_ics: 2.444e-02 |  Time: 0.37
adaptive_constant_res_val: 1.189e-04
adaptive_constant_ics_val: 1.164e-02
adaptive_constant_bcs_val: 1.201e-02
It: 400 |  Loss: 1.225e-02 |  Loss_res: 6.278e-05 |   Loss_bcs1: 4.911e-02 | Loss_bc2s: 2.321e-02 |  loss_ics_u: 2.757e-01 |  Loss_ut_ics: 2.363e-02 |  Time: 0.35
adaptive_constant_res_val: 1.721e-04
adaptive_constant_ics_val: 1.712e-02
adaptive_constant_bcs_val: 2.436e-02
It: 410 |  Loss: 1.530e-02 |  Loss_res: 5.781e-05 |   Loss_bcs1: 5.327e-02 | Loss_bc2s: 2.054e-02 |  loss_ics_u: 3.797e-01 |  Loss_ut_ics: 2.331e-02 |  Time: 0.34
adaptive_constant_res_val: 4.018e-05
adaptive_constant_ics_val: 4.003e-03
adaptive_constant_bcs_val: 4.238e-03
It: 420 |  Loss: 1.273e-02 |  Loss_res: 6.098e-05 |   Loss_bcs1: 4.970e-02 | Loss_bc2s: 1.831e-02 |  loss_ics_u: 3.411e-01 |  Loss_ut_ics: 2.565e-02 |  Time: 0.36
adaptive_constant_res_val: 5.516e-05
adaptive_constant_ics_val: 5.234e-03
adaptive_constant_bcs_val: 4.733e-03
It: 430 |  Loss: 1.140e-02 |  Loss_res: 7.019e-05 |   Loss_bcs1: 4.896e-02 | Loss_bc2s: 2.001e-02 |  loss_ics_u: 3.291e-01 |  Loss_ut_ics: 2.632e-02 |  Time: 0.34
adaptive_constant_res_val: 5.135e-05
adaptive_constant_ics_val: 4.799e-03
adaptive_constant_bcs_val: 5.806e-03
It: 440 |  Loss: 1.033e-02 |  Loss_res: 6.521e-05 |   Loss_bcs1: 4.960e-02 | Loss_bc2s: 2.058e-02 |  loss_ics_u: 3.216e-01 |  Loss_ut_ics: 2.544e-02 |  Time: 0.36
adaptive_constant_res_val: 3.514e-05
adaptive_constant_ics_val: 3.334e-03
adaptive_constant_bcs_val: 3.474e-03
It: 450 |  Loss: 1.053e-02 |  Loss_res: 5.828e-05 |   Loss_bcs1: 4.547e-02 | Loss_bc2s: 2.123e-02 |  loss_ics_u: 3.729e-01 |  Loss_ut_ics: 2.565e-02 |  Time: 0.35
adaptive_constant_res_val: 7.769e-05
adaptive_constant_ics_val: 7.324e-03
adaptive_constant_bcs_val: 6.105e-03
It: 460 |  Loss: 8.734e-03 |  Loss_res: 6.174e-05 |   Loss_bcs1: 4.875e-02 | Loss_bc2s: 2.006e-02 |  loss_ics_u: 3.208e-01 |  Loss_ut_ics: 2.616e-02 |  Time: 0.33
adaptive_constant_res_val: 9.236e-05
adaptive_constant_ics_val: 8.613e-03
adaptive_constant_bcs_val: 9.878e-03
It: 470 |  Loss: 8.613e-03 |  Loss_res: 7.060e-05 |   Loss_bcs1: 5.122e-02 | Loss_bc2s: 2.369e-02 |  loss_ics_u: 3.299e-01 |  Loss_ut_ics: 2.775e-02 |  Time: 0.33
adaptive_constant_res_val: 6.121e-05
adaptive_constant_ics_val: 5.529e-03
adaptive_constant_bcs_val: 6.280e-03
It: 480 |  Loss: 8.344e-03 |  Loss_res: 5.315e-05 |   Loss_bcs1: 4.750e-02 | Loss_bc2s: 2.645e-02 |  loss_ics_u: 3.473e-01 |  Loss_ut_ics: 2.946e-02 |  Time: 0.33
adaptive_constant_res_val: 6.783e-05
adaptive_constant_ics_val: 5.920e-03
adaptive_constant_bcs_val: 5.706e-03
It: 490 |  Loss: 6.955e-03 |  Loss_res: 6.050e-05 |   Loss_bcs1: 5.181e-02 | Loss_bc2s: 2.650e-02 |  loss_ics_u: 2.967e-01 |  Loss_ut_ics: 2.777e-02 |  Time: 0.34
adaptive_constant_res_val: 3.098e-05
adaptive_constant_ics_val: 2.783e-03
adaptive_constant_bcs_val: 3.386e-03
It: 500 |  Loss: 6.944e-03 |  Loss_res: 5.522e-05 |   Loss_bcs1: 4.893e-02 | Loss_bc2s: 2.415e-02 |  loss_ics_u: 3.390e-01 |  Loss_ut_ics: 2.482e-02 |  Time: 0.34
adaptive_constant_res_val: 2.290e-05
adaptive_constant_ics_val: 2.180e-03
adaptive_constant_bcs_val: 2.888e-03
It: 510 |  Loss: 5.773e-03 |  Loss_res: 5.100e-05 |   Loss_bcs1: 5.212e-02 | Loss_bc2s: 2.679e-02 |  loss_ics_u: 2.926e-01 |  Loss_ut_ics: 2.409e-02 |  Time: 0.38
adaptive_constant_res_val: 2.246e-05
adaptive_constant_ics_val: 2.166e-03
adaptive_constant_bcs_val: 2.583e-03
It: 520 |  Loss: 5.669e-03 |  Loss_res: 5.411e-05 |   Loss_bcs1: 4.025e-02 | Loss_bc2s: 2.419e-02 |  loss_ics_u: 3.342e-01 |  Loss_ut_ics: 2.414e-02 |  Time: 0.36
adaptive_constant_res_val: 3.120e-05
adaptive_constant_ics_val: 3.007e-03
adaptive_constant_bcs_val: 2.888e-03
It: 530 |  Loss: 5.966e-03 |  Loss_res: 5.948e-05 |   Loss_bcs1: 4.835e-02 | Loss_bc2s: 2.604e-02 |  loss_ics_u: 3.821e-01 |  Loss_ut_ics: 2.573e-02 |  Time: 0.37
adaptive_constant_res_val: 1.246e-04
adaptive_constant_ics_val: 1.160e-02
adaptive_constant_bcs_val: 1.075e-02
It: 540 |  Loss: 4.290e-03 |  Loss_res: 5.402e-05 |   Loss_bcs1: 4.933e-02 | Loss_bc2s: 2.290e-02 |  loss_ics_u: 2.534e-01 |  Loss_ut_ics: 2.508e-02 |  Time: 0.38
adaptive_constant_res_val: 1.875e-05
adaptive_constant_ics_val: 1.769e-03
adaptive_constant_bcs_val: 3.210e-03
It: 550 |  Loss: 4.972e-03 |  Loss_res: 5.987e-05 |   Loss_bcs1: 4.409e-02 | Loss_bc2s: 2.623e-02 |  loss_ics_u: 3.444e-01 |  Loss_ut_ics: 2.363e-02 |  Time: 0.40
adaptive_constant_res_val: 3.680e-05
adaptive_constant_ics_val: 3.570e-03
adaptive_constant_bcs_val: 3.906e-03
It: 560 |  Loss: 4.842e-03 |  Loss_res: 6.097e-05 |   Loss_bcs1: 4.623e-02 | Loss_bc2s: 2.751e-02 |  loss_ics_u: 3.591e-01 |  Loss_ut_ics: 2.346e-02 |  Time: 0.42
adaptive_constant_res_val: 1.103e-04
adaptive_constant_ics_val: 1.074e-02
adaptive_constant_bcs_val: 9.654e-03
It: 570 |  Loss: 4.911e-03 |  Loss_res: 5.395e-05 |   Loss_bcs1: 4.891e-02 | Loss_bc2s: 2.457e-02 |  loss_ics_u: 3.702e-01 |  Loss_ut_ics: 2.331e-02 |  Time: 0.44
adaptive_constant_res_val: 4.700e-05
adaptive_constant_ics_val: 4.593e-03
adaptive_constant_bcs_val: 4.230e-03
It: 580 |  Loss: 3.554e-03 |  Loss_res: 5.974e-05 |   Loss_bcs1: 4.755e-02 | Loss_bc2s: 2.289e-02 |  loss_ics_u: 2.651e-01 |  Loss_ut_ics: 2.182e-02 |  Time: 0.40
adaptive_constant_res_val: 1.939e-05
adaptive_constant_ics_val: 1.948e-03
adaptive_constant_bcs_val: 3.354e-03
It: 590 |  Loss: 4.057e-03 |  Loss_res: 4.270e-05 |   Loss_bcs1: 5.333e-02 | Loss_bc2s: 2.494e-02 |  loss_ics_u: 3.394e-01 |  Loss_ut_ics: 2.177e-02 |  Time: 0.40
adaptive_constant_res_val: 5.952e-05
adaptive_constant_ics_val: 6.020e-03
adaptive_constant_bcs_val: 7.505e-03
It: 600 |  Loss: 4.020e-03 |  Loss_res: 5.328e-05 |   Loss_bcs1: 4.613e-02 | Loss_bc2s: 2.194e-02 |  loss_ics_u: 3.521e-01 |  Loss_ut_ics: 2.232e-02 |  Time: 0.40
adaptive_constant_res_val: 6.095e-05
adaptive_constant_ics_val: 6.079e-03
adaptive_constant_bcs_val: 4.880e-03
It: 610 |  Loss: 3.557e-03 |  Loss_res: 4.839e-05 |   Loss_bcs1: 4.443e-02 | Loss_bc2s: 2.269e-02 |  loss_ics_u: 3.198e-01 |  Loss_ut_ics: 2.302e-02 |  Time: 0.39
adaptive_constant_res_val: 2.540e-05
adaptive_constant_ics_val: 2.493e-03
adaptive_constant_bcs_val: 2.478e-03
It: 620 |  Loss: 4.182e-03 |  Loss_res: 3.953e-05 |   Loss_bcs1: 4.925e-02 | Loss_bc2s: 2.134e-02 |  loss_ics_u: 4.267e-01 |  Loss_ut_ics: 2.331e-02 |  Time: 0.48
adaptive_constant_res_val: 5.127e-05
adaptive_constant_ics_val: 4.987e-03
adaptive_constant_bcs_val: 3.906e-03
It: 630 |  Loss: 3.227e-03 |  Loss_res: 4.744e-05 |   Loss_bcs1: 4.813e-02 | Loss_bc2s: 2.577e-02 |  loss_ics_u: 3.237e-01 |  Loss_ut_ics: 2.336e-02 |  Time: 0.48
adaptive_constant_res_val: 1.185e-04
adaptive_constant_ics_val: 1.152e-02
adaptive_constant_bcs_val: 1.513e-02
It: 640 |  Loss: 4.038e-03 |  Loss_res: 3.992e-05 |   Loss_bcs1: 4.416e-02 | Loss_bc2s: 2.762e-02 |  loss_ics_u: 3.874e-01 |  Loss_ut_ics: 2.268e-02 |  Time: 0.36
adaptive_constant_res_val: 3.151e-05
adaptive_constant_ics_val: 3.103e-03
adaptive_constant_bcs_val: 2.911e-03
It: 650 |  Loss: 3.228e-03 |  Loss_res: 4.439e-05 |   Loss_bcs1: 5.039e-02 | Loss_bc2s: 2.543e-02 |  loss_ics_u: 3.116e-01 |  Loss_ut_ics: 2.326e-02 |  Time: 0.46
adaptive_constant_res_val: 9.077e-05
adaptive_constant_ics_val: 8.847e-03
adaptive_constant_bcs_val: 9.084e-03
It: 660 |  Loss: 2.985e-03 |  Loss_res: 4.700e-05 |   Loss_bcs1: 4.591e-02 | Loss_bc2s: 2.417e-02 |  loss_ics_u: 2.798e-01 |  Loss_ut_ics: 2.295e-02 |  Time: 0.39
adaptive_constant_res_val: 8.823e-05
adaptive_constant_ics_val: 8.655e-03
adaptive_constant_bcs_val: 9.537e-03
It: 670 |  Loss: 3.263e-03 |  Loss_res: 3.984e-05 |   Loss_bcs1: 4.998e-02 | Loss_bc2s: 2.627e-02 |  loss_ics_u: 3.022e-01 |  Loss_ut_ics: 2.219e-02 |  Time: 0.35
adaptive_constant_res_val: 2.893e-05
adaptive_constant_ics_val: 2.887e-03
adaptive_constant_bcs_val: 3.263e-03
It: 680 |  Loss: 3.175e-03 |  Loss_res: 4.652e-05 |   Loss_bcs1: 4.791e-02 | Loss_bc2s: 2.344e-02 |  loss_ics_u: 3.199e-01 |  Loss_ut_ics: 2.217e-02 |  Time: 0.35
adaptive_constant_res_val: 6.453e-05
adaptive_constant_ics_val: 6.441e-03
adaptive_constant_bcs_val: 6.946e-03
It: 690 |  Loss: 2.755e-03 |  Loss_res: 3.737e-05 |   Loss_bcs1: 4.864e-02 | Loss_bc2s: 2.313e-02 |  loss_ics_u: 2.682e-01 |  Loss_ut_ics: 2.259e-02 |  Time: 0.35
adaptive_constant_res_val: 6.373e-05
adaptive_constant_ics_val: 6.288e-03
adaptive_constant_bcs_val: 8.510e-03
It: 700 |  Loss: 3.537e-03 |  Loss_res: 4.056e-05 |   Loss_bcs1: 4.416e-02 | Loss_bc2s: 2.508e-02 |  loss_ics_u: 3.690e-01 |  Loss_ut_ics: 2.218e-02 |  Time: 0.35
adaptive_constant_res_val: 4.823e-05
adaptive_constant_ics_val: 4.797e-03
adaptive_constant_bcs_val: 4.277e-03
It: 710 |  Loss: 2.767e-03 |  Loss_res: 3.731e-05 |   Loss_bcs1: 5.412e-02 | Loss_bc2s: 2.756e-02 |  loss_ics_u: 2.714e-01 |  Loss_ut_ics: 2.307e-02 |  Time: 0.35
adaptive_constant_res_val: 2.536e-05
adaptive_constant_ics_val: 2.473e-03
adaptive_constant_bcs_val: 2.773e-03
It: 720 |  Loss: 2.516e-03 |  Loss_res: 3.929e-05 |   Loss_bcs1: 5.076e-02 | Loss_bc2s: 2.403e-02 |  loss_ics_u: 2.665e-01 |  Loss_ut_ics: 2.263e-02 |  Time: 0.36
adaptive_constant_res_val: 2.813e-05
adaptive_constant_ics_val: 2.775e-03
adaptive_constant_bcs_val: 4.027e-03
It: 730 |  Loss: 3.070e-03 |  Loss_res: 2.823e-05 |   Loss_bcs1: 5.265e-02 | Loss_bc2s: 2.378e-02 |  loss_ics_u: 3.669e-01 |  Loss_ut_ics: 2.248e-02 |  Time: 0.34
adaptive_constant_res_val: 1.606e-05
adaptive_constant_ics_val: 1.590e-03
adaptive_constant_bcs_val: 1.930e-03
It: 740 |  Loss: 2.874e-03 |  Loss_res: 3.105e-05 |   Loss_bcs1: 4.499e-02 | Loss_bc2s: 2.130e-02 |  loss_ics_u: 3.790e-01 |  Loss_ut_ics: 2.323e-02 |  Time: 0.42
adaptive_constant_res_val: 3.908e-05
adaptive_constant_ics_val: 3.799e-03
adaptive_constant_bcs_val: 2.998e-03
It: 750 |  Loss: 2.522e-03 |  Loss_res: 3.239e-05 |   Loss_bcs1: 5.167e-02 | Loss_bc2s: 2.430e-02 |  loss_ics_u: 3.323e-01 |  Loss_ut_ics: 2.384e-02 |  Time: 0.40
adaptive_constant_res_val: 2.750e-05
adaptive_constant_ics_val: 2.636e-03
adaptive_constant_bcs_val: 2.810e-03
It: 760 |  Loss: 2.407e-03 |  Loss_res: 2.801e-05 |   Loss_bcs1: 4.956e-02 | Loss_bc2s: 2.718e-02 |  loss_ics_u: 3.352e-01 |  Loss_ut_ics: 2.329e-02 |  Time: 0.50
adaptive_constant_res_val: 5.108e-05
adaptive_constant_ics_val: 4.957e-03
adaptive_constant_bcs_val: 5.931e-03
It: 770 |  Loss: 2.600e-03 |  Loss_res: 2.877e-05 |   Loss_bcs1: 4.629e-02 | Loss_bc2s: 2.293e-02 |  loss_ics_u: 3.741e-01 |  Loss_ut_ics: 2.338e-02 |  Time: 0.45
adaptive_constant_res_val: 4.841e-05
adaptive_constant_ics_val: 4.683e-03
adaptive_constant_bcs_val: 3.524e-03
It: 780 |  Loss: 2.430e-03 |  Loss_res: 2.379e-05 |   Loss_bcs1: 4.861e-02 | Loss_bc2s: 2.478e-02 |  loss_ics_u: 3.564e-01 |  Loss_ut_ics: 2.275e-02 |  Time: 0.35
adaptive_constant_res_val: 1.651e-05
adaptive_constant_ics_val: 1.620e-03
adaptive_constant_bcs_val: 1.619e-03
It: 790 |  Loss: 2.188e-03 |  Loss_res: 2.246e-05 |   Loss_bcs1: 5.172e-02 | Loss_bc2s: 2.219e-02 |  loss_ics_u: 3.408e-01 |  Loss_ut_ics: 2.307e-02 |  Time: 0.40
adaptive_constant_res_val: 3.376e-05
adaptive_constant_ics_val: 3.288e-03
adaptive_constant_bcs_val: 3.043e-03
It: 800 |  Loss: 2.414e-03 |  Loss_res: 2.539e-05 |   Loss_bcs1: 5.114e-02 | Loss_bc2s: 2.312e-02 |  loss_ics_u: 4.047e-01 |  Loss_ut_ics: 2.284e-02 |  Time: 0.34
adaptive_constant_res_val: 4.449e-05
adaptive_constant_ics_val: 4.353e-03
adaptive_constant_bcs_val: 3.489e-03
It: 810 |  Loss: 1.565e-03 |  Loss_res: 2.489e-05 |   Loss_bcs1: 4.310e-02 | Loss_bc2s: 2.941e-02 |  loss_ics_u: 2.378e-01 |  Loss_ut_ics: 2.207e-02 |  Time: 0.35
adaptive_constant_res_val: 5.725e-05
adaptive_constant_ics_val: 5.710e-03
adaptive_constant_bcs_val: 9.228e-03
It: 820 |  Loss: 2.624e-03 |  Loss_res: 2.248e-05 |   Loss_bcs1: 5.242e-02 | Loss_bc2s: 2.349e-02 |  loss_ics_u: 4.143e-01 |  Loss_ut_ics: 2.185e-02 |  Time: 0.38
adaptive_constant_res_val: 6.352e-05
adaptive_constant_ics_val: 6.350e-03
adaptive_constant_bcs_val: 5.805e-03
It: 830 |  Loss: 2.411e-03 |  Loss_res: 2.504e-05 |   Loss_bcs1: 4.042e-02 | Loss_bc2s: 2.878e-02 |  loss_ics_u: 3.714e-01 |  Loss_ut_ics: 2.235e-02 |  Time: 0.36
adaptive_constant_res_val: 9.888e-06
adaptive_constant_ics_val: 9.783e-04
adaptive_constant_bcs_val: 8.194e-04
It: 840 |  Loss: 2.341e-03 |  Loss_res: 2.527e-05 |   Loss_bcs1: 5.455e-02 | Loss_bc2s: 2.423e-02 |  loss_ics_u: 3.894e-01 |  Loss_ut_ics: 2.236e-02 |  Time: 0.35
adaptive_constant_res_val: 2.485e-05
adaptive_constant_ics_val: 2.458e-03
adaptive_constant_bcs_val: 2.683e-03
It: 850 |  Loss: 1.915e-03 |  Loss_res: 1.981e-05 |   Loss_bcs1: 4.549e-02 | Loss_bc2s: 2.422e-02 |  loss_ics_u: 3.280e-01 |  Loss_ut_ics: 2.211e-02 |  Time: 0.35
adaptive_constant_res_val: 2.752e-05
adaptive_constant_ics_val: 2.738e-03
adaptive_constant_bcs_val: 2.966e-03
It: 860 |  Loss: 2.096e-03 |  Loss_res: 1.957e-05 |   Loss_bcs1: 5.313e-02 | Loss_bc2s: 2.058e-02 |  loss_ics_u: 3.805e-01 |  Loss_ut_ics: 2.191e-02 |  Time: 0.39
adaptive_constant_res_val: 3.971e-05
adaptive_constant_ics_val: 3.959e-03
adaptive_constant_bcs_val: 3.501e-03
It: 870 |  Loss: 1.953e-03 |  Loss_res: 1.988e-05 |   Loss_bcs1: 4.720e-02 | Loss_bc2s: 2.615e-02 |  loss_ics_u: 3.564e-01 |  Loss_ut_ics: 2.241e-02 |  Time: 0.35
adaptive_constant_res_val: 2.058e-05
adaptive_constant_ics_val: 2.030e-03
adaptive_constant_bcs_val: 1.860e-03
It: 880 |  Loss: 1.680e-03 |  Loss_res: 2.046e-05 |   Loss_bcs1: 5.380e-02 | Loss_bc2s: 2.542e-02 |  loss_ics_u: 3.103e-01 |  Loss_ut_ics: 2.181e-02 |  Time: 0.36
adaptive_constant_res_val: 2.428e-05
adaptive_constant_ics_val: 2.423e-03
adaptive_constant_bcs_val: 3.517e-03
It: 890 |  Loss: 1.843e-03 |  Loss_res: 1.954e-05 |   Loss_bcs1: 5.005e-02 | Loss_bc2s: 2.275e-02 |  loss_ics_u: 3.638e-01 |  Loss_ut_ics: 2.170e-02 |  Time: 0.39
adaptive_constant_res_val: 3.100e-05
adaptive_constant_ics_val: 3.106e-03
adaptive_constant_bcs_val: 2.660e-03
It: 900 |  Loss: 1.767e-03 |  Loss_res: 1.675e-05 |   Loss_bcs1: 4.509e-02 | Loss_bc2s: 2.160e-02 |  loss_ics_u: 3.662e-01 |  Loss_ut_ics: 2.202e-02 |  Time: 0.41
adaptive_constant_res_val: 6.841e-05
adaptive_constant_ics_val: 6.797e-03
adaptive_constant_bcs_val: 5.802e-03
It: 910 |  Loss: 1.771e-03 |  Loss_res: 1.895e-05 |   Loss_bcs1: 4.799e-02 | Loss_bc2s: 2.292e-02 |  loss_ics_u: 3.405e-01 |  Loss_ut_ics: 2.140e-02 |  Time: 0.37
adaptive_constant_res_val: 4.641e-05
adaptive_constant_ics_val: 4.680e-03
adaptive_constant_bcs_val: 4.856e-03
It: 920 |  Loss: 1.619e-03 |  Loss_res: 1.720e-05 |   Loss_bcs1: 5.055e-02 | Loss_bc2s: 2.851e-02 |  loss_ics_u: 2.875e-01 |  Loss_ut_ics: 2.155e-02 |  Time: 0.38
adaptive_constant_res_val: 2.621e-05
adaptive_constant_ics_val: 2.636e-03
adaptive_constant_bcs_val: 3.709e-03
It: 930 |  Loss: 1.873e-03 |  Loss_res: 1.799e-05 |   Loss_bcs1: 4.400e-02 | Loss_bc2s: 2.376e-02 |  loss_ics_u: 3.652e-01 |  Loss_ut_ics: 2.143e-02 |  Time: 0.36
adaptive_constant_res_val: 8.346e-05
adaptive_constant_ics_val: 8.403e-03
adaptive_constant_bcs_val: 6.356e-03
It: 940 |  Loss: 1.987e-03 |  Loss_res: 1.532e-05 |   Loss_bcs1: 5.087e-02 | Loss_bc2s: 2.386e-02 |  loss_ics_u: 3.609e-01 |  Loss_ut_ics: 2.080e-02 |  Time: 0.38
adaptive_constant_res_val: 4.871e-05
adaptive_constant_ics_val: 4.978e-03
adaptive_constant_bcs_val: 4.763e-03
It: 950 |  Loss: 2.023e-03 |  Loss_res: 1.312e-05 |   Loss_bcs1: 5.184e-02 | Loss_bc2s: 2.340e-02 |  loss_ics_u: 3.654e-01 |  Loss_ut_ics: 1.978e-02 |  Time: 0.37
adaptive_constant_res_val: 1.970e-05
adaptive_constant_ics_val: 2.061e-03
adaptive_constant_bcs_val: 2.189e-03
It: 960 |  Loss: 1.854e-03 |  Loss_res: 1.480e-05 |   Loss_bcs1: 5.141e-02 | Loss_bc2s: 2.622e-02 |  loss_ics_u: 3.461e-01 |  Loss_ut_ics: 1.990e-02 |  Time: 0.36
adaptive_constant_res_val: 2.258e-05
adaptive_constant_ics_val: 2.359e-03
adaptive_constant_bcs_val: 2.336e-03
It: 970 |  Loss: 1.831e-03 |  Loss_res: 1.439e-05 |   Loss_bcs1: 4.467e-02 | Loss_bc2s: 2.496e-02 |  loss_ics_u: 3.689e-01 |  Loss_ut_ics: 1.973e-02 |  Time: 0.36
adaptive_constant_res_val: 5.278e-05
adaptive_constant_ics_val: 5.534e-03
adaptive_constant_bcs_val: 4.142e-03
It: 980 |  Loss: 1.811e-03 |  Loss_res: 1.411e-05 |   Loss_bcs1: 4.800e-02 | Loss_bc2s: 2.496e-02 |  loss_ics_u: 3.573e-01 |  Loss_ut_ics: 2.023e-02 |  Time: 0.35
adaptive_constant_res_val: 2.014e-05
adaptive_constant_ics_val: 2.083e-03
adaptive_constant_bcs_val: 1.532e-03
It: 990 |  Loss: 1.664e-03 |  Loss_res: 1.122e-05 |   Loss_bcs1: 4.852e-02 | Loss_bc2s: 2.049e-02 |  loss_ics_u: 3.528e-01 |  Loss_ut_ics: 1.949e-02 |  Time: 0.35
adaptive_constant_res_val: 6.202e-06
adaptive_constant_ics_val: 6.518e-04
adaptive_constant_bcs_val: 6.872e-04
Save uv NN parameters successfully in %s ...checkpoints/Dec-20-2023_02-03-27-296538_M2
Final loss total loss: 1.639847e-03
Final loss loss_res: 1.271983e-05
Final loss loss_bc1: 4.048138e-02
Final loss loss_bc2: 2.597568e-02
Final loss loss_ics_u: 3.865673e-01
average lambda_bc : 3.6803e-02
average lambda_ic : 2.1210e-02
average lambda_res : 1.0
