Gradients information stored ...
It: 100, Loss: 4.348e-01, Loss_res: 4.882e-03,  Loss_bcs1: 3.897e-01,  Loss_bcs2: 3.331e-02,  loss_ics_u: 3.459e-01, Loss_ut_ics: 6.858e-03,, Time: 14.13
minmax ratio : 2.1898e+09
max_grad_bcs1: 1.873e-03 ,max_grad_bcs2: 8.588e-04 ,max_grad_ics: 4.806e-04 ,max_grad_res: 1.391e-02  
min_grad_bcs1: 9.131e-10 ,min_grad_bcs2: 1.693e-10 ,min_grad_ics: 1.480e-10 ,min_grad_res: 6.352e-12  
update_res: 1.000e+00
update_ics_u_t: 1.000e+00
update_bcs1: 1.000e+00
update_bcs2: 1.000e+00
adaptive_constant_res_val: 1.391e-02
adaptive_constant_ics_val: 2.894e+01
adaptive_constant_bcs1_val: 7.427e+00
adaptive_constant_bcs2_val: 1.620e+01
Gradients information stored ...
It: 200, Loss: 2.927e+00, Loss_res: 1.710e+01,  Loss_bcs1: 3.405e-01,  Loss_bcs2: 7.393e-03,  loss_ics_u: 3.012e-01, Loss_ut_ics: 1.405e-03,, Time: 7.90
minmax ratio : 1.1555e+12
max_grad_bcs1: 1.119e-03 ,max_grad_bcs2: 4.170e-04 ,max_grad_ics: 1.636e-04 ,max_grad_res: 8.865e+00  
min_grad_bcs1: 1.841e-09 ,min_grad_bcs2: 1.503e-10 ,min_grad_ics: 7.672e-12 ,min_grad_res: 1.983e-09  
update_res: 1.000e+00
update_ics_u_t: 1.000e+00
update_bcs1: 1.000e+00
update_bcs2: 1.000e+00
adaptive_constant_res_val: 1.391e-02
adaptive_constant_ics_val: 2.894e+01
adaptive_constant_bcs1_val: 7.427e+00
adaptive_constant_bcs2_val: 1.620e+01
It: 300, Loss: 2.144e+00, Loss_res: 2.601e+01,  Loss_bcs1: 2.284e-01,  Loss_bcs2: 3.421e-03,  loss_ics_u: 1.890e-01, Loss_ut_ics: 1.036e-03,, Time: 3.63
minmax ratio : 1.7245e+11
max_grad_bcs1: 7.013e-04 ,max_grad_bcs2: 1.277e-04 ,max_grad_ics: 1.909e-04 ,max_grad_res: 1.061e+01  
min_grad_bcs1: 6.150e-11 ,min_grad_bcs2: 2.376e-10 ,min_grad_ics: 3.717e-10 ,min_grad_res: 1.232e-08  
update_res: 1.000e+00
update_ics_u_t: 1.000e+00
update_bcs1: 1.000e+00
update_bcs2: 1.000e+00
adaptive_constant_res_val: 1.391e-02
adaptive_constant_ics_val: 2.894e+01
adaptive_constant_bcs1_val: 7.427e+00
adaptive_constant_bcs2_val: 1.620e+01
It: 400, Loss: 1.557e+00, Loss_res: 2.246e+01,  Loss_bcs1: 1.593e-01,  Loss_bcs2: 3.279e-03,  loss_ics_u: 1.299e-01, Loss_ut_ics: 2.822e-04,, Time: 3.71
minmax ratio : 2.2395e+12
max_grad_bcs1: 2.429e-04 ,max_grad_bcs2: 1.846e-04 ,max_grad_ics: 2.021e-04 ,max_grad_res: 7.956e+00  
min_grad_bcs1: 3.553e-12 ,min_grad_bcs2: 6.071e-11 ,min_grad_ics: 4.683e-12 ,min_grad_res: 3.059e-09  
update_res: 1.000e+00
update_ics_u_t: 1.000e+00
update_bcs1: 1.000e+00
update_bcs2: 1.000e+00
adaptive_constant_res_val: 1.391e-02
adaptive_constant_ics_val: 2.894e+01
adaptive_constant_bcs1_val: 7.427e+00
adaptive_constant_bcs2_val: 1.620e+01
It: 500, Loss: 1.444e+00, Loss_res: 1.282e+01,  Loss_bcs1: 1.401e-01,  Loss_bcs2: 9.914e-03,  loss_ics_u: 1.213e-01, Loss_ut_ics: 2.218e-03,, Time: 3.59
minmax ratio : 7.6679e+10
max_grad_bcs1: 2.356e-04 ,max_grad_bcs2: 2.106e-04 ,max_grad_ics: 8.804e-04 ,max_grad_res: 4.172e+00  
min_grad_bcs1: 1.546e-10 ,min_grad_bcs2: 5.441e-11 ,min_grad_ics: 7.731e-11 ,min_grad_res: 1.999e-09  
update_res: 1.000e+00
update_ics_u_t: 1.000e+00
update_bcs1: 1.000e+00
update_bcs2: 1.000e+00
adaptive_constant_res_val: 1.391e-02
adaptive_constant_ics_val: 2.894e+01
adaptive_constant_bcs1_val: 7.427e+00
adaptive_constant_bcs2_val: 1.620e+01
It: 600, Loss: 1.426e+00, Loss_res: 1.398e+01,  Loss_bcs1: 1.229e-01,  Loss_bcs2: 6.641e-03,  loss_ics_u: 1.052e-01, Loss_ut_ics: 7.290e-03,, Time: 3.57
minmax ratio : 5.4653e+10
max_grad_bcs1: 2.933e-04 ,max_grad_bcs2: 1.807e-04 ,max_grad_ics: 6.831e-04 ,max_grad_res: 4.641e+00  
min_grad_bcs1: 1.069e-10 ,min_grad_bcs2: 8.493e-11 ,min_grad_ics: 1.479e-10 ,min_grad_res: 4.617e-09  
update_res: 1.000e+00
update_ics_u_t: 1.000e+00
update_bcs1: 1.000e+00
update_bcs2: 1.000e+00
adaptive_constant_res_val: 1.391e-02
adaptive_constant_ics_val: 2.894e+01
adaptive_constant_bcs1_val: 7.427e+00
adaptive_constant_bcs2_val: 1.620e+01
It: 700, Loss: 1.554e+00, Loss_res: 1.210e+01,  Loss_bcs1: 1.766e-01,  Loss_bcs2: 2.692e-03,  loss_ics_u: 1.491e-01, Loss_ut_ics: 1.052e-03,, Time: 3.78
minmax ratio : 2.8947e+12
max_grad_bcs1: 4.615e-04 ,max_grad_bcs2: 1.984e-04 ,max_grad_ics: 1.964e-04 ,max_grad_res: 6.548e+00  
min_grad_bcs1: 1.946e-11 ,min_grad_bcs2: 1.971e-11 ,min_grad_ics: 2.262e-12 ,min_grad_res: 1.450e-10  
update_res: 1.000e+00
update_ics_u_t: 1.000e+00
update_bcs1: 1.000e+00
update_bcs2: 1.000e+00
adaptive_constant_res_val: 1.391e-02
adaptive_constant_ics_val: 2.894e+01
adaptive_constant_bcs1_val: 7.427e+00
adaptive_constant_bcs2_val: 1.620e+01
It: 800, Loss: 1.471e+00, Loss_res: 1.288e+01,  Loss_bcs1: 1.395e-01,  Loss_bcs2: 3.446e-03,  loss_ics_u: 1.183e-01, Loss_ut_ics: 6.923e-03,, Time: 3.67
minmax ratio : 1.8852e+12
max_grad_bcs1: 1.818e-04 ,max_grad_bcs2: 9.489e-05 ,max_grad_ics: 6.634e-04 ,max_grad_res: 5.882e+00  
min_grad_bcs1: 3.712e-11 ,min_grad_bcs2: 3.120e-12 ,min_grad_ics: 1.547e-11 ,min_grad_res: 2.991e-09  
update_res: 1.000e+00
update_ics_u_t: 1.000e+00
update_bcs1: 1.000e+00
update_bcs2: 1.000e+00
adaptive_constant_res_val: 1.391e-02
adaptive_constant_ics_val: 2.894e+01
adaptive_constant_bcs1_val: 7.427e+00
adaptive_constant_bcs2_val: 1.620e+01
It: 900, Loss: 1.224e+00, Loss_res: 9.750e+00,  Loss_bcs1: 1.372e-01,  Loss_bcs2: 2.647e-03,  loss_ics_u: 1.130e-01, Loss_ut_ics: 9.118e-04,, Time: 3.81
minmax ratio : 4.8188e+11
max_grad_bcs1: 2.245e-04 ,max_grad_bcs2: 8.398e-05 ,max_grad_ics: 4.184e-04 ,max_grad_res: 4.595e+00  
min_grad_bcs1: 9.535e-12 ,min_grad_bcs2: 4.695e-11 ,min_grad_ics: 2.325e-11 ,min_grad_res: 6.949e-10  
update_res: 1.000e+00
update_ics_u_t: 1.000e+00
update_bcs1: 1.000e+00
update_bcs2: 1.000e+00
adaptive_constant_res_val: 1.391e-02
adaptive_constant_ics_val: 2.894e+01
adaptive_constant_bcs1_val: 7.427e+00
adaptive_constant_bcs2_val: 1.620e+01
It: 1000, Loss: 1.181e+00, Loss_res: 8.940e+00,  Loss_bcs1: 1.328e-01,  Loss_bcs2: 3.300e-03,  loss_ics_u: 1.152e-01, Loss_ut_ics: 5.998e-04,, Time: 3.61
minmax ratio : 4.7579e+12
max_grad_bcs1: 2.282e-04 ,max_grad_bcs2: 7.493e-05 ,max_grad_ics: 1.412e-04 ,max_grad_res: 5.338e+00  
min_grad_bcs1: 4.021e-12 ,min_grad_bcs2: 1.122e-12 ,min_grad_ics: 2.370e-12 ,min_grad_res: 1.183e-10  
update_res: 1.000e+00
update_ics_u_t: 1.000e+00
update_bcs1: 1.000e+00
update_bcs2: 1.000e+00
adaptive_constant_res_val: 1.391e-02
adaptive_constant_ics_val: 2.894e+01
adaptive_constant_bcs1_val: 7.427e+00
adaptive_constant_bcs2_val: 1.620e+01
Gradients information stored ...
It: 1100, Loss: 1.490e+00, Loss_res: 9.953e+00,  Loss_bcs1: 1.542e-01,  Loss_bcs2: 3.311e-03,  loss_ics_u: 1.329e-01, Loss_ut_ics: 5.268e-03,, Time: 7.68
minmax ratio : 2.8568e+11
max_grad_bcs1: 4.132e-04 ,max_grad_bcs2: 8.554e-05 ,max_grad_ics: 5.448e-04 ,max_grad_res: 6.073e+00  
min_grad_bcs1: 2.126e-11 ,min_grad_bcs2: 4.909e-11 ,min_grad_ics: 7.251e-11 ,min_grad_res: 1.637e-10  
update_res: 1.000e+00
update_ics_u_t: 1.000e+00
update_bcs1: 1.000e+00
update_bcs2: 1.000e+00
adaptive_constant_res_val: 1.391e-02
adaptive_constant_ics_val: 2.894e+01
adaptive_constant_bcs1_val: 7.427e+00
adaptive_constant_bcs2_val: 1.620e+01
It: 1200, Loss: 1.319e+00, Loss_res: 7.179e+00,  Loss_bcs1: 1.577e-01,  Loss_bcs2: 2.309e-03,  loss_ics_u: 1.389e-01, Loss_ut_ics: 3.726e-04,, Time: 3.58
minmax ratio : 1.9269e+13
max_grad_bcs1: 2.456e-04 ,max_grad_bcs2: 6.619e-05 ,max_grad_ics: 3.338e-04 ,max_grad_res: 5.760e+00  
min_grad_bcs1: 1.345e-11 ,min_grad_bcs2: 2.990e-13 ,min_grad_ics: 2.161e-11 ,min_grad_res: 6.170e-10  
update_res: 1.000e+00
update_ics_u_t: 1.000e+00
update_bcs1: 1.000e+00
update_bcs2: 1.000e+00
adaptive_constant_res_val: 1.391e-02
adaptive_constant_ics_val: 2.894e+01
adaptive_constant_bcs1_val: 7.427e+00
adaptive_constant_bcs2_val: 1.620e+01
It: 1300, Loss: 1.268e+00, Loss_res: 8.147e+00,  Loss_bcs1: 1.275e-01,  Loss_bcs2: 3.464e-03,  loss_ics_u: 1.073e-01, Loss_ut_ics: 5.235e-03,, Time: 3.62
minmax ratio : 6.8022e+11
max_grad_bcs1: 2.249e-04 ,max_grad_bcs2: 2.151e-04 ,max_grad_ics: 5.170e-04 ,max_grad_res: 3.896e+00  
min_grad_bcs1: 5.727e-12 ,min_grad_bcs2: 9.721e-11 ,min_grad_ics: 9.824e-11 ,min_grad_res: 5.636e-10  
update_res: 1.000e+00
update_ics_u_t: 1.000e+00
update_bcs1: 1.000e+00
update_bcs2: 1.000e+00
adaptive_constant_res_val: 1.391e-02
adaptive_constant_ics_val: 2.894e+01
adaptive_constant_bcs1_val: 7.427e+00
adaptive_constant_bcs2_val: 1.620e+01
It: 1400, Loss: 1.132e+00, Loss_res: 7.981e+00,  Loss_bcs1: 1.261e-01,  Loss_bcs2: 2.720e-03,  loss_ics_u: 1.115e-01, Loss_ut_ics: 1.402e-03,, Time: 3.55
minmax ratio : 5.7696e+12
max_grad_bcs1: 1.658e-04 ,max_grad_bcs2: 7.353e-05 ,max_grad_ics: 4.786e-04 ,max_grad_res: 5.070e+00  
min_grad_bcs1: 7.788e-12 ,min_grad_bcs2: 4.877e-12 ,min_grad_ics: 8.787e-13 ,min_grad_res: 8.413e-11  
update_res: 1.000e+00
update_ics_u_t: 1.000e+00
update_bcs1: 1.000e+00
update_bcs2: 1.000e+00
adaptive_constant_res_val: 1.391e-02
adaptive_constant_ics_val: 2.894e+01
adaptive_constant_bcs1_val: 7.427e+00
adaptive_constant_bcs2_val: 1.620e+01
It: 1500, Loss: 1.234e+00, Loss_res: 1.008e+01,  Loss_bcs1: 1.392e-01,  Loss_bcs2: 3.097e-03,  loss_ics_u: 1.219e-01, Loss_ut_ics: 3.507e-04,, Time: 3.87
minmax ratio : 7.9984e+12
max_grad_bcs1: 1.022e-04 ,max_grad_bcs2: 1.012e-04 ,max_grad_ics: 7.851e-05 ,max_grad_res: 4.974e+00  
min_grad_bcs1: 3.240e-12 ,min_grad_bcs2: 6.275e-11 ,min_grad_ics: 6.218e-13 ,min_grad_res: 2.004e-10  
update_res: 1.000e+00
update_ics_u_t: 1.000e+00
update_bcs1: 1.000e+00
update_bcs2: 1.000e+00
adaptive_constant_res_val: 1.391e-02
adaptive_constant_ics_val: 2.894e+01
adaptive_constant_bcs1_val: 7.427e+00
adaptive_constant_bcs2_val: 1.620e+01
It: 1600, Loss: 1.639e+00, Loss_res: 7.658e+00,  Loss_bcs1: 1.371e-01,  Loss_bcs2: 1.986e-03,  loss_ics_u: 1.229e-01, Loss_ut_ics: 1.664e-02,, Time: 3.77
minmax ratio : 1.7098e+11
max_grad_bcs1: 4.481e-04 ,max_grad_bcs2: 2.466e-04 ,max_grad_ics: 1.460e-03 ,max_grad_res: 5.336e+00  
min_grad_bcs1: 6.230e-11 ,min_grad_bcs2: 3.121e-11 ,min_grad_ics: 2.416e-10 ,min_grad_res: 1.201e-09  
update_res: 1.000e+00
update_ics_u_t: 1.000e+00
update_bcs1: 1.000e+00
update_bcs2: 1.000e+00
adaptive_constant_res_val: 1.391e-02
adaptive_constant_ics_val: 2.894e+01
adaptive_constant_bcs1_val: 7.427e+00
adaptive_constant_bcs2_val: 1.620e+01
It: 1700, Loss: 1.118e+00, Loss_res: 7.305e+00,  Loss_bcs1: 1.280e-01,  Loss_bcs2: 2.413e-03,  loss_ics_u: 1.147e-01, Loss_ut_ics: 9.029e-04,, Time: 3.57
minmax ratio : 1.1512e+12
max_grad_bcs1: 4.699e-04 ,max_grad_bcs2: 1.034e-04 ,max_grad_ics: 3.306e-04 ,max_grad_res: 5.876e+00  
min_grad_bcs1: 1.817e-11 ,min_grad_bcs2: 6.261e-12 ,min_grad_ics: 5.105e-12 ,min_grad_res: 1.068e-10  
update_res: 1.000e+00
update_ics_u_t: 1.000e+00
update_bcs1: 1.000e+00
update_bcs2: 1.000e+00
adaptive_constant_res_val: 1.391e-02
adaptive_constant_ics_val: 2.894e+01
adaptive_constant_bcs1_val: 7.427e+00
adaptive_constant_bcs2_val: 1.620e+01
It: 1800, Loss: 2.908e+00, Loss_res: 7.644e+00,  Loss_bcs1: 1.617e-01,  Loss_bcs2: 3.811e-03,  loss_ics_u: 1.337e-01, Loss_ut_ics: 5.315e-02,, Time: 3.60
minmax ratio : 1.4859e+12
max_grad_bcs1: 4.393e-04 ,max_grad_bcs2: 2.182e-04 ,max_grad_ics: 2.534e-03 ,max_grad_res: 6.485e+00  
min_grad_bcs1: 6.813e-11 ,min_grad_bcs2: 4.365e-12 ,min_grad_ics: 2.258e-10 ,min_grad_res: 1.782e-11  
update_res: 1.000e+00
update_ics_u_t: 1.000e+00
update_bcs1: 1.000e+00
update_bcs2: 1.000e+00
adaptive_constant_res_val: 1.391e-02
adaptive_constant_ics_val: 2.894e+01
adaptive_constant_bcs1_val: 7.427e+00
adaptive_constant_bcs2_val: 1.620e+01
It: 1900, Loss: 1.145e+00, Loss_res: 7.212e+00,  Loss_bcs1: 1.240e-01,  Loss_bcs2: 3.759e-03,  loss_ics_u: 1.110e-01, Loss_ut_ics: 2.159e-03,, Time: 3.58
minmax ratio : 2.4807e+12
max_grad_bcs1: 1.839e-04 ,max_grad_bcs2: 8.243e-05 ,max_grad_ics: 4.171e-04 ,max_grad_res: 6.356e+00  
min_grad_bcs1: 2.291e-11 ,min_grad_bcs2: 2.562e-12 ,min_grad_ics: 2.876e-11 ,min_grad_res: 6.592e-10  
update_res: 1.000e+00
update_ics_u_t: 1.000e+00
update_bcs1: 1.000e+00
update_bcs2: 1.000e+00
adaptive_constant_res_val: 1.391e-02
adaptive_constant_ics_val: 2.894e+01
adaptive_constant_bcs1_val: 7.427e+00
adaptive_constant_bcs2_val: 1.620e+01
It: 2000, Loss: 1.060e+00, Loss_res: 6.472e+00,  Loss_bcs1: 1.196e-01,  Loss_bcs2: 2.555e-03,  loss_ics_u: 1.042e-01, Loss_ut_ics: 1.403e-03,, Time: 3.52
minmax ratio : 1.2835e+12
max_grad_bcs1: 1.847e-04 ,max_grad_bcs2: 5.531e-05 ,max_grad_ics: 3.110e-04 ,max_grad_res: 4.822e+00  
min_grad_bcs1: 7.305e-11 ,min_grad_bcs2: 3.757e-12 ,min_grad_ics: 6.411e-12 ,min_grad_res: 4.825e-11  
update_res: 1.000e+00
update_ics_u_t: 1.000e+00
update_bcs1: 1.000e+00
update_bcs2: 1.000e+00
adaptive_constant_res_val: 1.391e-02
adaptive_constant_ics_val: 2.894e+01
adaptive_constant_bcs1_val: 7.427e+00
adaptive_constant_bcs2_val: 1.620e+01
It: 2100, Loss: 1.129e+00, Loss_res: 6.740e+00,  Loss_bcs1: 1.269e-01,  Loss_bcs2: 2.427e-03,  loss_ics_u: 1.074e-01, Loss_ut_ics: 1.831e-03,, Time: 3.65
minmax ratio : 4.9060e+12
max_grad_bcs1: 3.220e-04 ,max_grad_bcs2: 2.828e-05 ,max_grad_ics: 3.067e-04 ,max_grad_res: 7.524e+00  
min_grad_bcs1: 1.251e-11 ,min_grad_bcs2: 1.534e-12 ,min_grad_ics: 3.005e-11 ,min_grad_res: 3.814e-11  
update_res: 1.000e+00
update_ics_u_t: 1.000e+00
update_bcs1: 1.000e+00
update_bcs2: 1.000e+00
adaptive_constant_res_val: 1.391e-02
adaptive_constant_ics_val: 2.894e+01
adaptive_constant_bcs1_val: 7.427e+00
adaptive_constant_bcs2_val: 1.620e+01
It: 2200, Loss: 1.077e+00, Loss_res: 7.370e+00,  Loss_bcs1: 1.198e-01,  Loss_bcs2: 2.767e-03,  loss_ics_u: 1.038e-01, Loss_ut_ics: 1.369e-03,, Time: 3.52
minmax ratio : 6.4397e+13
max_grad_bcs1: 1.760e-04 ,max_grad_bcs2: 6.082e-05 ,max_grad_ics: 1.965e-04 ,max_grad_res: 6.926e+00  
min_grad_bcs1: 1.723e-12 ,min_grad_bcs2: 9.817e-13 ,min_grad_ics: 1.076e-13 ,min_grad_res: 6.862e-11  
update_res: 1.000e+00
update_ics_u_t: 1.000e+00
update_bcs1: 1.000e+00
update_bcs2: 1.000e+00
adaptive_constant_res_val: 1.391e-02
adaptive_constant_ics_val: 2.894e+01
adaptive_constant_bcs1_val: 7.427e+00
adaptive_constant_bcs2_val: 1.620e+01
It: 2300, Loss: 1.440e+00, Loss_res: 6.198e+00,  Loss_bcs1: 1.330e-01,  Loss_bcs2: 3.557e-03,  loss_ics_u: 1.184e-01, Loss_ut_ics: 1.066e-02,, Time: 3.54
minmax ratio : 1.8427e+12
max_grad_bcs1: 2.110e-04 ,max_grad_bcs2: 1.464e-04 ,max_grad_ics: 9.398e-04 ,max_grad_res: 5.441e+00  
min_grad_bcs1: 1.143e-11 ,min_grad_bcs2: 7.690e-11 ,min_grad_ics: 2.953e-12 ,min_grad_res: 1.758e-10  
update_res: 1.000e+00
update_ics_u_t: 1.000e+00
update_bcs1: 1.000e+00
update_bcs2: 1.000e+00
adaptive_constant_res_val: 1.391e-02
adaptive_constant_ics_val: 2.894e+01
adaptive_constant_bcs1_val: 7.427e+00
adaptive_constant_bcs2_val: 1.620e+01
It: 2400, Loss: 1.318e+00, Loss_res: 6.837e+00,  Loss_bcs1: 1.276e-01,  Loss_bcs2: 3.385e-03,  loss_ics_u: 1.152e-01, Loss_ut_ics: 7.629e-03,, Time: 3.60
minmax ratio : 6.8230e+11
max_grad_bcs1: 2.228e-04 ,max_grad_bcs2: 5.074e-05 ,max_grad_ics: 7.454e-04 ,max_grad_res: 5.459e+00  
min_grad_bcs1: 9.842e-11 ,min_grad_bcs2: 2.227e-11 ,min_grad_ics: 8.001e-12 ,min_grad_res: 1.183e-10  
update_res: 1.000e+00
update_ics_u_t: 1.000e+00
update_bcs1: 1.000e+00
update_bcs2: 1.000e+00
adaptive_constant_res_val: 1.391e-02
adaptive_constant_ics_val: 2.894e+01
adaptive_constant_bcs1_val: 7.427e+00
adaptive_constant_bcs2_val: 1.620e+01
It: 2500, Loss: 1.102e+00, Loss_res: 6.985e+00,  Loss_bcs1: 1.204e-01,  Loss_bcs2: 3.234e-03,  loss_ics_u: 1.081e-01, Loss_ut_ics: 2.004e-03,, Time: 3.59
minmax ratio : 1.3960e+12
max_grad_bcs1: 2.133e-04 ,max_grad_bcs2: 1.222e-04 ,max_grad_ics: 4.923e-04 ,max_grad_res: 6.258e+00  
min_grad_bcs1: 5.533e-11 ,min_grad_bcs2: 5.598e-12 ,min_grad_ics: 4.483e-12 ,min_grad_res: 6.994e-11  
update_res: 1.000e+00
update_ics_u_t: 1.000e+00
update_bcs1: 1.000e+00
update_bcs2: 1.000e+00
adaptive_constant_res_val: 1.391e-02
adaptive_constant_ics_val: 2.894e+01
adaptive_constant_bcs1_val: 7.427e+00
adaptive_constant_bcs2_val: 1.620e+01
It: 2600, Loss: 1.107e+00, Loss_res: 5.013e+00,  Loss_bcs1: 1.275e-01,  Loss_bcs2: 2.864e-03,  loss_ics_u: 1.108e-01, Loss_ut_ics: 1.530e-03,, Time: 3.54
minmax ratio : 6.2832e+11
max_grad_bcs1: 1.861e-04 ,max_grad_bcs2: 4.826e-05 ,max_grad_ics: 2.526e-04 ,max_grad_res: 5.568e+00  
min_grad_bcs1: 1.207e-10 ,min_grad_bcs2: 8.862e-12 ,min_grad_ics: 4.170e-11 ,min_grad_res: 1.433e-09  
update_res: 1.000e+00
update_ics_u_t: 1.000e+00
update_bcs1: 1.000e+00
update_bcs2: 1.000e+00
adaptive_constant_res_val: 1.391e-02
adaptive_constant_ics_val: 2.894e+01
adaptive_constant_bcs1_val: 7.427e+00
adaptive_constant_bcs2_val: 1.620e+01
It: 2700, Loss: 1.118e+00, Loss_res: 6.574e+00,  Loss_bcs1: 1.242e-01,  Loss_bcs2: 1.551e-03,  loss_ics_u: 1.058e-01, Loss_ut_ics: 2.732e-03,, Time: 3.57
minmax ratio : 2.7882e+12
max_grad_bcs1: 2.277e-04 ,max_grad_bcs2: 6.015e-05 ,max_grad_ics: 2.286e-04 ,max_grad_res: 6.264e+00  
min_grad_bcs1: 2.839e-11 ,min_grad_bcs2: 2.986e-12 ,min_grad_ics: 2.247e-12 ,min_grad_res: 4.388e-10  
update_res: 1.000e+00
update_ics_u_t: 1.000e+00
update_bcs1: 1.000e+00
update_bcs2: 1.000e+00
adaptive_constant_res_val: 1.391e-02
adaptive_constant_ics_val: 2.894e+01
adaptive_constant_bcs1_val: 7.427e+00
adaptive_constant_bcs2_val: 1.620e+01
It: 2800, Loss: 9.899e-01, Loss_res: 8.149e+00,  Loss_bcs1: 1.073e-01,  Loss_bcs2: 2.685e-03,  loss_ics_u: 9.448e-02, Loss_ut_ics: 1.260e-03,, Time: 3.62
minmax ratio : 7.8949e+12
max_grad_bcs1: 2.708e-04 ,max_grad_bcs2: 8.685e-05 ,max_grad_ics: 4.290e-04 ,max_grad_res: 9.387e+00  
min_grad_bcs1: 5.264e-11 ,min_grad_bcs2: 1.189e-12 ,min_grad_ics: 7.881e-12 ,min_grad_res: 1.158e-10  
update_res: 1.000e+00
update_ics_u_t: 1.000e+00
update_bcs1: 1.000e+00
update_bcs2: 1.000e+00
adaptive_constant_res_val: 1.391e-02
adaptive_constant_ics_val: 2.894e+01
adaptive_constant_bcs1_val: 7.427e+00
adaptive_constant_bcs2_val: 1.620e+01
It: 2900, Loss: 1.045e+00, Loss_res: 6.821e+00,  Loss_bcs1: 1.139e-01,  Loss_bcs2: 2.028e-03,  loss_ics_u: 1.011e-01, Loss_ut_ics: 2.460e-03,, Time: 3.76
minmax ratio : 2.0258e+12
max_grad_bcs1: 4.502e-04 ,max_grad_bcs2: 5.643e-05 ,max_grad_ics: 2.255e-04 ,max_grad_res: 8.359e+00  
min_grad_bcs1: 7.276e-11 ,min_grad_bcs2: 4.126e-12 ,min_grad_ics: 1.819e-11 ,min_grad_res: 3.179e-10  
update_res: 1.000e+00
update_ics_u_t: 1.000e+00
update_bcs1: 1.000e+00
update_bcs2: 1.000e+00
adaptive_constant_res_val: 1.391e-02
adaptive_constant_ics_val: 2.894e+01
adaptive_constant_bcs1_val: 7.427e+00
adaptive_constant_bcs2_val: 1.620e+01
It: 3000, Loss: 9.198e-01, Loss_res: 6.057e+00,  Loss_bcs1: 1.053e-01,  Loss_bcs2: 2.548e-03,  loss_ics_u: 9.303e-02, Loss_ut_ics: 4.159e-04,, Time: 3.59
minmax ratio : 3.1523e+14
max_grad_bcs1: 1.528e-04 ,max_grad_bcs2: 6.781e-05 ,max_grad_ics: 6.432e-05 ,max_grad_res: 6.029e+00  
min_grad_bcs1: 4.300e-12 ,min_grad_bcs2: 1.805e-12 ,min_grad_ics: 1.913e-14 ,min_grad_res: 2.040e-11  
update_res: 1.000e+00
update_ics_u_t: 1.000e+00
update_bcs1: 1.000e+00
update_bcs2: 1.000e+00
adaptive_constant_res_val: 1.391e-02
adaptive_constant_ics_val: 2.894e+01
adaptive_constant_bcs1_val: 7.427e+00
adaptive_constant_bcs2_val: 1.620e+01
It: 3100, Loss: 1.071e+00, Loss_res: 6.474e+00,  Loss_bcs1: 1.175e-01,  Loss_bcs2: 3.153e-03,  loss_ics_u: 1.077e-01, Loss_ut_ics: 1.989e-03,, Time: 3.59
minmax ratio : 2.9759e+13
max_grad_bcs1: 2.585e-04 ,max_grad_bcs2: 6.249e-05 ,max_grad_ics: 2.485e-04 ,max_grad_res: 1.087e+01  
min_grad_bcs1: 1.846e-12 ,min_grad_bcs2: 4.640e-12 ,min_grad_ics: 3.653e-13 ,min_grad_res: 4.360e-11  
update_res: 1.000e+00
update_ics_u_t: 1.000e+00
update_bcs1: 1.000e+00
update_bcs2: 1.000e+00
adaptive_constant_res_val: 1.391e-02
adaptive_constant_ics_val: 2.894e+01
adaptive_constant_bcs1_val: 7.427e+00
adaptive_constant_bcs2_val: 1.620e+01
It: 3200, Loss: 8.622e-01, Loss_res: 5.244e+00,  Loss_bcs1: 9.709e-02,  Loss_bcs2: 2.858e-03,  loss_ics_u: 8.015e-02, Loss_ut_ics: 7.566e-04,, Time: 3.69
minmax ratio : 8.0389e+12
max_grad_bcs1: 1.346e-04 ,max_grad_bcs2: 8.514e-05 ,max_grad_ics: 2.084e-04 ,max_grad_res: 6.149e+00  
min_grad_bcs1: 3.259e-11 ,min_grad_bcs2: 5.330e-11 ,min_grad_ics: 7.649e-13 ,min_grad_res: 5.423e-11  
update_res: 1.000e+00
update_ics_u_t: 1.000e+00
update_bcs1: 1.000e+00
update_bcs2: 1.000e+00
adaptive_constant_res_val: 1.391e-02
adaptive_constant_ics_val: 2.894e+01
adaptive_constant_bcs1_val: 7.427e+00
adaptive_constant_bcs2_val: 1.620e+01
It: 3300, Loss: 9.870e-01, Loss_res: 6.272e+00,  Loss_bcs1: 1.124e-01,  Loss_bcs2: 2.907e-03,  loss_ics_u: 1.033e-01, Loss_ut_ics: 6.081e-04,, Time: 3.58
minmax ratio : 2.6933e+13
max_grad_bcs1: 2.006e-04 ,max_grad_bcs2: 5.212e-05 ,max_grad_ics: 6.254e-05 ,max_grad_res: 7.276e+00  
min_grad_bcs1: 5.020e-11 ,min_grad_bcs2: 2.983e-12 ,min_grad_ics: 2.702e-13 ,min_grad_res: 4.563e-11  
update_res: 1.000e+00
update_ics_u_t: 1.000e+00
update_bcs1: 1.000e+00
update_bcs2: 1.000e+00
adaptive_constant_res_val: 1.391e-02
adaptive_constant_ics_val: 2.894e+01
adaptive_constant_bcs1_val: 7.427e+00
adaptive_constant_bcs2_val: 1.620e+01
It: 3400, Loss: 1.001e+00, Loss_res: 6.927e+00,  Loss_bcs1: 1.049e-01,  Loss_bcs2: 2.468e-03,  loss_ics_u: 9.205e-02, Loss_ut_ics: 2.975e-03,, Time: 3.56
minmax ratio : 1.1244e+12
max_grad_bcs1: 2.247e-04 ,max_grad_bcs2: 4.946e-05 ,max_grad_ics: 3.365e-04 ,max_grad_res: 5.156e+00  
min_grad_bcs1: 3.466e-11 ,min_grad_bcs2: 4.586e-12 ,min_grad_ics: 9.487e-12 ,min_grad_res: 8.699e-11  
update_res: 1.000e+00
update_ics_u_t: 1.000e+00
update_bcs1: 1.000e+00
update_bcs2: 1.000e+00
adaptive_constant_res_val: 1.391e-02
adaptive_constant_ics_val: 2.894e+01
adaptive_constant_bcs1_val: 7.427e+00
adaptive_constant_bcs2_val: 1.620e+01
It: 3500, Loss: 1.010e+00, Loss_res: 6.178e+00,  Loss_bcs1: 1.163e-01,  Loss_bcs2: 3.168e-03,  loss_ics_u: 1.049e-01, Loss_ut_ics: 3.330e-04,, Time: 3.59
minmax ratio : 3.1475e+12
max_grad_bcs1: 1.197e-04 ,max_grad_bcs2: 6.228e-05 ,max_grad_ics: 1.202e-04 ,max_grad_res: 6.529e+00  
min_grad_bcs1: 2.074e-12 ,min_grad_bcs2: 9.897e-12 ,min_grad_ics: 3.594e-12 ,min_grad_res: 1.155e-10  
update_res: 1.000e+00
update_ics_u_t: 1.000e+00
update_bcs1: 1.000e+00
update_bcs2: 1.000e+00
adaptive_constant_res_val: 1.391e-02
adaptive_constant_ics_val: 2.894e+01
adaptive_constant_bcs1_val: 7.427e+00
adaptive_constant_bcs2_val: 1.620e+01
It: 3600, Loss: 9.382e-01, Loss_res: 4.525e+00,  Loss_bcs1: 1.065e-01,  Loss_bcs2: 2.605e-03,  loss_ics_u: 9.691e-02, Loss_ut_ics: 1.466e-03,, Time: 3.62
minmax ratio : 3.4322e+12
max_grad_bcs1: 1.343e-04 ,max_grad_bcs2: 8.724e-05 ,max_grad_ics: 6.497e-04 ,max_grad_res: 6.731e+00  
min_grad_bcs1: 3.251e-11 ,min_grad_bcs2: 1.961e-12 ,min_grad_ics: 1.094e-10 ,min_grad_res: 1.540e-11  
update_res: 1.000e+00
update_ics_u_t: 1.000e+00
update_bcs1: 1.000e+00
update_bcs2: 1.000e+00
adaptive_constant_res_val: 1.391e-02
adaptive_constant_ics_val: 2.894e+01
adaptive_constant_bcs1_val: 7.427e+00
adaptive_constant_bcs2_val: 1.620e+01
It: 3700, Loss: 9.904e-01, Loss_res: 4.327e+00,  Loss_bcs1: 1.176e-01,  Loss_bcs2: 2.198e-03,  loss_ics_u: 9.961e-02, Loss_ut_ics: 7.258e-04,, Time: 3.69
minmax ratio : 1.1786e+12
max_grad_bcs1: 3.593e-04 ,max_grad_bcs2: 5.374e-05 ,max_grad_ics: 2.238e-04 ,max_grad_res: 5.360e+00  
min_grad_bcs1: 4.547e-12 ,min_grad_bcs2: 4.629e-12 ,min_grad_ics: 1.332e-11 ,min_grad_res: 2.539e-10  
update_res: 1.000e+00
update_ics_u_t: 1.000e+00
update_bcs1: 1.000e+00
update_bcs2: 1.000e+00
adaptive_constant_res_val: 1.391e-02
adaptive_constant_ics_val: 2.894e+01
adaptive_constant_bcs1_val: 7.427e+00
adaptive_constant_bcs2_val: 1.620e+01
It: 3800, Loss: 1.209e+00, Loss_res: 7.175e+00,  Loss_bcs1: 1.205e-01,  Loss_bcs2: 1.419e-03,  loss_ics_u: 1.042e-01, Loss_ut_ics: 6.582e-03,, Time: 3.89
minmax ratio : 2.4872e+13
max_grad_bcs1: 1.351e-04 ,max_grad_bcs2: 4.901e-05 ,max_grad_ics: 2.719e-04 ,max_grad_res: 8.871e+00  
min_grad_bcs1: 6.438e-12 ,min_grad_bcs2: 3.567e-13 ,min_grad_ics: 3.638e-12 ,min_grad_res: 1.891e-11  
update_res: 1.000e+00
update_ics_u_t: 1.000e+00
update_bcs1: 1.000e+00
update_bcs2: 1.000e+00
adaptive_constant_res_val: 1.391e-02
adaptive_constant_ics_val: 2.894e+01
adaptive_constant_bcs1_val: 7.427e+00
adaptive_constant_bcs2_val: 1.620e+01
It: 3900, Loss: 1.038e+00, Loss_res: 6.236e+00,  Loss_bcs1: 1.180e-01,  Loss_bcs2: 3.244e-03,  loss_ics_u: 1.036e-01, Loss_ut_ics: 7.545e-04,, Time: 4.04
minmax ratio : 3.2788e+12
max_grad_bcs1: 1.125e-04 ,max_grad_bcs2: 8.794e-05 ,max_grad_ics: 1.819e-04 ,max_grad_res: 5.397e+00  
min_grad_bcs1: 1.646e-12 ,min_grad_bcs2: 8.520e-12 ,min_grad_ics: 6.430e-12 ,min_grad_res: 3.173e-12  
update_res: 1.000e+00
update_ics_u_t: 1.000e+00
update_bcs1: 1.000e+00
update_bcs2: 1.000e+00
adaptive_constant_res_val: 1.391e-02
adaptive_constant_ics_val: 2.894e+01
adaptive_constant_bcs1_val: 7.427e+00
adaptive_constant_bcs2_val: 1.620e+01
It: 4000, Loss: 9.249e-01, Loss_res: 4.970e+00,  Loss_bcs1: 1.086e-01,  Loss_bcs2: 2.246e-03,  loss_ics_u: 9.907e-02, Loss_ut_ics: 4.500e-04,, Time: 3.78
minmax ratio : 7.0241e+13
max_grad_bcs1: 2.173e-04 ,max_grad_bcs2: 3.554e-05 ,max_grad_ics: 1.106e-04 ,max_grad_res: 6.301e+00  
min_grad_bcs1: 7.276e-12 ,min_grad_bcs2: 2.892e-12 ,min_grad_ics: 8.971e-14 ,min_grad_res: 1.877e-10  
update_res: 1.000e+00
update_ics_u_t: 1.000e+00
update_bcs1: 1.000e+00
update_bcs2: 1.000e+00
adaptive_constant_res_val: 1.391e-02
adaptive_constant_ics_val: 2.894e+01
adaptive_constant_bcs1_val: 7.427e+00
adaptive_constant_bcs2_val: 1.620e+01
It: 4100, Loss: 9.730e-01, Loss_res: 6.846e+00,  Loss_bcs1: 1.127e-01,  Loss_bcs2: 1.974e-03,  loss_ics_u: 1.059e-01, Loss_ut_ics: 3.012e-04,, Time: 3.66
minmax ratio : 9.4980e+12
max_grad_bcs1: 1.509e-04 ,max_grad_bcs2: 7.360e-05 ,max_grad_ics: 3.522e-04 ,max_grad_res: 1.005e+01  
min_grad_bcs1: 1.139e-12 ,min_grad_bcs2: 1.059e-12 ,min_grad_ics: 7.874e-12 ,min_grad_res: 6.011e-11  
update_res: 1.000e+00
update_ics_u_t: 1.000e+00
update_bcs1: 1.000e+00
update_bcs2: 1.000e+00
adaptive_constant_res_val: 1.391e-02
adaptive_constant_ics_val: 2.894e+01
adaptive_constant_bcs1_val: 7.427e+00
adaptive_constant_bcs2_val: 1.620e+01
It: 4200, Loss: 9.043e-01, Loss_res: 3.880e+00,  Loss_bcs1: 1.099e-01,  Loss_bcs2: 1.596e-03,  loss_ics_u: 9.659e-02, Loss_ut_ics: 2.856e-04,, Time: 3.67
minmax ratio : 1.3809e+13
max_grad_bcs1: 1.711e-04 ,max_grad_bcs2: 8.847e-05 ,max_grad_ics: 2.482e-04 ,max_grad_res: 6.527e+00  
min_grad_bcs1: 7.137e-12 ,min_grad_bcs2: 3.192e-11 ,min_grad_ics: 4.727e-13 ,min_grad_res: 1.611e-11  
update_res: 1.000e+00
update_ics_u_t: 1.000e+00
update_bcs1: 1.000e+00
update_bcs2: 1.000e+00
adaptive_constant_res_val: 1.391e-02
adaptive_constant_ics_val: 2.894e+01
adaptive_constant_bcs1_val: 7.427e+00
adaptive_constant_bcs2_val: 1.620e+01
It: 4300, Loss: 1.022e+00, Loss_res: 4.596e+00,  Loss_bcs1: 1.096e-01,  Loss_bcs2: 3.041e-03,  loss_ics_u: 1.010e-01, Loss_ut_ics: 3.304e-03,, Time: 3.56
minmax ratio : 2.6642e+12
max_grad_bcs1: 1.425e-04 ,max_grad_bcs2: 3.353e-05 ,max_grad_ics: 2.855e-04 ,max_grad_res: 6.214e+00  
min_grad_bcs1: 2.002e-11 ,min_grad_bcs2: 2.332e-12 ,min_grad_ics: 1.984e-11 ,min_grad_res: 1.072e-10  
update_res: 1.000e+00
update_ics_u_t: 1.000e+00
update_bcs1: 1.000e+00
update_bcs2: 1.000e+00
adaptive_constant_res_val: 1.391e-02
adaptive_constant_ics_val: 2.894e+01
adaptive_constant_bcs1_val: 7.427e+00
adaptive_constant_bcs2_val: 1.620e+01
It: 4400, Loss: 9.356e-01, Loss_res: 4.258e+00,  Loss_bcs1: 1.080e-01,  Loss_bcs2: 1.878e-03,  loss_ics_u: 1.000e-01, Loss_ut_ics: 1.524e-03,, Time: 3.58
minmax ratio : 2.5327e+12
max_grad_bcs1: 1.187e-04 ,max_grad_bcs2: 9.033e-05 ,max_grad_ics: 3.207e-04 ,max_grad_res: 1.055e+01  
min_grad_bcs1: 5.912e-12 ,min_grad_bcs2: 6.742e-12 ,min_grad_ics: 4.165e-12 ,min_grad_res: 2.018e-10  
update_res: 1.000e+00
update_ics_u_t: 1.000e+00
update_bcs1: 1.000e+00
update_bcs2: 1.000e+00
adaptive_constant_res_val: 1.391e-02
adaptive_constant_ics_val: 2.894e+01
adaptive_constant_bcs1_val: 7.427e+00
adaptive_constant_bcs2_val: 1.620e+01
It: 4500, Loss: 8.086e-01, Loss_res: 4.264e+00,  Loss_bcs1: 8.814e-02,  Loss_bcs2: 1.638e-03,  loss_ics_u: 7.910e-02, Loss_ut_ics: 2.356e-03,, Time: 3.55
minmax ratio : inf
max_grad_bcs1: 1.000e-04 ,max_grad_bcs2: 1.756e-04 ,max_grad_ics: 1.745e-04 ,max_grad_res: 4.755e+00  
min_grad_bcs1: 2.210e-12 ,min_grad_bcs2: 4.641e-11 ,min_grad_ics: 0.000e+00 ,min_grad_res: 3.577e-12  
update_res: 1.000e+00
update_ics_u_t: 1.000e+00
update_bcs1: 1.000e+00
update_bcs2: 1.000e+00
adaptive_constant_res_val: 1.391e-02
adaptive_constant_ics_val: 2.894e+01
adaptive_constant_bcs1_val: 7.427e+00
adaptive_constant_bcs2_val: 1.620e+01
It: 4600, Loss: 9.219e-01, Loss_res: 4.586e+00,  Loss_bcs1: 1.092e-01,  Loss_bcs2: 1.688e-03,  loss_ics_u: 1.011e-01, Loss_ut_ics: 6.872e-04,, Time: 3.62
minmax ratio : 1.6881e+13
max_grad_bcs1: 1.377e-04 ,max_grad_bcs2: 3.926e-05 ,max_grad_ics: 3.385e-04 ,max_grad_res: 5.642e+00  
min_grad_bcs1: 5.745e-12 ,min_grad_bcs2: 3.342e-13 ,min_grad_ics: 5.384e-13 ,min_grad_res: 5.298e-11  
update_res: 1.000e+00
update_ics_u_t: 1.000e+00
update_bcs1: 1.000e+00
update_bcs2: 1.000e+00
adaptive_constant_res_val: 1.391e-02
adaptive_constant_ics_val: 2.894e+01
adaptive_constant_bcs1_val: 7.427e+00
adaptive_constant_bcs2_val: 1.620e+01
It: 4700, Loss: 1.006e+00, Loss_res: 4.634e+00,  Loss_bcs1: 9.990e-02,  Loss_bcs2: 1.584e-03,  loss_ics_u: 9.008e-02, Loss_ut_ics: 6.021e-03,, Time: 3.56
minmax ratio : 8.2549e+11
max_grad_bcs1: 2.087e-04 ,max_grad_bcs2: 1.745e-04 ,max_grad_ics: 3.816e-04 ,max_grad_res: 5.713e+00  
min_grad_bcs1: 6.921e-12 ,min_grad_bcs2: 3.375e-11 ,min_grad_ics: 1.576e-11 ,min_grad_res: 1.035e-11  
update_res: 1.000e+00
update_ics_u_t: 1.000e+00
update_bcs1: 1.000e+00
update_bcs2: 1.000e+00
adaptive_constant_res_val: 1.391e-02
adaptive_constant_ics_val: 2.894e+01
adaptive_constant_bcs1_val: 7.427e+00
adaptive_constant_bcs2_val: 1.620e+01
It: 4800, Loss: 9.156e-01, Loss_res: 4.146e+00,  Loss_bcs1: 1.077e-01,  Loss_bcs2: 1.426e-03,  loss_ics_u: 9.553e-02, Loss_ut_ics: 1.213e-03,, Time: 3.71
minmax ratio : inf
max_grad_bcs1: 3.105e-04 ,max_grad_bcs2: 3.535e-05 ,max_grad_ics: 1.757e-04 ,max_grad_res: 4.674e+00  
min_grad_bcs1: 0.000e+00 ,min_grad_bcs2: 2.714e-13 ,min_grad_ics: 2.627e-12 ,min_grad_res: 1.113e-11  
update_res: 1.000e+00
update_ics_u_t: 1.000e+00
update_bcs1: 1.000e+00
update_bcs2: 1.000e+00
adaptive_constant_res_val: 1.391e-02
adaptive_constant_ics_val: 2.894e+01
adaptive_constant_bcs1_val: 7.427e+00
adaptive_constant_bcs2_val: 1.620e+01
It: 4900, Loss: 9.527e-01, Loss_res: 4.243e+00,  Loss_bcs1: 9.766e-02,  Loss_bcs2: 1.783e-03,  loss_ics_u: 8.835e-02, Loss_ut_ics: 4.815e-03,, Time: 3.64
minmax ratio : 3.6495e+13
max_grad_bcs1: 1.737e-04 ,max_grad_bcs2: 5.146e-05 ,max_grad_ics: 2.046e-04 ,max_grad_res: 5.489e+00  
min_grad_bcs1: 4.934e-11 ,min_grad_bcs2: 1.504e-13 ,min_grad_ics: 6.523e-12 ,min_grad_res: 1.706e-10  
update_res: 1.000e+00
update_ics_u_t: 1.000e+00
update_bcs1: 1.000e+00
update_bcs2: 1.000e+00
adaptive_constant_res_val: 1.391e-02
adaptive_constant_ics_val: 2.894e+01
adaptive_constant_bcs1_val: 7.427e+00
adaptive_constant_bcs2_val: 1.620e+01
It: 5000, Loss: 2.906e+00, Loss_res: 4.068e+00,  Loss_bcs1: 9.564e-02,  Loss_bcs2: 3.434e-03,  loss_ics_u: 8.839e-02, Loss_ut_ics: 7.199e-02,, Time: 3.55
minmax ratio : 8.2691e+12
max_grad_bcs1: 3.167e-04 ,max_grad_bcs2: 2.017e-04 ,max_grad_ics: 2.684e-03 ,max_grad_res: 1.285e+01  
min_grad_bcs1: 1.554e-12 ,min_grad_bcs2: 3.723e-12 ,min_grad_ics: 1.421e-11 ,min_grad_res: 2.963e-12  
update_res: 1.000e+00
update_ics_u_t: 1.000e+00
update_bcs1: 1.000e+00
update_bcs2: 1.000e+00
adaptive_constant_res_val: 1.391e-02
adaptive_constant_ics_val: 2.894e+01
adaptive_constant_bcs1_val: 7.427e+00
adaptive_constant_bcs2_val: 1.620e+01
It: 5100, Loss: 9.366e-01, Loss_res: 4.266e+00,  Loss_bcs1: 1.123e-01,  Loss_bcs2: 1.425e-03,  loss_ics_u: 1.066e-01, Loss_ut_ics: 7.000e-04,, Time: 3.56
minmax ratio : 1.7442e+12
max_grad_bcs1: 2.736e-04 ,max_grad_bcs2: 8.669e-05 ,max_grad_ics: 6.378e-05 ,max_grad_res: 4.759e+00  
min_grad_bcs1: 1.455e-11 ,min_grad_bcs2: 3.880e-11 ,min_grad_ics: 2.728e-12 ,min_grad_res: 3.486e-11  
update_res: 1.000e+00
update_ics_u_t: 1.000e+00
update_bcs1: 1.000e+00
update_bcs2: 1.000e+00
adaptive_constant_res_val: 1.391e-02
adaptive_constant_ics_val: 2.894e+01
adaptive_constant_bcs1_val: 7.427e+00
adaptive_constant_bcs2_val: 1.620e+01
It: 5200, Loss: 9.469e-01, Loss_res: 3.267e+00,  Loss_bcs1: 1.137e-01,  Loss_bcs2: 1.394e-03,  loss_ics_u: 1.038e-01, Loss_ut_ics: 1.196e-03,, Time: 3.62
minmax ratio : 6.0018e+12
max_grad_bcs1: 1.447e-04 ,max_grad_bcs2: 5.796e-05 ,max_grad_ics: 5.042e-04 ,max_grad_res: 5.645e+00  
min_grad_bcs1: 5.645e-12 ,min_grad_bcs2: 1.161e-12 ,min_grad_ics: 9.406e-13 ,min_grad_res: 6.681e-12  
update_res: 1.000e+00
update_ics_u_t: 1.000e+00
update_bcs1: 1.000e+00
update_bcs2: 1.000e+00
adaptive_constant_res_val: 1.391e-02
adaptive_constant_ics_val: 2.894e+01
adaptive_constant_bcs1_val: 7.427e+00
adaptive_constant_bcs2_val: 1.620e+01
It: 5300, Loss: 7.563e-01, Loss_res: 3.801e+00,  Loss_bcs1: 8.860e-02,  Loss_bcs2: 1.798e-03,  loss_ics_u: 8.406e-02, Loss_ut_ics: 5.611e-04,, Time: 3.57
minmax ratio : 3.5952e+13
max_grad_bcs1: 1.733e-04 ,max_grad_bcs2: 5.336e-05 ,max_grad_ics: 2.960e-04 ,max_grad_res: 6.897e+00  
min_grad_bcs1: 1.918e-13 ,min_grad_bcs2: 1.496e-11 ,min_grad_ics: 1.295e-11 ,min_grad_res: 3.931e-11  
update_res: 1.000e+00
update_ics_u_t: 1.000e+00
update_bcs1: 1.000e+00
update_bcs2: 1.000e+00
adaptive_constant_res_val: 1.391e-02
adaptive_constant_ics_val: 2.894e+01
adaptive_constant_bcs1_val: 7.427e+00
adaptive_constant_bcs2_val: 1.620e+01
It: 5400, Loss: 8.338e-01, Loss_res: 3.757e+00,  Loss_bcs1: 9.297e-02,  Loss_bcs2: 1.476e-03,  loss_ics_u: 8.654e-02, Loss_ut_ics: 2.319e-03,, Time: 3.55
minmax ratio : 1.2107e+13
max_grad_bcs1: 1.024e-04 ,max_grad_bcs2: 7.464e-05 ,max_grad_ics: 2.955e-04 ,max_grad_res: 5.277e+00  
min_grad_bcs1: 5.569e-13 ,min_grad_bcs2: 4.358e-13 ,min_grad_ics: 4.750e-12 ,min_grad_res: 1.241e-10  
update_res: 1.000e+00
update_ics_u_t: 1.000e+00
update_bcs1: 1.000e+00
update_bcs2: 1.000e+00
adaptive_constant_res_val: 1.391e-02
adaptive_constant_ics_val: 2.894e+01
adaptive_constant_bcs1_val: 7.427e+00
adaptive_constant_bcs2_val: 1.620e+01
It: 5500, Loss: 8.108e-01, Loss_res: 3.053e+00,  Loss_bcs1: 9.521e-02,  Loss_bcs2: 1.522e-03,  loss_ics_u: 8.543e-02, Loss_ut_ics: 1.263e-03,, Time: 3.57
minmax ratio : 2.4847e+12
max_grad_bcs1: 2.015e-04 ,max_grad_bcs2: 6.654e-05 ,max_grad_ics: 1.449e-04 ,max_grad_res: 5.332e+00  
min_grad_bcs1: 5.302e-12 ,min_grad_bcs2: 4.451e-11 ,min_grad_ics: 2.146e-12 ,min_grad_res: 7.185e-12  
update_res: 1.000e+00
update_ics_u_t: 1.000e+00
update_bcs1: 1.000e+00
update_bcs2: 1.000e+00
adaptive_constant_res_val: 1.391e-02
adaptive_constant_ics_val: 2.894e+01
adaptive_constant_bcs1_val: 7.427e+00
adaptive_constant_bcs2_val: 1.620e+01
It: 5600, Loss: 9.421e-01, Loss_res: 4.964e+00,  Loss_bcs1: 9.973e-02,  Loss_bcs2: 1.496e-03,  loss_ics_u: 8.885e-02, Loss_ut_ics: 3.735e-03,, Time: 3.69
minmax ratio : 2.0655e+13
max_grad_bcs1: 2.903e-04 ,max_grad_bcs2: 5.191e-05 ,max_grad_ics: 7.862e-04 ,max_grad_res: 1.118e+01  
min_grad_bcs1: 5.639e-13 ,min_grad_bcs2: 5.412e-13 ,min_grad_ics: 2.405e-12 ,min_grad_res: 1.683e-11  
update_res: 1.000e+00
update_ics_u_t: 1.000e+00
update_bcs1: 1.000e+00
update_bcs2: 1.000e+00
adaptive_constant_res_val: 1.391e-02
adaptive_constant_ics_val: 2.894e+01
adaptive_constant_bcs1_val: 7.427e+00
adaptive_constant_bcs2_val: 1.620e+01
It: 5700, Loss: 8.872e-01, Loss_res: 2.750e+00,  Loss_bcs1: 1.006e-01,  Loss_bcs2: 1.706e-03,  loss_ics_u: 9.431e-02, Loss_ut_ics: 2.550e-03,, Time: 3.59
minmax ratio : 8.4065e+13
max_grad_bcs1: 8.981e-05 ,max_grad_bcs2: 5.695e-05 ,max_grad_ics: 4.120e-04 ,max_grad_res: 5.310e+00  
min_grad_bcs1: 5.493e-13 ,min_grad_bcs2: 6.316e-14 ,min_grad_ics: 4.531e-13 ,min_grad_res: 9.418e-13  
update_res: 1.000e+00
update_ics_u_t: 1.000e+00
update_bcs1: 1.000e+00
update_bcs2: 1.000e+00
adaptive_constant_res_val: 1.391e-02
adaptive_constant_ics_val: 2.894e+01
adaptive_constant_bcs1_val: 7.427e+00
adaptive_constant_bcs2_val: 1.620e+01
It: 5800, Loss: 7.418e-01, Loss_res: 2.669e+00,  Loss_bcs1: 8.615e-02,  Loss_bcs2: 1.383e-03,  loss_ics_u: 8.125e-02, Loss_ut_ics: 1.465e-03,, Time: 3.59
minmax ratio : 7.1478e+13
max_grad_bcs1: 1.390e-04 ,max_grad_bcs2: 4.154e-05 ,max_grad_ics: 2.792e-04 ,max_grad_res: 6.095e+00  
min_grad_bcs1: 8.527e-14 ,min_grad_bcs2: 6.049e-12 ,min_grad_ics: 1.939e-12 ,min_grad_res: 2.134e-11  
update_res: 1.000e+00
update_ics_u_t: 1.000e+00
update_bcs1: 1.000e+00
update_bcs2: 1.000e+00
adaptive_constant_res_val: 1.391e-02
adaptive_constant_ics_val: 2.894e+01
adaptive_constant_bcs1_val: 7.427e+00
adaptive_constant_bcs2_val: 1.620e+01
It: 5900, Loss: 8.551e-01, Loss_res: 2.689e+00,  Loss_bcs1: 1.018e-01,  Loss_bcs2: 3.061e-03,  loss_ics_u: 9.670e-02, Loss_ut_ics: 4.259e-04,, Time: 3.58
minmax ratio : 2.8639e+13
max_grad_bcs1: 8.642e-05 ,max_grad_bcs2: 9.830e-05 ,max_grad_ics: 8.485e-05 ,max_grad_res: 3.816e+00  
min_grad_bcs1: 1.332e-13 ,min_grad_bcs2: 1.198e-12 ,min_grad_ics: 1.953e-13 ,min_grad_res: 7.983e-11  
update_res: 1.000e+00
update_ics_u_t: 1.000e+00
update_bcs1: 1.000e+00
update_bcs2: 1.000e+00
adaptive_constant_res_val: 1.391e-02
adaptive_constant_ics_val: 2.894e+01
adaptive_constant_bcs1_val: 7.427e+00
adaptive_constant_bcs2_val: 1.620e+01
It: 6000, Loss: 8.068e-01, Loss_res: 4.887e+00,  Loss_bcs1: 9.088e-02,  Loss_bcs2: 2.426e-03,  loss_ics_u: 8.742e-02, Loss_ut_ics: 8.510e-04,, Time: 3.59
minmax ratio : 1.3560e+12
max_grad_bcs1: 1.912e-04 ,max_grad_bcs2: 5.733e-05 ,max_grad_ics: 1.654e-04 ,max_grad_res: 8.326e+00  
min_grad_bcs1: 1.080e-11 ,min_grad_bcs2: 4.505e-11 ,min_grad_ics: 6.140e-12 ,min_grad_res: 2.910e-11  
update_res: 1.000e+00
update_ics_u_t: 1.000e+00
update_bcs1: 1.000e+00
update_bcs2: 1.000e+00
adaptive_constant_res_val: 1.391e-02
adaptive_constant_ics_val: 2.894e+01
adaptive_constant_bcs1_val: 7.427e+00
adaptive_constant_bcs2_val: 1.620e+01
It: 6100, Loss: 7.509e-01, Loss_res: 2.592e+00,  Loss_bcs1: 8.681e-02,  Loss_bcs2: 1.149e-03,  loss_ics_u: 7.795e-02, Loss_ut_ics: 1.780e-03,, Time: 3.58
minmax ratio : 3.4199e+12
max_grad_bcs1: 2.340e-04 ,max_grad_bcs2: 7.786e-05 ,max_grad_ics: 3.736e-04 ,max_grad_res: 3.614e+00  
min_grad_bcs1: 1.087e-12 ,min_grad_bcs2: 2.355e-12 ,min_grad_ics: 1.057e-12 ,min_grad_res: 2.263e-11  
update_res: 1.000e+00
update_ics_u_t: 1.000e+00
update_bcs1: 1.000e+00
update_bcs2: 1.000e+00
adaptive_constant_res_val: 1.391e-02
adaptive_constant_ics_val: 2.894e+01
adaptive_constant_bcs1_val: 7.427e+00
adaptive_constant_bcs2_val: 1.620e+01
It: 6200, Loss: 7.268e-01, Loss_res: 2.767e+00,  Loss_bcs1: 8.877e-02,  Loss_bcs2: 1.305e-03,  loss_ics_u: 8.413e-02, Loss_ut_ics: 2.701e-04,, Time: 3.54
minmax ratio : 6.5470e+12
max_grad_bcs1: 1.762e-04 ,max_grad_bcs2: 4.142e-05 ,max_grad_ics: 9.424e-05 ,max_grad_res: 6.384e+00  
min_grad_bcs1: 2.405e-12 ,min_grad_bcs2: 3.769e-12 ,min_grad_ics: 9.751e-13 ,min_grad_res: 7.875e-11  
update_res: 1.000e+00
update_ics_u_t: 1.000e+00
update_bcs1: 1.000e+00
update_bcs2: 1.000e+00
adaptive_constant_res_val: 1.391e-02
adaptive_constant_ics_val: 2.894e+01
adaptive_constant_bcs1_val: 7.427e+00
adaptive_constant_bcs2_val: 1.620e+01
It: 6300, Loss: 7.722e-01, Loss_res: 3.097e+00,  Loss_bcs1: 9.437e-02,  Loss_bcs2: 1.358e-03,  loss_ics_u: 8.838e-02, Loss_ut_ics: 2.158e-04,, Time: 3.57
minmax ratio : 3.9435e+12
max_grad_bcs1: 1.249e-04 ,max_grad_bcs2: 3.743e-05 ,max_grad_ics: 2.403e-04 ,max_grad_res: 5.780e+00  
min_grad_bcs1: 1.705e-12 ,min_grad_bcs2: 1.338e-11 ,min_grad_ics: 1.466e-12 ,min_grad_res: 5.945e-12  
update_res: 1.000e+00
update_ics_u_t: 1.000e+00
update_bcs1: 1.000e+00
update_bcs2: 1.000e+00
adaptive_constant_res_val: 1.391e-02
adaptive_constant_ics_val: 2.894e+01
adaptive_constant_bcs1_val: 7.427e+00
adaptive_constant_bcs2_val: 1.620e+01
It: 6400, Loss: 7.849e-01, Loss_res: 2.275e+00,  Loss_bcs1: 9.666e-02,  Loss_bcs2: 1.784e-03,  loss_ics_u: 9.327e-02, Loss_ut_ics: 2.227e-04,, Time: 3.59
minmax ratio : 6.2066e+12
max_grad_bcs1: 2.309e-04 ,max_grad_bcs2: 4.522e-05 ,max_grad_ics: 8.048e-05 ,max_grad_res: 5.090e+00  
min_grad_bcs1: 4.794e-11 ,min_grad_bcs2: 8.202e-13 ,min_grad_ics: 1.037e-12 ,min_grad_res: 3.666e-11  
update_res: 1.000e+00
update_ics_u_t: 1.000e+00
update_bcs1: 1.000e+00
update_bcs2: 1.000e+00
adaptive_constant_res_val: 1.391e-02
adaptive_constant_ics_val: 2.894e+01
adaptive_constant_bcs1_val: 7.427e+00
adaptive_constant_bcs2_val: 1.620e+01
It: 6500, Loss: 7.336e-01, Loss_res: 3.645e+00,  Loss_bcs1: 8.809e-02,  Loss_bcs2: 1.160e-03,  loss_ics_u: 8.231e-02, Loss_ut_ics: 3.401e-04,, Time: 3.69
minmax ratio : 3.6629e+13
max_grad_bcs1: 2.283e-04 ,max_grad_bcs2: 1.507e-05 ,max_grad_ics: 8.324e-05 ,max_grad_res: 1.190e+01  
min_grad_bcs1: 4.821e-12 ,min_grad_bcs2: 9.337e-13 ,min_grad_ics: 3.248e-13 ,min_grad_res: 9.575e-11  
update_res: 1.000e+00
update_ics_u_t: 1.000e+00
update_bcs1: 1.000e+00
update_bcs2: 1.000e+00
adaptive_constant_res_val: 1.391e-02
adaptive_constant_ics_val: 2.894e+01
adaptive_constant_bcs1_val: 7.427e+00
adaptive_constant_bcs2_val: 1.620e+01
It: 6600, Loss: 8.136e-01, Loss_res: 3.954e+00,  Loss_bcs1: 8.945e-02,  Loss_bcs2: 1.113e-03,  loss_ics_u: 8.415e-02, Loss_ut_ics: 2.634e-03,, Time: 3.56
minmax ratio : 3.5473e+14
max_grad_bcs1: 1.547e-04 ,max_grad_bcs2: 4.390e-05 ,max_grad_ics: 1.814e-04 ,max_grad_res: 1.284e+01  
min_grad_bcs1: 1.728e-11 ,min_grad_bcs2: 3.627e-13 ,min_grad_ics: 3.618e-14 ,min_grad_res: 3.877e-11  
update_res: 1.000e+00
update_ics_u_t: 1.000e+00
update_bcs1: 1.000e+00
update_bcs2: 1.000e+00
adaptive_constant_res_val: 1.391e-02
adaptive_constant_ics_val: 2.894e+01
adaptive_constant_bcs1_val: 7.427e+00
adaptive_constant_bcs2_val: 1.620e+01
It: 6700, Loss: 8.830e-01, Loss_res: 2.767e+00,  Loss_bcs1: 1.067e-01,  Loss_bcs2: 1.720e-03,  loss_ics_u: 9.696e-02, Loss_ut_ics: 8.338e-04,, Time: 3.56
minmax ratio : 3.7420e+12
max_grad_bcs1: 2.500e-04 ,max_grad_bcs2: 3.037e-05 ,max_grad_ics: 9.740e-05 ,max_grad_res: 5.844e+00  
min_grad_bcs1: 1.610e-10 ,min_grad_bcs2: 6.570e-12 ,min_grad_ics: 1.562e-12 ,min_grad_res: 1.356e-10  
update_res: 1.000e+00
update_ics_u_t: 1.000e+00
update_bcs1: 1.000e+00
update_bcs2: 1.000e+00
adaptive_constant_res_val: 1.391e-02
adaptive_constant_ics_val: 2.894e+01
adaptive_constant_bcs1_val: 7.427e+00
adaptive_constant_bcs2_val: 1.620e+01
It: 6800, Loss: 7.760e-01, Loss_res: 2.257e+00,  Loss_bcs1: 8.900e-02,  Loss_bcs2: 2.548e-03,  loss_ics_u: 8.400e-02, Loss_ut_ics: 1.461e-03,, Time: 3.66
minmax ratio : 2.3237e+12
max_grad_bcs1: 1.394e-04 ,max_grad_bcs2: 5.629e-05 ,max_grad_ics: 3.378e-04 ,max_grad_res: 4.961e+00  
min_grad_bcs1: 2.135e-12 ,min_grad_bcs2: 5.889e-12 ,min_grad_ics: 2.262e-12 ,min_grad_res: 6.922e-11  
update_res: 1.000e+00
update_ics_u_t: 1.000e+00
update_bcs1: 1.000e+00
update_bcs2: 1.000e+00
adaptive_constant_res_val: 1.391e-02
adaptive_constant_ics_val: 2.894e+01
adaptive_constant_bcs1_val: 7.427e+00
adaptive_constant_bcs2_val: 1.620e+01
It: 6900, Loss: 7.229e-01, Loss_res: 2.150e+00,  Loss_bcs1: 8.744e-02,  Loss_bcs2: 2.304e-03,  loss_ics_u: 8.367e-02, Loss_ut_ics: 2.141e-04,, Time: 3.56
minmax ratio : 2.4630e+13
max_grad_bcs1: 1.732e-04 ,max_grad_bcs2: 5.434e-05 ,max_grad_ics: 7.835e-05 ,max_grad_res: 3.949e+00  
min_grad_bcs1: 1.144e-11 ,min_grad_bcs2: 1.603e-13 ,min_grad_ics: 2.854e-13 ,min_grad_res: 1.487e-12  
update_res: 1.000e+00
update_ics_u_t: 1.000e+00
update_bcs1: 1.000e+00
update_bcs2: 1.000e+00
adaptive_constant_res_val: 1.391e-02
adaptive_constant_ics_val: 2.894e+01
adaptive_constant_bcs1_val: 7.427e+00
adaptive_constant_bcs2_val: 1.620e+01
It: 7000, Loss: 7.095e-01, Loss_res: 2.836e+00,  Loss_bcs1: 8.225e-02,  Loss_bcs2: 3.169e-03,  loss_ics_u: 7.826e-02, Loss_ut_ics: 2.707e-04,, Time: 3.65
minmax ratio : 8.9047e+12
max_grad_bcs1: 8.978e-05 ,max_grad_bcs2: 8.914e-05 ,max_grad_ics: 8.013e-05 ,max_grad_res: 6.248e+00  
min_grad_bcs1: 1.926e-12 ,min_grad_bcs2: 5.059e-11 ,min_grad_ics: 7.017e-13 ,min_grad_res: 3.467e-12  
update_res: 1.000e+00
update_ics_u_t: 1.000e+00
update_bcs1: 1.000e+00
update_bcs2: 1.000e+00
adaptive_constant_res_val: 1.391e-02
adaptive_constant_ics_val: 2.894e+01
adaptive_constant_bcs1_val: 7.427e+00
adaptive_constant_bcs2_val: 1.620e+01
It: 7100, Loss: 9.166e-01, Loss_res: 7.249e+00,  Loss_bcs1: 9.243e-02,  Loss_bcs2: 9.722e-04,  loss_ics_u: 8.731e-02, Loss_ut_ics: 3.923e-03,, Time: 3.61
minmax ratio : 2.7004e+12
max_grad_bcs1: 1.530e-04 ,max_grad_bcs2: 1.882e-04 ,max_grad_ics: 4.395e-04 ,max_grad_res: 1.934e+01  
min_grad_bcs1: 7.162e-12 ,min_grad_bcs2: 7.938e-12 ,min_grad_ics: 1.226e-11 ,min_grad_res: 1.714e-10  
update_res: 1.000e+00
update_ics_u_t: 1.000e+00
update_bcs1: 1.000e+00
update_bcs2: 1.000e+00
adaptive_constant_res_val: 1.391e-02
adaptive_constant_ics_val: 2.894e+01
adaptive_constant_bcs1_val: 7.427e+00
adaptive_constant_bcs2_val: 1.620e+01
It: 7200, Loss: 6.552e-01, Loss_res: 3.197e+00,  Loss_bcs1: 7.569e-02,  Loss_bcs2: 1.667e-03,  loss_ics_u: 7.103e-02, Loss_ut_ics: 7.444e-04,, Time: 3.52
minmax ratio : 2.3788e+13
max_grad_bcs1: 1.427e-04 ,max_grad_bcs2: 5.063e-05 ,max_grad_ics: 1.421e-04 ,max_grad_res: 7.177e+00  
min_grad_bcs1: 7.789e-13 ,min_grad_bcs2: 3.017e-13 ,min_grad_ics: 1.025e-12 ,min_grad_res: 6.954e-11  
update_res: 1.000e+00
update_ics_u_t: 1.000e+00
update_bcs1: 1.000e+00
update_bcs2: 1.000e+00
adaptive_constant_res_val: 1.391e-02
adaptive_constant_ics_val: 2.894e+01
adaptive_constant_bcs1_val: 7.427e+00
adaptive_constant_bcs2_val: 1.620e+01
It: 7300, Loss: 6.573e-01, Loss_res: 2.585e+00,  Loss_bcs1: 7.916e-02,  Loss_bcs2: 1.741e-03,  loss_ics_u: 7.483e-02, Loss_ut_ics: 1.785e-04,, Time: 3.62
minmax ratio : 6.1208e+13
max_grad_bcs1: 9.162e-05 ,max_grad_bcs2: 2.615e-05 ,max_grad_ics: 1.365e-04 ,max_grad_res: 5.330e+00  
min_grad_bcs1: 1.755e-12 ,min_grad_bcs2: 1.165e-12 ,min_grad_ics: 8.709e-14 ,min_grad_res: 1.670e-10  
update_res: 1.000e+00
update_ics_u_t: 1.000e+00
update_bcs1: 1.000e+00
update_bcs2: 1.000e+00
adaptive_constant_res_val: 1.391e-02
adaptive_constant_ics_val: 2.894e+01
adaptive_constant_bcs1_val: 7.427e+00
adaptive_constant_bcs2_val: 1.620e+01
It: 7400, Loss: 7.235e-01, Loss_res: 2.396e+00,  Loss_bcs1: 8.950e-02,  Loss_bcs2: 9.605e-04,  loss_ics_u: 8.347e-02, Loss_ut_ics: 3.407e-04,, Time: 3.59
minmax ratio : 1.5860e+13
max_grad_bcs1: 1.077e-04 ,max_grad_bcs2: 1.105e-05 ,max_grad_ics: 1.899e-04 ,max_grad_res: 5.548e+00  
min_grad_bcs1: 7.923e-13 ,min_grad_bcs2: 3.498e-13 ,min_grad_ics: 1.027e-12 ,min_grad_res: 1.804e-11  
update_res: 1.000e+00
update_ics_u_t: 1.000e+00
update_bcs1: 1.000e+00
update_bcs2: 1.000e+00
adaptive_constant_res_val: 1.391e-02
adaptive_constant_ics_val: 2.894e+01
adaptive_constant_bcs1_val: 7.427e+00
adaptive_constant_bcs2_val: 1.620e+01
It: 7500, Loss: 9.262e-01, Loss_res: 1.419e+00,  Loss_bcs1: 9.421e-02,  Loss_bcs2: 1.720e-03,  loss_ics_u: 9.147e-02, Loss_ut_ics: 6.181e-03,, Time: 3.55
minmax ratio : 6.5578e+14
max_grad_bcs1: 2.606e-04 ,max_grad_bcs2: 1.978e-05 ,max_grad_ics: 7.839e-04 ,max_grad_res: 9.319e+00  
min_grad_bcs1: 1.421e-14 ,min_grad_bcs2: 2.468e-13 ,min_grad_ics: 2.381e-12 ,min_grad_res: 6.821e-12  
update_res: 1.000e+00
update_ics_u_t: 1.000e+00
update_bcs1: 1.000e+00
update_bcs2: 1.000e+00
adaptive_constant_res_val: 1.391e-02
adaptive_constant_ics_val: 2.894e+01
adaptive_constant_bcs1_val: 7.427e+00
adaptive_constant_bcs2_val: 1.620e+01
It: 7600, Loss: 6.770e-01, Loss_res: 1.848e+00,  Loss_bcs1: 8.165e-02,  Loss_bcs2: 1.689e-03,  loss_ics_u: 7.472e-02, Loss_ut_ics: 6.046e-04,, Time: 3.56
minmax ratio : 8.6457e+12
max_grad_bcs1: 1.235e-04 ,max_grad_bcs2: 4.085e-05 ,max_grad_ics: 2.858e-04 ,max_grad_res: 5.080e+00  
min_grad_bcs1: 5.695e-12 ,min_grad_bcs2: 5.876e-13 ,min_grad_ics: 1.028e-12 ,min_grad_res: 1.952e-11  
update_res: 1.000e+00
update_ics_u_t: 1.000e+00
update_bcs1: 1.000e+00
update_bcs2: 1.000e+00
adaptive_constant_res_val: 1.391e-02
adaptive_constant_ics_val: 2.894e+01
adaptive_constant_bcs1_val: 7.427e+00
adaptive_constant_bcs2_val: 1.620e+01
It: 7700, Loss: 6.836e-01, Loss_res: 1.650e+00,  Loss_bcs1: 8.437e-02,  Loss_bcs2: 1.640e-03,  loss_ics_u: 7.939e-02, Loss_ut_ics: 2.568e-04,, Time: 3.59
minmax ratio : 1.0576e+13
max_grad_bcs1: 1.123e-04 ,max_grad_bcs2: 2.080e-05 ,max_grad_ics: 7.934e-05 ,max_grad_res: 4.374e+00  
min_grad_bcs1: 3.879e-12 ,min_grad_bcs2: 9.185e-13 ,min_grad_ics: 4.136e-13 ,min_grad_res: 5.277e-11  
update_res: 1.000e+00
update_ics_u_t: 1.000e+00
update_bcs1: 1.000e+00
update_bcs2: 1.000e+00
adaptive_constant_res_val: 1.391e-02
adaptive_constant_ics_val: 2.894e+01
adaptive_constant_bcs1_val: 7.427e+00
adaptive_constant_bcs2_val: 1.620e+01
It: 7800, Loss: 9.640e-01, Loss_res: 6.129e+00,  Loss_bcs1: 8.960e-02,  Loss_bcs2: 1.044e-03,  loss_ics_u: 8.320e-02, Loss_ut_ics: 6.784e-03,, Time: 3.54
minmax ratio : 8.6536e+13
max_grad_bcs1: 2.126e-04 ,max_grad_bcs2: 8.611e-06 ,max_grad_ics: 2.462e-04 ,max_grad_res: 1.735e+01  
min_grad_bcs1: 1.156e-11 ,min_grad_bcs2: 2.005e-13 ,min_grad_ics: 7.921e-12 ,min_grad_res: 2.081e-11  
update_res: 1.000e+00
update_ics_u_t: 1.000e+00
update_bcs1: 1.000e+00
update_bcs2: 1.000e+00
adaptive_constant_res_val: 1.391e-02
adaptive_constant_ics_val: 2.894e+01
adaptive_constant_bcs1_val: 7.427e+00
adaptive_constant_bcs2_val: 1.620e+01
It: 7900, Loss: 6.935e-01, Loss_res: 1.865e+00,  Loss_bcs1: 8.490e-02,  Loss_bcs2: 1.701e-03,  loss_ics_u: 8.128e-02, Loss_ut_ics: 3.248e-04,, Time: 3.60
minmax ratio : 4.4160e+14
max_grad_bcs1: 1.808e-04 ,max_grad_bcs2: 3.515e-05 ,max_grad_ics: 2.729e-05 ,max_grad_res: 3.775e+00  
min_grad_bcs1: 5.359e-11 ,min_grad_bcs2: 5.815e-13 ,min_grad_ics: 8.549e-15 ,min_grad_res: 4.115e-11  
update_res: 1.000e+00
update_ics_u_t: 1.000e+00
update_bcs1: 1.000e+00
update_bcs2: 1.000e+00
adaptive_constant_res_val: 1.391e-02
adaptive_constant_ics_val: 2.894e+01
adaptive_constant_bcs1_val: 7.427e+00
adaptive_constant_bcs2_val: 1.620e+01
It: 8000, Loss: 9.723e-01, Loss_res: 4.022e+00,  Loss_bcs1: 8.910e-02,  Loss_bcs2: 1.876e-03,  loss_ics_u: 8.490e-02, Loss_ut_ics: 7.748e-03,, Time: 3.62
minmax ratio : 1.6777e+14
max_grad_bcs1: 1.884e-04 ,max_grad_bcs2: 4.635e-05 ,max_grad_ics: 3.393e-04 ,max_grad_res: 1.313e+01  
min_grad_bcs1: 9.444e-12 ,min_grad_bcs2: 1.268e-12 ,min_grad_ics: 7.828e-14 ,min_grad_res: 1.510e-12  
update_res: 1.000e+00
update_ics_u_t: 1.000e+00
update_bcs1: 1.000e+00
update_bcs2: 1.000e+00
adaptive_constant_res_val: 1.391e-02
adaptive_constant_ics_val: 2.894e+01
adaptive_constant_bcs1_val: 7.427e+00
adaptive_constant_bcs2_val: 1.620e+01
It: 8100, Loss: 7.885e-01, Loss_res: 3.459e+00,  Loss_bcs1: 9.465e-02,  Loss_bcs2: 1.385e-03,  loss_ics_u: 8.999e-02, Loss_ut_ics: 5.147e-04,, Time: 4.05
minmax ratio : 6.7284e+12
max_grad_bcs1: 1.314e-04 ,max_grad_bcs2: 2.360e-05 ,max_grad_ics: 1.310e-04 ,max_grad_res: 7.790e+00  
min_grad_bcs1: 9.692e-12 ,min_grad_bcs2: 1.272e-11 ,min_grad_ics: 1.158e-12 ,min_grad_res: 2.215e-11  
update_res: 1.000e+00
update_ics_u_t: 1.000e+00
update_bcs1: 1.000e+00
update_bcs2: 1.000e+00
adaptive_constant_res_val: 1.391e-02
adaptive_constant_ics_val: 2.894e+01
adaptive_constant_bcs1_val: 7.427e+00
adaptive_constant_bcs2_val: 1.620e+01
It: 8200, Loss: 6.680e-01, Loss_res: 1.557e+00,  Loss_bcs1: 8.253e-02,  Loss_bcs2: 1.749e-03,  loss_ics_u: 7.532e-02, Loss_ut_ics: 1.748e-04,, Time: 4.69
minmax ratio : 4.1457e+13
max_grad_bcs1: 1.238e-04 ,max_grad_bcs2: 6.887e-05 ,max_grad_ics: 1.709e-04 ,max_grad_res: 4.715e+00  
min_grad_bcs1: 4.121e-12 ,min_grad_bcs2: 1.137e-13 ,min_grad_ics: 2.908e-13 ,min_grad_res: 6.125e-12  
update_res: 1.000e+00
update_ics_u_t: 1.000e+00
update_bcs1: 1.000e+00
update_bcs2: 1.000e+00
adaptive_constant_res_val: 1.391e-02
adaptive_constant_ics_val: 2.894e+01
adaptive_constant_bcs1_val: 7.427e+00
adaptive_constant_bcs2_val: 1.620e+01
It: 8300, Loss: 6.401e-01, Loss_res: 2.649e+00,  Loss_bcs1: 7.661e-02,  Loss_bcs2: 1.958e-03,  loss_ics_u: 7.228e-02, Loss_ut_ics: 8.670e-05,, Time: 3.97
minmax ratio : 4.3495e+13
max_grad_bcs1: 1.251e-04 ,max_grad_bcs2: 7.840e-05 ,max_grad_ics: 1.821e-04 ,max_grad_res: 7.306e+00  
min_grad_bcs1: 2.604e-11 ,min_grad_bcs2: 8.991e-12 ,min_grad_ics: 1.680e-13 ,min_grad_res: 7.889e-12  
update_res: 1.000e+00
update_ics_u_t: 1.000e+00
update_bcs1: 1.000e+00
update_bcs2: 1.000e+00
adaptive_constant_res_val: 1.391e-02
adaptive_constant_ics_val: 2.894e+01
adaptive_constant_bcs1_val: 7.427e+00
adaptive_constant_bcs2_val: 1.620e+01
It: 8400, Loss: 8.453e-01, Loss_res: 5.016e+00,  Loss_bcs1: 8.440e-02,  Loss_bcs2: 1.440e-03,  loss_ics_u: 7.922e-02, Loss_ut_ics: 4.331e-03,, Time: 3.92
minmax ratio : 2.5285e+13
max_grad_bcs1: 1.642e-04 ,max_grad_bcs2: 1.207e-04 ,max_grad_ics: 5.179e-04 ,max_grad_res: 1.150e+01  
min_grad_bcs1: 1.711e-11 ,min_grad_bcs2: 2.649e-12 ,min_grad_ics: 6.135e-12 ,min_grad_res: 4.547e-13  
update_res: 1.000e+00
update_ics_u_t: 1.000e+00
update_bcs1: 1.000e+00
update_bcs2: 1.000e+00
adaptive_constant_res_val: 1.391e-02
adaptive_constant_ics_val: 2.894e+01
adaptive_constant_bcs1_val: 7.427e+00
adaptive_constant_bcs2_val: 1.620e+01
It: 8500, Loss: 7.552e-01, Loss_res: 3.834e+00,  Loss_bcs1: 8.686e-02,  Loss_bcs2: 2.914e-03,  loss_ics_u: 8.153e-02, Loss_ut_ics: 3.295e-04,, Time: 3.88
minmax ratio : 3.4130e+13
max_grad_bcs1: 1.162e-04 ,max_grad_bcs2: 5.873e-05 ,max_grad_ics: 6.554e-05 ,max_grad_res: 1.239e+01  
min_grad_bcs1: 2.373e-12 ,min_grad_bcs2: 1.957e-12 ,min_grad_ics: 3.631e-13 ,min_grad_res: 3.928e-11  
update_res: 1.000e+00
update_ics_u_t: 1.000e+00
update_bcs1: 1.000e+00
update_bcs2: 1.000e+00
adaptive_constant_res_val: 1.391e-02
adaptive_constant_ics_val: 2.894e+01
adaptive_constant_bcs1_val: 7.427e+00
adaptive_constant_bcs2_val: 1.620e+01
It: 8600, Loss: 7.394e-01, Loss_res: 2.870e+00,  Loss_bcs1: 7.795e-02,  Loss_bcs2: 1.595e-03,  loss_ics_u: 7.468e-02, Loss_ut_ics: 3.271e-03,, Time: 3.91
minmax ratio : 3.3718e+13
max_grad_bcs1: 1.746e-04 ,max_grad_bcs2: 6.035e-05 ,max_grad_ics: 1.039e-03 ,max_grad_res: 1.072e+01  
min_grad_bcs1: 4.726e-12 ,min_grad_bcs2: 3.873e-12 ,min_grad_ics: 1.075e-12 ,min_grad_res: 3.181e-13  
update_res: 1.000e+00
update_ics_u_t: 1.000e+00
update_bcs1: 1.000e+00
update_bcs2: 1.000e+00
adaptive_constant_res_val: 1.391e-02
adaptive_constant_ics_val: 2.894e+01
adaptive_constant_bcs1_val: 7.427e+00
adaptive_constant_bcs2_val: 1.620e+01
It: 8700, Loss: 6.396e-01, Loss_res: 1.880e+00,  Loss_bcs1: 7.739e-02,  Loss_bcs2: 1.929e-03,  loss_ics_u: 7.419e-02, Loss_ut_ics: 2.548e-04,, Time: 3.73
minmax ratio : 1.3261e+12
max_grad_bcs1: 1.337e-04 ,max_grad_bcs2: 7.231e-05 ,max_grad_ics: 1.226e-04 ,max_grad_res: 4.655e+00  
min_grad_bcs1: 1.322e-11 ,min_grad_bcs2: 3.528e-11 ,min_grad_ics: 3.510e-12 ,min_grad_res: 5.180e-12  
update_res: 1.000e+00
update_ics_u_t: 1.000e+00
update_bcs1: 1.000e+00
update_bcs2: 1.000e+00
adaptive_constant_res_val: 1.391e-02
adaptive_constant_ics_val: 2.894e+01
adaptive_constant_bcs1_val: 7.427e+00
adaptive_constant_bcs2_val: 1.620e+01
It: 8800, Loss: 6.219e-01, Loss_res: 1.639e+00,  Loss_bcs1: 7.599e-02,  Loss_bcs2: 1.239e-03,  loss_ics_u: 7.304e-02, Loss_ut_ics: 5.057e-04,, Time: 3.65
minmax ratio : 4.7658e+14
max_grad_bcs1: 1.805e-04 ,max_grad_bcs2: 1.342e-05 ,max_grad_ics: 2.376e-04 ,max_grad_res: 5.397e+00  
min_grad_bcs1: 1.516e-12 ,min_grad_bcs2: 1.133e-14 ,min_grad_ics: 3.229e-13 ,min_grad_res: 1.017e-11  
update_res: 1.000e+00
update_ics_u_t: 1.000e+00
update_bcs1: 1.000e+00
update_bcs2: 1.000e+00
adaptive_constant_res_val: 1.391e-02
adaptive_constant_ics_val: 2.894e+01
adaptive_constant_bcs1_val: 7.427e+00
adaptive_constant_bcs2_val: 1.620e+01
It: 8900, Loss: 7.077e-01, Loss_res: 1.649e+00,  Loss_bcs1: 8.005e-02,  Loss_bcs2: 2.288e-03,  loss_ics_u: 7.746e-02, Loss_ut_ics: 1.838e-03,, Time: 3.53
minmax ratio : 5.4156e+12
max_grad_bcs1: 1.156e-04 ,max_grad_bcs2: 4.252e-05 ,max_grad_ics: 1.893e-04 ,max_grad_res: 5.521e+00  
min_grad_bcs1: 3.274e-11 ,min_grad_bcs2: 1.376e-11 ,min_grad_ics: 1.066e-12 ,min_grad_res: 1.019e-12  
update_res: 1.000e+00
update_ics_u_t: 1.000e+00
update_bcs1: 1.000e+00
update_bcs2: 1.000e+00
adaptive_constant_res_val: 1.391e-02
adaptive_constant_ics_val: 2.894e+01
adaptive_constant_bcs1_val: 7.427e+00
adaptive_constant_bcs2_val: 1.620e+01
It: 9000, Loss: 6.604e-01, Loss_res: 1.608e+00,  Loss_bcs1: 8.185e-02,  Loss_bcs2: 1.484e-03,  loss_ics_u: 7.336e-02, Loss_ut_ics: 2.077e-04,, Time: 3.46
minmax ratio : 2.4392e+12
max_grad_bcs1: 1.878e-04 ,max_grad_bcs2: 3.080e-05 ,max_grad_ics: 9.732e-05 ,max_grad_res: 2.823e+00  
min_grad_bcs1: 4.710e-11 ,min_grad_bcs2: 5.208e-12 ,min_grad_ics: 2.246e-12 ,min_grad_res: 1.157e-12  
update_res: 1.000e+00
update_ics_u_t: 1.000e+00
update_bcs1: 1.000e+00
update_bcs2: 1.000e+00
adaptive_constant_res_val: 1.391e-02
adaptive_constant_ics_val: 2.894e+01
adaptive_constant_bcs1_val: 7.427e+00
adaptive_constant_bcs2_val: 1.620e+01
It: 9100, Loss: 8.290e-01, Loss_res: 4.011e+00,  Loss_bcs1: 7.165e-02,  Loss_bcs2: 4.177e-03,  loss_ics_u: 6.422e-02, Loss_ut_ics: 5.991e-03,, Time: 3.34
minmax ratio : 1.2936e+15
max_grad_bcs1: 1.874e-04 ,max_grad_bcs2: 2.231e-04 ,max_grad_ics: 1.175e-03 ,max_grad_res: 1.346e+01  
min_grad_bcs1: 2.060e-11 ,min_grad_bcs2: 1.041e-14 ,min_grad_ics: 4.848e-11 ,min_grad_res: 4.904e-11  
update_res: 1.000e+00
update_ics_u_t: 1.000e+00
update_bcs1: 1.000e+00
update_bcs2: 1.000e+00
adaptive_constant_res_val: 1.391e-02
adaptive_constant_ics_val: 2.894e+01
adaptive_constant_bcs1_val: 7.427e+00
adaptive_constant_bcs2_val: 1.620e+01
It: 9200, Loss: 6.066e-01, Loss_res: 1.763e+00,  Loss_bcs1: 7.525e-02,  Loss_bcs2: 1.301e-03,  loss_ics_u: 7.147e-02, Loss_ut_ics: 7.493e-05,, Time: 3.47
minmax ratio : 9.2338e+12
max_grad_bcs1: 1.670e-04 ,max_grad_bcs2: 8.551e-05 ,max_grad_ics: 1.385e-04 ,max_grad_res: 5.333e+00  
min_grad_bcs1: 1.582e-11 ,min_grad_bcs2: 5.775e-13 ,min_grad_ics: 2.048e-12 ,min_grad_res: 6.008e-12  
update_res: 1.000e+00
update_ics_u_t: 1.000e+00
update_bcs1: 1.000e+00
update_bcs2: 1.000e+00
adaptive_constant_res_val: 1.391e-02
adaptive_constant_ics_val: 2.894e+01
adaptive_constant_bcs1_val: 7.427e+00
adaptive_constant_bcs2_val: 1.620e+01
It: 9300, Loss: 6.055e-01, Loss_res: 1.612e+00,  Loss_bcs1: 7.266e-02,  Loss_bcs2: 2.215e-03,  loss_ics_u: 6.702e-02, Loss_ut_ics: 2.600e-04,, Time: 3.46
minmax ratio : 4.3903e+13
max_grad_bcs1: 1.348e-04 ,max_grad_bcs2: 4.806e-05 ,max_grad_ics: 3.638e-05 ,max_grad_res: 5.849e+00  
min_grad_bcs1: 2.002e-11 ,min_grad_bcs2: 5.725e-12 ,min_grad_ics: 1.332e-13 ,min_grad_res: 1.806e-11  
update_res: 1.000e+00
update_ics_u_t: 1.000e+00
update_bcs1: 1.000e+00
update_bcs2: 1.000e+00
adaptive_constant_res_val: 1.391e-02
adaptive_constant_ics_val: 2.894e+01
adaptive_constant_bcs1_val: 7.427e+00
adaptive_constant_bcs2_val: 1.620e+01
It: 9400, Loss: 7.544e-01, Loss_res: 2.550e+00,  Loss_bcs1: 7.052e-02,  Loss_bcs2: 2.040e-03,  loss_ics_u: 6.639e-02, Loss_ut_ics: 5.602e-03,, Time: 3.36
minmax ratio : 4.3341e+12
max_grad_bcs1: 1.047e-04 ,max_grad_bcs2: 1.415e-04 ,max_grad_ics: 3.779e-04 ,max_grad_res: 6.263e+00  
min_grad_bcs1: 1.445e-12 ,min_grad_bcs2: 3.238e-12 ,min_grad_ics: 1.533e-12 ,min_grad_res: 4.223e-12  
update_res: 1.000e+00
update_ics_u_t: 1.000e+00
update_bcs1: 1.000e+00
update_bcs2: 1.000e+00
adaptive_constant_res_val: 1.391e-02
adaptive_constant_ics_val: 2.894e+01
adaptive_constant_bcs1_val: 7.427e+00
adaptive_constant_bcs2_val: 1.620e+01
It: 9500, Loss: 6.341e-01, Loss_res: 2.015e+00,  Loss_bcs1: 7.783e-02,  Loss_bcs2: 1.169e-03,  loss_ics_u: 7.385e-02, Loss_ut_ics: 3.137e-04,, Time: 3.49
minmax ratio : 4.7499e+13
max_grad_bcs1: 1.156e-04 ,max_grad_bcs2: 1.449e-05 ,max_grad_ics: 7.119e-05 ,max_grad_res: 5.330e+00  
min_grad_bcs1: 2.689e-11 ,min_grad_bcs2: 1.122e-13 ,min_grad_ics: 3.743e-13 ,min_grad_res: 6.633e-12  
update_res: 1.000e+00
update_ics_u_t: 1.000e+00
update_bcs1: 1.000e+00
update_bcs2: 1.000e+00
adaptive_constant_res_val: 1.391e-02
adaptive_constant_ics_val: 2.894e+01
adaptive_constant_bcs1_val: 7.427e+00
adaptive_constant_bcs2_val: 1.620e+01
It: 9600, Loss: 6.693e-01, Loss_res: 1.894e+00,  Loss_bcs1: 8.179e-02,  Loss_bcs2: 1.204e-03,  loss_ics_u: 7.679e-02, Loss_ut_ics: 5.540e-04,, Time: 3.47
minmax ratio : 3.6091e+13
max_grad_bcs1: 1.407e-04 ,max_grad_bcs2: 6.405e-05 ,max_grad_ics: 2.418e-04 ,max_grad_res: 4.525e+00  
min_grad_bcs1: 3.946e-12 ,min_grad_bcs2: 1.141e-12 ,min_grad_ics: 1.254e-13 ,min_grad_res: 6.832e-12  
update_res: 1.000e+00
update_ics_u_t: 1.000e+00
update_bcs1: 1.000e+00
update_bcs2: 1.000e+00
adaptive_constant_res_val: 1.391e-02
adaptive_constant_ics_val: 2.894e+01
adaptive_constant_bcs1_val: 7.427e+00
adaptive_constant_bcs2_val: 1.620e+01
It: 9700, Loss: 6.390e-01, Loss_res: 1.749e+00,  Loss_bcs1: 7.513e-02,  Loss_bcs2: 1.749e-03,  loss_ics_u: 7.144e-02, Loss_ut_ics: 9.774e-04,, Time: 3.46
minmax ratio : 1.0847e+14
max_grad_bcs1: 9.883e-05 ,max_grad_bcs2: 7.116e-05 ,max_grad_ics: 1.948e-04 ,max_grad_res: 4.664e+00  
min_grad_bcs1: 1.359e-12 ,min_grad_bcs2: 2.173e-12 ,min_grad_ics: 4.299e-14 ,min_grad_res: 2.702e-12  
update_res: 1.000e+00
update_ics_u_t: 1.000e+00
update_bcs1: 1.000e+00
update_bcs2: 1.000e+00
adaptive_constant_res_val: 1.391e-02
adaptive_constant_ics_val: 2.894e+01
adaptive_constant_bcs1_val: 7.427e+00
adaptive_constant_bcs2_val: 1.620e+01
It: 9800, Loss: 6.556e-01, Loss_res: 2.469e+00,  Loss_bcs1: 7.856e-02,  Loss_bcs2: 1.508e-03,  loss_ics_u: 7.288e-02, Loss_ut_ics: 4.620e-04,, Time: 3.36
minmax ratio : 4.7304e+14
max_grad_bcs1: 1.525e-04 ,max_grad_bcs2: 3.639e-05 ,max_grad_ics: 1.087e-04 ,max_grad_res: 1.086e+01  
min_grad_bcs1: 1.977e-11 ,min_grad_bcs2: 5.112e-12 ,min_grad_ics: 2.297e-14 ,min_grad_res: 1.527e-11  
update_res: 1.000e+00
update_ics_u_t: 1.000e+00
update_bcs1: 1.000e+00
update_bcs2: 1.000e+00
adaptive_constant_res_val: 1.391e-02
adaptive_constant_ics_val: 2.894e+01
adaptive_constant_bcs1_val: 7.427e+00
adaptive_constant_bcs2_val: 1.620e+01
It: 9900, Loss: 8.729e-01, Loss_res: 1.706e+00,  Loss_bcs1: 7.715e-02,  Loss_bcs2: 1.536e-03,  loss_ics_u: 7.162e-02, Loss_ut_ics: 8.683e-03,, Time: 3.53
minmax ratio : 1.3041e+13
max_grad_bcs1: 1.880e-04 ,max_grad_bcs2: 6.520e-05 ,max_grad_ics: 3.668e-04 ,max_grad_res: 5.837e+00  
min_grad_bcs1: 4.476e-13 ,min_grad_bcs2: 6.507e-13 ,min_grad_ics: 5.181e-12 ,min_grad_res: 2.703e-11  
update_res: 1.000e+00
update_ics_u_t: 1.000e+00
update_bcs1: 1.000e+00
update_bcs2: 1.000e+00
adaptive_constant_res_val: 1.391e-02
adaptive_constant_ics_val: 2.894e+01
adaptive_constant_bcs1_val: 7.427e+00
adaptive_constant_bcs2_val: 1.620e+01
It: 10000, Loss: 5.966e-01, Loss_res: 1.690e+00,  Loss_bcs1: 7.059e-02,  Loss_bcs2: 1.422e-03,  loss_ics_u: 6.645e-02, Loss_ut_ics: 8.911e-04,, Time: 3.80
minmax ratio : 6.7486e+12
max_grad_bcs1: 1.089e-04 ,max_grad_bcs2: 2.542e-05 ,max_grad_ics: 2.480e-04 ,max_grad_res: 2.907e+00  
min_grad_bcs1: 9.095e-13 ,min_grad_bcs2: 4.308e-13 ,min_grad_ics: 2.432e-12 ,min_grad_res: 2.623e-12  
update_res: 1.000e+00
update_ics_u_t: 1.000e+00
update_bcs1: 1.000e+00
update_bcs2: 1.000e+00
adaptive_constant_res_val: 1.391e-02
adaptive_constant_ics_val: 2.894e+01
adaptive_constant_bcs1_val: 7.427e+00
adaptive_constant_bcs2_val: 1.620e+01
It: 10100, Loss: 7.161e-01, Loss_res: 1.676e+00,  Loss_bcs1: 7.057e-02,  Loss_bcs2: 1.754e-03,  loss_ics_u: 6.613e-02, Loss_ut_ics: 4.846e-03,, Time: 3.58
minmax ratio : 1.3695e+12
max_grad_bcs1: 1.100e-04 ,max_grad_bcs2: 2.696e-05 ,max_grad_ics: 6.179e-04 ,max_grad_res: 4.651e+00  
min_grad_bcs1: 1.344e-11 ,min_grad_bcs2: 3.396e-12 ,min_grad_ics: 1.509e-11 ,min_grad_res: 5.759e-12  
update_res: 1.000e+00
update_ics_u_t: 1.000e+00
update_bcs1: 1.000e+00
update_bcs2: 1.000e+00
adaptive_constant_res_val: 1.391e-02
adaptive_constant_ics_val: 2.894e+01
adaptive_constant_bcs1_val: 7.427e+00
adaptive_constant_bcs2_val: 1.620e+01
It: 10200, Loss: 7.902e-01, Loss_res: 1.946e+00,  Loss_bcs1: 7.275e-02,  Loss_bcs2: 1.420e-03,  loss_ics_u: 6.744e-02, Loss_ut_ics: 6.903e-03,, Time: 3.85
minmax ratio : 6.1843e+12
max_grad_bcs1: 1.978e-04 ,max_grad_bcs2: 7.468e-05 ,max_grad_ics: 3.325e-04 ,max_grad_res: 1.044e+01  
min_grad_bcs1: 3.087e-11 ,min_grad_bcs2: 1.688e-12 ,min_grad_ics: 1.867e-12 ,min_grad_res: 1.237e-11  
update_res: 1.000e+00
update_ics_u_t: 1.000e+00
update_bcs1: 1.000e+00
update_bcs2: 1.000e+00
adaptive_constant_res_val: 1.391e-02
adaptive_constant_ics_val: 2.894e+01
adaptive_constant_bcs1_val: 7.427e+00
adaptive_constant_bcs2_val: 1.620e+01
It: 10300, Loss: 6.294e-01, Loss_res: 2.063e+00,  Loss_bcs1: 7.746e-02,  Loss_bcs2: 1.272e-03,  loss_ics_u: 7.227e-02, Loss_ut_ics: 1.660e-04,, Time: 3.97
minmax ratio : 1.8208e+13
max_grad_bcs1: 8.849e-05 ,max_grad_bcs2: 1.859e-05 ,max_grad_ics: 9.692e-05 ,max_grad_res: 5.326e+00  
min_grad_bcs1: 3.911e-11 ,min_grad_bcs2: 1.350e-11 ,min_grad_ics: 2.925e-13 ,min_grad_res: 6.465e-12  
update_res: 1.000e+00
update_ics_u_t: 1.000e+00
update_bcs1: 1.000e+00
update_bcs2: 1.000e+00
adaptive_constant_res_val: 1.391e-02
adaptive_constant_ics_val: 2.894e+01
adaptive_constant_bcs1_val: 7.427e+00
adaptive_constant_bcs2_val: 1.620e+01
It: 10400, Loss: 5.689e-01, Loss_res: 1.812e+00,  Loss_bcs1: 6.862e-02,  Loss_bcs2: 1.540e-03,  loss_ics_u: 6.502e-02, Loss_ut_ics: 3.133e-04,, Time: 4.33
minmax ratio : 1.7690e+13
max_grad_bcs1: 9.087e-05 ,max_grad_bcs2: 1.788e-05 ,max_grad_ics: 1.561e-04 ,max_grad_res: 7.117e+00  
min_grad_bcs1: 1.492e-12 ,min_grad_bcs2: 4.023e-13 ,min_grad_ics: 2.912e-12 ,min_grad_res: 7.674e-12  
update_res: 1.000e+00
update_ics_u_t: 1.000e+00
update_bcs1: 1.000e+00
update_bcs2: 1.000e+00
adaptive_constant_res_val: 1.391e-02
adaptive_constant_ics_val: 2.894e+01
adaptive_constant_bcs1_val: 7.427e+00
adaptive_constant_bcs2_val: 1.620e+01
