It: 0, Loss: 6.829e+03, Loss_bcs: 7.316e-01, Loss_res: 6.829e+03,Time: 1.55
 kurtosis_grad_res: 1.2513e+02
 kurtosis_grad_bcs: 7.8964e+01
mean_grad_res: 0.253072
mean_grad_bcs: 0.979068
adaptive_bcs_val: 3.1202e+02
adaptive_res_val: 1.2781e+02
Gradients information stored ...
It: 100, Loss: 9.202e+05, Loss_bcs: 2.212e-01, Loss_res: 7.199e+03,Time: 0.00
 kurtosis_grad_res: 2.8839e+02
 kurtosis_grad_bcs: 7.1583e+01
mean_grad_res: 0.058952
mean_grad_bcs: 2.426315
adaptive_bcs_val: 3.1202e+02
adaptive_res_val: 1.2781e+02
Gradients information stored ...
It: 200, Loss: 8.901e+05, Loss_bcs: 4.221e+00, Loss_res: 6.954e+03,Time: 0.01
 kurtosis_grad_res: 3.8581e+01
 kurtosis_grad_bcs: 7.5046e+01
mean_grad_res: 0.502171
mean_grad_bcs: 21.551550
adaptive_bcs_val: 3.1202e+02
adaptive_res_val: 1.2781e+02
It: 300, Loss: 9.126e+05, Loss_bcs: 7.989e+00, Loss_res: 7.121e+03,Time: 0.01
 kurtosis_grad_res: 6.9518e+01
 kurtosis_grad_bcs: 1.5765e+02
mean_grad_res: 0.668455
mean_grad_bcs: 19.242825
adaptive_bcs_val: 3.1202e+02
adaptive_res_val: 1.2781e+02
It: 400, Loss: 9.825e+05, Loss_bcs: 1.382e+01, Loss_res: 7.654e+03,Time: 0.01
 kurtosis_grad_res: 5.4425e+01
 kurtosis_grad_bcs: 5.4447e+01
mean_grad_res: 1.251305
mean_grad_bcs: 48.216141
adaptive_bcs_val: 3.1202e+02
adaptive_res_val: 1.2781e+02
It: 500, Loss: 5.703e+05, Loss_bcs: 1.113e+01, Loss_res: 4.435e+03,Time: 0.01
 kurtosis_grad_res: 1.4010e+02
 kurtosis_grad_bcs: 1.0400e+02
mean_grad_res: 1.054375
mean_grad_bcs: 46.385590
adaptive_bcs_val: 3.1202e+02
adaptive_res_val: 1.2781e+02
It: 600, Loss: 1.534e+05, Loss_bcs: 1.492e+01, Loss_res: 1.163e+03,Time: 0.01
 kurtosis_grad_res: 8.5985e+01
 kurtosis_grad_bcs: 6.4947e+01
mean_grad_res: 0.930385
mean_grad_bcs: 48.039387
adaptive_bcs_val: 3.1202e+02
adaptive_res_val: 1.2781e+02
It: 700, Loss: 6.984e+04, Loss_bcs: 1.845e+01, Loss_res: 5.014e+02,Time: 0.01
 kurtosis_grad_res: 4.5128e+01
 kurtosis_grad_bcs: 3.7025e+01
mean_grad_res: 1.397025
mean_grad_bcs: 67.925697
adaptive_bcs_val: 3.1202e+02
adaptive_res_val: 1.2781e+02
It: 800, Loss: 3.835e+04, Loss_bcs: 2.264e+01, Loss_res: 2.448e+02,Time: 0.01
 kurtosis_grad_res: 4.2560e+01
 kurtosis_grad_bcs: 5.9262e+01
mean_grad_res: 1.300268
mean_grad_bcs: 55.221352
adaptive_bcs_val: 3.1202e+02
adaptive_res_val: 1.2781e+02
It: 900, Loss: 3.180e+04, Loss_bcs: 1.951e+01, Loss_res: 2.012e+02,Time: 0.01
 kurtosis_grad_res: 5.9435e+01
 kurtosis_grad_bcs: 6.3403e+01
mean_grad_res: 1.019410
mean_grad_bcs: 26.315374
adaptive_bcs_val: 3.1202e+02
adaptive_res_val: 1.2781e+02
It: 1000, Loss: 1.926e+04, Loss_bcs: 1.921e+01, Loss_res: 1.038e+02,Time: 0.01
 kurtosis_grad_res: 4.1878e+01
 kurtosis_grad_bcs: 6.4641e+01
mean_grad_res: 0.992424
mean_grad_bcs: 24.138844
adaptive_bcs_val: 3.1202e+02
adaptive_res_val: 1.2781e+02
Gradients information stored ...
It: 1100, Loss: 1.510e+04, Loss_bcs: 1.590e+01, Loss_res: 7.932e+01,Time: 0.01
 kurtosis_grad_res: 3.7241e+01
 kurtosis_grad_bcs: 9.5937e+01
mean_grad_res: 0.840089
mean_grad_bcs: 76.201614
adaptive_bcs_val: 3.1202e+02
adaptive_res_val: 1.2781e+02
It: 1200, Loss: 1.456e+04, Loss_bcs: 1.393e+01, Loss_res: 7.988e+01,Time: 0.01
 kurtosis_grad_res: 5.3007e+01
 kurtosis_grad_bcs: 8.5282e+01
mean_grad_res: 0.804417
mean_grad_bcs: 40.836304
adaptive_bcs_val: 3.1202e+02
adaptive_res_val: 1.2781e+02
It: 1300, Loss: 9.995e+03, Loss_bcs: 1.215e+01, Loss_res: 4.853e+01,Time: 0.01
 kurtosis_grad_res: 3.6136e+01
 kurtosis_grad_bcs: 1.1244e+02
mean_grad_res: 0.663150
mean_grad_bcs: 31.640703
adaptive_bcs_val: 3.1202e+02
adaptive_res_val: 1.2781e+02
It: 1400, Loss: 1.232e+04, Loss_bcs: 9.728e+00, Loss_res: 7.263e+01,Time: 0.01
 kurtosis_grad_res: 4.1145e+01
 kurtosis_grad_bcs: 1.1811e+02
mean_grad_res: 0.576230
mean_grad_bcs: 41.514576
adaptive_bcs_val: 3.1202e+02
adaptive_res_val: 1.2781e+02
It: 1500, Loss: 6.378e+03, Loss_bcs: 8.902e+00, Loss_res: 2.817e+01,Time: 0.01
 kurtosis_grad_res: 2.8144e+01
 kurtosis_grad_bcs: 1.0670e+02
mean_grad_res: 0.603832
mean_grad_bcs: 39.868347
adaptive_bcs_val: 3.1202e+02
adaptive_res_val: 1.2781e+02
It: 1600, Loss: 6.176e+03, Loss_bcs: 8.389e+00, Loss_res: 2.784e+01,Time: 0.01
 kurtosis_grad_res: 3.7279e+01
 kurtosis_grad_bcs: 1.3688e+02
mean_grad_res: 0.573630
mean_grad_bcs: 35.194393
adaptive_bcs_val: 3.1202e+02
adaptive_res_val: 1.2781e+02
It: 1700, Loss: 5.557e+03, Loss_bcs: 7.938e+00, Loss_res: 2.410e+01,Time: 0.02
 kurtosis_grad_res: 2.9897e+01
 kurtosis_grad_bcs: 1.2502e+02
mean_grad_res: 0.572283
mean_grad_bcs: 50.024517
adaptive_bcs_val: 3.1202e+02
adaptive_res_val: 1.2781e+02
It: 1800, Loss: 4.753e+03, Loss_bcs: 6.697e+00, Loss_res: 2.084e+01,Time: 0.01
 kurtosis_grad_res: 3.4930e+01
 kurtosis_grad_bcs: 1.2630e+02
mean_grad_res: 0.612054
mean_grad_bcs: 41.280724
adaptive_bcs_val: 3.1202e+02
adaptive_res_val: 1.2781e+02
It: 1900, Loss: 4.408e+03, Loss_bcs: 5.960e+00, Loss_res: 1.994e+01,Time: 0.01
 kurtosis_grad_res: 2.5966e+01
 kurtosis_grad_bcs: 1.4727e+02
mean_grad_res: 0.533024
mean_grad_bcs: 37.902454
adaptive_bcs_val: 3.1202e+02
adaptive_res_val: 1.2781e+02
It: 2000, Loss: 5.957e+03, Loss_bcs: 5.497e+00, Loss_res: 3.319e+01,Time: 0.01
 kurtosis_grad_res: 1.0698e+02
 kurtosis_grad_bcs: 1.3951e+02
mean_grad_res: 0.590754
mean_grad_bcs: 8.501669
adaptive_bcs_val: 3.1202e+02
adaptive_res_val: 1.2781e+02
It: 2100, Loss: 3.677e+03, Loss_bcs: 4.562e+00, Loss_res: 1.764e+01,Time: 0.01
 kurtosis_grad_res: 5.8008e+01
 kurtosis_grad_bcs: 1.7672e+02
mean_grad_res: 0.526541
mean_grad_bcs: 39.042912
adaptive_bcs_val: 3.1202e+02
adaptive_res_val: 1.2781e+02
It: 2200, Loss: 3.508e+03, Loss_bcs: 4.094e+00, Loss_res: 1.745e+01,Time: 0.01
 kurtosis_grad_res: 3.0177e+01
 kurtosis_grad_bcs: 1.5377e+02
mean_grad_res: 0.547506
mean_grad_bcs: 46.599522
adaptive_bcs_val: 3.1202e+02
adaptive_res_val: 1.2781e+02
It: 2300, Loss: 2.904e+03, Loss_bcs: 3.678e+00, Loss_res: 1.375e+01,Time: 0.01
 kurtosis_grad_res: 2.9892e+01
 kurtosis_grad_bcs: 1.6973e+02
mean_grad_res: 0.483458
mean_grad_bcs: 15.789818
adaptive_bcs_val: 3.1202e+02
adaptive_res_val: 1.2781e+02
It: 2400, Loss: 3.258e+03, Loss_bcs: 3.319e+00, Loss_res: 1.739e+01,Time: 0.01
 kurtosis_grad_res: 4.1378e+01
 kurtosis_grad_bcs: 1.5259e+02
mean_grad_res: 0.521077
mean_grad_bcs: 37.421619
adaptive_bcs_val: 3.1202e+02
adaptive_res_val: 1.2781e+02
It: 2500, Loss: 3.714e+03, Loss_bcs: 3.390e+00, Loss_res: 2.078e+01,Time: 0.01
 kurtosis_grad_res: 4.5075e+01
 kurtosis_grad_bcs: 1.7011e+02
mean_grad_res: 0.580136
mean_grad_bcs: 17.361570
adaptive_bcs_val: 3.1202e+02
adaptive_res_val: 1.2781e+02
It: 2600, Loss: 1.985e+03, Loss_bcs: 2.732e+00, Loss_res: 8.865e+00,Time: 0.01
 kurtosis_grad_res: 4.7302e+01
 kurtosis_grad_bcs: 1.2978e+02
mean_grad_res: 0.502541
mean_grad_bcs: 27.073437
adaptive_bcs_val: 3.1202e+02
adaptive_res_val: 1.2781e+02
It: 2700, Loss: 2.407e+03, Loss_bcs: 2.518e+00, Loss_res: 1.268e+01,Time: 0.01
 kurtosis_grad_res: 4.4527e+01
 kurtosis_grad_bcs: 1.1772e+02
mean_grad_res: 0.492406
mean_grad_bcs: 45.146778
adaptive_bcs_val: 3.1202e+02
adaptive_res_val: 1.2781e+02
It: 2800, Loss: 2.144e+03, Loss_bcs: 2.490e+00, Loss_res: 1.069e+01,Time: 0.01
 kurtosis_grad_res: 4.2813e+01
 kurtosis_grad_bcs: 1.4770e+02
mean_grad_res: 0.519801
mean_grad_bcs: 31.413803
adaptive_bcs_val: 3.1202e+02
adaptive_res_val: 1.2781e+02
It: 2900, Loss: 1.810e+03, Loss_bcs: 2.106e+00, Loss_res: 9.016e+00,Time: 0.00
 kurtosis_grad_res: 2.7879e+01
 kurtosis_grad_bcs: 1.4558e+02
mean_grad_res: 0.475012
mean_grad_bcs: 41.207813
adaptive_bcs_val: 3.1202e+02
adaptive_res_val: 1.2781e+02
It: 3000, Loss: 2.058e+03, Loss_bcs: 2.014e+00, Loss_res: 1.119e+01,Time: 0.01
 kurtosis_grad_res: 4.9098e+01
 kurtosis_grad_bcs: 1.1052e+02
mean_grad_res: 0.482110
mean_grad_bcs: 17.042099
adaptive_bcs_val: 3.1202e+02
adaptive_res_val: 1.2781e+02
It: 3100, Loss: 1.555e+03, Loss_bcs: 1.636e+00, Loss_res: 8.176e+00,Time: 0.01
 kurtosis_grad_res: 2.7434e+01
 kurtosis_grad_bcs: 1.1386e+02
mean_grad_res: 0.425555
mean_grad_bcs: 25.953173
adaptive_bcs_val: 3.1202e+02
adaptive_res_val: 1.2781e+02
It: 3200, Loss: 1.777e+03, Loss_bcs: 1.782e+00, Loss_res: 9.549e+00,Time: 0.01
 kurtosis_grad_res: 5.2004e+01
 kurtosis_grad_bcs: 1.2320e+02
mean_grad_res: 0.494480
mean_grad_bcs: 12.748730
adaptive_bcs_val: 3.1202e+02
adaptive_res_val: 1.2781e+02
It: 3300, Loss: 1.543e+03, Loss_bcs: 1.410e+00, Loss_res: 8.631e+00,Time: 0.01
 kurtosis_grad_res: 3.4869e+01
 kurtosis_grad_bcs: 1.4146e+02
mean_grad_res: 0.407976
mean_grad_bcs: 22.473879
adaptive_bcs_val: 3.1202e+02
adaptive_res_val: 1.2781e+02
It: 3400, Loss: 1.061e+03, Loss_bcs: 1.347e+00, Loss_res: 5.009e+00,Time: 0.01
 kurtosis_grad_res: 3.3336e+01
 kurtosis_grad_bcs: 1.0415e+02
mean_grad_res: 0.400144
mean_grad_bcs: 10.174960
adaptive_bcs_val: 3.1202e+02
adaptive_res_val: 1.2781e+02
It: 3500, Loss: 1.470e+03, Loss_bcs: 1.390e+00, Loss_res: 8.107e+00,Time: 0.01
 kurtosis_grad_res: 5.9921e+01
 kurtosis_grad_bcs: 1.0460e+02
mean_grad_res: 0.435787
mean_grad_bcs: 10.038733
adaptive_bcs_val: 3.1202e+02
adaptive_res_val: 1.2781e+02
