Gradients information stored ...
It: 100, Loss: 4.011e-01, Loss_res: 3.854e-05,  Loss_bcs1: 3.634e-01,  Loss_bcs2: 2.307e-02,  loss_ics_u: 3.106e-01, Loss_ut_ics: 1.460e-02,, Time: 16.37
It: 100, Loss: 4.002e-01, Loss_res: 3.854e-05,  Loss_bcs1: 3.629e-01,  Loss_bcs2: 2.211e-02,  loss_ics_u: 3.108e-01, Loss_ut_ics: 1.511e-02,, Time: 16.37
minmax ratio : 7.6244e+09
max_grad_bcs1: 1.348e-03 ,max_grad_bcs2: 5.101e-04 ,max_grad_ics: 8.554e-04 ,max_grad_res: 3.369e-04  
min_grad_bcs1: 5.806e-09 ,min_grad_bcs2: 2.995e-11 ,min_grad_ics: 1.386e-09 ,min_grad_res: 1.767e-13  
update_res: 2.411e+00
update_ics_u_t: 1.486e+00
update_bcs1: 2.441e-02
update_bcs2: 7.837e-02
adaptive_constant_res_val: 3.369e-04
adaptive_constant_ics_val: 3.939e-01
adaptive_constant_bcs1_val: 2.500e-01
adaptive_constant_bcs2_val: 6.605e-01
Gradients information stored ...
It: 200, Loss: 2.117e-01, Loss_res: 1.814e-05,  Loss_bcs1: 1.999e-01,  Loss_bcs2: 5.420e-03,  loss_ics_u: 1.882e-01, Loss_ut_ics: 6.447e-03,, Time: 8.60
It: 200, Loss: 2.030e-01, Loss_res: 1.814e-05,  Loss_bcs1: 1.694e-01,  Loss_bcs2: 1.081e-02,  loss_ics_u: 1.530e-01, Loss_ut_ics: 2.282e-02,, Time: 8.60
minmax ratio : 8.1581e+08
max_grad_bcs1: 8.062e-04 ,max_grad_bcs2: 7.446e-04 ,max_grad_ics: 1.291e-03 ,max_grad_res: 1.153e-04  
min_grad_bcs1: 6.366e-12 ,min_grad_bcs2: 5.589e-11 ,min_grad_ics: 8.590e-10 ,min_grad_res: 1.582e-12  
update_res: 8.968e-01
update_ics_u_t: 1.154e+00
update_bcs1: 8.875e-01
update_bcs2: 1.062e+00
adaptive_constant_res_val: 3.369e-04
adaptive_constant_ics_val: 3.939e-01
adaptive_constant_bcs1_val: 2.500e-01
adaptive_constant_bcs2_val: 6.605e-01
It: 300, Loss: 1.163e-01, Loss_res: 1.165e-05,  Loss_bcs1: 1.048e-01,  Loss_bcs2: 3.119e-03,  loss_ics_u: 1.014e-01, Loss_ut_ics: 8.341e-03,, Time: 4.00
It: 300, Loss: 1.154e-01, Loss_res: 1.165e-05,  Loss_bcs1: 1.041e-01,  Loss_bcs2: 2.085e-03,  loss_ics_u: 8.757e-02, Loss_ut_ics: 9.254e-03,, Time: 4.00
minmax ratio : 9.3141e+08
max_grad_bcs1: 6.734e-04 ,max_grad_bcs2: 3.372e-04 ,max_grad_ics: 6.347e-04 ,max_grad_res: 4.431e-05  
min_grad_bcs1: 4.002e-11 ,min_grad_bcs2: 1.303e-10 ,min_grad_ics: 1.597e-09 ,min_grad_res: 7.230e-13  
update_res: 7.180e-01
update_ics_u_t: 9.457e-01
update_bcs1: 7.322e-01
update_bcs2: 1.604e+00
adaptive_constant_res_val: 3.369e-04
adaptive_constant_ics_val: 3.939e-01
adaptive_constant_bcs1_val: 2.500e-01
adaptive_constant_bcs2_val: 6.605e-01
It: 400, Loss: 9.537e-02, Loss_res: 4.625e-06,  Loss_bcs1: 8.879e-02,  Loss_bcs2: 1.779e-03,  loss_ics_u: 8.368e-02, Loss_ut_ics: 4.803e-03,, Time: 4.05
It: 400, Loss: 1.033e-01, Loss_res: 4.625e-06,  Loss_bcs1: 8.783e-02,  Loss_bcs2: 1.031e-02,  loss_ics_u: 7.231e-02, Loss_ut_ics: 5.186e-03,, Time: 4.05
minmax ratio : 3.9029e+10
max_grad_bcs1: 8.693e-04 ,max_grad_bcs2: 8.955e-04 ,max_grad_ics: 3.838e-04 ,max_grad_res: 5.775e-05  
min_grad_bcs1: 1.164e-10 ,min_grad_bcs2: 5.735e-10 ,min_grad_ics: 7.850e-11 ,min_grad_res: 2.294e-14  
update_res: 8.321e-01
update_ics_u_t: 1.145e+00
update_bcs1: 7.359e-01
update_bcs2: 1.287e+00
adaptive_constant_res_val: 3.369e-04
adaptive_constant_ics_val: 3.939e-01
adaptive_constant_bcs1_val: 2.500e-01
adaptive_constant_bcs2_val: 6.605e-01
It: 500, Loss: 9.935e-02, Loss_res: 2.406e-06,  Loss_bcs1: 9.245e-02,  Loss_bcs2: 3.502e-03,  loss_ics_u: 8.401e-02, Loss_ut_ics: 3.400e-03,, Time: 4.47
It: 500, Loss: 8.426e-02, Loss_res: 2.406e-06,  Loss_bcs1: 7.355e-02,  Loss_bcs2: 6.745e-03,  loss_ics_u: 6.799e-02, Loss_ut_ics: 3.964e-03,, Time: 4.47
minmax ratio : 7.2460e+09
max_grad_bcs1: 1.633e-04 ,max_grad_bcs2: 7.166e-04 ,max_grad_ics: 3.391e-04 ,max_grad_res: 1.112e-04  
min_grad_bcs1: 7.831e-11 ,min_grad_bcs2: 7.731e-11 ,min_grad_ics: 3.942e-11 ,min_grad_res: 9.889e-14  
update_res: 8.304e-01
update_ics_u_t: 9.846e-01
update_bcs1: 7.552e-01
update_bcs2: 1.430e+00
adaptive_constant_res_val: 3.369e-04
adaptive_constant_ics_val: 3.939e-01
adaptive_constant_bcs1_val: 2.500e-01
adaptive_constant_bcs2_val: 6.605e-01
It: 600, Loss: 7.558e-02, Loss_res: 1.270e-06,  Loss_bcs1: 7.057e-02,  Loss_bcs2: 1.633e-03,  loss_ics_u: 6.691e-02, Loss_ut_ics: 3.381e-03,, Time: 4.62
It: 600, Loss: 7.085e-02, Loss_res: 1.270e-06,  Loss_bcs1: 6.448e-02,  Loss_bcs2: 3.067e-03,  loss_ics_u: 5.655e-02, Loss_ut_ics: 3.302e-03,, Time: 4.62
minmax ratio : 2.2026e+09
max_grad_bcs1: 2.434e-04 ,max_grad_bcs2: 4.832e-04 ,max_grad_ics: 2.281e-04 ,max_grad_res: 2.341e-05  
min_grad_bcs1: 5.002e-11 ,min_grad_bcs2: 1.273e-10 ,min_grad_ics: 2.470e-11 ,min_grad_res: 2.194e-13  
update_res: 7.963e-01
update_ics_u_t: 9.202e-01
update_bcs1: 6.849e-01
update_bcs2: 1.599e+00
adaptive_constant_res_val: 3.369e-04
adaptive_constant_ics_val: 3.939e-01
adaptive_constant_bcs1_val: 2.500e-01
adaptive_constant_bcs2_val: 6.605e-01
It: 700, Loss: 6.735e-02, Loss_res: 5.594e-07,  Loss_bcs1: 6.199e-02,  Loss_bcs2: 1.844e-03,  loss_ics_u: 5.605e-02, Loss_ut_ics: 3.514e-03,, Time: 4.56
It: 700, Loss: 6.716e-02, Loss_res: 5.594e-07,  Loss_bcs1: 6.253e-02,  Loss_bcs2: 1.131e-03,  loss_ics_u: 5.717e-02, Loss_ut_ics: 3.493e-03,, Time: 4.56
minmax ratio : 9.0016e+09
max_grad_bcs1: 5.697e-04 ,max_grad_bcs2: 2.789e-04 ,max_grad_ics: 2.502e-04 ,max_grad_res: 1.048e-05  
min_grad_bcs1: 5.457e-12 ,min_grad_bcs2: 3.229e-11 ,min_grad_ics: 2.183e-11 ,min_grad_res: 6.329e-14  
update_res: 7.495e-01
update_ics_u_t: 9.238e-01
update_bcs1: 6.455e-01
update_bcs2: 1.681e+00
adaptive_constant_res_val: 3.369e-04
adaptive_constant_ics_val: 3.939e-01
adaptive_constant_bcs1_val: 2.500e-01
adaptive_constant_bcs2_val: 6.605e-01
It: 800, Loss: 9.234e-02, Loss_res: 2.604e-07,  Loss_bcs1: 8.135e-02,  Loss_bcs2: 5.710e-03,  loss_ics_u: 7.071e-02, Loss_ut_ics: 5.278e-03,, Time: 4.55
It: 800, Loss: 7.905e-02, Loss_res: 2.604e-07,  Loss_bcs1: 5.952e-02,  Loss_bcs2: 1.436e-02,  loss_ics_u: 4.262e-02, Loss_ut_ics: 5.161e-03,, Time: 4.55
minmax ratio : 7.9403e+09
max_grad_bcs1: 1.009e-03 ,max_grad_bcs2: 1.185e-03 ,max_grad_ics: 4.233e-04 ,max_grad_res: 3.163e-05  
min_grad_bcs1: 4.638e-11 ,min_grad_bcs2: 9.727e-11 ,min_grad_ics: 2.437e-10 ,min_grad_res: 1.493e-13  
update_res: 7.751e-01
update_ics_u_t: 9.671e-01
update_bcs1: 7.029e-01
update_bcs2: 1.555e+00
adaptive_constant_res_val: 3.369e-04
adaptive_constant_ics_val: 3.939e-01
adaptive_constant_bcs1_val: 2.500e-01
adaptive_constant_bcs2_val: 6.605e-01
It: 900, Loss: 5.827e-02, Loss_res: 1.457e-07,  Loss_bcs1: 4.523e-02,  Loss_bcs2: 1.021e-02,  loss_ics_u: 3.239e-02, Loss_ut_ics: 2.827e-03,, Time: 4.54
It: 900, Loss: 6.616e-02, Loss_res: 1.457e-07,  Loss_bcs1: 5.785e-02,  Loss_bcs2: 5.011e-03,  loss_ics_u: 4.897e-02, Loss_ut_ics: 3.300e-03,, Time: 4.54
minmax ratio : 1.7920e+11
max_grad_bcs1: 1.672e-03 ,max_grad_bcs2: 6.618e-04 ,max_grad_ics: 1.362e-04 ,max_grad_res: 6.846e-06  
min_grad_bcs1: 2.150e-09 ,min_grad_bcs2: 1.037e-11 ,min_grad_ics: 1.838e-11 ,min_grad_res: 9.329e-15  
update_res: 7.162e-01
update_ics_u_t: 8.299e-01
update_bcs1: 7.051e-01
update_bcs2: 1.749e+00
adaptive_constant_res_val: 3.369e-04
adaptive_constant_ics_val: 3.939e-01
adaptive_constant_bcs1_val: 2.500e-01
adaptive_constant_bcs2_val: 6.605e-01
It: 1000, Loss: 6.840e-02, Loss_res: 6.780e-08,  Loss_bcs1: 5.415e-02,  Loss_bcs2: 1.222e-02,  loss_ics_u: 3.440e-02, Loss_ut_ics: 2.025e-03,, Time: 4.53
It: 1000, Loss: 6.576e-02, Loss_res: 6.780e-08,  Loss_bcs1: 5.584e-02,  Loss_bcs2: 6.634e-03,  loss_ics_u: 4.811e-02, Loss_ut_ics: 3.290e-03,, Time: 4.53
minmax ratio : 1.5588e+10
max_grad_bcs1: 1.454e-03 ,max_grad_bcs2: 7.994e-04 ,max_grad_ics: 2.866e-04 ,max_grad_res: 2.119e-05  
min_grad_bcs1: 1.137e-10 ,min_grad_bcs2: 2.308e-11 ,min_grad_ics: 8.106e-12 ,min_grad_res: 9.329e-14  
update_res: 7.787e-01
update_ics_u_t: 8.601e-01
update_bcs1: 6.528e-01
update_bcs2: 1.708e+00
adaptive_constant_res_val: 3.369e-04
adaptive_constant_ics_val: 3.939e-01
adaptive_constant_bcs1_val: 2.500e-01
adaptive_constant_bcs2_val: 6.605e-01
Gradients information stored ...
It: 1100, Loss: 3.572e-02, Loss_res: 6.442e-08,  Loss_bcs1: 3.353e-02,  Loss_bcs2: 5.610e-04,  loss_ics_u: 3.089e-02, Loss_ut_ics: 1.631e-03,, Time: 8.73
It: 1100, Loss: 3.537e-02, Loss_res: 6.442e-08,  Loss_bcs1: 3.286e-02,  Loss_bcs2: 2.756e-04,  loss_ics_u: 2.908e-02, Loss_ut_ics: 2.236e-03,, Time: 8.73
minmax ratio : 1.8204e+09
max_grad_bcs1: 1.233e-04 ,max_grad_bcs2: 5.944e-05 ,max_grad_ics: 2.694e-04 ,max_grad_res: 1.696e-05  
min_grad_bcs1: 1.566e-10 ,min_grad_bcs2: 3.165e-12 ,min_grad_ics: 2.770e-11 ,min_grad_res: 1.480e-13  
update_res: 7.835e-01
update_ics_u_t: 8.965e-01
update_bcs1: 7.407e-01
update_bcs2: 1.579e+00
adaptive_constant_res_val: 3.369e-04
adaptive_constant_ics_val: 3.939e-01
adaptive_constant_bcs1_val: 2.500e-01
adaptive_constant_bcs2_val: 6.605e-01
It: 1200, Loss: 2.875e-02, Loss_res: 5.356e-08,  Loss_bcs1: 2.670e-02,  Loss_bcs2: 4.743e-04,  loss_ics_u: 2.467e-02, Loss_ut_ics: 1.575e-03,, Time: 4.56
It: 1200, Loss: 4.015e-02, Loss_res: 5.356e-08,  Loss_bcs1: 3.029e-02,  Loss_bcs2: 8.195e-03,  loss_ics_u: 2.155e-02, Loss_ut_ics: 1.666e-03,, Time: 4.56
minmax ratio : 1.4515e+09
max_grad_bcs1: 8.887e-04 ,max_grad_bcs2: 9.403e-04 ,max_grad_ics: 1.331e-04 ,max_grad_res: 2.060e-05  
min_grad_bcs1: 1.021e-10 ,min_grad_bcs2: 3.480e-12 ,min_grad_ics: 9.303e-11 ,min_grad_res: 6.478e-13  
update_res: 6.913e-01
update_ics_u_t: 8.602e-01
update_bcs1: 6.976e-01
update_bcs2: 1.751e+00
adaptive_constant_res_val: 3.369e-04
adaptive_constant_ics_val: 3.939e-01
adaptive_constant_bcs1_val: 2.500e-01
adaptive_constant_bcs2_val: 6.605e-01
It: 1300, Loss: 4.147e-02, Loss_res: 6.090e-08,  Loss_bcs1: 3.402e-02,  Loss_bcs2: 4.217e-03,  loss_ics_u: 2.442e-02, Loss_ut_ics: 3.234e-03,, Time: 4.61
It: 1300, Loss: 6.158e-02, Loss_res: 6.090e-08,  Loss_bcs1: 5.502e-02,  Loss_bcs2: 5.106e-03,  loss_ics_u: 4.372e-02, Loss_ut_ics: 1.455e-03,, Time: 4.61
minmax ratio : 5.5139e+10
max_grad_bcs1: 2.130e-03 ,max_grad_bcs2: 7.425e-04 ,max_grad_ics: 1.299e-04 ,max_grad_res: 1.377e-05  
min_grad_bcs1: 1.442e-09 ,min_grad_bcs2: 3.862e-14 ,min_grad_ics: 3.519e-11 ,min_grad_res: 9.152e-14  
update_res: 6.761e-01
update_ics_u_t: 1.040e+00
update_bcs1: 6.772e-01
update_bcs2: 1.607e+00
adaptive_constant_res_val: 3.369e-04
adaptive_constant_ics_val: 3.939e-01
adaptive_constant_bcs1_val: 2.500e-01
adaptive_constant_bcs2_val: 6.605e-01
It: 1400, Loss: 2.449e-02, Loss_res: 5.908e-08,  Loss_bcs1: 2.245e-02,  Loss_bcs2: 8.860e-04,  loss_ics_u: 2.051e-02, Loss_ut_ics: 1.162e-03,, Time: 4.62
It: 1400, Loss: 2.649e-02, Loss_res: 5.908e-08,  Loss_bcs1: 2.311e-02,  Loss_bcs2: 1.148e-04,  loss_ics_u: 2.007e-02, Loss_ut_ics: 3.266e-03,, Time: 4.62
minmax ratio : 1.4742e+11
max_grad_bcs1: 3.054e-04 ,max_grad_bcs2: 9.952e-05 ,max_grad_ics: 4.583e-04 ,max_grad_res: 5.231e-06  
min_grad_bcs1: 1.934e-11 ,min_grad_bcs2: 8.500e-14 ,min_grad_ics: 4.672e-11 ,min_grad_res: 3.109e-15  
update_res: 6.413e-01
update_ics_u_t: 9.533e-01
update_bcs1: 6.603e-01
update_bcs2: 1.745e+00
adaptive_constant_res_val: 3.369e-04
adaptive_constant_ics_val: 3.939e-01
adaptive_constant_bcs1_val: 2.500e-01
adaptive_constant_bcs2_val: 6.605e-01
It: 1500, Loss: 2.295e-02, Loss_res: 5.574e-08,  Loss_bcs1: 2.115e-02,  Loss_bcs2: 5.168e-05,  loss_ics_u: 1.812e-02, Loss_ut_ics: 1.755e-03,, Time: 4.60
It: 1500, Loss: 3.473e-02, Loss_res: 5.574e-08,  Loss_bcs1: 3.112e-02,  Loss_bcs2: 3.280e-03,  loss_ics_u: 2.517e-02, Loss_ut_ics: 3.371e-04,, Time: 4.60
minmax ratio : 1.2310e+10
max_grad_bcs1: 1.403e-03 ,max_grad_bcs2: 6.221e-04 ,max_grad_ics: 2.486e-05 ,max_grad_res: 1.394e-05  
min_grad_bcs1: 1.601e-09 ,min_grad_bcs2: 1.140e-13 ,min_grad_ics: 1.170e-12 ,min_grad_res: 2.424e-13  
update_res: 6.774e-01
update_ics_u_t: 9.585e-01
update_bcs1: 6.961e-01
update_bcs2: 1.668e+00
adaptive_constant_res_val: 3.369e-04
adaptive_constant_ics_val: 3.939e-01
adaptive_constant_bcs1_val: 2.500e-01
adaptive_constant_bcs2_val: 6.605e-01
It: 1600, Loss: 1.660e-02, Loss_res: 4.239e-08,  Loss_bcs1: 1.575e-02,  Loss_bcs2: 2.835e-04,  loss_ics_u: 1.495e-02, Loss_ut_ics: 5.689e-04,, Time: 4.52
It: 1600, Loss: 1.705e-02, Loss_res: 4.239e-08,  Loss_bcs1: 1.552e-02,  Loss_bcs2: 4.090e-04,  loss_ics_u: 1.383e-02, Loss_ut_ics: 1.118e-03,, Time: 4.52
minmax ratio : inf
max_grad_bcs1: 2.063e-04 ,max_grad_bcs2: 2.129e-04 ,max_grad_ics: 2.099e-04 ,max_grad_res: 1.727e-05  
min_grad_bcs1: 1.546e-11 ,min_grad_bcs2: 0.000e+00 ,min_grad_ics: 5.119e-11 ,min_grad_res: 2.689e-13  
update_res: 6.026e-01
update_ics_u_t: 1.030e+00
update_bcs1: 6.352e-01
update_bcs2: 1.732e+00
adaptive_constant_res_val: 3.369e-04
adaptive_constant_ics_val: 3.939e-01
adaptive_constant_bcs1_val: 2.500e-01
adaptive_constant_bcs2_val: 6.605e-01
It: 1700, Loss: 3.446e-02, Loss_res: 5.210e-08,  Loss_bcs1: 2.656e-02,  Loss_bcs2: 6.811e-03,  loss_ics_u: 1.638e-02, Loss_ut_ics: 1.094e-03,, Time: 5.00
It: 1700, Loss: 2.240e-02, Loss_res: 5.210e-08,  Loss_bcs1: 1.308e-02,  Loss_bcs2: 7.226e-03,  loss_ics_u: 9.466e-03, Loss_ut_ics: 2.092e-03,, Time: 5.00
minmax ratio : inf
max_grad_bcs1: 7.208e-04 ,max_grad_bcs2: 9.608e-04 ,max_grad_ics: 3.646e-04 ,max_grad_res: 1.995e-05  
min_grad_bcs1: 1.921e-09 ,min_grad_bcs2: 0.000e+00 ,min_grad_ics: 0.000e+00 ,min_grad_res: 2.628e-13  
update_res: 5.386e-01
update_ics_u_t: 7.235e-01
update_bcs1: 6.104e-01
update_bcs2: 2.127e+00
adaptive_constant_res_val: 3.369e-04
adaptive_constant_ics_val: 3.939e-01
adaptive_constant_bcs1_val: 2.500e-01
adaptive_constant_bcs2_val: 6.605e-01
It: 1800, Loss: 8.974e-03, Loss_res: 5.126e-08,  Loss_bcs1: 8.438e-03,  Loss_bcs2: 1.550e-04,  loss_ics_u: 7.682e-03, Loss_ut_ics: 3.804e-04,, Time: 5.03
It: 1800, Loss: 8.986e-03, Loss_res: 5.126e-08,  Loss_bcs1: 8.200e-03,  Loss_bcs2: 3.782e-04,  loss_ics_u: 6.644e-03, Loss_ut_ics: 4.078e-04,, Time: 5.03
minmax ratio : inf
max_grad_bcs1: 2.405e-04 ,max_grad_bcs2: 2.009e-04 ,max_grad_ics: 7.874e-05 ,max_grad_res: 8.862e-06  
min_grad_bcs1: 2.667e-11 ,min_grad_bcs2: 0.000e+00 ,min_grad_ics: 7.585e-12 ,min_grad_res: 8.805e-14  
update_res: 5.774e-01
update_ics_u_t: 7.811e-01
update_bcs1: 6.692e-01
update_bcs2: 1.972e+00
adaptive_constant_res_val: 3.369e-04
adaptive_constant_ics_val: 3.939e-01
adaptive_constant_bcs1_val: 2.500e-01
adaptive_constant_bcs2_val: 6.605e-01
It: 1900, Loss: 8.098e-03, Loss_res: 6.079e-08,  Loss_bcs1: 6.027e-03,  Loss_bcs2: 1.529e-03,  loss_ics_u: 4.841e-03, Loss_ut_ics: 5.427e-04,, Time: 4.57
It: 1900, Loss: 9.687e-03, Loss_res: 6.079e-08,  Loss_bcs1: 5.469e-03,  Loss_bcs2: 3.757e-03,  loss_ics_u: 3.789e-03, Loss_ut_ics: 4.602e-04,, Time: 4.57
minmax ratio : inf
max_grad_bcs1: 5.197e-04 ,max_grad_bcs2: 7.403e-04 ,max_grad_ics: 1.170e-04 ,max_grad_res: 9.077e-06  
min_grad_bcs1: 4.487e-10 ,min_grad_bcs2: 0.000e+00 ,min_grad_ics: 1.251e-11 ,min_grad_res: 2.132e-14  
update_res: 7.308e-01
update_ics_u_t: 8.884e-01
update_bcs1: 7.591e-01
update_bcs2: 1.622e+00
adaptive_constant_res_val: 3.369e-04
adaptive_constant_ics_val: 3.939e-01
adaptive_constant_bcs1_val: 2.500e-01
adaptive_constant_bcs2_val: 6.605e-01
It: 2000, Loss: 4.448e-03, Loss_res: 4.538e-08,  Loss_bcs1: 3.439e-03,  Loss_bcs2: 6.886e-04,  loss_ics_u: 2.865e-03, Loss_ut_ics: 3.201e-04,, Time: 5.09
It: 2000, Loss: 4.052e-03, Loss_res: 4.538e-08,  Loss_bcs1: 2.770e-03,  Loss_bcs2: 1.137e-03,  loss_ics_u: 1.875e-03, Loss_ut_ics: 1.450e-04,, Time: 5.09
minmax ratio : inf
max_grad_bcs1: 2.369e-04 ,max_grad_bcs2: 4.159e-04 ,max_grad_ics: 1.195e-05 ,max_grad_res: 5.965e-06  
min_grad_bcs1: 3.419e-11 ,min_grad_bcs2: 0.000e+00 ,min_grad_ics: 1.825e-12 ,min_grad_res: 3.637e-14  
update_res: 5.751e-01
update_ics_u_t: 7.539e-01
update_bcs1: 8.217e-01
update_bcs2: 1.849e+00
adaptive_constant_res_val: 3.369e-04
adaptive_constant_ics_val: 3.939e-01
adaptive_constant_bcs1_val: 2.500e-01
adaptive_constant_bcs2_val: 6.605e-01
It: 2100, Loss: 2.443e-03, Loss_res: 5.131e-08,  Loss_bcs1: 1.860e-03,  Loss_bcs2: 3.650e-04,  loss_ics_u: 1.641e-03, Loss_ut_ics: 2.181e-04,, Time: 5.02
It: 2100, Loss: 2.655e-03, Loss_res: 5.131e-08,  Loss_bcs1: 2.221e-03,  Loss_bcs2: 2.839e-04,  loss_ics_u: 1.875e-03, Loss_ut_ics: 1.503e-04,, Time: 5.02
minmax ratio : inf
max_grad_bcs1: 2.666e-04 ,max_grad_bcs2: 2.017e-04 ,max_grad_ics: 2.906e-05 ,max_grad_res: 3.419e-05  
min_grad_bcs1: 1.157e-11 ,min_grad_bcs2: 0.000e+00 ,min_grad_ics: 2.119e-11 ,min_grad_res: 1.296e-13  
update_res: 5.483e-01
update_ics_u_t: 6.392e-01
update_bcs1: 9.094e-01
update_bcs2: 1.903e+00
adaptive_constant_res_val: 3.369e-04
adaptive_constant_ics_val: 3.939e-01
adaptive_constant_bcs1_val: 2.500e-01
adaptive_constant_bcs2_val: 6.605e-01
It: 2200, Loss: 6.150e-03, Loss_res: 4.505e-08,  Loss_bcs1: 5.057e-03,  Loss_bcs2: 9.805e-04,  loss_ics_u: 2.806e-03, Loss_ut_ics: 1.128e-04,, Time: 5.32
It: 2200, Loss: 3.310e-03, Loss_res: 4.505e-08,  Loss_bcs1: 1.641e-03,  Loss_bcs2: 1.540e-03,  loss_ics_u: 1.051e-03, Loss_ut_ics: 1.283e-04,, Time: 5.32
minmax ratio : inf
max_grad_bcs1: 2.057e-04 ,max_grad_bcs2: 4.837e-04 ,max_grad_ics: 3.468e-05 ,max_grad_res: 3.859e-05  
min_grad_bcs1: 3.638e-11 ,min_grad_bcs2: 0.000e+00 ,min_grad_ics: 2.456e-11 ,min_grad_res: 5.489e-13  
update_res: 6.314e-01
update_ics_u_t: 6.186e-01
update_bcs1: 8.209e-01
update_bcs2: 1.929e+00
adaptive_constant_res_val: 3.369e-04
adaptive_constant_ics_val: 3.939e-01
adaptive_constant_bcs1_val: 2.500e-01
adaptive_constant_bcs2_val: 6.605e-01
It: 2300, Loss: 2.540e-03, Loss_res: 4.901e-08,  Loss_bcs1: 2.309e-03,  Loss_bcs2: 1.195e-04,  loss_ics_u: 1.472e-03, Loss_ut_ics: 1.116e-04,, Time: 5.26
It: 2300, Loss: 1.650e-03, Loss_res: 4.901e-08,  Loss_bcs1: 1.475e-03,  Loss_bcs2: 5.891e-05,  loss_ics_u: 8.738e-04, Loss_ut_ics: 1.158e-04,, Time: 5.26
minmax ratio : inf
max_grad_bcs1: 2.809e-04 ,max_grad_bcs2: 7.618e-05 ,max_grad_ics: 3.045e-05 ,max_grad_res: 5.883e-05  
min_grad_bcs1: 2.034e-11 ,min_grad_bcs2: 0.000e+00 ,min_grad_ics: 3.076e-13 ,min_grad_res: 2.443e-13  
update_res: 7.675e-01
update_ics_u_t: 6.582e-01
update_bcs1: 9.271e-01
update_bcs2: 1.647e+00
adaptive_constant_res_val: 3.369e-04
adaptive_constant_ics_val: 3.939e-01
adaptive_constant_bcs1_val: 2.500e-01
adaptive_constant_bcs2_val: 6.605e-01
It: 2400, Loss: 6.258e-03, Loss_res: 5.520e-08,  Loss_bcs1: 3.443e-03,  Loss_bcs2: 2.747e-03,  loss_ics_u: 1.335e-03, Loss_ut_ics: 6.786e-05,, Time: 5.33
It: 2400, Loss: 7.144e-03, Loss_res: 5.520e-08,  Loss_bcs1: 5.228e-03,  Loss_bcs2: 1.814e-03,  loss_ics_u: 2.026e-03, Loss_ut_ics: 1.012e-04,, Time: 5.33
minmax ratio : inf
max_grad_bcs1: 9.859e-04 ,max_grad_bcs2: 5.262e-04 ,max_grad_ics: 3.353e-05 ,max_grad_res: 2.194e-05  
min_grad_bcs1: 4.787e-10 ,min_grad_bcs2: 0.000e+00 ,min_grad_ics: 2.144e-12 ,min_grad_res: 2.232e-13  
update_res: 8.863e-01
update_ics_u_t: 6.334e-01
update_bcs1: 7.565e-01
update_bcs2: 1.724e+00
adaptive_constant_res_val: 3.369e-04
adaptive_constant_ics_val: 3.939e-01
adaptive_constant_bcs1_val: 2.500e-01
adaptive_constant_bcs2_val: 6.605e-01
It: 2500, Loss: 7.837e-04, Loss_res: 6.208e-08,  Loss_bcs1: 6.555e-04,  Loss_bcs2: 3.296e-05,  loss_ics_u: 4.722e-04, Loss_ut_ics: 9.532e-05,, Time: 4.63
It: 2500, Loss: 9.644e-04, Loss_res: 6.208e-08,  Loss_bcs1: 8.083e-04,  Loss_bcs2: 6.102e-05,  loss_ics_u: 6.199e-04, Loss_ut_ics: 9.505e-05,, Time: 4.63
minmax ratio : inf
max_grad_bcs1: 1.276e-04 ,max_grad_bcs2: 8.776e-05 ,max_grad_ics: 4.056e-05 ,max_grad_res: 7.515e-05  
min_grad_bcs1: 7.640e-12 ,min_grad_bcs2: 0.000e+00 ,min_grad_ics: 2.334e-12 ,min_grad_res: 2.076e-12  
update_res: 6.849e-01
update_ics_u_t: 7.348e-01
update_bcs1: 1.100e+00
update_bcs2: 1.481e+00
adaptive_constant_res_val: 3.369e-04
adaptive_constant_ics_val: 3.939e-01
adaptive_constant_bcs1_val: 2.500e-01
adaptive_constant_bcs2_val: 6.605e-01
It: 2600, Loss: 2.686e-03, Loss_res: 7.409e-08,  Loss_bcs1: 1.309e-03,  Loss_bcs2: 1.301e-03,  loss_ics_u: 7.097e-04, Loss_ut_ics: 7.515e-05,, Time: 4.70
It: 2600, Loss: 2.895e-03, Loss_res: 7.409e-08,  Loss_bcs1: 1.838e-03,  Loss_bcs2: 1.006e-03,  loss_ics_u: 1.064e-03, Loss_ut_ics: 5.001e-05,, Time: 4.70
minmax ratio : inf
max_grad_bcs1: 5.047e-04 ,max_grad_bcs2: 3.883e-04 ,max_grad_ics: 1.291e-05 ,max_grad_res: 6.383e-05  
min_grad_bcs1: 4.209e-10 ,min_grad_bcs2: 0.000e+00 ,min_grad_ics: 1.205e-12 ,min_grad_res: 1.457e-12  
update_res: 8.054e-01
update_ics_u_t: 7.071e-01
update_bcs1: 7.026e-01
update_bcs2: 1.785e+00
adaptive_constant_res_val: 3.369e-04
adaptive_constant_ics_val: 3.939e-01
adaptive_constant_bcs1_val: 2.500e-01
adaptive_constant_bcs2_val: 6.605e-01
It: 2700, Loss: 6.093e-04, Loss_res: 7.130e-08,  Loss_bcs1: 5.222e-04,  Loss_bcs2: 2.761e-05,  loss_ics_u: 4.014e-04, Loss_ut_ics: 5.956e-05,, Time: 4.56
It: 2700, Loss: 1.106e-03, Loss_res: 7.130e-08,  Loss_bcs1: 8.039e-04,  Loss_bcs2: 2.696e-04,  loss_ics_u: 6.478e-04, Loss_ut_ics: 3.269e-05,, Time: 4.56
minmax ratio : inf
max_grad_bcs1: 2.138e-04 ,max_grad_bcs2: 1.971e-04 ,max_grad_ics: 2.313e-05 ,max_grad_res: 3.784e-05  
min_grad_bcs1: 1.311e-10 ,min_grad_bcs2: 0.000e+00 ,min_grad_ics: 1.116e-12 ,min_grad_res: 1.239e-13  
update_res: 6.781e-01
update_ics_u_t: 6.752e-01
update_bcs1: 1.065e+00
update_bcs2: 1.582e+00
adaptive_constant_res_val: 3.369e-04
adaptive_constant_ics_val: 3.939e-01
adaptive_constant_bcs1_val: 2.500e-01
adaptive_constant_bcs2_val: 6.605e-01
It: 2800, Loss: 7.659e-04, Loss_res: 1.199e-07,  Loss_bcs1: 4.958e-04,  Loss_bcs2: 1.963e-04,  loss_ics_u: 4.370e-04, Loss_ut_ics: 7.381e-05,, Time: 5.00
It: 2800, Loss: 5.727e-04, Loss_res: 1.199e-07,  Loss_bcs1: 4.405e-04,  Loss_bcs2: 1.030e-04,  loss_ics_u: 3.744e-04, Loss_ut_ics: 2.921e-05,, Time: 5.00
minmax ratio : inf
max_grad_bcs1: 7.699e-05 ,max_grad_bcs2: 1.177e-04 ,max_grad_ics: 1.423e-05 ,max_grad_res: 3.610e-05  
min_grad_bcs1: 6.794e-12 ,min_grad_bcs2: 0.000e+00 ,min_grad_ics: 2.343e-12 ,min_grad_res: 5.794e-15  
update_res: 5.608e-01
update_ics_u_t: 6.084e-01
update_bcs1: 9.325e-01
update_bcs2: 1.898e+00
adaptive_constant_res_val: 3.369e-04
adaptive_constant_ics_val: 3.939e-01
adaptive_constant_bcs1_val: 2.500e-01
adaptive_constant_bcs2_val: 6.605e-01
It: 2900, Loss: 8.503e-04, Loss_res: 9.480e-08,  Loss_bcs1: 6.747e-04,  Loss_bcs2: 1.397e-04,  loss_ics_u: 4.734e-04, Loss_ut_ics: 3.586e-05,, Time: 5.12
It: 2900, Loss: 6.816e-04, Loss_res: 9.480e-08,  Loss_bcs1: 5.555e-04,  Loss_bcs2: 8.051e-05,  loss_ics_u: 2.408e-04, Loss_ut_ics: 4.562e-05,, Time: 5.12
minmax ratio : inf
max_grad_bcs1: 2.146e-04 ,max_grad_bcs2: 9.532e-05 ,max_grad_ics: 2.311e-05 ,max_grad_res: 4.805e-05  
min_grad_bcs1: 1.512e-11 ,min_grad_bcs2: 0.000e+00 ,min_grad_ics: 1.109e-13 ,min_grad_res: 1.366e-14  
update_res: 9.178e-01
update_ics_u_t: 1.095e+00
update_bcs1: 8.831e-01
update_bcs2: 1.104e+00
adaptive_constant_res_val: 3.369e-04
adaptive_constant_ics_val: 3.939e-01
adaptive_constant_bcs1_val: 2.500e-01
adaptive_constant_bcs2_val: 6.605e-01
It: 3000, Loss: 4.958e-04, Loss_res: 1.750e-07,  Loss_bcs1: 3.584e-04,  Loss_bcs2: 1.142e-04,  loss_ics_u: 3.331e-04, Loss_ut_ics: 2.321e-05,, Time: 5.07
It: 3000, Loss: 5.075e-04, Loss_res: 1.750e-07,  Loss_bcs1: 4.746e-04,  Loss_bcs2: 7.398e-06,  loss_ics_u: 2.610e-04, Loss_ut_ics: 2.555e-05,, Time: 5.07
minmax ratio : inf
max_grad_bcs1: 1.887e-04 ,max_grad_bcs2: 4.043e-06 ,max_grad_ics: 7.341e-06 ,max_grad_res: 4.104e-05  
min_grad_bcs1: 4.979e-11 ,min_grad_bcs2: 0.000e+00 ,min_grad_ics: 9.226e-13 ,min_grad_res: 4.375e-14  
update_res: 6.072e-01
update_ics_u_t: 6.002e-01
update_bcs1: 1.036e+00
update_bcs2: 1.757e+00
adaptive_constant_res_val: 3.369e-04
adaptive_constant_ics_val: 3.939e-01
adaptive_constant_bcs1_val: 2.500e-01
adaptive_constant_bcs2_val: 6.605e-01
It: 3100, Loss: 3.124e-04, Loss_res: 2.848e-06,  Loss_bcs1: 2.538e-04,  Loss_bcs2: 3.141e-05,  loss_ics_u: 2.206e-04, Loss_ut_ics: 2.723e-05,, Time: 4.65
It: 3100, Loss: 4.424e-04, Loss_res: 2.848e-06,  Loss_bcs1: 2.983e-04,  Loss_bcs2: 1.218e-04,  loss_ics_u: 2.605e-04, Loss_ut_ics: 2.231e-05,, Time: 4.65
minmax ratio : inf
max_grad_bcs1: 1.139e-04 ,max_grad_bcs2: 1.273e-04 ,max_grad_ics: 2.903e-05 ,max_grad_res: 3.742e-04  
min_grad_bcs1: 2.711e-12 ,min_grad_bcs2: 0.000e+00 ,min_grad_ics: 4.679e-13 ,min_grad_res: 1.601e-12  
update_res: 1.198e+00
update_ics_u_t: 4.228e-01
update_bcs1: 9.896e-01
update_bcs2: 1.390e+00
adaptive_constant_res_val: 3.369e-04
adaptive_constant_ics_val: 3.939e-01
adaptive_constant_bcs1_val: 2.500e-01
adaptive_constant_bcs2_val: 6.605e-01
It: 3200, Loss: 1.641e-03, Loss_res: 2.163e-06,  Loss_bcs1: 7.701e-04,  Loss_bcs2: 8.503e-04,  loss_ics_u: 2.477e-04, Loss_ut_ics: 2.034e-05,, Time: 5.50
It: 3200, Loss: 8.119e-04, Loss_res: 2.163e-06,  Loss_bcs1: 4.422e-04,  Loss_bcs2: 3.537e-04,  loss_ics_u: 3.284e-04, Loss_ut_ics: 1.604e-05,, Time: 5.50
minmax ratio : inf
max_grad_bcs1: 2.114e-04 ,max_grad_bcs2: 2.209e-04 ,max_grad_ics: 6.607e-06 ,max_grad_res: 5.648e-04  
min_grad_bcs1: 2.037e-10 ,min_grad_bcs2: 0.000e+00 ,min_grad_ics: 1.345e-12 ,min_grad_res: 9.235e-12  
update_res: 9.652e-01
update_ics_u_t: 3.479e-01
update_bcs1: 1.076e+00
update_bcs2: 1.611e+00
adaptive_constant_res_val: 3.369e-04
adaptive_constant_ics_val: 3.939e-01
adaptive_constant_bcs1_val: 2.500e-01
adaptive_constant_bcs2_val: 6.605e-01
It: 3300, Loss: 3.091e-03, Loss_res: 8.303e-06,  Loss_bcs1: 2.003e-03,  Loss_bcs2: 1.063e-03,  loss_ics_u: 6.221e-04, Loss_ut_ics: 2.459e-05,, Time: 8.40
It: 3300, Loss: 3.552e-03, Loss_res: 8.303e-06,  Loss_bcs1: 2.894e-03,  Loss_bcs2: 6.290e-04,  loss_ics_u: 8.045e-04, Loss_ut_ics: 2.861e-05,, Time: 8.40
minmax ratio : inf
max_grad_bcs1: 7.516e-04 ,max_grad_bcs2: 2.948e-04 ,max_grad_ics: 2.685e-05 ,max_grad_res: 1.272e-03  
min_grad_bcs1: 1.048e-11 ,min_grad_bcs2: 0.000e+00 ,min_grad_ics: 2.124e-15 ,min_grad_res: 1.356e-11  
update_res: 8.447e-01
update_ics_u_t: 5.443e-01
update_bcs1: 1.079e+00
update_bcs2: 1.532e+00
adaptive_constant_res_val: 3.369e-04
adaptive_constant_ics_val: 3.939e-01
adaptive_constant_bcs1_val: 2.500e-01
adaptive_constant_bcs2_val: 6.605e-01
It: 3400, Loss: 3.540e-04, Loss_res: 3.556e-06,  Loss_bcs1: 3.154e-04,  Loss_bcs2: 1.230e-05,  loss_ics_u: 2.014e-04, Loss_ut_ics: 2.633e-05,, Time: 5.32
It: 3400, Loss: 3.628e-04, Loss_res: 3.556e-06,  Loss_bcs1: 3.110e-04,  Loss_bcs2: 2.482e-05,  loss_ics_u: 9.478e-05, Loss_ut_ics: 2.696e-05,, Time: 5.32
minmax ratio : inf
max_grad_bcs1: 2.092e-04 ,max_grad_bcs2: 5.384e-05 ,max_grad_ics: 3.680e-05 ,max_grad_res: 7.066e-04  
min_grad_bcs1: 1.259e-10 ,min_grad_bcs2: 0.000e+00 ,min_grad_ics: 1.978e-11 ,min_grad_res: 2.416e-12  
update_res: 1.264e+00
update_ics_u_t: 5.509e-01
update_bcs1: 9.553e-01
update_bcs2: 1.229e+00
adaptive_constant_res_val: 3.369e-04
adaptive_constant_ics_val: 3.939e-01
adaptive_constant_bcs1_val: 2.500e-01
adaptive_constant_bcs2_val: 6.605e-01
It: 3500, Loss: 4.069e-04, Loss_res: 1.033e-07,  Loss_bcs1: 2.595e-04,  Loss_bcs2: 1.383e-04,  loss_ics_u: 8.463e-05, Loss_ut_ics: 9.074e-06,, Time: 4.41
It: 3500, Loss: 6.367e-04, Loss_res: 1.033e-07,  Loss_bcs1: 4.079e-04,  Loss_bcs2: 2.180e-04,  loss_ics_u: 1.885e-04, Loss_ut_ics: 1.080e-05,, Time: 4.41
minmax ratio : 1.3429e+10
max_grad_bcs1: 2.527e-04 ,max_grad_bcs2: 1.710e-04 ,max_grad_ics: 5.104e-06 ,max_grad_res: 2.317e-05  
min_grad_bcs1: 7.958e-13 ,min_grad_bcs2: 9.350e-14 ,min_grad_ics: 1.092e-13 ,min_grad_res: 1.882e-14  
update_res: 1.607e+00
update_ics_u_t: 5.844e-01
update_bcs1: 8.684e-01
update_bcs2: 9.402e-01
adaptive_constant_res_val: 3.369e-04
adaptive_constant_ics_val: 3.939e-01
adaptive_constant_bcs1_val: 2.500e-01
adaptive_constant_bcs2_val: 6.605e-01
It: 3600, Loss: 3.320e-04, Loss_res: 5.194e-08,  Loss_bcs1: 2.563e-04,  Loss_bcs2: 5.786e-05,  loss_ics_u: 1.483e-04, Loss_ut_ics: 1.778e-05,, Time: 4.49
It: 3600, Loss: 4.708e-04, Loss_res: 5.194e-08,  Loss_bcs1: 3.205e-04,  Loss_bcs2: 1.322e-04,  loss_ics_u: 1.142e-04, Loss_ut_ics: 1.815e-05,, Time: 4.49
minmax ratio : 3.0634e+09
max_grad_bcs1: 2.306e-04 ,max_grad_bcs2: 1.323e-04 ,max_grad_ics: 2.398e-05 ,max_grad_res: 1.102e-05  
min_grad_bcs1: 3.462e-12 ,min_grad_bcs2: 6.221e-13 ,min_grad_ics: 2.728e-12 ,min_grad_res: 7.527e-14  
update_res: 6.635e-01
update_ics_u_t: 7.789e-01
update_bcs1: 1.127e+00
update_bcs2: 1.431e+00
adaptive_constant_res_val: 3.369e-04
adaptive_constant_ics_val: 3.939e-01
adaptive_constant_bcs1_val: 2.500e-01
adaptive_constant_bcs2_val: 6.605e-01
It: 3700, Loss: 2.238e-04, Loss_res: 5.115e-08,  Loss_bcs1: 1.446e-04,  Loss_bcs2: 6.355e-05,  loss_ics_u: 5.560e-05, Loss_ut_ics: 1.568e-05,, Time: 4.47
It: 3700, Loss: 1.157e-04, Loss_res: 5.115e-08,  Loss_bcs1: 8.765e-05,  Loss_bcs2: 1.503e-05,  loss_ics_u: 6.476e-05, Loss_ut_ics: 1.303e-05,, Time: 4.47
minmax ratio : 3.6092e+08
max_grad_bcs1: 8.472e-05 ,max_grad_bcs2: 3.464e-05 ,max_grad_ics: 1.496e-05 ,max_grad_res: 1.883e-05  
min_grad_bcs1: 3.010e-11 ,min_grad_bcs2: 2.347e-13 ,min_grad_ics: 7.218e-13 ,min_grad_res: 3.144e-13  
update_res: 5.613e-01
update_ics_u_t: 7.587e-01
update_bcs1: 1.052e+00
update_bcs2: 1.628e+00
adaptive_constant_res_val: 3.369e-04
adaptive_constant_ics_val: 3.939e-01
adaptive_constant_bcs1_val: 2.500e-01
adaptive_constant_bcs2_val: 6.605e-01
It: 3800, Loss: 2.191e-04, Loss_res: 3.741e-08,  Loss_bcs1: 1.304e-04,  Loss_bcs2: 7.773e-05,  loss_ics_u: 8.846e-05, Loss_ut_ics: 1.090e-05,, Time: 5.16
It: 3800, Loss: 2.560e-04, Loss_res: 3.741e-08,  Loss_bcs1: 1.291e-04,  Loss_bcs2: 1.177e-04,  loss_ics_u: 5.979e-05, Loss_ut_ics: 9.272e-06,, Time: 5.16
minmax ratio : 1.3125e+08
max_grad_bcs1: 1.232e-04 ,max_grad_bcs2: 1.227e-04 ,max_grad_ics: 1.049e-05 ,max_grad_res: 5.075e-05  
min_grad_bcs1: 9.095e-11 ,min_grad_bcs2: 1.227e-12 ,min_grad_ics: 2.435e-12 ,min_grad_res: 9.386e-13  
update_res: 7.879e-01
update_ics_u_t: 5.000e-01
update_bcs1: 8.654e-01
update_bcs2: 1.847e+00
adaptive_constant_res_val: 3.369e-04
adaptive_constant_ics_val: 3.939e-01
adaptive_constant_bcs1_val: 2.500e-01
adaptive_constant_bcs2_val: 6.605e-01
It: 3900, Loss: 1.136e-04, Loss_res: 2.533e-06,  Loss_bcs1: 5.468e-05,  Loss_bcs2: 4.883e-05,  loss_ics_u: 5.284e-05, Loss_ut_ics: 1.007e-05,, Time: 5.25
It: 3900, Loss: 1.377e-04, Loss_res: 2.533e-06,  Loss_bcs1: 5.929e-05,  Loss_bcs2: 6.999e-05,  loss_ics_u: 5.365e-05, Loss_ut_ics: 8.386e-06,, Time: 5.25
minmax ratio : 1.4807e+11
max_grad_bcs1: 4.303e-05 ,max_grad_bcs2: 9.236e-05 ,max_grad_ics: 2.801e-06 ,max_grad_res: 3.123e-04  
min_grad_bcs1: 6.510e-13 ,min_grad_bcs2: 3.264e-15 ,min_grad_ics: 2.109e-15 ,min_grad_res: 4.368e-12  
update_res: 7.477e-01
update_ics_u_t: 6.946e-01
update_bcs1: 1.240e+00
update_bcs2: 1.318e+00
adaptive_constant_res_val: 3.369e-04
adaptive_constant_ics_val: 3.939e-01
adaptive_constant_bcs1_val: 2.500e-01
adaptive_constant_bcs2_val: 6.605e-01
It: 4000, Loss: 1.375e-04, Loss_res: 4.907e-05,  Loss_bcs1: 8.547e-05,  Loss_bcs2: 2.921e-05,  loss_ics_u: 5.294e-05, Loss_ut_ics: 2.282e-05,, Time: 4.65
It: 4000, Loss: 2.692e-04, Loss_res: 4.907e-05,  Loss_bcs1: 1.592e-04,  Loss_bcs2: 1.017e-04,  loss_ics_u: 5.146e-05, Loss_ut_ics: 8.199e-06,, Time: 4.65
minmax ratio : 4.5107e+09
max_grad_bcs1: 1.539e-04 ,max_grad_bcs2: 1.131e-04 ,max_grad_ics: 6.840e-06 ,max_grad_res: 2.001e-03  
min_grad_bcs1: 6.992e-11 ,min_grad_bcs2: 2.709e-12 ,min_grad_ics: 4.436e-13 ,min_grad_res: 2.338e-11  
update_res: 1.686e+00
update_ics_u_t: 3.359e-01
update_bcs1: 8.669e-01
update_bcs2: 1.111e+00
adaptive_constant_res_val: 3.369e-04
adaptive_constant_ics_val: 3.939e-01
adaptive_constant_bcs1_val: 2.500e-01
adaptive_constant_bcs2_val: 6.605e-01
It: 4100, Loss: 5.880e-05, Loss_res: 2.195e-07,  Loss_bcs1: 4.128e-05,  Loss_bcs2: 9.018e-06,  loss_ics_u: 2.813e-05, Loss_ut_ics: 8.498e-06,, Time: 4.63
It: 4100, Loss: 4.419e-05, Loss_res: 2.195e-07,  Loss_bcs1: 3.301e-05,  Loss_bcs2: 3.371e-06,  loss_ics_u: 2.221e-05, Loss_ut_ics: 7.814e-06,, Time: 4.63
minmax ratio : 4.5567e+09
max_grad_bcs1: 4.678e-05 ,max_grad_bcs2: 4.681e-06 ,max_grad_ics: 3.901e-06 ,max_grad_res: 9.672e-05  
min_grad_bcs1: 4.547e-12 ,min_grad_bcs2: 2.123e-14 ,min_grad_ics: 1.187e-13 ,min_grad_res: 4.768e-12  
update_res: 2.593e+00
update_ics_u_t: 3.693e-01
update_bcs1: 5.039e-01
update_bcs2: 5.336e-01
adaptive_constant_res_val: 3.369e-04
adaptive_constant_ics_val: 3.939e-01
adaptive_constant_bcs1_val: 2.500e-01
adaptive_constant_bcs2_val: 6.605e-01
It: 4200, Loss: 3.231e-02, Loss_res: 6.601e-06,  Loss_bcs1: 1.456e-02,  Loss_bcs2: 1.744e-02,  loss_ics_u: 6.790e-03, Loss_ut_ics: 3.099e-04,, Time: 5.36
It: 4200, Loss: 1.795e-02, Loss_res: 6.601e-06,  Loss_bcs1: 7.387e-03,  Loss_bcs2: 1.041e-02,  loss_ics_u: 3.016e-03, Loss_ut_ics: 1.496e-04,, Time: 5.36
minmax ratio : 5.1987e+08
max_grad_bcs1: 1.060e-03 ,max_grad_bcs2: 1.149e-03 ,max_grad_ics: 9.543e-05 ,max_grad_res: 5.893e-04  
min_grad_bcs1: 5.966e-10 ,min_grad_bcs2: 2.210e-12 ,min_grad_ics: 1.170e-11 ,min_grad_res: 1.273e-11  
update_res: 2.641e-01
update_ics_u_t: 5.067e-01
update_bcs1: 1.536e+00
update_bcs2: 1.693e+00
adaptive_constant_res_val: 3.369e-04
adaptive_constant_ics_val: 3.939e-01
adaptive_constant_bcs1_val: 2.500e-01
adaptive_constant_bcs2_val: 6.605e-01
It: 4300, Loss: 1.133e-04, Loss_res: 1.765e-06,  Loss_bcs1: 8.387e-05,  Loss_bcs2: 1.986e-05,  loss_ics_u: 4.901e-05, Loss_ut_ics: 9.614e-06,, Time: 5.48
It: 4300, Loss: 1.118e-04, Loss_res: 1.765e-06,  Loss_bcs1: 6.516e-05,  Loss_bcs2: 3.917e-05,  loss_ics_u: 2.472e-05, Loss_ut_ics: 7.478e-06,, Time: 5.48
minmax ratio : 4.1279e+08
max_grad_bcs1: 8.152e-05 ,max_grad_bcs2: 6.667e-05 ,max_grad_ics: 6.616e-06 ,max_grad_res: 1.184e-04  
min_grad_bcs1: 6.366e-12 ,min_grad_bcs2: 2.868e-13 ,min_grad_ics: 3.663e-13 ,min_grad_res: 7.381e-13  
update_res: 5.250e-01
update_ics_u_t: 4.751e-01
update_bcs1: 1.072e+00
update_bcs2: 1.927e+00
adaptive_constant_res_val: 3.369e-04
adaptive_constant_ics_val: 3.939e-01
adaptive_constant_bcs1_val: 2.500e-01
adaptive_constant_bcs2_val: 6.605e-01
It: 4400, Loss: 4.070e-05, Loss_res: 2.164e-07,  Loss_bcs1: 2.777e-05,  Loss_bcs2: 5.893e-06,  loss_ics_u: 2.426e-05, Loss_ut_ics: 7.035e-06,, Time: 4.79
It: 4400, Loss: 4.449e-05, Loss_res: 2.164e-07,  Loss_bcs1: 2.808e-05,  Loss_bcs2: 1.938e-06,  loss_ics_u: 2.611e-05, Loss_ut_ics: 1.448e-05,, Time: 4.79
minmax ratio : 2.5934e+09
max_grad_bcs1: 2.481e-05 ,max_grad_bcs2: 4.699e-06 ,max_grad_ics: 2.565e-05 ,max_grad_res: 7.003e-05  
min_grad_bcs1: 1.274e-12 ,min_grad_bcs2: 2.700e-14 ,min_grad_ics: 4.827e-13 ,min_grad_res: 4.378e-13  
update_res: 1.173e+00
update_ics_u_t: 6.335e-01
update_bcs1: 7.858e-01
update_bcs2: 1.408e+00
adaptive_constant_res_val: 3.369e-04
adaptive_constant_ics_val: 3.939e-01
adaptive_constant_bcs1_val: 2.500e-01
adaptive_constant_bcs2_val: 6.605e-01
It: 4500, Loss: 2.571e-05, Loss_res: 8.625e-06,  Loss_bcs1: 1.708e-05,  Loss_bcs2: 3.900e-06,  loss_ics_u: 1.546e-05, Loss_ut_ics: 4.732e-06,, Time: 4.41
It: 4500, Loss: 2.664e-05, Loss_res: 8.625e-06,  Loss_bcs1: 1.899e-05,  Loss_bcs2: 2.877e-06,  loss_ics_u: 1.799e-05, Loss_ut_ics: 4.771e-06,, Time: 4.41
minmax ratio : 9.8246e+09
max_grad_bcs1: 1.090e-05 ,max_grad_bcs2: 1.084e-05 ,max_grad_ics: 3.579e-06 ,max_grad_res: 2.951e-04  
min_grad_bcs1: 3.459e-13 ,min_grad_bcs2: 3.004e-14 ,min_grad_ics: 6.395e-14 ,min_grad_res: 2.315e-12  
update_res: 2.756e+00
update_ics_u_t: 2.614e-01
update_bcs1: 4.084e-01
update_bcs2: 5.739e-01
adaptive_constant_res_val: 3.369e-04
adaptive_constant_ics_val: 3.939e-01
adaptive_constant_bcs1_val: 2.500e-01
adaptive_constant_bcs2_val: 6.605e-01
It: 4600, Loss: 6.384e-04, Loss_res: 2.148e-07,  Loss_bcs1: 5.242e-04,  Loss_bcs2: 6.329e-05,  loss_ics_u: 1.877e-04, Loss_ut_ics: 5.086e-05,, Time: 5.70
It: 4600, Loss: 4.178e-04, Loss_res: 2.148e-07,  Loss_bcs1: 3.408e-04,  Loss_bcs2: 6.849e-05,  loss_ics_u: 6.322e-05, Loss_ut_ics: 8.499e-06,, Time: 5.70
minmax ratio : 9.3275e+08
max_grad_bcs1: 2.349e-04 ,max_grad_bcs2: 9.030e-05 ,max_grad_ics: 1.189e-05 ,max_grad_res: 8.098e-05  
min_grad_bcs1: 1.996e-11 ,min_grad_bcs2: 6.828e-13 ,min_grad_ics: 2.518e-13 ,min_grad_res: 1.023e-12  
update_res: 7.608e-01
update_ics_u_t: 6.069e-01
update_bcs1: 9.423e-01
update_bcs2: 1.690e+00
adaptive_constant_res_val: 3.369e-04
adaptive_constant_ics_val: 3.939e-01
adaptive_constant_bcs1_val: 2.500e-01
adaptive_constant_bcs2_val: 6.605e-01
It: 4700, Loss: 5.553e-05, Loss_res: 2.134e-06,  Loss_bcs1: 2.611e-05,  Loss_bcs2: 1.598e-05,  loss_ics_u: 2.485e-05, Loss_ut_ics: 1.343e-05,, Time: 4.76
It: 4700, Loss: 3.426e-05, Loss_res: 2.134e-06,  Loss_bcs1: 2.309e-05,  Loss_bcs2: 5.635e-06,  loss_ics_u: 2.162e-05, Loss_ut_ics: 5.527e-06,, Time: 4.76
minmax ratio : 3.9343e+09
max_grad_bcs1: 2.187e-05 ,max_grad_bcs2: 2.351e-05 ,max_grad_ics: 8.050e-06 ,max_grad_res: 2.048e-04  
min_grad_bcs1: 1.240e-12 ,min_grad_bcs2: 5.206e-14 ,min_grad_ics: 6.864e-12 ,min_grad_res: 1.194e-12  
update_res: 1.358e+00
update_ics_u_t: 7.045e-01
update_bcs1: 9.143e-01
update_bcs2: 1.023e+00
adaptive_constant_res_val: 3.369e-04
adaptive_constant_ics_val: 3.939e-01
adaptive_constant_bcs1_val: 2.500e-01
adaptive_constant_bcs2_val: 6.605e-01
It: 4800, Loss: 4.091e-04, Loss_res: 1.086e-07,  Loss_bcs1: 3.153e-04,  Loss_bcs2: 8.882e-05,  loss_ics_u: 6.955e-05, Loss_ut_ics: 5.007e-06,, Time: 5.09
It: 4800, Loss: 3.466e-04, Loss_res: 1.086e-07,  Loss_bcs1: 2.766e-04,  Loss_bcs2: 6.299e-05,  loss_ics_u: 5.957e-05, Loss_ut_ics: 7.048e-06,, Time: 5.09
minmax ratio : 1.8278e+09
max_grad_bcs1: 2.078e-04 ,max_grad_bcs2: 8.619e-05 ,max_grad_ics: 1.289e-05 ,max_grad_res: 1.849e-04  
min_grad_bcs1: 6.347e-12 ,min_grad_bcs2: 2.997e-12 ,min_grad_ics: 6.480e-13 ,min_grad_res: 1.137e-13  
update_res: 1.027e+00
update_ics_u_t: 1.044e+00
update_bcs1: 9.229e-01
update_bcs2: 1.006e+00
adaptive_constant_res_val: 3.369e-04
adaptive_constant_ics_val: 3.939e-01
adaptive_constant_bcs1_val: 2.500e-01
adaptive_constant_bcs2_val: 6.605e-01
It: 4900, Loss: 3.884e-03, Loss_res: 7.296e-06,  Loss_bcs1: 2.093e-03,  Loss_bcs2: 1.672e-03,  loss_ics_u: 6.657e-04, Loss_ut_ics: 1.184e-04,, Time: 4.67
It: 4900, Loss: 4.984e-04, Loss_res: 7.296e-06,  Loss_bcs1: 1.922e-04,  Loss_bcs2: 2.469e-04,  loss_ics_u: 1.123e-04, Loss_ut_ics: 5.935e-05,, Time: 4.67
minmax ratio : 1.6644e+09
max_grad_bcs1: 1.420e-04 ,max_grad_bcs2: 1.706e-04 ,max_grad_ics: 3.846e-05 ,max_grad_res: 4.011e-04  
min_grad_bcs1: 3.735e-11 ,min_grad_bcs2: 2.410e-13 ,min_grad_ics: 1.024e-11 ,min_grad_res: 1.137e-12  
update_res: 3.153e-01
update_ics_u_t: 3.104e-01
update_bcs1: 1.318e+00
update_bcs2: 2.056e+00
adaptive_constant_res_val: 3.369e-04
adaptive_constant_ics_val: 3.939e-01
adaptive_constant_bcs1_val: 2.500e-01
adaptive_constant_bcs2_val: 6.605e-01
It: 5000, Loss: 5.900e-05, Loss_res: 4.237e-07,  Loss_bcs1: 5.103e-05,  Loss_bcs2: 2.345e-06,  loss_ics_u: 2.571e-05, Loss_ut_ics: 5.624e-06,, Time: 4.61
It: 5000, Loss: 9.459e-05, Loss_res: 4.237e-07,  Loss_bcs1: 8.749e-05,  Loss_bcs2: 1.340e-06,  loss_ics_u: 3.119e-05, Loss_ut_ics: 5.762e-06,, Time: 4.61
minmax ratio : 3.8948e+09
max_grad_bcs1: 1.126e-04 ,max_grad_bcs2: 3.950e-06 ,max_grad_ics: 1.356e-06 ,max_grad_res: 8.499e-05  
min_grad_bcs1: 7.786e-11 ,min_grad_bcs2: 2.892e-14 ,min_grad_ics: 3.212e-14 ,min_grad_res: 3.532e-13  
update_res: 5.927e-01
update_ics_u_t: 3.846e-01
update_bcs1: 1.161e+00
update_bcs2: 1.862e+00
adaptive_constant_res_val: 3.369e-04
adaptive_constant_ics_val: 3.939e-01
adaptive_constant_bcs1_val: 2.500e-01
adaptive_constant_bcs2_val: 6.605e-01
It: 5100, Loss: 3.776e-04, Loss_res: 3.251e-07,  Loss_bcs1: 2.086e-04,  Loss_bcs2: 1.568e-04,  loss_ics_u: 9.813e-05, Loss_ut_ics: 1.213e-05,, Time: 6.19
It: 5100, Loss: 3.785e-04, Loss_res: 3.251e-07,  Loss_bcs1: 1.262e-04,  Loss_bcs2: 2.476e-04,  loss_ics_u: 8.108e-05, Loss_ut_ics: 4.721e-06,, Time: 6.19
minmax ratio : 5.4334e+08
max_grad_bcs1: 1.134e-04 ,max_grad_bcs2: 1.696e-04 ,max_grad_ics: 8.911e-06 ,max_grad_res: 1.260e-04  
min_grad_bcs1: 1.057e-11 ,min_grad_bcs2: 9.513e-13 ,min_grad_ics: 3.122e-13 ,min_grad_res: 1.857e-12  
update_res: 1.838e+00
update_ics_u_t: 4.950e-01
update_bcs1: 6.654e-01
update_bcs2: 1.001e+00
adaptive_constant_res_val: 3.369e-04
adaptive_constant_ics_val: 3.939e-01
adaptive_constant_bcs1_val: 2.500e-01
adaptive_constant_bcs2_val: 6.605e-01
It: 5200, Loss: 1.563e-03, Loss_res: 9.760e-08,  Loss_bcs1: 8.608e-04,  Loss_bcs2: 6.143e-04,  loss_ics_u: 2.583e-04, Loss_ut_ics: 8.771e-05,, Time: 6.33
It: 5200, Loss: 1.350e-03, Loss_res: 9.760e-08,  Loss_bcs1: 7.921e-04,  Loss_bcs2: 5.502e-04,  loss_ics_u: 2.234e-04, Loss_ut_ics: 7.720e-06,, Time: 6.33
minmax ratio : 1.5014e+09
max_grad_bcs1: 3.600e-04 ,max_grad_bcs2: 2.526e-04 ,max_grad_ics: 1.250e-05 ,max_grad_res: 1.702e-05  
min_grad_bcs1: 7.094e-11 ,min_grad_bcs2: 1.589e-12 ,min_grad_ics: 8.518e-13 ,min_grad_res: 2.398e-13  
update_res: 8.780e-01
update_ics_u_t: 1.027e+00
update_bcs1: 9.279e-01
update_bcs2: 1.167e+00
adaptive_constant_res_val: 3.369e-04
adaptive_constant_ics_val: 3.939e-01
adaptive_constant_bcs1_val: 2.500e-01
adaptive_constant_bcs2_val: 6.605e-01
It: 5300, Loss: 5.955e-03, Loss_res: 9.570e-08,  Loss_bcs1: 5.340e-03,  Loss_bcs2: 5.852e-04,  loss_ics_u: 1.082e-03, Loss_ut_ics: 2.983e-05,, Time: 4.75
It: 5300, Loss: 4.012e-03, Loss_res: 9.570e-08,  Loss_bcs1: 3.145e-03,  Loss_bcs2: 8.531e-04,  loss_ics_u: 6.106e-04, Loss_ut_ics: 1.360e-05,, Time: 4.75
minmax ratio : 6.8739e+08
max_grad_bcs1: 7.099e-04 ,max_grad_bcs2: 3.131e-04 ,max_grad_ics: 2.321e-05 ,max_grad_res: 2.144e-05  
min_grad_bcs1: 1.099e-10 ,min_grad_bcs2: 4.981e-12 ,min_grad_ics: 2.757e-12 ,min_grad_res: 1.033e-12  
update_res: 5.127e-01
update_ics_u_t: 7.674e-01
update_bcs1: 1.528e+00
update_bcs2: 1.192e+00
adaptive_constant_res_val: 3.369e-04
adaptive_constant_ics_val: 3.939e-01
adaptive_constant_bcs1_val: 2.500e-01
adaptive_constant_bcs2_val: 6.605e-01
It: 5400, Loss: 6.354e-03, Loss_res: 3.583e-08,  Loss_bcs1: 5.312e-03,  Loss_bcs2: 9.296e-04,  loss_ics_u: 1.616e-03, Loss_ut_ics: 1.129e-04,, Time: 4.57
It: 5400, Loss: 7.309e-03, Loss_res: 3.583e-08,  Loss_bcs1: 5.905e-03,  Loss_bcs2: 1.338e-03,  loss_ics_u: 1.618e-03, Loss_ut_ics: 6.563e-05,, Time: 4.57
minmax ratio : 3.7298e+09
max_grad_bcs1: 1.012e-03 ,max_grad_bcs2: 3.905e-04 ,max_grad_ics: 6.255e-05 ,max_grad_res: 1.502e-05  
min_grad_bcs1: 1.521e-10 ,min_grad_bcs2: 1.891e-11 ,min_grad_ics: 4.994e-13 ,min_grad_res: 2.714e-13  
update_res: 2.803e-01
update_ics_u_t: 6.594e-01
update_bcs1: 1.695e+00
update_bcs2: 1.365e+00
adaptive_constant_res_val: 3.369e-04
adaptive_constant_ics_val: 3.939e-01
adaptive_constant_bcs1_val: 2.500e-01
adaptive_constant_bcs2_val: 6.605e-01
It: 5500, Loss: 4.839e-05, Loss_res: 3.330e-08,  Loss_bcs1: 4.062e-05,  Loss_bcs2: 1.308e-06,  loss_ics_u: 2.457e-05, Loss_ut_ics: 6.463e-06,, Time: 4.54
It: 5500, Loss: 2.519e-05, Loss_res: 3.330e-08,  Loss_bcs1: 1.568e-05,  Loss_bcs2: 9.615e-07,  loss_ics_u: 1.474e-05, Loss_ut_ics: 8.554e-06,, Time: 4.54
minmax ratio : 3.4786e+09
max_grad_bcs1: 1.643e-05 ,max_grad_bcs2: 5.301e-06 ,max_grad_ics: 1.699e-05 ,max_grad_res: 9.048e-06  
min_grad_bcs1: 7.619e-15 ,min_grad_bcs2: 6.275e-15 ,min_grad_ics: 3.570e-14 ,min_grad_res: 4.885e-15  
update_res: 2.742e-01
update_ics_u_t: 6.718e-01
update_bcs1: 1.394e+00
update_bcs2: 1.660e+00
adaptive_constant_res_val: 3.369e-04
adaptive_constant_ics_val: 3.939e-01
adaptive_constant_bcs1_val: 2.500e-01
adaptive_constant_bcs2_val: 6.605e-01
It: 5600, Loss: 1.121e-04, Loss_res: 2.985e-08,  Loss_bcs1: 9.422e-05,  Loss_bcs2: 5.416e-06,  loss_ics_u: 2.813e-05, Loss_ut_ics: 1.244e-05,, Time: 4.56
It: 5600, Loss: 1.401e-04, Loss_res: 2.985e-08,  Loss_bcs1: 3.647e-05,  Loss_bcs2: 9.120e-05,  loss_ics_u: 3.089e-05, Loss_ut_ics: 1.243e-05,, Time: 4.56
minmax ratio : 8.8830e+08
max_grad_bcs1: 4.217e-05 ,max_grad_bcs2: 1.004e-04 ,max_grad_ics: 1.427e-05 ,max_grad_res: 1.949e-05  
min_grad_bcs1: 3.183e-12 ,min_grad_bcs2: 4.660e-13 ,min_grad_ics: 4.129e-12 ,min_grad_res: 1.130e-13  
update_res: 5.626e-01
update_ics_u_t: 9.931e-01
update_bcs1: 1.067e+00
update_bcs2: 1.378e+00
adaptive_constant_res_val: 3.369e-04
adaptive_constant_ics_val: 3.939e-01
adaptive_constant_bcs1_val: 2.500e-01
adaptive_constant_bcs2_val: 6.605e-01
It: 5700, Loss: 8.529e-04, Loss_res: 6.459e-08,  Loss_bcs1: 3.147e-04,  Loss_bcs2: 5.178e-04,  loss_ics_u: 2.289e-04, Loss_ut_ics: 2.040e-05,, Time: 4.46
It: 5700, Loss: 7.056e-04, Loss_res: 6.459e-08,  Loss_bcs1: 4.984e-04,  Loss_bcs2: 1.726e-04,  loss_ics_u: 1.427e-04, Loss_ut_ics: 3.464e-05,, Time: 4.46
minmax ratio : 1.4819e+08
max_grad_bcs1: 2.917e-04 ,max_grad_bcs2: 1.384e-04 ,max_grad_ics: 3.028e-05 ,max_grad_res: 3.475e-05  
min_grad_bcs1: 1.702e-10 ,min_grad_bcs2: 4.836e-12 ,min_grad_ics: 2.058e-12 ,min_grad_res: 1.968e-12  
update_res: 5.239e-01
update_ics_u_t: 1.178e+00
update_bcs1: 1.073e+00
update_bcs2: 1.225e+00
adaptive_constant_res_val: 3.369e-04
adaptive_constant_ics_val: 3.939e-01
adaptive_constant_bcs1_val: 2.500e-01
adaptive_constant_bcs2_val: 6.605e-01
It: 5800, Loss: 1.276e-03, Loss_res: 2.806e-08,  Loss_bcs1: 1.074e-03,  Loss_bcs2: 1.751e-04,  loss_ics_u: 3.235e-04, Loss_ut_ics: 2.710e-05,, Time: 4.56
It: 5800, Loss: 1.787e-03, Loss_res: 2.806e-08,  Loss_bcs1: 1.499e-03,  Loss_bcs2: 2.393e-04,  loss_ics_u: 4.676e-04, Loss_ut_ics: 4.881e-05,, Time: 4.56
minmax ratio : 7.2109e+09
max_grad_bcs1: 4.996e-04 ,max_grad_bcs2: 1.625e-04 ,max_grad_ics: 5.621e-05 ,max_grad_res: 1.213e-05  
min_grad_bcs1: 9.521e-12 ,min_grad_bcs2: 1.552e-12 ,min_grad_ics: 2.594e-12 ,min_grad_res: 6.928e-14  
update_res: 7.250e-01
update_ics_u_t: 9.256e-01
update_bcs1: 1.172e+00
update_bcs2: 1.177e+00
adaptive_constant_res_val: 3.369e-04
adaptive_constant_ics_val: 3.939e-01
adaptive_constant_bcs1_val: 2.500e-01
adaptive_constant_bcs2_val: 6.605e-01
It: 5900, Loss: 1.697e-05, Loss_res: 2.941e-08,  Loss_bcs1: 8.508e-06,  Loss_bcs2: 8.933e-07,  loss_ics_u: 6.724e-06, Loss_ut_ics: 7.572e-06,, Time: 4.58
It: 5900, Loss: 1.376e-05, Loss_res: 2.941e-08,  Loss_bcs1: 7.984e-06,  Loss_bcs2: 2.658e-06,  loss_ics_u: 5.827e-06, Loss_ut_ics: 3.118e-06,, Time: 4.58
minmax ratio : 5.3855e+08
max_grad_bcs1: 1.595e-05 ,max_grad_bcs2: 1.362e-05 ,max_grad_ics: 3.281e-06 ,max_grad_res: 2.772e-05  
min_grad_bcs1: 1.236e-13 ,min_grad_bcs2: 9.166e-14 ,min_grad_ics: 5.147e-14 ,min_grad_res: 1.137e-13  
update_res: 3.222e-01
update_ics_u_t: 7.343e-01
update_bcs1: 1.190e+00
update_bcs2: 1.754e+00
adaptive_constant_res_val: 3.369e-04
adaptive_constant_ics_val: 3.939e-01
adaptive_constant_bcs1_val: 2.500e-01
adaptive_constant_bcs2_val: 6.605e-01
It: 6000, Loss: 1.951e-04, Loss_res: 1.468e-07,  Loss_bcs1: 1.560e-04,  Loss_bcs2: 1.634e-05,  loss_ics_u: 8.433e-05, Loss_ut_ics: 2.273e-05,, Time: 4.52
It: 6000, Loss: 1.599e-04, Loss_res: 1.468e-07,  Loss_bcs1: 1.417e-04,  Loss_bcs2: 2.925e-06,  loss_ics_u: 6.971e-05, Loss_ut_ics: 1.529e-05,, Time: 4.52
minmax ratio : 1.9351e+10
max_grad_bcs1: 1.405e-04 ,max_grad_bcs2: 4.595e-06 ,max_grad_ics: 1.689e-05 ,max_grad_res: 7.506e-05  
min_grad_bcs1: 4.659e-13 ,min_grad_bcs2: 1.324e-14 ,min_grad_ics: 7.262e-15 ,min_grad_res: 5.240e-14  
update_res: 1.256e+00
update_ics_u_t: 6.115e-01
update_bcs1: 1.031e+00
update_bcs2: 1.102e+00
adaptive_constant_res_val: 3.369e-04
adaptive_constant_ics_val: 3.939e-01
adaptive_constant_bcs1_val: 2.500e-01
adaptive_constant_bcs2_val: 6.605e-01
It: 6100, Loss: 1.134e-04, Loss_res: 3.580e-05,  Loss_bcs1: 6.102e-05,  Loss_bcs2: 1.880e-05,  loss_ics_u: 5.638e-05, Loss_ut_ics: 3.361e-05,, Time: 5.06
It: 6100, Loss: 6.707e-05, Loss_res: 3.580e-05,  Loss_bcs1: 2.381e-05,  Loss_bcs2: 2.156e-05,  loss_ics_u: 2.131e-05, Loss_ut_ics: 2.170e-05,, Time: 5.06
minmax ratio : 4.6121e+09
max_grad_bcs1: 2.325e-05 ,max_grad_bcs2: 4.585e-05 ,max_grad_ics: 3.180e-05 ,max_grad_res: 5.133e-04  
min_grad_bcs1: 1.822e-12 ,min_grad_bcs2: 1.113e-13 ,min_grad_ics: 1.233e-12 ,min_grad_res: 6.579e-12  
update_res: 1.157e+00
update_ics_u_t: 4.160e-01
update_bcs1: 1.098e+00
update_bcs2: 1.329e+00
adaptive_constant_res_val: 3.369e-04
adaptive_constant_ics_val: 3.939e-01
adaptive_constant_bcs1_val: 2.500e-01
adaptive_constant_bcs2_val: 6.605e-01
It: 6200, Loss: 6.612e-04, Loss_res: 2.956e-07,  Loss_bcs1: 4.969e-04,  Loss_bcs2: 6.870e-05,  loss_ics_u: 1.844e-04, Loss_ut_ics: 9.563e-05,, Time: 4.52
It: 6200, Loss: 5.665e-04, Loss_res: 2.956e-07,  Loss_bcs1: 4.720e-04,  Loss_bcs2: 6.348e-05,  loss_ics_u: 1.696e-04, Loss_ut_ics: 3.100e-05,, Time: 4.52
minmax ratio : 4.4891e+09
max_grad_bcs1: 2.716e-04 ,max_grad_bcs2: 8.161e-05 ,max_grad_ics: 4.400e-05 ,max_grad_res: 3.956e-05  
min_grad_bcs1: 6.153e-12 ,min_grad_bcs2: 5.513e-12 ,min_grad_ics: 6.051e-14 ,min_grad_res: 3.126e-13  
update_res: 1.182e+00
update_ics_u_t: 8.162e-01
update_bcs1: 9.445e-01
update_bcs2: 1.057e+00
adaptive_constant_res_val: 3.369e-04
adaptive_constant_ics_val: 3.939e-01
adaptive_constant_bcs1_val: 2.500e-01
adaptive_constant_bcs2_val: 6.605e-01
It: 6300, Loss: 7.983e-05, Loss_res: 1.066e-07,  Loss_bcs1: 3.668e-05,  Loss_bcs2: 2.519e-05,  loss_ics_u: 2.305e-05, Loss_ut_ics: 1.797e-05,, Time: 4.55
It: 6300, Loss: 7.975e-05, Loss_res: 1.066e-07,  Loss_bcs1: 4.871e-05,  Loss_bcs2: 2.224e-05,  loss_ics_u: 1.203e-05, Loss_ut_ics: 8.798e-06,, Time: 4.55
minmax ratio : 4.9828e+08
max_grad_bcs1: 7.756e-05 ,max_grad_bcs2: 4.792e-05 ,max_grad_ics: 1.516e-05 ,max_grad_res: 3.755e-05  
min_grad_bcs1: 4.523e-12 ,min_grad_bcs2: 1.556e-13 ,min_grad_ics: 1.943e-13 ,min_grad_res: 5.407e-13  
update_res: 7.291e-01
update_ics_u_t: 8.272e-01
update_bcs1: 1.195e+00
update_bcs2: 1.249e+00
adaptive_constant_res_val: 3.369e-04
adaptive_constant_ics_val: 3.939e-01
adaptive_constant_bcs1_val: 2.500e-01
adaptive_constant_bcs2_val: 6.605e-01
It: 6400, Loss: 8.225e-05, Loss_res: 9.659e-08,  Loss_bcs1: 6.745e-05,  Loss_bcs2: 7.542e-06,  loss_ics_u: 2.056e-05, Loss_ut_ics: 7.260e-06,, Time: 4.55
It: 6400, Loss: 1.303e-04, Loss_res: 9.659e-08,  Loss_bcs1: 7.685e-05,  Loss_bcs2: 2.728e-06,  loss_ics_u: 3.734e-05, Loss_ut_ics: 5.073e-05,, Time: 4.55
minmax ratio : 6.4315e+09
max_grad_bcs1: 9.243e-05 ,max_grad_bcs2: 1.008e-05 ,max_grad_ics: 5.495e-05 ,max_grad_res: 3.337e-05  
min_grad_bcs1: 1.523e-11 ,min_grad_bcs2: 1.437e-14 ,min_grad_ics: 2.479e-12 ,min_grad_res: 2.842e-14  
update_res: 7.443e-01
update_ics_u_t: 5.858e-01
update_bcs1: 9.705e-01
update_bcs2: 1.699e+00
adaptive_constant_res_val: 3.369e-04
adaptive_constant_ics_val: 3.939e-01
adaptive_constant_bcs1_val: 2.500e-01
adaptive_constant_bcs2_val: 6.605e-01
It: 6500, Loss: 5.573e-05, Loss_res: 2.340e-07,  Loss_bcs1: 2.597e-05,  Loss_bcs2: 2.350e-05,  loss_ics_u: 2.270e-05, Loss_ut_ics: 6.269e-06,, Time: 4.59
It: 6500, Loss: 4.816e-05, Loss_res: 2.340e-07,  Loss_bcs1: 3.108e-05,  Loss_bcs2: 9.328e-06,  loss_ics_u: 2.454e-05, Loss_ut_ics: 7.745e-06,, Time: 4.59
minmax ratio : 5.5059e+08
max_grad_bcs1: 4.119e-05 ,max_grad_bcs2: 3.067e-05 ,max_grad_ics: 1.198e-05 ,max_grad_res: 9.306e-05  
min_grad_bcs1: 1.757e-11 ,min_grad_bcs2: 4.290e-13 ,min_grad_ics: 1.690e-13 ,min_grad_res: 1.052e-12  
update_res: 9.885e-01
update_ics_u_t: 7.869e-01
update_bcs1: 9.187e-01
update_bcs2: 1.306e+00
adaptive_constant_res_val: 3.369e-04
adaptive_constant_ics_val: 3.939e-01
adaptive_constant_bcs1_val: 2.500e-01
adaptive_constant_bcs2_val: 6.605e-01
elapsed: 3.52e+02
Relative L2 error_u: 1.57e+00
Relative L2 error_r: inf
Save uv NN parameters successfully in %s ...checkpoints/Dec-25-2023_21-15-31-383584_M2
Final loss total loss: 4.097462e-05
Final loss loss_res: 3.035861e-07
Final loss loss_bc1: 2.308045e-05
Final loss loss_bc2: 9.876904e-06
Final loss loss_ics_us: 8.017262e-06
Final loss loss_ics_u: 1.726670e-05
Final loss loss_ics_u_t: 8.017262e-06
average lambda_bc : 2.5003e-01
average lambda_ic : 3.9388e-01
average lambda_res : 1.0


Method: mini_batch

average of time_list:3.5179e+02
average of error_u_list:1.5745e+00
average of error_r_list:inf
