It: 0, Loss: 8.203e+03, Loss_u: 1.506e+00, Loss_r: 8.201e+03, Time: 3.39
constant_ics_val: 88.495
constant_bcs_val: 37.119
Gradients information stored ...
It: 100, Loss: 3.697e+03, Loss_u: 1.191e+02, Loss_r: 3.578e+03, Time: 0.04
Gradients information stored ...
It: 200, Loss: 1.728e+03, Loss_u: 2.058e+02, Loss_r: 1.522e+03, Time: 0.03
It: 300, Loss: 2.006e+02, Loss_u: 8.600e+01, Loss_r: 1.146e+02, Time: 0.03
It: 400, Loss: 1.065e+02, Loss_u: 3.577e+01, Loss_r: 7.069e+01, Time: 0.03
It: 500, Loss: 5.713e+01, Loss_u: 1.618e+01, Loss_r: 4.095e+01, Time: 0.03
It: 600, Loss: 4.462e+01, Loss_u: 1.109e+01, Loss_r: 3.353e+01, Time: 0.03
It: 700, Loss: 2.319e+01, Loss_u: 8.716e+00, Loss_r: 1.447e+01, Time: 0.03
It: 800, Loss: 5.093e+01, Loss_u: 3.106e+01, Loss_r: 1.987e+01, Time: 0.03
It: 900, Loss: 1.603e+01, Loss_u: 3.202e+00, Loss_r: 1.283e+01, Time: 0.04
It: 1000, Loss: 1.727e+01, Loss_u: 4.148e+00, Loss_r: 1.312e+01, Time: 0.03
Gradients information stored ...
It: 1100, Loss: 1.646e+01, Loss_u: 8.659e+00, Loss_r: 7.804e+00, Time: 0.04
It: 1200, Loss: 9.095e+00, Loss_u: 1.536e+00, Loss_r: 7.559e+00, Time: 0.04
It: 1300, Loss: 9.975e+00, Loss_u: 4.316e+00, Loss_r: 5.659e+00, Time: 0.04
It: 1400, Loss: 4.180e+00, Loss_u: 9.820e-01, Loss_r: 3.198e+00, Time: 0.04
It: 1500, Loss: 8.004e+00, Loss_u: 1.762e+00, Loss_r: 6.242e+00, Time: 0.04
It: 1600, Loss: 6.799e+00, Loss_u: 2.076e+00, Loss_r: 4.723e+00, Time: 0.05
It: 1700, Loss: 9.616e+00, Loss_u: 1.121e+00, Loss_r: 8.495e+00, Time: 0.04
It: 1800, Loss: 9.595e+00, Loss_u: 3.861e+00, Loss_r: 5.734e+00, Time: 0.04
It: 1900, Loss: 1.730e+01, Loss_u: 8.997e+00, Loss_r: 8.305e+00, Time: 0.04
It: 2000, Loss: 8.086e+00, Loss_u: 7.500e-01, Loss_r: 7.336e+00, Time: 0.04
It: 2100, Loss: 9.542e+00, Loss_u: 1.546e+00, Loss_r: 7.996e+00, Time: 0.03
It: 2200, Loss: 5.296e+00, Loss_u: 6.818e-01, Loss_r: 4.614e+00, Time: 0.04
It: 2300, Loss: 3.912e+00, Loss_u: 5.814e-01, Loss_r: 3.331e+00, Time: 0.04
It: 2400, Loss: 6.463e+00, Loss_u: 7.317e-01, Loss_r: 5.731e+00, Time: 0.04
It: 2500, Loss: 3.156e+00, Loss_u: 7.318e-01, Loss_r: 2.424e+00, Time: 0.04
It: 2600, Loss: 7.850e+00, Loss_u: 4.203e+00, Loss_r: 3.647e+00, Time: 0.04
It: 2700, Loss: 5.478e+00, Loss_u: 1.301e+00, Loss_r: 4.177e+00, Time: 0.04
It: 2800, Loss: 1.985e+00, Loss_u: 4.802e-01, Loss_r: 1.504e+00, Time: 0.04
It: 2900, Loss: 3.809e+00, Loss_u: 8.513e-01, Loss_r: 2.957e+00, Time: 0.04
It: 3000, Loss: 2.803e+00, Loss_u: 6.501e-01, Loss_r: 2.153e+00, Time: 0.04
It: 3100, Loss: 5.416e+00, Loss_u: 7.812e-01, Loss_r: 4.634e+00, Time: 0.05
It: 3200, Loss: 3.957e+00, Loss_u: 9.330e-01, Loss_r: 3.024e+00, Time: 0.04
It: 3300, Loss: 7.479e+00, Loss_u: 4.590e+00, Loss_r: 2.889e+00, Time: 0.04
It: 3400, Loss: 1.163e+01, Loss_u: 1.390e+00, Loss_r: 1.024e+01, Time: 0.04
It: 3500, Loss: 3.381e+00, Loss_u: 5.273e-01, Loss_r: 2.854e+00, Time: 0.04
It: 3600, Loss: 2.100e+00, Loss_u: 3.456e-01, Loss_r: 1.754e+00, Time: 0.04
It: 3700, Loss: 2.470e+00, Loss_u: 8.287e-01, Loss_r: 1.641e+00, Time: 0.04
It: 3800, Loss: 2.935e+00, Loss_u: 5.108e-01, Loss_r: 2.424e+00, Time: 0.04
It: 3900, Loss: 5.053e+00, Loss_u: 5.028e-01, Loss_r: 4.551e+00, Time: 0.04
It: 4000, Loss: 2.268e+00, Loss_u: 8.602e-01, Loss_r: 1.408e+00, Time: 0.04
It: 4100, Loss: 5.930e+00, Loss_u: 3.846e+00, Loss_r: 2.084e+00, Time: 0.05
It: 4200, Loss: 2.093e+00, Loss_u: 2.788e-01, Loss_r: 1.814e+00, Time: 0.04
It: 4300, Loss: 2.268e+00, Loss_u: 5.621e-01, Loss_r: 1.706e+00, Time: 0.05
It: 4400, Loss: 1.882e+00, Loss_u: 4.956e-01, Loss_r: 1.387e+00, Time: 0.05
It: 4500, Loss: 2.577e+00, Loss_u: 4.994e-01, Loss_r: 2.078e+00, Time: 0.04
It: 4600, Loss: 2.152e+00, Loss_u: 2.858e-01, Loss_r: 1.867e+00, Time: 0.04
It: 4700, Loss: 3.542e+00, Loss_u: 1.279e+00, Loss_r: 2.264e+00, Time: 0.04
It: 4800, Loss: 1.483e+00, Loss_u: 5.202e-01, Loss_r: 9.629e-01, Time: 0.04
It: 4900, Loss: 3.716e+00, Loss_u: 1.836e+00, Loss_r: 1.880e+00, Time: 0.05
It: 5000, Loss: 1.377e+00, Loss_u: 2.428e-01, Loss_r: 1.134e+00, Time: 0.04
constant_ics_val: 81.862
constant_bcs_val: 83.887
It: 5100, Loss: 1.538e+00, Loss_u: 4.651e-01, Loss_r: 1.073e+00, Time: 0.04
It: 5200, Loss: 2.463e+00, Loss_u: 7.601e-01, Loss_r: 1.703e+00, Time: 0.06
It: 5300, Loss: 6.232e+00, Loss_u: 2.482e-01, Loss_r: 5.983e+00, Time: 0.05
It: 5400, Loss: 1.360e+00, Loss_u: 2.569e-01, Loss_r: 1.103e+00, Time: 0.05
It: 5500, Loss: 1.099e+00, Loss_u: 1.682e-01, Loss_r: 9.311e-01, Time: 0.04
It: 5600, Loss: 1.115e+00, Loss_u: 9.881e-02, Loss_r: 1.017e+00, Time: 0.04
It: 5700, Loss: 2.176e+00, Loss_u: 4.890e-01, Loss_r: 1.687e+00, Time: 0.05
It: 5800, Loss: 1.539e+00, Loss_u: 7.767e-01, Loss_r: 7.621e-01, Time: 0.04
It: 5900, Loss: 4.606e+00, Loss_u: 7.045e-01, Loss_r: 3.902e+00, Time: 0.04
It: 6000, Loss: 5.690e+00, Loss_u: 3.444e+00, Loss_r: 2.246e+00, Time: 0.04
It: 6100, Loss: 9.392e-01, Loss_u: 2.643e-01, Loss_r: 6.749e-01, Time: 0.04
It: 6200, Loss: 1.766e+00, Loss_u: 2.085e-01, Loss_r: 1.557e+00, Time: 0.04
It: 6300, Loss: 1.555e+00, Loss_u: 1.698e-01, Loss_r: 1.386e+00, Time: 0.04
It: 6400, Loss: 6.216e-01, Loss_u: 1.394e-01, Loss_r: 4.822e-01, Time: 0.04
It: 6500, Loss: 1.740e+00, Loss_u: 1.239e-01, Loss_r: 1.617e+00, Time: 0.04
It: 6600, Loss: 1.015e+00, Loss_u: 1.948e-01, Loss_r: 8.203e-01, Time: 0.05
It: 6700, Loss: 3.011e+00, Loss_u: 5.460e-01, Loss_r: 2.465e+00, Time: 0.04
It: 6800, Loss: 1.926e+00, Loss_u: 1.422e-01, Loss_r: 1.784e+00, Time: 0.04
It: 6900, Loss: 1.945e+00, Loss_u: 2.453e-01, Loss_r: 1.700e+00, Time: 0.04
It: 7000, Loss: 1.137e+00, Loss_u: 2.602e-01, Loss_r: 8.772e-01, Time: 0.04
It: 7100, Loss: 7.907e+00, Loss_u: 4.515e+00, Loss_r: 3.393e+00, Time: 0.04
It: 7200, Loss: 2.652e+00, Loss_u: 5.033e-01, Loss_r: 2.148e+00, Time: 0.04
It: 7300, Loss: 1.280e+00, Loss_u: 2.507e-01, Loss_r: 1.030e+00, Time: 0.04
It: 7400, Loss: 2.386e+00, Loss_u: 1.636e+00, Loss_r: 7.500e-01, Time: 0.04
It: 7500, Loss: 6.798e-01, Loss_u: 1.150e-01, Loss_r: 5.648e-01, Time: 0.04
It: 7600, Loss: 1.321e+00, Loss_u: 4.478e-01, Loss_r: 8.729e-01, Time: 0.04
It: 7700, Loss: 4.701e-01, Loss_u: 1.255e-01, Loss_r: 3.446e-01, Time: 0.04
It: 7800, Loss: 1.691e+00, Loss_u: 2.149e-01, Loss_r: 1.476e+00, Time: 0.05
It: 7900, Loss: 2.582e+00, Loss_u: 1.788e+00, Loss_r: 7.941e-01, Time: 0.05
It: 8000, Loss: 6.376e-01, Loss_u: 1.014e-01, Loss_r: 5.362e-01, Time: 0.04
It: 8100, Loss: 1.359e+00, Loss_u: 1.237e-01, Loss_r: 1.236e+00, Time: 0.04
It: 8200, Loss: 1.466e+00, Loss_u: 6.082e-01, Loss_r: 8.573e-01, Time: 0.04
It: 8300, Loss: 9.055e-01, Loss_u: 1.851e-01, Loss_r: 7.204e-01, Time: 0.04
It: 8400, Loss: 1.805e+00, Loss_u: 6.064e-01, Loss_r: 1.198e+00, Time: 0.04
It: 8500, Loss: 1.307e+00, Loss_u: 1.724e-01, Loss_r: 1.134e+00, Time: 0.04
It: 8600, Loss: 1.647e+00, Loss_u: 2.407e-01, Loss_r: 1.407e+00, Time: 0.05
It: 8700, Loss: 4.877e-01, Loss_u: 6.342e-02, Loss_r: 4.243e-01, Time: 0.04
It: 8800, Loss: 7.536e-01, Loss_u: 4.913e-02, Loss_r: 7.045e-01, Time: 0.04
It: 8900, Loss: 5.093e-01, Loss_u: 8.835e-02, Loss_r: 4.209e-01, Time: 0.04
It: 9000, Loss: 6.646e-01, Loss_u: 6.605e-02, Loss_r: 5.986e-01, Time: 0.04
It: 9100, Loss: 4.203e-01, Loss_u: 7.618e-02, Loss_r: 3.441e-01, Time: 0.04
It: 9200, Loss: 1.616e+00, Loss_u: 6.630e-01, Loss_r: 9.526e-01, Time: 0.04
It: 9300, Loss: 3.000e+00, Loss_u: 8.455e-01, Loss_r: 2.155e+00, Time: 0.04
It: 9400, Loss: 1.489e+01, Loss_u: 1.181e+01, Loss_r: 3.082e+00, Time: 0.04
It: 9500, Loss: 2.857e+00, Loss_u: 3.083e-01, Loss_r: 2.549e+00, Time: 0.04
It: 9600, Loss: 9.156e-01, Loss_u: 4.437e-01, Loss_r: 4.719e-01, Time: 0.04
It: 9700, Loss: 4.593e-01, Loss_u: 3.960e-02, Loss_r: 4.197e-01, Time: 0.05
It: 9800, Loss: 8.812e-01, Loss_u: 2.094e-01, Loss_r: 6.718e-01, Time: 0.04
It: 9900, Loss: 4.273e-01, Loss_u: 5.417e-02, Loss_r: 3.732e-01, Time: 0.04
It: 10000, Loss: 7.683e-01, Loss_u: 8.643e-02, Loss_r: 6.818e-01, Time: 0.04
constant_ics_val: 74.909
constant_bcs_val: 126.547
It: 10100, Loss: 1.700e+00, Loss_u: 3.058e-01, Loss_r: 1.394e+00, Time: 0.04
It: 10200, Loss: 4.115e-01, Loss_u: 1.041e-01, Loss_r: 3.074e-01, Time: 0.04
It: 10300, Loss: 7.460e-01, Loss_u: 2.342e-01, Loss_r: 5.119e-01, Time: 0.04
It: 10400, Loss: 4.104e-01, Loss_u: 1.113e-01, Loss_r: 2.992e-01, Time: 0.04
It: 10500, Loss: 5.949e-01, Loss_u: 2.027e-01, Loss_r: 3.921e-01, Time: 0.04
It: 10600, Loss: 4.375e-01, Loss_u: 1.353e-01, Loss_r: 3.022e-01, Time: 0.04
It: 10700, Loss: 3.144e-01, Loss_u: 5.161e-02, Loss_r: 2.628e-01, Time: 0.04
It: 10800, Loss: 6.436e-01, Loss_u: 8.986e-02, Loss_r: 5.538e-01, Time: 0.04
It: 10900, Loss: 3.780e-01, Loss_u: 5.069e-02, Loss_r: 3.273e-01, Time: 0.04
It: 11000, Loss: 4.180e-01, Loss_u: 6.460e-02, Loss_r: 3.534e-01, Time: 0.04
It: 11100, Loss: 3.213e-01, Loss_u: 5.176e-02, Loss_r: 2.695e-01, Time: 0.04
It: 11200, Loss: 1.578e+00, Loss_u: 4.203e-01, Loss_r: 1.158e+00, Time: 0.04
It: 11300, Loss: 3.944e-01, Loss_u: 5.321e-02, Loss_r: 3.412e-01, Time: 0.04
It: 11400, Loss: 5.263e-01, Loss_u: 6.045e-02, Loss_r: 4.659e-01, Time: 0.04
It: 11500, Loss: 6.203e-01, Loss_u: 2.355e-01, Loss_r: 3.847e-01, Time: 0.05
It: 11600, Loss: 7.530e-01, Loss_u: 1.040e-01, Loss_r: 6.491e-01, Time: 0.04
It: 11700, Loss: 3.993e+00, Loss_u: 2.872e+00, Loss_r: 1.121e+00, Time: 0.04
It: 11800, Loss: 1.658e+00, Loss_u: 3.987e-01, Loss_r: 1.260e+00, Time: 0.04
It: 11900, Loss: 1.743e+00, Loss_u: 9.687e-02, Loss_r: 1.646e+00, Time: 0.04
It: 12000, Loss: 1.184e+00, Loss_u: 6.939e-01, Loss_r: 4.905e-01, Time: 0.04
It: 12100, Loss: 5.167e-01, Loss_u: 6.789e-02, Loss_r: 4.488e-01, Time: 0.04
It: 12200, Loss: 2.985e-01, Loss_u: 4.131e-02, Loss_r: 2.572e-01, Time: 0.04
It: 12300, Loss: 3.867e-01, Loss_u: 5.282e-02, Loss_r: 3.339e-01, Time: 0.04
It: 12400, Loss: 3.553e-01, Loss_u: 5.811e-02, Loss_r: 2.972e-01, Time: 0.04
It: 12500, Loss: 2.443e-01, Loss_u: 5.768e-02, Loss_r: 1.866e-01, Time: 0.04
It: 12600, Loss: 1.667e+00, Loss_u: 5.961e-02, Loss_r: 1.608e+00, Time: 0.04
It: 12700, Loss: 5.778e-01, Loss_u: 5.571e-02, Loss_r: 5.221e-01, Time: 0.04
It: 12800, Loss: 8.277e-01, Loss_u: 2.005e-01, Loss_r: 6.272e-01, Time: 0.04
It: 12900, Loss: 4.175e-01, Loss_u: 7.625e-02, Loss_r: 3.412e-01, Time: 0.04
It: 13000, Loss: 1.285e+00, Loss_u: 5.675e-01, Loss_r: 7.178e-01, Time: 0.04
It: 13100, Loss: 6.538e-01, Loss_u: 5.858e-02, Loss_r: 5.952e-01, Time: 0.04
It: 13200, Loss: 3.292e-01, Loss_u: 1.080e-01, Loss_r: 2.212e-01, Time: 0.04
It: 13300, Loss: 1.131e+00, Loss_u: 6.754e-02, Loss_r: 1.064e+00, Time: 0.05
It: 13400, Loss: 3.032e-01, Loss_u: 1.393e-01, Loss_r: 1.639e-01, Time: 0.04
It: 13500, Loss: 8.676e-01, Loss_u: 3.649e-01, Loss_r: 5.027e-01, Time: 0.05
It: 13600, Loss: 3.210e-01, Loss_u: 4.550e-02, Loss_r: 2.755e-01, Time: 0.04
It: 13700, Loss: 3.245e-01, Loss_u: 9.968e-02, Loss_r: 2.248e-01, Time: 0.04
It: 13800, Loss: 1.116e+00, Loss_u: 3.948e-01, Loss_r: 7.217e-01, Time: 0.04
It: 13900, Loss: 5.800e-01, Loss_u: 1.846e-01, Loss_r: 3.955e-01, Time: 0.04
It: 14000, Loss: 8.189e-01, Loss_u: 1.707e-01, Loss_r: 6.482e-01, Time: 0.04
It: 14100, Loss: 1.930e-01, Loss_u: 3.253e-02, Loss_r: 1.605e-01, Time: 0.04
It: 14200, Loss: 2.401e-01, Loss_u: 6.643e-02, Loss_r: 1.737e-01, Time: 0.04
It: 14300, Loss: 7.890e-01, Loss_u: 1.070e-01, Loss_r: 6.820e-01, Time: 0.04
It: 14400, Loss: 6.455e-01, Loss_u: 4.126e-02, Loss_r: 6.043e-01, Time: 0.04
It: 14500, Loss: 3.342e-01, Loss_u: 9.679e-02, Loss_r: 2.374e-01, Time: 0.05
It: 14600, Loss: 7.668e-01, Loss_u: 4.470e-02, Loss_r: 7.221e-01, Time: 0.05
It: 14700, Loss: 3.042e-01, Loss_u: 3.803e-02, Loss_r: 2.662e-01, Time: 0.04
It: 14800, Loss: 3.261e-01, Loss_u: 9.660e-02, Loss_r: 2.295e-01, Time: 0.04
It: 14900, Loss: 7.658e-01, Loss_u: 2.911e-01, Loss_r: 4.747e-01, Time: 0.03
It: 15000, Loss: 3.920e-01, Loss_u: 1.397e-01, Loss_r: 2.522e-01, Time: 0.05
constant_ics_val: 68.125
constant_bcs_val: 148.958
It: 15100, Loss: 3.108e-01, Loss_u: 4.242e-02, Loss_r: 2.684e-01, Time: 0.05
It: 15200, Loss: 2.717e-01, Loss_u: 3.256e-02, Loss_r: 2.392e-01, Time: 0.04
It: 15300, Loss: 3.123e-01, Loss_u: 1.308e-01, Loss_r: 1.815e-01, Time: 0.04
It: 15400, Loss: 3.602e-01, Loss_u: 1.317e-01, Loss_r: 2.285e-01, Time: 0.04
It: 15500, Loss: 1.903e-01, Loss_u: 4.710e-02, Loss_r: 1.432e-01, Time: 0.05
It: 15600, Loss: 5.058e-01, Loss_u: 6.836e-02, Loss_r: 4.374e-01, Time: 0.04
It: 15700, Loss: 3.053e-01, Loss_u: 3.860e-02, Loss_r: 2.667e-01, Time: 0.04
It: 15800, Loss: 6.312e-01, Loss_u: 8.175e-02, Loss_r: 5.495e-01, Time: 0.04
It: 15900, Loss: 1.438e+00, Loss_u: 4.707e-01, Loss_r: 9.670e-01, Time: 0.04
It: 16000, Loss: 4.235e-01, Loss_u: 4.179e-02, Loss_r: 3.817e-01, Time: 0.04
It: 16100, Loss: 4.415e-01, Loss_u: 2.504e-01, Loss_r: 1.912e-01, Time: 0.05
It: 16200, Loss: 2.164e-01, Loss_u: 6.293e-02, Loss_r: 1.534e-01, Time: 0.02
It: 16300, Loss: 1.035e+00, Loss_u: 6.134e-01, Loss_r: 4.218e-01, Time: 0.04
It: 16400, Loss: 3.758e-01, Loss_u: 5.854e-02, Loss_r: 3.173e-01, Time: 0.04
It: 16500, Loss: 2.947e-01, Loss_u: 6.859e-02, Loss_r: 2.261e-01, Time: 0.04
It: 16600, Loss: 2.240e-01, Loss_u: 5.808e-02, Loss_r: 1.659e-01, Time: 0.04
It: 16700, Loss: 4.832e-01, Loss_u: 4.364e-02, Loss_r: 4.395e-01, Time: 0.04
It: 16800, Loss: 4.583e-01, Loss_u: 4.940e-02, Loss_r: 4.089e-01, Time: 0.04
It: 16900, Loss: 6.519e-01, Loss_u: 9.434e-02, Loss_r: 5.576e-01, Time: 0.08
It: 17000, Loss: 1.766e-01, Loss_u: 4.556e-02, Loss_r: 1.311e-01, Time: 0.04
It: 17100, Loss: 9.492e-01, Loss_u: 2.465e-01, Loss_r: 7.027e-01, Time: 0.05
It: 17200, Loss: 3.868e-01, Loss_u: 1.479e-01, Loss_r: 2.389e-01, Time: 0.04
It: 17300, Loss: 5.109e-01, Loss_u: 3.505e-01, Loss_r: 1.603e-01, Time: 0.04
It: 17400, Loss: 2.000e-01, Loss_u: 6.041e-02, Loss_r: 1.396e-01, Time: 0.04
It: 17500, Loss: 6.823e-01, Loss_u: 5.571e-02, Loss_r: 6.266e-01, Time: 0.05
It: 17600, Loss: 7.513e-01, Loss_u: 4.544e-01, Loss_r: 2.969e-01, Time: 0.04
It: 17700, Loss: 4.440e-01, Loss_u: 2.521e-01, Loss_r: 1.919e-01, Time: 0.05
It: 17800, Loss: 3.043e-01, Loss_u: 4.941e-02, Loss_r: 2.549e-01, Time: 0.05
It: 17900, Loss: 3.175e-01, Loss_u: 4.318e-02, Loss_r: 2.743e-01, Time: 0.04
It: 18000, Loss: 1.651e-01, Loss_u: 3.886e-02, Loss_r: 1.263e-01, Time: 0.05
It: 18100, Loss: 3.702e-01, Loss_u: 6.471e-02, Loss_r: 3.055e-01, Time: 0.04
It: 18200, Loss: 1.107e+00, Loss_u: 5.483e-01, Loss_r: 5.583e-01, Time: 0.04
It: 18300, Loss: 1.644e-01, Loss_u: 2.764e-02, Loss_r: 1.367e-01, Time: 0.04
It: 18400, Loss: 1.830e-01, Loss_u: 2.860e-02, Loss_r: 1.544e-01, Time: 0.04
It: 18500, Loss: 1.721e-01, Loss_u: 5.068e-02, Loss_r: 1.215e-01, Time: 0.04
It: 18600, Loss: 1.500e-01, Loss_u: 2.418e-02, Loss_r: 1.259e-01, Time: 0.04
It: 18700, Loss: 3.128e-01, Loss_u: 3.974e-02, Loss_r: 2.731e-01, Time: 0.04
It: 18800, Loss: 4.624e-01, Loss_u: 5.145e-02, Loss_r: 4.109e-01, Time: 0.05
It: 18900, Loss: 1.482e-01, Loss_u: 3.798e-02, Loss_r: 1.102e-01, Time: 0.04
It: 19000, Loss: 3.166e-01, Loss_u: 1.128e-01, Loss_r: 2.038e-01, Time: 0.05
It: 19100, Loss: 1.732e-01, Loss_u: 3.530e-02, Loss_r: 1.379e-01, Time: 0.04
It: 19200, Loss: 3.145e-01, Loss_u: 1.033e-01, Loss_r: 2.113e-01, Time: 0.04
It: 19300, Loss: 1.498e-01, Loss_u: 2.774e-02, Loss_r: 1.221e-01, Time: 0.04
It: 19400, Loss: 3.403e-01, Loss_u: 1.390e-01, Loss_r: 2.014e-01, Time: 0.05
It: 19500, Loss: 1.471e-01, Loss_u: 2.660e-02, Loss_r: 1.205e-01, Time: 0.04
It: 19600, Loss: 2.300e-01, Loss_u: 9.808e-02, Loss_r: 1.319e-01, Time: 0.04
It: 19700, Loss: 2.218e-01, Loss_u: 4.102e-02, Loss_r: 1.808e-01, Time: 0.04
It: 19800, Loss: 2.401e-01, Loss_u: 1.385e-01, Loss_r: 1.016e-01, Time: 0.04
It: 19900, Loss: 1.625e-01, Loss_u: 3.493e-02, Loss_r: 1.276e-01, Time: 0.04
It: 20000, Loss: 2.205e-01, Loss_u: 2.997e-02, Loss_r: 1.906e-01, Time: 0.04
constant_ics_val: 61.902
constant_bcs_val: 143.168
It: 20100, Loss: 2.217e-01, Loss_u: 2.739e-02, Loss_r: 1.943e-01, Time: 0.04
It: 20200, Loss: 9.980e-02, Loss_u: 2.354e-02, Loss_r: 7.626e-02, Time: 0.04
It: 20300, Loss: 2.029e-01, Loss_u: 3.217e-02, Loss_r: 1.707e-01, Time: 0.04
It: 20400, Loss: 3.385e-01, Loss_u: 5.838e-02, Loss_r: 2.801e-01, Time: 0.04
It: 20500, Loss: 2.055e-01, Loss_u: 1.985e-02, Loss_r: 1.856e-01, Time: 0.04
It: 20600, Loss: 1.672e-01, Loss_u: 4.208e-02, Loss_r: 1.251e-01, Time: 0.05
It: 20700, Loss: 1.608e-01, Loss_u: 3.302e-02, Loss_r: 1.278e-01, Time: 0.04
It: 20800, Loss: 2.685e-01, Loss_u: 2.616e-02, Loss_r: 2.423e-01, Time: 0.04
It: 20900, Loss: 2.756e-01, Loss_u: 6.445e-02, Loss_r: 2.112e-01, Time: 0.05
It: 21000, Loss: 3.031e-01, Loss_u: 3.092e-02, Loss_r: 2.722e-01, Time: 0.07
It: 21100, Loss: 2.622e-01, Loss_u: 3.190e-02, Loss_r: 2.303e-01, Time: 0.05
It: 21200, Loss: 2.195e-01, Loss_u: 3.100e-02, Loss_r: 1.885e-01, Time: 0.05
It: 21300, Loss: 1.698e-01, Loss_u: 3.724e-02, Loss_r: 1.326e-01, Time: 0.04
It: 21400, Loss: 1.920e-01, Loss_u: 6.874e-02, Loss_r: 1.233e-01, Time: 0.05
It: 21500, Loss: 3.650e-01, Loss_u: 1.965e-01, Loss_r: 1.685e-01, Time: 0.08
It: 21600, Loss: 6.395e-01, Loss_u: 1.104e-01, Loss_r: 5.291e-01, Time: 0.04
It: 21700, Loss: 2.011e-01, Loss_u: 5.087e-02, Loss_r: 1.502e-01, Time: 0.04
It: 21800, Loss: 1.470e-01, Loss_u: 3.532e-02, Loss_r: 1.117e-01, Time: 0.08
It: 21900, Loss: 2.265e-01, Loss_u: 2.846e-02, Loss_r: 1.981e-01, Time: 0.05
It: 22000, Loss: 1.932e-01, Loss_u: 3.329e-02, Loss_r: 1.599e-01, Time: 0.05
It: 22100, Loss: 1.932e-01, Loss_u: 4.698e-02, Loss_r: 1.462e-01, Time: 0.07
It: 22200, Loss: 1.327e-01, Loss_u: 3.158e-02, Loss_r: 1.011e-01, Time: 0.04
It: 22300, Loss: 1.308e-01, Loss_u: 6.184e-02, Loss_r: 6.898e-02, Time: 0.05
It: 22400, Loss: 1.108e-01, Loss_u: 2.604e-02, Loss_r: 8.477e-02, Time: 0.05
It: 22500, Loss: 1.866e-01, Loss_u: 3.843e-02, Loss_r: 1.482e-01, Time: 0.05
It: 22600, Loss: 2.712e-01, Loss_u: 6.914e-02, Loss_r: 2.020e-01, Time: 0.05
It: 22700, Loss: 1.872e-01, Loss_u: 2.032e-02, Loss_r: 1.669e-01, Time: 0.04
It: 22800, Loss: 1.167e-01, Loss_u: 2.391e-02, Loss_r: 9.278e-02, Time: 0.04
It: 22900, Loss: 1.619e-01, Loss_u: 2.982e-02, Loss_r: 1.321e-01, Time: 0.05
It: 23000, Loss: 1.132e-01, Loss_u: 2.784e-02, Loss_r: 8.535e-02, Time: 0.05
It: 23100, Loss: 1.455e-01, Loss_u: 2.741e-02, Loss_r: 1.181e-01, Time: 0.06
It: 23200, Loss: 1.079e-01, Loss_u: 2.540e-02, Loss_r: 8.254e-02, Time: 0.05
It: 23300, Loss: 1.143e-01, Loss_u: 2.770e-02, Loss_r: 8.662e-02, Time: 0.05
It: 23400, Loss: 1.825e-01, Loss_u: 9.089e-02, Loss_r: 9.158e-02, Time: 0.05
It: 23500, Loss: 2.946e-01, Loss_u: 3.841e-02, Loss_r: 2.562e-01, Time: 0.04
It: 23600, Loss: 2.539e-01, Loss_u: 2.683e-02, Loss_r: 2.271e-01, Time: 0.04
It: 23700, Loss: 9.165e-02, Loss_u: 2.137e-02, Loss_r: 7.028e-02, Time: 0.05
It: 23800, Loss: 2.285e-01, Loss_u: 2.828e-02, Loss_r: 2.002e-01, Time: 0.04
It: 23900, Loss: 1.400e-01, Loss_u: 2.733e-02, Loss_r: 1.126e-01, Time: 0.05
It: 24000, Loss: 4.585e-01, Loss_u: 2.536e-02, Loss_r: 4.331e-01, Time: 0.05
It: 24100, Loss: 1.217e-01, Loss_u: 1.732e-02, Loss_r: 1.044e-01, Time: 0.05
It: 24200, Loss: 1.464e-01, Loss_u: 1.977e-02, Loss_r: 1.267e-01, Time: 0.04
It: 24300, Loss: 1.098e-01, Loss_u: 2.596e-02, Loss_r: 8.383e-02, Time: 0.04
It: 24400, Loss: 1.176e-01, Loss_u: 3.788e-02, Loss_r: 7.974e-02, Time: 0.05
It: 24500, Loss: 9.546e-02, Loss_u: 2.565e-02, Loss_r: 6.981e-02, Time: 0.04
It: 24600, Loss: 1.396e-01, Loss_u: 4.060e-02, Loss_r: 9.901e-02, Time: 0.05
It: 24700, Loss: 1.381e-01, Loss_u: 2.927e-02, Loss_r: 1.088e-01, Time: 0.04
It: 24800, Loss: 1.647e-01, Loss_u: 4.360e-02, Loss_r: 1.211e-01, Time: 0.04
It: 24900, Loss: 1.469e-01, Loss_u: 2.080e-02, Loss_r: 1.261e-01, Time: 0.04
It: 25000, Loss: 8.896e-02, Loss_u: 2.566e-02, Loss_r: 6.329e-02, Time: 0.04
constant_ics_val: 56.728
constant_bcs_val: 140.350
It: 25100, Loss: 1.992e-01, Loss_u: 2.300e-02, Loss_r: 1.762e-01, Time: 0.04
It: 25200, Loss: 1.452e-01, Loss_u: 3.227e-02, Loss_r: 1.129e-01, Time: 0.04
It: 25300, Loss: 1.537e-01, Loss_u: 8.190e-02, Loss_r: 7.181e-02, Time: 0.09
It: 25400, Loss: 1.216e-01, Loss_u: 2.377e-02, Loss_r: 9.783e-02, Time: 0.05
It: 25500, Loss: 1.925e-01, Loss_u: 2.236e-02, Loss_r: 1.702e-01, Time: 0.05
It: 25600, Loss: 2.006e-01, Loss_u: 1.157e-01, Loss_r: 8.483e-02, Time: 0.04
It: 25700, Loss: 1.240e-01, Loss_u: 2.796e-02, Loss_r: 9.607e-02, Time: 0.04
It: 25800, Loss: 1.455e-01, Loss_u: 1.815e-02, Loss_r: 1.273e-01, Time: 0.05
It: 25900, Loss: 1.551e-01, Loss_u: 2.567e-02, Loss_r: 1.295e-01, Time: 0.05
It: 26000, Loss: 1.313e-01, Loss_u: 2.846e-02, Loss_r: 1.029e-01, Time: 0.05
It: 26100, Loss: 1.715e-01, Loss_u: 2.719e-02, Loss_r: 1.443e-01, Time: 0.04
It: 26200, Loss: 3.567e-01, Loss_u: 4.508e-02, Loss_r: 3.116e-01, Time: 0.05
It: 26300, Loss: 2.040e-01, Loss_u: 3.368e-02, Loss_r: 1.703e-01, Time: 0.06
It: 26400, Loss: 1.335e-01, Loss_u: 2.251e-02, Loss_r: 1.110e-01, Time: 0.06
It: 26500, Loss: 2.144e-01, Loss_u: 2.702e-02, Loss_r: 1.873e-01, Time: 0.06
It: 26600, Loss: 3.280e-01, Loss_u: 2.511e-02, Loss_r: 3.029e-01, Time: 0.05
It: 26700, Loss: 8.985e-02, Loss_u: 2.566e-02, Loss_r: 6.419e-02, Time: 0.06
It: 26800, Loss: 1.131e-01, Loss_u: 4.236e-02, Loss_r: 7.075e-02, Time: 0.05
It: 26900, Loss: 1.013e-01, Loss_u: 2.628e-02, Loss_r: 7.501e-02, Time: 0.05
It: 27000, Loss: 1.187e-01, Loss_u: 2.605e-02, Loss_r: 9.262e-02, Time: 0.07
It: 27100, Loss: 1.124e-01, Loss_u: 2.958e-02, Loss_r: 8.278e-02, Time: 0.05
It: 27200, Loss: 1.449e-01, Loss_u: 5.046e-02, Loss_r: 9.443e-02, Time: 0.05
It: 27300, Loss: 8.222e-02, Loss_u: 2.767e-02, Loss_r: 5.455e-02, Time: 0.05
It: 27400, Loss: 1.339e-01, Loss_u: 2.080e-02, Loss_r: 1.131e-01, Time: 0.05
It: 27500, Loss: 1.099e-01, Loss_u: 2.628e-02, Loss_r: 8.358e-02, Time: 0.05
It: 27600, Loss: 1.357e-01, Loss_u: 2.470e-02, Loss_r: 1.110e-01, Time: 0.05
It: 27700, Loss: 9.219e-02, Loss_u: 2.354e-02, Loss_r: 6.864e-02, Time: 0.05
It: 27800, Loss: 1.845e-01, Loss_u: 2.098e-02, Loss_r: 1.635e-01, Time: 0.05
It: 27900, Loss: 1.109e-01, Loss_u: 2.305e-02, Loss_r: 8.782e-02, Time: 0.08
It: 28000, Loss: 1.007e-01, Loss_u: 3.740e-02, Loss_r: 6.331e-02, Time: 0.05
It: 28100, Loss: 9.184e-02, Loss_u: 2.158e-02, Loss_r: 7.026e-02, Time: 0.06
It: 28200, Loss: 9.812e-02, Loss_u: 1.937e-02, Loss_r: 7.876e-02, Time: 0.05
It: 28300, Loss: 1.021e-01, Loss_u: 2.736e-02, Loss_r: 7.472e-02, Time: 0.07
It: 28400, Loss: 1.974e-01, Loss_u: 1.676e-02, Loss_r: 1.807e-01, Time: 0.05
It: 28500, Loss: 8.980e-02, Loss_u: 1.930e-02, Loss_r: 7.050e-02, Time: 0.08
It: 28600, Loss: 2.103e-01, Loss_u: 1.879e-02, Loss_r: 1.915e-01, Time: 0.05
It: 28700, Loss: 1.034e-01, Loss_u: 1.833e-02, Loss_r: 8.507e-02, Time: 0.06
It: 28800, Loss: 1.014e-01, Loss_u: 1.614e-02, Loss_r: 8.522e-02, Time: 0.05
It: 28900, Loss: 1.209e-01, Loss_u: 3.193e-02, Loss_r: 8.895e-02, Time: 0.07
It: 29000, Loss: 1.930e-01, Loss_u: 2.395e-02, Loss_r: 1.690e-01, Time: 0.05
It: 29100, Loss: 9.998e-02, Loss_u: 2.652e-02, Loss_r: 7.346e-02, Time: 0.06
It: 29200, Loss: 1.349e-01, Loss_u: 4.340e-02, Loss_r: 9.147e-02, Time: 0.05
It: 29300, Loss: 9.493e-02, Loss_u: 2.051e-02, Loss_r: 7.442e-02, Time: 0.05
It: 29400, Loss: 1.242e-01, Loss_u: 2.500e-02, Loss_r: 9.916e-02, Time: 0.05
It: 29500, Loss: 1.409e-01, Loss_u: 3.394e-02, Loss_r: 1.069e-01, Time: 0.04
It: 29600, Loss: 1.857e-01, Loss_u: 2.673e-02, Loss_r: 1.590e-01, Time: 0.06
It: 29700, Loss: 1.164e-01, Loss_u: 1.921e-02, Loss_r: 9.723e-02, Time: 0.05
It: 29800, Loss: 1.112e-01, Loss_u: 3.979e-02, Loss_r: 7.137e-02, Time: 0.06
It: 29900, Loss: 7.724e-02, Loss_u: 2.015e-02, Loss_r: 5.709e-02, Time: 0.06
It: 30000, Loss: 1.905e-01, Loss_u: 9.671e-02, Loss_r: 9.375e-02, Time: 0.06
constant_ics_val: 51.496
constant_bcs_val: 140.331
It: 30100, Loss: 8.455e-02, Loss_u: 2.164e-02, Loss_r: 6.291e-02, Time: 0.05
It: 30200, Loss: 1.540e-01, Loss_u: 5.717e-02, Loss_r: 9.688e-02, Time: 0.05
It: 30300, Loss: 9.219e-02, Loss_u: 2.289e-02, Loss_r: 6.931e-02, Time: 0.07
It: 30400, Loss: 9.259e-02, Loss_u: 3.552e-02, Loss_r: 5.707e-02, Time: 0.06
It: 30500, Loss: 8.689e-02, Loss_u: 2.168e-02, Loss_r: 6.521e-02, Time: 0.05
It: 30600, Loss: 9.099e-02, Loss_u: 1.800e-02, Loss_r: 7.299e-02, Time: 0.08
It: 30700, Loss: 9.865e-02, Loss_u: 1.750e-02, Loss_r: 8.116e-02, Time: 0.05
It: 30800, Loss: 1.033e-01, Loss_u: 1.873e-02, Loss_r: 8.460e-02, Time: 0.05
It: 30900, Loss: 9.369e-02, Loss_u: 3.483e-02, Loss_r: 5.887e-02, Time: 0.05
It: 31000, Loss: 7.175e-02, Loss_u: 1.610e-02, Loss_r: 5.564e-02, Time: 0.05
It: 31100, Loss: 1.190e-01, Loss_u: 4.424e-02, Loss_r: 7.478e-02, Time: 0.07
It: 31200, Loss: 1.189e-01, Loss_u: 3.351e-02, Loss_r: 8.539e-02, Time: 0.05
It: 31300, Loss: 2.179e-01, Loss_u: 5.043e-02, Loss_r: 1.675e-01, Time: 0.05
It: 31400, Loss: 9.771e-02, Loss_u: 1.401e-02, Loss_r: 8.371e-02, Time: 0.07
It: 31500, Loss: 2.834e-01, Loss_u: 2.732e-02, Loss_r: 2.561e-01, Time: 0.06
It: 31600, Loss: 9.350e-02, Loss_u: 1.433e-02, Loss_r: 7.917e-02, Time: 0.05
It: 31700, Loss: 1.008e-01, Loss_u: 2.190e-02, Loss_r: 7.885e-02, Time: 0.05
It: 31800, Loss: 1.103e-01, Loss_u: 3.538e-02, Loss_r: 7.497e-02, Time: 0.06
It: 31900, Loss: 7.173e-02, Loss_u: 1.289e-02, Loss_r: 5.883e-02, Time: 0.07
It: 32000, Loss: 7.204e-02, Loss_u: 1.330e-02, Loss_r: 5.874e-02, Time: 0.05
It: 32100, Loss: 1.412e-01, Loss_u: 2.044e-02, Loss_r: 1.207e-01, Time: 0.06
It: 32200, Loss: 1.007e-01, Loss_u: 3.557e-02, Loss_r: 6.512e-02, Time: 0.06
It: 32300, Loss: 1.645e-01, Loss_u: 6.783e-02, Loss_r: 9.665e-02, Time: 0.05
It: 32400, Loss: 1.016e-01, Loss_u: 2.202e-02, Loss_r: 7.954e-02, Time: 0.05
It: 32500, Loss: 7.339e-02, Loss_u: 1.544e-02, Loss_r: 5.795e-02, Time: 0.05
It: 32600, Loss: 8.749e-02, Loss_u: 1.728e-02, Loss_r: 7.021e-02, Time: 0.05
It: 32700, Loss: 1.014e-01, Loss_u: 1.425e-02, Loss_r: 8.711e-02, Time: 0.05
It: 32800, Loss: 6.910e-02, Loss_u: 2.232e-02, Loss_r: 4.677e-02, Time: 0.08
It: 32900, Loss: 1.397e-01, Loss_u: 2.021e-02, Loss_r: 1.195e-01, Time: 0.04
It: 33000, Loss: 7.260e-02, Loss_u: 1.941e-02, Loss_r: 5.319e-02, Time: 0.05
It: 33100, Loss: 7.465e-02, Loss_u: 1.907e-02, Loss_r: 5.558e-02, Time: 0.04
It: 33200, Loss: 6.200e-02, Loss_u: 1.908e-02, Loss_r: 4.292e-02, Time: 0.08
It: 33300, Loss: 1.093e-01, Loss_u: 1.967e-02, Loss_r: 8.962e-02, Time: 0.04
It: 33400, Loss: 1.360e-01, Loss_u: 2.337e-02, Loss_r: 1.126e-01, Time: 0.05
It: 33500, Loss: 5.886e-02, Loss_u: 1.968e-02, Loss_r: 3.919e-02, Time: 0.07
It: 33600, Loss: 6.496e-02, Loss_u: 1.168e-02, Loss_r: 5.328e-02, Time: 0.04
It: 33700, Loss: 8.312e-02, Loss_u: 2.178e-02, Loss_r: 6.133e-02, Time: 0.04
It: 33800, Loss: 1.302e-01, Loss_u: 1.907e-02, Loss_r: 1.111e-01, Time: 0.04
It: 33900, Loss: 5.660e-01, Loss_u: 2.475e-02, Loss_r: 5.413e-01, Time: 0.04
It: 34000, Loss: 1.524e-01, Loss_u: 1.600e-02, Loss_r: 1.364e-01, Time: 0.06
It: 34100, Loss: 6.756e-02, Loss_u: 1.455e-02, Loss_r: 5.301e-02, Time: 0.05
It: 34200, Loss: 6.737e-02, Loss_u: 2.077e-02, Loss_r: 4.660e-02, Time: 0.07
It: 34300, Loss: 5.942e-02, Loss_u: 1.693e-02, Loss_r: 4.249e-02, Time: 0.06
It: 34400, Loss: 1.560e-01, Loss_u: 1.962e-02, Loss_r: 1.364e-01, Time: 0.08
It: 34500, Loss: 7.994e-02, Loss_u: 1.671e-02, Loss_r: 6.323e-02, Time: 0.06
It: 34600, Loss: 7.687e-02, Loss_u: 2.763e-02, Loss_r: 4.923e-02, Time: 0.06
It: 34700, Loss: 6.661e-02, Loss_u: 1.584e-02, Loss_r: 5.077e-02, Time: 0.05
It: 34800, Loss: 1.177e-01, Loss_u: 3.083e-02, Loss_r: 8.686e-02, Time: 0.05
It: 34900, Loss: 2.240e-01, Loss_u: 1.602e-02, Loss_r: 2.079e-01, Time: 0.05
It: 35000, Loss: 6.323e-02, Loss_u: 1.981e-02, Loss_r: 4.342e-02, Time: 0.07
constant_ics_val: 46.693
constant_bcs_val: 134.277
It: 35100, Loss: 9.023e-02, Loss_u: 2.441e-02, Loss_r: 6.582e-02, Time: 0.05
It: 35200, Loss: 5.494e-02, Loss_u: 1.598e-02, Loss_r: 3.896e-02, Time: 0.06
It: 35300, Loss: 1.107e-01, Loss_u: 1.537e-02, Loss_r: 9.534e-02, Time: 0.05
It: 35400, Loss: 2.140e-01, Loss_u: 1.305e-02, Loss_r: 2.010e-01, Time: 0.06
It: 35500, Loss: 8.300e-02, Loss_u: 2.058e-02, Loss_r: 6.242e-02, Time: 0.05
It: 35600, Loss: 8.604e-02, Loss_u: 2.450e-02, Loss_r: 6.154e-02, Time: 0.04
It: 35700, Loss: 9.465e-02, Loss_u: 1.668e-02, Loss_r: 7.797e-02, Time: 0.04
It: 35800, Loss: 7.331e-02, Loss_u: 1.837e-02, Loss_r: 5.493e-02, Time: 0.04
It: 35900, Loss: 1.158e-01, Loss_u: 1.491e-02, Loss_r: 1.009e-01, Time: 0.08
It: 36000, Loss: 1.333e-01, Loss_u: 1.366e-02, Loss_r: 1.196e-01, Time: 0.03
It: 36100, Loss: 6.893e-02, Loss_u: 2.019e-02, Loss_r: 4.875e-02, Time: 0.03
It: 36200, Loss: 5.506e-02, Loss_u: 1.314e-02, Loss_r: 4.192e-02, Time: 0.03
It: 36300, Loss: 7.585e-02, Loss_u: 1.967e-02, Loss_r: 5.619e-02, Time: 0.04
It: 36400, Loss: 5.834e-02, Loss_u: 2.245e-02, Loss_r: 3.589e-02, Time: 0.03
It: 36500, Loss: 8.432e-02, Loss_u: 2.868e-02, Loss_r: 5.565e-02, Time: 0.03
It: 36600, Loss: 6.680e-02, Loss_u: 1.169e-02, Loss_r: 5.511e-02, Time: 0.04
It: 36700, Loss: 7.937e-02, Loss_u: 2.058e-02, Loss_r: 5.878e-02, Time: 0.04
It: 36800, Loss: 8.246e-02, Loss_u: 1.775e-02, Loss_r: 6.471e-02, Time: 0.03
It: 36900, Loss: 5.876e-02, Loss_u: 1.295e-02, Loss_r: 4.581e-02, Time: 0.03
It: 37000, Loss: 5.446e-02, Loss_u: 1.526e-02, Loss_r: 3.920e-02, Time: 0.03
It: 37100, Loss: 7.230e-02, Loss_u: 2.132e-02, Loss_r: 5.098e-02, Time: 0.04
It: 37200, Loss: 8.301e-02, Loss_u: 1.954e-02, Loss_r: 6.347e-02, Time: 0.03
It: 37300, Loss: 1.131e-01, Loss_u: 2.214e-02, Loss_r: 9.091e-02, Time: 0.07
It: 37400, Loss: 7.863e-02, Loss_u: 1.555e-02, Loss_r: 6.308e-02, Time: 0.03
It: 37500, Loss: 1.341e-01, Loss_u: 1.434e-02, Loss_r: 1.197e-01, Time: 0.02
It: 37600, Loss: 8.844e-02, Loss_u: 1.946e-02, Loss_r: 6.899e-02, Time: 0.03
It: 37700, Loss: 8.745e-02, Loss_u: 1.455e-02, Loss_r: 7.291e-02, Time: 0.03
It: 37800, Loss: 6.158e-02, Loss_u: 1.804e-02, Loss_r: 4.353e-02, Time: 0.02
It: 37900, Loss: 6.160e-02, Loss_u: 1.831e-02, Loss_r: 4.328e-02, Time: 0.02
It: 38000, Loss: 9.060e-02, Loss_u: 3.729e-02, Loss_r: 5.330e-02, Time: 0.02
It: 38100, Loss: 8.779e-02, Loss_u: 2.538e-02, Loss_r: 6.240e-02, Time: 0.02
It: 38200, Loss: 5.367e-02, Loss_u: 1.321e-02, Loss_r: 4.046e-02, Time: 0.02
It: 38300, Loss: 6.852e-02, Loss_u: 1.275e-02, Loss_r: 5.576e-02, Time: 0.02
It: 38400, Loss: 6.760e-02, Loss_u: 1.530e-02, Loss_r: 5.230e-02, Time: 0.02
It: 38500, Loss: 6.023e-02, Loss_u: 1.991e-02, Loss_r: 4.032e-02, Time: 0.02
It: 38600, Loss: 1.167e-01, Loss_u: 1.897e-02, Loss_r: 9.775e-02, Time: 0.02
It: 38700, Loss: 7.431e-02, Loss_u: 1.367e-02, Loss_r: 6.064e-02, Time: 0.02
It: 38800, Loss: 8.630e-02, Loss_u: 1.869e-02, Loss_r: 6.761e-02, Time: 0.03
It: 38900, Loss: 4.738e-02, Loss_u: 1.269e-02, Loss_r: 3.468e-02, Time: 0.02
It: 39000, Loss: 1.820e-01, Loss_u: 1.291e-02, Loss_r: 1.691e-01, Time: 0.02
It: 39100, Loss: 5.941e-02, Loss_u: 1.688e-02, Loss_r: 4.253e-02, Time: 0.02
It: 39200, Loss: 5.121e-02, Loss_u: 1.065e-02, Loss_r: 4.056e-02, Time: 0.04
It: 39300, Loss: 7.130e-02, Loss_u: 2.718e-02, Loss_r: 4.413e-02, Time: 0.03
It: 39400, Loss: 5.957e-02, Loss_u: 1.924e-02, Loss_r: 4.033e-02, Time: 0.03
It: 39500, Loss: 6.690e-02, Loss_u: 1.169e-02, Loss_r: 5.521e-02, Time: 0.03
It: 39600, Loss: 7.610e-02, Loss_u: 1.913e-02, Loss_r: 5.697e-02, Time: 0.03
It: 39700, Loss: 5.790e-02, Loss_u: 1.415e-02, Loss_r: 4.376e-02, Time: 0.04
It: 39800, Loss: 1.031e-01, Loss_u: 1.340e-02, Loss_r: 8.968e-02, Time: 0.03
It: 39900, Loss: 6.892e-02, Loss_u: 1.573e-02, Loss_r: 5.319e-02, Time: 0.04
Gradients information stored ...
It: 40000, Loss: 9.921e-02, Loss_u: 1.519e-02, Loss_r: 8.402e-02, Time: 2.36
constant_ics_val: 43.420
constant_bcs_val: 134.166
Save uv NN parameters successfully in %s ...checkpoints/Dec-12-2023_04-53-15-448563_M2
Final loss total loss: 1.249856e-01
Final loss loss_res: 9.883274e-02
Final loss loss_bc1: 1.613211e-05
Final loss loss_bc2: 2.196375e-05
It: 0, Loss: 1.227e+04, Loss_u: 2.414e+00, Loss_r: 1.226e+04, Time: 3.37
constant_ics_val: 33.845
constant_bcs_val: 87.635
Gradients information stored ...
It: 100, Loss: 4.158e+03, Loss_u: 2.003e+02, Loss_r: 3.958e+03, Time: 0.02
Gradients information stored ...
It: 200, Loss: 5.407e+02, Loss_u: 2.240e+02, Loss_r: 3.168e+02, Time: 0.01
It: 300, Loss: 1.899e+02, Loss_u: 3.497e+01, Loss_r: 1.550e+02, Time: 0.03
It: 400, Loss: 1.127e+02, Loss_u: 1.348e+01, Loss_r: 9.924e+01, Time: 0.02
It: 500, Loss: 6.004e+01, Loss_u: 6.902e+00, Loss_r: 5.313e+01, Time: 0.02
It: 600, Loss: 2.019e+01, Loss_u: 5.182e+00, Loss_r: 1.500e+01, Time: 0.01
It: 700, Loss: 1.628e+01, Loss_u: 1.413e+00, Loss_r: 1.486e+01, Time: 0.02
It: 800, Loss: 1.320e+01, Loss_u: 1.122e+00, Loss_r: 1.208e+01, Time: 0.02
It: 900, Loss: 1.368e+01, Loss_u: 1.733e+00, Loss_r: 1.195e+01, Time: 0.02
It: 1000, Loss: 1.340e+01, Loss_u: 9.079e-01, Loss_r: 1.249e+01, Time: 0.05
Gradients information stored ...
It: 1100, Loss: 1.116e+01, Loss_u: 3.098e+00, Loss_r: 8.062e+00, Time: 0.02
It: 1200, Loss: 8.710e+00, Loss_u: 1.410e+00, Loss_r: 7.300e+00, Time: 0.02
It: 1300, Loss: 6.012e+00, Loss_u: 6.170e-01, Loss_r: 5.395e+00, Time: 0.02
It: 1400, Loss: 6.154e+00, Loss_u: 6.798e-01, Loss_r: 5.474e+00, Time: 0.03
It: 1500, Loss: 7.626e+00, Loss_u: 1.292e+00, Loss_r: 6.334e+00, Time: 0.03
It: 1600, Loss: 3.891e+01, Loss_u: 1.997e+01, Loss_r: 1.893e+01, Time: 0.03
It: 1700, Loss: 5.412e+00, Loss_u: 1.368e+00, Loss_r: 4.044e+00, Time: 0.03
It: 1800, Loss: 6.745e+00, Loss_u: 1.552e+00, Loss_r: 5.193e+00, Time: 0.03
It: 1900, Loss: 2.236e+01, Loss_u: 2.630e+00, Loss_r: 1.973e+01, Time: 0.03
It: 2000, Loss: 3.783e+00, Loss_u: 4.552e-01, Loss_r: 3.328e+00, Time: 0.03
It: 2100, Loss: 6.858e+00, Loss_u: 3.600e+00, Loss_r: 3.258e+00, Time: 0.05
It: 2200, Loss: 5.734e+00, Loss_u: 1.425e+00, Loss_r: 4.309e+00, Time: 0.03
It: 2300, Loss: 1.172e+01, Loss_u: 7.714e+00, Loss_r: 4.004e+00, Time: 0.04
It: 2400, Loss: 4.140e+00, Loss_u: 5.247e-01, Loss_r: 3.615e+00, Time: 0.03
It: 2500, Loss: 3.757e+00, Loss_u: 1.154e+00, Loss_r: 2.603e+00, Time: 0.03
It: 2600, Loss: 3.272e+00, Loss_u: 9.753e-01, Loss_r: 2.296e+00, Time: 0.02
It: 2700, Loss: 5.750e+00, Loss_u: 4.761e-01, Loss_r: 5.274e+00, Time: 0.02
It: 2800, Loss: 2.036e+00, Loss_u: 1.821e-01, Loss_r: 1.854e+00, Time: 0.03
It: 2900, Loss: 2.744e+00, Loss_u: 3.189e-01, Loss_r: 2.425e+00, Time: 0.03
It: 3000, Loss: 7.107e+00, Loss_u: 3.766e-01, Loss_r: 6.731e+00, Time: 0.03
It: 3100, Loss: 2.282e+00, Loss_u: 8.205e-01, Loss_r: 1.461e+00, Time: 0.03
It: 3200, Loss: 7.461e+00, Loss_u: 9.697e-01, Loss_r: 6.491e+00, Time: 0.02
It: 3300, Loss: 2.093e+00, Loss_u: 6.898e-01, Loss_r: 1.404e+00, Time: 0.03
It: 3400, Loss: 2.777e+00, Loss_u: 1.680e-01, Loss_r: 2.609e+00, Time: 0.03
It: 3500, Loss: 1.108e+01, Loss_u: 5.240e+00, Loss_r: 5.839e+00, Time: 0.03
It: 3600, Loss: 1.315e+00, Loss_u: 3.117e-01, Loss_r: 1.003e+00, Time: 0.03
It: 3700, Loss: 2.061e+00, Loss_u: 4.549e-01, Loss_r: 1.606e+00, Time: 0.03
It: 3800, Loss: 2.274e+01, Loss_u: 1.123e+00, Loss_r: 2.161e+01, Time: 0.03
It: 3900, Loss: 8.475e+00, Loss_u: 3.873e+00, Loss_r: 4.602e+00, Time: 0.05
It: 4000, Loss: 1.647e+00, Loss_u: 2.933e-01, Loss_r: 1.354e+00, Time: 0.03
It: 4100, Loss: 3.635e+00, Loss_u: 8.274e-01, Loss_r: 2.808e+00, Time: 0.03
It: 4200, Loss: 5.497e+00, Loss_u: 3.238e+00, Loss_r: 2.259e+00, Time: 0.03
