Gradients information stored ...
It: 100, Loss: 1.246e+04, Loss_bcs: 1.613e+00, Loss_res: 1.246e+04 ,Time: 0.00
Gradients information stored ...
It: 200, Loss: 1.227e+04, Loss_bcs: 1.420e+00, Loss_res: 1.227e+04 ,Time: 0.00
It: 300, Loss: 1.207e+04, Loss_bcs: 1.258e+00, Loss_res: 1.207e+04 ,Time: 0.00
It: 400, Loss: 1.189e+04, Loss_bcs: 1.126e+00, Loss_res: 1.188e+04 ,Time: 0.00
It: 500, Loss: 1.170e+04, Loss_bcs: 1.022e+00, Loss_res: 1.170e+04 ,Time: 0.00
It: 600, Loss: 1.152e+04, Loss_bcs: 9.454e-01, Loss_res: 1.152e+04 ,Time: 0.00
It: 700, Loss: 1.134e+04, Loss_bcs: 8.946e-01, Loss_res: 1.134e+04 ,Time: 0.00
It: 800, Loss: 1.117e+04, Loss_bcs: 8.693e-01, Loss_res: 1.117e+04 ,Time: 0.00
It: 900, Loss: 1.100e+04, Loss_bcs: 8.686e-01, Loss_res: 1.100e+04 ,Time: 0.00
It: 1000, Loss: 1.083e+04, Loss_bcs: 8.912e-01, Loss_res: 1.083e+04 ,Time: 0.00
Compute NTK...
Gradients information stored ...
It: 1100, Loss: 1.067e+04, Loss_bcs: 9.363e-01, Loss_res: 1.066e+04 ,Time: 0.00
It: 1200, Loss: 1.050e+04, Loss_bcs: 1.003e+00, Loss_res: 1.050e+04 ,Time: 0.00
It: 1300, Loss: 1.035e+04, Loss_bcs: 1.090e+00, Loss_res: 1.034e+04 ,Time: 0.00
It: 1400, Loss: 1.019e+04, Loss_bcs: 1.196e+00, Loss_res: 1.019e+04 ,Time: 0.00
It: 1500, Loss: 1.004e+04, Loss_bcs: 1.321e+00, Loss_res: 1.004e+04 ,Time: 0.00
It: 1600, Loss: 9.887e+03, Loss_bcs: 1.464e+00, Loss_res: 9.886e+03 ,Time: 0.00
It: 1700, Loss: 9.740e+03, Loss_bcs: 1.625e+00, Loss_res: 9.738e+03 ,Time: 0.00
It: 1800, Loss: 9.595e+03, Loss_bcs: 1.802e+00, Loss_res: 9.593e+03 ,Time: 0.00
It: 1900, Loss: 9.453e+03, Loss_bcs: 1.995e+00, Loss_res: 9.451e+03 ,Time: 0.00
It: 2000, Loss: 9.313e+03, Loss_bcs: 2.203e+00, Loss_res: 9.310e+03 ,Time: 0.00
Compute NTK...
It: 2100, Loss: 9.175e+03, Loss_bcs: 2.426e+00, Loss_res: 9.173e+03 ,Time: 0.00
It: 2200, Loss: 9.040e+03, Loss_bcs: 2.663e+00, Loss_res: 9.037e+03 ,Time: 0.00
It: 2300, Loss: 8.907e+03, Loss_bcs: 2.913e+00, Loss_res: 8.904e+03 ,Time: 0.00
It: 2400, Loss: 8.777e+03, Loss_bcs: 3.176e+00, Loss_res: 8.774e+03 ,Time: 0.00
It: 2500, Loss: 8.648e+03, Loss_bcs: 3.451e+00, Loss_res: 8.645e+03 ,Time: 0.00
It: 2600, Loss: 8.522e+03, Loss_bcs: 3.737e+00, Loss_res: 8.519e+03 ,Time: 0.00
It: 2700, Loss: 8.398e+03, Loss_bcs: 4.035e+00, Loss_res: 8.394e+03 ,Time: 0.00
It: 2800, Loss: 8.276e+03, Loss_bcs: 4.342e+00, Loss_res: 8.272e+03 ,Time: 0.00
It: 2900, Loss: 8.156e+03, Loss_bcs: 4.660e+00, Loss_res: 8.152e+03 ,Time: 0.00
It: 3000, Loss: 8.038e+03, Loss_bcs: 4.987e+00, Loss_res: 8.033e+03 ,Time: 0.00
Compute NTK...
It: 3100, Loss: 7.922e+03, Loss_bcs: 5.324e+00, Loss_res: 7.917e+03 ,Time: 0.00
It: 3200, Loss: 7.808e+03, Loss_bcs: 5.668e+00, Loss_res: 7.803e+03 ,Time: 0.00
It: 3300, Loss: 7.696e+03, Loss_bcs: 6.021e+00, Loss_res: 7.690e+03 ,Time: 0.00
It: 3400, Loss: 7.586e+03, Loss_bcs: 6.382e+00, Loss_res: 7.580e+03 ,Time: 0.00
It: 3500, Loss: 7.477e+03, Loss_bcs: 6.750e+00, Loss_res: 7.471e+03 ,Time: 0.00
It: 3600, Loss: 7.371e+03, Loss_bcs: 7.124e+00, Loss_res: 7.364e+03 ,Time: 0.00
It: 3700, Loss: 7.266e+03, Loss_bcs: 7.506e+00, Loss_res: 7.258e+03 ,Time: 0.00
It: 3800, Loss: 7.163e+03, Loss_bcs: 7.893e+00, Loss_res: 7.155e+03 ,Time: 0.00
It: 3900, Loss: 7.061e+03, Loss_bcs: 8.286e+00, Loss_res: 7.053e+03 ,Time: 0.00
It: 4000, Loss: 6.961e+03, Loss_bcs: 8.685e+00, Loss_res: 6.953e+03 ,Time: 0.00
Compute NTK...
It: 4100, Loss: 6.863e+03, Loss_bcs: 9.089e+00, Loss_res: 6.854e+03 ,Time: 0.00
It: 4200, Loss: 6.766e+03, Loss_bcs: 9.498e+00, Loss_res: 6.757e+03 ,Time: 0.00
It: 4300, Loss: 6.671e+03, Loss_bcs: 9.912e+00, Loss_res: 6.662e+03 ,Time: 0.00
It: 4400, Loss: 6.578e+03, Loss_bcs: 1.033e+01, Loss_res: 6.568e+03 ,Time: 0.00
It: 4500, Loss: 6.486e+03, Loss_bcs: 1.075e+01, Loss_res: 6.475e+03 ,Time: 0.00
It: 4600, Loss: 6.396e+03, Loss_bcs: 1.118e+01, Loss_res: 6.385e+03 ,Time: 0.00
It: 4700, Loss: 6.307e+03, Loss_bcs: 1.160e+01, Loss_res: 6.295e+03 ,Time: 0.00
It: 4800, Loss: 6.219e+03, Loss_bcs: 1.203e+01, Loss_res: 6.207e+03 ,Time: 0.00
It: 4900, Loss: 6.133e+03, Loss_bcs: 1.247e+01, Loss_res: 6.121e+03 ,Time: 0.00
It: 5000, Loss: 6.049e+03, Loss_bcs: 1.290e+01, Loss_res: 6.036e+03 ,Time: 0.00
Compute NTK...
It: 5100, Loss: 5.966e+03, Loss_bcs: 1.334e+01, Loss_res: 5.952e+03 ,Time: 0.00
It: 5200, Loss: 5.884e+03, Loss_bcs: 1.378e+01, Loss_res: 5.870e+03 ,Time: 0.00
It: 5300, Loss: 5.803e+03, Loss_bcs: 1.423e+01, Loss_res: 5.789e+03 ,Time: 0.00
It: 5400, Loss: 5.724e+03, Loss_bcs: 1.467e+01, Loss_res: 5.710e+03 ,Time: 0.00
It: 5500, Loss: 5.646e+03, Loss_bcs: 1.512e+01, Loss_res: 5.631e+03 ,Time: 0.00
It: 5600, Loss: 5.570e+03, Loss_bcs: 1.556e+01, Loss_res: 5.554e+03 ,Time: 0.00
It: 5700, Loss: 5.495e+03, Loss_bcs: 1.601e+01, Loss_res: 5.479e+03 ,Time: 0.00
It: 5800, Loss: 5.421e+03, Loss_bcs: 1.646e+01, Loss_res: 5.404e+03 ,Time: 0.01
It: 5900, Loss: 5.348e+03, Loss_bcs: 1.692e+01, Loss_res: 5.331e+03 ,Time: 0.00
It: 6000, Loss: 5.276e+03, Loss_bcs: 1.737e+01, Loss_res: 5.259e+03 ,Time: 0.00
Compute NTK...
It: 6100, Loss: 5.206e+03, Loss_bcs: 1.782e+01, Loss_res: 5.188e+03 ,Time: 0.00
It: 6200, Loss: 5.137e+03, Loss_bcs: 1.828e+01, Loss_res: 5.118e+03 ,Time: 0.00
It: 6300, Loss: 5.068e+03, Loss_bcs: 1.874e+01, Loss_res: 5.050e+03 ,Time: 0.00
It: 6400, Loss: 5.001e+03, Loss_bcs: 1.919e+01, Loss_res: 4.982e+03 ,Time: 0.00
It: 6500, Loss: 4.936e+03, Loss_bcs: 1.965e+01, Loss_res: 4.916e+03 ,Time: 0.00
It: 6600, Loss: 4.871e+03, Loss_bcs: 2.011e+01, Loss_res: 4.851e+03 ,Time: 0.00
It: 6700, Loss: 4.807e+03, Loss_bcs: 2.057e+01, Loss_res: 4.786e+03 ,Time: 0.00
It: 6800, Loss: 4.744e+03, Loss_bcs: 2.103e+01, Loss_res: 4.723e+03 ,Time: 0.00
It: 6900, Loss: 4.683e+03, Loss_bcs: 2.149e+01, Loss_res: 4.661e+03 ,Time: 0.00
It: 7000, Loss: 4.622e+03, Loss_bcs: 2.195e+01, Loss_res: 4.600e+03 ,Time: 0.00
Compute NTK...
It: 7100, Loss: 4.563e+03, Loss_bcs: 2.241e+01, Loss_res: 4.540e+03 ,Time: 0.00
It: 7200, Loss: 4.504e+03, Loss_bcs: 2.287e+01, Loss_res: 4.481e+03 ,Time: 0.00
It: 7300, Loss: 4.446e+03, Loss_bcs: 2.334e+01, Loss_res: 4.423e+03 ,Time: 0.00
It: 7400, Loss: 4.389e+03, Loss_bcs: 2.380e+01, Loss_res: 4.366e+03 ,Time: 0.00
It: 7500, Loss: 4.334e+03, Loss_bcs: 2.426e+01, Loss_res: 4.309e+03 ,Time: 0.00
It: 7600, Loss: 4.279e+03, Loss_bcs: 2.472e+01, Loss_res: 4.254e+03 ,Time: 0.00
It: 7700, Loss: 4.225e+03, Loss_bcs: 2.518e+01, Loss_res: 4.200e+03 ,Time: 0.00
It: 7800, Loss: 4.172e+03, Loss_bcs: 2.563e+01, Loss_res: 4.146e+03 ,Time: 0.00
It: 7900, Loss: 4.120e+03, Loss_bcs: 2.609e+01, Loss_res: 4.093e+03 ,Time: 0.00
It: 8000, Loss: 4.068e+03, Loss_bcs: 2.655e+01, Loss_res: 4.042e+03 ,Time: 0.00
Compute NTK...
It: 8100, Loss: 4.018e+03, Loss_bcs: 2.701e+01, Loss_res: 3.991e+03 ,Time: 0.00
It: 8200, Loss: 3.968e+03, Loss_bcs: 2.746e+01, Loss_res: 3.941e+03 ,Time: 0.00
It: 8300, Loss: 3.919e+03, Loss_bcs: 2.792e+01, Loss_res: 3.891e+03 ,Time: 0.00
It: 8400, Loss: 3.871e+03, Loss_bcs: 2.837e+01, Loss_res: 3.843e+03 ,Time: 0.00
It: 8500, Loss: 3.824e+03, Loss_bcs: 2.882e+01, Loss_res: 3.795e+03 ,Time: 0.00
It: 8600, Loss: 3.777e+03, Loss_bcs: 2.927e+01, Loss_res: 3.748e+03 ,Time: 0.00
It: 8700, Loss: 3.732e+03, Loss_bcs: 2.972e+01, Loss_res: 3.702e+03 ,Time: 0.00
It: 8800, Loss: 3.687e+03, Loss_bcs: 3.017e+01, Loss_res: 3.656e+03 ,Time: 0.00
It: 8900, Loss: 3.642e+03, Loss_bcs: 3.061e+01, Loss_res: 3.612e+03 ,Time: 0.00
It: 9000, Loss: 3.599e+03, Loss_bcs: 3.105e+01, Loss_res: 3.568e+03 ,Time: 0.00
Compute NTK...
It: 9100, Loss: 3.556e+03, Loss_bcs: 3.150e+01, Loss_res: 3.525e+03 ,Time: 0.00
It: 9200, Loss: 3.514e+03, Loss_bcs: 3.193e+01, Loss_res: 3.482e+03 ,Time: 0.00
It: 9300, Loss: 3.473e+03, Loss_bcs: 3.237e+01, Loss_res: 3.440e+03 ,Time: 0.00
It: 9400, Loss: 3.432e+03, Loss_bcs: 3.281e+01, Loss_res: 3.399e+03 ,Time: 0.00
It: 9500, Loss: 3.392e+03, Loss_bcs: 3.324e+01, Loss_res: 3.359e+03 ,Time: 0.00
It: 9600, Loss: 3.352e+03, Loss_bcs: 3.367e+01, Loss_res: 3.319e+03 ,Time: 0.00
It: 9700, Loss: 3.314e+03, Loss_bcs: 3.410e+01, Loss_res: 3.280e+03 ,Time: 0.00
It: 9800, Loss: 3.276e+03, Loss_bcs: 3.452e+01, Loss_res: 3.241e+03 ,Time: 0.00
It: 9900, Loss: 3.238e+03, Loss_bcs: 3.494e+01, Loss_res: 3.203e+03 ,Time: 0.00
It: 10000, Loss: 3.201e+03, Loss_bcs: 3.536e+01, Loss_res: 3.166e+03 ,Time: 0.00
Compute NTK...
It: 10100, Loss: 3.165e+03, Loss_bcs: 3.578e+01, Loss_res: 3.129e+03 ,Time: 0.00
It: 10200, Loss: 3.129e+03, Loss_bcs: 3.620e+01, Loss_res: 3.093e+03 ,Time: 0.00
It: 10300, Loss: 3.094e+03, Loss_bcs: 3.661e+01, Loss_res: 3.058e+03 ,Time: 0.00
It: 10400, Loss: 3.060e+03, Loss_bcs: 3.702e+01, Loss_res: 3.023e+03 ,Time: 0.00
It: 10500, Loss: 3.026e+03, Loss_bcs: 3.743e+01, Loss_res: 2.988e+03 ,Time: 0.00
It: 10600, Loss: 2.993e+03, Loss_bcs: 3.783e+01, Loss_res: 2.955e+03 ,Time: 0.00
It: 10700, Loss: 2.960e+03, Loss_bcs: 3.823e+01, Loss_res: 2.922e+03 ,Time: 0.00
It: 10800, Loss: 2.927e+03, Loss_bcs: 3.863e+01, Loss_res: 2.889e+03 ,Time: 0.00
It: 10900, Loss: 2.896e+03, Loss_bcs: 3.903e+01, Loss_res: 2.857e+03 ,Time: 0.00
It: 11000, Loss: 2.865e+03, Loss_bcs: 3.942e+01, Loss_res: 2.825e+03 ,Time: 0.00
Compute NTK...
It: 11100, Loss: 2.834e+03, Loss_bcs: 3.981e+01, Loss_res: 2.794e+03 ,Time: 0.00
It: 11200, Loss: 2.804e+03, Loss_bcs: 4.020e+01, Loss_res: 2.763e+03 ,Time: 0.00
It: 11300, Loss: 2.774e+03, Loss_bcs: 4.059e+01, Loss_res: 2.733e+03 ,Time: 0.00
It: 11400, Loss: 2.745e+03, Loss_bcs: 4.097e+01, Loss_res: 2.704e+03 ,Time: 0.00
It: 11500, Loss: 2.716e+03, Loss_bcs: 4.135e+01, Loss_res: 2.675e+03 ,Time: 0.00
It: 11600, Loss: 2.688e+03, Loss_bcs: 4.172e+01, Loss_res: 2.646e+03 ,Time: 0.00
It: 11700, Loss: 2.660e+03, Loss_bcs: 4.210e+01, Loss_res: 2.618e+03 ,Time: 0.00
It: 11800, Loss: 2.633e+03, Loss_bcs: 4.247e+01, Loss_res: 2.590e+03 ,Time: 0.00
It: 11900, Loss: 2.606e+03, Loss_bcs: 4.284e+01, Loss_res: 2.563e+03 ,Time: 0.00
It: 12000, Loss: 2.579e+03, Loss_bcs: 4.320e+01, Loss_res: 2.536e+03 ,Time: 0.00
Compute NTK...
It: 12100, Loss: 2.553e+03, Loss_bcs: 4.356e+01, Loss_res: 2.510e+03 ,Time: 0.00
It: 12200, Loss: 2.528e+03, Loss_bcs: 4.392e+01, Loss_res: 2.484e+03 ,Time: 0.00
It: 12300, Loss: 2.503e+03, Loss_bcs: 4.428e+01, Loss_res: 2.458e+03 ,Time: 0.00
It: 12400, Loss: 2.478e+03, Loss_bcs: 4.463e+01, Loss_res: 2.433e+03 ,Time: 0.00
It: 12500, Loss: 2.454e+03, Loss_bcs: 4.498e+01, Loss_res: 2.409e+03 ,Time: 0.01
It: 12600, Loss: 2.430e+03, Loss_bcs: 4.533e+01, Loss_res: 2.384e+03 ,Time: 0.00
It: 12700, Loss: 2.406e+03, Loss_bcs: 4.568e+01, Loss_res: 2.360e+03 ,Time: 0.00
It: 12800, Loss: 2.383e+03, Loss_bcs: 4.602e+01, Loss_res: 2.337e+03 ,Time: 0.00
It: 12900, Loss: 2.360e+03, Loss_bcs: 4.636e+01, Loss_res: 2.314e+03 ,Time: 0.00
It: 13000, Loss: 2.338e+03, Loss_bcs: 4.669e+01, Loss_res: 2.291e+03 ,Time: 0.00
Compute NTK...
It: 13100, Loss: 2.316e+03, Loss_bcs: 4.703e+01, Loss_res: 2.269e+03 ,Time: 0.00
It: 13200, Loss: 2.294e+03, Loss_bcs: 4.736e+01, Loss_res: 2.247e+03 ,Time: 0.00
It: 13300, Loss: 2.273e+03, Loss_bcs: 4.768e+01, Loss_res: 2.225e+03 ,Time: 0.00
It: 13400, Loss: 2.252e+03, Loss_bcs: 4.801e+01, Loss_res: 2.204e+03 ,Time: 0.00
It: 13500, Loss: 2.231e+03, Loss_bcs: 4.833e+01, Loss_res: 2.183e+03 ,Time: 0.00
It: 13600, Loss: 2.211e+03, Loss_bcs: 4.865e+01, Loss_res: 2.162e+03 ,Time: 0.00
It: 13700, Loss: 2.191e+03, Loss_bcs: 4.896e+01, Loss_res: 2.142e+03 ,Time: 0.02
It: 13800, Loss: 2.171e+03, Loss_bcs: 4.927e+01, Loss_res: 2.122e+03 ,Time: 0.00
It: 13900, Loss: 2.152e+03, Loss_bcs: 4.958e+01, Loss_res: 2.102e+03 ,Time: 0.00
It: 14000, Loss: 2.133e+03, Loss_bcs: 4.989e+01, Loss_res: 2.083e+03 ,Time: 0.00
Compute NTK...
It: 14100, Loss: 2.114e+03, Loss_bcs: 5.020e+01, Loss_res: 2.064e+03 ,Time: 0.00
It: 14200, Loss: 2.096e+03, Loss_bcs: 5.050e+01, Loss_res: 2.045e+03 ,Time: 0.00
It: 14300, Loss: 2.077e+03, Loss_bcs: 5.080e+01, Loss_res: 2.027e+03 ,Time: 0.00
It: 14400, Loss: 2.060e+03, Loss_bcs: 5.109e+01, Loss_res: 2.008e+03 ,Time: 0.00
It: 14500, Loss: 2.042e+03, Loss_bcs: 5.138e+01, Loss_res: 1.991e+03 ,Time: 0.00
It: 14600, Loss: 2.025e+03, Loss_bcs: 5.168e+01, Loss_res: 1.973e+03 ,Time: 0.00
It: 14700, Loss: 2.008e+03, Loss_bcs: 5.196e+01, Loss_res: 1.956e+03 ,Time: 0.00
It: 14800, Loss: 1.991e+03, Loss_bcs: 5.225e+01, Loss_res: 1.939e+03 ,Time: 0.00
It: 14900, Loss: 1.975e+03, Loss_bcs: 5.253e+01, Loss_res: 1.922e+03 ,Time: 0.00
It: 15000, Loss: 1.958e+03, Loss_bcs: 5.281e+01, Loss_res: 1.906e+03 ,Time: 0.00
Compute NTK...
It: 15100, Loss: 1.943e+03, Loss_bcs: 5.309e+01, Loss_res: 1.889e+03 ,Time: 0.00
It: 15200, Loss: 1.927e+03, Loss_bcs: 5.336e+01, Loss_res: 1.874e+03 ,Time: 0.00
It: 15300, Loss: 1.911e+03, Loss_bcs: 5.363e+01, Loss_res: 1.858e+03 ,Time: 0.00
It: 15400, Loss: 1.896e+03, Loss_bcs: 5.390e+01, Loss_res: 1.842e+03 ,Time: 0.00
It: 15500, Loss: 1.881e+03, Loss_bcs: 5.416e+01, Loss_res: 1.827e+03 ,Time: 0.00
It: 15600, Loss: 1.867e+03, Loss_bcs: 5.443e+01, Loss_res: 1.812e+03 ,Time: 0.00
It: 15700, Loss: 1.852e+03, Loss_bcs: 5.469e+01, Loss_res: 1.798e+03 ,Time: 0.00
It: 15800, Loss: 1.838e+03, Loss_bcs: 5.494e+01, Loss_res: 1.783e+03 ,Time: 0.00
It: 15900, Loss: 1.824e+03, Loss_bcs: 5.520e+01, Loss_res: 1.769e+03 ,Time: 0.00
It: 16000, Loss: 1.810e+03, Loss_bcs: 5.545e+01, Loss_res: 1.755e+03 ,Time: 0.00
Compute NTK...
It: 16100, Loss: 1.797e+03, Loss_bcs: 5.569e+01, Loss_res: 1.741e+03 ,Time: 0.00
It: 16200, Loss: 1.783e+03, Loss_bcs: 5.594e+01, Loss_res: 1.727e+03 ,Time: 0.00
It: 16300, Loss: 1.770e+03, Loss_bcs: 5.618e+01, Loss_res: 1.714e+03 ,Time: 0.00
It: 16400, Loss: 1.757e+03, Loss_bcs: 5.642e+01, Loss_res: 1.701e+03 ,Time: 0.00
It: 16500, Loss: 1.745e+03, Loss_bcs: 5.665e+01, Loss_res: 1.688e+03 ,Time: 0.00
It: 16600, Loss: 1.732e+03, Loss_bcs: 5.689e+01, Loss_res: 1.675e+03 ,Time: 0.00
It: 16700, Loss: 1.720e+03, Loss_bcs: 5.712e+01, Loss_res: 1.663e+03 ,Time: 0.00
It: 16800, Loss: 1.707e+03, Loss_bcs: 5.734e+01, Loss_res: 1.650e+03 ,Time: 0.00
It: 16900, Loss: 1.696e+03, Loss_bcs: 5.757e+01, Loss_res: 1.638e+03 ,Time: 0.00
It: 17000, Loss: 1.684e+03, Loss_bcs: 5.779e+01, Loss_res: 1.626e+03 ,Time: 0.00
Compute NTK...
It: 17100, Loss: 1.672e+03, Loss_bcs: 5.801e+01, Loss_res: 1.614e+03 ,Time: 0.00
It: 17200, Loss: 1.661e+03, Loss_bcs: 5.822e+01, Loss_res: 1.603e+03 ,Time: 0.00
It: 17300, Loss: 1.650e+03, Loss_bcs: 5.843e+01, Loss_res: 1.591e+03 ,Time: 0.00
It: 17400, Loss: 1.639e+03, Loss_bcs: 5.864e+01, Loss_res: 1.580e+03 ,Time: 0.00
It: 17500, Loss: 1.628e+03, Loss_bcs: 5.885e+01, Loss_res: 1.569e+03 ,Time: 0.00
It: 17600, Loss: 1.617e+03, Loss_bcs: 5.906e+01, Loss_res: 1.558e+03 ,Time: 0.00
It: 17700, Loss: 1.606e+03, Loss_bcs: 5.926e+01, Loss_res: 1.547e+03 ,Time: 0.00
It: 17800, Loss: 1.596e+03, Loss_bcs: 5.946e+01, Loss_res: 1.537e+03 ,Time: 0.00
It: 17900, Loss: 1.586e+03, Loss_bcs: 5.966e+01, Loss_res: 1.526e+03 ,Time: 0.00
It: 18000, Loss: 1.576e+03, Loss_bcs: 5.985e+01, Loss_res: 1.516e+03 ,Time: 0.00
Compute NTK...
It: 18100, Loss: 1.566e+03, Loss_bcs: 6.005e+01, Loss_res: 1.506e+03 ,Time: 0.00
It: 18200, Loss: 1.556e+03, Loss_bcs: 6.024e+01, Loss_res: 1.496e+03 ,Time: 0.00
It: 18300, Loss: 1.547e+03, Loss_bcs: 6.043e+01, Loss_res: 1.486e+03 ,Time: 0.00
It: 18400, Loss: 1.537e+03, Loss_bcs: 6.062e+01, Loss_res: 1.476e+03 ,Time: 0.00
It: 18500, Loss: 1.528e+03, Loss_bcs: 6.080e+01, Loss_res: 1.467e+03 ,Time: 0.00
It: 18600, Loss: 1.519e+03, Loss_bcs: 6.098e+01, Loss_res: 1.458e+03 ,Time: 0.00
It: 18700, Loss: 1.510e+03, Loss_bcs: 6.116e+01, Loss_res: 1.448e+03 ,Time: 0.00
It: 18800, Loss: 1.501e+03, Loss_bcs: 6.134e+01, Loss_res: 1.439e+03 ,Time: 0.00
It: 18900, Loss: 1.492e+03, Loss_bcs: 6.152e+01, Loss_res: 1.430e+03 ,Time: 0.00
It: 19000, Loss: 1.483e+03, Loss_bcs: 6.169e+01, Loss_res: 1.422e+03 ,Time: 0.00
Compute NTK...
It: 19100, Loss: 1.475e+03, Loss_bcs: 6.186e+01, Loss_res: 1.413e+03 ,Time: 0.00
It: 19200, Loss: 1.466e+03, Loss_bcs: 6.204e+01, Loss_res: 1.404e+03 ,Time: 0.00
It: 19300, Loss: 1.458e+03, Loss_bcs: 6.220e+01, Loss_res: 1.396e+03 ,Time: 0.00
It: 19400, Loss: 1.450e+03, Loss_bcs: 6.237e+01, Loss_res: 1.388e+03 ,Time: 0.00
It: 19500, Loss: 1.442e+03, Loss_bcs: 6.254e+01, Loss_res: 1.380e+03 ,Time: 0.00
It: 19600, Loss: 1.434e+03, Loss_bcs: 6.270e+01, Loss_res: 1.372e+03 ,Time: 0.00
It: 19700, Loss: 1.427e+03, Loss_bcs: 6.287e+01, Loss_res: 1.364e+03 ,Time: 0.00
It: 19800, Loss: 1.419e+03, Loss_bcs: 6.303e+01, Loss_res: 1.356e+03 ,Time: 0.00
It: 19900, Loss: 1.411e+03, Loss_bcs: 6.319e+01, Loss_res: 1.348e+03 ,Time: 0.00
It: 20000, Loss: 1.404e+03, Loss_bcs: 6.335e+01, Loss_res: 1.341e+03 ,Time: 0.00
Compute NTK...
It: 20100, Loss: 1.397e+03, Loss_bcs: 6.350e+01, Loss_res: 1.333e+03 ,Time: 0.00
It: 20200, Loss: 1.389e+03, Loss_bcs: 6.366e+01, Loss_res: 1.326e+03 ,Time: 0.00
It: 20300, Loss: 1.382e+03, Loss_bcs: 6.381e+01, Loss_res: 1.319e+03 ,Time: 0.00
It: 20400, Loss: 1.375e+03, Loss_bcs: 6.396e+01, Loss_res: 1.311e+03 ,Time: 0.00
It: 20500, Loss: 1.369e+03, Loss_bcs: 6.411e+01, Loss_res: 1.304e+03 ,Time: 0.00
It: 20600, Loss: 1.362e+03, Loss_bcs: 6.426e+01, Loss_res: 1.297e+03 ,Time: 0.00
It: 20700, Loss: 1.355e+03, Loss_bcs: 6.441e+01, Loss_res: 1.291e+03 ,Time: 0.00
It: 20800, Loss: 1.349e+03, Loss_bcs: 6.456e+01, Loss_res: 1.284e+03 ,Time: 0.00
It: 20900, Loss: 1.342e+03, Loss_bcs: 6.470e+01, Loss_res: 1.277e+03 ,Time: 0.00
It: 21000, Loss: 1.336e+03, Loss_bcs: 6.485e+01, Loss_res: 1.271e+03 ,Time: 0.00
Compute NTK...
It: 21100, Loss: 1.329e+03, Loss_bcs: 6.499e+01, Loss_res: 1.264e+03 ,Time: 0.00
It: 21200, Loss: 1.323e+03, Loss_bcs: 6.513e+01, Loss_res: 1.258e+03 ,Time: 0.00
It: 21300, Loss: 1.317e+03, Loss_bcs: 6.527e+01, Loss_res: 1.252e+03 ,Time: 0.00
It: 21400, Loss: 1.311e+03, Loss_bcs: 6.541e+01, Loss_res: 1.246e+03 ,Time: 0.00
It: 21500, Loss: 1.305e+03, Loss_bcs: 6.554e+01, Loss_res: 1.240e+03 ,Time: 0.00
It: 21600, Loss: 1.299e+03, Loss_bcs: 6.568e+01, Loss_res: 1.234e+03 ,Time: 0.00
It: 21700, Loss: 1.294e+03, Loss_bcs: 6.581e+01, Loss_res: 1.228e+03 ,Time: 0.00
It: 21800, Loss: 1.288e+03, Loss_bcs: 6.594e+01, Loss_res: 1.222e+03 ,Time: 0.00
It: 21900, Loss: 1.282e+03, Loss_bcs: 6.607e+01, Loss_res: 1.216e+03 ,Time: 0.00
It: 22000, Loss: 1.277e+03, Loss_bcs: 6.620e+01, Loss_res: 1.211e+03 ,Time: 0.00
Compute NTK...
It: 22100, Loss: 1.272e+03, Loss_bcs: 6.633e+01, Loss_res: 1.205e+03 ,Time: 0.00
It: 22200, Loss: 1.266e+03, Loss_bcs: 6.646e+01, Loss_res: 1.200e+03 ,Time: 0.00
It: 22300, Loss: 1.261e+03, Loss_bcs: 6.658e+01, Loss_res: 1.194e+03 ,Time: 0.00
It: 22400, Loss: 1.256e+03, Loss_bcs: 6.671e+01, Loss_res: 1.189e+03 ,Time: 0.00
It: 22500, Loss: 1.251e+03, Loss_bcs: 6.683e+01, Loss_res: 1.184e+03 ,Time: 0.00
It: 22600, Loss: 1.246e+03, Loss_bcs: 6.695e+01, Loss_res: 1.179e+03 ,Time: 0.01
It: 22700, Loss: 1.241e+03, Loss_bcs: 6.707e+01, Loss_res: 1.173e+03 ,Time: 0.00
It: 22800, Loss: 1.236e+03, Loss_bcs: 6.719e+01, Loss_res: 1.168e+03 ,Time: 0.00
It: 22900, Loss: 1.231e+03, Loss_bcs: 6.731e+01, Loss_res: 1.164e+03 ,Time: 0.00
It: 23000, Loss: 1.226e+03, Loss_bcs: 6.742e+01, Loss_res: 1.159e+03 ,Time: 0.00
Compute NTK...
It: 23100, Loss: 1.221e+03, Loss_bcs: 6.754e+01, Loss_res: 1.154e+03 ,Time: 0.00
It: 23200, Loss: 1.217e+03, Loss_bcs: 6.765e+01, Loss_res: 1.149e+03 ,Time: 0.00
It: 23300, Loss: 1.212e+03, Loss_bcs: 6.776e+01, Loss_res: 1.144e+03 ,Time: 0.00
It: 23400, Loss: 1.208e+03, Loss_bcs: 6.788e+01, Loss_res: 1.140e+03 ,Time: 0.00
It: 23500, Loss: 1.203e+03, Loss_bcs: 6.799e+01, Loss_res: 1.135e+03 ,Time: 0.00
It: 23600, Loss: 1.199e+03, Loss_bcs: 6.810e+01, Loss_res: 1.131e+03 ,Time: 0.00
It: 23700, Loss: 1.195e+03, Loss_bcs: 6.820e+01, Loss_res: 1.126e+03 ,Time: 0.00
It: 23800, Loss: 1.190e+03, Loss_bcs: 6.831e+01, Loss_res: 1.122e+03 ,Time: 0.00
It: 23900, Loss: 1.186e+03, Loss_bcs: 6.842e+01, Loss_res: 1.118e+03 ,Time: 0.00
It: 24000, Loss: 1.182e+03, Loss_bcs: 6.852e+01, Loss_res: 1.114e+03 ,Time: 0.00
Compute NTK...
It: 24100, Loss: 1.178e+03, Loss_bcs: 6.863e+01, Loss_res: 1.109e+03 ,Time: 0.00
It: 24200, Loss: 1.174e+03, Loss_bcs: 6.873e+01, Loss_res: 1.105e+03 ,Time: 0.00
It: 24300, Loss: 1.170e+03, Loss_bcs: 6.883e+01, Loss_res: 1.101e+03 ,Time: 0.00
It: 24400, Loss: 1.166e+03, Loss_bcs: 6.893e+01, Loss_res: 1.097e+03 ,Time: 0.00
It: 24500, Loss: 1.162e+03, Loss_bcs: 6.903e+01, Loss_res: 1.093e+03 ,Time: 0.00
It: 24600, Loss: 1.159e+03, Loss_bcs: 6.913e+01, Loss_res: 1.090e+03 ,Time: 0.00
It: 24700, Loss: 1.155e+03, Loss_bcs: 6.922e+01, Loss_res: 1.086e+03 ,Time: 0.00
It: 24800, Loss: 1.151e+03, Loss_bcs: 6.932e+01, Loss_res: 1.082e+03 ,Time: 0.00
It: 24900, Loss: 1.148e+03, Loss_bcs: 6.941e+01, Loss_res: 1.078e+03 ,Time: 0.00
It: 25000, Loss: 1.144e+03, Loss_bcs: 6.951e+01, Loss_res: 1.075e+03 ,Time: 0.00
Compute NTK...
It: 25100, Loss: 1.141e+03, Loss_bcs: 6.960e+01, Loss_res: 1.071e+03 ,Time: 0.00
It: 25200, Loss: 1.137e+03, Loss_bcs: 6.969e+01, Loss_res: 1.067e+03 ,Time: 0.00
It: 25300, Loss: 1.134e+03, Loss_bcs: 6.978e+01, Loss_res: 1.064e+03 ,Time: 0.00
It: 25400, Loss: 1.130e+03, Loss_bcs: 6.987e+01, Loss_res: 1.060e+03 ,Time: 0.00
It: 25500, Loss: 1.127e+03, Loss_bcs: 6.996e+01, Loss_res: 1.057e+03 ,Time: 0.00
It: 25600, Loss: 1.124e+03, Loss_bcs: 7.004e+01, Loss_res: 1.053e+03 ,Time: 0.00
It: 25700, Loss: 1.120e+03, Loss_bcs: 7.013e+01, Loss_res: 1.050e+03 ,Time: 0.00
It: 25800, Loss: 1.117e+03, Loss_bcs: 7.021e+01, Loss_res: 1.047e+03 ,Time: 0.00
It: 25900, Loss: 1.114e+03, Loss_bcs: 7.029e+01, Loss_res: 1.044e+03 ,Time: 0.00
It: 26000, Loss: 1.111e+03, Loss_bcs: 7.038e+01, Loss_res: 1.040e+03 ,Time: 0.00
Compute NTK...
It: 26100, Loss: 1.108e+03, Loss_bcs: 7.046e+01, Loss_res: 1.037e+03 ,Time: 0.00
It: 26200, Loss: 1.105e+03, Loss_bcs: 7.054e+01, Loss_res: 1.034e+03 ,Time: 0.00
It: 26300, Loss: 1.102e+03, Loss_bcs: 7.062e+01, Loss_res: 1.031e+03 ,Time: 0.00
It: 26400, Loss: 1.099e+03, Loss_bcs: 7.069e+01, Loss_res: 1.028e+03 ,Time: 0.00
It: 26500, Loss: 1.096e+03, Loss_bcs: 7.077e+01, Loss_res: 1.025e+03 ,Time: 0.00
It: 26600, Loss: 1.093e+03, Loss_bcs: 7.085e+01, Loss_res: 1.022e+03 ,Time: 0.00
It: 26700, Loss: 1.090e+03, Loss_bcs: 7.092e+01, Loss_res: 1.019e+03 ,Time: 0.00
It: 26800, Loss: 1.087e+03, Loss_bcs: 7.100e+01, Loss_res: 1.016e+03 ,Time: 0.00
It: 26900, Loss: 1.085e+03, Loss_bcs: 7.107e+01, Loss_res: 1.014e+03 ,Time: 0.00
It: 27000, Loss: 1.082e+03, Loss_bcs: 7.114e+01, Loss_res: 1.011e+03 ,Time: 0.00
Compute NTK...
It: 27100, Loss: 1.079e+03, Loss_bcs: 7.121e+01, Loss_res: 1.008e+03 ,Time: 0.00
It: 27200, Loss: 1.077e+03, Loss_bcs: 7.128e+01, Loss_res: 1.005e+03 ,Time: 0.00
It: 27300, Loss: 1.074e+03, Loss_bcs: 7.135e+01, Loss_res: 1.003e+03 ,Time: 0.00
It: 27400, Loss: 1.071e+03, Loss_bcs: 7.142e+01, Loss_res: 1.000e+03 ,Time: 0.00
It: 27500, Loss: 1.069e+03, Loss_bcs: 7.149e+01, Loss_res: 9.974e+02 ,Time: 0.00
It: 27600, Loss: 1.066e+03, Loss_bcs: 7.155e+01, Loss_res: 9.948e+02 ,Time: 0.00
It: 27700, Loss: 1.064e+03, Loss_bcs: 7.162e+01, Loss_res: 9.923e+02 ,Time: 0.00
It: 27800, Loss: 1.061e+03, Loss_bcs: 7.168e+01, Loss_res: 9.898e+02 ,Time: 0.01
It: 27900, Loss: 1.059e+03, Loss_bcs: 7.175e+01, Loss_res: 9.874e+02 ,Time: 0.00
It: 28000, Loss: 1.057e+03, Loss_bcs: 7.181e+01, Loss_res: 9.849e+02 ,Time: 0.00
Compute NTK...
It: 28100, Loss: 1.054e+03, Loss_bcs: 7.187e+01, Loss_res: 9.826e+02 ,Time: 0.00
It: 28200, Loss: 1.052e+03, Loss_bcs: 7.194e+01, Loss_res: 9.802e+02 ,Time: 0.00
It: 28300, Loss: 1.050e+03, Loss_bcs: 7.200e+01, Loss_res: 9.779e+02 ,Time: 0.00
It: 28400, Loss: 1.048e+03, Loss_bcs: 7.206e+01, Loss_res: 9.756e+02 ,Time: 0.00
It: 28500, Loss: 1.045e+03, Loss_bcs: 7.211e+01, Loss_res: 9.733e+02 ,Time: 0.00
It: 28600, Loss: 1.043e+03, Loss_bcs: 7.217e+01, Loss_res: 9.710e+02 ,Time: 0.00
It: 28700, Loss: 1.041e+03, Loss_bcs: 7.223e+01, Loss_res: 9.688e+02 ,Time: 0.00
It: 28800, Loss: 1.039e+03, Loss_bcs: 7.229e+01, Loss_res: 9.666e+02 ,Time: 0.00
It: 28900, Loss: 1.037e+03, Loss_bcs: 7.234e+01, Loss_res: 9.644e+02 ,Time: 0.00
It: 29000, Loss: 1.035e+03, Loss_bcs: 7.240e+01, Loss_res: 9.623e+02 ,Time: 0.00
Compute NTK...
It: 29100, Loss: 1.033e+03, Loss_bcs: 7.246e+01, Loss_res: 9.602e+02 ,Time: 0.00
It: 29200, Loss: 1.031e+03, Loss_bcs: 7.251e+01, Loss_res: 9.581e+02 ,Time: 0.00
It: 29300, Loss: 1.029e+03, Loss_bcs: 7.256e+01, Loss_res: 9.560e+02 ,Time: 0.00
It: 29400, Loss: 1.027e+03, Loss_bcs: 7.262e+01, Loss_res: 9.539e+02 ,Time: 0.00
It: 29500, Loss: 1.025e+03, Loss_bcs: 7.267e+01, Loss_res: 9.519e+02 ,Time: 0.00
It: 29600, Loss: 1.023e+03, Loss_bcs: 7.272e+01, Loss_res: 9.499e+02 ,Time: 0.00
It: 29700, Loss: 1.021e+03, Loss_bcs: 7.277e+01, Loss_res: 9.479e+02 ,Time: 0.00
It: 29800, Loss: 1.019e+03, Loss_bcs: 7.282e+01, Loss_res: 9.460e+02 ,Time: 0.01
It: 29900, Loss: 1.017e+03, Loss_bcs: 7.287e+01, Loss_res: 9.441e+02 ,Time: 0.00
It: 30000, Loss: 1.015e+03, Loss_bcs: 7.292e+01, Loss_res: 9.422e+02 ,Time: 0.00
Compute NTK...
It: 30100, Loss: 1.013e+03, Loss_bcs: 7.297e+01, Loss_res: 9.403e+02 ,Time: 0.00
It: 30200, Loss: 1.012e+03, Loss_bcs: 7.302e+01, Loss_res: 9.385e+02 ,Time: 0.00
It: 30300, Loss: 1.010e+03, Loss_bcs: 7.307e+01, Loss_res: 9.367e+02 ,Time: 0.00
It: 30400, Loss: 1.008e+03, Loss_bcs: 7.312e+01, Loss_res: 9.349e+02 ,Time: 0.00
It: 30500, Loss: 1.006e+03, Loss_bcs: 7.316e+01, Loss_res: 9.332e+02 ,Time: 0.00
It: 30600, Loss: 1.005e+03, Loss_bcs: 7.321e+01, Loss_res: 9.315e+02 ,Time: 0.00
It: 30700, Loss: 1.003e+03, Loss_bcs: 7.325e+01, Loss_res: 9.297e+02 ,Time: 0.00
It: 30800, Loss: 1.001e+03, Loss_bcs: 7.330e+01, Loss_res: 9.281e+02 ,Time: 0.00
It: 30900, Loss: 9.997e+02, Loss_bcs: 7.334e+01, Loss_res: 9.264e+02 ,Time: 0.00
It: 31000, Loss: 9.981e+02, Loss_bcs: 7.339e+01, Loss_res: 9.247e+02 ,Time: 0.00
Compute NTK...
It: 31100, Loss: 9.965e+02, Loss_bcs: 7.343e+01, Loss_res: 9.231e+02 ,Time: 0.00
It: 31200, Loss: 9.950e+02, Loss_bcs: 7.347e+01, Loss_res: 9.215e+02 ,Time: 0.00
It: 31300, Loss: 9.934e+02, Loss_bcs: 7.351e+01, Loss_res: 9.199e+02 ,Time: 0.00
It: 31400, Loss: 9.919e+02, Loss_bcs: 7.355e+01, Loss_res: 9.183e+02 ,Time: 0.00
It: 31500, Loss: 9.904e+02, Loss_bcs: 7.360e+01, Loss_res: 9.168e+02 ,Time: 0.00
It: 31600, Loss: 9.889e+02, Loss_bcs: 7.364e+01, Loss_res: 9.152e+02 ,Time: 0.00
It: 31700, Loss: 9.874e+02, Loss_bcs: 7.368e+01, Loss_res: 9.137e+02 ,Time: 0.00
It: 31800, Loss: 9.860e+02, Loss_bcs: 7.372e+01, Loss_res: 9.122e+02 ,Time: 0.00
It: 31900, Loss: 9.845e+02, Loss_bcs: 7.376e+01, Loss_res: 9.108e+02 ,Time: 0.00
It: 32000, Loss: 9.831e+02, Loss_bcs: 7.379e+01, Loss_res: 9.093e+02 ,Time: 0.00
Compute NTK...
It: 32100, Loss: 9.817e+02, Loss_bcs: 7.383e+01, Loss_res: 9.078e+02 ,Time: 0.00
It: 32200, Loss: 9.803e+02, Loss_bcs: 7.387e+01, Loss_res: 9.064e+02 ,Time: 0.00
It: 32300, Loss: 9.789e+02, Loss_bcs: 7.391e+01, Loss_res: 9.050e+02 ,Time: 0.00
It: 32400, Loss: 9.776e+02, Loss_bcs: 7.395e+01, Loss_res: 9.036e+02 ,Time: 0.00
It: 32500, Loss: 9.762e+02, Loss_bcs: 7.398e+01, Loss_res: 9.022e+02 ,Time: 0.00
It: 32600, Loss: 9.749e+02, Loss_bcs: 7.402e+01, Loss_res: 9.009e+02 ,Time: 0.00
It: 32700, Loss: 9.736e+02, Loss_bcs: 7.405e+01, Loss_res: 8.995e+02 ,Time: 0.00
It: 32800, Loss: 9.723e+02, Loss_bcs: 7.409e+01, Loss_res: 8.982e+02 ,Time: 0.00
It: 32900, Loss: 9.710e+02, Loss_bcs: 7.413e+01, Loss_res: 8.969e+02 ,Time: 0.00
It: 33000, Loss: 9.697e+02, Loss_bcs: 7.416e+01, Loss_res: 8.956e+02 ,Time: 0.00
Compute NTK...
It: 33100, Loss: 9.685e+02, Loss_bcs: 7.420e+01, Loss_res: 8.943e+02 ,Time: 0.00
It: 33200, Loss: 9.673e+02, Loss_bcs: 7.423e+01, Loss_res: 8.930e+02 ,Time: 0.00
It: 33300, Loss: 9.661e+02, Loss_bcs: 7.426e+01, Loss_res: 8.918e+02 ,Time: 0.00
It: 33400, Loss: 9.649e+02, Loss_bcs: 7.430e+01, Loss_res: 8.906e+02 ,Time: 0.00
It: 33500, Loss: 9.637e+02, Loss_bcs: 7.433e+01, Loss_res: 8.894e+02 ,Time: 0.00
It: 33600, Loss: 9.626e+02, Loss_bcs: 7.436e+01, Loss_res: 8.882e+02 ,Time: 0.00
It: 33700, Loss: 9.615e+02, Loss_bcs: 7.440e+01, Loss_res: 8.871e+02 ,Time: 0.00
It: 33800, Loss: 9.604e+02, Loss_bcs: 7.443e+01, Loss_res: 8.859e+02 ,Time: 0.00
It: 33900, Loss: 9.593e+02, Loss_bcs: 7.446e+01, Loss_res: 8.848e+02 ,Time: 0.00
It: 34000, Loss: 9.582e+02, Loss_bcs: 7.449e+01, Loss_res: 8.837e+02 ,Time: 0.00
Compute NTK...
It: 34100, Loss: 9.571e+02, Loss_bcs: 7.452e+01, Loss_res: 8.826e+02 ,Time: 0.00
It: 34200, Loss: 9.560e+02, Loss_bcs: 7.456e+01, Loss_res: 8.815e+02 ,Time: 0.00
It: 34300, Loss: 9.550e+02, Loss_bcs: 7.459e+01, Loss_res: 8.804e+02 ,Time: 0.00
It: 34400, Loss: 9.539e+02, Loss_bcs: 7.462e+01, Loss_res: 8.793e+02 ,Time: 0.00
It: 34500, Loss: 9.529e+02, Loss_bcs: 7.465e+01, Loss_res: 8.783e+02 ,Time: 0.00
It: 34600, Loss: 9.519e+02, Loss_bcs: 7.468e+01, Loss_res: 8.772e+02 ,Time: 0.00
It: 34700, Loss: 9.509e+02, Loss_bcs: 7.471e+01, Loss_res: 8.762e+02 ,Time: 0.00
It: 34800, Loss: 9.499e+02, Loss_bcs: 7.474e+01, Loss_res: 8.752e+02 ,Time: 0.00
It: 34900, Loss: 9.489e+02, Loss_bcs: 7.476e+01, Loss_res: 8.742e+02 ,Time: 0.00
It: 35000, Loss: 9.479e+02, Loss_bcs: 7.479e+01, Loss_res: 8.732e+02 ,Time: 0.00
Compute NTK...
It: 35100, Loss: 9.470e+02, Loss_bcs: 7.482e+01, Loss_res: 8.722e+02 ,Time: 0.00
It: 35200, Loss: 9.460e+02, Loss_bcs: 7.485e+01, Loss_res: 8.712e+02 ,Time: 0.00
It: 35300, Loss: 9.451e+02, Loss_bcs: 7.488e+01, Loss_res: 8.702e+02 ,Time: 0.00
It: 35400, Loss: 9.441e+02, Loss_bcs: 7.490e+01, Loss_res: 8.692e+02 ,Time: 0.00
It: 35500, Loss: 9.432e+02, Loss_bcs: 7.493e+01, Loss_res: 8.683e+02 ,Time: 0.01
It: 35600, Loss: 9.423e+02, Loss_bcs: 7.496e+01, Loss_res: 8.673e+02 ,Time: 0.00
It: 35700, Loss: 9.414e+02, Loss_bcs: 7.499e+01, Loss_res: 8.664e+02 ,Time: 0.00
It: 35800, Loss: 9.405e+02, Loss_bcs: 7.501e+01, Loss_res: 8.655e+02 ,Time: 0.00
It: 35900, Loss: 9.396e+02, Loss_bcs: 7.504e+01, Loss_res: 8.646e+02 ,Time: 0.00
It: 36000, Loss: 9.387e+02, Loss_bcs: 7.506e+01, Loss_res: 8.636e+02 ,Time: 0.00
Compute NTK...
It: 36100, Loss: 9.378e+02, Loss_bcs: 7.509e+01, Loss_res: 8.627e+02 ,Time: 0.00
It: 36200, Loss: 9.370e+02, Loss_bcs: 7.511e+01, Loss_res: 8.619e+02 ,Time: 0.00
It: 36300, Loss: 9.361e+02, Loss_bcs: 7.514e+01, Loss_res: 8.610e+02 ,Time: 0.00
It: 36400, Loss: 9.353e+02, Loss_bcs: 7.516e+01, Loss_res: 8.601e+02 ,Time: 0.00
It: 36500, Loss: 9.344e+02, Loss_bcs: 7.519e+01, Loss_res: 8.592e+02 ,Time: 0.00
It: 36600, Loss: 9.336e+02, Loss_bcs: 7.521e+01, Loss_res: 8.584e+02 ,Time: 0.00
It: 36700, Loss: 9.328e+02, Loss_bcs: 7.523e+01, Loss_res: 8.575e+02 ,Time: 0.00
It: 36800, Loss: 9.320e+02, Loss_bcs: 7.525e+01, Loss_res: 8.567e+02 ,Time: 0.00
It: 36900, Loss: 9.312e+02, Loss_bcs: 7.528e+01, Loss_res: 8.559e+02 ,Time: 0.00
It: 37000, Loss: 9.304e+02, Loss_bcs: 7.530e+01, Loss_res: 8.551e+02 ,Time: 0.00
Compute NTK...
It: 37100, Loss: 9.296e+02, Loss_bcs: 7.532e+01, Loss_res: 8.543e+02 ,Time: 0.00
It: 37200, Loss: 9.288e+02, Loss_bcs: 7.534e+01, Loss_res: 8.535e+02 ,Time: 0.00
It: 37300, Loss: 9.281e+02, Loss_bcs: 7.536e+01, Loss_res: 8.527e+02 ,Time: 0.00
It: 37400, Loss: 9.273e+02, Loss_bcs: 7.538e+01, Loss_res: 8.519e+02 ,Time: 0.00
It: 37500, Loss: 9.265e+02, Loss_bcs: 7.541e+01, Loss_res: 8.511e+02 ,Time: 0.00
It: 37600, Loss: 9.258e+02, Loss_bcs: 7.543e+01, Loss_res: 8.504e+02 ,Time: 0.00
It: 37700, Loss: 9.251e+02, Loss_bcs: 7.545e+01, Loss_res: 8.496e+02 ,Time: 0.00
It: 37800, Loss: 9.243e+02, Loss_bcs: 7.547e+01, Loss_res: 8.489e+02 ,Time: 0.00
It: 37900, Loss: 9.236e+02, Loss_bcs: 7.549e+01, Loss_res: 8.481e+02 ,Time: 0.00
It: 38000, Loss: 9.229e+02, Loss_bcs: 7.550e+01, Loss_res: 8.474e+02 ,Time: 0.00
Compute NTK...
It: 38100, Loss: 9.222e+02, Loss_bcs: 7.552e+01, Loss_res: 8.467e+02 ,Time: 0.00
It: 38200, Loss: 9.215e+02, Loss_bcs: 7.554e+01, Loss_res: 8.460e+02 ,Time: 0.00
It: 38300, Loss: 9.209e+02, Loss_bcs: 7.556e+01, Loss_res: 8.453e+02 ,Time: 0.00
It: 38400, Loss: 9.202e+02, Loss_bcs: 7.558e+01, Loss_res: 8.447e+02 ,Time: 0.00
It: 38500, Loss: 9.196e+02, Loss_bcs: 7.560e+01, Loss_res: 8.440e+02 ,Time: 0.00
It: 38600, Loss: 9.190e+02, Loss_bcs: 7.561e+01, Loss_res: 8.434e+02 ,Time: 0.00
It: 38700, Loss: 9.184e+02, Loss_bcs: 7.563e+01, Loss_res: 8.427e+02 ,Time: 0.00
It: 38800, Loss: 9.178e+02, Loss_bcs: 7.565e+01, Loss_res: 8.421e+02 ,Time: 0.00
It: 38900, Loss: 9.172e+02, Loss_bcs: 7.567e+01, Loss_res: 8.415e+02 ,Time: 0.00
It: 39000, Loss: 9.166e+02, Loss_bcs: 7.568e+01, Loss_res: 8.409e+02 ,Time: 0.00
Compute NTK...
It: 39100, Loss: 9.160e+02, Loss_bcs: 7.570e+01, Loss_res: 8.403e+02 ,Time: 0.00
It: 39200, Loss: 9.154e+02, Loss_bcs: 7.572e+01, Loss_res: 8.396e+02 ,Time: 0.00
It: 39300, Loss: 9.148e+02, Loss_bcs: 7.573e+01, Loss_res: 8.390e+02 ,Time: 0.00
It: 39400, Loss: 9.142e+02, Loss_bcs: 7.575e+01, Loss_res: 8.385e+02 ,Time: 0.00
It: 39500, Loss: 9.136e+02, Loss_bcs: 7.576e+01, Loss_res: 8.379e+02 ,Time: 0.00
It: 39600, Loss: 9.131e+02, Loss_bcs: 7.578e+01, Loss_res: 8.373e+02 ,Time: 0.00
It: 39700, Loss: 9.125e+02, Loss_bcs: 7.580e+01, Loss_res: 8.367e+02 ,Time: 0.00
It: 39800, Loss: 9.119e+02, Loss_bcs: 7.581e+01, Loss_res: 8.361e+02 ,Time: 0.00
It: 39900, Loss: 9.114e+02, Loss_bcs: 7.583e+01, Loss_res: 8.356e+02 ,Time: 0.00
Gradients information stored ...
It: 40000, Loss: 9.109e+02, Loss_bcs: 7.584e+01, Loss_res: 8.350e+02 ,Time: 0.28
Compute NTK...
Save uv NN parameters successfully in %s ...checkpoints/Dec-08-2023_23-57-56-831349_M5
Final loss total loss: 9.108662e+02
Final loss loss_res: 8.350256e+02
Final loss loss_bcs: 7.584061e+01
