It: 0, loss: 3.945e-01| loss_res: 2.898e-01| loss_f: 2.929e-01| loss_bc1: 3.480e-02| loss_bc2: 1.627e-02| loss_bc3: 3.396e-02| loss_bc4: 1.656e-02|Time: 0.94
mean_grad_res: 0.004536
mean_grad_bcs: 0.018836
Gradients information stored ...
It: 100, loss: 1.729e+01| loss_res: 2.646e-01| loss_f: 2.694e-01| loss_bc1: 1.260e-03| loss_bc2: 1.092e-03| loss_bc3: 1.155e-04| loss_bc4: 4.511e-04|Time: 0.00
mean_grad_res: 0.011830
mean_grad_bcs: 0.060686
Gradients information stored ...
It: 200, loss: 1.729e+01| loss_res: 2.941e-01| loss_f: 2.697e-01| loss_bc1: 7.735e-04| loss_bc2: 1.852e-04| loss_bc3: 4.613e-04| loss_bc4: 5.612e-04|Time: 0.00
mean_grad_res: 0.008948
mean_grad_bcs: 0.072840
It: 300, loss: 1.677e+01| loss_res: 2.797e-01| loss_f: 2.613e-01| loss_bc1: 1.513e-03| loss_bc2: 2.563e-04| loss_bc3: 2.763e-04| loss_bc4: 7.997e-04|Time: 0.01
mean_grad_res: 0.006321
mean_grad_bcs: 0.008065
It: 400, loss: 1.528e+01| loss_res: 2.554e-01| loss_f: 2.367e-01| loss_bc1: 2.833e-03| loss_bc2: 7.688e-05| loss_bc3: 1.087e-03| loss_bc4: 1.516e-03|Time: 0.00
mean_grad_res: 0.003865
mean_grad_bcs: 0.076901
It: 500, loss: 1.763e+01| loss_res: 2.897e-01| loss_f: 2.751e-01| loss_bc1: 4.917e-04| loss_bc2: 6.478e-04| loss_bc3: 9.585e-04| loss_bc4: 1.219e-04|Time: 0.00
mean_grad_res: 0.006520
mean_grad_bcs: 0.022161
It: 600, loss: 1.707e+01| loss_res: 2.763e-01| loss_f: 2.650e-01| loss_bc1: 2.914e-03| loss_bc2: 4.305e-04| loss_bc3: 1.772e-04| loss_bc4: 1.508e-03|Time: 0.00
mean_grad_res: 0.000895
mean_grad_bcs: 0.058305
It: 700, loss: 1.518e+01| loss_res: 2.652e-01| loss_f: 2.361e-01| loss_bc1: 1.882e-03| loss_bc2: 2.751e-04| loss_bc3: 2.155e-04| loss_bc4: 1.012e-03|Time: 0.00
mean_grad_res: 0.004705
mean_grad_bcs: 0.037126
It: 800, loss: 1.681e+01| loss_res: 2.926e-01| loss_f: 2.620e-01| loss_bc1: 7.669e-04| loss_bc2: 3.343e-04| loss_bc3: 1.350e-03| loss_bc4: 2.293e-04|Time: 0.00
mean_grad_res: 0.006138
mean_grad_bcs: 0.015125
It: 900, loss: 1.589e+01| loss_res: 2.725e-01| loss_f: 2.462e-01| loss_bc1: 1.630e-03| loss_bc2: 1.115e-03| loss_bc3: 2.221e-03| loss_bc4: 8.060e-04|Time: 0.00
mean_grad_res: 0.013325
mean_grad_bcs: 0.055160
It: 1000, loss: 1.544e+01| loss_res: 3.092e-01| loss_f: 2.402e-01| loss_bc1: 4.239e-04| loss_bc2: 4.684e-04| loss_bc3: 1.785e-03| loss_bc4: 8.408e-04|Time: 0.00
mean_grad_res: 0.001162
mean_grad_bcs: 0.059300
Gradients information stored ...
It: 1100, loss: 1.501e+01| loss_res: 3.288e-01| loss_f: 2.321e-01| loss_bc1: 1.984e-03| loss_bc2: 1.107e-03| loss_bc3: 2.967e-03| loss_bc4: 3.335e-04|Time: 0.01
mean_grad_res: 0.003942
mean_grad_bcs: 0.028720
It: 1200, loss: 1.847e+01| loss_res: 3.535e-01| loss_f: 2.875e-01| loss_bc1: 9.460e-04| loss_bc2: 2.931e-04| loss_bc3: 2.398e-03| loss_bc4: 1.287e-04|Time: 0.00
mean_grad_res: 0.006480
mean_grad_bcs: 0.017302
It: 1300, loss: 1.558e+01| loss_res: 3.686e-01| loss_f: 2.421e-01| loss_bc1: 2.609e-03| loss_bc2: 6.217e-05| loss_bc3: 1.106e-03| loss_bc4: 3.378e-04|Time: 0.01
mean_grad_res: 0.007166
mean_grad_bcs: 0.062758
It: 1400, loss: 1.655e+01| loss_res: 3.532e-01| loss_f: 2.553e-01| loss_bc1: 2.671e-03| loss_bc2: 1.688e-03| loss_bc3: 3.072e-03| loss_bc4: 7.473e-04|Time: 0.01
mean_grad_res: 0.002834
mean_grad_bcs: 0.072135
It: 1500, loss: 1.701e+01| loss_res: 3.775e-01| loss_f: 2.648e-01| loss_bc1: 1.107e-03| loss_bc2: 2.588e-04| loss_bc3: 1.787e-03| loss_bc4: 1.307e-04|Time: 0.01
mean_grad_res: 0.011916
mean_grad_bcs: 0.018383
It: 1600, loss: 1.551e+01| loss_res: 3.741e-01| loss_f: 2.408e-01| loss_bc1: 2.151e-03| loss_bc2: 3.631e-04| loss_bc3: 1.575e-03| loss_bc4: 3.017e-04|Time: 0.01
mean_grad_res: 0.005059
mean_grad_bcs: 0.048452
It: 1700, loss: 2.013e+01| loss_res: 4.249e-01| loss_f: 3.127e-01| loss_bc1: 3.398e-03| loss_bc2: 5.192e-04| loss_bc3: 7.595e-04| loss_bc4: 8.792e-04|Time: 0.00
mean_grad_res: 0.003291
mean_grad_bcs: 0.068308
It: 1800, loss: 1.743e+01| loss_res: 4.002e-01| loss_f: 2.705e-01| loss_bc1: 1.698e-03| loss_bc2: 1.905e-04| loss_bc3: 2.760e-03| loss_bc4: 3.931e-04|Time: 0.00
mean_grad_res: 0.003266
mean_grad_bcs: 0.031668
It: 1900, loss: 1.821e+01| loss_res: 4.880e-01| loss_f: 2.821e-01| loss_bc1: 1.128e-03| loss_bc2: 2.346e-04| loss_bc3: 3.587e-03| loss_bc4: 1.706e-03|Time: 0.01
mean_grad_res: 0.004078
mean_grad_bcs: 0.062873
It: 2000, loss: 2.068e+01| loss_res: 4.858e-01| loss_f: 3.219e-01| loss_bc1: 2.862e-03| loss_bc2: 4.503e-05| loss_bc3: 1.166e-03| loss_bc4: 2.364e-04|Time: 0.00
mean_grad_res: 0.012890
mean_grad_bcs: 0.045523
It: 2100, loss: 1.389e+01| loss_res: 3.238e-01| loss_f: 2.154e-01| loss_bc1: 2.319e-03| loss_bc2: 3.769e-05| loss_bc3: 2.005e-03| loss_bc4: 2.920e-04|Time: 0.01
mean_grad_res: 0.005920
mean_grad_bcs: 0.032599
It: 2200, loss: 1.566e+01| loss_res: 3.657e-01| loss_f: 2.409e-01| loss_bc1: 1.013e-03| loss_bc2: 7.122e-04| loss_bc3: 4.184e-03| loss_bc4: 3.649e-03|Time: 0.01
mean_grad_res: 0.006752
mean_grad_bcs: 0.076762
It: 2300, loss: 1.634e+01| loss_res: 3.467e-01| loss_f: 2.533e-01| loss_bc1: 2.976e-03| loss_bc2: 9.518e-05| loss_bc3: 1.873e-03| loss_bc4: 6.883e-04|Time: 0.00
mean_grad_res: 0.001969
mean_grad_bcs: 0.032196
It: 2400, loss: 1.558e+01| loss_res: 4.023e-01| loss_f: 2.400e-01| loss_bc1: 4.396e-03| loss_bc2: 7.359e-04| loss_bc3: 2.212e-03| loss_bc4: 1.029e-03|Time: 0.00
mean_grad_res: 0.004337
mean_grad_bcs: 0.034694
It: 2500, loss: 1.721e+01| loss_res: 4.779e-01| loss_f: 2.670e-01| loss_bc1: 1.680e-03| loss_bc2: 3.111e-04| loss_bc3: 2.882e-03| loss_bc4: 3.085e-04|Time: 0.00
mean_grad_res: 0.004993
mean_grad_bcs: 0.043368
It: 2600, loss: 1.516e+01| loss_res: 2.961e-01| loss_f: 2.353e-01| loss_bc1: 2.028e-03| loss_bc2: 2.834e-04| loss_bc3: 1.861e-03| loss_bc4: 4.844e-04|Time: 0.00
mean_grad_res: 0.003024
mean_grad_bcs: 0.020474
It: 2700, loss: 1.677e+01| loss_res: 3.897e-01| loss_f: 2.611e-01| loss_bc1: 1.483e-03| loss_bc2: 9.442e-05| loss_bc3: 1.682e-03| loss_bc4: 3.598e-05|Time: 0.01
mean_grad_res: 0.002662
mean_grad_bcs: 0.018532
It: 2800, loss: 1.690e+01| loss_res: 4.241e-01| loss_f: 2.621e-01| loss_bc1: 1.780e-03| loss_bc2: 2.397e-04| loss_bc3: 3.163e-03| loss_bc4: 1.994e-04|Time: 0.01
mean_grad_res: 0.004614
mean_grad_bcs: 0.033072
It: 2900, loss: 1.285e+01| loss_res: 3.456e-01| loss_f: 1.992e-01| loss_bc1: 1.539e-03| loss_bc2: 3.175e-04| loss_bc3: 2.050e-03| loss_bc4: 3.271e-04|Time: 0.00
mean_grad_res: 0.004488
mean_grad_bcs: 0.015262
It: 3000, loss: 1.639e+01| loss_res: 3.902e-01| loss_f: 2.538e-01| loss_bc1: 1.033e-03| loss_bc2: 7.661e-04| loss_bc3: 4.042e-03| loss_bc4: 3.172e-04|Time: 0.00
mean_grad_res: 0.004376
mean_grad_bcs: 0.036841
It: 3100, loss: 1.528e+01| loss_res: 3.857e-01| loss_f: 2.364e-01| loss_bc1: 2.992e-03| loss_bc2: 1.235e-04| loss_bc3: 2.818e-03| loss_bc4: 2.652e-04|Time: 0.01
mean_grad_res: 0.002361
mean_grad_bcs: 0.034895
It: 3200, loss: 1.487e+01| loss_res: 3.704e-01| loss_f: 2.297e-01| loss_bc1: 4.496e-03| loss_bc2: 9.747e-04| loss_bc3: 1.237e-03| loss_bc4: 1.124e-04|Time: 0.00
mean_grad_res: 0.001826
mean_grad_bcs: 0.040671
It: 3300, loss: 1.572e+01| loss_res: 4.157e-01| loss_f: 2.442e-01| loss_bc1: 2.373e-03| loss_bc2: 2.656e-04| loss_bc3: 1.240e-03| loss_bc4: 3.396e-04|Time: 0.00
mean_grad_res: 0.004899
mean_grad_bcs: 0.021636
It: 3400, loss: 1.549e+01| loss_res: 3.131e-01| loss_f: 2.411e-01| loss_bc1: 1.978e-03| loss_bc2: 4.728e-05| loss_bc3: 8.905e-04| loss_bc4: 3.470e-04|Time: 0.00
mean_grad_res: 0.005848
mean_grad_bcs: 0.045307
It: 3500, loss: 1.577e+01| loss_res: 3.175e-01| loss_f: 2.450e-01| loss_bc1: 2.111e-03| loss_bc2: 5.354e-05| loss_bc3: 1.222e-03| loss_bc4: 6.688e-04|Time: 0.00
mean_grad_res: 0.007906
mean_grad_bcs: 0.020544
It: 3600, loss: 1.801e+01| loss_res: 4.318e-01| loss_f: 2.796e-01| loss_bc1: 3.053e-03| loss_bc2: 2.837e-05| loss_bc3: 1.484e-03| loss_bc4: 7.005e-04|Time: 0.00
mean_grad_res: 0.002659
mean_grad_bcs: 0.029565
It: 3700, loss: 1.391e+01| loss_res: 4.418e-01| loss_f: 2.149e-01| loss_bc1: 3.805e-03| loss_bc2: 2.560e-04| loss_bc3: 1.982e-03| loss_bc4: 1.467e-04|Time: 0.01
mean_grad_res: 0.005903
mean_grad_bcs: 0.033277
It: 3800, loss: 1.591e+01| loss_res: 4.196e-01| loss_f: 2.449e-01| loss_bc1: 3.804e-03| loss_bc2: 1.038e-03| loss_bc3: 1.428e-03| loss_bc4: 2.796e-03|Time: 0.00
mean_grad_res: 0.002572
mean_grad_bcs: 0.086210
It: 3900, loss: 1.758e+01| loss_res: 4.353e-01| loss_f: 2.735e-01| loss_bc1: 1.708e-03| loss_bc2: 1.632e-04| loss_bc3: 1.825e-03| loss_bc4: 9.906e-05|Time: 0.00
mean_grad_res: 0.005344
mean_grad_bcs: 0.013094
It: 4000, loss: 1.385e+01| loss_res: 3.266e-01| loss_f: 2.149e-01| loss_bc1: 1.796e-03| loss_bc2: 4.542e-05| loss_bc3: 2.121e-03| loss_bc4: 7.871e-05|Time: 0.00
mean_grad_res: 0.003827
mean_grad_bcs: 0.010315
It: 4100, loss: 1.725e+01| loss_res: 4.709e-01| loss_f: 2.682e-01| loss_bc1: 1.692e-03| loss_bc2: 4.674e-05| loss_bc3: 2.367e-03| loss_bc4: 1.243e-04|Time: 0.00
mean_grad_res: 0.003666
mean_grad_bcs: 0.012933
It: 4200, loss: 1.533e+01| loss_res: 4.137e-01| loss_f: 2.370e-01| loss_bc1: 2.482e-03| loss_bc2: 5.174e-05| loss_bc3: 3.020e-03| loss_bc4: 1.070e-03|Time: 0.00
mean_grad_res: 0.005123
mean_grad_bcs: 0.043660
It: 4300, loss: 1.746e+01| loss_res: 3.909e-01| loss_f: 2.703e-01| loss_bc1: 2.873e-03| loss_bc2: 1.937e-04| loss_bc3: 2.587e-03| loss_bc4: 1.055e-03|Time: 0.01
mean_grad_res: 0.001434
mean_grad_bcs: 0.056246
It: 4400, loss: 1.591e+01| loss_res: 3.509e-01| loss_f: 2.460e-01| loss_bc1: 3.565e-03| loss_bc2: 1.401e-03| loss_bc3: 5.575e-04| loss_bc4: 1.285e-03|Time: 0.00
mean_grad_res: 0.004969
mean_grad_bcs: 0.059208
It: 4500, loss: 1.710e+01| loss_res: 3.880e-01| loss_f: 2.657e-01| loss_bc1: 2.160e-03| loss_bc2: 6.972e-05| loss_bc3: 2.139e-03| loss_bc4: 2.752e-04|Time: 0.00
mean_grad_res: 0.003390
mean_grad_bcs: 0.022757
It: 4600, loss: 1.612e+01| loss_res: 4.666e-01| loss_f: 2.503e-01| loss_bc1: 1.489e-03| loss_bc2: 1.239e-04| loss_bc3: 2.457e-03| loss_bc4: 2.405e-04|Time: 0.00
mean_grad_res: 0.006817
mean_grad_bcs: 0.020360
It: 4700, loss: 1.591e+01| loss_res: 3.909e-01| loss_f: 2.468e-01| loss_bc1: 2.040e-03| loss_bc2: 1.468e-04| loss_bc3: 2.688e-03| loss_bc4: 1.921e-04|Time: 0.00
mean_grad_res: 0.005600
mean_grad_bcs: 0.023386
It: 4800, loss: 1.783e+01| loss_res: 4.442e-01| loss_f: 2.763e-01| loss_bc1: 1.914e-03| loss_bc2: 3.669e-04| loss_bc3: 3.517e-03| loss_bc4: 2.300e-04|Time: 0.00
mean_grad_res: 0.004385
mean_grad_bcs: 0.044466
It: 4900, loss: 1.516e+01| loss_res: 3.750e-01| loss_f: 2.356e-01| loss_bc1: 2.207e-03| loss_bc2: 7.133e-05| loss_bc3: 1.229e-03| loss_bc4: 2.666e-04|Time: 0.00
mean_grad_res: 0.003560
mean_grad_bcs: 0.013248
It: 5000, loss: 1.514e+01| loss_res: 4.839e-01| loss_f: 2.340e-01| loss_bc1: 3.104e-03| loss_bc2: 4.632e-04| loss_bc3: 2.724e-03| loss_bc4: 2.719e-04|Time: 0.00
mean_grad_res: 0.006151
mean_grad_bcs: 0.020646
It: 5100, loss: 1.599e+01| loss_res: 4.559e-01| loss_f: 2.482e-01| loss_bc1: 1.993e-03| loss_bc2: 1.184e-04| loss_bc3: 2.308e-03| loss_bc4: 2.852e-04|Time: 0.00
mean_grad_res: 0.003635
mean_grad_bcs: 0.026676
It: 5200, loss: 1.825e+01| loss_res: 4.250e-01| loss_f: 2.836e-01| loss_bc1: 2.297e-03| loss_bc2: 1.025e-04| loss_bc3: 2.035e-03| loss_bc4: 1.496e-04|Time: 0.00
mean_grad_res: 0.002329
mean_grad_bcs: 0.020814
It: 5300, loss: 1.610e+01| loss_res: 4.678e-01| loss_f: 2.502e-01| loss_bc1: 1.735e-03| loss_bc2: 1.300e-04| loss_bc3: 1.993e-03| loss_bc4: 6.193e-05|Time: 0.00
mean_grad_res: 0.002091
mean_grad_bcs: 0.013265
It: 5400, loss: 1.518e+01| loss_res: 3.603e-01| loss_f: 2.360e-01| loss_bc1: 2.045e-03| loss_bc2: 1.896e-05| loss_bc3: 1.474e-03| loss_bc4: 5.859e-05|Time: 0.00
mean_grad_res: 0.004138
mean_grad_bcs: 0.008658
It: 5500, loss: 1.432e+01| loss_res: 3.773e-01| loss_f: 2.221e-01| loss_bc1: 2.442e-03| loss_bc2: 1.683e-05| loss_bc3: 1.780e-03| loss_bc4: 3.037e-04|Time: 0.00
mean_grad_res: 0.003880
mean_grad_bcs: 0.011574
It: 5600, loss: 1.368e+01| loss_res: 3.308e-01| loss_f: 2.122e-01| loss_bc1: 1.813e-03| loss_bc2: 6.429e-05| loss_bc3: 2.329e-03| loss_bc4: 1.297e-04|Time: 0.00
mean_grad_res: 0.001629
mean_grad_bcs: 0.017993
It: 5700, loss: 1.458e+01| loss_res: 3.863e-01| loss_f: 2.266e-01| loss_bc1: 1.534e-03| loss_bc2: 6.100e-05| loss_bc3: 2.047e-03| loss_bc4: 1.386e-04|Time: 0.00
mean_grad_res: 0.004871
mean_grad_bcs: 0.011566
It: 5800, loss: 1.708e+01| loss_res: 4.402e-01| loss_f: 2.655e-01| loss_bc1: 1.979e-03| loss_bc2: 4.532e-05| loss_bc3: 1.987e-03| loss_bc4: 2.540e-04|Time: 0.00
mean_grad_res: 0.002203
mean_grad_bcs: 0.012218
It: 5900, loss: 1.547e+01| loss_res: 4.473e-01| loss_f: 2.397e-01| loss_bc1: 2.759e-03| loss_bc2: 1.159e-04| loss_bc3: 2.128e-03| loss_bc4: 3.201e-04|Time: 0.01
mean_grad_res: 0.003003
mean_grad_bcs: 0.033415
It: 6000, loss: 1.528e+01| loss_res: 3.589e-01| loss_f: 2.373e-01| loss_bc1: 2.702e-03| loss_bc2: 5.845e-05| loss_bc3: 1.288e-03| loss_bc4: 2.305e-04|Time: 0.00
mean_grad_res: 0.003358
mean_grad_bcs: 0.016569
It: 6100, loss: 1.522e+01| loss_res: 4.458e-01| loss_f: 2.360e-01| loss_bc1: 2.886e-03| loss_bc2: 4.665e-04| loss_bc3: 1.546e-03| loss_bc4: 1.126e-04|Time: 0.00
mean_grad_res: 0.001740
mean_grad_bcs: 0.016997
It: 6200, loss: 1.761e+01| loss_res: 4.214e-01| loss_f: 2.739e-01| loss_bc1: 1.828e-03| loss_bc2: 1.394e-05| loss_bc3: 1.961e-03| loss_bc4: 2.594e-04|Time: 0.00
mean_grad_res: 0.004952
mean_grad_bcs: 0.024800
It: 6300, loss: 1.533e+01| loss_res: 3.810e-01| loss_f: 2.370e-01| loss_bc1: 3.186e-03| loss_bc2: 5.133e-04| loss_bc3: 2.495e-03| loss_bc4: 3.632e-04|Time: 0.00
mean_grad_res: 0.002746
mean_grad_bcs: 0.041877
It: 6400, loss: 1.414e+01| loss_res: 4.285e-01| loss_f: 2.193e-01| loss_bc1: 2.413e-03| loss_bc2: 3.070e-05| loss_bc3: 1.897e-03| loss_bc4: 1.176e-04|Time: 0.01
mean_grad_res: 0.002009
mean_grad_bcs: 0.016563
It: 6500, loss: 1.473e+01| loss_res: 3.860e-01| loss_f: 2.285e-01| loss_bc1: 2.170e-03| loss_bc2: 8.597e-05| loss_bc3: 2.270e-03| loss_bc4: 2.358e-04|Time: 0.00
mean_grad_res: 0.002040
mean_grad_bcs: 0.018546
It: 6600, loss: 1.498e+01| loss_res: 4.108e-01| loss_f: 2.324e-01| loss_bc1: 2.257e-03| loss_bc2: 4.132e-05| loss_bc3: 2.311e-03| loss_bc4: 1.399e-04|Time: 0.00
mean_grad_res: 0.003603
mean_grad_bcs: 0.012322
It: 6700, loss: 1.470e+01| loss_res: 4.413e-01| loss_f: 2.277e-01| loss_bc1: 1.606e-03| loss_bc2: 5.145e-05| loss_bc3: 3.200e-03| loss_bc4: 2.939e-04|Time: 0.00
mean_grad_res: 0.002181
mean_grad_bcs: 0.025947
It: 6800, loss: 1.441e+01| loss_res: 4.704e-01| loss_f: 2.233e-01| loss_bc1: 2.454e-03| loss_bc2: 9.930e-05| loss_bc3: 2.203e-03| loss_bc4: 1.308e-04|Time: 0.00
mean_grad_res: 0.003158
mean_grad_bcs: 0.015053
It: 6900, loss: 1.954e+01| loss_res: 4.574e-01| loss_f: 3.035e-01| loss_bc1: 2.462e-03| loss_bc2: 2.483e-05| loss_bc3: 2.471e-03| loss_bc4: 3.006e-04|Time: 0.00
mean_grad_res: 0.001573
mean_grad_bcs: 0.019772
It: 7000, loss: 1.596e+01| loss_res: 4.655e-01| loss_f: 2.471e-01| loss_bc1: 2.287e-03| loss_bc2: 2.011e-04| loss_bc3: 3.355e-03| loss_bc4: 2.784e-04|Time: 0.00
mean_grad_res: 0.001571
mean_grad_bcs: 0.024349
It: 7100, loss: 1.401e+01| loss_res: 3.401e-01| loss_f: 2.175e-01| loss_bc1: 1.637e-03| loss_bc2: 8.609e-05| loss_bc3: 2.136e-03| loss_bc4: 1.417e-04|Time: 0.00
mean_grad_res: 0.001871
mean_grad_bcs: 0.024643
It: 7200, loss: 1.578e+01| loss_res: 5.496e-01| loss_f: 2.437e-01| loss_bc1: 4.127e-03| loss_bc2: 5.215e-04| loss_bc3: 1.756e-03| loss_bc4: 9.295e-04|Time: 0.01
mean_grad_res: 0.007032
mean_grad_bcs: 0.039041
It: 7300, loss: 1.620e+01| loss_res: 4.511e-01| loss_f: 2.507e-01| loss_bc1: 3.633e-03| loss_bc2: 1.938e-04| loss_bc3: 2.332e-03| loss_bc4: 4.184e-04|Time: 0.00
mean_grad_res: 0.002069
mean_grad_bcs: 0.025691
It: 7400, loss: 1.503e+01| loss_res: 4.502e-01| loss_f: 2.330e-01| loss_bc1: 2.264e-03| loss_bc2: 1.038e-04| loss_bc3: 2.582e-03| loss_bc4: 8.423e-05|Time: 0.00
mean_grad_res: 0.002363
mean_grad_bcs: 0.028719
It: 7500, loss: 1.567e+01| loss_res: 4.552e-01| loss_f: 2.433e-01| loss_bc1: 1.265e-03| loss_bc2: 2.496e-04| loss_bc3: 2.236e-03| loss_bc4: 5.189e-04|Time: 0.00
mean_grad_res: 0.004573
mean_grad_bcs: 0.027057
It: 7600, loss: 1.886e+01| loss_res: 6.126e-01| loss_f: 2.924e-01| loss_bc1: 3.835e-03| loss_bc2: 7.893e-05| loss_bc3: 2.341e-03| loss_bc4: 7.514e-05|Time: 0.00
mean_grad_res: 0.007045
mean_grad_bcs: 0.025721
It: 7700, loss: 1.489e+01| loss_res: 4.811e-01| loss_f: 2.309e-01| loss_bc1: 2.363e-03| loss_bc2: 3.490e-05| loss_bc3: 2.345e-03| loss_bc4: 9.489e-05|Time: 0.00
mean_grad_res: 0.002925
mean_grad_bcs: 0.023624
It: 7800, loss: 1.466e+01| loss_res: 4.715e-01| loss_f: 2.271e-01| loss_bc1: 1.661e-03| loss_bc2: 2.776e-04| loss_bc3: 2.149e-03| loss_bc4: 1.207e-03|Time: 0.00
mean_grad_res: 0.004003
mean_grad_bcs: 0.033003
It: 7900, loss: 1.698e+01| loss_res: 5.304e-01| loss_f: 2.635e-01| loss_bc1: 1.986e-03| loss_bc2: 1.940e-04| loss_bc3: 2.694e-03| loss_bc4: 8.566e-05|Time: 0.00
mean_grad_res: 0.004299
mean_grad_bcs: 0.022677
It: 8000, loss: 1.705e+01| loss_res: 5.475e-01| loss_f: 2.640e-01| loss_bc1: 2.945e-03| loss_bc2: 3.705e-05| loss_bc3: 2.999e-03| loss_bc4: 2.385e-04|Time: 0.00
mean_grad_res: 0.004925
mean_grad_bcs: 0.023768
It: 8100, loss: 1.684e+01| loss_res: 5.084e-01| loss_f: 2.614e-01| loss_bc1: 2.480e-03| loss_bc2: 1.138e-04| loss_bc3: 2.262e-03| loss_bc4: 7.092e-05|Time: 0.00
mean_grad_res: 0.001939
mean_grad_bcs: 0.018127
It: 8200, loss: 1.835e+01| loss_res: 6.169e-01| loss_f: 2.847e-01| loss_bc1: 2.754e-03| loss_bc2: 8.081e-05| loss_bc3: 2.665e-03| loss_bc4: 2.363e-04|Time: 0.00
mean_grad_res: 0.006696
mean_grad_bcs: 0.022962
It: 8300, loss: 1.535e+01| loss_res: 4.861e-01| loss_f: 2.386e-01| loss_bc1: 2.209e-03| loss_bc2: 1.977e-05| loss_bc3: 1.480e-03| loss_bc4: 1.117e-04|Time: 0.00
mean_grad_res: 0.005680
mean_grad_bcs: 0.013728
It: 8400, loss: 1.465e+01| loss_res: 5.368e-01| loss_f: 2.271e-01| loss_bc1: 2.804e-03| loss_bc2: 2.072e-04| loss_bc3: 1.632e-03| loss_bc4: 2.221e-04|Time: 0.00
mean_grad_res: 0.006812
mean_grad_bcs: 0.026225
It: 8500, loss: 1.558e+01| loss_res: 5.006e-01| loss_f: 2.417e-01| loss_bc1: 2.879e-03| loss_bc2: 2.726e-05| loss_bc3: 2.047e-03| loss_bc4: 7.535e-05|Time: 0.00
mean_grad_res: 0.003474
mean_grad_bcs: 0.013115
It: 8600, loss: 1.426e+01| loss_res: 4.980e-01| loss_f: 2.208e-01| loss_bc1: 3.051e-03| loss_bc2: 3.577e-04| loss_bc3: 2.044e-03| loss_bc4: 1.555e-04|Time: 0.00
mean_grad_res: 0.004334
mean_grad_bcs: 0.014130
It: 8700, loss: 1.865e+01| loss_res: 6.416e-01| loss_f: 2.895e-01| loss_bc1: 2.976e-03| loss_bc2: 8.927e-05| loss_bc3: 2.097e-03| loss_bc4: 7.661e-05|Time: 0.00
mean_grad_res: 0.002601
mean_grad_bcs: 0.013707
It: 8800, loss: 1.506e+01| loss_res: 5.680e-01| loss_f: 2.334e-01| loss_bc1: 2.830e-03| loss_bc2: 4.440e-05| loss_bc3: 2.285e-03| loss_bc4: 9.792e-05|Time: 0.00
mean_grad_res: 0.004234
mean_grad_bcs: 0.012057
It: 8900, loss: 1.575e+01| loss_res: 5.115e-01| loss_f: 2.441e-01| loss_bc1: 2.579e-03| loss_bc2: 1.201e-04| loss_bc3: 2.584e-03| loss_bc4: 1.028e-04|Time: 0.00
mean_grad_res: 0.005491
mean_grad_bcs: 0.011595
It: 9000, loss: 1.644e+01| loss_res: 5.719e-01| loss_f: 2.549e-01| loss_bc1: 3.148e-03| loss_bc2: 2.669e-04| loss_bc3: 1.821e-03| loss_bc4: 1.394e-04|Time: 0.00
mean_grad_res: 0.007165
mean_grad_bcs: 0.022846
It: 9100, loss: 1.633e+01| loss_res: 6.016e-01| loss_f: 2.534e-01| loss_bc1: 2.591e-03| loss_bc2: 5.275e-04| loss_bc3: 1.816e-03| loss_bc4: 7.671e-05|Time: 0.00
mean_grad_res: 0.002458
mean_grad_bcs: 0.016596
It: 9200, loss: 1.551e+01| loss_res: 6.532e-01| loss_f: 2.402e-01| loss_bc1: 2.666e-03| loss_bc2: 1.602e-04| loss_bc3: 2.882e-03| loss_bc4: 6.315e-05|Time: 0.00
mean_grad_res: 0.003644
mean_grad_bcs: 0.026760
It: 9300, loss: 1.436e+01| loss_res: 5.653e-01| loss_f: 2.226e-01| loss_bc1: 2.086e-03| loss_bc2: 1.253e-04| loss_bc3: 2.548e-03| loss_bc4: 1.270e-04|Time: 0.00
mean_grad_res: 0.001155
mean_grad_bcs: 0.016090
It: 9400, loss: 1.338e+01| loss_res: 5.604e-01| loss_f: 2.070e-01| loss_bc1: 2.543e-03| loss_bc2: 4.819e-05| loss_bc3: 2.572e-03| loss_bc4: 5.453e-05|Time: 0.00
mean_grad_res: 0.003753
mean_grad_bcs: 0.012040
It: 9500, loss: 1.375e+01| loss_res: 4.782e-01| loss_f: 2.128e-01| loss_bc1: 2.769e-03| loss_bc2: 1.313e-04| loss_bc3: 2.126e-03| loss_bc4: 1.892e-04|Time: 0.00
mean_grad_res: 0.002036
mean_grad_bcs: 0.010983
It: 9600, loss: 1.888e+01| loss_res: 6.236e-01| loss_f: 2.927e-01| loss_bc1: 3.225e-03| loss_bc2: 3.512e-04| loss_bc3: 2.571e-03| loss_bc4: 8.279e-05|Time: 0.01
mean_grad_res: 0.004216
mean_grad_bcs: 0.023444
It: 9700, loss: 1.675e+01| loss_res: 6.156e-01| loss_f: 2.599e-01| loss_bc1: 2.769e-03| loss_bc2: 4.220e-05| loss_bc3: 2.163e-03| loss_bc4: 5.223e-05|Time: 0.00
mean_grad_res: 0.005580
mean_grad_bcs: 0.013859
It: 9800, loss: 1.515e+01| loss_res: 5.692e-01| loss_f: 2.346e-01| loss_bc1: 2.411e-03| loss_bc2: 2.876e-05| loss_bc3: 3.235e-03| loss_bc4: 1.359e-04|Time: 0.00
mean_grad_res: 0.002905
mean_grad_bcs: 0.018652
It: 9900, loss: 1.391e+01| loss_res: 4.913e-01| loss_f: 2.152e-01| loss_bc1: 3.365e-03| loss_bc2: 5.502e-05| loss_bc3: 2.124e-03| loss_bc4: 2.569e-04|Time: 0.01
mean_grad_res: 0.003005
mean_grad_bcs: 0.025112
It: 10000, loss: 1.584e+01| loss_res: 5.657e-01| loss_f: 2.456e-01| loss_bc1: 2.857e-03| loss_bc2: 1.873e-04| loss_bc3: 2.182e-03| loss_bc4: 6.411e-05|Time: 0.00
mean_grad_res: 0.004442
mean_grad_bcs: 0.016394
It: 10100, loss: 3.058e+01| loss_res: 1.998e+00| loss_f: 2.401e-01| loss_bc1: 1.905e-02| loss_bc2: 2.485e-03| loss_bc3: 4.243e-02| loss_bc4: 1.651e-02|Time: 0.00
mean_grad_res: 0.004801
mean_grad_bcs: 0.008310
It: 10200, loss: 3.018e+01| loss_res: 3.116e+00| loss_f: 2.369e-01| loss_bc1: 2.197e-02| loss_bc2: 2.210e-03| loss_bc3: 4.189e-02| loss_bc4: 6.200e-03|Time: 0.00
mean_grad_res: 0.008596
mean_grad_bcs: 0.007391
It: 10300, loss: 2.937e+01| loss_res: 5.097e+00| loss_f: 2.305e-01| loss_bc1: 4.563e-02| loss_bc2: 6.008e-03| loss_bc3: 4.541e-02| loss_bc4: 4.269e-03|Time: 0.00
mean_grad_res: 0.004356
mean_grad_bcs: 0.005946
It: 10400, loss: 3.058e+01| loss_res: 6.001e+00| loss_f: 2.400e-01| loss_bc1: 5.984e-02| loss_bc2: 3.730e-03| loss_bc3: 5.615e-02| loss_bc4: 1.386e-03|Time: 0.00
mean_grad_res: 0.004737
mean_grad_bcs: 0.012064
It: 10500, loss: 3.169e+01| loss_res: 6.384e+00| loss_f: 2.487e-01| loss_bc1: 5.733e-02| loss_bc2: 3.820e-03| loss_bc3: 5.542e-02| loss_bc4: 1.010e-03|Time: 0.01
mean_grad_res: 0.004268
mean_grad_bcs: 0.010426
It: 10600, loss: 3.453e+01| loss_res: 6.328e+00| loss_f: 2.710e-01| loss_bc1: 6.117e-02| loss_bc2: 5.100e-03| loss_bc3: 5.781e-02| loss_bc4: 1.367e-03|Time: 0.01
mean_grad_res: 0.008013
mean_grad_bcs: 0.008891
It: 10700, loss: 3.137e+01| loss_res: 8.378e+00| loss_f: 2.462e-01| loss_bc1: 5.269e-02| loss_bc2: 6.646e-03| loss_bc3: 6.438e-02| loss_bc4: 4.075e-03|Time: 0.00
mean_grad_res: 0.010283
mean_grad_bcs: 0.008973
It: 10800, loss: 3.022e+01| loss_res: 7.052e+00| loss_f: 2.372e-01| loss_bc1: 6.800e-02| loss_bc2: 6.193e-03| loss_bc3: 3.728e-02| loss_bc4: 1.766e-03|Time: 0.00
mean_grad_res: 0.008527
mean_grad_bcs: 0.010471
It: 10900, loss: 3.294e+01| loss_res: 7.519e+00| loss_f: 2.586e-01| loss_bc1: 6.544e-02| loss_bc2: 5.386e-03| loss_bc3: 6.180e-02| loss_bc4: 2.004e-03|Time: 0.00
mean_grad_res: 0.004520
mean_grad_bcs: 0.010796
It: 11000, loss: 3.322e+01| loss_res: 7.641e+00| loss_f: 2.607e-01| loss_bc1: 8.172e-02| loss_bc2: 5.672e-03| loss_bc3: 6.098e-02| loss_bc4: 1.071e-03|Time: 0.00
mean_grad_res: 0.007595
mean_grad_bcs: 0.015880
It: 11100, loss: 3.283e+01| loss_res: 1.014e+01| loss_f: 2.576e-01| loss_bc1: 8.271e-02| loss_bc2: 6.020e-03| loss_bc3: 5.359e-02| loss_bc4: 4.332e-03|Time: 0.00
mean_grad_res: 0.004877
mean_grad_bcs: 0.010002
It: 11200, loss: 2.433e+01| loss_res: 8.329e+00| loss_f: 1.909e-01| loss_bc1: 6.985e-02| loss_bc2: 4.024e-03| loss_bc3: 5.587e-02| loss_bc4: 2.015e-03|Time: 0.00
mean_grad_res: 0.005911
mean_grad_bcs: 0.009319
It: 11300, loss: 2.963e+01| loss_res: 9.455e+00| loss_f: 2.326e-01| loss_bc1: 9.164e-02| loss_bc2: 4.705e-03| loss_bc3: 4.602e-02| loss_bc4: 6.166e-03|Time: 0.00
mean_grad_res: 0.008664
mean_grad_bcs: 0.015766
It: 11400, loss: 3.134e+01| loss_res: 1.242e+01| loss_f: 2.459e-01| loss_bc1: 1.071e-01| loss_bc2: 5.278e-03| loss_bc3: 7.167e-02| loss_bc4: 5.017e-03|Time: 0.00
mean_grad_res: 0.010117
mean_grad_bcs: 0.016340
It: 11500, loss: 2.796e+01| loss_res: 1.919e+01| loss_f: 2.194e-01| loss_bc1: 1.175e-01| loss_bc2: 6.765e-03| loss_bc3: 4.814e-02| loss_bc4: 7.899e-03|Time: 0.00
mean_grad_res: 0.008245
mean_grad_bcs: 0.015241
It: 11600, loss: 3.295e+01| loss_res: 2.716e+01| loss_f: 2.585e-01| loss_bc1: 1.199e-01| loss_bc2: 6.335e-03| loss_bc3: 7.401e-02| loss_bc4: 7.066e-03|Time: 0.01
mean_grad_res: 0.006378
mean_grad_bcs: 0.013152
It: 11700, loss: 3.244e+01| loss_res: 2.461e+01| loss_f: 2.545e-01| loss_bc1: 1.301e-01| loss_bc2: 5.718e-03| loss_bc3: 5.749e-02| loss_bc4: 1.208e-02|Time: 0.00
mean_grad_res: 0.002903
mean_grad_bcs: 0.015049
It: 11800, loss: 2.665e+01| loss_res: 5.185e+01| loss_f: 2.091e-01| loss_bc1: 1.506e-01| loss_bc2: 9.374e-03| loss_bc3: 7.949e-02| loss_bc4: 8.876e-03|Time: 0.00
mean_grad_res: 0.007545
mean_grad_bcs: 0.016698
It: 11900, loss: 3.006e+01| loss_res: 7.091e+01| loss_f: 2.358e-01| loss_bc1: 1.748e-01| loss_bc2: 8.887e-03| loss_bc3: 7.182e-02| loss_bc4: 7.377e-03|Time: 0.00
mean_grad_res: 0.009415
mean_grad_bcs: 0.017802
It: 12000, loss: 2.914e+01| loss_res: 1.119e+02| loss_f: 2.286e-01| loss_bc1: 1.593e-01| loss_bc2: 9.794e-03| loss_bc3: 6.692e-02| loss_bc4: 1.373e-02|Time: 0.00
mean_grad_res: 0.006254
mean_grad_bcs: 0.017501
It: 12100, loss: 2.519e+01| loss_res: 1.412e+02| loss_f: 1.976e-01| loss_bc1: 1.700e-01| loss_bc2: 7.279e-03| loss_bc3: 7.024e-02| loss_bc4: 1.458e-02|Time: 0.00
mean_grad_res: 0.012350
mean_grad_bcs: 0.018019
It: 12200, loss: 2.521e+01| loss_res: 1.731e+02| loss_f: 1.977e-01| loss_bc1: 1.818e-01| loss_bc2: 1.185e-02| loss_bc3: 8.717e-02| loss_bc4: 2.418e-02|Time: 0.00
mean_grad_res: 0.004964
mean_grad_bcs: 0.021750
It: 12300, loss: 2.456e+01| loss_res: 3.438e+02| loss_f: 1.926e-01| loss_bc1: 1.552e-01| loss_bc2: 9.632e-03| loss_bc3: 9.425e-02| loss_bc4: 1.693e-02|Time: 0.01
mean_grad_res: 0.009975
mean_grad_bcs: 0.016617
It: 12400, loss: 2.448e+01| loss_res: 1.850e+02| loss_f: 1.920e-01| loss_bc1: 1.750e-01| loss_bc2: 8.034e-03| loss_bc3: 9.653e-02| loss_bc4: 1.319e-02|Time: 0.01
mean_grad_res: 0.007574
mean_grad_bcs: 0.019741
It: 12500, loss: 2.626e+01| loss_res: 2.309e+02| loss_f: 2.059e-01| loss_bc1: 1.971e-01| loss_bc2: 9.086e-03| loss_bc3: 8.595e-02| loss_bc4: 1.930e-02|Time: 0.00
mean_grad_res: 0.006741
mean_grad_bcs: 0.022562
It: 12600, loss: 3.229e+01| loss_res: 9.881e+01| loss_f: 2.532e-01| loss_bc1: 2.080e-01| loss_bc2: 9.611e-03| loss_bc3: 9.045e-02| loss_bc4: 1.921e-02|Time: 0.00
mean_grad_res: 0.005933
mean_grad_bcs: 0.019220
It: 12700, loss: 3.212e+01| loss_res: 2.530e+02| loss_f: 2.520e-01| loss_bc1: 1.757e-01| loss_bc2: 1.254e-02| loss_bc3: 7.719e-02| loss_bc4: 2.352e-02|Time: 0.00
mean_grad_res: 0.010274
mean_grad_bcs: 0.021233
It: 12800, loss: 2.970e+01| loss_res: 3.672e+02| loss_f: 2.329e-01| loss_bc1: 2.317e-01| loss_bc2: 1.147e-02| loss_bc3: 9.820e-02| loss_bc4: 1.592e-02|Time: 0.01
mean_grad_res: 0.020666
mean_grad_bcs: 0.030667
It: 12900, loss: 2.023e+01| loss_res: 6.028e+02| loss_f: 1.586e-01| loss_bc1: 1.747e-01| loss_bc2: 1.084e-02| loss_bc3: 9.494e-02| loss_bc4: 1.705e-02|Time: 0.00
mean_grad_res: 0.006141
mean_grad_bcs: 0.019106
It: 13000, loss: 2.564e+01| loss_res: 5.483e+02| loss_f: 2.010e-01| loss_bc1: 2.070e-01| loss_bc2: 1.275e-02| loss_bc3: 1.079e-01| loss_bc4: 2.651e-02|Time: 0.00
mean_grad_res: 0.015117
mean_grad_bcs: 0.023220
It: 13100, loss: 3.213e+01| loss_res: 3.632e+02| loss_f: 2.520e-01| loss_bc1: 2.011e-01| loss_bc2: 1.201e-02| loss_bc3: 1.315e-01| loss_bc4: 2.631e-02|Time: 0.00
mean_grad_res: 0.008039
mean_grad_bcs: 0.022917
It: 13200, loss: 2.549e+01| loss_res: 7.477e+02| loss_f: 1.998e-01| loss_bc1: 2.267e-01| loss_bc2: 1.272e-02| loss_bc3: 1.046e-01| loss_bc4: 1.364e-02|Time: 0.00
mean_grad_res: 0.007775
mean_grad_bcs: 0.028523
It: 13300, loss: 2.185e+01| loss_res: 7.119e+02| loss_f: 1.713e-01| loss_bc1: 2.263e-01| loss_bc2: 1.417e-02| loss_bc3: 1.419e-01| loss_bc4: 2.636e-02|Time: 0.00
mean_grad_res: 0.013100
mean_grad_bcs: 0.025704
It: 13400, loss: 2.567e+01| loss_res: 1.031e+03| loss_f: 2.013e-01| loss_bc1: 2.125e-01| loss_bc2: 1.627e-02| loss_bc3: 1.128e-01| loss_bc4: 3.227e-02|Time: 0.00
mean_grad_res: 0.013042
mean_grad_bcs: 0.024736
It: 13500, loss: 2.511e+01| loss_res: 4.615e+02| loss_f: 1.969e-01| loss_bc1: 2.022e-01| loss_bc2: 1.830e-02| loss_bc3: 1.194e-01| loss_bc4: 3.156e-02|Time: 0.01
mean_grad_res: 0.004590
mean_grad_bcs: 0.023367
It: 13600, loss: 2.391e+01| loss_res: 1.272e+03| loss_f: 1.874e-01| loss_bc1: 2.198e-01| loss_bc2: 1.360e-02| loss_bc3: 1.405e-01| loss_bc4: 1.956e-02|Time: 0.00
mean_grad_res: 0.006555
mean_grad_bcs: 0.026781
It: 13700, loss: 2.426e+01| loss_res: 8.423e+02| loss_f: 1.901e-01| loss_bc1: 2.305e-01| loss_bc2: 1.758e-02| loss_bc3: 1.625e-01| loss_bc4: 2.816e-02|Time: 0.00
mean_grad_res: 0.011690
mean_grad_bcs: 0.030037
It: 13800, loss: 2.648e+01| loss_res: 7.391e+02| loss_f: 2.076e-01| loss_bc1: 2.276e-01| loss_bc2: 2.074e-02| loss_bc3: 1.587e-01| loss_bc4: 2.219e-02|Time: 0.01
mean_grad_res: 0.002910
mean_grad_bcs: 0.029049
It: 13900, loss: 2.552e+01| loss_res: 6.404e+02| loss_f: 2.000e-01| loss_bc1: 2.895e-01| loss_bc2: 2.718e-02| loss_bc3: 1.667e-01| loss_bc4: 2.571e-02|Time: 0.00
mean_grad_res: 0.014594
mean_grad_bcs: 0.040008
It: 14000, loss: 2.432e+01| loss_res: 1.973e+03| loss_f: 1.905e-01| loss_bc1: 2.810e-01| loss_bc2: 2.946e-02| loss_bc3: 1.544e-01| loss_bc4: 3.786e-02|Time: 0.00
mean_grad_res: 0.012204
mean_grad_bcs: 0.031251
It: 14100, loss: 2.460e+01| loss_res: 1.434e+03| loss_f: 1.928e-01| loss_bc1: 2.522e-01| loss_bc2: 2.043e-02| loss_bc3: 1.669e-01| loss_bc4: 2.656e-02|Time: 0.01
mean_grad_res: 0.010308
mean_grad_bcs: 0.035238
It: 14200, loss: 2.312e+01| loss_res: 3.123e+02| loss_f: 1.811e-01| loss_bc1: 2.635e-01| loss_bc2: 2.207e-02| loss_bc3: 1.819e-01| loss_bc4: 4.665e-02|Time: 0.00
mean_grad_res: 0.011676
mean_grad_bcs: 0.033160
It: 14300, loss: 2.583e+01| loss_res: 1.014e+03| loss_f: 2.024e-01| loss_bc1: 2.692e-01| loss_bc2: 2.245e-02| loss_bc3: 1.828e-01| loss_bc4: 3.519e-02|Time: 0.00
mean_grad_res: 0.018480
mean_grad_bcs: 0.037841
It: 14400, loss: 3.489e+01| loss_res: 1.158e+03| loss_f: 2.735e-01| loss_bc1: 2.267e-01| loss_bc2: 1.901e-02| loss_bc3: 2.464e-01| loss_bc4: 3.698e-02|Time: 0.00
mean_grad_res: 0.017260
mean_grad_bcs: 0.034244
It: 14500, loss: 2.445e+01| loss_res: 1.493e+03| loss_f: 1.915e-01| loss_bc1: 2.455e-01| loss_bc2: 2.154e-02| loss_bc3: 2.242e-01| loss_bc4: 3.055e-02|Time: 0.00
mean_grad_res: 0.005928
mean_grad_bcs: 0.037851
It: 14600, loss: 2.439e+01| loss_res: 1.724e+03| loss_f: 1.911e-01| loss_bc1: 2.698e-01| loss_bc2: 2.716e-02| loss_bc3: 2.545e-01| loss_bc4: 4.329e-02|Time: 0.00
mean_grad_res: 0.010310
mean_grad_bcs: 0.038279
It: 14700, loss: 2.386e+01| loss_res: 1.542e+03| loss_f: 1.869e-01| loss_bc1: 2.450e-01| loss_bc2: 2.396e-02| loss_bc3: 2.548e-01| loss_bc4: 4.659e-02|Time: 0.01
mean_grad_res: 0.018917
mean_grad_bcs: 0.036264
It: 14800, loss: 2.830e+01| loss_res: 1.939e+03| loss_f: 2.217e-01| loss_bc1: 2.623e-01| loss_bc2: 2.129e-02| loss_bc3: 2.450e-01| loss_bc4: 4.606e-02|Time: 0.00
mean_grad_res: 0.012312
mean_grad_bcs: 0.037049
It: 14900, loss: 2.318e+01| loss_res: 1.086e+03| loss_f: 1.816e-01| loss_bc1: 2.662e-01| loss_bc2: 2.834e-02| loss_bc3: 2.475e-01| loss_bc4: 4.277e-02|Time: 0.00
mean_grad_res: 0.010484
mean_grad_bcs: 0.032673
It: 15000, loss: 2.124e+01| loss_res: 2.156e+03| loss_f: 1.663e-01| loss_bc1: 2.510e-01| loss_bc2: 2.153e-02| loss_bc3: 2.991e-01| loss_bc4: 5.050e-02|Time: 0.00
mean_grad_res: 0.019964
mean_grad_bcs: 0.034154
It: 15100, loss: 2.246e+01| loss_res: 1.471e+03| loss_f: 1.758e-01| loss_bc1: 2.735e-01| loss_bc2: 3.690e-02| loss_bc3: 2.839e-01| loss_bc4: 5.699e-02|Time: 0.01
mean_grad_res: 0.009589
mean_grad_bcs: 0.034354
It: 15200, loss: 2.262e+01| loss_res: 1.392e+03| loss_f: 1.771e-01| loss_bc1: 2.860e-01| loss_bc2: 2.529e-02| loss_bc3: 2.986e-01| loss_bc4: 5.217e-02|Time: 0.00
mean_grad_res: 0.010662
mean_grad_bcs: 0.042738
It: 15300, loss: 2.068e+01| loss_res: 1.981e+03| loss_f: 1.619e-01| loss_bc1: 2.755e-01| loss_bc2: 2.530e-02| loss_bc3: 3.203e-01| loss_bc4: 4.949e-02|Time: 0.00
mean_grad_res: 0.006828
mean_grad_bcs: 0.043817
It: 15400, loss: 2.087e+01| loss_res: 2.378e+03| loss_f: 1.634e-01| loss_bc1: 2.652e-01| loss_bc2: 3.496e-02| loss_bc3: 2.725e-01| loss_bc4: 4.478e-02|Time: 0.01
mean_grad_res: 0.004926
mean_grad_bcs: 0.032957
It: 15500, loss: 1.939e+01| loss_res: 2.123e+03| loss_f: 1.517e-01| loss_bc1: 2.624e-01| loss_bc2: 2.884e-02| loss_bc3: 2.451e-01| loss_bc4: 5.780e-02|Time: 0.00
mean_grad_res: 0.009265
mean_grad_bcs: 0.030394
It: 15600, loss: 2.521e+01| loss_res: 1.700e+03| loss_f: 1.974e-01| loss_bc1: 2.865e-01| loss_bc2: 3.693e-02| loss_bc3: 3.076e-01| loss_bc4: 5.304e-02|Time: 0.01
mean_grad_res: 0.021853
mean_grad_bcs: 0.044517
It: 15700, loss: 2.164e+01| loss_res: 2.536e+03| loss_f: 1.695e-01| loss_bc1: 2.244e-01| loss_bc2: 3.329e-02| loss_bc3: 2.953e-01| loss_bc4: 5.123e-02|Time: 0.00
mean_grad_res: 0.012671
mean_grad_bcs: 0.034185
It: 15800, loss: 2.048e+01| loss_res: 1.787e+03| loss_f: 1.603e-01| loss_bc1: 3.170e-01| loss_bc2: 3.094e-02| loss_bc3: 2.887e-01| loss_bc4: 5.703e-02|Time: 0.00
mean_grad_res: 0.014655
mean_grad_bcs: 0.055403
It: 15900, loss: 1.853e+01| loss_res: 2.219e+03| loss_f: 1.449e-01| loss_bc1: 2.405e-01| loss_bc2: 4.623e-02| loss_bc3: 3.470e-01| loss_bc4: 6.344e-02|Time: 0.00
mean_grad_res: 0.008690
mean_grad_bcs: 0.039517
It: 16000, loss: 1.477e+01| loss_res: 3.367e+03| loss_f: 1.154e-01| loss_bc1: 2.464e-01| loss_bc2: 4.804e-02| loss_bc3: 2.913e-01| loss_bc4: 6.571e-02|Time: 0.00
mean_grad_res: 0.010383
mean_grad_bcs: 0.035637
It: 16100, loss: 1.758e+01| loss_res: 2.287e+03| loss_f: 1.374e-01| loss_bc1: 2.540e-01| loss_bc2: 4.660e-02| loss_bc3: 3.666e-01| loss_bc4: 7.158e-02|Time: 0.00
mean_grad_res: 0.006253
mean_grad_bcs: 0.044849
It: 16200, loss: 1.754e+01| loss_res: 2.459e+03| loss_f: 1.371e-01| loss_bc1: 2.473e-01| loss_bc2: 4.318e-02| loss_bc3: 3.112e-01| loss_bc4: 9.987e-02|Time: 0.00
mean_grad_res: 0.007337
mean_grad_bcs: 0.033990
It: 16300, loss: 1.518e+01| loss_res: 2.896e+03| loss_f: 1.186e-01| loss_bc1: 2.346e-01| loss_bc2: 4.763e-02| loss_bc3: 3.085e-01| loss_bc4: 6.756e-02|Time: 0.01
mean_grad_res: 0.009563
mean_grad_bcs: 0.041193
It: 16400, loss: 1.617e+01| loss_res: 3.355e+03| loss_f: 1.264e-01| loss_bc1: 2.370e-01| loss_bc2: 4.716e-02| loss_bc3: 2.880e-01| loss_bc4: 7.736e-02|Time: 0.00
mean_grad_res: 0.009948
mean_grad_bcs: 0.037388
It: 16500, loss: 1.550e+01| loss_res: 1.735e+03| loss_f: 1.212e-01| loss_bc1: 2.356e-01| loss_bc2: 5.768e-02| loss_bc3: 2.780e-01| loss_bc4: 6.335e-02|Time: 0.00
mean_grad_res: 0.007086
mean_grad_bcs: 0.029399
It: 16600, loss: 1.890e+01| loss_res: 2.630e+03| loss_f: 1.479e-01| loss_bc1: 2.291e-01| loss_bc2: 7.193e-02| loss_bc3: 3.204e-01| loss_bc4: 8.240e-02|Time: 0.01
mean_grad_res: 0.004574
mean_grad_bcs: 0.037445
It: 16700, loss: 1.468e+01| loss_res: 2.871e+03| loss_f: 1.147e-01| loss_bc1: 2.768e-01| loss_bc2: 4.703e-02| loss_bc3: 3.098e-01| loss_bc4: 7.926e-02|Time: 0.00
mean_grad_res: 0.008618
mean_grad_bcs: 0.042830
It: 16800, loss: 1.337e+01| loss_res: 1.740e+03| loss_f: 1.044e-01| loss_bc1: 2.741e-01| loss_bc2: 6.729e-02| loss_bc3: 3.059e-01| loss_bc4: 7.585e-02|Time: 0.00
mean_grad_res: 0.009285
mean_grad_bcs: 0.044359
It: 16900, loss: 1.197e+01| loss_res: 2.987e+03| loss_f: 9.337e-02| loss_bc1: 2.733e-01| loss_bc2: 7.261e-02| loss_bc3: 3.092e-01| loss_bc4: 8.489e-02|Time: 0.01
mean_grad_res: 0.005599
mean_grad_bcs: 0.050425
It: 17000, loss: 1.405e+01| loss_res: 4.165e+03| loss_f: 1.098e-01| loss_bc1: 2.395e-01| loss_bc2: 8.115e-02| loss_bc3: 3.255e-01| loss_bc4: 8.368e-02|Time: 0.00
mean_grad_res: 0.010397
mean_grad_bcs: 0.044372
It: 17100, loss: 1.029e+01| loss_res: 4.958e+03| loss_f: 8.025e-02| loss_bc1: 2.574e-01| loss_bc2: 6.983e-02| loss_bc3: 2.949e-01| loss_bc4: 7.592e-02|Time: 0.00
mean_grad_res: 0.010156
mean_grad_bcs: 0.036104
It: 17200, loss: 1.299e+01| loss_res: 3.557e+03| loss_f: 1.014e-01| loss_bc1: 2.475e-01| loss_bc2: 8.684e-02| loss_bc3: 3.014e-01| loss_bc4: 9.381e-02|Time: 0.00
mean_grad_res: 0.014186
mean_grad_bcs: 0.039606
It: 17300, loss: 8.237e+00| loss_res: 6.072e+03| loss_f: 6.407e-02| loss_bc1: 2.514e-01| loss_bc2: 8.525e-02| loss_bc3: 2.925e-01| loss_bc4: 1.094e-01|Time: 0.00
mean_grad_res: 0.012692
mean_grad_bcs: 0.032355
It: 17400, loss: 9.700e+00| loss_res: 3.848e+03| loss_f: 7.559e-02| loss_bc1: 2.322e-01| loss_bc2: 8.471e-02| loss_bc3: 3.021e-01| loss_bc4: 9.075e-02|Time: 0.00
mean_grad_res: 0.018034
mean_grad_bcs: 0.028012
It: 17500, loss: 1.027e+01| loss_res: 4.054e+03| loss_f: 8.007e-02| loss_bc1: 2.245e-01| loss_bc2: 9.360e-02| loss_bc3: 2.896e-01| loss_bc4: 8.780e-02|Time: 0.00
mean_grad_res: 0.006152
mean_grad_bcs: 0.040520
It: 17600, loss: 1.048e+01| loss_res: 5.339e+03| loss_f: 8.170e-02| loss_bc1: 2.382e-01| loss_bc2: 9.702e-02| loss_bc3: 3.119e-01| loss_bc4: 1.140e-01|Time: 0.00
mean_grad_res: 0.008174
mean_grad_bcs: 0.036691
It: 17700, loss: 9.915e+00| loss_res: 4.471e+03| loss_f: 7.725e-02| loss_bc1: 2.463e-01| loss_bc2: 9.135e-02| loss_bc3: 2.980e-01| loss_bc4: 1.008e-01|Time: 0.00
mean_grad_res: 0.006556
mean_grad_bcs: 0.048729
It: 17800, loss: 8.481e+00| loss_res: 4.182e+03| loss_f: 6.599e-02| loss_bc1: 2.455e-01| loss_bc2: 9.586e-02| loss_bc3: 2.735e-01| loss_bc4: 1.162e-01|Time: 0.00
mean_grad_res: 0.006852
mean_grad_bcs: 0.040259
It: 17900, loss: 1.058e+01| loss_res: 4.401e+03| loss_f: 8.244e-02| loss_bc1: 2.277e-01| loss_bc2: 9.236e-02| loss_bc3: 3.010e-01| loss_bc4: 1.172e-01|Time: 0.01
mean_grad_res: 0.004585
mean_grad_bcs: 0.027849
It: 18000, loss: 8.247e+00| loss_res: 4.945e+03| loss_f: 6.415e-02| loss_bc1: 2.525e-01| loss_bc2: 9.806e-02| loss_bc3: 2.720e-01| loss_bc4: 1.147e-01|Time: 0.00
mean_grad_res: 0.004716
mean_grad_bcs: 0.037811
It: 18100, loss: 7.500e+00| loss_res: 6.933e+03| loss_f: 5.828e-02| loss_bc1: 2.588e-01| loss_bc2: 7.885e-02| loss_bc3: 2.895e-01| loss_bc4: 1.140e-01|Time: 0.00
mean_grad_res: 0.005033
mean_grad_bcs: 0.032592
It: 18200, loss: 7.072e+00| loss_res: 5.961e+03| loss_f: 5.496e-02| loss_bc1: 2.253e-01| loss_bc2: 8.405e-02| loss_bc3: 2.681e-01| loss_bc4: 1.195e-01|Time: 0.00
mean_grad_res: 0.008673
mean_grad_bcs: 0.036856
It: 18300, loss: 6.524e+00| loss_res: 6.459e+03| loss_f: 5.061e-02| loss_bc1: 2.326e-01| loss_bc2: 8.300e-02| loss_bc3: 3.039e-01| loss_bc4: 1.302e-01|Time: 0.01
mean_grad_res: 0.007674
mean_grad_bcs: 0.036221
It: 18400, loss: 5.455e+00| loss_res: 5.072e+03| loss_f: 4.226e-02| loss_bc1: 2.588e-01| loss_bc2: 7.629e-02| loss_bc3: 2.428e-01| loss_bc4: 1.140e-01|Time: 0.00
mean_grad_res: 0.009542
mean_grad_bcs: 0.035969
It: 18500, loss: 5.795e+00| loss_res: 4.992e+03| loss_f: 4.499e-02| loss_bc1: 1.881e-01| loss_bc2: 7.342e-02| loss_bc3: 2.570e-01| loss_bc4: 1.071e-01|Time: 0.00
mean_grad_res: 0.003324
mean_grad_bcs: 0.037176
It: 18600, loss: 6.211e+00| loss_res: 4.876e+03| loss_f: 4.826e-02| loss_bc1: 2.099e-01| loss_bc2: 6.680e-02| loss_bc3: 2.348e-01| loss_bc4: 1.190e-01|Time: 0.00
mean_grad_res: 0.005094
mean_grad_bcs: 0.036022
It: 18700, loss: 5.123e+00| loss_res: 5.456e+03| loss_f: 3.968e-02| loss_bc1: 2.273e-01| loss_bc2: 5.967e-02| loss_bc3: 2.521e-01| loss_bc4: 1.246e-01|Time: 0.01
mean_grad_res: 0.005519
mean_grad_bcs: 0.040301
It: 18800, loss: 4.901e+00| loss_res: 6.404e+03| loss_f: 3.797e-02| loss_bc1: 1.990e-01| loss_bc2: 7.486e-02| loss_bc3: 2.625e-01| loss_bc4: 9.762e-02|Time: 0.01
mean_grad_res: 0.004813
mean_grad_bcs: 0.040445
It: 18900, loss: 3.623e+00| loss_res: 7.685e+03| loss_f: 2.792e-02| loss_bc1: 2.146e-01| loss_bc2: 5.781e-02| loss_bc3: 2.676e-01| loss_bc4: 1.085e-01|Time: 0.00
mean_grad_res: 0.005563
mean_grad_bcs: 0.029891
It: 19000, loss: 5.879e+00| loss_res: 6.728e+03| loss_f: 4.569e-02| loss_bc1: 1.949e-01| loss_bc2: 4.995e-02| loss_bc3: 2.291e-01| loss_bc4: 1.045e-01|Time: 0.01
mean_grad_res: 0.010776
mean_grad_bcs: 0.023930
It: 19100, loss: 4.330e+00| loss_res: 6.026e+03| loss_f: 3.346e-02| loss_bc1: 2.211e-01| loss_bc2: 6.041e-02| loss_bc3: 2.720e-01| loss_bc4: 1.116e-01|Time: 0.00
mean_grad_res: 0.007547
mean_grad_bcs: 0.033902
It: 19200, loss: 4.449e+00| loss_res: 7.987e+03| loss_f: 3.444e-02| loss_bc1: 1.934e-01| loss_bc2: 6.135e-02| loss_bc3: 2.474e-01| loss_bc4: 1.069e-01|Time: 0.00
mean_grad_res: 0.005029
mean_grad_bcs: 0.029752
It: 19300, loss: 4.639e+00| loss_res: 6.273e+03| loss_f: 3.591e-02| loss_bc1: 2.014e-01| loss_bc2: 6.016e-02| loss_bc3: 2.612e-01| loss_bc4: 1.071e-01|Time: 0.01
mean_grad_res: 0.008911
mean_grad_bcs: 0.034876
It: 19400, loss: 3.755e+00| loss_res: 5.145e+03| loss_f: 2.899e-02| loss_bc1: 1.878e-01| loss_bc2: 5.294e-02| loss_bc3: 2.467e-01| loss_bc4: 1.146e-01|Time: 0.00
mean_grad_res: 0.004443
mean_grad_bcs: 0.038059
It: 19500, loss: 4.455e+00| loss_res: 6.243e+03| loss_f: 3.448e-02| loss_bc1: 1.982e-01| loss_bc2: 6.223e-02| loss_bc3: 2.498e-01| loss_bc4: 1.027e-01|Time: 0.00
mean_grad_res: 0.005670
mean_grad_bcs: 0.032569
It: 19600, loss: 4.655e+00| loss_res: 5.570e+03| loss_f: 3.606e-02| loss_bc1: 1.874e-01| loss_bc2: 5.260e-02| loss_bc3: 2.642e-01| loss_bc4: 9.240e-02|Time: 0.00
mean_grad_res: 0.007060
mean_grad_bcs: 0.027844
It: 19700, loss: 3.421e+00| loss_res: 7.361e+03| loss_f: 2.636e-02| loss_bc1: 1.768e-01| loss_bc2: 6.043e-02| loss_bc3: 2.700e-01| loss_bc4: 1.095e-01|Time: 0.00
mean_grad_res: 0.005661
mean_grad_bcs: 0.037456
It: 19800, loss: 3.692e+00| loss_res: 7.044e+03| loss_f: 2.849e-02| loss_bc1: 1.758e-01| loss_bc2: 5.346e-02| loss_bc3: 2.800e-01| loss_bc4: 1.011e-01|Time: 0.00
mean_grad_res: 0.003759
mean_grad_bcs: 0.037562
It: 19900, loss: 2.798e+00| loss_res: 8.849e+03| loss_f: 2.151e-02| loss_bc1: 1.845e-01| loss_bc2: 5.266e-02| loss_bc3: 2.298e-01| loss_bc4: 9.190e-02|Time: 0.00
mean_grad_res: 0.003298
mean_grad_bcs: 0.021681
It: 20000, loss: 3.185e+00| loss_res: 7.736e+03| loss_f: 2.450e-02| loss_bc1: 2.159e-01| loss_bc2: 5.488e-02| loss_bc3: 2.596e-01| loss_bc4: 8.616e-02|Time: 0.00
mean_grad_res: 0.006013
mean_grad_bcs: 0.027374
It: 20100, loss: 2.747e+04| loss_res: 6.567e+03| loss_f: 2.110e-02| loss_bc1: 1.886e-01| loss_bc2: 4.629e-02| loss_bc3: 3.038e-01| loss_bc4: 9.066e-02|Time: 0.00
mean_grad_res: 0.006063
mean_grad_bcs: 2.579536
It: 20200, loss: 3.394e+04| loss_res: 7.179e+03| loss_f: 2.617e-02| loss_bc1: 1.579e-01| loss_bc2: 4.778e-02| loss_bc3: 2.531e-01| loss_bc4: 7.296e-02|Time: 0.01
mean_grad_res: 0.007726
mean_grad_bcs: 2.164667
It: 20300, loss: 3.359e+04| loss_res: 7.989e+03| loss_f: 2.588e-02| loss_bc1: 1.896e-01| loss_bc2: 4.064e-02| loss_bc3: 2.661e-01| loss_bc4: 8.053e-02|Time: 0.01
mean_grad_res: 0.006716
mean_grad_bcs: 1.631211
It: 20400, loss: 2.165e+04| loss_res: 7.322e+03| loss_f: 1.661e-02| loss_bc1: 1.826e-01| loss_bc2: 4.440e-02| loss_bc3: 2.271e-01| loss_bc4: 9.859e-02|Time: 0.00
mean_grad_res: 0.005856
mean_grad_bcs: 2.450662
It: 20500, loss: 1.633e+04| loss_res: 7.828e+03| loss_f: 1.248e-02| loss_bc1: 1.773e-01| loss_bc2: 4.486e-02| loss_bc3: 2.316e-01| loss_bc4: 8.538e-02|Time: 0.01
mean_grad_res: 0.004427
mean_grad_bcs: 1.538839
It: 20600, loss: 2.315e+04| loss_res: 7.091e+03| loss_f: 1.778e-02| loss_bc1: 1.570e-01| loss_bc2: 3.977e-02| loss_bc3: 2.496e-01| loss_bc4: 8.351e-02|Time: 0.00
mean_grad_res: 0.002823
mean_grad_bcs: 1.923735
It: 20700, loss: 2.164e+04| loss_res: 6.335e+03| loss_f: 1.661e-02| loss_bc1: 1.628e-01| loss_bc2: 4.125e-02| loss_bc3: 2.602e-01| loss_bc4: 8.554e-02|Time: 0.00
mean_grad_res: 0.008761
mean_grad_bcs: 3.297832
It: 20800, loss: 2.194e+04| loss_res: 8.096e+03| loss_f: 1.681e-02| loss_bc1: 1.598e-01| loss_bc2: 3.789e-02| loss_bc3: 3.075e-01| loss_bc4: 9.679e-02|Time: 0.00
mean_grad_res: 0.002493
mean_grad_bcs: 1.929348
It: 20900, loss: 3.476e+04| loss_res: 6.549e+03| loss_f: 2.681e-02| loss_bc1: 1.579e-01| loss_bc2: 3.649e-02| loss_bc3: 2.673e-01| loss_bc4: 7.467e-02|Time: 0.00
mean_grad_res: 0.002849
mean_grad_bcs: 1.483770
It: 21000, loss: 3.184e+04| loss_res: 7.888e+03| loss_f: 2.454e-02| loss_bc1: 1.593e-01| loss_bc2: 3.243e-02| loss_bc3: 2.477e-01| loss_bc4: 1.031e-01|Time: 0.00
mean_grad_res: 0.007029
mean_grad_bcs: 1.478254
It: 21100, loss: 2.357e+04| loss_res: 6.081e+03| loss_f: 1.812e-02| loss_bc1: 1.577e-01| loss_bc2: 4.129e-02| loss_bc3: 2.495e-01| loss_bc4: 7.094e-02|Time: 0.00
mean_grad_res: 0.003688
mean_grad_bcs: 1.723376
It: 21200, loss: 1.771e+04| loss_res: 7.843e+03| loss_f: 1.357e-02| loss_bc1: 1.615e-01| loss_bc2: 2.840e-02| loss_bc3: 2.464e-01| loss_bc4: 6.498e-02|Time: 0.00
mean_grad_res: 0.003248
mean_grad_bcs: 1.488439
It: 21300, loss: 2.923e+04| loss_res: 8.095e+03| loss_f: 2.252e-02| loss_bc1: 1.453e-01| loss_bc2: 3.102e-02| loss_bc3: 2.310e-01| loss_bc4: 8.793e-02|Time: 0.01
mean_grad_res: 0.003678
mean_grad_bcs: 1.471292
It: 21400, loss: 1.410e+04| loss_res: 8.213e+03| loss_f: 1.076e-02| loss_bc1: 1.498e-01| loss_bc2: 3.084e-02| loss_bc3: 2.349e-01| loss_bc4: 8.090e-02|Time: 0.00
mean_grad_res: 0.002900
mean_grad_bcs: 1.534628
It: 21500, loss: 2.905e+04| loss_res: 7.181e+03| loss_f: 2.239e-02| loss_bc1: 1.450e-01| loss_bc2: 3.095e-02| loss_bc3: 2.226e-01| loss_bc4: 7.923e-02|Time: 0.00
mean_grad_res: 0.002444
mean_grad_bcs: 1.441940
It: 21600, loss: 1.868e+04| loss_res: 6.537e+03| loss_f: 1.434e-02| loss_bc1: 1.521e-01| loss_bc2: 3.639e-02| loss_bc3: 2.258e-01| loss_bc4: 4.839e-02|Time: 0.00
mean_grad_res: 0.003075
mean_grad_bcs: 1.700365
It: 21700, loss: 2.868e+04| loss_res: 7.041e+03| loss_f: 2.210e-02| loss_bc1: 1.562e-01| loss_bc2: 3.364e-02| loss_bc3: 2.497e-01| loss_bc4: 6.033e-02|Time: 0.00
mean_grad_res: 0.007491
mean_grad_bcs: 1.658826
It: 21800, loss: 2.111e+04| loss_res: 6.687e+03| loss_f: 1.622e-02| loss_bc1: 1.555e-01| loss_bc2: 2.914e-02| loss_bc3: 2.316e-01| loss_bc4: 6.339e-02|Time: 0.00
mean_grad_res: 0.003856
mean_grad_bcs: 1.515600
It: 21900, loss: 2.001e+04| loss_res: 6.796e+03| loss_f: 1.538e-02| loss_bc1: 1.365e-01| loss_bc2: 3.059e-02| loss_bc3: 2.032e-01| loss_bc4: 7.066e-02|Time: 0.01
mean_grad_res: 0.003389
mean_grad_bcs: 1.343927
It: 22000, loss: 1.688e+04| loss_res: 7.412e+03| loss_f: 1.294e-02| loss_bc1: 1.408e-01| loss_bc2: 2.957e-02| loss_bc3: 2.137e-01| loss_bc4: 7.793e-02|Time: 0.00
mean_grad_res: 0.005611
mean_grad_bcs: 1.534253
It: 22100, loss: 1.576e+04| loss_res: 7.601e+03| loss_f: 1.206e-02| loss_bc1: 1.453e-01| loss_bc2: 3.141e-02| loss_bc3: 2.282e-01| loss_bc4: 6.693e-02|Time: 0.00
mean_grad_res: 0.005057
mean_grad_bcs: 1.787355
It: 22200, loss: 2.145e+04| loss_res: 6.732e+03| loss_f: 1.649e-02| loss_bc1: 1.424e-01| loss_bc2: 2.851e-02| loss_bc3: 2.425e-01| loss_bc4: 4.993e-02|Time: 0.00
mean_grad_res: 0.004467
mean_grad_bcs: 1.608384
It: 22300, loss: 1.346e+04| loss_res: 6.682e+03| loss_f: 1.029e-02| loss_bc1: 1.425e-01| loss_bc2: 3.319e-02| loss_bc3: 1.958e-01| loss_bc4: 6.847e-02|Time: 0.00
mean_grad_res: 0.002650
mean_grad_bcs: 1.450887
It: 22400, loss: 1.582e+04| loss_res: 6.829e+03| loss_f: 1.212e-02| loss_bc1: 1.512e-01| loss_bc2: 3.073e-02| loss_bc3: 2.221e-01| loss_bc4: 5.699e-02|Time: 0.00
mean_grad_res: 0.003885
mean_grad_bcs: 1.754403
It: 22500, loss: 2.159e+04| loss_res: 5.560e+03| loss_f: 1.660e-02| loss_bc1: 1.347e-01| loss_bc2: 2.793e-02| loss_bc3: 2.351e-01| loss_bc4: 5.886e-02|Time: 0.00
mean_grad_res: 0.008921
mean_grad_bcs: 1.585205
It: 22600, loss: 1.626e+04| loss_res: 6.634e+03| loss_f: 1.246e-02| loss_bc1: 1.400e-01| loss_bc2: 2.948e-02| loss_bc3: 2.165e-01| loss_bc4: 8.573e-02|Time: 0.01
mean_grad_res: 0.006515
mean_grad_bcs: 1.992030
It: 22700, loss: 1.535e+04| loss_res: 6.050e+03| loss_f: 1.174e-02| loss_bc1: 1.423e-01| loss_bc2: 3.047e-02| loss_bc3: 2.327e-01| loss_bc4: 6.704e-02|Time: 0.00
mean_grad_res: 0.002280
mean_grad_bcs: 1.794425
It: 22800, loss: 1.676e+04| loss_res: 7.780e+03| loss_f: 1.286e-02| loss_bc1: 1.369e-01| loss_bc2: 3.489e-02| loss_bc3: 2.133e-01| loss_bc4: 5.536e-02|Time: 0.00
mean_grad_res: 0.003551
mean_grad_bcs: 1.700481
It: 22900, loss: 2.537e+04| loss_res: 6.930e+03| loss_f: 1.954e-02| loss_bc1: 1.385e-01| loss_bc2: 2.581e-02| loss_bc3: 2.182e-01| loss_bc4: 7.303e-02|Time: 0.00
mean_grad_res: 0.007831
mean_grad_bcs: 1.722425
It: 23000, loss: 1.287e+04| loss_res: 6.881e+03| loss_f: 9.823e-03| loss_bc1: 1.324e-01| loss_bc2: 3.509e-02| loss_bc3: 2.224e-01| loss_bc4: 5.929e-02|Time: 0.01
mean_grad_res: 0.001969
mean_grad_bcs: 1.405587
It: 23100, loss: 1.658e+04| loss_res: 7.410e+03| loss_f: 1.271e-02| loss_bc1: 1.322e-01| loss_bc2: 2.875e-02| loss_bc3: 2.090e-01| loss_bc4: 7.732e-02|Time: 0.00
mean_grad_res: 0.003607
mean_grad_bcs: 1.519536
It: 23200, loss: 1.389e+04| loss_res: 7.345e+03| loss_f: 1.063e-02| loss_bc1: 1.292e-01| loss_bc2: 2.548e-02| loss_bc3: 1.955e-01| loss_bc4: 6.202e-02|Time: 0.01
mean_grad_res: 0.003798
mean_grad_bcs: 1.369243
It: 23300, loss: 1.523e+04| loss_res: 7.108e+03| loss_f: 1.167e-02| loss_bc1: 1.079e-01| loss_bc2: 3.047e-02| loss_bc3: 2.207e-01| loss_bc4: 5.507e-02|Time: 0.00
mean_grad_res: 0.002720
mean_grad_bcs: 1.726279
It: 23400, loss: 1.236e+04| loss_res: 5.655e+03| loss_f: 9.441e-03| loss_bc1: 1.228e-01| loss_bc2: 2.732e-02| loss_bc3: 2.122e-01| loss_bc4: 6.352e-02|Time: 0.00
mean_grad_res: 0.002660
mean_grad_bcs: 1.412200
It: 23500, loss: 1.796e+04| loss_res: 7.021e+03| loss_f: 1.378e-02| loss_bc1: 1.253e-01| loss_bc2: 3.016e-02| loss_bc3: 2.333e-01| loss_bc4: 6.328e-02|Time: 0.00
mean_grad_res: 0.003831
mean_grad_bcs: 1.947300
It: 23600, loss: 1.463e+04| loss_res: 8.063e+03| loss_f: 1.122e-02| loss_bc1: 1.161e-01| loss_bc2: 2.893e-02| loss_bc3: 1.938e-01| loss_bc4: 4.486e-02|Time: 0.00
mean_grad_res: 0.004188
mean_grad_bcs: 1.498491
It: 23700, loss: 1.201e+04| loss_res: 6.398e+03| loss_f: 9.159e-03| loss_bc1: 1.285e-01| loss_bc2: 2.954e-02| loss_bc3: 2.263e-01| loss_bc4: 5.897e-02|Time: 0.00
mean_grad_res: 0.002998
mean_grad_bcs: 1.790491
It: 23800, loss: 1.162e+04| loss_res: 6.432e+03| loss_f: 8.862e-03| loss_bc1: 1.289e-01| loss_bc2: 2.450e-02| loss_bc3: 2.045e-01| loss_bc4: 7.000e-02|Time: 0.00
mean_grad_res: 0.005518
mean_grad_bcs: 1.511292
It: 23900, loss: 1.323e+04| loss_res: 7.314e+03| loss_f: 1.013e-02| loss_bc1: 1.210e-01| loss_bc2: 2.445e-02| loss_bc3: 1.878e-01| loss_bc4: 5.644e-02|Time: 0.00
mean_grad_res: 0.005353
mean_grad_bcs: 1.766097
It: 24000, loss: 1.507e+04| loss_res: 6.311e+03| loss_f: 1.156e-02| loss_bc1: 1.197e-01| loss_bc2: 2.396e-02| loss_bc3: 2.149e-01| loss_bc4: 4.795e-02|Time: 0.00
mean_grad_res: 0.002707
mean_grad_bcs: 1.550398
It: 24100, loss: 1.463e+04| loss_res: 6.545e+03| loss_f: 1.122e-02| loss_bc1: 1.146e-01| loss_bc2: 2.173e-02| loss_bc3: 1.978e-01| loss_bc4: 5.399e-02|Time: 0.01
mean_grad_res: 0.003412
mean_grad_bcs: 1.679833
It: 24200, loss: 1.369e+04| loss_res: 6.102e+03| loss_f: 1.047e-02| loss_bc1: 1.234e-01| loss_bc2: 2.894e-02| loss_bc3: 2.105e-01| loss_bc4: 6.461e-02|Time: 0.00
mean_grad_res: 0.002723
mean_grad_bcs: 1.735616
It: 24300, loss: 1.549e+04| loss_res: 6.559e+03| loss_f: 1.188e-02| loss_bc1: 1.187e-01| loss_bc2: 2.300e-02| loss_bc3: 2.167e-01| loss_bc4: 5.196e-02|Time: 0.00
mean_grad_res: 0.007495
mean_grad_bcs: 1.939669
It: 24400, loss: 2.063e+04| loss_res: 6.686e+03| loss_f: 1.587e-02| loss_bc1: 1.335e-01| loss_bc2: 2.048e-02| loss_bc3: 1.957e-01| loss_bc4: 7.376e-02|Time: 0.00
mean_grad_res: 0.005338
mean_grad_bcs: 1.600227
It: 24500, loss: 1.860e+04| loss_res: 6.343e+03| loss_f: 1.430e-02| loss_bc1: 1.109e-01| loss_bc2: 2.449e-02| loss_bc3: 2.012e-01| loss_bc4: 5.922e-02|Time: 0.00
mean_grad_res: 0.003645
mean_grad_bcs: 1.416007
It: 24600, loss: 1.837e+04| loss_res: 6.878e+03| loss_f: 1.413e-02| loss_bc1: 1.010e-01| loss_bc2: 2.988e-02| loss_bc3: 1.795e-01| loss_bc4: 4.951e-02|Time: 0.01
mean_grad_res: 0.005109
mean_grad_bcs: 1.576446
It: 24700, loss: 9.524e+03| loss_res: 6.833e+03| loss_f: 7.258e-03| loss_bc1: 1.204e-01| loss_bc2: 2.317e-02| loss_bc3: 1.778e-01| loss_bc4: 4.596e-02|Time: 0.00
mean_grad_res: 0.001769
mean_grad_bcs: 1.446288
It: 24800, loss: 1.315e+04| loss_res: 6.819e+03| loss_f: 1.009e-02| loss_bc1: 9.744e-02| loss_bc2: 2.188e-02| loss_bc3: 1.727e-01| loss_bc4: 4.165e-02|Time: 0.00
mean_grad_res: 0.003246
mean_grad_bcs: 1.802455
It: 24900, loss: 1.246e+04| loss_res: 6.796e+03| loss_f: 9.534e-03| loss_bc1: 1.209e-01| loss_bc2: 2.370e-02| loss_bc3: 1.876e-01| loss_bc4: 4.226e-02|Time: 0.00
mean_grad_res: 0.002905
mean_grad_bcs: 1.448247
It: 25000, loss: 8.515e+03| loss_res: 9.528e+03| loss_f: 6.483e-03| loss_bc1: 9.845e-02| loss_bc2: 2.278e-02| loss_bc3: 1.829e-01| loss_bc4: 3.886e-02|Time: 0.00
mean_grad_res: 0.005245
mean_grad_bcs: 1.434599
It: 25100, loss: 9.594e+03| loss_res: 7.347e+03| loss_f: 7.321e-03| loss_bc1: 1.043e-01| loss_bc2: 2.319e-02| loss_bc3: 1.748e-01| loss_bc4: 4.185e-02|Time: 0.00
mean_grad_res: 0.003447
mean_grad_bcs: 1.663885
It: 25200, loss: 1.322e+04| loss_res: 8.125e+03| loss_f: 1.014e-02| loss_bc1: 9.870e-02| loss_bc2: 2.577e-02| loss_bc3: 1.722e-01| loss_bc4: 4.123e-02|Time: 0.00
mean_grad_res: 0.004008
mean_grad_bcs: 1.534868
It: 25300, loss: 1.105e+04| loss_res: 7.285e+03| loss_f: 8.444e-03| loss_bc1: 1.160e-01| loss_bc2: 2.043e-02| loss_bc3: 1.817e-01| loss_bc4: 4.488e-02|Time: 0.00
mean_grad_res: 0.002054
mean_grad_bcs: 2.091549
It: 25400, loss: 1.212e+04| loss_res: 7.266e+03| loss_f: 9.281e-03| loss_bc1: 1.057e-01| loss_bc2: 1.956e-02| loss_bc3: 1.908e-01| loss_bc4: 4.338e-02|Time: 0.00
mean_grad_res: 0.002705
mean_grad_bcs: 1.912255
It: 25500, loss: 1.193e+04| loss_res: 7.291e+03| loss_f: 9.142e-03| loss_bc1: 9.437e-02| loss_bc2: 1.683e-02| loss_bc3: 1.789e-01| loss_bc4: 3.837e-02|Time: 0.00
mean_grad_res: 0.005067
mean_grad_bcs: 1.653041
It: 25600, loss: 1.355e+04| loss_res: 7.645e+03| loss_f: 1.040e-02| loss_bc1: 1.010e-01| loss_bc2: 1.842e-02| loss_bc3: 1.701e-01| loss_bc4: 3.841e-02|Time: 0.00
mean_grad_res: 0.002882
mean_grad_bcs: 1.670799
It: 25700, loss: 1.699e+04| loss_res: 6.216e+03| loss_f: 1.307e-02| loss_bc1: 9.599e-02| loss_bc2: 2.227e-02| loss_bc3: 1.810e-01| loss_bc4: 4.024e-02|Time: 0.00
mean_grad_res: 0.005832
mean_grad_bcs: 1.694676
It: 25800, loss: 1.031e+04| loss_res: 6.540e+03| loss_f: 7.875e-03| loss_bc1: 9.920e-02| loss_bc2: 2.238e-02| loss_bc3: 1.868e-01| loss_bc4: 3.887e-02|Time: 0.00
mean_grad_res: 0.004110
mean_grad_bcs: 1.740963
It: 25900, loss: 1.015e+04| loss_res: 7.074e+03| loss_f: 7.761e-03| loss_bc1: 9.476e-02| loss_bc2: 1.881e-02| loss_bc3: 1.772e-01| loss_bc4: 3.975e-02|Time: 0.00
mean_grad_res: 0.002899
mean_grad_bcs: 1.498461
It: 26000, loss: 9.905e+03| loss_res: 7.570e+03| loss_f: 7.564e-03| loss_bc1: 1.002e-01| loss_bc2: 1.891e-02| loss_bc3: 1.867e-01| loss_bc4: 3.579e-02|Time: 0.00
mean_grad_res: 0.003597
mean_grad_bcs: 1.573403
It: 26100, loss: 1.210e+04| loss_res: 8.009e+03| loss_f: 9.272e-03| loss_bc1: 9.663e-02| loss_bc2: 2.286e-02| loss_bc3: 1.757e-01| loss_bc4: 3.352e-02|Time: 0.00
mean_grad_res: 0.002891
mean_grad_bcs: 1.759219
It: 26200, loss: 1.263e+04| loss_res: 7.912e+03| loss_f: 9.687e-03| loss_bc1: 8.908e-02| loss_bc2: 2.080e-02| loss_bc3: 1.900e-01| loss_bc4: 3.620e-02|Time: 0.00
mean_grad_res: 0.002553
mean_grad_bcs: 1.650996
It: 26300, loss: 1.128e+04| loss_res: 8.704e+03| loss_f: 8.637e-03| loss_bc1: 8.483e-02| loss_bc2: 1.999e-02| loss_bc3: 1.897e-01| loss_bc4: 3.200e-02|Time: 0.00
mean_grad_res: 0.004536
mean_grad_bcs: 1.888788
It: 26400, loss: 9.974e+03| loss_res: 7.047e+03| loss_f: 7.614e-03| loss_bc1: 1.006e-01| loss_bc2: 2.000e-02| loss_bc3: 1.890e-01| loss_bc4: 4.003e-02|Time: 0.00
mean_grad_res: 0.003180
mean_grad_bcs: 1.654951
It: 26500, loss: 1.316e+04| loss_res: 7.249e+03| loss_f: 1.011e-02| loss_bc1: 8.843e-02| loss_bc2: 1.894e-02| loss_bc3: 1.677e-01| loss_bc4: 3.471e-02|Time: 0.00
mean_grad_res: 0.002885
mean_grad_bcs: 1.457830
It: 26600, loss: 9.547e+03| loss_res: 7.417e+03| loss_f: 7.288e-03| loss_bc1: 9.354e-02| loss_bc2: 2.043e-02| loss_bc3: 1.766e-01| loss_bc4: 4.621e-02|Time: 0.00
mean_grad_res: 0.005755
mean_grad_bcs: 1.657874
It: 26700, loss: 8.575e+03| loss_res: 8.932e+03| loss_f: 6.538e-03| loss_bc1: 9.595e-02| loss_bc2: 2.159e-02| loss_bc3: 1.749e-01| loss_bc4: 3.036e-02|Time: 0.01
mean_grad_res: 0.001404
mean_grad_bcs: 1.590550
It: 26800, loss: 9.244e+03| loss_res: 7.545e+03| loss_f: 7.064e-03| loss_bc1: 7.984e-02| loss_bc2: 1.971e-02| loss_bc3: 1.731e-01| loss_bc4: 3.392e-02|Time: 0.00
mean_grad_res: 0.001559
mean_grad_bcs: 1.816674
It: 26900, loss: 1.013e+04| loss_res: 7.966e+03| loss_f: 7.750e-03| loss_bc1: 9.141e-02| loss_bc2: 2.442e-02| loss_bc3: 1.624e-01| loss_bc4: 4.061e-02|Time: 0.00
mean_grad_res: 0.001659
mean_grad_bcs: 1.918367
It: 27000, loss: 9.370e+03| loss_res: 7.035e+03| loss_f: 7.163e-03| loss_bc1: 8.019e-02| loss_bc2: 2.170e-02| loss_bc3: 1.666e-01| loss_bc4: 3.573e-02|Time: 0.00
mean_grad_res: 0.005488
mean_grad_bcs: 1.521513
It: 27100, loss: 1.647e+04| loss_res: 5.871e+03| loss_f: 1.268e-02| loss_bc1: 8.408e-02| loss_bc2: 2.727e-02| loss_bc3: 1.573e-01| loss_bc4: 3.294e-02|Time: 0.00
mean_grad_res: 0.003464
mean_grad_bcs: 1.616250
It: 27200, loss: 1.057e+04| loss_res: 6.550e+03| loss_f: 8.102e-03| loss_bc1: 8.129e-02| loss_bc2: 2.400e-02| loss_bc3: 1.586e-01| loss_bc4: 2.595e-02|Time: 0.00
mean_grad_res: 0.002901
mean_grad_bcs: 1.768610
It: 27300, loss: 9.606e+03| loss_res: 7.093e+03| loss_f: 7.343e-03| loss_bc1: 9.103e-02| loss_bc2: 1.576e-02| loss_bc3: 1.702e-01| loss_bc4: 3.692e-02|Time: 0.00
mean_grad_res: 0.002538
mean_grad_bcs: 1.691809
It: 27400, loss: 8.965e+03| loss_res: 8.035e+03| loss_f: 6.843e-03| loss_bc1: 9.013e-02| loss_bc2: 2.109e-02| loss_bc3: 1.606e-01| loss_bc4: 4.528e-02|Time: 0.00
mean_grad_res: 0.003244
mean_grad_bcs: 1.638569
It: 27500, loss: 9.993e+03| loss_res: 7.501e+03| loss_f: 7.649e-03| loss_bc1: 8.570e-02| loss_bc2: 1.900e-02| loss_bc3: 1.603e-01| loss_bc4: 3.445e-02|Time: 0.00
mean_grad_res: 0.002402
mean_grad_bcs: 1.918184
It: 27600, loss: 1.181e+04| loss_res: 7.005e+03| loss_f: 9.059e-03| loss_bc1: 8.193e-02| loss_bc2: 2.532e-02| loss_bc3: 1.639e-01| loss_bc4: 3.056e-02|Time: 0.00
mean_grad_res: 0.002094
mean_grad_bcs: 1.511324
It: 27700, loss: 9.197e+03| loss_res: 7.979e+03| loss_f: 7.030e-03| loss_bc1: 9.067e-02| loss_bc2: 1.658e-02| loss_bc3: 1.600e-01| loss_bc4: 3.292e-02|Time: 0.00
mean_grad_res: 0.002904
mean_grad_bcs: 1.587951
It: 27800, loss: 7.617e+03| loss_res: 7.529e+03| loss_f: 5.802e-03| loss_bc1: 8.483e-02| loss_bc2: 2.178e-02| loss_bc3: 1.639e-01| loss_bc4: 2.869e-02|Time: 0.00
mean_grad_res: 0.004776
mean_grad_bcs: 1.602055
It: 27900, loss: 8.609e+03| loss_res: 8.493e+03| loss_f: 6.572e-03| loss_bc1: 9.213e-02| loss_bc2: 1.556e-02| loss_bc3: 1.578e-01| loss_bc4: 3.697e-02|Time: 0.00
mean_grad_res: 0.002136
mean_grad_bcs: 1.556945
It: 28000, loss: 1.090e+04| loss_res: 7.128e+03| loss_f: 8.353e-03| loss_bc1: 9.211e-02| loss_bc2: 2.192e-02| loss_bc3: 1.565e-01| loss_bc4: 2.748e-02|Time: 0.00
mean_grad_res: 0.004574
mean_grad_bcs: 1.619892
It: 28100, loss: 1.135e+04| loss_res: 8.403e+03| loss_f: 8.712e-03| loss_bc1: 7.581e-02| loss_bc2: 1.753e-02| loss_bc3: 1.563e-01| loss_bc4: 3.615e-02|Time: 0.00
mean_grad_res: 0.002687
mean_grad_bcs: 1.924881
It: 28200, loss: 7.176e+03| loss_res: 6.140e+03| loss_f: 5.454e-03| loss_bc1: 9.182e-02| loss_bc2: 2.151e-02| loss_bc3: 1.704e-01| loss_bc4: 2.939e-02|Time: 0.00
mean_grad_res: 0.002039
mean_grad_bcs: 2.172225
It: 28300, loss: 8.367e+03| loss_res: 7.686e+03| loss_f: 6.397e-03| loss_bc1: 8.479e-02| loss_bc2: 1.590e-02| loss_bc3: 1.442e-01| loss_bc4: 2.434e-02|Time: 0.00
mean_grad_res: 0.001663
mean_grad_bcs: 1.428137
It: 28400, loss: 1.502e+04| loss_res: 7.156e+03| loss_f: 1.156e-02| loss_bc1: 8.671e-02| loss_bc2: 1.643e-02| loss_bc3: 1.612e-01| loss_bc4: 2.698e-02|Time: 0.01
mean_grad_res: 0.002979
mean_grad_bcs: 1.560495
It: 28500, loss: 9.072e+03| loss_res: 6.439e+03| loss_f: 6.936e-03| loss_bc1: 8.345e-02| loss_bc2: 1.779e-02| loss_bc3: 1.581e-01| loss_bc4: 3.264e-02|Time: 0.00
mean_grad_res: 0.003837
mean_grad_bcs: 1.794026
It: 28600, loss: 8.445e+03| loss_res: 7.015e+03| loss_f: 6.455e-03| loss_bc1: 7.969e-02| loss_bc2: 1.560e-02| loss_bc3: 1.547e-01| loss_bc4: 2.580e-02|Time: 0.01
mean_grad_res: 0.001927
mean_grad_bcs: 1.636258
It: 28700, loss: 6.746e+03| loss_res: 9.053e+03| loss_f: 5.139e-03| loss_bc1: 7.972e-02| loss_bc2: 1.373e-02| loss_bc3: 1.411e-01| loss_bc4: 3.003e-02|Time: 0.00
mean_grad_res: 0.002063
mean_grad_bcs: 1.553907
It: 28800, loss: 8.538e+03| loss_res: 6.900e+03| loss_f: 6.523e-03| loss_bc1: 8.263e-02| loss_bc2: 1.588e-02| loss_bc3: 1.538e-01| loss_bc4: 3.494e-02|Time: 0.00
mean_grad_res: 0.003825
mean_grad_bcs: 1.880196
It: 28900, loss: 1.054e+04| loss_res: 7.049e+03| loss_f: 8.082e-03| loss_bc1: 7.177e-02| loss_bc2: 1.426e-02| loss_bc3: 1.577e-01| loss_bc4: 3.681e-02|Time: 0.00
mean_grad_res: 0.002783
mean_grad_bcs: 2.173563
It: 29000, loss: 7.327e+03| loss_res: 8.006e+03| loss_f: 5.580e-03| loss_bc1: 8.640e-02| loss_bc2: 1.322e-02| loss_bc3: 1.570e-01| loss_bc4: 3.417e-02|Time: 0.00
mean_grad_res: 0.002011
mean_grad_bcs: 2.430799
It: 29100, loss: 1.083e+04| loss_res: 8.067e+03| loss_f: 8.312e-03| loss_bc1: 7.553e-02| loss_bc2: 1.412e-02| loss_bc3: 1.491e-01| loss_bc4: 3.681e-02|Time: 0.00
mean_grad_res: 0.001711
mean_grad_bcs: 1.917924
It: 29200, loss: 7.141e+03| loss_res: 5.275e+03| loss_f: 5.445e-03| loss_bc1: 7.283e-02| loss_bc2: 1.627e-02| loss_bc3: 1.399e-01| loss_bc4: 3.706e-02|Time: 0.00
mean_grad_res: 0.005012
mean_grad_bcs: 1.929301
It: 29300, loss: 5.385e+03| loss_res: 7.545e+03| loss_f: 4.074e-03| loss_bc1: 7.527e-02| loss_bc2: 1.893e-02| loss_bc3: 1.582e-01| loss_bc4: 3.037e-02|Time: 0.01
mean_grad_res: 0.001543
mean_grad_bcs: 1.778551
It: 29400, loss: 9.136e+03| loss_res: 7.502e+03| loss_f: 7.001e-03| loss_bc1: 7.088e-02| loss_bc2: 1.708e-02| loss_bc3: 1.311e-01| loss_bc4: 3.334e-02|Time: 0.00
mean_grad_res: 0.004831
mean_grad_bcs: 1.773286
It: 29500, loss: 8.889e+03| loss_res: 8.402e+03| loss_f: 6.802e-03| loss_bc1: 8.350e-02| loss_bc2: 1.759e-02| loss_bc3: 1.435e-01| loss_bc4: 2.772e-02|Time: 0.00
mean_grad_res: 0.003617
mean_grad_bcs: 1.579471
It: 29600, loss: 1.058e+04| loss_res: 6.974e+03| loss_f: 8.112e-03| loss_bc1: 7.266e-02| loss_bc2: 1.735e-02| loss_bc3: 1.511e-01| loss_bc4: 3.616e-02|Time: 0.01
mean_grad_res: 0.003691
mean_grad_bcs: 1.715856
It: 29700, loss: 7.392e+03| loss_res: 6.973e+03| loss_f: 5.645e-03| loss_bc1: 7.614e-02| loss_bc2: 1.400e-02| loss_bc3: 1.371e-01| loss_bc4: 2.794e-02|Time: 0.00
mean_grad_res: 0.002707
mean_grad_bcs: 1.601093
It: 29800, loss: 7.798e+03| loss_res: 7.615e+03| loss_f: 5.951e-03| loss_bc1: 6.904e-02| loss_bc2: 1.206e-02| loss_bc3: 1.612e-01| loss_bc4: 3.734e-02|Time: 0.00
mean_grad_res: 0.005327
mean_grad_bcs: 2.369508
It: 29900, loss: 6.831e+03| loss_res: 7.221e+03| loss_f: 5.205e-03| loss_bc1: 7.726e-02| loss_bc2: 1.392e-02| loss_bc3: 1.427e-01| loss_bc4: 3.049e-02|Time: 0.00
mean_grad_res: 0.002051
mean_grad_bcs: 2.162169
It: 30000, loss: 8.394e+03| loss_res: 6.774e+03| loss_f: 6.418e-03| loss_bc1: 7.764e-02| loss_bc2: 1.451e-02| loss_bc3: 1.465e-01| loss_bc4: 3.157e-02|Time: 0.00
mean_grad_res: 0.003589
mean_grad_bcs: 2.053689
It: 30100, loss: 1.288e+04| loss_res: 6.482e+03| loss_f: 6.822e-03| loss_bc1: 7.165e-02| loss_bc2: 1.292e-02| loss_bc3: 1.365e-01| loss_bc4: 2.335e-02|Time: 0.00
mean_grad_res: 0.002399
mean_grad_bcs: 0.011585
It: 30200, loss: 8.382e+03| loss_res: 8.057e+03| loss_f: 4.441e-03| loss_bc1: 7.069e-02| loss_bc2: 1.381e-02| loss_bc3: 1.486e-01| loss_bc4: 2.941e-02|Time: 0.00
mean_grad_res: 0.003050
mean_grad_bcs: 0.009905
It: 30300, loss: 9.408e+03| loss_res: 7.436e+03| loss_f: 4.985e-03| loss_bc1: 6.381e-02| loss_bc2: 1.545e-02| loss_bc3: 1.305e-01| loss_bc4: 3.066e-02|Time: 0.00
mean_grad_res: 0.004797
mean_grad_bcs: 0.009770
It: 30400, loss: 1.353e+04| loss_res: 8.027e+03| loss_f: 7.170e-03| loss_bc1: 6.670e-02| loss_bc2: 1.327e-02| loss_bc3: 1.368e-01| loss_bc4: 3.289e-02|Time: 0.00
mean_grad_res: 0.003912
mean_grad_bcs: 0.011647
It: 30500, loss: 1.101e+04| loss_res: 7.970e+03| loss_f: 5.832e-03| loss_bc1: 7.109e-02| loss_bc2: 1.225e-02| loss_bc3: 1.311e-01| loss_bc4: 2.482e-02|Time: 0.00
mean_grad_res: 0.002133
mean_grad_bcs: 0.009287
It: 30600, loss: 9.789e+03| loss_res: 7.705e+03| loss_f: 5.186e-03| loss_bc1: 6.884e-02| loss_bc2: 8.218e-03| loss_bc3: 1.439e-01| loss_bc4: 2.812e-02|Time: 0.00
mean_grad_res: 0.003521
mean_grad_bcs: 0.011028
It: 30700, loss: 1.223e+04| loss_res: 7.525e+03| loss_f: 6.480e-03| loss_bc1: 6.228e-02| loss_bc2: 1.380e-02| loss_bc3: 1.457e-01| loss_bc4: 2.864e-02|Time: 0.00
mean_grad_res: 0.006684
mean_grad_bcs: 0.011803
It: 30800, loss: 8.718e+03| loss_res: 7.151e+03| loss_f: 4.619e-03| loss_bc1: 6.531e-02| loss_bc2: 1.505e-02| loss_bc3: 1.463e-01| loss_bc4: 2.834e-02|Time: 0.00
mean_grad_res: 0.002372
mean_grad_bcs: 0.011637
It: 30900, loss: 8.171e+03| loss_res: 7.356e+03| loss_f: 4.329e-03| loss_bc1: 6.380e-02| loss_bc2: 1.203e-02| loss_bc3: 1.346e-01| loss_bc4: 2.496e-02|Time: 0.00
mean_grad_res: 0.001490
mean_grad_bcs: 0.010897
It: 31000, loss: 8.939e+03| loss_res: 6.884e+03| loss_f: 4.736e-03| loss_bc1: 7.220e-02| loss_bc2: 9.890e-03| loss_bc3: 1.276e-01| loss_bc4: 2.760e-02|Time: 0.00
mean_grad_res: 0.001477
mean_grad_bcs: 0.009251
It: 31100, loss: 8.051e+03| loss_res: 7.808e+03| loss_f: 4.266e-03| loss_bc1: 6.547e-02| loss_bc2: 1.101e-02| loss_bc3: 1.397e-01| loss_bc4: 2.684e-02|Time: 0.00
mean_grad_res: 0.002056
mean_grad_bcs: 0.014498
It: 31200, loss: 1.352e+04| loss_res: 6.517e+03| loss_f: 7.163e-03| loss_bc1: 6.715e-02| loss_bc2: 1.242e-02| loss_bc3: 1.197e-01| loss_bc4: 2.541e-02|Time: 0.00
mean_grad_res: 0.004552
mean_grad_bcs: 0.011034
It: 31300, loss: 1.087e+04| loss_res: 6.620e+03| loss_f: 5.762e-03| loss_bc1: 7.174e-02| loss_bc2: 1.606e-02| loss_bc3: 1.268e-01| loss_bc4: 3.514e-02|Time: 0.00
mean_grad_res: 0.002124
mean_grad_bcs: 0.011361
It: 31400, loss: 8.128e+03| loss_res: 6.914e+03| loss_f: 4.307e-03| loss_bc1: 7.223e-02| loss_bc2: 1.465e-02| loss_bc3: 1.198e-01| loss_bc4: 1.825e-02|Time: 0.00
mean_grad_res: 0.004999
mean_grad_bcs: 0.009669
It: 31500, loss: 9.189e+03| loss_res: 7.060e+03| loss_f: 4.869e-03| loss_bc1: 6.032e-02| loss_bc2: 1.289e-02| loss_bc3: 1.210e-01| loss_bc4: 2.211e-02|Time: 0.00
mean_grad_res: 0.003697
mean_grad_bcs: 0.008319
It: 31600, loss: 6.382e+03| loss_res: 7.300e+03| loss_f: 3.382e-03| loss_bc1: 7.227e-02| loss_bc2: 1.525e-02| loss_bc3: 1.299e-01| loss_bc4: 2.492e-02|Time: 0.00
mean_grad_res: 0.003075
mean_grad_bcs: 0.010708
It: 31700, loss: 6.787e+03| loss_res: 8.705e+03| loss_f: 3.596e-03| loss_bc1: 6.478e-02| loss_bc2: 1.469e-02| loss_bc3: 1.257e-01| loss_bc4: 2.576e-02|Time: 0.00
mean_grad_res: 0.002083
mean_grad_bcs: 0.009875
It: 31800, loss: 8.029e+03| loss_res: 7.957e+03| loss_f: 4.254e-03| loss_bc1: 6.661e-02| loss_bc2: 1.145e-02| loss_bc3: 1.148e-01| loss_bc4: 2.048e-02|Time: 0.01
mean_grad_res: 0.001805
mean_grad_bcs: 0.010830
It: 31900, loss: 1.418e+04| loss_res: 7.483e+03| loss_f: 7.513e-03| loss_bc1: 6.517e-02| loss_bc2: 9.470e-03| loss_bc3: 1.308e-01| loss_bc4: 2.013e-02|Time: 0.01
mean_grad_res: 0.002578
mean_grad_bcs: 0.009849
It: 32000, loss: 6.643e+03| loss_res: 8.422e+03| loss_f: 3.519e-03| loss_bc1: 6.184e-02| loss_bc2: 1.224e-02| loss_bc3: 1.186e-01| loss_bc4: 2.586e-02|Time: 0.01
mean_grad_res: 0.001709
mean_grad_bcs: 0.010512
It: 32100, loss: 7.606e+03| loss_res: 7.595e+03| loss_f: 4.030e-03| loss_bc1: 6.048e-02| loss_bc2: 1.082e-02| loss_bc3: 1.215e-01| loss_bc4: 3.360e-02|Time: 0.00
mean_grad_res: 0.002170
mean_grad_bcs: 0.011504
It: 32200, loss: 1.458e+04| loss_res: 6.939e+03| loss_f: 7.725e-03| loss_bc1: 5.535e-02| loss_bc2: 1.145e-02| loss_bc3: 1.068e-01| loss_bc4: 2.471e-02|Time: 0.00
mean_grad_res: 0.003019
mean_grad_bcs: 0.011030
It: 32300, loss: 7.028e+03| loss_res: 7.101e+03| loss_f: 3.724e-03| loss_bc1: 6.301e-02| loss_bc2: 1.235e-02| loss_bc3: 1.254e-01| loss_bc4: 2.528e-02|Time: 0.01
mean_grad_res: 0.002775
mean_grad_bcs: 0.010440
It: 32400, loss: 1.194e+04| loss_res: 6.588e+03| loss_f: 6.326e-03| loss_bc1: 5.986e-02| loss_bc2: 8.903e-03| loss_bc3: 1.448e-01| loss_bc4: 2.580e-02|Time: 0.00
mean_grad_res: 0.003354
mean_grad_bcs: 0.012402
It: 32500, loss: 8.488e+03| loss_res: 7.308e+03| loss_f: 4.497e-03| loss_bc1: 6.015e-02| loss_bc2: 1.148e-02| loss_bc3: 1.305e-01| loss_bc4: 2.149e-02|Time: 0.00
mean_grad_res: 0.002219
mean_grad_bcs: 0.009186
It: 32600, loss: 9.587e+03| loss_res: 7.828e+03| loss_f: 5.079e-03| loss_bc1: 6.084e-02| loss_bc2: 1.013e-02| loss_bc3: 1.105e-01| loss_bc4: 2.678e-02|Time: 0.00
mean_grad_res: 0.004379
mean_grad_bcs: 0.011294
It: 32700, loss: 9.594e+03| loss_res: 8.003e+03| loss_f: 5.083e-03| loss_bc1: 6.180e-02| loss_bc2: 1.180e-02| loss_bc3: 1.169e-01| loss_bc4: 2.845e-02|Time: 0.00
mean_grad_res: 0.006408
mean_grad_bcs: 0.010855
It: 32800, loss: 6.863e+03| loss_res: 7.237e+03| loss_f: 3.636e-03| loss_bc1: 4.977e-02| loss_bc2: 1.200e-02| loss_bc3: 1.211e-01| loss_bc4: 1.913e-02|Time: 0.00
mean_grad_res: 0.001820
mean_grad_bcs: 0.009324
It: 32900, loss: 1.103e+04| loss_res: 6.294e+03| loss_f: 5.842e-03| loss_bc1: 6.092e-02| loss_bc2: 1.054e-02| loss_bc3: 1.189e-01| loss_bc4: 1.986e-02|Time: 0.00
mean_grad_res: 0.004033
mean_grad_bcs: 0.011627
It: 33000, loss: 1.253e+04| loss_res: 7.573e+03| loss_f: 6.641e-03| loss_bc1: 5.617e-02| loss_bc2: 1.408e-02| loss_bc3: 1.098e-01| loss_bc4: 1.742e-02|Time: 0.00
mean_grad_res: 0.002584
mean_grad_bcs: 0.008907
It: 33100, loss: 9.459e+03| loss_res: 7.868e+03| loss_f: 5.012e-03| loss_bc1: 5.107e-02| loss_bc2: 9.488e-03| loss_bc3: 1.143e-01| loss_bc4: 2.607e-02|Time: 0.00
mean_grad_res: 0.003106
mean_grad_bcs: 0.010245
It: 33200, loss: 8.081e+03| loss_res: 6.950e+03| loss_f: 4.281e-03| loss_bc1: 5.862e-02| loss_bc2: 1.028e-02| loss_bc3: 1.101e-01| loss_bc4: 2.119e-02|Time: 0.00
mean_grad_res: 0.004317
mean_grad_bcs: 0.010205
It: 33300, loss: 6.347e+03| loss_res: 5.720e+03| loss_f: 3.363e-03| loss_bc1: 4.677e-02| loss_bc2: 9.583e-03| loss_bc3: 1.066e-01| loss_bc4: 2.009e-02|Time: 0.00
mean_grad_res: 0.002169
mean_grad_bcs: 0.008420
It: 33400, loss: 1.424e+04| loss_res: 7.178e+03| loss_f: 7.547e-03| loss_bc1: 6.152e-02| loss_bc2: 1.049e-02| loss_bc3: 1.228e-01| loss_bc4: 2.231e-02|Time: 0.00
mean_grad_res: 0.003833
mean_grad_bcs: 0.011073
It: 33500, loss: 1.799e+04| loss_res: 6.531e+03| loss_f: 9.530e-03| loss_bc1: 5.953e-02| loss_bc2: 1.073e-02| loss_bc3: 1.134e-01| loss_bc4: 2.054e-02|Time: 0.01
mean_grad_res: 0.003778
mean_grad_bcs: 0.011745
It: 33600, loss: 6.546e+03| loss_res: 8.879e+03| loss_f: 3.468e-03| loss_bc1: 5.355e-02| loss_bc2: 1.205e-02| loss_bc3: 1.117e-01| loss_bc4: 1.960e-02|Time: 0.00
mean_grad_res: 0.001403
mean_grad_bcs: 0.010378
It: 33700, loss: 9.742e+03| loss_res: 6.747e+03| loss_f: 5.161e-03| loss_bc1: 4.789e-02| loss_bc2: 1.040e-02| loss_bc3: 1.264e-01| loss_bc4: 1.761e-02|Time: 0.01
mean_grad_res: 0.002896
mean_grad_bcs: 0.011129
It: 33800, loss: 4.821e+03| loss_res: 6.350e+03| loss_f: 2.554e-03| loss_bc1: 5.665e-02| loss_bc2: 1.129e-02| loss_bc3: 1.205e-01| loss_bc4: 2.449e-02|Time: 0.00
mean_grad_res: 0.001325
mean_grad_bcs: 0.012688
It: 33900, loss: 7.588e+03| loss_res: 7.874e+03| loss_f: 4.020e-03| loss_bc1: 4.611e-02| loss_bc2: 1.002e-02| loss_bc3: 1.089e-01| loss_bc4: 1.378e-02|Time: 0.00
mean_grad_res: 0.001489
mean_grad_bcs: 0.008805
It: 34000, loss: 1.403e+04| loss_res: 7.202e+03| loss_f: 7.435e-03| loss_bc1: 5.275e-02| loss_bc2: 9.987e-03| loss_bc3: 1.095e-01| loss_bc4: 2.071e-02|Time: 0.00
mean_grad_res: 0.002437
mean_grad_bcs: 0.009557
It: 34100, loss: 1.252e+04| loss_res: 7.322e+03| loss_f: 6.633e-03| loss_bc1: 6.026e-02| loss_bc2: 1.194e-02| loss_bc3: 1.196e-01| loss_bc4: 1.803e-02|Time: 0.01
mean_grad_res: 0.003077
mean_grad_bcs: 0.009289
It: 34200, loss: 8.834e+03| loss_res: 7.805e+03| loss_f: 4.680e-03| loss_bc1: 6.200e-02| loss_bc2: 8.154e-03| loss_bc3: 1.209e-01| loss_bc4: 2.290e-02|Time: 0.01
mean_grad_res: 0.006185
mean_grad_bcs: 0.011248
It: 34300, loss: 8.662e+03| loss_res: 6.357e+03| loss_f: 4.589e-03| loss_bc1: 4.878e-02| loss_bc2: 8.291e-03| loss_bc3: 1.190e-01| loss_bc4: 2.151e-02|Time: 0.00
mean_grad_res: 0.002585
mean_grad_bcs: 0.010530
It: 34400, loss: 7.372e+03| loss_res: 6.416e+03| loss_f: 3.906e-03| loss_bc1: 5.653e-02| loss_bc2: 1.248e-02| loss_bc3: 9.947e-02| loss_bc4: 2.061e-02|Time: 0.00
mean_grad_res: 0.002248
mean_grad_bcs: 0.009462
It: 34500, loss: 6.184e+03| loss_res: 6.856e+03| loss_f: 3.276e-03| loss_bc1: 4.827e-02| loss_bc2: 1.158e-02| loss_bc3: 1.061e-01| loss_bc4: 1.825e-02|Time: 0.00
mean_grad_res: 0.002373
mean_grad_bcs: 0.009633
It: 34600, loss: 5.815e+03| loss_res: 8.970e+03| loss_f: 3.081e-03| loss_bc1: 5.050e-02| loss_bc2: 1.277e-02| loss_bc3: 1.345e-01| loss_bc4: 2.476e-02|Time: 0.00
mean_grad_res: 0.002366
mean_grad_bcs: 0.012364
It: 34700, loss: 6.717e+03| loss_res: 4.986e+03| loss_f: 3.559e-03| loss_bc1: 5.142e-02| loss_bc2: 9.198e-03| loss_bc3: 1.021e-01| loss_bc4: 1.662e-02|Time: 0.00
mean_grad_res: 0.001679
mean_grad_bcs: 0.008528
It: 34800, loss: 6.819e+03| loss_res: 6.355e+03| loss_f: 3.613e-03| loss_bc1: 5.316e-02| loss_bc2: 1.011e-02| loss_bc3: 1.102e-01| loss_bc4: 2.310e-02|Time: 0.01
mean_grad_res: 0.001495
mean_grad_bcs: 0.011554
It: 34900, loss: 6.878e+03| loss_res: 7.503e+03| loss_f: 3.644e-03| loss_bc1: 4.706e-02| loss_bc2: 1.007e-02| loss_bc3: 1.074e-01| loss_bc4: 2.752e-02|Time: 0.00
mean_grad_res: 0.001746
mean_grad_bcs: 0.011060
It: 35000, loss: 6.123e+03| loss_res: 7.110e+03| loss_f: 3.244e-03| loss_bc1: 5.791e-02| loss_bc2: 1.102e-02| loss_bc3: 1.153e-01| loss_bc4: 1.574e-02|Time: 0.00
mean_grad_res: 0.003209
mean_grad_bcs: 0.010917
It: 35100, loss: 1.002e+04| loss_res: 8.685e+03| loss_f: 5.308e-03| loss_bc1: 5.214e-02| loss_bc2: 9.646e-03| loss_bc3: 9.974e-02| loss_bc4: 1.915e-02|Time: 0.01
mean_grad_res: 0.002012
mean_grad_bcs: 0.010244
It: 35200, loss: 1.207e+04| loss_res: 7.325e+03| loss_f: 6.395e-03| loss_bc1: 4.620e-02| loss_bc2: 1.062e-02| loss_bc3: 1.172e-01| loss_bc4: 2.204e-02|Time: 0.00
mean_grad_res: 0.002308
mean_grad_bcs: 0.009882
It: 35300, loss: 7.178e+03| loss_res: 7.733e+03| loss_f: 3.803e-03| loss_bc1: 4.668e-02| loss_bc2: 8.642e-03| loss_bc3: 1.098e-01| loss_bc4: 1.456e-02|Time: 0.00
mean_grad_res: 0.004081
mean_grad_bcs: 0.010227
It: 35400, loss: 7.694e+03| loss_res: 7.870e+03| loss_f: 4.077e-03| loss_bc1: 5.274e-02| loss_bc2: 9.265e-03| loss_bc3: 1.142e-01| loss_bc4: 2.252e-02|Time: 0.00
mean_grad_res: 0.002195
mean_grad_bcs: 0.012133
It: 35500, loss: 1.332e+04| loss_res: 7.623e+03| loss_f: 7.059e-03| loss_bc1: 5.128e-02| loss_bc2: 9.228e-03| loss_bc3: 1.088e-01| loss_bc4: 2.196e-02|Time: 0.00
mean_grad_res: 0.005998
mean_grad_bcs: 0.009547
It: 35600, loss: 7.500e+03| loss_res: 7.951e+03| loss_f: 3.974e-03| loss_bc1: 4.590e-02| loss_bc2: 8.709e-03| loss_bc3: 1.186e-01| loss_bc4: 1.588e-02|Time: 0.01
mean_grad_res: 0.001581
mean_grad_bcs: 0.010691
It: 35700, loss: 6.527e+03| loss_res: 6.939e+03| loss_f: 3.458e-03| loss_bc1: 6.125e-02| loss_bc2: 1.028e-02| loss_bc3: 1.195e-01| loss_bc4: 2.273e-02|Time: 0.00
mean_grad_res: 0.002322
mean_grad_bcs: 0.011985
It: 35800, loss: 5.511e+03| loss_res: 8.375e+03| loss_f: 2.920e-03| loss_bc1: 5.240e-02| loss_bc2: 1.069e-02| loss_bc3: 9.510e-02| loss_bc4: 1.398e-02|Time: 0.00
mean_grad_res: 0.001949
mean_grad_bcs: 0.008724
It: 35900, loss: 6.989e+03| loss_res: 7.344e+03| loss_f: 3.703e-03| loss_bc1: 5.366e-02| loss_bc2: 1.143e-02| loss_bc3: 1.122e-01| loss_bc4: 1.517e-02|Time: 0.00
mean_grad_res: 0.002816
mean_grad_bcs: 0.009886
It: 36000, loss: 1.823e+04| loss_res: 8.116e+03| loss_f: 9.661e-03| loss_bc1: 5.052e-02| loss_bc2: 9.325e-03| loss_bc3: 1.204e-01| loss_bc4: 1.864e-02|Time: 0.00
mean_grad_res: 0.005525
mean_grad_bcs: 0.012137
It: 36100, loss: 6.115e+03| loss_res: 7.390e+03| loss_f: 3.240e-03| loss_bc1: 5.045e-02| loss_bc2: 6.336e-03| loss_bc3: 1.235e-01| loss_bc4: 1.820e-02|Time: 0.00
mean_grad_res: 0.003047
mean_grad_bcs: 0.010037
It: 36200, loss: 6.273e+03| loss_res: 8.017e+03| loss_f: 3.324e-03| loss_bc1: 5.349e-02| loss_bc2: 8.781e-03| loss_bc3: 1.015e-01| loss_bc4: 2.239e-02|Time: 0.00
mean_grad_res: 0.002864
mean_grad_bcs: 0.010839
It: 36300, loss: 6.276e+03| loss_res: 7.870e+03| loss_f: 3.325e-03| loss_bc1: 5.202e-02| loss_bc2: 9.792e-03| loss_bc3: 8.847e-02| loss_bc4: 2.157e-02|Time: 0.00
mean_grad_res: 0.002878
mean_grad_bcs: 0.009147
It: 36400, loss: 5.235e+03| loss_res: 7.897e+03| loss_f: 2.774e-03| loss_bc1: 6.001e-02| loss_bc2: 9.565e-03| loss_bc3: 1.018e-01| loss_bc4: 1.576e-02|Time: 0.00
mean_grad_res: 0.001971
mean_grad_bcs: 0.009175
It: 36500, loss: 8.932e+03| loss_res: 6.089e+03| loss_f: 4.732e-03| loss_bc1: 5.055e-02| loss_bc2: 1.048e-02| loss_bc3: 1.038e-01| loss_bc4: 2.086e-02|Time: 0.00
mean_grad_res: 0.001757
mean_grad_bcs: 0.011370
It: 36600, loss: 1.424e+04| loss_res: 8.238e+03| loss_f: 7.547e-03| loss_bc1: 5.871e-02| loss_bc2: 7.204e-03| loss_bc3: 1.022e-01| loss_bc4: 1.338e-02|Time: 0.00
mean_grad_res: 0.002486
mean_grad_bcs: 0.010826
It: 36700, loss: 3.862e+03| loss_res: 7.576e+03| loss_f: 2.046e-03| loss_bc1: 5.058e-02| loss_bc2: 8.432e-03| loss_bc3: 1.012e-01| loss_bc4: 1.771e-02|Time: 0.01
mean_grad_res: 0.002429
mean_grad_bcs: 0.010005
It: 36800, loss: 8.330e+03| loss_res: 7.628e+03| loss_f: 4.413e-03| loss_bc1: 4.990e-02| loss_bc2: 7.184e-03| loss_bc3: 1.036e-01| loss_bc4: 2.233e-02|Time: 0.00
mean_grad_res: 0.002850
mean_grad_bcs: 0.011151
It: 36900, loss: 1.002e+04| loss_res: 7.209e+03| loss_f: 5.310e-03| loss_bc1: 5.192e-02| loss_bc2: 8.517e-03| loss_bc3: 1.038e-01| loss_bc4: 1.934e-02|Time: 0.00
mean_grad_res: 0.002411
mean_grad_bcs: 0.010309
It: 37000, loss: 6.138e+03| loss_res: 7.346e+03| loss_f: 3.252e-03| loss_bc1: 5.160e-02| loss_bc2: 1.060e-02| loss_bc3: 1.067e-01| loss_bc4: 1.633e-02|Time: 0.00
mean_grad_res: 0.002976
mean_grad_bcs: 0.011672
It: 37100, loss: 9.156e+03| loss_res: 7.205e+03| loss_f: 4.851e-03| loss_bc1: 4.424e-02| loss_bc2: 9.560e-03| loss_bc3: 8.967e-02| loss_bc4: 1.515e-02|Time: 0.00
mean_grad_res: 0.007374
mean_grad_bcs: 0.008612
It: 37200, loss: 1.262e+04| loss_res: 7.005e+03| loss_f: 6.684e-03| loss_bc1: 5.219e-02| loss_bc2: 9.222e-03| loss_bc3: 8.488e-02| loss_bc4: 1.438e-02|Time: 0.00
mean_grad_res: 0.002547
mean_grad_bcs: 0.008699
It: 37300, loss: 7.881e+03| loss_res: 8.161e+03| loss_f: 4.176e-03| loss_bc1: 4.753e-02| loss_bc2: 9.185e-03| loss_bc3: 9.932e-02| loss_bc4: 2.186e-02|Time: 0.00
mean_grad_res: 0.001097
mean_grad_bcs: 0.010276
It: 37400, loss: 4.532e+03| loss_res: 7.282e+03| loss_f: 2.401e-03| loss_bc1: 4.925e-02| loss_bc2: 1.022e-02| loss_bc3: 1.052e-01| loss_bc4: 1.338e-02|Time: 0.00
mean_grad_res: 0.001706
mean_grad_bcs: 0.009617
It: 37500, loss: 4.216e+03| loss_res: 7.252e+03| loss_f: 2.234e-03| loss_bc1: 4.777e-02| loss_bc2: 8.985e-03| loss_bc3: 1.016e-01| loss_bc4: 1.889e-02|Time: 0.00
mean_grad_res: 0.002155
mean_grad_bcs: 0.009447
It: 37600, loss: 8.371e+03| loss_res: 7.159e+03| loss_f: 4.435e-03| loss_bc1: 4.558e-02| loss_bc2: 8.991e-03| loss_bc3: 1.161e-01| loss_bc4: 2.120e-02|Time: 0.00
mean_grad_res: 0.002604
mean_grad_bcs: 0.011566
It: 37700, loss: 7.859e+03| loss_res: 8.086e+03| loss_f: 4.164e-03| loss_bc1: 4.143e-02| loss_bc2: 9.200e-03| loss_bc3: 1.015e-01| loss_bc4: 1.502e-02|Time: 0.00
mean_grad_res: 0.002630
mean_grad_bcs: 0.008880
It: 37800, loss: 8.883e+03| loss_res: 6.710e+03| loss_f: 4.706e-03| loss_bc1: 5.219e-02| loss_bc2: 7.630e-03| loss_bc3: 9.226e-02| loss_bc4: 1.381e-02|Time: 0.00
mean_grad_res: 0.004054
mean_grad_bcs: 0.009539
It: 37900, loss: 4.502e+03| loss_res: 8.370e+03| loss_f: 2.385e-03| loss_bc1: 5.001e-02| loss_bc2: 1.108e-02| loss_bc3: 9.960e-02| loss_bc4: 1.537e-02|Time: 0.00
mean_grad_res: 0.001261
mean_grad_bcs: 0.009040
It: 38000, loss: 5.762e+03| loss_res: 7.392e+03| loss_f: 3.053e-03| loss_bc1: 4.865e-02| loss_bc2: 8.594e-03| loss_bc3: 1.116e-01| loss_bc4: 1.441e-02|Time: 0.00
mean_grad_res: 0.002118
mean_grad_bcs: 0.011499
It: 38100, loss: 6.582e+03| loss_res: 7.823e+03| loss_f: 3.487e-03| loss_bc1: 4.523e-02| loss_bc2: 7.978e-03| loss_bc3: 8.779e-02| loss_bc4: 2.115e-02|Time: 0.00
mean_grad_res: 0.002468
mean_grad_bcs: 0.008924
It: 38200, loss: 7.869e+03| loss_res: 6.592e+03| loss_f: 4.169e-03| loss_bc1: 4.353e-02| loss_bc2: 7.725e-03| loss_bc3: 1.096e-01| loss_bc4: 1.631e-02|Time: 0.00
mean_grad_res: 0.002228
mean_grad_bcs: 0.010749
It: 38300, loss: 9.400e+03| loss_res: 5.983e+03| loss_f: 4.980e-03| loss_bc1: 5.067e-02| loss_bc2: 6.738e-03| loss_bc3: 9.377e-02| loss_bc4: 1.985e-02|Time: 0.00
mean_grad_res: 0.001891
mean_grad_bcs: 0.010800
It: 38400, loss: 6.459e+03| loss_res: 8.348e+03| loss_f: 3.422e-03| loss_bc1: 4.917e-02| loss_bc2: 8.239e-03| loss_bc3: 9.913e-02| loss_bc4: 1.952e-02|Time: 0.00
mean_grad_res: 0.001254
mean_grad_bcs: 0.010441
It: 38500, loss: 6.696e+03| loss_res: 7.874e+03| loss_f: 3.548e-03| loss_bc1: 5.573e-02| loss_bc2: 9.561e-03| loss_bc3: 8.083e-02| loss_bc4: 1.938e-02|Time: 0.00
mean_grad_res: 0.002930
mean_grad_bcs: 0.008240
It: 38600, loss: 7.018e+03| loss_res: 7.636e+03| loss_f: 3.718e-03| loss_bc1: 4.718e-02| loss_bc2: 8.347e-03| loss_bc3: 7.895e-02| loss_bc4: 1.484e-02|Time: 0.00
mean_grad_res: 0.002645
mean_grad_bcs: 0.009085
It: 38700, loss: 5.957e+03| loss_res: 6.427e+03| loss_f: 3.156e-03| loss_bc1: 4.857e-02| loss_bc2: 6.967e-03| loss_bc3: 9.308e-02| loss_bc4: 1.934e-02|Time: 0.00
mean_grad_res: 0.002956
mean_grad_bcs: 0.010407
It: 38800, loss: 5.989e+03| loss_res: 8.080e+03| loss_f: 3.173e-03| loss_bc1: 3.888e-02| loss_bc2: 9.965e-03| loss_bc3: 7.643e-02| loss_bc4: 1.731e-02|Time: 0.00
mean_grad_res: 0.002031
mean_grad_bcs: 0.007997
It: 38900, loss: 7.836e+03| loss_res: 6.074e+03| loss_f: 4.152e-03| loss_bc1: 4.008e-02| loss_bc2: 7.660e-03| loss_bc3: 9.522e-02| loss_bc4: 1.332e-02|Time: 0.00
mean_grad_res: 0.003891
mean_grad_bcs: 0.008007
It: 39000, loss: 7.066e+03| loss_res: 8.034e+03| loss_f: 3.744e-03| loss_bc1: 4.591e-02| loss_bc2: 6.166e-03| loss_bc3: 9.719e-02| loss_bc4: 1.805e-02|Time: 0.00
mean_grad_res: 0.002277
mean_grad_bcs: 0.010979
It: 39100, loss: 4.637e+03| loss_res: 8.460e+03| loss_f: 2.457e-03| loss_bc1: 4.750e-02| loss_bc2: 1.056e-02| loss_bc3: 9.254e-02| loss_bc4: 1.817e-02|Time: 0.00
mean_grad_res: 0.001724
mean_grad_bcs: 0.009894
It: 39200, loss: 3.060e+03| loss_res: 6.164e+03| loss_f: 1.621e-03| loss_bc1: 4.026e-02| loss_bc2: 8.008e-03| loss_bc3: 9.600e-02| loss_bc4: 1.675e-02|Time: 0.00
mean_grad_res: 0.001621
mean_grad_bcs: 0.009255
It: 39300, loss: 5.028e+03| loss_res: 8.136e+03| loss_f: 2.664e-03| loss_bc1: 3.664e-02| loss_bc2: 8.874e-03| loss_bc3: 8.367e-02| loss_bc4: 1.855e-02|Time: 0.00
mean_grad_res: 0.000736
mean_grad_bcs: 0.008115
It: 39400, loss: 4.804e+03| loss_res: 6.426e+03| loss_f: 2.545e-03| loss_bc1: 4.775e-02| loss_bc2: 6.754e-03| loss_bc3: 8.654e-02| loss_bc4: 1.237e-02|Time: 0.00
mean_grad_res: 0.002816
mean_grad_bcs: 0.008903
It: 39500, loss: 7.080e+03| loss_res: 7.483e+03| loss_f: 3.751e-03| loss_bc1: 4.039e-02| loss_bc2: 6.982e-03| loss_bc3: 9.293e-02| loss_bc4: 1.376e-02|Time: 0.00
mean_grad_res: 0.003972
mean_grad_bcs: 0.009312
It: 39600, loss: 7.473e+03| loss_res: 7.721e+03| loss_f: 3.960e-03| loss_bc1: 4.361e-02| loss_bc2: 5.975e-03| loss_bc3: 8.261e-02| loss_bc4: 1.978e-02|Time: 0.00
mean_grad_res: 0.002203
mean_grad_bcs: 0.010045
It: 39700, loss: 4.402e+03| loss_res: 7.202e+03| loss_f: 2.332e-03| loss_bc1: 4.250e-02| loss_bc2: 6.526e-03| loss_bc3: 9.358e-02| loss_bc4: 2.247e-02|Time: 0.00
mean_grad_res: 0.002721
mean_grad_bcs: 0.009094
It: 39800, loss: 8.938e+03| loss_res: 7.972e+03| loss_f: 4.736e-03| loss_bc1: 4.048e-02| loss_bc2: 6.945e-03| loss_bc3: 9.917e-02| loss_bc4: 2.573e-02|Time: 0.00
mean_grad_res: 0.002210
mean_grad_bcs: 0.011157
It: 39900, loss: 6.517e+03| loss_res: 8.112e+03| loss_f: 3.453e-03| loss_bc1: 4.977e-02| loss_bc2: 8.027e-03| loss_bc3: 1.016e-01| loss_bc4: 1.782e-02|Time: 0.00
mean_grad_res: 0.002805
mean_grad_bcs: 0.012954
Gradients information stored ...
It: 40000, loss: 5.642e+03| loss_res: 6.547e+03| loss_f: 2.989e-03| loss_bc1: 4.560e-02| loss_bc2: 4.967e-03| loss_bc3: 1.014e-01| loss_bc4: 1.583e-02|Time: 0.42
mean_grad_res: 0.001845
mean_grad_bcs: 0.011787
Relative L2 error_u: 1.33e-01
Relative L2 error_f: 4.66e-01
Save uv NN parameters successfully in %s ...checkpoints/Jan-10-2024_16-22-21-826399_M2
Final loss total loss: 5.641819e+03
Final loss loss_res: 6.546529e+03
Final loss loss_f: 2.989228e-03
Final loss loss_bc1: 4.560013e-02
Final loss loss_bc2: 4.967278e-03
Final loss loss_bc3: 1.013968e-01
Final loss loss_bc4: 1.583156e-02
average lambda_bc8.5207e+00
average lambda_res1.0


Method: mini_batch

average of time_list:1.8361e+02
average of error_u_list:1.3306e-01
average of error_v_list:4.6598e-01
