It: 0, Loss: 9.374e+03, Loss_bcs: 1.042e+00, Loss_res: 9.373e+03 ,Time: 0.30
Compute NTK...
Gradients information stored ...
It: 100, Loss: 3.447e+02, Loss_bcs: 6.315e+01, Loss_res: 2.816e+02 ,Time: 0.00
Gradients information stored ...
It: 200, Loss: 2.287e+02, Loss_bcs: 3.995e+01, Loss_res: 1.888e+02 ,Time: 0.00
It: 300, Loss: 1.646e+02, Loss_bcs: 2.464e+01, Loss_res: 1.399e+02 ,Time: 0.00
It: 400, Loss: 1.243e+02, Loss_bcs: 1.501e+01, Loss_res: 1.093e+02 ,Time: 0.00
It: 500, Loss: 9.724e+01, Loss_bcs: 8.868e+00, Loss_res: 8.837e+01 ,Time: 0.00
It: 600, Loss: 7.828e+01, Loss_bcs: 5.009e+00, Loss_res: 7.327e+01 ,Time: 0.00
It: 700, Loss: 6.455e+01, Loss_bcs: 2.650e+00, Loss_res: 6.190e+01 ,Time: 0.00
It: 800, Loss: 5.437e+01, Loss_bcs: 1.267e+00, Loss_res: 5.311e+01 ,Time: 0.00
It: 900, Loss: 4.667e+01, Loss_bcs: 5.110e-01, Loss_res: 4.616e+01 ,Time: 0.00
It: 1000, Loss: 4.075e+01, Loss_bcs: 1.486e-01, Loss_res: 4.060e+01 ,Time: 0.00
Compute NTK...
Gradients information stored ...
It: 1100, Loss: 3.612e+01, Loss_bcs: 2.713e-02, Loss_res: 3.610e+01 ,Time: 0.00
It: 1200, Loss: 3.246e+01, Loss_bcs: 4.627e-02, Loss_res: 3.241e+01 ,Time: 0.00
It: 1300, Loss: 2.952e+01, Loss_bcs: 1.412e-01, Loss_res: 2.937e+01 ,Time: 0.00
It: 1400, Loss: 2.711e+01, Loss_bcs: 2.709e-01, Loss_res: 2.684e+01 ,Time: 0.00
It: 1500, Loss: 2.512e+01, Loss_bcs: 4.098e-01, Loss_res: 2.471e+01 ,Time: 0.00
It: 1600, Loss: 2.344e+01, Loss_bcs: 5.429e-01, Loss_res: 2.290e+01 ,Time: 0.00
It: 1700, Loss: 2.201e+01, Loss_bcs: 6.622e-01, Loss_res: 2.134e+01 ,Time: 0.00
It: 1800, Loss: 2.076e+01, Loss_bcs: 7.637e-01, Loss_res: 1.999e+01 ,Time: 0.00
It: 1900, Loss: 1.966e+01, Loss_bcs: 8.465e-01, Loss_res: 1.881e+01 ,Time: 0.00
It: 2000, Loss: 1.868e+01, Loss_bcs: 9.110e-01, Loss_res: 1.777e+01 ,Time: 0.00
Compute NTK...
It: 2100, Loss: 1.779e+01, Loss_bcs: 9.589e-01, Loss_res: 1.684e+01 ,Time: 0.00
It: 2200, Loss: 1.699e+01, Loss_bcs: 9.919e-01, Loss_res: 1.600e+01 ,Time: 0.00
It: 2300, Loss: 1.625e+01, Loss_bcs: 1.012e+00, Loss_res: 1.523e+01 ,Time: 0.00
It: 2400, Loss: 1.556e+01, Loss_bcs: 1.022e+00, Loss_res: 1.454e+01 ,Time: 0.00
It: 2500, Loss: 1.492e+01, Loss_bcs: 1.022e+00, Loss_res: 1.390e+01 ,Time: 0.00
It: 2600, Loss: 1.433e+01, Loss_bcs: 1.016e+00, Loss_res: 1.331e+01 ,Time: 0.00
It: 2700, Loss: 1.377e+01, Loss_bcs: 1.003e+00, Loss_res: 1.276e+01 ,Time: 0.00
It: 2800, Loss: 1.324e+01, Loss_bcs: 9.864e-01, Loss_res: 1.225e+01 ,Time: 0.00
It: 2900, Loss: 1.274e+01, Loss_bcs: 9.661e-01, Loss_res: 1.178e+01 ,Time: 0.00
It: 3000, Loss: 1.228e+01, Loss_bcs: 9.432e-01, Loss_res: 1.133e+01 ,Time: 0.00
Compute NTK...
It: 3100, Loss: 1.183e+01, Loss_bcs: 9.185e-01, Loss_res: 1.091e+01 ,Time: 0.00
It: 3200, Loss: 1.141e+01, Loss_bcs: 8.925e-01, Loss_res: 1.052e+01 ,Time: 0.00
It: 3300, Loss: 1.102e+01, Loss_bcs: 8.657e-01, Loss_res: 1.015e+01 ,Time: 0.00
It: 3400, Loss: 1.064e+01, Loss_bcs: 8.385e-01, Loss_res: 9.800e+00 ,Time: 0.00
It: 3500, Loss: 1.028e+01, Loss_bcs: 8.112e-01, Loss_res: 9.469e+00 ,Time: 0.00
It: 3600, Loss: 9.940e+00, Loss_bcs: 7.840e-01, Loss_res: 9.156e+00 ,Time: 0.00
It: 3700, Loss: 9.616e+00, Loss_bcs: 7.571e-01, Loss_res: 8.859e+00 ,Time: 0.00
It: 3800, Loss: 9.308e+00, Loss_bcs: 7.308e-01, Loss_res: 8.578e+00 ,Time: 0.00
It: 3900, Loss: 9.015e+00, Loss_bcs: 7.049e-01, Loss_res: 8.310e+00 ,Time: 0.00
It: 4000, Loss: 8.736e+00, Loss_bcs: 6.797e-01, Loss_res: 8.056e+00 ,Time: 0.00
Compute NTK...
It: 4100, Loss: 8.470e+00, Loss_bcs: 6.553e-01, Loss_res: 7.814e+00 ,Time: 0.00
It: 4200, Loss: 8.216e+00, Loss_bcs: 6.315e-01, Loss_res: 7.584e+00 ,Time: 0.00
It: 4300, Loss: 7.974e+00, Loss_bcs: 6.085e-01, Loss_res: 7.365e+00 ,Time: 0.00
It: 4400, Loss: 7.743e+00, Loss_bcs: 5.863e-01, Loss_res: 7.156e+00 ,Time: 0.00
It: 4500, Loss: 7.522e+00, Loss_bcs: 5.649e-01, Loss_res: 6.957e+00 ,Time: 0.00
It: 4600, Loss: 7.311e+00, Loss_bcs: 5.442e-01, Loss_res: 6.767e+00 ,Time: 0.00
It: 4700, Loss: 7.110e+00, Loss_bcs: 5.244e-01, Loss_res: 6.585e+00 ,Time: 0.00
It: 4800, Loss: 6.917e+00, Loss_bcs: 5.052e-01, Loss_res: 6.412e+00 ,Time: 0.00
It: 4900, Loss: 6.733e+00, Loss_bcs: 4.868e-01, Loss_res: 6.246e+00 ,Time: 0.00
It: 5000, Loss: 6.556e+00, Loss_bcs: 4.691e-01, Loss_res: 6.087e+00 ,Time: 0.00
Compute NTK...
It: 5100, Loss: 6.387e+00, Loss_bcs: 4.521e-01, Loss_res: 5.935e+00 ,Time: 0.00
It: 5200, Loss: 6.225e+00, Loss_bcs: 4.358e-01, Loss_res: 5.789e+00 ,Time: 0.00
It: 5300, Loss: 6.069e+00, Loss_bcs: 4.201e-01, Loss_res: 5.649e+00 ,Time: 0.00
It: 5400, Loss: 5.920e+00, Loss_bcs: 4.051e-01, Loss_res: 5.515e+00 ,Time: 0.00
It: 5500, Loss: 5.777e+00, Loss_bcs: 3.907e-01, Loss_res: 5.386e+00 ,Time: 0.00
It: 5600, Loss: 5.639e+00, Loss_bcs: 3.768e-01, Loss_res: 5.262e+00 ,Time: 0.00
It: 5700, Loss: 5.507e+00, Loss_bcs: 3.635e-01, Loss_res: 5.143e+00 ,Time: 0.00
It: 5800, Loss: 5.380e+00, Loss_bcs: 3.508e-01, Loss_res: 5.029e+00 ,Time: 0.00
It: 5900, Loss: 5.257e+00, Loss_bcs: 3.385e-01, Loss_res: 4.919e+00 ,Time: 0.00
It: 6000, Loss: 5.140e+00, Loss_bcs: 3.268e-01, Loss_res: 4.813e+00 ,Time: 0.00
Compute NTK...
It: 6100, Loss: 5.026e+00, Loss_bcs: 3.155e-01, Loss_res: 4.711e+00 ,Time: 0.00
It: 6200, Loss: 4.917e+00, Loss_bcs: 3.047e-01, Loss_res: 4.612e+00 ,Time: 0.00
It: 6300, Loss: 4.812e+00, Loss_bcs: 2.943e-01, Loss_res: 4.518e+00 ,Time: 0.00
It: 6400, Loss: 4.710e+00, Loss_bcs: 2.844e-01, Loss_res: 4.426e+00 ,Time: 0.00
It: 6500, Loss: 4.612e+00, Loss_bcs: 2.748e-01, Loss_res: 4.338e+00 ,Time: 0.00
It: 6600, Loss: 4.518e+00, Loss_bcs: 2.657e-01, Loss_res: 4.252e+00 ,Time: 0.00
It: 6700, Loss: 4.426e+00, Loss_bcs: 2.569e-01, Loss_res: 4.170e+00 ,Time: 0.00
It: 6800, Loss: 4.338e+00, Loss_bcs: 2.484e-01, Loss_res: 4.090e+00 ,Time: 0.00
It: 6900, Loss: 4.253e+00, Loss_bcs: 2.403e-01, Loss_res: 4.012e+00 ,Time: 0.00
It: 7000, Loss: 4.170e+00, Loss_bcs: 2.325e-01, Loss_res: 3.938e+00 ,Time: 0.00
Compute NTK...
It: 7100, Loss: 4.090e+00, Loss_bcs: 2.250e-01, Loss_res: 3.865e+00 ,Time: 0.00
It: 7200, Loss: 4.013e+00, Loss_bcs: 2.178e-01, Loss_res: 3.795e+00 ,Time: 0.00
It: 7300, Loss: 3.938e+00, Loss_bcs: 2.109e-01, Loss_res: 3.727e+00 ,Time: 0.00
It: 7400, Loss: 3.865e+00, Loss_bcs: 2.043e-01, Loss_res: 3.661e+00 ,Time: 0.00
It: 7500, Loss: 3.795e+00, Loss_bcs: 1.979e-01, Loss_res: 3.597e+00 ,Time: 0.00
It: 7600, Loss: 3.727e+00, Loss_bcs: 1.917e-01, Loss_res: 3.535e+00 ,Time: 0.00
It: 7700, Loss: 3.661e+00, Loss_bcs: 1.858e-01, Loss_res: 3.475e+00 ,Time: 0.00
It: 7800, Loss: 3.596e+00, Loss_bcs: 1.802e-01, Loss_res: 3.416e+00 ,Time: 0.00
It: 7900, Loss: 3.534e+00, Loss_bcs: 1.747e-01, Loss_res: 3.359e+00 ,Time: 0.00
It: 8000, Loss: 3.474e+00, Loss_bcs: 1.694e-01, Loss_res: 3.304e+00 ,Time: 0.00
Compute NTK...
It: 8100, Loss: 3.415e+00, Loss_bcs: 1.644e-01, Loss_res: 3.250e+00 ,Time: 0.00
It: 8200, Loss: 3.358e+00, Loss_bcs: 1.595e-01, Loss_res: 3.198e+00 ,Time: 0.00
It: 8300, Loss: 3.302e+00, Loss_bcs: 1.549e-01, Loss_res: 3.147e+00 ,Time: 0.00
It: 8400, Loss: 3.248e+00, Loss_bcs: 1.503e-01, Loss_res: 3.098e+00 ,Time: 0.00
It: 8500, Loss: 3.195e+00, Loss_bcs: 1.460e-01, Loss_res: 3.049e+00 ,Time: 0.00
It: 8600, Loss: 3.144e+00, Loss_bcs: 1.418e-01, Loss_res: 3.002e+00 ,Time: 0.00
It: 8700, Loss: 3.094e+00, Loss_bcs: 1.378e-01, Loss_res: 2.957e+00 ,Time: 0.00
It: 8800, Loss: 3.046e+00, Loss_bcs: 1.339e-01, Loss_res: 2.912e+00 ,Time: 0.00
It: 8900, Loss: 2.998e+00, Loss_bcs: 1.302e-01, Loss_res: 2.868e+00 ,Time: 0.00
It: 9000, Loss: 2.952e+00, Loss_bcs: 1.266e-01, Loss_res: 2.826e+00 ,Time: 0.00
Compute NTK...
It: 9100, Loss: 2.907e+00, Loss_bcs: 1.231e-01, Loss_res: 2.784e+00 ,Time: 0.00
It: 9200, Loss: 2.864e+00, Loss_bcs: 1.198e-01, Loss_res: 2.744e+00 ,Time: 0.00
It: 9300, Loss: 2.821e+00, Loss_bcs: 1.165e-01, Loss_res: 2.704e+00 ,Time: 0.00
It: 9400, Loss: 2.779e+00, Loss_bcs: 1.134e-01, Loss_res: 2.666e+00 ,Time: 0.00
It: 9500, Loss: 2.739e+00, Loss_bcs: 1.104e-01, Loss_res: 2.628e+00 ,Time: 0.00
It: 9600, Loss: 2.699e+00, Loss_bcs: 1.075e-01, Loss_res: 2.591e+00 ,Time: 0.00
It: 9700, Loss: 2.660e+00, Loss_bcs: 1.047e-01, Loss_res: 2.555e+00 ,Time: 0.00
It: 9800, Loss: 2.622e+00, Loss_bcs: 1.019e-01, Loss_res: 2.520e+00 ,Time: 0.00
It: 9900, Loss: 2.585e+00, Loss_bcs: 9.934e-02, Loss_res: 2.486e+00 ,Time: 0.00
It: 10000, Loss: 2.549e+00, Loss_bcs: 9.681e-02, Loss_res: 2.452e+00 ,Time: 0.00
Compute NTK...
It: 10100, Loss: 2.514e+00, Loss_bcs: 9.437e-02, Loss_res: 2.420e+00 ,Time: 0.00
It: 10200, Loss: 2.479e+00, Loss_bcs: 9.202e-02, Loss_res: 2.387e+00 ,Time: 0.00
It: 10300, Loss: 2.446e+00, Loss_bcs: 8.974e-02, Loss_res: 2.356e+00 ,Time: 0.00
It: 10400, Loss: 2.413e+00, Loss_bcs: 8.753e-02, Loss_res: 2.325e+00 ,Time: 0.00
It: 10500, Loss: 2.380e+00, Loss_bcs: 8.540e-02, Loss_res: 2.295e+00 ,Time: 0.00
It: 10600, Loss: 2.349e+00, Loss_bcs: 8.334e-02, Loss_res: 2.265e+00 ,Time: 0.00
It: 10700, Loss: 2.318e+00, Loss_bcs: 8.135e-02, Loss_res: 2.237e+00 ,Time: 0.00
It: 10800, Loss: 2.288e+00, Loss_bcs: 7.940e-02, Loss_res: 2.208e+00 ,Time: 0.00
It: 10900, Loss: 2.258e+00, Loss_bcs: 7.753e-02, Loss_res: 2.181e+00 ,Time: 0.00
It: 11000, Loss: 2.229e+00, Loss_bcs: 7.573e-02, Loss_res: 2.153e+00 ,Time: 0.00
Compute NTK...
It: 11100, Loss: 2.201e+00, Loss_bcs: 7.397e-02, Loss_res: 2.127e+00 ,Time: 0.00
It: 11200, Loss: 2.173e+00, Loss_bcs: 7.228e-02, Loss_res: 2.101e+00 ,Time: 0.00
It: 11300, Loss: 2.146e+00, Loss_bcs: 7.064e-02, Loss_res: 2.075e+00 ,Time: 0.00
It: 11400, Loss: 2.119e+00, Loss_bcs: 6.905e-02, Loss_res: 2.050e+00 ,Time: 0.00
It: 11500, Loss: 2.093e+00, Loss_bcs: 6.751e-02, Loss_res: 2.025e+00 ,Time: 0.00
It: 11600, Loss: 2.067e+00, Loss_bcs: 6.602e-02, Loss_res: 2.001e+00 ,Time: 0.00
It: 11700, Loss: 2.042e+00, Loss_bcs: 6.456e-02, Loss_res: 1.978e+00 ,Time: 0.00
It: 11800, Loss: 2.017e+00, Loss_bcs: 6.316e-02, Loss_res: 1.954e+00 ,Time: 0.00
It: 11900, Loss: 1.993e+00, Loss_bcs: 6.178e-02, Loss_res: 1.931e+00 ,Time: 0.00
It: 12000, Loss: 1.970e+00, Loss_bcs: 6.046e-02, Loss_res: 1.909e+00 ,Time: 0.00
Compute NTK...
It: 12100, Loss: 1.946e+00, Loss_bcs: 5.918e-02, Loss_res: 1.887e+00 ,Time: 0.00
It: 12200, Loss: 1.923e+00, Loss_bcs: 5.794e-02, Loss_res: 1.866e+00 ,Time: 0.00
It: 12300, Loss: 1.901e+00, Loss_bcs: 5.674e-02, Loss_res: 1.844e+00 ,Time: 0.00
It: 12400, Loss: 1.879e+00, Loss_bcs: 5.556e-02, Loss_res: 1.824e+00 ,Time: 0.00
It: 12500, Loss: 1.858e+00, Loss_bcs: 5.442e-02, Loss_res: 1.803e+00 ,Time: 0.00
It: 12600, Loss: 1.836e+00, Loss_bcs: 5.332e-02, Loss_res: 1.783e+00 ,Time: 0.00
It: 12700, Loss: 1.816e+00, Loss_bcs: 5.224e-02, Loss_res: 1.763e+00 ,Time: 0.00
It: 12800, Loss: 1.795e+00, Loss_bcs: 5.119e-02, Loss_res: 1.744e+00 ,Time: 0.00
It: 12900, Loss: 1.775e+00, Loss_bcs: 5.017e-02, Loss_res: 1.725e+00 ,Time: 0.00
It: 13000, Loss: 1.756e+00, Loss_bcs: 4.918e-02, Loss_res: 1.706e+00 ,Time: 0.00
Compute NTK...
It: 13100, Loss: 1.736e+00, Loss_bcs: 4.822e-02, Loss_res: 1.688e+00 ,Time: 0.00
It: 13200, Loss: 1.717e+00, Loss_bcs: 4.729e-02, Loss_res: 1.670e+00 ,Time: 0.00
It: 13300, Loss: 1.699e+00, Loss_bcs: 4.638e-02, Loss_res: 1.652e+00 ,Time: 0.00
It: 13400, Loss: 1.680e+00, Loss_bcs: 4.550e-02, Loss_res: 1.635e+00 ,Time: 0.00
It: 13500, Loss: 1.662e+00, Loss_bcs: 4.464e-02, Loss_res: 1.618e+00 ,Time: 0.00
It: 13600, Loss: 1.645e+00, Loss_bcs: 4.380e-02, Loss_res: 1.601e+00 ,Time: 0.00
It: 13700, Loss: 1.627e+00, Loss_bcs: 4.299e-02, Loss_res: 1.584e+00 ,Time: 0.00
It: 13800, Loss: 1.610e+00, Loss_bcs: 4.221e-02, Loss_res: 1.568e+00 ,Time: 0.00
It: 13900, Loss: 1.593e+00, Loss_bcs: 4.143e-02, Loss_res: 1.552e+00 ,Time: 0.00
It: 14000, Loss: 1.577e+00, Loss_bcs: 4.068e-02, Loss_res: 1.536e+00 ,Time: 0.00
Compute NTK...
It: 14100, Loss: 1.561e+00, Loss_bcs: 3.994e-02, Loss_res: 1.521e+00 ,Time: 0.00
It: 14200, Loss: 1.545e+00, Loss_bcs: 3.923e-02, Loss_res: 1.505e+00 ,Time: 0.00
It: 14300, Loss: 1.529e+00, Loss_bcs: 3.853e-02, Loss_res: 1.490e+00 ,Time: 0.00
It: 14400, Loss: 1.513e+00, Loss_bcs: 3.786e-02, Loss_res: 1.475e+00 ,Time: 0.00
It: 14500, Loss: 1.498e+00, Loss_bcs: 3.720e-02, Loss_res: 1.461e+00 ,Time: 0.00
It: 14600, Loss: 1.483e+00, Loss_bcs: 3.656e-02, Loss_res: 1.447e+00 ,Time: 0.00
It: 14700, Loss: 1.468e+00, Loss_bcs: 3.593e-02, Loss_res: 1.433e+00 ,Time: 0.00
It: 14800, Loss: 1.454e+00, Loss_bcs: 3.532e-02, Loss_res: 1.419e+00 ,Time: 0.00
It: 14900, Loss: 1.440e+00, Loss_bcs: 3.472e-02, Loss_res: 1.405e+00 ,Time: 0.00
It: 15000, Loss: 1.426e+00, Loss_bcs: 3.413e-02, Loss_res: 1.392e+00 ,Time: 0.00
Compute NTK...
It: 15100, Loss: 1.412e+00, Loss_bcs: 3.356e-02, Loss_res: 1.378e+00 ,Time: 0.00
It: 15200, Loss: 1.398e+00, Loss_bcs: 3.300e-02, Loss_res: 1.365e+00 ,Time: 0.00
It: 15300, Loss: 1.385e+00, Loss_bcs: 3.245e-02, Loss_res: 1.352e+00 ,Time: 0.00
It: 15400, Loss: 1.372e+00, Loss_bcs: 3.191e-02, Loss_res: 1.340e+00 ,Time: 0.00
It: 15500, Loss: 1.359e+00, Loss_bcs: 3.139e-02, Loss_res: 1.327e+00 ,Time: 0.00
It: 15600, Loss: 1.346e+00, Loss_bcs: 3.089e-02, Loss_res: 1.315e+00 ,Time: 0.00
It: 15700, Loss: 1.333e+00, Loss_bcs: 3.039e-02, Loss_res: 1.303e+00 ,Time: 0.00
It: 15800, Loss: 1.321e+00, Loss_bcs: 2.990e-02, Loss_res: 1.291e+00 ,Time: 0.00
It: 15900, Loss: 1.309e+00, Loss_bcs: 2.943e-02, Loss_res: 1.279e+00 ,Time: 0.00
It: 16000, Loss: 1.297e+00, Loss_bcs: 2.897e-02, Loss_res: 1.268e+00 ,Time: 0.00
Compute NTK...
It: 16100, Loss: 1.285e+00, Loss_bcs: 2.852e-02, Loss_res: 1.256e+00 ,Time: 0.00
It: 16200, Loss: 1.273e+00, Loss_bcs: 2.808e-02, Loss_res: 1.245e+00 ,Time: 0.00
It: 16300, Loss: 1.262e+00, Loss_bcs: 2.765e-02, Loss_res: 1.234e+00 ,Time: 0.00
It: 16400, Loss: 1.250e+00, Loss_bcs: 2.722e-02, Loss_res: 1.223e+00 ,Time: 0.00
It: 16500, Loss: 1.239e+00, Loss_bcs: 2.681e-02, Loss_res: 1.212e+00 ,Time: 0.00
It: 16600, Loss: 1.228e+00, Loss_bcs: 2.639e-02, Loss_res: 1.202e+00 ,Time: 0.00
It: 16700, Loss: 1.217e+00, Loss_bcs: 2.600e-02, Loss_res: 1.191e+00 ,Time: 0.00
It: 16800, Loss: 1.207e+00, Loss_bcs: 2.561e-02, Loss_res: 1.181e+00 ,Time: 0.00
It: 16900, Loss: 1.196e+00, Loss_bcs: 2.524e-02, Loss_res: 1.171e+00 ,Time: 0.00
It: 17000, Loss: 1.186e+00, Loss_bcs: 2.487e-02, Loss_res: 1.161e+00 ,Time: 0.00
Compute NTK...
It: 17100, Loss: 1.176e+00, Loss_bcs: 2.450e-02, Loss_res: 1.151e+00 ,Time: 0.00
It: 17200, Loss: 1.166e+00, Loss_bcs: 2.414e-02, Loss_res: 1.141e+00 ,Time: 0.00
It: 17300, Loss: 1.156e+00, Loss_bcs: 2.379e-02, Loss_res: 1.132e+00 ,Time: 0.00
It: 17400, Loss: 1.146e+00, Loss_bcs: 2.345e-02, Loss_res: 1.122e+00 ,Time: 0.00
It: 17500, Loss: 1.136e+00, Loss_bcs: 2.311e-02, Loss_res: 1.113e+00 ,Time: 0.00
It: 17600, Loss: 1.127e+00, Loss_bcs: 2.277e-02, Loss_res: 1.104e+00 ,Time: 0.00
It: 17700, Loss: 1.117e+00, Loss_bcs: 2.245e-02, Loss_res: 1.095e+00 ,Time: 0.00
It: 17800, Loss: 1.108e+00, Loss_bcs: 2.213e-02, Loss_res: 1.086e+00 ,Time: 0.00
It: 17900, Loss: 1.099e+00, Loss_bcs: 2.183e-02, Loss_res: 1.077e+00 ,Time: 0.00
It: 18000, Loss: 1.090e+00, Loss_bcs: 2.152e-02, Loss_res: 1.068e+00 ,Time: 0.00
Compute NTK...
It: 18100, Loss: 1.081e+00, Loss_bcs: 2.123e-02, Loss_res: 1.060e+00 ,Time: 0.00
It: 18200, Loss: 1.072e+00, Loss_bcs: 2.094e-02, Loss_res: 1.051e+00 ,Time: 0.00
It: 18300, Loss: 1.064e+00, Loss_bcs: 2.065e-02, Loss_res: 1.043e+00 ,Time: 0.00
It: 18400, Loss: 1.055e+00, Loss_bcs: 2.037e-02, Loss_res: 1.035e+00 ,Time: 0.00
It: 18500, Loss: 1.047e+00, Loss_bcs: 2.010e-02, Loss_res: 1.027e+00 ,Time: 0.00
It: 18600, Loss: 1.038e+00, Loss_bcs: 1.983e-02, Loss_res: 1.019e+00 ,Time: 0.00
It: 18700, Loss: 1.030e+00, Loss_bcs: 1.956e-02, Loss_res: 1.011e+00 ,Time: 0.00
It: 18800, Loss: 1.022e+00, Loss_bcs: 1.929e-02, Loss_res: 1.003e+00 ,Time: 0.00
It: 18900, Loss: 1.014e+00, Loss_bcs: 1.903e-02, Loss_res: 9.951e-01 ,Time: 0.00
It: 19000, Loss: 1.006e+00, Loss_bcs: 1.878e-02, Loss_res: 9.875e-01 ,Time: 0.00
Compute NTK...
It: 19100, Loss: 9.985e-01, Loss_bcs: 1.853e-02, Loss_res: 9.799e-01 ,Time: 0.00
It: 19200, Loss: 9.908e-01, Loss_bcs: 1.828e-02, Loss_res: 9.725e-01 ,Time: 0.00
It: 19300, Loss: 9.832e-01, Loss_bcs: 1.805e-02, Loss_res: 9.652e-01 ,Time: 0.00
It: 19400, Loss: 9.757e-01, Loss_bcs: 1.781e-02, Loss_res: 9.579e-01 ,Time: 0.00
It: 19500, Loss: 9.683e-01, Loss_bcs: 1.758e-02, Loss_res: 9.508e-01 ,Time: 0.00
It: 19600, Loss: 9.611e-01, Loss_bcs: 1.736e-02, Loss_res: 9.437e-01 ,Time: 0.00
It: 19700, Loss: 9.539e-01, Loss_bcs: 1.714e-02, Loss_res: 9.367e-01 ,Time: 0.00
It: 19800, Loss: 9.468e-01, Loss_bcs: 1.692e-02, Loss_res: 9.299e-01 ,Time: 0.00
It: 19900, Loss: 9.398e-01, Loss_bcs: 1.671e-02, Loss_res: 9.231e-01 ,Time: 0.00
It: 20000, Loss: 9.329e-01, Loss_bcs: 1.651e-02, Loss_res: 9.164e-01 ,Time: 0.00
Compute NTK...
It: 20100, Loss: 9.260e-01, Loss_bcs: 1.630e-02, Loss_res: 9.097e-01 ,Time: 0.00
It: 20200, Loss: 9.193e-01, Loss_bcs: 1.610e-02, Loss_res: 9.032e-01 ,Time: 0.00
It: 20300, Loss: 9.127e-01, Loss_bcs: 1.589e-02, Loss_res: 8.968e-01 ,Time: 0.00
It: 20400, Loss: 9.061e-01, Loss_bcs: 1.569e-02, Loss_res: 8.904e-01 ,Time: 0.00
It: 20500, Loss: 8.996e-01, Loss_bcs: 1.550e-02, Loss_res: 8.841e-01 ,Time: 0.00
It: 20600, Loss: 8.931e-01, Loss_bcs: 1.531e-02, Loss_res: 8.778e-01 ,Time: 0.00
It: 20700, Loss: 8.868e-01, Loss_bcs: 1.512e-02, Loss_res: 8.717e-01 ,Time: 0.00
It: 20800, Loss: 8.805e-01, Loss_bcs: 1.493e-02, Loss_res: 8.656e-01 ,Time: 0.00
It: 20900, Loss: 8.743e-01, Loss_bcs: 1.475e-02, Loss_res: 8.596e-01 ,Time: 0.00
It: 21000, Loss: 8.682e-01, Loss_bcs: 1.457e-02, Loss_res: 8.536e-01 ,Time: 0.00
Compute NTK...
It: 21100, Loss: 8.622e-01, Loss_bcs: 1.439e-02, Loss_res: 8.478e-01 ,Time: 0.00
It: 21200, Loss: 8.562e-01, Loss_bcs: 1.421e-02, Loss_res: 8.420e-01 ,Time: 0.00
It: 21300, Loss: 8.503e-01, Loss_bcs: 1.404e-02, Loss_res: 8.363e-01 ,Time: 0.00
It: 21400, Loss: 8.445e-01, Loss_bcs: 1.387e-02, Loss_res: 8.306e-01 ,Time: 0.00
It: 21500, Loss: 8.388e-01, Loss_bcs: 1.371e-02, Loss_res: 8.250e-01 ,Time: 0.00
It: 21600, Loss: 8.331e-01, Loss_bcs: 1.355e-02, Loss_res: 8.195e-01 ,Time: 0.00
It: 21700, Loss: 8.274e-01, Loss_bcs: 1.339e-02, Loss_res: 8.141e-01 ,Time: 0.00
It: 21800, Loss: 8.219e-01, Loss_bcs: 1.323e-02, Loss_res: 8.087e-01 ,Time: 0.00
It: 21900, Loss: 8.164e-01, Loss_bcs: 1.307e-02, Loss_res: 8.034e-01 ,Time: 0.00
It: 22000, Loss: 8.110e-01, Loss_bcs: 1.291e-02, Loss_res: 7.981e-01 ,Time: 0.00
Compute NTK...
It: 22100, Loss: 8.056e-01, Loss_bcs: 1.275e-02, Loss_res: 7.929e-01 ,Time: 0.00
It: 22200, Loss: 8.003e-01, Loss_bcs: 1.260e-02, Loss_res: 7.877e-01 ,Time: 0.00
It: 22300, Loss: 7.951e-01, Loss_bcs: 1.245e-02, Loss_res: 7.826e-01 ,Time: 0.00
It: 22400, Loss: 7.899e-01, Loss_bcs: 1.231e-02, Loss_res: 7.776e-01 ,Time: 0.00
It: 22500, Loss: 7.848e-01, Loss_bcs: 1.216e-02, Loss_res: 7.726e-01 ,Time: 0.00
It: 22600, Loss: 7.797e-01, Loss_bcs: 1.203e-02, Loss_res: 7.677e-01 ,Time: 0.00
It: 22700, Loss: 7.747e-01, Loss_bcs: 1.189e-02, Loss_res: 7.628e-01 ,Time: 0.00
It: 22800, Loss: 7.697e-01, Loss_bcs: 1.175e-02, Loss_res: 7.580e-01 ,Time: 0.00
It: 22900, Loss: 7.648e-01, Loss_bcs: 1.162e-02, Loss_res: 7.532e-01 ,Time: 0.00
It: 23000, Loss: 7.600e-01, Loss_bcs: 1.149e-02, Loss_res: 7.485e-01 ,Time: 0.00
Compute NTK...
It: 23100, Loss: 7.552e-01, Loss_bcs: 1.136e-02, Loss_res: 7.439e-01 ,Time: 0.00
It: 23200, Loss: 7.505e-01, Loss_bcs: 1.123e-02, Loss_res: 7.393e-01 ,Time: 0.00
It: 23300, Loss: 7.458e-01, Loss_bcs: 1.110e-02, Loss_res: 7.347e-01 ,Time: 0.00
It: 23400, Loss: 7.412e-01, Loss_bcs: 1.098e-02, Loss_res: 7.302e-01 ,Time: 0.00
It: 23500, Loss: 7.366e-01, Loss_bcs: 1.086e-02, Loss_res: 7.258e-01 ,Time: 0.00
It: 23600, Loss: 7.321e-01, Loss_bcs: 1.074e-02, Loss_res: 7.214e-01 ,Time: 0.00
It: 23700, Loss: 7.276e-01, Loss_bcs: 1.062e-02, Loss_res: 7.170e-01 ,Time: 0.00
It: 23800, Loss: 7.232e-01, Loss_bcs: 1.050e-02, Loss_res: 7.127e-01 ,Time: 0.00
It: 23900, Loss: 7.188e-01, Loss_bcs: 1.038e-02, Loss_res: 7.084e-01 ,Time: 0.00
It: 24000, Loss: 7.145e-01, Loss_bcs: 1.026e-02, Loss_res: 7.042e-01 ,Time: 0.00
Compute NTK...
It: 24100, Loss: 7.102e-01, Loss_bcs: 1.015e-02, Loss_res: 7.000e-01 ,Time: 0.00
It: 24200, Loss: 7.059e-01, Loss_bcs: 1.004e-02, Loss_res: 6.959e-01 ,Time: 0.00
It: 24300, Loss: 7.017e-01, Loss_bcs: 9.922e-03, Loss_res: 6.918e-01 ,Time: 0.00
It: 24400, Loss: 6.976e-01, Loss_bcs: 9.817e-03, Loss_res: 6.878e-01 ,Time: 0.00
It: 24500, Loss: 6.935e-01, Loss_bcs: 9.717e-03, Loss_res: 6.838e-01 ,Time: 0.00
It: 24600, Loss: 6.894e-01, Loss_bcs: 9.614e-03, Loss_res: 6.798e-01 ,Time: 0.00
It: 24700, Loss: 6.854e-01, Loss_bcs: 9.511e-03, Loss_res: 6.759e-01 ,Time: 0.00
It: 24800, Loss: 6.814e-01, Loss_bcs: 9.407e-03, Loss_res: 6.720e-01 ,Time: 0.00
It: 24900, Loss: 6.775e-01, Loss_bcs: 9.307e-03, Loss_res: 6.682e-01 ,Time: 0.00
It: 25000, Loss: 6.736e-01, Loss_bcs: 9.210e-03, Loss_res: 6.644e-01 ,Time: 0.00
Compute NTK...
It: 25100, Loss: 6.698e-01, Loss_bcs: 9.109e-03, Loss_res: 6.607e-01 ,Time: 0.00
It: 25200, Loss: 6.660e-01, Loss_bcs: 9.007e-03, Loss_res: 6.569e-01 ,Time: 0.00
It: 25300, Loss: 6.622e-01, Loss_bcs: 8.910e-03, Loss_res: 6.533e-01 ,Time: 0.00
It: 25400, Loss: 6.584e-01, Loss_bcs: 8.817e-03, Loss_res: 6.496e-01 ,Time: 0.00
It: 25500, Loss: 6.547e-01, Loss_bcs: 8.723e-03, Loss_res: 6.460e-01 ,Time: 0.00
It: 25600, Loss: 6.511e-01, Loss_bcs: 8.630e-03, Loss_res: 6.424e-01 ,Time: 0.00
It: 25700, Loss: 6.474e-01, Loss_bcs: 8.538e-03, Loss_res: 6.389e-01 ,Time: 0.00
It: 25800, Loss: 6.438e-01, Loss_bcs: 8.447e-03, Loss_res: 6.354e-01 ,Time: 0.00
It: 25900, Loss: 6.403e-01, Loss_bcs: 8.357e-03, Loss_res: 6.320e-01 ,Time: 0.00
It: 26000, Loss: 6.368e-01, Loss_bcs: 8.266e-03, Loss_res: 6.285e-01 ,Time: 0.00
Compute NTK...
It: 26100, Loss: 6.333e-01, Loss_bcs: 8.180e-03, Loss_res: 6.251e-01 ,Time: 0.00
It: 26200, Loss: 6.299e-01, Loss_bcs: 8.098e-03, Loss_res: 6.218e-01 ,Time: 0.00
It: 26300, Loss: 6.265e-01, Loss_bcs: 8.018e-03, Loss_res: 6.184e-01 ,Time: 0.00
It: 26400, Loss: 6.231e-01, Loss_bcs: 7.937e-03, Loss_res: 6.151e-01 ,Time: 0.00
It: 26500, Loss: 6.197e-01, Loss_bcs: 7.854e-03, Loss_res: 6.119e-01 ,Time: 0.00
It: 26600, Loss: 6.164e-01, Loss_bcs: 7.771e-03, Loss_res: 6.087e-01 ,Time: 0.00
It: 26700, Loss: 6.132e-01, Loss_bcs: 7.692e-03, Loss_res: 6.055e-01 ,Time: 0.00
It: 26800, Loss: 6.099e-01, Loss_bcs: 7.617e-03, Loss_res: 6.023e-01 ,Time: 0.00
It: 26900, Loss: 6.067e-01, Loss_bcs: 7.542e-03, Loss_res: 5.992e-01 ,Time: 0.00
It: 27000, Loss: 6.035e-01, Loss_bcs: 7.467e-03, Loss_res: 5.961e-01 ,Time: 0.00
Compute NTK...
It: 27100, Loss: 6.004e-01, Loss_bcs: 7.391e-03, Loss_res: 5.930e-01 ,Time: 0.00
It: 27200, Loss: 5.973e-01, Loss_bcs: 7.316e-03, Loss_res: 5.899e-01 ,Time: 0.00
It: 27300, Loss: 5.942e-01, Loss_bcs: 7.244e-03, Loss_res: 5.869e-01 ,Time: 0.00
It: 27400, Loss: 5.911e-01, Loss_bcs: 7.172e-03, Loss_res: 5.840e-01 ,Time: 0.00
It: 27500, Loss: 5.881e-01, Loss_bcs: 7.099e-03, Loss_res: 5.810e-01 ,Time: 0.00
It: 27600, Loss: 5.851e-01, Loss_bcs: 7.024e-03, Loss_res: 5.781e-01 ,Time: 0.00
It: 27700, Loss: 5.821e-01, Loss_bcs: 6.952e-03, Loss_res: 5.752e-01 ,Time: 0.00
It: 27800, Loss: 5.792e-01, Loss_bcs: 6.882e-03, Loss_res: 5.723e-01 ,Time: 0.00
It: 27900, Loss: 5.763e-01, Loss_bcs: 6.812e-03, Loss_res: 5.695e-01 ,Time: 0.00
It: 28000, Loss: 5.734e-01, Loss_bcs: 6.742e-03, Loss_res: 5.666e-01 ,Time: 0.00
Compute NTK...
It: 28100, Loss: 5.705e-01, Loss_bcs: 6.674e-03, Loss_res: 5.638e-01 ,Time: 0.00
It: 28200, Loss: 5.677e-01, Loss_bcs: 6.606e-03, Loss_res: 5.611e-01 ,Time: 0.00
It: 28300, Loss: 5.649e-01, Loss_bcs: 6.541e-03, Loss_res: 5.583e-01 ,Time: 0.00
It: 28400, Loss: 5.621e-01, Loss_bcs: 6.474e-03, Loss_res: 5.556e-01 ,Time: 0.00
It: 28500, Loss: 5.593e-01, Loss_bcs: 6.405e-03, Loss_res: 5.529e-01 ,Time: 0.00
It: 28600, Loss: 5.566e-01, Loss_bcs: 6.339e-03, Loss_res: 5.503e-01 ,Time: 0.00
It: 28700, Loss: 5.539e-01, Loss_bcs: 6.275e-03, Loss_res: 5.476e-01 ,Time: 0.00
It: 28800, Loss: 5.512e-01, Loss_bcs: 6.213e-03, Loss_res: 5.450e-01 ,Time: 0.00
It: 28900, Loss: 5.486e-01, Loss_bcs: 6.153e-03, Loss_res: 5.424e-01 ,Time: 0.00
It: 29000, Loss: 5.459e-01, Loss_bcs: 6.092e-03, Loss_res: 5.398e-01 ,Time: 0.00
Compute NTK...
It: 29100, Loss: 5.433e-01, Loss_bcs: 6.033e-03, Loss_res: 5.373e-01 ,Time: 0.00
It: 29200, Loss: 5.407e-01, Loss_bcs: 5.978e-03, Loss_res: 5.348e-01 ,Time: 0.00
It: 29300, Loss: 5.382e-01, Loss_bcs: 5.927e-03, Loss_res: 5.322e-01 ,Time: 0.00
It: 29400, Loss: 5.356e-01, Loss_bcs: 5.877e-03, Loss_res: 5.297e-01 ,Time: 0.00
It: 29500, Loss: 5.331e-01, Loss_bcs: 5.825e-03, Loss_res: 5.273e-01 ,Time: 0.00
It: 29600, Loss: 5.306e-01, Loss_bcs: 5.770e-03, Loss_res: 5.249e-01 ,Time: 0.00
It: 29700, Loss: 5.281e-01, Loss_bcs: 5.717e-03, Loss_res: 5.224e-01 ,Time: 0.00
It: 29800, Loss: 5.257e-01, Loss_bcs: 5.665e-03, Loss_res: 5.200e-01 ,Time: 0.00
It: 29900, Loss: 5.233e-01, Loss_bcs: 5.612e-03, Loss_res: 5.177e-01 ,Time: 0.00
It: 30000, Loss: 5.209e-01, Loss_bcs: 5.562e-03, Loss_res: 5.153e-01 ,Time: 0.00
Compute NTK...
It: 30100, Loss: 5.185e-01, Loss_bcs: 5.512e-03, Loss_res: 5.130e-01 ,Time: 0.00
It: 30200, Loss: 5.161e-01, Loss_bcs: 5.460e-03, Loss_res: 5.107e-01 ,Time: 0.00
It: 30300, Loss: 5.138e-01, Loss_bcs: 5.405e-03, Loss_res: 5.084e-01 ,Time: 0.00
It: 30400, Loss: 5.115e-01, Loss_bcs: 5.350e-03, Loss_res: 5.061e-01 ,Time: 0.00
It: 30500, Loss: 5.092e-01, Loss_bcs: 5.297e-03, Loss_res: 5.039e-01 ,Time: 0.00
It: 30600, Loss: 5.069e-01, Loss_bcs: 5.247e-03, Loss_res: 5.016e-01 ,Time: 0.00
It: 30700, Loss: 5.046e-01, Loss_bcs: 5.197e-03, Loss_res: 4.994e-01 ,Time: 0.00
It: 30800, Loss: 5.024e-01, Loss_bcs: 5.150e-03, Loss_res: 4.972e-01 ,Time: 0.00
It: 30900, Loss: 5.001e-01, Loss_bcs: 5.101e-03, Loss_res: 4.950e-01 ,Time: 0.00
It: 31000, Loss: 4.979e-01, Loss_bcs: 5.049e-03, Loss_res: 4.929e-01 ,Time: 0.00
Compute NTK...
It: 31100, Loss: 4.958e-01, Loss_bcs: 4.997e-03, Loss_res: 4.908e-01 ,Time: 0.00
It: 31200, Loss: 4.936e-01, Loss_bcs: 4.948e-03, Loss_res: 4.886e-01 ,Time: 0.00
It: 31300, Loss: 4.914e-01, Loss_bcs: 4.903e-03, Loss_res: 4.865e-01 ,Time: 0.00
It: 31400, Loss: 4.893e-01, Loss_bcs: 4.860e-03, Loss_res: 4.844e-01 ,Time: 0.00
It: 31500, Loss: 4.872e-01, Loss_bcs: 4.815e-03, Loss_res: 4.823e-01 ,Time: 0.00
It: 31600, Loss: 4.851e-01, Loss_bcs: 4.771e-03, Loss_res: 4.803e-01 ,Time: 0.00
It: 31700, Loss: 4.830e-01, Loss_bcs: 4.729e-03, Loss_res: 4.782e-01 ,Time: 0.00
It: 31800, Loss: 4.809e-01, Loss_bcs: 4.688e-03, Loss_res: 4.762e-01 ,Time: 0.00
It: 31900, Loss: 4.789e-01, Loss_bcs: 4.648e-03, Loss_res: 4.742e-01 ,Time: 0.00
It: 32000, Loss: 4.768e-01, Loss_bcs: 4.607e-03, Loss_res: 4.722e-01 ,Time: 0.00
Compute NTK...
It: 32100, Loss: 4.748e-01, Loss_bcs: 4.565e-03, Loss_res: 4.702e-01 ,Time: 0.00
It: 32200, Loss: 4.728e-01, Loss_bcs: 4.524e-03, Loss_res: 4.683e-01 ,Time: 0.00
It: 32300, Loss: 4.708e-01, Loss_bcs: 4.485e-03, Loss_res: 4.664e-01 ,Time: 0.00
It: 32400, Loss: 4.689e-01, Loss_bcs: 4.447e-03, Loss_res: 4.644e-01 ,Time: 0.00
It: 32500, Loss: 4.669e-01, Loss_bcs: 4.410e-03, Loss_res: 4.625e-01 ,Time: 0.00
It: 32600, Loss: 4.650e-01, Loss_bcs: 4.371e-03, Loss_res: 4.606e-01 ,Time: 0.00
It: 32700, Loss: 4.631e-01, Loss_bcs: 4.333e-03, Loss_res: 4.587e-01 ,Time: 0.00
It: 32800, Loss: 4.612e-01, Loss_bcs: 4.295e-03, Loss_res: 4.569e-01 ,Time: 0.00
It: 32900, Loss: 4.593e-01, Loss_bcs: 4.255e-03, Loss_res: 4.550e-01 ,Time: 0.00
It: 33000, Loss: 4.574e-01, Loss_bcs: 4.215e-03, Loss_res: 4.532e-01 ,Time: 0.00
Compute NTK...
It: 33100, Loss: 4.555e-01, Loss_bcs: 4.178e-03, Loss_res: 4.513e-01 ,Time: 0.00
It: 33200, Loss: 4.537e-01, Loss_bcs: 4.142e-03, Loss_res: 4.495e-01 ,Time: 0.00
It: 33300, Loss: 4.518e-01, Loss_bcs: 4.106e-03, Loss_res: 4.477e-01 ,Time: 0.00
It: 33400, Loss: 4.500e-01, Loss_bcs: 4.068e-03, Loss_res: 4.460e-01 ,Time: 0.00
It: 33500, Loss: 4.482e-01, Loss_bcs: 4.033e-03, Loss_res: 4.442e-01 ,Time: 0.00
It: 33600, Loss: 4.464e-01, Loss_bcs: 3.998e-03, Loss_res: 4.424e-01 ,Time: 0.00
It: 33700, Loss: 4.447e-01, Loss_bcs: 3.966e-03, Loss_res: 4.407e-01 ,Time: 0.00
It: 33800, Loss: 4.429e-01, Loss_bcs: 3.931e-03, Loss_res: 4.390e-01 ,Time: 0.00
It: 33900, Loss: 4.411e-01, Loss_bcs: 3.896e-03, Loss_res: 4.373e-01 ,Time: 0.00
It: 34000, Loss: 4.394e-01, Loss_bcs: 3.863e-03, Loss_res: 4.356e-01 ,Time: 0.00
Compute NTK...
It: 34100, Loss: 4.377e-01, Loss_bcs: 3.829e-03, Loss_res: 4.339e-01 ,Time: 0.00
It: 34200, Loss: 4.360e-01, Loss_bcs: 3.796e-03, Loss_res: 4.322e-01 ,Time: 0.00
It: 34300, Loss: 4.343e-01, Loss_bcs: 3.764e-03, Loss_res: 4.305e-01 ,Time: 0.00
It: 34400, Loss: 4.326e-01, Loss_bcs: 3.734e-03, Loss_res: 4.289e-01 ,Time: 0.00
It: 34500, Loss: 4.309e-01, Loss_bcs: 3.704e-03, Loss_res: 4.272e-01 ,Time: 0.00
It: 34600, Loss: 4.293e-01, Loss_bcs: 3.674e-03, Loss_res: 4.256e-01 ,Time: 0.00
It: 34700, Loss: 4.276e-01, Loss_bcs: 3.644e-03, Loss_res: 4.240e-01 ,Time: 0.00
It: 34800, Loss: 4.260e-01, Loss_bcs: 3.614e-03, Loss_res: 4.223e-01 ,Time: 0.00
It: 34900, Loss: 4.243e-01, Loss_bcs: 3.584e-03, Loss_res: 4.207e-01 ,Time: 0.00
It: 35000, Loss: 4.227e-01, Loss_bcs: 3.555e-03, Loss_res: 4.192e-01 ,Time: 0.00
Compute NTK...
It: 35100, Loss: 4.211e-01, Loss_bcs: 3.525e-03, Loss_res: 4.176e-01 ,Time: 0.00
It: 35200, Loss: 4.195e-01, Loss_bcs: 3.495e-03, Loss_res: 4.160e-01 ,Time: 0.00
It: 35300, Loss: 4.179e-01, Loss_bcs: 3.466e-03, Loss_res: 4.145e-01 ,Time: 0.00
It: 35400, Loss: 4.164e-01, Loss_bcs: 3.439e-03, Loss_res: 4.130e-01 ,Time: 0.00
It: 35500, Loss: 4.148e-01, Loss_bcs: 3.412e-03, Loss_res: 4.114e-01 ,Time: 0.00
It: 35600, Loss: 4.133e-01, Loss_bcs: 3.387e-03, Loss_res: 4.099e-01 ,Time: 0.00
It: 35700, Loss: 4.117e-01, Loss_bcs: 3.362e-03, Loss_res: 4.084e-01 ,Time: 0.00
It: 35800, Loss: 4.102e-01, Loss_bcs: 3.338e-03, Loss_res: 4.069e-01 ,Time: 0.00
It: 35900, Loss: 4.087e-01, Loss_bcs: 3.314e-03, Loss_res: 4.054e-01 ,Time: 0.00
It: 36000, Loss: 4.072e-01, Loss_bcs: 3.290e-03, Loss_res: 4.039e-01 ,Time: 0.00
Compute NTK...
It: 36100, Loss: 4.057e-01, Loss_bcs: 3.263e-03, Loss_res: 4.024e-01 ,Time: 0.00
It: 36200, Loss: 4.042e-01, Loss_bcs: 3.238e-03, Loss_res: 4.010e-01 ,Time: 0.00
It: 36300, Loss: 4.028e-01, Loss_bcs: 3.214e-03, Loss_res: 3.995e-01 ,Time: 0.00
It: 36400, Loss: 4.013e-01, Loss_bcs: 3.190e-03, Loss_res: 3.981e-01 ,Time: 0.00
It: 36500, Loss: 3.999e-01, Loss_bcs: 3.166e-03, Loss_res: 3.967e-01 ,Time: 0.00
It: 36600, Loss: 3.984e-01, Loss_bcs: 3.143e-03, Loss_res: 3.953e-01 ,Time: 0.00
It: 36700, Loss: 3.970e-01, Loss_bcs: 3.120e-03, Loss_res: 3.939e-01 ,Time: 0.00
It: 36800, Loss: 3.955e-01, Loss_bcs: 3.097e-03, Loss_res: 3.924e-01 ,Time: 0.00
It: 36900, Loss: 3.941e-01, Loss_bcs: 3.073e-03, Loss_res: 3.911e-01 ,Time: 0.00
It: 37000, Loss: 3.927e-01, Loss_bcs: 3.047e-03, Loss_res: 3.897e-01 ,Time: 0.00
Compute NTK...
It: 37100, Loss: 3.913e-01, Loss_bcs: 3.020e-03, Loss_res: 3.883e-01 ,Time: 0.00
It: 37200, Loss: 3.900e-01, Loss_bcs: 2.992e-03, Loss_res: 3.870e-01 ,Time: 0.00
It: 37300, Loss: 3.886e-01, Loss_bcs: 2.964e-03, Loss_res: 3.856e-01 ,Time: 0.00
It: 37400, Loss: 3.872e-01, Loss_bcs: 2.936e-03, Loss_res: 3.843e-01 ,Time: 0.00
It: 37500, Loss: 3.859e-01, Loss_bcs: 2.910e-03, Loss_res: 3.830e-01 ,Time: 0.00
It: 37600, Loss: 3.845e-01, Loss_bcs: 2.885e-03, Loss_res: 3.816e-01 ,Time: 0.00
It: 37700, Loss: 3.832e-01, Loss_bcs: 2.862e-03, Loss_res: 3.803e-01 ,Time: 0.00
It: 37800, Loss: 3.819e-01, Loss_bcs: 2.841e-03, Loss_res: 3.790e-01 ,Time: 0.00
It: 37900, Loss: 3.805e-01, Loss_bcs: 2.822e-03, Loss_res: 3.777e-01 ,Time: 0.00
It: 38000, Loss: 3.792e-01, Loss_bcs: 2.803e-03, Loss_res: 3.764e-01 ,Time: 0.00
Compute NTK...
It: 38100, Loss: 3.779e-01, Loss_bcs: 2.783e-03, Loss_res: 3.751e-01 ,Time: 0.00
It: 38200, Loss: 3.766e-01, Loss_bcs: 2.763e-03, Loss_res: 3.738e-01 ,Time: 0.00
It: 38300, Loss: 3.753e-01, Loss_bcs: 2.742e-03, Loss_res: 3.726e-01 ,Time: 0.00
It: 38400, Loss: 3.740e-01, Loss_bcs: 2.721e-03, Loss_res: 3.713e-01 ,Time: 0.00
It: 38500, Loss: 3.728e-01, Loss_bcs: 2.700e-03, Loss_res: 3.701e-01 ,Time: 0.00
It: 38600, Loss: 3.715e-01, Loss_bcs: 2.680e-03, Loss_res: 3.688e-01 ,Time: 0.00
It: 38700, Loss: 3.702e-01, Loss_bcs: 2.660e-03, Loss_res: 3.676e-01 ,Time: 0.00
It: 38800, Loss: 3.690e-01, Loss_bcs: 2.641e-03, Loss_res: 3.664e-01 ,Time: 0.00
It: 38900, Loss: 3.677e-01, Loss_bcs: 2.621e-03, Loss_res: 3.651e-01 ,Time: 0.00
It: 39000, Loss: 3.665e-01, Loss_bcs: 2.601e-03, Loss_res: 3.639e-01 ,Time: 0.00
Compute NTK...
It: 39100, Loss: 3.653e-01, Loss_bcs: 2.583e-03, Loss_res: 3.627e-01 ,Time: 0.00
It: 39200, Loss: 3.641e-01, Loss_bcs: 2.565e-03, Loss_res: 3.615e-01 ,Time: 0.00
It: 39300, Loss: 3.628e-01, Loss_bcs: 2.549e-03, Loss_res: 3.603e-01 ,Time: 0.00
It: 39400, Loss: 3.616e-01, Loss_bcs: 2.531e-03, Loss_res: 3.591e-01 ,Time: 0.00
It: 39500, Loss: 3.604e-01, Loss_bcs: 2.513e-03, Loss_res: 3.579e-01 ,Time: 0.00
It: 39600, Loss: 3.593e-01, Loss_bcs: 2.495e-03, Loss_res: 3.568e-01 ,Time: 0.00
It: 39700, Loss: 3.581e-01, Loss_bcs: 2.477e-03, Loss_res: 3.556e-01 ,Time: 0.00
It: 39800, Loss: 3.569e-01, Loss_bcs: 2.460e-03, Loss_res: 3.544e-01 ,Time: 0.00
It: 39900, Loss: 3.557e-01, Loss_bcs: 2.443e-03, Loss_res: 3.533e-01 ,Time: 0.00
Gradients information stored ...
It: 40000, Loss: 3.546e-01, Loss_bcs: 2.427e-03, Loss_res: 3.521e-01 ,Time: 0.33
Compute NTK...
Save uv NN parameters successfully in %s ...checkpoints/Dec-08-2023_23-31-43-038435_M2
Final loss total loss: 3.545956e-01
Final loss loss_res: 3.521689e-01
Final loss loss_bcs: 2.426697e-03
