It: 0, Loss: 1.053e+04, loss_bcs: 7.962e-01, loss_ics: 3.217e-03, Loss_r: 1.053e+04, Time: 2.92
std_grad_res: 6.435e+01
std_grad_bcs: 1.053e-01
std_grad_ics: 1.107e-03
kurtosis_grad_res: 3.635e+02
kurtosis_grad_bcs: 3.309e+02
kurtosis_grad_ics: 2.949e+02
adaptive_constant_res_val: 5.649e+00
adaptive_constant_ics_val: 3.283e+05
adaptive_constant_bcs1_val: 3.451e+03
Gradients information stored ...
It: 100, Loss: 1.965e+04, loss_bcs: 1.746e-01, loss_ics: 1.091e-03, Loss_r: 3.309e+03, Time: 0.04
std_grad_res: 7.829e+02
std_grad_bcs: 1.898e+00
std_grad_ics: 3.690e-03
kurtosis_grad_res: 2.641e+02
kurtosis_grad_bcs: 2.113e+02
kurtosis_grad_ics: 4.220e+02
adaptive_constant_res_val: 5.649e+00
adaptive_constant_ics_val: 3.283e+05
adaptive_constant_bcs1_val: 3.451e+03
Gradients information stored ...
It: 200, Loss: 2.929e+04, loss_bcs: 3.938e-01, loss_ics: 2.673e-03, Loss_r: 4.790e+03, Time: 0.04
std_grad_res: 4.446e+02
std_grad_bcs: 8.890e-01
std_grad_ics: 1.316e-02
kurtosis_grad_res: 4.071e+02
kurtosis_grad_bcs: 2.262e+02
kurtosis_grad_ics: 2.351e+02
adaptive_constant_res_val: 5.649e+00
adaptive_constant_ics_val: 3.283e+05
adaptive_constant_bcs1_val: 3.451e+03
It: 300, Loss: 2.121e+04, loss_bcs: 3.659e-01, loss_ics: 1.139e-03, Loss_r: 3.465e+03, Time: 0.05
std_grad_res: 2.740e+02
std_grad_bcs: 3.946e-01
std_grad_ics: 7.999e-03
kurtosis_grad_res: 3.666e+02
kurtosis_grad_bcs: 2.120e+02
kurtosis_grad_ics: 2.221e+02
adaptive_constant_res_val: 5.649e+00
adaptive_constant_ics_val: 3.283e+05
adaptive_constant_bcs1_val: 3.451e+03
It: 400, Loss: 1.896e+04, loss_bcs: 3.388e-01, loss_ics: 9.192e-04, Loss_r: 3.097e+03, Time: 0.04
std_grad_res: 2.569e+02
std_grad_bcs: 3.585e-01
std_grad_ics: 7.313e-03
kurtosis_grad_res: 2.652e+02
kurtosis_grad_bcs: 2.315e+02
kurtosis_grad_ics: 2.161e+02
adaptive_constant_res_val: 5.649e+00
adaptive_constant_ics_val: 3.283e+05
adaptive_constant_bcs1_val: 3.451e+03
It: 500, Loss: 1.754e+04, loss_bcs: 3.043e-01, loss_ics: 7.478e-04, Loss_r: 2.876e+03, Time: 0.04
std_grad_res: 2.763e+02
std_grad_bcs: 3.233e-01
std_grad_ics: 6.632e-03
kurtosis_grad_res: 2.297e+02
kurtosis_grad_bcs: 2.385e+02
kurtosis_grad_ics: 2.132e+02
adaptive_constant_res_val: 5.649e+00
adaptive_constant_ics_val: 3.283e+05
adaptive_constant_bcs1_val: 3.451e+03
It: 600, Loss: 1.638e+04, loss_bcs: 2.688e-01, loss_ics: 5.454e-04, Loss_r: 2.705e+03, Time: 0.04
std_grad_res: 3.051e+02
std_grad_bcs: 2.877e-01
std_grad_ics: 5.705e-03
kurtosis_grad_res: 2.316e+02
kurtosis_grad_bcs: 2.030e+02
kurtosis_grad_ics: 2.195e+02
adaptive_constant_res_val: 5.649e+00
adaptive_constant_ics_val: 3.283e+05
adaptive_constant_bcs1_val: 3.451e+03
It: 700, Loss: 1.546e+04, loss_bcs: 2.329e-01, loss_ics: 6.024e-04, Loss_r: 2.560e+03, Time: 0.04
std_grad_res: 3.312e+02
std_grad_bcs: 2.967e-01
std_grad_ics: 6.638e-03
kurtosis_grad_res: 2.325e+02
kurtosis_grad_bcs: 2.037e+02
kurtosis_grad_ics: 2.281e+02
adaptive_constant_res_val: 5.649e+00
adaptive_constant_ics_val: 3.283e+05
adaptive_constant_bcs1_val: 3.451e+03
It: 800, Loss: 1.465e+04, loss_bcs: 2.134e-01, loss_ics: 5.979e-04, Loss_r: 2.428e+03, Time: 0.04
std_grad_res: 3.486e+02
std_grad_bcs: 2.976e-01
std_grad_ics: 6.955e-03
kurtosis_grad_res: 2.329e+02
kurtosis_grad_bcs: 1.976e+02
kurtosis_grad_ics: 2.435e+02
adaptive_constant_res_val: 5.649e+00
adaptive_constant_ics_val: 3.283e+05
adaptive_constant_bcs1_val: 3.451e+03
It: 900, Loss: 1.389e+04, loss_bcs: 1.995e-01, loss_ics: 5.754e-04, Loss_r: 2.304e+03, Time: 0.04
std_grad_res: 3.608e+02
std_grad_bcs: 2.977e-01
std_grad_ics: 7.106e-03
kurtosis_grad_res: 2.325e+02
kurtosis_grad_bcs: 1.939e+02
kurtosis_grad_ics: 2.585e+02
adaptive_constant_res_val: 5.649e+00
adaptive_constant_ics_val: 3.283e+05
adaptive_constant_bcs1_val: 3.451e+03
It: 1000, Loss: 1.318e+04, loss_bcs: 1.894e-01, loss_ics: 5.524e-04, Loss_r: 2.185e+03, Time: 0.04
std_grad_res: 3.676e+02
std_grad_bcs: 3.000e-01
std_grad_ics: 7.241e-03
kurtosis_grad_res: 2.351e+02
kurtosis_grad_bcs: 1.925e+02
kurtosis_grad_ics: 2.700e+02
adaptive_constant_res_val: 5.649e+00
adaptive_constant_ics_val: 3.283e+05
adaptive_constant_bcs1_val: 3.451e+03
Gradients information stored ...
It: 1100, Loss: 1.250e+04, loss_bcs: 1.819e-01, loss_ics: 5.328e-04, Loss_r: 2.070e+03, Time: 0.04
std_grad_res: 3.685e+02
std_grad_bcs: 3.022e-01
std_grad_ics: 7.403e-03
kurtosis_grad_res: 2.434e+02
kurtosis_grad_bcs: 1.991e+02
kurtosis_grad_ics: 2.768e+02
adaptive_constant_res_val: 5.649e+00
adaptive_constant_ics_val: 3.283e+05
adaptive_constant_bcs1_val: 3.451e+03
It: 1200, Loss: 1.186e+04, loss_bcs: 1.762e-01, loss_ics: 5.153e-04, Loss_r: 1.961e+03, Time: 0.04
std_grad_res: 3.662e+02
std_grad_bcs: 3.041e-01
std_grad_ics: 7.585e-03
kurtosis_grad_res: 2.516e+02
kurtosis_grad_bcs: 2.181e+02
kurtosis_grad_ics: 2.805e+02
adaptive_constant_res_val: 5.649e+00
adaptive_constant_ics_val: 3.283e+05
adaptive_constant_bcs1_val: 3.451e+03
It: 1300, Loss: 1.126e+04, loss_bcs: 1.713e-01, loss_ics: 4.972e-04, Loss_r: 1.859e+03, Time: 0.04
std_grad_res: 3.609e+02
std_grad_bcs: 3.089e-01
std_grad_ics: 7.773e-03
kurtosis_grad_res: 2.587e+02
kurtosis_grad_bcs: 2.487e+02
kurtosis_grad_ics: 2.804e+02
adaptive_constant_res_val: 5.649e+00
adaptive_constant_ics_val: 3.283e+05
adaptive_constant_bcs1_val: 3.451e+03
