Gradients information stored ...
It: 10 |  Loss: 1.024e+00 |  Loss_res: 1.582e-02 |   Loss_bcs1: 6.748e-02 | Loss_bc2s: 7.704e-02 |  loss_ics_u: 2.058e-01 |  Loss_ut_ics: 6.574e-01 |  Time: 0.03
adaptive_constant_res_val: 3.827e-06
adaptive_constant_ics_val: 9.999e-01
adaptive_constant_bcs_val: 1.267e-04
It: 20 |  Loss: 5.853e-02 |  Loss_res: 1.810e-01 |   Loss_bcs1: 9.019e-02 | Loss_bc2s: 1.422e-02 |  loss_ics_u: 4.102e-01 |  Loss_ut_ics: 5.847e-02 |  Time: 0.03
adaptive_constant_res_val: 1.046e+00
adaptive_constant_ics_val: -6.820e-06
adaptive_constant_bcs_val: -4.580e-02
It: 30 |  Loss: -2.620e-02 |  Loss_res: 1.239e-02 |   Loss_bcs1: 3.093e-01 | Loss_bc2s: 2.587e-01 |  loss_ics_u: 2.865e-01 |  Loss_ut_ics: 2.867e+00 |  Time: 0.03
adaptive_constant_res_val: -1.632e-16
adaptive_constant_ics_val: 1.000e+00
adaptive_constant_bcs_val: 1.069e-12
It: 40 |  Loss: 4.443e-01 |  Loss_res: 3.042e-03 |   Loss_bcs1: 4.232e-02 | Loss_bc2s: 5.991e-02 |  loss_ics_u: 1.046e+00 |  Loss_ut_ics: 4.443e-01 |  Time: 0.03
adaptive_constant_res_val: 1.000e+00
adaptive_constant_ics_val: -7.281e-19
adaptive_constant_bcs_val: -1.091e-04
It: 50 |  Loss: 2.332e-04 |  Loss_res: 3.130e-04 |   Loss_bcs1: 5.004e-03 | Loss_bc2s: 2.708e-02 |  loss_ics_u: 7.000e-01 |  Loss_ut_ics: 4.710e-02 |  Time: 0.03
adaptive_constant_res_val: 7.733e-07
adaptive_constant_ics_val: 9.977e-01
adaptive_constant_bcs_val: 2.262e-03
It: 60 |  Loss: 2.278e-02 |  Loss_res: 2.397e-03 |   Loss_bcs1: 2.274e-03 | Loss_bc2s: 1.601e-02 |  loss_ics_u: 4.722e-01 |  Loss_ut_ics: 2.172e-02 |  Time: 0.03
adaptive_constant_res_val: 7.679e-05
adaptive_constant_ics_val: 9.984e-01
adaptive_constant_bcs_val: 1.505e-03
It: 70 |  Loss: 9.204e-03 |  Loss_res: 2.953e-03 |   Loss_bcs1: 3.084e-03 | Loss_bc2s: 1.088e-02 |  loss_ics_u: 6.048e-01 |  Loss_ut_ics: 8.285e-03 |  Time: 0.03
adaptive_constant_res_val: -9.747e-05
adaptive_constant_ics_val: 9.994e-01
adaptive_constant_bcs_val: 6.762e-04
It: 80 |  Loss: 3.430e-03 |  Loss_res: 3.877e-03 |   Loss_bcs1: 2.442e-03 | Loss_bc2s: 9.519e-03 |  loss_ics_u: 5.515e-01 |  Loss_ut_ics: 3.051e-03 |  Time: 0.03
adaptive_constant_res_val: -1.352e-02
adaptive_constant_ics_val: 1.100e+00
adaptive_constant_bcs_val: -8.638e-02
It: 90 |  Loss: -3.763e-02 |  Loss_res: 1.797e-03 |   Loss_bcs1: 5.035e-04 | Loss_bc2s: 1.263e-02 |  loss_ics_u: 4.855e-01 |  Loss_ut_ics: 4.962e-03 |  Time: 0.03
adaptive_constant_res_val: 5.793e-01
adaptive_constant_ics_val: 1.072e+00
adaptive_constant_bcs_val: -6.516e-01
It: 100 |  Loss: -3.213e+00 |  Loss_res: 2.943e+00 |   Loss_bcs1: 3.549e+00 | Loss_bc2s: 1.779e+00 |  loss_ics_u: 2.457e+00 |  Loss_ut_ics: 1.448e-01 |  Time: 0.03
adaptive_constant_res_val: 2.809e-11
adaptive_constant_ics_val: 9.654e-15
adaptive_constant_bcs_val: 1.000e+00
Gradients information stored ...
It: 110 |  Loss: 6.583e-01 |  Loss_res: 4.081e-02 |   Loss_bcs1: 2.336e-03 | Loss_bc2s: 7.390e-02 |  loss_ics_u: 5.820e-01 |  Loss_ut_ics: 2.312e-02 |  Time: 0.03
adaptive_constant_res_val: 4.164e-08
adaptive_constant_ics_val: 1.000e+00
adaptive_constant_bcs_val: 2.309e-28
It: 120 |  Loss: 2.595e-02 |  Loss_res: 7.488e+00 |   Loss_bcs1: 1.140e+00 | Loss_bc2s: 3.911e+00 |  loss_ics_u: 1.354e+00 |  Loss_ut_ics: 2.595e-02 |  Time: 0.03
adaptive_constant_res_val: 7.774e-01
adaptive_constant_ics_val: 2.564e-34
adaptive_constant_bcs_val: 2.226e-01
It: 130 |  Loss: 2.929e-01 |  Loss_res: 2.041e-01 |   Loss_bcs1: 1.148e-01 | Loss_bc2s: 2.283e-01 |  loss_ics_u: 2.597e-01 |  Loss_ut_ics: 9.701e-01 |  Time: 0.03
adaptive_constant_res_val: 1.743e-59
adaptive_constant_ics_val: 1.000e+00
adaptive_constant_bcs_val: 9.851e-38
It: 140 |  Loss: 4.839e-02 |  Loss_res: 9.779e+00 |   Loss_bcs1: 3.087e-01 | Loss_bc2s: 5.240e-01 |  loss_ics_u: 6.753e-01 |  Loss_ut_ics: 4.839e-02 |  Time: 0.03
adaptive_constant_res_val: 1.000e+00
adaptive_constant_ics_val: -3.653e-77
adaptive_constant_bcs_val: 6.946e-52
It: 150 |  Loss: 2.639e-01 |  Loss_res: 2.639e-01 |   Loss_bcs1: 9.911e-02 | Loss_bc2s: 4.953e-01 |  loss_ics_u: 4.053e-01 |  Loss_ut_ics: 5.687e-01 |  Time: 0.03
adaptive_constant_res_val: -1.635e-85
adaptive_constant_ics_val: 1.000e+00
adaptive_constant_bcs_val: -3.444e-07
It: 160 |  Loss: 3.663e-02 |  Loss_res: 3.777e+00 |   Loss_bcs1: 7.848e-01 | Loss_bc2s: 2.365e+00 |  loss_ics_u: 9.082e-01 |  Loss_ut_ics: 3.663e-02 |  Time: 0.03
adaptive_constant_res_val: 1.000e+00
adaptive_constant_ics_val: -3.467e-60
adaptive_constant_bcs_val: 7.665e-46
It: 170 |  Loss: 6.755e-02 |  Loss_res: 6.755e-02 |   Loss_bcs1: 2.555e-01 | Loss_bc2s: 5.712e-01 |  loss_ics_u: 4.321e-01 |  Loss_ut_ics: 2.116e+00 |  Time: 0.03
adaptive_constant_res_val: -1.547e-38
adaptive_constant_ics_val: 1.000e+00
adaptive_constant_bcs_val: -1.585e-28
It: 180 |  Loss: 3.329e-01 |  Loss_res: 2.469e-01 |   Loss_bcs1: 2.544e-02 | Loss_bc2s: 1.130e-01 |  loss_ics_u: 8.273e-01 |  Loss_ut_ics: 3.329e-01 |  Time: 0.03
adaptive_constant_res_val: 1.000e+00
adaptive_constant_ics_val: -1.010e-30
adaptive_constant_bcs_val: 6.827e-11
It: 190 |  Loss: 4.708e-02 |  Loss_res: 4.708e-02 |   Loss_bcs1: 4.478e-03 | Loss_bc2s: 8.474e-02 |  loss_ics_u: 6.369e-01 |  Loss_ut_ics: 2.980e-04 |  Time: 0.03
adaptive_constant_res_val: -1.602e-06
adaptive_constant_ics_val: 9.286e-01
adaptive_constant_bcs_val: 7.140e-02
It: 200 |  Loss: 4.534e-02 |  Loss_res: 2.901e-02 |   Loss_bcs1: 9.109e-04 | Loss_bc2s: 5.718e-02 |  loss_ics_u: 4.590e-01 |  Loss_ut_ics: 9.070e-03 |  Time: 0.03
adaptive_constant_res_val: 8.397e-02
adaptive_constant_ics_val: 9.144e-01
adaptive_constant_bcs_val: 1.623e-03
It: 210 |  Loss: 3.234e-03 |  Loss_res: 1.711e-02 |   Loss_bcs1: 1.418e-03 | Loss_bc2s: 3.748e-02 |  loss_ics_u: 4.951e-01 |  Loss_ut_ics: 1.017e-03 |  Time: 0.03
adaptive_constant_res_val: 4.580e-03
adaptive_constant_ics_val: 9.860e-01
adaptive_constant_bcs_val: 9.375e-03
It: 220 |  Loss: 4.865e-03 |  Loss_res: 1.266e-02 |   Loss_bcs1: 2.920e-03 | Loss_bc2s: 3.296e-02 |  loss_ics_u: 4.548e-01 |  Loss_ut_ics: 2.101e-04 |  Time: 0.03
adaptive_constant_res_val: -1.057e+00
adaptive_constant_ics_val: 4.564e+00
adaptive_constant_bcs_val: -2.507e+00
It: 230 |  Loss: -2.924e+01 |  Loss_res: 7.421e+00 |   Loss_bcs1: 4.844e+00 | Loss_bc2s: 7.768e-01 |  loss_ics_u: 3.201e+00 |  Loss_ut_ics: 1.572e-01 |  Time: 0.04
adaptive_constant_res_val: 1.000e+00
adaptive_constant_ics_val: 1.561e-20
adaptive_constant_bcs_val: 8.940e-09
It: 240 |  Loss: 6.947e-02 |  Loss_res: 6.947e-02 |   Loss_bcs1: 5.420e-01 | Loss_bc2s: 1.939e+00 |  loss_ics_u: 3.348e+00 |  Loss_ut_ics: 1.701e-03 |  Time: 0.03
adaptive_constant_res_val: 1.774e-51
adaptive_constant_ics_val: 1.000e+00
adaptive_constant_bcs_val: 1.706e-25
It: 250 |  Loss: 5.546e-03 |  Loss_res: 8.703e-01 |   Loss_bcs1: 2.522e-03 | Loss_bc2s: 4.812e+00 |  loss_ics_u: 3.774e+00 |  Loss_ut_ics: 5.546e-03 |  Time: 0.03
adaptive_constant_res_val: 1.000e+00
adaptive_constant_ics_val: 1.671e-35
adaptive_constant_bcs_val: 1.551e-12
It: 260 |  Loss: 7.803e-02 |  Loss_res: 7.803e-02 |   Loss_bcs1: 1.444e-01 | Loss_bc2s: 2.316e+00 |  loss_ics_u: 2.716e+00 |  Loss_ut_ics: 4.732e-03 |  Time: 0.03
adaptive_constant_res_val: 2.721e-01
adaptive_constant_ics_val: 7.279e-01
adaptive_constant_bcs_val: 2.916e-14
It: 270 |  Loss: 1.485e-02 |  Loss_res: 4.983e-02 |   Loss_bcs1: 3.193e-01 | Loss_bc2s: 1.582e+00 |  loss_ics_u: 2.675e+00 |  Loss_ut_ics: 1.770e-03 |  Time: 0.03
adaptive_constant_res_val: 1.408e-05
adaptive_constant_ics_val: 2.313e-04
adaptive_constant_bcs_val: 9.998e-01
It: 280 |  Loss: 4.097e-01 |  Loss_res: 5.427e-02 |   Loss_bcs1: 9.133e-02 | Loss_bc2s: 7.376e-02 |  loss_ics_u: 2.446e-01 |  Loss_ut_ics: 6.163e-01 |  Time: 0.04
adaptive_constant_res_val: 1.000e+00
adaptive_constant_ics_val: -7.846e-07
adaptive_constant_bcs_val: -1.993e-04
It: 290 |  Loss: 1.840e-02 |  Loss_res: 1.872e-02 |   Loss_bcs1: 7.671e-02 | Loss_bc2s: 7.114e-02 |  loss_ics_u: 1.476e+00 |  Loss_ut_ics: 8.539e-01 |  Time: 0.03
adaptive_constant_res_val: -4.408e-17
adaptive_constant_ics_val: 1.000e+00
adaptive_constant_bcs_val: 8.276e-08
It: 300 |  Loss: 1.375e-01 |  Loss_res: 1.330e-05 |   Loss_bcs1: 1.859e-02 | Loss_bc2s: 1.195e-02 |  loss_ics_u: 4.321e-01 |  Loss_ut_ics: 1.375e-01 |  Time: 0.03
adaptive_constant_res_val: -1.183e+00
adaptive_constant_ics_val: 1.803e-12
adaptive_constant_bcs_val: 2.183e+00
It: 310 |  Loss: 7.432e-01 |  Loss_res: 5.897e-03 |   Loss_bcs1: 1.026e-01 | Loss_bc2s: 5.672e-02 |  loss_ics_u: 1.844e-01 |  Loss_ut_ics: 5.797e-01 |  Time: 0.03
adaptive_constant_res_val: 5.204e-11
adaptive_constant_ics_val: 1.000e+00
adaptive_constant_bcs_val: 4.770e-09
It: 320 |  Loss: 9.628e-02 |  Loss_res: 3.470e-03 |   Loss_bcs1: 3.622e-02 | Loss_bc2s: 2.240e-02 |  loss_ics_u: 8.211e-01 |  Loss_ut_ics: 9.628e-02 |  Time: 0.03
adaptive_constant_res_val: 1.318e-01
adaptive_constant_ics_val: 4.696e-01
adaptive_constant_bcs_val: 3.986e-01
It: 330 |  Loss: 2.178e-01 |  Loss_res: 2.639e-03 |   Loss_bcs1: 3.547e-02 | Loss_bc2s: 1.633e-04 |  loss_ics_u: 5.098e-01 |  Loss_ut_ics: 5.777e-05 |  Time: 0.03
adaptive_constant_res_val: 9.626e-03
adaptive_constant_ics_val: -1.220e-02
adaptive_constant_bcs_val: 1.003e+00
It: 340 |  Loss: 4.334e-01 |  Loss_res: 2.977e-03 |   Loss_bcs1: 8.477e-02 | Loss_bc2s: 5.110e-02 |  loss_ics_u: 2.988e-01 |  Loss_ut_ics: 1.936e-01 |  Time: 0.03
adaptive_constant_res_val: 5.994e-05
adaptive_constant_ics_val: 9.785e-01
adaptive_constant_bcs_val: 2.143e-02
It: 350 |  Loss: 1.973e-02 |  Loss_res: 9.956e-04 |   Loss_bcs1: 2.310e-02 | Loss_bc2s: 3.173e-02 |  loss_ics_u: 3.932e-01 |  Loss_ut_ics: 1.035e-02 |  Time: 0.03
adaptive_constant_res_val: 3.390e-02
adaptive_constant_ics_val: 5.233e-01
adaptive_constant_bcs_val: 4.428e-01
It: 360 |  Loss: 2.449e-01 |  Loss_res: 7.894e-04 |   Loss_bcs1: 1.688e-02 | Loss_bc2s: 2.418e-02 |  loss_ics_u: 5.101e-01 |  Loss_ut_ics: 1.542e-03 |  Time: 0.04
adaptive_constant_res_val: 1.170e-03
adaptive_constant_ics_val: 9.135e-01
adaptive_constant_bcs_val: 8.535e-02
It: 370 |  Loss: 4.065e-02 |  Loss_res: 1.268e-03 |   Loss_bcs1: 3.358e-02 | Loss_bc2s: 2.705e-02 |  loss_ics_u: 4.073e-01 |  Loss_ut_ics: 7.843e-04 |  Time: 0.04
adaptive_constant_res_val: 3.170e-02
adaptive_constant_ics_val: -1.173e+00
adaptive_constant_bcs_val: 2.141e+00
It: 380 |  Loss: 6.018e-01 |  Loss_res: 3.390e-03 |   Loss_bcs1: 9.201e-02 | Loss_bc2s: 4.155e-02 |  loss_ics_u: 2.642e-01 |  Loss_ut_ics: 2.131e-01 |  Time: 0.04
adaptive_constant_res_val: 1.568e-03
adaptive_constant_ics_val: 9.131e-01
adaptive_constant_bcs_val: 8.533e-02
It: 390 |  Loss: 8.498e-02 |  Loss_res: 1.503e-03 |   Loss_bcs1: 1.022e-02 | Loss_bc2s: 6.924e-03 |  loss_ics_u: 4.792e-01 |  Loss_ut_ics: 4.668e-02 |  Time: 0.04
adaptive_constant_res_val: 7.838e-02
adaptive_constant_ics_val: 3.417e-01
adaptive_constant_bcs_val: 5.800e-01
It: 400 |  Loss: 2.343e-01 |  Loss_res: 1.071e-03 |   Loss_bcs1: 1.053e-02 | Loss_bc2s: 2.170e-03 |  loss_ics_u: 3.793e-01 |  Loss_ut_ics: 2.008e-02 |  Time: 0.04
adaptive_constant_res_val: 4.703e-03
adaptive_constant_ics_val: -9.674e-02
adaptive_constant_bcs_val: 1.092e+00
It: 410 |  Loss: 4.005e-01 |  Loss_res: 5.823e-03 |   Loss_bcs1: 9.162e-02 | Loss_bc2s: 6.667e-02 |  loss_ics_u: 2.294e-01 |  Loss_ut_ics: 2.369e-01 |  Time: 0.04
adaptive_constant_res_val: 2.705e-03
adaptive_constant_ics_val: 6.640e-01
adaptive_constant_bcs_val: 3.333e-01
It: 420 |  Loss: 1.528e-01 |  Loss_res: 1.492e-03 |   Loss_bcs1: 3.633e-02 | Loss_bc2s: 2.161e-02 |  loss_ics_u: 2.911e-01 |  Loss_ut_ics: 5.493e-02 |  Time: 0.04
adaptive_constant_res_val: 1.428e-01
adaptive_constant_ics_val: 4.953e-01
adaptive_constant_bcs_val: 3.619e-01
It: 430 |  Loss: 1.700e-01 |  Loss_res: 6.320e-04 |   Loss_bcs1: 1.197e-02 | Loss_bc2s: 5.706e-03 |  loss_ics_u: 4.407e-01 |  Loss_ut_ics: 8.036e-03 |  Time: 0.04
adaptive_constant_res_val: 1.641e-03
adaptive_constant_ics_val: 9.483e-01
adaptive_constant_bcs_val: 5.001e-02
It: 440 |  Loss: 2.514e-02 |  Loss_res: 5.684e-04 |   Loss_bcs1: 1.295e-02 | Loss_bc2s: 4.993e-03 |  loss_ics_u: 4.545e-01 |  Loss_ut_ics: 1.594e-03 |  Time: 0.04
adaptive_constant_res_val: 3.227e-02
adaptive_constant_ics_val: -1.478e+00
adaptive_constant_bcs_val: 2.445e+00
It: 450 |  Loss: 6.638e-01 |  Loss_res: 4.316e-03 |   Loss_bcs1: 1.039e-01 | Loss_bc2s: 6.189e-02 |  loss_ics_u: 1.996e-01 |  Loss_ut_ics: 1.556e-01 |  Time: 0.04
adaptive_constant_res_val: 6.456e-03
adaptive_constant_ics_val: -5.980e-02
adaptive_constant_bcs_val: 1.053e+00
It: 460 |  Loss: 3.794e-01 |  Loss_res: 2.024e-02 |   Loss_bcs1: 6.404e-02 | Loss_bc2s: 4.371e-02 |  loss_ics_u: 2.709e-01 |  Loss_ut_ics: 3.278e-01 |  Time: 0.03
adaptive_constant_res_val: 1.278e-03
adaptive_constant_ics_val: 1.001e+00
adaptive_constant_bcs_val: -2.438e-03
It: 470 |  Loss: 3.558e-02 |  Loss_res: 1.534e-04 |   Loss_bcs1: 1.717e-02 | Loss_bc2s: 1.733e-02 |  loss_ics_u: 8.223e-01 |  Loss_ut_ics: 3.762e-02 |  Time: 0.04
adaptive_constant_res_val: 1.470e+00
adaptive_constant_ics_val: -1.233e+00
adaptive_constant_bcs_val: 7.630e-01
It: 480 |  Loss: 3.437e-01 |  Loss_res: 3.340e-03 |   Loss_bcs1: 8.203e-03 | Loss_bc2s: 3.706e-03 |  loss_ics_u: 4.460e-01 |  Loss_ut_ics: 8.610e-03 |  Time: 0.03
adaptive_constant_res_val: 2.609e-01
adaptive_constant_ics_val: -7.544e-03
adaptive_constant_bcs_val: 7.467e-01
It: 490 |  Loss: 3.283e-01 |  Loss_res: 1.744e-02 |   Loss_bcs1: 1.211e-01 | Loss_bc2s: 7.023e-02 |  loss_ics_u: 2.452e-01 |  Loss_ut_ics: 2.982e-01 |  Time: 0.03
adaptive_constant_res_val: 1.722e-04
adaptive_constant_ics_val: 9.783e-01
adaptive_constant_bcs_val: 2.156e-02
It: 500 |  Loss: 3.310e-02 |  Loss_res: 2.704e-03 |   Loss_bcs1: 4.608e-02 | Loss_bc2s: 2.221e-02 |  loss_ics_u: 3.928e-01 |  Loss_ut_ics: 2.367e-02 |  Time: 0.03
adaptive_constant_res_val: 3.528e-01
adaptive_constant_ics_val: 4.074e-01
adaptive_constant_bcs_val: 2.397e-01
It: 510 |  Loss: 1.224e-01 |  Loss_res: 6.766e-04 |   Loss_bcs1: 2.450e-02 | Loss_bc2s: 1.573e-02 |  loss_ics_u: 4.692e-01 |  Loss_ut_ics: 2.255e-04 |  Time: 0.03
adaptive_constant_res_val: 1.072e-02
adaptive_constant_ics_val: 8.066e-01
adaptive_constant_bcs_val: 1.826e-01
It: 520 |  Loss: 1.050e-01 |  Loss_res: 5.833e-04 |   Loss_bcs1: 2.277e-02 | Loss_bc2s: 1.554e-02 |  loss_ics_u: 5.366e-01 |  Loss_ut_ics: 7.670e-06 |  Time: 0.03
adaptive_constant_res_val: 3.764e-02
adaptive_constant_ics_val: 3.139e-01
adaptive_constant_bcs_val: 6.484e-01
It: 530 |  Loss: 2.708e-01 |  Loss_res: 1.718e-03 |   Loss_bcs1: 3.262e-02 | Loss_bc2s: 2.004e-02 |  loss_ics_u: 3.614e-01 |  Loss_ut_ics: 7.162e-03 |  Time: 0.03
adaptive_constant_res_val: -6.180e-01
adaptive_constant_ics_val: 1.113e+01
adaptive_constant_bcs_val: -9.509e+00
It: 540 |  Loss: -1.792e+01 |  Loss_res: 6.186e-02 |   Loss_bcs1: 2.794e-01 | Loss_bc2s: 1.376e-01 |  loss_ics_u: 1.876e+00 |  Loss_ut_ics: 3.522e-01 |  Time: 0.04
adaptive_constant_res_val: 8.210e-11
adaptive_constant_ics_val: 1.000e+00
adaptive_constant_bcs_val: 8.938e-09
It: 550 |  Loss: 2.295e-01 |  Loss_res: 2.148e+00 |   Loss_bcs1: 7.002e+00 | Loss_bc2s: 3.322e+00 |  loss_ics_u: 1.176e+01 |  Loss_ut_ics: 2.295e-01 |  Time: 0.03
adaptive_constant_res_val: 4.831e-34
adaptive_constant_ics_val: 5.954e-08
adaptive_constant_bcs_val: 1.000e+00
It: 560 |  Loss: 7.262e-01 |  Loss_res: 6.967e-02 |   Loss_bcs1: 6.934e-04 | Loss_bc2s: 3.227e-02 |  loss_ics_u: 6.932e-01 |  Loss_ut_ics: 9.777e-03 |  Time: 0.03
adaptive_constant_res_val: 1.000e+00
adaptive_constant_ics_val: 2.609e-73
adaptive_constant_bcs_val: 1.137e-69
It: 570 |  Loss: 1.231e-02 |  Loss_res: 1.231e-02 |   Loss_bcs1: 1.176e-01 | Loss_bc2s: 2.062e-01 |  loss_ics_u: 2.244e+00 |  Loss_ut_ics: 5.311e-01 |  Time: 0.03
adaptive_constant_res_val: 9.085e-51
adaptive_constant_ics_val: 1.000e+00
adaptive_constant_bcs_val: 7.164e-13
It: 580 |  Loss: 1.491e-01 |  Loss_res: 2.563e-02 |   Loss_bcs1: 3.618e-02 | Loss_bc2s: 1.635e-01 |  loss_ics_u: 7.035e-01 |  Loss_ut_ics: 1.491e-01 |  Time: 0.03
adaptive_constant_res_val: 1.048e+00
adaptive_constant_ics_val: -1.302e-16
adaptive_constant_bcs_val: -4.788e-02
It: 590 |  Loss: -5.727e-02 |  Loss_res: 2.146e-03 |   Loss_bcs1: 1.563e-02 | Loss_bc2s: 1.254e-01 |  loss_ics_u: 1.102e+00 |  Loss_ut_ics: 3.003e-02 |  Time: 0.03
adaptive_constant_res_val: -3.144e-12
adaptive_constant_ics_val: 1.000e+00
adaptive_constant_bcs_val: 1.558e-11
It: 600 |  Loss: 7.073e-03 |  Loss_res: 1.107e-03 |   Loss_bcs1: 1.069e-02 | Loss_bc2s: 1.385e-01 |  loss_ics_u: 9.504e-01 |  Loss_ut_ics: 7.073e-03 |  Time: 0.04
adaptive_constant_res_val: 1.832e-01
adaptive_constant_ics_val: -3.149e-02
adaptive_constant_bcs_val: 8.483e-01
It: 610 |  Loss: 3.638e-01 |  Loss_res: 5.076e-02 |   Loss_bcs1: 1.308e-01 | Loss_bc2s: 1.052e-01 |  loss_ics_u: 2.202e-01 |  Loss_ut_ics: 1.031e+00 |  Time: 0.03
adaptive_constant_res_val: 1.647e-03
adaptive_constant_ics_val: 9.950e-01
adaptive_constant_bcs_val: 3.379e-03
It: 620 |  Loss: 2.279e-01 |  Loss_res: 1.108e-03 |   Loss_bcs1: 7.131e-02 | Loss_bc2s: 1.998e-02 |  loss_ics_u: 7.417e-01 |  Loss_ut_ics: 2.262e-01 |  Time: 0.03
adaptive_constant_res_val: 5.987e-01
adaptive_constant_ics_val: 2.919e-02
adaptive_constant_bcs_val: 3.721e-01
It: 630 |  Loss: 2.386e-01 |  Loss_res: 2.356e-04 |   Loss_bcs1: 5.299e-02 | Loss_bc2s: 1.031e-02 |  loss_ics_u: 5.750e-01 |  Loss_ut_ics: 3.114e-02 |  Time: 0.03
adaptive_constant_res_val: 1.898e-01
adaptive_constant_ics_val: -8.549e-02
adaptive_constant_bcs_val: 8.957e-01
It: 640 |  Loss: 3.900e-01 |  Loss_res: 2.648e-02 |   Loss_bcs1: 8.088e-02 | Loss_bc2s: 6.018e-02 |  loss_ics_u: 2.992e-01 |  Loss_ut_ics: 1.089e-01 |  Time: 0.04
adaptive_constant_res_val: 3.009e-02
adaptive_constant_ics_val: 7.122e-01
adaptive_constant_bcs_val: 2.577e-01
It: 650 |  Loss: 1.294e-01 |  Loss_res: 3.417e-02 |   Loss_bcs1: 2.783e-02 | Loss_bc2s: 2.812e-02 |  loss_ics_u: 3.135e-01 |  Loss_ut_ics: 4.657e-02 |  Time: 0.04
adaptive_constant_res_val: -2.466e-02
adaptive_constant_ics_val: 1.076e+00
adaptive_constant_bcs_val: -5.111e-02
It: 660 |  Loss: -2.442e-02 |  Loss_res: 2.971e-02 |   Loss_bcs1: 1.394e-04 | Loss_bc2s: 1.722e-03 |  loss_ics_u: 6.000e-01 |  Loss_ut_ics: 6.577e-03 |  Time: 0.03
adaptive_constant_res_val: -1.908e-03
adaptive_constant_ics_val: 9.944e-01
adaptive_constant_bcs_val: 7.508e-03
It: 670 |  Loss: 1.131e-02 |  Loss_res: 2.528e-02 |   Loss_bcs1: 9.295e-04 | Loss_bc2s: 7.458e-04 |  loss_ics_u: 6.150e-01 |  Loss_ut_ics: 6.766e-03 |  Time: 0.03
adaptive_constant_res_val: 5.132e-04
adaptive_constant_ics_val: -3.289e-01
adaptive_constant_bcs_val: 1.328e+00
It: 680 |  Loss: 5.433e-01 |  Loss_res: 3.442e-02 |   Loss_bcs1: 1.157e-01 | Loss_bc2s: 8.428e-02 |  loss_ics_u: 2.439e-01 |  Loss_ut_ics: 1.409e-01 |  Time: 0.03
adaptive_constant_res_val: 1.079e-02
adaptive_constant_ics_val: -1.406e-02
adaptive_constant_bcs_val: 1.003e+00
It: 690 |  Loss: 3.691e-01 |  Loss_res: 6.710e-03 |   Loss_bcs1: 5.849e-02 | Loss_bc2s: 4.190e-02 |  loss_ics_u: 2.704e-01 |  Loss_ut_ics: 2.110e-01 |  Time: 0.03
adaptive_constant_res_val: -2.729e-03
adaptive_constant_ics_val: 1.004e+00
adaptive_constant_bcs_val: -1.621e-03
It: 700 |  Loss: 1.515e-02 |  Loss_res: 3.286e-03 |   Loss_bcs1: 1.415e-03 | Loss_bc2s: 1.787e-03 |  loss_ics_u: 5.229e-01 |  Loss_ut_ics: 1.594e-02 |  Time: 0.04
adaptive_constant_res_val: 4.478e+00
adaptive_constant_ics_val: -3.839e+00
adaptive_constant_bcs_val: 3.608e-01
It: 710 |  Loss: 1.674e-03 |  Loss_res: 4.568e-04 |   Loss_bcs1: 6.437e-03 | Loss_bc2s: 5.549e-03 |  loss_ics_u: 5.030e-01 |  Loss_ut_ics: 4.850e-02 |  Time: 0.04
adaptive_constant_res_val: 2.156e-03
adaptive_constant_ics_val: -1.028e-01
adaptive_constant_bcs_val: 1.101e+00
It: 720 |  Loss: 3.507e-01 |  Loss_res: 6.462e-02 |   Loss_bcs1: 8.852e-02 | Loss_bc2s: 6.274e-02 |  loss_ics_u: 2.027e-01 |  Loss_ut_ics: 3.794e-01 |  Time: 0.04
adaptive_constant_res_val: 2.067e-01
adaptive_constant_ics_val: 3.363e-02
adaptive_constant_bcs_val: 7.597e-01
It: 730 |  Loss: 2.655e-01 |  Loss_res: 1.923e-02 |   Loss_bcs1: 5.811e-02 | Loss_bc2s: 4.586e-02 |  loss_ics_u: 2.228e-01 |  Loss_ut_ics: 3.950e-01 |  Time: 0.03
adaptive_constant_res_val: 6.096e-01
adaptive_constant_ics_val: -9.022e-02
adaptive_constant_bcs_val: 4.806e-01
It: 740 |  Loss: 1.582e-01 |  Loss_res: 8.979e-04 |   Loss_bcs1: 3.979e-02 | Loss_bc2s: 3.277e-02 |  loss_ics_u: 3.092e-01 |  Loss_ut_ics: 2.858e-01 |  Time: 0.03
adaptive_constant_res_val: 1.653e+00
adaptive_constant_ics_val: -1.520e+00
adaptive_constant_bcs_val: 8.667e-01
It: 750 |  Loss: -8.097e+00 |  Loss_res: 2.295e-01 |   Loss_bcs1: 7.758e-01 | Loss_bc2s: 7.767e-01 |  loss_ics_u: 1.197e+00 |  Loss_ut_ics: 7.147e+00 |  Time: 0.04
adaptive_constant_res_val: 6.663e-35
adaptive_constant_ics_val: 1.000e+00
adaptive_constant_bcs_val: 1.266e-28
It: 760 |  Loss: 4.032e-01 |  Loss_res: 6.457e-02 |   Loss_bcs1: 1.707e-01 | Loss_bc2s: 1.645e-01 |  loss_ics_u: 2.200e+00 |  Loss_ut_ics: 4.032e-01 |  Time: 0.03
adaptive_constant_res_val: 1.000e+00
adaptive_constant_ics_val: 4.608e-56
adaptive_constant_bcs_val: 6.766e-10
It: 770 |  Loss: 1.072e-02 |  Loss_res: 1.072e-02 |   Loss_bcs1: 1.266e-01 | Loss_bc2s: 1.442e-01 |  loss_ics_u: 1.870e+00 |  Loss_ut_ics: 9.528e-02 |  Time: 0.03
adaptive_constant_res_val: 4.599e-24
adaptive_constant_ics_val: 1.000e+00
adaptive_constant_bcs_val: 1.599e-18
It: 780 |  Loss: 2.805e-02 |  Loss_res: 9.517e-02 |   Loss_bcs1: 4.834e-02 | Loss_bc2s: 4.290e-02 |  loss_ics_u: 1.164e+00 |  Loss_ut_ics: 2.805e-02 |  Time: 0.03
adaptive_constant_res_val: 1.149e+00
adaptive_constant_ics_val: -7.299e-02
adaptive_constant_bcs_val: -7.585e-02
It: 790 |  Loss: -8.907e-02 |  Loss_res: 2.959e-03 |   Loss_bcs1: 3.594e-02 | Loss_bc2s: 5.059e-02 |  loss_ics_u: 1.106e+00 |  Loss_ut_ics: 2.781e-02 |  Time: 0.03
adaptive_constant_res_val: -3.338e-05
adaptive_constant_ics_val: 9.989e-01
adaptive_constant_bcs_val: 1.111e-03
It: 800 |  Loss: 7.063e-03 |  Loss_res: 2.813e-01 |   Loss_bcs1: 7.886e-02 | Loss_bc2s: 1.137e-01 |  loss_ics_u: 1.593e+00 |  Loss_ut_ics: 5.093e-03 |  Time: 0.03
adaptive_constant_res_val: 1.329e-01
adaptive_constant_ics_val: 8.641e-01
adaptive_constant_bcs_val: 2.956e-03
It: 810 |  Loss: 5.910e-03 |  Loss_res: 4.749e-03 |   Loss_bcs1: 5.756e-02 | Loss_bc2s: 8.297e-02 |  loss_ics_u: 1.407e+00 |  Loss_ut_ics: 8.132e-04 |  Time: 0.03
adaptive_constant_res_val: 6.057e-02
adaptive_constant_ics_val: 2.632e-02
adaptive_constant_bcs_val: 9.131e-01
It: 820 |  Loss: 4.715e-01 |  Loss_res: 8.285e-02 |   Loss_bcs1: 1.520e-01 | Loss_bc2s: 1.003e-01 |  loss_ics_u: 2.265e-01 |  Loss_ut_ics: 1.114e+00 |  Time: 0.03
adaptive_constant_res_val: 9.074e-01
adaptive_constant_ics_val: 3.046e-02
adaptive_constant_bcs_val: 6.212e-02
It: 830 |  Loss: 1.050e-01 |  Loss_res: 1.008e-02 |   Loss_bcs1: 2.470e-01 | Loss_bc2s: 1.703e-01 |  loss_ics_u: 3.031e-01 |  Loss_ut_ics: 1.679e+00 |  Time: 0.03
adaptive_constant_res_val: -3.857e-05
adaptive_constant_ics_val: 9.999e-01
adaptive_constant_bcs_val: 1.049e-04
It: 840 |  Loss: 2.670e-03 |  Loss_res: 1.686e-02 |   Loss_bcs1: 1.005e-02 | Loss_bc2s: 3.268e-03 |  loss_ics_u: 9.106e-01 |  Loss_ut_ics: 2.574e-03 |  Time: 0.04
adaptive_constant_res_val: 1.011e+00
adaptive_constant_ics_val: -3.618e-07
adaptive_constant_bcs_val: -1.103e-02
It: 850 |  Loss: -8.992e-03 |  Loss_res: 4.046e-03 |   Loss_bcs1: 3.266e-02 | Loss_bc2s: 2.594e-02 |  loss_ics_u: 1.127e+00 |  Loss_ut_ics: 5.948e-02 |  Time: 0.03
adaptive_constant_res_val: -1.765e-08
adaptive_constant_ics_val: 1.000e+00
adaptive_constant_bcs_val: 4.399e-05
It: 860 |  Loss: 1.861e-03 |  Loss_res: 3.764e-02 |   Loss_bcs1: 6.750e-03 | Loss_bc2s: 2.597e-02 |  loss_ics_u: 7.908e-01 |  Loss_ut_ics: 1.825e-03 |  Time: 0.04
adaptive_constant_res_val: 1.940e+00
adaptive_constant_ics_val: -2.211e-02
adaptive_constant_bcs_val: -9.182e-01
It: 870 |  Loss: -2.997e+00 |  Loss_res: 2.062e-02 |   Loss_bcs1: 5.306e-01 | Loss_bc2s: 1.639e-01 |  loss_ics_u: 2.602e+00 |  Loss_ut_ics: 4.551e-01 |  Time: 0.04
adaptive_constant_res_val: -3.260e-14
adaptive_constant_ics_val: 1.000e+00
adaptive_constant_bcs_val: 7.121e-10
It: 880 |  Loss: 1.078e-01 |  Loss_res: 1.371e-01 |   Loss_bcs1: 1.362e+00 | Loss_bc2s: 4.808e-01 |  loss_ics_u: 3.282e+00 |  Loss_ut_ics: 1.078e-01 |  Time: 0.03
adaptive_constant_res_val: 7.968e-03
adaptive_constant_ics_val: -1.235e-10
adaptive_constant_bcs_val: 9.920e-01
It: 890 |  Loss: 6.734e-01 |  Loss_res: 9.255e-04 |   Loss_bcs1: 2.058e-03 | Loss_bc2s: 3.651e-03 |  loss_ics_u: 6.731e-01 |  Loss_ut_ics: 1.459e-02 |  Time: 0.03
adaptive_constant_res_val: 1.000e+00
adaptive_constant_ics_val: 9.923e-12
adaptive_constant_bcs_val: 1.598e-11
It: 900 |  Loss: 3.772e-04 |  Loss_res: 3.772e-04 |   Loss_bcs1: 2.159e-02 | Loss_bc2s: 5.241e-03 |  loss_ics_u: 6.563e-01 |  Loss_ut_ics: 4.759e-02 |  Time: 0.03
adaptive_constant_res_val: 3.030e-13
adaptive_constant_ics_val: 9.999e-01
adaptive_constant_bcs_val: 1.257e-04
It: 910 |  Loss: 6.378e-03 |  Loss_res: 3.878e-04 |   Loss_bcs1: 1.657e-02 | Loss_bc2s: 7.024e-03 |  loss_ics_u: 5.576e-01 |  Loss_ut_ics: 6.306e-03 |  Time: 0.03
adaptive_constant_res_val: -1.096e-02
adaptive_constant_ics_val: 6.387e-01
adaptive_constant_bcs_val: 3.722e-01
It: 920 |  Loss: 1.761e-01 |  Loss_res: 2.342e-04 |   Loss_bcs1: 2.291e-02 | Loss_bc2s: 1.900e-02 |  loss_ics_u: 3.617e-01 |  Loss_ut_ics: 4.052e-02 |  Time: 0.03
adaptive_constant_res_val: -1.789e-02
adaptive_constant_ics_val: -1.899e+00
adaptive_constant_bcs_val: 2.917e+00
It: 930 |  Loss: -1.829e+01 |  Loss_res: 5.228e+00 |   Loss_bcs1: 2.061e+00 | Loss_bc2s: 2.247e+00 |  loss_ics_u: 1.931e+00 |  Loss_ut_ics: 1.917e+01 |  Time: 0.03
adaptive_constant_res_val: 3.352e-69
adaptive_constant_ics_val: 1.000e+00
adaptive_constant_bcs_val: 1.504e-73
It: 940 |  Loss: 4.166e-01 |  Loss_res: 4.099e-03 |   Loss_bcs1: 6.887e-02 | Loss_bc2s: 2.089e-01 |  loss_ics_u: 1.724e+00 |  Loss_ut_ics: 4.166e-01 |  Time: 0.03
adaptive_constant_res_val: 5.461e-10
adaptive_constant_ics_val: 3.207e-136
adaptive_constant_bcs_val: 1.000e+00
It: 950 |  Loss: 4.559e-01 |  Loss_res: 4.905e-03 |   Loss_bcs1: 7.631e-02 | Loss_bc2s: 6.392e-02 |  loss_ics_u: 3.156e-01 |  Loss_ut_ics: 4.423e-01 |  Time: 0.04
adaptive_constant_res_val: 7.016e-55
adaptive_constant_ics_val: 1.000e+00
adaptive_constant_bcs_val: 8.553e-61
It: 960 |  Loss: 4.790e-02 |  Loss_res: 4.479e-04 |   Loss_bcs1: 6.355e-03 | Loss_bc2s: 5.813e-03 |  loss_ics_u: 5.331e-01 |  Loss_ut_ics: 4.790e-02 |  Time: 0.03
adaptive_constant_res_val: -2.390e-08
adaptive_constant_ics_val: 1.000e+00
adaptive_constant_bcs_val: 4.998e-08
It: 970 |  Loss: 3.810e-02 |  Loss_res: 4.118e-03 |   Loss_bcs1: 4.183e-03 | Loss_bc2s: 4.395e-02 |  loss_ics_u: 9.266e-01 |  Loss_ut_ics: 3.810e-02 |  Time: 0.05
adaptive_constant_res_val: 5.743e-05
adaptive_constant_ics_val: 9.944e-01
adaptive_constant_bcs_val: 5.509e-03
It: 980 |  Loss: 1.813e-02 |  Loss_res: 1.997e-03 |   Loss_bcs1: 2.614e-03 | Loss_bc2s: 2.968e-02 |  loss_ics_u: 8.066e-01 |  Loss_ut_ics: 1.358e-02 |  Time: 0.03
adaptive_constant_res_val: 1.401e-01
adaptive_constant_ics_val: 6.880e-02
adaptive_constant_bcs_val: 7.911e-01
It: 990 |  Loss: 3.487e-01 |  Loss_res: 6.122e-03 |   Loss_bcs1: 5.165e-03 | Loss_bc2s: 4.886e-03 |  loss_ics_u: 4.271e-01 |  Loss_ut_ics: 2.895e-02 |  Time: 0.04
adaptive_constant_res_val: -2.797e-01
adaptive_constant_ics_val: 1.027e+00
adaptive_constant_bcs_val: 2.525e-01
It: 1000 |  Loss: 1.713e-01 |  Loss_res: 2.045e-02 |   Loss_bcs1: 9.978e-03 | Loss_bc2s: 2.311e-02 |  loss_ics_u: 3.974e-01 |  Loss_ut_ics: 6.648e-02 |  Time: 0.03
adaptive_constant_res_val: 7.326e-04
adaptive_constant_ics_val: 9.947e-01
adaptive_constant_bcs_val: 4.614e-03
Gradients information stored ...
It: 1010 |  Loss: 2.897e-02 |  Loss_res: 2.290e-02 |   Loss_bcs1: 6.689e-03 | Loss_bc2s: 1.391e-02 |  loss_ics_u: 5.272e-01 |  Loss_ut_ics: 2.656e-02 |  Time: 0.03
adaptive_constant_res_val: -6.989e-02
adaptive_constant_ics_val: 1.235e+00
adaptive_constant_bcs_val: -1.649e-01
It: 1020 |  Loss: -9.419e-02 |  Loss_res: 1.992e-02 |   Loss_bcs1: 4.495e-03 | Loss_bc2s: 2.394e-03 |  loss_ics_u: 5.765e-01 |  Loss_ut_ics: 2.742e-03 |  Time: 0.03
adaptive_constant_res_val: 1.278e-01
adaptive_constant_ics_val: 8.421e-01
adaptive_constant_bcs_val: 3.017e-02
It: 1030 |  Loss: 1.876e-02 |  Loss_res: 1.203e-02 |   Loss_bcs1: 4.589e-03 | Loss_bc2s: 3.516e-05 |  loss_ics_u: 5.627e-01 |  Loss_ut_ics: 1.247e-04 |  Time: 0.04
adaptive_constant_res_val: 2.410e-01
adaptive_constant_ics_val: 1.419e+00
adaptive_constant_bcs_val: -6.603e-01
It: 1040 |  Loss: -4.001e-01 |  Loss_res: 2.277e-03 |   Loss_bcs1: 5.918e-03 | Loss_bc2s: 7.044e-03 |  loss_ics_u: 6.131e-01 |  Loss_ut_ics: 8.984e-03 |  Time: 0.04
adaptive_constant_res_val: -1.064e-02
adaptive_constant_ics_val: 9.419e-01
adaptive_constant_bcs_val: 6.877e-02
It: 1050 |  Loss: 6.466e-02 |  Loss_res: 1.996e-03 |   Loss_bcs1: 5.339e-03 | Loss_bc2s: 1.407e-02 |  loss_ics_u: 7.314e-01 |  Loss_ut_ics: 1.386e-02 |  Time: 0.04
adaptive_constant_res_val: 8.034e-02
adaptive_constant_ics_val: 9.340e-01
adaptive_constant_bcs_val: -1.436e-02
It: 1060 |  Loss: -4.184e-03 |  Loss_res: 1.374e-03 |   Loss_bcs1: 3.391e-03 | Loss_bc2s: 1.114e-02 |  loss_ics_u: 6.796e-01 |  Loss_ut_ics: 6.070e-03 |  Time: 0.03
adaptive_constant_res_val: 8.550e-03
adaptive_constant_ics_val: 7.377e-01
adaptive_constant_bcs_val: 2.537e-01
It: 1070 |  Loss: 1.701e-01 |  Loss_res: 1.512e-03 |   Loss_bcs1: 2.028e-03 | Loss_bc2s: 2.909e-03 |  loss_ics_u: 6.643e-01 |  Loss_ut_ics: 3.800e-04 |  Time: 0.04
adaptive_constant_res_val: 1.442e-02
adaptive_constant_ics_val: 1.070e+00
adaptive_constant_bcs_val: -8.471e-02
It: 1080 |  Loss: -5.404e-02 |  Loss_res: 2.429e-03 |   Loss_bcs1: 1.736e-03 | Loss_bc2s: 7.979e-04 |  loss_ics_u: 6.369e-01 |  Loss_ut_ics: 8.032e-05 |  Time: 0.04
adaptive_constant_res_val: 3.507e-01
adaptive_constant_ics_val: -2.799e+00
adaptive_constant_bcs_val: 3.448e+00
It: 1090 |  Loss: 1.453e+00 |  Loss_res: 1.129e-02 |   Loss_bcs1: 1.943e-02 | Loss_bc2s: 3.550e-02 |  loss_ics_u: 4.188e-01 |  Loss_ut_ics: 6.608e-02 |  Time: 0.04
adaptive_constant_res_val: 1.274e-01
adaptive_constant_ics_val: -5.311e-01
adaptive_constant_bcs_val: 1.404e+00
It: 1100 |  Loss: 4.975e-01 |  Loss_res: 1.010e-02 |   Loss_bcs1: 1.159e-01 | Loss_bc2s: 1.256e-01 |  loss_ics_u: 2.513e-01 |  Loss_ut_ics: 3.681e-01 |  Time: 0.04
adaptive_constant_res_val: -1.644e-03
adaptive_constant_ics_val: 9.088e-01
adaptive_constant_bcs_val: 9.289e-02
It: 1110 |  Loss: 2.002e-01 |  Loss_res: 4.754e-03 |   Loss_bcs1: 7.565e-02 | Loss_bc2s: 4.046e-02 |  loss_ics_u: 2.468e-01 |  Loss_ut_ics: 1.832e-01 |  Time: 0.03
adaptive_constant_res_val: 1.308e-01
adaptive_constant_ics_val: 4.170e-01
adaptive_constant_bcs_val: 4.522e-01
It: 1120 |  Loss: 2.366e-01 |  Loss_res: 1.890e-03 |   Loss_bcs1: 4.921e-02 | Loss_bc2s: 1.052e-02 |  loss_ics_u: 4.101e-01 |  Loss_ut_ics: 5.730e-02 |  Time: 0.03
adaptive_constant_res_val: 1.090e-03
adaptive_constant_ics_val: 9.399e-01
adaptive_constant_bcs_val: 5.906e-02
It: 1130 |  Loss: 4.718e-02 |  Loss_res: 2.677e-03 |   Loss_bcs1: 3.470e-02 | Loss_bc2s: 3.516e-03 |  loss_ics_u: 4.072e-01 |  Loss_ut_ics: 2.220e-02 |  Time: 0.03
adaptive_constant_res_val: 2.138e-01
adaptive_constant_ics_val: -2.003e+00
adaptive_constant_bcs_val: 2.789e+00
It: 1140 |  Loss: 9.215e-01 |  Loss_res: 1.652e-03 |   Loss_bcs1: 4.694e-02 | Loss_bc2s: 4.524e-02 |  loss_ics_u: 2.980e-01 |  Loss_ut_ics: 8.343e-02 |  Time: 0.04
adaptive_constant_res_val: -1.189e-02
adaptive_constant_ics_val: -6.057e-02
adaptive_constant_bcs_val: 1.072e+00
It: 1150 |  Loss: 3.818e-01 |  Loss_res: 9.855e-03 |   Loss_bcs1: 7.149e-02 | Loss_bc2s: 9.062e-02 |  loss_ics_u: 2.047e-01 |  Loss_ut_ics: 1.909e-01 |  Time: 0.04
adaptive_constant_res_val: 6.995e-02
adaptive_constant_ics_val: 8.006e-01
adaptive_constant_bcs_val: 1.294e-01
It: 1160 |  Loss: 1.627e-01 |  Loss_res: 6.049e-03 |   Loss_bcs1: 6.399e-02 | Loss_bc2s: 5.583e-02 |  loss_ics_u: 2.510e-01 |  Loss_ut_ics: 1.428e-01 |  Time: 0.04
adaptive_constant_res_val: 1.749e-01
adaptive_constant_ics_val: 2.252e-01
adaptive_constant_bcs_val: 5.999e-01
It: 1170 |  Loss: 2.455e-01 |  Loss_res: 1.061e-03 |   Loss_bcs1: 4.260e-02 | Loss_bc2s: 4.297e-02 |  loss_ics_u: 2.902e-01 |  Loss_ut_ics: 8.855e-02 |  Time: 0.03
adaptive_constant_res_val: 2.931e-01
adaptive_constant_ics_val: 2.893e+00
adaptive_constant_bcs_val: -2.186e+00
It: 1180 |  Loss: -8.110e-01 |  Loss_res: 4.642e-04 |   Loss_bcs1: 2.648e-02 | Loss_bc2s: 1.634e-02 |  loss_ics_u: 3.462e-01 |  Loss_ut_ics: 1.358e-02 |  Time: 0.03
adaptive_constant_res_val: -6.570e-01
adaptive_constant_ics_val: 5.386e-01
adaptive_constant_bcs_val: 1.118e+00
It: 1190 |  Loss: 4.445e-01 |  Loss_res: 5.166e-04 |   Loss_bcs1: 2.006e-02 | Loss_bc2s: 9.387e-03 |  loss_ics_u: 3.679e-01 |  Loss_ut_ics: 1.000e-03 |  Time: 0.04
adaptive_constant_res_val: 8.459e-03
adaptive_constant_ics_val: 4.811e-01
adaptive_constant_bcs_val: 5.104e-01
It: 1200 |  Loss: 2.221e-01 |  Loss_res: 9.905e-04 |   Loss_bcs1: 2.809e-02 | Loss_bc2s: 1.255e-02 |  loss_ics_u: 3.927e-01 |  Loss_ut_ics: 1.980e-03 |  Time: 0.03
adaptive_constant_res_val: 8.206e-03
adaptive_constant_ics_val: 3.831e-01
adaptive_constant_bcs_val: 6.087e-01
It: 1210 |  Loss: 2.588e-01 |  Loss_res: 1.226e-03 |   Loss_bcs1: 3.704e-02 | Loss_bc2s: 1.707e-02 |  loss_ics_u: 3.678e-01 |  Loss_ut_ics: 5.169e-03 |  Time: 0.04
adaptive_constant_res_val: 8.676e-03
adaptive_constant_ics_val: 1.077e+00
adaptive_constant_bcs_val: -8.521e-02
It: 1220 |  Loss: -3.970e-02 |  Loss_res: 1.123e-03 |   Loss_bcs1: 4.068e-02 | Loss_bc2s: 2.115e-02 |  loss_ics_u: 4.777e-01 |  Loss_ut_ics: 5.815e-03 |  Time: 0.03
adaptive_constant_res_val: -6.894e-04
adaptive_constant_ics_val: 1.012e+00
adaptive_constant_bcs_val: -1.112e-02
It: 1230 |  Loss: -1.514e-03 |  Loss_res: 7.131e-04 |   Loss_bcs1: 4.089e-02 | Loss_bc2s: 2.117e-02 |  loss_ics_u: 4.377e-01 |  Loss_ut_ics: 3.995e-03 |  Time: 0.03
adaptive_constant_res_val: 7.551e-03
adaptive_constant_ics_val: 8.208e-01
adaptive_constant_bcs_val: 1.717e-01
It: 1240 |  Loss: 7.423e-02 |  Loss_res: 5.367e-04 |   Loss_bcs1: 3.827e-02 | Loss_bc2s: 2.169e-02 |  loss_ics_u: 3.595e-01 |  Loss_ut_ics: 2.706e-03 |  Time: 0.03
adaptive_constant_res_val: -8.395e-03
adaptive_constant_ics_val: 9.267e-01
adaptive_constant_bcs_val: 8.167e-02
It: 1250 |  Loss: 3.810e-02 |  Loss_res: 3.169e-04 |   Loss_bcs1: 4.012e-02 | Loss_bc2s: 2.059e-02 |  loss_ics_u: 3.851e-01 |  Loss_ut_ics: 1.827e-03 |  Time: 0.03
adaptive_constant_res_val: -1.460e-04
adaptive_constant_ics_val: 9.903e-01
adaptive_constant_bcs_val: 9.843e-03
It: 1260 |  Loss: 5.801e-03 |  Loss_res: 2.432e-04 |   Loss_bcs1: 4.087e-02 | Loss_bc2s: 1.993e-02 |  loss_ics_u: 4.202e-01 |  Loss_ut_ics: 1.078e-03 |  Time: 0.03
adaptive_constant_res_val: 1.455e-02
adaptive_constant_ics_val: 1.050e+00
adaptive_constant_bcs_val: -6.442e-02
It: 1270 |  Loss: -2.730e-02 |  Loss_res: 2.141e-04 |   Loss_bcs1: 3.914e-02 | Loss_bc2s: 1.685e-02 |  loss_ics_u: 3.742e-01 |  Loss_ut_ics: 3.884e-04 |  Time: 0.03
adaptive_constant_res_val: -1.098e-03
adaptive_constant_ics_val: 8.860e-01
adaptive_constant_bcs_val: 1.151e-01
It: 1280 |  Loss: 5.380e-02 |  Loss_res: 2.611e-04 |   Loss_bcs1: 3.827e-02 | Loss_bc2s: 1.824e-02 |  loss_ics_u: 4.096e-01 |  Loss_ut_ics: 1.684e-04 |  Time: 0.03
adaptive_constant_res_val: 3.974e-04
adaptive_constant_ics_val: 9.701e-01
adaptive_constant_bcs_val: 2.947e-02
It: 1290 |  Loss: 1.189e-02 |  Loss_res: 2.357e-04 |   Loss_bcs1: 4.034e-02 | Loss_bc2s: 1.773e-02 |  loss_ics_u: 3.407e-01 |  Loss_ut_ics: 1.411e-04 |  Time: 0.03
adaptive_constant_res_val: 2.022e-03
adaptive_constant_ics_val: 1.027e+00
adaptive_constant_bcs_val: -2.900e-02
It: 1300 |  Loss: -1.512e-02 |  Loss_res: 3.207e-04 |   Loss_bcs1: 3.930e-02 | Loss_bc2s: 1.851e-02 |  loss_ics_u: 4.671e-01 |  Loss_ut_ics: 9.461e-05 |  Time: 0.04
adaptive_constant_res_val: 8.058e-05
adaptive_constant_ics_val: 1.001e+00
adaptive_constant_bcs_val: -1.302e-03
It: 1310 |  Loss: -5.821e-04 |  Loss_res: 3.432e-04 |   Loss_bcs1: 4.047e-02 | Loss_bc2s: 1.810e-02 |  loss_ics_u: 4.348e-01 |  Loss_ut_ics: 6.004e-05 |  Time: 0.04
adaptive_constant_res_val: 1.984e-03
adaptive_constant_ics_val: 1.031e+00
adaptive_constant_bcs_val: -3.327e-02
It: 1320 |  Loss: -1.588e-02 |  Loss_res: 3.390e-04 |   Loss_bcs1: 3.968e-02 | Loss_bc2s: 1.864e-02 |  loss_ics_u: 4.206e-01 |  Loss_ut_ics: 5.243e-05 |  Time: 0.03
adaptive_constant_res_val: -1.296e-03
adaptive_constant_ics_val: 1.051e+00
adaptive_constant_bcs_val: -4.941e-02
It: 1330 |  Loss: -2.680e-02 |  Loss_res: 4.010e-04 |   Loss_bcs1: 3.908e-02 | Loss_bc2s: 1.828e-02 |  loss_ics_u: 4.865e-01 |  Loss_ut_ics: 6.689e-05 |  Time: 0.04
adaptive_constant_res_val: 3.726e-04
adaptive_constant_ics_val: 1.004e+00
adaptive_constant_bcs_val: -3.931e-03
It: 1340 |  Loss: -1.503e-03 |  Loss_res: 3.958e-04 |   Loss_bcs1: 3.799e-02 | Loss_bc2s: 1.654e-02 |  loss_ics_u: 3.519e-01 |  Loss_ut_ics: 9.449e-05 |  Time: 0.04
adaptive_constant_res_val: 2.321e-03
adaptive_constant_ics_val: 9.341e-01
adaptive_constant_bcs_val: 6.358e-02
It: 1350 |  Loss: 3.468e-02 |  Loss_res: 3.318e-04 |   Loss_bcs1: 3.728e-02 | Loss_bc2s: 1.792e-02 |  loss_ics_u: 4.895e-01 |  Loss_ut_ics: 4.746e-05 |  Time: 0.03
adaptive_constant_res_val: -1.421e-05
adaptive_constant_ics_val: 9.991e-01
adaptive_constant_bcs_val: 8.763e-04
It: 1360 |  Loss: 4.243e-04 |  Loss_res: 2.494e-04 |   Loss_bcs1: 3.858e-02 | Loss_bc2s: 1.840e-02 |  loss_ics_u: 3.789e-01 |  Loss_ut_ics: 4.243e-05 |  Time: 0.03
adaptive_constant_res_val: 9.404e-04
adaptive_constant_ics_val: 1.057e+00
adaptive_constant_bcs_val: -5.763e-02
It: 1370 |  Loss: -3.367e-02 |  Loss_res: 2.242e-04 |   Loss_bcs1: 3.875e-02 | Loss_bc2s: 1.984e-02 |  loss_ics_u: 5.262e-01 |  Loss_ut_ics: 3.461e-05 |  Time: 0.03
adaptive_constant_res_val: 1.679e-05
adaptive_constant_ics_val: 1.000e+00
adaptive_constant_bcs_val: -5.305e-05
It: 1380 |  Loss: 2.220e-05 |  Loss_res: 2.859e-04 |   Loss_bcs1: 3.814e-02 | Loss_bc2s: 1.842e-02 |  loss_ics_u: 3.291e-01 |  Loss_ut_ics: 4.266e-05 |  Time: 0.03
adaptive_constant_res_val: -6.035e-03
adaptive_constant_ics_val: 7.626e-01
adaptive_constant_bcs_val: 2.434e-01
It: 1390 |  Loss: 1.139e-01 |  Loss_res: 1.864e-04 |   Loss_bcs1: 4.138e-02 | Loss_bc2s: 2.089e-02 |  loss_ics_u: 4.054e-01 |  Loss_ut_ics: 1.061e-04 |  Time: 0.04
adaptive_constant_res_val: -3.814e-05
adaptive_constant_ics_val: 9.981e-01
adaptive_constant_bcs_val: 1.986e-03
It: 1400 |  Loss: 1.140e-03 |  Loss_res: 1.626e-04 |   Loss_bcs1: 3.967e-02 | Loss_bc2s: 2.239e-02 |  loss_ics_u: 3.551e-01 |  Loss_ut_ics: 3.117e-04 |  Time: 0.04
adaptive_constant_res_val: -1.837e-03
adaptive_constant_ics_val: 8.661e-01
adaptive_constant_bcs_val: 1.358e-01
It: 1410 |  Loss: 6.221e-02 |  Loss_res: 1.529e-04 |   Loss_bcs1: 4.139e-02 | Loss_bc2s: 2.294e-02 |  loss_ics_u: 3.916e-01 |  Loss_ut_ics: 3.699e-04 |  Time: 0.03
adaptive_constant_res_val: 6.779e-05
adaptive_constant_ics_val: 9.876e-01
adaptive_constant_bcs_val: 1.230e-02
It: 1420 |  Loss: 6.920e-03 |  Loss_res: 1.812e-04 |   Loss_bcs1: 4.174e-02 | Loss_bc2s: 2.244e-02 |  loss_ics_u: 4.709e-01 |  Loss_ut_ics: 3.445e-04 |  Time: 0.03
adaptive_constant_res_val: 5.978e-04
adaptive_constant_ics_val: 1.037e+00
adaptive_constant_bcs_val: -3.744e-02
It: 1430 |  Loss: -1.355e-02 |  Loss_res: 2.535e-04 |   Loss_bcs1: 3.887e-02 | Loss_bc2s: 2.101e-02 |  loss_ics_u: 3.069e-01 |  Loss_ut_ics: 1.757e-04 |  Time: 0.03
adaptive_constant_res_val: -1.747e-03
adaptive_constant_ics_val: 8.445e-01
adaptive_constant_bcs_val: 1.572e-01
It: 1440 |  Loss: 6.986e-02 |  Loss_res: 2.821e-04 |   Loss_bcs1: 3.758e-02 | Loss_bc2s: 2.345e-02 |  loss_ics_u: 3.824e-01 |  Loss_ut_ics: 1.490e-04 |  Time: 0.04
adaptive_constant_res_val: -1.660e-05
adaptive_constant_ics_val: 9.978e-01
adaptive_constant_bcs_val: 2.179e-03
It: 1450 |  Loss: 1.122e-03 |  Loss_res: 2.860e-04 |   Loss_bcs1: 4.149e-02 | Loss_bc2s: 2.234e-02 |  loss_ics_u: 3.935e-01 |  Loss_ut_ics: 1.257e-04 |  Time: 0.03
adaptive_constant_res_val: 7.641e-04
adaptive_constant_ics_val: 1.052e+00
adaptive_constant_bcs_val: -5.245e-02
It: 1460 |  Loss: -2.304e-02 |  Loss_res: 3.768e-04 |   Loss_bcs1: 4.009e-02 | Loss_bc2s: 2.382e-02 |  loss_ics_u: 3.762e-01 |  Loss_ut_ics: 4.570e-05 |  Time: 0.03
adaptive_constant_res_val: -3.636e-03
adaptive_constant_ics_val: 8.927e-01
adaptive_constant_bcs_val: 1.109e-01
It: 1470 |  Loss: 4.875e-02 |  Loss_res: 3.830e-04 |   Loss_bcs1: 4.022e-02 | Loss_bc2s: 2.384e-02 |  loss_ics_u: 3.750e-01 |  Loss_ut_ics: 4.362e-05 |  Time: 0.03
adaptive_constant_res_val: -4.492e-03
adaptive_constant_ics_val: 1.001e+00
adaptive_constant_bcs_val: 3.271e-03
It: 1480 |  Loss: 1.531e-03 |  Loss_res: 4.336e-04 |   Loss_bcs1: 4.318e-02 | Loss_bc2s: 2.333e-02 |  loss_ics_u: 3.859e-01 |  Loss_ut_ics: 5.303e-05 |  Time: 0.03
adaptive_constant_res_val: 2.750e-03
adaptive_constant_ics_val: 8.516e-01
adaptive_constant_bcs_val: 1.457e-01
It: 1490 |  Loss: 6.286e-02 |  Loss_res: 3.999e-04 |   Loss_bcs1: 4.375e-02 | Loss_bc2s: 2.579e-02 |  loss_ics_u: 3.612e-01 |  Loss_ut_ics: 1.333e-04 |  Time: 0.03
adaptive_constant_res_val: 3.454e-03
adaptive_constant_ics_val: 1.021e+00
adaptive_constant_bcs_val: -2.404e-02
It: 1500 |  Loss: -1.091e-02 |  Loss_res: 4.275e-04 |   Loss_bcs1: 4.119e-02 | Loss_bc2s: 2.378e-02 |  loss_ics_u: 3.950e-01 |  Loss_ut_ics: 1.431e-04 |  Time: 0.03
adaptive_constant_res_val: 6.265e-04
adaptive_constant_ics_val: 1.071e+00
adaptive_constant_bcs_val: -7.183e-02
It: 1510 |  Loss: -4.064e-02 |  Loss_res: 5.309e-04 |   Loss_bcs1: 4.328e-02 | Loss_bc2s: 2.395e-02 |  loss_ics_u: 4.990e-01 |  Loss_ut_ics: 2.686e-05 |  Time: 0.04
adaptive_constant_res_val: 5.119e-04
adaptive_constant_ics_val: 9.501e-01
adaptive_constant_bcs_val: 4.938e-02
It: 1520 |  Loss: 1.978e-02 |  Loss_res: 5.492e-04 |   Loss_bcs1: 3.965e-02 | Loss_bc2s: 2.426e-02 |  loss_ics_u: 3.364e-01 |  Loss_ut_ics: 1.576e-05 |  Time: 0.03
adaptive_constant_res_val: 3.559e-03
adaptive_constant_ics_val: 7.760e-01
adaptive_constant_bcs_val: 2.204e-01
It: 1530 |  Loss: 1.079e-01 |  Loss_res: 5.796e-04 |   Loss_bcs1: 4.432e-02 | Loss_bc2s: 2.290e-02 |  loss_ics_u: 4.217e-01 |  Loss_ut_ics: 1.217e-04 |  Time: 0.04
adaptive_constant_res_val: 4.081e-06
adaptive_constant_ics_val: 9.976e-01
adaptive_constant_bcs_val: 2.382e-03
It: 1540 |  Loss: 1.477e-03 |  Loss_res: 4.978e-04 |   Loss_bcs1: 4.562e-02 | Loss_bc2s: 2.515e-02 |  loss_ics_u: 4.336e-01 |  Loss_ut_ics: 2.759e-04 |  Time: 0.04
adaptive_constant_res_val: 3.195e-03
adaptive_constant_ics_val: 1.004e+00
adaptive_constant_bcs_val: -6.696e-03
It: 1550 |  Loss: -2.909e-03 |  Loss_res: 5.198e-04 |   Loss_bcs1: 4.205e-02 | Loss_bc2s: 2.504e-02 |  loss_ics_u: 3.953e-01 |  Loss_ut_ics: 1.849e-04 |  Time: 0.03
adaptive_constant_res_val: -2.803e-03
adaptive_constant_ics_val: 8.217e-01
adaptive_constant_bcs_val: 1.811e-01
It: 1560 |  Loss: 8.485e-02 |  Loss_res: 6.188e-04 |   Loss_bcs1: 4.238e-02 | Loss_bc2s: 2.769e-02 |  loss_ics_u: 3.974e-01 |  Loss_ut_ics: 2.298e-04 |  Time: 0.03
adaptive_constant_res_val: 1.134e-03
adaptive_constant_ics_val: 8.944e-01
adaptive_constant_bcs_val: 1.045e-01
It: 1570 |  Loss: 4.676e-02 |  Loss_res: 1.009e-03 |   Loss_bcs1: 4.261e-02 | Loss_bc2s: 2.707e-02 |  loss_ics_u: 3.740e-01 |  Loss_ut_ics: 4.258e-04 |  Time: 0.03
adaptive_constant_res_val: -1.291e-02
adaptive_constant_ics_val: 8.696e-01
adaptive_constant_bcs_val: 1.433e-01
It: 1580 |  Loss: 6.554e-02 |  Loss_res: 1.164e-03 |   Loss_bcs1: 4.303e-02 | Loss_bc2s: 3.248e-02 |  loss_ics_u: 3.785e-01 |  Loss_ut_ics: 5.420e-04 |  Time: 0.03
adaptive_constant_res_val: -5.463e-03
adaptive_constant_ics_val: 8.522e-01
adaptive_constant_bcs_val: 1.533e-01
It: 1590 |  Loss: 7.565e-02 |  Loss_res: 1.785e-03 |   Loss_bcs1: 4.410e-02 | Loss_bc2s: 2.971e-02 |  loss_ics_u: 4.159e-01 |  Loss_ut_ics: 6.777e-04 |  Time: 0.03
adaptive_constant_res_val: 1.190e-02
adaptive_constant_ics_val: 1.165e+00
adaptive_constant_bcs_val: -1.770e-01
It: 1600 |  Loss: -8.733e-02 |  Loss_res: 1.606e-03 |   Loss_bcs1: 4.555e-02 | Loss_bc2s: 2.896e-02 |  loss_ics_u: 4.204e-01 |  Loss_ut_ics: 1.997e-04 |  Time: 0.04
adaptive_constant_res_val: 3.556e-02
adaptive_constant_ics_val: 1.074e+00
adaptive_constant_bcs_val: -1.099e-01
It: 1610 |  Loss: -6.067e-02 |  Loss_res: 1.378e-03 |   Loss_bcs1: 4.518e-02 | Loss_bc2s: 2.580e-02 |  loss_ics_u: 4.819e-01 |  Loss_ut_ics: 5.247e-05 |  Time: 0.04
adaptive_constant_res_val: -4.932e-04
adaptive_constant_ics_val: 1.042e+00
adaptive_constant_bcs_val: -4.150e-02
It: 1620 |  Loss: -1.993e-02 |  Loss_res: 1.690e-03 |   Loss_bcs1: 4.580e-02 | Loss_bc2s: 2.461e-02 |  loss_ics_u: 4.171e-01 |  Loss_ut_ics: 2.857e-04 |  Time: 0.03
adaptive_constant_res_val: -1.692e-02
adaptive_constant_ics_val: 1.112e+00
adaptive_constant_bcs_val: -9.523e-02
It: 1630 |  Loss: -4.363e-02 |  Loss_res: 1.548e-03 |   Loss_bcs1: 4.438e-02 | Loss_bc2s: 2.248e-02 |  loss_ics_u: 3.955e-01 |  Loss_ut_ics: 3.854e-04 |  Time: 0.03
adaptive_constant_res_val: -7.181e-03
adaptive_constant_ics_val: 1.053e+00
adaptive_constant_bcs_val: -4.592e-02
It: 1640 |  Loss: -2.168e-02 |  Loss_res: 1.736e-03 |   Loss_bcs1: 4.458e-02 | Loss_bc2s: 2.177e-02 |  loss_ics_u: 4.125e-01 |  Loss_ut_ics: 3.012e-04 |  Time: 0.03
adaptive_constant_res_val: 5.536e-03
adaptive_constant_ics_val: 9.421e-01
adaptive_constant_bcs_val: 5.237e-02
It: 1650 |  Loss: 2.715e-02 |  Loss_res: 1.284e-03 |   Loss_bcs1: 4.270e-02 | Loss_bc2s: 2.451e-02 |  loss_ics_u: 4.499e-01 |  Loss_ut_ics: 6.808e-05 |  Time: 0.03
adaptive_constant_res_val: -2.487e-02
adaptive_constant_ics_val: 9.708e-01
adaptive_constant_bcs_val: 5.404e-02
It: 1660 |  Loss: 2.694e-02 |  Loss_res: 9.602e-04 |   Loss_bcs1: 4.313e-02 | Loss_bc2s: 2.440e-02 |  loss_ics_u: 4.312e-01 |  Loss_ut_ics: 1.384e-05 |  Time: 0.03
adaptive_constant_res_val: -3.989e-03
adaptive_constant_ics_val: 9.878e-01
adaptive_constant_bcs_val: 1.616e-02
It: 1670 |  Loss: 7.010e-03 |  Loss_res: 8.854e-04 |   Loss_bcs1: 4.422e-02 | Loss_bc2s: 2.345e-02 |  loss_ics_u: 3.624e-01 |  Loss_ut_ics: 6.460e-05 |  Time: 0.04
adaptive_constant_res_val: -8.244e-03
adaptive_constant_ics_val: 1.002e+00
adaptive_constant_bcs_val: 6.571e-03
It: 1680 |  Loss: 3.157e-03 |  Loss_res: 1.075e-03 |   Loss_bcs1: 4.219e-02 | Loss_bc2s: 2.596e-02 |  loss_ics_u: 4.051e-01 |  Loss_ut_ics: 5.599e-05 |  Time: 0.03
adaptive_constant_res_val: 7.806e-04
adaptive_constant_ics_val: 9.982e-01
adaptive_constant_bcs_val: 1.050e-03
It: 1690 |  Loss: 3.997e-04 |  Loss_res: 1.084e-03 |   Loss_bcs1: 4.365e-02 | Loss_bc2s: 2.445e-02 |  loss_ics_u: 2.854e-01 |  Loss_ut_ics: 2.767e-05 |  Time: 0.03
adaptive_constant_res_val: 5.527e-03
adaptive_constant_ics_val: 9.784e-01
adaptive_constant_bcs_val: 1.605e-02
It: 1700 |  Loss: 7.782e-03 |  Loss_res: 1.215e-03 |   Loss_bcs1: 4.452e-02 | Loss_bc2s: 2.582e-02 |  loss_ics_u: 4.133e-01 |  Loss_ut_ics: 1.246e-05 |  Time: 0.04
adaptive_constant_res_val: 4.178e-05
adaptive_constant_ics_val: 9.992e-01
adaptive_constant_bcs_val: 7.926e-04
It: 1710 |  Loss: 3.489e-04 |  Loss_res: 1.131e-03 |   Loss_bcs1: 4.422e-02 | Loss_bc2s: 2.473e-02 |  loss_ics_u: 3.548e-01 |  Loss_ut_ics: 1.299e-05 |  Time: 0.03
adaptive_constant_res_val: 6.594e-03
adaptive_constant_ics_val: 8.863e-01
adaptive_constant_bcs_val: 1.071e-01
It: 1720 |  Loss: 5.165e-02 |  Loss_res: 1.082e-03 |   Loss_bcs1: 4.398e-02 | Loss_bc2s: 2.522e-02 |  loss_ics_u: 4.126e-01 |  Loss_ut_ics: 5.118e-05 |  Time: 0.03
adaptive_constant_res_val: 9.492e-05
adaptive_constant_ics_val: 9.955e-01
adaptive_constant_bcs_val: 4.410e-03
It: 1730 |  Loss: 1.991e-03 |  Loss_res: 1.141e-03 |   Loss_bcs1: 4.322e-02 | Loss_bc2s: 2.812e-02 |  loss_ics_u: 3.622e-01 |  Loss_ut_ics: 7.863e-05 |  Time: 0.04
adaptive_constant_res_val: -3.102e-03
adaptive_constant_ics_val: 1.059e+00
adaptive_constant_bcs_val: -5.599e-02
It: 1740 |  Loss: -2.596e-02 |  Loss_res: 1.243e-03 |   Loss_bcs1: 4.556e-02 | Loss_bc2s: 2.733e-02 |  loss_ics_u: 3.911e-01 |  Loss_ut_ics: 2.165e-05 |  Time: 0.03
adaptive_constant_res_val: 2.498e-04
adaptive_constant_ics_val: 1.003e+00
adaptive_constant_bcs_val: -3.311e-03
It: 1750 |  Loss: -1.506e-03 |  Loss_res: 1.360e-03 |   Loss_bcs1: 4.293e-02 | Loss_bc2s: 2.509e-02 |  loss_ics_u: 3.905e-01 |  Loss_ut_ics: 1.193e-05 |  Time: 0.03
adaptive_constant_res_val: -5.433e-04
adaptive_constant_ics_val: 7.846e-01
adaptive_constant_bcs_val: 2.160e-01
It: 1760 |  Loss: 9.414e-02 |  Loss_res: 1.210e-03 |   Loss_bcs1: 4.663e-02 | Loss_bc2s: 2.770e-02 |  loss_ics_u: 3.613e-01 |  Loss_ut_ics: 7.345e-05 |  Time: 0.03
adaptive_constant_res_val: 2.892e-02
adaptive_constant_ics_val: 2.328e+00
adaptive_constant_bcs_val: -1.357e+00
It: 1770 |  Loss: -7.355e-01 |  Loss_res: 4.019e-03 |   Loss_bcs1: 4.079e-02 | Loss_bc2s: 1.735e-02 |  loss_ics_u: 4.893e-01 |  Loss_ut_ics: 3.029e-03 |  Time: 0.03
adaptive_constant_res_val: 3.908e-03
adaptive_constant_ics_val: 1.019e+00
adaptive_constant_bcs_val: -2.303e-02
It: 1780 |  Loss: -2.160e-03 |  Loss_res: 5.738e-03 |   Loss_bcs1: 3.641e-02 | Loss_bc2s: 1.069e-02 |  loss_ics_u: 4.613e-01 |  Loss_ut_ics: 9.347e-03 |  Time: 0.03
adaptive_constant_res_val: 3.743e-02
adaptive_constant_ics_val: 1.151e+00
adaptive_constant_bcs_val: -1.882e-01
It: 1790 |  Loss: -8.546e-02 |  Loss_res: 2.423e-03 |   Loss_bcs1: 3.387e-02 | Loss_bc2s: 9.626e-03 |  loss_ics_u: 4.437e-01 |  Loss_ut_ics: 5.364e-03 |  Time: 0.04
adaptive_constant_res_val: -1.411e+00
adaptive_constant_ics_val: 5.305e-02
adaptive_constant_bcs_val: 2.358e+00
It: 1800 |  Loss: 9.522e-01 |  Loss_res: 2.810e-02 |   Loss_bcs1: 5.302e-02 | Loss_bc2s: 3.561e-02 |  loss_ics_u: 3.319e-01 |  Loss_ut_ics: 6.294e-03 |  Time: 0.03
adaptive_constant_res_val: 4.750e-01
adaptive_constant_ics_val: -4.482e-01
adaptive_constant_bcs_val: 9.732e-01
It: 1810 |  Loss: 4.003e-01 |  Loss_res: 2.161e-02 |   Loss_bcs1: 5.064e-02 | Loss_bc2s: 4.660e-02 |  loss_ics_u: 3.174e-01 |  Loss_ut_ics: 3.015e-02 |  Time: 0.04
adaptive_constant_res_val: -6.635e-02
adaptive_constant_ics_val: 1.138e+00
adaptive_constant_bcs_val: -7.213e-02
It: 1820 |  Loss: 6.214e-03 |  Loss_res: 3.268e-03 |   Loss_bcs1: 4.153e-02 | Loss_bc2s: 4.460e-02 |  loss_ics_u: 3.078e-01 |  Loss_ut_ics: 3.060e-02 |  Time: 0.04
adaptive_constant_res_val: 2.498e-01
adaptive_constant_ics_val: 3.659e-01
adaptive_constant_bcs_val: 3.843e-01
It: 1830 |  Loss: 1.588e-01 |  Loss_res: 9.951e-04 |   Loss_bcs1: 3.647e-02 | Loss_bc2s: 3.888e-02 |  loss_ics_u: 3.150e-01 |  Loss_ut_ics: 2.339e-02 |  Time: 0.03
adaptive_constant_res_val: 6.435e-01
adaptive_constant_ics_val: 3.447e-01
adaptive_constant_bcs_val: 1.182e-02
It: 1840 |  Loss: 1.097e-02 |  Loss_res: 4.586e-04 |   Loss_bcs1: 4.323e-02 | Loss_bc2s: 3.065e-02 |  loss_ics_u: 3.148e-01 |  Loss_ut_ics: 1.765e-02 |  Time: 0.03
adaptive_constant_res_val: 2.763e-01
adaptive_constant_ics_val: -8.745e-01
adaptive_constant_bcs_val: 1.598e+00
It: 1850 |  Loss: 6.857e-01 |  Loss_res: 1.719e-03 |   Loss_bcs1: 4.805e-02 | Loss_bc2s: 3.379e-02 |  loss_ics_u: 3.661e-01 |  Loss_ut_ics: 3.510e-02 |  Time: 0.03
adaptive_constant_res_val: 1.078e-02
adaptive_constant_ics_val: 9.281e-01
adaptive_constant_bcs_val: 6.110e-02
It: 1860 |  Loss: 6.584e-02 |  Loss_res: 1.695e-03 |   Loss_bcs1: 5.177e-02 | Loss_bc2s: 3.976e-02 |  loss_ics_u: 3.164e-01 |  Loss_ut_ics: 4.406e-02 |  Time: 0.04
adaptive_constant_res_val: 3.504e-02
adaptive_constant_ics_val: 1.013e+00
adaptive_constant_bcs_val: -4.824e-02
It: 1870 |  Loss: 4.367e-03 |  Loss_res: 1.108e-03 |   Loss_bcs1: 5.715e-02 | Loss_bc2s: 2.696e-02 |  loss_ics_u: 3.753e-01 |  Loss_ut_ics: 2.614e-02 |  Time: 0.03
adaptive_constant_res_val: -3.303e-03
adaptive_constant_ics_val: 1.088e+00
adaptive_constant_bcs_val: -8.485e-02
It: 1880 |  Loss: -2.763e-02 |  Loss_res: 7.804e-03 |   Loss_bcs1: 5.563e-02 | Loss_bc2s: 2.071e-02 |  loss_ics_u: 3.647e-01 |  Loss_ut_ics: 9.023e-03 |  Time: 0.03
adaptive_constant_res_val: -2.891e-01
adaptive_constant_ics_val: 1.276e+00
adaptive_constant_bcs_val: 1.351e-02
It: 1890 |  Loss: -1.412e-02 |  Loss_res: 7.616e-02 |   Loss_bcs1: 5.511e-02 | Loss_bc2s: 1.160e-02 |  loss_ics_u: 4.503e-01 |  Loss_ut_ics: 7.161e-04 |  Time: 0.04
adaptive_constant_res_val: 2.770e-01
adaptive_constant_ics_val: 7.274e-01
adaptive_constant_bcs_val: -4.406e-03
It: 1900 |  Loss: 1.141e-02 |  Loss_res: 4.765e-02 |   Loss_bcs1: 5.396e-02 | Loss_bc2s: 5.740e-03 |  loss_ics_u: 3.699e-01 |  Loss_ut_ics: 1.470e-04 |  Time: 0.03
adaptive_constant_res_val: 5.521e-01
adaptive_constant_ics_val: 4.882e-01
adaptive_constant_bcs_val: -4.039e-02
It: 1910 |  Loss: -1.035e-02 |  Loss_res: 1.163e-02 |   Loss_bcs1: 4.624e-02 | Loss_bc2s: 2.723e-03 |  loss_ics_u: 3.684e-01 |  Loss_ut_ics: 1.642e-04 |  Time: 0.03
adaptive_constant_res_val: -4.210e-02
adaptive_constant_ics_val: 1.064e+00
adaptive_constant_bcs_val: -2.172e-02
It: 1920 |  Loss: -1.333e-02 |  Loss_res: 4.559e-02 |   Loss_bcs1: 4.137e-02 | Loss_bc2s: 1.668e-03 |  loss_ics_u: 4.880e-01 |  Loss_ut_ics: 1.117e-04 |  Time: 0.03
adaptive_constant_res_val: 2.551e-01
adaptive_constant_ics_val: 7.357e-01
adaptive_constant_bcs_val: 9.152e-03
It: 1930 |  Loss: 6.027e-03 |  Loss_res: 6.204e-03 |   Loss_bcs1: 3.797e-02 | Loss_bc2s: 2.294e-03 |  loss_ics_u: 4.360e-01 |  Loss_ut_ics: 1.173e-04 |  Time: 0.04
adaptive_constant_res_val: 5.605e-01
adaptive_constant_ics_val: 4.911e-01
adaptive_constant_bcs_val: -5.162e-02
It: 1940 |  Loss: -2.129e-02 |  Loss_res: 3.065e-03 |   Loss_bcs1: 3.391e-02 | Loss_bc2s: 3.167e-03 |  loss_ics_u: 4.111e-01 |  Loss_ut_ics: 2.582e-04 |  Time: 0.03
adaptive_constant_res_val: 5.950e-01
adaptive_constant_ics_val: 4.097e-01
adaptive_constant_bcs_val: -4.680e-03
It: 1950 |  Loss: -2.162e-03 |  Loss_res: 4.057e-04 |   Loss_bcs1: 3.090e-02 | Loss_bc2s: 2.972e-03 |  loss_ics_u: 4.944e-01 |  Loss_ut_ics: 1.680e-04 |  Time: 0.03
adaptive_constant_res_val: 1.514e-03
adaptive_constant_ics_val: 9.986e-01
adaptive_constant_bcs_val: -6.903e-05
It: 1960 |  Loss: 3.402e-05 |  Loss_res: 1.225e-03 |   Loss_bcs1: 3.015e-02 | Loss_bc2s: 3.347e-03 |  loss_ics_u: 3.759e-01 |  Loss_ut_ics: 6.052e-05 |  Time: 0.03
adaptive_constant_res_val: -1.775e-01
adaptive_constant_ics_val: 1.321e+00
adaptive_constant_bcs_val: -1.438e-01
It: 1970 |  Loss: -7.984e-02 |  Loss_res: 4.444e-03 |   Loss_bcs1: 2.765e-02 | Loss_bc2s: 1.789e-03 |  loss_ics_u: 5.221e-01 |  Loss_ut_ics: 2.144e-04 |  Time: 0.04
adaptive_constant_res_val: 6.555e-04
adaptive_constant_ics_val: 1.000e+00
adaptive_constant_bcs_val: -9.463e-04
It: 1980 |  Loss: -5.903e-05 |  Loss_res: 9.415e-03 |   Loss_bcs1: 2.538e-02 | Loss_bc2s: 9.939e-04 |  loss_ics_u: 4.202e-01 |  Loss_ut_ics: 3.573e-04 |  Time: 0.04
adaptive_constant_res_val: -9.914e-02
adaptive_constant_ics_val: 1.155e+00
adaptive_constant_bcs_val: -5.566e-02
It: 1990 |  Loss: -3.195e-02 |  Loss_res: 2.018e-02 |   Loss_bcs1: 2.442e-02 | Loss_bc2s: 5.844e-04 |  loss_ics_u: 5.192e-01 |  Loss_ut_ics: 2.959e-04 |  Time: 0.04
adaptive_constant_res_val: 4.092e-03
adaptive_constant_ics_val: 9.948e-01
adaptive_constant_bcs_val: 1.148e-03
It: 2000 |  Loss: 7.704e-04 |  Loss_res: 3.271e-02 |   Loss_bcs1: 2.364e-02 | Loss_bc2s: 5.418e-04 |  loss_ics_u: 4.104e-01 |  Loss_ut_ics: 1.384e-04 |  Time: 0.03
adaptive_constant_res_val: -7.634e-02
adaptive_constant_ics_val: 1.100e+00
adaptive_constant_bcs_val: -2.344e-02
It: 2010 |  Loss: -1.705e-02 |  Loss_res: 6.626e-02 |   Loss_bcs1: 2.167e-02 | Loss_bc2s: 5.320e-04 |  loss_ics_u: 4.916e-01 |  Loss_ut_ics: 4.374e-05 |  Time: 0.03
adaptive_constant_res_val: 1.999e-02
adaptive_constant_ics_val: 9.809e-01
adaptive_constant_bcs_val: -8.870e-04
It: 2020 |  Loss: 1.494e-03 |  Loss_res: 9.608e-02 |   Loss_bcs1: 2.187e-02 | Loss_bc2s: 4.316e-04 |  loss_ics_u: 4.725e-01 |  Loss_ut_ics: 1.323e-05 |  Time: 0.03
adaptive_constant_res_val: 9.377e-02
adaptive_constant_ics_val: 9.618e-01
adaptive_constant_bcs_val: -5.558e-02
It: 2030 |  Loss: -2.585e-02 |  Loss_res: 3.370e-02 |   Loss_bcs1: 2.102e-02 | Loss_bc2s: 1.950e-04 |  loss_ics_u: 5.026e-01 |  Loss_ut_ics: 1.069e-04 |  Time: 0.04
adaptive_constant_res_val: -8.485e-01
adaptive_constant_ics_val: 1.876e+00
adaptive_constant_bcs_val: -2.710e-02
It: 2040 |  Loss: -6.682e+00 |  Loss_res: 7.860e+00 |   Loss_bcs1: 5.633e-03 | Loss_bc2s: 1.168e-05 |  loss_ics_u: 4.969e-01 |  Loss_ut_ics: 4.218e-04 |  Time: 0.04
adaptive_constant_res_val: 1.000e+00
adaptive_constant_ics_val: -1.739e-37
adaptive_constant_bcs_val: -8.730e-38
It: 2050 |  Loss: 1.257e-01 |  Loss_res: 1.257e-01 |   Loss_bcs1: 1.172e-03 | Loss_bc2s: 5.499e-04 |  loss_ics_u: 7.086e-01 |  Loss_ut_ics: 2.453e-03 |  Time: 0.03
adaptive_constant_res_val: -2.080e-67
adaptive_constant_ics_val: 9.934e-01
adaptive_constant_bcs_val: 6.625e-03
It: 2060 |  Loss: 1.067e-02 |  Loss_res: 3.680e-03 |   Loss_bcs1: 2.146e-02 | Loss_bc2s: 7.693e-04 |  loss_ics_u: 7.154e-01 |  Loss_ut_ics: 5.819e-03 |  Time: 0.03
adaptive_constant_res_val: 1.000e+00
adaptive_constant_ics_val: -3.041e-36
adaptive_constant_bcs_val: 3.571e-36
It: 2070 |  Loss: 4.293e-03 |  Loss_res: 4.293e-03 |   Loss_bcs1: 2.015e-02 | Loss_bc2s: 8.846e-04 |  loss_ics_u: 7.304e-01 |  Loss_ut_ics: 4.771e-03 |  Time: 0.03
adaptive_constant_res_val: 1.033e+00
adaptive_constant_ics_val: 1.005e-02
adaptive_constant_bcs_val: -4.321e-02
It: 2080 |  Loss: -3.157e-02 |  Loss_res: 2.081e-03 |   Loss_bcs1: 1.628e-02 | Loss_bc2s: 2.845e-04 |  loss_ics_u: 7.651e-01 |  Loss_ut_ics: 5.459e-03 |  Time: 0.03
adaptive_constant_res_val: -1.338e-01
adaptive_constant_ics_val: 1.288e+00
adaptive_constant_bcs_val: -1.546e-01
It: 2090 |  Loss: -1.119e-01 |  Loss_res: 2.500e-03 |   Loss_bcs1: 2.696e-02 | Loss_bc2s: 4.119e-04 |  loss_ics_u: 7.528e-01 |  Loss_ut_ics: 6.998e-03 |  Time: 0.03
adaptive_constant_res_val: -3.157e-01
adaptive_constant_ics_val: 3.398e+00
adaptive_constant_bcs_val: -2.082e+00
It: 2100 |  Loss: -2.205e+02 |  Loss_res: 1.956e+02 |   Loss_bcs1: 3.182e+01 | Loss_bc2s: 9.462e+00 |  loss_ics_u: 3.784e+01 |  Loss_ut_ics: 1.771e+00 |  Time: 0.03
adaptive_constant_res_val: nan
adaptive_constant_ics_val: 0.000e+00
adaptive_constant_bcs_val: 0.000e+00
It: 2110 |  Loss: nan |  Loss_res: nan |   Loss_bcs1: nan | Loss_bc2s: nan |  loss_ics_u: nan |  Loss_ut_ics: nan |  Time: 0.03
adaptive_constant_res_val: nan
adaptive_constant_ics_val: nan
adaptive_constant_bcs_val: nan
It: 2120 |  Loss: nan |  Loss_res: nan |   Loss_bcs1: nan | Loss_bc2s: nan |  loss_ics_u: nan |  Loss_ut_ics: nan |  Time: 0.03
adaptive_constant_res_val: nan
adaptive_constant_ics_val: nan
adaptive_constant_bcs_val: nan
It: 2130 |  Loss: nan |  Loss_res: nan |   Loss_bcs1: nan | Loss_bc2s: nan |  loss_ics_u: nan |  Loss_ut_ics: nan |  Time: 0.03
adaptive_constant_res_val: nan
adaptive_constant_ics_val: nan
adaptive_constant_bcs_val: nan
It: 2140 |  Loss: nan |  Loss_res: nan |   Loss_bcs1: nan | Loss_bc2s: nan |  loss_ics_u: nan |  Loss_ut_ics: nan |  Time: 0.03
adaptive_constant_res_val: nan
adaptive_constant_ics_val: nan
adaptive_constant_bcs_val: nan
It: 2150 |  Loss: nan |  Loss_res: nan |   Loss_bcs1: nan | Loss_bc2s: nan |  loss_ics_u: nan |  Loss_ut_ics: nan |  Time: 0.03
adaptive_constant_res_val: nan
adaptive_constant_ics_val: nan
adaptive_constant_bcs_val: nan
It: 2160 |  Loss: nan |  Loss_res: nan |   Loss_bcs1: nan | Loss_bc2s: nan |  loss_ics_u: nan |  Loss_ut_ics: nan |  Time: 0.04
adaptive_constant_res_val: nan
adaptive_constant_ics_val: nan
adaptive_constant_bcs_val: nan
It: 2170 |  Loss: nan |  Loss_res: nan |   Loss_bcs1: nan | Loss_bc2s: nan |  loss_ics_u: nan |  Loss_ut_ics: nan |  Time: 0.04
adaptive_constant_res_val: nan
adaptive_constant_ics_val: nan
adaptive_constant_bcs_val: nan
