It: 0, Loss: 1.187e+04, Loss_bcs: 4.600e-01, Loss_res: 1.187e+04 ,Time: 0.32
update_res: nan
update_bcs1: 0.000e+00
Gradients information stored ...
It: 100, Loss: 1.172e+04, Loss_bcs: 3.697e-01, Loss_res: 1.171e+04 ,Time: 0.00
update_res: nan
update_bcs1: 0.000e+00
Gradients information stored ...
It: 200, Loss: 1.156e+04, Loss_bcs: 3.037e-01, Loss_res: 1.156e+04 ,Time: 0.00
update_res: nan
update_bcs1: 0.000e+00
It: 300, Loss: 1.141e+04, Loss_bcs: 2.595e-01, Loss_res: 1.141e+04 ,Time: 0.00
update_res: nan
update_bcs1: 0.000e+00
It: 400, Loss: 1.126e+04, Loss_bcs: 2.358e-01, Loss_res: 1.126e+04 ,Time: 0.00
update_res: nan
update_bcs1: 0.000e+00
It: 500, Loss: 1.111e+04, Loss_bcs: 2.322e-01, Loss_res: 1.111e+04 ,Time: 0.00
update_res: nan
update_bcs1: 0.000e+00
It: 600, Loss: 1.097e+04, Loss_bcs: 2.479e-01, Loss_res: 1.097e+04 ,Time: 0.00
update_res: nan
update_bcs1: 0.000e+00
It: 700, Loss: 1.083e+04, Loss_bcs: 2.817e-01, Loss_res: 1.083e+04 ,Time: 0.00
update_res: nan
update_bcs1: 0.000e+00
It: 800, Loss: 1.069e+04, Loss_bcs: 3.326e-01, Loss_res: 1.069e+04 ,Time: 0.00
update_res: nan
update_bcs1: 0.000e+00
It: 900, Loss: 1.055e+04, Loss_bcs: 3.994e-01, Loss_res: 1.055e+04 ,Time: 0.00
update_res: nan
update_bcs1: 0.000e+00
It: 1000, Loss: 1.042e+04, Loss_bcs: 4.813e-01, Loss_res: 1.042e+04 ,Time: 0.00
update_res: nan
update_bcs1: 0.000e+00
Gradients information stored ...
It: 1100, Loss: 1.029e+04, Loss_bcs: 5.774e-01, Loss_res: 1.029e+04 ,Time: 0.00
update_res: nan
update_bcs1: 0.000e+00
It: 1200, Loss: 1.016e+04, Loss_bcs: 6.871e-01, Loss_res: 1.016e+04 ,Time: 0.00
update_res: nan
update_bcs1: 0.000e+00
It: 1300, Loss: 1.003e+04, Loss_bcs: 8.097e-01, Loss_res: 1.003e+04 ,Time: 0.00
update_res: nan
update_bcs1: 0.000e+00
It: 1400, Loss: 9.907e+03, Loss_bcs: 9.448e-01, Loss_res: 9.906e+03 ,Time: 0.00
update_res: nan
update_bcs1: 0.000e+00
It: 1500, Loss: 9.785e+03, Loss_bcs: 1.092e+00, Loss_res: 9.784e+03 ,Time: 0.00
update_res: nan
update_bcs1: 0.000e+00
It: 1600, Loss: 9.664e+03, Loss_bcs: 1.251e+00, Loss_res: 9.663e+03 ,Time: 0.00
update_res: nan
update_bcs1: 0.000e+00
It: 1700, Loss: 9.546e+03, Loss_bcs: 1.421e+00, Loss_res: 9.545e+03 ,Time: 0.00
update_res: nan
update_bcs1: 0.000e+00
It: 1800, Loss: 9.429e+03, Loss_bcs: 1.601e+00, Loss_res: 9.428e+03 ,Time: 0.00
update_res: nan
update_bcs1: 0.000e+00
It: 1900, Loss: 9.315e+03, Loss_bcs: 1.792e+00, Loss_res: 9.313e+03 ,Time: 0.00
update_res: nan
update_bcs1: 0.000e+00
It: 2000, Loss: 9.202e+03, Loss_bcs: 1.993e+00, Loss_res: 9.200e+03 ,Time: 0.00
update_res: nan
update_bcs1: 0.000e+00
It: 2100, Loss: 9.091e+03, Loss_bcs: 2.204e+00, Loss_res: 9.089e+03 ,Time: 0.00
update_res: nan
update_bcs1: 0.000e+00
It: 2200, Loss: 8.982e+03, Loss_bcs: 2.424e+00, Loss_res: 8.979e+03 ,Time: 0.00
update_res: nan
update_bcs1: 0.000e+00
It: 2300, Loss: 8.874e+03, Loss_bcs: 2.653e+00, Loss_res: 8.872e+03 ,Time: 0.00
update_res: nan
update_bcs1: 0.000e+00
It: 2400, Loss: 8.768e+03, Loss_bcs: 2.892e+00, Loss_res: 8.765e+03 ,Time: 0.00
update_res: nan
update_bcs1: 0.000e+00
It: 2500, Loss: 8.664e+03, Loss_bcs: 3.139e+00, Loss_res: 8.661e+03 ,Time: 0.01
update_res: nan
update_bcs1: 0.000e+00
It: 2600, Loss: 8.562e+03, Loss_bcs: 3.394e+00, Loss_res: 8.558e+03 ,Time: 0.00
update_res: nan
update_bcs1: 0.000e+00
It: 2700, Loss: 8.461e+03, Loss_bcs: 3.658e+00, Loss_res: 8.457e+03 ,Time: 0.00
update_res: nan
update_bcs1: 0.000e+00
It: 2800, Loss: 8.361e+03, Loss_bcs: 3.930e+00, Loss_res: 8.357e+03 ,Time: 0.00
update_res: nan
update_bcs1: 0.000e+00
It: 2900, Loss: 8.263e+03, Loss_bcs: 4.210e+00, Loss_res: 8.259e+03 ,Time: 0.00
update_res: nan
update_bcs1: 0.000e+00
It: 3000, Loss: 8.167e+03, Loss_bcs: 4.497e+00, Loss_res: 8.162e+03 ,Time: 0.00
update_res: nan
update_bcs1: 0.000e+00
It: 3100, Loss: 8.072e+03, Loss_bcs: 4.791e+00, Loss_res: 8.067e+03 ,Time: 0.00
update_res: nan
update_bcs1: 0.000e+00
It: 3200, Loss: 7.978e+03, Loss_bcs: 5.092e+00, Loss_res: 7.973e+03 ,Time: 0.00
update_res: nan
update_bcs1: 0.000e+00
It: 3300, Loss: 7.886e+03, Loss_bcs: 5.400e+00, Loss_res: 7.881e+03 ,Time: 0.00
update_res: nan
update_bcs1: 0.000e+00
It: 3400, Loss: 7.795e+03, Loss_bcs: 5.713e+00, Loss_res: 7.790e+03 ,Time: 0.00
update_res: nan
update_bcs1: 0.000e+00
It: 3500, Loss: 7.706e+03, Loss_bcs: 6.032e+00, Loss_res: 7.700e+03 ,Time: 0.00
update_res: nan
update_bcs1: 0.000e+00
It: 3600, Loss: 7.618e+03, Loss_bcs: 6.357e+00, Loss_res: 7.612e+03 ,Time: 0.00
update_res: nan
update_bcs1: 0.000e+00
It: 3700, Loss: 7.531e+03, Loss_bcs: 6.686e+00, Loss_res: 7.525e+03 ,Time: 0.00
update_res: nan
update_bcs1: 0.000e+00
It: 3800, Loss: 7.446e+03, Loss_bcs: 7.020e+00, Loss_res: 7.439e+03 ,Time: 0.00
update_res: nan
update_bcs1: 0.000e+00
It: 3900, Loss: 7.362e+03, Loss_bcs: 7.358e+00, Loss_res: 7.354e+03 ,Time: 0.00
update_res: nan
update_bcs1: 0.000e+00
It: 4000, Loss: 7.279e+03, Loss_bcs: 7.700e+00, Loss_res: 7.271e+03 ,Time: 0.00
update_res: nan
update_bcs1: 0.000e+00
It: 4100, Loss: 7.197e+03, Loss_bcs: 8.046e+00, Loss_res: 7.189e+03 ,Time: 0.00
update_res: nan
update_bcs1: 0.000e+00
It: 4200, Loss: 7.117e+03, Loss_bcs: 8.395e+00, Loss_res: 7.108e+03 ,Time: 0.00
update_res: nan
update_bcs1: 0.000e+00
It: 4300, Loss: 7.037e+03, Loss_bcs: 8.747e+00, Loss_res: 7.029e+03 ,Time: 0.00
update_res: nan
update_bcs1: 0.000e+00
It: 4400, Loss: 6.959e+03, Loss_bcs: 9.103e+00, Loss_res: 6.950e+03 ,Time: 0.00
update_res: nan
update_bcs1: 0.000e+00
It: 4500, Loss: 6.883e+03, Loss_bcs: 9.461e+00, Loss_res: 6.873e+03 ,Time: 0.00
update_res: nan
update_bcs1: 0.000e+00
It: 4600, Loss: 6.807e+03, Loss_bcs: 9.823e+00, Loss_res: 6.797e+03 ,Time: 0.00
update_res: nan
update_bcs1: 0.000e+00
It: 4700, Loss: 6.732e+03, Loss_bcs: 1.019e+01, Loss_res: 6.722e+03 ,Time: 0.00
update_res: nan
update_bcs1: 0.000e+00
It: 4800, Loss: 6.659e+03, Loss_bcs: 1.055e+01, Loss_res: 6.648e+03 ,Time: 0.00
update_res: nan
update_bcs1: 0.000e+00
It: 4900, Loss: 6.586e+03, Loss_bcs: 1.092e+01, Loss_res: 6.575e+03 ,Time: 0.00
update_res: nan
update_bcs1: 0.000e+00
It: 5000, Loss: 6.515e+03, Loss_bcs: 1.129e+01, Loss_res: 6.504e+03 ,Time: 0.00
update_res: nan
update_bcs1: 0.000e+00
It: 5100, Loss: 6.445e+03, Loss_bcs: 1.167e+01, Loss_res: 6.433e+03 ,Time: 0.00
update_res: nan
update_bcs1: 0.000e+00
It: 5200, Loss: 6.375e+03, Loss_bcs: 1.204e+01, Loss_res: 6.363e+03 ,Time: 0.00
update_res: nan
update_bcs1: 0.000e+00
It: 5300, Loss: 6.307e+03, Loss_bcs: 1.242e+01, Loss_res: 6.295e+03 ,Time: 0.00
update_res: nan
update_bcs1: 0.000e+00
It: 5400, Loss: 6.240e+03, Loss_bcs: 1.280e+01, Loss_res: 6.227e+03 ,Time: 0.00
update_res: nan
update_bcs1: 0.000e+00
It: 5500, Loss: 6.174e+03, Loss_bcs: 1.318e+01, Loss_res: 6.161e+03 ,Time: 0.00
update_res: nan
update_bcs1: 0.000e+00
It: 5600, Loss: 6.109e+03, Loss_bcs: 1.356e+01, Loss_res: 6.095e+03 ,Time: 0.00
update_res: nan
update_bcs1: 0.000e+00
It: 5700, Loss: 6.044e+03, Loss_bcs: 1.394e+01, Loss_res: 6.030e+03 ,Time: 0.00
update_res: nan
update_bcs1: 0.000e+00
It: 5800, Loss: 5.981e+03, Loss_bcs: 1.433e+01, Loss_res: 5.967e+03 ,Time: 0.01
update_res: nan
update_bcs1: 0.000e+00
It: 5900, Loss: 5.919e+03, Loss_bcs: 1.471e+01, Loss_res: 5.904e+03 ,Time: 0.01
update_res: nan
update_bcs1: 0.000e+00
It: 6000, Loss: 5.857e+03, Loss_bcs: 1.510e+01, Loss_res: 5.842e+03 ,Time: 0.00
update_res: nan
update_bcs1: 0.000e+00
It: 6100, Loss: 5.797e+03, Loss_bcs: 1.549e+01, Loss_res: 5.781e+03 ,Time: 0.00
update_res: nan
update_bcs1: 0.000e+00
It: 6200, Loss: 5.737e+03, Loss_bcs: 1.588e+01, Loss_res: 5.721e+03 ,Time: 0.00
update_res: nan
update_bcs1: 0.000e+00
It: 6300, Loss: 5.678e+03, Loss_bcs: 1.627e+01, Loss_res: 5.662e+03 ,Time: 0.00
update_res: nan
update_bcs1: 0.000e+00
It: 6400, Loss: 5.620e+03, Loss_bcs: 1.666e+01, Loss_res: 5.604e+03 ,Time: 0.00
update_res: nan
update_bcs1: 0.000e+00
It: 6500, Loss: 5.563e+03, Loss_bcs: 1.705e+01, Loss_res: 5.546e+03 ,Time: 0.00
update_res: nan
update_bcs1: 0.000e+00
It: 6600, Loss: 5.507e+03, Loss_bcs: 1.744e+01, Loss_res: 5.490e+03 ,Time: 0.00
update_res: nan
update_bcs1: 0.000e+00
It: 6700, Loss: 5.452e+03, Loss_bcs: 1.783e+01, Loss_res: 5.434e+03 ,Time: 0.00
update_res: nan
update_bcs1: 0.000e+00
It: 6800, Loss: 5.397e+03, Loss_bcs: 1.822e+01, Loss_res: 5.379e+03 ,Time: 0.00
update_res: nan
update_bcs1: 0.000e+00
It: 6900, Loss: 5.343e+03, Loss_bcs: 1.862e+01, Loss_res: 5.325e+03 ,Time: 0.00
update_res: nan
update_bcs1: 0.000e+00
It: 7000, Loss: 5.290e+03, Loss_bcs: 1.901e+01, Loss_res: 5.271e+03 ,Time: 0.00
update_res: nan
update_bcs1: 0.000e+00
It: 7100, Loss: 5.238e+03, Loss_bcs: 1.940e+01, Loss_res: 5.219e+03 ,Time: 0.00
update_res: nan
update_bcs1: 0.000e+00
It: 7200, Loss: 5.187e+03, Loss_bcs: 1.980e+01, Loss_res: 5.167e+03 ,Time: 0.00
update_res: nan
update_bcs1: 0.000e+00
It: 7300, Loss: 5.136e+03, Loss_bcs: 2.019e+01, Loss_res: 5.116e+03 ,Time: 0.00
update_res: nan
update_bcs1: 0.000e+00
It: 7400, Loss: 5.086e+03, Loss_bcs: 2.059e+01, Loss_res: 5.066e+03 ,Time: 0.00
update_res: nan
update_bcs1: 0.000e+00
It: 7500, Loss: 5.037e+03, Loss_bcs: 2.098e+01, Loss_res: 5.016e+03 ,Time: 0.00
update_res: nan
update_bcs1: 0.000e+00
It: 7600, Loss: 4.989e+03, Loss_bcs: 2.137e+01, Loss_res: 4.967e+03 ,Time: 0.00
update_res: nan
update_bcs1: 0.000e+00
It: 7700, Loss: 4.941e+03, Loss_bcs: 2.176e+01, Loss_res: 4.919e+03 ,Time: 0.00
update_res: nan
update_bcs1: 0.000e+00
It: 7800, Loss: 4.894e+03, Loss_bcs: 2.216e+01, Loss_res: 4.872e+03 ,Time: 0.00
update_res: nan
update_bcs1: 0.000e+00
It: 7900, Loss: 4.848e+03, Loss_bcs: 2.255e+01, Loss_res: 4.825e+03 ,Time: 0.05
update_res: nan
update_bcs1: 0.000e+00
It: 8000, Loss: 4.802e+03, Loss_bcs: 2.294e+01, Loss_res: 4.779e+03 ,Time: 0.00
update_res: nan
update_bcs1: 0.000e+00
It: 8100, Loss: 4.757e+03, Loss_bcs: 2.333e+01, Loss_res: 4.734e+03 ,Time: 0.00
update_res: nan
update_bcs1: 0.000e+00
It: 8200, Loss: 4.713e+03, Loss_bcs: 2.371e+01, Loss_res: 4.689e+03 ,Time: 0.00
update_res: nan
update_bcs1: 0.000e+00
It: 8300, Loss: 4.669e+03, Loss_bcs: 2.410e+01, Loss_res: 4.645e+03 ,Time: 0.00
update_res: nan
update_bcs1: 0.000e+00
It: 8400, Loss: 4.626e+03, Loss_bcs: 2.449e+01, Loss_res: 4.602e+03 ,Time: 0.00
update_res: nan
update_bcs1: 0.000e+00
It: 8500, Loss: 4.584e+03, Loss_bcs: 2.487e+01, Loss_res: 4.559e+03 ,Time: 0.00
update_res: nan
update_bcs1: 0.000e+00
It: 8600, Loss: 4.542e+03, Loss_bcs: 2.525e+01, Loss_res: 4.517e+03 ,Time: 0.00
update_res: nan
update_bcs1: 0.000e+00
It: 8700, Loss: 4.501e+03, Loss_bcs: 2.563e+01, Loss_res: 4.475e+03 ,Time: 0.00
update_res: nan
update_bcs1: 0.000e+00
It: 8800, Loss: 4.460e+03, Loss_bcs: 2.601e+01, Loss_res: 4.434e+03 ,Time: 0.00
update_res: nan
update_bcs1: 0.000e+00
It: 8900, Loss: 4.420e+03, Loss_bcs: 2.639e+01, Loss_res: 4.394e+03 ,Time: 0.00
update_res: nan
update_bcs1: 0.000e+00
It: 9000, Loss: 4.381e+03, Loss_bcs: 2.677e+01, Loss_res: 4.354e+03 ,Time: 0.00
update_res: nan
update_bcs1: 0.000e+00
It: 9100, Loss: 4.342e+03, Loss_bcs: 2.714e+01, Loss_res: 4.315e+03 ,Time: 0.00
update_res: nan
update_bcs1: 0.000e+00
It: 9200, Loss: 4.304e+03, Loss_bcs: 2.752e+01, Loss_res: 4.277e+03 ,Time: 0.00
update_res: nan
update_bcs1: 0.000e+00
It: 9300, Loss: 4.267e+03, Loss_bcs: 2.789e+01, Loss_res: 4.239e+03 ,Time: 0.00
update_res: nan
update_bcs1: 0.000e+00
It: 9400, Loss: 4.230e+03, Loss_bcs: 2.826e+01, Loss_res: 4.202e+03 ,Time: 0.00
update_res: nan
update_bcs1: 0.000e+00
It: 9500, Loss: 4.193e+03, Loss_bcs: 2.863e+01, Loss_res: 4.165e+03 ,Time: 0.00
update_res: nan
update_bcs1: 0.000e+00
It: 9600, Loss: 4.157e+03, Loss_bcs: 2.899e+01, Loss_res: 4.128e+03 ,Time: 0.00
update_res: nan
update_bcs1: 0.000e+00
It: 9700, Loss: 4.122e+03, Loss_bcs: 2.936e+01, Loss_res: 4.093e+03 ,Time: 0.00
update_res: nan
update_bcs1: 0.000e+00
It: 9800, Loss: 4.087e+03, Loss_bcs: 2.972e+01, Loss_res: 4.057e+03 ,Time: 0.00
update_res: nan
update_bcs1: 0.000e+00
It: 9900, Loss: 4.053e+03, Loss_bcs: 3.008e+01, Loss_res: 4.023e+03 ,Time: 0.00
update_res: nan
update_bcs1: 0.000e+00
It: 10000, Loss: 4.019e+03, Loss_bcs: 3.044e+01, Loss_res: 3.989e+03 ,Time: 0.00
update_res: nan
update_bcs1: 0.000e+00
It: 10100, Loss: 3.986e+03, Loss_bcs: 3.080e+01, Loss_res: 3.955e+03 ,Time: 0.00
update_res: nan
update_bcs1: 0.000e+00
It: 10200, Loss: 3.953e+03, Loss_bcs: 3.115e+01, Loss_res: 3.922e+03 ,Time: 0.00
update_res: nan
update_bcs1: 0.000e+00
It: 10300, Loss: 3.920e+03, Loss_bcs: 3.151e+01, Loss_res: 3.889e+03 ,Time: 0.00
update_res: nan
update_bcs1: 0.000e+00
It: 10400, Loss: 3.889e+03, Loss_bcs: 3.186e+01, Loss_res: 3.857e+03 ,Time: 0.00
update_res: nan
update_bcs1: 0.000e+00
It: 10500, Loss: 3.857e+03, Loss_bcs: 3.221e+01, Loss_res: 3.825e+03 ,Time: 0.00
update_res: nan
update_bcs1: 0.000e+00
It: 10600, Loss: 3.826e+03, Loss_bcs: 3.255e+01, Loss_res: 3.794e+03 ,Time: 0.00
update_res: nan
update_bcs1: 0.000e+00
It: 10700, Loss: 3.796e+03, Loss_bcs: 3.290e+01, Loss_res: 3.763e+03 ,Time: 0.00
update_res: nan
update_bcs1: 0.000e+00
It: 10800, Loss: 3.766e+03, Loss_bcs: 3.324e+01, Loss_res: 3.732e+03 ,Time: 0.00
update_res: nan
update_bcs1: 0.000e+00
It: 10900, Loss: 3.736e+03, Loss_bcs: 3.358e+01, Loss_res: 3.703e+03 ,Time: 0.00
update_res: nan
update_bcs1: 0.000e+00
It: 11000, Loss: 3.707e+03, Loss_bcs: 3.392e+01, Loss_res: 3.673e+03 ,Time: 0.00
update_res: nan
update_bcs1: 0.000e+00
It: 11100, Loss: 3.678e+03, Loss_bcs: 3.426e+01, Loss_res: 3.644e+03 ,Time: 0.00
update_res: nan
update_bcs1: 0.000e+00
It: 11200, Loss: 3.650e+03, Loss_bcs: 3.459e+01, Loss_res: 3.615e+03 ,Time: 0.00
update_res: nan
update_bcs1: 0.000e+00
It: 11300, Loss: 3.622e+03, Loss_bcs: 3.492e+01, Loss_res: 3.587e+03 ,Time: 0.00
update_res: nan
update_bcs1: 0.000e+00
It: 11400, Loss: 3.595e+03, Loss_bcs: 3.525e+01, Loss_res: 3.559e+03 ,Time: 0.00
update_res: nan
update_bcs1: 0.000e+00
It: 11500, Loss: 3.568e+03, Loss_bcs: 3.558e+01, Loss_res: 3.532e+03 ,Time: 0.00
update_res: nan
update_bcs1: 0.000e+00
It: 11600, Loss: 3.541e+03, Loss_bcs: 3.590e+01, Loss_res: 3.505e+03 ,Time: 0.00
update_res: nan
update_bcs1: 0.000e+00
It: 11700, Loss: 3.515e+03, Loss_bcs: 3.623e+01, Loss_res: 3.478e+03 ,Time: 0.00
update_res: nan
update_bcs1: 0.000e+00
It: 11800, Loss: 3.489e+03, Loss_bcs: 3.655e+01, Loss_res: 3.452e+03 ,Time: 0.00
update_res: nan
update_bcs1: 0.000e+00
It: 11900, Loss: 3.463e+03, Loss_bcs: 3.686e+01, Loss_res: 3.426e+03 ,Time: 0.00
update_res: nan
update_bcs1: 0.000e+00
It: 12000, Loss: 3.438e+03, Loss_bcs: 3.718e+01, Loss_res: 3.401e+03 ,Time: 0.00
update_res: nan
update_bcs1: 0.000e+00
It: 12100, Loss: 3.413e+03, Loss_bcs: 3.749e+01, Loss_res: 3.376e+03 ,Time: 0.00
update_res: nan
update_bcs1: 0.000e+00
It: 12200, Loss: 3.389e+03, Loss_bcs: 3.780e+01, Loss_res: 3.351e+03 ,Time: 0.00
update_res: nan
update_bcs1: 0.000e+00
It: 12300, Loss: 3.365e+03, Loss_bcs: 3.811e+01, Loss_res: 3.327e+03 ,Time: 0.00
update_res: nan
update_bcs1: 0.000e+00
It: 12400, Loss: 3.341e+03, Loss_bcs: 3.841e+01, Loss_res: 3.303e+03 ,Time: 0.00
update_res: nan
update_bcs1: 0.000e+00
It: 12500, Loss: 3.318e+03, Loss_bcs: 3.872e+01, Loss_res: 3.279e+03 ,Time: 0.00
update_res: nan
update_bcs1: 0.000e+00
It: 12600, Loss: 3.295e+03, Loss_bcs: 3.901e+01, Loss_res: 3.256e+03 ,Time: 0.00
update_res: nan
update_bcs1: 0.000e+00
It: 12700, Loss: 3.272e+03, Loss_bcs: 3.931e+01, Loss_res: 3.233e+03 ,Time: 0.00
update_res: nan
update_bcs1: 0.000e+00
It: 12800, Loss: 3.250e+03, Loss_bcs: 3.961e+01, Loss_res: 3.210e+03 ,Time: 0.00
update_res: nan
update_bcs1: 0.000e+00
It: 12900, Loss: 3.228e+03, Loss_bcs: 3.990e+01, Loss_res: 3.188e+03 ,Time: 0.00
update_res: nan
update_bcs1: 0.000e+00
It: 13000, Loss: 3.206e+03, Loss_bcs: 4.019e+01, Loss_res: 3.166e+03 ,Time: 0.00
update_res: nan
update_bcs1: 0.000e+00
It: 13100, Loss: 3.185e+03, Loss_bcs: 4.047e+01, Loss_res: 3.144e+03 ,Time: 0.00
update_res: nan
update_bcs1: 0.000e+00
It: 13200, Loss: 3.164e+03, Loss_bcs: 4.076e+01, Loss_res: 3.123e+03 ,Time: 0.00
update_res: nan
update_bcs1: 0.000e+00
It: 13300, Loss: 3.143e+03, Loss_bcs: 4.104e+01, Loss_res: 3.102e+03 ,Time: 0.00
update_res: nan
update_bcs1: 0.000e+00
It: 13400, Loss: 3.123e+03, Loss_bcs: 4.132e+01, Loss_res: 3.081e+03 ,Time: 0.00
update_res: nan
update_bcs1: 0.000e+00
It: 13500, Loss: 3.103e+03, Loss_bcs: 4.159e+01, Loss_res: 3.061e+03 ,Time: 0.00
update_res: nan
update_bcs1: 0.000e+00
It: 13600, Loss: 3.083e+03, Loss_bcs: 4.187e+01, Loss_res: 3.041e+03 ,Time: 0.00
update_res: nan
update_bcs1: 0.000e+00
It: 13700, Loss: 3.063e+03, Loss_bcs: 4.214e+01, Loss_res: 3.021e+03 ,Time: 0.00
update_res: nan
update_bcs1: 0.000e+00
It: 13800, Loss: 3.044e+03, Loss_bcs: 4.241e+01, Loss_res: 3.001e+03 ,Time: 0.00
update_res: nan
update_bcs1: 0.000e+00
It: 13900, Loss: 3.025e+03, Loss_bcs: 4.268e+01, Loss_res: 2.982e+03 ,Time: 0.00
update_res: nan
update_bcs1: 0.000e+00
It: 14000, Loss: 3.006e+03, Loss_bcs: 4.294e+01, Loss_res: 2.963e+03 ,Time: 0.00
update_res: nan
update_bcs1: 0.000e+00
It: 14100, Loss: 2.988e+03, Loss_bcs: 4.320e+01, Loss_res: 2.944e+03 ,Time: 0.00
update_res: nan
update_bcs1: 0.000e+00
It: 14200, Loss: 2.969e+03, Loss_bcs: 4.346e+01, Loss_res: 2.926e+03 ,Time: 0.00
update_res: nan
update_bcs1: 0.000e+00
It: 14300, Loss: 2.952e+03, Loss_bcs: 4.372e+01, Loss_res: 2.908e+03 ,Time: 0.00
update_res: nan
update_bcs1: 0.000e+00
It: 14400, Loss: 2.934e+03, Loss_bcs: 4.397e+01, Loss_res: 2.890e+03 ,Time: 0.00
update_res: nan
update_bcs1: 0.000e+00
It: 14500, Loss: 2.916e+03, Loss_bcs: 4.422e+01, Loss_res: 2.872e+03 ,Time: 0.00
update_res: nan
update_bcs1: 0.000e+00
It: 14600, Loss: 2.899e+03, Loss_bcs: 4.447e+01, Loss_res: 2.855e+03 ,Time: 0.00
update_res: nan
update_bcs1: 0.000e+00
It: 14700, Loss: 2.882e+03, Loss_bcs: 4.472e+01, Loss_res: 2.838e+03 ,Time: 0.00
update_res: nan
update_bcs1: 0.000e+00
It: 14800, Loss: 2.866e+03, Loss_bcs: 4.497e+01, Loss_res: 2.821e+03 ,Time: 0.00
update_res: nan
update_bcs1: 0.000e+00
It: 14900, Loss: 2.849e+03, Loss_bcs: 4.521e+01, Loss_res: 2.804e+03 ,Time: 0.00
update_res: nan
update_bcs1: 0.000e+00
It: 15000, Loss: 2.833e+03, Loss_bcs: 4.545e+01, Loss_res: 2.788e+03 ,Time: 0.00
update_res: nan
update_bcs1: 0.000e+00
It: 15100, Loss: 2.817e+03, Loss_bcs: 4.569e+01, Loss_res: 2.771e+03 ,Time: 0.00
update_res: nan
update_bcs1: 0.000e+00
It: 15200, Loss: 2.801e+03, Loss_bcs: 4.592e+01, Loss_res: 2.755e+03 ,Time: 0.00
update_res: nan
update_bcs1: 0.000e+00
It: 15300, Loss: 2.786e+03, Loss_bcs: 4.616e+01, Loss_res: 2.740e+03 ,Time: 0.01
update_res: nan
update_bcs1: 0.000e+00
It: 15400, Loss: 2.771e+03, Loss_bcs: 4.639e+01, Loss_res: 2.724e+03 ,Time: 0.00
update_res: nan
update_bcs1: 0.000e+00
It: 15500, Loss: 2.755e+03, Loss_bcs: 4.662e+01, Loss_res: 2.709e+03 ,Time: 0.00
update_res: nan
update_bcs1: 0.000e+00
It: 15600, Loss: 2.741e+03, Loss_bcs: 4.684e+01, Loss_res: 2.694e+03 ,Time: 0.00
update_res: nan
update_bcs1: 0.000e+00
It: 15700, Loss: 2.726e+03, Loss_bcs: 4.707e+01, Loss_res: 2.679e+03 ,Time: 0.00
update_res: nan
update_bcs1: 0.000e+00
It: 15800, Loss: 2.711e+03, Loss_bcs: 4.729e+01, Loss_res: 2.664e+03 ,Time: 0.00
update_res: nan
update_bcs1: 0.000e+00
It: 15900, Loss: 2.697e+03, Loss_bcs: 4.751e+01, Loss_res: 2.650e+03 ,Time: 0.00
update_res: nan
update_bcs1: 0.000e+00
It: 16000, Loss: 2.683e+03, Loss_bcs: 4.773e+01, Loss_res: 2.635e+03 ,Time: 0.00
update_res: nan
update_bcs1: 0.000e+00
It: 16100, Loss: 2.669e+03, Loss_bcs: 4.795e+01, Loss_res: 2.621e+03 ,Time: 0.00
update_res: nan
update_bcs1: 0.000e+00
It: 16200, Loss: 2.656e+03, Loss_bcs: 4.816e+01, Loss_res: 2.608e+03 ,Time: 0.00
update_res: nan
update_bcs1: 0.000e+00
It: 16300, Loss: 2.642e+03, Loss_bcs: 4.837e+01, Loss_res: 2.594e+03 ,Time: 0.00
update_res: nan
update_bcs1: 0.000e+00
It: 16400, Loss: 2.629e+03, Loss_bcs: 4.858e+01, Loss_res: 2.580e+03 ,Time: 0.00
update_res: nan
update_bcs1: 0.000e+00
It: 16500, Loss: 2.616e+03, Loss_bcs: 4.879e+01, Loss_res: 2.567e+03 ,Time: 0.00
update_res: nan
update_bcs1: 0.000e+00
It: 16600, Loss: 2.603e+03, Loss_bcs: 4.900e+01, Loss_res: 2.554e+03 ,Time: 0.00
update_res: nan
update_bcs1: 0.000e+00
It: 16700, Loss: 2.590e+03, Loss_bcs: 4.920e+01, Loss_res: 2.541e+03 ,Time: 0.00
update_res: nan
update_bcs1: 0.000e+00
It: 16800, Loss: 2.578e+03, Loss_bcs: 4.940e+01, Loss_res: 2.528e+03 ,Time: 0.00
update_res: nan
update_bcs1: 0.000e+00
It: 16900, Loss: 2.565e+03, Loss_bcs: 4.960e+01, Loss_res: 2.516e+03 ,Time: 0.00
update_res: nan
update_bcs1: 0.000e+00
It: 17000, Loss: 2.553e+03, Loss_bcs: 4.980e+01, Loss_res: 2.503e+03 ,Time: 0.00
update_res: nan
update_bcs1: 0.000e+00
It: 17100, Loss: 2.541e+03, Loss_bcs: 5.000e+01, Loss_res: 2.491e+03 ,Time: 0.00
update_res: nan
update_bcs1: 0.000e+00
It: 17200, Loss: 2.529e+03, Loss_bcs: 5.019e+01, Loss_res: 2.479e+03 ,Time: 0.00
update_res: nan
update_bcs1: 0.000e+00
It: 17300, Loss: 2.518e+03, Loss_bcs: 5.038e+01, Loss_res: 2.467e+03 ,Time: 0.00
update_res: nan
update_bcs1: 0.000e+00
It: 17400, Loss: 2.506e+03, Loss_bcs: 5.057e+01, Loss_res: 2.455e+03 ,Time: 0.00
update_res: nan
update_bcs1: 0.000e+00
It: 17500, Loss: 2.495e+03, Loss_bcs: 5.076e+01, Loss_res: 2.444e+03 ,Time: 0.00
update_res: nan
update_bcs1: 0.000e+00
It: 17600, Loss: 2.483e+03, Loss_bcs: 5.095e+01, Loss_res: 2.433e+03 ,Time: 0.00
update_res: nan
update_bcs1: 0.000e+00
It: 17700, Loss: 2.472e+03, Loss_bcs: 5.113e+01, Loss_res: 2.421e+03 ,Time: 0.00
update_res: nan
update_bcs1: 0.000e+00
It: 17800, Loss: 2.461e+03, Loss_bcs: 5.132e+01, Loss_res: 2.410e+03 ,Time: 0.00
update_res: nan
update_bcs1: 0.000e+00
It: 17900, Loss: 2.451e+03, Loss_bcs: 5.150e+01, Loss_res: 2.399e+03 ,Time: 0.00
update_res: nan
update_bcs1: 0.000e+00
It: 18000, Loss: 2.440e+03, Loss_bcs: 5.168e+01, Loss_res: 2.388e+03 ,Time: 0.00
update_res: nan
update_bcs1: 0.000e+00
It: 18100, Loss: 2.430e+03, Loss_bcs: 5.185e+01, Loss_res: 2.378e+03 ,Time: 0.00
update_res: nan
update_bcs1: 0.000e+00
It: 18200, Loss: 2.419e+03, Loss_bcs: 5.203e+01, Loss_res: 2.367e+03 ,Time: 0.00
update_res: nan
update_bcs1: 0.000e+00
It: 18300, Loss: 2.409e+03, Loss_bcs: 5.220e+01, Loss_res: 2.357e+03 ,Time: 0.00
update_res: nan
update_bcs1: 0.000e+00
It: 18400, Loss: 2.399e+03, Loss_bcs: 5.237e+01, Loss_res: 2.347e+03 ,Time: 0.00
update_res: nan
update_bcs1: 0.000e+00
It: 18500, Loss: 2.389e+03, Loss_bcs: 5.254e+01, Loss_res: 2.337e+03 ,Time: 0.00
update_res: nan
update_bcs1: 0.000e+00
It: 18600, Loss: 2.379e+03, Loss_bcs: 5.271e+01, Loss_res: 2.327e+03 ,Time: 0.00
update_res: nan
update_bcs1: 0.000e+00
It: 18700, Loss: 2.370e+03, Loss_bcs: 5.288e+01, Loss_res: 2.317e+03 ,Time: 0.00
update_res: nan
update_bcs1: 0.000e+00
It: 18800, Loss: 2.360e+03, Loss_bcs: 5.304e+01, Loss_res: 2.307e+03 ,Time: 0.00
update_res: nan
update_bcs1: 0.000e+00
It: 18900, Loss: 2.351e+03, Loss_bcs: 5.320e+01, Loss_res: 2.298e+03 ,Time: 0.00
update_res: nan
update_bcs1: 0.000e+00
It: 19000, Loss: 2.342e+03, Loss_bcs: 5.336e+01, Loss_res: 2.288e+03 ,Time: 0.00
update_res: nan
update_bcs1: 0.000e+00
It: 19100, Loss: 2.333e+03, Loss_bcs: 5.352e+01, Loss_res: 2.279e+03 ,Time: 0.00
update_res: nan
update_bcs1: 0.000e+00
It: 19200, Loss: 2.324e+03, Loss_bcs: 5.368e+01, Loss_res: 2.270e+03 ,Time: 0.00
update_res: nan
update_bcs1: 0.000e+00
It: 19300, Loss: 2.315e+03, Loss_bcs: 5.383e+01, Loss_res: 2.261e+03 ,Time: 0.00
update_res: nan
update_bcs1: 0.000e+00
It: 19400, Loss: 2.306e+03, Loss_bcs: 5.399e+01, Loss_res: 2.252e+03 ,Time: 0.00
update_res: nan
update_bcs1: 0.000e+00
It: 19500, Loss: 2.297e+03, Loss_bcs: 5.414e+01, Loss_res: 2.243e+03 ,Time: 0.00
update_res: nan
update_bcs1: 0.000e+00
It: 19600, Loss: 2.289e+03, Loss_bcs: 5.429e+01, Loss_res: 2.235e+03 ,Time: 0.00
update_res: nan
update_bcs1: 0.000e+00
It: 19700, Loss: 2.281e+03, Loss_bcs: 5.444e+01, Loss_res: 2.226e+03 ,Time: 0.00
update_res: nan
update_bcs1: 0.000e+00
It: 19800, Loss: 2.272e+03, Loss_bcs: 5.458e+01, Loss_res: 2.218e+03 ,Time: 0.00
update_res: nan
update_bcs1: 0.000e+00
It: 19900, Loss: 2.264e+03, Loss_bcs: 5.473e+01, Loss_res: 2.209e+03 ,Time: 0.00
update_res: nan
update_bcs1: 0.000e+00
It: 20000, Loss: 2.256e+03, Loss_bcs: 5.487e+01, Loss_res: 2.201e+03 ,Time: 0.00
update_res: nan
update_bcs1: 0.000e+00
It: 20100, Loss: 2.248e+03, Loss_bcs: 5.502e+01, Loss_res: 2.193e+03 ,Time: 0.00
update_res: nan
update_bcs1: 0.000e+00
It: 20200, Loss: 2.240e+03, Loss_bcs: 5.516e+01, Loss_res: 2.185e+03 ,Time: 0.00
update_res: nan
update_bcs1: 0.000e+00
It: 20300, Loss: 2.232e+03, Loss_bcs: 5.530e+01, Loss_res: 2.177e+03 ,Time: 0.00
update_res: nan
update_bcs1: 0.000e+00
It: 20400, Loss: 2.225e+03, Loss_bcs: 5.544e+01, Loss_res: 2.169e+03 ,Time: 0.00
update_res: nan
update_bcs1: 0.000e+00
It: 20500, Loss: 2.217e+03, Loss_bcs: 5.557e+01, Loss_res: 2.162e+03 ,Time: 0.00
update_res: nan
update_bcs1: 0.000e+00
It: 20600, Loss: 2.210e+03, Loss_bcs: 5.571e+01, Loss_res: 2.154e+03 ,Time: 0.00
update_res: nan
update_bcs1: 0.000e+00
It: 20700, Loss: 2.202e+03, Loss_bcs: 5.584e+01, Loss_res: 2.147e+03 ,Time: 0.00
update_res: nan
update_bcs1: 0.000e+00
It: 20800, Loss: 2.195e+03, Loss_bcs: 5.597e+01, Loss_res: 2.139e+03 ,Time: 0.00
update_res: nan
update_bcs1: 0.000e+00
It: 20900, Loss: 2.188e+03, Loss_bcs: 5.610e+01, Loss_res: 2.132e+03 ,Time: 0.00
update_res: nan
update_bcs1: 0.000e+00
It: 21000, Loss: 2.181e+03, Loss_bcs: 5.623e+01, Loss_res: 2.125e+03 ,Time: 0.00
update_res: nan
update_bcs1: 0.000e+00
It: 21100, Loss: 2.174e+03, Loss_bcs: 5.636e+01, Loss_res: 2.118e+03 ,Time: 0.00
update_res: nan
update_bcs1: 0.000e+00
It: 21200, Loss: 2.167e+03, Loss_bcs: 5.649e+01, Loss_res: 2.111e+03 ,Time: 0.00
update_res: nan
update_bcs1: 0.000e+00
It: 21300, Loss: 2.160e+03, Loss_bcs: 5.662e+01, Loss_res: 2.104e+03 ,Time: 0.00
update_res: nan
update_bcs1: 0.000e+00
It: 21400, Loss: 2.154e+03, Loss_bcs: 5.674e+01, Loss_res: 2.097e+03 ,Time: 0.00
update_res: nan
update_bcs1: 0.000e+00
It: 21500, Loss: 2.147e+03, Loss_bcs: 5.686e+01, Loss_res: 2.090e+03 ,Time: 0.00
update_res: nan
update_bcs1: 0.000e+00
It: 21600, Loss: 2.141e+03, Loss_bcs: 5.699e+01, Loss_res: 2.084e+03 ,Time: 0.00
update_res: nan
update_bcs1: 0.000e+00
It: 21700, Loss: 2.134e+03, Loss_bcs: 5.711e+01, Loss_res: 2.077e+03 ,Time: 0.00
update_res: nan
update_bcs1: 0.000e+00
It: 21800, Loss: 2.128e+03, Loss_bcs: 5.723e+01, Loss_res: 2.071e+03 ,Time: 0.00
update_res: nan
update_bcs1: 0.000e+00
It: 21900, Loss: 2.122e+03, Loss_bcs: 5.734e+01, Loss_res: 2.064e+03 ,Time: 0.00
update_res: nan
update_bcs1: 0.000e+00
It: 22000, Loss: 2.115e+03, Loss_bcs: 5.746e+01, Loss_res: 2.058e+03 ,Time: 0.00
update_res: nan
update_bcs1: 0.000e+00
It: 22100, Loss: 2.109e+03, Loss_bcs: 5.758e+01, Loss_res: 2.052e+03 ,Time: 0.00
update_res: nan
update_bcs1: 0.000e+00
It: 22200, Loss: 2.103e+03, Loss_bcs: 5.769e+01, Loss_res: 2.046e+03 ,Time: 0.00
update_res: nan
update_bcs1: 0.000e+00
It: 22300, Loss: 2.097e+03, Loss_bcs: 5.781e+01, Loss_res: 2.039e+03 ,Time: 0.00
update_res: nan
update_bcs1: 0.000e+00
It: 22400, Loss: 2.091e+03, Loss_bcs: 5.792e+01, Loss_res: 2.033e+03 ,Time: 0.00
update_res: nan
update_bcs1: 0.000e+00
It: 22500, Loss: 2.086e+03, Loss_bcs: 5.803e+01, Loss_res: 2.028e+03 ,Time: 0.00
update_res: nan
update_bcs1: 0.000e+00
It: 22600, Loss: 2.080e+03, Loss_bcs: 5.814e+01, Loss_res: 2.022e+03 ,Time: 0.00
update_res: nan
update_bcs1: 0.000e+00
It: 22700, Loss: 2.074e+03, Loss_bcs: 5.825e+01, Loss_res: 2.016e+03 ,Time: 0.00
update_res: nan
update_bcs1: 0.000e+00
It: 22800, Loss: 2.069e+03, Loss_bcs: 5.836e+01, Loss_res: 2.010e+03 ,Time: 0.00
update_res: nan
update_bcs1: 0.000e+00
It: 22900, Loss: 2.063e+03, Loss_bcs: 5.846e+01, Loss_res: 2.005e+03 ,Time: 0.00
update_res: nan
update_bcs1: 0.000e+00
It: 23000, Loss: 2.058e+03, Loss_bcs: 5.857e+01, Loss_res: 1.999e+03 ,Time: 0.00
update_res: nan
update_bcs1: 0.000e+00
It: 23100, Loss: 2.052e+03, Loss_bcs: 5.867e+01, Loss_res: 1.994e+03 ,Time: 0.00
update_res: nan
update_bcs1: 0.000e+00
It: 23200, Loss: 2.047e+03, Loss_bcs: 5.878e+01, Loss_res: 1.988e+03 ,Time: 0.00
update_res: nan
update_bcs1: 0.000e+00
It: 23300, Loss: 2.042e+03, Loss_bcs: 5.888e+01, Loss_res: 1.983e+03 ,Time: 0.00
update_res: nan
update_bcs1: 0.000e+00
It: 23400, Loss: 2.037e+03, Loss_bcs: 5.898e+01, Loss_res: 1.978e+03 ,Time: 0.00
update_res: nan
update_bcs1: 0.000e+00
It: 23500, Loss: 2.032e+03, Loss_bcs: 5.908e+01, Loss_res: 1.973e+03 ,Time: 0.00
update_res: nan
update_bcs1: 0.000e+00
It: 23600, Loss: 2.027e+03, Loss_bcs: 5.918e+01, Loss_res: 1.967e+03 ,Time: 0.00
update_res: nan
update_bcs1: 0.000e+00
It: 23700, Loss: 2.022e+03, Loss_bcs: 5.928e+01, Loss_res: 1.962e+03 ,Time: 0.00
update_res: nan
update_bcs1: 0.000e+00
It: 23800, Loss: 2.017e+03, Loss_bcs: 5.938e+01, Loss_res: 1.957e+03 ,Time: 0.00
update_res: nan
update_bcs1: 0.000e+00
It: 23900, Loss: 2.012e+03, Loss_bcs: 5.947e+01, Loss_res: 1.952e+03 ,Time: 0.00
update_res: nan
update_bcs1: 0.000e+00
It: 24000, Loss: 2.007e+03, Loss_bcs: 5.957e+01, Loss_res: 1.947e+03 ,Time: 0.00
update_res: nan
update_bcs1: 0.000e+00
It: 24100, Loss: 2.002e+03, Loss_bcs: 5.966e+01, Loss_res: 1.943e+03 ,Time: 0.00
update_res: nan
update_bcs1: 0.000e+00
It: 24200, Loss: 1.998e+03, Loss_bcs: 5.976e+01, Loss_res: 1.938e+03 ,Time: 0.00
update_res: nan
update_bcs1: 0.000e+00
It: 24300, Loss: 1.993e+03, Loss_bcs: 5.985e+01, Loss_res: 1.933e+03 ,Time: 0.00
update_res: nan
update_bcs1: 0.000e+00
It: 24400, Loss: 1.989e+03, Loss_bcs: 5.994e+01, Loss_res: 1.929e+03 ,Time: 0.00
update_res: nan
update_bcs1: 0.000e+00
It: 24500, Loss: 1.984e+03, Loss_bcs: 6.003e+01, Loss_res: 1.924e+03 ,Time: 0.00
update_res: nan
update_bcs1: 0.000e+00
It: 24600, Loss: 1.980e+03, Loss_bcs: 6.012e+01, Loss_res: 1.920e+03 ,Time: 0.00
update_res: nan
update_bcs1: 0.000e+00
It: 24700, Loss: 1.975e+03, Loss_bcs: 6.021e+01, Loss_res: 1.915e+03 ,Time: 0.00
update_res: nan
update_bcs1: 0.000e+00
It: 24800, Loss: 1.971e+03, Loss_bcs: 6.030e+01, Loss_res: 1.911e+03 ,Time: 0.00
update_res: nan
update_bcs1: 0.000e+00
It: 24900, Loss: 1.967e+03, Loss_bcs: 6.038e+01, Loss_res: 1.906e+03 ,Time: 0.00
update_res: nan
update_bcs1: 0.000e+00
It: 25000, Loss: 1.963e+03, Loss_bcs: 6.047e+01, Loss_res: 1.902e+03 ,Time: 0.00
update_res: nan
update_bcs1: 0.000e+00
It: 25100, Loss: 1.958e+03, Loss_bcs: 6.055e+01, Loss_res: 1.898e+03 ,Time: 0.00
update_res: nan
update_bcs1: 0.000e+00
It: 25200, Loss: 1.954e+03, Loss_bcs: 6.064e+01, Loss_res: 1.894e+03 ,Time: 0.00
update_res: nan
update_bcs1: 0.000e+00
It: 25300, Loss: 1.950e+03, Loss_bcs: 6.072e+01, Loss_res: 1.890e+03 ,Time: 0.00
update_res: nan
update_bcs1: 0.000e+00
It: 25400, Loss: 1.946e+03, Loss_bcs: 6.080e+01, Loss_res: 1.885e+03 ,Time: 0.00
update_res: nan
update_bcs1: 0.000e+00
It: 25500, Loss: 1.942e+03, Loss_bcs: 6.088e+01, Loss_res: 1.881e+03 ,Time: 0.00
update_res: nan
update_bcs1: 0.000e+00
It: 25600, Loss: 1.938e+03, Loss_bcs: 6.096e+01, Loss_res: 1.877e+03 ,Time: 0.00
update_res: nan
update_bcs1: 0.000e+00
It: 25700, Loss: 1.934e+03, Loss_bcs: 6.104e+01, Loss_res: 1.873e+03 ,Time: 0.00
update_res: nan
update_bcs1: 0.000e+00
It: 25800, Loss: 1.931e+03, Loss_bcs: 6.112e+01, Loss_res: 1.870e+03 ,Time: 0.00
update_res: nan
update_bcs1: 0.000e+00
It: 25900, Loss: 1.927e+03, Loss_bcs: 6.120e+01, Loss_res: 1.866e+03 ,Time: 0.00
update_res: nan
update_bcs1: 0.000e+00
It: 26000, Loss: 1.923e+03, Loss_bcs: 6.128e+01, Loss_res: 1.862e+03 ,Time: 0.00
update_res: nan
update_bcs1: 0.000e+00
It: 26100, Loss: 1.920e+03, Loss_bcs: 6.135e+01, Loss_res: 1.858e+03 ,Time: 0.00
update_res: nan
update_bcs1: 0.000e+00
It: 26200, Loss: 1.916e+03, Loss_bcs: 6.143e+01, Loss_res: 1.855e+03 ,Time: 0.00
update_res: nan
update_bcs1: 0.000e+00
It: 26300, Loss: 1.912e+03, Loss_bcs: 6.150e+01, Loss_res: 1.851e+03 ,Time: 0.00
update_res: nan
update_bcs1: 0.000e+00
It: 26400, Loss: 1.909e+03, Loss_bcs: 6.158e+01, Loss_res: 1.847e+03 ,Time: 0.00
update_res: nan
update_bcs1: 0.000e+00
It: 26500, Loss: 1.905e+03, Loss_bcs: 6.165e+01, Loss_res: 1.844e+03 ,Time: 0.00
update_res: nan
update_bcs1: 0.000e+00
It: 26600, Loss: 1.902e+03, Loss_bcs: 6.172e+01, Loss_res: 1.840e+03 ,Time: 0.00
update_res: nan
update_bcs1: 0.000e+00
It: 26700, Loss: 1.899e+03, Loss_bcs: 6.179e+01, Loss_res: 1.837e+03 ,Time: 0.00
update_res: nan
update_bcs1: 0.000e+00
It: 26800, Loss: 1.895e+03, Loss_bcs: 6.186e+01, Loss_res: 1.833e+03 ,Time: 0.00
update_res: nan
update_bcs1: 0.000e+00
It: 26900, Loss: 1.892e+03, Loss_bcs: 6.193e+01, Loss_res: 1.830e+03 ,Time: 0.00
update_res: nan
update_bcs1: 0.000e+00
It: 27000, Loss: 1.889e+03, Loss_bcs: 6.200e+01, Loss_res: 1.827e+03 ,Time: 0.00
update_res: nan
update_bcs1: 0.000e+00
It: 27100, Loss: 1.885e+03, Loss_bcs: 6.207e+01, Loss_res: 1.823e+03 ,Time: 0.00
update_res: nan
update_bcs1: 0.000e+00
It: 27200, Loss: 1.882e+03, Loss_bcs: 6.214e+01, Loss_res: 1.820e+03 ,Time: 0.00
update_res: nan
update_bcs1: 0.000e+00
It: 27300, Loss: 1.879e+03, Loss_bcs: 6.221e+01, Loss_res: 1.817e+03 ,Time: 0.00
update_res: nan
update_bcs1: 0.000e+00
It: 27400, Loss: 1.876e+03, Loss_bcs: 6.227e+01, Loss_res: 1.814e+03 ,Time: 0.00
update_res: nan
update_bcs1: 0.000e+00
It: 27500, Loss: 1.873e+03, Loss_bcs: 6.234e+01, Loss_res: 1.810e+03 ,Time: 0.00
update_res: nan
update_bcs1: 0.000e+00
It: 27600, Loss: 1.870e+03, Loss_bcs: 6.240e+01, Loss_res: 1.807e+03 ,Time: 0.00
update_res: nan
update_bcs1: 0.000e+00
It: 27700, Loss: 1.867e+03, Loss_bcs: 6.247e+01, Loss_res: 1.804e+03 ,Time: 0.00
update_res: nan
update_bcs1: 0.000e+00
It: 27800, Loss: 1.864e+03, Loss_bcs: 6.253e+01, Loss_res: 1.801e+03 ,Time: 0.00
update_res: nan
update_bcs1: 0.000e+00
It: 27900, Loss: 1.861e+03, Loss_bcs: 6.259e+01, Loss_res: 1.798e+03 ,Time: 0.00
update_res: nan
update_bcs1: 0.000e+00
It: 28000, Loss: 1.858e+03, Loss_bcs: 6.266e+01, Loss_res: 1.795e+03 ,Time: 0.00
update_res: nan
update_bcs1: 0.000e+00
It: 28100, Loss: 1.855e+03, Loss_bcs: 6.272e+01, Loss_res: 1.792e+03 ,Time: 0.00
update_res: nan
update_bcs1: 0.000e+00
It: 28200, Loss: 1.852e+03, Loss_bcs: 6.278e+01, Loss_res: 1.790e+03 ,Time: 0.00
update_res: nan
update_bcs1: 0.000e+00
It: 28300, Loss: 1.850e+03, Loss_bcs: 6.284e+01, Loss_res: 1.787e+03 ,Time: 0.00
update_res: nan
update_bcs1: 0.000e+00
It: 28400, Loss: 1.847e+03, Loss_bcs: 6.290e+01, Loss_res: 1.784e+03 ,Time: 0.00
update_res: nan
update_bcs1: 0.000e+00
It: 28500, Loss: 1.844e+03, Loss_bcs: 6.296e+01, Loss_res: 1.781e+03 ,Time: 0.00
update_res: nan
update_bcs1: 0.000e+00
It: 28600, Loss: 1.841e+03, Loss_bcs: 6.302e+01, Loss_res: 1.778e+03 ,Time: 0.00
update_res: nan
update_bcs1: 0.000e+00
It: 28700, Loss: 1.839e+03, Loss_bcs: 6.307e+01, Loss_res: 1.776e+03 ,Time: 0.00
update_res: nan
update_bcs1: 0.000e+00
It: 28800, Loss: 1.836e+03, Loss_bcs: 6.313e+01, Loss_res: 1.773e+03 ,Time: 0.00
update_res: nan
update_bcs1: 0.000e+00
It: 28900, Loss: 1.834e+03, Loss_bcs: 6.319e+01, Loss_res: 1.770e+03 ,Time: 0.00
update_res: nan
update_bcs1: 0.000e+00
It: 29000, Loss: 1.831e+03, Loss_bcs: 6.324e+01, Loss_res: 1.768e+03 ,Time: 0.00
update_res: nan
update_bcs1: 0.000e+00
It: 29100, Loss: 1.828e+03, Loss_bcs: 6.330e+01, Loss_res: 1.765e+03 ,Time: 0.00
update_res: nan
update_bcs1: 0.000e+00
It: 29200, Loss: 1.826e+03, Loss_bcs: 6.335e+01, Loss_res: 1.762e+03 ,Time: 0.00
update_res: nan
update_bcs1: 0.000e+00
It: 29300, Loss: 1.823e+03, Loss_bcs: 6.341e+01, Loss_res: 1.760e+03 ,Time: 0.00
update_res: nan
update_bcs1: 0.000e+00
It: 29400, Loss: 1.821e+03, Loss_bcs: 6.346e+01, Loss_res: 1.757e+03 ,Time: 0.00
update_res: nan
update_bcs1: 0.000e+00
It: 29500, Loss: 1.818e+03, Loss_bcs: 6.351e+01, Loss_res: 1.755e+03 ,Time: 0.00
update_res: nan
update_bcs1: 0.000e+00
It: 29600, Loss: 1.816e+03, Loss_bcs: 6.357e+01, Loss_res: 1.752e+03 ,Time: 0.00
update_res: nan
update_bcs1: 0.000e+00
It: 29700, Loss: 1.814e+03, Loss_bcs: 6.362e+01, Loss_res: 1.750e+03 ,Time: 0.00
update_res: nan
update_bcs1: 0.000e+00
It: 29800, Loss: 1.811e+03, Loss_bcs: 6.367e+01, Loss_res: 1.748e+03 ,Time: 0.00
update_res: nan
update_bcs1: 0.000e+00
It: 29900, Loss: 1.809e+03, Loss_bcs: 6.372e+01, Loss_res: 1.745e+03 ,Time: 0.00
update_res: nan
update_bcs1: 0.000e+00
It: 30000, Loss: 1.807e+03, Loss_bcs: 6.377e+01, Loss_res: 1.743e+03 ,Time: 0.00
update_res: nan
update_bcs1: 0.000e+00
It: 30100, Loss: 1.804e+03, Loss_bcs: 6.382e+01, Loss_res: 1.741e+03 ,Time: 0.00
update_res: nan
update_bcs1: 0.000e+00
It: 30200, Loss: 1.802e+03, Loss_bcs: 6.387e+01, Loss_res: 1.738e+03 ,Time: 0.00
update_res: nan
update_bcs1: 0.000e+00
It: 30300, Loss: 1.800e+03, Loss_bcs: 6.391e+01, Loss_res: 1.736e+03 ,Time: 0.00
update_res: nan
update_bcs1: 0.000e+00
It: 30400, Loss: 1.798e+03, Loss_bcs: 6.396e+01, Loss_res: 1.734e+03 ,Time: 0.00
update_res: nan
update_bcs1: 0.000e+00
It: 30500, Loss: 1.796e+03, Loss_bcs: 6.401e+01, Loss_res: 1.732e+03 ,Time: 0.00
update_res: nan
update_bcs1: 0.000e+00
It: 30600, Loss: 1.794e+03, Loss_bcs: 6.405e+01, Loss_res: 1.730e+03 ,Time: 0.00
update_res: nan
update_bcs1: 0.000e+00
It: 30700, Loss: 1.792e+03, Loss_bcs: 6.410e+01, Loss_res: 1.727e+03 ,Time: 0.00
update_res: nan
update_bcs1: 0.000e+00
It: 30800, Loss: 1.789e+03, Loss_bcs: 6.415e+01, Loss_res: 1.725e+03 ,Time: 0.00
update_res: nan
update_bcs1: 0.000e+00
It: 30900, Loss: 1.787e+03, Loss_bcs: 6.419e+01, Loss_res: 1.723e+03 ,Time: 0.00
update_res: nan
update_bcs1: 0.000e+00
It: 31000, Loss: 1.785e+03, Loss_bcs: 6.423e+01, Loss_res: 1.721e+03 ,Time: 0.00
update_res: nan
update_bcs1: 0.000e+00
It: 31100, Loss: 1.783e+03, Loss_bcs: 6.428e+01, Loss_res: 1.719e+03 ,Time: 0.00
update_res: nan
update_bcs1: 0.000e+00
It: 31200, Loss: 1.781e+03, Loss_bcs: 6.432e+01, Loss_res: 1.717e+03 ,Time: 0.00
update_res: nan
update_bcs1: 0.000e+00
It: 31300, Loss: 1.780e+03, Loss_bcs: 6.436e+01, Loss_res: 1.715e+03 ,Time: 0.00
update_res: nan
update_bcs1: 0.000e+00
It: 31400, Loss: 1.778e+03, Loss_bcs: 6.441e+01, Loss_res: 1.713e+03 ,Time: 0.00
update_res: nan
update_bcs1: 0.000e+00
It: 31500, Loss: 1.776e+03, Loss_bcs: 6.445e+01, Loss_res: 1.711e+03 ,Time: 0.02
update_res: nan
update_bcs1: 0.000e+00
It: 31600, Loss: 1.774e+03, Loss_bcs: 6.449e+01, Loss_res: 1.709e+03 ,Time: 0.00
update_res: nan
update_bcs1: 0.000e+00
It: 31700, Loss: 1.772e+03, Loss_bcs: 6.453e+01, Loss_res: 1.707e+03 ,Time: 0.00
update_res: nan
update_bcs1: 0.000e+00
It: 31800, Loss: 1.770e+03, Loss_bcs: 6.457e+01, Loss_res: 1.705e+03 ,Time: 0.00
update_res: nan
update_bcs1: 0.000e+00
It: 31900, Loss: 1.768e+03, Loss_bcs: 6.461e+01, Loss_res: 1.704e+03 ,Time: 0.00
update_res: nan
update_bcs1: 0.000e+00
It: 32000, Loss: 1.766e+03, Loss_bcs: 6.465e+01, Loss_res: 1.702e+03 ,Time: 0.00
update_res: nan
update_bcs1: 0.000e+00
It: 32100, Loss: 1.765e+03, Loss_bcs: 6.469e+01, Loss_res: 1.700e+03 ,Time: 0.00
update_res: nan
update_bcs1: 0.000e+00
It: 32200, Loss: 1.763e+03, Loss_bcs: 6.473e+01, Loss_res: 1.698e+03 ,Time: 0.00
update_res: nan
update_bcs1: 0.000e+00
It: 32300, Loss: 1.761e+03, Loss_bcs: 6.476e+01, Loss_res: 1.696e+03 ,Time: 0.00
update_res: nan
update_bcs1: 0.000e+00
It: 32400, Loss: 1.759e+03, Loss_bcs: 6.480e+01, Loss_res: 1.695e+03 ,Time: 0.00
update_res: nan
update_bcs1: 0.000e+00
It: 32500, Loss: 1.758e+03, Loss_bcs: 6.484e+01, Loss_res: 1.693e+03 ,Time: 0.00
update_res: nan
update_bcs1: 0.000e+00
It: 32600, Loss: 1.756e+03, Loss_bcs: 6.487e+01, Loss_res: 1.691e+03 ,Time: 0.00
update_res: nan
update_bcs1: 0.000e+00
It: 32700, Loss: 1.754e+03, Loss_bcs: 6.491e+01, Loss_res: 1.689e+03 ,Time: 0.00
update_res: nan
update_bcs1: 0.000e+00
It: 32800, Loss: 1.753e+03, Loss_bcs: 6.495e+01, Loss_res: 1.688e+03 ,Time: 0.00
update_res: nan
update_bcs1: 0.000e+00
It: 32900, Loss: 1.751e+03, Loss_bcs: 6.498e+01, Loss_res: 1.686e+03 ,Time: 0.00
update_res: nan
update_bcs1: 0.000e+00
It: 33000, Loss: 1.749e+03, Loss_bcs: 6.502e+01, Loss_res: 1.684e+03 ,Time: 0.00
update_res: nan
update_bcs1: 0.000e+00
It: 33100, Loss: 1.748e+03, Loss_bcs: 6.505e+01, Loss_res: 1.683e+03 ,Time: 0.00
update_res: nan
update_bcs1: 0.000e+00
It: 33200, Loss: 1.746e+03, Loss_bcs: 6.508e+01, Loss_res: 1.681e+03 ,Time: 0.00
update_res: nan
update_bcs1: 0.000e+00
It: 33300, Loss: 1.745e+03, Loss_bcs: 6.512e+01, Loss_res: 1.680e+03 ,Time: 0.00
update_res: nan
update_bcs1: 0.000e+00
It: 33400, Loss: 1.743e+03, Loss_bcs: 6.515e+01, Loss_res: 1.678e+03 ,Time: 0.00
update_res: nan
update_bcs1: 0.000e+00
It: 33500, Loss: 1.742e+03, Loss_bcs: 6.518e+01, Loss_res: 1.676e+03 ,Time: 0.00
update_res: nan
update_bcs1: 0.000e+00
It: 33600, Loss: 1.740e+03, Loss_bcs: 6.522e+01, Loss_res: 1.675e+03 ,Time: 0.00
update_res: nan
update_bcs1: 0.000e+00
It: 33700, Loss: 1.739e+03, Loss_bcs: 6.525e+01, Loss_res: 1.674e+03 ,Time: 0.00
update_res: nan
update_bcs1: 0.000e+00
It: 33800, Loss: 1.737e+03, Loss_bcs: 6.528e+01, Loss_res: 1.672e+03 ,Time: 0.00
update_res: nan
update_bcs1: 0.000e+00
It: 33900, Loss: 1.736e+03, Loss_bcs: 6.531e+01, Loss_res: 1.671e+03 ,Time: 0.00
update_res: nan
update_bcs1: 0.000e+00
It: 34000, Loss: 1.734e+03, Loss_bcs: 6.534e+01, Loss_res: 1.669e+03 ,Time: 0.00
update_res: nan
update_bcs1: 0.000e+00
It: 34100, Loss: 1.733e+03, Loss_bcs: 6.537e+01, Loss_res: 1.668e+03 ,Time: 0.00
update_res: nan
update_bcs1: 0.000e+00
It: 34200, Loss: 1.732e+03, Loss_bcs: 6.540e+01, Loss_res: 1.666e+03 ,Time: 0.00
update_res: nan
update_bcs1: 0.000e+00
It: 34300, Loss: 1.730e+03, Loss_bcs: 6.543e+01, Loss_res: 1.665e+03 ,Time: 0.00
update_res: nan
update_bcs1: 0.000e+00
It: 34400, Loss: 1.729e+03, Loss_bcs: 6.546e+01, Loss_res: 1.664e+03 ,Time: 0.00
update_res: nan
update_bcs1: 0.000e+00
It: 34500, Loss: 1.728e+03, Loss_bcs: 6.549e+01, Loss_res: 1.662e+03 ,Time: 0.00
update_res: nan
update_bcs1: 0.000e+00
It: 34600, Loss: 1.726e+03, Loss_bcs: 6.552e+01, Loss_res: 1.661e+03 ,Time: 0.00
update_res: nan
update_bcs1: 0.000e+00
It: 34700, Loss: 1.725e+03, Loss_bcs: 6.555e+01, Loss_res: 1.660e+03 ,Time: 0.00
update_res: nan
update_bcs1: 0.000e+00
It: 34800, Loss: 1.724e+03, Loss_bcs: 6.557e+01, Loss_res: 1.658e+03 ,Time: 0.00
update_res: nan
update_bcs1: 0.000e+00
It: 34900, Loss: 1.723e+03, Loss_bcs: 6.560e+01, Loss_res: 1.657e+03 ,Time: 0.00
update_res: nan
update_bcs1: 0.000e+00
It: 35000, Loss: 1.721e+03, Loss_bcs: 6.563e+01, Loss_res: 1.656e+03 ,Time: 0.00
update_res: nan
update_bcs1: 0.000e+00
It: 35100, Loss: 1.720e+03, Loss_bcs: 6.566e+01, Loss_res: 1.654e+03 ,Time: 0.00
update_res: nan
update_bcs1: 0.000e+00
It: 35200, Loss: 1.719e+03, Loss_bcs: 6.568e+01, Loss_res: 1.653e+03 ,Time: 0.00
update_res: nan
update_bcs1: 0.000e+00
It: 35300, Loss: 1.718e+03, Loss_bcs: 6.571e+01, Loss_res: 1.652e+03 ,Time: 0.00
update_res: nan
update_bcs1: 0.000e+00
It: 35400, Loss: 1.716e+03, Loss_bcs: 6.573e+01, Loss_res: 1.651e+03 ,Time: 0.00
update_res: nan
update_bcs1: 0.000e+00
It: 35500, Loss: 1.715e+03, Loss_bcs: 6.576e+01, Loss_res: 1.649e+03 ,Time: 0.00
update_res: nan
update_bcs1: 0.000e+00
It: 35600, Loss: 1.714e+03, Loss_bcs: 6.579e+01, Loss_res: 1.648e+03 ,Time: 0.00
update_res: nan
update_bcs1: 0.000e+00
It: 35700, Loss: 1.713e+03, Loss_bcs: 6.581e+01, Loss_res: 1.647e+03 ,Time: 0.00
update_res: nan
update_bcs1: 0.000e+00
It: 35800, Loss: 1.712e+03, Loss_bcs: 6.584e+01, Loss_res: 1.646e+03 ,Time: 0.00
update_res: nan
update_bcs1: 0.000e+00
It: 35900, Loss: 1.710e+03, Loss_bcs: 6.586e+01, Loss_res: 1.645e+03 ,Time: 0.00
update_res: nan
update_bcs1: 0.000e+00
It: 36000, Loss: 1.709e+03, Loss_bcs: 6.589e+01, Loss_res: 1.643e+03 ,Time: 0.00
update_res: nan
update_bcs1: 0.000e+00
It: 36100, Loss: 1.708e+03, Loss_bcs: 6.591e+01, Loss_res: 1.642e+03 ,Time: 0.00
update_res: nan
update_bcs1: 0.000e+00
It: 36200, Loss: 1.707e+03, Loss_bcs: 6.593e+01, Loss_res: 1.641e+03 ,Time: 0.00
update_res: nan
update_bcs1: 0.000e+00
It: 36300, Loss: 1.706e+03, Loss_bcs: 6.596e+01, Loss_res: 1.640e+03 ,Time: 0.00
update_res: nan
update_bcs1: 0.000e+00
It: 36400, Loss: 1.705e+03, Loss_bcs: 6.598e+01, Loss_res: 1.639e+03 ,Time: 0.00
update_res: nan
update_bcs1: 0.000e+00
It: 36500, Loss: 1.704e+03, Loss_bcs: 6.600e+01, Loss_res: 1.638e+03 ,Time: 0.00
update_res: nan
update_bcs1: 0.000e+00
It: 36600, Loss: 1.703e+03, Loss_bcs: 6.602e+01, Loss_res: 1.637e+03 ,Time: 0.00
update_res: nan
update_bcs1: 0.000e+00
It: 36700, Loss: 1.701e+03, Loss_bcs: 6.605e+01, Loss_res: 1.635e+03 ,Time: 0.00
update_res: nan
update_bcs1: 0.000e+00
It: 36800, Loss: 1.700e+03, Loss_bcs: 6.607e+01, Loss_res: 1.634e+03 ,Time: 0.00
update_res: nan
update_bcs1: 0.000e+00
It: 36900, Loss: 1.699e+03, Loss_bcs: 6.609e+01, Loss_res: 1.633e+03 ,Time: 0.00
update_res: nan
update_bcs1: 0.000e+00
It: 37000, Loss: 1.698e+03, Loss_bcs: 6.611e+01, Loss_res: 1.632e+03 ,Time: 0.00
update_res: nan
update_bcs1: 0.000e+00
It: 37100, Loss: 1.697e+03, Loss_bcs: 6.613e+01, Loss_res: 1.631e+03 ,Time: 0.00
update_res: nan
update_bcs1: 0.000e+00
It: 37200, Loss: 1.696e+03, Loss_bcs: 6.615e+01, Loss_res: 1.630e+03 ,Time: 0.00
update_res: nan
update_bcs1: 0.000e+00
It: 37300, Loss: 1.695e+03, Loss_bcs: 6.617e+01, Loss_res: 1.629e+03 ,Time: 0.00
update_res: nan
update_bcs1: 0.000e+00
It: 37400, Loss: 1.694e+03, Loss_bcs: 6.619e+01, Loss_res: 1.628e+03 ,Time: 0.00
update_res: nan
update_bcs1: 0.000e+00
It: 37500, Loss: 1.693e+03, Loss_bcs: 6.621e+01, Loss_res: 1.627e+03 ,Time: 0.00
update_res: nan
update_bcs1: 0.000e+00
It: 37600, Loss: 1.692e+03, Loss_bcs: 6.623e+01, Loss_res: 1.626e+03 ,Time: 0.00
update_res: nan
update_bcs1: 0.000e+00
It: 37700, Loss: 1.691e+03, Loss_bcs: 6.625e+01, Loss_res: 1.625e+03 ,Time: 0.00
update_res: nan
update_bcs1: 0.000e+00
It: 37800, Loss: 1.690e+03, Loss_bcs: 6.627e+01, Loss_res: 1.624e+03 ,Time: 0.00
update_res: nan
update_bcs1: 0.000e+00
It: 37900, Loss: 1.689e+03, Loss_bcs: 6.629e+01, Loss_res: 1.623e+03 ,Time: 0.00
update_res: nan
update_bcs1: 0.000e+00
It: 38000, Loss: 1.689e+03, Loss_bcs: 6.631e+01, Loss_res: 1.622e+03 ,Time: 0.00
update_res: nan
update_bcs1: 0.000e+00
It: 38100, Loss: 1.688e+03, Loss_bcs: 6.633e+01, Loss_res: 1.621e+03 ,Time: 0.00
update_res: nan
update_bcs1: 0.000e+00
It: 38200, Loss: 1.687e+03, Loss_bcs: 6.635e+01, Loss_res: 1.620e+03 ,Time: 0.00
update_res: nan
update_bcs1: 0.000e+00
It: 38300, Loss: 1.686e+03, Loss_bcs: 6.637e+01, Loss_res: 1.619e+03 ,Time: 0.00
update_res: nan
update_bcs1: 0.000e+00
It: 38400, Loss: 1.685e+03, Loss_bcs: 6.638e+01, Loss_res: 1.619e+03 ,Time: 0.00
update_res: nan
update_bcs1: 0.000e+00
It: 38500, Loss: 1.684e+03, Loss_bcs: 6.640e+01, Loss_res: 1.618e+03 ,Time: 0.00
update_res: nan
update_bcs1: 0.000e+00
It: 38600, Loss: 1.683e+03, Loss_bcs: 6.642e+01, Loss_res: 1.617e+03 ,Time: 0.00
update_res: nan
update_bcs1: 0.000e+00
It: 38700, Loss: 1.683e+03, Loss_bcs: 6.644e+01, Loss_res: 1.616e+03 ,Time: 0.00
update_res: nan
update_bcs1: 0.000e+00
It: 38800, Loss: 1.682e+03, Loss_bcs: 6.645e+01, Loss_res: 1.615e+03 ,Time: 0.00
update_res: nan
update_bcs1: 0.000e+00
It: 38900, Loss: 1.681e+03, Loss_bcs: 6.647e+01, Loss_res: 1.614e+03 ,Time: 0.00
update_res: nan
update_bcs1: 0.000e+00
It: 39000, Loss: 1.680e+03, Loss_bcs: 6.649e+01, Loss_res: 1.614e+03 ,Time: 0.00
update_res: nan
update_bcs1: 0.000e+00
It: 39100, Loss: 1.679e+03, Loss_bcs: 6.651e+01, Loss_res: 1.613e+03 ,Time: 0.00
update_res: nan
update_bcs1: 0.000e+00
It: 39200, Loss: 1.679e+03, Loss_bcs: 6.652e+01, Loss_res: 1.612e+03 ,Time: 0.00
update_res: nan
update_bcs1: 0.000e+00
It: 39300, Loss: 1.678e+03, Loss_bcs: 6.654e+01, Loss_res: 1.611e+03 ,Time: 0.00
update_res: nan
update_bcs1: 0.000e+00
It: 39400, Loss: 1.677e+03, Loss_bcs: 6.655e+01, Loss_res: 1.610e+03 ,Time: 0.00
update_res: nan
update_bcs1: 0.000e+00
It: 39500, Loss: 1.676e+03, Loss_bcs: 6.657e+01, Loss_res: 1.610e+03 ,Time: 0.00
update_res: nan
update_bcs1: 0.000e+00
It: 39600, Loss: 1.676e+03, Loss_bcs: 6.659e+01, Loss_res: 1.609e+03 ,Time: 0.00
update_res: nan
update_bcs1: 0.000e+00
It: 39700, Loss: 1.675e+03, Loss_bcs: 6.660e+01, Loss_res: 1.608e+03 ,Time: 0.00
update_res: nan
update_bcs1: 0.000e+00
It: 39800, Loss: 1.674e+03, Loss_bcs: 6.662e+01, Loss_res: 1.607e+03 ,Time: 0.00
update_res: nan
update_bcs1: 0.000e+00
It: 39900, Loss: 1.673e+03, Loss_bcs: 6.663e+01, Loss_res: 1.607e+03 ,Time: 0.00
update_res: nan
update_bcs1: 0.000e+00
Gradients information stored ...
It: 40000, Loss: 1.673e+03, Loss_bcs: 6.665e+01, Loss_res: 1.606e+03 ,Time: 0.31
update_res: nan
update_bcs1: 0.000e+00
elapsed: 8.83e+01
Relative L2 error_u: 6.41e+00
Relative L2 error_r: 3.55e-01
