Gradients information stored ...
It: 100| Loss: 8.286e-01|  loss_bc1: 5.378e-02|  loss_bc2: 2.441e-02| loss_ics_u: 3.351e-01|   Loss_res: 1.971e-03 , Time: 0.03
lambda_balance loss_bc1: 2.5911e-01
lambda_balance loss_bc2: 2.5362e-01
lambda_balance loss_ics_u: 4.8727e-01
updating  lamda for loss loss_bc1:   [5.84825]
updating  lamda for loss loss_bc2:   [5.229494]
updating  lamda for loss loss_ics_u:   [2.5028253]
Gradients information stored ...
It: 200| Loss: 1.141e+00|  loss_bc1: 1.899e-02|  loss_bc2: 1.809e-02| loss_ics_u: 3.703e-01|   Loss_res: 8.732e-03 , Time: 0.04
lambda_balance loss_bc1: 2.7796e-01
lambda_balance loss_bc2: 2.7436e-01
lambda_balance loss_ics_u: 4.4768e-01
updating  lamda for loss loss_bc1:   [15.2345915]
updating  lamda for loss loss_bc2:   [15.636376]
updating  lamda for loss loss_ics_u:   [3.1184855]
It: 300| Loss: 1.517e+00|  loss_bc1: 1.442e-02|  loss_bc2: 6.056e-03| loss_ics_u: 3.794e-01|   Loss_res: 1.948e-02 , Time: 0.03
lambda_balance loss_bc1: 2.8269e-01
lambda_balance loss_bc2: 2.8005e-01
lambda_balance loss_ics_u: 4.3726e-01
updating  lamda for loss loss_bc1:   [89.714645]
updating  lamda for loss loss_bc2:   [130.69632]
updating  lamda for loss loss_ics_u:   [44.20075]
It: 400| Loss: 1.718e+01|  loss_bc1: 2.467e-02|  loss_bc2: 6.235e-03| loss_ics_u: 3.091e-01|   Loss_res: 4.934e-01 , Time: 0.03
lambda_balance loss_bc1: 2.7788e-01
lambda_balance loss_bc2: 2.7495e-01
lambda_balance loss_ics_u: 4.4717e-01
updating  lamda for loss loss_bc1:   [437.77277]
updating  lamda for loss loss_bc2:   [517.1976]
updating  lamda for loss loss_ics_u:   [212.90224]
It: 500| Loss: 5.413e+01|  loss_bc1: 1.939e-02|  loss_bc2: 7.749e-03| loss_ics_u: 1.667e-01|   Loss_res: 6.139e+00 , Time: 0.03
lambda_balance loss_bc1: 2.8363e-01
lambda_balance loss_bc2: 2.8057e-01
lambda_balance loss_ics_u: 4.3580e-01
updating  lamda for loss loss_bc1:   [3357.0312]
updating  lamda for loss loss_bc2:   [6020.699]
updating  lamda for loss loss_ics_u:   [1120.9991]
It: 600| Loss: 3.481e+02|  loss_bc1: 4.398e-03|  loss_bc2: 6.726e-05| loss_ics_u: 2.523e-01|   Loss_res: 5.005e+01 , Time: 0.03
lambda_balance loss_bc1: 2.8405e-01
lambda_balance loss_bc2: 2.8196e-01
lambda_balance loss_ics_u: 4.3398e-01
updating  lamda for loss loss_bc1:   [30676.072]
updating  lamda for loss loss_bc2:   [36819.12]
updating  lamda for loss loss_ics_u:   [5382.492]
It: 700| Loss: 1.120e+03|  loss_bc1: 1.276e-03|  loss_bc2: 1.880e-04| loss_ics_u: 1.614e-01|   Loss_res: 2.051e+02 , Time: 0.04
lambda_balance loss_bc1: 2.8665e-01
lambda_balance loss_bc2: 2.8462e-01
lambda_balance loss_ics_u: 4.2872e-01
updating  lamda for loss loss_bc1:   [257633.83]
updating  lamda for loss loss_bc2:   [1339847.8]
updating  lamda for loss loss_ics_u:   [23726.492]
It: 800| Loss: 6.242e+03|  loss_bc1: 1.881e-04|  loss_bc2: 1.288e-03| loss_ics_u: 1.524e-01|   Loss_res: 8.511e+02 , Time: 0.04
lambda_balance loss_bc1: 2.8802e-01
lambda_balance loss_bc2: 2.8638e-01
lambda_balance loss_ics_u: 4.2560e-01
updating  lamda for loss loss_bc1:   [714655.5]
updating  lamda for loss loss_bc2:   [157115.33]
updating  lamda for loss loss_ics_u:   [121686.54]
It: 900| Loss: 1.344e+04|  loss_bc1: 2.515e-04|  loss_bc2: 1.563e-03| loss_ics_u: 9.368e-02|   Loss_res: 1.620e+03 , Time: 0.04
lambda_balance loss_bc1: 2.9181e-01
lambda_balance loss_bc2: 2.9035e-01
lambda_balance loss_ics_u: 4.1784e-01
updating  lamda for loss loss_bc1:   [5969151.]
updating  lamda for loss loss_bc2:   [960593.]
updating  lamda for loss loss_ics_u:   [644218.1]
It: 1000| Loss: 7.457e+04|  loss_bc1: 9.372e-04|  loss_bc2: 2.164e-04| loss_ics_u: 1.050e-01|   Loss_res: 1.113e+03 , Time: 0.04
lambda_balance loss_bc1: 2.9347e-01
lambda_balance loss_bc2: 2.9218e-01
lambda_balance loss_ics_u: 4.1435e-01
updating  lamda for loss loss_bc1:   [2017479.6]
updating  lamda for loss loss_bc2:   [1455748.6]
updating  lamda for loss loss_ics_u:   [167967.16]
Gradients information stored ...
It: 1100| Loss: 2.079e+04|  loss_bc1: 2.051e-04|  loss_bc2: 5.611e-05| loss_ics_u: 1.134e-01|   Loss_res: 1.247e+03 , Time: 0.04
lambda_balance loss_bc1: 2.9599e-01
lambda_balance loss_bc2: 2.9481e-01
lambda_balance loss_ics_u: 4.0920e-01
updating  lamda for loss loss_bc1:   [6406376.5]
updating  lamda for loss loss_bc2:   [7174142.]
updating  lamda for loss loss_ics_u:   [222197.1]
It: 1200| Loss: 2.690e+04|  loss_bc1: 8.033e-05|  loss_bc2: 4.274e-05| loss_ics_u: 1.098e-01|   Loss_res: 1.680e+03 , Time: 0.04
lambda_balance loss_bc1: 2.9814e-01
lambda_balance loss_bc2: 2.9705e-01
lambda_balance loss_ics_u: 4.0481e-01
updating  lamda for loss loss_bc1:   [12469794.]
updating  lamda for loss loss_bc2:   [48597020.]
updating  lamda for loss loss_ics_u:   [415315.88]
It: 1300| Loss: 1.210e+05|  loss_bc1: 1.503e-04|  loss_bc2: 1.296e-05| loss_ics_u: 2.712e-01|   Loss_res: 5.899e+03 , Time: 0.05
lambda_balance loss_bc1: 2.9705e-01
lambda_balance loss_bc2: 2.9609e-01
lambda_balance loss_ics_u: 4.0686e-01
updating  lamda for loss loss_bc1:   [5521476.]
updating  lamda for loss loss_bc2:   [1.0712769e+08]
updating  lamda for loss loss_ics_u:   [304113.62]
It: 1400| Loss: 5.492e+04|  loss_bc1: 3.468e-04|  loss_bc2: 8.859e-06| loss_ics_u: 1.567e-01|   Loss_res: 4.399e+03 , Time: 0.07
lambda_balance loss_bc1: 2.9828e-01
lambda_balance loss_bc2: 2.9737e-01
lambda_balance loss_ics_u: 4.0435e-01
updating  lamda for loss loss_bc1:   [6080334.5]
updating  lamda for loss loss_bc2:   [16204777.]
updating  lamda for loss loss_ics_u:   [215742.64]
It: 1500| Loss: 2.804e+04|  loss_bc1: 1.136e-04|  loss_bc2: 3.672e-06| loss_ics_u: 1.089e-01|   Loss_res: 3.808e+03 , Time: 0.04
lambda_balance loss_bc1: 2.9971e-01
lambda_balance loss_bc2: 2.9885e-01
lambda_balance loss_ics_u: 4.0145e-01
updating  lamda for loss loss_bc1:   [8313255.5]
updating  lamda for loss loss_bc2:   [59565824.]
updating  lamda for loss loss_ics_u:   [306362.12]
It: 1600| Loss: 3.386e+04|  loss_bc1: 7.936e-05|  loss_bc2: 5.688e-06| loss_ics_u: 9.562e-02|   Loss_res: 3.567e+03 , Time: 0.04
lambda_balance loss_bc1: 3.0105e-01
lambda_balance loss_bc2: 3.0024e-01
lambda_balance loss_ics_u: 3.9872e-01
updating  lamda for loss loss_bc1:   [16216568.]
updating  lamda for loss loss_bc2:   [25076930.]
updating  lamda for loss loss_ics_u:   [490731.38]
It: 1700| Loss: 4.894e+04|  loss_bc1: 4.002e-05|  loss_bc2: 1.365e-06| loss_ics_u: 9.008e-02|   Loss_res: 4.054e+03 , Time: 0.04
lambda_balance loss_bc1: 3.0236e-01
lambda_balance loss_bc2: 3.0160e-01
lambda_balance loss_ics_u: 3.9604e-01
updating  lamda for loss loss_bc1:   [7631647.]
updating  lamda for loss loss_bc2:   [33876260.]
updating  lamda for loss loss_ics_u:   [472667.56]
It: 1800| Loss: 4.767e+04|  loss_bc1: 1.535e-04|  loss_bc2: 1.540e-05| loss_ics_u: 8.736e-02|   Loss_res: 4.683e+03 , Time: 0.06
lambda_balance loss_bc1: 3.0363e-01
lambda_balance loss_bc2: 3.0290e-01
lambda_balance loss_ics_u: 3.9347e-01
updating  lamda for loss loss_bc1:   [5844945.5]
updating  lamda for loss loss_bc2:   [59751708.]
updating  lamda for loss loss_ics_u:   [643440.44]
It: 1900| Loss: 9.678e+04|  loss_bc1: 1.623e-04|  loss_bc2: 8.227e-04| loss_ics_u: 6.279e-02|   Loss_res: 6.275e+03 , Time: 0.04
lambda_balance loss_bc1: 3.0483e-01
lambda_balance loss_bc2: 3.0414e-01
lambda_balance loss_ics_u: 3.9103e-01
updating  lamda for loss loss_bc1:   [2906369.5]
updating  lamda for loss loss_bc2:   [2596862.]
updating  lamda for loss loss_ics_u:   [864019.25]
average adaptive_constant_bcs1_log : 4.2308e+06
average adaptive_constant_bcs2_log : 1.9154e+07
average adaptive_constant_ics_u_log : 2.5784e+05
Gradients information stored ...
It: 100| Loss: 7.041e-01|  loss_bc1: 5.759e-02|  loss_bc2: 3.331e-02| loss_ics_u: 2.579e-01|   Loss_res: 6.453e-03 , Time: 0.03
lambda_balance loss_bc1: 3.0547e-01
lambda_balance loss_bc2: 2.9815e-01
lambda_balance loss_ics_u: 3.9638e-01
updating  lamda for loss loss_bc1:   [4.5645485]
updating  lamda for loss loss_bc2:   [6.38024]
updating  lamda for loss loss_ics_u:   [2.184802]
Gradients information stored ...
It: 200| Loss: 7.000e-01|  loss_bc1: 1.887e-02|  loss_bc2: 7.082e-03| loss_ics_u: 2.508e-01|   Loss_res: 2.074e-02 , Time: 0.04
lambda_balance loss_bc1: 3.0450e-01
lambda_balance loss_bc2: 2.9811e-01
lambda_balance loss_ics_u: 3.9738e-01
updating  lamda for loss loss_bc1:   [46.792545]
updating  lamda for loss loss_bc2:   [43.1166]
updating  lamda for loss loss_ics_u:   [9.325007]
It: 300| Loss: 5.404e+00|  loss_bc1: 4.306e-03|  loss_bc2: 7.257e-03| loss_ics_u: 5.209e-01|   Loss_res: 3.281e-02 , Time: 0.03
lambda_balance loss_bc1: 2.8854e-01
lambda_balance loss_bc2: 2.8425e-01
lambda_balance loss_ics_u: 4.2721e-01
updating  lamda for loss loss_bc1:   [63.429916]
updating  lamda for loss loss_bc2:   [68.08076]
updating  lamda for loss loss_ics_u:   [13.9489355]
It: 400| Loss: 6.562e+00|  loss_bc1: 1.304e-02|  loss_bc2: 5.026e-03| loss_ics_u: 3.792e-01|   Loss_res: 1.033e-01 , Time: 0.03
lambda_balance loss_bc1: 2.8791e-01
lambda_balance loss_bc2: 2.8445e-01
lambda_balance loss_ics_u: 4.2765e-01
updating  lamda for loss loss_bc1:   [160.59758]
updating  lamda for loss loss_bc2:   [164.26743]
updating  lamda for loss loss_ics_u:   [24.056658]
It: 500| Loss: 8.715e+00|  loss_bc1: 9.562e-03|  loss_bc2: 3.775e-03| loss_ics_u: 2.651e-01|   Loss_res: 1.813e-01 , Time: 0.03
lambda_balance loss_bc1: 2.9004e-01
lambda_balance loss_bc2: 2.8709e-01
lambda_balance loss_ics_u: 4.2288e-01
updating  lamda for loss loss_bc1:   [463.99362]
updating  lamda for loss loss_bc2:   [755.9421]
updating  lamda for loss loss_ics_u:   [57.16507]
It: 600| Loss: 3.155e+01|  loss_bc1: 7.710e-03|  loss_bc2: 1.509e-03| loss_ics_u: 4.381e-01|   Loss_res: 1.784e+00 , Time: 0.04
lambda_balance loss_bc1: 2.8722e-01
lambda_balance loss_bc2: 2.8445e-01
lambda_balance loss_ics_u: 4.2833e-01
updating  lamda for loss loss_bc1:   [1756.5793]
updating  lamda for loss loss_bc2:   [4577.42]
updating  lamda for loss loss_ics_u:   [166.45732]
It: 700| Loss: 9.395e+01|  loss_bc1: 3.435e-03|  loss_bc2: 7.216e-04| loss_ics_u: 5.055e-01|   Loss_res: 4.783e-01 , Time: 0.04
lambda_balance loss_bc1: 2.8464e-01
lambda_balance loss_bc2: 2.8227e-01
lambda_balance loss_ics_u: 4.3308e-01
updating  lamda for loss loss_bc1:   [1596.0669]
updating  lamda for loss loss_bc2:   [17333.531]
updating  lamda for loss loss_ics_u:   [55.519115]
It: 800| Loss: 3.194e+01|  loss_bc1: 1.923e-04|  loss_bc2: 5.837e-06| loss_ics_u: 5.679e-01|   Loss_res: 2.020e-04 , Time: 0.04
lambda_balance loss_bc1: 2.8164e-01
lambda_balance loss_bc2: 2.7959e-01
lambda_balance loss_ics_u: 4.3877e-01
updating  lamda for loss loss_bc1:   [18.269087]
updating  lamda for loss loss_bc2:   [235.75429]
updating  lamda for loss loss_ics_u:   [0.38491124]
It: 900| Loss: 2.313e-01|  loss_bc1: 1.792e-04|  loss_bc2: 2.485e-06| loss_ics_u: 5.891e-01|   Loss_res: 6.863e-04 , Time: 0.04
lambda_balance loss_bc1: 2.7946e-01
lambda_balance loss_bc2: 2.7764e-01
lambda_balance loss_ics_u: 4.4290e-01
updating  lamda for loss loss_bc1:   [37.702644]
updating  lamda for loss loss_bc2:   [923.56104]
updating  lamda for loss loss_ics_u:   [0.68624216]
It: 1000| Loss: 4.657e-01|  loss_bc1: 1.612e-04|  loss_bc2: 1.007e-06| loss_ics_u: 6.678e-01|   Loss_res: 4.164e-04 , Time: 0.04
lambda_balance loss_bc1: 2.7755e-01
lambda_balance loss_bc2: 2.7592e-01
lambda_balance loss_ics_u: 4.4654e-01
updating  lamda for loss loss_bc1:   [29.762012]
updating  lamda for loss loss_bc2:   [1843.3241]
updating  lamda for loss loss_ics_u:   [0.462159]
Gradients information stored ...
It: 1100| Loss: 2.504e-01|  loss_bc1: 8.374e-05|  loss_bc2: 7.293e-07| loss_ics_u: 5.329e-01|   Loss_res: 2.326e-04 , Time: 0.04
lambda_balance loss_bc1: 2.7596e-01
lambda_balance loss_bc2: 2.7449e-01
lambda_balance loss_ics_u: 4.4955e-01
updating  lamda for loss loss_bc1:   [33.27679]
updating  lamda for loss loss_bc2:   [1739.7113]
updating  lamda for loss loss_ics_u:   [0.433553]
It: 1200| Loss: 2.846e-01|  loss_bc1: 9.357e-05|  loss_bc2: 6.043e-07| loss_ics_u: 6.464e-01|   Loss_res: 1.582e-04 , Time: 0.03
lambda_balance loss_bc1: 2.7464e-01
lambda_balance loss_bc2: 2.7329e-01
lambda_balance loss_ics_u: 4.5208e-01
updating  lamda for loss loss_bc1:   [24.936493]
updating  lamda for loss loss_bc2:   [7328.608]
updating  lamda for loss loss_ics_u:   [0.26124874]
It: 1300| Loss: 1.761e-01|  loss_bc1: 8.590e-05|  loss_bc2: 5.166e-07| loss_ics_u: 6.512e-01|   Loss_res: 7.674e-05 , Time: 0.03
lambda_balance loss_bc1: 2.7357e-01
lambda_balance loss_bc2: 2.7232e-01
lambda_balance loss_ics_u: 4.5411e-01
updating  lamda for loss loss_bc1:   [7.0999503]
updating  lamda for loss loss_bc2:   [508.1676]
updating  lamda for loss loss_ics_u:   [0.06308045]
It: 1400| Loss: 4.394e-02|  loss_bc1: 9.266e-05|  loss_bc2: 3.391e-07| loss_ics_u: 6.820e-01|   Loss_res: 8.664e-05 , Time: 0.03
lambda_balance loss_bc1: 2.7261e-01
lambda_balance loss_bc2: 2.7146e-01
lambda_balance loss_ics_u: 4.5594e-01
updating  lamda for loss loss_bc1:   [9.899198]
updating  lamda for loss loss_bc2:   [620.59686]
updating  lamda for loss loss_ics_u:   [0.09155877]
It: 1500| Loss: 5.337e-02|  loss_bc1: 5.824e-05|  loss_bc2: 3.547e-07| loss_ics_u: 5.731e-01|   Loss_res: 1.021e-04 , Time: 0.03
lambda_balance loss_bc1: 2.7176e-01
lambda_balance loss_bc2: 2.7068e-01
lambda_balance loss_ics_u: 4.5756e-01
updating  lamda for loss loss_bc1:   [19.038532]
updating  lamda for loss loss_bc2:   [1285.6793]
updating  lamda for loss loss_ics_u:   [0.13454558]
It: 1600| Loss: 7.777e-02|  loss_bc1: 6.907e-05|  loss_bc2: 3.716e-07| loss_ics_u: 5.640e-01|   Loss_res: 9.154e-05 , Time: 0.03
lambda_balance loss_bc1: 2.7106e-01
lambda_balance loss_bc2: 2.7006e-01
lambda_balance loss_ics_u: 4.5888e-01
updating  lamda for loss loss_bc1:   [14.959325]
updating  lamda for loss loss_bc2:   [966.48175]
updating  lamda for loss loss_ics_u:   [0.11974645]
It: 1700| Loss: 7.669e-02|  loss_bc1: 6.231e-05|  loss_bc2: 3.084e-07| loss_ics_u: 6.294e-01|   Loss_res: 8.725e-05 , Time: 0.03
lambda_balance loss_bc1: 2.7039e-01
lambda_balance loss_bc2: 2.6944e-01
lambda_balance loss_ics_u: 4.6017e-01
updating  lamda for loss loss_bc1:   [17.234]
updating  lamda for loss loss_bc2:   [1733.181]
updating  lamda for loss loss_ics_u:   [0.11731711]
It: 1800| Loss: 6.886e-02|  loss_bc1: 6.994e-05|  loss_bc2: 3.212e-07| loss_ics_u: 5.712e-01|   Loss_res: 8.621e-05 , Time: 0.04
lambda_balance loss_bc1: 2.6983e-01
lambda_balance loss_bc2: 2.6894e-01
lambda_balance loss_ics_u: 4.6124e-01
updating  lamda for loss loss_bc1:   [10.982282]
updating  lamda for loss loss_bc2:   [1231.4155]
updating  lamda for loss loss_ics_u:   [0.09834298]
It: 1900| Loss: 6.383e-02|  loss_bc1: 5.119e-05|  loss_bc2: 3.533e-07| loss_ics_u: 6.382e-01|   Loss_res: 6.629e-05 , Time: 0.04
lambda_balance loss_bc1: 2.6923e-01
lambda_balance loss_bc2: 2.6838e-01
lambda_balance loss_ics_u: 4.6239e-01
updating  lamda for loss loss_bc1:   [10.038723]
updating  lamda for loss loss_bc2:   [2200.917]
updating  lamda for loss loss_ics_u:   [0.05576951]
average adaptive_constant_bcs1_log : 2.2764e+02
average adaptive_constant_bcs2_log : 2.2930e+03
average adaptive_constant_ics_u_log : 1.7451e+01
average adaptive_constant_bcs1_log : 2.2764e+02
average adaptive_constant_bcs2_log : 2.2930e+03
average adaptive_constant_ics_u_log : 1.7451e+01
