Using mode: M3
neural network: [2, 50, 50, 50, 1]
Batch size : 300
Activation function: tanh
number of iterations: 40001
starter_learning_rate: 1.0000e-03
Method desciption : gradual learing rate , M3, with  mini_batch batch. 
File directory: /home/vlq26735/code/PhD/GradientPathologiesPINNs/checkpoints/Helmholtz/final/Feb-28-2024_14-59-45-385719_M3
mean_grad_res: 1.325e-03
mean_grad_bcs: 4.678e-01
adaptive_constant_bc_val: 1.003e+00
adaptive_constant_res_val: 3.540e+02
Gradients information stored ...
Gradients information stored ...
mean_grad_res: 1.284e+00
mean_grad_bcs: 4.116e-01
adaptive_constant_bc_val: 4.120e+00
adaptive_constant_res_val: 1.321e+00
Gradients information stored ...
mean_grad_res: 3.724e-01
mean_grad_bcs: 1.296e-01
adaptive_constant_bc_val: 3.873e+00
adaptive_constant_res_val: 1.348e+00
mean_grad_res: 3.495e-01
mean_grad_bcs: 1.090e-01
adaptive_constant_bc_val: 4.206e+00
adaptive_constant_res_val: 1.312e+00
mean_grad_res: 4.371e-01
mean_grad_bcs: 8.518e-02
adaptive_constant_bc_val: 6.132e+00
adaptive_constant_res_val: 1.195e+00
mean_grad_res: 1.915e-01
mean_grad_bcs: 4.424e-02
adaptive_constant_bc_val: 5.328e+00
adaptive_constant_res_val: 1.231e+00
mean_grad_res: 4.825e-01
mean_grad_bcs: 6.846e-02
adaptive_constant_bc_val: 8.048e+00
adaptive_constant_res_val: 1.142e+00
mean_grad_res: 7.544e-01
mean_grad_bcs: 2.741e-02
adaptive_constant_bc_val: 2.852e+01
adaptive_constant_res_val: 1.036e+00
mean_grad_res: 8.143e-01
mean_grad_bcs: 1.463e-02
adaptive_constant_bc_val: 5.664e+01
adaptive_constant_res_val: 1.018e+00
mean_grad_res: 1.102e+00
mean_grad_bcs: 2.439e-02
adaptive_constant_bc_val: 4.620e+01
adaptive_constant_res_val: 1.022e+00
mean_grad_res: 1.148e+00
mean_grad_bcs: 1.353e-02
adaptive_constant_bc_val: 8.583e+01
adaptive_constant_res_val: 1.012e+00
mean_grad_res: 1.701e+00
mean_grad_bcs: 1.502e-02
adaptive_constant_bc_val: 1.143e+02
adaptive_constant_res_val: 1.009e+00
mean_grad_res: 2.135e+00
mean_grad_bcs: 1.468e-02
adaptive_constant_bc_val: 1.464e+02
adaptive_constant_res_val: 1.007e+00
mean_grad_res: 1.539e+00
mean_grad_bcs: 5.845e-03
adaptive_constant_bc_val: 2.643e+02
adaptive_constant_res_val: 1.004e+00
mean_grad_res: 1.380e+00
mean_grad_bcs: 4.942e-03
adaptive_constant_bc_val: 2.803e+02
adaptive_constant_res_val: 1.004e+00
mean_grad_res: 1.062e+00
mean_grad_bcs: 5.156e-03
adaptive_constant_bc_val: 2.070e+02
adaptive_constant_res_val: 1.005e+00
mean_grad_res: 1.077e+00
mean_grad_bcs: 4.757e-03
adaptive_constant_bc_val: 2.273e+02
adaptive_constant_res_val: 1.004e+00
mean_grad_res: 2.104e+00
mean_grad_bcs: 4.210e-03
adaptive_constant_bc_val: 5.008e+02
adaptive_constant_res_val: 1.002e+00
mean_grad_res: 1.848e+00
mean_grad_bcs: 4.348e-03
adaptive_constant_bc_val: 4.261e+02
adaptive_constant_res_val: 1.002e+00
mean_grad_res: 2.005e+00
mean_grad_bcs: 5.248e-03
adaptive_constant_bc_val: 3.832e+02
adaptive_constant_res_val: 1.003e+00
mean_grad_res: 2.045e+00
mean_grad_bcs: 3.182e-03
adaptive_constant_bc_val: 6.437e+02
adaptive_constant_res_val: 1.002e+00
mean_grad_res: 2.497e+00
mean_grad_bcs: 2.147e-03
adaptive_constant_bc_val: 1.164e+03
adaptive_constant_res_val: 1.001e+00
mean_grad_res: 1.120e+00
mean_grad_bcs: 2.983e-03
adaptive_constant_bc_val: 3.764e+02
adaptive_constant_res_val: 1.003e+00
mean_grad_res: 1.673e+00
mean_grad_bcs: 3.675e-03
adaptive_constant_bc_val: 4.563e+02
adaptive_constant_res_val: 1.002e+00
mean_grad_res: 8.316e-01
mean_grad_bcs: 4.185e-03
adaptive_constant_bc_val: 1.997e+02
adaptive_constant_res_val: 1.005e+00
mean_grad_res: 1.053e+00
mean_grad_bcs: 3.375e-03
adaptive_constant_bc_val: 3.129e+02
adaptive_constant_res_val: 1.003e+00
mean_grad_res: 1.017e+00
mean_grad_bcs: 2.070e-03
adaptive_constant_bc_val: 4.920e+02
adaptive_constant_res_val: 1.002e+00
mean_grad_res: 1.982e+00
mean_grad_bcs: 1.722e-03
adaptive_constant_bc_val: 1.152e+03
adaptive_constant_res_val: 1.001e+00
mean_grad_res: 1.110e+00
mean_grad_bcs: 1.869e-03
adaptive_constant_bc_val: 5.950e+02
adaptive_constant_res_val: 1.002e+00
mean_grad_res: 1.108e+00
mean_grad_bcs: 1.849e-03
adaptive_constant_bc_val: 6.005e+02
adaptive_constant_res_val: 1.002e+00
mean_grad_res: 2.027e+00
mean_grad_bcs: 1.516e-03
adaptive_constant_bc_val: 1.338e+03
adaptive_constant_res_val: 1.001e+00
mean_grad_res: 2.937e+00
mean_grad_bcs: 1.413e-03
adaptive_constant_bc_val: 2.080e+03
adaptive_constant_res_val: 1.000e+00
mean_grad_res: 1.579e+00
mean_grad_bcs: 1.149e-03
adaptive_constant_bc_val: 1.375e+03
adaptive_constant_res_val: 1.001e+00
mean_grad_res: 1.615e+00
mean_grad_bcs: 1.117e-03
adaptive_constant_bc_val: 1.447e+03
adaptive_constant_res_val: 1.001e+00
mean_grad_res: 2.198e+00
mean_grad_bcs: 1.146e-03
adaptive_constant_bc_val: 1.919e+03
adaptive_constant_res_val: 1.001e+00
mean_grad_res: 1.476e+00
mean_grad_bcs: 1.795e-03
adaptive_constant_bc_val: 8.234e+02
adaptive_constant_res_val: 1.001e+00
mean_grad_res: 1.406e+00
mean_grad_bcs: 1.534e-03
adaptive_constant_bc_val: 9.176e+02
adaptive_constant_res_val: 1.001e+00
mean_grad_res: 1.691e+00
mean_grad_bcs: 1.167e-03
adaptive_constant_bc_val: 1.450e+03
adaptive_constant_res_val: 1.001e+00
mean_grad_res: 2.562e+00
mean_grad_bcs: 1.327e-03
adaptive_constant_bc_val: 1.932e+03
adaptive_constant_res_val: 1.001e+00
mean_grad_res: 1.314e+00
mean_grad_bcs: 9.387e-04
adaptive_constant_bc_val: 1.401e+03
adaptive_constant_res_val: 1.001e+00
Gradients information stored ...
mean_grad_res: 1.370e+00
mean_grad_bcs: 7.963e-04
adaptive_constant_bc_val: 1.722e+03
adaptive_constant_res_val: 1.001e+00
elapsed: 6.28e+04
Relative L2 error_u: 4.91e-02
Relative L2 error_f: 2.90e-02
file directory:/home/vlq26735/code/PhD/GradientPathologiesPINNs/checkpoints/Helmholtz/final/Feb-28-2024_14-59-45-385719_M3
Save uv NN parameters successfully in %s .../home/vlq26735/code/PhD/GradientPathologiesPINNs/checkpoints/Helmholtz/final/Feb-28-2024_14-59-45-385719_M3
Final loss total loss: 2.026460e+00
Final loss loss_res: 1.650901e+00
Final loss loss_bcs1: 1.051371e-04
Final loss loss_bcs2: 5.423876e-05
Final loss loss_bcs3: 6.437094e-05
Final loss loss_bcs4: 4.351044e-05
