Using mode: M2
neural network: [2, 50, 50, 50, 1]
Batch size : 300
Activation function: tanh
number of iterations: 40001
starter_learning_rate: 1.0000e-03
Method desciption : gradual learing rate , M2, with  mini_batch batch. 
File directory: /home/vlq26735/code/PhD/GradientPathologiesPINNs/checkpoints/Helmholtz/final/Feb-28-2024_14-59-02-990959_M2
mean_grad_res: 2.088e+01
mean_grad_bcs: 6.186e-01
adaptive_constant_val: 3.048e+01
Gradients information stored ...
Gradients information stored ...
mean_grad_res: 4.067e+02
mean_grad_bcs: 3.045e-01
adaptive_constant_val: 1.205e+03
Gradients information stored ...
mean_grad_res: 2.618e+02
mean_grad_bcs: 1.524e-02
adaptive_constant_val: 1.559e+04
mean_grad_res: 6.278e+02
mean_grad_bcs: 9.679e-03
adaptive_constant_val: 5.994e+04
mean_grad_res: 4.430e+02
mean_grad_bcs: 6.057e-03
adaptive_constant_val: 7.181e+04
mean_grad_res: 8.385e+02
mean_grad_bcs: 6.130e-03
adaptive_constant_val: 1.303e+05
mean_grad_res: 5.050e+02
mean_grad_bcs: 3.412e-03
adaptive_constant_val: 1.462e+05
mean_grad_res: 4.243e+02
mean_grad_bcs: 5.873e-03
adaptive_constant_val: 7.964e+04
mean_grad_res: 7.072e+02
mean_grad_bcs: 1.690e-03
adaptive_constant_val: 3.846e+05
mean_grad_res: 1.109e+03
mean_grad_bcs: 9.984e-04
adaptive_constant_val: 1.038e+06
mean_grad_res: 4.901e+02
mean_grad_bcs: 1.253e-03
adaptive_constant_val: 4.559e+05
mean_grad_res: 4.483e+02
mean_grad_bcs: 1.551e-03
adaptive_constant_val: 3.057e+05
mean_grad_res: 5.265e+02
mean_grad_bcs: 3.510e-03
adaptive_constant_val: 1.656e+05
mean_grad_res: 4.534e+02
mean_grad_bcs: 1.355e-03
adaptive_constant_val: 3.177e+05
mean_grad_res: 3.302e+02
mean_grad_bcs: 1.918e-03
adaptive_constant_val: 1.867e+05
mean_grad_res: 5.454e+02
mean_grad_bcs: 6.460e-04
adaptive_constant_val: 7.785e+05
mean_grad_res: 2.207e+02
mean_grad_bcs: 1.251e-03
adaptive_constant_val: 2.366e+05
mean_grad_res: 3.125e+02
mean_grad_bcs: 7.074e-04
adaptive_constant_val: 4.213e+05
mean_grad_res: 3.691e+02
mean_grad_bcs: 6.977e-04
adaptive_constant_val: 5.183e+05
mean_grad_res: 1.044e+03
mean_grad_bcs: 6.173e-04
adaptive_constant_val: 1.574e+06
mean_grad_res: 3.073e+02
mean_grad_bcs: 3.476e-04
adaptive_constant_val: 9.530e+05
mean_grad_res: 1.756e+03
mean_grad_bcs: 5.868e-04
adaptive_constant_val: 2.789e+06
mean_grad_res: 2.873e+02
mean_grad_bcs: 7.134e-04
adaptive_constant_val: 6.414e+05
mean_grad_res: 7.728e+02
mean_grad_bcs: 3.158e-04
adaptive_constant_val: 2.267e+06
mean_grad_res: 2.873e+02
mean_grad_bcs: 5.052e-04
adaptive_constant_val: 7.385e+05
mean_grad_res: 6.515e+02
mean_grad_bcs: 3.441e-04
adaptive_constant_val: 1.778e+06
mean_grad_res: 6.491e+02
mean_grad_bcs: 3.717e-04
adaptive_constant_val: 1.749e+06
mean_grad_res: 2.777e+02
mean_grad_bcs: 5.267e-04
adaptive_constant_val: 6.495e+05
mean_grad_res: 5.777e+02
mean_grad_bcs: 1.795e-04
adaptive_constant_val: 2.961e+06
mean_grad_res: 5.553e+02
mean_grad_bcs: 2.893e-04
adaptive_constant_val: 2.024e+06
mean_grad_res: 5.964e+02
mean_grad_bcs: 4.021e-04
adaptive_constant_val: 1.537e+06
mean_grad_res: 4.305e+02
mean_grad_bcs: 2.456e-04
adaptive_constant_val: 1.731e+06
mean_grad_res: 8.273e+02
mean_grad_bcs: 5.488e-04
adaptive_constant_val: 1.530e+06
mean_grad_res: 6.767e+02
mean_grad_bcs: 4.548e-04
adaptive_constant_val: 1.492e+06
mean_grad_res: 6.517e+02
mean_grad_bcs: 5.947e-04
adaptive_constant_val: 1.135e+06
mean_grad_res: 5.012e+02
mean_grad_bcs: 6.420e-04
adaptive_constant_val: 8.161e+05
mean_grad_res: 7.107e+02
mean_grad_bcs: 2.956e-04
adaptive_constant_val: 2.245e+06
mean_grad_res: 5.122e+02
mean_grad_bcs: 2.319e-04
adaptive_constant_val: 2.212e+06
mean_grad_res: 1.171e+03
mean_grad_bcs: 8.007e-04
adaptive_constant_val: 1.538e+06
mean_grad_res: 3.139e+02
mean_grad_bcs: 7.923e-04
adaptive_constant_val: 5.103e+05
Gradients information stored ...
mean_grad_res: 5.996e+02
mean_grad_bcs: 3.449e-04
adaptive_constant_val: 1.615e+06
elapsed: 6.28e+04
Relative L2 error_u: 4.43e-01
Relative L2 error_f: 1.10e-01
file directory:/home/vlq26735/code/PhD/GradientPathologiesPINNs/checkpoints/Helmholtz/final/Feb-28-2024_14-59-02-990959_M2
Save uv NN parameters successfully in %s .../home/vlq26735/code/PhD/GradientPathologiesPINNs/checkpoints/Helmholtz/final/Feb-28-2024_14-59-02-990959_M2
Final loss total loss: 1.366833e+02
Final loss loss_res: 1.124419e+02
Final loss loss_bcs1: 2.098989e-05
Final loss loss_bcs2: 7.005549e-06
Final loss loss_bcs3: 8.973801e-06
Final loss loss_bcs4: 1.053376e-05
