It: 0, loss: 1.808e+02| loss_res: 3.089e-01| loss_f: 3.611e-01| loss_bc1: 9.060e-02| loss_bc2: 5.467e-02| loss_bc3: 9.433e-02| loss_bc4: 4.958e-02|Time: 0.86
mean_grad_res: 0.021493
mean_grad_bcs: 0.077430
Gradients information stored ...
It: 100, loss: 1.280e+02| loss_res: 2.670e-01| loss_f: 2.560e-01| loss_bc1: 4.866e-04| loss_bc2: 2.037e-06| loss_bc3: 3.652e-03| loss_bc4: 2.275e-03|Time: 0.00
mean_grad_res: 0.008293
mean_grad_bcs: 0.012523
Gradients information stored ...
It: 200, loss: 1.284e+02| loss_res: 2.938e-01| loss_f: 2.568e-01| loss_bc1: 4.808e-04| loss_bc2: 1.249e-02| loss_bc3: 8.517e-03| loss_bc4: 5.658e-03|Time: 0.01
mean_grad_res: 0.011765
mean_grad_bcs: 0.036885
It: 300, loss: 1.173e+02| loss_res: 3.332e-01| loss_f: 2.344e-01| loss_bc1: 1.954e-02| loss_bc2: 1.956e-02| loss_bc3: 5.428e-03| loss_bc4: 6.808e-03|Time: 0.00
mean_grad_res: 0.006536
mean_grad_bcs: 0.047202
It: 400, loss: 1.387e+02| loss_res: 3.863e-01| loss_f: 2.774e-01| loss_bc1: 8.903e-03| loss_bc2: 8.600e-03| loss_bc3: 8.798e-03| loss_bc4: 3.167e-03|Time: 0.01
mean_grad_res: 0.010020
mean_grad_bcs: 0.006869
It: 500, loss: 1.164e+02| loss_res: 4.750e-01| loss_f: 2.327e-01| loss_bc1: 7.778e-03| loss_bc2: 7.112e-03| loss_bc3: 2.650e-02| loss_bc4: 1.078e-02|Time: 0.00
mean_grad_res: 0.003513
mean_grad_bcs: 0.033103
It: 600, loss: 1.219e+02| loss_res: 3.700e-01| loss_f: 2.437e-01| loss_bc1: 2.012e-02| loss_bc2: 1.251e-02| loss_bc3: 5.258e-03| loss_bc4: 3.115e-03|Time: 0.00
mean_grad_res: 0.006833
mean_grad_bcs: 0.029330
It: 700, loss: 1.102e+02| loss_res: 5.741e-01| loss_f: 2.203e-01| loss_bc1: 1.286e-02| loss_bc2: 7.416e-03| loss_bc3: 1.339e-02| loss_bc4: 1.695e-03|Time: 0.00
mean_grad_res: 0.010220
mean_grad_bcs: 0.007075
It: 800, loss: 1.213e+02| loss_res: 6.824e-01| loss_f: 2.425e-01| loss_bc1: 1.174e-02| loss_bc2: 7.161e-03| loss_bc3: 3.053e-02| loss_bc4: 8.934e-03|Time: 0.00
mean_grad_res: 0.004691
mean_grad_bcs: 0.034497
It: 900, loss: 1.308e+02| loss_res: 9.752e-01| loss_f: 2.614e-01| loss_bc1: 3.662e-02| loss_bc2: 1.113e-02| loss_bc3: 8.506e-03| loss_bc4: 6.883e-03|Time: 0.00
mean_grad_res: 0.005504
mean_grad_bcs: 0.033835
It: 1000, loss: 1.350e+02| loss_res: 1.223e+00| loss_f: 2.700e-01| loss_bc1: 1.920e-02| loss_bc2: 2.745e-03| loss_bc3: 1.886e-02| loss_bc4: 1.502e-03|Time: 0.00
mean_grad_res: 0.008588
mean_grad_bcs: 0.016360
Gradients information stored ...
It: 1100, loss: 1.064e+02| loss_res: 1.358e+00| loss_f: 2.127e-01| loss_bc1: 3.028e-02| loss_bc2: 6.207e-03| loss_bc3: 2.637e-02| loss_bc4: 2.512e-03|Time: 0.00
mean_grad_res: 0.002896
mean_grad_bcs: 0.024162
It: 1200, loss: 1.262e+02| loss_res: 1.008e+00| loss_f: 2.522e-01| loss_bc1: 1.361e-02| loss_bc2: 8.583e-03| loss_bc3: 3.215e-02| loss_bc4: 5.271e-03|Time: 0.00
mean_grad_res: 0.008445
mean_grad_bcs: 0.036209
It: 1300, loss: 1.226e+02| loss_res: 1.406e+00| loss_f: 2.450e-01| loss_bc1: 2.581e-02| loss_bc2: 2.825e-03| loss_bc3: 1.793e-02| loss_bc4: 2.741e-03|Time: 0.00
mean_grad_res: 0.004076
mean_grad_bcs: 0.012393
It: 1400, loss: 8.005e+01| loss_res: 1.866e+00| loss_f: 1.600e-01| loss_bc1: 2.992e-02| loss_bc2: 3.473e-03| loss_bc3: 2.234e-02| loss_bc4: 3.662e-03|Time: 0.00
mean_grad_res: 0.012392
mean_grad_bcs: 0.031269
It: 1500, loss: 1.128e+02| loss_res: 1.748e+00| loss_f: 2.253e-01| loss_bc1: 3.810e-02| loss_bc2: 7.124e-03| loss_bc3: 4.656e-02| loss_bc4: 4.448e-03|Time: 0.00
mean_grad_res: 0.007267
mean_grad_bcs: 0.054700
It: 1600, loss: 9.001e+01| loss_res: 2.726e+00| loss_f: 1.799e-01| loss_bc1: 3.000e-02| loss_bc2: 7.278e-03| loss_bc3: 3.297e-02| loss_bc4: 8.405e-04|Time: 0.00
mean_grad_res: 0.007551
mean_grad_bcs: 0.035579
It: 1700, loss: 1.031e+02| loss_res: 2.463e+00| loss_f: 2.060e-01| loss_bc1: 3.962e-02| loss_bc2: 1.576e-03| loss_bc3: 5.423e-02| loss_bc4: 7.178e-03|Time: 0.01
mean_grad_res: 0.006477
mean_grad_bcs: 0.054064
It: 1800, loss: 1.309e+02| loss_res: 3.603e+00| loss_f: 2.616e-01| loss_bc1: 5.166e-02| loss_bc2: 5.975e-03| loss_bc3: 4.874e-02| loss_bc4: 1.299e-03|Time: 0.00
mean_grad_res: 0.008812
mean_grad_bcs: 0.025722
It: 1900, loss: 1.160e+02| loss_res: 2.677e+00| loss_f: 2.318e-01| loss_bc1: 3.175e-02| loss_bc2: 7.605e-03| loss_bc3: 4.738e-02| loss_bc4: 3.912e-03|Time: 0.00
mean_grad_res: 0.003906
mean_grad_bcs: 0.040500
It: 2000, loss: 1.121e+02| loss_res: 3.629e+00| loss_f: 2.240e-01| loss_bc1: 4.506e-02| loss_bc2: 2.772e-03| loss_bc3: 4.170e-02| loss_bc4: 2.806e-03|Time: 0.00
mean_grad_res: 0.004927
mean_grad_bcs: 0.022425
It: 2100, loss: 1.236e+02| loss_res: 4.240e+00| loss_f: 2.471e-01| loss_bc1: 5.461e-02| loss_bc2: 1.584e-03| loss_bc3: 4.011e-02| loss_bc4: 4.700e-03|Time: 0.00
mean_grad_res: 0.009125
mean_grad_bcs: 0.033405
It: 2200, loss: 1.054e+02| loss_res: 3.531e+00| loss_f: 2.105e-01| loss_bc1: 6.965e-02| loss_bc2: 1.062e-02| loss_bc3: 2.642e-02| loss_bc4: 8.304e-03|Time: 0.00
mean_grad_res: 0.011787
mean_grad_bcs: 0.041277
It: 2300, loss: 1.421e+02| loss_res: 5.497e+00| loss_f: 2.840e-01| loss_bc1: 7.634e-02| loss_bc2: 7.195e-03| loss_bc3: 4.667e-02| loss_bc4: 3.931e-03|Time: 0.00
mean_grad_res: 0.012169
mean_grad_bcs: 0.026971
It: 2400, loss: 1.129e+02| loss_res: 7.190e+00| loss_f: 2.256e-01| loss_bc1: 6.103e-02| loss_bc2: 3.816e-03| loss_bc3: 4.567e-02| loss_bc4: 5.735e-03|Time: 0.00
mean_grad_res: 0.006497
mean_grad_bcs: 0.028714
It: 2500, loss: 1.381e+02| loss_res: 6.174e+00| loss_f: 2.758e-01| loss_bc1: 9.332e-02| loss_bc2: 8.258e-03| loss_bc3: 5.300e-02| loss_bc4: 5.229e-03|Time: 0.00
mean_grad_res: 0.012525
mean_grad_bcs: 0.046306
It: 2600, loss: 1.412e+02| loss_res: 5.057e+00| loss_f: 2.821e-01| loss_bc1: 5.249e-02| loss_bc2: 1.933e-03| loss_bc3: 8.308e-02| loss_bc4: 2.618e-03|Time: 0.00
mean_grad_res: 0.008499
mean_grad_bcs: 0.036553
It: 2700, loss: 1.057e+02| loss_res: 5.239e+00| loss_f: 2.111e-01| loss_bc1: 6.366e-02| loss_bc2: 5.718e-03| loss_bc3: 6.587e-02| loss_bc4: 4.874e-03|Time: 0.00
mean_grad_res: 0.009594
mean_grad_bcs: 0.029788
It: 2800, loss: 1.293e+02| loss_res: 5.837e+00| loss_f: 2.584e-01| loss_bc1: 7.298e-02| loss_bc2: 3.804e-03| loss_bc3: 5.995e-02| loss_bc4: 3.997e-03|Time: 0.00
mean_grad_res: 0.010891
mean_grad_bcs: 0.032913
It: 2900, loss: 1.265e+02| loss_res: 6.976e+00| loss_f: 2.528e-01| loss_bc1: 3.559e-02| loss_bc2: 4.704e-03| loss_bc3: 8.303e-02| loss_bc4: 1.121e-02|Time: 0.00
mean_grad_res: 0.006987
mean_grad_bcs: 0.058627
It: 3000, loss: 1.034e+02| loss_res: 7.389e+00| loss_f: 2.065e-01| loss_bc1: 5.873e-02| loss_bc2: 3.839e-03| loss_bc3: 4.835e-02| loss_bc4: 5.274e-03|Time: 0.00
mean_grad_res: 0.004011
mean_grad_bcs: 0.032338
It: 3100, loss: 1.233e+02| loss_res: 1.040e+01| loss_f: 2.463e-01| loss_bc1: 6.356e-02| loss_bc2: 6.216e-03| loss_bc3: 9.919e-02| loss_bc4: 4.600e-03|Time: 0.00
mean_grad_res: 0.007744
mean_grad_bcs: 0.057153
It: 3200, loss: 1.078e+02| loss_res: 8.808e+00| loss_f: 2.151e-01| loss_bc1: 6.684e-02| loss_bc2: 7.195e-03| loss_bc3: 1.127e-01| loss_bc4: 4.804e-03|Time: 0.00
mean_grad_res: 0.007222
mean_grad_bcs: 0.049526
It: 3300, loss: 1.064e+02| loss_res: 8.654e+00| loss_f: 2.125e-01| loss_bc1: 6.007e-02| loss_bc2: 5.765e-03| loss_bc3: 1.038e-01| loss_bc4: 4.747e-03|Time: 0.00
mean_grad_res: 0.008627
mean_grad_bcs: 0.042967
It: 3400, loss: 1.193e+02| loss_res: 1.117e+01| loss_f: 2.383e-01| loss_bc1: 6.566e-02| loss_bc2: 4.046e-03| loss_bc3: 1.281e-01| loss_bc4: 6.883e-03|Time: 0.00
mean_grad_res: 0.006097
mean_grad_bcs: 0.072273
It: 3500, loss: 1.104e+02| loss_res: 1.296e+01| loss_f: 2.203e-01| loss_bc1: 6.966e-02| loss_bc2: 1.026e-02| loss_bc3: 1.534e-01| loss_bc4: 1.258e-02|Time: 0.00
mean_grad_res: 0.010857
mean_grad_bcs: 0.075263
It: 3600, loss: 1.196e+02| loss_res: 2.828e+01| loss_f: 2.386e-01| loss_bc1: 5.244e-02| loss_bc2: 1.173e-02| loss_bc3: 1.765e-01| loss_bc4: 1.119e-02|Time: 0.00
mean_grad_res: 0.007002
mean_grad_bcs: 0.079162
It: 3700, loss: 1.076e+02| loss_res: 6.587e+01| loss_f: 2.147e-01| loss_bc1: 8.789e-02| loss_bc2: 1.526e-02| loss_bc3: 1.480e-01| loss_bc4: 1.722e-02|Time: 0.00
mean_grad_res: 0.005451
mean_grad_bcs: 0.065353
It: 3800, loss: 9.916e+01| loss_res: 1.054e+02| loss_f: 1.977e-01| loss_bc1: 9.176e-02| loss_bc2: 1.498e-02| loss_bc3: 2.005e-01| loss_bc4: 1.913e-02|Time: 0.00
mean_grad_res: 0.010506
mean_grad_bcs: 0.100631
It: 3900, loss: 1.085e+02| loss_res: 2.145e+02| loss_f: 2.164e-01| loss_bc1: 5.678e-02| loss_bc2: 1.414e-02| loss_bc3: 2.081e-01| loss_bc4: 1.156e-02|Time: 0.01
mean_grad_res: 0.003424
mean_grad_bcs: 0.087395
It: 4000, loss: 1.009e+02| loss_res: 5.019e+02| loss_f: 2.012e-01| loss_bc1: 5.510e-02| loss_bc2: 1.215e-02| loss_bc3: 1.952e-01| loss_bc4: 1.282e-02|Time: 0.00
mean_grad_res: 0.011967
mean_grad_bcs: 0.067022
It: 4100, loss: 9.062e+01| loss_res: 8.194e+02| loss_f: 1.804e-01| loss_bc1: 9.536e-02| loss_bc2: 2.790e-02| loss_bc3: 2.644e-01| loss_bc4: 1.642e-02|Time: 0.00
mean_grad_res: 0.014929
mean_grad_bcs: 0.109961
It: 4200, loss: 1.011e+02| loss_res: 4.619e+02| loss_f: 2.014e-01| loss_bc1: 9.038e-02| loss_bc2: 2.979e-02| loss_bc3: 2.404e-01| loss_bc4: 2.127e-02|Time: 0.00
mean_grad_res: 0.007618
mean_grad_bcs: 0.083228
It: 4300, loss: 8.434e+01| loss_res: 6.513e+02| loss_f: 1.679e-01| loss_bc1: 9.451e-02| loss_bc2: 3.468e-02| loss_bc3: 2.551e-01| loss_bc4: 2.356e-02|Time: 0.00
mean_grad_res: 0.009690
mean_grad_bcs: 0.081175
It: 4400, loss: 7.704e+01| loss_res: 9.269e+02| loss_f: 1.533e-01| loss_bc1: 8.424e-02| loss_bc2: 3.701e-02| loss_bc3: 2.461e-01| loss_bc4: 1.596e-02|Time: 0.00
mean_grad_res: 0.006366
mean_grad_bcs: 0.066617
It: 4500, loss: 8.678e+01| loss_res: 1.697e+03| loss_f: 1.728e-01| loss_bc1: 1.041e-01| loss_bc2: 4.385e-02| loss_bc3: 2.105e-01| loss_bc4: 2.672e-02|Time: 0.00
mean_grad_res: 0.010504
mean_grad_bcs: 0.069422
It: 4600, loss: 9.959e+01| loss_res: 1.561e+03| loss_f: 1.984e-01| loss_bc1: 1.311e-01| loss_bc2: 3.181e-02| loss_bc3: 1.920e-01| loss_bc4: 3.323e-02|Time: 0.00
mean_grad_res: 0.007512
mean_grad_bcs: 0.061238
It: 4700, loss: 8.410e+01| loss_res: 3.894e+03| loss_f: 1.674e-01| loss_bc1: 1.139e-01| loss_bc2: 3.837e-02| loss_bc3: 2.414e-01| loss_bc4: 2.166e-02|Time: 0.00
mean_grad_res: 0.019879
mean_grad_bcs: 0.091056
It: 4800, loss: 8.234e+01| loss_res: 3.380e+03| loss_f: 1.638e-01| loss_bc1: 1.413e-01| loss_bc2: 4.562e-02| loss_bc3: 2.342e-01| loss_bc4: 3.406e-02|Time: 0.00
mean_grad_res: 0.008225
mean_grad_bcs: 0.078360
It: 4900, loss: 5.824e+01| loss_res: 2.156e+03| loss_f: 1.156e-01| loss_bc1: 1.299e-01| loss_bc2: 5.719e-02| loss_bc3: 2.255e-01| loss_bc4: 2.546e-02|Time: 0.00
mean_grad_res: 0.011254
mean_grad_bcs: 0.077124
It: 5000, loss: 8.457e+01| loss_res: 1.960e+03| loss_f: 1.682e-01| loss_bc1: 1.458e-01| loss_bc2: 6.103e-02| loss_bc3: 2.428e-01| loss_bc4: 2.410e-02|Time: 0.00
mean_grad_res: 0.006862
mean_grad_bcs: 0.069120
It: 5100, loss: 6.653e+01| loss_res: 2.572e+03| loss_f: 1.321e-01| loss_bc1: 1.345e-01| loss_bc2: 5.483e-02| loss_bc3: 2.590e-01| loss_bc4: 4.100e-02|Time: 0.00
mean_grad_res: 0.008188
mean_grad_bcs: 0.064159
It: 5200, loss: 6.337e+01| loss_res: 1.963e+03| loss_f: 1.257e-01| loss_bc1: 1.590e-01| loss_bc2: 6.850e-02| loss_bc3: 2.385e-01| loss_bc4: 3.431e-02|Time: 0.00
mean_grad_res: 0.013344
mean_grad_bcs: 0.091736
It: 5300, loss: 8.782e+01| loss_res: 2.718e+03| loss_f: 1.747e-01| loss_bc1: 1.448e-01| loss_bc2: 5.893e-02| loss_bc3: 1.997e-01| loss_bc4: 5.247e-02|Time: 0.00
mean_grad_res: 0.006302
mean_grad_bcs: 0.066782
It: 5400, loss: 6.150e+01| loss_res: 2.870e+03| loss_f: 1.219e-01| loss_bc1: 2.005e-01| loss_bc2: 6.156e-02| loss_bc3: 2.353e-01| loss_bc4: 3.786e-02|Time: 0.00
mean_grad_res: 0.006547
mean_grad_bcs: 0.064890
It: 5500, loss: 5.977e+01| loss_res: 4.106e+03| loss_f: 1.185e-01| loss_bc1: 1.648e-01| loss_bc2: 7.294e-02| loss_bc3: 2.245e-01| loss_bc4: 5.277e-02|Time: 0.00
mean_grad_res: 0.012700
mean_grad_bcs: 0.065386
It: 5600, loss: 5.490e+01| loss_res: 4.748e+03| loss_f: 1.089e-01| loss_bc1: 1.729e-01| loss_bc2: 5.969e-02| loss_bc3: 1.921e-01| loss_bc4: 4.964e-02|Time: 0.00
mean_grad_res: 0.005622
mean_grad_bcs: 0.077002
It: 5700, loss: 5.332e+01| loss_res: 3.910e+03| loss_f: 1.057e-01| loss_bc1: 2.087e-01| loss_bc2: 6.570e-02| loss_bc3: 1.814e-01| loss_bc4: 3.812e-02|Time: 0.00
mean_grad_res: 0.007072
mean_grad_bcs: 0.066266
It: 5800, loss: 4.385e+01| loss_res: 5.220e+03| loss_f: 8.677e-02| loss_bc1: 1.984e-01| loss_bc2: 4.995e-02| loss_bc3: 1.855e-01| loss_bc4: 3.615e-02|Time: 0.00
mean_grad_res: 0.007154
mean_grad_bcs: 0.059674
It: 5900, loss: 4.589e+01| loss_res: 3.779e+03| loss_f: 9.081e-02| loss_bc1: 2.226e-01| loss_bc2: 4.603e-02| loss_bc3: 1.604e-01| loss_bc4: 5.618e-02|Time: 0.00
mean_grad_res: 0.008729
mean_grad_bcs: 0.103809
It: 6000, loss: 4.367e+01| loss_res: 3.822e+03| loss_f: 8.645e-02| loss_bc1: 1.868e-01| loss_bc2: 4.508e-02| loss_bc3: 1.590e-01| loss_bc4: 5.267e-02|Time: 0.00
mean_grad_res: 0.006690
mean_grad_bcs: 0.087104
It: 6100, loss: 3.448e+01| loss_res: 4.237e+03| loss_f: 6.791e-02| loss_bc1: 2.885e-01| loss_bc2: 6.400e-02| loss_bc3: 1.239e-01| loss_bc4: 4.697e-02|Time: 0.00
mean_grad_res: 0.007773
mean_grad_bcs: 0.085007
It: 6200, loss: 3.432e+01| loss_res: 4.891e+03| loss_f: 6.764e-02| loss_bc1: 2.763e-01| loss_bc2: 4.667e-02| loss_bc3: 1.250e-01| loss_bc4: 5.457e-02|Time: 0.00
mean_grad_res: 0.015059
mean_grad_bcs: 0.081756
It: 6300, loss: 2.331e+01| loss_res: 6.011e+03| loss_f: 4.558e-02| loss_bc1: 2.673e-01| loss_bc2: 6.443e-02| loss_bc3: 1.216e-01| loss_bc4: 7.085e-02|Time: 0.00
mean_grad_res: 0.004139
mean_grad_bcs: 0.075500
It: 6400, loss: 2.045e+01| loss_res: 5.299e+03| loss_f: 3.964e-02| loss_bc1: 3.143e-01| loss_bc2: 8.405e-02| loss_bc3: 1.490e-01| loss_bc4: 8.250e-02|Time: 0.00
mean_grad_res: 0.005869
mean_grad_bcs: 0.133880
It: 6500, loss: 2.326e+01| loss_res: 5.594e+03| loss_f: 4.530e-02| loss_bc1: 3.336e-01| loss_bc2: 8.187e-02| loss_bc3: 1.039e-01| loss_bc4: 8.844e-02|Time: 0.00
mean_grad_res: 0.011833
mean_grad_bcs: 0.112079
It: 6600, loss: 1.921e+01| loss_res: 6.508e+03| loss_f: 3.740e-02| loss_bc1: 2.667e-01| loss_bc2: 6.412e-02| loss_bc3: 1.015e-01| loss_bc4: 7.692e-02|Time: 0.00
mean_grad_res: 0.006159
mean_grad_bcs: 0.105232
It: 6700, loss: 1.376e+01| loss_res: 8.391e+03| loss_f: 2.646e-02| loss_bc1: 2.920e-01| loss_bc2: 6.098e-02| loss_bc3: 1.039e-01| loss_bc4: 7.475e-02|Time: 0.00
mean_grad_res: 0.010033
mean_grad_bcs: 0.092126
It: 6800, loss: 1.623e+01| loss_res: 6.798e+03| loss_f: 3.134e-02| loss_bc1: 3.150e-01| loss_bc2: 6.935e-02| loss_bc3: 1.122e-01| loss_bc4: 6.383e-02|Time: 0.00
mean_grad_res: 0.003384
mean_grad_bcs: 0.085253
It: 6900, loss: 1.234e+01| loss_res: 5.317e+03| loss_f: 2.374e-02| loss_bc1: 2.838e-01| loss_bc2: 6.059e-02| loss_bc3: 8.089e-02| loss_bc4: 4.640e-02|Time: 0.00
mean_grad_res: 0.006196
mean_grad_bcs: 0.078430
It: 7000, loss: 1.138e+01| loss_res: 7.646e+03| loss_f: 2.174e-02| loss_bc1: 3.259e-01| loss_bc2: 5.210e-02| loss_bc3: 7.637e-02| loss_bc4: 5.744e-02|Time: 0.00
mean_grad_res: 0.004173
mean_grad_bcs: 0.110371
It: 7100, loss: 8.765e+00| loss_res: 5.877e+03| loss_f: 1.654e-02| loss_bc1: 3.118e-01| loss_bc2: 5.160e-02| loss_bc3: 7.903e-02| loss_bc4: 5.389e-02|Time: 0.00
mean_grad_res: 0.007984
mean_grad_bcs: 0.110811
It: 7200, loss: 8.379e+00| loss_res: 7.764e+03| loss_f: 1.576e-02| loss_bc1: 3.263e-01| loss_bc2: 3.960e-02| loss_bc3: 8.567e-02| loss_bc4: 4.763e-02|Time: 0.00
mean_grad_res: 0.003328
mean_grad_bcs: 0.104848
It: 7300, loss: 1.107e+01| loss_res: 5.349e+03| loss_f: 2.129e-02| loss_bc1: 2.857e-01| loss_bc2: 3.922e-02| loss_bc3: 5.910e-02| loss_bc4: 3.779e-02|Time: 0.00
mean_grad_res: 0.010050
mean_grad_bcs: 0.081338
It: 7400, loss: 1.086e+01| loss_res: 5.315e+03| loss_f: 2.080e-02| loss_bc1: 2.997e-01| loss_bc2: 4.459e-02| loss_bc3: 7.410e-02| loss_bc4: 4.069e-02|Time: 0.00
mean_grad_res: 0.007128
mean_grad_bcs: 0.098708
It: 7500, loss: 5.793e+00| loss_res: 6.253e+03| loss_f: 1.070e-02| loss_bc1: 2.947e-01| loss_bc2: 3.879e-02| loss_bc3: 7.311e-02| loss_bc4: 3.473e-02|Time: 0.00
mean_grad_res: 0.002832
mean_grad_bcs: 0.110203
It: 7600, loss: 7.889e+00| loss_res: 6.810e+03| loss_f: 1.495e-02| loss_bc1: 2.873e-01| loss_bc2: 3.548e-02| loss_bc3: 5.525e-02| loss_bc4: 3.604e-02|Time: 0.00
mean_grad_res: 0.004368
mean_grad_bcs: 0.094151
It: 7700, loss: 8.705e+00| loss_res: 7.077e+03| loss_f: 1.659e-02| loss_bc1: 2.883e-01| loss_bc2: 2.533e-02| loss_bc3: 6.033e-02| loss_bc4: 3.415e-02|Time: 0.01
mean_grad_res: 0.003009
mean_grad_bcs: 0.077611
It: 7800, loss: 1.061e+01| loss_res: 5.877e+03| loss_f: 2.043e-02| loss_bc1: 2.639e-01| loss_bc2: 3.541e-02| loss_bc3: 5.934e-02| loss_bc4: 3.626e-02|Time: 0.00
mean_grad_res: 0.007299
mean_grad_bcs: 0.087621
It: 7900, loss: 7.300e+00| loss_res: 7.350e+03| loss_f: 1.377e-02| loss_bc1: 3.004e-01| loss_bc2: 2.101e-02| loss_bc3: 5.630e-02| loss_bc4: 3.609e-02|Time: 0.00
mean_grad_res: 0.004798
mean_grad_bcs: 0.094660
It: 8000, loss: 5.357e+00| loss_res: 6.188e+03| loss_f: 9.897e-03| loss_bc1: 2.970e-01| loss_bc2: 3.188e-02| loss_bc3: 4.997e-02| loss_bc4: 2.941e-02|Time: 0.00
mean_grad_res: 0.003561
mean_grad_bcs: 0.085195
It: 8100, loss: 5.225e+00| loss_res: 8.656e+03| loss_f: 9.729e-03| loss_bc1: 2.634e-01| loss_bc2: 2.514e-02| loss_bc3: 3.903e-02| loss_bc4: 3.290e-02|Time: 0.00
mean_grad_res: 0.005718
mean_grad_bcs: 0.090469
It: 8200, loss: 5.590e+00| loss_res: 6.004e+03| loss_f: 1.039e-02| loss_bc1: 3.100e-01| loss_bc2: 2.141e-02| loss_bc3: 4.080e-02| loss_bc4: 2.324e-02|Time: 0.00
mean_grad_res: 0.005671
mean_grad_bcs: 0.089693
It: 8300, loss: 7.171e+00| loss_res: 6.684e+03| loss_f: 1.357e-02| loss_bc1: 2.881e-01| loss_bc2: 3.047e-02| loss_bc3: 3.821e-02| loss_bc4: 2.873e-02|Time: 0.00
mean_grad_res: 0.005465
mean_grad_bcs: 0.098500
It: 8400, loss: 5.683e+00| loss_res: 7.158e+03| loss_f: 1.063e-02| loss_bc1: 2.793e-01| loss_bc2: 2.311e-02| loss_bc3: 3.796e-02| loss_bc4: 2.657e-02|Time: 0.00
mean_grad_res: 0.005867
mean_grad_bcs: 0.077845
It: 8500, loss: 5.845e+00| loss_res: 6.909e+03| loss_f: 1.097e-02| loss_bc1: 2.794e-01| loss_bc2: 2.009e-02| loss_bc3: 3.521e-02| loss_bc4: 2.538e-02|Time: 0.00
mean_grad_res: 0.004692
mean_grad_bcs: 0.089126
It: 8600, loss: 8.077e+00| loss_res: 7.444e+03| loss_f: 1.549e-02| loss_bc1: 2.427e-01| loss_bc2: 2.406e-02| loss_bc3: 4.478e-02| loss_bc4: 2.208e-02|Time: 0.00
mean_grad_res: 0.005303
mean_grad_bcs: 0.104221
It: 8700, loss: 5.705e+00| loss_res: 7.428e+03| loss_f: 1.077e-02| loss_bc1: 2.433e-01| loss_bc2: 2.024e-02| loss_bc3: 3.672e-02| loss_bc4: 2.232e-02|Time: 0.00
mean_grad_res: 0.004328
mean_grad_bcs: 0.072156
It: 8800, loss: 4.804e+00| loss_res: 6.809e+03| loss_f: 8.947e-03| loss_bc1: 2.492e-01| loss_bc2: 2.133e-02| loss_bc3: 3.847e-02| loss_bc4: 2.150e-02|Time: 0.00
mean_grad_res: 0.002904
mean_grad_bcs: 0.083430
It: 8900, loss: 7.646e+00| loss_res: 6.831e+03| loss_f: 1.464e-02| loss_bc1: 2.571e-01| loss_bc2: 1.812e-02| loss_bc3: 3.178e-02| loss_bc4: 1.995e-02|Time: 0.00
mean_grad_res: 0.004977
mean_grad_bcs: 0.088387
It: 9000, loss: 4.795e+00| loss_res: 8.831e+03| loss_f: 8.883e-03| loss_bc1: 2.863e-01| loss_bc2: 1.937e-02| loss_bc3: 3.013e-02| loss_bc4: 1.776e-02|Time: 0.00
mean_grad_res: 0.002999
mean_grad_bcs: 0.090628
It: 9100, loss: 3.289e+00| loss_res: 7.206e+03| loss_f: 5.974e-03| loss_bc1: 2.354e-01| loss_bc2: 2.062e-02| loss_bc3: 3.035e-02| loss_bc4: 1.528e-02|Time: 0.00
mean_grad_res: 0.002438
mean_grad_bcs: 0.108544
It: 9200, loss: 3.685e+00| loss_res: 7.548e+03| loss_f: 6.674e-03| loss_bc1: 2.822e-01| loss_bc2: 2.032e-02| loss_bc3: 2.872e-02| loss_bc4: 1.657e-02|Time: 0.00
mean_grad_res: 0.002809
mean_grad_bcs: 0.116109
It: 9300, loss: 4.904e+00| loss_res: 5.883e+03| loss_f: 9.131e-03| loss_bc1: 2.706e-01| loss_bc2: 1.412e-02| loss_bc3: 3.078e-02| loss_bc4: 2.286e-02|Time: 0.01
mean_grad_res: 0.004193
mean_grad_bcs: 0.081701
It: 9400, loss: 5.603e+00| loss_res: 6.476e+03| loss_f: 1.057e-02| loss_bc1: 2.477e-01| loss_bc2: 2.542e-02| loss_bc3: 2.553e-02| loss_bc4: 1.918e-02|Time: 0.00
mean_grad_res: 0.002381
mean_grad_bcs: 0.075870
It: 9500, loss: 3.599e+00| loss_res: 6.125e+03| loss_f: 6.583e-03| loss_bc1: 2.483e-01| loss_bc2: 1.807e-02| loss_bc3: 2.813e-02| loss_bc4: 1.323e-02|Time: 0.00
mean_grad_res: 0.002420
mean_grad_bcs: 0.099029
It: 9600, loss: 4.395e+00| loss_res: 6.794e+03| loss_f: 8.229e-03| loss_bc1: 2.208e-01| loss_bc2: 1.741e-02| loss_bc3: 2.722e-02| loss_bc4: 1.494e-02|Time: 0.00
mean_grad_res: 0.003401
mean_grad_bcs: 0.088406
It: 9700, loss: 3.189e+00| loss_res: 5.137e+03| loss_f: 5.849e-03| loss_bc1: 2.121e-01| loss_bc2: 1.566e-02| loss_bc3: 2.463e-02| loss_bc4: 1.171e-02|Time: 0.00
mean_grad_res: 0.002577
mean_grad_bcs: 0.062309
It: 9800, loss: 3.032e+00| loss_res: 6.794e+03| loss_f: 5.429e-03| loss_bc1: 2.566e-01| loss_bc2: 1.691e-02| loss_bc3: 3.113e-02| loss_bc4: 1.255e-02|Time: 0.00
mean_grad_res: 0.001471
mean_grad_bcs: 0.113015
It: 9900, loss: 2.102e+00| loss_res: 6.605e+03| loss_f: 3.555e-03| loss_bc1: 2.764e-01| loss_bc2: 1.828e-02| loss_bc3: 1.886e-02| loss_bc4: 1.042e-02|Time: 0.00
mean_grad_res: 0.001904
mean_grad_bcs: 0.094377
It: 10000, loss: 5.006e+00| loss_res: 6.758e+03| loss_f: 9.506e-03| loss_bc1: 1.992e-01| loss_bc2: 1.832e-02| loss_bc3: 2.341e-02| loss_bc4: 1.234e-02|Time: 0.00
mean_grad_res: 0.004427
mean_grad_bcs: 0.090048
It: 10100, loss: 3.769e+00| loss_res: 6.266e+03| loss_f: 7.017e-03| loss_bc1: 2.168e-01| loss_bc2: 1.342e-02| loss_bc3: 1.668e-02| loss_bc4: 1.313e-02|Time: 0.00
mean_grad_res: 0.007230
mean_grad_bcs: 0.068662
It: 10200, loss: 2.852e+00| loss_res: 5.063e+03| loss_f: 5.248e-03| loss_bc1: 1.813e-01| loss_bc2: 1.263e-02| loss_bc3: 2.280e-02| loss_bc4: 1.142e-02|Time: 0.00
mean_grad_res: 0.003268
mean_grad_bcs: 0.064116
It: 10300, loss: 1.699e+00| loss_res: 6.773e+03| loss_f: 2.897e-03| loss_bc1: 2.041e-01| loss_bc2: 1.392e-02| loss_bc3: 1.942e-02| loss_bc4: 1.279e-02|Time: 0.00
mean_grad_res: 0.002486
mean_grad_bcs: 0.090368
It: 10400, loss: 3.362e+00| loss_res: 6.610e+03| loss_f: 6.245e-03| loss_bc1: 1.928e-01| loss_bc2: 1.322e-02| loss_bc3: 2.188e-02| loss_bc4: 1.153e-02|Time: 0.00
mean_grad_res: 0.004708
mean_grad_bcs: 0.072301
It: 10500, loss: 2.666e+00| loss_res: 7.091e+03| loss_f: 4.870e-03| loss_bc1: 1.924e-01| loss_bc2: 1.029e-02| loss_bc3: 1.859e-02| loss_bc4: 9.238e-03|Time: 0.00
mean_grad_res: 0.004241
mean_grad_bcs: 0.073438
It: 10600, loss: 3.579e+00| loss_res: 6.448e+03| loss_f: 6.609e-03| loss_bc1: 2.318e-01| loss_bc2: 1.226e-02| loss_bc3: 2.053e-02| loss_bc4: 1.006e-02|Time: 0.01
mean_grad_res: 0.003095
mean_grad_bcs: 0.085578
It: 10700, loss: 3.188e+00| loss_res: 6.740e+03| loss_f: 5.966e-03| loss_bc1: 1.708e-01| loss_bc2: 6.999e-03| loss_bc3: 1.698e-02| loss_bc4: 9.970e-03|Time: 0.00
mean_grad_res: 0.004852
mean_grad_bcs: 0.066109
It: 10800, loss: 3.158e+00| loss_res: 7.660e+03| loss_f: 5.876e-03| loss_bc1: 1.824e-01| loss_bc2: 1.085e-02| loss_bc3: 1.577e-02| loss_bc4: 1.080e-02|Time: 0.00
mean_grad_res: 0.002425
mean_grad_bcs: 0.077151
It: 10900, loss: 3.856e+00| loss_res: 8.200e+03| loss_f: 7.188e-03| loss_bc1: 2.164e-01| loss_bc2: 1.908e-02| loss_bc3: 1.666e-02| loss_bc4: 1.003e-02|Time: 0.00
mean_grad_res: 0.002855
mean_grad_bcs: 0.097796
It: 11000, loss: 3.302e+00| loss_res: 7.727e+03| loss_f: 6.155e-03| loss_bc1: 1.907e-01| loss_bc2: 9.366e-03| loss_bc3: 1.496e-02| loss_bc4: 9.174e-03|Time: 0.00
mean_grad_res: 0.003240
mean_grad_bcs: 0.080407
It: 11100, loss: 3.119e+00| loss_res: 6.824e+03| loss_f: 5.768e-03| loss_bc1: 2.011e-01| loss_bc2: 1.092e-02| loss_bc3: 1.419e-02| loss_bc4: 8.773e-03|Time: 0.00
mean_grad_res: 0.005645
mean_grad_bcs: 0.073214
It: 11200, loss: 1.687e+00| loss_res: 7.394e+03| loss_f: 2.974e-03| loss_bc1: 1.611e-01| loss_bc2: 1.278e-02| loss_bc3: 1.602e-02| loss_bc4: 1.014e-02|Time: 0.00
mean_grad_res: 0.001685
mean_grad_bcs: 0.073806
It: 11300, loss: 2.252e+00| loss_res: 7.183e+03| loss_f: 4.128e-03| loss_bc1: 1.520e-01| loss_bc2: 8.385e-03| loss_bc3: 1.859e-02| loss_bc4: 8.604e-03|Time: 0.00
mean_grad_res: 0.004108
mean_grad_bcs: 0.074620
It: 11400, loss: 3.383e+00| loss_res: 8.498e+03| loss_f: 6.428e-03| loss_bc1: 1.426e-01| loss_bc2: 7.279e-03| loss_bc3: 1.252e-02| loss_bc4: 7.061e-03|Time: 0.00
mean_grad_res: 0.002944
mean_grad_bcs: 0.081506
It: 11500, loss: 2.590e+00| loss_res: 8.025e+03| loss_f: 4.849e-03| loss_bc1: 1.360e-01| loss_bc2: 7.601e-03| loss_bc3: 1.428e-02| loss_bc4: 7.636e-03|Time: 0.00
mean_grad_res: 0.004281
mean_grad_bcs: 0.061860
It: 11600, loss: 1.281e+00| loss_res: 6.500e+03| loss_f: 2.223e-03| loss_bc1: 1.375e-01| loss_bc2: 1.181e-02| loss_bc3: 1.237e-02| loss_bc4: 7.532e-03|Time: 0.00
mean_grad_res: 0.002238
mean_grad_bcs: 0.071177
It: 11700, loss: 1.645e+00| loss_res: 8.330e+03| loss_f: 2.948e-03| loss_bc1: 1.375e-01| loss_bc2: 9.199e-03| loss_bc3: 1.719e-02| loss_bc4: 6.901e-03|Time: 0.00
mean_grad_res: 0.002289
mean_grad_bcs: 0.091729
It: 11800, loss: 3.296e+00| loss_res: 6.255e+03| loss_f: 6.254e-03| loss_bc1: 1.384e-01| loss_bc2: 8.513e-03| loss_bc3: 1.424e-02| loss_bc4: 8.114e-03|Time: 0.00
mean_grad_res: 0.003364
mean_grad_bcs: 0.084187
It: 11900, loss: 2.591e+00| loss_res: 7.357e+03| loss_f: 4.831e-03| loss_bc1: 1.496e-01| loss_bc2: 8.778e-03| loss_bc3: 1.042e-02| loss_bc4: 6.899e-03|Time: 0.00
mean_grad_res: 0.003045
mean_grad_bcs: 0.068722
It: 12000, loss: 1.830e+00| loss_res: 6.423e+03| loss_f: 3.342e-03| loss_bc1: 1.324e-01| loss_bc2: 6.714e-03| loss_bc3: 1.310e-02| loss_bc4: 6.872e-03|Time: 0.00
mean_grad_res: 0.002347
mean_grad_bcs: 0.059405
It: 12100, loss: 1.268e+00| loss_res: 6.752e+03| loss_f: 2.241e-03| loss_bc1: 1.219e-01| loss_bc2: 5.833e-03| loss_bc3: 1.231e-02| loss_bc4: 7.230e-03|Time: 0.00
mean_grad_res: 0.002225
mean_grad_bcs: 0.071572
It: 12200, loss: 1.996e+00| loss_res: 7.388e+03| loss_f: 3.723e-03| loss_bc1: 1.035e-01| loss_bc2: 6.631e-03| loss_bc3: 1.166e-02| loss_bc4: 1.229e-02|Time: 0.00
mean_grad_res: 0.002741
mean_grad_bcs: 0.062659
It: 12300, loss: 2.607e+00| loss_res: 7.651e+03| loss_f: 4.934e-03| loss_bc1: 1.092e-01| loss_bc2: 8.354e-03| loss_bc3: 1.474e-02| loss_bc4: 8.137e-03|Time: 0.00
mean_grad_res: 0.003585
mean_grad_bcs: 0.068664
It: 12400, loss: 1.151e+00| loss_res: 6.859e+03| loss_f: 2.040e-03| loss_bc1: 1.065e-01| loss_bc2: 6.358e-03| loss_bc3: 1.104e-02| loss_bc4: 7.084e-03|Time: 0.00
mean_grad_res: 0.002337
mean_grad_bcs: 0.054092
It: 12500, loss: 1.877e+00| loss_res: 7.434e+03| loss_f: 3.476e-03| loss_bc1: 1.136e-01| loss_bc2: 9.543e-03| loss_bc3: 1.116e-02| loss_bc4: 4.997e-03|Time: 0.00
mean_grad_res: 0.002959
mean_grad_bcs: 0.067425
It: 12600, loss: 1.631e+00| loss_res: 8.446e+03| loss_f: 3.008e-03| loss_bc1: 1.043e-01| loss_bc2: 6.588e-03| loss_bc3: 9.187e-03| loss_bc4: 6.996e-03|Time: 0.00
mean_grad_res: 0.001587
mean_grad_bcs: 0.053913
It: 12700, loss: 1.021e+00| loss_res: 5.781e+03| loss_f: 1.799e-03| loss_bc1: 9.859e-02| loss_bc2: 5.869e-03| loss_bc3: 1.041e-02| loss_bc4: 6.999e-03|Time: 0.00
mean_grad_res: 0.003985
mean_grad_bcs: 0.058544
It: 12800, loss: 2.088e+00| loss_res: 6.135e+03| loss_f: 3.941e-03| loss_bc1: 1.003e-01| loss_bc2: 4.147e-03| loss_bc3: 7.455e-03| loss_bc4: 5.924e-03|Time: 0.00
mean_grad_res: 0.001162
mean_grad_bcs: 0.059851
It: 12900, loss: 1.884e+00| loss_res: 7.428e+03| loss_f: 3.560e-03| loss_bc1: 8.327e-02| loss_bc2: 4.963e-03| loss_bc3: 1.019e-02| loss_bc4: 5.016e-03|Time: 0.00
mean_grad_res: 0.002611
mean_grad_bcs: 0.050997
It: 13000, loss: 1.608e+00| loss_res: 7.168e+03| loss_f: 3.037e-03| loss_bc1: 7.020e-02| loss_bc2: 5.533e-03| loss_bc3: 7.794e-03| loss_bc4: 5.873e-03|Time: 0.00
mean_grad_res: 0.003710
mean_grad_bcs: 0.044973
It: 13100, loss: 1.395e+00| loss_res: 7.370e+03| loss_f: 2.578e-03| loss_bc1: 8.675e-02| loss_bc2: 4.078e-03| loss_bc3: 7.849e-03| loss_bc4: 6.778e-03|Time: 0.01
mean_grad_res: 0.002986
mean_grad_bcs: 0.048538
It: 13200, loss: 1.677e+00| loss_res: 7.099e+03| loss_f: 3.136e-03| loss_bc1: 8.797e-02| loss_bc2: 6.750e-03| loss_bc3: 1.129e-02| loss_bc4: 3.361e-03|Time: 0.00
mean_grad_res: 0.002615
mean_grad_bcs: 0.044877
It: 13300, loss: 1.011e+00| loss_res: 8.257e+03| loss_f: 1.764e-03| loss_bc1: 1.053e-01| loss_bc2: 5.847e-03| loss_bc3: 1.029e-02| loss_bc4: 7.136e-03|Time: 0.00
mean_grad_res: 0.002063
mean_grad_bcs: 0.070082
It: 13400, loss: 1.088e+00| loss_res: 6.499e+03| loss_f: 1.965e-03| loss_bc1: 8.503e-02| loss_bc2: 6.021e-03| loss_bc3: 9.051e-03| loss_bc4: 4.954e-03|Time: 0.00
mean_grad_res: 0.002687
mean_grad_bcs: 0.058917
It: 13500, loss: 1.592e+00| loss_res: 7.830e+03| loss_f: 3.008e-03| loss_bc1: 6.972e-02| loss_bc2: 5.258e-03| loss_bc3: 6.652e-03| loss_bc4: 6.301e-03|Time: 0.00
mean_grad_res: 0.001475
mean_grad_bcs: 0.052202
It: 13600, loss: 8.708e-01| loss_res: 6.214e+03| loss_f: 1.508e-03| loss_bc1: 9.357e-02| loss_bc2: 5.789e-03| loss_bc3: 7.059e-03| loss_bc4: 1.061e-02|Time: 0.00
mean_grad_res: 0.001649
mean_grad_bcs: 0.060371
It: 13700, loss: 1.425e+00| loss_res: 8.650e+03| loss_f: 2.713e-03| loss_bc1: 5.378e-02| loss_bc2: 4.323e-03| loss_bc3: 6.053e-03| loss_bc4: 4.641e-03|Time: 0.00
mean_grad_res: 0.002858
mean_grad_bcs: 0.044300
It: 13800, loss: 1.433e+00| loss_res: 6.979e+03| loss_f: 2.694e-03| loss_bc1: 6.819e-02| loss_bc2: 5.468e-03| loss_bc3: 6.444e-03| loss_bc4: 5.679e-03|Time: 0.00
mean_grad_res: 0.003442
mean_grad_bcs: 0.054034
It: 13900, loss: 1.294e+00| loss_res: 7.533e+03| loss_f: 2.397e-03| loss_bc1: 7.789e-02| loss_bc2: 5.845e-03| loss_bc3: 7.193e-03| loss_bc4: 4.795e-03|Time: 0.00
mean_grad_res: 0.003055
mean_grad_bcs: 0.059748
It: 14000, loss: 1.207e+00| loss_res: 8.033e+03| loss_f: 2.218e-03| loss_bc1: 8.008e-02| loss_bc2: 6.108e-03| loss_bc3: 7.732e-03| loss_bc4: 4.449e-03|Time: 0.01
mean_grad_res: 0.001896
mean_grad_bcs: 0.069187
It: 14100, loss: 1.838e+00| loss_res: 6.867e+03| loss_f: 3.525e-03| loss_bc1: 5.721e-02| loss_bc2: 4.724e-03| loss_bc3: 7.817e-03| loss_bc4: 5.869e-03|Time: 0.00
mean_grad_res: 0.003285
mean_grad_bcs: 0.050090
It: 14200, loss: 1.650e+00| loss_res: 7.209e+03| loss_f: 3.140e-03| loss_bc1: 6.360e-02| loss_bc2: 5.139e-03| loss_bc3: 6.714e-03| loss_bc4: 4.817e-03|Time: 0.00
mean_grad_res: 0.004859
mean_grad_bcs: 0.047081
It: 14300, loss: 1.167e+00| loss_res: 6.131e+03| loss_f: 2.172e-03| loss_bc1: 6.396e-02| loss_bc2: 5.015e-03| loss_bc3: 6.799e-03| loss_bc4: 5.299e-03|Time: 0.01
mean_grad_res: 0.002863
mean_grad_bcs: 0.041565
It: 14400, loss: 7.687e-01| loss_res: 6.947e+03| loss_f: 1.384e-03| loss_bc1: 6.258e-02| loss_bc2: 3.427e-03| loss_bc3: 5.151e-03| loss_bc4: 5.445e-03|Time: 0.01
mean_grad_res: 0.001456
mean_grad_bcs: 0.050435
It: 14500, loss: 1.077e+00| loss_res: 6.959e+03| loss_f: 1.991e-03| loss_bc1: 6.442e-02| loss_bc2: 6.421e-03| loss_bc3: 5.515e-03| loss_bc4: 4.859e-03|Time: 0.00
mean_grad_res: 0.001738
mean_grad_bcs: 0.054959
It: 14600, loss: 1.132e+00| loss_res: 8.066e+03| loss_f: 2.134e-03| loss_bc1: 5.145e-02| loss_bc2: 3.350e-03| loss_bc3: 5.189e-03| loss_bc4: 4.591e-03|Time: 0.00
mean_grad_res: 0.002410
mean_grad_bcs: 0.038840
It: 14700, loss: 7.071e-01| loss_res: 7.951e+03| loss_f: 1.270e-03| loss_bc1: 5.531e-02| loss_bc2: 4.769e-03| loss_bc3: 5.312e-03| loss_bc4: 6.617e-03|Time: 0.00
mean_grad_res: 0.002385
mean_grad_bcs: 0.047513
It: 14800, loss: 7.607e-01| loss_res: 8.811e+03| loss_f: 1.365e-03| loss_bc1: 6.165e-02| loss_bc2: 6.178e-03| loss_bc3: 4.139e-03| loss_bc4: 6.478e-03|Time: 0.00
mean_grad_res: 0.002100
mean_grad_bcs: 0.048653
It: 14900, loss: 6.737e-01| loss_res: 6.337e+03| loss_f: 1.204e-03| loss_bc1: 5.782e-02| loss_bc2: 5.487e-03| loss_bc3: 5.007e-03| loss_bc4: 3.248e-03|Time: 0.00
mean_grad_res: 0.001599
mean_grad_bcs: 0.045502
It: 15000, loss: 7.720e-01| loss_res: 7.934e+03| loss_f: 1.424e-03| loss_bc1: 4.641e-02| loss_bc2: 2.833e-03| loss_bc3: 5.448e-03| loss_bc4: 5.109e-03|Time: 0.00
mean_grad_res: 0.002633
mean_grad_bcs: 0.035338
It: 15100, loss: 6.685e-01| loss_res: 7.229e+03| loss_f: 1.175e-03| loss_bc1: 6.199e-02| loss_bc2: 5.404e-03| loss_bc3: 6.457e-03| loss_bc4: 6.991e-03|Time: 0.00
mean_grad_res: 0.001583
mean_grad_bcs: 0.048188
It: 15200, loss: 9.543e-01| loss_res: 8.252e+03| loss_f: 1.783e-03| loss_bc1: 4.908e-02| loss_bc2: 3.539e-03| loss_bc3: 5.727e-03| loss_bc4: 4.342e-03|Time: 0.00
mean_grad_res: 0.001672
mean_grad_bcs: 0.041423
It: 15300, loss: 8.187e-01| loss_res: 6.455e+03| loss_f: 1.515e-03| loss_bc1: 4.741e-02| loss_bc2: 3.972e-03| loss_bc3: 4.755e-03| loss_bc4: 4.969e-03|Time: 0.00
mean_grad_res: 0.002950
mean_grad_bcs: 0.041146
It: 15400, loss: 1.046e+00| loss_res: 8.420e+03| loss_f: 1.986e-03| loss_bc1: 4.161e-02| loss_bc2: 3.896e-03| loss_bc3: 5.037e-03| loss_bc4: 2.337e-03|Time: 0.00
mean_grad_res: 0.002234
mean_grad_bcs: 0.034100
It: 15500, loss: 1.375e+00| loss_res: 6.395e+03| loss_f: 2.628e-03| loss_bc1: 4.737e-02| loss_bc2: 4.848e-03| loss_bc3: 5.599e-03| loss_bc4: 3.091e-03|Time: 0.00
mean_grad_res: 0.002308
mean_grad_bcs: 0.037687
It: 15600, loss: 6.075e-01| loss_res: 5.744e+03| loss_f: 1.109e-03| loss_bc1: 3.961e-02| loss_bc2: 2.960e-03| loss_bc3: 5.263e-03| loss_bc4: 5.298e-03|Time: 0.00
mean_grad_res: 0.001613
mean_grad_bcs: 0.051013
It: 15700, loss: 7.562e-01| loss_res: 7.854e+03| loss_f: 1.406e-03| loss_bc1: 3.815e-02| loss_bc2: 4.164e-03| loss_bc3: 5.569e-03| loss_bc4: 5.324e-03|Time: 0.00
mean_grad_res: 0.002754
mean_grad_bcs: 0.042663
It: 15800, loss: 8.651e-01| loss_res: 7.639e+03| loss_f: 1.609e-03| loss_bc1: 4.753e-02| loss_bc2: 3.665e-03| loss_bc3: 5.085e-03| loss_bc4: 4.296e-03|Time: 0.00
mean_grad_res: 0.001669
mean_grad_bcs: 0.048858
It: 15900, loss: 9.889e-01| loss_res: 6.148e+03| loss_f: 1.864e-03| loss_bc1: 4.215e-02| loss_bc2: 4.428e-03| loss_bc3: 6.374e-03| loss_bc4: 3.828e-03|Time: 0.00
mean_grad_res: 0.001416
mean_grad_bcs: 0.050893
It: 16000, loss: 7.937e-01| loss_res: 6.518e+03| loss_f: 1.488e-03| loss_bc1: 3.546e-02| loss_bc2: 4.291e-03| loss_bc3: 5.002e-03| loss_bc4: 4.851e-03|Time: 0.00
mean_grad_res: 0.002494
mean_grad_bcs: 0.033844
It: 16100, loss: 8.521e-01| loss_res: 6.835e+03| loss_f: 1.595e-03| loss_bc1: 3.849e-02| loss_bc2: 5.726e-03| loss_bc3: 5.442e-03| loss_bc4: 4.827e-03|Time: 0.00
mean_grad_res: 0.002524
mean_grad_bcs: 0.037747
It: 16200, loss: 9.870e-01| loss_res: 8.177e+03| loss_f: 1.866e-03| loss_bc1: 3.744e-02| loss_bc2: 5.223e-03| loss_bc3: 5.366e-03| loss_bc4: 6.105e-03|Time: 0.01
mean_grad_res: 0.003044
mean_grad_bcs: 0.039471
It: 16300, loss: 5.218e-01| loss_res: 7.620e+03| loss_f: 9.346e-04| loss_bc1: 4.012e-02| loss_bc2: 5.151e-03| loss_bc3: 4.843e-03| loss_bc4: 4.361e-03|Time: 0.00
mean_grad_res: 0.001486
mean_grad_bcs: 0.039866
It: 16400, loss: 8.686e-01| loss_res: 6.614e+03| loss_f: 1.641e-03| loss_bc1: 3.412e-02| loss_bc2: 4.398e-03| loss_bc3: 4.538e-03| loss_bc4: 4.892e-03|Time: 0.00
mean_grad_res: 0.002068
mean_grad_bcs: 0.039326
It: 16500, loss: 5.191e-01| loss_res: 7.452e+03| loss_f: 9.342e-04| loss_bc1: 3.934e-02| loss_bc2: 3.649e-03| loss_bc3: 4.920e-03| loss_bc4: 4.072e-03|Time: 0.00
mean_grad_res: 0.001792
mean_grad_bcs: 0.035541
It: 16600, loss: 5.271e-01| loss_res: 6.260e+03| loss_f: 9.609e-04| loss_bc1: 3.266e-02| loss_bc2: 5.209e-03| loss_bc3: 5.128e-03| loss_bc4: 3.600e-03|Time: 0.00
mean_grad_res: 0.001863
mean_grad_bcs: 0.047276
It: 16700, loss: 5.642e-01| loss_res: 6.784e+03| loss_f: 1.035e-03| loss_bc1: 3.247e-02| loss_bc2: 5.233e-03| loss_bc3: 5.162e-03| loss_bc4: 3.778e-03|Time: 0.00
mean_grad_res: 0.001215
mean_grad_bcs: 0.035770
It: 16800, loss: 5.046e-01| loss_res: 7.757e+03| loss_f: 9.183e-04| loss_bc1: 3.112e-02| loss_bc2: 5.344e-03| loss_bc3: 5.420e-03| loss_bc4: 3.532e-03|Time: 0.00
mean_grad_res: 0.001432
mean_grad_bcs: 0.033720
It: 16900, loss: 6.298e-01| loss_res: 7.641e+03| loss_f: 1.172e-03| loss_bc1: 3.170e-02| loss_bc2: 4.047e-03| loss_bc3: 3.820e-03| loss_bc4: 3.962e-03|Time: 0.00
mean_grad_res: 0.001020
mean_grad_bcs: 0.033577
It: 17000, loss: 6.774e-01| loss_res: 6.647e+03| loss_f: 1.274e-03| loss_bc1: 2.808e-02| loss_bc2: 3.928e-03| loss_bc3: 4.123e-03| loss_bc4: 4.067e-03|Time: 0.00
mean_grad_res: 0.002113
mean_grad_bcs: 0.027049
It: 17100, loss: 7.367e-01| loss_res: 6.375e+03| loss_f: 1.395e-03| loss_bc1: 2.825e-02| loss_bc2: 3.398e-03| loss_bc3: 4.042e-03| loss_bc4: 3.409e-03|Time: 0.01
mean_grad_res: 0.002634
mean_grad_bcs: 0.030369
It: 17200, loss: 5.773e-01| loss_res: 8.212e+03| loss_f: 1.069e-03| loss_bc1: 2.885e-02| loss_bc2: 5.297e-03| loss_bc3: 5.133e-03| loss_bc4: 3.581e-03|Time: 0.00
mean_grad_res: 0.000698
mean_grad_bcs: 0.035365
It: 17300, loss: 5.997e-01| loss_res: 8.127e+03| loss_f: 1.114e-03| loss_bc1: 3.040e-02| loss_bc2: 3.315e-03| loss_bc3: 4.619e-03| loss_bc4: 4.377e-03|Time: 0.00
mean_grad_res: 0.001445
mean_grad_bcs: 0.039477
It: 17400, loss: 3.354e-01| loss_res: 8.307e+03| loss_f: 5.977e-04| loss_bc1: 2.375e-02| loss_bc2: 5.075e-03| loss_bc3: 4.524e-03| loss_bc4: 3.174e-03|Time: 0.01
mean_grad_res: 0.001713
mean_grad_bcs: 0.026486
It: 17500, loss: 4.437e-01| loss_res: 6.478e+03| loss_f: 7.900e-04| loss_bc1: 3.661e-02| loss_bc2: 3.633e-03| loss_bc3: 3.748e-03| loss_bc4: 4.731e-03|Time: 0.00
mean_grad_res: 0.001811
mean_grad_bcs: 0.040054
It: 17600, loss: 4.712e-01| loss_res: 7.589e+03| loss_f: 8.687e-04| loss_bc1: 2.436e-02| loss_bc2: 4.106e-03| loss_bc3: 5.023e-03| loss_bc4: 3.399e-03|Time: 0.00
mean_grad_res: 0.001977
mean_grad_bcs: 0.028643
It: 17700, loss: 5.003e-01| loss_res: 7.144e+03| loss_f: 9.213e-04| loss_bc1: 2.813e-02| loss_bc2: 3.634e-03| loss_bc3: 5.058e-03| loss_bc4: 2.800e-03|Time: 0.00
mean_grad_res: 0.001108
mean_grad_bcs: 0.035746
It: 17800, loss: 6.844e-01| loss_res: 6.751e+03| loss_f: 1.293e-03| loss_bc1: 2.608e-02| loss_bc2: 4.828e-03| loss_bc3: 4.077e-03| loss_bc4: 3.123e-03|Time: 0.00
mean_grad_res: 0.002226
mean_grad_bcs: 0.032479
It: 17900, loss: 5.802e-01| loss_res: 6.129e+03| loss_f: 1.095e-03| loss_bc1: 2.247e-02| loss_bc2: 3.580e-03| loss_bc3: 3.775e-03| loss_bc4: 2.925e-03|Time: 0.00
mean_grad_res: 0.001585
mean_grad_bcs: 0.033748
It: 18000, loss: 6.452e-01| loss_res: 8.178e+03| loss_f: 1.214e-03| loss_bc1: 2.703e-02| loss_bc2: 3.231e-03| loss_bc3: 4.326e-03| loss_bc4: 3.467e-03|Time: 0.00
mean_grad_res: 0.002921
mean_grad_bcs: 0.037060
It: 18100, loss: 4.783e-01| loss_res: 7.090e+03| loss_f: 8.792e-04| loss_bc1: 2.623e-02| loss_bc2: 5.414e-03| loss_bc3: 3.933e-03| loss_bc4: 3.103e-03|Time: 0.00
mean_grad_res: 0.002233
mean_grad_bcs: 0.033190
It: 18200, loss: 4.617e-01| loss_res: 7.744e+03| loss_f: 8.548e-04| loss_bc1: 2.275e-02| loss_bc2: 3.150e-03| loss_bc3: 4.268e-03| loss_bc4: 4.186e-03|Time: 0.00
mean_grad_res: 0.001903
mean_grad_bcs: 0.025033
It: 18300, loss: 5.907e-01| loss_res: 6.856e+03| loss_f: 1.114e-03| loss_bc1: 1.987e-02| loss_bc2: 3.898e-03| loss_bc3: 4.840e-03| loss_bc4: 5.139e-03|Time: 0.00
mean_grad_res: 0.001930
mean_grad_bcs: 0.034889
It: 18400, loss: 5.883e-01| loss_res: 6.699e+03| loss_f: 1.107e-03| loss_bc1: 2.351e-02| loss_bc2: 2.706e-03| loss_bc3: 4.908e-03| loss_bc4: 3.643e-03|Time: 0.00
mean_grad_res: 0.001097
mean_grad_bcs: 0.033418
It: 18500, loss: 2.599e-01| loss_res: 6.837e+03| loss_f: 4.545e-04| loss_bc1: 2.063e-02| loss_bc2: 3.290e-03| loss_bc3: 4.427e-03| loss_bc4: 4.323e-03|Time: 0.00
mean_grad_res: 0.001403
mean_grad_bcs: 0.024943
It: 18600, loss: 5.702e-01| loss_res: 7.945e+03| loss_f: 1.068e-03| loss_bc1: 2.298e-02| loss_bc2: 4.478e-03| loss_bc3: 5.629e-03| loss_bc4: 2.906e-03|Time: 0.00
mean_grad_res: 0.002897
mean_grad_bcs: 0.036824
It: 18700, loss: 6.462e-01| loss_res: 8.195e+03| loss_f: 1.229e-03| loss_bc1: 1.924e-02| loss_bc2: 4.752e-03| loss_bc3: 4.058e-03| loss_bc4: 3.812e-03|Time: 0.00
mean_grad_res: 0.001499
mean_grad_bcs: 0.031386
It: 18800, loss: 3.954e-01| loss_res: 7.279e+03| loss_f: 7.269e-04| loss_bc1: 1.963e-02| loss_bc2: 4.979e-03| loss_bc3: 4.463e-03| loss_bc4: 2.897e-03|Time: 0.00
mean_grad_res: 0.001507
mean_grad_bcs: 0.032008
It: 18900, loss: 3.512e-01| loss_res: 5.218e+03| loss_f: 6.343e-04| loss_bc1: 2.174e-02| loss_bc2: 5.120e-03| loss_bc3: 4.902e-03| loss_bc4: 2.317e-03|Time: 0.00
mean_grad_res: 0.001456
mean_grad_bcs: 0.043241
It: 19000, loss: 4.960e-01| loss_res: 7.317e+03| loss_f: 9.262e-04| loss_bc1: 2.136e-02| loss_bc2: 4.891e-03| loss_bc3: 4.046e-03| loss_bc4: 2.629e-03|Time: 0.00
mean_grad_res: 0.001026
mean_grad_bcs: 0.034364
It: 19100, loss: 3.676e-01| loss_res: 6.882e+03| loss_f: 6.792e-04| loss_bc1: 1.848e-02| loss_bc2: 2.759e-03| loss_bc3: 3.875e-03| loss_bc4: 2.865e-03|Time: 0.00
mean_grad_res: 0.000843
mean_grad_bcs: 0.023141
It: 19200, loss: 5.662e-01| loss_res: 7.091e+03| loss_f: 1.070e-03| loss_bc1: 2.027e-02| loss_bc2: 3.393e-03| loss_bc3: 4.433e-03| loss_bc4: 2.848e-03|Time: 0.00
mean_grad_res: 0.001485
mean_grad_bcs: 0.025383
It: 19300, loss: 2.904e-01| loss_res: 7.614e+03| loss_f: 5.245e-04| loss_bc1: 1.725e-02| loss_bc2: 3.520e-03| loss_bc3: 5.241e-03| loss_bc4: 2.192e-03|Time: 0.00
mean_grad_res: 0.000811
mean_grad_bcs: 0.020792
It: 19400, loss: 2.053e-01| loss_res: 6.619e+03| loss_f: 3.538e-04| loss_bc1: 1.775e-02| loss_bc2: 3.740e-03| loss_bc3: 4.358e-03| loss_bc4: 2.563e-03|Time: 0.00
mean_grad_res: 0.001510
mean_grad_bcs: 0.022289
It: 19500, loss: 2.898e-01| loss_res: 6.469e+03| loss_f: 5.235e-04| loss_bc1: 1.792e-02| loss_bc2: 3.267e-03| loss_bc3: 4.212e-03| loss_bc4: 2.663e-03|Time: 0.00
mean_grad_res: 0.001745
mean_grad_bcs: 0.018955
It: 19600, loss: 3.438e-01| loss_res: 6.981e+03| loss_f: 6.267e-04| loss_bc1: 2.053e-02| loss_bc2: 3.138e-03| loss_bc3: 3.766e-03| loss_bc4: 3.015e-03|Time: 0.00
mean_grad_res: 0.000987
mean_grad_bcs: 0.024735
It: 19700, loss: 5.663e-01| loss_res: 6.498e+03| loss_f: 1.071e-03| loss_bc1: 2.108e-02| loss_bc2: 3.548e-03| loss_bc3: 3.707e-03| loss_bc4: 2.407e-03|Time: 0.00
mean_grad_res: 0.001362
mean_grad_bcs: 0.025908
It: 19800, loss: 4.698e-01| loss_res: 7.233e+03| loss_f: 8.858e-04| loss_bc1: 1.704e-02| loss_bc2: 3.419e-03| loss_bc3: 3.632e-03| loss_bc4: 2.838e-03|Time: 0.00
mean_grad_res: 0.001799
mean_grad_bcs: 0.017519
It: 19900, loss: 3.864e-01| loss_res: 7.422e+03| loss_f: 7.216e-04| loss_bc1: 1.570e-02| loss_bc2: 4.149e-03| loss_bc3: 3.984e-03| loss_bc4: 1.745e-03|Time: 0.00
mean_grad_res: 0.001154
mean_grad_bcs: 0.023431
It: 20000, loss: 3.321e-01| loss_res: 7.632e+03| loss_f: 6.091e-04| loss_bc1: 1.647e-02| loss_bc2: 4.634e-03| loss_bc3: 4.077e-03| loss_bc4: 2.310e-03|Time: 0.00
mean_grad_res: 0.002631
mean_grad_bcs: 0.033157
It: 20100, loss: 3.260e-01| loss_res: 8.201e+03| loss_f: 6.034e-04| loss_bc1: 1.471e-02| loss_bc2: 2.801e-03| loss_bc3: 3.815e-03| loss_bc4: 2.995e-03|Time: 0.00
mean_grad_res: 0.001667
mean_grad_bcs: 0.022907
It: 20200, loss: 4.717e-01| loss_res: 7.144e+03| loss_f: 8.926e-04| loss_bc1: 1.610e-02| loss_bc2: 3.183e-03| loss_bc3: 4.095e-03| loss_bc4: 1.986e-03|Time: 0.00
mean_grad_res: 0.001903
mean_grad_bcs: 0.024037
It: 20300, loss: 3.569e-01| loss_res: 6.854e+03| loss_f: 6.677e-04| loss_bc1: 1.401e-02| loss_bc2: 2.184e-03| loss_bc3: 3.609e-03| loss_bc4: 3.248e-03|Time: 0.00
mean_grad_res: 0.000973
mean_grad_bcs: 0.026731
It: 20400, loss: 3.125e-01| loss_res: 7.193e+03| loss_f: 5.782e-04| loss_bc1: 1.376e-02| loss_bc2: 4.394e-03| loss_bc3: 3.693e-03| loss_bc4: 1.569e-03|Time: 0.00
mean_grad_res: 0.001460
mean_grad_bcs: 0.027253
It: 20500, loss: 2.391e-01| loss_res: 7.224e+03| loss_f: 4.268e-04| loss_bc1: 1.487e-02| loss_bc2: 4.980e-03| loss_bc3: 3.572e-03| loss_bc4: 2.284e-03|Time: 0.00
mean_grad_res: 0.000930
mean_grad_bcs: 0.024584
It: 20600, loss: 2.892e-01| loss_res: 5.737e+03| loss_f: 5.233e-04| loss_bc1: 1.754e-02| loss_bc2: 3.479e-03| loss_bc3: 4.025e-03| loss_bc4: 2.526e-03|Time: 0.00
mean_grad_res: 0.000942
mean_grad_bcs: 0.026817
It: 20700, loss: 3.625e-01| loss_res: 7.573e+03| loss_f: 6.778e-04| loss_bc1: 1.544e-02| loss_bc2: 2.871e-03| loss_bc3: 3.093e-03| loss_bc4: 2.191e-03|Time: 0.00
mean_grad_res: 0.001097
mean_grad_bcs: 0.024121
It: 20800, loss: 3.116e-01| loss_res: 6.817e+03| loss_f: 5.699e-04| loss_bc1: 1.543e-02| loss_bc2: 3.338e-03| loss_bc3: 4.010e-03| loss_bc4: 3.853e-03|Time: 0.00
mean_grad_res: 0.000940
mean_grad_bcs: 0.028907
It: 20900, loss: 5.470e-01| loss_res: 7.293e+03| loss_f: 1.044e-03| loss_bc1: 1.479e-02| loss_bc2: 4.780e-03| loss_bc3: 3.843e-03| loss_bc4: 1.647e-03|Time: 0.00
mean_grad_res: 0.001903
mean_grad_bcs: 0.025037
It: 21000, loss: 2.843e-01| loss_res: 7.464e+03| loss_f: 5.203e-04| loss_bc1: 1.425e-02| loss_bc2: 3.404e-03| loss_bc3: 3.865e-03| loss_bc4: 2.607e-03|Time: 0.00
mean_grad_res: 0.001793
mean_grad_bcs: 0.029101
It: 21100, loss: 2.666e-01| loss_res: 8.642e+03| loss_f: 4.826e-04| loss_bc1: 1.547e-02| loss_bc2: 3.191e-03| loss_bc3: 3.646e-03| loss_bc4: 2.950e-03|Time: 0.00
mean_grad_res: 0.001870
mean_grad_bcs: 0.025807
It: 21200, loss: 3.882e-01| loss_res: 6.857e+03| loss_f: 7.350e-04| loss_bc1: 1.307e-02| loss_bc2: 1.640e-03| loss_bc3: 3.776e-03| loss_bc4: 2.211e-03|Time: 0.00
mean_grad_res: 0.001730
mean_grad_bcs: 0.018449
It: 21300, loss: 2.508e-01| loss_res: 8.165e+03| loss_f: 4.536e-04| loss_bc1: 1.451e-02| loss_bc2: 3.095e-03| loss_bc3: 3.950e-03| loss_bc4: 2.449e-03|Time: 0.00
mean_grad_res: 0.002040
mean_grad_bcs: 0.028198
It: 21400, loss: 2.735e-01| loss_res: 8.601e+03| loss_f: 5.049e-04| loss_bc1: 1.268e-02| loss_bc2: 2.946e-03| loss_bc3: 3.247e-03| loss_bc4: 2.192e-03|Time: 0.00
mean_grad_res: 0.000963
mean_grad_bcs: 0.018462
It: 21500, loss: 2.649e-01| loss_res: 7.786e+03| loss_f: 4.907e-04| loss_bc1: 1.220e-02| loss_bc2: 2.035e-03| loss_bc3: 3.030e-03| loss_bc4: 2.291e-03|Time: 0.00
mean_grad_res: 0.001677
mean_grad_bcs: 0.013004
It: 21600, loss: 2.714e-01| loss_res: 6.526e+03| loss_f: 4.961e-04| loss_bc1: 1.218e-02| loss_bc2: 5.153e-03| loss_bc3: 3.981e-03| loss_bc4: 1.974e-03|Time: 0.00
mean_grad_res: 0.001336
mean_grad_bcs: 0.019573
It: 21700, loss: 2.826e-01| loss_res: 7.669e+03| loss_f: 5.205e-04| loss_bc1: 1.455e-02| loss_bc2: 2.107e-03| loss_bc3: 3.345e-03| loss_bc4: 2.315e-03|Time: 0.00
mean_grad_res: 0.002025
mean_grad_bcs: 0.019950
It: 21800, loss: 2.264e-01| loss_res: 6.581e+03| loss_f: 4.049e-04| loss_bc1: 1.451e-02| loss_bc2: 3.540e-03| loss_bc3: 3.761e-03| loss_bc4: 2.143e-03|Time: 0.00
mean_grad_res: 0.001721
mean_grad_bcs: 0.018351
It: 21900, loss: 2.772e-01| loss_res: 7.355e+03| loss_f: 5.108e-04| loss_bc1: 1.420e-02| loss_bc2: 2.530e-03| loss_bc3: 3.038e-03| loss_bc4: 2.084e-03|Time: 0.00
mean_grad_res: 0.001033
mean_grad_bcs: 0.020374
It: 22000, loss: 3.549e-01| loss_res: 7.667e+03| loss_f: 6.678e-04| loss_bc1: 1.114e-02| loss_bc2: 2.852e-03| loss_bc3: 3.609e-03| loss_bc4: 3.366e-03|Time: 0.00
mean_grad_res: 0.002716
mean_grad_bcs: 0.032788
It: 22100, loss: 2.632e-01| loss_res: 7.184e+03| loss_f: 4.833e-04| loss_bc1: 1.277e-02| loss_bc2: 3.197e-03| loss_bc3: 3.802e-03| loss_bc4: 1.824e-03|Time: 0.00
mean_grad_res: 0.000906
mean_grad_bcs: 0.028351
It: 22200, loss: 2.101e-01| loss_res: 7.298e+03| loss_f: 3.730e-04| loss_bc1: 1.256e-02| loss_bc2: 4.766e-03| loss_bc3: 4.034e-03| loss_bc4: 2.194e-03|Time: 0.00
mean_grad_res: 0.000830
mean_grad_bcs: 0.017659
It: 22300, loss: 2.424e-01| loss_res: 8.012e+03| loss_f: 4.407e-04| loss_bc1: 1.314e-02| loss_bc2: 3.748e-03| loss_bc3: 3.439e-03| loss_bc4: 1.696e-03|Time: 0.01
mean_grad_res: 0.001841
mean_grad_bcs: 0.018125
It: 22400, loss: 2.864e-01| loss_res: 7.392e+03| loss_f: 5.290e-04| loss_bc1: 1.221e-02| loss_bc2: 2.368e-03| loss_bc3: 3.557e-03| loss_bc4: 3.791e-03|Time: 0.00
mean_grad_res: 0.001688
mean_grad_bcs: 0.023834
It: 22500, loss: 2.258e-01| loss_res: 8.021e+03| loss_f: 4.120e-04| loss_bc1: 1.125e-02| loss_bc2: 3.377e-03| loss_bc3: 3.583e-03| loss_bc4: 1.581e-03|Time: 0.00
mean_grad_res: 0.001526
mean_grad_bcs: 0.020032
It: 22600, loss: 1.925e-01| loss_res: 7.588e+03| loss_f: 3.412e-04| loss_bc1: 1.313e-02| loss_bc2: 2.901e-03| loss_bc3: 3.606e-03| loss_bc4: 2.212e-03|Time: 0.00
mean_grad_res: 0.001276
mean_grad_bcs: 0.018035
It: 22700, loss: 1.646e-01| loss_res: 6.938e+03| loss_f: 2.895e-04| loss_bc1: 1.053e-02| loss_bc2: 3.346e-03| loss_bc3: 3.476e-03| loss_bc4: 2.543e-03|Time: 0.00
mean_grad_res: 0.001020
mean_grad_bcs: 0.013901
It: 22800, loss: 2.462e-01| loss_res: 7.160e+03| loss_f: 4.544e-04| loss_bc1: 1.141e-02| loss_bc2: 2.654e-03| loss_bc3: 3.120e-03| loss_bc4: 1.786e-03|Time: 0.00
mean_grad_res: 0.001391
mean_grad_bcs: 0.015737
It: 22900, loss: 2.255e-01| loss_res: 8.416e+03| loss_f: 4.159e-04| loss_bc1: 9.286e-03| loss_bc2: 2.862e-03| loss_bc3: 3.341e-03| loss_bc4: 2.055e-03|Time: 0.00
mean_grad_res: 0.002566
mean_grad_bcs: 0.020822
It: 23000, loss: 2.364e-01| loss_res: 6.715e+03| loss_f: 4.293e-04| loss_bc1: 1.230e-02| loss_bc2: 3.873e-03| loss_bc3: 2.934e-03| loss_bc4: 2.641e-03|Time: 0.00
mean_grad_res: 0.001288
mean_grad_bcs: 0.018135
It: 23100, loss: 1.953e-01| loss_res: 8.641e+03| loss_f: 3.528e-04| loss_bc1: 9.364e-03| loss_bc2: 4.244e-03| loss_bc3: 3.339e-03| loss_bc4: 1.967e-03|Time: 0.00
mean_grad_res: 0.001504
mean_grad_bcs: 0.017389
It: 23200, loss: 1.837e-01| loss_res: 7.075e+03| loss_f: 3.327e-04| loss_bc1: 1.012e-02| loss_bc2: 2.299e-03| loss_bc3: 3.232e-03| loss_bc4: 1.722e-03|Time: 0.00
mean_grad_res: 0.000672
mean_grad_bcs: 0.017130
It: 23300, loss: 1.902e-01| loss_res: 7.394e+03| loss_f: 3.422e-04| loss_bc1: 1.100e-02| loss_bc2: 3.622e-03| loss_bc3: 3.017e-03| loss_bc4: 1.410e-03|Time: 0.00
mean_grad_res: 0.000797
mean_grad_bcs: 0.014471
It: 23400, loss: 1.901e-01| loss_res: 6.932e+03| loss_f: 3.432e-04| loss_bc1: 1.067e-02| loss_bc2: 2.991e-03| loss_bc3: 3.151e-03| loss_bc4: 1.691e-03|Time: 0.01
mean_grad_res: 0.001957
mean_grad_bcs: 0.021192
It: 23500, loss: 2.208e-01| loss_res: 7.256e+03| loss_f: 4.071e-04| loss_bc1: 9.248e-03| loss_bc2: 3.442e-03| loss_bc3: 2.960e-03| loss_bc4: 1.619e-03|Time: 0.00
mean_grad_res: 0.000982
mean_grad_bcs: 0.014892
It: 23600, loss: 2.463e-01| loss_res: 7.520e+03| loss_f: 4.570e-04| loss_bc1: 1.057e-02| loss_bc2: 2.739e-03| loss_bc3: 2.285e-03| loss_bc4: 2.171e-03|Time: 0.00
mean_grad_res: 0.000925
mean_grad_bcs: 0.015055
It: 23700, loss: 1.942e-01| loss_res: 6.563e+03| loss_f: 3.570e-04| loss_bc1: 9.324e-03| loss_bc2: 1.764e-03| loss_bc3: 2.682e-03| loss_bc4: 1.914e-03|Time: 0.00
mean_grad_res: 0.000756
mean_grad_bcs: 0.016583
It: 23800, loss: 3.031e-01| loss_res: 7.978e+03| loss_f: 5.706e-04| loss_bc1: 1.029e-02| loss_bc2: 2.298e-03| loss_bc3: 2.784e-03| loss_bc4: 2.363e-03|Time: 0.00
mean_grad_res: 0.000954
mean_grad_bcs: 0.016654
It: 23900, loss: 1.797e-01| loss_res: 7.386e+03| loss_f: 3.247e-04| loss_bc1: 9.217e-03| loss_bc2: 3.760e-03| loss_bc3: 3.637e-03| loss_bc4: 7.541e-04|Time: 0.00
mean_grad_res: 0.000608
mean_grad_bcs: 0.018212
It: 24000, loss: 2.400e-01| loss_res: 7.922e+03| loss_f: 4.489e-04| loss_bc1: 8.172e-03| loss_bc2: 3.082e-03| loss_bc3: 3.179e-03| loss_bc4: 1.158e-03|Time: 0.00
mean_grad_res: 0.000981
mean_grad_bcs: 0.010486
It: 24100, loss: 1.559e-01| loss_res: 7.763e+03| loss_f: 2.790e-04| loss_bc1: 9.376e-03| loss_bc2: 2.431e-03| loss_bc3: 3.382e-03| loss_bc4: 1.273e-03|Time: 0.00
mean_grad_res: 0.000605
mean_grad_bcs: 0.013938
It: 24200, loss: 1.414e-01| loss_res: 7.604e+03| loss_f: 2.485e-04| loss_bc1: 9.258e-03| loss_bc2: 3.175e-03| loss_bc3: 2.670e-03| loss_bc4: 2.049e-03|Time: 0.00
mean_grad_res: 0.000694
mean_grad_bcs: 0.017261
It: 24300, loss: 2.550e-01| loss_res: 6.181e+03| loss_f: 4.771e-04| loss_bc1: 8.642e-03| loss_bc2: 3.350e-03| loss_bc3: 3.178e-03| loss_bc4: 1.329e-03|Time: 0.00
mean_grad_res: 0.000735
mean_grad_bcs: 0.018414
It: 24400, loss: 2.509e-01| loss_res: 7.454e+03| loss_f: 4.665e-04| loss_bc1: 1.057e-02| loss_bc2: 2.867e-03| loss_bc3: 2.736e-03| loss_bc4: 1.464e-03|Time: 0.00
mean_grad_res: 0.001482
mean_grad_bcs: 0.017180
It: 24500, loss: 2.013e-01| loss_res: 6.685e+03| loss_f: 3.625e-04| loss_bc1: 1.044e-02| loss_bc2: 4.638e-03| loss_bc3: 3.111e-03| loss_bc4: 1.839e-03|Time: 0.00
mean_grad_res: 0.000500
mean_grad_bcs: 0.014280
It: 24600, loss: 1.662e-01| loss_res: 7.656e+03| loss_f: 3.028e-04| loss_bc1: 7.898e-03| loss_bc2: 2.140e-03| loss_bc3: 3.357e-03| loss_bc4: 1.393e-03|Time: 0.00
mean_grad_res: 0.001085
mean_grad_bcs: 0.018468
It: 24700, loss: 2.656e-01| loss_res: 6.353e+03| loss_f: 4.965e-04| loss_bc1: 9.398e-03| loss_bc2: 2.669e-03| loss_bc3: 3.187e-03| loss_bc4: 2.085e-03|Time: 0.00
mean_grad_res: 0.001113
mean_grad_bcs: 0.020367
It: 24800, loss: 1.647e-01| loss_res: 6.463e+03| loss_f: 2.980e-04| loss_bc1: 9.023e-03| loss_bc2: 2.455e-03| loss_bc3: 2.968e-03| loss_bc4: 1.255e-03|Time: 0.00
mean_grad_res: 0.001260
mean_grad_bcs: 0.011478
It: 24900, loss: 1.553e-01| loss_res: 7.317e+03| loss_f: 2.782e-04| loss_bc1: 8.610e-03| loss_bc2: 2.754e-03| loss_bc3: 2.531e-03| loss_bc4: 2.349e-03|Time: 0.00
mean_grad_res: 0.001070
mean_grad_bcs: 0.019908
It: 25000, loss: 2.144e-01| loss_res: 6.992e+03| loss_f: 3.952e-04| loss_bc1: 9.469e-03| loss_bc2: 2.178e-03| loss_bc3: 3.354e-03| loss_bc4: 1.845e-03|Time: 0.00
mean_grad_res: 0.001890
mean_grad_bcs: 0.012959
It: 25100, loss: 1.296e-01| loss_res: 7.178e+03| loss_f: 2.313e-04| loss_bc1: 7.095e-03| loss_bc2: 2.365e-03| loss_bc3: 2.992e-03| loss_bc4: 1.501e-03|Time: 0.01
mean_grad_res: 0.000430
mean_grad_bcs: 0.016738
It: 25200, loss: 1.355e-01| loss_res: 7.650e+03| loss_f: 2.395e-04| loss_bc1: 8.537e-03| loss_bc2: 2.709e-03| loss_bc3: 3.056e-03| loss_bc4: 1.451e-03|Time: 0.00
mean_grad_res: 0.001090
mean_grad_bcs: 0.014047
It: 25300, loss: 1.771e-01| loss_res: 7.217e+03| loss_f: 3.235e-04| loss_bc1: 7.510e-03| loss_bc2: 3.574e-03| loss_bc3: 3.195e-03| loss_bc4: 1.129e-03|Time: 0.00
mean_grad_res: 0.000846
mean_grad_bcs: 0.011838
It: 25400, loss: 2.693e-01| loss_res: 7.819e+03| loss_f: 5.047e-04| loss_bc1: 8.394e-03| loss_bc2: 2.615e-03| loss_bc3: 4.096e-03| loss_bc4: 1.886e-03|Time: 0.00
mean_grad_res: 0.001301
mean_grad_bcs: 0.017241
It: 25500, loss: 1.504e-01| loss_res: 6.469e+03| loss_f: 2.712e-04| loss_bc1: 6.591e-03| loss_bc2: 2.797e-03| loss_bc3: 4.306e-03| loss_bc4: 1.085e-03|Time: 0.01
mean_grad_res: 0.001457
mean_grad_bcs: 0.014521
It: 25600, loss: 2.111e-01| loss_res: 6.627e+03| loss_f: 3.909e-04| loss_bc1: 8.667e-03| loss_bc2: 2.683e-03| loss_bc3: 3.152e-03| loss_bc4: 1.130e-03|Time: 0.00
mean_grad_res: 0.000654
mean_grad_bcs: 0.018377
It: 25700, loss: 1.620e-01| loss_res: 7.202e+03| loss_f: 2.906e-04| loss_bc1: 9.202e-03| loss_bc2: 2.721e-03| loss_bc3: 2.748e-03| loss_bc4: 1.966e-03|Time: 0.00
mean_grad_res: 0.001060
mean_grad_bcs: 0.017721
It: 25800, loss: 2.664e-01| loss_res: 7.242e+03| loss_f: 5.045e-04| loss_bc1: 7.177e-03| loss_bc2: 2.613e-03| loss_bc3: 2.183e-03| loss_bc4: 2.167e-03|Time: 0.00
mean_grad_res: 0.000971
mean_grad_bcs: 0.018763
It: 25900, loss: 2.713e-01| loss_res: 6.744e+03| loss_f: 5.124e-04| loss_bc1: 8.033e-03| loss_bc2: 2.361e-03| loss_bc3: 2.136e-03| loss_bc4: 2.597e-03|Time: 0.00
mean_grad_res: 0.000792
mean_grad_bcs: 0.016404
It: 26000, loss: 1.988e-01| loss_res: 6.273e+03| loss_f: 3.648e-04| loss_bc1: 8.662e-03| loss_bc2: 2.301e-03| loss_bc3: 3.442e-03| loss_bc4: 1.962e-03|Time: 0.00
mean_grad_res: 0.001022
mean_grad_bcs: 0.013364
It: 26100, loss: 3.042e-01| loss_res: 7.063e+03| loss_f: 5.777e-04| loss_bc1: 8.152e-03| loss_bc2: 3.972e-03| loss_bc3: 2.219e-03| loss_bc4: 9.954e-04|Time: 0.01
mean_grad_res: 0.001131
mean_grad_bcs: 0.019715
It: 26200, loss: 2.061e-01| loss_res: 6.778e+03| loss_f: 3.839e-04| loss_bc1: 8.396e-03| loss_bc2: 1.870e-03| loss_bc3: 2.836e-03| loss_bc4: 1.053e-03|Time: 0.00
mean_grad_res: 0.000749
mean_grad_bcs: 0.010035
It: 26300, loss: 1.580e-01| loss_res: 7.780e+03| loss_f: 2.859e-04| loss_bc1: 7.661e-03| loss_bc2: 2.973e-03| loss_bc3: 2.665e-03| loss_bc4: 1.750e-03|Time: 0.01
mean_grad_res: 0.000918
mean_grad_bcs: 0.012424
It: 26400, loss: 2.045e-01| loss_res: 6.941e+03| loss_f: 3.815e-04| loss_bc1: 6.582e-03| loss_bc2: 2.363e-03| loss_bc3: 3.123e-03| loss_bc4: 1.638e-03|Time: 0.00
mean_grad_res: 0.000630
mean_grad_bcs: 0.013543
It: 26500, loss: 1.159e-01| loss_res: 6.469e+03| loss_f: 2.047e-04| loss_bc1: 8.246e-03| loss_bc2: 2.290e-03| loss_bc3: 2.428e-03| loss_bc4: 6.070e-04|Time: 0.00
mean_grad_res: 0.000579
mean_grad_bcs: 0.015674
It: 26600, loss: 1.733e-01| loss_res: 8.186e+03| loss_f: 3.182e-04| loss_bc1: 7.825e-03| loss_bc2: 2.039e-03| loss_bc3: 2.921e-03| loss_bc4: 1.427e-03|Time: 0.01
mean_grad_res: 0.001375
mean_grad_bcs: 0.013362
It: 26700, loss: 1.377e-01| loss_res: 7.508e+03| loss_f: 2.464e-04| loss_bc1: 7.273e-03| loss_bc2: 2.742e-03| loss_bc3: 2.337e-03| loss_bc4: 2.108e-03|Time: 0.01
mean_grad_res: 0.000902
mean_grad_bcs: 0.016444
It: 26800, loss: 1.782e-01| loss_res: 6.970e+03| loss_f: 3.273e-04| loss_bc1: 8.479e-03| loss_bc2: 1.725e-03| loss_bc3: 2.780e-03| loss_bc4: 1.505e-03|Time: 0.00
mean_grad_res: 0.000712
mean_grad_bcs: 0.014929
It: 26900, loss: 1.834e-01| loss_res: 5.591e+03| loss_f: 3.370e-04| loss_bc1: 7.952e-03| loss_bc2: 2.894e-03| loss_bc3: 2.648e-03| loss_bc4: 1.411e-03|Time: 0.00
mean_grad_res: 0.000589
mean_grad_bcs: 0.017693
It: 27000, loss: 1.517e-01| loss_res: 8.964e+03| loss_f: 2.752e-04| loss_bc1: 7.254e-03| loss_bc2: 2.956e-03| loss_bc3: 2.745e-03| loss_bc4: 1.126e-03|Time: 0.00
mean_grad_res: 0.001453
mean_grad_bcs: 0.013087
It: 27100, loss: 1.692e-01| loss_res: 6.384e+03| loss_f: 3.087e-04| loss_bc1: 7.663e-03| loss_bc2: 2.561e-03| loss_bc3: 3.156e-03| loss_bc4: 1.414e-03|Time: 0.00
mean_grad_res: 0.001314
mean_grad_bcs: 0.010834
It: 27200, loss: 1.797e-01| loss_res: 6.720e+03| loss_f: 3.302e-04| loss_bc1: 7.713e-03| loss_bc2: 2.718e-03| loss_bc3: 3.079e-03| loss_bc4: 1.074e-03|Time: 0.00
mean_grad_res: 0.000758
mean_grad_bcs: 0.013435
It: 27300, loss: 1.965e-01| loss_res: 7.189e+03| loss_f: 3.616e-04| loss_bc1: 8.666e-03| loss_bc2: 2.762e-03| loss_bc3: 1.914e-03| loss_bc4: 2.387e-03|Time: 0.00
mean_grad_res: 0.001637
mean_grad_bcs: 0.010562
It: 27400, loss: 1.443e-01| loss_res: 5.766e+03| loss_f: 2.603e-04| loss_bc1: 6.301e-03| loss_bc2: 3.149e-03| loss_bc3: 3.319e-03| loss_bc4: 1.359e-03|Time: 0.00
mean_grad_res: 0.000744
mean_grad_bcs: 0.013059
It: 27500, loss: 3.484e-01| loss_res: 6.905e+03| loss_f: 6.698e-04| loss_bc1: 7.167e-03| loss_bc2: 2.265e-03| loss_bc3: 2.527e-03| loss_bc4: 1.505e-03|Time: 0.00
mean_grad_res: 0.001187
mean_grad_bcs: 0.013168
It: 27600, loss: 1.759e-01| loss_res: 7.453e+03| loss_f: 3.214e-04| loss_bc1: 8.736e-03| loss_bc2: 2.498e-03| loss_bc3: 3.056e-03| loss_bc4: 9.112e-04|Time: 0.00
mean_grad_res: 0.001883
mean_grad_bcs: 0.011793
It: 27700, loss: 1.696e-01| loss_res: 6.954e+03| loss_f: 3.133e-04| loss_bc1: 6.338e-03| loss_bc2: 2.129e-03| loss_bc3: 2.801e-03| loss_bc4: 1.686e-03|Time: 0.00
mean_grad_res: 0.000634
mean_grad_bcs: 0.014038
It: 27800, loss: 2.192e-01| loss_res: 5.766e+03| loss_f: 4.102e-04| loss_bc1: 7.670e-03| loss_bc2: 2.657e-03| loss_bc3: 1.889e-03| loss_bc4: 1.867e-03|Time: 0.00
mean_grad_res: 0.001414
mean_grad_bcs: 0.019196
It: 27900, loss: 1.338e-01| loss_res: 7.867e+03| loss_f: 2.402e-04| loss_bc1: 7.924e-03| loss_bc2: 2.005e-03| loss_bc3: 2.469e-03| loss_bc4: 1.337e-03|Time: 0.00
mean_grad_res: 0.001573
mean_grad_bcs: 0.021489
It: 28000, loss: 1.955e-01| loss_res: 7.664e+03| loss_f: 3.622e-04| loss_bc1: 7.817e-03| loss_bc2: 2.161e-03| loss_bc3: 2.702e-03| loss_bc4: 1.734e-03|Time: 0.00
mean_grad_res: 0.000676
mean_grad_bcs: 0.015679
It: 28100, loss: 1.548e-01| loss_res: 6.790e+03| loss_f: 2.866e-04| loss_bc1: 5.820e-03| loss_bc2: 1.863e-03| loss_bc3: 2.705e-03| loss_bc4: 1.105e-03|Time: 0.00
mean_grad_res: 0.000661
mean_grad_bcs: 0.012673
It: 28200, loss: 2.021e-01| loss_res: 7.858e+03| loss_f: 3.795e-04| loss_bc1: 5.741e-03| loss_bc2: 2.821e-03| loss_bc3: 2.730e-03| loss_bc4: 1.064e-03|Time: 0.00
mean_grad_res: 0.000776
mean_grad_bcs: 0.014051
It: 28300, loss: 1.099e-01| loss_res: 6.820e+03| loss_f: 1.918e-04| loss_bc1: 7.255e-03| loss_bc2: 2.231e-03| loss_bc3: 3.019e-03| loss_bc4: 1.506e-03|Time: 0.00
mean_grad_res: 0.000936
mean_grad_bcs: 0.008223
It: 28400, loss: 1.505e-01| loss_res: 6.988e+03| loss_f: 2.722e-04| loss_bc1: 7.243e-03| loss_bc2: 3.390e-03| loss_bc3: 2.612e-03| loss_bc4: 1.173e-03|Time: 0.00
mean_grad_res: 0.000710
mean_grad_bcs: 0.012011
It: 28500, loss: 1.613e-01| loss_res: 7.764e+03| loss_f: 2.995e-04| loss_bc1: 5.714e-03| loss_bc2: 1.740e-03| loss_bc3: 2.564e-03| loss_bc4: 1.514e-03|Time: 0.01
mean_grad_res: 0.001129
mean_grad_bcs: 0.013281
It: 28600, loss: 1.617e-01| loss_res: 8.079e+03| loss_f: 3.006e-04| loss_bc1: 5.827e-03| loss_bc2: 2.177e-03| loss_bc3: 2.350e-03| loss_bc4: 1.038e-03|Time: 0.00
mean_grad_res: 0.000876
mean_grad_bcs: 0.015214
It: 28700, loss: 1.465e-01| loss_res: 6.940e+03| loss_f: 2.651e-04| loss_bc1: 6.471e-03| loss_bc2: 3.168e-03| loss_bc3: 2.472e-03| loss_bc4: 1.798e-03|Time: 0.00
mean_grad_res: 0.000958
mean_grad_bcs: 0.010432
It: 28800, loss: 1.980e-01| loss_res: 6.738e+03| loss_f: 3.720e-04| loss_bc1: 6.185e-03| loss_bc2: 1.900e-03| loss_bc3: 2.419e-03| loss_bc4: 1.438e-03|Time: 0.00
mean_grad_res: 0.000497
mean_grad_bcs: 0.016284
It: 28900, loss: 1.304e-01| loss_res: 7.302e+03| loss_f: 2.352e-04| loss_bc1: 7.084e-03| loss_bc2: 2.157e-03| loss_bc3: 2.155e-03| loss_bc4: 1.446e-03|Time: 0.00
mean_grad_res: 0.001308
mean_grad_bcs: 0.010298
It: 29000, loss: 1.051e-01| loss_res: 8.047e+03| loss_f: 1.856e-04| loss_bc1: 5.983e-03| loss_bc2: 2.313e-03| loss_bc3: 2.369e-03| loss_bc4: 1.677e-03|Time: 0.00
mean_grad_res: 0.001463
mean_grad_bcs: 0.013137
It: 29100, loss: 1.223e-01| loss_res: 8.365e+03| loss_f: 2.192e-04| loss_bc1: 5.740e-03| loss_bc2: 3.163e-03| loss_bc3: 2.022e-03| loss_bc4: 1.757e-03|Time: 0.00
mean_grad_res: 0.000631
mean_grad_bcs: 0.015914
It: 29200, loss: 1.816e-01| loss_res: 6.934e+03| loss_f: 3.403e-04| loss_bc1: 5.013e-03| loss_bc2: 2.280e-03| loss_bc3: 2.553e-03| loss_bc4: 1.580e-03|Time: 0.00
mean_grad_res: 0.000805
mean_grad_bcs: 0.015979
It: 29300, loss: 1.171e-01| loss_res: 6.444e+03| loss_f: 2.101e-04| loss_bc1: 6.689e-03| loss_bc2: 1.614e-03| loss_bc3: 2.580e-03| loss_bc4: 1.192e-03|Time: 0.00
mean_grad_res: 0.000747
mean_grad_bcs: 0.013794
It: 29400, loss: 1.471e-01| loss_res: 7.793e+03| loss_f: 2.681e-04| loss_bc1: 7.621e-03| loss_bc2: 2.270e-03| loss_bc3: 2.333e-03| loss_bc4: 8.367e-04|Time: 0.00
mean_grad_res: 0.000962
mean_grad_bcs: 0.009127
It: 29500, loss: 1.728e-01| loss_res: 6.949e+03| loss_f: 3.194e-04| loss_bc1: 6.280e-03| loss_bc2: 2.663e-03| loss_bc3: 2.717e-03| loss_bc4: 1.434e-03|Time: 0.00
mean_grad_res: 0.001251
mean_grad_bcs: 0.009384
It: 29600, loss: 9.616e-02| loss_res: 7.166e+03| loss_f: 1.687e-04| loss_bc1: 5.591e-03| loss_bc2: 2.315e-03| loss_bc3: 2.480e-03| loss_bc4: 1.433e-03|Time: 0.00
mean_grad_res: 0.001028
mean_grad_bcs: 0.010150
It: 29700, loss: 1.192e-01| loss_res: 7.612e+03| loss_f: 2.136e-04| loss_bc1: 5.730e-03| loss_bc2: 3.195e-03| loss_bc3: 2.264e-03| loss_bc4: 1.248e-03|Time: 0.00
mean_grad_res: 0.001214
mean_grad_bcs: 0.008509
It: 29800, loss: 2.961e-01| loss_res: 6.280e+03| loss_f: 5.671e-04| loss_bc1: 5.601e-03| loss_bc2: 2.857e-03| loss_bc3: 2.499e-03| loss_bc4: 1.603e-03|Time: 0.00
mean_grad_res: 0.000667
mean_grad_bcs: 0.014683
It: 29900, loss: 1.561e-01| loss_res: 7.216e+03| loss_f: 2.844e-04| loss_bc1: 6.045e-03| loss_bc2: 3.957e-03| loss_bc3: 2.400e-03| loss_bc4: 1.516e-03|Time: 0.00
mean_grad_res: 0.001042
mean_grad_bcs: 0.015469
It: 30000, loss: 1.921e-01| loss_res: 7.207e+03| loss_f: 3.561e-04| loss_bc1: 8.227e-03| loss_bc2: 2.375e-03| loss_bc3: 2.313e-03| loss_bc4: 1.095e-03|Time: 0.00
mean_grad_res: 0.001418
mean_grad_bcs: 0.018805
It: 30100, loss: 1.714e-01| loss_res: 9.215e+03| loss_f: 3.186e-04| loss_bc1: 6.569e-03| loss_bc2: 2.488e-03| loss_bc3: 2.065e-03| loss_bc4: 9.531e-04|Time: 0.00
mean_grad_res: 0.000913
mean_grad_bcs: 0.014733
It: 30200, loss: 1.220e-01| loss_res: 7.105e+03| loss_f: 2.198e-04| loss_bc1: 6.615e-03| loss_bc2: 2.429e-03| loss_bc3: 1.815e-03| loss_bc4: 1.264e-03|Time: 0.00
mean_grad_res: 0.001100
mean_grad_bcs: 0.010910
It: 30300, loss: 1.563e-01| loss_res: 8.114e+03| loss_f: 2.908e-04| loss_bc1: 5.467e-03| loss_bc2: 2.431e-03| loss_bc3: 2.238e-03| loss_bc4: 7.747e-04|Time: 0.00
mean_grad_res: 0.001003
mean_grad_bcs: 0.008612
It: 30400, loss: 2.088e-01| loss_res: 6.534e+03| loss_f: 3.921e-04| loss_bc1: 7.334e-03| loss_bc2: 2.006e-03| loss_bc3: 2.102e-03| loss_bc4: 1.313e-03|Time: 0.00
mean_grad_res: 0.000797
mean_grad_bcs: 0.014880
It: 30500, loss: 1.220e-01| loss_res: 6.201e+03| loss_f: 2.182e-04| loss_bc1: 6.906e-03| loss_bc2: 2.993e-03| loss_bc3: 2.078e-03| loss_bc4: 9.514e-04|Time: 0.00
mean_grad_res: 0.000812
mean_grad_bcs: 0.011751
It: 30600, loss: 1.324e-01| loss_res: 8.320e+03| loss_f: 2.406e-04| loss_bc1: 5.410e-03| loss_bc2: 2.851e-03| loss_bc3: 2.588e-03| loss_bc4: 1.245e-03|Time: 0.00
mean_grad_res: 0.000850
mean_grad_bcs: 0.010712
It: 30700, loss: 1.575e-01| loss_res: 7.387e+03| loss_f: 2.909e-04| loss_bc1: 5.417e-03| loss_bc2: 3.279e-03| loss_bc3: 1.868e-03| loss_bc4: 1.434e-03|Time: 0.00
mean_grad_res: 0.000663
mean_grad_bcs: 0.012931
It: 30800, loss: 1.624e-01| loss_res: 6.705e+03| loss_f: 3.050e-04| loss_bc1: 4.204e-03| loss_bc2: 2.360e-03| loss_bc3: 2.488e-03| loss_bc4: 8.934e-04|Time: 0.00
mean_grad_res: 0.000862
mean_grad_bcs: 0.009531
It: 30900, loss: 1.080e-01| loss_res: 7.705e+03| loss_f: 1.917e-04| loss_bc1: 6.052e-03| loss_bc2: 2.255e-03| loss_bc3: 2.369e-03| loss_bc4: 1.435e-03|Time: 0.00
mean_grad_res: 0.000967
mean_grad_bcs: 0.011518
It: 31000, loss: 1.280e-01| loss_res: 7.433e+03| loss_f: 2.313e-04| loss_bc1: 5.813e-03| loss_bc2: 2.863e-03| loss_bc3: 2.247e-03| loss_bc4: 1.450e-03|Time: 0.00
mean_grad_res: 0.001021
mean_grad_bcs: 0.007651
It: 31100, loss: 1.343e-01| loss_res: 7.690e+03| loss_f: 2.483e-04| loss_bc1: 5.380e-03| loss_bc2: 1.623e-03| loss_bc3: 2.054e-03| loss_bc4: 1.139e-03|Time: 0.00
mean_grad_res: 0.000497
mean_grad_bcs: 0.008894
It: 31200, loss: 1.095e-01| loss_res: 7.845e+03| loss_f: 1.973e-04| loss_bc1: 4.636e-03| loss_bc2: 2.871e-03| loss_bc3: 2.549e-03| loss_bc4: 8.087e-04|Time: 0.00
mean_grad_res: 0.000467
mean_grad_bcs: 0.016601
It: 31300, loss: 1.350e-01| loss_res: 8.443e+03| loss_f: 2.507e-04| loss_bc1: 4.836e-03| loss_bc2: 1.473e-03| loss_bc3: 1.959e-03| loss_bc4: 1.319e-03|Time: 0.00
mean_grad_res: 0.001407
mean_grad_bcs: 0.012413
It: 31400, loss: 1.080e-01| loss_res: 6.613e+03| loss_f: 1.944e-04| loss_bc1: 5.392e-03| loss_bc2: 2.135e-03| loss_bc3: 1.783e-03| loss_bc4: 1.504e-03|Time: 0.00
mean_grad_res: 0.000971
mean_grad_bcs: 0.011140
It: 31500, loss: 1.375e-01| loss_res: 7.769e+03| loss_f: 2.522e-04| loss_bc1: 6.044e-03| loss_bc2: 1.352e-03| loss_bc3: 2.515e-03| loss_bc4: 1.489e-03|Time: 0.00
mean_grad_res: 0.000979
mean_grad_bcs: 0.008373
It: 31600, loss: 1.583e-01| loss_res: 6.991e+03| loss_f: 2.941e-04| loss_bc1: 5.185e-03| loss_bc2: 2.739e-03| loss_bc3: 2.109e-03| loss_bc4: 1.183e-03|Time: 0.00
mean_grad_res: 0.001034
mean_grad_bcs: 0.009553
It: 31700, loss: 1.062e-01| loss_res: 6.760e+03| loss_f: 1.893e-04| loss_bc1: 5.619e-03| loss_bc2: 2.560e-03| loss_bc3: 1.963e-03| loss_bc4: 1.377e-03|Time: 0.00
mean_grad_res: 0.000536
mean_grad_bcs: 0.009831
It: 31800, loss: 9.145e-02| loss_res: 7.776e+03| loss_f: 1.596e-04| loss_bc1: 5.663e-03| loss_bc2: 2.205e-03| loss_bc3: 2.403e-03| loss_bc4: 1.393e-03|Time: 0.00
mean_grad_res: 0.000538
mean_grad_bcs: 0.012259
It: 31900, loss: 1.058e-01| loss_res: 7.367e+03| loss_f: 1.879e-04| loss_bc1: 6.437e-03| loss_bc2: 2.380e-03| loss_bc3: 1.982e-03| loss_bc4: 1.067e-03|Time: 0.01
mean_grad_res: 0.000809
mean_grad_bcs: 0.012935
It: 32000, loss: 1.041e-01| loss_res: 6.473e+03| loss_f: 1.838e-04| loss_bc1: 5.916e-03| loss_bc2: 2.227e-03| loss_bc3: 2.325e-03| loss_bc4: 1.669e-03|Time: 0.00
mean_grad_res: 0.000877
mean_grad_bcs: 0.009435
It: 32100, loss: 1.885e-01| loss_res: 6.969e+03| loss_f: 3.529e-04| loss_bc1: 5.994e-03| loss_bc2: 2.202e-03| loss_bc3: 2.638e-03| loss_bc4: 1.186e-03|Time: 0.00
mean_grad_res: 0.000755
mean_grad_bcs: 0.011453
It: 32200, loss: 8.243e-02| loss_res: 8.244e+03| loss_f: 1.410e-04| loss_bc1: 6.315e-03| loss_bc2: 2.724e-03| loss_bc3: 1.912e-03| loss_bc4: 9.759e-04|Time: 0.00
mean_grad_res: 0.000665
mean_grad_bcs: 0.008477
It: 32300, loss: 1.091e-01| loss_res: 7.884e+03| loss_f: 2.006e-04| loss_bc1: 3.898e-03| loss_bc2: 2.217e-03| loss_bc3: 1.805e-03| loss_bc4: 8.498e-04|Time: 0.00
mean_grad_res: 0.001073
mean_grad_bcs: 0.009952
It: 32400, loss: 1.282e-01| loss_res: 7.046e+03| loss_f: 2.314e-04| loss_bc1: 6.315e-03| loss_bc2: 2.500e-03| loss_bc3: 2.597e-03| loss_bc4: 1.111e-03|Time: 0.00
mean_grad_res: 0.000453
mean_grad_bcs: 0.007420
It: 32500, loss: 1.799e-01| loss_res: 6.699e+03| loss_f: 3.350e-04| loss_bc1: 7.305e-03| loss_bc2: 2.588e-03| loss_bc3: 1.674e-03| loss_bc4: 8.490e-04|Time: 0.00
mean_grad_res: 0.000715
mean_grad_bcs: 0.009513
It: 32600, loss: 1.263e-01| loss_res: 5.643e+03| loss_f: 2.342e-04| loss_bc1: 3.910e-03| loss_bc2: 2.059e-03| loss_bc3: 2.134e-03| loss_bc4: 1.118e-03|Time: 0.00
mean_grad_res: 0.000588
mean_grad_bcs: 0.008430
It: 32700, loss: 1.134e-01| loss_res: 7.066e+03| loss_f: 2.011e-04| loss_bc1: 5.105e-03| loss_bc2: 2.855e-03| loss_bc3: 3.223e-03| loss_bc4: 1.661e-03|Time: 0.00
mean_grad_res: 0.000565
mean_grad_bcs: 0.011084
It: 32800, loss: 1.775e-01| loss_res: 6.874e+03| loss_f: 3.296e-04| loss_bc1: 6.107e-03| loss_bc2: 3.145e-03| loss_bc3: 2.121e-03| loss_bc4: 1.273e-03|Time: 0.00
mean_grad_res: 0.001137
mean_grad_bcs: 0.012064
It: 32900, loss: 1.326e-01| loss_res: 7.326e+03| loss_f: 2.433e-04| loss_bc1: 5.371e-03| loss_bc2: 1.682e-03| loss_bc3: 2.696e-03| loss_bc4: 1.246e-03|Time: 0.00
mean_grad_res: 0.001040
mean_grad_bcs: 0.010967
It: 33000, loss: 8.117e-02| loss_res: 6.836e+03| loss_f: 1.427e-04| loss_bc1: 5.349e-03| loss_bc2: 1.746e-03| loss_bc3: 1.718e-03| loss_bc4: 1.019e-03|Time: 0.00
mean_grad_res: 0.000543
mean_grad_bcs: 0.010629
It: 33100, loss: 1.951e-01| loss_res: 5.345e+03| loss_f: 3.654e-04| loss_bc1: 5.836e-03| loss_bc2: 2.784e-03| loss_bc3: 3.178e-03| loss_bc4: 5.769e-04|Time: 0.00
mean_grad_res: 0.001050
mean_grad_bcs: 0.007849
It: 33200, loss: 1.975e-01| loss_res: 8.102e+03| loss_f: 3.764e-04| loss_bc1: 4.608e-03| loss_bc2: 1.912e-03| loss_bc3: 1.668e-03| loss_bc4: 1.077e-03|Time: 0.00
mean_grad_res: 0.001211
mean_grad_bcs: 0.013776
It: 33300, loss: 1.175e-01| loss_res: 6.434e+03| loss_f: 2.109e-04| loss_bc1: 5.255e-03| loss_bc2: 2.846e-03| loss_bc3: 2.571e-03| loss_bc4: 1.342e-03|Time: 0.00
mean_grad_res: 0.000995
mean_grad_bcs: 0.011753
It: 33400, loss: 1.676e-01| loss_res: 6.564e+03| loss_f: 3.146e-04| loss_bc1: 5.541e-03| loss_bc2: 1.824e-03| loss_bc3: 1.747e-03| loss_bc4: 1.148e-03|Time: 0.00
mean_grad_res: 0.000643
mean_grad_bcs: 0.009335
It: 33500, loss: 1.120e-01| loss_res: 6.985e+03| loss_f: 2.025e-04| loss_bc1: 4.970e-03| loss_bc2: 2.788e-03| loss_bc3: 1.975e-03| loss_bc4: 9.969e-04|Time: 0.00
mean_grad_res: 0.000504
mean_grad_bcs: 0.007458
It: 33600, loss: 1.047e-01| loss_res: 6.403e+03| loss_f: 1.857e-04| loss_bc1: 5.144e-03| loss_bc2: 2.111e-03| loss_bc3: 2.787e-03| loss_bc4: 1.838e-03|Time: 0.00
mean_grad_res: 0.001245
mean_grad_bcs: 0.007344
It: 33700, loss: 1.222e-01| loss_res: 6.537e+03| loss_f: 2.241e-04| loss_bc1: 4.682e-03| loss_bc2: 2.315e-03| loss_bc3: 1.762e-03| loss_bc4: 1.347e-03|Time: 0.01
mean_grad_res: 0.001136
mean_grad_bcs: 0.013989
It: 33800, loss: 1.151e-01| loss_res: 6.832e+03| loss_f: 2.083e-04| loss_bc1: 5.204e-03| loss_bc2: 2.704e-03| loss_bc3: 2.289e-03| loss_bc4: 7.166e-04|Time: 0.00
mean_grad_res: 0.000637
mean_grad_bcs: 0.011289
It: 33900, loss: 1.045e-01| loss_res: 8.612e+03| loss_f: 1.898e-04| loss_bc1: 4.367e-03| loss_bc2: 1.857e-03| loss_bc3: 2.552e-03| loss_bc4: 8.495e-04|Time: 0.00
mean_grad_res: 0.000930
mean_grad_bcs: 0.011572
It: 34000, loss: 1.426e-01| loss_res: 8.173e+03| loss_f: 2.658e-04| loss_bc1: 3.891e-03| loss_bc2: 1.855e-03| loss_bc3: 2.185e-03| loss_bc4: 1.786e-03|Time: 0.00
mean_grad_res: 0.001065
mean_grad_bcs: 0.008298
It: 34100, loss: 1.197e-01| loss_res: 6.403e+03| loss_f: 2.139e-04| loss_bc1: 7.973e-03| loss_bc2: 1.539e-03| loss_bc3: 1.864e-03| loss_bc4: 1.345e-03|Time: 0.00
mean_grad_res: 0.001311
mean_grad_bcs: 0.011082
It: 34200, loss: 1.256e-01| loss_res: 7.362e+03| loss_f: 2.276e-04| loss_bc1: 4.845e-03| loss_bc2: 2.691e-03| loss_bc3: 2.599e-03| loss_bc4: 1.704e-03|Time: 0.00
mean_grad_res: 0.001103
mean_grad_bcs: 0.011061
It: 34300, loss: 1.172e-01| loss_res: 6.204e+03| loss_f: 2.168e-04| loss_bc1: 4.465e-03| loss_bc2: 1.952e-03| loss_bc3: 1.611e-03| loss_bc4: 8.029e-04|Time: 0.00
mean_grad_res: 0.000896
mean_grad_bcs: 0.010291
It: 34400, loss: 9.370e-02| loss_res: 6.423e+03| loss_f: 1.656e-04| loss_bc1: 5.647e-03| loss_bc2: 1.947e-03| loss_bc3: 2.051e-03| loss_bc4: 1.265e-03|Time: 0.00
mean_grad_res: 0.000653
mean_grad_bcs: 0.008442
It: 34500, loss: 8.530e-02| loss_res: 7.633e+03| loss_f: 1.475e-04| loss_bc1: 6.216e-03| loss_bc2: 2.161e-03| loss_bc3: 1.934e-03| loss_bc4: 1.254e-03|Time: 0.00
mean_grad_res: 0.000434
mean_grad_bcs: 0.011594
It: 34600, loss: 1.672e-01| loss_res: 7.442e+03| loss_f: 3.103e-04| loss_bc1: 6.257e-03| loss_bc2: 2.078e-03| loss_bc3: 2.440e-03| loss_bc4: 1.308e-03|Time: 0.00
mean_grad_res: 0.000884
mean_grad_bcs: 0.008882
It: 34700, loss: 1.031e-01| loss_res: 6.472e+03| loss_f: 1.869e-04| loss_bc1: 4.558e-03| loss_bc2: 1.818e-03| loss_bc3: 2.504e-03| loss_bc4: 7.601e-04|Time: 0.01
mean_grad_res: 0.000429
mean_grad_bcs: 0.009264
It: 34800, loss: 1.231e-01| loss_res: 6.708e+03| loss_f: 2.227e-04| loss_bc1: 5.468e-03| loss_bc2: 2.582e-03| loss_bc3: 2.270e-03| loss_bc4: 1.398e-03|Time: 0.00
mean_grad_res: 0.001254
mean_grad_bcs: 0.008941
It: 34900, loss: 7.185e-02| loss_res: 6.789e+03| loss_f: 1.237e-04| loss_bc1: 5.337e-03| loss_bc2: 1.968e-03| loss_bc3: 1.725e-03| loss_bc4: 9.813e-04|Time: 0.00
mean_grad_res: 0.000632
mean_grad_bcs: 0.010389
It: 35000, loss: 1.827e-01| loss_res: 7.627e+03| loss_f: 3.484e-04| loss_bc1: 4.232e-03| loss_bc2: 2.059e-03| loss_bc3: 1.343e-03| loss_bc4: 8.525e-04|Time: 0.00
mean_grad_res: 0.000921
mean_grad_bcs: 0.014068
It: 35100, loss: 7.489e-02| loss_res: 7.238e+03| loss_f: 1.294e-04| loss_bc1: 4.006e-03| loss_bc2: 2.250e-03| loss_bc3: 2.626e-03| loss_bc4: 1.313e-03|Time: 0.00
mean_grad_res: 0.000484
mean_grad_bcs: 0.009945
It: 35200, loss: 2.052e-01| loss_res: 6.428e+03| loss_f: 3.902e-04| loss_bc1: 5.390e-03| loss_bc2: 1.769e-03| loss_bc3: 2.064e-03| loss_bc4: 8.606e-04|Time: 0.00
mean_grad_res: 0.000954
mean_grad_bcs: 0.009824
It: 35300, loss: 7.585e-02| loss_res: 7.909e+03| loss_f: 1.298e-04| loss_bc1: 5.101e-03| loss_bc2: 2.118e-03| loss_bc3: 2.479e-03| loss_bc4: 1.244e-03|Time: 0.00
mean_grad_res: 0.000704
mean_grad_bcs: 0.008593
It: 35400, loss: 1.089e-01| loss_res: 7.061e+03| loss_f: 1.966e-04| loss_bc1: 5.026e-03| loss_bc2: 2.762e-03| loss_bc3: 1.710e-03| loss_bc4: 1.107e-03|Time: 0.00
mean_grad_res: 0.000601
mean_grad_bcs: 0.009853
It: 35500, loss: 1.311e-01| loss_res: 8.214e+03| loss_f: 2.416e-04| loss_bc1: 5.427e-03| loss_bc2: 1.332e-03| loss_bc3: 2.448e-03| loss_bc4: 1.123e-03|Time: 0.00
mean_grad_res: 0.000698
mean_grad_bcs: 0.009839
It: 35600, loss: 1.841e-01| loss_res: 6.143e+03| loss_f: 3.471e-04| loss_bc1: 5.701e-03| loss_bc2: 1.567e-03| loss_bc3: 1.751e-03| loss_bc4: 1.527e-03|Time: 0.00
mean_grad_res: 0.000788
mean_grad_bcs: 0.011779
It: 35700, loss: 1.022e-01| loss_res: 7.390e+03| loss_f: 1.829e-04| loss_bc1: 5.221e-03| loss_bc2: 2.229e-03| loss_bc3: 2.228e-03| loss_bc4: 1.100e-03|Time: 0.00
mean_grad_res: 0.000889
mean_grad_bcs: 0.009059
It: 35800, loss: 1.382e-01| loss_res: 8.299e+03| loss_f: 2.606e-04| loss_bc1: 3.535e-03| loss_bc2: 1.530e-03| loss_bc3: 2.001e-03| loss_bc4: 8.543e-04|Time: 0.00
mean_grad_res: 0.000727
mean_grad_bcs: 0.017105
It: 35900, loss: 1.151e-01| loss_res: 7.794e+03| loss_f: 2.091e-04| loss_bc1: 5.390e-03| loss_bc2: 2.055e-03| loss_bc3: 2.344e-03| loss_bc4: 7.288e-04|Time: 0.00
mean_grad_res: 0.000565
mean_grad_bcs: 0.010979
It: 36000, loss: 1.234e-01| loss_res: 6.908e+03| loss_f: 2.232e-04| loss_bc1: 5.426e-03| loss_bc2: 3.235e-03| loss_bc3: 2.227e-03| loss_bc4: 9.274e-04|Time: 0.00
mean_grad_res: 0.000651
mean_grad_bcs: 0.014581
It: 36100, loss: 1.661e-01| loss_res: 7.862e+03| loss_f: 3.144e-04| loss_bc1: 3.254e-03| loss_bc2: 2.129e-03| loss_bc3: 1.999e-03| loss_bc4: 1.526e-03|Time: 0.00
mean_grad_res: 0.001093
mean_grad_bcs: 0.007650
It: 36200, loss: 1.125e-01| loss_res: 6.662e+03| loss_f: 2.025e-04| loss_bc1: 4.711e-03| loss_bc2: 2.618e-03| loss_bc3: 2.743e-03| loss_bc4: 1.171e-03|Time: 0.00
mean_grad_res: 0.000594
mean_grad_bcs: 0.009342
It: 36300, loss: 8.172e-02| loss_res: 6.746e+03| loss_f: 1.447e-04| loss_bc1: 5.010e-03| loss_bc2: 1.549e-03| loss_bc3: 1.825e-03| loss_bc4: 9.719e-04|Time: 0.00
mean_grad_res: 0.000694
mean_grad_bcs: 0.010554
It: 36400, loss: 1.398e-01| loss_res: 6.975e+03| loss_f: 2.586e-04| loss_bc1: 4.381e-03| loss_bc2: 3.601e-03| loss_bc3: 1.622e-03| loss_bc4: 8.509e-04|Time: 0.00
mean_grad_res: 0.000326
mean_grad_bcs: 0.008125
It: 36500, loss: 8.351e-02| loss_res: 5.548e+03| loss_f: 1.460e-04| loss_bc1: 4.278e-03| loss_bc2: 2.872e-03| loss_bc3: 2.450e-03| loss_bc4: 8.972e-04|Time: 0.00
mean_grad_res: 0.000602
mean_grad_bcs: 0.009581
It: 36600, loss: 1.584e-01| loss_res: 7.418e+03| loss_f: 2.953e-04| loss_bc1: 4.983e-03| loss_bc2: 2.319e-03| loss_bc3: 2.279e-03| loss_bc4: 1.219e-03|Time: 0.00
mean_grad_res: 0.001036
mean_grad_bcs: 0.008569
It: 36700, loss: 8.865e-02| loss_res: 7.372e+03| loss_f: 1.562e-04| loss_bc1: 5.378e-03| loss_bc2: 1.826e-03| loss_bc3: 2.474e-03| loss_bc4: 8.679e-04|Time: 0.00
mean_grad_res: 0.000531
mean_grad_bcs: 0.009267
It: 36800, loss: 9.072e-02| loss_res: 6.372e+03| loss_f: 1.611e-04| loss_bc1: 4.670e-03| loss_bc2: 2.240e-03| loss_bc3: 2.117e-03| loss_bc4: 1.136e-03|Time: 0.00
mean_grad_res: 0.000667
mean_grad_bcs: 0.008381
It: 36900, loss: 1.139e-01| loss_res: 8.141e+03| loss_f: 2.059e-04| loss_bc1: 5.304e-03| loss_bc2: 1.888e-03| loss_bc3: 2.265e-03| loss_bc4: 1.477e-03|Time: 0.00
mean_grad_res: 0.001178
mean_grad_bcs: 0.008001
It: 37000, loss: 1.285e-01| loss_res: 5.786e+03| loss_f: 2.349e-04| loss_bc1: 5.377e-03| loss_bc2: 2.694e-03| loss_bc3: 2.318e-03| loss_bc4: 7.111e-04|Time: 0.00
mean_grad_res: 0.000514
mean_grad_bcs: 0.012498
It: 37100, loss: 1.291e-01| loss_res: 7.875e+03| loss_f: 2.370e-04| loss_bc1: 4.807e-03| loss_bc2: 2.217e-03| loss_bc3: 2.591e-03| loss_bc4: 9.390e-04|Time: 0.00
mean_grad_res: 0.000801
mean_grad_bcs: 0.009583
It: 37200, loss: 1.811e-01| loss_res: 7.664e+03| loss_f: 3.431e-04| loss_bc1: 4.927e-03| loss_bc2: 1.585e-03| loss_bc3: 1.857e-03| loss_bc4: 1.197e-03|Time: 0.00
mean_grad_res: 0.001014
mean_grad_bcs: 0.009815
It: 37300, loss: 9.978e-02| loss_res: 6.592e+03| loss_f: 1.766e-04| loss_bc1: 6.354e-03| loss_bc2: 1.611e-03| loss_bc3: 2.466e-03| loss_bc4: 1.032e-03|Time: 0.00
mean_grad_res: 0.000960
mean_grad_bcs: 0.008752
It: 37400, loss: 7.673e-02| loss_res: 8.187e+03| loss_f: 1.332e-04| loss_bc1: 5.038e-03| loss_bc2: 2.052e-03| loss_bc3: 2.028e-03| loss_bc4: 1.023e-03|Time: 0.00
mean_grad_res: 0.000725
mean_grad_bcs: 0.010381
It: 37500, loss: 1.370e-01| loss_res: 6.651e+03| loss_f: 2.519e-04| loss_bc1: 4.988e-03| loss_bc2: 2.192e-03| loss_bc3: 2.528e-03| loss_bc4: 1.340e-03|Time: 0.00
mean_grad_res: 0.000845
mean_grad_bcs: 0.009236
It: 37600, loss: 1.264e-01| loss_res: 6.374e+03| loss_f: 2.353e-04| loss_bc1: 4.015e-03| loss_bc2: 1.799e-03| loss_bc3: 2.132e-03| loss_bc4: 8.327e-04|Time: 0.00
mean_grad_res: 0.001203
mean_grad_bcs: 0.012469
It: 37700, loss: 1.232e-01| loss_res: 7.477e+03| loss_f: 2.289e-04| loss_bc1: 4.183e-03| loss_bc2: 1.464e-03| loss_bc3: 2.094e-03| loss_bc4: 1.017e-03|Time: 0.00
mean_grad_res: 0.000805
mean_grad_bcs: 0.014111
It: 37800, loss: 8.720e-02| loss_res: 6.415e+03| loss_f: 1.549e-04| loss_bc1: 4.828e-03| loss_bc2: 1.751e-03| loss_bc3: 2.272e-03| loss_bc4: 8.824e-04|Time: 0.00
mean_grad_res: 0.000494
mean_grad_bcs: 0.009752
It: 37900, loss: 9.367e-02| loss_res: 6.501e+03| loss_f: 1.678e-04| loss_bc1: 5.322e-03| loss_bc2: 1.316e-03| loss_bc3: 2.118e-03| loss_bc4: 1.014e-03|Time: 0.00
mean_grad_res: 0.000482
mean_grad_bcs: 0.007532
It: 38000, loss: 9.971e-02| loss_res: 7.069e+03| loss_f: 1.803e-04| loss_bc1: 3.582e-03| loss_bc2: 2.763e-03| loss_bc3: 2.077e-03| loss_bc4: 1.131e-03|Time: 0.00
mean_grad_res: 0.001503
mean_grad_bcs: 0.008767
It: 38100, loss: 9.578e-02| loss_res: 7.553e+03| loss_f: 1.725e-04| loss_bc1: 4.012e-03| loss_bc2: 2.424e-03| loss_bc3: 2.458e-03| loss_bc4: 6.550e-04|Time: 0.00
mean_grad_res: 0.000803
mean_grad_bcs: 0.007943
It: 38200, loss: 1.245e-01| loss_res: 7.811e+03| loss_f: 2.284e-04| loss_bc1: 5.466e-03| loss_bc2: 1.981e-03| loss_bc3: 1.821e-03| loss_bc4: 1.071e-03|Time: 0.00
mean_grad_res: 0.000599
mean_grad_bcs: 0.007794
It: 38300, loss: 2.409e-01| loss_res: 6.568e+03| loss_f: 4.608e-04| loss_bc1: 4.693e-03| loss_bc2: 1.876e-03| loss_bc3: 2.823e-03| loss_bc4: 1.108e-03|Time: 0.00
mean_grad_res: 0.000691
mean_grad_bcs: 0.010721
It: 38400, loss: 1.211e-01| loss_res: 7.336e+03| loss_f: 2.219e-04| loss_bc1: 5.344e-03| loss_bc2: 1.516e-03| loss_bc3: 2.414e-03| loss_bc4: 9.152e-04|Time: 0.00
mean_grad_res: 0.001057
mean_grad_bcs: 0.008553
It: 38500, loss: 9.445e-02| loss_res: 6.878e+03| loss_f: 1.687e-04| loss_bc1: 4.646e-03| loss_bc2: 1.909e-03| loss_bc3: 1.939e-03| loss_bc4: 1.588e-03|Time: 0.00
mean_grad_res: 0.000646
mean_grad_bcs: 0.009092
It: 38600, loss: 1.231e-01| loss_res: 6.689e+03| loss_f: 2.269e-04| loss_bc1: 4.592e-03| loss_bc2: 1.945e-03| loss_bc3: 2.245e-03| loss_bc4: 8.518e-04|Time: 0.00
mean_grad_res: 0.000557
mean_grad_bcs: 0.013283
It: 38700, loss: 9.647e-02| loss_res: 7.141e+03| loss_f: 1.743e-04| loss_bc1: 4.639e-03| loss_bc2: 1.950e-03| loss_bc3: 1.863e-03| loss_bc4: 8.718e-04|Time: 0.00
mean_grad_res: 0.000718
mean_grad_bcs: 0.013032
It: 38800, loss: 1.892e-01| loss_res: 7.755e+03| loss_f: 3.582e-04| loss_bc1: 4.530e-03| loss_bc2: 2.167e-03| loss_bc3: 1.949e-03| loss_bc4: 1.456e-03|Time: 0.00
mean_grad_res: 0.001146
mean_grad_bcs: 0.012023
It: 38900, loss: 7.063e-02| loss_res: 6.631e+03| loss_f: 1.210e-04| loss_bc1: 5.597e-03| loss_bc2: 1.750e-03| loss_bc3: 1.992e-03| loss_bc4: 8.117e-04|Time: 0.00
mean_grad_res: 0.000573
mean_grad_bcs: 0.012721
It: 39000, loss: 1.139e-01| loss_res: 6.561e+03| loss_f: 2.078e-04| loss_bc1: 4.039e-03| loss_bc2: 2.162e-03| loss_bc3: 2.640e-03| loss_bc4: 1.190e-03|Time: 0.00
mean_grad_res: 0.000645
mean_grad_bcs: 0.006554
It: 39100, loss: 1.144e-01| loss_res: 7.561e+03| loss_f: 2.099e-04| loss_bc1: 4.747e-03| loss_bc2: 1.782e-03| loss_bc3: 1.892e-03| loss_bc4: 1.006e-03|Time: 0.00
mean_grad_res: 0.000699
mean_grad_bcs: 0.014214
It: 39200, loss: 1.046e-01| loss_res: 7.323e+03| loss_f: 1.909e-04| loss_bc1: 4.138e-03| loss_bc2: 2.323e-03| loss_bc3: 1.646e-03| loss_bc4: 1.037e-03|Time: 0.00
mean_grad_res: 0.000743
mean_grad_bcs: 0.011553
It: 39300, loss: 1.672e-01| loss_res: 7.739e+03| loss_f: 3.203e-04| loss_bc1: 3.323e-03| loss_bc2: 1.568e-03| loss_bc3: 1.453e-03| loss_bc4: 6.889e-04|Time: 0.00
mean_grad_res: 0.000510
mean_grad_bcs: 0.010043
It: 39400, loss: 9.979e-02| loss_res: 7.046e+03| loss_f: 1.766e-04| loss_bc1: 5.271e-03| loss_bc2: 2.160e-03| loss_bc3: 2.476e-03| loss_bc4: 1.578e-03|Time: 0.00
mean_grad_res: 0.000986
mean_grad_bcs: 0.006664
It: 39500, loss: 7.150e-02| loss_res: 6.839e+03| loss_f: 1.237e-04| loss_bc1: 4.539e-03| loss_bc2: 2.204e-03| loss_bc3: 1.816e-03| loss_bc4: 1.066e-03|Time: 0.01
mean_grad_res: 0.000432
mean_grad_bcs: 0.010100
It: 39600, loss: 1.091e-01| loss_res: 7.231e+03| loss_f: 2.009e-04| loss_bc1: 3.699e-03| loss_bc2: 1.744e-03| loss_bc3: 1.903e-03| loss_bc4: 1.304e-03|Time: 0.00
mean_grad_res: 0.000735
mean_grad_bcs: 0.008073
It: 39700, loss: 1.007e-01| loss_res: 6.118e+03| loss_f: 1.868e-04| loss_bc1: 3.085e-03| loss_bc2: 1.155e-03| loss_bc3: 2.153e-03| loss_bc4: 9.397e-04|Time: 0.00
mean_grad_res: 0.000573
mean_grad_bcs: 0.013516
It: 39800, loss: 8.397e-02| loss_res: 7.190e+03| loss_f: 1.470e-04| loss_bc1: 5.088e-03| loss_bc2: 2.356e-03| loss_bc3: 1.835e-03| loss_bc4: 1.203e-03|Time: 0.00
mean_grad_res: 0.000777
mean_grad_bcs: 0.013260
It: 39900, loss: 9.385e-02| loss_res: 6.745e+03| loss_f: 1.679e-04| loss_bc1: 5.122e-03| loss_bc2: 1.621e-03| loss_bc3: 2.215e-03| loss_bc4: 9.712e-04|Time: 0.00
mean_grad_res: 0.001107
mean_grad_bcs: 0.010189
Gradients information stored ...
It: 40000, loss: 1.171e-01| loss_res: 6.759e+03| loss_f: 2.158e-04| loss_bc1: 3.994e-03| loss_bc2: 2.607e-03| loss_bc3: 1.725e-03| loss_bc4: 8.294e-04|Time: 0.51
mean_grad_res: 0.001128
mean_grad_bcs: 0.009041
Relative L2 error_u: 3.20e-02
Relative L2 error_f: 1.97e-01
Save uv NN parameters successfully in %s ...checkpoints/Jan-10-2024_16-06-41-258066_M2
Final loss total loss: 1.170741e-01
Final loss loss_res: 6.758951e+03
Final loss loss_f: 2.158373e-04
Final loss loss_bc1: 3.993522e-03
Final loss loss_bc2: 2.607193e-03
Final loss loss_bc3: 1.725362e-03
Final loss loss_bc4: 8.293536e-04
average lambda_bc1.0000e+00
average lambda_res1.0


Method: mini_batch

average of time_list:1.7165e+02
average of error_u_list:3.2040e-02
average of error_v_list:1.9714e-01
