It: 0, Loss: 5.320e-01, Loss_u: 4.783e-01, Loss_r: 5.369e-02, Time: 15.19
constant_bcs_val: 0.058
adaptive_constant_res: 0.030
adaptive_constant_bcs: 0.058
adaptive_constant_res: 0.079
adaptive_constant_bcs: 63.527
Gradients information stored ...
adaptive_constant_res: 0.063
adaptive_constant_bcs: 38.722
adaptive_constant_res: 0.046
adaptive_constant_bcs: 18.823
adaptive_constant_res: 0.059
adaptive_constant_bcs: 36.822
adaptive_constant_res: 0.073
adaptive_constant_bcs: 29.715
adaptive_constant_res: 0.060
adaptive_constant_bcs: 12.358
adaptive_constant_res: 0.102
adaptive_constant_bcs: 28.375
adaptive_constant_res: 0.132
adaptive_constant_bcs: 30.968
adaptive_constant_res: 0.089
adaptive_constant_bcs: 16.185
adaptive_constant_res: 0.075
adaptive_constant_bcs: 11.424
adaptive_constant_res: 0.107
adaptive_constant_bcs: 21.781
adaptive_constant_res: 0.113
adaptive_constant_bcs: 20.566
adaptive_constant_res: 0.095
adaptive_constant_bcs: 12.113
adaptive_constant_res: 0.087
adaptive_constant_bcs: 7.717
adaptive_constant_res: 0.094
adaptive_constant_bcs: 19.037
adaptive_constant_res: 0.069
adaptive_constant_bcs: 17.758
adaptive_constant_res: 0.075
adaptive_constant_bcs: 9.652
adaptive_constant_res: 0.083
adaptive_constant_bcs: 14.719
adaptive_constant_res: 0.123
adaptive_constant_bcs: 17.731
adaptive_constant_res: 0.062
adaptive_constant_bcs: 11.031
adaptive_constant_res: 0.036
adaptive_constant_bcs: 13.981
adaptive_constant_res: 0.077
adaptive_constant_bcs: 11.519
adaptive_constant_res: 0.046
adaptive_constant_bcs: 12.278
adaptive_constant_res: 0.052
adaptive_constant_bcs: 10.130
adaptive_constant_res: 0.050
adaptive_constant_bcs: 5.573
adaptive_constant_res: 0.069
adaptive_constant_bcs: 12.382
adaptive_constant_res: 0.075
adaptive_constant_bcs: 7.149
adaptive_constant_res: 0.063
adaptive_constant_bcs: 5.879
adaptive_constant_res: 0.058
adaptive_constant_bcs: 8.957
adaptive_constant_res: 0.046
adaptive_constant_bcs: 6.755
adaptive_constant_res: 0.049
adaptive_constant_bcs: 8.027
adaptive_constant_res: 0.046
adaptive_constant_bcs: 8.401
adaptive_constant_res: 0.057
adaptive_constant_bcs: 10.575
adaptive_constant_res: 0.046
adaptive_constant_bcs: 7.523
adaptive_constant_res: 0.040
adaptive_constant_bcs: 6.947
adaptive_constant_res: 0.051
adaptive_constant_bcs: 9.226
adaptive_constant_res: 0.046
adaptive_constant_bcs: 9.959
adaptive_constant_res: 0.040
adaptive_constant_bcs: 3.781
adaptive_constant_res: 0.047
adaptive_constant_bcs: 8.029
adaptive_constant_res: 0.036
adaptive_constant_bcs: 9.254
adaptive_constant_res: 0.039
adaptive_constant_bcs: 3.107
adaptive_constant_res: 0.045
adaptive_constant_bcs: 8.653
adaptive_constant_res: 0.047
adaptive_constant_bcs: 9.202
adaptive_constant_res: 0.037
adaptive_constant_bcs: 4.466
adaptive_constant_res: 0.033
adaptive_constant_bcs: 11.389
adaptive_constant_res: 0.030
adaptive_constant_bcs: 6.650
adaptive_constant_res: 0.062
adaptive_constant_bcs: 6.746
adaptive_constant_res: 0.055
adaptive_constant_bcs: 11.370
adaptive_constant_res: 0.037
adaptive_constant_bcs: 8.210
adaptive_constant_res: 0.033
adaptive_constant_bcs: 6.842
adaptive_constant_res: 0.032
adaptive_constant_bcs: 5.238
adaptive_constant_res: 0.036
adaptive_constant_bcs: 7.893
adaptive_constant_res: 0.035
adaptive_constant_bcs: 3.214
adaptive_constant_res: 0.025
adaptive_constant_bcs: 3.290
adaptive_constant_res: 0.031
adaptive_constant_bcs: 3.817
adaptive_constant_res: 0.046
adaptive_constant_bcs: 3.555
