It: 0, Loss: 1.240e+04, Loss_bcs: 2.228e+00, Loss_res: 1.240e+04 ,Time: 0.36
update_res: nan
update_bcs1: 0.000e+00
Gradients information stored ...
It: 100, Loss: nan, Loss_bcs: nan, Loss_res: nan ,Time: 0.00
update_res: nan
update_bcs1: nan
Gradients information stored ...
It: 200, Loss: nan, Loss_bcs: nan, Loss_res: nan ,Time: 0.00
update_res: nan
update_bcs1: nan
It: 300, Loss: nan, Loss_bcs: nan, Loss_res: nan ,Time: 0.00
update_res: nan
update_bcs1: nan
It: 400, Loss: nan, Loss_bcs: nan, Loss_res: nan ,Time: 0.00
update_res: nan
update_bcs1: nan
It: 500, Loss: nan, Loss_bcs: nan, Loss_res: nan ,Time: 0.00
update_res: nan
update_bcs1: nan
It: 600, Loss: nan, Loss_bcs: nan, Loss_res: nan ,Time: 0.00
update_res: nan
update_bcs1: nan
It: 700, Loss: nan, Loss_bcs: nan, Loss_res: nan ,Time: 0.00
update_res: nan
update_bcs1: nan
It: 800, Loss: nan, Loss_bcs: nan, Loss_res: nan ,Time: 0.00
update_res: nan
update_bcs1: nan
It: 900, Loss: nan, Loss_bcs: nan, Loss_res: nan ,Time: 0.00
update_res: nan
update_bcs1: nan
It: 1000, Loss: nan, Loss_bcs: nan, Loss_res: nan ,Time: 0.00
update_res: nan
update_bcs1: nan
Gradients information stored ...
It: 1100, Loss: nan, Loss_bcs: nan, Loss_res: nan ,Time: 0.00
update_res: nan
update_bcs1: nan
It: 1200, Loss: nan, Loss_bcs: nan, Loss_res: nan ,Time: 0.00
update_res: nan
update_bcs1: nan
It: 1300, Loss: nan, Loss_bcs: nan, Loss_res: nan ,Time: 0.00
update_res: nan
update_bcs1: nan
It: 1400, Loss: nan, Loss_bcs: nan, Loss_res: nan ,Time: 0.00
update_res: nan
update_bcs1: nan
It: 1500, Loss: nan, Loss_bcs: nan, Loss_res: nan ,Time: 0.00
update_res: nan
update_bcs1: nan
It: 1600, Loss: nan, Loss_bcs: nan, Loss_res: nan ,Time: 0.00
update_res: nan
update_bcs1: nan
It: 1700, Loss: nan, Loss_bcs: nan, Loss_res: nan ,Time: 0.00
update_res: nan
update_bcs1: nan
It: 1800, Loss: nan, Loss_bcs: nan, Loss_res: nan ,Time: 0.00
update_res: nan
update_bcs1: nan
It: 1900, Loss: nan, Loss_bcs: nan, Loss_res: nan ,Time: 0.00
update_res: nan
update_bcs1: nan
It: 2000, Loss: nan, Loss_bcs: nan, Loss_res: nan ,Time: 0.00
update_res: nan
update_bcs1: nan
It: 2100, Loss: nan, Loss_bcs: nan, Loss_res: nan ,Time: 0.00
update_res: nan
update_bcs1: nan
It: 2200, Loss: nan, Loss_bcs: nan, Loss_res: nan ,Time: 0.00
update_res: nan
update_bcs1: nan
It: 2300, Loss: nan, Loss_bcs: nan, Loss_res: nan ,Time: 0.00
update_res: nan
update_bcs1: nan
It: 2400, Loss: nan, Loss_bcs: nan, Loss_res: nan ,Time: 0.00
update_res: nan
update_bcs1: nan
It: 2500, Loss: nan, Loss_bcs: nan, Loss_res: nan ,Time: 0.00
update_res: nan
update_bcs1: nan
It: 2600, Loss: nan, Loss_bcs: nan, Loss_res: nan ,Time: 0.00
update_res: nan
update_bcs1: nan
It: 2700, Loss: nan, Loss_bcs: nan, Loss_res: nan ,Time: 0.00
update_res: nan
update_bcs1: nan
It: 2800, Loss: nan, Loss_bcs: nan, Loss_res: nan ,Time: 0.00
update_res: nan
update_bcs1: nan
It: 2900, Loss: nan, Loss_bcs: nan, Loss_res: nan ,Time: 0.00
update_res: nan
update_bcs1: nan
It: 3000, Loss: nan, Loss_bcs: nan, Loss_res: nan ,Time: 0.00
update_res: nan
update_bcs1: nan
It: 3100, Loss: nan, Loss_bcs: nan, Loss_res: nan ,Time: 0.00
update_res: nan
update_bcs1: nan
It: 3200, Loss: nan, Loss_bcs: nan, Loss_res: nan ,Time: 0.00
update_res: nan
update_bcs1: nan
It: 3300, Loss: nan, Loss_bcs: nan, Loss_res: nan ,Time: 0.00
update_res: nan
update_bcs1: nan
It: 3400, Loss: nan, Loss_bcs: nan, Loss_res: nan ,Time: 0.00
update_res: nan
update_bcs1: nan
It: 3500, Loss: nan, Loss_bcs: nan, Loss_res: nan ,Time: 0.00
update_res: nan
update_bcs1: nan
It: 3600, Loss: nan, Loss_bcs: nan, Loss_res: nan ,Time: 0.00
update_res: nan
update_bcs1: nan
It: 3700, Loss: nan, Loss_bcs: nan, Loss_res: nan ,Time: 0.00
update_res: nan
update_bcs1: nan
It: 3800, Loss: nan, Loss_bcs: nan, Loss_res: nan ,Time: 0.00
update_res: nan
update_bcs1: nan
It: 3900, Loss: nan, Loss_bcs: nan, Loss_res: nan ,Time: 0.00
update_res: nan
update_bcs1: nan
It: 4000, Loss: nan, Loss_bcs: nan, Loss_res: nan ,Time: 0.00
update_res: nan
update_bcs1: nan
It: 4100, Loss: nan, Loss_bcs: nan, Loss_res: nan ,Time: 0.00
update_res: nan
update_bcs1: nan
It: 4200, Loss: nan, Loss_bcs: nan, Loss_res: nan ,Time: 0.00
update_res: nan
update_bcs1: nan
It: 4300, Loss: nan, Loss_bcs: nan, Loss_res: nan ,Time: 0.00
update_res: nan
update_bcs1: nan
It: 4400, Loss: nan, Loss_bcs: nan, Loss_res: nan ,Time: 0.00
update_res: nan
update_bcs1: nan
It: 4500, Loss: nan, Loss_bcs: nan, Loss_res: nan ,Time: 0.00
update_res: nan
update_bcs1: nan
It: 4600, Loss: nan, Loss_bcs: nan, Loss_res: nan ,Time: 0.00
update_res: nan
update_bcs1: nan
It: 4700, Loss: nan, Loss_bcs: nan, Loss_res: nan ,Time: 0.00
update_res: nan
update_bcs1: nan
It: 4800, Loss: nan, Loss_bcs: nan, Loss_res: nan ,Time: 0.00
update_res: nan
update_bcs1: nan
It: 4900, Loss: nan, Loss_bcs: nan, Loss_res: nan ,Time: 0.00
update_res: nan
update_bcs1: nan
It: 5000, Loss: nan, Loss_bcs: nan, Loss_res: nan ,Time: 0.00
update_res: nan
update_bcs1: nan
It: 5100, Loss: nan, Loss_bcs: nan, Loss_res: nan ,Time: 0.00
update_res: nan
update_bcs1: nan
It: 5200, Loss: nan, Loss_bcs: nan, Loss_res: nan ,Time: 0.00
update_res: nan
update_bcs1: nan
It: 5300, Loss: nan, Loss_bcs: nan, Loss_res: nan ,Time: 0.00
update_res: nan
update_bcs1: nan
It: 5400, Loss: nan, Loss_bcs: nan, Loss_res: nan ,Time: 0.00
update_res: nan
update_bcs1: nan
It: 5500, Loss: nan, Loss_bcs: nan, Loss_res: nan ,Time: 0.00
update_res: nan
update_bcs1: nan
It: 5600, Loss: nan, Loss_bcs: nan, Loss_res: nan ,Time: 0.00
update_res: nan
update_bcs1: nan
It: 5700, Loss: nan, Loss_bcs: nan, Loss_res: nan ,Time: 0.00
update_res: nan
update_bcs1: nan
It: 5800, Loss: nan, Loss_bcs: nan, Loss_res: nan ,Time: 0.00
update_res: nan
update_bcs1: nan
It: 5900, Loss: nan, Loss_bcs: nan, Loss_res: nan ,Time: 0.00
update_res: nan
update_bcs1: nan
It: 6000, Loss: nan, Loss_bcs: nan, Loss_res: nan ,Time: 0.00
update_res: nan
update_bcs1: nan
It: 6100, Loss: nan, Loss_bcs: nan, Loss_res: nan ,Time: 0.00
update_res: nan
update_bcs1: nan
It: 6200, Loss: nan, Loss_bcs: nan, Loss_res: nan ,Time: 0.00
update_res: nan
update_bcs1: nan
It: 6300, Loss: nan, Loss_bcs: nan, Loss_res: nan ,Time: 0.00
update_res: nan
update_bcs1: nan
It: 6400, Loss: nan, Loss_bcs: nan, Loss_res: nan ,Time: 0.00
update_res: nan
update_bcs1: nan
It: 6500, Loss: nan, Loss_bcs: nan, Loss_res: nan ,Time: 0.00
update_res: nan
update_bcs1: nan
It: 6600, Loss: nan, Loss_bcs: nan, Loss_res: nan ,Time: 0.00
update_res: nan
update_bcs1: nan
It: 6700, Loss: nan, Loss_bcs: nan, Loss_res: nan ,Time: 0.00
update_res: nan
update_bcs1: nan
It: 6800, Loss: nan, Loss_bcs: nan, Loss_res: nan ,Time: 0.00
update_res: nan
update_bcs1: nan
It: 6900, Loss: nan, Loss_bcs: nan, Loss_res: nan ,Time: 0.00
update_res: nan
update_bcs1: nan
It: 7000, Loss: nan, Loss_bcs: nan, Loss_res: nan ,Time: 0.00
update_res: nan
update_bcs1: nan
It: 7100, Loss: nan, Loss_bcs: nan, Loss_res: nan ,Time: 0.00
update_res: nan
update_bcs1: nan
It: 7200, Loss: nan, Loss_bcs: nan, Loss_res: nan ,Time: 0.00
update_res: nan
update_bcs1: nan
It: 7300, Loss: nan, Loss_bcs: nan, Loss_res: nan ,Time: 0.00
update_res: nan
update_bcs1: nan
It: 7400, Loss: nan, Loss_bcs: nan, Loss_res: nan ,Time: 0.00
update_res: nan
update_bcs1: nan
It: 7500, Loss: nan, Loss_bcs: nan, Loss_res: nan ,Time: 0.00
update_res: nan
update_bcs1: nan
It: 7600, Loss: nan, Loss_bcs: nan, Loss_res: nan ,Time: 0.00
update_res: nan
update_bcs1: nan
It: 7700, Loss: nan, Loss_bcs: nan, Loss_res: nan ,Time: 0.00
update_res: nan
update_bcs1: nan
It: 7800, Loss: nan, Loss_bcs: nan, Loss_res: nan ,Time: 0.00
update_res: nan
update_bcs1: nan
It: 7900, Loss: nan, Loss_bcs: nan, Loss_res: nan ,Time: 0.00
update_res: nan
update_bcs1: nan
It: 8000, Loss: nan, Loss_bcs: nan, Loss_res: nan ,Time: 0.00
update_res: nan
update_bcs1: nan
It: 8100, Loss: nan, Loss_bcs: nan, Loss_res: nan ,Time: 0.00
update_res: nan
update_bcs1: nan
It: 8200, Loss: nan, Loss_bcs: nan, Loss_res: nan ,Time: 0.00
update_res: nan
update_bcs1: nan
It: 8300, Loss: nan, Loss_bcs: nan, Loss_res: nan ,Time: 0.00
update_res: nan
update_bcs1: nan
It: 8400, Loss: nan, Loss_bcs: nan, Loss_res: nan ,Time: 0.00
update_res: nan
update_bcs1: nan
It: 8500, Loss: nan, Loss_bcs: nan, Loss_res: nan ,Time: 0.00
update_res: nan
update_bcs1: nan
It: 8600, Loss: nan, Loss_bcs: nan, Loss_res: nan ,Time: 0.00
update_res: nan
update_bcs1: nan
It: 8700, Loss: nan, Loss_bcs: nan, Loss_res: nan ,Time: 0.00
update_res: nan
update_bcs1: nan
It: 8800, Loss: nan, Loss_bcs: nan, Loss_res: nan ,Time: 0.00
update_res: nan
update_bcs1: nan
It: 8900, Loss: nan, Loss_bcs: nan, Loss_res: nan ,Time: 0.00
update_res: nan
update_bcs1: nan
It: 9000, Loss: nan, Loss_bcs: nan, Loss_res: nan ,Time: 0.00
update_res: nan
update_bcs1: nan
It: 9100, Loss: nan, Loss_bcs: nan, Loss_res: nan ,Time: 0.00
update_res: nan
update_bcs1: nan
It: 9200, Loss: nan, Loss_bcs: nan, Loss_res: nan ,Time: 0.00
update_res: nan
update_bcs1: nan
It: 9300, Loss: nan, Loss_bcs: nan, Loss_res: nan ,Time: 0.00
update_res: nan
update_bcs1: nan
It: 9400, Loss: nan, Loss_bcs: nan, Loss_res: nan ,Time: 0.00
update_res: nan
update_bcs1: nan
It: 9500, Loss: nan, Loss_bcs: nan, Loss_res: nan ,Time: 0.00
update_res: nan
update_bcs1: nan
It: 9600, Loss: nan, Loss_bcs: nan, Loss_res: nan ,Time: 0.03
update_res: nan
update_bcs1: nan
It: 9700, Loss: nan, Loss_bcs: nan, Loss_res: nan ,Time: 0.00
update_res: nan
update_bcs1: nan
It: 9800, Loss: nan, Loss_bcs: nan, Loss_res: nan ,Time: 0.00
update_res: nan
update_bcs1: nan
It: 9900, Loss: nan, Loss_bcs: nan, Loss_res: nan ,Time: 0.00
update_res: nan
update_bcs1: nan
It: 10000, Loss: nan, Loss_bcs: nan, Loss_res: nan ,Time: 0.00
update_res: nan
update_bcs1: nan
It: 10100, Loss: nan, Loss_bcs: nan, Loss_res: nan ,Time: 0.00
update_res: nan
update_bcs1: nan
It: 10200, Loss: nan, Loss_bcs: nan, Loss_res: nan ,Time: 0.00
update_res: nan
update_bcs1: nan
It: 10300, Loss: nan, Loss_bcs: nan, Loss_res: nan ,Time: 0.00
update_res: nan
update_bcs1: nan
It: 10400, Loss: nan, Loss_bcs: nan, Loss_res: nan ,Time: 0.00
update_res: nan
update_bcs1: nan
It: 10500, Loss: nan, Loss_bcs: nan, Loss_res: nan ,Time: 0.00
update_res: nan
update_bcs1: nan
It: 10600, Loss: nan, Loss_bcs: nan, Loss_res: nan ,Time: 0.00
update_res: nan
update_bcs1: nan
It: 10700, Loss: nan, Loss_bcs: nan, Loss_res: nan ,Time: 0.00
update_res: nan
update_bcs1: nan
It: 10800, Loss: nan, Loss_bcs: nan, Loss_res: nan ,Time: 0.00
update_res: nan
update_bcs1: nan
It: 10900, Loss: nan, Loss_bcs: nan, Loss_res: nan ,Time: 0.00
update_res: nan
update_bcs1: nan
It: 11000, Loss: nan, Loss_bcs: nan, Loss_res: nan ,Time: 0.00
update_res: nan
update_bcs1: nan
It: 11100, Loss: nan, Loss_bcs: nan, Loss_res: nan ,Time: 0.00
update_res: nan
update_bcs1: nan
It: 11200, Loss: nan, Loss_bcs: nan, Loss_res: nan ,Time: 0.00
update_res: nan
update_bcs1: nan
It: 11300, Loss: nan, Loss_bcs: nan, Loss_res: nan ,Time: 0.00
update_res: nan
update_bcs1: nan
It: 11400, Loss: nan, Loss_bcs: nan, Loss_res: nan ,Time: 0.00
update_res: nan
update_bcs1: nan
It: 11500, Loss: nan, Loss_bcs: nan, Loss_res: nan ,Time: 0.00
update_res: nan
update_bcs1: nan
It: 11600, Loss: nan, Loss_bcs: nan, Loss_res: nan ,Time: 0.00
update_res: nan
update_bcs1: nan
It: 11700, Loss: nan, Loss_bcs: nan, Loss_res: nan ,Time: 0.00
update_res: nan
update_bcs1: nan
It: 11800, Loss: nan, Loss_bcs: nan, Loss_res: nan ,Time: 0.00
update_res: nan
update_bcs1: nan
It: 11900, Loss: nan, Loss_bcs: nan, Loss_res: nan ,Time: 0.00
update_res: nan
update_bcs1: nan
It: 12000, Loss: nan, Loss_bcs: nan, Loss_res: nan ,Time: 0.00
update_res: nan
update_bcs1: nan
It: 12100, Loss: nan, Loss_bcs: nan, Loss_res: nan ,Time: 0.00
update_res: nan
update_bcs1: nan
It: 12200, Loss: nan, Loss_bcs: nan, Loss_res: nan ,Time: 0.00
update_res: nan
update_bcs1: nan
It: 12300, Loss: nan, Loss_bcs: nan, Loss_res: nan ,Time: 0.00
update_res: nan
update_bcs1: nan
It: 12400, Loss: nan, Loss_bcs: nan, Loss_res: nan ,Time: 0.00
update_res: nan
update_bcs1: nan
It: 12500, Loss: nan, Loss_bcs: nan, Loss_res: nan ,Time: 0.00
update_res: nan
update_bcs1: nan
It: 12600, Loss: nan, Loss_bcs: nan, Loss_res: nan ,Time: 0.00
update_res: nan
update_bcs1: nan
It: 12700, Loss: nan, Loss_bcs: nan, Loss_res: nan ,Time: 0.00
update_res: nan
update_bcs1: nan
It: 12800, Loss: nan, Loss_bcs: nan, Loss_res: nan ,Time: 0.00
update_res: nan
update_bcs1: nan
It: 12900, Loss: nan, Loss_bcs: nan, Loss_res: nan ,Time: 0.00
update_res: nan
update_bcs1: nan
It: 13000, Loss: nan, Loss_bcs: nan, Loss_res: nan ,Time: 0.00
update_res: nan
update_bcs1: nan
It: 13100, Loss: nan, Loss_bcs: nan, Loss_res: nan ,Time: 0.00
update_res: nan
update_bcs1: nan
It: 13200, Loss: nan, Loss_bcs: nan, Loss_res: nan ,Time: 0.00
update_res: nan
update_bcs1: nan
It: 13300, Loss: nan, Loss_bcs: nan, Loss_res: nan ,Time: 0.00
update_res: nan
update_bcs1: nan
It: 13400, Loss: nan, Loss_bcs: nan, Loss_res: nan ,Time: 0.00
update_res: nan
update_bcs1: nan
It: 13500, Loss: nan, Loss_bcs: nan, Loss_res: nan ,Time: 0.00
update_res: nan
update_bcs1: nan
It: 13600, Loss: nan, Loss_bcs: nan, Loss_res: nan ,Time: 0.00
update_res: nan
update_bcs1: nan
It: 13700, Loss: nan, Loss_bcs: nan, Loss_res: nan ,Time: 0.00
update_res: nan
update_bcs1: nan
It: 13800, Loss: nan, Loss_bcs: nan, Loss_res: nan ,Time: 0.00
update_res: nan
update_bcs1: nan
It: 13900, Loss: nan, Loss_bcs: nan, Loss_res: nan ,Time: 0.00
update_res: nan
update_bcs1: nan
It: 14000, Loss: nan, Loss_bcs: nan, Loss_res: nan ,Time: 0.00
update_res: nan
update_bcs1: nan
It: 14100, Loss: nan, Loss_bcs: nan, Loss_res: nan ,Time: 0.00
update_res: nan
update_bcs1: nan
It: 14200, Loss: nan, Loss_bcs: nan, Loss_res: nan ,Time: 0.00
update_res: nan
update_bcs1: nan
It: 14300, Loss: nan, Loss_bcs: nan, Loss_res: nan ,Time: 0.00
update_res: nan
update_bcs1: nan
It: 14400, Loss: nan, Loss_bcs: nan, Loss_res: nan ,Time: 0.00
update_res: nan
update_bcs1: nan
It: 14500, Loss: nan, Loss_bcs: nan, Loss_res: nan ,Time: 0.00
update_res: nan
update_bcs1: nan
It: 14600, Loss: nan, Loss_bcs: nan, Loss_res: nan ,Time: 0.00
update_res: nan
update_bcs1: nan
It: 14700, Loss: nan, Loss_bcs: nan, Loss_res: nan ,Time: 0.00
update_res: nan
update_bcs1: nan
It: 14800, Loss: nan, Loss_bcs: nan, Loss_res: nan ,Time: 0.00
update_res: nan
update_bcs1: nan
It: 14900, Loss: nan, Loss_bcs: nan, Loss_res: nan ,Time: 0.00
update_res: nan
update_bcs1: nan
It: 15000, Loss: nan, Loss_bcs: nan, Loss_res: nan ,Time: 0.00
update_res: nan
update_bcs1: nan
It: 15100, Loss: nan, Loss_bcs: nan, Loss_res: nan ,Time: 0.00
update_res: nan
update_bcs1: nan
It: 15200, Loss: nan, Loss_bcs: nan, Loss_res: nan ,Time: 0.00
update_res: nan
update_bcs1: nan
It: 15300, Loss: nan, Loss_bcs: nan, Loss_res: nan ,Time: 0.00
update_res: nan
update_bcs1: nan
It: 15400, Loss: nan, Loss_bcs: nan, Loss_res: nan ,Time: 0.00
update_res: nan
update_bcs1: nan
It: 15500, Loss: nan, Loss_bcs: nan, Loss_res: nan ,Time: 0.00
update_res: nan
update_bcs1: nan
It: 15600, Loss: nan, Loss_bcs: nan, Loss_res: nan ,Time: 0.00
update_res: nan
update_bcs1: nan
It: 15700, Loss: nan, Loss_bcs: nan, Loss_res: nan ,Time: 0.00
update_res: nan
update_bcs1: nan
It: 15800, Loss: nan, Loss_bcs: nan, Loss_res: nan ,Time: 0.00
update_res: nan
update_bcs1: nan
It: 15900, Loss: nan, Loss_bcs: nan, Loss_res: nan ,Time: 0.00
update_res: nan
update_bcs1: nan
It: 16000, Loss: nan, Loss_bcs: nan, Loss_res: nan ,Time: 0.00
update_res: nan
update_bcs1: nan
It: 16100, Loss: nan, Loss_bcs: nan, Loss_res: nan ,Time: 0.00
update_res: nan
update_bcs1: nan
It: 16200, Loss: nan, Loss_bcs: nan, Loss_res: nan ,Time: 0.00
update_res: nan
update_bcs1: nan
It: 16300, Loss: nan, Loss_bcs: nan, Loss_res: nan ,Time: 0.00
update_res: nan
update_bcs1: nan
It: 16400, Loss: nan, Loss_bcs: nan, Loss_res: nan ,Time: 0.00
update_res: nan
update_bcs1: nan
It: 16500, Loss: nan, Loss_bcs: nan, Loss_res: nan ,Time: 0.00
update_res: nan
update_bcs1: nan
It: 16600, Loss: nan, Loss_bcs: nan, Loss_res: nan ,Time: 0.00
update_res: nan
update_bcs1: nan
It: 16700, Loss: nan, Loss_bcs: nan, Loss_res: nan ,Time: 0.00
update_res: nan
update_bcs1: nan
It: 16800, Loss: nan, Loss_bcs: nan, Loss_res: nan ,Time: 0.00
update_res: nan
update_bcs1: nan
It: 16900, Loss: nan, Loss_bcs: nan, Loss_res: nan ,Time: 0.00
update_res: nan
update_bcs1: nan
It: 17000, Loss: nan, Loss_bcs: nan, Loss_res: nan ,Time: 0.00
update_res: nan
update_bcs1: nan
It: 17100, Loss: nan, Loss_bcs: nan, Loss_res: nan ,Time: 0.00
update_res: nan
update_bcs1: nan
It: 17200, Loss: nan, Loss_bcs: nan, Loss_res: nan ,Time: 0.00
update_res: nan
update_bcs1: nan
It: 17300, Loss: nan, Loss_bcs: nan, Loss_res: nan ,Time: 0.00
update_res: nan
update_bcs1: nan
It: 17400, Loss: nan, Loss_bcs: nan, Loss_res: nan ,Time: 0.00
update_res: nan
update_bcs1: nan
It: 17500, Loss: nan, Loss_bcs: nan, Loss_res: nan ,Time: 0.00
update_res: nan
update_bcs1: nan
It: 17600, Loss: nan, Loss_bcs: nan, Loss_res: nan ,Time: 0.00
update_res: nan
update_bcs1: nan
It: 17700, Loss: nan, Loss_bcs: nan, Loss_res: nan ,Time: 0.00
update_res: nan
update_bcs1: nan
It: 17800, Loss: nan, Loss_bcs: nan, Loss_res: nan ,Time: 0.00
update_res: nan
update_bcs1: nan
It: 17900, Loss: nan, Loss_bcs: nan, Loss_res: nan ,Time: 0.00
update_res: nan
update_bcs1: nan
It: 18000, Loss: nan, Loss_bcs: nan, Loss_res: nan ,Time: 0.00
update_res: nan
update_bcs1: nan
It: 18100, Loss: nan, Loss_bcs: nan, Loss_res: nan ,Time: 0.00
update_res: nan
update_bcs1: nan
It: 18200, Loss: nan, Loss_bcs: nan, Loss_res: nan ,Time: 0.00
update_res: nan
update_bcs1: nan
It: 18300, Loss: nan, Loss_bcs: nan, Loss_res: nan ,Time: 0.00
update_res: nan
update_bcs1: nan
