lam_res_val: 2.388e-02
lam_u_val: 5.914e+00
lam_bc1_val: 6.976e-02
lam_bc2_val: 8.391e-02
Gradients information stored ...
Gradients information stored ...
lam_res_val: 1.005e+00
lam_u_val: 1.816e+02
lam_bc1_val: 1.380e+01
lam_bc2_val: 4.758e+00
lam_res_val: 1.159e+01
lam_u_val: 1.439e+01
lam_bc1_val: 3.100e+00
lam_bc2_val: 5.867e+00
lam_res_val: 5.182e+00
lam_u_val: 1.361e+01
lam_bc1_val: 5.430e+00
lam_bc2_val: 6.616e-01
lam_res_val: 6.056e+00
lam_u_val: 1.779e+01
lam_bc1_val: 5.212e+00
lam_bc2_val: 1.206e+00
lam_res_val: 3.095e+00
lam_u_val: 2.032e+01
lam_bc1_val: 4.970e+00
lam_bc2_val: 1.997e+00
lam_res_val: 2.110e+00
lam_u_val: 3.048e+01
lam_bc1_val: 5.844e+00
lam_bc2_val: 4.079e+00
lam_res_val: 1.553e+00
lam_u_val: 1.577e+01
lam_bc1_val: 5.822e+00
lam_bc2_val: 3.281e+00
lam_res_val: 5.216e+00
lam_u_val: 3.041e+01
lam_bc1_val: 4.507e+00
lam_bc2_val: 3.939e+00
lam_res_val: 2.437e+00
lam_u_val: 4.594e+01
lam_bc1_val: 5.939e+00
lam_bc2_val: 4.134e+00
lam_res_val: 4.511e+00
lam_u_val: 3.254e+01
lam_bc1_val: 5.819e+00
lam_bc2_val: 4.872e+00
lam_res_val: 4.267e+00
lam_u_val: 3.283e+01
lam_bc1_val: 6.149e+00
lam_bc2_val: 4.263e+00
lam_res_val: 6.486e+00
lam_u_val: 1.921e+01
lam_bc1_val: 5.474e+00
lam_bc2_val: 4.179e+00
lam_res_val: 7.257e+00
lam_u_val: 3.687e+01
lam_bc1_val: 5.794e+00
lam_bc2_val: 4.339e+00
lam_res_val: 7.048e+00
lam_u_val: 2.812e+01
lam_bc1_val: 5.579e+00
lam_bc2_val: 4.692e+00
lam_res_val: 5.220e+00
lam_u_val: 3.259e+01
lam_bc1_val: 5.380e+00
lam_bc2_val: 4.246e+00
lam_res_val: 4.183e+00
lam_u_val: 2.560e+01
lam_bc1_val: 6.366e+00
lam_bc2_val: 3.756e+00
lam_res_val: 7.129e+00
lam_u_val: 2.160e+01
lam_bc1_val: 5.974e+00
lam_bc2_val: 3.742e+00
lam_res_val: 4.802e+00
lam_u_val: 1.859e+01
lam_bc1_val: 5.579e+00
lam_bc2_val: 3.448e+00
lam_res_val: 4.998e+00
lam_u_val: 2.961e+01
lam_bc1_val: 5.256e+00
lam_bc2_val: 3.172e+00
lam_res_val: 6.338e+00
lam_u_val: 4.472e+01
lam_bc1_val: 5.830e+00
lam_bc2_val: 2.483e+00
lam_res_val: 3.504e+00
lam_u_val: 7.234e+01
lam_bc1_val: 5.874e+00
lam_bc2_val: 3.228e+00
Gradients information stored ...
lam_res_val: 5.958e+00
lam_u_val: 6.367e+01
lam_bc1_val: 4.893e+00
lam_bc2_val: 2.257e+00
lam_res_val: 5.061e+00
lam_u_val: 1.627e+01
lam_bc1_val: 5.888e+00
lam_bc2_val: 2.902e+00
lam_res_val: 3.188e+00
lam_u_val: 3.286e+01
lam_bc1_val: 4.997e+00
lam_bc2_val: 2.555e+00
lam_res_val: 9.846e+00
lam_u_val: 2.210e+01
lam_bc1_val: 4.354e+00
lam_bc2_val: 2.094e+00
lam_res_val: 4.664e+00
lam_u_val: 2.765e+01
lam_bc1_val: 4.858e+00
lam_bc2_val: 2.291e+00
lam_res_val: 3.449e+00
lam_u_val: 1.586e+01
lam_bc1_val: 4.605e+00
lam_bc2_val: 2.123e+00
lam_res_val: 3.528e+00
lam_u_val: 1.749e+01
lam_bc1_val: 5.559e+00
lam_bc2_val: 3.159e+00
lam_res_val: 3.590e+00
lam_u_val: 5.504e+01
lam_bc1_val: 4.948e+00
lam_bc2_val: 2.197e+00
lam_res_val: 1.002e+00
lam_u_val: 3.332e+01
lam_bc1_val: 5.342e+00
lam_bc2_val: 2.465e+00
lam_res_val: 5.774e-01
lam_u_val: 1.008e+01
lam_bc1_val: 7.692e+00
lam_bc2_val: 2.051e+00
lam_res_val: 7.149e-01
lam_u_val: 1.663e+01
lam_bc1_val: 6.452e+00
lam_bc2_val: 2.834e+00
lam_res_val: 2.001e+00
lam_u_val: 2.395e+01
lam_bc1_val: 5.159e+00
lam_bc2_val: 2.538e+00
lam_res_val: 3.747e-01
lam_u_val: 3.210e+01
lam_bc1_val: 3.817e+00
lam_bc2_val: 2.250e+00
lam_res_val: 1.395e+00
lam_u_val: 1.569e+01
lam_bc1_val: 3.642e+00
lam_bc2_val: 2.837e+00
lam_res_val: 4.137e-01
lam_u_val: 1.269e+01
lam_bc1_val: 3.464e+00
lam_bc2_val: 2.599e+00
lam_res_val: 7.911e-01
lam_u_val: 4.040e+01
lam_bc1_val: 4.086e+00
lam_bc2_val: 5.180e+00
lam_res_val: 1.262e+00
lam_u_val: 1.080e+01
lam_bc1_val: 4.508e+00
lam_bc2_val: 2.795e+00
lam_res_val: 6.354e-01
lam_u_val: 8.288e+00
lam_bc1_val: 4.171e+00
lam_bc2_val: 4.914e+00
lam_res_val: 4.832e-01
lam_u_val: 7.204e+00
lam_bc1_val: 3.113e+00
lam_bc2_val: 5.198e+00
lam_res_val: 6.356e-01
lam_u_val: 1.454e+01
lam_bc1_val: 2.461e+00
lam_bc2_val: 3.871e+00
lam_res_val: 1.869e-01
lam_u_val: 1.965e+01
lam_bc1_val: 2.839e+00
lam_bc2_val: 5.681e+00
lam_res_val: 2.236e-01
lam_u_val: 7.606e+00
lam_bc1_val: 3.599e+00
lam_bc2_val: 3.825e+00
lam_res_val: 1.654e-01
lam_u_val: 9.923e+00
lam_bc1_val: 3.532e+00
lam_bc2_val: 6.610e+00
lam_res_val: 4.330e-01
lam_u_val: 8.039e+00
lam_bc1_val: 2.667e+00
lam_bc2_val: 6.673e+00
lam_res_val: 8.814e-01
lam_u_val: 8.533e+00
lam_bc1_val: 3.484e+00
lam_bc2_val: 7.876e+00
lam_res_val: 1.359e-01
lam_u_val: 8.645e+00
lam_bc1_val: 2.954e+00
lam_bc2_val: 6.309e+00
lam_res_val: 2.572e-01
lam_u_val: 9.461e+00
lam_bc1_val: 3.795e+00
lam_bc2_val: 6.611e+00
lam_res_val: 3.844e-01
lam_u_val: 3.023e+01
lam_bc1_val: 4.108e+00
lam_bc2_val: 6.790e+00
lam_res_val: 3.042e-01
lam_u_val: 1.448e+01
lam_bc1_val: 3.522e+00
lam_bc2_val: 3.204e+00
lam_res_val: 2.555e-01
lam_u_val: 5.816e+00
lam_bc1_val: 2.948e+00
lam_bc2_val: 4.722e+00
lam_res_val: 2.042e-01
lam_u_val: 1.237e+01
lam_bc1_val: 3.666e+00
lam_bc2_val: 2.677e+00
lam_res_val: 2.444e-01
lam_u_val: 6.464e+00
lam_bc1_val: 2.007e+00
lam_bc2_val: 3.594e+00
lam_res_val: 2.574e-01
lam_u_val: 5.783e+00
lam_bc1_val: 2.612e+00
lam_bc2_val: 4.978e+00
lam_res_val: 3.274e-01
lam_u_val: 8.820e+00
lam_bc1_val: 2.784e+00
lam_bc2_val: 6.776e+00
lam_res_val: 5.084e-01
lam_u_val: 8.696e+00
lam_bc1_val: 3.296e+00
lam_bc2_val: 7.559e+00
lam_res_val: 3.094e-01
lam_u_val: 7.734e+00
lam_bc1_val: 2.863e+00
lam_bc2_val: 4.075e+00
lam_res_val: 1.236e-01
lam_u_val: 6.819e+00
lam_bc1_val: 2.653e+00
lam_bc2_val: 5.315e+00
lam_res_val: 3.009e-01
lam_u_val: 6.383e+00
lam_bc1_val: 2.991e+00
lam_bc2_val: 3.163e+00
lam_res_val: 3.000e-01
lam_u_val: 1.516e+01
lam_bc1_val: 2.641e+00
lam_bc2_val: 6.076e+00
lam_res_val: 1.020e-01
lam_u_val: 6.853e+00
lam_bc1_val: 2.938e+00
lam_bc2_val: 6.702e+00
lam_res_val: 3.232e-01
lam_u_val: 4.103e+00
lam_bc1_val: 2.536e+00
lam_bc2_val: 3.014e+00
lam_res_val: 5.761e-01
lam_u_val: 2.962e+00
lam_bc1_val: 2.528e+00
lam_bc2_val: 4.059e+00
lam_res_val: 9.242e-01
lam_u_val: 4.215e+00
lam_bc1_val: 2.570e+00
lam_bc2_val: 2.912e+00
lam_res_val: 1.352e-01
lam_u_val: 5.349e+00
lam_bc1_val: 2.546e+00
lam_bc2_val: 4.801e+00
lam_res_val: 1.501e-01
lam_u_val: 9.523e+00
lam_bc1_val: 2.798e+00
lam_bc2_val: 5.832e+00
lam_res_val: 1.182e-01
lam_u_val: 3.319e+00
lam_bc1_val: 2.724e+00
lam_bc2_val: 6.698e+00
lam_res_val: 7.560e-02
lam_u_val: 5.019e+00
lam_bc1_val: 2.608e+00
lam_bc2_val: 4.190e+00
lam_res_val: 7.025e-02
lam_u_val: 7.816e+00
lam_bc1_val: 2.164e+00
lam_bc2_val: 2.838e+00
lam_res_val: 3.723e-01
lam_u_val: 9.899e+00
lam_bc1_val: 2.950e+00
lam_bc2_val: 3.842e+00
lam_res_val: 9.738e-02
lam_u_val: 9.709e+00
lam_bc1_val: 1.949e+00
lam_bc2_val: 6.620e+00
lam_res_val: 1.838e-01
lam_u_val: 7.007e+00
lam_bc1_val: 2.449e+00
lam_bc2_val: 3.970e+00
lam_res_val: 2.341e-01
lam_u_val: 6.532e+00
lam_bc1_val: 2.370e+00
lam_bc2_val: 3.524e+00
lam_res_val: 7.107e-02
lam_u_val: 6.267e+00
lam_bc1_val: 2.024e+00
lam_bc2_val: 2.005e+00
lam_res_val: 3.668e-01
lam_u_val: 7.774e+00
lam_bc1_val: 2.232e+00
lam_bc2_val: 5.768e+00
lam_res_val: 1.036e-01
lam_u_val: 2.960e+00
lam_bc1_val: 2.308e+00
lam_bc2_val: 4.547e+00
lam_res_val: 1.610e-01
lam_u_val: 4.584e+00
lam_bc1_val: 2.095e+00
lam_bc2_val: 3.657e+00
lam_res_val: 8.643e-02
lam_u_val: 5.700e+00
lam_bc1_val: 1.931e+00
lam_bc2_val: 2.246e+00
lam_res_val: 4.694e-02
lam_u_val: 4.306e+00
lam_bc1_val: 2.543e+00
lam_bc2_val: 6.960e+00
lam_res_val: 3.218e-01
lam_u_val: 2.892e+00
lam_bc1_val: 1.624e+00
lam_bc2_val: 1.857e+00
lam_res_val: 6.033e-02
lam_u_val: 5.896e+00
lam_bc1_val: 1.737e+00
lam_bc2_val: 1.643e+00
lam_res_val: 1.497e-01
lam_u_val: 1.230e+01
lam_bc1_val: 1.625e+00
lam_bc2_val: 3.672e+00
lam_res_val: 3.770e-02
lam_u_val: 6.175e+00
lam_bc1_val: 2.233e+00
lam_bc2_val: 2.742e+00
lam_res_val: 2.116e-01
lam_u_val: 4.322e+00
lam_bc1_val: 2.090e+00
lam_bc2_val: 5.089e+00
lam_res_val: 3.221e-01
lam_u_val: 3.276e+00
lam_bc1_val: 2.172e+00
lam_bc2_val: 4.009e+00
lam_res_val: 6.633e-02
lam_u_val: 6.114e+00
lam_bc1_val: 1.452e+00
lam_bc2_val: 3.539e+00
lam_res_val: 6.057e-02
lam_u_val: 4.897e+00
lam_bc1_val: 1.903e+00
lam_bc2_val: 3.919e+00
lam_res_val: 4.195e-02
lam_u_val: 2.042e+00
lam_bc1_val: 1.738e+00
lam_bc2_val: 1.616e+00
lam_res_val: 4.681e-01
lam_u_val: 6.626e+00
lam_bc1_val: 2.078e+00
lam_bc2_val: 2.890e+00
lam_res_val: 2.321e-01
lam_u_val: 1.206e+01
lam_bc1_val: 1.656e+00
lam_bc2_val: 2.450e+00
lam_res_val: 5.387e-02
lam_u_val: 1.458e+01
lam_bc1_val: 2.509e+00
lam_bc2_val: 2.437e+00
lam_res_val: 8.082e-02
lam_u_val: 1.046e+01
lam_bc1_val: 1.625e+00
lam_bc2_val: 1.865e+00
lam_res_val: 8.796e-02
lam_u_val: 1.098e+01
lam_bc1_val: 1.674e+00
lam_bc2_val: 3.210e+00
lam_res_val: 1.099e-01
lam_u_val: 5.032e+00
lam_bc1_val: 4.173e+00
lam_bc2_val: 4.467e+00
lam_res_val: 4.954e-02
lam_u_val: 5.626e+00
lam_bc1_val: 1.967e+00
lam_bc2_val: 2.169e+00
lam_res_val: 4.940e-02
lam_u_val: 3.264e+00
lam_bc1_val: 3.690e+00
lam_bc2_val: 2.253e+00
lam_res_val: 5.105e-02
lam_u_val: 4.240e+00
lam_bc1_val: 5.902e+00
lam_bc2_val: 2.760e+00
lam_res_val: 5.311e-02
lam_u_val: 2.612e+00
lam_bc1_val: 6.312e+00
lam_bc2_val: 1.277e+00
lam_res_val: 6.109e-02
lam_u_val: 3.746e+00
lam_bc1_val: 2.045e+00
lam_bc2_val: 3.408e+00
lam_res_val: 2.271e-01
lam_u_val: 2.020e+00
lam_bc1_val: 2.173e+00
lam_bc2_val: 3.159e+00
lam_res_val: 1.349e-01
lam_u_val: 4.330e+00
lam_bc1_val: 1.435e+00
lam_bc2_val: 2.312e+00
lam_res_val: 2.275e-02
lam_u_val: 4.848e+00
lam_bc1_val: 4.842e+00
lam_bc2_val: 2.114e+00
lam_res_val: 2.240e-01
lam_u_val: 4.439e+00
lam_bc1_val: 4.734e+00
lam_bc2_val: 3.077e+00
lam_res_val: 2.364e-01
lam_u_val: 3.175e+00
lam_bc1_val: 3.039e+00
lam_bc2_val: 4.497e+00
lam_res_val: 4.993e-02
lam_u_val: 5.184e+00
lam_bc1_val: 6.826e+00
lam_bc2_val: 4.565e+00
lam_res_val: 4.741e-02
lam_u_val: 2.936e+00
lam_bc1_val: 2.321e+00
lam_bc2_val: 1.473e+00
lam_res_val: 6.398e-02
lam_u_val: 3.384e+00
lam_bc1_val: 4.502e+00
lam_bc2_val: 1.416e+00
lam_res_val: 7.375e-02
lam_u_val: 2.319e+00
lam_bc1_val: 7.209e+00
lam_bc2_val: 4.428e+00
lam_res_val: 3.631e-02
lam_u_val: 3.518e+00
lam_bc1_val: 3.937e+00
lam_bc2_val: 4.555e+00
lam_res_val: 1.098e-01
lam_u_val: 3.824e+00
lam_bc1_val: 3.736e+00
lam_bc2_val: 1.512e+00
lam_res_val: 4.152e-02
lam_u_val: 2.952e+00
lam_bc1_val: 1.924e+00
lam_bc2_val: 1.733e+00
lam_res_val: 2.144e-01
lam_u_val: 4.182e+00
lam_bc1_val: 1.081e+00
lam_bc2_val: 3.578e+00
lam_res_val: 7.299e-02
lam_u_val: 2.655e+00
lam_bc1_val: 3.428e+00
lam_bc2_val: 1.087e+00
lam_res_val: 4.560e-02
lam_u_val: 1.823e+00
lam_bc1_val: 5.414e+00
lam_bc2_val: 2.645e+00
lam_res_val: 6.476e-02
lam_u_val: 3.059e+00
lam_bc1_val: 2.189e+00
lam_bc2_val: 7.285e-01
lam_res_val: 4.346e-02
lam_u_val: 3.837e+00
lam_bc1_val: 1.597e+00
lam_bc2_val: 1.168e+00
lam_res_val: 1.925e-02
lam_u_val: 3.459e+00
lam_bc1_val: 2.871e+00
lam_bc2_val: 1.319e+00
lam_res_val: 1.415e-01
lam_u_val: 3.745e+00
lam_bc1_val: 1.035e+00
lam_bc2_val: 9.793e-01
lam_res_val: 2.663e-02
lam_u_val: 5.727e+00
lam_bc1_val: 2.243e+00
lam_bc2_val: 7.463e-01
Gradients information stored ...
Save uv NN parameters successfully in %s ...checkpoints/Dec-09-2023_23-32-38-501813_M5
Final loss total loss: 1.007214e-01
Final loss loss_res: 3.781638e-03
Final loss loss_bc1: 7.932942e-03
Final loss loss_bc2: 7.025712e-03
Final loss loss_ics_u: 1.261582e-02
Final loss loss_ics_ut: 2.888773e-04
