It: 0, Loss: 8.578e+03, Loss_bcs: 1.800e+00, Loss_res: 6.779e+03,Time: 2.57
 kurtosis_grad_res: 2.5548e+02
 kurtosis_grad_bcs: 2.3122e+02
std_grad_bcs: 0.330283
std_grad_res: 8.784326
adaptive_bcs_val: 7.7353e+02
adaptive_res_val: 2.9084e+01
Gradients information stored ...
It: 100, Loss: 6.806e+03, Loss_bcs: 8.988e-04, Loss_res: 6.805e+03,Time: 0.01
 kurtosis_grad_res: 5.5513e+02
 kurtosis_grad_bcs: 3.0227e+02
std_grad_bcs: 0.002454
std_grad_res: 3.870173
adaptive_bcs_val: 7.7353e+02
adaptive_res_val: 2.9084e+01
Gradients information stored ...
It: 200, Loss: 7.733e+03, Loss_bcs: 2.303e-03, Loss_res: 7.731e+03,Time: 0.01
 kurtosis_grad_res: 2.4535e+02
 kurtosis_grad_bcs: 3.0125e+02
std_grad_bcs: 0.004050
std_grad_res: 3.423063
adaptive_bcs_val: 7.7353e+02
adaptive_res_val: 2.9084e+01
It: 300, Loss: 7.782e+03, Loss_bcs: 4.774e-03, Loss_res: 7.777e+03,Time: 0.01
 kurtosis_grad_res: 3.7726e+02
 kurtosis_grad_bcs: 4.5657e+02
std_grad_bcs: 0.009874
std_grad_res: 2.637632
adaptive_bcs_val: 7.7353e+02
adaptive_res_val: 2.9084e+01
It: 400, Loss: 7.571e+03, Loss_bcs: 4.049e-02, Loss_res: 7.531e+03,Time: 0.01
 kurtosis_grad_res: 2.8997e+02
 kurtosis_grad_bcs: 2.8811e+02
std_grad_bcs: 0.009713
std_grad_res: 52.779980
adaptive_bcs_val: 7.7353e+02
adaptive_res_val: 2.9084e+01
It: 500, Loss: 5.921e+03, Loss_bcs: 1.523e-01, Loss_res: 5.769e+03,Time: 0.01
 kurtosis_grad_res: 1.3717e+02
 kurtosis_grad_bcs: 1.8455e+02
std_grad_bcs: 0.031222
std_grad_res: 67.712349
adaptive_bcs_val: 7.7353e+02
adaptive_res_val: 2.9084e+01
It: 600, Loss: 5.066e+03, Loss_bcs: 1.477e-01, Loss_res: 4.918e+03,Time: 0.01
 kurtosis_grad_res: 1.7233e+02
 kurtosis_grad_bcs: 1.9770e+02
std_grad_bcs: 0.019499
std_grad_res: 47.025608
adaptive_bcs_val: 7.7353e+02
adaptive_res_val: 2.9084e+01
It: 700, Loss: 4.944e+03, Loss_bcs: 1.291e-01, Loss_res: 4.815e+03,Time: 0.01
 kurtosis_grad_res: 3.2447e+02
 kurtosis_grad_bcs: 2.5693e+02
std_grad_bcs: 0.023695
std_grad_res: 26.996176
adaptive_bcs_val: 7.7353e+02
adaptive_res_val: 2.9084e+01
It: 800, Loss: 4.152e+03, Loss_bcs: 9.862e-02, Loss_res: 4.053e+03,Time: 0.01
 kurtosis_grad_res: 1.4080e+02
 kurtosis_grad_bcs: 3.3297e+02
std_grad_bcs: 0.008584
std_grad_res: 101.087379
adaptive_bcs_val: 7.7353e+02
adaptive_res_val: 2.9084e+01
It: 900, Loss: 3.236e+03, Loss_bcs: 1.147e-01, Loss_res: 3.122e+03,Time: 0.01
 kurtosis_grad_res: 1.6556e+02
 kurtosis_grad_bcs: 2.4534e+02
std_grad_bcs: 0.014205
std_grad_res: 72.753197
adaptive_bcs_val: 7.7353e+02
adaptive_res_val: 2.9084e+01
It: 1000, Loss: 2.480e+03, Loss_bcs: 1.145e-01, Loss_res: 2.365e+03,Time: 0.01
 kurtosis_grad_res: 1.6561e+02
 kurtosis_grad_bcs: 1.7829e+02
std_grad_bcs: 0.014553
std_grad_res: 118.812531
adaptive_bcs_val: 7.7353e+02
adaptive_res_val: 2.9084e+01
Gradients information stored ...
It: 1100, Loss: 3.193e+03, Loss_bcs: 1.139e-01, Loss_res: 3.079e+03,Time: 0.01
 kurtosis_grad_res: 1.6571e+02
 kurtosis_grad_bcs: 1.5095e+02
std_grad_bcs: 0.015965
std_grad_res: 46.707355
adaptive_bcs_val: 7.7353e+02
adaptive_res_val: 2.9084e+01
It: 1200, Loss: 3.003e+03, Loss_bcs: 9.933e-02, Loss_res: 2.903e+03,Time: 0.01
 kurtosis_grad_res: 4.0245e+02
 kurtosis_grad_bcs: 9.1925e+02
std_grad_bcs: 0.021775
std_grad_res: 66.522957
adaptive_bcs_val: 7.7353e+02
adaptive_res_val: 2.9084e+01
It: 1300, Loss: 2.074e+03, Loss_bcs: 9.727e-02, Loss_res: 1.977e+03,Time: 0.01
 kurtosis_grad_res: 3.4003e+02
 kurtosis_grad_bcs: 5.2525e+02
std_grad_bcs: 0.016643
std_grad_res: 39.353497
adaptive_bcs_val: 7.7353e+02
adaptive_res_val: 2.9084e+01
It: 1400, Loss: 2.041e+03, Loss_bcs: 9.978e-02, Loss_res: 1.941e+03,Time: 0.01
 kurtosis_grad_res: 1.5855e+02
 kurtosis_grad_bcs: 2.5346e+02
std_grad_bcs: 0.015122
std_grad_res: 72.107246
adaptive_bcs_val: 7.7353e+02
adaptive_res_val: 2.9084e+01
It: 1500, Loss: 1.567e+03, Loss_bcs: 7.408e-02, Loss_res: 1.493e+03,Time: 0.01
 kurtosis_grad_res: 2.2366e+02
 kurtosis_grad_bcs: 3.9048e+02
std_grad_bcs: 0.022026
std_grad_res: 107.212402
adaptive_bcs_val: 7.7353e+02
adaptive_res_val: 2.9084e+01
It: 1600, Loss: 2.488e+03, Loss_bcs: 8.300e-02, Loss_res: 2.405e+03,Time: 0.01
 kurtosis_grad_res: 1.5115e+02
 kurtosis_grad_bcs: 2.5458e+02
std_grad_bcs: 0.020909
std_grad_res: 73.173882
adaptive_bcs_val: 7.7353e+02
adaptive_res_val: 2.9084e+01
It: 1700, Loss: 8.807e+02, Loss_bcs: 7.639e-02, Loss_res: 8.043e+02,Time: 0.01
 kurtosis_grad_res: 1.1312e+02
 kurtosis_grad_bcs: 1.9608e+02
std_grad_bcs: 0.015990
std_grad_res: 91.863251
adaptive_bcs_val: 7.7353e+02
adaptive_res_val: 2.9084e+01
It: 1800, Loss: 8.580e+02, Loss_bcs: 6.781e-02, Loss_res: 7.901e+02,Time: 0.01
 kurtosis_grad_res: 3.6640e+02
 kurtosis_grad_bcs: 5.0288e+02
std_grad_bcs: 0.020899
std_grad_res: 21.104952
adaptive_bcs_val: 7.7353e+02
adaptive_res_val: 2.9084e+01
It: 1900, Loss: 1.096e+03, Loss_bcs: 8.355e-02, Loss_res: 1.012e+03,Time: 0.01
 kurtosis_grad_res: 1.6109e+02
 kurtosis_grad_bcs: 3.2057e+02
std_grad_bcs: 0.016718
std_grad_res: 52.853451
adaptive_bcs_val: 7.7353e+02
adaptive_res_val: 2.9084e+01
It: 2000, Loss: 8.472e+02, Loss_bcs: 9.044e-02, Loss_res: 7.568e+02,Time: 0.01
 kurtosis_grad_res: 3.8670e+02
 kurtosis_grad_bcs: 2.7231e+02
std_grad_bcs: 0.025217
std_grad_res: 32.747978
adaptive_bcs_val: 7.7353e+02
adaptive_res_val: 2.9084e+01
It: 2100, Loss: 9.768e+02, Loss_bcs: 9.573e-02, Loss_res: 8.811e+02,Time: 0.01
 kurtosis_grad_res: 2.1220e+02
 kurtosis_grad_bcs: 2.4198e+02
std_grad_bcs: 0.030336
std_grad_res: 150.487000
adaptive_bcs_val: 7.7353e+02
adaptive_res_val: 2.9084e+01
It: 2200, Loss: 8.597e+02, Loss_bcs: 8.203e-02, Loss_res: 7.776e+02,Time: 0.01
 kurtosis_grad_res: 2.7595e+02
 kurtosis_grad_bcs: 2.2186e+04
std_grad_bcs: 0.010399
std_grad_res: 71.162140
adaptive_bcs_val: 7.7353e+02
adaptive_res_val: 2.9084e+01
It: 2300, Loss: 7.730e+02, Loss_bcs: 7.476e-02, Loss_res: 6.982e+02,Time: 0.01
 kurtosis_grad_res: 1.7220e+02
 kurtosis_grad_bcs: 6.6480e+02
std_grad_bcs: 0.027562
std_grad_res: 84.099373
adaptive_bcs_val: 7.7353e+02
adaptive_res_val: 2.9084e+01
It: 2400, Loss: 8.297e+02, Loss_bcs: 7.708e-02, Loss_res: 7.526e+02,Time: 0.01
 kurtosis_grad_res: 1.5895e+02
 kurtosis_grad_bcs: 3.4484e+02
std_grad_bcs: 0.019958
std_grad_res: 107.644165
adaptive_bcs_val: 7.7353e+02
adaptive_res_val: 2.9084e+01
It: 2500, Loss: 4.986e+02, Loss_bcs: 6.999e-02, Loss_res: 4.286e+02,Time: 0.01
 kurtosis_grad_res: 2.8793e+02
 kurtosis_grad_bcs: 2.1364e+02
std_grad_bcs: 0.020185
std_grad_res: 110.142426
adaptive_bcs_val: 7.7353e+02
adaptive_res_val: 2.9084e+01
It: 2600, Loss: 9.764e+02, Loss_bcs: 6.575e-02, Loss_res: 9.107e+02,Time: 0.01
 kurtosis_grad_res: 1.6711e+02
 kurtosis_grad_bcs: 3.6921e+02
std_grad_bcs: 0.020638
std_grad_res: 80.435646
adaptive_bcs_val: 7.7353e+02
adaptive_res_val: 2.9084e+01
It: 2700, Loss: 7.352e+02, Loss_bcs: 8.528e-02, Loss_res: 6.499e+02,Time: 0.01
 kurtosis_grad_res: 9.8568e+01
 kurtosis_grad_bcs: 6.8648e+02
std_grad_bcs: 0.017398
std_grad_res: 190.661514
adaptive_bcs_val: 7.7353e+02
adaptive_res_val: 2.9084e+01
It: 2800, Loss: 5.610e+02, Loss_bcs: 8.112e-02, Loss_res: 4.799e+02,Time: 0.01
 kurtosis_grad_res: 1.5568e+02
 kurtosis_grad_bcs: 3.4648e+02
std_grad_bcs: 0.022344
std_grad_res: 113.902527
adaptive_bcs_val: 7.7353e+02
adaptive_res_val: 2.9084e+01
It: 2900, Loss: 6.827e+02, Loss_bcs: 8.234e-02, Loss_res: 6.004e+02,Time: 0.01
 kurtosis_grad_res: 1.3424e+02
 kurtosis_grad_bcs: 3.2504e+02
std_grad_bcs: 0.043684
std_grad_res: 127.300323
adaptive_bcs_val: 7.7353e+02
adaptive_res_val: 2.9084e+01
It: 3000, Loss: 7.813e+02, Loss_bcs: 6.658e-02, Loss_res: 7.147e+02,Time: 0.01
 kurtosis_grad_res: 2.3315e+02
 kurtosis_grad_bcs: 2.2501e+02
std_grad_bcs: 0.026397
std_grad_res: 93.688354
adaptive_bcs_val: 7.7353e+02
adaptive_res_val: 2.9084e+01
It: 3100, Loss: 5.579e+02, Loss_bcs: 6.967e-02, Loss_res: 4.883e+02,Time: 0.01
 kurtosis_grad_res: 2.0814e+02
 kurtosis_grad_bcs: 3.8130e+02
std_grad_bcs: 0.014296
std_grad_res: 41.875359
adaptive_bcs_val: 7.7353e+02
adaptive_res_val: 2.9084e+01
It: 3200, Loss: 8.799e+02, Loss_bcs: 6.676e-02, Loss_res: 8.131e+02,Time: 0.01
 kurtosis_grad_res: 1.3644e+02
 kurtosis_grad_bcs: 2.1244e+02
std_grad_bcs: 0.030503
std_grad_res: 121.867210
adaptive_bcs_val: 7.7353e+02
adaptive_res_val: 2.9084e+01
It: 3300, Loss: 8.348e+02, Loss_bcs: 7.420e-02, Loss_res: 7.606e+02,Time: 0.01
 kurtosis_grad_res: 1.1373e+02
 kurtosis_grad_bcs: 3.0638e+02
std_grad_bcs: 0.034458
std_grad_res: 121.064865
adaptive_bcs_val: 7.7353e+02
adaptive_res_val: 2.9084e+01
It: 3400, Loss: 7.032e+02, Loss_bcs: 5.854e-02, Loss_res: 6.447e+02,Time: 0.01
 kurtosis_grad_res: 1.5085e+02
 kurtosis_grad_bcs: 3.0063e+02
std_grad_bcs: 0.024705
std_grad_res: 96.030884
adaptive_bcs_val: 7.7353e+02
adaptive_res_val: 2.9084e+01
It: 3500, Loss: 6.244e+02, Loss_bcs: 5.565e-02, Loss_res: 5.688e+02,Time: 0.01
 kurtosis_grad_res: 1.5960e+02
 kurtosis_grad_bcs: 2.2485e+02
std_grad_bcs: 0.024153
std_grad_res: 45.815762
adaptive_bcs_val: 7.7353e+02
adaptive_res_val: 2.9084e+01
It: 3600, Loss: 5.629e+02, Loss_bcs: 5.547e-02, Loss_res: 5.074e+02,Time: 0.01
 kurtosis_grad_res: 1.1231e+02
 kurtosis_grad_bcs: 2.6227e+02
std_grad_bcs: 0.026924
std_grad_res: 94.877777
adaptive_bcs_val: 7.7353e+02
adaptive_res_val: 2.9084e+01
It: 3700, Loss: 6.384e+02, Loss_bcs: 4.731e-02, Loss_res: 5.911e+02,Time: 0.01
 kurtosis_grad_res: 1.4363e+02
 kurtosis_grad_bcs: 2.5701e+02
std_grad_bcs: 0.024172
std_grad_res: 122.686531
adaptive_bcs_val: 7.7353e+02
adaptive_res_val: 2.9084e+01
It: 3800, Loss: 5.789e+02, Loss_bcs: 5.027e-02, Loss_res: 5.286e+02,Time: 0.01
 kurtosis_grad_res: 1.7494e+02
 kurtosis_grad_bcs: 3.1318e+02
std_grad_bcs: 0.016914
std_grad_res: 138.111465
adaptive_bcs_val: 7.7353e+02
adaptive_res_val: 2.9084e+01
It: 3900, Loss: 4.889e+02, Loss_bcs: 3.422e-02, Loss_res: 4.547e+02,Time: 0.01
 kurtosis_grad_res: 1.5182e+02
 kurtosis_grad_bcs: 2.1926e+02
std_grad_bcs: 0.022561
std_grad_res: 74.873352
adaptive_bcs_val: 7.7353e+02
adaptive_res_val: 2.9084e+01
It: 4000, Loss: 4.841e+02, Loss_bcs: 3.320e-02, Loss_res: 4.509e+02,Time: 0.01
 kurtosis_grad_res: 1.1338e+02
 kurtosis_grad_bcs: 2.9211e+02
std_grad_bcs: 0.011903
std_grad_res: 105.555176
adaptive_bcs_val: 7.7353e+02
adaptive_res_val: 2.9084e+01
It: 4100, Loss: 3.885e+02, Loss_bcs: 3.711e-02, Loss_res: 3.514e+02,Time: 0.01
 kurtosis_grad_res: 1.6927e+02
 kurtosis_grad_bcs: 2.5335e+02
std_grad_bcs: 0.014302
std_grad_res: 74.497902
adaptive_bcs_val: 7.7353e+02
adaptive_res_val: 2.9084e+01
It: 4200, Loss: 3.239e+02, Loss_bcs: 4.038e-02, Loss_res: 2.836e+02,Time: 0.01
 kurtosis_grad_res: 1.7864e+02
 kurtosis_grad_bcs: 1.8991e+02
std_grad_bcs: 0.017732
std_grad_res: 84.936218
adaptive_bcs_val: 7.7353e+02
adaptive_res_val: 2.9084e+01
It: 4300, Loss: 2.689e+02, Loss_bcs: 3.591e-02, Loss_res: 2.330e+02,Time: 0.01
 kurtosis_grad_res: 2.3984e+02
 kurtosis_grad_bcs: 3.7470e+02
std_grad_bcs: 0.016852
std_grad_res: 65.300209
adaptive_bcs_val: 7.7353e+02
adaptive_res_val: 2.9084e+01
It: 4400, Loss: 3.556e+02, Loss_bcs: 2.675e-02, Loss_res: 3.288e+02,Time: 0.01
 kurtosis_grad_res: 1.5314e+02
 kurtosis_grad_bcs: 2.1970e+02
std_grad_bcs: 0.012264
std_grad_res: 142.471756
adaptive_bcs_val: 7.7353e+02
adaptive_res_val: 2.9084e+01
It: 4500, Loss: 4.106e+02, Loss_bcs: 2.814e-02, Loss_res: 3.825e+02,Time: 0.01
 kurtosis_grad_res: 1.5275e+02
 kurtosis_grad_bcs: 2.6638e+02
std_grad_bcs: 0.023340
std_grad_res: 75.667175
adaptive_bcs_val: 7.7353e+02
adaptive_res_val: 2.9084e+01
It: 4600, Loss: 3.046e+02, Loss_bcs: 3.714e-02, Loss_res: 2.675e+02,Time: 0.01
 kurtosis_grad_res: 1.3471e+02
 kurtosis_grad_bcs: 3.2313e+02
std_grad_bcs: 0.024271
std_grad_res: 158.288864
adaptive_bcs_val: 7.7353e+02
adaptive_res_val: 2.9084e+01
It: 4700, Loss: 3.908e+02, Loss_bcs: 2.011e-02, Loss_res: 3.707e+02,Time: 0.01
 kurtosis_grad_res: 1.6279e+02
 kurtosis_grad_bcs: 5.8620e+02
std_grad_bcs: 0.005322
std_grad_res: 94.858002
adaptive_bcs_val: 7.7353e+02
adaptive_res_val: 2.9084e+01
It: 4800, Loss: 2.630e+02, Loss_bcs: 3.036e-02, Loss_res: 2.327e+02,Time: 0.01
 kurtosis_grad_res: 3.0289e+02
 kurtosis_grad_bcs: 2.7499e+02
std_grad_bcs: 0.011765
std_grad_res: 17.948799
adaptive_bcs_val: 7.7353e+02
adaptive_res_val: 2.9084e+01
It: 4900, Loss: 2.483e+02, Loss_bcs: 2.147e-02, Loss_res: 2.268e+02,Time: 0.01
 kurtosis_grad_res: 1.8905e+02
 kurtosis_grad_bcs: 1.7786e+02
std_grad_bcs: 0.017401
std_grad_res: 73.020782
adaptive_bcs_val: 7.7353e+02
adaptive_res_val: 2.9084e+01
It: 5000, Loss: 3.218e+02, Loss_bcs: 2.261e-02, Loss_res: 2.992e+02,Time: 0.01
 kurtosis_grad_res: 1.1911e+02
 kurtosis_grad_bcs: 1.9990e+02
std_grad_bcs: 0.013244
std_grad_res: 88.679497
adaptive_bcs_val: 7.7353e+02
adaptive_res_val: 2.9084e+01
It: 5100, Loss: 3.138e+02, Loss_bcs: 2.588e-02, Loss_res: 2.879e+02,Time: 0.01
 kurtosis_grad_res: 1.3625e+02
 kurtosis_grad_bcs: 3.2844e+02
std_grad_bcs: 0.006262
std_grad_res: 120.751968
adaptive_bcs_val: 7.7353e+02
adaptive_res_val: 2.9084e+01
It: 5200, Loss: 2.504e+02, Loss_bcs: 2.598e-02, Loss_res: 2.245e+02,Time: 0.01
 kurtosis_grad_res: 1.0423e+02
 kurtosis_grad_bcs: 4.3505e+03
std_grad_bcs: 0.009472
std_grad_res: 112.337982
adaptive_bcs_val: 7.7353e+02
adaptive_res_val: 2.9084e+01
It: 5300, Loss: 2.339e+02, Loss_bcs: 2.183e-02, Loss_res: 2.120e+02,Time: 0.01
 kurtosis_grad_res: 1.8614e+02
 kurtosis_grad_bcs: 2.3039e+02
std_grad_bcs: 0.009142
std_grad_res: 90.212746
adaptive_bcs_val: 7.7353e+02
adaptive_res_val: 2.9084e+01
It: 5400, Loss: 2.399e+02, Loss_bcs: 2.201e-02, Loss_res: 2.179e+02,Time: 0.01
 kurtosis_grad_res: 2.0326e+02
 kurtosis_grad_bcs: 2.9870e+02
std_grad_bcs: 0.016668
std_grad_res: 50.498474
adaptive_bcs_val: 7.7353e+02
adaptive_res_val: 2.9084e+01
It: 5500, Loss: 1.811e+02, Loss_bcs: 1.644e-02, Loss_res: 1.646e+02,Time: 0.01
 kurtosis_grad_res: 1.4679e+02
 kurtosis_grad_bcs: 1.3485e+03
std_grad_bcs: 0.006667
std_grad_res: 47.260040
adaptive_bcs_val: 7.7353e+02
adaptive_res_val: 2.9084e+01
It: 5600, Loss: 1.771e+02, Loss_bcs: 2.755e-02, Loss_res: 1.496e+02,Time: 0.01
 kurtosis_grad_res: 2.1935e+02
 kurtosis_grad_bcs: 2.8810e+02
std_grad_bcs: 0.023884
std_grad_res: 79.580849
adaptive_bcs_val: 7.7353e+02
adaptive_res_val: 2.9084e+01
It: 5700, Loss: 1.684e+02, Loss_bcs: 2.211e-02, Loss_res: 1.463e+02,Time: 0.01
 kurtosis_grad_res: 1.5704e+02
 kurtosis_grad_bcs: 2.5903e+02
std_grad_bcs: 0.015429
std_grad_res: 46.342175
adaptive_bcs_val: 7.7353e+02
adaptive_res_val: 2.9084e+01
It: 5800, Loss: 1.694e+02, Loss_bcs: 2.618e-02, Loss_res: 1.433e+02,Time: 0.01
 kurtosis_grad_res: 1.2652e+02
 kurtosis_grad_bcs: 2.5042e+02
std_grad_bcs: 0.016606
std_grad_res: 48.595181
adaptive_bcs_val: 7.7353e+02
adaptive_res_val: 2.9084e+01
It: 5900, Loss: 2.247e+02, Loss_bcs: 1.942e-02, Loss_res: 2.052e+02,Time: 0.01
 kurtosis_grad_res: 1.8318e+02
 kurtosis_grad_bcs: 2.3140e+02
std_grad_bcs: 0.020707
std_grad_res: 126.238960
adaptive_bcs_val: 7.7353e+02
adaptive_res_val: 2.9084e+01
It: 6000, Loss: 1.214e+02, Loss_bcs: 2.029e-02, Loss_res: 1.011e+02,Time: 0.01
 kurtosis_grad_res: 1.9514e+02
 kurtosis_grad_bcs: 1.9405e+02
std_grad_bcs: 0.012416
std_grad_res: 31.359396
adaptive_bcs_val: 7.7353e+02
adaptive_res_val: 2.9084e+01
It: 6100, Loss: 1.461e+02, Loss_bcs: 2.276e-02, Loss_res: 1.233e+02,Time: 0.01
 kurtosis_grad_res: 1.3652e+02
 kurtosis_grad_bcs: 2.2977e+02
std_grad_bcs: 0.019696
std_grad_res: 50.139767
adaptive_bcs_val: 7.7353e+02
adaptive_res_val: 2.9084e+01
It: 6200, Loss: 1.223e+02, Loss_bcs: 2.461e-02, Loss_res: 9.766e+01,Time: 0.01
 kurtosis_grad_res: 1.3393e+02
 kurtosis_grad_bcs: 2.1103e+02
std_grad_bcs: 0.023153
std_grad_res: 36.428707
adaptive_bcs_val: 7.7353e+02
adaptive_res_val: 2.9084e+01
It: 6300, Loss: 1.050e+02, Loss_bcs: 2.094e-02, Loss_res: 8.409e+01,Time: 0.01
 kurtosis_grad_res: 1.5514e+02
 kurtosis_grad_bcs: 1.2117e+03
std_grad_bcs: 0.012699
std_grad_res: 51.952694
adaptive_bcs_val: 7.7353e+02
adaptive_res_val: 2.9084e+01
It: 6400, Loss: 1.217e+02, Loss_bcs: 1.867e-02, Loss_res: 1.030e+02,Time: 0.01
 kurtosis_grad_res: 1.5501e+02
 kurtosis_grad_bcs: 5.2218e+02
std_grad_bcs: 0.013831
std_grad_res: 100.275055
adaptive_bcs_val: 7.7353e+02
adaptive_res_val: 2.9084e+01
It: 6500, Loss: 8.383e+01, Loss_bcs: 2.055e-02, Loss_res: 6.328e+01,Time: 0.01
 kurtosis_grad_res: 1.3343e+02
 kurtosis_grad_bcs: 2.1243e+02
std_grad_bcs: 0.010136
std_grad_res: 33.081623
adaptive_bcs_val: 7.7353e+02
adaptive_res_val: 2.9084e+01
It: 6600, Loss: 1.049e+02, Loss_bcs: 1.970e-02, Loss_res: 8.521e+01,Time: 0.01
 kurtosis_grad_res: 1.8777e+02
 kurtosis_grad_bcs: 2.4897e+02
std_grad_bcs: 0.005311
std_grad_res: 35.569412
adaptive_bcs_val: 7.7353e+02
adaptive_res_val: 2.9084e+01
It: 6700, Loss: 8.057e+01, Loss_bcs: 2.029e-02, Loss_res: 6.029e+01,Time: 0.01
 kurtosis_grad_res: 1.2386e+02
 kurtosis_grad_bcs: 2.0939e+02
std_grad_bcs: 0.006883
std_grad_res: 66.796143
adaptive_bcs_val: 7.7353e+02
adaptive_res_val: 2.9084e+01
It: 6800, Loss: 9.458e+01, Loss_bcs: 1.961e-02, Loss_res: 7.496e+01,Time: 0.01
 kurtosis_grad_res: 1.8287e+02
 kurtosis_grad_bcs: 2.0511e+02
std_grad_bcs: 0.014616
std_grad_res: 110.263870
adaptive_bcs_val: 7.7353e+02
adaptive_res_val: 2.9084e+01
It: 6900, Loss: 8.933e+01, Loss_bcs: 1.830e-02, Loss_res: 7.103e+01,Time: 0.01
 kurtosis_grad_res: 1.3651e+02
 kurtosis_grad_bcs: 3.0990e+02
std_grad_bcs: 0.010394
std_grad_res: 34.450275
adaptive_bcs_val: 7.7353e+02
adaptive_res_val: 2.9084e+01
It: 7000, Loss: 6.699e+01, Loss_bcs: 1.864e-02, Loss_res: 4.835e+01,Time: 0.01
 kurtosis_grad_res: 1.9342e+02
 kurtosis_grad_bcs: 3.4124e+02
std_grad_bcs: 0.016781
std_grad_res: 20.726969
adaptive_bcs_val: 7.7353e+02
adaptive_res_val: 2.9084e+01
It: 7100, Loss: 5.174e+01, Loss_bcs: 1.529e-02, Loss_res: 3.645e+01,Time: 0.01
 kurtosis_grad_res: 1.1860e+02
 kurtosis_grad_bcs: 3.0145e+02
std_grad_bcs: 0.010475
std_grad_res: 51.100655
adaptive_bcs_val: 7.7353e+02
adaptive_res_val: 2.9084e+01
It: 7200, Loss: 7.414e+01, Loss_bcs: 1.737e-02, Loss_res: 5.677e+01,Time: 0.01
 kurtosis_grad_res: 1.2846e+02
 kurtosis_grad_bcs: 1.7420e+02
std_grad_bcs: 0.011383
std_grad_res: 58.023846
adaptive_bcs_val: 7.7353e+02
adaptive_res_val: 2.9084e+01
It: 7300, Loss: 6.250e+01, Loss_bcs: 1.837e-02, Loss_res: 4.413e+01,Time: 0.01
 kurtosis_grad_res: 1.2708e+02
 kurtosis_grad_bcs: 1.8558e+02
std_grad_bcs: 0.023939
std_grad_res: 72.101776
adaptive_bcs_val: 7.7353e+02
adaptive_res_val: 2.9084e+01
It: 7400, Loss: 7.121e+01, Loss_bcs: 1.711e-02, Loss_res: 5.410e+01,Time: 0.01
 kurtosis_grad_res: 2.0277e+02
 kurtosis_grad_bcs: 2.8585e+02
std_grad_bcs: 0.013605
std_grad_res: 42.528847
adaptive_bcs_val: 7.7353e+02
adaptive_res_val: 2.9084e+01
It: 7500, Loss: 7.213e+01, Loss_bcs: 1.826e-02, Loss_res: 5.387e+01,Time: 0.01
 kurtosis_grad_res: 1.1507e+02
 kurtosis_grad_bcs: 3.9391e+02
std_grad_bcs: 0.016247
std_grad_res: 53.640079
adaptive_bcs_val: 7.7353e+02
adaptive_res_val: 2.9084e+01
It: 7600, Loss: 8.571e+01, Loss_bcs: 1.548e-02, Loss_res: 7.023e+01,Time: 0.01
 kurtosis_grad_res: 2.0327e+02
 kurtosis_grad_bcs: 2.1533e+02
std_grad_bcs: 0.014430
std_grad_res: 40.208641
adaptive_bcs_val: 7.7353e+02
adaptive_res_val: 2.9084e+01
It: 7700, Loss: 7.484e+01, Loss_bcs: 1.324e-02, Loss_res: 6.161e+01,Time: 0.01
 kurtosis_grad_res: 1.1676e+02
 kurtosis_grad_bcs: 1.7430e+02
std_grad_bcs: 0.008632
std_grad_res: 92.779221
adaptive_bcs_val: 7.7353e+02
adaptive_res_val: 2.9084e+01
It: 7800, Loss: 6.814e+01, Loss_bcs: 1.416e-02, Loss_res: 5.398e+01,Time: 0.01
 kurtosis_grad_res: 1.3776e+02
 kurtosis_grad_bcs: 2.3121e+02
std_grad_bcs: 0.009220
std_grad_res: 27.928658
adaptive_bcs_val: 7.7353e+02
adaptive_res_val: 2.9084e+01
It: 7900, Loss: 5.173e+01, Loss_bcs: 1.464e-02, Loss_res: 3.709e+01,Time: 0.01
 kurtosis_grad_res: 1.1066e+02
 kurtosis_grad_bcs: 1.3453e+02
std_grad_bcs: 0.029335
std_grad_res: 33.632153
adaptive_bcs_val: 7.7353e+02
adaptive_res_val: 2.9084e+01
It: 8000, Loss: 4.351e+01, Loss_bcs: 1.282e-02, Loss_res: 3.069e+01,Time: 0.01
 kurtosis_grad_res: 1.8553e+02
 kurtosis_grad_bcs: 2.3740e+02
std_grad_bcs: 0.012917
std_grad_res: 39.311787
adaptive_bcs_val: 7.7353e+02
adaptive_res_val: 2.9084e+01
It: 8100, Loss: 5.424e+01, Loss_bcs: 1.242e-02, Loss_res: 4.182e+01,Time: 0.01
 kurtosis_grad_res: 1.9422e+02
 kurtosis_grad_bcs: 1.9042e+02
std_grad_bcs: 0.010522
std_grad_res: 22.583372
adaptive_bcs_val: 7.7353e+02
adaptive_res_val: 2.9084e+01
It: 8200, Loss: 4.541e+01, Loss_bcs: 1.157e-02, Loss_res: 3.384e+01,Time: 0.01
 kurtosis_grad_res: 1.5774e+02
 kurtosis_grad_bcs: 4.2852e+02
std_grad_bcs: 0.010149
std_grad_res: 47.882526
adaptive_bcs_val: 7.7353e+02
adaptive_res_val: 2.9084e+01
It: 8300, Loss: 3.489e+01, Loss_bcs: 1.238e-02, Loss_res: 2.250e+01,Time: 0.01
 kurtosis_grad_res: 1.7720e+02
 kurtosis_grad_bcs: 3.2949e+02
std_grad_bcs: 0.012307
std_grad_res: 16.294497
adaptive_bcs_val: 7.7353e+02
adaptive_res_val: 2.9084e+01
It: 8400, Loss: 4.837e+01, Loss_bcs: 1.269e-02, Loss_res: 3.567e+01,Time: 0.01
 kurtosis_grad_res: 1.6167e+02
 kurtosis_grad_bcs: 2.1572e+02
std_grad_bcs: 0.013980
std_grad_res: 23.977472
adaptive_bcs_val: 7.7353e+02
adaptive_res_val: 2.9084e+01
It: 8500, Loss: 4.069e+01, Loss_bcs: 1.138e-02, Loss_res: 2.932e+01,Time: 0.01
 kurtosis_grad_res: 1.3444e+02
 kurtosis_grad_bcs: 1.8330e+02
std_grad_bcs: 0.015818
std_grad_res: 29.624954
adaptive_bcs_val: 7.7353e+02
adaptive_res_val: 2.9084e+01
It: 8600, Loss: 3.718e+01, Loss_bcs: 1.201e-02, Loss_res: 2.517e+01,Time: 0.01
 kurtosis_grad_res: 1.5219e+02
 kurtosis_grad_bcs: 1.9967e+02
std_grad_bcs: 0.014471
std_grad_res: 34.997723
adaptive_bcs_val: 7.7353e+02
adaptive_res_val: 2.9084e+01
It: 8700, Loss: 4.188e+01, Loss_bcs: 1.031e-02, Loss_res: 3.156e+01,Time: 0.01
 kurtosis_grad_res: 1.4057e+02
 kurtosis_grad_bcs: 3.0889e+02
std_grad_bcs: 0.006553
std_grad_res: 63.112263
adaptive_bcs_val: 7.7353e+02
adaptive_res_val: 2.9084e+01
It: 8800, Loss: 3.828e+01, Loss_bcs: 9.453e-03, Loss_res: 2.882e+01,Time: 0.01
 kurtosis_grad_res: 1.4209e+02
 kurtosis_grad_bcs: 2.4143e+02
std_grad_bcs: 0.008700
std_grad_res: 15.356020
adaptive_bcs_val: 7.7353e+02
adaptive_res_val: 2.9084e+01
It: 8900, Loss: 3.552e+01, Loss_bcs: 8.735e-03, Loss_res: 2.678e+01,Time: 0.01
 kurtosis_grad_res: 1.4952e+02
 kurtosis_grad_bcs: 1.7959e+02
std_grad_bcs: 0.006886
std_grad_res: 20.372299
adaptive_bcs_val: 7.7353e+02
adaptive_res_val: 2.9084e+01
It: 9000, Loss: 4.080e+01, Loss_bcs: 1.023e-02, Loss_res: 3.056e+01,Time: 0.01
 kurtosis_grad_res: 1.7750e+02
 kurtosis_grad_bcs: 1.6199e+02
std_grad_bcs: 0.017635
std_grad_res: 75.175674
adaptive_bcs_val: 7.7353e+02
adaptive_res_val: 2.9084e+01
It: 9100, Loss: 3.459e+01, Loss_bcs: 9.667e-03, Loss_res: 2.492e+01,Time: 0.01
 kurtosis_grad_res: 1.1405e+02
 kurtosis_grad_bcs: 1.9131e+02
std_grad_bcs: 0.010282
std_grad_res: 51.928726
adaptive_bcs_val: 7.7353e+02
adaptive_res_val: 2.9084e+01
It: 9200, Loss: 2.427e+01, Loss_bcs: 8.323e-03, Loss_res: 1.595e+01,Time: 0.01
 kurtosis_grad_res: 1.1078e+02
 kurtosis_grad_bcs: 2.0111e+02
std_grad_bcs: 0.010512
std_grad_res: 16.732023
adaptive_bcs_val: 7.7353e+02
adaptive_res_val: 2.9084e+01
It: 9300, Loss: 3.898e+01, Loss_bcs: 9.216e-03, Loss_res: 2.977e+01,Time: 0.01
 kurtosis_grad_res: 1.3211e+02
 kurtosis_grad_bcs: 2.2757e+02
std_grad_bcs: 0.009602
std_grad_res: 23.649233
adaptive_bcs_val: 7.7353e+02
adaptive_res_val: 2.9084e+01
It: 9400, Loss: 3.241e+01, Loss_bcs: 8.941e-03, Loss_res: 2.347e+01,Time: 0.01
 kurtosis_grad_res: 1.3070e+02
 kurtosis_grad_bcs: 1.9805e+02
std_grad_bcs: 0.004927
std_grad_res: 25.628431
adaptive_bcs_val: 7.7353e+02
adaptive_res_val: 2.9084e+01
It: 9500, Loss: 2.860e+01, Loss_bcs: 9.245e-03, Loss_res: 1.935e+01,Time: 0.01
 kurtosis_grad_res: 1.2474e+02
 kurtosis_grad_bcs: 2.0191e+02
std_grad_bcs: 0.017122
std_grad_res: 30.249910
adaptive_bcs_val: 7.7353e+02
adaptive_res_val: 2.9084e+01
It: 9600, Loss: 3.882e+01, Loss_bcs: 7.606e-03, Loss_res: 3.121e+01,Time: 0.01
 kurtosis_grad_res: 2.5501e+02
 kurtosis_grad_bcs: 2.4211e+02
std_grad_bcs: 0.011470
std_grad_res: 53.058308
adaptive_bcs_val: 7.7353e+02
adaptive_res_val: 2.9084e+01
It: 9700, Loss: 3.188e+01, Loss_bcs: 1.173e-02, Loss_res: 2.016e+01,Time: 0.01
 kurtosis_grad_res: 2.4741e+02
 kurtosis_grad_bcs: 2.0075e+02
std_grad_bcs: 0.017145
std_grad_res: 11.759295
adaptive_bcs_val: 7.7353e+02
adaptive_res_val: 2.9084e+01
It: 9800, Loss: 3.438e+01, Loss_bcs: 6.561e-03, Loss_res: 2.782e+01,Time: 0.01
 kurtosis_grad_res: 9.3075e+01
 kurtosis_grad_bcs: 2.3836e+02
std_grad_bcs: 0.014468
std_grad_res: 29.144634
adaptive_bcs_val: 7.7353e+02
adaptive_res_val: 2.9084e+01
It: 9900, Loss: 3.062e+01, Loss_bcs: 7.745e-03, Loss_res: 2.288e+01,Time: 0.01
 kurtosis_grad_res: 1.3475e+02
 kurtosis_grad_bcs: 3.0679e+02
std_grad_bcs: 0.008753
std_grad_res: 31.810951
adaptive_bcs_val: 7.7353e+02
adaptive_res_val: 2.9084e+01
It: 10000, Loss: 2.160e+01, Loss_bcs: 6.860e-03, Loss_res: 1.474e+01,Time: 0.01
 kurtosis_grad_res: 1.0323e+02
 kurtosis_grad_bcs: 2.8320e+02
std_grad_bcs: 0.005690
std_grad_res: 33.409081
adaptive_bcs_val: 7.7353e+02
adaptive_res_val: 2.9084e+01
It: 10100, Loss: 2.764e+01, Loss_bcs: 8.256e-03, Loss_res: 1.939e+01,Time: 0.01
 kurtosis_grad_res: 1.0908e+02
 kurtosis_grad_bcs: 2.7731e+02
std_grad_bcs: 0.013117
std_grad_res: 35.763798
adaptive_bcs_val: 7.7353e+02
adaptive_res_val: 2.9084e+01
It: 10200, Loss: 1.702e+01, Loss_bcs: 6.213e-03, Loss_res: 1.081e+01,Time: 0.01
 kurtosis_grad_res: 9.8595e+01
 kurtosis_grad_bcs: 1.6509e+02
std_grad_bcs: 0.007155
std_grad_res: 33.084686
adaptive_bcs_val: 7.7353e+02
adaptive_res_val: 2.9084e+01
It: 10300, Loss: 1.601e+01, Loss_bcs: 6.674e-03, Loss_res: 9.334e+00,Time: 0.01
 kurtosis_grad_res: 1.5051e+02
 kurtosis_grad_bcs: 1.7633e+02
std_grad_bcs: 0.009763
std_grad_res: 9.674018
adaptive_bcs_val: 7.7353e+02
adaptive_res_val: 2.9084e+01
It: 10400, Loss: 2.211e+01, Loss_bcs: 6.405e-03, Loss_res: 1.571e+01,Time: 0.01
 kurtosis_grad_res: 1.2881e+02
 kurtosis_grad_bcs: 5.5914e+02
std_grad_bcs: 0.006672
std_grad_res: 8.010099
adaptive_bcs_val: 7.7353e+02
adaptive_res_val: 2.9084e+01
It: 10500, Loss: 3.531e+01, Loss_bcs: 6.348e-03, Loss_res: 2.897e+01,Time: 0.01
 kurtosis_grad_res: 9.7557e+01
 kurtosis_grad_bcs: 2.6134e+02
std_grad_bcs: 0.009409
std_grad_res: 46.329315
adaptive_bcs_val: 7.7353e+02
adaptive_res_val: 2.9084e+01
It: 10600, Loss: 2.206e+01, Loss_bcs: 6.624e-03, Loss_res: 1.543e+01,Time: 0.01
 kurtosis_grad_res: 1.0626e+02
 kurtosis_grad_bcs: 2.0072e+02
std_grad_bcs: 0.006583
std_grad_res: 19.981142
adaptive_bcs_val: 7.7353e+02
adaptive_res_val: 2.9084e+01
It: 10700, Loss: 2.697e+01, Loss_bcs: 5.761e-03, Loss_res: 2.121e+01,Time: 0.01
 kurtosis_grad_res: 1.2863e+02
 kurtosis_grad_bcs: 3.1264e+02
std_grad_bcs: 0.007923
std_grad_res: 28.181665
adaptive_bcs_val: 7.7353e+02
adaptive_res_val: 2.9084e+01
It: 10800, Loss: 1.854e+01, Loss_bcs: 6.283e-03, Loss_res: 1.226e+01,Time: 0.01
 kurtosis_grad_res: 1.6464e+02
 kurtosis_grad_bcs: 2.7268e+02
std_grad_bcs: 0.005781
std_grad_res: 21.067715
adaptive_bcs_val: 7.7353e+02
adaptive_res_val: 2.9084e+01
It: 10900, Loss: 1.854e+01, Loss_bcs: 5.924e-03, Loss_res: 1.262e+01,Time: 0.01
 kurtosis_grad_res: 1.5067e+02
 kurtosis_grad_bcs: 2.6977e+02
std_grad_bcs: 0.009147
std_grad_res: 19.595095
adaptive_bcs_val: 7.7353e+02
adaptive_res_val: 2.9084e+01
It: 11000, Loss: 1.549e+01, Loss_bcs: 7.368e-03, Loss_res: 8.124e+00,Time: 0.01
 kurtosis_grad_res: 8.5221e+01
 kurtosis_grad_bcs: 2.1541e+02
std_grad_bcs: 0.015530
std_grad_res: 22.812574
adaptive_bcs_val: 7.7353e+02
adaptive_res_val: 2.9084e+01
It: 11100, Loss: 1.939e+01, Loss_bcs: 5.752e-03, Loss_res: 1.363e+01,Time: 0.01
 kurtosis_grad_res: 1.5777e+02
 kurtosis_grad_bcs: 1.7761e+02
std_grad_bcs: 0.011291
std_grad_res: 14.397314
adaptive_bcs_val: 7.7353e+02
adaptive_res_val: 2.9084e+01
It: 11200, Loss: 1.226e+01, Loss_bcs: 5.347e-03, Loss_res: 6.913e+00,Time: 0.01
 kurtosis_grad_res: 2.1068e+02
 kurtosis_grad_bcs: 2.9892e+02
std_grad_bcs: 0.004297
std_grad_res: 15.723367
adaptive_bcs_val: 7.7353e+02
adaptive_res_val: 2.9084e+01
It: 11300, Loss: 1.349e+01, Loss_bcs: 6.160e-03, Loss_res: 7.327e+00,Time: 0.01
 kurtosis_grad_res: 2.0299e+02
 kurtosis_grad_bcs: 2.0518e+02
std_grad_bcs: 0.006999
std_grad_res: 14.367377
adaptive_bcs_val: 7.7353e+02
adaptive_res_val: 2.9084e+01
It: 11400, Loss: 2.084e+01, Loss_bcs: 5.539e-03, Loss_res: 1.530e+01,Time: 0.01
 kurtosis_grad_res: 1.8189e+02
 kurtosis_grad_bcs: 2.0987e+02
std_grad_bcs: 0.007126
std_grad_res: 19.993551
adaptive_bcs_val: 7.7353e+02
adaptive_res_val: 2.9084e+01
It: 11500, Loss: 1.450e+01, Loss_bcs: 4.397e-03, Loss_res: 1.011e+01,Time: 0.01
 kurtosis_grad_res: 1.6799e+02
 kurtosis_grad_bcs: 1.7915e+02
std_grad_bcs: 0.004101
std_grad_res: 18.169695
adaptive_bcs_val: 7.7353e+02
adaptive_res_val: 2.9084e+01
It: 11600, Loss: 2.095e+01, Loss_bcs: 5.823e-03, Loss_res: 1.513e+01,Time: 0.01
 kurtosis_grad_res: 1.4701e+02
 kurtosis_grad_bcs: 1.3095e+02
std_grad_bcs: 0.012164
std_grad_res: 23.851164
adaptive_bcs_val: 7.7353e+02
adaptive_res_val: 2.9084e+01
It: 11700, Loss: 2.025e+01, Loss_bcs: 5.193e-03, Loss_res: 1.506e+01,Time: 0.01
 kurtosis_grad_res: 1.7343e+02
 kurtosis_grad_bcs: 1.1360e+02
std_grad_bcs: 0.010737
std_grad_res: 25.673546
adaptive_bcs_val: 7.7353e+02
adaptive_res_val: 2.9084e+01
It: 11800, Loss: 1.416e+01, Loss_bcs: 5.310e-03, Loss_res: 8.854e+00,Time: 0.01
 kurtosis_grad_res: 1.0253e+02
 kurtosis_grad_bcs: 4.7150e+02
std_grad_bcs: 0.005203
std_grad_res: 17.373669
adaptive_bcs_val: 7.7353e+02
adaptive_res_val: 2.9084e+01
It: 11900, Loss: 1.490e+01, Loss_bcs: 4.739e-03, Loss_res: 1.016e+01,Time: 0.01
 kurtosis_grad_res: 1.8474e+02
 kurtosis_grad_bcs: 2.7075e+02
std_grad_bcs: 0.003484
std_grad_res: 9.417856
adaptive_bcs_val: 7.7353e+02
adaptive_res_val: 2.9084e+01
It: 12000, Loss: 1.307e+01, Loss_bcs: 4.507e-03, Loss_res: 8.558e+00,Time: 0.01
 kurtosis_grad_res: 1.3214e+02
 kurtosis_grad_bcs: 4.2325e+02
std_grad_bcs: 0.001545
std_grad_res: 17.775459
adaptive_bcs_val: 7.7353e+02
adaptive_res_val: 2.9084e+01
It: 12100, Loss: 1.787e+01, Loss_bcs: 4.677e-03, Loss_res: 1.320e+01,Time: 0.01
 kurtosis_grad_res: 1.4290e+02
 kurtosis_grad_bcs: 2.6392e+03
std_grad_bcs: 0.002730
std_grad_res: 7.466894
adaptive_bcs_val: 7.7353e+02
adaptive_res_val: 2.9084e+01
It: 12200, Loss: 2.928e+01, Loss_bcs: 4.964e-03, Loss_res: 2.431e+01,Time: 0.01
 kurtosis_grad_res: 2.0033e+02
 kurtosis_grad_bcs: 2.5700e+02
std_grad_bcs: 0.005858
std_grad_res: 13.955763
adaptive_bcs_val: 7.7353e+02
adaptive_res_val: 2.9084e+01
It: 12300, Loss: 1.411e+01, Loss_bcs: 4.322e-03, Loss_res: 9.786e+00,Time: 0.01
 kurtosis_grad_res: 1.0568e+02
 kurtosis_grad_bcs: 2.2159e+02
std_grad_bcs: 0.003981
std_grad_res: 24.239408
adaptive_bcs_val: 7.7353e+02
adaptive_res_val: 2.9084e+01
It: 12400, Loss: 1.505e+01, Loss_bcs: 4.250e-03, Loss_res: 1.080e+01,Time: 0.01
 kurtosis_grad_res: 2.0447e+02
 kurtosis_grad_bcs: 2.8438e+02
std_grad_bcs: 0.005328
std_grad_res: 18.438084
adaptive_bcs_val: 7.7353e+02
adaptive_res_val: 2.9084e+01
It: 12500, Loss: 2.374e+01, Loss_bcs: 4.980e-03, Loss_res: 1.876e+01,Time: 0.01
 kurtosis_grad_res: 1.2453e+02
 kurtosis_grad_bcs: 1.5507e+02
std_grad_bcs: 0.015783
std_grad_res: 19.610050
adaptive_bcs_val: 7.7353e+02
adaptive_res_val: 2.9084e+01
It: 12600, Loss: 1.270e+01, Loss_bcs: 4.990e-03, Loss_res: 7.708e+00,Time: 0.01
 kurtosis_grad_res: 1.6823e+02
 kurtosis_grad_bcs: 1.9733e+02
std_grad_bcs: 0.012074
std_grad_res: 25.084814
adaptive_bcs_val: 7.7353e+02
adaptive_res_val: 2.9084e+01
It: 12700, Loss: 1.532e+01, Loss_bcs: 3.698e-03, Loss_res: 1.162e+01,Time: 0.01
 kurtosis_grad_res: 1.4169e+02
 kurtosis_grad_bcs: 2.3788e+02
std_grad_bcs: 0.002881
std_grad_res: 20.724522
adaptive_bcs_val: 7.7353e+02
adaptive_res_val: 2.9084e+01
It: 12800, Loss: 7.155e+00, Loss_bcs: 3.324e-03, Loss_res: 3.831e+00,Time: 0.01
 kurtosis_grad_res: 1.2609e+02
 kurtosis_grad_bcs: 2.7084e+02
std_grad_bcs: 0.002927
std_grad_res: 8.649837
adaptive_bcs_val: 7.7353e+02
adaptive_res_val: 2.9084e+01
It: 12900, Loss: 1.240e+01, Loss_bcs: 3.703e-03, Loss_res: 8.693e+00,Time: 0.01
 kurtosis_grad_res: 1.7284e+02
 kurtosis_grad_bcs: 1.1517e+03
std_grad_bcs: 0.003125
std_grad_res: 11.313088
adaptive_bcs_val: 7.7353e+02
adaptive_res_val: 2.9084e+01
It: 13000, Loss: 1.032e+01, Loss_bcs: 4.252e-03, Loss_res: 6.070e+00,Time: 0.01
 kurtosis_grad_res: 2.5688e+02
 kurtosis_grad_bcs: 4.2980e+02
std_grad_bcs: 0.006611
std_grad_res: 18.019014
adaptive_bcs_val: 7.7353e+02
adaptive_res_val: 2.9084e+01
It: 13100, Loss: 1.053e+01, Loss_bcs: 3.773e-03, Loss_res: 6.760e+00,Time: 0.01
 kurtosis_grad_res: 1.1602e+02
 kurtosis_grad_bcs: 2.2037e+02
std_grad_bcs: 0.009421
std_grad_res: 26.255323
adaptive_bcs_val: 7.7353e+02
adaptive_res_val: 2.9084e+01
It: 13200, Loss: 8.240e+00, Loss_bcs: 4.195e-03, Loss_res: 4.045e+00,Time: 0.01
 kurtosis_grad_res: 1.4800e+02
 kurtosis_grad_bcs: 1.8980e+02
std_grad_bcs: 0.007809
std_grad_res: 15.427602
adaptive_bcs_val: 7.7353e+02
adaptive_res_val: 2.9084e+01
It: 13300, Loss: 9.724e+00, Loss_bcs: 3.871e-03, Loss_res: 5.853e+00,Time: 0.01
 kurtosis_grad_res: 1.2937e+02
 kurtosis_grad_bcs: 1.7884e+02
std_grad_bcs: 0.010375
std_grad_res: 6.186710
adaptive_bcs_val: 7.7353e+02
adaptive_res_val: 2.9084e+01
It: 13400, Loss: 1.138e+01, Loss_bcs: 4.435e-03, Loss_res: 6.949e+00,Time: 0.01
 kurtosis_grad_res: 1.4907e+02
 kurtosis_grad_bcs: 2.3682e+02
std_grad_bcs: 0.002895
std_grad_res: 11.935138
adaptive_bcs_val: 7.7353e+02
adaptive_res_val: 2.9084e+01
It: 13500, Loss: 2.046e+01, Loss_bcs: 3.364e-03, Loss_res: 1.710e+01,Time: 0.01
 kurtosis_grad_res: 1.7261e+02
 kurtosis_grad_bcs: 1.8782e+02
std_grad_bcs: 0.006160
std_grad_res: 20.878119
adaptive_bcs_val: 7.7353e+02
adaptive_res_val: 2.9084e+01
It: 13600, Loss: 7.130e+00, Loss_bcs: 2.870e-03, Loss_res: 4.261e+00,Time: 0.01
 kurtosis_grad_res: 2.1676e+02
 kurtosis_grad_bcs: 2.7329e+02
std_grad_bcs: 0.003284
std_grad_res: 21.274080
adaptive_bcs_val: 7.7353e+02
adaptive_res_val: 2.9084e+01
It: 13700, Loss: 7.346e+00, Loss_bcs: 3.570e-03, Loss_res: 3.777e+00,Time: 0.01
 kurtosis_grad_res: 1.0711e+02
 kurtosis_grad_bcs: 2.7515e+02
std_grad_bcs: 0.009745
std_grad_res: 15.533858
adaptive_bcs_val: 7.7353e+02
adaptive_res_val: 2.9084e+01
It: 13800, Loss: 7.637e+00, Loss_bcs: 3.148e-03, Loss_res: 4.489e+00,Time: 0.01
 kurtosis_grad_res: 1.4726e+02
 kurtosis_grad_bcs: 1.5688e+02
std_grad_bcs: 0.005254
std_grad_res: 10.509539
adaptive_bcs_val: 7.7353e+02
adaptive_res_val: 2.9084e+01
It: 13900, Loss: 9.999e+00, Loss_bcs: 3.227e-03, Loss_res: 6.771e+00,Time: 0.01
 kurtosis_grad_res: 1.2773e+02
 kurtosis_grad_bcs: 2.1649e+02
std_grad_bcs: 0.006376
std_grad_res: 21.329708
adaptive_bcs_val: 7.7353e+02
adaptive_res_val: 2.9084e+01
It: 14000, Loss: 1.049e+01, Loss_bcs: 3.694e-03, Loss_res: 6.796e+00,Time: 0.01
 kurtosis_grad_res: 2.0328e+02
 kurtosis_grad_bcs: 5.7830e+02
std_grad_bcs: 0.005132
std_grad_res: 22.530233
adaptive_bcs_val: 7.7353e+02
adaptive_res_val: 2.9084e+01
It: 14100, Loss: 9.044e+00, Loss_bcs: 3.341e-03, Loss_res: 5.703e+00,Time: 0.01
 kurtosis_grad_res: 1.4111e+02
 kurtosis_grad_bcs: 1.5792e+02
std_grad_bcs: 0.008341
std_grad_res: 14.042256
adaptive_bcs_val: 7.7353e+02
adaptive_res_val: 2.9084e+01
It: 14200, Loss: 1.782e+01, Loss_bcs: 3.101e-03, Loss_res: 1.472e+01,Time: 0.01
 kurtosis_grad_res: 1.3057e+02
 kurtosis_grad_bcs: 2.8125e+02
std_grad_bcs: 0.010335
std_grad_res: 20.872929
adaptive_bcs_val: 7.7353e+02
adaptive_res_val: 2.9084e+01
It: 14300, Loss: 8.350e+00, Loss_bcs: 2.443e-03, Loss_res: 5.907e+00,Time: 0.01
 kurtosis_grad_res: 1.8218e+02
 kurtosis_grad_bcs: 3.1331e+02
std_grad_bcs: 0.006183
std_grad_res: 19.593721
adaptive_bcs_val: 7.7353e+02
adaptive_res_val: 2.9084e+01
It: 14400, Loss: 1.162e+01, Loss_bcs: 3.784e-03, Loss_res: 7.839e+00,Time: 0.01
 kurtosis_grad_res: 2.4480e+02
 kurtosis_grad_bcs: 1.9473e+02
std_grad_bcs: 0.009385
std_grad_res: 19.547695
adaptive_bcs_val: 7.7353e+02
adaptive_res_val: 2.9084e+01
It: 14500, Loss: 5.841e+00, Loss_bcs: 2.639e-03, Loss_res: 3.203e+00,Time: 0.01
 kurtosis_grad_res: 2.0739e+02
 kurtosis_grad_bcs: 2.4532e+02
std_grad_bcs: 0.004353
std_grad_res: 11.178370
adaptive_bcs_val: 7.7353e+02
adaptive_res_val: 2.9084e+01
It: 14600, Loss: 1.454e+01, Loss_bcs: 2.926e-03, Loss_res: 1.161e+01,Time: 0.01
 kurtosis_grad_res: 1.7306e+02
 kurtosis_grad_bcs: 2.0490e+02
std_grad_bcs: 0.008848
std_grad_res: 16.678534
adaptive_bcs_val: 7.7353e+02
adaptive_res_val: 2.9084e+01
It: 14700, Loss: 6.079e+00, Loss_bcs: 2.535e-03, Loss_res: 3.544e+00,Time: 0.01
 kurtosis_grad_res: 1.5793e+02
 kurtosis_grad_bcs: 1.7240e+02
std_grad_bcs: 0.006215
std_grad_res: 8.691603
adaptive_bcs_val: 7.7353e+02
adaptive_res_val: 2.9084e+01
It: 14800, Loss: 1.192e+01, Loss_bcs: 3.005e-03, Loss_res: 8.916e+00,Time: 0.01
 kurtosis_grad_res: 1.1299e+02
 kurtosis_grad_bcs: 1.2763e+03
std_grad_bcs: 0.004271
std_grad_res: 13.278931
adaptive_bcs_val: 7.7353e+02
adaptive_res_val: 2.9084e+01
It: 14900, Loss: 1.037e+01, Loss_bcs: 2.389e-03, Loss_res: 7.976e+00,Time: 0.01
 kurtosis_grad_res: 1.3589e+02
 kurtosis_grad_bcs: 3.3644e+02
std_grad_bcs: 0.005419
std_grad_res: 5.126500
adaptive_bcs_val: 7.7353e+02
adaptive_res_val: 2.9084e+01
It: 15000, Loss: 1.363e+01, Loss_bcs: 2.790e-03, Loss_res: 1.084e+01,Time: 0.01
 kurtosis_grad_res: 9.5856e+01
 kurtosis_grad_bcs: 2.1246e+02
std_grad_bcs: 0.003548
std_grad_res: 23.731354
adaptive_bcs_val: 7.7353e+02
adaptive_res_val: 2.9084e+01
It: 15100, Loss: 7.644e+00, Loss_bcs: 3.136e-03, Loss_res: 4.509e+00,Time: 0.01
 kurtosis_grad_res: 1.1837e+02
 kurtosis_grad_bcs: 2.2217e+02
std_grad_bcs: 0.008258
std_grad_res: 12.330782
adaptive_bcs_val: 7.7353e+02
adaptive_res_val: 2.9084e+01
It: 15200, Loss: 1.006e+01, Loss_bcs: 2.560e-03, Loss_res: 7.496e+00,Time: 0.01
 kurtosis_grad_res: 1.3574e+02
 kurtosis_grad_bcs: 2.9922e+02
std_grad_bcs: 0.001984
std_grad_res: 8.693452
adaptive_bcs_val: 7.7353e+02
adaptive_res_val: 2.9084e+01
It: 15300, Loss: 1.375e+01, Loss_bcs: 1.986e-03, Loss_res: 1.176e+01,Time: 0.01
 kurtosis_grad_res: 1.4546e+02
 kurtosis_grad_bcs: 3.5158e+02
std_grad_bcs: 0.004585
std_grad_res: 6.050620
adaptive_bcs_val: 7.7353e+02
adaptive_res_val: 2.9084e+01
It: 15400, Loss: 7.163e+00, Loss_bcs: 2.851e-03, Loss_res: 4.312e+00,Time: 0.01
 kurtosis_grad_res: 1.6338e+02
 kurtosis_grad_bcs: 2.0253e+02
std_grad_bcs: 0.004736
std_grad_res: 12.949068
adaptive_bcs_val: 7.7353e+02
adaptive_res_val: 2.9084e+01
It: 15500, Loss: 6.746e+00, Loss_bcs: 3.076e-03, Loss_res: 3.670e+00,Time: 0.01
 kurtosis_grad_res: 1.6758e+02
 kurtosis_grad_bcs: 1.7031e+02
std_grad_bcs: 0.005039
std_grad_res: 22.447081
adaptive_bcs_val: 7.7353e+02
adaptive_res_val: 2.9084e+01
It: 15600, Loss: 1.750e+01, Loss_bcs: 2.981e-03, Loss_res: 1.452e+01,Time: 0.01
 kurtosis_grad_res: 1.4427e+02
 kurtosis_grad_bcs: 2.5205e+02
std_grad_bcs: 0.004352
std_grad_res: 11.678648
adaptive_bcs_val: 7.7353e+02
adaptive_res_val: 2.9084e+01
It: 15700, Loss: 6.428e+00, Loss_bcs: 3.111e-03, Loss_res: 3.317e+00,Time: 0.01
 kurtosis_grad_res: 1.8512e+02
 kurtosis_grad_bcs: 1.6534e+02
std_grad_bcs: 0.012724
std_grad_res: 11.408841
adaptive_bcs_val: 7.7353e+02
adaptive_res_val: 2.9084e+01
It: 15800, Loss: 8.416e+00, Loss_bcs: 2.471e-03, Loss_res: 5.945e+00,Time: 0.01
 kurtosis_grad_res: 1.4463e+02
 kurtosis_grad_bcs: 3.8783e+02
std_grad_bcs: 0.004565
std_grad_res: 22.826443
adaptive_bcs_val: 7.7353e+02
adaptive_res_val: 2.9084e+01
It: 15900, Loss: 1.578e+01, Loss_bcs: 1.875e-03, Loss_res: 1.391e+01,Time: 0.01
 kurtosis_grad_res: 1.2552e+02
 kurtosis_grad_bcs: 1.3670e+02
std_grad_bcs: 0.004679
std_grad_res: 32.459454
adaptive_bcs_val: 7.7353e+02
adaptive_res_val: 2.9084e+01
It: 16000, Loss: 1.203e+01, Loss_bcs: 2.278e-03, Loss_res: 9.750e+00,Time: 0.01
 kurtosis_grad_res: 2.2019e+02
 kurtosis_grad_bcs: 2.7354e+02
std_grad_bcs: 0.002470
std_grad_res: 14.155899
adaptive_bcs_val: 7.7353e+02
adaptive_res_val: 2.9084e+01
It: 16100, Loss: 6.842e+00, Loss_bcs: 2.456e-03, Loss_res: 4.386e+00,Time: 0.01
 kurtosis_grad_res: 1.7144e+02
 kurtosis_grad_bcs: 2.2709e+02
std_grad_bcs: 0.004067
std_grad_res: 5.645085
adaptive_bcs_val: 7.7353e+02
adaptive_res_val: 2.9084e+01
It: 16200, Loss: 5.752e+00, Loss_bcs: 2.469e-03, Loss_res: 3.283e+00,Time: 0.01
 kurtosis_grad_res: 1.9256e+02
 kurtosis_grad_bcs: 2.4308e+02
std_grad_bcs: 0.003736
std_grad_res: 6.886073
adaptive_bcs_val: 7.7353e+02
adaptive_res_val: 2.9084e+01
It: 16300, Loss: 8.512e+00, Loss_bcs: 2.774e-03, Loss_res: 5.738e+00,Time: 0.01
 kurtosis_grad_res: 1.0108e+02
 kurtosis_grad_bcs: 4.7165e+02
std_grad_bcs: 0.002363
std_grad_res: 22.057823
adaptive_bcs_val: 7.7353e+02
adaptive_res_val: 2.9084e+01
It: 16400, Loss: 1.167e+01, Loss_bcs: 2.597e-03, Loss_res: 9.078e+00,Time: 0.01
 kurtosis_grad_res: 1.0429e+02
 kurtosis_grad_bcs: 1.7445e+03
std_grad_bcs: 0.001784
std_grad_res: 17.414518
adaptive_bcs_val: 7.7353e+02
adaptive_res_val: 2.9084e+01
It: 16500, Loss: 4.949e+00, Loss_bcs: 2.514e-03, Loss_res: 2.434e+00,Time: 0.01
 kurtosis_grad_res: 3.4395e+02
 kurtosis_grad_bcs: 1.6484e+03
std_grad_bcs: 0.003144
std_grad_res: 15.165454
adaptive_bcs_val: 7.7353e+02
adaptive_res_val: 2.9084e+01
It: 16600, Loss: 5.358e+00, Loss_bcs: 2.039e-03, Loss_res: 3.318e+00,Time: 0.01
 kurtosis_grad_res: 1.7925e+02
 kurtosis_grad_bcs: 1.6353e+02
std_grad_bcs: 0.003270
std_grad_res: 7.928519
adaptive_bcs_val: 7.7353e+02
adaptive_res_val: 2.9084e+01
It: 16700, Loss: 7.570e+00, Loss_bcs: 2.617e-03, Loss_res: 4.953e+00,Time: 0.01
 kurtosis_grad_res: 2.4324e+02
 kurtosis_grad_bcs: 3.2415e+02
std_grad_bcs: 0.007117
std_grad_res: 12.397525
adaptive_bcs_val: 7.7353e+02
adaptive_res_val: 2.9084e+01
It: 16800, Loss: 6.256e+00, Loss_bcs: 2.255e-03, Loss_res: 4.001e+00,Time: 0.01
 kurtosis_grad_res: 1.8925e+02
 kurtosis_grad_bcs: 1.5851e+02
std_grad_bcs: 0.007339
std_grad_res: 11.514990
adaptive_bcs_val: 7.7353e+02
adaptive_res_val: 2.9084e+01
It: 16900, Loss: 6.791e+00, Loss_bcs: 3.163e-03, Loss_res: 3.628e+00,Time: 0.01
 kurtosis_grad_res: 2.7658e+02
 kurtosis_grad_bcs: 3.7389e+02
std_grad_bcs: 0.003106
std_grad_res: 6.107030
adaptive_bcs_val: 7.7353e+02
adaptive_res_val: 2.9084e+01
It: 17000, Loss: 6.610e+00, Loss_bcs: 2.994e-03, Loss_res: 3.616e+00,Time: 0.01
 kurtosis_grad_res: 1.7182e+02
 kurtosis_grad_bcs: 2.2532e+02
std_grad_bcs: 0.004694
std_grad_res: 8.159650
adaptive_bcs_val: 7.7353e+02
adaptive_res_val: 2.9084e+01
It: 17100, Loss: 8.278e+00, Loss_bcs: 2.325e-03, Loss_res: 5.953e+00,Time: 0.01
 kurtosis_grad_res: 1.2459e+02
 kurtosis_grad_bcs: 1.7817e+02
std_grad_bcs: 0.005161
std_grad_res: 8.922462
adaptive_bcs_val: 7.7353e+02
adaptive_res_val: 2.9084e+01
It: 17200, Loss: 7.494e+00, Loss_bcs: 2.158e-03, Loss_res: 5.336e+00,Time: 0.01
 kurtosis_grad_res: 1.0447e+02
 kurtosis_grad_bcs: 4.4728e+02
std_grad_bcs: 0.001500
std_grad_res: 14.703105
adaptive_bcs_val: 7.7353e+02
adaptive_res_val: 2.9084e+01
It: 17300, Loss: 1.544e+01, Loss_bcs: 2.331e-03, Loss_res: 1.311e+01,Time: 0.01
 kurtosis_grad_res: 1.5449e+02
 kurtosis_grad_bcs: 3.1138e+02
std_grad_bcs: 0.005477
std_grad_res: 13.674680
adaptive_bcs_val: 7.7353e+02
adaptive_res_val: 2.9084e+01
It: 17400, Loss: 6.497e+00, Loss_bcs: 2.183e-03, Loss_res: 4.314e+00,Time: 0.01
 kurtosis_grad_res: 1.7030e+02
 kurtosis_grad_bcs: 1.8389e+02
std_grad_bcs: 0.005681
std_grad_res: 16.844580
adaptive_bcs_val: 7.7353e+02
adaptive_res_val: 2.9084e+01
It: 17500, Loss: 4.556e+00, Loss_bcs: 2.113e-03, Loss_res: 2.444e+00,Time: 0.01
 kurtosis_grad_res: 1.3832e+02
 kurtosis_grad_bcs: 3.8529e+02
std_grad_bcs: 0.004708
std_grad_res: 7.957079
adaptive_bcs_val: 7.7353e+02
adaptive_res_val: 2.9084e+01
It: 17600, Loss: 8.346e+00, Loss_bcs: 3.032e-03, Loss_res: 5.314e+00,Time: 0.01
 kurtosis_grad_res: 1.1288e+02
 kurtosis_grad_bcs: 1.6456e+02
std_grad_bcs: 0.007235
std_grad_res: 14.725654
adaptive_bcs_val: 7.7353e+02
adaptive_res_val: 2.9084e+01
It: 17700, Loss: 1.542e+01, Loss_bcs: 1.963e-03, Loss_res: 1.346e+01,Time: 0.01
 kurtosis_grad_res: 1.6089e+02
 kurtosis_grad_bcs: 5.3869e+02
std_grad_bcs: 0.002110
std_grad_res: 9.075461
adaptive_bcs_val: 7.7353e+02
adaptive_res_val: 2.9084e+01
It: 17800, Loss: 1.628e+01, Loss_bcs: 1.793e-03, Loss_res: 1.448e+01,Time: 0.01
 kurtosis_grad_res: 1.3244e+02
 kurtosis_grad_bcs: 8.3840e+02
std_grad_bcs: 0.001959
std_grad_res: 20.152098
adaptive_bcs_val: 7.7353e+02
adaptive_res_val: 2.9084e+01
It: 17900, Loss: 4.570e+00, Loss_bcs: 2.055e-03, Loss_res: 2.514e+00,Time: 0.01
 kurtosis_grad_res: 1.6001e+02
 kurtosis_grad_bcs: 4.9615e+02
std_grad_bcs: 0.002015
std_grad_res: 9.578330
adaptive_bcs_val: 7.7353e+02
adaptive_res_val: 2.9084e+01
It: 18000, Loss: 4.058e+00, Loss_bcs: 2.167e-03, Loss_res: 1.891e+00,Time: 0.01
 kurtosis_grad_res: 1.3108e+02
 kurtosis_grad_bcs: 3.1801e+02
std_grad_bcs: 0.004183
std_grad_res: 6.746655
adaptive_bcs_val: 7.7353e+02
adaptive_res_val: 2.9084e+01
It: 18100, Loss: 5.865e+00, Loss_bcs: 2.448e-03, Loss_res: 3.417e+00,Time: 0.01
 kurtosis_grad_res: 1.7133e+02
 kurtosis_grad_bcs: 3.1394e+02
std_grad_bcs: 0.004087
std_grad_res: 10.125637
adaptive_bcs_val: 7.7353e+02
adaptive_res_val: 2.9084e+01
It: 18200, Loss: 9.112e+00, Loss_bcs: 1.736e-03, Loss_res: 7.376e+00,Time: 0.01
 kurtosis_grad_res: 1.3140e+02
 kurtosis_grad_bcs: 2.2016e+02
std_grad_bcs: 0.004313
std_grad_res: 6.006365
adaptive_bcs_val: 7.7353e+02
adaptive_res_val: 2.9084e+01
It: 18300, Loss: 5.308e+00, Loss_bcs: 2.533e-03, Loss_res: 2.775e+00,Time: 0.01
 kurtosis_grad_res: 1.3611e+02
 kurtosis_grad_bcs: 1.6453e+02
std_grad_bcs: 0.004511
std_grad_res: 7.282166
adaptive_bcs_val: 7.7353e+02
adaptive_res_val: 2.9084e+01
It: 18400, Loss: 4.533e+00, Loss_bcs: 1.566e-03, Loss_res: 2.966e+00,Time: 0.01
 kurtosis_grad_res: 1.6064e+02
 kurtosis_grad_bcs: 1.3698e+02
std_grad_bcs: 0.003829
std_grad_res: 4.191316
adaptive_bcs_val: 7.7353e+02
adaptive_res_val: 2.9084e+01
It: 18500, Loss: 5.929e+00, Loss_bcs: 1.670e-03, Loss_res: 4.259e+00,Time: 0.01
 kurtosis_grad_res: 1.2520e+02
 kurtosis_grad_bcs: 5.1114e+02
std_grad_bcs: 0.003063
std_grad_res: 14.833779
adaptive_bcs_val: 7.7353e+02
adaptive_res_val: 2.9084e+01
It: 18600, Loss: 5.271e+00, Loss_bcs: 1.951e-03, Loss_res: 3.320e+00,Time: 0.01
 kurtosis_grad_res: 1.8225e+02
 kurtosis_grad_bcs: 2.1040e+02
std_grad_bcs: 0.004312
std_grad_res: 6.555177
adaptive_bcs_val: 7.7353e+02
adaptive_res_val: 2.9084e+01
It: 18700, Loss: 8.269e+00, Loss_bcs: 1.806e-03, Loss_res: 6.462e+00,Time: 0.01
 kurtosis_grad_res: 1.2650e+02
 kurtosis_grad_bcs: 3.6737e+02
std_grad_bcs: 0.003855
std_grad_res: 15.860764
adaptive_bcs_val: 7.7353e+02
adaptive_res_val: 2.9084e+01
It: 18800, Loss: 3.950e+00, Loss_bcs: 1.908e-03, Loss_res: 2.042e+00,Time: 0.01
 kurtosis_grad_res: 2.5729e+02
 kurtosis_grad_bcs: 6.6484e+02
std_grad_bcs: 0.002314
std_grad_res: 4.126814
adaptive_bcs_val: 7.7353e+02
adaptive_res_val: 2.9084e+01
It: 18900, Loss: 5.875e+00, Loss_bcs: 1.499e-03, Loss_res: 4.376e+00,Time: 0.01
 kurtosis_grad_res: 1.7716e+02
 kurtosis_grad_bcs: 1.6398e+02
std_grad_bcs: 0.006432
std_grad_res: 17.997036
adaptive_bcs_val: 7.7353e+02
adaptive_res_val: 2.9084e+01
It: 19000, Loss: 5.914e+00, Loss_bcs: 2.068e-03, Loss_res: 3.847e+00,Time: 0.01
 kurtosis_grad_res: 1.9894e+02
 kurtosis_grad_bcs: 2.0708e+02
std_grad_bcs: 0.003578
std_grad_res: 10.983909
adaptive_bcs_val: 7.7353e+02
adaptive_res_val: 2.9084e+01
It: 19100, Loss: 7.132e+00, Loss_bcs: 1.743e-03, Loss_res: 5.389e+00,Time: 0.01
 kurtosis_grad_res: 1.4146e+02
 kurtosis_grad_bcs: 3.7058e+02
std_grad_bcs: 0.002074
std_grad_res: 12.231891
adaptive_bcs_val: 7.7353e+02
adaptive_res_val: 2.9084e+01
It: 19200, Loss: 5.086e+00, Loss_bcs: 2.113e-03, Loss_res: 2.973e+00,Time: 0.01
 kurtosis_grad_res: 1.3645e+02
 kurtosis_grad_bcs: 5.2161e+02
std_grad_bcs: 0.003504
std_grad_res: 16.237574
adaptive_bcs_val: 7.7353e+02
adaptive_res_val: 2.9084e+01
It: 19300, Loss: 7.665e+00, Loss_bcs: 1.684e-03, Loss_res: 5.980e+00,Time: 0.01
 kurtosis_grad_res: 1.4422e+02
 kurtosis_grad_bcs: 2.7373e+02
std_grad_bcs: 0.003766
std_grad_res: 8.428767
adaptive_bcs_val: 7.7353e+02
adaptive_res_val: 2.9084e+01
It: 19400, Loss: 6.793e+00, Loss_bcs: 2.278e-03, Loss_res: 4.515e+00,Time: 0.01
 kurtosis_grad_res: 1.2596e+02
 kurtosis_grad_bcs: 2.6796e+02
std_grad_bcs: 0.005214
std_grad_res: 13.347891
adaptive_bcs_val: 7.7353e+02
adaptive_res_val: 2.9084e+01
It: 19500, Loss: 4.169e+00, Loss_bcs: 1.710e-03, Loss_res: 2.459e+00,Time: 0.01
 kurtosis_grad_res: 1.4594e+02
 kurtosis_grad_bcs: 2.0947e+02
std_grad_bcs: 0.004375
std_grad_res: 10.069905
adaptive_bcs_val: 7.7353e+02
adaptive_res_val: 2.9084e+01
It: 19600, Loss: 9.515e+00, Loss_bcs: 1.621e-03, Loss_res: 7.894e+00,Time: 0.01
 kurtosis_grad_res: 1.0411e+02
 kurtosis_grad_bcs: 3.9337e+02
std_grad_bcs: 0.002557
std_grad_res: 15.024246
adaptive_bcs_val: 7.7353e+02
adaptive_res_val: 2.9084e+01
It: 19700, Loss: 4.773e+00, Loss_bcs: 1.388e-03, Loss_res: 3.386e+00,Time: 0.01
 kurtosis_grad_res: 1.1700e+02
 kurtosis_grad_bcs: 1.3803e+02
std_grad_bcs: 0.004186
std_grad_res: 12.211717
adaptive_bcs_val: 7.7353e+02
adaptive_res_val: 2.9084e+01
It: 19800, Loss: 7.052e+00, Loss_bcs: 1.566e-03, Loss_res: 5.486e+00,Time: 0.01
 kurtosis_grad_res: 1.8036e+02
 kurtosis_grad_bcs: 3.0301e+02
std_grad_bcs: 0.004381
std_grad_res: 22.426775
adaptive_bcs_val: 7.7353e+02
adaptive_res_val: 2.9084e+01
It: 19900, Loss: 3.887e+00, Loss_bcs: 1.811e-03, Loss_res: 2.076e+00,Time: 0.01
 kurtosis_grad_res: 1.3127e+02
 kurtosis_grad_bcs: 6.6487e+02
std_grad_bcs: 0.003310
std_grad_res: 8.417293
adaptive_bcs_val: 7.7353e+02
adaptive_res_val: 2.9084e+01
It: 20000, Loss: 1.231e+01, Loss_bcs: 1.792e-03, Loss_res: 1.052e+01,Time: 0.01
 kurtosis_grad_res: 1.7078e+02
 kurtosis_grad_bcs: 2.1355e+02
std_grad_bcs: 0.003952
std_grad_res: 12.786463
adaptive_bcs_val: 7.7353e+02
adaptive_res_val: 2.9084e+01
It: 20100, Loss: 4.623e+00, Loss_bcs: 1.667e-03, Loss_res: 2.956e+00,Time: 0.01
 kurtosis_grad_res: 1.5174e+02
 kurtosis_grad_bcs: 2.1361e+02
std_grad_bcs: 0.002830
std_grad_res: 8.252759
adaptive_bcs_val: 7.7353e+02
adaptive_res_val: 2.9084e+01
It: 20200, Loss: 8.266e+00, Loss_bcs: 1.608e-03, Loss_res: 6.658e+00,Time: 0.01
 kurtosis_grad_res: 1.4632e+02
 kurtosis_grad_bcs: 3.5807e+02
std_grad_bcs: 0.002665
std_grad_res: 8.509617
adaptive_bcs_val: 7.7353e+02
adaptive_res_val: 2.9084e+01
It: 20300, Loss: 1.045e+01, Loss_bcs: 1.965e-03, Loss_res: 8.490e+00,Time: 0.01
 kurtosis_grad_res: 1.1574e+02
 kurtosis_grad_bcs: 2.2549e+02
std_grad_bcs: 0.003003
std_grad_res: 12.852483
adaptive_bcs_val: 7.7353e+02
adaptive_res_val: 2.9084e+01
It: 20400, Loss: 3.275e+00, Loss_bcs: 1.264e-03, Loss_res: 2.011e+00,Time: 0.01
 kurtosis_grad_res: 1.3960e+02
 kurtosis_grad_bcs: 2.7031e+02
std_grad_bcs: 0.002273
std_grad_res: 6.346275
adaptive_bcs_val: 7.7353e+02
adaptive_res_val: 2.9084e+01
It: 20500, Loss: 3.891e+00, Loss_bcs: 1.887e-03, Loss_res: 2.003e+00,Time: 0.01
 kurtosis_grad_res: 1.7763e+02
 kurtosis_grad_bcs: 1.9094e+02
std_grad_bcs: 0.005822
std_grad_res: 17.460569
adaptive_bcs_val: 7.7353e+02
adaptive_res_val: 2.9084e+01
It: 20600, Loss: 5.888e+00, Loss_bcs: 1.393e-03, Loss_res: 4.495e+00,Time: 0.01
 kurtosis_grad_res: 1.4359e+02
 kurtosis_grad_bcs: 5.4671e+02
std_grad_bcs: 0.002088
std_grad_res: 10.510276
adaptive_bcs_val: 7.7353e+02
adaptive_res_val: 2.9084e+01
It: 20700, Loss: 4.732e+00, Loss_bcs: 1.756e-03, Loss_res: 2.976e+00,Time: 0.01
 kurtosis_grad_res: 1.4946e+02
 kurtosis_grad_bcs: 1.2836e+02
std_grad_bcs: 0.005348
std_grad_res: 8.031806
adaptive_bcs_val: 7.7353e+02
adaptive_res_val: 2.9084e+01
It: 20800, Loss: 5.740e+00, Loss_bcs: 1.733e-03, Loss_res: 4.007e+00,Time: 0.01
 kurtosis_grad_res: 1.5501e+02
 kurtosis_grad_bcs: 2.5190e+02
std_grad_bcs: 0.004548
std_grad_res: 7.044637
adaptive_bcs_val: 7.7353e+02
adaptive_res_val: 2.9084e+01
It: 20900, Loss: 1.115e+01, Loss_bcs: 1.811e-03, Loss_res: 9.336e+00,Time: 0.01
 kurtosis_grad_res: 1.4085e+02
 kurtosis_grad_bcs: 3.1801e+02
std_grad_bcs: 0.005497
std_grad_res: 11.645720
adaptive_bcs_val: 7.7353e+02
adaptive_res_val: 2.9084e+01
It: 21000, Loss: 4.168e+00, Loss_bcs: 1.681e-03, Loss_res: 2.487e+00,Time: 0.01
 kurtosis_grad_res: 1.8172e+02
 kurtosis_grad_bcs: 2.9945e+02
std_grad_bcs: 0.001851
std_grad_res: 13.640791
adaptive_bcs_val: 7.7353e+02
adaptive_res_val: 2.9084e+01
It: 21100, Loss: 1.150e+01, Loss_bcs: 1.479e-03, Loss_res: 1.002e+01,Time: 0.01
 kurtosis_grad_res: 2.3018e+02
 kurtosis_grad_bcs: 1.8180e+02
std_grad_bcs: 0.003467
std_grad_res: 11.657818
adaptive_bcs_val: 7.7353e+02
adaptive_res_val: 2.9084e+01
It: 21200, Loss: 5.453e+00, Loss_bcs: 1.867e-03, Loss_res: 3.586e+00,Time: 0.01
 kurtosis_grad_res: 1.5001e+02
 kurtosis_grad_bcs: 2.8134e+03
std_grad_bcs: 0.002108
std_grad_res: 9.261792
adaptive_bcs_val: 7.7353e+02
adaptive_res_val: 2.9084e+01
It: 21300, Loss: 5.044e+00, Loss_bcs: 1.623e-03, Loss_res: 3.421e+00,Time: 0.01
 kurtosis_grad_res: 1.6794e+02
 kurtosis_grad_bcs: 3.2730e+02
std_grad_bcs: 0.002064
std_grad_res: 4.376724
adaptive_bcs_val: 7.7353e+02
adaptive_res_val: 2.9084e+01
It: 21400, Loss: 5.117e+00, Loss_bcs: 1.956e-03, Loss_res: 3.161e+00,Time: 0.01
 kurtosis_grad_res: 1.8043e+02
 kurtosis_grad_bcs: 6.6320e+02
std_grad_bcs: 0.002068
std_grad_res: 8.500315
adaptive_bcs_val: 7.7353e+02
adaptive_res_val: 2.9084e+01
It: 21500, Loss: 4.232e+00, Loss_bcs: 1.491e-03, Loss_res: 2.740e+00,Time: 0.01
 kurtosis_grad_res: 2.1127e+02
 kurtosis_grad_bcs: 2.9904e+02
std_grad_bcs: 0.002107
std_grad_res: 6.330396
adaptive_bcs_val: 7.7353e+02
adaptive_res_val: 2.9084e+01
It: 21600, Loss: 2.713e+00, Loss_bcs: 1.406e-03, Loss_res: 1.307e+00,Time: 0.01
 kurtosis_grad_res: 1.3013e+02
 kurtosis_grad_bcs: 4.7615e+02
std_grad_bcs: 0.004051
std_grad_res: 8.328206
adaptive_bcs_val: 7.7353e+02
adaptive_res_val: 2.9084e+01
It: 21700, Loss: 3.232e+00, Loss_bcs: 1.781e-03, Loss_res: 1.451e+00,Time: 0.01
 kurtosis_grad_res: 1.6376e+02
 kurtosis_grad_bcs: 1.9114e+02
std_grad_bcs: 0.004636
std_grad_res: 11.221848
adaptive_bcs_val: 7.7353e+02
adaptive_res_val: 2.9084e+01
It: 21800, Loss: 2.514e+00, Loss_bcs: 9.777e-04, Loss_res: 1.536e+00,Time: 0.01
 kurtosis_grad_res: 2.3856e+02
 kurtosis_grad_bcs: 1.8125e+02
std_grad_bcs: 0.005089
std_grad_res: 8.879641
adaptive_bcs_val: 7.7353e+02
adaptive_res_val: 2.9084e+01
It: 21900, Loss: 5.612e+00, Loss_bcs: 1.558e-03, Loss_res: 4.054e+00,Time: 0.01
 kurtosis_grad_res: 1.2581e+02
 kurtosis_grad_bcs: 3.8844e+02
std_grad_bcs: 0.006064
std_grad_res: 17.633236
adaptive_bcs_val: 7.7353e+02
adaptive_res_val: 2.9084e+01
It: 22000, Loss: 9.346e+00, Loss_bcs: 1.412e-03, Loss_res: 7.934e+00,Time: 0.01
 kurtosis_grad_res: 1.5685e+02
 kurtosis_grad_bcs: 4.1902e+02
std_grad_bcs: 0.001648
std_grad_res: 13.183890
adaptive_bcs_val: 7.7353e+02
adaptive_res_val: 2.9084e+01
It: 22100, Loss: 3.093e+00, Loss_bcs: 1.463e-03, Loss_res: 1.630e+00,Time: 0.01
 kurtosis_grad_res: 1.5465e+02
 kurtosis_grad_bcs: 1.8980e+02
std_grad_bcs: 0.004551
std_grad_res: 6.720411
adaptive_bcs_val: 7.7353e+02
adaptive_res_val: 2.9084e+01
It: 22200, Loss: 6.568e+00, Loss_bcs: 1.805e-03, Loss_res: 4.763e+00,Time: 0.01
 kurtosis_grad_res: 1.5354e+02
 kurtosis_grad_bcs: 1.6245e+02
std_grad_bcs: 0.008072
std_grad_res: 7.344820
adaptive_bcs_val: 7.7353e+02
adaptive_res_val: 2.9084e+01
It: 22300, Loss: 4.946e+00, Loss_bcs: 1.503e-03, Loss_res: 3.443e+00,Time: 0.01
 kurtosis_grad_res: 1.3162e+02
 kurtosis_grad_bcs: 2.4415e+02
std_grad_bcs: 0.003156
std_grad_res: 10.331523
adaptive_bcs_val: 7.7353e+02
adaptive_res_val: 2.9084e+01
It: 22400, Loss: 1.029e+01, Loss_bcs: 1.162e-03, Loss_res: 9.130e+00,Time: 0.01
 kurtosis_grad_res: 1.5380e+02
 kurtosis_grad_bcs: 2.3853e+02
std_grad_bcs: 0.002195
std_grad_res: 8.529008
adaptive_bcs_val: 7.7353e+02
adaptive_res_val: 2.9084e+01
It: 22500, Loss: 5.344e+00, Loss_bcs: 1.406e-03, Loss_res: 3.938e+00,Time: 0.01
 kurtosis_grad_res: 1.5930e+02
 kurtosis_grad_bcs: 2.0516e+02
std_grad_bcs: 0.002201
std_grad_res: 13.013115
adaptive_bcs_val: 7.7353e+02
adaptive_res_val: 2.9084e+01
It: 22600, Loss: 3.142e+00, Loss_bcs: 1.238e-03, Loss_res: 1.904e+00,Time: 0.01
 kurtosis_grad_res: 2.4114e+02
 kurtosis_grad_bcs: 1.9673e+02
std_grad_bcs: 0.002077
std_grad_res: 4.209613
adaptive_bcs_val: 7.7353e+02
adaptive_res_val: 2.9084e+01
It: 22700, Loss: 3.563e+00, Loss_bcs: 1.579e-03, Loss_res: 1.984e+00,Time: 0.01
 kurtosis_grad_res: 1.1164e+02
 kurtosis_grad_bcs: 3.4987e+02
std_grad_bcs: 0.001780
std_grad_res: 15.343180
adaptive_bcs_val: 7.7353e+02
adaptive_res_val: 2.9084e+01
It: 22800, Loss: 3.672e+00, Loss_bcs: 1.349e-03, Loss_res: 2.323e+00,Time: 0.01
 kurtosis_grad_res: 1.8160e+02
 kurtosis_grad_bcs: 1.7303e+02
std_grad_bcs: 0.002977
std_grad_res: 8.446550
adaptive_bcs_val: 7.7353e+02
adaptive_res_val: 2.9084e+01
It: 22900, Loss: 1.044e+01, Loss_bcs: 1.615e-03, Loss_res: 8.826e+00,Time: 0.01
 kurtosis_grad_res: 1.2633e+02
 kurtosis_grad_bcs: 3.6870e+02
std_grad_bcs: 0.002239
std_grad_res: 10.076435
adaptive_bcs_val: 7.7353e+02
adaptive_res_val: 2.9084e+01
It: 23000, Loss: 9.232e+00, Loss_bcs: 1.440e-03, Loss_res: 7.792e+00,Time: 0.01
 kurtosis_grad_res: 1.5820e+02
 kurtosis_grad_bcs: 2.7088e+02
std_grad_bcs: 0.003139
std_grad_res: 14.510034
adaptive_bcs_val: 7.7353e+02
adaptive_res_val: 2.9084e+01
It: 23100, Loss: 2.682e+00, Loss_bcs: 1.155e-03, Loss_res: 1.527e+00,Time: 0.01
 kurtosis_grad_res: 1.2402e+02
 kurtosis_grad_bcs: 2.3940e+02
std_grad_bcs: 0.004304
std_grad_res: 8.700166
adaptive_bcs_val: 7.7353e+02
adaptive_res_val: 2.9084e+01
It: 23200, Loss: 3.535e+00, Loss_bcs: 1.326e-03, Loss_res: 2.209e+00,Time: 0.01
 kurtosis_grad_res: 1.9457e+02
 kurtosis_grad_bcs: 3.8202e+02
std_grad_bcs: 0.001684
std_grad_res: 14.332682
adaptive_bcs_val: 7.7353e+02
adaptive_res_val: 2.9084e+01
It: 23300, Loss: 3.231e+00, Loss_bcs: 1.653e-03, Loss_res: 1.578e+00,Time: 0.01
 kurtosis_grad_res: 1.0782e+02
 kurtosis_grad_bcs: 4.3714e+02
std_grad_bcs: 0.003491
std_grad_res: 9.464643
adaptive_bcs_val: 7.7353e+02
adaptive_res_val: 2.9084e+01
It: 23400, Loss: 5.716e+00, Loss_bcs: 1.343e-03, Loss_res: 4.372e+00,Time: 0.01
 kurtosis_grad_res: 1.2679e+02
 kurtosis_grad_bcs: 4.0564e+02
std_grad_bcs: 0.005606
std_grad_res: 14.121686
adaptive_bcs_val: 7.7353e+02
adaptive_res_val: 2.9084e+01
It: 23500, Loss: 2.687e+00, Loss_bcs: 1.093e-03, Loss_res: 1.594e+00,Time: 0.01
 kurtosis_grad_res: 1.1841e+02
 kurtosis_grad_bcs: 3.7634e+02
std_grad_bcs: 0.002848
std_grad_res: 13.000731
adaptive_bcs_val: 7.7353e+02
adaptive_res_val: 2.9084e+01
It: 23600, Loss: 3.838e+00, Loss_bcs: 1.402e-03, Loss_res: 2.436e+00,Time: 0.01
 kurtosis_grad_res: 1.4308e+02
 kurtosis_grad_bcs: 1.9490e+02
std_grad_bcs: 0.001748
std_grad_res: 10.493395
adaptive_bcs_val: 7.7353e+02
adaptive_res_val: 2.9084e+01
It: 23700, Loss: 3.379e+00, Loss_bcs: 1.063e-03, Loss_res: 2.316e+00,Time: 0.01
 kurtosis_grad_res: 2.0828e+02
 kurtosis_grad_bcs: 1.6057e+02
std_grad_bcs: 0.003734
std_grad_res: 4.922101
adaptive_bcs_val: 7.7353e+02
adaptive_res_val: 2.9084e+01
It: 23800, Loss: 3.728e+00, Loss_bcs: 1.016e-03, Loss_res: 2.713e+00,Time: 0.01
 kurtosis_grad_res: 2.6311e+02
 kurtosis_grad_bcs: 3.8154e+02
std_grad_bcs: 0.001422
std_grad_res: 12.061511
adaptive_bcs_val: 7.7353e+02
adaptive_res_val: 2.9084e+01
It: 23900, Loss: 7.520e+00, Loss_bcs: 1.210e-03, Loss_res: 6.309e+00,Time: 0.01
 kurtosis_grad_res: 1.7783e+02
 kurtosis_grad_bcs: 2.7940e+02
std_grad_bcs: 0.002886
std_grad_res: 8.384152
adaptive_bcs_val: 7.7353e+02
adaptive_res_val: 2.9084e+01
It: 24000, Loss: 6.698e+00, Loss_bcs: 1.470e-03, Loss_res: 5.228e+00,Time: 0.01
 kurtosis_grad_res: 1.8505e+02
 kurtosis_grad_bcs: 1.3713e+03
std_grad_bcs: 0.000974
std_grad_res: 9.101289
adaptive_bcs_val: 7.7353e+02
adaptive_res_val: 2.9084e+01
It: 24100, Loss: 3.772e+00, Loss_bcs: 1.189e-03, Loss_res: 2.582e+00,Time: 0.01
 kurtosis_grad_res: 1.2093e+02
 kurtosis_grad_bcs: 2.0818e+02
std_grad_bcs: 0.004592
std_grad_res: 11.555180
adaptive_bcs_val: 7.7353e+02
adaptive_res_val: 2.9084e+01
It: 24200, Loss: 2.943e+00, Loss_bcs: 1.349e-03, Loss_res: 1.594e+00,Time: 0.01
 kurtosis_grad_res: 1.6453e+02
 kurtosis_grad_bcs: 1.6361e+02
std_grad_bcs: 0.003709
std_grad_res: 3.835472
adaptive_bcs_val: 7.7353e+02
adaptive_res_val: 2.9084e+01
It: 24300, Loss: 4.173e+00, Loss_bcs: 1.288e-03, Loss_res: 2.886e+00,Time: 0.01
 kurtosis_grad_res: 2.6415e+02
 kurtosis_grad_bcs: 4.0523e+02
std_grad_bcs: 0.002176
std_grad_res: 1.968834
adaptive_bcs_val: 7.7353e+02
adaptive_res_val: 2.9084e+01
It: 24400, Loss: 4.726e+00, Loss_bcs: 1.442e-03, Loss_res: 3.284e+00,Time: 0.01
 kurtosis_grad_res: 2.9086e+02
 kurtosis_grad_bcs: 2.9366e+02
std_grad_bcs: 0.004114
std_grad_res: 16.777260
adaptive_bcs_val: 7.7353e+02
adaptive_res_val: 2.9084e+01
It: 24500, Loss: 2.586e+00, Loss_bcs: 1.363e-03, Loss_res: 1.223e+00,Time: 0.01
 kurtosis_grad_res: 1.1737e+02
 kurtosis_grad_bcs: 3.6967e+02
std_grad_bcs: 0.004448
std_grad_res: 3.662427
adaptive_bcs_val: 7.7353e+02
adaptive_res_val: 2.9084e+01
It: 24600, Loss: 4.347e+00, Loss_bcs: 8.821e-04, Loss_res: 3.465e+00,Time: 0.01
 kurtosis_grad_res: 1.2411e+02
 kurtosis_grad_bcs: 1.9385e+02
std_grad_bcs: 0.004730
std_grad_res: 13.004997
adaptive_bcs_val: 7.7353e+02
adaptive_res_val: 2.9084e+01
It: 24700, Loss: 3.892e+00, Loss_bcs: 1.048e-03, Loss_res: 2.844e+00,Time: 0.01
 kurtosis_grad_res: 1.6668e+02
 kurtosis_grad_bcs: 2.0021e+02
std_grad_bcs: 0.003510
std_grad_res: 8.168048
adaptive_bcs_val: 7.7353e+02
adaptive_res_val: 2.9084e+01
It: 24800, Loss: 2.505e+00, Loss_bcs: 1.031e-03, Loss_res: 1.474e+00,Time: 0.01
 kurtosis_grad_res: 3.1033e+02
 kurtosis_grad_bcs: 1.6742e+03
std_grad_bcs: 0.001385
std_grad_res: 3.992595
adaptive_bcs_val: 7.7353e+02
adaptive_res_val: 2.9084e+01
It: 24900, Loss: 6.046e+00, Loss_bcs: 1.374e-03, Loss_res: 4.672e+00,Time: 0.01
 kurtosis_grad_res: 2.3672e+02
 kurtosis_grad_bcs: 1.1122e+03
std_grad_bcs: 0.001641
std_grad_res: 4.742438
adaptive_bcs_val: 7.7353e+02
adaptive_res_val: 2.9084e+01
It: 25000, Loss: 3.117e+00, Loss_bcs: 1.238e-03, Loss_res: 1.879e+00,Time: 0.01
 kurtosis_grad_res: 1.1504e+02
 kurtosis_grad_bcs: 2.0467e+02
std_grad_bcs: 0.003207
std_grad_res: 6.279581
adaptive_bcs_val: 7.7353e+02
adaptive_res_val: 2.9084e+01
It: 25100, Loss: 2.996e+00, Loss_bcs: 1.256e-03, Loss_res: 1.740e+00,Time: 0.01
 kurtosis_grad_res: 1.4087e+02
 kurtosis_grad_bcs: 3.5000e+02
std_grad_bcs: 0.002082
std_grad_res: 6.786236
adaptive_bcs_val: 7.7353e+02
adaptive_res_val: 2.9084e+01
It: 25200, Loss: 4.484e+00, Loss_bcs: 1.543e-03, Loss_res: 2.941e+00,Time: 0.01
 kurtosis_grad_res: 1.4820e+02
 kurtosis_grad_bcs: 2.3352e+02
std_grad_bcs: 0.004615
std_grad_res: 5.600491
adaptive_bcs_val: 7.7353e+02
adaptive_res_val: 2.9084e+01
It: 25300, Loss: 2.430e+00, Loss_bcs: 1.211e-03, Loss_res: 1.219e+00,Time: 0.01
 kurtosis_grad_res: 1.2357e+02
 kurtosis_grad_bcs: 6.1728e+02
std_grad_bcs: 0.004009
std_grad_res: 9.383961
adaptive_bcs_val: 7.7353e+02
adaptive_res_val: 2.9084e+01
It: 25400, Loss: 7.177e+00, Loss_bcs: 1.004e-03, Loss_res: 6.173e+00,Time: 0.01
 kurtosis_grad_res: 1.5630e+02
 kurtosis_grad_bcs: 2.2829e+02
std_grad_bcs: 0.003716
std_grad_res: 20.672573
adaptive_bcs_val: 7.7353e+02
adaptive_res_val: 2.9084e+01
It: 25500, Loss: 3.416e+00, Loss_bcs: 1.020e-03, Loss_res: 2.396e+00,Time: 0.01
 kurtosis_grad_res: 1.6627e+02
 kurtosis_grad_bcs: 1.1289e+03
std_grad_bcs: 0.000861
std_grad_res: 9.838285
adaptive_bcs_val: 7.7353e+02
adaptive_res_val: 2.9084e+01
It: 25600, Loss: 4.129e+00, Loss_bcs: 1.429e-03, Loss_res: 2.700e+00,Time: 0.01
 kurtosis_grad_res: 1.6571e+02
 kurtosis_grad_bcs: 2.7796e+02
std_grad_bcs: 0.002601
std_grad_res: 7.649034
adaptive_bcs_val: 7.7353e+02
adaptive_res_val: 2.9084e+01
It: 25700, Loss: 2.622e+00, Loss_bcs: 9.092e-04, Loss_res: 1.712e+00,Time: 0.01
 kurtosis_grad_res: 1.9150e+02
 kurtosis_grad_bcs: 1.8424e+02
std_grad_bcs: 0.002616
std_grad_res: 6.196061
adaptive_bcs_val: 7.7353e+02
adaptive_res_val: 2.9084e+01
It: 25800, Loss: 2.812e+00, Loss_bcs: 1.285e-03, Loss_res: 1.527e+00,Time: 0.01
 kurtosis_grad_res: 1.7654e+02
 kurtosis_grad_bcs: 1.1322e+03
std_grad_bcs: 0.001087
std_grad_res: 7.974140
adaptive_bcs_val: 7.7353e+02
adaptive_res_val: 2.9084e+01
It: 25900, Loss: 3.160e+00, Loss_bcs: 1.192e-03, Loss_res: 1.968e+00,Time: 0.01
 kurtosis_grad_res: 1.6778e+02
 kurtosis_grad_bcs: 1.1249e+03
std_grad_bcs: 0.001606
std_grad_res: 10.688753
adaptive_bcs_val: 7.7353e+02
adaptive_res_val: 2.9084e+01
It: 26000, Loss: 2.470e+00, Loss_bcs: 8.615e-04, Loss_res: 1.608e+00,Time: 0.01
 kurtosis_grad_res: 1.4830e+02
 kurtosis_grad_bcs: 2.4417e+02
std_grad_bcs: 0.004746
std_grad_res: 10.387156
adaptive_bcs_val: 7.7353e+02
adaptive_res_val: 2.9084e+01
It: 26100, Loss: 2.531e+00, Loss_bcs: 8.243e-04, Loss_res: 1.707e+00,Time: 0.01
 kurtosis_grad_res: 3.0996e+02
 kurtosis_grad_bcs: 1.9391e+02
std_grad_bcs: 0.003194
std_grad_res: 3.869452
adaptive_bcs_val: 7.7353e+02
adaptive_res_val: 2.9084e+01
It: 26200, Loss: 5.414e+00, Loss_bcs: 1.039e-03, Loss_res: 4.376e+00,Time: 0.01
 kurtosis_grad_res: 9.0268e+01
 kurtosis_grad_bcs: 1.5699e+02
std_grad_bcs: 0.004143
std_grad_res: 13.523372
adaptive_bcs_val: 7.7353e+02
adaptive_res_val: 2.9084e+01
It: 26300, Loss: 2.407e+00, Loss_bcs: 1.140e-03, Loss_res: 1.267e+00,Time: 0.01
 kurtosis_grad_res: 1.0006e+02
 kurtosis_grad_bcs: 2.9544e+02
std_grad_bcs: 0.001179
std_grad_res: 7.152839
adaptive_bcs_val: 7.7353e+02
adaptive_res_val: 2.9084e+01
It: 26400, Loss: 2.463e+00, Loss_bcs: 9.041e-04, Loss_res: 1.559e+00,Time: 0.01
 kurtosis_grad_res: 1.2918e+02
 kurtosis_grad_bcs: 2.3761e+02
std_grad_bcs: 0.002001
std_grad_res: 5.311828
adaptive_bcs_val: 7.7353e+02
adaptive_res_val: 2.9084e+01
It: 26500, Loss: 6.744e+00, Loss_bcs: 1.111e-03, Loss_res: 5.633e+00,Time: 0.01
 kurtosis_grad_res: 1.5847e+02
 kurtosis_grad_bcs: 7.0664e+02
std_grad_bcs: 0.000938
std_grad_res: 7.417986
adaptive_bcs_val: 7.7353e+02
adaptive_res_val: 2.9084e+01
It: 26600, Loss: 2.228e+00, Loss_bcs: 9.157e-04, Loss_res: 1.312e+00,Time: 0.01
 kurtosis_grad_res: 1.2109e+02
 kurtosis_grad_bcs: 1.6072e+02
std_grad_bcs: 0.002632
std_grad_res: 6.144675
adaptive_bcs_val: 7.7353e+02
adaptive_res_val: 2.9084e+01
It: 26700, Loss: 5.400e+00, Loss_bcs: 9.486e-04, Loss_res: 4.451e+00,Time: 0.01
 kurtosis_grad_res: 1.4318e+02
 kurtosis_grad_bcs: 3.8946e+02
std_grad_bcs: 0.001912
std_grad_res: 11.557279
adaptive_bcs_val: 7.7353e+02
adaptive_res_val: 2.9084e+01
It: 26800, Loss: 4.936e+00, Loss_bcs: 8.597e-04, Loss_res: 4.077e+00,Time: 0.01
 kurtosis_grad_res: 1.4464e+02
 kurtosis_grad_bcs: 6.1414e+02
std_grad_bcs: 0.001029
std_grad_res: 7.400431
adaptive_bcs_val: 7.7353e+02
adaptive_res_val: 2.9084e+01
It: 26900, Loss: 3.688e+00, Loss_bcs: 1.090e-03, Loss_res: 2.597e+00,Time: 0.01
 kurtosis_grad_res: 1.6786e+02
 kurtosis_grad_bcs: 2.3158e+02
std_grad_bcs: 0.003262
std_grad_res: 15.599396
adaptive_bcs_val: 7.7353e+02
adaptive_res_val: 2.9084e+01
It: 27000, Loss: 3.992e+00, Loss_bcs: 1.057e-03, Loss_res: 2.934e+00,Time: 0.01
 kurtosis_grad_res: 1.5168e+02
 kurtosis_grad_bcs: 4.8317e+02
std_grad_bcs: 0.001138
std_grad_res: 14.395936
adaptive_bcs_val: 7.7353e+02
adaptive_res_val: 2.9084e+01
It: 27100, Loss: 2.805e+00, Loss_bcs: 7.850e-04, Loss_res: 2.020e+00,Time: 0.01
 kurtosis_grad_res: 1.9287e+02
 kurtosis_grad_bcs: 1.9515e+02
std_grad_bcs: 0.002752
std_grad_res: 6.840307
adaptive_bcs_val: 7.7353e+02
adaptive_res_val: 2.9084e+01
It: 27200, Loss: 6.288e+00, Loss_bcs: 9.090e-04, Loss_res: 5.379e+00,Time: 0.01
 kurtosis_grad_res: 1.8969e+02
 kurtosis_grad_bcs: 2.2974e+03
std_grad_bcs: 0.000571
std_grad_res: 4.494311
adaptive_bcs_val: 7.7353e+02
adaptive_res_val: 2.9084e+01
It: 27300, Loss: 3.524e+00, Loss_bcs: 9.699e-04, Loss_res: 2.554e+00,Time: 0.01
 kurtosis_grad_res: 1.0855e+02
 kurtosis_grad_bcs: 4.7063e+02
std_grad_bcs: 0.001337
std_grad_res: 8.062220
adaptive_bcs_val: 7.7353e+02
adaptive_res_val: 2.9084e+01
It: 27400, Loss: 4.751e+00, Loss_bcs: 9.689e-04, Loss_res: 3.782e+00,Time: 0.01
 kurtosis_grad_res: 1.2309e+02
 kurtosis_grad_bcs: 2.1583e+02
std_grad_bcs: 0.002251
std_grad_res: 4.490251
adaptive_bcs_val: 7.7353e+02
adaptive_res_val: 2.9084e+01
It: 27500, Loss: 2.361e+00, Loss_bcs: 9.711e-04, Loss_res: 1.390e+00,Time: 0.01
 kurtosis_grad_res: 1.4796e+02
 kurtosis_grad_bcs: 2.1530e+02
std_grad_bcs: 0.002302
std_grad_res: 5.526780
adaptive_bcs_val: 7.7353e+02
adaptive_res_val: 2.9084e+01
It: 27600, Loss: 2.252e+00, Loss_bcs: 9.304e-04, Loss_res: 1.322e+00,Time: 0.01
 kurtosis_grad_res: 9.9303e+01
 kurtosis_grad_bcs: 1.8052e+02
std_grad_bcs: 0.004002
std_grad_res: 6.162714
adaptive_bcs_val: 7.7353e+02
adaptive_res_val: 2.9084e+01
It: 27700, Loss: 2.431e+00, Loss_bcs: 8.846e-04, Loss_res: 1.547e+00,Time: 0.01
 kurtosis_grad_res: 1.6791e+02
 kurtosis_grad_bcs: 6.6645e+02
std_grad_bcs: 0.001520
std_grad_res: 3.977859
adaptive_bcs_val: 7.7353e+02
adaptive_res_val: 2.9084e+01
It: 27800, Loss: 4.877e+00, Loss_bcs: 1.120e-03, Loss_res: 3.756e+00,Time: 0.01
 kurtosis_grad_res: 1.5087e+02
 kurtosis_grad_bcs: 3.4426e+02
std_grad_bcs: 0.003802
std_grad_res: 7.482163
adaptive_bcs_val: 7.7353e+02
adaptive_res_val: 2.9084e+01
It: 27900, Loss: 3.327e+00, Loss_bcs: 8.276e-04, Loss_res: 2.499e+00,Time: 0.01
 kurtosis_grad_res: 1.2260e+02
 kurtosis_grad_bcs: 5.2526e+02
std_grad_bcs: 0.000951
std_grad_res: 6.878759
adaptive_bcs_val: 7.7353e+02
adaptive_res_val: 2.9084e+01
It: 28000, Loss: 6.740e+00, Loss_bcs: 1.070e-03, Loss_res: 5.670e+00,Time: 0.01
 kurtosis_grad_res: 1.6965e+02
 kurtosis_grad_bcs: 2.3643e+02
std_grad_bcs: 0.002244
std_grad_res: 9.617132
adaptive_bcs_val: 7.7353e+02
adaptive_res_val: 2.9084e+01
It: 28100, Loss: 2.442e+00, Loss_bcs: 7.596e-04, Loss_res: 1.683e+00,Time: 0.01
 kurtosis_grad_res: 1.7343e+02
 kurtosis_grad_bcs: 1.2284e+02
std_grad_bcs: 0.002342
std_grad_res: 3.967426
adaptive_bcs_val: 7.7353e+02
adaptive_res_val: 2.9084e+01
It: 28200, Loss: 2.858e+00, Loss_bcs: 9.837e-04, Loss_res: 1.875e+00,Time: 0.01
 kurtosis_grad_res: 1.0139e+02
 kurtosis_grad_bcs: 2.5152e+02
std_grad_bcs: 0.001806
std_grad_res: 9.065942
adaptive_bcs_val: 7.7353e+02
adaptive_res_val: 2.9084e+01
It: 28300, Loss: 4.502e+00, Loss_bcs: 1.110e-03, Loss_res: 3.392e+00,Time: 0.01
 kurtosis_grad_res: 1.4306e+02
 kurtosis_grad_bcs: 2.2778e+02
std_grad_bcs: 0.002420
std_grad_res: 8.723219
adaptive_bcs_val: 7.7353e+02
adaptive_res_val: 2.9084e+01
It: 28400, Loss: 1.939e+00, Loss_bcs: 9.153e-04, Loss_res: 1.023e+00,Time: 0.01
 kurtosis_grad_res: 1.5110e+02
 kurtosis_grad_bcs: 1.2715e+02
std_grad_bcs: 0.004462
std_grad_res: 4.687017
adaptive_bcs_val: 7.7353e+02
adaptive_res_val: 2.9084e+01
It: 28500, Loss: 7.185e+00, Loss_bcs: 6.818e-04, Loss_res: 6.503e+00,Time: 0.01
 kurtosis_grad_res: 1.4356e+02
 kurtosis_grad_bcs: 1.7295e+03
std_grad_bcs: 0.000670
std_grad_res: 6.626814
adaptive_bcs_val: 7.7353e+02
adaptive_res_val: 2.9084e+01
It: 28600, Loss: 4.577e+00, Loss_bcs: 7.940e-04, Loss_res: 3.783e+00,Time: 0.01
 kurtosis_grad_res: 1.5763e+02
 kurtosis_grad_bcs: 1.7491e+02
std_grad_bcs: 0.002459
std_grad_res: 7.508215
adaptive_bcs_val: 7.7353e+02
adaptive_res_val: 2.9084e+01
It: 28700, Loss: 3.096e+00, Loss_bcs: 1.124e-03, Loss_res: 1.972e+00,Time: 0.01
 kurtosis_grad_res: 1.2231e+02
 kurtosis_grad_bcs: 5.8451e+02
std_grad_bcs: 0.001143
std_grad_res: 8.901688
adaptive_bcs_val: 7.7353e+02
adaptive_res_val: 2.9084e+01
It: 28800, Loss: 2.828e+00, Loss_bcs: 9.345e-04, Loss_res: 1.893e+00,Time: 0.01
 kurtosis_grad_res: 1.4276e+02
 kurtosis_grad_bcs: 3.4602e+02
std_grad_bcs: 0.002101
std_grad_res: 7.371572
adaptive_bcs_val: 7.7353e+02
adaptive_res_val: 2.9084e+01
It: 28900, Loss: 2.624e+00, Loss_bcs: 9.032e-04, Loss_res: 1.721e+00,Time: 0.01
 kurtosis_grad_res: 1.4361e+02
 kurtosis_grad_bcs: 4.1411e+02
std_grad_bcs: 0.001370
std_grad_res: 11.031090
adaptive_bcs_val: 7.7353e+02
adaptive_res_val: 2.9084e+01
It: 29000, Loss: 7.271e+00, Loss_bcs: 1.114e-03, Loss_res: 6.157e+00,Time: 0.01
 kurtosis_grad_res: 1.2828e+02
 kurtosis_grad_bcs: 3.0128e+02
std_grad_bcs: 0.006259
std_grad_res: 15.814066
adaptive_bcs_val: 7.7353e+02
adaptive_res_val: 2.9084e+01
It: 29100, Loss: 2.934e+00, Loss_bcs: 9.957e-04, Loss_res: 1.938e+00,Time: 0.01
 kurtosis_grad_res: 1.1358e+02
 kurtosis_grad_bcs: 1.0438e+03
std_grad_bcs: 0.001063
std_grad_res: 3.986582
adaptive_bcs_val: 7.7353e+02
adaptive_res_val: 2.9084e+01
It: 29200, Loss: 2.334e+00, Loss_bcs: 8.335e-04, Loss_res: 1.501e+00,Time: 0.01
 kurtosis_grad_res: 1.3383e+02
 kurtosis_grad_bcs: 1.4665e+03
std_grad_bcs: 0.000698
std_grad_res: 8.377577
adaptive_bcs_val: 7.7353e+02
adaptive_res_val: 2.9084e+01
It: 29300, Loss: 5.888e+00, Loss_bcs: 9.024e-04, Loss_res: 4.986e+00,Time: 0.01
 kurtosis_grad_res: 1.4410e+02
 kurtosis_grad_bcs: 2.5108e+02
std_grad_bcs: 0.000753
std_grad_res: 6.157075
adaptive_bcs_val: 7.7353e+02
adaptive_res_val: 2.9084e+01
It: 29400, Loss: 4.777e+00, Loss_bcs: 9.056e-04, Loss_res: 3.871e+00,Time: 0.01
 kurtosis_grad_res: 1.0536e+02
 kurtosis_grad_bcs: 1.5227e+03
std_grad_bcs: 0.001191
std_grad_res: 11.161733
adaptive_bcs_val: 7.7353e+02
adaptive_res_val: 2.9084e+01
It: 29500, Loss: 9.973e+00, Loss_bcs: 1.062e-03, Loss_res: 8.911e+00,Time: 0.01
 kurtosis_grad_res: 1.7006e+02
 kurtosis_grad_bcs: 8.4886e+02
std_grad_bcs: 0.001651
std_grad_res: 8.699105
adaptive_bcs_val: 7.7353e+02
adaptive_res_val: 2.9084e+01
It: 29600, Loss: 2.340e+00, Loss_bcs: 8.533e-04, Loss_res: 1.487e+00,Time: 0.01
 kurtosis_grad_res: 1.8028e+02
 kurtosis_grad_bcs: 2.1029e+02
std_grad_bcs: 0.001972
std_grad_res: 5.423622
adaptive_bcs_val: 7.7353e+02
adaptive_res_val: 2.9084e+01
It: 29700, Loss: 3.493e+00, Loss_bcs: 9.032e-04, Loss_res: 2.590e+00,Time: 0.01
 kurtosis_grad_res: 1.3276e+02
 kurtosis_grad_bcs: 7.1773e+02
std_grad_bcs: 0.001515
std_grad_res: 17.483988
adaptive_bcs_val: 7.7353e+02
adaptive_res_val: 2.9084e+01
It: 29800, Loss: 4.729e+00, Loss_bcs: 8.444e-04, Loss_res: 3.885e+00,Time: 0.01
 kurtosis_grad_res: 1.3982e+02
 kurtosis_grad_bcs: 3.2930e+02
std_grad_bcs: 0.001874
std_grad_res: 5.492630
adaptive_bcs_val: 7.7353e+02
adaptive_res_val: 2.9084e+01
It: 29900, Loss: 3.716e+00, Loss_bcs: 9.804e-04, Loss_res: 2.735e+00,Time: 0.01
 kurtosis_grad_res: 1.0857e+02
 kurtosis_grad_bcs: 1.2618e+02
std_grad_bcs: 0.003188
std_grad_res: 12.874808
adaptive_bcs_val: 7.7353e+02
adaptive_res_val: 2.9084e+01
It: 30000, Loss: 5.807e+00, Loss_bcs: 8.216e-04, Loss_res: 4.985e+00,Time: 0.01
 kurtosis_grad_res: 1.5275e+02
 kurtosis_grad_bcs: 5.9724e+02
std_grad_bcs: 0.002153
std_grad_res: 6.604660
adaptive_bcs_val: 7.7353e+02
adaptive_res_val: 2.9084e+01
It: 30100, Loss: 6.381e+00, Loss_bcs: 7.792e-04, Loss_res: 5.602e+00,Time: 0.01
 kurtosis_grad_res: 1.4004e+02
 kurtosis_grad_bcs: 8.9763e+02
std_grad_bcs: 0.001290
std_grad_res: 8.189505
adaptive_bcs_val: 7.7353e+02
adaptive_res_val: 2.9084e+01
It: 30200, Loss: 3.087e+00, Loss_bcs: 7.818e-04, Loss_res: 2.305e+00,Time: 0.01
 kurtosis_grad_res: 2.2800e+02
 kurtosis_grad_bcs: 2.3630e+03
std_grad_bcs: 0.001133
std_grad_res: 5.496976
adaptive_bcs_val: 7.7353e+02
adaptive_res_val: 2.9084e+01
It: 30300, Loss: 2.001e+00, Loss_bcs: 7.423e-04, Loss_res: 1.259e+00,Time: 0.01
 kurtosis_grad_res: 1.8780e+02
 kurtosis_grad_bcs: 2.1630e+02
std_grad_bcs: 0.002360
std_grad_res: 6.540657
adaptive_bcs_val: 7.7353e+02
adaptive_res_val: 2.9084e+01
It: 30400, Loss: 2.046e+00, Loss_bcs: 8.038e-04, Loss_res: 1.243e+00,Time: 0.01
 kurtosis_grad_res: 1.5979e+02
 kurtosis_grad_bcs: 4.7054e+02
std_grad_bcs: 0.001709
std_grad_res: 7.098605
adaptive_bcs_val: 7.7353e+02
adaptive_res_val: 2.9084e+01
It: 30500, Loss: 2.403e+00, Loss_bcs: 7.631e-04, Loss_res: 1.640e+00,Time: 0.01
 kurtosis_grad_res: 1.1154e+02
 kurtosis_grad_bcs: 5.1724e+02
std_grad_bcs: 0.000841
std_grad_res: 7.986968
adaptive_bcs_val: 7.7353e+02
adaptive_res_val: 2.9084e+01
It: 30600, Loss: 4.819e+00, Loss_bcs: 9.540e-04, Loss_res: 3.865e+00,Time: 0.01
 kurtosis_grad_res: 1.2632e+02
 kurtosis_grad_bcs: 1.2707e+02
std_grad_bcs: 0.003734
std_grad_res: 13.615554
adaptive_bcs_val: 7.7353e+02
adaptive_res_val: 2.9084e+01
It: 30700, Loss: 2.311e+00, Loss_bcs: 9.510e-04, Loss_res: 1.360e+00,Time: 0.01
 kurtosis_grad_res: 1.3268e+02
 kurtosis_grad_bcs: 1.2323e+02
std_grad_bcs: 0.003749
std_grad_res: 9.108036
adaptive_bcs_val: 7.7353e+02
adaptive_res_val: 2.9084e+01
It: 30800, Loss: 2.298e+00, Loss_bcs: 7.748e-04, Loss_res: 1.523e+00,Time: 0.01
 kurtosis_grad_res: 1.5801e+02
 kurtosis_grad_bcs: 9.0221e+02
std_grad_bcs: 0.000880
std_grad_res: 6.284894
adaptive_bcs_val: 7.7353e+02
adaptive_res_val: 2.9084e+01
It: 30900, Loss: 4.876e+00, Loss_bcs: 7.390e-04, Loss_res: 4.137e+00,Time: 0.01
 kurtosis_grad_res: 1.9275e+02
 kurtosis_grad_bcs: 2.4384e+02
std_grad_bcs: 0.002738
std_grad_res: 8.941563
adaptive_bcs_val: 7.7353e+02
adaptive_res_val: 2.9084e+01
It: 31000, Loss: 2.371e+00, Loss_bcs: 8.413e-04, Loss_res: 1.529e+00,Time: 0.01
 kurtosis_grad_res: 1.4536e+02
 kurtosis_grad_bcs: 1.4815e+03
std_grad_bcs: 0.000807
std_grad_res: 5.091432
adaptive_bcs_val: 7.7353e+02
adaptive_res_val: 2.9084e+01
It: 31100, Loss: 3.559e+00, Loss_bcs: 6.896e-04, Loss_res: 2.870e+00,Time: 0.01
 kurtosis_grad_res: 1.4086e+02
 kurtosis_grad_bcs: 7.8162e+02
std_grad_bcs: 0.000737
std_grad_res: 6.010205
adaptive_bcs_val: 7.7353e+02
adaptive_res_val: 2.9084e+01
It: 31200, Loss: 6.917e+00, Loss_bcs: 9.725e-04, Loss_res: 5.945e+00,Time: 0.01
 kurtosis_grad_res: 1.2609e+02
 kurtosis_grad_bcs: 1.2397e+03
std_grad_bcs: 0.001353
std_grad_res: 8.101136
adaptive_bcs_val: 7.7353e+02
adaptive_res_val: 2.9084e+01
It: 31300, Loss: 2.602e+00, Loss_bcs: 7.528e-04, Loss_res: 1.850e+00,Time: 0.01
 kurtosis_grad_res: 1.8817e+02
 kurtosis_grad_bcs: 1.2195e+03
std_grad_bcs: 0.001582
std_grad_res: 4.221435
adaptive_bcs_val: 7.7353e+02
adaptive_res_val: 2.9084e+01
It: 31400, Loss: 5.955e+00, Loss_bcs: 8.604e-04, Loss_res: 5.095e+00,Time: 0.01
 kurtosis_grad_res: 1.6250e+02
 kurtosis_grad_bcs: 1.9293e+02
std_grad_bcs: 0.002887
std_grad_res: 13.036689
adaptive_bcs_val: 7.7353e+02
adaptive_res_val: 2.9084e+01
It: 31500, Loss: 3.157e+00, Loss_bcs: 8.356e-04, Loss_res: 2.322e+00,Time: 0.01
 kurtosis_grad_res: 1.9339e+02
 kurtosis_grad_bcs: 1.6077e+02
std_grad_bcs: 0.001600
std_grad_res: 6.895080
adaptive_bcs_val: 7.7353e+02
adaptive_res_val: 2.9084e+01
It: 31600, Loss: 3.460e+00, Loss_bcs: 9.395e-04, Loss_res: 2.521e+00,Time: 0.01
 kurtosis_grad_res: 2.0661e+02
 kurtosis_grad_bcs: 2.7814e+02
std_grad_bcs: 0.001952
std_grad_res: 7.717272
adaptive_bcs_val: 7.7353e+02
adaptive_res_val: 2.9084e+01
It: 31700, Loss: 3.133e+00, Loss_bcs: 8.154e-04, Loss_res: 2.317e+00,Time: 0.01
 kurtosis_grad_res: 1.7260e+02
 kurtosis_grad_bcs: 9.3058e+02
std_grad_bcs: 0.000571
std_grad_res: 4.995652
adaptive_bcs_val: 7.7353e+02
adaptive_res_val: 2.9084e+01
It: 31800, Loss: 2.120e+00, Loss_bcs: 7.607e-04, Loss_res: 1.360e+00,Time: 0.01
 kurtosis_grad_res: 1.5908e+02
 kurtosis_grad_bcs: 1.5136e+02
std_grad_bcs: 0.004088
std_grad_res: 6.245765
adaptive_bcs_val: 7.7353e+02
adaptive_res_val: 2.9084e+01
It: 31900, Loss: 3.983e+00, Loss_bcs: 9.617e-04, Loss_res: 3.021e+00,Time: 0.01
 kurtosis_grad_res: 1.1608e+02
 kurtosis_grad_bcs: 3.9852e+02
std_grad_bcs: 0.001132
std_grad_res: 9.656307
adaptive_bcs_val: 7.7353e+02
adaptive_res_val: 2.9084e+01
It: 32000, Loss: 7.354e+00, Loss_bcs: 8.276e-04, Loss_res: 6.527e+00,Time: 0.01
 kurtosis_grad_res: 1.7160e+02
 kurtosis_grad_bcs: 3.2379e+02
std_grad_bcs: 0.001044
std_grad_res: 10.982184
adaptive_bcs_val: 7.7353e+02
adaptive_res_val: 2.9084e+01
It: 32100, Loss: 2.478e+00, Loss_bcs: 8.470e-04, Loss_res: 1.631e+00,Time: 0.01
 kurtosis_grad_res: 1.6388e+02
 kurtosis_grad_bcs: 2.0050e+02
std_grad_bcs: 0.004084
std_grad_res: 8.232546
adaptive_bcs_val: 7.7353e+02
adaptive_res_val: 2.9084e+01
It: 32200, Loss: 2.559e+00, Loss_bcs: 1.039e-03, Loss_res: 1.520e+00,Time: 0.01
 kurtosis_grad_res: 1.4449e+02
 kurtosis_grad_bcs: 2.2507e+02
std_grad_bcs: 0.003976
std_grad_res: 9.988964
adaptive_bcs_val: 7.7353e+02
adaptive_res_val: 2.9084e+01
It: 32300, Loss: 6.076e+00, Loss_bcs: 9.053e-04, Loss_res: 5.171e+00,Time: 0.01
 kurtosis_grad_res: 1.9817e+02
 kurtosis_grad_bcs: 3.5209e+02
std_grad_bcs: 0.001988
std_grad_res: 8.093672
adaptive_bcs_val: 7.7353e+02
adaptive_res_val: 2.9084e+01
It: 32400, Loss: 5.270e+00, Loss_bcs: 8.725e-04, Loss_res: 4.397e+00,Time: 0.01
 kurtosis_grad_res: 2.6648e+02
 kurtosis_grad_bcs: 1.0292e+03
std_grad_bcs: 0.001219
std_grad_res: 9.770023
adaptive_bcs_val: 7.7353e+02
adaptive_res_val: 2.9084e+01
It: 32500, Loss: 2.640e+00, Loss_bcs: 8.837e-04, Loss_res: 1.757e+00,Time: 0.01
 kurtosis_grad_res: 1.2006e+02
 kurtosis_grad_bcs: 2.3491e+02
std_grad_bcs: 0.001173
std_grad_res: 8.063892
adaptive_bcs_val: 7.7353e+02
adaptive_res_val: 2.9084e+01
It: 32600, Loss: 3.872e+00, Loss_bcs: 7.570e-04, Loss_res: 3.115e+00,Time: 0.01
 kurtosis_grad_res: 2.3142e+02
 kurtosis_grad_bcs: 2.0766e+02
std_grad_bcs: 0.001375
std_grad_res: 3.721402
adaptive_bcs_val: 7.7353e+02
adaptive_res_val: 2.9084e+01
It: 32700, Loss: 2.835e+00, Loss_bcs: 9.448e-04, Loss_res: 1.890e+00,Time: 0.01
 kurtosis_grad_res: 2.1981e+02
 kurtosis_grad_bcs: 1.9351e+02
std_grad_bcs: 0.002870
std_grad_res: 11.822821
adaptive_bcs_val: 7.7353e+02
adaptive_res_val: 2.9084e+01
It: 32800, Loss: 1.836e+00, Loss_bcs: 7.958e-04, Loss_res: 1.040e+00,Time: 0.01
 kurtosis_grad_res: 1.6267e+02
 kurtosis_grad_bcs: 3.6750e+02
std_grad_bcs: 0.001322
std_grad_res: 2.031425
adaptive_bcs_val: 7.7353e+02
adaptive_res_val: 2.9084e+01
It: 32900, Loss: 2.416e+00, Loss_bcs: 9.073e-04, Loss_res: 1.509e+00,Time: 0.01
 kurtosis_grad_res: 1.3961e+02
 kurtosis_grad_bcs: 7.1167e+02
std_grad_bcs: 0.001159
std_grad_res: 7.553587
adaptive_bcs_val: 7.7353e+02
adaptive_res_val: 2.9084e+01
It: 33000, Loss: 2.073e+00, Loss_bcs: 8.335e-04, Loss_res: 1.239e+00,Time: 0.01
 kurtosis_grad_res: 1.2249e+02
 kurtosis_grad_bcs: 9.5503e+02
std_grad_bcs: 0.000837
std_grad_res: 5.502363
adaptive_bcs_val: 7.7353e+02
adaptive_res_val: 2.9084e+01
It: 33100, Loss: 3.432e+00, Loss_bcs: 6.701e-04, Loss_res: 2.762e+00,Time: 0.01
 kurtosis_grad_res: 1.9157e+02
 kurtosis_grad_bcs: 2.2331e+02
std_grad_bcs: 0.001041
std_grad_res: 5.721034
adaptive_bcs_val: 7.7353e+02
adaptive_res_val: 2.9084e+01
It: 33200, Loss: 1.862e+00, Loss_bcs: 7.694e-04, Loss_res: 1.093e+00,Time: 0.01
 kurtosis_grad_res: 1.9209e+02
 kurtosis_grad_bcs: 2.0206e+02
std_grad_bcs: 0.001819
std_grad_res: 6.048829
adaptive_bcs_val: 7.7353e+02
adaptive_res_val: 2.9084e+01
It: 33300, Loss: 4.533e+00, Loss_bcs: 6.874e-04, Loss_res: 3.846e+00,Time: 0.01
 kurtosis_grad_res: 1.9952e+02
 kurtosis_grad_bcs: 5.8373e+02
std_grad_bcs: 0.001049
std_grad_res: 5.394253
adaptive_bcs_val: 7.7353e+02
adaptive_res_val: 2.9084e+01
It: 33400, Loss: 2.544e+00, Loss_bcs: 8.469e-04, Loss_res: 1.697e+00,Time: 0.02
 kurtosis_grad_res: 1.4054e+02
 kurtosis_grad_bcs: 2.0136e+02
std_grad_bcs: 0.003479
std_grad_res: 8.726380
adaptive_bcs_val: 7.7353e+02
adaptive_res_val: 2.9084e+01
It: 33500, Loss: 1.831e+00, Loss_bcs: 6.230e-04, Loss_res: 1.208e+00,Time: 0.01
 kurtosis_grad_res: 1.9944e+02
 kurtosis_grad_bcs: 1.3572e+03
std_grad_bcs: 0.000548
std_grad_res: 5.759752
adaptive_bcs_val: 7.7353e+02
adaptive_res_val: 2.9084e+01
It: 33600, Loss: 2.048e+00, Loss_bcs: 8.268e-04, Loss_res: 1.221e+00,Time: 0.01
 kurtosis_grad_res: 1.4669e+02
 kurtosis_grad_bcs: 1.8602e+02
std_grad_bcs: 0.002852
std_grad_res: 5.848993
adaptive_bcs_val: 7.7353e+02
adaptive_res_val: 2.9084e+01
It: 33700, Loss: 2.085e+00, Loss_bcs: 8.951e-04, Loss_res: 1.190e+00,Time: 0.01
 kurtosis_grad_res: 1.3687e+02
 kurtosis_grad_bcs: 3.7279e+02
std_grad_bcs: 0.002230
std_grad_res: 8.113025
adaptive_bcs_val: 7.7353e+02
adaptive_res_val: 2.9084e+01
It: 33800, Loss: 1.767e+00, Loss_bcs: 5.350e-04, Loss_res: 1.232e+00,Time: 0.01
 kurtosis_grad_res: 1.8834e+02
 kurtosis_grad_bcs: 1.5400e+02
std_grad_bcs: 0.001909
std_grad_res: 4.795293
adaptive_bcs_val: 7.7353e+02
adaptive_res_val: 2.9084e+01
It: 33900, Loss: 2.691e+00, Loss_bcs: 8.082e-04, Loss_res: 1.883e+00,Time: 0.01
 kurtosis_grad_res: 1.2828e+02
 kurtosis_grad_bcs: 3.7699e+02
std_grad_bcs: 0.002102
std_grad_res: 10.018168
adaptive_bcs_val: 7.7353e+02
adaptive_res_val: 2.9084e+01
It: 34000, Loss: 3.489e+00, Loss_bcs: 8.801e-04, Loss_res: 2.609e+00,Time: 0.01
 kurtosis_grad_res: 1.7957e+02
 kurtosis_grad_bcs: 4.8245e+02
std_grad_bcs: 0.001787
std_grad_res: 11.699455
adaptive_bcs_val: 7.7353e+02
adaptive_res_val: 2.9084e+01
It: 34100, Loss: 2.906e+00, Loss_bcs: 7.616e-04, Loss_res: 2.144e+00,Time: 0.01
 kurtosis_grad_res: 1.5499e+02
 kurtosis_grad_bcs: 8.0279e+02
std_grad_bcs: 0.001464
std_grad_res: 13.135814
adaptive_bcs_val: 7.7353e+02
adaptive_res_val: 2.9084e+01
It: 34200, Loss: 3.430e+00, Loss_bcs: 8.286e-04, Loss_res: 2.601e+00,Time: 0.01
 kurtosis_grad_res: 2.6981e+02
 kurtosis_grad_bcs: 3.9339e+02
std_grad_bcs: 0.000980
std_grad_res: 4.130605
adaptive_bcs_val: 7.7353e+02
adaptive_res_val: 2.9084e+01
It: 34300, Loss: 2.766e+00, Loss_bcs: 8.319e-04, Loss_res: 1.934e+00,Time: 0.01
 kurtosis_grad_res: 1.5854e+02
 kurtosis_grad_bcs: 1.1768e+02
std_grad_bcs: 0.003058
std_grad_res: 4.087082
adaptive_bcs_val: 7.7353e+02
adaptive_res_val: 2.9084e+01
It: 34400, Loss: 1.932e+00, Loss_bcs: 8.859e-04, Loss_res: 1.047e+00,Time: 0.01
 kurtosis_grad_res: 1.3531e+02
 kurtosis_grad_bcs: 4.4525e+02
std_grad_bcs: 0.001475
std_grad_res: 6.950315
adaptive_bcs_val: 7.7353e+02
adaptive_res_val: 2.9084e+01
It: 34500, Loss: 2.459e+00, Loss_bcs: 6.743e-04, Loss_res: 1.785e+00,Time: 0.01
 kurtosis_grad_res: 1.8933e+02
 kurtosis_grad_bcs: 5.4708e+02
std_grad_bcs: 0.001299
std_grad_res: 14.271846
adaptive_bcs_val: 7.7353e+02
adaptive_res_val: 2.9084e+01
It: 34600, Loss: 2.307e+00, Loss_bcs: 6.446e-04, Loss_res: 1.662e+00,Time: 0.01
 kurtosis_grad_res: 1.8662e+02
 kurtosis_grad_bcs: 3.0458e+02
std_grad_bcs: 0.003815
std_grad_res: 1.766899
adaptive_bcs_val: 7.7353e+02
adaptive_res_val: 2.9084e+01
It: 34700, Loss: 3.422e+00, Loss_bcs: 8.043e-04, Loss_res: 2.618e+00,Time: 0.01
 kurtosis_grad_res: 1.3828e+02
 kurtosis_grad_bcs: 3.7557e+02
std_grad_bcs: 0.000914
std_grad_res: 3.566245
adaptive_bcs_val: 7.7353e+02
adaptive_res_val: 2.9084e+01
It: 34800, Loss: 4.434e+00, Loss_bcs: 7.546e-04, Loss_res: 3.679e+00,Time: 0.01
 kurtosis_grad_res: 1.3052e+02
 kurtosis_grad_bcs: 5.1232e+02
std_grad_bcs: 0.001509
std_grad_res: 9.965541
adaptive_bcs_val: 7.7353e+02
adaptive_res_val: 2.9084e+01
It: 34900, Loss: 2.992e+00, Loss_bcs: 6.974e-04, Loss_res: 2.294e+00,Time: 0.01
 kurtosis_grad_res: 1.6543e+02
 kurtosis_grad_bcs: 6.6619e+02
std_grad_bcs: 0.000532
std_grad_res: 15.919491
adaptive_bcs_val: 7.7353e+02
adaptive_res_val: 2.9084e+01
It: 35000, Loss: 2.539e+00, Loss_bcs: 7.670e-04, Loss_res: 1.772e+00,Time: 0.01
 kurtosis_grad_res: 2.0918e+02
 kurtosis_grad_bcs: 7.5072e+02
std_grad_bcs: 0.000757
std_grad_res: 4.539516
adaptive_bcs_val: 7.7353e+02
adaptive_res_val: 2.9084e+01
It: 35100, Loss: 2.329e+00, Loss_bcs: 7.830e-04, Loss_res: 1.546e+00,Time: 0.01
 kurtosis_grad_res: 1.4035e+02
 kurtosis_grad_bcs: 5.6473e+02
std_grad_bcs: 0.001676
std_grad_res: 7.466566
adaptive_bcs_val: 7.7353e+02
adaptive_res_val: 2.9084e+01
It: 35200, Loss: 2.127e+00, Loss_bcs: 8.951e-04, Loss_res: 1.231e+00,Time: 0.01
 kurtosis_grad_res: 1.2833e+02
 kurtosis_grad_bcs: 1.4993e+02
std_grad_bcs: 0.002170
std_grad_res: 4.560838
adaptive_bcs_val: 7.7353e+02
adaptive_res_val: 2.9084e+01
It: 35300, Loss: 3.318e+00, Loss_bcs: 6.863e-04, Loss_res: 2.632e+00,Time: 0.01
 kurtosis_grad_res: 2.3926e+02
 kurtosis_grad_bcs: 1.0682e+03
std_grad_bcs: 0.000901
std_grad_res: 4.468156
adaptive_bcs_val: 7.7353e+02
adaptive_res_val: 2.9084e+01
It: 35400, Loss: 3.119e+00, Loss_bcs: 6.946e-04, Loss_res: 2.424e+00,Time: 0.01
 kurtosis_grad_res: 1.6825e+02
 kurtosis_grad_bcs: 9.3021e+02
std_grad_bcs: 0.001184
std_grad_res: 5.039113
adaptive_bcs_val: 7.7353e+02
adaptive_res_val: 2.9084e+01
It: 35500, Loss: 2.298e+00, Loss_bcs: 9.464e-04, Loss_res: 1.352e+00,Time: 0.01
 kurtosis_grad_res: 2.5910e+02
 kurtosis_grad_bcs: 1.6741e+02
std_grad_bcs: 0.004278
std_grad_res: 4.877204
adaptive_bcs_val: 7.7353e+02
adaptive_res_val: 2.9084e+01
It: 35600, Loss: 2.614e+00, Loss_bcs: 7.891e-04, Loss_res: 1.825e+00,Time: 0.01
 kurtosis_grad_res: 1.4857e+02
 kurtosis_grad_bcs: 2.1951e+02
std_grad_bcs: 0.002885
std_grad_res: 5.867737
adaptive_bcs_val: 7.7353e+02
adaptive_res_val: 2.9084e+01
It: 35700, Loss: 3.702e+00, Loss_bcs: 7.444e-04, Loss_res: 2.958e+00,Time: 0.01
 kurtosis_grad_res: 1.6392e+02
 kurtosis_grad_bcs: 2.2257e+02
std_grad_bcs: 0.001958
std_grad_res: 8.476322
adaptive_bcs_val: 7.7353e+02
adaptive_res_val: 2.9084e+01
It: 35800, Loss: 6.344e+00, Loss_bcs: 7.300e-04, Loss_res: 5.614e+00,Time: 0.01
 kurtosis_grad_res: 1.5812e+02
 kurtosis_grad_bcs: 1.3763e+02
std_grad_bcs: 0.002166
std_grad_res: 4.247475
adaptive_bcs_val: 7.7353e+02
adaptive_res_val: 2.9084e+01
It: 35900, Loss: 2.100e+00, Loss_bcs: 7.961e-04, Loss_res: 1.304e+00,Time: 0.01
 kurtosis_grad_res: 2.2818e+02
 kurtosis_grad_bcs: 1.7116e+02
std_grad_bcs: 0.003167
std_grad_res: 6.115997
adaptive_bcs_val: 7.7353e+02
adaptive_res_val: 2.9084e+01
It: 36000, Loss: 4.319e+00, Loss_bcs: 7.603e-04, Loss_res: 3.559e+00,Time: 0.01
 kurtosis_grad_res: 3.2715e+02
 kurtosis_grad_bcs: 1.6350e+02
std_grad_bcs: 0.003321
std_grad_res: 3.417206
adaptive_bcs_val: 7.7353e+02
adaptive_res_val: 2.9084e+01
It: 36100, Loss: 1.598e+00, Loss_bcs: 7.148e-04, Loss_res: 8.827e-01,Time: 0.01
 kurtosis_grad_res: 1.7188e+02
 kurtosis_grad_bcs: 5.5131e+02
std_grad_bcs: 0.000823
std_grad_res: 4.518131
adaptive_bcs_val: 7.7353e+02
adaptive_res_val: 2.9084e+01
It: 36200, Loss: 3.325e+00, Loss_bcs: 8.725e-04, Loss_res: 2.453e+00,Time: 0.01
 kurtosis_grad_res: 1.8189e+02
 kurtosis_grad_bcs: 5.9285e+02
std_grad_bcs: 0.001262
std_grad_res: 6.884542
adaptive_bcs_val: 7.7353e+02
adaptive_res_val: 2.9084e+01
It: 36300, Loss: 1.943e+00, Loss_bcs: 7.124e-04, Loss_res: 1.231e+00,Time: 0.01
 kurtosis_grad_res: 1.8371e+02
 kurtosis_grad_bcs: 5.2919e+02
std_grad_bcs: 0.000779
std_grad_res: 6.411438
adaptive_bcs_val: 7.7353e+02
adaptive_res_val: 2.9084e+01
It: 36400, Loss: 3.507e+00, Loss_bcs: 7.468e-04, Loss_res: 2.760e+00,Time: 0.01
 kurtosis_grad_res: 1.9503e+02
 kurtosis_grad_bcs: 3.1325e+02
std_grad_bcs: 0.001557
std_grad_res: 10.678850
adaptive_bcs_val: 7.7353e+02
adaptive_res_val: 2.9084e+01
It: 36500, Loss: 1.751e+00, Loss_bcs: 7.077e-04, Loss_res: 1.043e+00,Time: 0.01
 kurtosis_grad_res: 2.4998e+02
 kurtosis_grad_bcs: 2.7144e+02
std_grad_bcs: 0.002529
std_grad_res: 9.005273
adaptive_bcs_val: 7.7353e+02
adaptive_res_val: 2.9084e+01
It: 36600, Loss: 3.731e+00, Loss_bcs: 7.855e-04, Loss_res: 2.945e+00,Time: 0.01
 kurtosis_grad_res: 1.8564e+02
 kurtosis_grad_bcs: 1.6283e+02
std_grad_bcs: 0.002786
std_grad_res: 6.975313
adaptive_bcs_val: 7.7353e+02
adaptive_res_val: 2.9084e+01
It: 36700, Loss: 1.810e+00, Loss_bcs: 8.311e-04, Loss_res: 9.787e-01,Time: 0.01
 kurtosis_grad_res: 1.1283e+02
 kurtosis_grad_bcs: 3.7933e+02
std_grad_bcs: 0.002097
std_grad_res: 8.234743
adaptive_bcs_val: 7.7353e+02
adaptive_res_val: 2.9084e+01
It: 36800, Loss: 2.917e+00, Loss_bcs: 7.690e-04, Loss_res: 2.148e+00,Time: 0.01
 kurtosis_grad_res: 1.4364e+02
 kurtosis_grad_bcs: 2.5916e+02
std_grad_bcs: 0.002303
std_grad_res: 4.437426
adaptive_bcs_val: 7.7353e+02
adaptive_res_val: 2.9084e+01
It: 36900, Loss: 2.907e+00, Loss_bcs: 7.162e-04, Loss_res: 2.191e+00,Time: 0.01
 kurtosis_grad_res: 3.9334e+02
 kurtosis_grad_bcs: 2.1871e+02
std_grad_bcs: 0.001980
std_grad_res: 3.451535
adaptive_bcs_val: 7.7353e+02
adaptive_res_val: 2.9084e+01
It: 37000, Loss: 1.672e+00, Loss_bcs: 7.248e-04, Loss_res: 9.467e-01,Time: 0.01
 kurtosis_grad_res: 1.2892e+02
 kurtosis_grad_bcs: 1.1784e+02
std_grad_bcs: 0.002720
std_grad_res: 4.263936
adaptive_bcs_val: 7.7353e+02
adaptive_res_val: 2.9084e+01
It: 37100, Loss: 2.749e+00, Loss_bcs: 6.092e-04, Loss_res: 2.140e+00,Time: 0.01
 kurtosis_grad_res: 1.9453e+02
 kurtosis_grad_bcs: 1.7584e+02
std_grad_bcs: 0.002217
std_grad_res: 10.195703
adaptive_bcs_val: 7.7353e+02
adaptive_res_val: 2.9084e+01
It: 37200, Loss: 4.491e+00, Loss_bcs: 5.652e-04, Loss_res: 3.926e+00,Time: 0.01
 kurtosis_grad_res: 1.7854e+02
 kurtosis_grad_bcs: 1.8644e+02
std_grad_bcs: 0.002210
std_grad_res: 17.636793
adaptive_bcs_val: 7.7353e+02
adaptive_res_val: 2.9084e+01
It: 37300, Loss: 2.755e+00, Loss_bcs: 6.474e-04, Loss_res: 2.108e+00,Time: 0.01
 kurtosis_grad_res: 1.2034e+02
 kurtosis_grad_bcs: 3.4872e+02
std_grad_bcs: 0.000939
std_grad_res: 7.420346
adaptive_bcs_val: 7.7353e+02
adaptive_res_val: 2.9084e+01
It: 37400, Loss: 1.530e+00, Loss_bcs: 5.712e-04, Loss_res: 9.592e-01,Time: 0.01
 kurtosis_grad_res: 1.3208e+02
 kurtosis_grad_bcs: 5.5339e+02
std_grad_bcs: 0.001196
std_grad_res: 6.440689
adaptive_bcs_val: 7.7353e+02
adaptive_res_val: 2.9084e+01
It: 37500, Loss: 3.855e+00, Loss_bcs: 5.678e-04, Loss_res: 3.287e+00,Time: 0.01
 kurtosis_grad_res: 1.3333e+02
 kurtosis_grad_bcs: 1.6029e+02
std_grad_bcs: 0.001834
std_grad_res: 4.740325
adaptive_bcs_val: 7.7353e+02
adaptive_res_val: 2.9084e+01
It: 37600, Loss: 2.618e+00, Loss_bcs: 6.837e-04, Loss_res: 1.935e+00,Time: 0.01
 kurtosis_grad_res: 1.1185e+02
 kurtosis_grad_bcs: 2.3837e+02
std_grad_bcs: 0.002343
std_grad_res: 6.496289
adaptive_bcs_val: 7.7353e+02
adaptive_res_val: 2.9084e+01
It: 37700, Loss: 4.536e+00, Loss_bcs: 6.740e-04, Loss_res: 3.862e+00,Time: 0.01
 kurtosis_grad_res: 1.6669e+02
 kurtosis_grad_bcs: 1.4803e+02
std_grad_bcs: 0.002518
std_grad_res: 13.900644
adaptive_bcs_val: 7.7353e+02
adaptive_res_val: 2.9084e+01
It: 37800, Loss: 3.141e+00, Loss_bcs: 8.377e-04, Loss_res: 2.304e+00,Time: 0.01
 kurtosis_grad_res: 1.8063e+02
 kurtosis_grad_bcs: 2.6401e+02
std_grad_bcs: 0.001179
std_grad_res: 15.341491
adaptive_bcs_val: 7.7353e+02
adaptive_res_val: 2.9084e+01
It: 37900, Loss: 2.537e+00, Loss_bcs: 6.370e-04, Loss_res: 1.900e+00,Time: 0.01
 kurtosis_grad_res: 1.4122e+02
 kurtosis_grad_bcs: 2.3312e+03
std_grad_bcs: 0.000580
std_grad_res: 6.027581
adaptive_bcs_val: 7.7353e+02
adaptive_res_val: 2.9084e+01
It: 38000, Loss: 5.105e+00, Loss_bcs: 6.207e-04, Loss_res: 4.485e+00,Time: 0.01
 kurtosis_grad_res: 1.0186e+02
 kurtosis_grad_bcs: 2.7032e+02
std_grad_bcs: 0.001114
std_grad_res: 6.624214
adaptive_bcs_val: 7.7353e+02
adaptive_res_val: 2.9084e+01
It: 38100, Loss: 4.773e+00, Loss_bcs: 6.342e-04, Loss_res: 4.139e+00,Time: 0.01
 kurtosis_grad_res: 1.5473e+02
 kurtosis_grad_bcs: 2.1736e+02
std_grad_bcs: 0.001618
std_grad_res: 6.557872
adaptive_bcs_val: 7.7353e+02
adaptive_res_val: 2.9084e+01
It: 38200, Loss: 6.123e+00, Loss_bcs: 7.533e-04, Loss_res: 5.370e+00,Time: 0.01
 kurtosis_grad_res: 1.1636e+02
 kurtosis_grad_bcs: 1.7131e+02
std_grad_bcs: 0.001434
std_grad_res: 8.117781
adaptive_bcs_val: 7.7353e+02
adaptive_res_val: 2.9084e+01
It: 38300, Loss: 1.515e+00, Loss_bcs: 6.288e-04, Loss_res: 8.865e-01,Time: 0.01
 kurtosis_grad_res: 2.3140e+02
 kurtosis_grad_bcs: 2.5479e+02
std_grad_bcs: 0.001332
std_grad_res: 2.481680
adaptive_bcs_val: 7.7353e+02
adaptive_res_val: 2.9084e+01
It: 38400, Loss: 1.850e+00, Loss_bcs: 6.434e-04, Loss_res: 1.206e+00,Time: 0.01
 kurtosis_grad_res: 2.5275e+02
 kurtosis_grad_bcs: 3.0893e+02
std_grad_bcs: 0.001590
std_grad_res: 5.972985
adaptive_bcs_val: 7.7353e+02
adaptive_res_val: 2.9084e+01
It: 38500, Loss: 2.344e+00, Loss_bcs: 7.250e-04, Loss_res: 1.619e+00,Time: 0.01
 kurtosis_grad_res: 1.4027e+02
 kurtosis_grad_bcs: 2.0297e+02
std_grad_bcs: 0.001664
std_grad_res: 8.838161
adaptive_bcs_val: 7.7353e+02
adaptive_res_val: 2.9084e+01
It: 38600, Loss: 3.317e+00, Loss_bcs: 7.616e-04, Loss_res: 2.556e+00,Time: 0.01
 kurtosis_grad_res: 1.4167e+02
 kurtosis_grad_bcs: 1.7100e+02
std_grad_bcs: 0.001878
std_grad_res: 6.784541
adaptive_bcs_val: 7.7353e+02
adaptive_res_val: 2.9084e+01
It: 38700, Loss: 1.752e+00, Loss_bcs: 6.516e-04, Loss_res: 1.100e+00,Time: 0.01
 kurtosis_grad_res: 1.1667e+02
 kurtosis_grad_bcs: 2.4728e+02
std_grad_bcs: 0.001330
std_grad_res: 4.553737
adaptive_bcs_val: 7.7353e+02
adaptive_res_val: 2.9084e+01
It: 38800, Loss: 5.360e+00, Loss_bcs: 6.054e-04, Loss_res: 4.755e+00,Time: 0.01
 kurtosis_grad_res: 1.7152e+02
 kurtosis_grad_bcs: 4.4479e+02
std_grad_bcs: 0.001783
std_grad_res: 7.540003
adaptive_bcs_val: 7.7353e+02
adaptive_res_val: 2.9084e+01
It: 38900, Loss: 2.700e+00, Loss_bcs: 7.837e-04, Loss_res: 1.916e+00,Time: 0.01
 kurtosis_grad_res: 1.3209e+02
 kurtosis_grad_bcs: 1.2838e+02
std_grad_bcs: 0.001698
std_grad_res: 9.583284
adaptive_bcs_val: 7.7353e+02
adaptive_res_val: 2.9084e+01
It: 39000, Loss: 1.907e+00, Loss_bcs: 6.852e-04, Loss_res: 1.222e+00,Time: 0.01
 kurtosis_grad_res: 1.2064e+02
 kurtosis_grad_bcs: 3.0391e+02
std_grad_bcs: 0.001206
std_grad_res: 4.916747
adaptive_bcs_val: 7.7353e+02
adaptive_res_val: 2.9084e+01
It: 39100, Loss: 2.789e+00, Loss_bcs: 5.480e-04, Loss_res: 2.241e+00,Time: 0.01
 kurtosis_grad_res: 1.4334e+02
 kurtosis_grad_bcs: 2.7910e+02
std_grad_bcs: 0.000792
std_grad_res: 4.214817
adaptive_bcs_val: 7.7353e+02
adaptive_res_val: 2.9084e+01
It: 39200, Loss: 2.559e+00, Loss_bcs: 6.909e-04, Loss_res: 1.868e+00,Time: 0.01
 kurtosis_grad_res: 1.5668e+02
 kurtosis_grad_bcs: 2.4736e+02
std_grad_bcs: 0.001536
std_grad_res: 3.327548
adaptive_bcs_val: 7.7353e+02
adaptive_res_val: 2.9084e+01
It: 39300, Loss: 2.790e+00, Loss_bcs: 5.938e-04, Loss_res: 2.196e+00,Time: 0.01
 kurtosis_grad_res: 1.2989e+02
 kurtosis_grad_bcs: 2.4954e+02
std_grad_bcs: 0.001383
std_grad_res: 6.217181
adaptive_bcs_val: 7.7353e+02
adaptive_res_val: 2.9084e+01
It: 39400, Loss: 1.624e+00, Loss_bcs: 6.018e-04, Loss_res: 1.022e+00,Time: 0.01
 kurtosis_grad_res: 1.2425e+02
 kurtosis_grad_bcs: 1.9651e+02
std_grad_bcs: 0.001394
std_grad_res: 7.049043
adaptive_bcs_val: 7.7353e+02
adaptive_res_val: 2.9084e+01
It: 39500, Loss: 3.951e+00, Loss_bcs: 6.745e-04, Loss_res: 3.277e+00,Time: 0.01
 kurtosis_grad_res: 1.5299e+02
 kurtosis_grad_bcs: 2.8379e+02
std_grad_bcs: 0.001924
std_grad_res: 16.487816
adaptive_bcs_val: 7.7353e+02
adaptive_res_val: 2.9084e+01
It: 39600, Loss: 2.033e+00, Loss_bcs: 7.373e-04, Loss_res: 1.296e+00,Time: 0.01
 kurtosis_grad_res: 2.2951e+02
 kurtosis_grad_bcs: 3.3840e+02
std_grad_bcs: 0.001603
std_grad_res: 7.799844
adaptive_bcs_val: 7.7353e+02
adaptive_res_val: 2.9084e+01
It: 39700, Loss: 2.590e+00, Loss_bcs: 6.319e-04, Loss_res: 1.958e+00,Time: 0.01
 kurtosis_grad_res: 1.0863e+02
 kurtosis_grad_bcs: 1.0111e+03
std_grad_bcs: 0.000879
std_grad_res: 13.676462
adaptive_bcs_val: 7.7353e+02
adaptive_res_val: 2.9084e+01
It: 39800, Loss: 2.012e+00, Loss_bcs: 6.262e-04, Loss_res: 1.385e+00,Time: 0.01
 kurtosis_grad_res: 1.6426e+02
 kurtosis_grad_bcs: 2.5315e+02
std_grad_bcs: 0.001823
std_grad_res: 8.104485
adaptive_bcs_val: 7.7353e+02
adaptive_res_val: 2.9084e+01
It: 39900, Loss: 3.086e+00, Loss_bcs: 7.206e-04, Loss_res: 2.366e+00,Time: 0.01
 kurtosis_grad_res: 1.3964e+02
 kurtosis_grad_bcs: 2.4739e+02
std_grad_bcs: 0.002453
std_grad_res: 3.460748
adaptive_bcs_val: 7.7353e+02
adaptive_res_val: 2.9084e+01
Gradients information stored ...
It: 40000, Loss: 2.747e+00, Loss_bcs: 6.740e-04, Loss_res: 2.073e+00,Time: 0.44
 kurtosis_grad_res: 1.1340e+02
 kurtosis_grad_bcs: 2.6102e+02
std_grad_bcs: 0.000858
std_grad_res: 6.793906
adaptive_bcs_val: 7.7353e+02
adaptive_res_val: 2.9084e+01
Relative L2 error_u: 1.60e-02
Relative L2 error_f: 2.10e-02
Save uv NN parameters successfully in %s ...checkpoints/Jan-21-2024_12-31-42-450627_M2
Final loss total loss: 2.755010e+00
Final loss loss_res: 2.075645e+00
Final loss loss_bc1: 2.401365e-04
Final loss loss_bc2: 1.017097e-04
Final loss loss_bc3: 1.018493e-04
Final loss loss_bc4: 2.356698e-04
average lambda_bc7.7353e+02
average lambda_res1.0


Method: mini_batch

average of time_list:2.9434e+02
average of error_u_list:1.5954e-02
average of error_v_list:2.1017e-02
