Gradients information stored ...
It: 100, Loss: 7.181e+03, Loss_bcs: 5.653e-01, Loss_res: 7.181e+03,Time: 0.01
adaptive_constant_res_val: 0.985255
adaptive_constant_bc_val: 1.014745
Gradients information stored ...
It: 200, Loss: 6.223e+03, Loss_bcs: 5.871e+00, Loss_res: 6.310e+03,Time: 0.01
adaptive_constant_res_val: 0.798070
adaptive_constant_bc_val: 1.201930
It: 300, Loss: 5.309e+03, Loss_bcs: 1.114e+01, Loss_res: 6.635e+03,Time: 0.01
adaptive_constant_res_val: 0.688470
adaptive_constant_bc_val: 1.311530
It: 400, Loss: 4.502e+03, Loss_bcs: 1.615e+01, Loss_res: 6.508e+03,Time: 0.02
adaptive_constant_res_val: 0.624360
adaptive_constant_bc_val: 1.375640
It: 500, Loss: 3.545e+03, Loss_bcs: 1.111e+01, Loss_res: 5.653e+03,Time: 0.01
adaptive_constant_res_val: 0.615662
adaptive_constant_bc_val: 1.384338
It: 600, Loss: 3.332e+03, Loss_bcs: 9.455e+00, Loss_res: 5.391e+03,Time: 0.01
adaptive_constant_res_val: 0.615651
adaptive_constant_bc_val: 1.384349
It: 700, Loss: 1.788e+03, Loss_bcs: 1.617e+01, Loss_res: 2.868e+03,Time: 0.01
adaptive_constant_res_val: 0.535196
adaptive_constant_bc_val: 1.464804
It: 800, Loss: 9.195e+02, Loss_bcs: 1.996e+01, Loss_res: 1.663e+03,Time: 0.06
adaptive_constant_res_val: 0.501591
adaptive_constant_bc_val: 1.498409
It: 900, Loss: 6.614e+02, Loss_bcs: 1.913e+01, Loss_res: 1.261e+03,Time: 0.01
adaptive_constant_res_val: 0.487163
adaptive_constant_bc_val: 1.512837
It: 1000, Loss: 5.606e+02, Loss_bcs: 1.436e+01, Loss_res: 1.106e+03,Time: 0.01
adaptive_constant_res_val: 0.492035
adaptive_constant_bc_val: 1.507965
Gradients information stored ...
It: 1100, Loss: 2.484e+02, Loss_bcs: 9.297e+00, Loss_res: 4.764e+02,Time: 0.01
adaptive_constant_res_val: 0.493403
adaptive_constant_bc_val: 1.506597
It: 1200, Loss: 1.224e+02, Loss_bcs: 5.646e+00, Loss_res: 2.308e+02,Time: 0.01
adaptive_constant_res_val: 0.486554
adaptive_constant_bc_val: 1.513446
It: 1300, Loss: 1.070e+02, Loss_bcs: 2.647e+00, Loss_res: 2.118e+02,Time: 0.01
adaptive_constant_res_val: 0.500657
adaptive_constant_bc_val: 1.499343
It: 1400, Loss: 4.799e+01, Loss_bcs: 2.061e+00, Loss_res: 8.969e+01,Time: 0.01
adaptive_constant_res_val: 0.492081
adaptive_constant_bc_val: 1.507919
It: 1500, Loss: 4.528e+01, Loss_bcs: 1.531e+00, Loss_res: 8.733e+01,Time: 0.02
adaptive_constant_res_val: 0.499796
adaptive_constant_bc_val: 1.500204
It: 1600, Loss: 4.033e+01, Loss_bcs: 1.295e+00, Loss_res: 7.681e+01,Time: 0.01
adaptive_constant_res_val: 0.526381
adaptive_constant_bc_val: 1.473619
It: 1700, Loss: 4.073e+01, Loss_bcs: 9.378e-01, Loss_res: 7.475e+01,Time: 0.01
adaptive_constant_res_val: 0.570078
adaptive_constant_bc_val: 1.429922
It: 1800, Loss: 2.724e+01, Loss_bcs: 6.195e-01, Loss_res: 4.622e+01,Time: 0.01
adaptive_constant_res_val: 0.592404
adaptive_constant_bc_val: 1.407596
It: 1900, Loss: 2.626e+01, Loss_bcs: 5.932e-01, Loss_res: 4.292e+01,Time: 0.01
adaptive_constant_res_val: 0.634028
adaptive_constant_bc_val: 1.365972
It: 2000, Loss: 2.296e+01, Loss_bcs: 5.491e-01, Loss_res: 3.504e+01,Time: 0.01
adaptive_constant_res_val: 0.640318
adaptive_constant_bc_val: 1.359682
It: 2100, Loss: 2.305e+01, Loss_bcs: 5.029e-01, Loss_res: 3.494e+01,Time: 0.01
adaptive_constant_res_val: 0.662502
adaptive_constant_bc_val: 1.337498
It: 2200, Loss: 1.701e+01, Loss_bcs: 4.739e-01, Loss_res: 2.473e+01,Time: 0.01
adaptive_constant_res_val: 0.667961
adaptive_constant_bc_val: 1.332039
It: 2300, Loss: 2.251e+01, Loss_bcs: 4.793e-01, Loss_res: 3.275e+01,Time: 0.01
adaptive_constant_res_val: 0.691307
adaptive_constant_bc_val: 1.308693
It: 2400, Loss: 1.829e+01, Loss_bcs: 5.731e-01, Loss_res: 2.538e+01,Time: 0.01
adaptive_constant_res_val: 0.687991
adaptive_constant_bc_val: 1.312009
It: 2500, Loss: 1.200e+01, Loss_bcs: 5.586e-01, Loss_res: 1.638e+01,Time: 0.01
adaptive_constant_res_val: 0.686625
adaptive_constant_bc_val: 1.313375
It: 2600, Loss: 1.326e+01, Loss_bcs: 4.643e-01, Loss_res: 1.843e+01,Time: 0.02
adaptive_constant_res_val: 0.728070
adaptive_constant_bc_val: 1.271930
It: 2700, Loss: 1.202e+01, Loss_bcs: 4.930e-01, Loss_res: 1.565e+01,Time: 0.01
adaptive_constant_res_val: 0.733398
adaptive_constant_bc_val: 1.266602
It: 2800, Loss: 1.266e+01, Loss_bcs: 4.624e-01, Loss_res: 1.646e+01,Time: 0.01
adaptive_constant_res_val: 0.736111
adaptive_constant_bc_val: 1.263889
It: 2900, Loss: 9.046e+00, Loss_bcs: 4.233e-01, Loss_res: 1.156e+01,Time: 0.01
adaptive_constant_res_val: 0.729106
adaptive_constant_bc_val: 1.270894
It: 3000, Loss: 8.388e+00, Loss_bcs: 4.847e-01, Loss_res: 1.066e+01,Time: 0.01
adaptive_constant_res_val: 0.739579
adaptive_constant_bc_val: 1.260421
It: 3100, Loss: 1.230e+01, Loss_bcs: 4.043e-01, Loss_res: 1.594e+01,Time: 0.01
adaptive_constant_res_val: 0.787652
adaptive_constant_bc_val: 1.212348
It: 3200, Loss: 8.609e+00, Loss_bcs: 4.458e-01, Loss_res: 1.024e+01,Time: 0.01
adaptive_constant_res_val: 0.794839
adaptive_constant_bc_val: 1.205161
It: 3300, Loss: 8.635e+00, Loss_bcs: 5.067e-01, Loss_res: 1.010e+01,Time: 0.01
adaptive_constant_res_val: 0.801417
adaptive_constant_bc_val: 1.198583
It: 3400, Loss: 9.105e+00, Loss_bcs: 4.318e-01, Loss_res: 1.072e+01,Time: 0.01
adaptive_constant_res_val: 0.828029
adaptive_constant_bc_val: 1.171971
It: 3500, Loss: 6.011e+00, Loss_bcs: 4.049e-01, Loss_res: 6.686e+00,Time: 0.01
adaptive_constant_res_val: 0.797514
adaptive_constant_bc_val: 1.202486
It: 3600, Loss: 5.717e+00, Loss_bcs: 3.356e-01, Loss_res: 6.662e+00,Time: 0.01
adaptive_constant_res_val: 0.810397
adaptive_constant_bc_val: 1.189603
It: 3700, Loss: 6.239e+00, Loss_bcs: 4.073e-01, Loss_res: 7.101e+00,Time: 0.01
adaptive_constant_res_val: 0.791466
adaptive_constant_bc_val: 1.208534
It: 3800, Loss: 6.115e+00, Loss_bcs: 4.131e-01, Loss_res: 7.095e+00,Time: 0.02
adaptive_constant_res_val: 0.770257
adaptive_constant_bc_val: 1.229743
It: 3900, Loss: 4.304e+00, Loss_bcs: 3.439e-01, Loss_res: 5.039e+00,Time: 0.01
adaptive_constant_res_val: 0.792836
adaptive_constant_bc_val: 1.207164
It: 4000, Loss: 5.217e+00, Loss_bcs: 3.248e-01, Loss_res: 6.086e+00,Time: 0.01
adaptive_constant_res_val: 0.796527
adaptive_constant_bc_val: 1.203473
It: 4100, Loss: 8.888e+00, Loss_bcs: 3.487e-01, Loss_res: 1.063e+01,Time: 0.01
adaptive_constant_res_val: 0.807906
adaptive_constant_bc_val: 1.192094
It: 4200, Loss: 5.382e+00, Loss_bcs: 2.932e-01, Loss_res: 6.229e+00,Time: 0.01
adaptive_constant_res_val: 0.803072
adaptive_constant_bc_val: 1.196928
It: 4300, Loss: 4.967e+00, Loss_bcs: 2.993e-01, Loss_res: 5.739e+00,Time: 0.02
adaptive_constant_res_val: 0.805332
adaptive_constant_bc_val: 1.194668
It: 4400, Loss: 4.928e+00, Loss_bcs: 2.772e-01, Loss_res: 5.708e+00,Time: 0.01
adaptive_constant_res_val: 0.811309
adaptive_constant_bc_val: 1.188691
It: 4500, Loss: 5.743e+00, Loss_bcs: 3.084e-01, Loss_res: 6.626e+00,Time: 0.02
adaptive_constant_res_val: 0.860880
adaptive_constant_bc_val: 1.139120
It: 4600, Loss: 5.729e+00, Loss_bcs: 2.601e-01, Loss_res: 6.311e+00,Time: 0.01
adaptive_constant_res_val: 0.916977
adaptive_constant_bc_val: 1.083023
It: 4700, Loss: 3.961e+00, Loss_bcs: 3.069e-01, Loss_res: 3.958e+00,Time: 0.01
adaptive_constant_res_val: 0.889452
adaptive_constant_bc_val: 1.110548
It: 4800, Loss: 4.138e+00, Loss_bcs: 2.901e-01, Loss_res: 4.291e+00,Time: 0.01
adaptive_constant_res_val: 0.891626
adaptive_constant_bc_val: 1.108374
It: 4900, Loss: 4.303e+00, Loss_bcs: 2.985e-01, Loss_res: 4.455e+00,Time: 0.01
adaptive_constant_res_val: 0.911454
adaptive_constant_bc_val: 1.088546
It: 5000, Loss: 4.713e+00, Loss_bcs: 3.184e-01, Loss_res: 4.790e+00,Time: 0.01
adaptive_constant_res_val: 0.893265
adaptive_constant_bc_val: 1.106735
It: 5100, Loss: 3.409e+00, Loss_bcs: 2.946e-01, Loss_res: 3.452e+00,Time: 0.01
adaptive_constant_res_val: 0.867189
adaptive_constant_bc_val: 1.132811
It: 5200, Loss: 4.542e+00, Loss_bcs: 2.842e-01, Loss_res: 4.867e+00,Time: 0.02
adaptive_constant_res_val: 0.873952
adaptive_constant_bc_val: 1.126048
It: 5300, Loss: 4.723e+00, Loss_bcs: 3.493e-01, Loss_res: 4.954e+00,Time: 0.01
adaptive_constant_res_val: 0.859368
adaptive_constant_bc_val: 1.140632
It: 5400, Loss: 3.628e+00, Loss_bcs: 3.133e-01, Loss_res: 3.806e+00,Time: 0.01
adaptive_constant_res_val: 0.853173
adaptive_constant_bc_val: 1.146827
It: 5500, Loss: 3.255e+00, Loss_bcs: 2.725e-01, Loss_res: 3.449e+00,Time: 0.01
adaptive_constant_res_val: 0.843902
adaptive_constant_bc_val: 1.156098
It: 5600, Loss: 3.204e+00, Loss_bcs: 2.459e-01, Loss_res: 3.459e+00,Time: 0.01
adaptive_constant_res_val: 0.857267
adaptive_constant_bc_val: 1.142733
It: 5700, Loss: 2.406e+00, Loss_bcs: 2.738e-01, Loss_res: 2.442e+00,Time: 0.01
adaptive_constant_res_val: 0.828073
adaptive_constant_bc_val: 1.171927
It: 5800, Loss: 3.867e+00, Loss_bcs: 2.943e-01, Loss_res: 4.253e+00,Time: 0.01
adaptive_constant_res_val: 0.831905
adaptive_constant_bc_val: 1.168095
It: 5900, Loss: 3.634e+00, Loss_bcs: 2.636e-01, Loss_res: 3.998e+00,Time: 0.01
adaptive_constant_res_val: 0.830150
adaptive_constant_bc_val: 1.169850
It: 6000, Loss: 3.438e+00, Loss_bcs: 2.637e-01, Loss_res: 3.770e+00,Time: 0.01
adaptive_constant_res_val: 0.842494
adaptive_constant_bc_val: 1.157506
It: 6100, Loss: 3.058e+00, Loss_bcs: 2.675e-01, Loss_res: 3.262e+00,Time: 0.01
adaptive_constant_res_val: 0.828660
adaptive_constant_bc_val: 1.171340
It: 6200, Loss: 2.143e+00, Loss_bcs: 2.402e-01, Loss_res: 2.247e+00,Time: 0.01
adaptive_constant_res_val: 0.827603
adaptive_constant_bc_val: 1.172397
It: 6300, Loss: 3.166e+00, Loss_bcs: 2.269e-01, Loss_res: 3.504e+00,Time: 0.01
adaptive_constant_res_val: 0.883361
adaptive_constant_bc_val: 1.116639
It: 6400, Loss: 3.179e+00, Loss_bcs: 3.357e-01, Loss_res: 3.174e+00,Time: 0.02
adaptive_constant_res_val: 0.840558
adaptive_constant_bc_val: 1.159442
It: 6500, Loss: 2.815e+00, Loss_bcs: 2.145e-01, Loss_res: 3.053e+00,Time: 0.02
adaptive_constant_res_val: 0.862712
adaptive_constant_bc_val: 1.137288
It: 6600, Loss: 3.760e+00, Loss_bcs: 2.444e-01, Loss_res: 4.037e+00,Time: 0.01
adaptive_constant_res_val: 0.894642
adaptive_constant_bc_val: 1.105358
It: 6700, Loss: 2.418e+00, Loss_bcs: 2.699e-01, Loss_res: 2.369e+00,Time: 0.01
adaptive_constant_res_val: 0.870531
adaptive_constant_bc_val: 1.129469
It: 6800, Loss: 1.941e+00, Loss_bcs: 1.945e-01, Loss_res: 1.977e+00,Time: 0.01
adaptive_constant_res_val: 0.858615
adaptive_constant_bc_val: 1.141385
It: 6900, Loss: 2.248e+00, Loss_bcs: 2.500e-01, Loss_res: 2.286e+00,Time: 0.01
adaptive_constant_res_val: 0.850052
adaptive_constant_bc_val: 1.149948
It: 7000, Loss: 2.192e+00, Loss_bcs: 2.387e-01, Loss_res: 2.255e+00,Time: 0.01
adaptive_constant_res_val: 0.876245
adaptive_constant_bc_val: 1.123755
It: 7100, Loss: 2.225e+00, Loss_bcs: 2.984e-01, Loss_res: 2.157e+00,Time: 0.01
adaptive_constant_res_val: 0.870866
adaptive_constant_bc_val: 1.129134
It: 7200, Loss: 2.252e+00, Loss_bcs: 2.636e-01, Loss_res: 2.244e+00,Time: 0.01
adaptive_constant_res_val: 0.875519
adaptive_constant_bc_val: 1.124481
It: 7300, Loss: 1.811e+00, Loss_bcs: 2.884e-01, Loss_res: 1.698e+00,Time: 0.01
adaptive_constant_res_val: 0.864764
adaptive_constant_bc_val: 1.135236
It: 7400, Loss: 2.287e+00, Loss_bcs: 2.221e-01, Loss_res: 2.353e+00,Time: 0.01
adaptive_constant_res_val: 0.888583
adaptive_constant_bc_val: 1.111417
It: 7500, Loss: 2.321e+00, Loss_bcs: 2.146e-01, Loss_res: 2.344e+00,Time: 0.01
adaptive_constant_res_val: 0.903502
adaptive_constant_bc_val: 1.096498
It: 7600, Loss: 2.193e+00, Loss_bcs: 2.258e-01, Loss_res: 2.153e+00,Time: 0.01
adaptive_constant_res_val: 0.909342
adaptive_constant_bc_val: 1.090658
It: 7700, Loss: 2.092e+00, Loss_bcs: 2.464e-01, Loss_res: 2.005e+00,Time: 0.01
adaptive_constant_res_val: 0.886557
adaptive_constant_bc_val: 1.113443
It: 7800, Loss: 3.210e+00, Loss_bcs: 2.577e-01, Loss_res: 3.297e+00,Time: 0.01
adaptive_constant_res_val: 0.926859
adaptive_constant_bc_val: 1.073141
It: 7900, Loss: 2.172e+00, Loss_bcs: 2.472e-01, Loss_res: 2.057e+00,Time: 0.02
adaptive_constant_res_val: 0.896156
adaptive_constant_bc_val: 1.103844
It: 8000, Loss: 1.962e+00, Loss_bcs: 2.743e-01, Loss_res: 1.851e+00,Time: 0.01
adaptive_constant_res_val: 0.882304
adaptive_constant_bc_val: 1.117696
It: 8100, Loss: 1.862e+00, Loss_bcs: 2.765e-01, Loss_res: 1.760e+00,Time: 0.01
adaptive_constant_res_val: 0.874060
adaptive_constant_bc_val: 1.125940
It: 8200, Loss: 2.664e+00, Loss_bcs: 2.868e-01, Loss_res: 2.678e+00,Time: 0.01
adaptive_constant_res_val: 0.911730
adaptive_constant_bc_val: 1.088270
It: 8300, Loss: 1.413e+00, Loss_bcs: 2.439e-01, Loss_res: 1.259e+00,Time: 0.01
adaptive_constant_res_val: 0.887329
adaptive_constant_bc_val: 1.112671
It: 8400, Loss: 2.257e+00, Loss_bcs: 2.530e-01, Loss_res: 2.226e+00,Time: 0.01
adaptive_constant_res_val: 0.891483
adaptive_constant_bc_val: 1.108517
It: 8500, Loss: 2.097e+00, Loss_bcs: 2.765e-01, Loss_res: 2.008e+00,Time: 0.01
adaptive_constant_res_val: 0.915709
adaptive_constant_bc_val: 1.084291
It: 8600, Loss: 2.393e+00, Loss_bcs: 2.484e-01, Loss_res: 2.319e+00,Time: 0.01
adaptive_constant_res_val: 0.953664
adaptive_constant_bc_val: 1.046336
It: 8700, Loss: 1.544e+00, Loss_bcs: 2.316e-01, Loss_res: 1.365e+00,Time: 0.01
adaptive_constant_res_val: 0.916943
adaptive_constant_bc_val: 1.083057
It: 8800, Loss: 2.060e+00, Loss_bcs: 2.553e-01, Loss_res: 1.945e+00,Time: 0.01
adaptive_constant_res_val: 0.897951
adaptive_constant_bc_val: 1.102049
It: 8900, Loss: 2.181e+00, Loss_bcs: 2.564e-01, Loss_res: 2.114e+00,Time: 0.01
adaptive_constant_res_val: 0.875996
adaptive_constant_bc_val: 1.124004
It: 9000, Loss: 1.749e+00, Loss_bcs: 2.312e-01, Loss_res: 1.700e+00,Time: 0.02
adaptive_constant_res_val: 0.889844
adaptive_constant_bc_val: 1.110156
It: 9100, Loss: 2.214e+00, Loss_bcs: 2.536e-01, Loss_res: 2.172e+00,Time: 0.01
adaptive_constant_res_val: 0.906255
adaptive_constant_bc_val: 1.093745
It: 9200, Loss: 1.988e+00, Loss_bcs: 2.323e-01, Loss_res: 1.913e+00,Time: 0.01
adaptive_constant_res_val: 0.927125
adaptive_constant_bc_val: 1.072875
It: 9300, Loss: 1.408e+00, Loss_bcs: 2.109e-01, Loss_res: 1.275e+00,Time: 0.01
adaptive_constant_res_val: 0.938827
adaptive_constant_bc_val: 1.061173
It: 9400, Loss: 2.921e+00, Loss_bcs: 2.448e-01, Loss_res: 2.834e+00,Time: 0.01
adaptive_constant_res_val: 0.973809
adaptive_constant_bc_val: 1.026191
It: 9500, Loss: 1.186e+00, Loss_bcs: 2.447e-01, Loss_res: 9.598e-01,Time: 0.01
adaptive_constant_res_val: 0.924582
adaptive_constant_bc_val: 1.075418
It: 9600, Loss: 1.916e+00, Loss_bcs: 2.304e-01, Loss_res: 1.804e+00,Time: 0.01
adaptive_constant_res_val: 0.955055
adaptive_constant_bc_val: 1.044945
It: 9700, Loss: 2.178e+00, Loss_bcs: 2.486e-01, Loss_res: 2.009e+00,Time: 0.01
adaptive_constant_res_val: 0.952861
adaptive_constant_bc_val: 1.047139
It: 9800, Loss: 1.592e+00, Loss_bcs: 2.269e-01, Loss_res: 1.421e+00,Time: 0.02
adaptive_constant_res_val: 0.926859
adaptive_constant_bc_val: 1.073141
It: 9900, Loss: 1.341e+00, Loss_bcs: 1.969e-01, Loss_res: 1.219e+00,Time: 0.02
adaptive_constant_res_val: 0.914855
adaptive_constant_bc_val: 1.085145
It: 10000, Loss: 2.009e+00, Loss_bcs: 2.359e-01, Loss_res: 1.916e+00,Time: 0.02
adaptive_constant_res_val: 0.932547
adaptive_constant_bc_val: 1.067453
It: 10100, Loss: 1.504e+00, Loss_bcs: 2.306e-01, Loss_res: 1.349e+00,Time: 0.03
adaptive_constant_res_val: 0.899362
adaptive_constant_bc_val: 1.100638
It: 10200, Loss: 1.187e+00, Loss_bcs: 1.985e-01, Loss_res: 1.077e+00,Time: 0.01
adaptive_constant_res_val: 0.891213
adaptive_constant_bc_val: 1.108787
It: 10300, Loss: 1.326e+00, Loss_bcs: 2.295e-01, Loss_res: 1.203e+00,Time: 0.01
adaptive_constant_res_val: 0.883158
adaptive_constant_bc_val: 1.116842
It: 10400, Loss: 1.265e+00, Loss_bcs: 2.201e-01, Loss_res: 1.154e+00,Time: 0.02
adaptive_constant_res_val: 0.896412
adaptive_constant_bc_val: 1.103588
It: 10500, Loss: 1.426e+00, Loss_bcs: 2.059e-01, Loss_res: 1.338e+00,Time: 0.01
adaptive_constant_res_val: 0.939125
adaptive_constant_bc_val: 1.060875
It: 10600, Loss: 1.489e+00, Loss_bcs: 2.248e-01, Loss_res: 1.332e+00,Time: 0.01
adaptive_constant_res_val: 0.921276
adaptive_constant_bc_val: 1.078724
It: 10700, Loss: 1.532e+00, Loss_bcs: 2.523e-01, Loss_res: 1.367e+00,Time: 0.01
adaptive_constant_res_val: 0.929449
adaptive_constant_bc_val: 1.070551
It: 10800, Loss: 1.243e+00, Loss_bcs: 1.918e-01, Loss_res: 1.116e+00,Time: 0.01
adaptive_constant_res_val: 0.918754
adaptive_constant_bc_val: 1.081246
It: 10900, Loss: 1.065e+00, Loss_bcs: 1.996e-01, Loss_res: 9.241e-01,Time: 0.01
adaptive_constant_res_val: 0.897836
adaptive_constant_bc_val: 1.102164
It: 11000, Loss: 1.567e+00, Loss_bcs: 2.382e-01, Loss_res: 1.452e+00,Time: 0.02
adaptive_constant_res_val: 0.886843
adaptive_constant_bc_val: 1.113157
It: 11100, Loss: 1.340e+00, Loss_bcs: 2.103e-01, Loss_res: 1.247e+00,Time: 0.02
adaptive_constant_res_val: 0.869821
adaptive_constant_bc_val: 1.130179
It: 11200, Loss: 8.850e-01, Loss_bcs: 1.940e-01, Loss_res: 7.654e-01,Time: 0.01
adaptive_constant_res_val: 0.876297
adaptive_constant_bc_val: 1.123703
It: 11300, Loss: 1.517e+00, Loss_bcs: 2.092e-01, Loss_res: 1.463e+00,Time: 0.01
adaptive_constant_res_val: 0.899192
adaptive_constant_bc_val: 1.100808
It: 11400, Loss: 1.295e+00, Loss_bcs: 2.436e-01, Loss_res: 1.142e+00,Time: 0.01
adaptive_constant_res_val: 0.865420
adaptive_constant_bc_val: 1.134580
It: 11500, Loss: 1.353e+00, Loss_bcs: 1.963e-01, Loss_res: 1.306e+00,Time: 0.01
adaptive_constant_res_val: 0.874580
adaptive_constant_bc_val: 1.125420
It: 11600, Loss: 1.264e+00, Loss_bcs: 1.973e-01, Loss_res: 1.191e+00,Time: 0.01
adaptive_constant_res_val: 0.875720
adaptive_constant_bc_val: 1.124280
It: 11700, Loss: 1.321e+00, Loss_bcs: 1.977e-01, Loss_res: 1.255e+00,Time: 0.01
adaptive_constant_res_val: 0.881369
adaptive_constant_bc_val: 1.118631
It: 11800, Loss: 1.675e+00, Loss_bcs: 2.356e-01, Loss_res: 1.601e+00,Time: 0.01
adaptive_constant_res_val: 0.906500
adaptive_constant_bc_val: 1.093500
It: 11900, Loss: 1.925e+00, Loss_bcs: 2.498e-01, Loss_res: 1.822e+00,Time: 0.01
adaptive_constant_res_val: 0.931016
adaptive_constant_bc_val: 1.068984
It: 12000, Loss: 1.468e+00, Loss_bcs: 2.138e-01, Loss_res: 1.331e+00,Time: 0.01
adaptive_constant_res_val: 0.903260
adaptive_constant_bc_val: 1.096740
It: 12100, Loss: 1.120e+00, Loss_bcs: 1.960e-01, Loss_res: 1.002e+00,Time: 0.02
adaptive_constant_res_val: 0.916782
adaptive_constant_bc_val: 1.083218
It: 12200, Loss: 1.724e+00, Loss_bcs: 2.242e-01, Loss_res: 1.616e+00,Time: 0.01
adaptive_constant_res_val: 0.932860
adaptive_constant_bc_val: 1.067140
It: 12300, Loss: 1.369e+00, Loss_bcs: 1.822e-01, Loss_res: 1.259e+00,Time: 0.02
adaptive_constant_res_val: 0.939896
adaptive_constant_bc_val: 1.060104
It: 12400, Loss: 1.107e+00, Loss_bcs: 1.890e-01, Loss_res: 9.646e-01,Time: 0.01
adaptive_constant_res_val: 0.920965
adaptive_constant_bc_val: 1.079035
It: 12500, Loss: 1.291e+00, Loss_bcs: 1.909e-01, Loss_res: 1.178e+00,Time: 0.02
adaptive_constant_res_val: 0.958298
adaptive_constant_bc_val: 1.041702
It: 12600, Loss: 9.858e-01, Loss_bcs: 2.142e-01, Loss_res: 7.959e-01,Time: 0.01
adaptive_constant_res_val: 0.922095
adaptive_constant_bc_val: 1.077905
It: 12700, Loss: 1.315e+00, Loss_bcs: 2.030e-01, Loss_res: 1.189e+00,Time: 0.01
adaptive_constant_res_val: 0.924294
adaptive_constant_bc_val: 1.075706
It: 12800, Loss: 1.492e+00, Loss_bcs: 1.904e-01, Loss_res: 1.393e+00,Time: 0.01
adaptive_constant_res_val: 0.936708
adaptive_constant_bc_val: 1.063292
It: 12900, Loss: 1.294e+00, Loss_bcs: 1.947e-01, Loss_res: 1.160e+00,Time: 0.01
adaptive_constant_res_val: 0.925928
adaptive_constant_bc_val: 1.074072
It: 13000, Loss: 1.220e+00, Loss_bcs: 2.166e-01, Loss_res: 1.066e+00,Time: 0.01
adaptive_constant_res_val: 0.897182
adaptive_constant_bc_val: 1.102818
It: 13100, Loss: 1.152e+00, Loss_bcs: 1.964e-01, Loss_res: 1.042e+00,Time: 0.01
adaptive_constant_res_val: 0.921994
adaptive_constant_bc_val: 1.078006
It: 13200, Loss: 1.324e+00, Loss_bcs: 1.917e-01, Loss_res: 1.211e+00,Time: 0.01
adaptive_constant_res_val: 0.926302
adaptive_constant_bc_val: 1.073698
It: 13300, Loss: 1.272e+00, Loss_bcs: 1.949e-01, Loss_res: 1.148e+00,Time: 0.01
adaptive_constant_res_val: 0.936900
adaptive_constant_bc_val: 1.063100
It: 13400, Loss: 8.223e-01, Loss_bcs: 1.848e-01, Loss_res: 6.680e-01,Time: 0.01
adaptive_constant_res_val: 0.922377
adaptive_constant_bc_val: 1.077623
It: 13500, Loss: 1.410e+00, Loss_bcs: 2.212e-01, Loss_res: 1.270e+00,Time: 0.01
adaptive_constant_res_val: 0.937417
adaptive_constant_bc_val: 1.062583
It: 13600, Loss: 1.136e+00, Loss_bcs: 2.093e-01, Loss_res: 9.752e-01,Time: 0.01
adaptive_constant_res_val: 0.901973
adaptive_constant_bc_val: 1.098027
It: 13700, Loss: 1.216e+00, Loss_bcs: 2.059e-01, Loss_res: 1.098e+00,Time: 0.01
adaptive_constant_res_val: 0.913726
adaptive_constant_bc_val: 1.086274
It: 13800, Loss: 1.362e+00, Loss_bcs: 1.683e-01, Loss_res: 1.290e+00,Time: 0.02
adaptive_constant_res_val: 0.946005
adaptive_constant_bc_val: 1.053995
It: 13900, Loss: 1.019e+00, Loss_bcs: 2.149e-01, Loss_res: 8.382e-01,Time: 0.02
adaptive_constant_res_val: 0.937858
adaptive_constant_bc_val: 1.062142
It: 14000, Loss: 1.149e+00, Loss_bcs: 1.794e-01, Loss_res: 1.022e+00,Time: 0.01
adaptive_constant_res_val: 0.917359
adaptive_constant_bc_val: 1.082641
It: 14100, Loss: 1.279e+00, Loss_bcs: 2.100e-01, Loss_res: 1.146e+00,Time: 0.01
adaptive_constant_res_val: 0.911935
adaptive_constant_bc_val: 1.088065
It: 14200, Loss: 1.019e+00, Loss_bcs: 2.093e-01, Loss_res: 8.682e-01,Time: 0.01
adaptive_constant_res_val: 0.890837
adaptive_constant_bc_val: 1.109163
It: 14300, Loss: 9.219e-01, Loss_bcs: 1.518e-01, Loss_res: 8.458e-01,Time: 0.01
adaptive_constant_res_val: 0.909420
adaptive_constant_bc_val: 1.090580
It: 14400, Loss: 9.485e-01, Loss_bcs: 2.056e-01, Loss_res: 7.963e-01,Time: 0.01
adaptive_constant_res_val: 0.901373
adaptive_constant_bc_val: 1.098627
It: 14500, Loss: 1.239e+00, Loss_bcs: 2.049e-01, Loss_res: 1.125e+00,Time: 0.02
adaptive_constant_res_val: 0.973258
adaptive_constant_bc_val: 1.026742
It: 14600, Loss: 1.101e+00, Loss_bcs: 1.973e-01, Loss_res: 9.230e-01,Time: 0.01
adaptive_constant_res_val: 0.975883
adaptive_constant_bc_val: 1.024117
It: 14700, Loss: 1.069e+00, Loss_bcs: 2.026e-01, Loss_res: 8.830e-01,Time: 0.01
adaptive_constant_res_val: 0.957208
adaptive_constant_bc_val: 1.042792
It: 14800, Loss: 1.431e+00, Loss_bcs: 2.290e-01, Loss_res: 1.246e+00,Time: 0.02
adaptive_constant_res_val: 0.969832
adaptive_constant_bc_val: 1.030168
It: 14900, Loss: 1.201e+00, Loss_bcs: 1.875e-01, Loss_res: 1.039e+00,Time: 0.01
adaptive_constant_res_val: 0.945390
adaptive_constant_bc_val: 1.054610
It: 15000, Loss: 1.056e+00, Loss_bcs: 2.106e-01, Loss_res: 8.822e-01,Time: 0.01
adaptive_constant_res_val: 0.937521
adaptive_constant_bc_val: 1.062479
It: 15100, Loss: 1.056e+00, Loss_bcs: 1.805e-01, Loss_res: 9.220e-01,Time: 0.01
adaptive_constant_res_val: 0.948221
adaptive_constant_bc_val: 1.051779
It: 15200, Loss: 1.186e+00, Loss_bcs: 1.466e-01, Loss_res: 1.089e+00,Time: 0.01
adaptive_constant_res_val: 0.954303
adaptive_constant_bc_val: 1.045697
It: 15300, Loss: 1.220e+00, Loss_bcs: 1.887e-01, Loss_res: 1.072e+00,Time: 0.01
adaptive_constant_res_val: 0.959261
adaptive_constant_bc_val: 1.040739
It: 15400, Loss: 1.183e+00, Loss_bcs: 2.079e-01, Loss_res: 1.007e+00,Time: 0.01
adaptive_constant_res_val: 0.941966
adaptive_constant_bc_val: 1.058034
It: 15500, Loss: 1.054e+00, Loss_bcs: 1.667e-01, Loss_res: 9.321e-01,Time: 0.01
adaptive_constant_res_val: 0.939763
adaptive_constant_bc_val: 1.060237
It: 15600, Loss: 6.677e-01, Loss_bcs: 1.932e-01, Loss_res: 4.925e-01,Time: 0.02
adaptive_constant_res_val: 0.908797
adaptive_constant_bc_val: 1.091203
It: 15700, Loss: 1.033e+00, Loss_bcs: 2.229e-01, Loss_res: 8.691e-01,Time: 0.01
adaptive_constant_res_val: 0.879418
adaptive_constant_bc_val: 1.120582
It: 15800, Loss: 9.227e-01, Loss_bcs: 1.842e-01, Loss_res: 8.144e-01,Time: 0.01
adaptive_constant_res_val: 0.859924
adaptive_constant_bc_val: 1.140076
It: 15900, Loss: 1.109e+00, Loss_bcs: 1.767e-01, Loss_res: 1.055e+00,Time: 0.02
adaptive_constant_res_val: 0.874989
adaptive_constant_bc_val: 1.125011
It: 16000, Loss: 8.221e-01, Loss_bcs: 1.693e-01, Loss_res: 7.218e-01,Time: 0.01
adaptive_constant_res_val: 0.893999
adaptive_constant_bc_val: 1.106001
It: 16100, Loss: 8.855e-01, Loss_bcs: 1.884e-01, Loss_res: 7.574e-01,Time: 0.01
adaptive_constant_res_val: 0.885177
adaptive_constant_bc_val: 1.114823
It: 16200, Loss: 8.497e-01, Loss_bcs: 1.827e-01, Loss_res: 7.298e-01,Time: 0.01
adaptive_constant_res_val: 0.894347
adaptive_constant_bc_val: 1.105653
It: 16300, Loss: 9.082e-01, Loss_bcs: 1.872e-01, Loss_res: 7.840e-01,Time: 0.01
adaptive_constant_res_val: 0.881229
adaptive_constant_bc_val: 1.118771
It: 16400, Loss: 1.002e+00, Loss_bcs: 1.857e-01, Loss_res: 9.019e-01,Time: 0.01
adaptive_constant_res_val: 0.925802
adaptive_constant_bc_val: 1.074198
It: 16500, Loss: 1.126e+00, Loss_bcs: 1.694e-01, Loss_res: 1.019e+00,Time: 0.04
adaptive_constant_res_val: 0.955798
adaptive_constant_bc_val: 1.044202
It: 16600, Loss: 9.187e-01, Loss_bcs: 1.690e-01, Loss_res: 7.766e-01,Time: 0.02
adaptive_constant_res_val: 0.949284
adaptive_constant_bc_val: 1.050716
It: 16700, Loss: 8.367e-01, Loss_bcs: 1.779e-01, Loss_res: 6.845e-01,Time: 0.01
adaptive_constant_res_val: 0.923924
adaptive_constant_bc_val: 1.076076
It: 16800, Loss: 1.067e+00, Loss_bcs: 1.964e-01, Loss_res: 9.258e-01,Time: 0.01
adaptive_constant_res_val: 0.916171
adaptive_constant_bc_val: 1.083829
It: 16900, Loss: 9.685e-01, Loss_bcs: 1.877e-01, Loss_res: 8.350e-01,Time: 0.01
adaptive_constant_res_val: 0.881907
adaptive_constant_bc_val: 1.118093
It: 17000, Loss: 8.650e-01, Loss_bcs: 1.972e-01, Loss_res: 7.308e-01,Time: 0.01
adaptive_constant_res_val: 0.862534
adaptive_constant_bc_val: 1.137466
It: 17100, Loss: 9.326e-01, Loss_bcs: 1.772e-01, Loss_res: 8.476e-01,Time: 0.01
adaptive_constant_res_val: 0.869878
adaptive_constant_bc_val: 1.130122
It: 17200, Loss: 8.166e-01, Loss_bcs: 1.942e-01, Loss_res: 6.865e-01,Time: 0.01
adaptive_constant_res_val: 0.873729
adaptive_constant_bc_val: 1.126271
It: 17300, Loss: 7.378e-01, Loss_bcs: 1.682e-01, Loss_res: 6.276e-01,Time: 0.02
adaptive_constant_res_val: 0.871687
adaptive_constant_bc_val: 1.128313
It: 17400, Loss: 8.327e-01, Loss_bcs: 1.720e-01, Loss_res: 7.326e-01,Time: 0.01
adaptive_constant_res_val: 0.878378
adaptive_constant_bc_val: 1.121622
It: 17500, Loss: 7.295e-01, Loss_bcs: 1.658e-01, Loss_res: 6.187e-01,Time: 0.01
adaptive_constant_res_val: 0.874593
adaptive_constant_bc_val: 1.125407
It: 17600, Loss: 7.055e-01, Loss_bcs: 1.700e-01, Loss_res: 5.879e-01,Time: 0.01
adaptive_constant_res_val: 0.869836
adaptive_constant_bc_val: 1.130164
It: 17700, Loss: 7.749e-01, Loss_bcs: 1.535e-01, Loss_res: 6.913e-01,Time: 0.01
adaptive_constant_res_val: 0.872678
adaptive_constant_bc_val: 1.127322
It: 17800, Loss: 8.030e-01, Loss_bcs: 1.898e-01, Loss_res: 6.750e-01,Time: 0.01
adaptive_constant_res_val: 0.858153
adaptive_constant_bc_val: 1.141847
It: 17900, Loss: 7.202e-01, Loss_bcs: 1.463e-01, Loss_res: 6.446e-01,Time: 0.02
adaptive_constant_res_val: 0.867443
adaptive_constant_bc_val: 1.132557
It: 18000, Loss: 9.045e-01, Loss_bcs: 1.787e-01, Loss_res: 8.093e-01,Time: 0.01
adaptive_constant_res_val: 0.879036
adaptive_constant_bc_val: 1.120964
It: 18100, Loss: 8.331e-01, Loss_bcs: 1.551e-01, Loss_res: 7.500e-01,Time: 0.01
adaptive_constant_res_val: 0.882612
adaptive_constant_bc_val: 1.117388
It: 18200, Loss: 7.091e-01, Loss_bcs: 1.518e-01, Loss_res: 6.112e-01,Time: 0.01
adaptive_constant_res_val: 0.891235
adaptive_constant_bc_val: 1.108765
It: 18300, Loss: 9.259e-01, Loss_bcs: 1.620e-01, Loss_res: 8.373e-01,Time: 0.01
adaptive_constant_res_val: 0.896208
adaptive_constant_bc_val: 1.103792
It: 18400, Loss: 6.561e-01, Loss_bcs: 1.765e-01, Loss_res: 5.147e-01,Time: 0.02
adaptive_constant_res_val: 0.880676
adaptive_constant_bc_val: 1.119324
It: 18500, Loss: 7.619e-01, Loss_bcs: 1.532e-01, Loss_res: 6.705e-01,Time: 0.01
adaptive_constant_res_val: 0.901043
adaptive_constant_bc_val: 1.098957
It: 18600, Loss: 9.890e-01, Loss_bcs: 1.720e-01, Loss_res: 8.878e-01,Time: 0.02
adaptive_constant_res_val: 0.913404
adaptive_constant_bc_val: 1.086596
It: 18700, Loss: 9.909e-01, Loss_bcs: 1.533e-01, Loss_res: 9.026e-01,Time: 0.01
adaptive_constant_res_val: 0.928461
adaptive_constant_bc_val: 1.071539
It: 18800, Loss: 9.360e-01, Loss_bcs: 1.910e-01, Loss_res: 7.877e-01,Time: 0.01
adaptive_constant_res_val: 0.926197
adaptive_constant_bc_val: 1.073803
It: 18900, Loss: 7.643e-01, Loss_bcs: 1.740e-01, Loss_res: 6.234e-01,Time: 0.01
adaptive_constant_res_val: 0.903216
adaptive_constant_bc_val: 1.096784
It: 19000, Loss: 8.572e-01, Loss_bcs: 2.031e-01, Loss_res: 7.024e-01,Time: 0.01
adaptive_constant_res_val: 0.897761
adaptive_constant_bc_val: 1.102239
It: 19100, Loss: 6.811e-01, Loss_bcs: 1.636e-01, Loss_res: 5.578e-01,Time: 0.01
adaptive_constant_res_val: 0.907736
adaptive_constant_bc_val: 1.092264
It: 19200, Loss: 6.907e-01, Loss_bcs: 1.322e-01, Loss_res: 6.018e-01,Time: 0.01
adaptive_constant_res_val: 0.918799
adaptive_constant_bc_val: 1.081201
It: 19300, Loss: 5.950e-01, Loss_bcs: 1.633e-01, Loss_res: 4.554e-01,Time: 0.02
adaptive_constant_res_val: 0.907717
adaptive_constant_bc_val: 1.092283
It: 19400, Loss: 7.036e-01, Loss_bcs: 1.481e-01, Loss_res: 5.969e-01,Time: 0.01
adaptive_constant_res_val: 0.925730
adaptive_constant_bc_val: 1.074270
It: 19500, Loss: 1.002e+00, Loss_bcs: 1.999e-01, Loss_res: 8.507e-01,Time: 0.01
adaptive_constant_res_val: 0.946647
adaptive_constant_bc_val: 1.053353
It: 19600, Loss: 6.976e-01, Loss_bcs: 1.679e-01, Loss_res: 5.500e-01,Time: 0.01
adaptive_constant_res_val: 0.935411
adaptive_constant_bc_val: 1.064589
It: 19700, Loss: 9.072e-01, Loss_bcs: 1.559e-01, Loss_res: 7.924e-01,Time: 0.01
adaptive_constant_res_val: 0.961577
adaptive_constant_bc_val: 1.038423
It: 19800, Loss: 9.296e-01, Loss_bcs: 1.923e-01, Loss_res: 7.591e-01,Time: 0.01
adaptive_constant_res_val: 0.945741
adaptive_constant_bc_val: 1.054259
It: 19900, Loss: 5.892e-01, Loss_bcs: 1.750e-01, Loss_res: 4.279e-01,Time: 0.01
adaptive_constant_res_val: 0.920405
adaptive_constant_bc_val: 1.079595
It: 20000, Loss: 6.317e-01, Loss_bcs: 1.511e-01, Loss_res: 5.091e-01,Time: 0.01
adaptive_constant_res_val: 0.913514
adaptive_constant_bc_val: 1.086486
It: 20100, Loss: 6.296e-01, Loss_bcs: 1.753e-01, Loss_res: 4.808e-01,Time: 0.01
adaptive_constant_res_val: 0.912258
adaptive_constant_bc_val: 1.087742
It: 20200, Loss: 8.577e-01, Loss_bcs: 1.739e-01, Loss_res: 7.329e-01,Time: 0.01
adaptive_constant_res_val: 0.954902
adaptive_constant_bc_val: 1.045098
It: 20300, Loss: 6.756e-01, Loss_bcs: 1.701e-01, Loss_res: 5.214e-01,Time: 0.01
adaptive_constant_res_val: 0.931298
adaptive_constant_bc_val: 1.068702
It: 20400, Loss: 6.907e-01, Loss_bcs: 1.575e-01, Loss_res: 5.610e-01,Time: 0.01
adaptive_constant_res_val: 0.914209
adaptive_constant_bc_val: 1.085791
It: 20500, Loss: 7.298e-01, Loss_bcs: 1.525e-01, Loss_res: 6.172e-01,Time: 0.01
adaptive_constant_res_val: 0.928339
adaptive_constant_bc_val: 1.071661
It: 20600, Loss: 7.760e-01, Loss_bcs: 1.750e-01, Loss_res: 6.338e-01,Time: 0.01
adaptive_constant_res_val: 0.943062
adaptive_constant_bc_val: 1.056938
It: 20700, Loss: 7.513e-01, Loss_bcs: 1.715e-01, Loss_res: 6.045e-01,Time: 0.01
adaptive_constant_res_val: 0.930437
adaptive_constant_bc_val: 1.069563
It: 20800, Loss: 6.219e-01, Loss_bcs: 1.342e-01, Loss_res: 5.141e-01,Time: 0.01
adaptive_constant_res_val: 0.933001
adaptive_constant_bc_val: 1.066999
It: 20900, Loss: 6.580e-01, Loss_bcs: 1.712e-01, Loss_res: 5.095e-01,Time: 0.01
adaptive_constant_res_val: 0.925186
adaptive_constant_bc_val: 1.074814
It: 21000, Loss: 7.435e-01, Loss_bcs: 1.445e-01, Loss_res: 6.357e-01,Time: 0.01
adaptive_constant_res_val: 0.916277
adaptive_constant_bc_val: 1.083723
It: 21100, Loss: 6.972e-01, Loss_bcs: 1.674e-01, Loss_res: 5.630e-01,Time: 0.01
adaptive_constant_res_val: 0.912373
adaptive_constant_bc_val: 1.087627
It: 21200, Loss: 6.422e-01, Loss_bcs: 1.642e-01, Loss_res: 5.082e-01,Time: 0.02
adaptive_constant_res_val: 0.919246
adaptive_constant_bc_val: 1.080754
It: 21300, Loss: 4.864e-01, Loss_bcs: 1.522e-01, Loss_res: 3.502e-01,Time: 0.01
adaptive_constant_res_val: 0.893894
adaptive_constant_bc_val: 1.106106
It: 21400, Loss: 7.392e-01, Loss_bcs: 1.646e-01, Loss_res: 6.233e-01,Time: 0.02
adaptive_constant_res_val: 0.894975
adaptive_constant_bc_val: 1.105025
It: 21500, Loss: 5.128e-01, Loss_bcs: 1.529e-01, Loss_res: 3.843e-01,Time: 0.01
adaptive_constant_res_val: 0.894193
adaptive_constant_bc_val: 1.105807
It: 21600, Loss: 7.710e-01, Loss_bcs: 1.779e-01, Loss_res: 6.421e-01,Time: 0.04
adaptive_constant_res_val: 0.887937
adaptive_constant_bc_val: 1.112063
It: 21700, Loss: 8.672e-01, Loss_bcs: 1.553e-01, Loss_res: 7.822e-01,Time: 0.01
adaptive_constant_res_val: 0.906777
adaptive_constant_bc_val: 1.093223
It: 21800, Loss: 6.490e-01, Loss_bcs: 1.499e-01, Loss_res: 5.350e-01,Time: 0.02
adaptive_constant_res_val: 0.897812
adaptive_constant_bc_val: 1.102188
It: 21900, Loss: 6.142e-01, Loss_bcs: 1.429e-01, Loss_res: 5.086e-01,Time: 0.01
adaptive_constant_res_val: 0.894127
adaptive_constant_bc_val: 1.105873
It: 22000, Loss: 7.211e-01, Loss_bcs: 1.391e-01, Loss_res: 6.344e-01,Time: 0.02
adaptive_constant_res_val: 0.949564
adaptive_constant_bc_val: 1.050436
It: 22100, Loss: 6.191e-01, Loss_bcs: 1.533e-01, Loss_res: 4.825e-01,Time: 0.01
adaptive_constant_res_val: 0.947776
adaptive_constant_bc_val: 1.052224
It: 22200, Loss: 5.912e-01, Loss_bcs: 1.522e-01, Loss_res: 4.549e-01,Time: 0.01
adaptive_constant_res_val: 0.921598
adaptive_constant_bc_val: 1.078402
It: 22300, Loss: 6.585e-01, Loss_bcs: 1.581e-01, Loss_res: 5.295e-01,Time: 0.01
adaptive_constant_res_val: 0.926275
adaptive_constant_bc_val: 1.073725
It: 22400, Loss: 7.494e-01, Loss_bcs: 1.666e-01, Loss_res: 6.158e-01,Time: 0.01
adaptive_constant_res_val: 0.929621
adaptive_constant_bc_val: 1.070379
It: 22500, Loss: 5.764e-01, Loss_bcs: 1.672e-01, Loss_res: 4.275e-01,Time: 0.01
adaptive_constant_res_val: 0.900829
adaptive_constant_bc_val: 1.099171
It: 22600, Loss: 5.346e-01, Loss_bcs: 1.804e-01, Loss_res: 3.733e-01,Time: 0.01
adaptive_constant_res_val: 0.877089
adaptive_constant_bc_val: 1.122911
It: 22700, Loss: 6.885e-01, Loss_bcs: 1.420e-01, Loss_res: 6.032e-01,Time: 0.01
adaptive_constant_res_val: 0.881086
adaptive_constant_bc_val: 1.118914
It: 22800, Loss: 6.162e-01, Loss_bcs: 1.662e-01, Loss_res: 4.883e-01,Time: 0.01
adaptive_constant_res_val: 0.869997
adaptive_constant_bc_val: 1.130003
It: 22900, Loss: 6.098e-01, Loss_bcs: 1.379e-01, Loss_res: 5.219e-01,Time: 0.01
adaptive_constant_res_val: 0.873957
adaptive_constant_bc_val: 1.126043
It: 23000, Loss: 4.675e-01, Loss_bcs: 1.331e-01, Loss_res: 3.634e-01,Time: 0.01
adaptive_constant_res_val: 0.874409
adaptive_constant_bc_val: 1.125591
It: 23100, Loss: 6.245e-01, Loss_bcs: 1.540e-01, Loss_res: 5.159e-01,Time: 0.01
adaptive_constant_res_val: 0.867069
adaptive_constant_bc_val: 1.132931
It: 23200, Loss: 5.648e-01, Loss_bcs: 1.583e-01, Loss_res: 4.445e-01,Time: 0.01
adaptive_constant_res_val: 0.860006
adaptive_constant_bc_val: 1.139994
It: 23300, Loss: 6.510e-01, Loss_bcs: 1.679e-01, Loss_res: 5.344e-01,Time: 0.01
adaptive_constant_res_val: 0.865482
adaptive_constant_bc_val: 1.134518
It: 23400, Loss: 5.766e-01, Loss_bcs: 1.542e-01, Loss_res: 4.641e-01,Time: 0.02
adaptive_constant_res_val: 0.859733
adaptive_constant_bc_val: 1.140267
It: 23500, Loss: 5.200e-01, Loss_bcs: 1.538e-01, Loss_res: 4.009e-01,Time: 0.02
adaptive_constant_res_val: 0.853832
adaptive_constant_bc_val: 1.146168
It: 23600, Loss: 5.283e-01, Loss_bcs: 1.685e-01, Loss_res: 3.925e-01,Time: 0.01
adaptive_constant_res_val: 0.843452
adaptive_constant_bc_val: 1.156548
It: 23700, Loss: 5.907e-01, Loss_bcs: 1.651e-01, Loss_res: 4.739e-01,Time: 0.01
adaptive_constant_res_val: 0.867422
adaptive_constant_bc_val: 1.132578
It: 23800, Loss: 5.947e-01, Loss_bcs: 1.618e-01, Loss_res: 4.743e-01,Time: 0.01
adaptive_constant_res_val: 0.870621
adaptive_constant_bc_val: 1.129379
It: 23900, Loss: 7.195e-01, Loss_bcs: 1.606e-01, Loss_res: 6.180e-01,Time: 0.02
adaptive_constant_res_val: 0.898059
adaptive_constant_bc_val: 1.101941
It: 24000, Loss: 5.608e-01, Loss_bcs: 1.612e-01, Loss_res: 4.266e-01,Time: 0.01
adaptive_constant_res_val: 0.882397
adaptive_constant_bc_val: 1.117603
It: 24100, Loss: 6.889e-01, Loss_bcs: 1.633e-01, Loss_res: 5.738e-01,Time: 0.01
adaptive_constant_res_val: 0.883420
adaptive_constant_bc_val: 1.116580
It: 24200, Loss: 6.427e-01, Loss_bcs: 1.370e-01, Loss_res: 5.544e-01,Time: 0.02
adaptive_constant_res_val: 0.932097
adaptive_constant_bc_val: 1.067903
It: 24300, Loss: 5.818e-01, Loss_bcs: 1.428e-01, Loss_res: 4.605e-01,Time: 0.01
adaptive_constant_res_val: 0.899478
adaptive_constant_bc_val: 1.100522
It: 24400, Loss: 5.798e-01, Loss_bcs: 1.575e-01, Loss_res: 4.519e-01,Time: 0.01
adaptive_constant_res_val: 0.880550
adaptive_constant_bc_val: 1.119450
It: 24500, Loss: 4.911e-01, Loss_bcs: 1.401e-01, Loss_res: 3.796e-01,Time: 0.01
adaptive_constant_res_val: 0.880308
adaptive_constant_bc_val: 1.119692
It: 24600, Loss: 5.998e-01, Loss_bcs: 1.605e-01, Loss_res: 4.772e-01,Time: 0.02
adaptive_constant_res_val: 0.884062
adaptive_constant_bc_val: 1.115938
It: 24700, Loss: 4.734e-01, Loss_bcs: 1.386e-01, Loss_res: 3.605e-01,Time: 0.01
adaptive_constant_res_val: 0.880290
adaptive_constant_bc_val: 1.119710
It: 24800, Loss: 5.345e-01, Loss_bcs: 1.366e-01, Loss_res: 4.334e-01,Time: 0.01
adaptive_constant_res_val: 0.877404
adaptive_constant_bc_val: 1.122596
It: 24900, Loss: 5.766e-01, Loss_bcs: 1.449e-01, Loss_res: 4.718e-01,Time: 0.01
adaptive_constant_res_val: 0.876393
adaptive_constant_bc_val: 1.123607
It: 25000, Loss: 4.613e-01, Loss_bcs: 1.425e-01, Loss_res: 3.436e-01,Time: 0.02
adaptive_constant_res_val: 0.876179
adaptive_constant_bc_val: 1.123821
It: 25100, Loss: 5.777e-01, Loss_bcs: 1.594e-01, Loss_res: 4.548e-01,Time: 0.01
adaptive_constant_res_val: 0.874248
adaptive_constant_bc_val: 1.125752
It: 25200, Loss: 6.010e-01, Loss_bcs: 1.493e-01, Loss_res: 4.951e-01,Time: 0.01
adaptive_constant_res_val: 0.893447
adaptive_constant_bc_val: 1.106553
It: 25300, Loss: 7.051e-01, Loss_bcs: 1.473e-01, Loss_res: 6.067e-01,Time: 0.01
adaptive_constant_res_val: 0.924625
adaptive_constant_bc_val: 1.075375
It: 25400, Loss: 5.323e-01, Loss_bcs: 1.352e-01, Loss_res: 4.185e-01,Time: 0.02
adaptive_constant_res_val: 0.925770
adaptive_constant_bc_val: 1.074230
It: 25500, Loss: 5.732e-01, Loss_bcs: 1.339e-01, Loss_res: 4.638e-01,Time: 0.01
adaptive_constant_res_val: 0.926971
adaptive_constant_bc_val: 1.073029
It: 25600, Loss: 5.033e-01, Loss_bcs: 1.256e-01, Loss_res: 3.976e-01,Time: 0.02
adaptive_constant_res_val: 0.927720
adaptive_constant_bc_val: 1.072280
It: 25700, Loss: 5.650e-01, Loss_bcs: 1.346e-01, Loss_res: 4.534e-01,Time: 0.01
adaptive_constant_res_val: 0.916489
adaptive_constant_bc_val: 1.083511
It: 25800, Loss: 7.443e-01, Loss_bcs: 1.408e-01, Loss_res: 6.458e-01,Time: 0.03
adaptive_constant_res_val: 0.958070
adaptive_constant_bc_val: 1.041930
It: 25900, Loss: 5.929e-01, Loss_bcs: 1.888e-01, Loss_res: 4.136e-01,Time: 0.01
adaptive_constant_res_val: 0.929690
adaptive_constant_bc_val: 1.070310
It: 26000, Loss: 8.485e-01, Loss_bcs: 1.490e-01, Loss_res: 7.412e-01,Time: 0.01
adaptive_constant_res_val: 0.965215
adaptive_constant_bc_val: 1.034785
It: 26100, Loss: 6.745e-01, Loss_bcs: 1.361e-01, Loss_res: 5.529e-01,Time: 0.02
adaptive_constant_res_val: 0.972410
adaptive_constant_bc_val: 1.027590
It: 26200, Loss: 5.804e-01, Loss_bcs: 1.580e-01, Loss_res: 4.299e-01,Time: 0.01
adaptive_constant_res_val: 0.944482
adaptive_constant_bc_val: 1.055518
It: 26300, Loss: 5.966e-01, Loss_bcs: 1.379e-01, Loss_res: 4.775e-01,Time: 0.04
adaptive_constant_res_val: 0.951127
adaptive_constant_bc_val: 1.048873
It: 26400, Loss: 5.278e-01, Loss_bcs: 1.487e-01, Loss_res: 3.909e-01,Time: 0.01
adaptive_constant_res_val: 0.916251
adaptive_constant_bc_val: 1.083749
It: 26500, Loss: 5.546e-01, Loss_bcs: 1.534e-01, Loss_res: 4.238e-01,Time: 0.01
adaptive_constant_res_val: 0.915095
adaptive_constant_bc_val: 1.084905
It: 26600, Loss: 4.842e-01, Loss_bcs: 1.667e-01, Loss_res: 3.315e-01,Time: 0.01
adaptive_constant_res_val: 0.914631
adaptive_constant_bc_val: 1.085369
It: 26700, Loss: 6.673e-01, Loss_bcs: 1.703e-01, Loss_res: 5.276e-01,Time: 0.01
adaptive_constant_res_val: 0.923069
adaptive_constant_bc_val: 1.076931
It: 26800, Loss: 7.048e-01, Loss_bcs: 1.588e-01, Loss_res: 5.783e-01,Time: 0.01
adaptive_constant_res_val: 0.918787
adaptive_constant_bc_val: 1.081213
It: 26900, Loss: 6.160e-01, Loss_bcs: 1.715e-01, Loss_res: 4.685e-01,Time: 0.01
adaptive_constant_res_val: 0.917603
adaptive_constant_bc_val: 1.082397
It: 27000, Loss: 4.054e-01, Loss_bcs: 1.410e-01, Loss_res: 2.755e-01,Time: 0.01
adaptive_constant_res_val: 0.911083
adaptive_constant_bc_val: 1.088917
It: 27100, Loss: 4.567e-01, Loss_bcs: 1.344e-01, Loss_res: 3.407e-01,Time: 0.02
adaptive_constant_res_val: 0.896336
adaptive_constant_bc_val: 1.103664
It: 27200, Loss: 5.791e-01, Loss_bcs: 1.362e-01, Loss_res: 4.784e-01,Time: 0.01
adaptive_constant_res_val: 0.898362
adaptive_constant_bc_val: 1.101638
It: 27300, Loss: 5.664e-01, Loss_bcs: 1.388e-01, Loss_res: 4.602e-01,Time: 0.01
adaptive_constant_res_val: 0.894034
adaptive_constant_bc_val: 1.105966
It: 27400, Loss: 5.334e-01, Loss_bcs: 1.562e-01, Loss_res: 4.034e-01,Time: 0.01
adaptive_constant_res_val: 0.882928
adaptive_constant_bc_val: 1.117072
It: 27500, Loss: 5.871e-01, Loss_bcs: 1.450e-01, Loss_res: 4.815e-01,Time: 0.01
adaptive_constant_res_val: 0.884086
adaptive_constant_bc_val: 1.115914
It: 27600, Loss: 4.678e-01, Loss_bcs: 1.702e-01, Loss_res: 3.143e-01,Time: 0.01
adaptive_constant_res_val: 0.869417
adaptive_constant_bc_val: 1.130583
It: 27700, Loss: 5.604e-01, Loss_bcs: 1.453e-01, Loss_res: 4.557e-01,Time: 0.01
adaptive_constant_res_val: 0.871323
adaptive_constant_bc_val: 1.128677
It: 27800, Loss: 5.284e-01, Loss_bcs: 1.590e-01, Loss_res: 4.005e-01,Time: 0.01
adaptive_constant_res_val: 0.870056
adaptive_constant_bc_val: 1.129944
It: 27900, Loss: 5.672e-01, Loss_bcs: 1.584e-01, Loss_res: 4.462e-01,Time: 0.01
adaptive_constant_res_val: 0.889328
adaptive_constant_bc_val: 1.110672
It: 28000, Loss: 5.593e-01, Loss_bcs: 1.223e-01, Loss_res: 4.762e-01,Time: 0.01
adaptive_constant_res_val: 0.893856
adaptive_constant_bc_val: 1.106144
It: 28100, Loss: 4.976e-01, Loss_bcs: 1.388e-01, Loss_res: 3.849e-01,Time: 0.01
adaptive_constant_res_val: 0.896469
adaptive_constant_bc_val: 1.103531
It: 28200, Loss: 4.673e-01, Loss_bcs: 1.270e-01, Loss_res: 3.650e-01,Time: 0.01
adaptive_constant_res_val: 0.904728
adaptive_constant_bc_val: 1.095272
It: 28300, Loss: 7.657e-01, Loss_bcs: 1.578e-01, Loss_res: 6.554e-01,Time: 0.01
adaptive_constant_res_val: 0.945947
adaptive_constant_bc_val: 1.054053
It: 28400, Loss: 4.237e-01, Loss_bcs: 1.457e-01, Loss_res: 2.855e-01,Time: 0.01
adaptive_constant_res_val: 0.916536
adaptive_constant_bc_val: 1.083464
It: 28500, Loss: 6.396e-01, Loss_bcs: 1.452e-01, Loss_res: 5.262e-01,Time: 0.01
adaptive_constant_res_val: 0.919882
adaptive_constant_bc_val: 1.080118
It: 28600, Loss: 5.103e-01, Loss_bcs: 1.250e-01, Loss_res: 4.079e-01,Time: 0.01
adaptive_constant_res_val: 0.924960
adaptive_constant_bc_val: 1.075040
It: 28700, Loss: 4.726e-01, Loss_bcs: 1.524e-01, Loss_res: 3.338e-01,Time: 0.01
adaptive_constant_res_val: 0.919607
adaptive_constant_bc_val: 1.080393
It: 28800, Loss: 5.886e-01, Loss_bcs: 1.453e-01, Loss_res: 4.694e-01,Time: 0.01
adaptive_constant_res_val: 0.918571
adaptive_constant_bc_val: 1.081429
It: 28900, Loss: 6.278e-01, Loss_bcs: 1.370e-01, Loss_res: 5.222e-01,Time: 0.01
adaptive_constant_res_val: 0.921530
adaptive_constant_bc_val: 1.078470
It: 29000, Loss: 5.885e-01, Loss_bcs: 1.424e-01, Loss_res: 4.720e-01,Time: 0.01
adaptive_constant_res_val: 0.903273
adaptive_constant_bc_val: 1.096727
It: 29100, Loss: 5.983e-01, Loss_bcs: 1.324e-01, Loss_res: 5.016e-01,Time: 0.01
adaptive_constant_res_val: 0.918236
adaptive_constant_bc_val: 1.081764
It: 29200, Loss: 6.590e-01, Loss_bcs: 1.355e-01, Loss_res: 5.580e-01,Time: 0.01
adaptive_constant_res_val: 0.931437
adaptive_constant_bc_val: 1.068563
It: 29300, Loss: 5.590e-01, Loss_bcs: 1.419e-01, Loss_res: 4.373e-01,Time: 0.01
adaptive_constant_res_val: 0.909884
adaptive_constant_bc_val: 1.090116
It: 29400, Loss: 5.185e-01, Loss_bcs: 1.319e-01, Loss_res: 4.118e-01,Time: 0.01
adaptive_constant_res_val: 0.900114
adaptive_constant_bc_val: 1.099886
It: 29500, Loss: 4.660e-01, Loss_bcs: 1.311e-01, Loss_res: 3.576e-01,Time: 0.02
adaptive_constant_res_val: 0.901480
adaptive_constant_bc_val: 1.098520
It: 29600, Loss: 5.847e-01, Loss_bcs: 1.679e-01, Loss_res: 4.440e-01,Time: 0.01
adaptive_constant_res_val: 0.879082
adaptive_constant_bc_val: 1.120918
It: 29700, Loss: 4.456e-01, Loss_bcs: 1.421e-01, Loss_res: 3.257e-01,Time: 0.01
adaptive_constant_res_val: 0.897062
adaptive_constant_bc_val: 1.102938
It: 29800, Loss: 4.942e-01, Loss_bcs: 1.280e-01, Loss_res: 3.936e-01,Time: 0.01
adaptive_constant_res_val: 0.922512
adaptive_constant_bc_val: 1.077488
It: 29900, Loss: 5.105e-01, Loss_bcs: 1.423e-01, Loss_res: 3.872e-01,Time: 0.02
adaptive_constant_res_val: 0.930580
adaptive_constant_bc_val: 1.069420
It: 30000, Loss: 6.136e-01, Loss_bcs: 1.302e-01, Loss_res: 5.098e-01,Time: 0.01
adaptive_constant_res_val: 0.955458
adaptive_constant_bc_val: 1.044542
It: 30100, Loss: 4.454e-01, Loss_bcs: 1.436e-01, Loss_res: 3.092e-01,Time: 0.02
adaptive_constant_res_val: 0.933392
adaptive_constant_bc_val: 1.066608
It: 30200, Loss: 6.067e-01, Loss_bcs: 1.389e-01, Loss_res: 4.913e-01,Time: 0.02
adaptive_constant_res_val: 0.977634
adaptive_constant_bc_val: 1.022366
It: 30300, Loss: 5.701e-01, Loss_bcs: 1.360e-01, Loss_res: 4.409e-01,Time: 0.01
adaptive_constant_res_val: 0.997215
adaptive_constant_bc_val: 1.002785
It: 30400, Loss: 5.205e-01, Loss_bcs: 1.530e-01, Loss_res: 3.681e-01,Time: 0.02
adaptive_constant_res_val: 0.983931
adaptive_constant_bc_val: 1.016069
It: 30500, Loss: 5.669e-01, Loss_bcs: 1.274e-01, Loss_res: 4.446e-01,Time: 0.01
adaptive_constant_res_val: 1.000131
adaptive_constant_bc_val: 0.999869
It: 30600, Loss: 4.581e-01, Loss_bcs: 1.325e-01, Loss_res: 3.256e-01,Time: 0.01
adaptive_constant_res_val: 0.969640
adaptive_constant_bc_val: 1.030360
It: 30700, Loss: 5.627e-01, Loss_bcs: 1.614e-01, Loss_res: 4.088e-01,Time: 0.02
adaptive_constant_res_val: 0.956834
adaptive_constant_bc_val: 1.043166
It: 30800, Loss: 5.113e-01, Loss_bcs: 1.280e-01, Loss_res: 3.948e-01,Time: 0.01
adaptive_constant_res_val: 0.940131
adaptive_constant_bc_val: 1.059869
It: 30900, Loss: 4.827e-01, Loss_bcs: 1.340e-01, Loss_res: 3.624e-01,Time: 0.02
adaptive_constant_res_val: 0.919351
adaptive_constant_bc_val: 1.080649
It: 31000, Loss: 5.257e-01, Loss_bcs: 1.413e-01, Loss_res: 4.057e-01,Time: 0.01
adaptive_constant_res_val: 0.916431
adaptive_constant_bc_val: 1.083569
It: 31100, Loss: 4.573e-01, Loss_bcs: 1.555e-01, Loss_res: 3.152e-01,Time: 0.02
adaptive_constant_res_val: 0.917850
adaptive_constant_bc_val: 1.082150
It: 31200, Loss: 6.894e-01, Loss_bcs: 1.585e-01, Loss_res: 5.642e-01,Time: 0.01
adaptive_constant_res_val: 0.921879
adaptive_constant_bc_val: 1.078121
It: 31300, Loss: 7.436e-01, Loss_bcs: 1.632e-01, Loss_res: 6.158e-01,Time: 0.01
adaptive_constant_res_val: 0.945066
adaptive_constant_bc_val: 1.054934
It: 31400, Loss: 4.916e-01, Loss_bcs: 1.558e-01, Loss_res: 3.462e-01,Time: 0.01
adaptive_constant_res_val: 0.937683
adaptive_constant_bc_val: 1.062317
It: 31500, Loss: 4.194e-01, Loss_bcs: 1.424e-01, Loss_res: 2.859e-01,Time: 0.01
adaptive_constant_res_val: 0.914696
adaptive_constant_bc_val: 1.085304
It: 31600, Loss: 4.409e-01, Loss_bcs: 1.367e-01, Loss_res: 3.198e-01,Time: 0.01
adaptive_constant_res_val: 0.909758
adaptive_constant_bc_val: 1.090242
It: 31700, Loss: 4.263e-01, Loss_bcs: 1.245e-01, Loss_res: 3.193e-01,Time: 0.02
adaptive_constant_res_val: 0.901284
adaptive_constant_bc_val: 1.098716
It: 31800, Loss: 5.005e-01, Loss_bcs: 1.325e-01, Loss_res: 3.938e-01,Time: 0.01
adaptive_constant_res_val: 0.924248
adaptive_constant_bc_val: 1.075752
It: 31900, Loss: 4.719e-01, Loss_bcs: 1.464e-01, Loss_res: 3.402e-01,Time: 0.01
adaptive_constant_res_val: 0.891065
adaptive_constant_bc_val: 1.108935
It: 32000, Loss: 4.937e-01, Loss_bcs: 1.226e-01, Loss_res: 4.014e-01,Time: 0.01
adaptive_constant_res_val: 0.907464
adaptive_constant_bc_val: 1.092536
It: 32100, Loss: 5.441e-01, Loss_bcs: 1.549e-01, Loss_res: 4.131e-01,Time: 0.02
adaptive_constant_res_val: 0.924983
adaptive_constant_bc_val: 1.075017
It: 32200, Loss: 5.644e-01, Loss_bcs: 1.772e-01, Loss_res: 4.042e-01,Time: 0.02
adaptive_constant_res_val: 0.910385
adaptive_constant_bc_val: 1.089615
It: 32300, Loss: 4.287e-01, Loss_bcs: 1.567e-01, Loss_res: 2.833e-01,Time: 0.02
adaptive_constant_res_val: 0.906873
adaptive_constant_bc_val: 1.093127
It: 32400, Loss: 4.064e-01, Loss_bcs: 1.383e-01, Loss_res: 2.814e-01,Time: 0.01
adaptive_constant_res_val: 0.901663
adaptive_constant_bc_val: 1.098337
It: 32500, Loss: 4.163e-01, Loss_bcs: 1.347e-01, Loss_res: 2.976e-01,Time: 0.01
adaptive_constant_res_val: 0.889508
adaptive_constant_bc_val: 1.110492
It: 32600, Loss: 6.164e-01, Loss_bcs: 1.399e-01, Loss_res: 5.183e-01,Time: 0.01
adaptive_constant_res_val: 0.892356
adaptive_constant_bc_val: 1.107644
It: 32700, Loss: 4.637e-01, Loss_bcs: 1.327e-01, Loss_res: 3.550e-01,Time: 0.01
adaptive_constant_res_val: 0.927344
adaptive_constant_bc_val: 1.072656
It: 32800, Loss: 5.416e-01, Loss_bcs: 1.456e-01, Loss_res: 4.156e-01,Time: 0.03
adaptive_constant_res_val: 0.933062
adaptive_constant_bc_val: 1.066938
It: 32900, Loss: 4.628e-01, Loss_bcs: 1.281e-01, Loss_res: 3.495e-01,Time: 0.01
adaptive_constant_res_val: 0.933576
adaptive_constant_bc_val: 1.066424
It: 33000, Loss: 4.952e-01, Loss_bcs: 1.362e-01, Loss_res: 3.748e-01,Time: 0.01
adaptive_constant_res_val: 0.926540
adaptive_constant_bc_val: 1.073460
It: 33100, Loss: 5.190e-01, Loss_bcs: 1.419e-01, Loss_res: 3.958e-01,Time: 0.05
adaptive_constant_res_val: 0.961178
adaptive_constant_bc_val: 1.038822
It: 33200, Loss: 6.144e-01, Loss_bcs: 1.341e-01, Loss_res: 4.944e-01,Time: 0.01
adaptive_constant_res_val: 0.974826
adaptive_constant_bc_val: 1.025174
It: 33300, Loss: 5.304e-01, Loss_bcs: 1.333e-01, Loss_res: 4.040e-01,Time: 0.02
adaptive_constant_res_val: 0.983011
adaptive_constant_bc_val: 1.016989
It: 33400, Loss: 4.870e-01, Loss_bcs: 1.261e-01, Loss_res: 3.649e-01,Time: 0.01
adaptive_constant_res_val: 0.974038
adaptive_constant_bc_val: 1.025962
It: 33500, Loss: 5.498e-01, Loss_bcs: 1.491e-01, Loss_res: 4.074e-01,Time: 0.02
adaptive_constant_res_val: 0.963025
adaptive_constant_bc_val: 1.036975
It: 33600, Loss: 4.465e-01, Loss_bcs: 1.281e-01, Loss_res: 3.258e-01,Time: 0.01
adaptive_constant_res_val: 0.929803
adaptive_constant_bc_val: 1.070197
It: 33700, Loss: 4.570e-01, Loss_bcs: 1.512e-01, Loss_res: 3.175e-01,Time: 0.01
adaptive_constant_res_val: 0.908163
adaptive_constant_bc_val: 1.091837
It: 33800, Loss: 6.822e-01, Loss_bcs: 1.338e-01, Loss_res: 5.903e-01,Time: 0.01
adaptive_constant_res_val: 0.949075
adaptive_constant_bc_val: 1.050925
It: 33900, Loss: 5.135e-01, Loss_bcs: 1.463e-01, Loss_res: 3.791e-01,Time: 0.01
adaptive_constant_res_val: 0.946417
adaptive_constant_bc_val: 1.053583
It: 34000, Loss: 8.484e-01, Loss_bcs: 1.471e-01, Loss_res: 7.327e-01,Time: 0.01
adaptive_constant_res_val: 0.951709
adaptive_constant_bc_val: 1.048291
It: 34100, Loss: 4.824e-01, Loss_bcs: 1.503e-01, Loss_res: 3.413e-01,Time: 0.01
adaptive_constant_res_val: 0.960836
adaptive_constant_bc_val: 1.039164
It: 34200, Loss: 5.320e-01, Loss_bcs: 1.258e-01, Loss_res: 4.176e-01,Time: 0.01
adaptive_constant_res_val: 0.966894
adaptive_constant_bc_val: 1.033106
It: 34300, Loss: 5.064e-01, Loss_bcs: 1.214e-01, Loss_res: 3.941e-01,Time: 0.01
adaptive_constant_res_val: 0.971794
adaptive_constant_bc_val: 1.028206
It: 34400, Loss: 4.473e-01, Loss_bcs: 1.166e-01, Loss_res: 3.369e-01,Time: 0.02
adaptive_constant_res_val: 0.962652
adaptive_constant_bc_val: 1.037348
It: 34500, Loss: 4.424e-01, Loss_bcs: 1.262e-01, Loss_res: 3.236e-01,Time: 0.01
adaptive_constant_res_val: 0.943063
adaptive_constant_bc_val: 1.056937
It: 34600, Loss: 6.247e-01, Loss_bcs: 1.260e-01, Loss_res: 5.212e-01,Time: 0.01
adaptive_constant_res_val: 0.978422
adaptive_constant_bc_val: 1.021578
It: 34700, Loss: 4.491e-01, Loss_bcs: 1.283e-01, Loss_res: 3.251e-01,Time: 0.02
adaptive_constant_res_val: 0.965653
adaptive_constant_bc_val: 1.034347
It: 34800, Loss: 5.276e-01, Loss_bcs: 1.165e-01, Loss_res: 4.216e-01,Time: 0.01
adaptive_constant_res_val: 0.998494
adaptive_constant_bc_val: 1.001506
It: 34900, Loss: 4.620e-01, Loss_bcs: 1.430e-01, Loss_res: 3.193e-01,Time: 0.01
adaptive_constant_res_val: 0.978997
adaptive_constant_bc_val: 1.021003
It: 35000, Loss: 5.545e-01, Loss_bcs: 1.407e-01, Loss_res: 4.196e-01,Time: 0.02
adaptive_constant_res_val: 0.992810
adaptive_constant_bc_val: 1.007190
It: 35100, Loss: 5.083e-01, Loss_bcs: 1.246e-01, Loss_res: 3.856e-01,Time: 0.01
adaptive_constant_res_val: 0.996273
adaptive_constant_bc_val: 1.003727
It: 35200, Loss: 4.667e-01, Loss_bcs: 1.663e-01, Loss_res: 3.009e-01,Time: 0.02
adaptive_constant_res_val: 0.986186
adaptive_constant_bc_val: 1.013814
It: 35300, Loss: 5.520e-01, Loss_bcs: 1.294e-01, Loss_res: 4.267e-01,Time: 0.01
adaptive_constant_res_val: 0.994090
adaptive_constant_bc_val: 1.005910
It: 35400, Loss: 4.667e-01, Loss_bcs: 1.299e-01, Loss_res: 3.380e-01,Time: 0.01
adaptive_constant_res_val: 1.003661
adaptive_constant_bc_val: 0.996339
It: 35500, Loss: 7.171e-01, Loss_bcs: 1.478e-01, Loss_res: 5.678e-01,Time: 0.01
adaptive_constant_res_val: 1.021416
adaptive_constant_bc_val: 0.978584
It: 35600, Loss: 5.990e-01, Loss_bcs: 1.266e-01, Loss_res: 4.652e-01,Time: 0.01
adaptive_constant_res_val: 1.050404
adaptive_constant_bc_val: 0.949596
It: 35700, Loss: 6.357e-01, Loss_bcs: 1.297e-01, Loss_res: 4.880e-01,Time: 0.01
adaptive_constant_res_val: 1.043576
adaptive_constant_bc_val: 0.956424
It: 35800, Loss: 6.364e-01, Loss_bcs: 1.384e-01, Loss_res: 4.830e-01,Time: 0.01
adaptive_constant_res_val: 1.064211
adaptive_constant_bc_val: 0.935789
It: 35900, Loss: 5.811e-01, Loss_bcs: 1.405e-01, Loss_res: 4.224e-01,Time: 0.01
adaptive_constant_res_val: 1.055029
adaptive_constant_bc_val: 0.944971
It: 36000, Loss: 4.977e-01, Loss_bcs: 1.422e-01, Loss_res: 3.443e-01,Time: 0.01
adaptive_constant_res_val: 1.041129
adaptive_constant_bc_val: 0.958871
It: 36100, Loss: 4.489e-01, Loss_bcs: 1.406e-01, Loss_res: 3.017e-01,Time: 0.01
adaptive_constant_res_val: 1.003426
adaptive_constant_bc_val: 0.996574
It: 36200, Loss: 5.597e-01, Loss_bcs: 1.387e-01, Loss_res: 4.201e-01,Time: 0.01
adaptive_constant_res_val: 0.981664
adaptive_constant_bc_val: 1.018336
It: 36300, Loss: 4.353e-01, Loss_bcs: 1.134e-01, Loss_res: 3.257e-01,Time: 0.01
adaptive_constant_res_val: 0.969438
adaptive_constant_bc_val: 1.030562
It: 36400, Loss: 5.788e-01, Loss_bcs: 1.588e-01, Loss_res: 4.282e-01,Time: 0.02
adaptive_constant_res_val: 0.961182
adaptive_constant_bc_val: 1.038818
It: 36500, Loss: 5.670e-01, Loss_bcs: 1.450e-01, Loss_res: 4.332e-01,Time: 0.01
adaptive_constant_res_val: 0.955808
adaptive_constant_bc_val: 1.044192
It: 36600, Loss: 5.167e-01, Loss_bcs: 1.303e-01, Loss_res: 3.982e-01,Time: 0.01
adaptive_constant_res_val: 0.998865
adaptive_constant_bc_val: 1.001135
It: 36700, Loss: 5.608e-01, Loss_bcs: 1.307e-01, Loss_res: 4.305e-01,Time: 0.01
adaptive_constant_res_val: 1.007269
adaptive_constant_bc_val: 0.992731
It: 36800, Loss: 3.890e-01, Loss_bcs: 1.091e-01, Loss_res: 2.787e-01,Time: 0.01
adaptive_constant_res_val: 0.996688
adaptive_constant_bc_val: 1.003312
It: 36900, Loss: 4.164e-01, Loss_bcs: 1.462e-01, Loss_res: 2.706e-01,Time: 0.01
adaptive_constant_res_val: 0.975063
adaptive_constant_bc_val: 1.024937
It: 37000, Loss: 5.190e-01, Loss_bcs: 1.544e-01, Loss_res: 3.700e-01,Time: 0.01
adaptive_constant_res_val: 0.967557
adaptive_constant_bc_val: 1.032443
It: 37100, Loss: 5.159e-01, Loss_bcs: 1.407e-01, Loss_res: 3.830e-01,Time: 0.01
adaptive_constant_res_val: 0.936508
adaptive_constant_bc_val: 1.063492
It: 37200, Loss: 4.514e-01, Loss_bcs: 1.378e-01, Loss_res: 3.254e-01,Time: 0.01
adaptive_constant_res_val: 0.953431
adaptive_constant_bc_val: 1.046569
It: 37300, Loss: 4.828e-01, Loss_bcs: 1.172e-01, Loss_res: 3.777e-01,Time: 0.01
adaptive_constant_res_val: 0.958580
adaptive_constant_bc_val: 1.041420
It: 37400, Loss: 4.813e-01, Loss_bcs: 1.358e-01, Loss_res: 3.546e-01,Time: 0.01
adaptive_constant_res_val: 0.957545
adaptive_constant_bc_val: 1.042455
It: 37500, Loss: 4.155e-01, Loss_bcs: 1.355e-01, Loss_res: 2.865e-01,Time: 0.01
adaptive_constant_res_val: 0.945178
adaptive_constant_bc_val: 1.054822
It: 37600, Loss: 4.228e-01, Loss_bcs: 1.382e-01, Loss_res: 2.930e-01,Time: 0.01
adaptive_constant_res_val: 0.928435
adaptive_constant_bc_val: 1.071565
It: 37700, Loss: 5.303e-01, Loss_bcs: 1.459e-01, Loss_res: 4.027e-01,Time: 0.01
adaptive_constant_res_val: 0.903289
adaptive_constant_bc_val: 1.096711
It: 37800, Loss: 3.928e-01, Loss_bcs: 1.359e-01, Loss_res: 2.698e-01,Time: 0.01
adaptive_constant_res_val: 0.895933
adaptive_constant_bc_val: 1.104067
It: 37900, Loss: 4.395e-01, Loss_bcs: 1.302e-01, Loss_res: 3.302e-01,Time: 0.01
adaptive_constant_res_val: 0.884291
adaptive_constant_bc_val: 1.115709
It: 38000, Loss: 4.490e-01, Loss_bcs: 1.359e-01, Loss_res: 3.363e-01,Time: 0.01
adaptive_constant_res_val: 0.873988
adaptive_constant_bc_val: 1.126012
It: 38100, Loss: 4.599e-01, Loss_bcs: 1.205e-01, Loss_res: 3.710e-01,Time: 0.02
adaptive_constant_res_val: 0.892186
adaptive_constant_bc_val: 1.107814
It: 38200, Loss: 5.252e-01, Loss_bcs: 1.364e-01, Loss_res: 4.193e-01,Time: 0.01
adaptive_constant_res_val: 0.891432
adaptive_constant_bc_val: 1.108568
It: 38300, Loss: 5.320e-01, Loss_bcs: 1.307e-01, Loss_res: 4.343e-01,Time: 0.01
adaptive_constant_res_val: 0.914321
adaptive_constant_bc_val: 1.085679
It: 38400, Loss: 4.419e-01, Loss_bcs: 1.286e-01, Loss_res: 3.306e-01,Time: 0.01
adaptive_constant_res_val: 0.896125
adaptive_constant_bc_val: 1.103875
It: 38500, Loss: 4.827e-01, Loss_bcs: 1.426e-01, Loss_res: 3.631e-01,Time: 0.01
adaptive_constant_res_val: 0.897991
adaptive_constant_bc_val: 1.102009
It: 38600, Loss: 6.003e-01, Loss_bcs: 1.259e-01, Loss_res: 5.140e-01,Time: 0.02
adaptive_constant_res_val: 0.909193
adaptive_constant_bc_val: 1.090807
It: 38700, Loss: 4.134e-01, Loss_bcs: 1.328e-01, Loss_res: 2.953e-01,Time: 0.01
adaptive_constant_res_val: 0.912343
adaptive_constant_bc_val: 1.087657
It: 38800, Loss: 4.622e-01, Loss_bcs: 1.462e-01, Loss_res: 3.323e-01,Time: 0.01
adaptive_constant_res_val: 0.910711
adaptive_constant_bc_val: 1.089289
It: 38900, Loss: 5.184e-01, Loss_bcs: 1.302e-01, Loss_res: 4.135e-01,Time: 0.01
adaptive_constant_res_val: 0.929472
adaptive_constant_bc_val: 1.070528
It: 39000, Loss: 4.464e-01, Loss_bcs: 1.415e-01, Loss_res: 3.173e-01,Time: 0.02
adaptive_constant_res_val: 0.902167
adaptive_constant_bc_val: 1.097833
It: 39100, Loss: 4.234e-01, Loss_bcs: 1.482e-01, Loss_res: 2.889e-01,Time: 0.01
adaptive_constant_res_val: 0.882496
adaptive_constant_bc_val: 1.117504
It: 39200, Loss: 4.878e-01, Loss_bcs: 1.473e-01, Loss_res: 3.662e-01,Time: 0.01
adaptive_constant_res_val: 0.886709
adaptive_constant_bc_val: 1.113291
It: 39300, Loss: 4.471e-01, Loss_bcs: 1.437e-01, Loss_res: 3.237e-01,Time: 0.02
adaptive_constant_res_val: 0.897710
adaptive_constant_bc_val: 1.102290
It: 39400, Loss: 4.638e-01, Loss_bcs: 1.412e-01, Loss_res: 3.433e-01,Time: 0.01
adaptive_constant_res_val: 0.894383
adaptive_constant_bc_val: 1.105617
It: 39500, Loss: 4.187e-01, Loss_bcs: 1.347e-01, Loss_res: 3.016e-01,Time: 0.01
adaptive_constant_res_val: 0.892151
adaptive_constant_bc_val: 1.107849
It: 39600, Loss: 4.575e-01, Loss_bcs: 1.453e-01, Loss_res: 3.324e-01,Time: 0.01
adaptive_constant_res_val: 0.938045
adaptive_constant_bc_val: 1.061955
It: 39700, Loss: 4.466e-01, Loss_bcs: 1.413e-01, Loss_res: 3.161e-01,Time: 0.02
adaptive_constant_res_val: 0.915589
adaptive_constant_bc_val: 1.084411
It: 39800, Loss: 4.352e-01, Loss_bcs: 1.181e-01, Loss_res: 3.355e-01,Time: 0.01
adaptive_constant_res_val: 0.922384
adaptive_constant_bc_val: 1.077616
It: 39900, Loss: 4.133e-01, Loss_bcs: 1.210e-01, Loss_res: 3.068e-01,Time: 0.01
adaptive_constant_res_val: 0.926884
adaptive_constant_bc_val: 1.073116
Gradients information stored ...
It: 40000, Loss: 4.065e-01, Loss_bcs: 1.469e-01, Loss_res: 2.685e-01,Time: 1.52
adaptive_constant_res_val: 0.910706
adaptive_constant_bc_val: 1.089294
Relative L2 error_u: 1.68e-01
Relative L2 error_f: 8.42e-03
