Using mode: M1
neural network: [2, 50, 50, 50, 50, 50, 1]
Batch size : 128
Activation function: tanh
number of iterations: 40001
starter_learning_rate: 1.0000e-03
Method desciption : gradual learing rate , M1, with  mini_batch batch. 
File directory: /home/vlq26735/code/PhD/GradientPathologiesPINNs/checkpoints/Klein_Gordon/Feb-29-2024_12-28-24-439167_M1
It: 0| Loss: 1.217e+04| Loss_bcs: 4.881e+00| loss_ic_ut: 1.942e+00| Loss_res: 1.216e+04|Time: 102.77
mean_grad_res: 3.840e+02
mean_grad_bcs: 7.423e-01
mean_grad_ic_ut: 4.761e-01
Gradients information stored ...
It: 100| Loss: 1.035e+03| Loss_bcs: 3.191e+01| loss_ic_ut: 1.557e+00| Loss_res: 1.002e+03|Time: 337.05
Gradients information stored ...
It: 200| Loss: 4.828e+02| Loss_bcs: 4.036e+01| loss_ic_ut: 1.343e+01| Loss_res: 4.290e+02|Time: 122.12
It: 300| Loss: 2.375e+02| Loss_bcs: 4.029e+01| loss_ic_ut: 1.292e+01| Loss_res: 1.843e+02|Time: 109.48
It: 400| Loss: 1.379e+02| Loss_bcs: 4.105e+01| loss_ic_ut: 1.096e+01| Loss_res: 8.585e+01|Time: 109.72
It: 500| Loss: 1.029e+02| Loss_bcs: 4.295e+01| loss_ic_ut: 7.942e+00| Loss_res: 5.202e+01|Time: 109.58
Relative L2 error_u: 7.64e+00
Relative L2 error_f: 7.01e-02
file directory:/home/vlq26735/code/PhD/GradientPathologiesPINNs/checkpoints/Klein_Gordon/Feb-29-2024_12-28-24-439167_M1
Save uv NN parameters successfully in %s .../home/vlq26735/code/PhD/GradientPathologiesPINNs/checkpoints/Klein_Gordon/Feb-29-2024_12-28-24-439167_M1
Final loss total loss: 8.946121e+01
Final loss loss_res: 4.340964e+01
Final loss loss_bcs: 4.026176e+01
Final loss loss_ic_u_t: 5.789807e+00
