It: 0 |  Loss: 1.770e+01 |  Loss_res: 2.806e-01 |   Loss_bcs1: 1.043e+00 | Loss_bc2s: 1.229e+00 |  loss_ics_u: 2.128e+00 |  Loss_ut_ics: 1.302e+01 |  Time: 1.82
adaptive_constant_res_val: 1.029e+00
adaptive_constant_ics_val: 1.925e+00
adaptive_constant_bcs_val: 4.825e+00
Gradients information stored ...
Gradients information stored ...
It: 1000 |  Loss: 2.283e-01 |  Loss_res: 1.017e-02 |   Loss_bcs1: 2.848e-02 | Loss_bc2s: 1.412e-02 |  loss_ics_u: 1.119e-01 |  Loss_ut_ics: 4.078e-03 |  Time: 44.48
adaptive_constant_res_val: 6.390e-01
adaptive_constant_ics_val: 5.743e+01
adaptive_constant_bcs_val: 9.581e+01
Gradients information stored ...
It: 2000 |  Loss: 1.592e+00 |  Loss_res: 1.582e-02 |   Loss_bcs1: 2.245e-02 | Loss_bc2s: 1.459e-02 |  loss_ics_u: 1.043e-01 |  Loss_ut_ics: 6.846e-03 |  Time: 39.69
adaptive_constant_res_val: 9.032e-01
adaptive_constant_ics_val: 3.765e+01
adaptive_constant_bcs_val: 3.156e+01
It: 3000 |  Loss: 1.987e+00 |  Loss_res: 6.527e-03 |   Loss_bcs1: 2.747e-02 | Loss_bc2s: 1.074e-02 |  loss_ics_u: 1.120e-01 |  Loss_ut_ics: 9.654e-04 |  Time: 35.93
adaptive_constant_res_val: 5.878e-01
adaptive_constant_ics_val: 9.624e+01
adaptive_constant_bcs_val: 1.360e+02
It: 4000 |  Loss: 3.896e+00 |  Loss_res: 5.936e-03 |   Loss_bcs1: 1.731e-02 | Loss_bc2s: 1.359e-02 |  loss_ics_u: 1.202e-01 |  Loss_ut_ics: 1.904e-03 |  Time: 36.25
adaptive_constant_res_val: 4.707e-01
adaptive_constant_ics_val: 3.503e+01
adaptive_constant_bcs_val: 4.114e+01
It: 5000 |  Loss: 3.309e+00 |  Loss_res: 1.763e-03 |   Loss_bcs1: 1.709e-02 | Loss_bc2s: 1.412e-02 |  loss_ics_u: 9.074e-02 |  Loss_ut_ics: 5.312e-04 |  Time: 37.53
adaptive_constant_res_val: 4.846e-01
adaptive_constant_ics_val: 2.398e+02
adaptive_constant_bcs_val: 4.149e+01
It: 6000 |  Loss: 3.677e+00 |  Loss_res: 1.738e-02 |   Loss_bcs1: 1.197e-02 | Loss_bc2s: 1.242e-02 |  loss_ics_u: 9.410e-02 |  Loss_ut_ics: 2.643e-04 |  Time: 35.84
adaptive_constant_res_val: 2.171e+00
adaptive_constant_ics_val: 1.081e+03
adaptive_constant_bcs_val: 2.402e+02
It: 7000 |  Loss: 7.877e+00 |  Loss_res: 1.269e-03 |   Loss_bcs1: 2.371e-02 | Loss_bc2s: 1.135e-02 |  loss_ics_u: 1.193e-01 |  Loss_ut_ics: 1.334e-03 |  Time: 34.58
adaptive_constant_res_val: 1.369e-01
adaptive_constant_ics_val: 2.005e+01
adaptive_constant_bcs_val: 1.184e+01
It: 8000 |  Loss: 6.528e+00 |  Loss_res: 2.355e-03 |   Loss_bcs1: 2.580e-02 | Loss_bc2s: 1.164e-02 |  loss_ics_u: 9.694e-02 |  Loss_ut_ics: 5.827e-04 |  Time: 36.82
adaptive_constant_res_val: 3.265e-01
adaptive_constant_ics_val: 7.582e+01
adaptive_constant_bcs_val: 1.005e+01
It: 9000 |  Loss: 6.429e+00 |  Loss_res: 7.460e-04 |   Loss_bcs1: 1.830e-02 | Loss_bc2s: 1.451e-02 |  loss_ics_u: 1.170e-01 |  Loss_ut_ics: 2.181e-04 |  Time: 37.71
adaptive_constant_res_val: 1.807e-01
adaptive_constant_ics_val: 2.953e+02
adaptive_constant_bcs_val: 1.401e+01
It: 10000 |  Loss: 5.975e+00 |  Loss_res: 4.609e-03 |   Loss_bcs1: 2.061e-02 | Loss_bc2s: 1.484e-02 |  loss_ics_u: 1.013e-01 |  Loss_ut_ics: 4.639e-04 |  Time: 35.85
adaptive_constant_res_val: 8.552e-01
adaptive_constant_ics_val: 4.269e+02
adaptive_constant_bcs_val: 2.799e+01
It: 11000 |  Loss: 5.808e+00 |  Loss_res: 5.833e-03 |   Loss_bcs1: 1.581e-02 | Loss_bc2s: 1.302e-02 |  loss_ics_u: 1.019e-01 |  Loss_ut_ics: 3.318e-04 |  Time: 37.95
adaptive_constant_res_val: 6.543e-01
adaptive_constant_ics_val: 3.592e+02
adaptive_constant_bcs_val: 1.669e+02
It: 12000 |  Loss: 5.963e+00 |  Loss_res: 7.863e-04 |   Loss_bcs1: 1.181e-02 | Loss_bc2s: 1.221e-02 |  loss_ics_u: 8.962e-02 |  Loss_ut_ics: 1.980e-04 |  Time: 38.32
adaptive_constant_res_val: 1.619e-01
adaptive_constant_ics_val: 2.514e+02
adaptive_constant_bcs_val: 2.913e+01
It: 13000 |  Loss: 6.705e+00 |  Loss_res: 6.818e-04 |   Loss_bcs1: 1.517e-02 | Loss_bc2s: 1.218e-02 |  loss_ics_u: 1.052e-01 |  Loss_ut_ics: 5.540e-04 |  Time: 39.22
adaptive_constant_res_val: 2.967e-01
adaptive_constant_ics_val: 6.381e+01
adaptive_constant_bcs_val: 1.813e+01
It: 14000 |  Loss: 5.540e+00 |  Loss_res: 3.952e-04 |   Loss_bcs1: 9.152e-03 | Loss_bc2s: 1.179e-02 |  loss_ics_u: 9.641e-02 |  Loss_ut_ics: 5.214e-04 |  Time: 37.75
adaptive_constant_res_val: 1.658e-01
adaptive_constant_ics_val: 3.890e+01
adaptive_constant_bcs_val: 5.413e+01
It: 15000 |  Loss: 5.540e+00 |  Loss_res: 1.063e-03 |   Loss_bcs1: 1.117e-02 | Loss_bc2s: 8.806e-03 |  loss_ics_u: 9.450e-02 |  Loss_ut_ics: 1.557e-04 |  Time: 37.60
adaptive_constant_res_val: 1.599e-01
adaptive_constant_ics_val: 1.197e+02
adaptive_constant_bcs_val: 4.474e+01
It: 16000 |  Loss: 6.512e+00 |  Loss_res: 8.017e-03 |   Loss_bcs1: 1.055e-02 | Loss_bc2s: 9.821e-03 |  loss_ics_u: 9.084e-02 |  Loss_ut_ics: 7.525e-04 |  Time: 36.29
adaptive_constant_res_val: 1.620e+00
adaptive_constant_ics_val: 2.639e+02
adaptive_constant_bcs_val: 8.974e+01
It: 17000 |  Loss: 6.178e+00 |  Loss_res: 1.298e-03 |   Loss_bcs1: 8.113e-03 | Loss_bc2s: 8.464e-03 |  loss_ics_u: 1.008e-01 |  Loss_ut_ics: 1.461e-04 |  Time: 36.10
adaptive_constant_res_val: 5.765e-01
adaptive_constant_ics_val: 3.552e+02
adaptive_constant_bcs_val: 9.403e+01
It: 18000 |  Loss: 6.769e+00 |  Loss_res: 1.673e-03 |   Loss_bcs1: 3.834e-03 | Loss_bc2s: 7.841e-03 |  loss_ics_u: 1.059e-01 |  Loss_ut_ics: 1.601e-04 |  Time: 38.50
adaptive_constant_res_val: 7.039e-01
adaptive_constant_ics_val: 4.226e+02
adaptive_constant_bcs_val: 3.725e+01
It: 19000 |  Loss: 5.635e+00 |  Loss_res: 1.046e-03 |   Loss_bcs1: 4.702e-03 | Loss_bc2s: 7.612e-03 |  loss_ics_u: 8.954e-02 |  Loss_ut_ics: 1.110e-04 |  Time: 36.58
adaptive_constant_res_val: 2.201e-01
adaptive_constant_ics_val: 1.620e+02
adaptive_constant_bcs_val: 5.468e+01
It: 20000 |  Loss: 5.586e+00 |  Loss_res: 8.547e-04 |   Loss_bcs1: 4.888e-03 | Loss_bc2s: 6.140e-03 |  loss_ics_u: 8.973e-02 |  Loss_ut_ics: 1.660e-04 |  Time: 38.33
adaptive_constant_res_val: 2.441e-01
adaptive_constant_ics_val: 1.865e+02
adaptive_constant_bcs_val: 2.450e+01
It: 21000 |  Loss: 5.360e+00 |  Loss_res: 3.168e-04 |   Loss_bcs1: 3.400e-03 | Loss_bc2s: 5.740e-03 |  loss_ics_u: 9.528e-02 |  Loss_ut_ics: 1.039e-04 |  Time: 36.08
adaptive_constant_res_val: 6.399e-02
adaptive_constant_ics_val: 1.117e+02
adaptive_constant_bcs_val: 1.340e+01
It: 22000 |  Loss: 4.869e+00 |  Loss_res: 3.420e-03 |   Loss_bcs1: 3.765e-03 | Loss_bc2s: 3.872e-03 |  loss_ics_u: 8.204e-02 |  Loss_ut_ics: 1.452e-04 |  Time: 37.73
adaptive_constant_res_val: 9.207e-01
adaptive_constant_ics_val: 1.359e+03
adaptive_constant_bcs_val: 5.893e+01
It: 23000 |  Loss: 5.029e+00 |  Loss_res: 5.015e-04 |   Loss_bcs1: 3.602e-03 | Loss_bc2s: 4.217e-03 |  loss_ics_u: 9.390e-02 |  Loss_ut_ics: 1.657e-04 |  Time: 34.33
adaptive_constant_res_val: 3.123e-01
adaptive_constant_ics_val: 1.286e+02
adaptive_constant_bcs_val: 2.069e+01
It: 24000 |  Loss: 4.315e+00 |  Loss_res: 2.573e-04 |   Loss_bcs1: 4.156e-03 | Loss_bc2s: 4.068e-03 |  loss_ics_u: 8.443e-02 |  Loss_ut_ics: 1.497e-04 |  Time: 38.91
adaptive_constant_res_val: 1.829e-01
adaptive_constant_ics_val: 1.449e+02
adaptive_constant_bcs_val: 7.317e+01
It: 25000 |  Loss: 5.112e+00 |  Loss_res: 1.839e-03 |   Loss_bcs1: 5.258e-03 | Loss_bc2s: 4.782e-03 |  loss_ics_u: 8.556e-02 |  Loss_ut_ics: 8.700e-05 |  Time: 34.41
adaptive_constant_res_val: 4.267e-01
adaptive_constant_ics_val: 6.784e+02
adaptive_constant_bcs_val: 8.909e+01
It: 26000 |  Loss: 5.252e+00 |  Loss_res: 2.124e-04 |   Loss_bcs1: 2.272e-03 | Loss_bc2s: 6.604e-03 |  loss_ics_u: 8.935e-02 |  Loss_ut_ics: 2.229e-04 |  Time: 34.42
adaptive_constant_res_val: 1.369e-01
adaptive_constant_ics_val: 5.777e+01
adaptive_constant_bcs_val: 7.182e+00
It: 27000 |  Loss: 4.467e+00 |  Loss_res: 1.606e-03 |   Loss_bcs1: 1.536e-03 | Loss_bc2s: 3.622e-03 |  loss_ics_u: 7.783e-02 |  Loss_ut_ics: 1.553e-04 |  Time: 36.53
adaptive_constant_res_val: 3.955e-01
adaptive_constant_ics_val: 1.701e+02
adaptive_constant_bcs_val: 2.070e+02
It: 28000 |  Loss: 6.445e+00 |  Loss_res: 1.812e-04 |   Loss_bcs1: 1.711e-03 | Loss_bc2s: 7.762e-03 |  loss_ics_u: 9.019e-02 |  Loss_ut_ics: 1.995e-04 |  Time: 34.54
adaptive_constant_res_val: 1.193e-01
adaptive_constant_ics_val: 6.695e+01
adaptive_constant_bcs_val: 7.013e+00
It: 29000 |  Loss: 5.432e+00 |  Loss_res: 2.931e-04 |   Loss_bcs1: 4.175e-03 | Loss_bc2s: 3.185e-03 |  loss_ics_u: 8.419e-02 |  Loss_ut_ics: 1.938e-04 |  Time: 37.60
adaptive_constant_res_val: 9.421e-02
adaptive_constant_ics_val: 4.301e+01
adaptive_constant_bcs_val: 4.283e+00
It: 30000 |  Loss: 5.417e+00 |  Loss_res: 3.054e-04 |   Loss_bcs1: 3.895e-03 | Loss_bc2s: 6.605e-03 |  loss_ics_u: 9.041e-02 |  Loss_ut_ics: 1.606e-04 |  Time: 37.24
adaptive_constant_res_val: 1.549e-01
adaptive_constant_ics_val: 1.092e+02
adaptive_constant_bcs_val: 2.316e+01
It: 31000 |  Loss: 4.337e+00 |  Loss_res: 6.918e-04 |   Loss_bcs1: 2.533e-03 | Loss_bc2s: 3.158e-03 |  loss_ics_u: 7.764e-02 |  Loss_ut_ics: 2.255e-04 |  Time: 36.77
adaptive_constant_res_val: 2.966e-01
adaptive_constant_ics_val: 1.532e+02
adaptive_constant_bcs_val: 2.916e+01
It: 32000 |  Loss: 3.803e+00 |  Loss_res: 4.061e-04 |   Loss_bcs1: 2.776e-03 | Loss_bc2s: 3.950e-03 |  loss_ics_u: 7.050e-02 |  Loss_ut_ics: 2.035e-04 |  Time: 35.29
adaptive_constant_res_val: 3.143e-01
adaptive_constant_ics_val: 1.726e+02
adaptive_constant_bcs_val: 5.065e+01
It: 33000 |  Loss: 4.439e+00 |  Loss_res: 3.723e-04 |   Loss_bcs1: 4.057e-03 | Loss_bc2s: 3.483e-03 |  loss_ics_u: 8.256e-02 |  Loss_ut_ics: 2.278e-04 |  Time: 35.24
adaptive_constant_res_val: 3.410e-01
adaptive_constant_ics_val: 1.600e+02
adaptive_constant_bcs_val: 8.292e+01
It: 34000 |  Loss: 4.113e+00 |  Loss_res: 2.589e-04 |   Loss_bcs1: 3.193e-03 | Loss_bc2s: 3.885e-03 |  loss_ics_u: 7.124e-02 |  Loss_ut_ics: 1.767e-04 |  Time: 34.36
adaptive_constant_res_val: 1.090e-01
adaptive_constant_ics_val: 1.110e+02
adaptive_constant_bcs_val: 1.148e+01
It: 35000 |  Loss: 3.877e+00 |  Loss_res: 4.275e-04 |   Loss_bcs1: 2.982e-03 | Loss_bc2s: 1.468e-03 |  loss_ics_u: 7.453e-02 |  Loss_ut_ics: 2.644e-04 |  Time: 35.39
adaptive_constant_res_val: 1.092e-01
adaptive_constant_ics_val: 1.173e+02
adaptive_constant_bcs_val: 4.845e+01
It: 36000 |  Loss: 4.315e+00 |  Loss_res: 3.229e-04 |   Loss_bcs1: 3.033e-03 | Loss_bc2s: 5.893e-03 |  loss_ics_u: 7.944e-02 |  Loss_ut_ics: 3.056e-04 |  Time: 31.37
adaptive_constant_res_val: 1.590e-01
adaptive_constant_ics_val: 6.169e+01
adaptive_constant_bcs_val: 1.922e+01
It: 37000 |  Loss: 4.002e+00 |  Loss_res: 2.277e-04 |   Loss_bcs1: 2.615e-03 | Loss_bc2s: 5.615e-03 |  loss_ics_u: 7.914e-02 |  Loss_ut_ics: 3.292e-04 |  Time: 45.22
adaptive_constant_res_val: 1.422e-01
adaptive_constant_ics_val: 5.798e+01
adaptive_constant_bcs_val: 1.161e+01
It: 38000 |  Loss: 3.758e+00 |  Loss_res: 3.057e-04 |   Loss_bcs1: 4.344e-03 | Loss_bc2s: 5.321e-03 |  loss_ics_u: 7.862e-02 |  Loss_ut_ics: 3.346e-04 |  Time: 74.46
adaptive_constant_res_val: 1.630e-01
adaptive_constant_ics_val: 1.737e+02
adaptive_constant_bcs_val: 7.506e+00
It: 39000 |  Loss: 3.339e+00 |  Loss_res: 1.998e-04 |   Loss_bcs1: 1.890e-03 | Loss_bc2s: 5.153e-03 |  loss_ics_u: 7.858e-02 |  Loss_ut_ics: 3.351e-04 |  Time: 84.02
adaptive_constant_res_val: 1.054e-01
adaptive_constant_ics_val: 9.774e+01
adaptive_constant_bcs_val: 7.474e+01
Gradients information stored ...
Save uv NN parameters successfully in %s ...checkpoints/Dec-19-2023_23-49-03-011019_M2
Final loss total loss: 3.677154e+00
Final loss loss_res: 8.894888e-04
Final loss loss_bc1: 3.462672e-03
Final loss loss_bc2: 3.979207e-03
Final loss loss_ics_u: 7.619391e-02
average lambda_bc5.2696e+01
average lambda_ic2.1414e+02
average lambda_res1.0
