It: 0, loss: 2.538e+01| loss_f: 2.528e-01| loss_bc1: 2.672e-02| loss_bc2: 1.800e-02| loss_bc3: 2.873e-02| loss_bc4: 1.927e-02|Time: 0.58
mean_grad_res: 0.004760
mean_grad_bcs: 0.017671
Gradients information stored ...
It: 100, loss: 2.708e+01| loss_f: 2.703e-01| loss_bc1: 1.333e-03| loss_bc2: 4.342e-03| loss_bc3: 3.496e-03| loss_bc4: 1.227e-03|Time: 0.00
mean_grad_res: 0.004190
mean_grad_bcs: 0.089890
Gradients information stored ...
It: 200, loss: 1.886e+01| loss_f: 1.874e-01| loss_bc1: 1.080e-02| loss_bc2: 3.088e-03| loss_bc3: 5.578e-03| loss_bc4: 3.826e-03|Time: 0.00
mean_grad_res: 0.003729
mean_grad_bcs: 0.160346
It: 300, loss: 2.399e+01| loss_f: 2.386e-01| loss_bc1: 5.976e-03| loss_bc2: 3.601e-03| loss_bc3: 1.051e-02| loss_bc4: 3.561e-03|Time: 0.00
mean_grad_res: 0.003534
mean_grad_bcs: 0.116052
It: 400, loss: 2.637e+01| loss_f: 2.625e-01| loss_bc1: 6.103e-03| loss_bc2: 1.771e-03| loss_bc3: 1.168e-02| loss_bc4: 3.302e-03|Time: 0.00
mean_grad_res: 0.002548
mean_grad_bcs: 0.121957
It: 500, loss: 2.570e+01| loss_f: 2.557e-01| loss_bc1: 7.621e-03| loss_bc2: 3.724e-03| loss_bc3: 1.168e-02| loss_bc4: 1.847e-03|Time: 0.00
mean_grad_res: 0.003870
mean_grad_bcs: 0.114255
It: 600, loss: 2.527e+01| loss_f: 2.514e-01| loss_bc1: 7.191e-03| loss_bc2: 3.949e-03| loss_bc3: 1.197e-02| loss_bc4: 1.633e-03|Time: 0.00
mean_grad_res: 0.005270
mean_grad_bcs: 0.107240
It: 700, loss: 2.780e+01| loss_f: 2.759e-01| loss_bc1: 7.824e-03| loss_bc2: 9.732e-03| loss_bc3: 1.836e-02| loss_bc4: 3.742e-03|Time: 0.00
mean_grad_res: 0.002759
mean_grad_bcs: 0.105840
It: 800, loss: 2.907e+01| loss_f: 2.882e-01| loss_bc1: 2.427e-02| loss_bc2: 1.024e-02| loss_bc3: 4.700e-03| loss_bc4: 8.577e-03|Time: 0.00
mean_grad_res: 0.011814
mean_grad_bcs: 0.179398
It: 900, loss: 2.437e+01| loss_f: 2.416e-01| loss_bc1: 2.061e-02| loss_bc2: 5.558e-03| loss_bc3: 7.353e-03| loss_bc4: 7.301e-03|Time: 0.00
mean_grad_res: 0.008720
mean_grad_bcs: 0.147238
It: 1000, loss: 2.402e+01| loss_f: 2.387e-01| loss_bc1: 8.344e-03| loss_bc2: 6.869e-04| loss_bc3: 1.599e-02| loss_bc4: 2.037e-03|Time: 0.00
mean_grad_res: 0.005124
mean_grad_bcs: 0.130717
Gradients information stored ...
It: 1100, loss: 2.704e+01| loss_f: 2.685e-01| loss_bc1: 1.234e-02| loss_bc2: 1.308e-03| loss_bc3: 1.817e-02| loss_bc4: 3.967e-03|Time: 0.00
mean_grad_res: 0.004905
mean_grad_bcs: 0.090695
It: 1200, loss: 2.563e+01| loss_f: 2.543e-01| loss_bc1: 1.302e-02| loss_bc2: 2.405e-03| loss_bc3: 1.828e-02| loss_bc4: 3.727e-03|Time: 0.00
mean_grad_res: 0.003331
mean_grad_bcs: 0.124203
It: 1300, loss: 2.346e+01| loss_f: 2.329e-01| loss_bc1: 6.420e-03| loss_bc2: 4.610e-03| loss_bc3: 2.011e-02| loss_bc4: 9.194e-04|Time: 0.00
mean_grad_res: 0.009572
mean_grad_bcs: 0.125103
It: 1400, loss: 2.704e+01| loss_f: 2.691e-01| loss_bc1: 1.272e-02| loss_bc2: 3.379e-03| loss_bc3: 6.833e-03| loss_bc4: 1.717e-03|Time: 0.00
mean_grad_res: 0.003600
mean_grad_bcs: 0.151271
It: 1500, loss: 2.142e+01| loss_f: 2.122e-01| loss_bc1: 1.305e-02| loss_bc2: 1.713e-03| loss_bc3: 2.058e-02| loss_bc4: 2.117e-03|Time: 0.00
mean_grad_res: 0.001379
mean_grad_bcs: 0.094958
It: 1600, loss: 2.454e+01| loss_f: 2.439e-01| loss_bc1: 1.278e-02| loss_bc2: 4.032e-03| loss_bc3: 1.015e-02| loss_bc4: 2.508e-03|Time: 0.00
mean_grad_res: 0.003690
mean_grad_bcs: 0.123847
It: 1700, loss: 2.352e+01| loss_f: 2.337e-01| loss_bc1: 1.615e-02| loss_bc2: 1.895e-03| loss_bc3: 1.077e-02| loss_bc4: 7.294e-04|Time: 0.00
mean_grad_res: 0.003928
mean_grad_bcs: 0.035996
It: 1800, loss: 2.256e+01| loss_f: 2.236e-01| loss_bc1: 8.397e-03| loss_bc2: 5.717e-03| loss_bc3: 2.237e-02| loss_bc4: 1.979e-03|Time: 0.00
mean_grad_res: 0.004278
mean_grad_bcs: 0.199218
It: 1900, loss: 2.368e+01| loss_f: 2.352e-01| loss_bc1: 1.670e-02| loss_bc2: 2.628e-03| loss_bc3: 1.020e-02| loss_bc4: 1.424e-03|Time: 0.00
mean_grad_res: 0.005123
mean_grad_bcs: 0.054572
It: 2000, loss: 2.523e+01| loss_f: 2.504e-01| loss_bc1: 2.095e-02| loss_bc2: 5.700e-03| loss_bc3: 6.621e-03| loss_bc4: 3.639e-03|Time: 0.00
mean_grad_res: 0.003559
mean_grad_bcs: 0.092206
It: 2100, loss: 2.284e+01| loss_f: 2.267e-01| loss_bc1: 1.706e-02| loss_bc2: 3.598e-03| loss_bc3: 1.016e-02| loss_bc4: 1.194e-03|Time: 0.00
mean_grad_res: 0.004387
mean_grad_bcs: 0.070490
It: 2200, loss: 2.055e+01| loss_f: 2.038e-01| loss_bc1: 7.256e-03| loss_bc2: 3.733e-03| loss_bc3: 2.039e-02| loss_bc4: 1.594e-03|Time: 0.00
mean_grad_res: 0.005780
mean_grad_bcs: 0.094314
It: 2300, loss: 2.806e+01| loss_f: 2.787e-01| loss_bc1: 1.993e-02| loss_bc2: 1.575e-03| loss_bc3: 1.086e-02| loss_bc4: 4.051e-03|Time: 0.00
mean_grad_res: 0.005070
mean_grad_bcs: 0.090552
It: 2400, loss: 2.651e+01| loss_f: 2.638e-01| loss_bc1: 1.414e-02| loss_bc2: 1.229e-03| loss_bc3: 1.021e-02| loss_bc4: 4.398e-04|Time: 0.00
mean_grad_res: 0.004764
mean_grad_bcs: 0.051450
It: 2500, loss: 2.742e+01| loss_f: 2.725e-01| loss_bc1: 1.463e-02| loss_bc2: 2.809e-03| loss_bc3: 1.483e-02| loss_bc4: 1.166e-03|Time: 0.00
mean_grad_res: 0.006979
mean_grad_bcs: 0.034064
It: 2600, loss: 3.014e+01| loss_f: 2.997e-01| loss_bc1: 1.273e-02| loss_bc2: 2.514e-03| loss_bc3: 1.739e-02| loss_bc4: 5.852e-04|Time: 0.00
mean_grad_res: 0.002733
mean_grad_bcs: 0.028958
It: 2700, loss: 1.907e+01| loss_f: 1.885e-01| loss_bc1: 6.305e-03| loss_bc2: 1.937e-03| loss_bc3: 2.517e-02| loss_bc4: 8.330e-03|Time: 0.00
mean_grad_res: 0.005574
mean_grad_bcs: 0.177011
It: 2800, loss: 2.775e+01| loss_f: 2.764e-01| loss_bc1: 8.563e-03| loss_bc2: 1.597e-03| loss_bc3: 1.008e-02| loss_bc4: 1.210e-03|Time: 0.00
mean_grad_res: 0.002369
mean_grad_bcs: 0.076576
It: 2900, loss: 2.454e+01| loss_f: 2.435e-01| loss_bc1: 9.863e-03| loss_bc2: 3.840e-03| loss_bc3: 2.154e-02| loss_bc4: 1.567e-03|Time: 0.01
mean_grad_res: 0.005516
mean_grad_bcs: 0.079106
It: 3000, loss: 2.331e+01| loss_f: 2.320e-01| loss_bc1: 9.146e-03| loss_bc2: 1.408e-03| loss_bc3: 9.015e-03| loss_bc4: 6.702e-04|Time: 0.00
mean_grad_res: 0.008901
mean_grad_bcs: 0.084715
It: 3100, loss: 2.476e+01| loss_f: 2.458e-01| loss_bc1: 1.113e-02| loss_bc2: 3.060e-03| loss_bc3: 1.814e-02| loss_bc4: 1.257e-03|Time: 0.00
mean_grad_res: 0.004886
mean_grad_bcs: 0.077820
It: 3200, loss: 2.125e+01| loss_f: 2.108e-01| loss_bc1: 1.702e-02| loss_bc2: 7.040e-04| loss_bc3: 1.239e-02| loss_bc4: 1.202e-03|Time: 0.00
mean_grad_res: 0.003590
mean_grad_bcs: 0.043237
It: 3300, loss: 2.452e+01| loss_f: 2.435e-01| loss_bc1: 1.611e-02| loss_bc2: 2.745e-03| loss_bc3: 1.467e-02| loss_bc4: 2.615e-04|Time: 0.00
mean_grad_res: 0.006386
mean_grad_bcs: 0.035152
It: 3400, loss: 2.287e+01| loss_f: 2.270e-01| loss_bc1: 1.539e-02| loss_bc2: 2.509e-03| loss_bc3: 1.290e-02| loss_bc4: 1.878e-03|Time: 0.00
mean_grad_res: 0.008261
mean_grad_bcs: 0.044333
It: 3500, loss: 1.998e+01| loss_f: 1.985e-01| loss_bc1: 1.175e-02| loss_bc2: 1.707e-03| loss_bc3: 1.186e-02| loss_bc4: 3.269e-04|Time: 0.00
mean_grad_res: 0.006154
mean_grad_bcs: 0.046758
It: 3600, loss: 2.317e+01| loss_f: 2.305e-01| loss_bc1: 1.223e-02| loss_bc2: 6.586e-04| loss_bc3: 1.028e-02| loss_bc4: 6.271e-04|Time: 0.00
mean_grad_res: 0.001976
mean_grad_bcs: 0.021247
It: 3700, loss: 2.547e+01| loss_f: 2.528e-01| loss_bc1: 1.488e-02| loss_bc2: 2.657e-03| loss_bc3: 1.910e-02| loss_bc4: 1.286e-03|Time: 0.00
mean_grad_res: 0.006363
mean_grad_bcs: 0.053858
It: 3800, loss: 2.443e+01| loss_f: 2.428e-01| loss_bc1: 1.610e-02| loss_bc2: 1.386e-03| loss_bc3: 1.119e-02| loss_bc4: 5.237e-04|Time: 0.00
mean_grad_res: 0.003381
mean_grad_bcs: 0.031408
It: 3900, loss: 2.100e+01| loss_f: 2.076e-01| loss_bc1: 9.424e-03| loss_bc2: 9.828e-03| loss_bc3: 2.411e-02| loss_bc4: 2.167e-03|Time: 0.00
mean_grad_res: 0.006932
mean_grad_bcs: 0.150248
It: 4000, loss: 2.664e+01| loss_f: 2.649e-01| loss_bc1: 1.148e-02| loss_bc2: 1.493e-03| loss_bc3: 1.462e-02| loss_bc4: 1.430e-04|Time: 0.00
mean_grad_res: 0.004472
mean_grad_bcs: 0.047480
It: 4100, loss: 2.179e+01| loss_f: 2.166e-01| loss_bc1: 1.445e-02| loss_bc2: 7.623e-04| loss_bc3: 8.861e-03| loss_bc4: 5.366e-04|Time: 0.00
mean_grad_res: 0.003541
mean_grad_bcs: 0.030095
It: 4200, loss: 2.270e+01| loss_f: 2.254e-01| loss_bc1: 1.099e-02| loss_bc2: 3.091e-03| loss_bc3: 1.601e-02| loss_bc4: 8.615e-04|Time: 0.00
mean_grad_res: 0.001672
mean_grad_bcs: 0.056123
It: 4300, loss: 2.387e+01| loss_f: 2.370e-01| loss_bc1: 1.856e-02| loss_bc2: 1.187e-03| loss_bc3: 1.210e-02| loss_bc4: 1.044e-03|Time: 0.00
mean_grad_res: 0.004591
mean_grad_bcs: 0.058448
It: 4400, loss: 2.322e+01| loss_f: 2.304e-01| loss_bc1: 1.001e-02| loss_bc2: 3.462e-03| loss_bc3: 2.043e-02| loss_bc4: 1.536e-03|Time: 0.00
mean_grad_res: 0.005367
mean_grad_bcs: 0.099194
It: 4500, loss: 2.630e+01| loss_f: 2.613e-01| loss_bc1: 1.481e-02| loss_bc2: 2.142e-03| loss_bc3: 1.533e-02| loss_bc4: 4.427e-04|Time: 0.00
mean_grad_res: 0.005809
mean_grad_bcs: 0.037815
It: 4600, loss: 2.746e+01| loss_f: 2.727e-01| loss_bc1: 1.287e-02| loss_bc2: 1.623e-03| loss_bc3: 2.030e-02| loss_bc4: 8.065e-04|Time: 0.00
mean_grad_res: 0.007953
mean_grad_bcs: 0.063503
It: 4700, loss: 2.625e+01| loss_f: 2.610e-01| loss_bc1: 1.094e-02| loss_bc2: 1.536e-03| loss_bc3: 1.365e-02| loss_bc4: 1.240e-03|Time: 0.00
mean_grad_res: 0.005257
mean_grad_bcs: 0.059694
It: 4800, loss: 2.568e+01| loss_f: 2.550e-01| loss_bc1: 2.239e-02| loss_bc2: 1.295e-03| loss_bc3: 9.802e-03| loss_bc4: 1.128e-03|Time: 0.00
mean_grad_res: 0.005395
mean_grad_bcs: 0.083965
It: 4900, loss: 2.632e+01| loss_f: 2.617e-01| loss_bc1: 1.412e-02| loss_bc2: 1.011e-03| loss_bc3: 1.437e-02| loss_bc4: 6.561e-04|Time: 0.00
mean_grad_res: 0.003727
mean_grad_bcs: 0.031617
It: 5000, loss: 2.435e+01| loss_f: 2.417e-01| loss_bc1: 1.369e-02| loss_bc2: 1.177e-03| loss_bc3: 1.764e-02| loss_bc4: 8.019e-04|Time: 0.00
mean_grad_res: 0.005482
mean_grad_bcs: 0.040325
It: 5100, loss: 2.378e+01| loss_f: 2.363e-01| loss_bc1: 1.307e-02| loss_bc2: 1.277e-03| loss_bc3: 1.277e-02| loss_bc4: 9.717e-04|Time: 0.00
mean_grad_res: 0.003839
mean_grad_bcs: 0.046332
It: 5200, loss: 2.415e+01| loss_f: 2.394e-01| loss_bc1: 1.658e-02| loss_bc2: 8.879e-04| loss_bc3: 2.191e-02| loss_bc4: 1.033e-03|Time: 0.00
mean_grad_res: 0.004904
mean_grad_bcs: 0.052952
It: 5300, loss: 2.315e+01| loss_f: 2.289e-01| loss_bc1: 1.945e-02| loss_bc2: 2.282e-03| loss_bc3: 2.567e-02| loss_bc4: 1.874e-03|Time: 0.00
mean_grad_res: 0.008613
mean_grad_bcs: 0.084290
It: 5400, loss: 2.370e+01| loss_f: 2.346e-01| loss_bc1: 2.335e-02| loss_bc2: 3.814e-03| loss_bc3: 1.648e-02| loss_bc4: 1.242e-03|Time: 0.00
mean_grad_res: 0.005833
mean_grad_bcs: 0.111812
It: 5500, loss: 2.458e+01| loss_f: 2.437e-01| loss_bc1: 1.315e-02| loss_bc2: 8.961e-04| loss_bc3: 2.322e-02| loss_bc4: 3.161e-03|Time: 0.00
mean_grad_res: 0.003438
mean_grad_bcs: 0.082073
It: 5600, loss: 2.440e+01| loss_f: 2.423e-01| loss_bc1: 1.828e-02| loss_bc2: 4.228e-04| loss_bc3: 1.376e-02| loss_bc4: 5.680e-04|Time: 0.00
mean_grad_res: 0.006412
mean_grad_bcs: 0.039985
It: 5700, loss: 2.709e+01| loss_f: 2.685e-01| loss_bc1: 2.049e-02| loss_bc2: 8.362e-04| loss_bc3: 2.292e-02| loss_bc4: 6.699e-04|Time: 0.00
mean_grad_res: 0.004306
mean_grad_bcs: 0.049877
It: 5800, loss: 2.587e+01| loss_f: 2.559e-01| loss_bc1: 1.800e-02| loss_bc2: 2.832e-03| loss_bc3: 3.094e-02| loss_bc4: 6.172e-04|Time: 0.01
mean_grad_res: 0.002445
mean_grad_bcs: 0.109794
It: 5900, loss: 2.395e+01| loss_f: 2.370e-01| loss_bc1: 2.032e-02| loss_bc2: 4.341e-04| loss_bc3: 2.711e-02| loss_bc4: 1.091e-03|Time: 0.00
mean_grad_res: 0.006067
mean_grad_bcs: 0.084510
It: 6000, loss: 2.290e+01| loss_f: 2.253e-01| loss_bc1: 2.968e-02| loss_bc2: 1.878e-03| loss_bc3: 3.807e-02| loss_bc4: 1.893e-03|Time: 0.00
mean_grad_res: 0.004121
mean_grad_bcs: 0.072367
It: 6100, loss: 2.233e+01| loss_f: 2.208e-01| loss_bc1: 2.739e-02| loss_bc2: 1.077e-03| loss_bc3: 1.804e-02| loss_bc4: 1.061e-03|Time: 0.00
mean_grad_res: 0.007569
mean_grad_bcs: 0.098291
It: 6200, loss: 2.295e+01| loss_f: 2.264e-01| loss_bc1: 3.560e-02| loss_bc2: 9.865e-04| loss_bc3: 2.073e-02| loss_bc4: 1.193e-03|Time: 0.00
mean_grad_res: 0.007751
mean_grad_bcs: 0.101230
It: 6300, loss: 2.468e+01| loss_f: 2.424e-01| loss_bc1: 3.497e-02| loss_bc2: 2.616e-03| loss_bc3: 4.449e-02| loss_bc4: 1.443e-03|Time: 0.00
mean_grad_res: 0.004426
mean_grad_bcs: 0.092934
It: 6400, loss: 2.046e+01| loss_f: 2.003e-01| loss_bc1: 2.688e-02| loss_bc2: 1.509e-03| loss_bc3: 5.057e-02| loss_bc4: 2.109e-03|Time: 0.00
mean_grad_res: 0.001558
mean_grad_bcs: 0.126110
It: 6500, loss: 2.500e+01| loss_f: 2.459e-01| loss_bc1: 2.645e-02| loss_bc2: 2.823e-03| loss_bc3: 4.824e-02| loss_bc4: 1.231e-03|Time: 0.00
mean_grad_res: 0.015611
mean_grad_bcs: 0.107075
It: 6600, loss: 2.299e+01| loss_f: 2.256e-01| loss_bc1: 4.804e-02| loss_bc2: 1.923e-03| loss_bc3: 2.953e-02| loss_bc4: 2.084e-03|Time: 0.00
mean_grad_res: 0.006673
mean_grad_bcs: 0.123216
It: 6700, loss: 2.455e+01| loss_f: 2.417e-01| loss_bc1: 1.929e-02| loss_bc2: 2.639e-03| loss_bc3: 4.877e-02| loss_bc4: 2.025e-03|Time: 0.00
mean_grad_res: 0.003244
mean_grad_bcs: 0.121437
It: 6800, loss: 2.199e+01| loss_f: 2.164e-01| loss_bc1: 2.765e-02| loss_bc2: 2.002e-03| loss_bc3: 3.478e-02| loss_bc4: 1.084e-03|Time: 0.00
mean_grad_res: 0.004306
mean_grad_bcs: 0.097646
It: 6900, loss: 2.794e+01| loss_f: 2.749e-01| loss_bc1: 3.482e-02| loss_bc2: 1.722e-03| loss_bc3: 4.695e-02| loss_bc4: 1.721e-03|Time: 0.00
mean_grad_res: 0.007352
mean_grad_bcs: 0.111866
It: 7000, loss: 2.229e+01| loss_f: 2.184e-01| loss_bc1: 2.992e-02| loss_bc2: 1.072e-03| loss_bc3: 5.159e-02| loss_bc4: 2.306e-03|Time: 0.00
mean_grad_res: 0.003850
mean_grad_bcs: 0.134579
It: 7100, loss: 2.662e+01| loss_f: 2.619e-01| loss_bc1: 3.237e-02| loss_bc2: 1.564e-03| loss_bc3: 4.764e-02| loss_bc4: 1.046e-03|Time: 0.00
mean_grad_res: 0.004757
mean_grad_bcs: 0.135101
It: 7200, loss: 2.226e+01| loss_f: 2.179e-01| loss_bc1: 3.128e-02| loss_bc2: 2.677e-03| loss_bc3: 5.301e-02| loss_bc4: 2.309e-03|Time: 0.00
mean_grad_res: 0.010306
mean_grad_bcs: 0.141500
It: 7300, loss: 2.260e+01| loss_f: 2.212e-01| loss_bc1: 3.361e-02| loss_bc2: 1.128e-03| loss_bc3: 5.380e-02| loss_bc4: 1.460e-03|Time: 0.00
mean_grad_res: 0.009066
mean_grad_bcs: 0.128522
It: 7400, loss: 2.717e+01| loss_f: 2.679e-01| loss_bc1: 2.576e-02| loss_bc2: 2.084e-03| loss_bc3: 4.292e-02| loss_bc4: 1.693e-03|Time: 0.00
mean_grad_res: 0.003856
mean_grad_bcs: 0.131620
It: 7500, loss: 2.552e+01| loss_f: 2.515e-01| loss_bc1: 3.296e-02| loss_bc2: 1.042e-03| loss_bc3: 3.560e-02| loss_bc4: 8.876e-04|Time: 0.00
mean_grad_res: 0.007197
mean_grad_bcs: 0.102272
It: 7600, loss: 1.988e+01| loss_f: 1.945e-01| loss_bc1: 4.245e-02| loss_bc2: 1.267e-03| loss_bc3: 3.613e-02| loss_bc4: 1.071e-03|Time: 0.00
mean_grad_res: 0.002774
mean_grad_bcs: 0.115238
It: 7700, loss: 2.368e+01| loss_f: 2.312e-01| loss_bc1: 5.584e-02| loss_bc2: 1.498e-03| loss_bc3: 4.629e-02| loss_bc4: 2.087e-03|Time: 0.00
mean_grad_res: 0.005487
mean_grad_bcs: 0.166188
It: 7800, loss: 2.393e+01| loss_f: 2.330e-01| loss_bc1: 5.065e-02| loss_bc2: 1.768e-03| loss_bc3: 6.622e-02| loss_bc4: 1.433e-03|Time: 0.00
mean_grad_res: 0.006047
mean_grad_bcs: 0.144577
It: 7900, loss: 2.479e+01| loss_f: 2.424e-01| loss_bc1: 5.350e-02| loss_bc2: 1.631e-03| loss_bc3: 4.979e-02| loss_bc4: 1.110e-03|Time: 0.00
mean_grad_res: 0.003914
mean_grad_bcs: 0.127344
It: 8000, loss: 2.338e+01| loss_f: 2.273e-01| loss_bc1: 5.211e-02| loss_bc2: 2.254e-03| loss_bc3: 6.860e-02| loss_bc4: 1.818e-03|Time: 0.00
mean_grad_res: 0.004093
mean_grad_bcs: 0.172258
It: 8100, loss: 1.922e+01| loss_f: 1.856e-01| loss_bc1: 4.436e-02| loss_bc2: 1.020e-03| loss_bc3: 7.693e-02| loss_bc4: 2.728e-03|Time: 0.00
mean_grad_res: 0.004451
mean_grad_bcs: 0.158230
It: 8200, loss: 1.909e+01| loss_f: 1.856e-01| loss_bc1: 3.805e-02| loss_bc2: 1.268e-03| loss_bc3: 5.973e-02| loss_bc4: 1.430e-03|Time: 0.00
mean_grad_res: 0.006674
mean_grad_bcs: 0.136203
It: 8300, loss: 1.992e+01| loss_f: 1.935e-01| loss_bc1: 4.489e-02| loss_bc2: 2.281e-03| loss_bc3: 6.045e-02| loss_bc4: 1.184e-03|Time: 0.00
mean_grad_res: 0.004736
mean_grad_bcs: 0.142835
It: 8400, loss: 2.348e+01| loss_f: 2.298e-01| loss_bc1: 4.905e-02| loss_bc2: 1.290e-03| loss_bc3: 4.386e-02| loss_bc4: 1.032e-03|Time: 0.00
mean_grad_res: 0.009758
mean_grad_bcs: 0.143718
It: 8500, loss: 2.022e+01| loss_f: 1.950e-01| loss_bc1: 4.159e-02| loss_bc2: 3.496e-03| loss_bc3: 9.059e-02| loss_bc4: 1.117e-03|Time: 0.00
mean_grad_res: 0.003130
mean_grad_bcs: 0.209228
It: 8600, loss: 2.260e+01| loss_f: 2.210e-01| loss_bc1: 4.264e-02| loss_bc2: 1.623e-03| loss_bc3: 4.939e-02| loss_bc4: 1.242e-03|Time: 0.00
mean_grad_res: 0.003899
mean_grad_bcs: 0.135552
It: 8700, loss: 2.544e+01| loss_f: 2.489e-01| loss_bc1: 3.631e-02| loss_bc2: 7.421e-04| loss_bc3: 6.498e-02| loss_bc4: 1.203e-03|Time: 0.00
mean_grad_res: 0.006512
mean_grad_bcs: 0.142433
It: 8800, loss: 2.426e+01| loss_f: 2.376e-01| loss_bc1: 4.544e-02| loss_bc2: 2.140e-03| loss_bc3: 4.501e-02| loss_bc4: 2.491e-03|Time: 0.00
mean_grad_res: 0.013169
mean_grad_bcs: 0.145417
It: 8900, loss: 2.343e+01| loss_f: 2.291e-01| loss_bc1: 4.874e-02| loss_bc2: 1.443e-03| loss_bc3: 4.762e-02| loss_bc4: 1.607e-03|Time: 0.00
mean_grad_res: 0.005398
mean_grad_bcs: 0.141886
It: 9000, loss: 2.168e+01| loss_f: 2.114e-01| loss_bc1: 4.209e-02| loss_bc2: 1.880e-03| loss_bc3: 5.796e-02| loss_bc4: 1.125e-03|Time: 0.00
mean_grad_res: 0.007247
mean_grad_bcs: 0.132956
It: 9100, loss: 2.308e+01| loss_f: 2.261e-01| loss_bc1: 3.499e-02| loss_bc2: 1.372e-03| loss_bc3: 5.333e-02| loss_bc4: 7.095e-04|Time: 0.00
mean_grad_res: 0.013439
mean_grad_bcs: 0.135791
It: 9200, loss: 2.607e+01| loss_f: 2.546e-01| loss_bc1: 5.439e-02| loss_bc2: 1.400e-03| loss_bc3: 5.711e-02| loss_bc4: 2.601e-03|Time: 0.00
mean_grad_res: 0.005283
mean_grad_bcs: 0.149422
It: 9300, loss: 2.353e+01| loss_f: 2.275e-01| loss_bc1: 4.221e-02| loss_bc2: 2.438e-03| loss_bc3: 1.019e-01| loss_bc4: 1.876e-03|Time: 0.00
mean_grad_res: 0.006928
mean_grad_bcs: 0.152571
It: 9400, loss: 2.338e+01| loss_f: 2.278e-01| loss_bc1: 4.129e-02| loss_bc2: 1.782e-03| loss_bc3: 6.854e-02| loss_bc4: 2.031e-03|Time: 0.00
mean_grad_res: 0.004172
mean_grad_bcs: 0.155079
It: 9500, loss: 2.383e+01| loss_f: 2.305e-01| loss_bc1: 4.405e-02| loss_bc2: 2.116e-03| loss_bc3: 9.865e-02| loss_bc4: 2.832e-03|Time: 0.00
mean_grad_res: 0.003425
mean_grad_bcs: 0.148201
It: 9600, loss: 2.282e+01| loss_f: 2.227e-01| loss_bc1: 3.639e-02| loss_bc2: 1.355e-03| loss_bc3: 6.502e-02| loss_bc4: 2.939e-03|Time: 0.00
mean_grad_res: 0.005829
mean_grad_bcs: 0.143487
It: 9700, loss: 2.071e+01| loss_f: 2.011e-01| loss_bc1: 4.425e-02| loss_bc2: 1.430e-03| loss_bc3: 6.552e-02| loss_bc4: 2.868e-03|Time: 0.00
mean_grad_res: 0.006700
mean_grad_bcs: 0.153182
It: 9800, loss: 2.388e+01| loss_f: 2.319e-01| loss_bc1: 3.769e-02| loss_bc2: 1.929e-03| loss_bc3: 8.908e-02| loss_bc4: 3.399e-03|Time: 0.00
mean_grad_res: 0.009102
mean_grad_bcs: 0.166274
It: 9900, loss: 2.640e+01| loss_f: 2.562e-01| loss_bc1: 5.681e-02| loss_bc2: 4.370e-03| loss_bc3: 8.265e-02| loss_bc4: 3.935e-03|Time: 0.00
mean_grad_res: 0.009268
mean_grad_bcs: 0.155546
It: 10000, loss: 2.085e+01| loss_f: 2.015e-01| loss_bc1: 3.892e-02| loss_bc2: 3.413e-03| loss_bc3: 8.856e-02| loss_bc4: 2.833e-03|Time: 0.00
mean_grad_res: 0.016237
mean_grad_bcs: 0.148984
It: 10100, loss: 2.495e+01| loss_f: 2.419e-01| loss_bc1: 5.274e-02| loss_bc2: 5.907e-03| loss_bc3: 8.358e-02| loss_bc4: 4.143e-03|Time: 0.00
mean_grad_res: 0.002354
mean_grad_bcs: 0.157116
It: 10200, loss: 2.252e+01| loss_f: 2.171e-01| loss_bc1: 5.290e-02| loss_bc2: 6.214e-03| loss_bc3: 9.201e-02| loss_bc4: 2.734e-03|Time: 0.00
mean_grad_res: 0.004422
mean_grad_bcs: 0.141868
It: 10300, loss: 2.212e+01| loss_f: 2.127e-01| loss_bc1: 5.110e-02| loss_bc2: 3.488e-03| loss_bc3: 1.034e-01| loss_bc4: 4.027e-03|Time: 0.00
mean_grad_res: 0.004486
mean_grad_bcs: 0.215687
It: 10400, loss: 2.103e+01| loss_f: 2.020e-01| loss_bc1: 4.420e-02| loss_bc2: 4.725e-03| loss_bc3: 1.047e-01| loss_bc4: 3.540e-03|Time: 0.00
mean_grad_res: 0.002454
mean_grad_bcs: 0.106041
It: 10500, loss: 2.220e+01| loss_f: 2.134e-01| loss_bc1: 4.795e-02| loss_bc2: 6.119e-03| loss_bc3: 1.042e-01| loss_bc4: 5.864e-03|Time: 0.00
mean_grad_res: 0.011130
mean_grad_bcs: 0.210608
It: 10600, loss: 1.923e+01| loss_f: 1.842e-01| loss_bc1: 4.590e-02| loss_bc2: 8.681e-03| loss_bc3: 9.240e-02| loss_bc4: 7.683e-03|Time: 0.00
mean_grad_res: 0.002876
mean_grad_bcs: 0.157854
It: 10700, loss: 2.510e+01| loss_f: 2.430e-01| loss_bc1: 4.397e-02| loss_bc2: 4.613e-03| loss_bc3: 9.953e-02| loss_bc4: 4.670e-03|Time: 0.00
mean_grad_res: 0.006370
mean_grad_bcs: 0.185980
It: 10800, loss: 2.589e+01| loss_f: 2.513e-01| loss_bc1: 5.249e-02| loss_bc2: 4.401e-03| loss_bc3: 8.005e-02| loss_bc4: 6.411e-03|Time: 0.00
mean_grad_res: 0.009650
mean_grad_bcs: 0.112372
It: 10900, loss: 1.916e+01| loss_f: 1.828e-01| loss_bc1: 5.163e-02| loss_bc2: 9.451e-03| loss_bc3: 9.793e-02| loss_bc4: 9.347e-03|Time: 0.00
mean_grad_res: 0.007147
mean_grad_bcs: 0.165160
It: 11000, loss: 2.429e+01| loss_f: 2.341e-01| loss_bc1: 4.417e-02| loss_bc2: 1.010e-02| loss_bc3: 1.021e-01| loss_bc4: 1.184e-02|Time: 0.00
mean_grad_res: 0.008630
mean_grad_bcs: 0.217096
It: 11100, loss: 2.460e+01| loss_f: 2.380e-01| loss_bc1: 4.821e-02| loss_bc2: 8.409e-03| loss_bc3: 8.224e-02| loss_bc4: 1.380e-02|Time: 0.00
mean_grad_res: 0.008087
mean_grad_bcs: 0.217949
It: 11200, loss: 1.888e+01| loss_f: 1.806e-01| loss_bc1: 4.722e-02| loss_bc2: 1.340e-02| loss_bc3: 7.622e-02| loss_bc4: 1.863e-02|Time: 0.01
mean_grad_res: 0.005249
mean_grad_bcs: 0.171720
It: 11300, loss: 2.104e+01| loss_f: 2.026e-01| loss_bc1: 4.401e-02| loss_bc2: 1.235e-02| loss_bc3: 7.174e-02| loss_bc4: 2.203e-02|Time: 0.00
mean_grad_res: 0.009364
mean_grad_bcs: 0.155835
It: 11400, loss: 1.789e+01| loss_f: 1.708e-01| loss_bc1: 3.921e-02| loss_bc2: 1.786e-02| loss_bc3: 7.788e-02| loss_bc4: 2.054e-02|Time: 0.00
mean_grad_res: 0.005867
mean_grad_bcs: 0.112294
It: 11500, loss: 2.248e+01| loss_f: 2.153e-01| loss_bc1: 6.667e-02| loss_bc2: 1.757e-02| loss_bc3: 7.306e-02| loss_bc4: 2.390e-02|Time: 0.00
mean_grad_res: 0.009884
mean_grad_bcs: 0.170899
It: 11600, loss: 1.816e+01| loss_f: 1.721e-01| loss_bc1: 4.974e-02| loss_bc2: 1.534e-02| loss_bc3: 9.556e-02| loss_bc4: 2.096e-02|Time: 0.00
mean_grad_res: 0.005189
mean_grad_bcs: 0.164494
It: 11700, loss: 1.830e+01| loss_f: 1.738e-01| loss_bc1: 5.002e-02| loss_bc2: 2.040e-02| loss_bc3: 8.453e-02| loss_bc4: 2.156e-02|Time: 0.00
mean_grad_res: 0.013721
mean_grad_bcs: 0.168266
It: 11800, loss: 2.041e+01| loss_f: 1.951e-01| loss_bc1: 5.326e-02| loss_bc2: 1.784e-02| loss_bc3: 7.625e-02| loss_bc4: 2.394e-02|Time: 0.00
mean_grad_res: 0.015022
mean_grad_bcs: 0.269155
It: 11900, loss: 1.743e+01| loss_f: 1.649e-01| loss_bc1: 4.055e-02| loss_bc2: 2.491e-02| loss_bc3: 8.814e-02| loss_bc4: 2.490e-02|Time: 0.00
mean_grad_res: 0.006943
mean_grad_bcs: 0.168858
It: 12000, loss: 2.118e+01| loss_f: 2.022e-01| loss_bc1: 5.788e-02| loss_bc2: 2.039e-02| loss_bc3: 8.439e-02| loss_bc4: 2.136e-02|Time: 0.00
mean_grad_res: 0.013299
mean_grad_bcs: 0.286532
It: 12100, loss: 2.051e+01| loss_f: 1.955e-01| loss_bc1: 5.569e-02| loss_bc2: 2.195e-02| loss_bc3: 7.828e-02| loss_bc4: 2.847e-02|Time: 0.00
mean_grad_res: 0.005127
mean_grad_bcs: 0.277223
It: 12200, loss: 1.951e+01| loss_f: 1.866e-01| loss_bc1: 4.123e-02| loss_bc2: 2.396e-02| loss_bc3: 7.277e-02| loss_bc4: 2.470e-02|Time: 0.00
mean_grad_res: 0.010300
mean_grad_bcs: 0.209293
It: 12300, loss: 1.528e+01| loss_f: 1.424e-01| loss_bc1: 3.626e-02| loss_bc2: 3.346e-02| loss_bc3: 9.509e-02| loss_bc4: 3.392e-02|Time: 0.00
mean_grad_res: 0.010753
mean_grad_bcs: 0.344581
It: 12400, loss: 1.297e+01| loss_f: 1.206e-01| loss_bc1: 4.646e-02| loss_bc2: 3.232e-02| loss_bc3: 6.504e-02| loss_bc4: 2.843e-02|Time: 0.00
mean_grad_res: 0.007165
mean_grad_bcs: 0.251261
It: 12500, loss: 1.675e+01| loss_f: 1.597e-01| loss_bc1: 3.237e-02| loss_bc2: 2.225e-02| loss_bc3: 6.874e-02| loss_bc4: 2.529e-02|Time: 0.00
mean_grad_res: 0.008638
mean_grad_bcs: 0.291513
It: 12600, loss: 1.882e+01| loss_f: 1.803e-01| loss_bc1: 3.180e-02| loss_bc2: 2.819e-02| loss_bc3: 6.453e-02| loss_bc4: 2.601e-02|Time: 0.00
mean_grad_res: 0.015088
mean_grad_bcs: 0.309360
It: 12700, loss: 1.753e+01| loss_f: 1.656e-01| loss_bc1: 5.292e-02| loss_bc2: 3.337e-02| loss_bc3: 6.891e-02| loss_bc4: 3.070e-02|Time: 0.00
mean_grad_res: 0.017880
mean_grad_bcs: 0.436111
It: 12800, loss: 1.465e+01| loss_f: 1.374e-01| loss_bc1: 4.311e-02| loss_bc2: 2.753e-02| loss_bc3: 6.939e-02| loss_bc4: 3.348e-02|Time: 0.00
mean_grad_res: 0.010016
mean_grad_bcs: 0.334433
It: 12900, loss: 1.751e+01| loss_f: 1.659e-01| loss_bc1: 4.518e-02| loss_bc2: 3.440e-02| loss_bc3: 6.261e-02| loss_bc4: 3.297e-02|Time: 0.00
mean_grad_res: 0.008700
mean_grad_bcs: 0.323939
It: 13000, loss: 1.501e+01| loss_f: 1.404e-01| loss_bc1: 5.626e-02| loss_bc2: 3.790e-02| loss_bc3: 5.925e-02| loss_bc4: 3.134e-02|Time: 0.00
mean_grad_res: 0.010615
mean_grad_bcs: 0.360671
It: 13100, loss: 1.484e+01| loss_f: 1.402e-01| loss_bc1: 3.399e-02| loss_bc2: 3.372e-02| loss_bc3: 5.598e-02| loss_bc4: 3.416e-02|Time: 0.00
mean_grad_res: 0.011612
mean_grad_bcs: 0.276823
It: 13200, loss: 1.782e+01| loss_f: 1.695e-01| loss_bc1: 3.378e-02| loss_bc2: 3.818e-02| loss_bc3: 6.708e-02| loss_bc4: 2.736e-02|Time: 0.00
mean_grad_res: 0.007305
mean_grad_bcs: 0.281226
It: 13300, loss: 1.619e+01| loss_f: 1.534e-01| loss_bc1: 3.924e-02| loss_bc2: 3.645e-02| loss_bc3: 5.001e-02| loss_bc4: 3.630e-02|Time: 0.00
mean_grad_res: 0.012026
mean_grad_bcs: 0.325931
It: 13400, loss: 1.556e+01| loss_f: 1.477e-01| loss_bc1: 3.150e-02| loss_bc2: 2.674e-02| loss_bc3: 6.189e-02| loss_bc4: 3.087e-02|Time: 0.00
mean_grad_res: 0.013181
mean_grad_bcs: 0.387403
It: 13500, loss: 1.802e+01| loss_f: 1.715e-01| loss_bc1: 2.385e-02| loss_bc2: 3.593e-02| loss_bc3: 6.169e-02| loss_bc4: 4.263e-02|Time: 0.00
mean_grad_res: 0.012777
mean_grad_bcs: 0.290514
It: 13600, loss: 1.611e+01| loss_f: 1.538e-01| loss_bc1: 1.893e-02| loss_bc2: 3.726e-02| loss_bc3: 5.180e-02| loss_bc4: 3.145e-02|Time: 0.00
mean_grad_res: 0.014589
mean_grad_bcs: 0.307867
It: 13700, loss: 1.393e+01| loss_f: 1.309e-01| loss_bc1: 1.989e-02| loss_bc2: 3.403e-02| loss_bc3: 6.279e-02| loss_bc4: 4.310e-02|Time: 0.00
mean_grad_res: 0.008232
mean_grad_bcs: 0.347356
It: 13800, loss: 1.678e+01| loss_f: 1.597e-01| loss_bc1: 1.400e-02| loss_bc2: 5.108e-02| loss_bc3: 5.251e-02| loss_bc4: 3.676e-02|Time: 0.00
mean_grad_res: 0.018214
mean_grad_bcs: 0.256824
It: 13900, loss: 1.776e+01| loss_f: 1.696e-01| loss_bc1: 2.548e-02| loss_bc2: 4.051e-02| loss_bc3: 4.709e-02| loss_bc4: 3.781e-02|Time: 0.01
mean_grad_res: 0.014187
mean_grad_bcs: 0.388466
It: 14000, loss: 1.516e+01| loss_f: 1.442e-01| loss_bc1: 9.690e-03| loss_bc2: 4.933e-02| loss_bc3: 4.590e-02| loss_bc4: 3.638e-02|Time: 0.00
mean_grad_res: 0.011634
mean_grad_bcs: 0.213895
It: 14100, loss: 1.361e+01| loss_f: 1.295e-01| loss_bc1: 1.025e-02| loss_bc2: 3.554e-02| loss_bc3: 4.692e-02| loss_bc4: 3.374e-02|Time: 0.00
mean_grad_res: 0.020296
mean_grad_bcs: 0.209613
It: 14200, loss: 1.150e+01| loss_f: 1.073e-01| loss_bc1: 1.046e-02| loss_bc2: 4.733e-02| loss_bc3: 5.481e-02| loss_bc4: 3.301e-02|Time: 0.00
mean_grad_res: 0.009282
mean_grad_bcs: 0.213984
It: 14300, loss: 1.121e+01| loss_f: 1.043e-01| loss_bc1: 1.204e-02| loss_bc2: 4.822e-02| loss_bc3: 5.514e-02| loss_bc4: 3.385e-02|Time: 0.00
mean_grad_res: 0.005500
mean_grad_bcs: 0.284239
It: 14400, loss: 1.363e+01| loss_f: 1.284e-01| loss_bc1: 6.401e-03| loss_bc2: 4.570e-02| loss_bc3: 5.951e-02| loss_bc4: 3.946e-02|Time: 0.00
mean_grad_res: 0.007647
mean_grad_bcs: 0.373941
It: 14500, loss: 1.090e+01| loss_f: 1.006e-01| loss_bc1: 6.924e-03| loss_bc2: 5.635e-02| loss_bc3: 6.140e-02| loss_bc4: 3.523e-02|Time: 0.00
mean_grad_res: 0.009631
mean_grad_bcs: 0.448270
It: 14600, loss: 9.877e+00| loss_f: 9.106e-02| loss_bc1: 7.037e-03| loss_bc2: 5.341e-02| loss_bc3: 5.651e-02| loss_bc4: 2.982e-02|Time: 0.00
mean_grad_res: 0.005631
mean_grad_bcs: 0.288802
It: 14700, loss: 1.022e+01| loss_f: 9.366e-02| loss_bc1: 6.092e-03| loss_bc2: 5.999e-02| loss_bc3: 5.633e-02| loss_bc4: 4.108e-02|Time: 0.00
mean_grad_res: 0.006786
mean_grad_bcs: 0.260288
It: 14800, loss: 9.691e+00| loss_f: 8.792e-02| loss_bc1: 6.406e-03| loss_bc2: 6.969e-02| loss_bc3: 6.077e-02| loss_bc4: 3.435e-02|Time: 0.00
mean_grad_res: 0.007906
mean_grad_bcs: 0.340575
It: 14900, loss: 1.108e+01| loss_f: 1.023e-01| loss_bc1: 6.796e-03| loss_bc2: 6.291e-02| loss_bc3: 6.154e-02| loss_bc4: 3.084e-02|Time: 0.00
mean_grad_res: 0.016483
mean_grad_bcs: 0.268499
It: 15000, loss: 8.018e+00| loss_f: 7.077e-02| loss_bc1: 6.070e-03| loss_bc2: 6.971e-02| loss_bc3: 6.721e-02| loss_bc4: 3.640e-02|Time: 0.00
mean_grad_res: 0.007348
mean_grad_bcs: 0.380130
It: 15100, loss: 8.798e+00| loss_f: 7.875e-02| loss_bc1: 7.179e-03| loss_bc2: 7.310e-02| loss_bc3: 6.114e-02| loss_bc4: 3.440e-02|Time: 0.00
mean_grad_res: 0.013528
mean_grad_bcs: 0.382970
It: 15200, loss: 9.597e+00| loss_f: 8.550e-02| loss_bc1: 1.085e-02| loss_bc2: 8.379e-02| loss_bc3: 6.672e-02| loss_bc4: 3.817e-02|Time: 0.00
mean_grad_res: 0.009622
mean_grad_bcs: 0.427869
It: 15300, loss: 6.891e+00| loss_f: 5.968e-02| loss_bc1: 5.069e-03| loss_bc2: 7.838e-02| loss_bc3: 6.041e-02| loss_bc4: 3.204e-02|Time: 0.00
mean_grad_res: 0.010141
mean_grad_bcs: 0.313624
It: 15400, loss: 7.252e+00| loss_f: 6.421e-02| loss_bc1: 3.493e-03| loss_bc2: 6.006e-02| loss_bc3: 6.163e-02| loss_bc4: 3.322e-02|Time: 0.00
mean_grad_res: 0.009501
mean_grad_bcs: 0.273477
It: 15500, loss: 7.107e+00| loss_f: 6.233e-02| loss_bc1: 4.487e-03| loss_bc2: 7.062e-02| loss_bc3: 5.775e-02| loss_bc4: 3.364e-02|Time: 0.00
mean_grad_res: 0.007350
mean_grad_bcs: 0.259693
It: 15600, loss: 6.914e+00| loss_f: 6.002e-02| loss_bc1: 7.739e-03| loss_bc2: 7.869e-02| loss_bc3: 5.747e-02| loss_bc4: 3.002e-02|Time: 0.00
mean_grad_res: 0.015586
mean_grad_bcs: 0.306220
It: 15700, loss: 6.412e+00| loss_f: 5.624e-02| loss_bc1: 5.305e-03| loss_bc2: 6.119e-02| loss_bc3: 5.904e-02| loss_bc4: 2.450e-02|Time: 0.00
mean_grad_res: 0.008197
mean_grad_bcs: 0.357615
It: 15800, loss: 6.579e+00| loss_f: 5.754e-02| loss_bc1: 8.563e-03| loss_bc2: 6.718e-02| loss_bc3: 5.522e-02| loss_bc4: 2.625e-02|Time: 0.00
mean_grad_res: 0.007438
mean_grad_bcs: 0.394250
It: 15900, loss: 6.405e+00| loss_f: 5.608e-02| loss_bc1: 1.033e-02| loss_bc2: 6.747e-02| loss_bc3: 4.717e-02| loss_bc4: 2.706e-02|Time: 0.00
mean_grad_res: 0.004852
mean_grad_bcs: 0.251637
It: 16000, loss: 6.193e+00| loss_f: 5.431e-02| loss_bc1: 6.888e-03| loss_bc2: 6.376e-02| loss_bc3: 5.031e-02| loss_bc4: 2.425e-02|Time: 0.00
mean_grad_res: 0.008898
mean_grad_bcs: 0.276759
It: 16100, loss: 5.974e+00| loss_f: 5.142e-02| loss_bc1: 1.137e-02| loss_bc2: 7.038e-02| loss_bc3: 5.344e-02| loss_bc4: 2.338e-02|Time: 0.00
mean_grad_res: 0.012049
mean_grad_bcs: 0.354085
It: 16200, loss: 5.113e+00| loss_f: 4.302e-02| loss_bc1: 5.882e-03| loss_bc2: 7.056e-02| loss_bc3: 5.272e-02| loss_bc4: 2.557e-02|Time: 0.00
mean_grad_res: 0.009268
mean_grad_bcs: 0.368904
It: 16300, loss: 4.915e+00| loss_f: 4.185e-02| loss_bc1: 5.734e-03| loss_bc2: 6.873e-02| loss_bc3: 3.951e-02| loss_bc4: 2.514e-02|Time: 0.00
mean_grad_res: 0.009516
mean_grad_bcs: 0.295866
It: 16400, loss: 4.485e+00| loss_f: 3.733e-02| loss_bc1: 5.174e-03| loss_bc2: 6.453e-02| loss_bc3: 4.811e-02| loss_bc4: 2.549e-02|Time: 0.00
mean_grad_res: 0.012612
mean_grad_bcs: 0.251001
It: 16500, loss: 4.847e+00| loss_f: 3.979e-02| loss_bc1: 7.110e-03| loss_bc2: 7.836e-02| loss_bc3: 5.525e-02| loss_bc4: 2.478e-02|Time: 0.00
mean_grad_res: 0.004954
mean_grad_bcs: 0.289229
It: 16600, loss: 4.994e+00| loss_f: 4.265e-02| loss_bc1: 7.412e-03| loss_bc2: 6.067e-02| loss_bc3: 4.871e-02| loss_bc4: 2.208e-02|Time: 0.00
mean_grad_res: 0.008622
mean_grad_bcs: 0.322295
It: 16700, loss: 4.248e+00| loss_f: 3.453e-02| loss_bc1: 8.339e-03| loss_bc2: 7.183e-02| loss_bc3: 5.346e-02| loss_bc4: 1.797e-02|Time: 0.00
mean_grad_res: 0.008763
mean_grad_bcs: 0.295257
It: 16800, loss: 5.669e+00| loss_f: 4.886e-02| loss_bc1: 8.023e-03| loss_bc2: 7.463e-02| loss_bc3: 4.624e-02| loss_bc4: 2.039e-02|Time: 0.00
mean_grad_res: 0.013323
mean_grad_bcs: 0.306096
It: 16900, loss: 3.666e+00| loss_f: 2.968e-02| loss_bc1: 8.810e-03| loss_bc2: 6.310e-02| loss_bc3: 4.670e-02| loss_bc4: 1.435e-02|Time: 0.00
mean_grad_res: 0.007841
mean_grad_bcs: 0.318726
It: 17000, loss: 4.934e+00| loss_f: 4.181e-02| loss_bc1: 8.232e-03| loss_bc2: 6.560e-02| loss_bc3: 5.223e-02| loss_bc4: 1.745e-02|Time: 0.00
mean_grad_res: 0.007959
mean_grad_bcs: 0.344814
It: 17100, loss: 3.385e+00| loss_f: 2.722e-02| loss_bc1: 8.641e-03| loss_bc2: 5.816e-02| loss_bc3: 3.804e-02| loss_bc4: 2.147e-02|Time: 0.00
mean_grad_res: 0.005797
mean_grad_bcs: 0.281305
It: 17200, loss: 3.871e+00| loss_f: 3.153e-02| loss_bc1: 7.980e-03| loss_bc2: 5.994e-02| loss_bc3: 4.925e-02| loss_bc4: 1.970e-02|Time: 0.00
mean_grad_res: 0.006739
mean_grad_bcs: 0.296721
It: 17300, loss: 3.897e+00| loss_f: 3.188e-02| loss_bc1: 8.911e-03| loss_bc2: 6.017e-02| loss_bc3: 4.723e-02| loss_bc4: 1.880e-02|Time: 0.00
mean_grad_res: 0.011177
mean_grad_bcs: 0.397303
It: 17400, loss: 3.324e+00| loss_f: 2.605e-02| loss_bc1: 7.655e-03| loss_bc2: 6.017e-02| loss_bc3: 5.199e-02| loss_bc4: 1.739e-02|Time: 0.00
mean_grad_res: 0.005469
mean_grad_bcs: 0.304244
It: 17500, loss: 3.027e+00| loss_f: 2.377e-02| loss_bc1: 9.884e-03| loss_bc2: 6.036e-02| loss_bc3: 3.839e-02| loss_bc4: 1.526e-02|Time: 0.00
mean_grad_res: 0.007693
mean_grad_bcs: 0.358203
It: 17600, loss: 2.578e+00| loss_f: 1.943e-02| loss_bc1: 6.869e-03| loss_bc2: 5.877e-02| loss_bc3: 4.138e-02| loss_bc4: 1.402e-02|Time: 0.00
mean_grad_res: 0.007178
mean_grad_bcs: 0.343635
It: 17700, loss: 2.936e+00| loss_f: 2.305e-02| loss_bc1: 6.326e-03| loss_bc2: 6.116e-02| loss_bc3: 3.701e-02| loss_bc4: 1.566e-02|Time: 0.00
mean_grad_res: 0.006960
mean_grad_bcs: 0.269415
It: 17800, loss: 3.588e+00| loss_f: 2.992e-02| loss_bc1: 6.271e-03| loss_bc2: 5.742e-02| loss_bc3: 3.059e-02| loss_bc4: 1.917e-02|Time: 0.00
mean_grad_res: 0.009387
mean_grad_bcs: 0.280506
It: 17900, loss: 2.750e+00| loss_f: 2.145e-02| loss_bc1: 5.909e-03| loss_bc2: 5.564e-02| loss_bc3: 3.620e-02| loss_bc4: 1.742e-02|Time: 0.00
mean_grad_res: 0.005109
mean_grad_bcs: 0.329438
It: 18000, loss: 2.670e+00| loss_f: 1.985e-02| loss_bc1: 6.558e-03| loss_bc2: 6.478e-02| loss_bc3: 4.416e-02| loss_bc4: 1.504e-02|Time: 0.00
mean_grad_res: 0.006845
mean_grad_bcs: 0.322017
It: 18100, loss: 2.679e+00| loss_f: 2.032e-02| loss_bc1: 8.569e-03| loss_bc2: 6.395e-02| loss_bc3: 3.767e-02| loss_bc4: 1.316e-02|Time: 0.00
mean_grad_res: 0.005552
mean_grad_bcs: 0.288962
It: 18200, loss: 2.605e+00| loss_f: 1.970e-02| loss_bc1: 7.113e-03| loss_bc2: 5.561e-02| loss_bc3: 3.905e-02| loss_bc4: 1.917e-02|Time: 0.00
mean_grad_res: 0.008939
mean_grad_bcs: 0.278142
It: 18300, loss: 2.817e+00| loss_f: 2.246e-02| loss_bc1: 5.476e-03| loss_bc2: 5.056e-02| loss_bc3: 3.636e-02| loss_bc4: 1.639e-02|Time: 0.00
mean_grad_res: 0.007538
mean_grad_bcs: 0.234390
It: 18400, loss: 2.117e+00| loss_f: 1.532e-02| loss_bc1: 6.443e-03| loss_bc2: 4.889e-02| loss_bc3: 4.048e-02| loss_bc4: 1.559e-02|Time: 0.00
mean_grad_res: 0.006201
mean_grad_bcs: 0.337903
It: 18500, loss: 2.564e+00| loss_f: 1.946e-02| loss_bc1: 8.164e-03| loss_bc2: 5.181e-02| loss_bc3: 3.980e-02| loss_bc4: 1.805e-02|Time: 0.00
mean_grad_res: 0.005871
mean_grad_bcs: 0.371339
It: 18600, loss: 2.209e+00| loss_f: 1.609e-02| loss_bc1: 5.212e-03| loss_bc2: 5.952e-02| loss_bc3: 3.379e-02| loss_bc4: 1.574e-02|Time: 0.00
mean_grad_res: 0.005809
mean_grad_bcs: 0.278859
It: 18700, loss: 2.982e+00| loss_f: 2.462e-02| loss_bc1: 6.098e-03| loss_bc2: 4.689e-02| loss_bc3: 3.239e-02| loss_bc4: 1.376e-02|Time: 0.00
mean_grad_res: 0.011881
mean_grad_bcs: 0.235326
It: 18800, loss: 2.405e+00| loss_f: 1.897e-02| loss_bc1: 4.873e-03| loss_bc2: 4.498e-02| loss_bc3: 3.275e-02| loss_bc4: 1.440e-02|Time: 0.00
mean_grad_res: 0.011754
mean_grad_bcs: 0.235820
It: 18900, loss: 2.347e+00| loss_f: 1.792e-02| loss_bc1: 4.236e-03| loss_bc2: 4.679e-02| loss_bc3: 3.780e-02| loss_bc4: 1.688e-02|Time: 0.00
mean_grad_res: 0.008786
mean_grad_bcs: 0.246466
It: 19000, loss: 2.167e+00| loss_f: 1.681e-02| loss_bc1: 6.106e-03| loss_bc2: 4.615e-02| loss_bc3: 2.913e-02| loss_bc4: 1.126e-02|Time: 0.00
mean_grad_res: 0.010400
mean_grad_bcs: 0.269963
It: 19100, loss: 1.880e+00| loss_f: 1.411e-02| loss_bc1: 4.226e-03| loss_bc2: 3.396e-02| loss_bc3: 3.225e-02| loss_bc4: 1.895e-02|Time: 0.00
mean_grad_res: 0.006595
mean_grad_bcs: 0.296050
It: 19200, loss: 2.115e+00| loss_f: 1.682e-02| loss_bc1: 4.731e-03| loss_bc2: 3.603e-02| loss_bc3: 2.732e-02| loss_bc4: 1.447e-02|Time: 0.00
mean_grad_res: 0.008538
mean_grad_bcs: 0.250942
It: 19300, loss: 1.657e+00| loss_f: 1.199e-02| loss_bc1: 3.901e-03| loss_bc2: 3.915e-02| loss_bc3: 3.241e-02| loss_bc4: 1.168e-02|Time: 0.01
mean_grad_res: 0.004965
mean_grad_bcs: 0.225012
It: 19400, loss: 1.440e+00| loss_f: 9.987e-03| loss_bc1: 4.791e-03| loss_bc2: 3.968e-02| loss_bc3: 2.867e-02| loss_bc4: 1.099e-02|Time: 0.00
mean_grad_res: 0.003125
mean_grad_bcs: 0.255985
It: 19500, loss: 1.321e+00| loss_f: 8.728e-03| loss_bc1: 3.529e-03| loss_bc2: 4.012e-02| loss_bc3: 2.668e-02| loss_bc4: 1.515e-02|Time: 0.00
mean_grad_res: 0.006539
mean_grad_bcs: 0.221292
It: 19600, loss: 1.499e+00| loss_f: 1.075e-02| loss_bc1: 3.737e-03| loss_bc2: 3.372e-02| loss_bc3: 2.962e-02| loss_bc4: 1.371e-02|Time: 0.01
mean_grad_res: 0.004883
mean_grad_bcs: 0.228742
It: 19700, loss: 1.666e+00| loss_f: 1.235e-02| loss_bc1: 4.288e-03| loss_bc2: 3.464e-02| loss_bc3: 3.251e-02| loss_bc4: 1.074e-02|Time: 0.00
mean_grad_res: 0.006220
mean_grad_bcs: 0.203007
It: 19800, loss: 1.641e+00| loss_f: 1.240e-02| loss_bc1: 2.813e-03| loss_bc2: 3.610e-02| loss_bc3: 2.490e-02| loss_bc4: 1.257e-02|Time: 0.00
mean_grad_res: 0.007854
mean_grad_bcs: 0.228891
It: 19900, loss: 1.447e+00| loss_f: 1.046e-02| loss_bc1: 2.880e-03| loss_bc2: 3.358e-02| loss_bc3: 2.671e-02| loss_bc4: 1.327e-02|Time: 0.00
mean_grad_res: 0.003545
mean_grad_bcs: 0.230415
It: 20000, loss: 1.403e+00| loss_f: 1.022e-02| loss_bc1: 4.797e-03| loss_bc2: 3.387e-02| loss_bc3: 2.150e-02| loss_bc4: 1.237e-02|Time: 0.00
mean_grad_res: 0.005660
mean_grad_bcs: 0.235456
It: 20100, loss: 1.528e+00| loss_f: 1.094e-02| loss_bc1: 3.905e-03| loss_bc2: 3.791e-02| loss_bc3: 2.630e-02| loss_bc4: 1.455e-02|Time: 0.00
mean_grad_res: 0.007724
mean_grad_bcs: 0.260695
It: 20200, loss: 1.500e+00| loss_f: 1.131e-02| loss_bc1: 2.582e-03| loss_bc2: 2.957e-02| loss_bc3: 2.727e-02| loss_bc4: 1.100e-02|Time: 0.00
mean_grad_res: 0.005124
mean_grad_bcs: 0.244508
It: 20300, loss: 1.612e+00| loss_f: 1.320e-02| loss_bc1: 3.285e-03| loss_bc2: 2.438e-02| loss_bc3: 1.674e-02| loss_bc4: 1.122e-02|Time: 0.00
mean_grad_res: 0.006108
mean_grad_bcs: 0.205628
It: 20400, loss: 1.157e+00| loss_f: 8.600e-03| loss_bc1: 2.174e-03| loss_bc2: 2.478e-02| loss_bc3: 1.892e-02| loss_bc4: 1.066e-02|Time: 0.00
mean_grad_res: 0.004733
mean_grad_bcs: 0.195922
It: 20500, loss: 1.251e+00| loss_f: 9.474e-03| loss_bc1: 1.840e-03| loss_bc2: 2.426e-02| loss_bc3: 2.285e-02| loss_bc4: 8.821e-03|Time: 0.00
mean_grad_res: 0.006700
mean_grad_bcs: 0.242979
It: 20600, loss: 1.289e+00| loss_f: 9.651e-03| loss_bc1: 2.816e-03| loss_bc2: 2.606e-02| loss_bc3: 2.294e-02| loss_bc4: 9.881e-03|Time: 0.00
mean_grad_res: 0.003449
mean_grad_bcs: 0.225528
It: 20700, loss: 1.095e+00| loss_f: 8.045e-03| loss_bc1: 2.244e-03| loss_bc2: 2.398e-02| loss_bc3: 2.013e-02| loss_bc4: 9.020e-03|Time: 0.00
mean_grad_res: 0.004383
mean_grad_bcs: 0.196599
It: 20800, loss: 9.567e-01| loss_f: 6.418e-03| loss_bc1: 2.266e-03| loss_bc2: 2.371e-02| loss_bc3: 2.171e-02| loss_bc4: 1.234e-02|Time: 0.00
mean_grad_res: 0.004646
mean_grad_bcs: 0.252963
It: 20900, loss: 1.192e+00| loss_f: 9.307e-03| loss_bc1: 2.576e-03| loss_bc2: 2.111e-02| loss_bc3: 1.510e-02| loss_bc4: 1.098e-02|Time: 0.00
mean_grad_res: 0.003090
mean_grad_bcs: 0.185271
It: 21000, loss: 8.200e-01| loss_f: 5.387e-03| loss_bc1: 2.877e-03| loss_bc2: 2.495e-02| loss_bc3: 1.737e-02| loss_bc4: 8.424e-03|Time: 0.00
mean_grad_res: 0.002867
mean_grad_bcs: 0.167511
It: 21100, loss: 1.175e+00| loss_f: 9.164e-03| loss_bc1: 2.237e-03| loss_bc2: 2.078e-02| loss_bc3: 1.725e-02| loss_bc4: 8.970e-03|Time: 0.00
mean_grad_res: 0.004781
mean_grad_bcs: 0.205736
It: 21200, loss: 1.009e+00| loss_f: 7.304e-03| loss_bc1: 2.187e-03| loss_bc2: 2.398e-02| loss_bc3: 1.865e-02| loss_bc4: 8.289e-03|Time: 0.00
mean_grad_res: 0.003208
mean_grad_bcs: 0.178720
It: 21300, loss: 9.200e-01| loss_f: 6.485e-03| loss_bc1: 1.581e-03| loss_bc2: 2.377e-02| loss_bc3: 1.795e-02| loss_bc4: 8.444e-03|Time: 0.00
mean_grad_res: 0.004608
mean_grad_bcs: 0.235953
It: 21400, loss: 8.143e-01| loss_f: 5.724e-03| loss_bc1: 1.222e-03| loss_bc2: 1.884e-02| loss_bc3: 1.765e-02| loss_bc4: 8.398e-03|Time: 0.00
mean_grad_res: 0.004619
mean_grad_bcs: 0.199349
It: 21500, loss: 9.024e-01| loss_f: 6.923e-03| loss_bc1: 1.970e-03| loss_bc2: 1.548e-02| loss_bc3: 1.362e-02| loss_bc4: 8.991e-03|Time: 0.00
mean_grad_res: 0.005454
mean_grad_bcs: 0.188519
It: 21600, loss: 1.024e+00| loss_f: 7.912e-03| loss_bc1: 1.231e-03| loss_bc2: 1.917e-02| loss_bc3: 1.466e-02| loss_bc4: 9.399e-03|Time: 0.00
mean_grad_res: 0.005926
mean_grad_bcs: 0.193884
It: 21700, loss: 7.646e-01| loss_f: 5.522e-03| loss_bc1: 1.660e-03| loss_bc2: 1.440e-02| loss_bc3: 1.628e-02| loss_bc4: 8.130e-03|Time: 0.00
mean_grad_res: 0.004052
mean_grad_bcs: 0.185217
It: 21800, loss: 8.428e-01| loss_f: 5.957e-03| loss_bc1: 1.473e-03| loss_bc2: 2.126e-02| loss_bc3: 1.515e-02| loss_bc4: 9.191e-03|Time: 0.00
mean_grad_res: 0.004336
mean_grad_bcs: 0.209367
It: 21900, loss: 8.404e-01| loss_f: 6.006e-03| loss_bc1: 1.917e-03| loss_bc2: 1.713e-02| loss_bc3: 1.798e-02| loss_bc4: 8.676e-03|Time: 0.00
mean_grad_res: 0.004258
mean_grad_bcs: 0.256782
It: 22000, loss: 8.345e-01| loss_f: 5.932e-03| loss_bc1: 2.103e-03| loss_bc2: 1.882e-02| loss_bc3: 1.622e-02| loss_bc4: 8.853e-03|Time: 0.00
mean_grad_res: 0.004985
mean_grad_bcs: 0.226108
It: 22100, loss: 8.114e-01| loss_f: 5.906e-03| loss_bc1: 1.908e-03| loss_bc2: 1.612e-02| loss_bc3: 1.516e-02| loss_bc4: 8.903e-03|Time: 0.00
mean_grad_res: 0.002881
mean_grad_bcs: 0.185545
It: 22200, loss: 8.513e-01| loss_f: 6.567e-03| loss_bc1: 1.798e-03| loss_bc2: 1.588e-02| loss_bc3: 1.181e-02| loss_bc4: 7.590e-03|Time: 0.00
mean_grad_res: 0.005280
mean_grad_bcs: 0.189249
It: 22300, loss: 6.344e-01| loss_f: 4.275e-03| loss_bc1: 1.623e-03| loss_bc2: 1.585e-02| loss_bc3: 1.187e-02| loss_bc4: 1.009e-02|Time: 0.00
mean_grad_res: 0.002268
mean_grad_bcs: 0.167776
It: 22400, loss: 7.910e-01| loss_f: 6.238e-03| loss_bc1: 1.905e-03| loss_bc2: 1.029e-02| loss_bc3: 1.155e-02| loss_bc4: 8.131e-03|Time: 0.00
mean_grad_res: 0.003091
mean_grad_bcs: 0.169599
It: 22500, loss: 7.630e-01| loss_f: 5.757e-03| loss_bc1: 1.956e-03| loss_bc2: 1.520e-02| loss_bc3: 1.096e-02| loss_bc4: 7.587e-03|Time: 0.00
mean_grad_res: 0.005755
mean_grad_bcs: 0.200240
It: 22600, loss: 6.448e-01| loss_f: 4.769e-03| loss_bc1: 1.398e-03| loss_bc2: 1.259e-02| loss_bc3: 1.050e-02| loss_bc4: 7.524e-03|Time: 0.00
mean_grad_res: 0.005136
mean_grad_bcs: 0.196733
It: 22700, loss: 7.613e-01| loss_f: 5.815e-03| loss_bc1: 1.774e-03| loss_bc2: 1.379e-02| loss_bc3: 1.069e-02| loss_bc4: 8.019e-03|Time: 0.00
mean_grad_res: 0.007186
mean_grad_bcs: 0.185569
It: 22800, loss: 6.962e-01| loss_f: 5.091e-03| loss_bc1: 1.438e-03| loss_bc2: 1.553e-02| loss_bc3: 1.065e-02| loss_bc4: 8.056e-03|Time: 0.00
mean_grad_res: 0.004206
mean_grad_bcs: 0.192243
It: 22900, loss: 6.654e-01| loss_f: 4.822e-03| loss_bc1: 1.414e-03| loss_bc2: 1.168e-02| loss_bc3: 1.313e-02| loss_bc4: 8.698e-03|Time: 0.00
mean_grad_res: 0.003569
mean_grad_bcs: 0.171380
It: 23000, loss: 5.453e-01| loss_f: 3.922e-03| loss_bc1: 1.646e-03| loss_bc2: 9.300e-03| loss_bc3: 1.189e-02| loss_bc4: 6.337e-03|Time: 0.00
mean_grad_res: 0.002210
mean_grad_bcs: 0.176123
It: 23100, loss: 6.224e-01| loss_f: 4.534e-03| loss_bc1: 1.528e-03| loss_bc2: 1.149e-02| loss_bc3: 1.211e-02| loss_bc4: 7.083e-03|Time: 0.00
mean_grad_res: 0.004603
mean_grad_bcs: 0.173525
It: 23200, loss: 6.270e-01| loss_f: 4.765e-03| loss_bc1: 1.825e-03| loss_bc2: 1.127e-02| loss_bc3: 9.246e-03| loss_bc4: 6.334e-03|Time: 0.00
mean_grad_res: 0.005205
mean_grad_bcs: 0.148762
It: 23300, loss: 4.946e-01| loss_f: 3.333e-03| loss_bc1: 1.690e-03| loss_bc2: 1.072e-02| loss_bc3: 1.274e-02| loss_bc4: 5.588e-03|Time: 0.00
mean_grad_res: 0.002134
mean_grad_bcs: 0.190214
It: 23400, loss: 4.891e-01| loss_f: 3.262e-03| loss_bc1: 2.079e-03| loss_bc2: 1.063e-02| loss_bc3: 1.070e-02| loss_bc4: 7.644e-03|Time: 0.00
mean_grad_res: 0.002530
mean_grad_bcs: 0.207837
It: 23500, loss: 5.376e-01| loss_f: 3.538e-03| loss_bc1: 1.455e-03| loss_bc2: 1.308e-02| loss_bc3: 1.153e-02| loss_bc4: 8.980e-03|Time: 0.00
mean_grad_res: 0.003754
mean_grad_bcs: 0.169007
It: 23600, loss: 5.723e-01| loss_f: 4.311e-03| loss_bc1: 1.358e-03| loss_bc2: 9.117e-03| loss_bc3: 9.314e-03| loss_bc4: 7.121e-03|Time: 0.00
mean_grad_res: 0.005141
mean_grad_bcs: 0.148647
It: 23700, loss: 5.129e-01| loss_f: 3.643e-03| loss_bc1: 9.463e-04| loss_bc2: 1.229e-02| loss_bc3: 8.428e-03| loss_bc4: 6.672e-03|Time: 0.00
mean_grad_res: 0.005482
mean_grad_bcs: 0.156189
It: 23800, loss: 5.294e-01| loss_f: 3.849e-03| loss_bc1: 1.281e-03| loss_bc2: 9.443e-03| loss_bc3: 1.020e-02| loss_bc4: 6.619e-03|Time: 0.00
mean_grad_res: 0.003224
mean_grad_bcs: 0.189370
It: 23900, loss: 5.008e-01| loss_f: 3.754e-03| loss_bc1: 1.336e-03| loss_bc2: 7.037e-03| loss_bc3: 8.885e-03| loss_bc4: 6.643e-03|Time: 0.00
mean_grad_res: 0.004153
mean_grad_bcs: 0.132543
It: 24000, loss: 5.943e-01| loss_f: 4.516e-03| loss_bc1: 1.295e-03| loss_bc2: 9.053e-03| loss_bc3: 9.402e-03| loss_bc4: 7.451e-03|Time: 0.00
mean_grad_res: 0.004822
mean_grad_bcs: 0.164691
It: 24100, loss: 5.153e-01| loss_f: 3.705e-03| loss_bc1: 1.535e-03| loss_bc2: 7.274e-03| loss_bc3: 1.217e-02| loss_bc4: 6.630e-03|Time: 0.00
mean_grad_res: 0.005344
mean_grad_bcs: 0.189836
It: 24200, loss: 5.685e-01| loss_f: 4.444e-03| loss_bc1: 1.247e-03| loss_bc2: 8.753e-03| loss_bc3: 8.179e-03| loss_bc4: 5.482e-03|Time: 0.00
mean_grad_res: 0.007143
mean_grad_bcs: 0.171442
It: 24300, loss: 4.525e-01| loss_f: 3.160e-03| loss_bc1: 1.056e-03| loss_bc2: 7.864e-03| loss_bc3: 1.016e-02| loss_bc4: 6.947e-03|Time: 0.00
mean_grad_res: 0.004367
mean_grad_bcs: 0.151701
It: 24400, loss: 5.401e-01| loss_f: 3.999e-03| loss_bc1: 1.409e-03| loss_bc2: 9.043e-03| loss_bc3: 9.803e-03| loss_bc4: 6.464e-03|Time: 0.00
mean_grad_res: 0.002955
mean_grad_bcs: 0.185481
It: 24500, loss: 4.639e-01| loss_f: 3.469e-03| loss_bc1: 7.305e-04| loss_bc2: 7.415e-03| loss_bc3: 8.147e-03| loss_bc4: 6.012e-03|Time: 0.00
mean_grad_res: 0.004404
mean_grad_bcs: 0.138979
It: 24600, loss: 4.183e-01| loss_f: 2.848e-03| loss_bc1: 1.024e-03| loss_bc2: 8.836e-03| loss_bc3: 8.672e-03| loss_bc4: 6.918e-03|Time: 0.00
mean_grad_res: 0.001755
mean_grad_bcs: 0.142358
It: 24700, loss: 4.339e-01| loss_f: 3.062e-03| loss_bc1: 1.089e-03| loss_bc2: 7.839e-03| loss_bc3: 9.393e-03| loss_bc4: 6.031e-03|Time: 0.00
mean_grad_res: 0.004411
mean_grad_bcs: 0.133814
It: 24800, loss: 4.608e-01| loss_f: 3.276e-03| loss_bc1: 1.228e-03| loss_bc2: 8.354e-03| loss_bc3: 1.027e-02| loss_bc4: 5.522e-03|Time: 0.00
mean_grad_res: 0.002676
mean_grad_bcs: 0.211182
It: 24900, loss: 4.560e-01| loss_f: 3.218e-03| loss_bc1: 1.406e-03| loss_bc2: 8.327e-03| loss_bc3: 9.983e-03| loss_bc4: 5.866e-03|Time: 0.00
mean_grad_res: 0.003286
mean_grad_bcs: 0.178457
It: 25000, loss: 3.986e-01| loss_f: 2.712e-03| loss_bc1: 1.429e-03| loss_bc2: 8.255e-03| loss_bc3: 8.506e-03| loss_bc4: 6.084e-03|Time: 0.00
mean_grad_res: 0.002954
mean_grad_bcs: 0.162500
It: 25100, loss: 3.723e-01| loss_f: 2.425e-03| loss_bc1: 1.165e-03| loss_bc2: 7.783e-03| loss_bc3: 9.016e-03| loss_bc4: 6.779e-03|Time: 0.00
mean_grad_res: 0.001998
mean_grad_bcs: 0.157545
It: 25200, loss: 3.399e-01| loss_f: 2.300e-03| loss_bc1: 1.001e-03| loss_bc2: 6.979e-03| loss_bc3: 8.284e-03| loss_bc4: 4.679e-03|Time: 0.00
mean_grad_res: 0.003148
mean_grad_bcs: 0.125271
It: 25300, loss: 3.673e-01| loss_f: 2.453e-03| loss_bc1: 1.215e-03| loss_bc2: 7.093e-03| loss_bc3: 1.011e-02| loss_bc4: 4.852e-03|Time: 0.01
mean_grad_res: 0.003031
mean_grad_bcs: 0.178143
It: 25400, loss: 4.535e-01| loss_f: 3.338e-03| loss_bc1: 1.265e-03| loss_bc2: 7.869e-03| loss_bc3: 8.292e-03| loss_bc4: 5.375e-03|Time: 0.00
mean_grad_res: 0.004938
mean_grad_bcs: 0.153676
It: 25500, loss: 4.226e-01| loss_f: 3.063e-03| loss_bc1: 1.330e-03| loss_bc2: 7.353e-03| loss_bc3: 8.691e-03| loss_bc4: 4.778e-03|Time: 0.00
mean_grad_res: 0.003187
mean_grad_bcs: 0.146460
It: 25600, loss: 4.598e-01| loss_f: 3.512e-03| loss_bc1: 1.080e-03| loss_bc2: 6.708e-03| loss_bc3: 6.871e-03| loss_bc4: 6.047e-03|Time: 0.00
mean_grad_res: 0.003979
mean_grad_bcs: 0.155004
It: 25700, loss: 4.645e-01| loss_f: 3.546e-03| loss_bc1: 9.844e-04| loss_bc2: 6.632e-03| loss_bc3: 7.939e-03| loss_bc4: 5.387e-03|Time: 0.00
mean_grad_res: 0.005566
mean_grad_bcs: 0.153517
It: 25800, loss: 3.713e-01| loss_f: 2.781e-03| loss_bc1: 1.298e-03| loss_bc2: 5.201e-03| loss_bc3: 7.133e-03| loss_bc4: 4.126e-03|Time: 0.00
mean_grad_res: 0.003507
mean_grad_bcs: 0.138120
It: 25900, loss: 3.970e-01| loss_f: 2.706e-03| loss_bc1: 9.178e-04| loss_bc2: 7.921e-03| loss_bc3: 8.489e-03| loss_bc4: 6.764e-03|Time: 0.00
mean_grad_res: 0.002501
mean_grad_bcs: 0.172102
It: 26000, loss: 4.062e-01| loss_f: 3.052e-03| loss_bc1: 9.574e-04| loss_bc2: 6.689e-03| loss_bc3: 6.607e-03| loss_bc4: 5.003e-03|Time: 0.00
mean_grad_res: 0.002755
mean_grad_bcs: 0.113687
It: 26100, loss: 4.007e-01| loss_f: 2.987e-03| loss_bc1: 1.288e-03| loss_bc2: 6.000e-03| loss_bc3: 6.890e-03| loss_bc4: 5.266e-03|Time: 0.00
mean_grad_res: 0.003300
mean_grad_bcs: 0.127185
It: 26200, loss: 3.118e-01| loss_f: 2.078e-03| loss_bc1: 1.218e-03| loss_bc2: 5.891e-03| loss_bc3: 7.372e-03| loss_bc4: 5.348e-03|Time: 0.00
mean_grad_res: 0.002426
mean_grad_bcs: 0.140492
It: 26300, loss: 4.210e-01| loss_f: 3.131e-03| loss_bc1: 9.285e-04| loss_bc2: 6.232e-03| loss_bc3: 8.326e-03| loss_bc4: 5.085e-03|Time: 0.00
mean_grad_res: 0.003956
mean_grad_bcs: 0.147734
It: 26400, loss: 3.571e-01| loss_f: 2.546e-03| loss_bc1: 8.788e-04| loss_bc2: 6.443e-03| loss_bc3: 8.622e-03| loss_bc4: 3.585e-03|Time: 0.00
mean_grad_res: 0.001956
mean_grad_bcs: 0.149394
It: 26500, loss: 3.673e-01| loss_f: 2.721e-03| loss_bc1: 7.111e-04| loss_bc2: 5.455e-03| loss_bc3: 6.682e-03| loss_bc4: 5.291e-03|Time: 0.00
mean_grad_res: 0.003685
mean_grad_bcs: 0.140722
It: 26600, loss: 3.343e-01| loss_f: 2.332e-03| loss_bc1: 8.958e-04| loss_bc2: 5.974e-03| loss_bc3: 7.555e-03| loss_bc4: 4.845e-03|Time: 0.00
mean_grad_res: 0.003341
mean_grad_bcs: 0.142317
It: 26700, loss: 3.308e-01| loss_f: 2.295e-03| loss_bc1: 8.570e-04| loss_bc2: 5.867e-03| loss_bc3: 7.306e-03| loss_bc4: 5.267e-03|Time: 0.00
mean_grad_res: 0.002464
mean_grad_bcs: 0.164899
It: 26800, loss: 3.488e-01| loss_f: 2.561e-03| loss_bc1: 1.092e-03| loss_bc2: 5.753e-03| loss_bc3: 6.072e-03| loss_bc4: 4.740e-03|Time: 0.00
mean_grad_res: 0.004010
mean_grad_bcs: 0.139051
It: 26900, loss: 3.372e-01| loss_f: 2.447e-03| loss_bc1: 7.440e-04| loss_bc2: 5.241e-03| loss_bc3: 7.161e-03| loss_bc4: 4.499e-03|Time: 0.00
mean_grad_res: 0.003924
mean_grad_bcs: 0.085373
It: 27000, loss: 3.265e-01| loss_f: 2.364e-03| loss_bc1: 9.611e-04| loss_bc2: 4.844e-03| loss_bc3: 5.927e-03| loss_bc4: 5.436e-03|Time: 0.00
mean_grad_res: 0.002495
mean_grad_bcs: 0.096396
It: 27100, loss: 3.869e-01| loss_f: 2.974e-03| loss_bc1: 1.103e-03| loss_bc2: 4.992e-03| loss_bc3: 6.356e-03| loss_bc4: 4.598e-03|Time: 0.00
mean_grad_res: 0.002122
mean_grad_bcs: 0.143400
It: 27200, loss: 3.147e-01| loss_f: 2.186e-03| loss_bc1: 1.151e-03| loss_bc2: 5.108e-03| loss_bc3: 7.986e-03| loss_bc4: 4.066e-03|Time: 0.00
mean_grad_res: 0.002091
mean_grad_bcs: 0.144754
It: 27300, loss: 2.818e-01| loss_f: 1.923e-03| loss_bc1: 9.423e-04| loss_bc2: 5.046e-03| loss_bc3: 5.885e-03| loss_bc4: 5.190e-03|Time: 0.00
mean_grad_res: 0.004516
mean_grad_bcs: 0.109103
It: 27400, loss: 4.059e-01| loss_f: 3.175e-03| loss_bc1: 9.812e-04| loss_bc2: 4.863e-03| loss_bc3: 6.419e-03| loss_bc4: 4.592e-03|Time: 0.00
mean_grad_res: 0.003234
mean_grad_bcs: 0.123947
It: 27500, loss: 3.413e-01| loss_f: 2.517e-03| loss_bc1: 1.006e-03| loss_bc2: 5.193e-03| loss_bc3: 6.929e-03| loss_bc4: 3.958e-03|Time: 0.01
mean_grad_res: 0.002592
mean_grad_bcs: 0.159167
It: 27600, loss: 3.236e-01| loss_f: 2.375e-03| loss_bc1: 8.781e-04| loss_bc2: 6.018e-03| loss_bc3: 5.056e-03| loss_bc4: 4.471e-03|Time: 0.00
mean_grad_res: 0.002316
mean_grad_bcs: 0.105452
It: 27700, loss: 2.879e-01| loss_f: 2.041e-03| loss_bc1: 9.197e-04| loss_bc2: 5.491e-03| loss_bc3: 5.880e-03| loss_bc4: 3.673e-03|Time: 0.00
mean_grad_res: 0.002675
mean_grad_bcs: 0.122183
It: 27800, loss: 3.244e-01| loss_f: 2.330e-03| loss_bc1: 1.052e-03| loss_bc2: 5.492e-03| loss_bc3: 5.915e-03| loss_bc4: 4.961e-03|Time: 0.00
mean_grad_res: 0.002661
mean_grad_bcs: 0.126606
It: 27900, loss: 3.392e-01| loss_f: 2.560e-03| loss_bc1: 9.260e-04| loss_bc2: 4.355e-03| loss_bc3: 6.069e-03| loss_bc4: 4.515e-03|Time: 0.00
mean_grad_res: 0.004153
mean_grad_bcs: 0.119287
It: 28000, loss: 2.906e-01| loss_f: 2.037e-03| loss_bc1: 8.242e-04| loss_bc2: 5.191e-03| loss_bc3: 5.900e-03| loss_bc4: 4.653e-03|Time: 0.00
mean_grad_res: 0.002558
mean_grad_bcs: 0.125381
It: 28100, loss: 2.919e-01| loss_f: 2.078e-03| loss_bc1: 1.029e-03| loss_bc2: 5.325e-03| loss_bc3: 5.846e-03| loss_bc4: 3.825e-03|Time: 0.00
mean_grad_res: 0.002334
mean_grad_bcs: 0.106992
It: 28200, loss: 3.173e-01| loss_f: 2.303e-03| loss_bc1: 9.424e-04| loss_bc2: 5.099e-03| loss_bc3: 5.698e-03| loss_bc4: 4.856e-03|Time: 0.00
mean_grad_res: 0.002345
mean_grad_bcs: 0.122500
It: 28300, loss: 3.202e-01| loss_f: 2.325e-03| loss_bc1: 7.262e-04| loss_bc2: 5.034e-03| loss_bc3: 6.638e-03| loss_bc4: 4.312e-03|Time: 0.00
mean_grad_res: 0.004856
mean_grad_bcs: 0.148769
It: 28400, loss: 3.645e-01| loss_f: 2.813e-03| loss_bc1: 8.512e-04| loss_bc2: 5.291e-03| loss_bc3: 5.617e-03| loss_bc4: 4.104e-03|Time: 0.00
mean_grad_res: 0.002283
mean_grad_bcs: 0.139232
It: 28500, loss: 2.481e-01| loss_f: 1.690e-03| loss_bc1: 6.540e-04| loss_bc2: 5.296e-03| loss_bc3: 5.104e-03| loss_bc4: 4.009e-03|Time: 0.00
mean_grad_res: 0.002631
mean_grad_bcs: 0.098516
It: 28600, loss: 3.395e-01| loss_f: 2.676e-03| loss_bc1: 8.240e-04| loss_bc2: 4.397e-03| loss_bc3: 4.707e-03| loss_bc4: 3.785e-03|Time: 0.00
mean_grad_res: 0.002176
mean_grad_bcs: 0.096651
It: 28700, loss: 3.223e-01| loss_f: 2.362e-03| loss_bc1: 9.656e-04| loss_bc2: 5.027e-03| loss_bc3: 5.780e-03| loss_bc4: 4.640e-03|Time: 0.00
mean_grad_res: 0.002840
mean_grad_bcs: 0.141975
It: 28800, loss: 2.863e-01| loss_f: 2.116e-03| loss_bc1: 9.554e-04| loss_bc2: 4.389e-03| loss_bc3: 5.316e-03| loss_bc4: 3.579e-03|Time: 0.00
mean_grad_res: 0.003306
mean_grad_bcs: 0.113682
It: 28900, loss: 2.701e-01| loss_f: 1.992e-03| loss_bc1: 7.879e-04| loss_bc2: 3.466e-03| loss_bc3: 5.143e-03| loss_bc4: 4.112e-03|Time: 0.00
mean_grad_res: 0.001795
mean_grad_bcs: 0.124703
It: 29000, loss: 2.960e-01| loss_f: 2.249e-03| loss_bc1: 7.376e-04| loss_bc2: 3.655e-03| loss_bc3: 4.981e-03| loss_bc4: 4.180e-03|Time: 0.00
mean_grad_res: 0.003939
mean_grad_bcs: 0.104329
It: 29100, loss: 3.833e-01| loss_f: 3.094e-03| loss_bc1: 6.421e-04| loss_bc2: 4.459e-03| loss_bc3: 5.096e-03| loss_bc4: 3.900e-03|Time: 0.00
mean_grad_res: 0.003920
mean_grad_bcs: 0.096948
It: 29200, loss: 3.293e-01| loss_f: 2.549e-03| loss_bc1: 8.013e-04| loss_bc2: 3.905e-03| loss_bc3: 5.442e-03| loss_bc4: 4.032e-03|Time: 0.00
mean_grad_res: 0.003171
mean_grad_bcs: 0.084462
It: 29300, loss: 2.803e-01| loss_f: 2.047e-03| loss_bc1: 8.535e-04| loss_bc2: 4.773e-03| loss_bc3: 4.790e-03| loss_bc4: 3.990e-03|Time: 0.00
mean_grad_res: 0.003515
mean_grad_bcs: 0.117118
It: 29400, loss: 2.558e-01| loss_f: 1.757e-03| loss_bc1: 7.850e-04| loss_bc2: 4.408e-03| loss_bc3: 5.571e-03| loss_bc4: 4.504e-03|Time: 0.01
mean_grad_res: 0.003139
mean_grad_bcs: 0.118570
It: 29500, loss: 2.887e-01| loss_f: 2.098e-03| loss_bc1: 8.774e-04| loss_bc2: 4.188e-03| loss_bc3: 5.768e-03| loss_bc4: 4.198e-03|Time: 0.00
mean_grad_res: 0.002494
mean_grad_bcs: 0.123022
It: 29600, loss: 2.682e-01| loss_f: 1.993e-03| loss_bc1: 8.655e-04| loss_bc2: 3.946e-03| loss_bc3: 4.639e-03| loss_bc4: 3.690e-03|Time: 0.00
mean_grad_res: 0.002859
mean_grad_bcs: 0.096742
It: 29700, loss: 3.106e-01| loss_f: 2.299e-03| loss_bc1: 7.097e-04| loss_bc2: 4.485e-03| loss_bc3: 6.109e-03| loss_bc4: 4.062e-03|Time: 0.00
mean_grad_res: 0.002810
mean_grad_bcs: 0.109080
It: 29800, loss: 2.601e-01| loss_f: 1.873e-03| loss_bc1: 9.399e-04| loss_bc2: 4.451e-03| loss_bc3: 4.980e-03| loss_bc4: 3.515e-03|Time: 0.00
mean_grad_res: 0.002008
mean_grad_bcs: 0.117400
It: 29900, loss: 3.498e-01| loss_f: 2.753e-03| loss_bc1: 9.909e-04| loss_bc2: 4.214e-03| loss_bc3: 5.046e-03| loss_bc4: 3.944e-03|Time: 0.00
mean_grad_res: 0.002775
mean_grad_bcs: 0.120513
It: 30000, loss: 2.662e-01| loss_f: 1.980e-03| loss_bc1: 6.630e-04| loss_bc2: 3.695e-03| loss_bc3: 4.820e-03| loss_bc4: 3.830e-03|Time: 0.00
mean_grad_res: 0.004253
mean_grad_bcs: 0.095976
It: 30100, loss: 2.596e-01| loss_f: 1.875e-03| loss_bc1: 8.735e-04| loss_bc2: 4.652e-03| loss_bc3: 4.966e-03| loss_bc4: 3.251e-03|Time: 0.00
mean_grad_res: 0.001186
mean_grad_bcs: 0.109444
It: 30200, loss: 2.394e-01| loss_f: 1.699e-03| loss_bc1: 8.001e-04| loss_bc2: 4.365e-03| loss_bc3: 4.669e-03| loss_bc4: 3.415e-03|Time: 0.00
mean_grad_res: 0.002081
mean_grad_bcs: 0.138080
It: 30300, loss: 2.574e-01| loss_f: 1.850e-03| loss_bc1: 9.479e-04| loss_bc2: 3.384e-03| loss_bc3: 5.348e-03| loss_bc4: 4.108e-03|Time: 0.00
mean_grad_res: 0.003295
mean_grad_bcs: 0.121674
It: 30400, loss: 2.513e-01| loss_f: 1.806e-03| loss_bc1: 7.943e-04| loss_bc2: 3.961e-03| loss_bc3: 4.923e-03| loss_bc4: 3.783e-03|Time: 0.00
mean_grad_res: 0.001756
mean_grad_bcs: 0.084610
It: 30500, loss: 2.723e-01| loss_f: 2.036e-03| loss_bc1: 6.038e-04| loss_bc2: 3.889e-03| loss_bc3: 5.272e-03| loss_bc4: 3.331e-03|Time: 0.00
mean_grad_res: 0.002694
mean_grad_bcs: 0.096642
It: 30600, loss: 2.311e-01| loss_f: 1.704e-03| loss_bc1: 7.503e-04| loss_bc2: 3.768e-03| loss_bc3: 3.861e-03| loss_bc4: 3.189e-03|Time: 0.00
mean_grad_res: 0.003574
mean_grad_bcs: 0.101640
It: 30700, loss: 2.107e-01| loss_f: 1.468e-03| loss_bc1: 7.862e-04| loss_bc2: 3.828e-03| loss_bc3: 4.520e-03| loss_bc4: 3.041e-03|Time: 0.00
mean_grad_res: 0.001434
mean_grad_bcs: 0.114155
It: 30800, loss: 2.854e-01| loss_f: 2.098e-03| loss_bc1: 7.819e-04| loss_bc2: 4.162e-03| loss_bc3: 6.205e-03| loss_bc4: 3.273e-03|Time: 0.00
mean_grad_res: 0.003612
mean_grad_bcs: 0.132951
It: 30900, loss: 2.476e-01| loss_f: 1.842e-03| loss_bc1: 7.337e-04| loss_bc2: 3.484e-03| loss_bc3: 4.469e-03| loss_bc4: 3.400e-03|Time: 0.00
mean_grad_res: 0.002134
mean_grad_bcs: 0.092970
It: 31000, loss: 2.474e-01| loss_f: 1.832e-03| loss_bc1: 6.355e-04| loss_bc2: 4.117e-03| loss_bc3: 4.152e-03| loss_bc4: 3.331e-03|Time: 0.00
mean_grad_res: 0.002874
mean_grad_bcs: 0.132769
It: 31100, loss: 2.607e-01| loss_f: 1.913e-03| loss_bc1: 8.666e-04| loss_bc2: 4.295e-03| loss_bc3: 4.538e-03| loss_bc4: 3.532e-03|Time: 0.00
mean_grad_res: 0.002800
mean_grad_bcs: 0.126895
It: 31200, loss: 2.771e-01| loss_f: 2.115e-03| loss_bc1: 7.904e-04| loss_bc2: 3.891e-03| loss_bc3: 4.816e-03| loss_bc4: 3.004e-03|Time: 0.00
mean_grad_res: 0.002380
mean_grad_bcs: 0.093725
It: 31300, loss: 2.234e-01| loss_f: 1.665e-03| loss_bc1: 7.249e-04| loss_bc2: 2.845e-03| loss_bc3: 4.152e-03| loss_bc4: 3.117e-03|Time: 0.00
mean_grad_res: 0.002549
mean_grad_bcs: 0.093203
It: 31400, loss: 2.228e-01| loss_f: 1.641e-03| loss_bc1: 6.946e-04| loss_bc2: 3.292e-03| loss_bc3: 3.829e-03| loss_bc4: 3.378e-03|Time: 0.00
mean_grad_res: 0.004087
mean_grad_bcs: 0.091759
It: 31500, loss: 2.579e-01| loss_f: 1.966e-03| loss_bc1: 6.523e-04| loss_bc2: 3.676e-03| loss_bc3: 4.283e-03| loss_bc4: 3.070e-03|Time: 0.01
mean_grad_res: 0.003570
mean_grad_bcs: 0.116145
It: 31600, loss: 2.063e-01| loss_f: 1.426e-03| loss_bc1: 8.121e-04| loss_bc2: 3.713e-03| loss_bc3: 3.776e-03| loss_bc4: 3.842e-03|Time: 0.00
mean_grad_res: 0.001394
mean_grad_bcs: 0.099675
It: 31700, loss: 2.204e-01| loss_f: 1.562e-03| loss_bc1: 6.424e-04| loss_bc2: 3.636e-03| loss_bc3: 4.288e-03| loss_bc4: 3.669e-03|Time: 0.00
mean_grad_res: 0.002735
mean_grad_bcs: 0.107319
It: 31800, loss: 2.177e-01| loss_f: 1.587e-03| loss_bc1: 6.375e-04| loss_bc2: 2.579e-03| loss_bc3: 4.856e-03| loss_bc4: 3.179e-03|Time: 0.00
mean_grad_res: 0.002126
mean_grad_bcs: 0.092305
It: 31900, loss: 2.362e-01| loss_f: 1.770e-03| loss_bc1: 7.876e-04| loss_bc2: 3.016e-03| loss_bc3: 4.323e-03| loss_bc4: 3.160e-03|Time: 0.00
mean_grad_res: 0.002608
mean_grad_bcs: 0.081740
It: 32000, loss: 2.717e-01| loss_f: 2.058e-03| loss_bc1: 7.309e-04| loss_bc2: 3.800e-03| loss_bc3: 4.532e-03| loss_bc4: 3.502e-03|Time: 0.00
mean_grad_res: 0.003070
mean_grad_bcs: 0.130776
It: 32100, loss: 2.409e-01| loss_f: 1.880e-03| loss_bc1: 7.487e-04| loss_bc2: 2.761e-03| loss_bc3: 3.666e-03| loss_bc4: 2.901e-03|Time: 0.00
mean_grad_res: 0.002736
mean_grad_bcs: 0.070410
It: 32200, loss: 2.584e-01| loss_f: 1.912e-03| loss_bc1: 6.511e-04| loss_bc2: 3.045e-03| loss_bc3: 5.765e-03| loss_bc4: 3.351e-03|Time: 0.00
mean_grad_res: 0.002996
mean_grad_bcs: 0.096073
It: 32300, loss: 2.001e-01| loss_f: 1.493e-03| loss_bc1: 6.110e-04| loss_bc2: 2.583e-03| loss_bc3: 3.321e-03| loss_bc4: 3.156e-03|Time: 0.00
mean_grad_res: 0.001666
mean_grad_bcs: 0.085516
It: 32400, loss: 2.244e-01| loss_f: 1.604e-03| loss_bc1: 5.862e-04| loss_bc2: 3.571e-03| loss_bc3: 5.007e-03| loss_bc4: 3.036e-03|Time: 0.00
mean_grad_res: 0.002780
mean_grad_bcs: 0.098896
It: 32500, loss: 2.227e-01| loss_f: 1.661e-03| loss_bc1: 5.857e-04| loss_bc2: 3.260e-03| loss_bc3: 4.011e-03| loss_bc4: 2.924e-03|Time: 0.00
mean_grad_res: 0.003066
mean_grad_bcs: 0.092031
It: 32600, loss: 2.053e-01| loss_f: 1.527e-03| loss_bc1: 6.462e-04| loss_bc2: 2.900e-03| loss_bc3: 3.496e-03| loss_bc4: 2.971e-03|Time: 0.00
mean_grad_res: 0.001873
mean_grad_bcs: 0.088681
It: 32700, loss: 2.336e-01| loss_f: 1.755e-03| loss_bc1: 6.942e-04| loss_bc2: 2.804e-03| loss_bc3: 4.692e-03| loss_bc4: 2.873e-03|Time: 0.00
mean_grad_res: 0.002556
mean_grad_bcs: 0.101522
It: 32800, loss: 2.004e-01| loss_f: 1.478e-03| loss_bc1: 5.768e-04| loss_bc2: 2.409e-03| loss_bc3: 4.016e-03| loss_bc4: 3.022e-03|Time: 0.01
mean_grad_res: 0.003351
mean_grad_bcs: 0.086822
It: 32900, loss: 2.462e-01| loss_f: 1.915e-03| loss_bc1: 7.667e-04| loss_bc2: 2.523e-03| loss_bc3: 3.906e-03| loss_bc4: 3.230e-03|Time: 0.00
mean_grad_res: 0.002644
mean_grad_bcs: 0.082220
It: 33000, loss: 2.086e-01| loss_f: 1.443e-03| loss_bc1: 7.373e-04| loss_bc2: 3.436e-03| loss_bc3: 5.133e-03| loss_bc4: 2.938e-03|Time: 0.00
mean_grad_res: 0.002042
mean_grad_bcs: 0.076974
It: 33100, loss: 2.232e-01| loss_f: 1.686e-03| loss_bc1: 5.123e-04| loss_bc2: 2.820e-03| loss_bc3: 3.783e-03| loss_bc4: 3.291e-03|Time: 0.00
mean_grad_res: 0.003405
mean_grad_bcs: 0.083749
It: 33200, loss: 2.413e-01| loss_f: 1.823e-03| loss_bc1: 6.915e-04| loss_bc2: 3.210e-03| loss_bc3: 4.535e-03| loss_bc4: 2.805e-03|Time: 0.00
mean_grad_res: 0.003427
mean_grad_bcs: 0.085926
It: 33300, loss: 2.036e-01| loss_f: 1.482e-03| loss_bc1: 5.285e-04| loss_bc2: 2.855e-03| loss_bc3: 4.326e-03| loss_bc4: 2.859e-03|Time: 0.00
mean_grad_res: 0.002166
mean_grad_bcs: 0.086758
It: 33400, loss: 1.897e-01| loss_f: 1.303e-03| loss_bc1: 6.865e-04| loss_bc2: 3.773e-03| loss_bc3: 4.084e-03| loss_bc4: 2.762e-03|Time: 0.00
mean_grad_res: 0.002450
mean_grad_bcs: 0.115258
It: 33500, loss: 1.867e-01| loss_f: 1.327e-03| loss_bc1: 5.556e-04| loss_bc2: 3.107e-03| loss_bc3: 3.947e-03| loss_bc4: 2.666e-03|Time: 0.00
mean_grad_res: 0.001978
mean_grad_bcs: 0.080669
It: 33600, loss: 2.124e-01| loss_f: 1.552e-03| loss_bc1: 5.847e-04| loss_bc2: 3.053e-03| loss_bc3: 3.881e-03| loss_bc4: 3.390e-03|Time: 0.00
mean_grad_res: 0.003125
mean_grad_bcs: 0.101026
It: 33700, loss: 1.869e-01| loss_f: 1.294e-03| loss_bc1: 6.979e-04| loss_bc2: 2.830e-03| loss_bc3: 4.722e-03| loss_bc4: 2.711e-03|Time: 0.00
mean_grad_res: 0.002788
mean_grad_bcs: 0.097229
It: 33800, loss: 1.716e-01| loss_f: 1.199e-03| loss_bc1: 6.615e-04| loss_bc2: 2.952e-03| loss_bc3: 3.448e-03| loss_bc4: 2.792e-03|Time: 0.00
mean_grad_res: 0.002026
mean_grad_bcs: 0.078060
It: 33900, loss: 2.020e-01| loss_f: 1.383e-03| loss_bc1: 5.473e-04| loss_bc2: 3.316e-03| loss_bc3: 4.765e-03| loss_bc4: 3.520e-03|Time: 0.00
mean_grad_res: 0.001481
mean_grad_bcs: 0.084244
It: 34000, loss: 2.044e-01| loss_f: 1.498e-03| loss_bc1: 5.278e-04| loss_bc2: 2.903e-03| loss_bc3: 3.761e-03| loss_bc4: 3.213e-03|Time: 0.00
mean_grad_res: 0.002244
mean_grad_bcs: 0.089348
It: 34100, loss: 1.785e-01| loss_f: 1.278e-03| loss_bc1: 6.540e-04| loss_bc2: 2.970e-03| loss_bc3: 3.701e-03| loss_bc4: 2.339e-03|Time: 0.00
mean_grad_res: 0.001237
mean_grad_bcs: 0.062688
It: 34200, loss: 1.965e-01| loss_f: 1.422e-03| loss_bc1: 7.566e-04| loss_bc2: 3.026e-03| loss_bc3: 3.790e-03| loss_bc4: 2.776e-03|Time: 0.00
mean_grad_res: 0.002892
mean_grad_bcs: 0.084984
It: 34300, loss: 1.945e-01| loss_f: 1.392e-03| loss_bc1: 5.243e-04| loss_bc2: 3.129e-03| loss_bc3: 3.557e-03| loss_bc4: 3.323e-03|Time: 0.00
mean_grad_res: 0.002936
mean_grad_bcs: 0.081437
It: 34400, loss: 2.285e-01| loss_f: 1.766e-03| loss_bc1: 6.732e-04| loss_bc2: 2.872e-03| loss_bc3: 3.592e-03| loss_bc4: 2.748e-03|Time: 0.00
mean_grad_res: 0.002740
mean_grad_bcs: 0.095069
It: 34500, loss: 1.773e-01| loss_f: 1.288e-03| loss_bc1: 6.515e-04| loss_bc2: 3.060e-03| loss_bc3: 3.372e-03| loss_bc4: 2.160e-03|Time: 0.00
mean_grad_res: 0.001767
mean_grad_bcs: 0.090934
It: 34600, loss: 2.212e-01| loss_f: 1.688e-03| loss_bc1: 7.346e-04| loss_bc2: 2.833e-03| loss_bc3: 3.902e-03| loss_bc4: 2.503e-03|Time: 0.00
mean_grad_res: 0.003842
mean_grad_bcs: 0.086319
It: 34700, loss: 1.819e-01| loss_f: 1.333e-03| loss_bc1: 5.720e-04| loss_bc2: 2.496e-03| loss_bc3: 3.533e-03| loss_bc4: 2.649e-03|Time: 0.00
mean_grad_res: 0.001636
mean_grad_bcs: 0.113200
It: 34800, loss: 1.755e-01| loss_f: 1.213e-03| loss_bc1: 5.384e-04| loss_bc2: 3.284e-03| loss_bc3: 3.950e-03| loss_bc4: 2.563e-03|Time: 0.01
mean_grad_res: 0.002483
mean_grad_bcs: 0.094084
It: 34900, loss: 1.868e-01| loss_f: 1.290e-03| loss_bc1: 5.738e-04| loss_bc2: 3.235e-03| loss_bc3: 4.437e-03| loss_bc4: 2.759e-03|Time: 0.00
mean_grad_res: 0.003221
mean_grad_bcs: 0.116808
It: 35000, loss: 1.582e-01| loss_f: 1.099e-03| loss_bc1: 6.553e-04| loss_bc2: 2.561e-03| loss_bc3: 3.683e-03| loss_bc4: 2.310e-03|Time: 0.00
mean_grad_res: 0.002266
mean_grad_bcs: 0.099548
It: 35100, loss: 1.990e-01| loss_f: 1.410e-03| loss_bc1: 6.804e-04| loss_bc2: 2.768e-03| loss_bc3: 4.392e-03| loss_bc4: 3.212e-03|Time: 0.00
mean_grad_res: 0.003239
mean_grad_bcs: 0.095166
It: 35200, loss: 1.900e-01| loss_f: 1.399e-03| loss_bc1: 5.646e-04| loss_bc2: 2.688e-03| loss_bc3: 3.340e-03| loss_bc4: 2.960e-03|Time: 0.00
mean_grad_res: 0.002806
mean_grad_bcs: 0.091481
It: 35300, loss: 1.998e-01| loss_f: 1.527e-03| loss_bc1: 4.350e-04| loss_bc2: 3.020e-03| loss_bc3: 3.063e-03| loss_bc4: 2.455e-03|Time: 0.00
mean_grad_res: 0.003452
mean_grad_bcs: 0.097385
It: 35400, loss: 1.871e-01| loss_f: 1.329e-03| loss_bc1: 6.939e-04| loss_bc2: 3.304e-03| loss_bc3: 3.500e-03| loss_bc4: 2.835e-03|Time: 0.00
mean_grad_res: 0.002312
mean_grad_bcs: 0.085261
It: 35500, loss: 1.588e-01| loss_f: 1.123e-03| loss_bc1: 5.002e-04| loss_bc2: 2.898e-03| loss_bc3: 2.953e-03| loss_bc4: 2.503e-03|Time: 0.00
mean_grad_res: 0.003366
mean_grad_bcs: 0.061146
It: 35600, loss: 1.882e-01| loss_f: 1.417e-03| loss_bc1: 5.048e-04| loss_bc2: 2.785e-03| loss_bc3: 3.151e-03| loss_bc4: 2.412e-03|Time: 0.00
mean_grad_res: 0.002789
mean_grad_bcs: 0.099740
It: 35700, loss: 1.714e-01| loss_f: 1.250e-03| loss_bc1: 5.707e-04| loss_bc2: 2.793e-03| loss_bc3: 3.079e-03| loss_bc4: 2.416e-03|Time: 0.00
mean_grad_res: 0.002511
mean_grad_bcs: 0.107440
It: 35800, loss: 1.643e-01| loss_f: 1.177e-03| loss_bc1: 6.094e-04| loss_bc2: 2.554e-03| loss_bc3: 3.002e-03| loss_bc4: 2.733e-03|Time: 0.00
mean_grad_res: 0.001331
mean_grad_bcs: 0.080851
It: 35900, loss: 2.046e-01| loss_f: 1.540e-03| loss_bc1: 6.621e-04| loss_bc2: 2.764e-03| loss_bc3: 3.574e-03| loss_bc4: 2.647e-03|Time: 0.00
mean_grad_res: 0.001722
mean_grad_bcs: 0.087349
It: 36000, loss: 1.589e-01| loss_f: 1.059e-03| loss_bc1: 5.356e-04| loss_bc2: 2.712e-03| loss_bc3: 3.927e-03| loss_bc4: 2.926e-03|Time: 0.01
mean_grad_res: 0.002162
mean_grad_bcs: 0.058248
It: 36100, loss: 2.090e-01| loss_f: 1.556e-03| loss_bc1: 6.007e-04| loss_bc2: 2.916e-03| loss_bc3: 3.937e-03| loss_bc4: 2.736e-03|Time: 0.00
mean_grad_res: 0.002162
mean_grad_bcs: 0.062013
It: 36200, loss: 1.535e-01| loss_f: 1.063e-03| loss_bc1: 5.657e-04| loss_bc2: 2.603e-03| loss_bc3: 3.344e-03| loss_bc4: 2.485e-03|Time: 0.00
mean_grad_res: 0.001819
mean_grad_bcs: 0.098182
It: 36300, loss: 1.738e-01| loss_f: 1.258e-03| loss_bc1: 4.989e-04| loss_bc2: 2.691e-03| loss_bc3: 3.617e-03| loss_bc4: 2.350e-03|Time: 0.00
mean_grad_res: 0.002243
mean_grad_bcs: 0.099448
It: 36400, loss: 1.563e-01| loss_f: 1.123e-03| loss_bc1: 5.279e-04| loss_bc2: 2.460e-03| loss_bc3: 3.343e-03| loss_bc4: 2.055e-03|Time: 0.00
mean_grad_res: 0.002661
mean_grad_bcs: 0.091127
It: 36500, loss: 1.922e-01| loss_f: 1.399e-03| loss_bc1: 5.566e-04| loss_bc2: 3.076e-03| loss_bc3: 3.500e-03| loss_bc4: 2.835e-03|Time: 0.00
mean_grad_res: 0.001692
mean_grad_bcs: 0.088080
It: 36600, loss: 1.750e-01| loss_f: 1.261e-03| loss_bc1: 5.505e-04| loss_bc2: 2.522e-03| loss_bc3: 4.005e-03| loss_bc4: 2.239e-03|Time: 0.00
mean_grad_res: 0.002098
mean_grad_bcs: 0.130686
It: 36700, loss: 1.828e-01| loss_f: 1.322e-03| loss_bc1: 5.967e-04| loss_bc2: 2.887e-03| loss_bc3: 3.492e-03| loss_bc4: 2.660e-03|Time: 0.00
mean_grad_res: 0.003235
mean_grad_bcs: 0.085160
It: 36800, loss: 1.771e-01| loss_f: 1.250e-03| loss_bc1: 5.613e-04| loss_bc2: 2.185e-03| loss_bc3: 4.076e-03| loss_bc4: 3.122e-03|Time: 0.00
mean_grad_res: 0.002561
mean_grad_bcs: 0.071632
It: 36900, loss: 1.706e-01| loss_f: 1.268e-03| loss_bc1: 4.431e-04| loss_bc2: 2.813e-03| loss_bc3: 2.719e-03| loss_bc4: 2.380e-03|Time: 0.00
mean_grad_res: 0.002678
mean_grad_bcs: 0.085453
It: 37000, loss: 1.805e-01| loss_f: 1.335e-03| loss_bc1: 4.430e-04| loss_bc2: 2.637e-03| loss_bc3: 3.650e-03| loss_bc4: 2.220e-03|Time: 0.00
mean_grad_res: 0.001833
mean_grad_bcs: 0.095692
It: 37100, loss: 1.692e-01| loss_f: 1.237e-03| loss_bc1: 5.092e-04| loss_bc2: 2.869e-03| loss_bc3: 2.968e-03| loss_bc4: 2.316e-03|Time: 0.00
mean_grad_res: 0.001349
mean_grad_bcs: 0.093735
It: 37200, loss: 1.820e-01| loss_f: 1.341e-03| loss_bc1: 4.989e-04| loss_bc2: 2.930e-03| loss_bc3: 3.223e-03| loss_bc4: 2.490e-03|Time: 0.00
mean_grad_res: 0.001515
mean_grad_bcs: 0.101642
It: 37300, loss: 1.728e-01| loss_f: 1.255e-03| loss_bc1: 5.553e-04| loss_bc2: 2.659e-03| loss_bc3: 3.542e-03| loss_bc4: 2.252e-03|Time: 0.00
mean_grad_res: 0.001230
mean_grad_bcs: 0.078647
It: 37400, loss: 1.836e-01| loss_f: 1.384e-03| loss_bc1: 4.389e-04| loss_bc2: 2.230e-03| loss_bc3: 3.266e-03| loss_bc4: 2.678e-03|Time: 0.00
mean_grad_res: 0.003480
mean_grad_bcs: 0.091354
It: 37500, loss: 1.630e-01| loss_f: 1.173e-03| loss_bc1: 4.523e-04| loss_bc2: 2.794e-03| loss_bc3: 2.980e-03| loss_bc4: 2.486e-03|Time: 0.00
mean_grad_res: 0.001810
mean_grad_bcs: 0.077160
It: 37600, loss: 1.760e-01| loss_f: 1.245e-03| loss_bc1: 5.642e-04| loss_bc2: 2.742e-03| loss_bc3: 3.683e-03| loss_bc4: 2.828e-03|Time: 0.00
mean_grad_res: 0.001278
mean_grad_bcs: 0.098670
It: 37700, loss: 1.777e-01| loss_f: 1.310e-03| loss_bc1: 6.318e-04| loss_bc2: 2.338e-03| loss_bc3: 3.540e-03| loss_bc4: 2.393e-03|Time: 0.00
mean_grad_res: 0.002869
mean_grad_bcs: 0.087441
It: 37800, loss: 1.767e-01| loss_f: 1.276e-03| loss_bc1: 5.091e-04| loss_bc2: 2.793e-03| loss_bc3: 3.379e-03| loss_bc4: 2.675e-03|Time: 0.00
mean_grad_res: 0.001561
mean_grad_bcs: 0.095600
It: 37900, loss: 1.867e-01| loss_f: 1.441e-03| loss_bc1: 5.422e-04| loss_bc2: 2.260e-03| loss_bc3: 3.118e-03| loss_bc4: 2.198e-03|Time: 0.00
mean_grad_res: 0.001956
mean_grad_bcs: 0.086632
It: 38000, loss: 1.902e-01| loss_f: 1.452e-03| loss_bc1: 4.423e-04| loss_bc2: 2.393e-03| loss_bc3: 3.020e-03| loss_bc4: 2.718e-03|Time: 0.00
mean_grad_res: 0.003198
mean_grad_bcs: 0.076486
It: 38100, loss: 1.708e-01| loss_f: 1.241e-03| loss_bc1: 5.047e-04| loss_bc2: 2.561e-03| loss_bc3: 3.246e-03| loss_bc4: 2.583e-03|Time: 0.00
mean_grad_res: 0.002232
mean_grad_bcs: 0.078010
It: 38200, loss: 1.552e-01| loss_f: 1.080e-03| loss_bc1: 5.226e-04| loss_bc2: 2.402e-03| loss_bc3: 3.826e-03| loss_bc4: 2.245e-03|Time: 0.00
mean_grad_res: 0.001928
mean_grad_bcs: 0.109206
It: 38300, loss: 1.902e-01| loss_f: 1.430e-03| loss_bc1: 5.062e-04| loss_bc2: 2.810e-03| loss_bc3: 3.600e-03| loss_bc4: 2.080e-03|Time: 0.00
mean_grad_res: 0.002143
mean_grad_bcs: 0.072426
It: 38400, loss: 1.768e-01| loss_f: 1.272e-03| loss_bc1: 3.631e-04| loss_bc2: 2.923e-03| loss_bc3: 3.598e-03| loss_bc4: 2.556e-03|Time: 0.00
mean_grad_res: 0.001978
mean_grad_bcs: 0.075705
It: 38500, loss: 1.577e-01| loss_f: 1.194e-03| loss_bc1: 4.972e-04| loss_bc2: 1.855e-03| loss_bc3: 3.014e-03| loss_bc4: 1.943e-03|Time: 0.00
mean_grad_res: 0.002985
mean_grad_bcs: 0.066766
It: 38600, loss: 1.782e-01| loss_f: 1.327e-03| loss_bc1: 6.010e-04| loss_bc2: 2.651e-03| loss_bc3: 3.000e-03| loss_bc4: 2.432e-03|Time: 0.00
mean_grad_res: 0.002099
mean_grad_bcs: 0.072700
It: 38700, loss: 1.445e-01| loss_f: 9.790e-04| loss_bc1: 4.700e-04| loss_bc2: 2.928e-03| loss_bc3: 3.499e-03| loss_bc4: 1.989e-03|Time: 0.00
mean_grad_res: 0.001874
mean_grad_bcs: 0.079751
It: 38800, loss: 1.410e-01| loss_f: 1.022e-03| loss_bc1: 4.251e-04| loss_bc2: 2.438e-03| loss_bc3: 2.502e-03| loss_bc4: 2.021e-03|Time: 0.00
mean_grad_res: 0.001390
mean_grad_bcs: 0.089759
It: 38900, loss: 1.453e-01| loss_f: 8.992e-04| loss_bc1: 4.767e-04| loss_bc2: 3.251e-03| loss_bc3: 4.229e-03| loss_bc4: 2.594e-03|Time: 0.00
mean_grad_res: 0.001794
mean_grad_bcs: 0.089473
It: 39000, loss: 1.376e-01| loss_f: 9.485e-04| loss_bc1: 4.550e-04| loss_bc2: 2.008e-03| loss_bc3: 3.472e-03| loss_bc4: 2.208e-03|Time: 0.00
mean_grad_res: 0.001615
mean_grad_bcs: 0.075356
It: 39100, loss: 1.717e-01| loss_f: 1.300e-03| loss_bc1: 4.914e-04| loss_bc2: 1.889e-03| loss_bc3: 3.295e-03| loss_bc4: 2.276e-03|Time: 0.00
mean_grad_res: 0.001632
mean_grad_bcs: 0.073237
It: 39200, loss: 1.680e-01| loss_f: 1.246e-03| loss_bc1: 5.563e-04| loss_bc2: 2.512e-03| loss_bc3: 2.946e-03| loss_bc4: 2.259e-03|Time: 0.00
mean_grad_res: 0.002743
mean_grad_bcs: 0.100405
It: 39300, loss: 1.660e-01| loss_f: 1.161e-03| loss_bc1: 5.000e-04| loss_bc2: 3.066e-03| loss_bc3: 3.743e-03| loss_bc4: 2.190e-03|Time: 0.00
mean_grad_res: 0.002138
mean_grad_bcs: 0.070415
It: 39400, loss: 1.689e-01| loss_f: 1.280e-03| loss_bc1: 4.308e-04| loss_bc2: 2.509e-03| loss_bc3: 2.928e-03| loss_bc4: 1.934e-03|Time: 0.00
mean_grad_res: 0.001994
mean_grad_bcs: 0.067415
It: 39500, loss: 1.644e-01| loss_f: 1.161e-03| loss_bc1: 4.580e-04| loss_bc2: 3.040e-03| loss_bc3: 3.524e-03| loss_bc4: 2.175e-03|Time: 0.00
mean_grad_res: 0.001030
mean_grad_bcs: 0.070874
It: 39600, loss: 1.573e-01| loss_f: 1.120e-03| loss_bc1: 4.427e-04| loss_bc2: 3.028e-03| loss_bc3: 2.967e-03| loss_bc4: 2.188e-03|Time: 0.00
mean_grad_res: 0.001964
mean_grad_bcs: 0.096974
It: 39700, loss: 1.451e-01| loss_f: 1.003e-03| loss_bc1: 5.160e-04| loss_bc2: 2.572e-03| loss_bc3: 3.476e-03| loss_bc4: 1.965e-03|Time: 0.00
mean_grad_res: 0.001507
mean_grad_bcs: 0.081947
It: 39800, loss: 1.627e-01| loss_f: 1.200e-03| loss_bc1: 4.459e-04| loss_bc2: 2.775e-03| loss_bc3: 2.491e-03| loss_bc4: 2.429e-03|Time: 0.00
mean_grad_res: 0.002194
mean_grad_bcs: 0.068937
It: 39900, loss: 1.469e-01| loss_f: 1.073e-03| loss_bc1: 4.904e-04| loss_bc2: 2.594e-03| loss_bc3: 2.659e-03| loss_bc4: 1.790e-03|Time: 0.01
mean_grad_res: 0.002518
mean_grad_bcs: 0.070936
Gradients information stored ...
It: 40000, loss: 1.484e-01| loss_f: 1.072e-03| loss_bc1: 4.686e-04| loss_bc2: 2.105e-03| loss_bc3: 3.291e-03| loss_bc4: 1.978e-03|Time: 0.51
mean_grad_res: 0.001665
mean_grad_bcs: 0.063830
Relative L2 error_u: 7.03e-02
Relative L2 error_f: 3.59e-01
Save uv NN parameters successfully in %s ...checkpoints/Jan-11-2024_22-37-24-226224_M2
Final loss total loss: 1.483872e-01
Final loss loss_f: 1.072395e-03
Final loss loss_bc1: 4.686061e-04
Final loss loss_bc2: 2.105391e-03
Final loss loss_bc3: 3.290808e-03
Final loss loss_bc4: 1.977669e-03
average lambda_bc5.2468e+00
average lambda_res1.0


Method: mini_batch

average of time_list:1.3770e+02
average of error_u_list:7.0256e-02
average of error_v_list:3.5886e-01
