It: 0, Loss: 1.107e+00, Loss_res: 1.339e-01,  Loss_bcs: 9.531e-01, Loss_ut_ics: 1.967e-02,, Time: 1.93
adaptive_constant_res_val: 7.683e+00
adaptive_constant_ics_val: 5.078e+00
adaptive_constant_bcs_val: 2.976e+02
mean_grad_res: 1.743e+01
mean_grad_bcs: 3.202e+00
mean_grad_ics: 3.873e+00
Gradients information stored ...
It: 100, Loss: 1.095e+02, Loss_res: 1.681e-01,  Loss_bcs: 3.572e-01, Loss_ut_ics: 3.715e-01,, Time: 46.05
adaptive_constant_res_val: 1.028e+01
adaptive_constant_ics_val: 1.338e+02
adaptive_constant_bcs_val: 1.628e+02
mean_grad_res: 4.637e-01
mean_grad_bcs: 2.273e-02
mean_grad_ics: 6.843e-01
Gradients information stored ...
It: 200, Loss: 6.632e+01, Loss_res: 2.950e-02,  Loss_bcs: 3.927e-01, Loss_ut_ics: 1.564e-02,, Time: 41.51
adaptive_constant_res_val: 6.426e+00
adaptive_constant_ics_val: 7.151e+01
adaptive_constant_bcs_val: 1.470e+02
mean_grad_res: 1.103e-01
mean_grad_bcs: 1.711e-01
mean_grad_ics: 1.472e-01
It: 300, Loss: 4.761e+01, Loss_res: 1.519e-01,  Loss_bcs: 3.147e-01, Loss_ut_ics: 5.357e-03,, Time: 38.10
adaptive_constant_res_val: 5.639e+00
adaptive_constant_ics_val: 4.864e+01
adaptive_constant_bcs_val: 1.354e+02
mean_grad_res: 6.415e-01
mean_grad_bcs: 1.010e-01
mean_grad_ics: 9.014e-02
It: 400, Loss: 3.016e+01, Loss_res: 2.597e-01,  Loss_bcs: 2.027e-01, Loss_ut_ics: 2.566e-02,, Time: 38.78
adaptive_constant_res_val: 7.564e+00
adaptive_constant_ics_val: 3.737e+01
adaptive_constant_bcs_val: 1.215e+02
mean_grad_res: 8.547e-01
mean_grad_bcs: 1.306e-01
mean_grad_ics: 2.772e-01
It: 500, Loss: 2.341e+01, Loss_res: 6.342e-02,  Loss_bcs: 1.850e-01, Loss_ut_ics: 1.196e-02,, Time: 37.61
adaptive_constant_res_val: 7.431e+00
adaptive_constant_ics_val: 3.092e+01
adaptive_constant_bcs_val: 1.093e+02
mean_grad_res: 8.591e-01
mean_grad_bcs: 5.663e-02
mean_grad_ics: 1.434e-01
It: 600, Loss: 1.828e+01, Loss_res: 3.047e-02,  Loss_bcs: 1.617e-01, Loss_ut_ics: 1.242e-02,, Time: 38.14
adaptive_constant_res_val: 6.625e+00
adaptive_constant_ics_val: 2.630e+01
adaptive_constant_bcs_val: 1.001e+02
mean_grad_res: 1.876e+00
mean_grad_bcs: 7.048e-02
mean_grad_ics: 1.288e-01
It: 700, Loss: 1.608e+01, Loss_res: 3.220e-02,  Loss_bcs: 1.538e-01, Loss_ut_ics: 1.773e-02,, Time: 37.74
adaptive_constant_res_val: 6.044e+00
adaptive_constant_ics_val: 2.333e+01
adaptive_constant_bcs_val: 9.285e+01
mean_grad_res: 5.459e-01
mean_grad_bcs: 4.756e-02
mean_grad_ics: 1.159e-01
It: 800, Loss: 1.323e+01, Loss_res: 3.045e-02,  Loss_bcs: 1.386e-01, Loss_ut_ics: 7.323e-03,, Time: 37.53
adaptive_constant_res_val: 5.515e+00
adaptive_constant_ics_val: 2.062e+01
adaptive_constant_bcs_val: 8.683e+01
mean_grad_res: 4.751e-01
mean_grad_bcs: 3.403e-02
mean_grad_ics: 1.012e-01
It: 900, Loss: 1.206e+01, Loss_res: 3.022e-02,  Loss_bcs: 1.339e-01, Loss_ut_ics: 1.276e-02,, Time: 37.63
adaptive_constant_res_val: 5.098e+00
adaptive_constant_ics_val: 1.863e+01
adaptive_constant_bcs_val: 8.191e+01
mean_grad_res: 5.590e-01
mean_grad_bcs: 3.139e-02
mean_grad_ics: 8.367e-02
It: 1000, Loss: 1.114e+01, Loss_res: 2.928e-02,  Loss_bcs: 1.308e-01, Loss_ut_ics: 1.467e-02,, Time: 37.78
adaptive_constant_res_val: 4.761e+00
adaptive_constant_ics_val: 1.713e+01
adaptive_constant_bcs_val: 7.785e+01
mean_grad_res: 6.890e-01
mean_grad_bcs: 4.177e-02
mean_grad_ics: 7.774e-02
Gradients information stored ...
It: 1100, Loss: 1.034e+01, Loss_res: 2.789e-02,  Loss_bcs: 1.279e-01, Loss_ut_ics: 1.458e-02,, Time: 41.39
adaptive_constant_res_val: 4.478e+00
adaptive_constant_ics_val: 1.592e+01
adaptive_constant_bcs_val: 7.445e+01
mean_grad_res: 8.634e-01
mean_grad_bcs: 5.418e-02
mean_grad_ics: 7.503e-02
It: 1200, Loss: 9.771e+00, Loss_res: 2.542e-02,  Loss_bcs: 1.272e-01, Loss_ut_ics: 1.171e-02,, Time: 37.67
adaptive_constant_res_val: 4.364e+00
adaptive_constant_ics_val: 1.522e+01
adaptive_constant_bcs_val: 7.166e+01
mean_grad_res: 5.814e-01
mean_grad_bcs: 6.437e-02
mean_grad_ics: 2.253e-01
It: 1300, Loss: 9.072e+00, Loss_res: 2.665e-02,  Loss_bcs: 1.225e-01, Loss_ut_ics: 1.179e-02,, Time: 37.47
adaptive_constant_res_val: 4.149e+00
adaptive_constant_ics_val: 1.429e+01
adaptive_constant_bcs_val: 6.914e+01
mean_grad_res: 1.031e+00
mean_grad_bcs: 7.039e-02
mean_grad_ics: 7.123e-02
It: 1400, Loss: 8.820e+00, Loss_res: 1.093e-01,  Loss_bcs: 1.186e-01, Loss_ut_ics: 1.170e-02,, Time: 37.44
adaptive_constant_res_val: 4.113e+00
adaptive_constant_ics_val: 1.350e+01
adaptive_constant_bcs_val: 6.690e+01
mean_grad_res: 6.280e+00
mean_grad_bcs: 7.391e-02
mean_grad_ics: 1.518e-01
It: 1500, Loss: 8.123e+00, Loss_res: 2.664e-02,  Loss_bcs: 1.178e-01, Loss_ut_ics: 9.661e-03,, Time: 37.54
adaptive_constant_res_val: 4.035e+00
adaptive_constant_ics_val: 1.311e+01
adaptive_constant_bcs_val: 6.504e+01
mean_grad_res: 1.531e+00
mean_grad_bcs: 1.304e-01
mean_grad_ics: 6.645e-01
It: 1600, Loss: 8.138e+00, Loss_res: 1.418e-01,  Loss_bcs: 1.131e-01, Loss_ut_ics: 1.607e-02,, Time: 37.51
adaptive_constant_res_val: 4.020e+00
adaptive_constant_ics_val: 1.249e+01
adaptive_constant_bcs_val: 6.324e+01
mean_grad_res: 1.211e+00
mean_grad_bcs: 7.361e-02
mean_grad_ics: 4.214e-01
It: 1700, Loss: 7.295e+00, Loss_res: 2.522e-02,  Loss_bcs: 1.113e-01, Loss_ut_ics: 1.232e-02,, Time: 37.25
adaptive_constant_res_val: 3.909e+00
adaptive_constant_ics_val: 1.195e+01
adaptive_constant_bcs_val: 6.160e+01
mean_grad_res: 1.086e+00
mean_grad_bcs: 7.127e-02
mean_grad_ics: 1.283e-01
It: 1800, Loss: 6.988e+00, Loss_res: 2.640e-02,  Loss_bcs: 1.092e-01, Loss_ut_ics: 1.337e-02,, Time: 37.40
adaptive_constant_res_val: 4.032e+00
adaptive_constant_ics_val: 1.168e+01
adaptive_constant_bcs_val: 6.017e+01
mean_grad_res: 2.463e+00
mean_grad_bcs: 7.317e-02
mean_grad_ics: 1.570e-01
It: 1900, Loss: 1.205e+01, Loss_res: 8.728e-01,  Loss_bcs: 1.316e-01, Loss_ut_ics: 5.225e-02,, Time: 37.54
adaptive_constant_res_val: 3.963e+00
adaptive_constant_ics_val: 1.126e+01
adaptive_constant_bcs_val: 5.878e+01
mean_grad_res: 6.185e+01
mean_grad_bcs: 5.277e-01
mean_grad_ics: 2.544e+00
It: 2000, Loss: 6.376e+00, Loss_res: 2.359e-02,  Loss_bcs: 1.041e-01, Loss_ut_ics: 1.436e-02,, Time: 38.06
adaptive_constant_res_val: 3.969e+00
adaptive_constant_ics_val: 1.100e+01
adaptive_constant_bcs_val: 5.754e+01
mean_grad_res: 6.975e-01
mean_grad_bcs: 5.912e-02
mean_grad_ics: 1.673e-01
It: 2100, Loss: 6.284e+00, Loss_res: 2.089e-02,  Loss_bcs: 1.044e-01, Loss_ut_ics: 1.745e-02,, Time: 37.46
adaptive_constant_res_val: 4.027e+00
adaptive_constant_ics_val: 1.092e+01
adaptive_constant_bcs_val: 5.647e+01
mean_grad_res: 4.856e+00
mean_grad_bcs: 1.225e-01
mean_grad_ics: 5.629e-01
Relative L2 error_u: 5.08e-01
Relative L2 error_r: 2.73e-01
Save uv NN parameters successfully in %s ...checkpoints/Jan-15-2024_20-52-02-773552_M2
Final loss total loss: 6.053172e+00
Final loss loss_res: 2.107491e-02
Final loss loss_bcs: 1.027717e-01
Final loss loss_ics_u_t: 1.508049e-02
average lambda_bc : 9.6282e+01
average lambda_ic : 2.6119e+01
average lambda_res : 1.0


Method: mini_batch
average of error_u_list:5.0799e-01
average of error_r_list:2.7299e-01
