Gradients information stored ...
It: 100 |  Loss: 3.149e-01 |  Loss_res: 7.385e-03 |   Loss_bcs1: 4.686e-02 | Loss_bc2s: 1.929e-02 |  loss_ics_u: 2.326e-01 |  Loss_ut_ics: 8.739e-03 |  Time: 0.11
adaptive_constant_res_val: 1.000e+00
adaptive_constant_ics_val: 9.422e+02
adaptive_constant_bcs_val: 8.048e+02
Gradients information stored ...
It: 200 |  Loss: 2.114e+02 |  Loss_res: 3.523e+01 |   Loss_bcs1: 2.571e-02 | Loss_bc2s: 1.484e-02 |  loss_ics_u: 1.776e-01 |  Loss_ut_ics: 6.672e-04 |  Time: 0.12
adaptive_constant_res_val: 1.000e+00
adaptive_constant_ics_val: 1.086e+03
adaptive_constant_bcs_val: 1.315e+03
It: 300 |  Loss: 2.791e+02 |  Loss_res: 5.068e+01 |   Loss_bcs1: 1.193e-02 | Loss_bc2s: 1.658e-03 |  loss_ics_u: 1.522e-01 |  Loss_ut_ics: 9.499e-03 |  Time: 0.11
adaptive_constant_res_val: 1.000e+00
adaptive_constant_ics_val: 1.001e+03
adaptive_constant_bcs_val: 9.589e+02
It: 400 |  Loss: 1.716e+02 |  Loss_res: 1.844e+01 |   Loss_bcs1: 1.450e-02 | Loss_bc2s: 5.876e-03 |  loss_ics_u: 1.378e-01 |  Loss_ut_ics: 1.448e-03 |  Time: 0.11
adaptive_constant_res_val: 1.000e+00
adaptive_constant_ics_val: 9.701e+02
adaptive_constant_bcs_val: 1.005e+03
It: 500 |  Loss: 1.576e+02 |  Loss_res: 1.847e+01 |   Loss_bcs1: 1.712e-02 | Loss_bc2s: 5.615e-03 |  loss_ics_u: 1.141e-01 |  Loss_ut_ics: 1.577e-03 |  Time: 0.12
adaptive_constant_res_val: 1.000e+00
adaptive_constant_ics_val: 1.004e+03
adaptive_constant_bcs_val: 1.001e+03
It: 600 |  Loss: 1.489e+02 |  Loss_res: 1.331e+01 |   Loss_bcs1: 1.837e-02 | Loss_bc2s: 4.792e-03 |  loss_ics_u: 1.091e-01 |  Loss_ut_ics: 3.220e-03 |  Time: 0.13
adaptive_constant_res_val: 1.000e+00
adaptive_constant_ics_val: 1.002e+03
adaptive_constant_bcs_val: 9.821e+02
It: 700 |  Loss: 1.775e+02 |  Loss_res: 1.373e+01 |   Loss_bcs1: 1.471e-02 | Loss_bc2s: 3.155e-03 |  loss_ics_u: 9.731e-02 |  Loss_ut_ics: 5.059e-02 |  Time: 0.13
adaptive_constant_res_val: 1.000e+00
adaptive_constant_ics_val: 1.005e+03
adaptive_constant_bcs_val: 9.655e+02
It: 800 |  Loss: 1.261e+02 |  Loss_res: 1.743e+01 |   Loss_bcs1: 6.513e-03 | Loss_bc2s: 9.767e-03 |  loss_ics_u: 9.411e-02 |  Loss_ut_ics: 2.110e-03 |  Time: 0.15
adaptive_constant_res_val: 1.000e+00
adaptive_constant_ics_val: 9.967e+02
adaptive_constant_bcs_val: 1.082e+03
It: 900 |  Loss: 1.871e+02 |  Loss_res: 1.351e+01 |   Loss_bcs1: 1.155e-02 | Loss_bc2s: 5.513e-03 |  loss_ics_u: 9.582e-02 |  Loss_ut_ics: 5.171e-02 |  Time: 0.13
adaptive_constant_res_val: 1.000e+00
adaptive_constant_ics_val: 9.979e+02
adaptive_constant_bcs_val: 9.115e+02
It: 1000 |  Loss: 1.296e+02 |  Loss_res: 8.463e+00 |   Loss_bcs1: 1.426e-02 | Loss_bc2s: 6.697e-03 |  loss_ics_u: 1.079e-01 |  Loss_ut_ics: 3.735e-03 |  Time: 0.12
adaptive_constant_res_val: 1.000e+00
adaptive_constant_ics_val: 9.972e+02
adaptive_constant_bcs_val: 1.082e+03
Gradients information stored ...
It: 1100 |  Loss: 1.549e+02 |  Loss_res: 1.128e+01 |   Loss_bcs1: 1.479e-02 | Loss_bc2s: 9.901e-03 |  loss_ics_u: 1.065e-01 |  Loss_ut_ics: 1.681e-03 |  Time: 0.25
adaptive_constant_res_val: 1.000e+00
adaptive_constant_ics_val: 1.000e+03
adaptive_constant_bcs_val: 9.712e+02
It: 1200 |  Loss: 1.299e+02 |  Loss_res: 1.248e+01 |   Loss_bcs1: 1.007e-02 | Loss_bc2s: 5.231e-03 |  loss_ics_u: 1.034e-01 |  Loss_ut_ics: 2.116e-03 |  Time: 0.11
adaptive_constant_res_val: 1.000e+00
adaptive_constant_ics_val: 1.012e+03
adaptive_constant_bcs_val: 9.993e+02
It: 1300 |  Loss: 1.718e+02 |  Loss_res: 7.694e+00 |   Loss_bcs1: 1.872e-02 | Loss_bc2s: 9.306e-03 |  loss_ics_u: 1.022e-01 |  Loss_ut_ics: 3.352e-02 |  Time: 0.12
adaptive_constant_res_val: 1.000e+00
adaptive_constant_ics_val: 9.803e+02
adaptive_constant_bcs_val: 9.709e+02
It: 1400 |  Loss: 1.277e+02 |  Loss_res: 1.197e+01 |   Loss_bcs1: 5.919e-03 | Loss_bc2s: 4.908e-03 |  loss_ics_u: 1.020e-01 |  Loss_ut_ics: 6.301e-03 |  Time: 0.11
adaptive_constant_res_val: 1.000e+00
adaptive_constant_ics_val: 1.027e+03
adaptive_constant_bcs_val: 1.053e+03
It: 1500 |  Loss: 1.230e+02 |  Loss_res: 8.843e+00 |   Loss_bcs1: 1.058e-02 | Loss_bc2s: 6.401e-03 |  loss_ics_u: 8.631e-02 |  Loss_ut_ics: 5.223e-03 |  Time: 0.13
adaptive_constant_res_val: 1.000e+00
adaptive_constant_ics_val: 9.792e+02
adaptive_constant_bcs_val: 9.905e+02
It: 1600 |  Loss: 1.403e+02 |  Loss_res: 7.796e+00 |   Loss_bcs1: 1.764e-02 | Loss_bc2s: 6.632e-03 |  loss_ics_u: 9.639e-02 |  Loss_ut_ics: 1.331e-02 |  Time: 0.11
adaptive_constant_res_val: 1.000e+00
adaptive_constant_ics_val: 9.990e+02
adaptive_constant_bcs_val: 9.690e+02
It: 1700 |  Loss: 1.371e+02 |  Loss_res: 8.322e+00 |   Loss_bcs1: 6.066e-03 | Loss_bc2s: 5.624e-03 |  loss_ics_u: 1.127e-01 |  Loss_ut_ics: 8.289e-03 |  Time: 0.10
adaptive_constant_res_val: 1.000e+00
adaptive_constant_ics_val: 1.018e+03
adaptive_constant_bcs_val: 1.006e+03
It: 1800 |  Loss: 1.303e+02 |  Loss_res: 9.000e+00 |   Loss_bcs1: 6.259e-03 | Loss_bc2s: 6.512e-03 |  loss_ics_u: 1.053e-01 |  Loss_ut_ics: 2.446e-03 |  Time: 0.11
adaptive_constant_res_val: 1.000e+00
adaptive_constant_ics_val: 9.878e+02
adaptive_constant_bcs_val: 1.022e+03
It: 1900 |  Loss: 1.909e+02 |  Loss_res: 1.254e+01 |   Loss_bcs1: 1.570e-02 | Loss_bc2s: 9.091e-03 |  loss_ics_u: 6.744e-02 |  Loss_ut_ics: 8.515e-02 |  Time: 0.11
adaptive_constant_res_val: 1.000e+00
adaptive_constant_ics_val: 9.902e+02
adaptive_constant_bcs_val: 9.491e+02
It: 2000 |  Loss: 1.222e+02 |  Loss_res: 9.131e+00 |   Loss_bcs1: 1.099e-02 | Loss_bc2s: 5.787e-03 |  loss_ics_u: 8.999e-02 |  Loss_ut_ics: 1.186e-02 |  Time: 0.11
adaptive_constant_res_val: 1.000e+00
adaptive_constant_ics_val: 1.018e+03
adaptive_constant_bcs_val: 1.090e+03
It: 2100 |  Loss: 1.150e+02 |  Loss_res: 8.652e+00 |   Loss_bcs1: 6.697e-03 | Loss_bc2s: 6.207e-03 |  loss_ics_u: 8.014e-02 |  Loss_ut_ics: 4.847e-03 |  Time: 0.11
adaptive_constant_res_val: 1.000e+00
adaptive_constant_ics_val: 9.963e+02
adaptive_constant_bcs_val: 9.700e+02
It: 2200 |  Loss: 9.265e+01 |  Loss_res: 7.077e+00 |   Loss_bcs1: 4.877e-03 | Loss_bc2s: 5.353e-03 |  loss_ics_u: 7.522e-02 |  Loss_ut_ics: 2.699e-03 |  Time: 0.13
adaptive_constant_res_val: 1.000e+00
adaptive_constant_ics_val: 9.989e+02
adaptive_constant_bcs_val: 9.912e+02
It: 2300 |  Loss: 1.061e+02 |  Loss_res: 9.444e+00 |   Loss_bcs1: 6.076e-03 | Loss_bc2s: 7.257e-03 |  loss_ics_u: 8.129e-02 |  Loss_ut_ics: 2.838e-03 |  Time: 0.13
adaptive_constant_res_val: 1.000e+00
adaptive_constant_ics_val: 9.948e+02
adaptive_constant_bcs_val: 9.881e+02
It: 2400 |  Loss: 1.166e+02 |  Loss_res: 8.829e+00 |   Loss_bcs1: 5.969e-03 | Loss_bc2s: 6.167e-03 |  loss_ics_u: 8.237e-02 |  Loss_ut_ics: 1.449e-02 |  Time: 0.13
adaptive_constant_res_val: 1.000e+00
adaptive_constant_ics_val: 1.004e+03
adaptive_constant_bcs_val: 9.942e+02
It: 2500 |  Loss: 1.165e+02 |  Loss_res: 8.415e+00 |   Loss_bcs1: 8.385e-03 | Loss_bc2s: 5.086e-03 |  loss_ics_u: 8.867e-02 |  Loss_ut_ics: 6.468e-03 |  Time: 0.12
adaptive_constant_res_val: 1.000e+00
adaptive_constant_ics_val: 9.977e+02
adaptive_constant_bcs_val: 1.013e+03
It: 2600 |  Loss: 1.012e+02 |  Loss_res: 9.413e+00 |   Loss_bcs1: 8.832e-03 | Loss_bc2s: 5.687e-03 |  loss_ics_u: 7.540e-02 |  Loss_ut_ics: 7.229e-04 |  Time: 0.12
adaptive_constant_res_val: 1.000e+00
adaptive_constant_ics_val: 1.000e+03
adaptive_constant_bcs_val: 1.016e+03
It: 2700 |  Loss: 1.106e+02 |  Loss_res: 1.158e+01 |   Loss_bcs1: 1.375e-02 | Loss_bc2s: 5.016e-03 |  loss_ics_u: 7.422e-02 |  Loss_ut_ics: 4.608e-03 |  Time: 0.12
adaptive_constant_res_val: 1.000e+00
adaptive_constant_ics_val: 9.971e+02
adaptive_constant_bcs_val: 9.806e+02
It: 2800 |  Loss: 9.992e+01 |  Loss_res: 8.816e+00 |   Loss_bcs1: 4.760e-03 | Loss_bc2s: 5.648e-03 |  loss_ics_u: 7.397e-02 |  Loss_ut_ics: 8.389e-03 |  Time: 0.12
adaptive_constant_res_val: 1.000e+00
adaptive_constant_ics_val: 1.011e+03
adaptive_constant_bcs_val: 9.993e+02
It: 2900 |  Loss: 1.169e+02 |  Loss_res: 1.447e+01 |   Loss_bcs1: 1.670e-02 | Loss_bc2s: 5.743e-03 |  loss_ics_u: 7.107e-02 |  Loss_ut_ics: 8.873e-03 |  Time: 0.15
adaptive_constant_res_val: 1.000e+00
adaptive_constant_ics_val: 9.818e+02
adaptive_constant_bcs_val: 1.005e+03
It: 3000 |  Loss: 9.792e+01 |  Loss_res: 1.163e+01 |   Loss_bcs1: 5.464e-03 | Loss_bc2s: 5.372e-03 |  loss_ics_u: 7.310e-02 |  Loss_ut_ics: 1.933e-03 |  Time: 0.16
adaptive_constant_res_val: 1.000e+00
adaptive_constant_ics_val: 1.022e+03
adaptive_constant_bcs_val: 1.002e+03
It: 3100 |  Loss: 9.037e+01 |  Loss_res: 7.721e+00 |   Loss_bcs1: 9.559e-03 | Loss_bc2s: 7.203e-03 |  loss_ics_u: 6.486e-02 |  Loss_ut_ics: 8.226e-04 |  Time: 0.11
adaptive_constant_res_val: 1.000e+00
adaptive_constant_ics_val: 9.843e+02
adaptive_constant_bcs_val: 1.004e+03
It: 3200 |  Loss: 1.072e+02 |  Loss_res: 8.545e+00 |   Loss_bcs1: 1.012e-02 | Loss_bc2s: 7.733e-03 |  loss_ics_u: 7.854e-02 |  Loss_ut_ics: 1.926e-03 |  Time: 0.18
adaptive_constant_res_val: 1.000e+00
adaptive_constant_ics_val: 1.004e+03
adaptive_constant_bcs_val: 9.785e+02
It: 3300 |  Loss: 1.499e+02 |  Loss_res: 9.958e+00 |   Loss_bcs1: 4.047e-03 | Loss_bc2s: 8.546e-03 |  loss_ics_u: 7.706e-02 |  Loss_ut_ics: 5.202e-02 |  Time: 0.12
adaptive_constant_res_val: 1.000e+00
adaptive_constant_ics_val: 1.006e+03
adaptive_constant_bcs_val: 9.700e+02
It: 3400 |  Loss: 7.672e+01 |  Loss_res: 7.452e+00 |   Loss_bcs1: 4.856e-03 | Loss_bc2s: 6.483e-03 |  loss_ics_u: 5.871e-02 |  Loss_ut_ics: 1.309e-03 |  Time: 0.12
adaptive_constant_res_val: 1.000e+00
adaptive_constant_ics_val: 9.964e+02
adaptive_constant_bcs_val: 1.112e+03
It: 3500 |  Loss: 1.789e+02 |  Loss_res: 7.549e+00 |   Loss_bcs1: 1.352e-02 | Loss_bc2s: 1.180e-02 |  loss_ics_u: 7.369e-02 |  Loss_ut_ics: 6.149e-02 |  Time: 0.12
adaptive_constant_res_val: 1.000e+00
adaptive_constant_ics_val: 9.864e+02
adaptive_constant_bcs_val: 8.783e+02
It: 3600 |  Loss: 9.050e+01 |  Loss_res: 8.137e+00 |   Loss_bcs1: 1.027e-02 | Loss_bc2s: 5.290e-03 |  loss_ics_u: 7.663e-02 |  Loss_ut_ics: 1.412e-03 |  Time: 0.12
adaptive_constant_res_val: 1.000e+00
adaptive_constant_ics_val: 1.022e+03
adaptive_constant_bcs_val: 1.126e+03
It: 3700 |  Loss: 1.020e+02 |  Loss_res: 8.410e+00 |   Loss_bcs1: 6.013e-03 | Loss_bc2s: 7.751e-03 |  loss_ics_u: 5.847e-02 |  Loss_ut_ics: 1.194e-02 |  Time: 0.12
adaptive_constant_res_val: 1.000e+00
adaptive_constant_ics_val: 9.929e+02
adaptive_constant_bcs_val: 9.564e+02
It: 3800 |  Loss: 1.014e+02 |  Loss_res: 8.330e+00 |   Loss_bcs1: 5.770e-03 | Loss_bc2s: 6.659e-03 |  loss_ics_u: 7.225e-02 |  Loss_ut_ics: 1.213e-02 |  Time: 0.12
adaptive_constant_res_val: 1.000e+00
adaptive_constant_ics_val: 9.996e+02
adaptive_constant_bcs_val: 9.807e+02
It: 3900 |  Loss: 9.456e+01 |  Loss_res: 7.710e+00 |   Loss_bcs1: 4.192e-03 | Loss_bc2s: 6.759e-03 |  loss_ics_u: 6.550e-02 |  Loss_ut_ics: 1.187e-02 |  Time: 0.14
adaptive_constant_res_val: 1.000e+00
adaptive_constant_ics_val: 1.000e+03
adaptive_constant_bcs_val: 1.019e+03
It: 4000 |  Loss: 9.642e+01 |  Loss_res: 1.056e+01 |   Loss_bcs1: 3.976e-03 | Loss_bc2s: 5.023e-03 |  loss_ics_u: 6.528e-02 |  Loss_ut_ics: 1.017e-02 |  Time: 0.12
adaptive_constant_res_val: 1.000e+00
adaptive_constant_ics_val: 1.000e+03
adaptive_constant_bcs_val: 9.954e+02
It: 4100 |  Loss: 8.646e+01 |  Loss_res: 6.649e+00 |   Loss_bcs1: 6.388e-03 | Loss_bc2s: 7.625e-03 |  loss_ics_u: 6.216e-02 |  Loss_ut_ics: 3.988e-03 |  Time: 0.12
adaptive_constant_res_val: 1.000e+00
adaptive_constant_ics_val: 9.937e+02
adaptive_constant_bcs_val: 1.007e+03
It: 4200 |  Loss: 1.042e+02 |  Loss_res: 9.982e+00 |   Loss_bcs1: 6.546e-03 | Loss_bc2s: 4.925e-03 |  loss_ics_u: 6.986e-02 |  Loss_ut_ics: 1.238e-02 |  Time: 0.11
adaptive_constant_res_val: 1.000e+00
adaptive_constant_ics_val: 1.007e+03
adaptive_constant_bcs_val: 9.774e+02
It: 4300 |  Loss: 8.229e+01 |  Loss_res: 6.710e+00 |   Loss_bcs1: 7.060e-03 | Loss_bc2s: 6.136e-03 |  loss_ics_u: 6.320e-02 |  Loss_ut_ics: 9.000e-04 |  Time: 0.11
adaptive_constant_res_val: 1.000e+00
adaptive_constant_ics_val: 9.962e+02
adaptive_constant_bcs_val: 1.031e+03
It: 4400 |  Loss: 8.044e+01 |  Loss_res: 6.788e+00 |   Loss_bcs1: 6.230e-03 | Loss_bc2s: 4.709e-03 |  loss_ics_u: 5.876e-02 |  Loss_ut_ics: 1.782e-03 |  Time: 0.13
adaptive_constant_res_val: 1.000e+00
adaptive_constant_ics_val: 1.004e+03
adaptive_constant_bcs_val: 9.870e+02
It: 4500 |  Loss: 1.044e+02 |  Loss_res: 8.050e+00 |   Loss_bcs1: 1.283e-02 | Loss_bc2s: 5.108e-03 |  loss_ics_u: 6.017e-02 |  Loss_ut_ics: 1.920e-02 |  Time: 0.15
adaptive_constant_res_val: 1.000e+00
adaptive_constant_ics_val: 9.917e+02
adaptive_constant_bcs_val: 9.800e+02
It: 4600 |  Loss: 8.114e+01 |  Loss_res: 6.186e+00 |   Loss_bcs1: 6.814e-03 | Loss_bc2s: 5.895e-03 |  loss_ics_u: 6.105e-02 |  Loss_ut_ics: 2.681e-03 |  Time: 0.11
adaptive_constant_res_val: 1.000e+00
adaptive_constant_ics_val: 1.011e+03
adaptive_constant_bcs_val: 1.032e+03
It: 4700 |  Loss: 7.566e+01 |  Loss_res: 6.645e+00 |   Loss_bcs1: 5.356e-03 | Loss_bc2s: 6.227e-03 |  loss_ics_u: 5.158e-02 |  Loss_ut_ics: 3.811e-03 |  Time: 0.13
adaptive_constant_res_val: 1.000e+00
adaptive_constant_ics_val: 9.963e+02
adaptive_constant_bcs_val: 9.935e+02
It: 4800 |  Loss: 9.434e+01 |  Loss_res: 4.761e+00 |   Loss_bcs1: 5.079e-03 | Loss_bc2s: 5.210e-03 |  loss_ics_u: 5.093e-02 |  Loss_ut_ics: 2.886e-02 |  Time: 0.12
adaptive_constant_res_val: 1.000e+00
adaptive_constant_ics_val: 1.000e+03
adaptive_constant_bcs_val: 9.710e+02
It: 4900 |  Loss: 7.842e+01 |  Loss_res: 8.419e+00 |   Loss_bcs1: 6.581e-03 | Loss_bc2s: 3.990e-03 |  loss_ics_u: 5.986e-02 |  Loss_ut_ics: 1.611e-03 |  Time: 0.11
adaptive_constant_res_val: 1.000e+00
adaptive_constant_ics_val: 9.986e+02
adaptive_constant_bcs_val: 1.039e+03
It: 5000 |  Loss: 2.261e+02 |  Loss_res: 9.078e+00 |   Loss_bcs1: 7.828e-03 | Loss_bc2s: 7.480e-03 |  loss_ics_u: 5.232e-02 |  Loss_ut_ics: 1.470e-01 |  Time: 0.12
adaptive_constant_res_val: 1.000e+00
adaptive_constant_ics_val: 9.960e+02
adaptive_constant_bcs_val: 8.689e+02
It: 5100 |  Loss: 5.904e+01 |  Loss_res: 5.209e+00 |   Loss_bcs1: 3.814e-03 | Loss_bc2s: 4.409e-03 |  loss_ics_u: 5.196e-02 |  Loss_ut_ics: 1.541e-03 |  Time: 0.11
adaptive_constant_res_val: 1.000e+00
adaptive_constant_ics_val: 1.011e+03
adaptive_constant_bcs_val: 1.291e+03
It: 5200 |  Loss: 8.988e+01 |  Loss_res: 4.714e+00 |   Loss_bcs1: 6.297e-03 | Loss_bc2s: 4.436e-03 |  loss_ics_u: 4.635e-02 |  Loss_ut_ics: 1.137e-02 |  Time: 0.11
adaptive_constant_res_val: 1.000e+00
adaptive_constant_ics_val: 9.914e+02
adaptive_constant_bcs_val: 8.737e+02
It: 5300 |  Loss: 6.495e+01 |  Loss_res: 3.599e+00 |   Loss_bcs1: 5.016e-03 | Loss_bc2s: 5.424e-03 |  loss_ics_u: 5.117e-02 |  Loss_ut_ics: 7.588e-03 |  Time: 0.14
adaptive_constant_res_val: 1.000e+00
adaptive_constant_ics_val: 1.003e+03
adaptive_constant_bcs_val: 1.003e+03
It: 5400 |  Loss: 5.265e+01 |  Loss_res: 4.457e+00 |   Loss_bcs1: 2.564e-03 | Loss_bc2s: 5.210e-03 |  loss_ics_u: 3.728e-02 |  Loss_ut_ics: 2.995e-03 |  Time: 0.11
adaptive_constant_res_val: 1.000e+00
adaptive_constant_ics_val: 1.002e+03
adaptive_constant_bcs_val: 1.018e+03
It: 5500 |  Loss: 6.929e+01 |  Loss_res: 3.697e+00 |   Loss_bcs1: 3.926e-03 | Loss_bc2s: 2.966e-03 |  loss_ics_u: 5.396e-02 |  Loss_ut_ics: 3.655e-03 |  Time: 0.11
adaptive_constant_res_val: 1.000e+00
adaptive_constant_ics_val: 9.984e+02
adaptive_constant_bcs_val: 9.683e+02
It: 5600 |  Loss: 5.449e+01 |  Loss_res: 3.692e+00 |   Loss_bcs1: 3.525e-03 | Loss_bc2s: 5.783e-03 |  loss_ics_u: 4.174e-02 |  Loss_ut_ics: 1.374e-03 |  Time: 0.12
adaptive_constant_res_val: 1.000e+00
adaptive_constant_ics_val: 9.970e+02
adaptive_constant_bcs_val: 1.029e+03
It: 5700 |  Loss: 6.173e+01 |  Loss_res: 4.308e+00 |   Loss_bcs1: 4.091e-03 | Loss_bc2s: 5.194e-03 |  loss_ics_u: 3.885e-02 |  Loss_ut_ics: 7.918e-03 |  Time: 0.13
adaptive_constant_res_val: 1.000e+00
adaptive_constant_ics_val: 1.002e+03
adaptive_constant_bcs_val: 9.838e+02
It: 5800 |  Loss: 5.944e+01 |  Loss_res: 4.210e+00 |   Loss_bcs1: 6.524e-03 | Loss_bc2s: 4.334e-03 |  loss_ics_u: 3.683e-02 |  Loss_ut_ics: 8.295e-03 |  Time: 0.11
adaptive_constant_res_val: 1.000e+00
adaptive_constant_ics_val: 9.986e+02
adaptive_constant_bcs_val: 1.005e+03
It: 5900 |  Loss: 2.755e+02 |  Loss_res: 2.909e+01 |   Loss_bcs1: 9.987e-03 | Loss_bc2s: 2.816e-02 |  loss_ics_u: 5.172e-02 |  Loss_ut_ics: 1.563e-01 |  Time: 0.11
adaptive_constant_res_val: 1.000e+00
adaptive_constant_ics_val: 9.771e+02
adaptive_constant_bcs_val: 8.623e+02
It: 6000 |  Loss: 5.568e+01 |  Loss_res: 4.148e+00 |   Loss_bcs1: 5.686e-03 | Loss_bc2s: 4.373e-03 |  loss_ics_u: 4.755e-02 |  Loss_ut_ics: 1.896e-03 |  Time: 0.12
adaptive_constant_res_val: 1.000e+00
adaptive_constant_ics_val: 1.051e+03
adaptive_constant_bcs_val: 1.336e+03
It: 6100 |  Loss: 7.497e+01 |  Loss_res: 7.453e+00 |   Loss_bcs1: 5.725e-03 | Loss_bc2s: 3.967e-03 |  loss_ics_u: 3.837e-02 |  Loss_ut_ics: 3.159e-03 |  Time: 0.15
adaptive_constant_res_val: 1.000e+00
adaptive_constant_ics_val: 9.754e+02
adaptive_constant_bcs_val: 8.732e+02
It: 6200 |  Loss: 4.990e+01 |  Loss_res: 3.582e+00 |   Loss_bcs1: 4.783e-03 | Loss_bc2s: 5.359e-03 |  loss_ics_u: 3.400e-02 |  Loss_ut_ics: 7.966e-03 |  Time: 0.13
adaptive_constant_res_val: 1.000e+00
adaptive_constant_ics_val: 9.993e+02
adaptive_constant_bcs_val: 9.925e+02
It: 6300 |  Loss: 4.855e+01 |  Loss_res: 2.719e+00 |   Loss_bcs1: 3.085e-03 | Loss_bc2s: 6.418e-03 |  loss_ics_u: 2.865e-02 |  Loss_ut_ics: 7.970e-03 |  Time: 0.11
adaptive_constant_res_val: 1.000e+00
adaptive_constant_ics_val: 1.001e+03
adaptive_constant_bcs_val: 1.005e+03
It: 6400 |  Loss: 5.210e+01 |  Loss_res: 2.570e+00 |   Loss_bcs1: 5.072e-03 | Loss_bc2s: 3.888e-03 |  loss_ics_u: 3.542e-02 |  Loss_ut_ics: 4.919e-03 |  Time: 0.11
adaptive_constant_res_val: 1.000e+00
adaptive_constant_ics_val: 9.999e+02
adaptive_constant_bcs_val: 9.919e+02
It: 6500 |  Loss: 4.432e+01 |  Loss_res: 5.583e+00 |   Loss_bcs1: 3.859e-03 | Loss_bc2s: 4.131e-03 |  loss_ics_u: 2.937e-02 |  Loss_ut_ics: 1.680e-03 |  Time: 0.11
adaptive_constant_res_val: 1.000e+00
adaptive_constant_ics_val: 1.000e+03
adaptive_constant_bcs_val: 1.012e+03
It: 6600 |  Loss: 4.179e+01 |  Loss_res: 2.858e+00 |   Loss_bcs1: 4.632e-03 | Loss_bc2s: 3.868e-03 |  loss_ics_u: 2.656e-02 |  Loss_ut_ics: 3.459e-03 |  Time: 0.11
adaptive_constant_res_val: 1.000e+00
adaptive_constant_ics_val: 9.987e+02
adaptive_constant_bcs_val: 9.926e+02
It: 6700 |  Loss: 7.876e+01 |  Loss_res: 3.588e+00 |   Loss_bcs1: 4.617e-03 | Loss_bc2s: 3.566e-03 |  loss_ics_u: 2.645e-02 |  Loss_ut_ics: 4.085e-02 |  Time: 0.14
adaptive_constant_res_val: 1.000e+00
adaptive_constant_ics_val: 1.001e+03
adaptive_constant_bcs_val: 9.661e+02
It: 6800 |  Loss: 3.542e+01 |  Loss_res: 3.719e+00 |   Loss_bcs1: 3.617e-03 | Loss_bc2s: 4.006e-03 |  loss_ics_u: 2.345e-02 |  Loss_ut_ics: 1.682e-03 |  Time: 0.11
adaptive_constant_res_val: 1.000e+00
adaptive_constant_ics_val: 1.000e+03
adaptive_constant_bcs_val: 1.074e+03
It: 6900 |  Loss: 4.138e+01 |  Loss_res: 3.611e+00 |   Loss_bcs1: 3.652e-03 | Loss_bc2s: 4.868e-03 |  loss_ics_u: 2.450e-02 |  Loss_ut_ics: 2.306e-03 |  Time: 0.11
adaptive_constant_res_val: 1.000e+00
adaptive_constant_ics_val: 9.987e+02
adaptive_constant_bcs_val: 9.613e+02
It: 7000 |  Loss: 4.148e+01 |  Loss_res: 4.616e+00 |   Loss_bcs1: 2.898e-03 | Loss_bc2s: 3.794e-03 |  loss_ics_u: 2.523e-02 |  Loss_ut_ics: 6.186e-03 |  Time: 0.20
adaptive_constant_res_val: 1.000e+00
adaptive_constant_ics_val: 1.002e+03
adaptive_constant_bcs_val: 9.974e+02
It: 7100 |  Loss: 5.403e+01 |  Loss_res: 3.260e+00 |   Loss_bcs1: 3.658e-03 | Loss_bc2s: 4.754e-03 |  loss_ics_u: 1.952e-02 |  Loss_ut_ics: 2.286e-02 |  Time: 0.12
adaptive_constant_res_val: 1.000e+00
adaptive_constant_ics_val: 9.968e+02
adaptive_constant_bcs_val: 9.943e+02
It: 7200 |  Loss: 3.902e+01 |  Loss_res: 2.705e+00 |   Loss_bcs1: 3.780e-03 | Loss_bc2s: 5.278e-03 |  loss_ics_u: 2.210e-02 |  Loss_ut_ics: 5.347e-03 |  Time: 0.11
adaptive_constant_res_val: 1.000e+00
adaptive_constant_ics_val: 1.001e+03
adaptive_constant_bcs_val: 1.024e+03
It: 7300 |  Loss: 9.429e+01 |  Loss_res: 2.420e+00 |   Loss_bcs1: 4.731e-03 | Loss_bc2s: 8.589e-03 |  loss_ics_u: 2.127e-02 |  Loss_ut_ics: 5.641e-02 |  Time: 0.11
adaptive_constant_res_val: 1.000e+00
adaptive_constant_ics_val: 9.968e+02
adaptive_constant_bcs_val: 9.430e+02
It: 7400 |  Loss: 2.924e+01 |  Loss_res: 2.200e+00 |   Loss_bcs1: 4.224e-03 | Loss_bc2s: 3.439e-03 |  loss_ics_u: 1.860e-02 |  Loss_ut_ics: 2.277e-03 |  Time: 0.11
adaptive_constant_res_val: 1.000e+00
adaptive_constant_ics_val: 1.009e+03
adaptive_constant_bcs_val: 1.101e+03
It: 7500 |  Loss: 3.917e+01 |  Loss_res: 4.402e+00 |   Loss_bcs1: 3.867e-03 | Loss_bc2s: 6.149e-03 |  loss_ics_u: 1.794e-02 |  Loss_ut_ics: 3.955e-03 |  Time: 0.11
adaptive_constant_res_val: 1.000e+00
adaptive_constant_ics_val: 9.928e+02
adaptive_constant_bcs_val: 9.493e+02
It: 7600 |  Loss: 3.505e+01 |  Loss_res: 4.317e+00 |   Loss_bcs1: 3.900e-03 | Loss_bc2s: 4.372e-03 |  loss_ics_u: 2.034e-02 |  Loss_ut_ics: 3.600e-03 |  Time: 0.11
adaptive_constant_res_val: 1.000e+00
adaptive_constant_ics_val: 1.004e+03
adaptive_constant_bcs_val: 9.991e+02
It: 7700 |  Loss: 3.377e+01 |  Loss_res: 2.602e+00 |   Loss_bcs1: 4.030e-03 | Loss_bc2s: 4.143e-03 |  loss_ics_u: 1.879e-02 |  Loss_ut_ics: 4.211e-03 |  Time: 0.07
adaptive_constant_res_val: 1.000e+00
adaptive_constant_ics_val: 9.985e+02
adaptive_constant_bcs_val: 1.003e+03
It: 7800 |  Loss: 6.960e+01 |  Loss_res: 6.186e+00 |   Loss_bcs1: 4.609e-03 | Loss_bc2s: 4.155e-03 |  loss_ics_u: 2.174e-02 |  Loss_ut_ics: 3.288e-02 |  Time: 0.08
adaptive_constant_res_val: 1.000e+00
adaptive_constant_ics_val: 9.994e+02
adaptive_constant_bcs_val: 9.711e+02
It: 7900 |  Loss: 3.379e+01 |  Loss_res: 3.003e+00 |   Loss_bcs1: 4.897e-03 | Loss_bc2s: 4.114e-03 |  loss_ics_u: 2.200e-02 |  Loss_ut_ics: 6.707e-04 |  Time: 0.06
adaptive_constant_res_val: 1.000e+00
adaptive_constant_ics_val: 1.000e+03
adaptive_constant_bcs_val: 1.059e+03
It: 8000 |  Loss: 3.217e+01 |  Loss_res: 2.843e+00 |   Loss_bcs1: 4.213e-03 | Loss_bc2s: 4.497e-03 |  loss_ics_u: 1.787e-02 |  Loss_ut_ics: 1.186e-03 |  Time: 0.07
adaptive_constant_res_val: 1.000e+00
adaptive_constant_ics_val: 1.000e+03
adaptive_constant_bcs_val: 9.748e+02
It: 8100 |  Loss: 6.058e+01 |  Loss_res: 2.820e+00 |   Loss_bcs1: 4.234e-03 | Loss_bc2s: 5.232e-03 |  loss_ics_u: 1.614e-02 |  Loss_ut_ics: 3.279e-02 |  Time: 0.07
adaptive_constant_res_val: 1.000e+00
adaptive_constant_ics_val: 9.990e+02
adaptive_constant_bcs_val: 9.703e+02
It: 8200 |  Loss: 2.714e+01 |  Loss_res: 2.087e+00 |   Loss_bcs1: 4.222e-03 | Loss_bc2s: 3.318e-03 |  loss_ics_u: 1.635e-02 |  Loss_ut_ics: 1.878e-03 |  Time: 0.07
adaptive_constant_res_val: 1.000e+00
adaptive_constant_ics_val: 1.002e+03
adaptive_constant_bcs_val: 1.056e+03
It: 8300 |  Loss: 3.060e+01 |  Loss_res: 2.651e+00 |   Loss_bcs1: 4.261e-03 | Loss_bc2s: 5.288e-03 |  loss_ics_u: 1.528e-02 |  Loss_ut_ics: 1.725e-03 |  Time: 0.07
adaptive_constant_res_val: 1.000e+00
adaptive_constant_ics_val: 9.965e+02
adaptive_constant_bcs_val: 9.738e+02
It: 8400 |  Loss: 2.845e+01 |  Loss_res: 2.098e+00 |   Loss_bcs1: 3.889e-03 | Loss_bc2s: 5.697e-03 |  loss_ics_u: 1.459e-02 |  Loss_ut_ics: 2.828e-03 |  Time: 0.07
adaptive_constant_res_val: 1.000e+00
adaptive_constant_ics_val: 1.002e+03
adaptive_constant_bcs_val: 9.985e+02
It: 8500 |  Loss: 3.067e+01 |  Loss_res: 2.229e+00 |   Loss_bcs1: 4.158e-03 | Loss_bc2s: 4.738e-03 |  loss_ics_u: 1.326e-02 |  Loss_ut_ics: 6.306e-03 |  Time: 0.07
adaptive_constant_res_val: 1.000e+00
adaptive_constant_ics_val: 1.001e+03
adaptive_constant_bcs_val: 9.984e+02
It: 8600 |  Loss: 4.382e+01 |  Loss_res: 2.776e+00 |   Loss_bcs1: 4.668e-03 | Loss_bc2s: 5.420e-03 |  loss_ics_u: 1.552e-02 |  Loss_ut_ics: 1.546e-02 |  Time: 0.07
adaptive_constant_res_val: 1.000e+00
adaptive_constant_ics_val: 9.983e+02
adaptive_constant_bcs_val: 9.917e+02
It: 8700 |  Loss: 2.799e+01 |  Loss_res: 2.001e+00 |   Loss_bcs1: 3.299e-03 | Loss_bc2s: 4.300e-03 |  loss_ics_u: 1.401e-02 |  Loss_ut_ics: 4.570e-03 |  Time: 0.07
adaptive_constant_res_val: 1.000e+00
adaptive_constant_ics_val: 1.003e+03
adaptive_constant_bcs_val: 1.022e+03
It: 8800 |  Loss: 2.711e+01 |  Loss_res: 2.387e+00 |   Loss_bcs1: 4.380e-03 | Loss_bc2s: 4.429e-03 |  loss_ics_u: 1.473e-02 |  Loss_ut_ics: 6.717e-04 |  Time: 0.08
adaptive_constant_res_val: 1.000e+00
adaptive_constant_ics_val: 9.967e+02
adaptive_constant_bcs_val: 9.917e+02
It: 8900 |  Loss: 3.090e+01 |  Loss_res: 2.345e+00 |   Loss_bcs1: 4.763e-03 | Loss_bc2s: 4.907e-03 |  loss_ics_u: 1.410e-02 |  Loss_ut_ics: 4.997e-03 |  Time: 0.06
adaptive_constant_res_val: 1.000e+00
adaptive_constant_ics_val: 1.000e+03
adaptive_constant_bcs_val: 9.938e+02
It: 9000 |  Loss: 3.219e+01 |  Loss_res: 2.857e+00 |   Loss_bcs1: 4.911e-03 | Loss_bc2s: 4.322e-03 |  loss_ics_u: 1.322e-02 |  Loss_ut_ics: 7.018e-03 |  Time: 0.06
adaptive_constant_res_val: 1.000e+00
adaptive_constant_ics_val: 1.001e+03
adaptive_constant_bcs_val: 1.002e+03
It: 9100 |  Loss: 2.621e+01 |  Loss_res: 1.633e+00 |   Loss_bcs1: 4.266e-03 | Loss_bc2s: 3.416e-03 |  loss_ics_u: 1.181e-02 |  Loss_ut_ics: 5.031e-03 |  Time: 0.06
adaptive_constant_res_val: 1.000e+00
adaptive_constant_ics_val: 1.001e+03
adaptive_constant_bcs_val: 1.004e+03
It: 9200 |  Loss: 2.996e+01 |  Loss_res: 2.822e+00 |   Loss_bcs1: 5.075e-03 | Loss_bc2s: 4.235e-03 |  loss_ics_u: 1.317e-02 |  Loss_ut_ics: 4.568e-03 |  Time: 0.06
adaptive_constant_res_val: 1.000e+00
adaptive_constant_ics_val: 9.971e+02
adaptive_constant_bcs_val: 9.962e+02
It: 9300 |  Loss: 2.548e+01 |  Loss_res: 2.546e+00 |   Loss_bcs1: 3.411e-03 | Loss_bc2s: 3.655e-03 |  loss_ics_u: 1.306e-02 |  Loss_ut_ics: 2.896e-03 |  Time: 0.07
adaptive_constant_res_val: 1.000e+00
adaptive_constant_ics_val: 1.003e+03
adaptive_constant_bcs_val: 1.002e+03
It: 9400 |  Loss: 2.683e+01 |  Loss_res: 1.699e+00 |   Loss_bcs1: 3.895e-03 | Loss_bc2s: 4.116e-03 |  loss_ics_u: 1.228e-02 |  Loss_ut_ics: 4.777e-03 |  Time: 0.08
adaptive_constant_res_val: 1.000e+00
adaptive_constant_ics_val: 9.971e+02
adaptive_constant_bcs_val: 9.974e+02
It: 9500 |  Loss: 2.379e+01 |  Loss_res: 2.516e+00 |   Loss_bcs1: 3.644e-03 | Loss_bc2s: 4.343e-03 |  loss_ics_u: 1.146e-02 |  Loss_ut_ics: 1.887e-03 |  Time: 0.12
adaptive_constant_res_val: 1.000e+00
adaptive_constant_ics_val: 1.001e+03
adaptive_constant_bcs_val: 1.004e+03
It: 9600 |  Loss: 2.681e+01 |  Loss_res: 3.074e+00 |   Loss_bcs1: 4.081e-03 | Loss_bc2s: 3.997e-03 |  loss_ics_u: 1.124e-02 |  Loss_ut_ics: 4.329e-03 |  Time: 0.07
adaptive_constant_res_val: 1.000e+00
adaptive_constant_ics_val: 9.999e+02
adaptive_constant_bcs_val: 9.947e+02
It: 9700 |  Loss: 2.957e+01 |  Loss_res: 1.568e+00 |   Loss_bcs1: 3.912e-03 | Loss_bc2s: 3.459e-03 |  loss_ics_u: 1.936e-02 |  Loss_ut_ics: 1.424e-03 |  Time: 0.07
adaptive_constant_res_val: 1.000e+00
adaptive_constant_ics_val: 1.001e+03
adaptive_constant_bcs_val: 9.973e+02
It: 9800 |  Loss: 2.600e+01 |  Loss_res: 2.520e+00 |   Loss_bcs1: 3.204e-03 | Loss_bc2s: 3.737e-03 |  loss_ics_u: 1.626e-02 |  Loss_ut_ics: 3.332e-04 |  Time: 0.08
adaptive_constant_res_val: 1.000e+00
adaptive_constant_ics_val: 9.997e+02
adaptive_constant_bcs_val: 1.008e+03
It: 9900 |  Loss: 2.235e+01 |  Loss_res: 1.884e+00 |   Loss_bcs1: 3.348e-03 | Loss_bc2s: 4.530e-03 |  loss_ics_u: 1.172e-02 |  Loss_ut_ics: 7.059e-04 |  Time: 0.08
adaptive_constant_res_val: 1.000e+00
adaptive_constant_ics_val: 9.988e+02
adaptive_constant_bcs_val: 1.000e+03
It: 10000 |  Loss: 2.665e+01 |  Loss_res: 2.187e+00 |   Loss_bcs1: 3.122e-03 | Loss_bc2s: 4.103e-03 |  loss_ics_u: 1.416e-02 |  Loss_ut_ics: 3.076e-03 |  Time: 0.07
adaptive_constant_res_val: 1.000e+00
adaptive_constant_ics_val: 1.001e+03
adaptive_constant_bcs_val: 9.919e+02
It: 10100 |  Loss: 2.125e+01 |  Loss_res: 2.117e+00 |   Loss_bcs1: 3.854e-03 | Loss_bc2s: 3.448e-03 |  loss_ics_u: 1.154e-02 |  Loss_ut_ics: 4.467e-04 |  Time: 0.08
adaptive_constant_res_val: 1.000e+00
adaptive_constant_ics_val: 9.993e+02
adaptive_constant_bcs_val: 1.009e+03
It: 10200 |  Loss: 2.555e+01 |  Loss_res: 2.668e+00 |   Loss_bcs1: 3.297e-03 | Loss_bc2s: 4.124e-03 |  loss_ics_u: 1.103e-02 |  Loss_ut_ics: 4.273e-03 |  Time: 0.07
adaptive_constant_res_val: 1.000e+00
adaptive_constant_ics_val: 1.000e+03
adaptive_constant_bcs_val: 9.923e+02
It: 10300 |  Loss: 2.255e+01 |  Loss_res: 1.853e+00 |   Loss_bcs1: 3.487e-03 | Loss_bc2s: 4.326e-03 |  loss_ics_u: 1.067e-02 |  Loss_ut_ics: 2.355e-03 |  Time: 0.08
adaptive_constant_res_val: 1.000e+00
adaptive_constant_ics_val: 9.998e+02
adaptive_constant_bcs_val: 1.005e+03
It: 10400 |  Loss: 2.270e+01 |  Loss_res: 2.259e+00 |   Loss_bcs1: 4.213e-03 | Loss_bc2s: 4.239e-03 |  loss_ics_u: 9.897e-03 |  Loss_ut_ics: 1.998e-03 |  Time: 0.07
adaptive_constant_res_val: 1.000e+00
adaptive_constant_ics_val: 9.998e+02
adaptive_constant_bcs_val: 9.990e+02
It: 10500 |  Loss: 1.888e+01 |  Loss_res: 1.912e+00 |   Loss_bcs1: 3.913e-03 | Loss_bc2s: 4.513e-03 |  loss_ics_u: 7.323e-03 |  Loss_ut_ics: 1.234e-03 |  Time: 0.07
adaptive_constant_res_val: 1.000e+00
adaptive_constant_ics_val: 1.001e+03
adaptive_constant_bcs_val: 1.002e+03
It: 10600 |  Loss: 4.309e+01 |  Loss_res: 1.909e+00 |   Loss_bcs1: 5.106e-03 | Loss_bc2s: 4.276e-03 |  loss_ics_u: 1.108e-02 |  Loss_ut_ics: 2.067e-02 |  Time: 0.07
adaptive_constant_res_val: 1.000e+00
adaptive_constant_ics_val: 9.991e+02
adaptive_constant_bcs_val: 9.764e+02
It: 10700 |  Loss: 1.820e+01 |  Loss_res: 1.709e+00 |   Loss_bcs1: 4.045e-03 | Loss_bc2s: 3.753e-03 |  loss_ics_u: 8.465e-03 |  Loss_ut_ics: 6.162e-04 |  Time: 0.08
adaptive_constant_res_val: 1.000e+00
adaptive_constant_ics_val: 1.002e+03
adaptive_constant_bcs_val: 1.042e+03
It: 10800 |  Loss: 2.161e+01 |  Loss_res: 2.196e+00 |   Loss_bcs1: 4.145e-03 | Loss_bc2s: 3.462e-03 |  loss_ics_u: 9.758e-03 |  Loss_ut_ics: 1.311e-03 |  Time: 0.08
adaptive_constant_res_val: 1.000e+00
adaptive_constant_ics_val: 9.987e+02
adaptive_constant_bcs_val: 9.781e+02
It: 10900 |  Loss: 5.061e+01 |  Loss_res: 2.194e+00 |   Loss_bcs1: 3.668e-03 | Loss_bc2s: 5.717e-03 |  loss_ics_u: 9.494e-03 |  Loss_ut_ics: 2.998e-02 |  Time: 0.08
adaptive_constant_res_val: 1.000e+00
adaptive_constant_ics_val: 9.982e+02
adaptive_constant_bcs_val: 9.765e+02
It: 11000 |  Loss: 1.901e+01 |  Loss_res: 1.728e+00 |   Loss_bcs1: 3.693e-03 | Loss_bc2s: 3.638e-03 |  loss_ics_u: 8.393e-03 |  Loss_ut_ics: 1.935e-03 |  Time: 0.07
adaptive_constant_res_val: 1.000e+00
adaptive_constant_ics_val: 1.003e+03
adaptive_constant_bcs_val: 1.053e+03
It: 11100 |  Loss: 2.748e+01 |  Loss_res: 2.734e+00 |   Loss_bcs1: 4.353e-03 | Loss_bc2s: 4.383e-03 |  loss_ics_u: 8.275e-03 |  Loss_ut_ics: 6.809e-03 |  Time: 0.07
adaptive_constant_res_val: 1.000e+00
adaptive_constant_ics_val: 9.969e+02
adaptive_constant_bcs_val: 9.699e+02
It: 11200 |  Loss: 1.997e+01 |  Loss_res: 1.658e+00 |   Loss_bcs1: 4.534e-03 | Loss_bc2s: 3.786e-03 |  loss_ics_u: 9.741e-03 |  Loss_ut_ics: 7.953e-04 |  Time: 0.07
adaptive_constant_res_val: 1.000e+00
adaptive_constant_ics_val: 1.002e+03
adaptive_constant_bcs_val: 1.008e+03
It: 11300 |  Loss: 1.753e+01 |  Loss_res: 1.804e+00 |   Loss_bcs1: 3.998e-03 | Loss_bc2s: 3.799e-03 |  loss_ics_u: 7.520e-03 |  Loss_ut_ics: 2.790e-04 |  Time: 0.04
adaptive_constant_res_val: 1.000e+00
adaptive_constant_ics_val: 1.000e+03
adaptive_constant_bcs_val: 9.984e+02
It: 11400 |  Loss: 3.702e+01 |  Loss_res: 4.091e+00 |   Loss_bcs1: 4.554e-03 | Loss_bc2s: 4.488e-03 |  loss_ics_u: 8.176e-03 |  Loss_ut_ics: 1.574e-02 |  Time: 0.03
adaptive_constant_res_val: 1.000e+00
adaptive_constant_ics_val: 9.984e+02
adaptive_constant_bcs_val: 9.832e+02
It: 11500 |  Loss: 2.211e+01 |  Loss_res: 1.656e+00 |   Loss_bcs1: 4.072e-03 | Loss_bc2s: 4.483e-03 |  loss_ics_u: 8.207e-03 |  Loss_ut_ics: 3.984e-03 |  Time: 0.04
adaptive_constant_res_val: 1.000e+00
adaptive_constant_ics_val: 1.002e+03
adaptive_constant_bcs_val: 1.025e+03
It: 11600 |  Loss: 2.233e+01 |  Loss_res: 1.832e+00 |   Loss_bcs1: 3.332e-03 | Loss_bc2s: 4.154e-03 |  loss_ics_u: 9.755e-03 |  Loss_ut_ics: 2.815e-03 |  Time: 0.03
adaptive_constant_res_val: 1.000e+00
adaptive_constant_ics_val: 1.001e+03
adaptive_constant_bcs_val: 9.892e+02
