Using mode: M1
neural network: [1, 500, 500, 1]
Bc1 Training data size : 50
Bc2 Training data size : 50
interior Training data size : 100
Activation function: tanh
number of iterations: 40001
starter_learning_rate: 1.0000e-05
Method desciption : gradual learing rate , M1, with  mini_batch batch. 
File directory: /home/vlq26735/code/PhD/GradientPathologiesPINNs/checkpoints/1DPoisson/final/Feb-27-2024_16-55-09-709055_M1
It: 0, Loss: 1.220e+04, Loss_bcs: 6.305e-01, Loss_res: 1.220e+04 ,Time: 12.19
mean_grad_bcs: 2.6610e-01
mean_grad_res: 1.4263e+02
Gradients information stored ...
It: 100, Loss: 8.099e+03, Loss_bcs: 1.234e+00, Loss_res: 8.098e+03 ,Time: 0.17
Gradients information stored ...
It: 200, Loss: 5.057e+03, Loss_bcs: 3.046e+00, Loss_res: 5.054e+03 ,Time: 0.23
It: 300, Loss: 3.094e+03, Loss_bcs: 6.573e+00, Loss_res: 3.087e+03 ,Time: 0.22
It: 400, Loss: 1.999e+03, Loss_bcs: 1.116e+01, Loss_res: 1.987e+03 ,Time: 0.21
It: 500, Loss: 1.363e+03, Loss_bcs: 1.609e+01, Loss_res: 1.347e+03 ,Time: 0.18
It: 600, Loss: 9.452e+02, Loss_bcs: 2.095e+01, Loss_res: 9.243e+02 ,Time: 0.22
It: 700, Loss: 6.712e+02, Loss_bcs: 2.515e+01, Loss_res: 6.460e+02 ,Time: 0.24
It: 800, Loss: 4.953e+02, Loss_bcs: 2.837e+01, Loss_res: 4.669e+02 ,Time: 0.19
It: 900, Loss: 3.814e+02, Loss_bcs: 3.054e+01, Loss_res: 3.508e+02 ,Time: 0.23
It: 1000, Loss: 3.051e+02, Loss_bcs: 3.165e+01, Loss_res: 2.734e+02 ,Time: 0.23
mean_grad_bcs: 2.2350e+00
mean_grad_res: 1.9465e+01
Gradients information stored ...
It: 1100, Loss: 2.513e+02, Loss_bcs: 3.188e+01, Loss_res: 2.194e+02 ,Time: 0.24
It: 1200, Loss: 2.119e+02, Loss_bcs: 3.140e+01, Loss_res: 1.805e+02 ,Time: 0.22
It: 1300, Loss: 1.820e+02, Loss_bcs: 3.043e+01, Loss_res: 1.516e+02 ,Time: 0.23
It: 1400, Loss: 1.583e+02, Loss_bcs: 2.915e+01, Loss_res: 1.291e+02 ,Time: 0.22
It: 1500, Loss: 1.387e+02, Loss_bcs: 2.770e+01, Loss_res: 1.110e+02 ,Time: 0.22
It: 1600, Loss: 1.221e+02, Loss_bcs: 2.618e+01, Loss_res: 9.589e+01 ,Time: 0.24
It: 1700, Loss: 1.076e+02, Loss_bcs: 2.466e+01, Loss_res: 8.298e+01 ,Time: 0.24
It: 1800, Loss: 9.492e+01, Loss_bcs: 2.317e+01, Loss_res: 7.175e+01 ,Time: 0.37
It: 1900, Loss: 8.359e+01, Loss_bcs: 2.173e+01, Loss_res: 6.186e+01 ,Time: 0.22
It: 2000, Loss: 7.346e+01, Loss_bcs: 2.034e+01, Loss_res: 5.312e+01 ,Time: 0.24
mean_grad_bcs: 1.8904e+00
mean_grad_res: 3.4283e+00
It: 2100, Loss: 6.440e+01, Loss_bcs: 1.900e+01, Loss_res: 4.539e+01 ,Time: 0.24
It: 2200, Loss: 5.637e+01, Loss_bcs: 1.773e+01, Loss_res: 3.863e+01 ,Time: 0.18
It: 2300, Loss: 4.932e+01, Loss_bcs: 1.653e+01, Loss_res: 3.279e+01 ,Time: 0.21
It: 2400, Loss: 4.315e+01, Loss_bcs: 1.538e+01, Loss_res: 2.777e+01 ,Time: 0.21
It: 2500, Loss: 3.776e+01, Loss_bcs: 1.431e+01, Loss_res: 2.346e+01 ,Time: 0.25
It: 2600, Loss: 3.308e+01, Loss_bcs: 1.329e+01, Loss_res: 1.979e+01 ,Time: 0.18
It: 2700, Loss: 2.902e+01, Loss_bcs: 1.233e+01, Loss_res: 1.668e+01 ,Time: 0.20
It: 2800, Loss: 2.551e+01, Loss_bcs: 1.143e+01, Loss_res: 1.407e+01 ,Time: 0.23
It: 2900, Loss: 2.247e+01, Loss_bcs: 1.059e+01, Loss_res: 1.189e+01 ,Time: 0.18
It: 3000, Loss: 1.986e+01, Loss_bcs: 9.794e+00, Loss_res: 1.006e+01 ,Time: 0.25
mean_grad_bcs: 1.3332e+00
mean_grad_res: 1.1863e+00
It: 3100, Loss: 1.759e+01, Loss_bcs: 9.051e+00, Loss_res: 8.537e+00 ,Time: 0.25
It: 3200, Loss: 1.562e+01, Loss_bcs: 8.356e+00, Loss_res: 7.267e+00 ,Time: 0.25
It: 3300, Loss: 1.391e+01, Loss_bcs: 7.705e+00, Loss_res: 6.209e+00 ,Time: 0.21
It: 3400, Loss: 1.242e+01, Loss_bcs: 7.097e+00, Loss_res: 5.326e+00 ,Time: 0.21
It: 3500, Loss: 1.112e+01, Loss_bcs: 6.529e+00, Loss_res: 4.589e+00 ,Time: 0.25
It: 3600, Loss: 9.972e+00, Loss_bcs: 6.000e+00, Loss_res: 3.972e+00 ,Time: 0.21
It: 3700, Loss: 8.960e+00, Loss_bcs: 5.506e+00, Loss_res: 3.454e+00 ,Time: 0.28
It: 3800, Loss: 8.065e+00, Loss_bcs: 5.046e+00, Loss_res: 3.019e+00 ,Time: 0.22
It: 3900, Loss: 7.270e+00, Loss_bcs: 4.619e+00, Loss_res: 2.651e+00 ,Time: 0.18
It: 4000, Loss: 6.563e+00, Loss_bcs: 4.224e+00, Loss_res: 2.339e+00 ,Time: 0.19
mean_grad_bcs: 8.7886e-01
mean_grad_res: 5.3233e-01
It: 4100, Loss: 5.932e+00, Loss_bcs: 3.857e+00, Loss_res: 2.075e+00 ,Time: 0.19
It: 4200, Loss: 5.369e+00, Loss_bcs: 3.519e+00, Loss_res: 1.851e+00 ,Time: 0.22
It: 4300, Loss: 4.865e+00, Loss_bcs: 3.206e+00, Loss_res: 1.659e+00 ,Time: 0.20
It: 4400, Loss: 4.413e+00, Loss_bcs: 2.917e+00, Loss_res: 1.496e+00 ,Time: 0.24
It: 4500, Loss: 4.006e+00, Loss_bcs: 2.650e+00, Loss_res: 1.356e+00 ,Time: 0.23
It: 4600, Loss: 3.639e+00, Loss_bcs: 2.403e+00, Loss_res: 1.236e+00 ,Time: 0.26
It: 4700, Loss: 3.307e+00, Loss_bcs: 2.174e+00, Loss_res: 1.133e+00 ,Time: 0.18
It: 4800, Loss: 3.004e+00, Loss_bcs: 1.961e+00, Loss_res: 1.043e+00 ,Time: 0.22
It: 4900, Loss: 2.724e+00, Loss_bcs: 1.763e+00, Loss_res: 9.613e-01 ,Time: 0.23
It: 5000, Loss: 2.459e+00, Loss_bcs: 1.577e+00, Loss_res: 8.820e-01 ,Time: 0.24
mean_grad_bcs: 5.4030e-01
mean_grad_res: 2.8196e-01
It: 5100, Loss: 2.213e+00, Loss_bcs: 1.407e+00, Loss_res: 8.065e-01 ,Time: 0.22
It: 5200, Loss: 1.988e+00, Loss_bcs: 1.250e+00, Loss_res: 7.383e-01 ,Time: 0.22
It: 5300, Loss: 1.784e+00, Loss_bcs: 1.106e+00, Loss_res: 6.781e-01 ,Time: 0.26
It: 5400, Loss: 1.601e+00, Loss_bcs: 9.755e-01, Loss_res: 6.252e-01 ,Time: 0.18
It: 5500, Loss: 1.434e+00, Loss_bcs: 8.563e-01, Loss_res: 5.780e-01 ,Time: 0.25
It: 5600, Loss: 1.281e+00, Loss_bcs: 7.479e-01, Loss_res: 5.336e-01 ,Time: 0.20
It: 5700, Loss: 1.138e+00, Loss_bcs: 6.495e-01, Loss_res: 4.890e-01 ,Time: 0.21
It: 5800, Loss: 1.005e+00, Loss_bcs: 5.606e-01, Loss_res: 4.442e-01 ,Time: 0.26
It: 5900, Loss: 8.838e-01, Loss_bcs: 4.812e-01, Loss_res: 4.027e-01 ,Time: 0.24
It: 6000, Loss: 7.772e-01, Loss_bcs: 4.111e-01, Loss_res: 3.661e-01 ,Time: 0.22
mean_grad_bcs: 2.7561e-01
mean_grad_res: 1.3411e-01
It: 6100, Loss: 6.845e-01, Loss_bcs: 3.498e-01, Loss_res: 3.347e-01 ,Time: 0.23
It: 6200, Loss: 6.042e-01, Loss_bcs: 2.965e-01, Loss_res: 3.078e-01 ,Time: 0.20
It: 6300, Loss: 5.349e-01, Loss_bcs: 2.503e-01, Loss_res: 2.846e-01 ,Time: 0.22
It: 6400, Loss: 4.750e-01, Loss_bcs: 2.104e-01, Loss_res: 2.646e-01 ,Time: 0.24
It: 6500, Loss: 4.230e-01, Loss_bcs: 1.761e-01, Loss_res: 2.469e-01 ,Time: 0.26
It: 6600, Loss: 3.777e-01, Loss_bcs: 1.466e-01, Loss_res: 2.311e-01 ,Time: 0.21
It: 6700, Loss: 3.382e-01, Loss_bcs: 1.213e-01, Loss_res: 2.169e-01 ,Time: 0.23
It: 6800, Loss: 3.039e-01, Loss_bcs: 9.971e-02, Loss_res: 2.042e-01 ,Time: 0.23
It: 6900, Loss: 2.740e-01, Loss_bcs: 8.134e-02, Loss_res: 1.927e-01 ,Time: 0.21
It: 7000, Loss: 2.481e-01, Loss_bcs: 6.582e-02, Loss_res: 1.823e-01 ,Time: 0.23
mean_grad_bcs: 1.0809e-01
mean_grad_res: 6.0666e-02
It: 7100, Loss: 2.256e-01, Loss_bcs: 5.279e-02, Loss_res: 1.728e-01 ,Time: 0.21
It: 7200, Loss: 2.060e-01, Loss_bcs: 4.192e-02, Loss_res: 1.641e-01 ,Time: 0.25
It: 7300, Loss: 1.890e-01, Loss_bcs: 3.294e-02, Loss_res: 1.560e-01 ,Time: 0.20
It: 7400, Loss: 1.742e-01, Loss_bcs: 2.558e-02, Loss_res: 1.486e-01 ,Time: 0.20
It: 7500, Loss: 1.613e-01, Loss_bcs: 1.962e-02, Loss_res: 1.417e-01 ,Time: 0.18
It: 7600, Loss: 1.501e-01, Loss_bcs: 1.484e-02, Loss_res: 1.353e-01 ,Time: 0.23
It: 7700, Loss: 1.404e-01, Loss_bcs: 1.105e-02, Loss_res: 1.293e-01 ,Time: 0.21
It: 7800, Loss: 1.319e-01, Loss_bcs: 8.095e-03, Loss_res: 1.238e-01 ,Time: 0.23
It: 7900, Loss: 1.244e-01, Loss_bcs: 5.824e-03, Loss_res: 1.186e-01 ,Time: 0.23
It: 8000, Loss: 1.178e-01, Loss_bcs: 4.110e-03, Loss_res: 1.137e-01 ,Time: 0.22
mean_grad_bcs: 2.3803e-02
mean_grad_res: 2.1786e-02
It: 8100, Loss: 1.120e-01, Loss_bcs: 2.844e-03, Loss_res: 1.092e-01 ,Time: 0.21
It: 8200, Loss: 1.069e-01, Loss_bcs: 1.932e-03, Loss_res: 1.049e-01 ,Time: 0.20
It: 8300, Loss: 1.022e-01, Loss_bcs: 1.296e-03, Loss_res: 1.009e-01 ,Time: 0.18
It: 8400, Loss: 9.806e-02, Loss_bcs: 8.701e-04, Loss_res: 9.719e-02 ,Time: 0.24
It: 8500, Loss: 9.428e-02, Loss_bcs: 6.003e-04, Loss_res: 9.368e-02 ,Time: 0.21
It: 8600, Loss: 9.081e-02, Loss_bcs: 4.435e-04, Loss_res: 9.037e-02 ,Time: 0.22
It: 8700, Loss: 8.762e-02, Loss_bcs: 3.657e-04, Loss_res: 8.725e-02 ,Time: 0.20
It: 8800, Loss: 8.465e-02, Loss_bcs: 3.402e-04, Loss_res: 8.431e-02 ,Time: 0.21
It: 8900, Loss: 8.187e-02, Loss_bcs: 3.470e-04, Loss_res: 8.152e-02 ,Time: 0.22
It: 9000, Loss: 7.925e-02, Loss_bcs: 3.713e-04, Loss_res: 7.887e-02 ,Time: 0.19
mean_grad_bcs: 7.1743e-03
mean_grad_res: 1.4023e-02
It: 9100, Loss: 7.676e-02, Loss_bcs: 4.028e-04, Loss_res: 7.635e-02 ,Time: 0.22
It: 9200, Loss: 7.438e-02, Loss_bcs: 4.343e-04, Loss_res: 7.394e-02 ,Time: 0.24
It: 9300, Loss: 7.209e-02, Loss_bcs: 4.615e-04, Loss_res: 7.163e-02 ,Time: 0.23
It: 9400, Loss: 6.988e-02, Loss_bcs: 4.822e-04, Loss_res: 6.940e-02 ,Time: 0.25
It: 9500, Loss: 6.773e-02, Loss_bcs: 4.951e-04, Loss_res: 6.724e-02 ,Time: 0.19
It: 9600, Loss: 6.564e-02, Loss_bcs: 5.005e-04, Loss_res: 6.514e-02 ,Time: 0.21
It: 9700, Loss: 6.359e-02, Loss_bcs: 4.994e-04, Loss_res: 6.309e-02 ,Time: 0.25
It: 9800, Loss: 6.158e-02, Loss_bcs: 4.928e-04, Loss_res: 6.109e-02 ,Time: 0.21
It: 9900, Loss: 5.962e-02, Loss_bcs: 4.819e-04, Loss_res: 5.914e-02 ,Time: 0.26
It: 10000, Loss: 5.771e-02, Loss_bcs: 4.678e-04, Loss_res: 5.724e-02 ,Time: 0.24
mean_grad_bcs: 9.5552e-03
mean_grad_res: 1.1150e-02
It: 10100, Loss: 5.583e-02, Loss_bcs: 4.508e-04, Loss_res: 5.538e-02 ,Time: 0.22
It: 10200, Loss: 5.400e-02, Loss_bcs: 4.317e-04, Loss_res: 5.357e-02 ,Time: 0.25
It: 10300, Loss: 5.221e-02, Loss_bcs: 4.110e-04, Loss_res: 5.179e-02 ,Time: 0.25
It: 10400, Loss: 5.045e-02, Loss_bcs: 3.893e-04, Loss_res: 5.006e-02 ,Time: 0.20
It: 10500, Loss: 4.874e-02, Loss_bcs: 3.670e-04, Loss_res: 4.837e-02 ,Time: 0.23
It: 10600, Loss: 4.706e-02, Loss_bcs: 3.448e-04, Loss_res: 4.672e-02 ,Time: 0.26
It: 10700, Loss: 4.543e-02, Loss_bcs: 3.232e-04, Loss_res: 4.511e-02 ,Time: 0.17
It: 10800, Loss: 4.383e-02, Loss_bcs: 3.026e-04, Loss_res: 4.353e-02 ,Time: 0.25
It: 10900, Loss: 4.228e-02, Loss_bcs: 2.832e-04, Loss_res: 4.199e-02 ,Time: 0.25
It: 11000, Loss: 4.076e-02, Loss_bcs: 2.650e-04, Loss_res: 4.049e-02 ,Time: 0.24
mean_grad_bcs: 7.2308e-03
mean_grad_res: 8.3029e-03
It: 11100, Loss: 3.927e-02, Loss_bcs: 2.483e-04, Loss_res: 3.902e-02 ,Time: 0.20
It: 11200, Loss: 3.782e-02, Loss_bcs: 2.329e-04, Loss_res: 3.759e-02 ,Time: 0.25
It: 11300, Loss: 3.641e-02, Loss_bcs: 2.187e-04, Loss_res: 3.620e-02 ,Time: 0.25
It: 11400, Loss: 3.504e-02, Loss_bcs: 2.056e-04, Loss_res: 3.484e-02 ,Time: 0.23
It: 11500, Loss: 3.371e-02, Loss_bcs: 1.934e-04, Loss_res: 3.352e-02 ,Time: 0.18
It: 11600, Loss: 3.242e-02, Loss_bcs: 1.819e-04, Loss_res: 3.224e-02 ,Time: 0.25
It: 11700, Loss: 3.116e-02, Loss_bcs: 1.711e-04, Loss_res: 3.099e-02 ,Time: 0.26
It: 11800, Loss: 2.994e-02, Loss_bcs: 1.607e-04, Loss_res: 2.978e-02 ,Time: 0.25
It: 11900, Loss: 2.876e-02, Loss_bcs: 1.509e-04, Loss_res: 2.861e-02 ,Time: 0.24
It: 12000, Loss: 2.761e-02, Loss_bcs: 1.414e-04, Loss_res: 2.747e-02 ,Time: 0.26
mean_grad_bcs: 5.2987e-03
mean_grad_res: 6.1002e-03
It: 12100, Loss: 2.649e-02, Loss_bcs: 1.322e-04, Loss_res: 2.636e-02 ,Time: 0.23
It: 12200, Loss: 2.540e-02, Loss_bcs: 1.235e-04, Loss_res: 2.528e-02 ,Time: 0.28
It: 12300, Loss: 2.434e-02, Loss_bcs: 1.150e-04, Loss_res: 2.422e-02 ,Time: 0.21
It: 12400, Loss: 2.331e-02, Loss_bcs: 1.070e-04, Loss_res: 2.320e-02 ,Time: 0.24
It: 12500, Loss: 2.231e-02, Loss_bcs: 9.937e-05, Loss_res: 2.221e-02 ,Time: 0.25
It: 12600, Loss: 2.134e-02, Loss_bcs: 9.203e-05, Loss_res: 2.125e-02 ,Time: 0.28
It: 12700, Loss: 2.041e-02, Loss_bcs: 8.507e-05, Loss_res: 2.033e-02 ,Time: 0.26
It: 12800, Loss: 1.953e-02, Loss_bcs: 7.845e-05, Loss_res: 1.945e-02 ,Time: 0.28
It: 12900, Loss: 1.868e-02, Loss_bcs: 7.252e-05, Loss_res: 1.861e-02 ,Time: 0.29
It: 13000, Loss: 1.789e-02, Loss_bcs: 6.662e-05, Loss_res: 1.782e-02 ,Time: 0.28
mean_grad_bcs: 3.6416e-03
mean_grad_res: 4.2471e-03
It: 13100, Loss: 1.713e-02, Loss_bcs: 6.128e-05, Loss_res: 1.707e-02 ,Time: 0.23
It: 13200, Loss: 1.642e-02, Loss_bcs: 5.614e-05, Loss_res: 1.636e-02 ,Time: 0.29
It: 13300, Loss: 1.574e-02, Loss_bcs: 5.182e-05, Loss_res: 1.569e-02 ,Time: 0.27
It: 13400, Loss: 1.509e-02, Loss_bcs: 4.759e-05, Loss_res: 1.504e-02 ,Time: 0.26
It: 13500, Loss: 1.447e-02, Loss_bcs: 4.396e-05, Loss_res: 1.443e-02 ,Time: 0.27
It: 13600, Loss: 1.387e-02, Loss_bcs: 4.093e-05, Loss_res: 1.383e-02 ,Time: 0.26
It: 13700, Loss: 1.331e-02, Loss_bcs: 3.808e-05, Loss_res: 1.327e-02 ,Time: 0.27
It: 13800, Loss: 1.277e-02, Loss_bcs: 3.482e-05, Loss_res: 1.273e-02 ,Time: 0.26
It: 13900, Loss: 1.224e-02, Loss_bcs: 3.240e-05, Loss_res: 1.220e-02 ,Time: 0.24
It: 14000, Loss: 1.173e-02, Loss_bcs: 3.002e-05, Loss_res: 1.170e-02 ,Time: 0.24
mean_grad_bcs: 2.4467e-03
mean_grad_res: 2.9057e-03
It: 14100, Loss: 1.126e-02, Loss_bcs: 2.789e-05, Loss_res: 1.123e-02 ,Time: 0.25
It: 14200, Loss: 1.079e-02, Loss_bcs: 2.586e-05, Loss_res: 1.076e-02 ,Time: 0.25
It: 14300, Loss: 1.034e-02, Loss_bcs: 2.396e-05, Loss_res: 1.032e-02 ,Time: 0.24
It: 14400, Loss: 9.915e-03, Loss_bcs: 2.223e-05, Loss_res: 9.893e-03 ,Time: 0.23
It: 14500, Loss: 9.506e-03, Loss_bcs: 2.060e-05, Loss_res: 9.485e-03 ,Time: 0.23
It: 14600, Loss: 9.112e-03, Loss_bcs: 1.920e-05, Loss_res: 9.093e-03 ,Time: 0.28
It: 14700, Loss: 8.736e-03, Loss_bcs: 1.780e-05, Loss_res: 8.718e-03 ,Time: 0.24
It: 14800, Loss: 8.389e-03, Loss_bcs: 1.642e-05, Loss_res: 8.373e-03 ,Time: 0.30
It: 14900, Loss: 8.041e-03, Loss_bcs: 1.525e-05, Loss_res: 8.026e-03 ,Time: 0.28
It: 15000, Loss: 7.704e-03, Loss_bcs: 1.421e-05, Loss_res: 7.690e-03 ,Time: 0.25
mean_grad_bcs: 1.6842e-03
mean_grad_res: 2.5241e-03
It: 15100, Loss: 7.393e-03, Loss_bcs: 1.314e-05, Loss_res: 7.380e-03 ,Time: 0.26
It: 15200, Loss: 7.097e-03, Loss_bcs: 1.216e-05, Loss_res: 7.085e-03 ,Time: 0.25
It: 15300, Loss: 6.816e-03, Loss_bcs: 1.126e-05, Loss_res: 6.805e-03 ,Time: 0.24
It: 15400, Loss: 6.549e-03, Loss_bcs: 1.044e-05, Loss_res: 6.539e-03 ,Time: 0.27
It: 15500, Loss: 6.296e-03, Loss_bcs: 9.656e-06, Loss_res: 6.286e-03 ,Time: 0.28
It: 15600, Loss: 6.056e-03, Loss_bcs: 8.950e-06, Loss_res: 6.047e-03 ,Time: 0.28
It: 15700, Loss: 5.827e-03, Loss_bcs: 8.301e-06, Loss_res: 5.819e-03 ,Time: 0.24
It: 15800, Loss: 5.610e-03, Loss_bcs: 7.698e-06, Loss_res: 5.603e-03 ,Time: 0.24
It: 15900, Loss: 5.403e-03, Loss_bcs: 7.156e-06, Loss_res: 5.396e-03 ,Time: 0.25
It: 16000, Loss: 5.207e-03, Loss_bcs: 6.645e-06, Loss_res: 5.200e-03 ,Time: 0.29
mean_grad_bcs: 1.1539e-03
mean_grad_res: 1.4765e-03
It: 16100, Loss: 5.018e-03, Loss_bcs: 6.190e-06, Loss_res: 5.012e-03 ,Time: 0.26
It: 16200, Loss: 4.839e-03, Loss_bcs: 5.759e-06, Loss_res: 4.833e-03 ,Time: 0.26
It: 16300, Loss: 4.666e-03, Loss_bcs: 5.371e-06, Loss_res: 4.661e-03 ,Time: 0.31
It: 16400, Loss: 4.502e-03, Loss_bcs: 4.997e-06, Loss_res: 4.497e-03 ,Time: 0.24
It: 16500, Loss: 4.344e-03, Loss_bcs: 4.672e-06, Loss_res: 4.340e-03 ,Time: 0.28
It: 16600, Loss: 4.194e-03, Loss_bcs: 4.358e-06, Loss_res: 4.189e-03 ,Time: 0.30
It: 16700, Loss: 4.049e-03, Loss_bcs: 4.070e-06, Loss_res: 4.045e-03 ,Time: 0.32
It: 16800, Loss: 3.909e-03, Loss_bcs: 3.803e-06, Loss_res: 3.905e-03 ,Time: 0.34
It: 16900, Loss: 3.776e-03, Loss_bcs: 3.545e-06, Loss_res: 3.773e-03 ,Time: 0.35
It: 17000, Loss: 3.645e-03, Loss_bcs: 3.324e-06, Loss_res: 3.642e-03 ,Time: 0.30
mean_grad_bcs: 8.1643e-04
mean_grad_res: 1.2272e-03
It: 17100, Loss: 3.521e-03, Loss_bcs: 3.105e-06, Loss_res: 3.518e-03 ,Time: 0.31
It: 17200, Loss: 3.406e-03, Loss_bcs: 2.895e-06, Loss_res: 3.403e-03 ,Time: 0.29
It: 17300, Loss: 3.287e-03, Loss_bcs: 2.716e-06, Loss_res: 3.284e-03 ,Time: 0.27
It: 17400, Loss: 3.176e-03, Loss_bcs: 2.548e-06, Loss_res: 3.174e-03 ,Time: 0.30
It: 17500, Loss: 3.098e-03, Loss_bcs: 2.415e-06, Loss_res: 3.095e-03 ,Time: 0.25
It: 17600, Loss: 2.967e-03, Loss_bcs: 2.220e-06, Loss_res: 2.965e-03 ,Time: 0.25
It: 17700, Loss: 2.869e-03, Loss_bcs: 2.082e-06, Loss_res: 2.867e-03 ,Time: 0.33
It: 17800, Loss: 2.778e-03, Loss_bcs: 2.000e-06, Loss_res: 2.776e-03 ,Time: 0.29
It: 17900, Loss: 2.690e-03, Loss_bcs: 1.824e-06, Loss_res: 2.688e-03 ,Time: 0.30
It: 18000, Loss: 2.597e-03, Loss_bcs: 1.739e-06, Loss_res: 2.596e-03 ,Time: 0.31
mean_grad_bcs: 5.8189e-04
mean_grad_res: 5.1364e-03
It: 18100, Loss: 2.520e-03, Loss_bcs: 1.530e-06, Loss_res: 2.518e-03 ,Time: 0.29
It: 18200, Loss: 2.432e-03, Loss_bcs: 1.500e-06, Loss_res: 2.431e-03 ,Time: 0.27
It: 18300, Loss: 2.357e-03, Loss_bcs: 1.407e-06, Loss_res: 2.355e-03 ,Time: 0.24
It: 18400, Loss: 2.281e-03, Loss_bcs: 1.324e-06, Loss_res: 2.279e-03 ,Time: 0.26
It: 18500, Loss: 2.210e-03, Loss_bcs: 1.233e-06, Loss_res: 2.209e-03 ,Time: 0.33
It: 18600, Loss: 2.141e-03, Loss_bcs: 1.162e-06, Loss_res: 2.140e-03 ,Time: 0.31
It: 18700, Loss: 2.076e-03, Loss_bcs: 1.072e-06, Loss_res: 2.075e-03 ,Time: 0.33
It: 18800, Loss: 2.043e-03, Loss_bcs: 1.041e-06, Loss_res: 2.042e-03 ,Time: 0.30
It: 18900, Loss: 1.952e-03, Loss_bcs: 9.649e-07, Loss_res: 1.951e-03 ,Time: 0.32
It: 19000, Loss: 1.894e-03, Loss_bcs: 9.123e-07, Loss_res: 1.893e-03 ,Time: 0.35
mean_grad_bcs: 4.2934e-04
mean_grad_res: 6.8334e-04
It: 19100, Loss: 1.846e-03, Loss_bcs: 9.406e-07, Loss_res: 1.845e-03 ,Time: 0.34
It: 19200, Loss: 1.786e-03, Loss_bcs: 8.086e-07, Loss_res: 1.785e-03 ,Time: 0.31
It: 19300, Loss: 1.739e-03, Loss_bcs: 7.580e-07, Loss_res: 1.738e-03 ,Time: 0.27
It: 19400, Loss: 1.687e-03, Loss_bcs: 7.258e-07, Loss_res: 1.687e-03 ,Time: 0.31
It: 19500, Loss: 1.639e-03, Loss_bcs: 6.896e-07, Loss_res: 1.639e-03 ,Time: 0.35
It: 19600, Loss: 1.594e-03, Loss_bcs: 6.575e-07, Loss_res: 1.593e-03 ,Time: 0.32
It: 19700, Loss: 1.550e-03, Loss_bcs: 6.287e-07, Loss_res: 1.549e-03 ,Time: 0.36
It: 19800, Loss: 1.515e-03, Loss_bcs: 5.400e-07, Loss_res: 1.515e-03 ,Time: 0.31
It: 19900, Loss: 1.469e-03, Loss_bcs: 5.560e-07, Loss_res: 1.468e-03 ,Time: 0.30
It: 20000, Loss: 1.428e-03, Loss_bcs: 5.321e-07, Loss_res: 1.427e-03 ,Time: 0.28
mean_grad_bcs: 3.2509e-04
mean_grad_res: 9.5221e-04
It: 20100, Loss: 1.390e-03, Loss_bcs: 5.036e-07, Loss_res: 1.389e-03 ,Time: 0.30
It: 20200, Loss: 1.353e-03, Loss_bcs: 4.738e-07, Loss_res: 1.353e-03 ,Time: 0.32
It: 20300, Loss: 1.319e-03, Loss_bcs: 4.565e-07, Loss_res: 1.318e-03 ,Time: 0.30
It: 20400, Loss: 1.302e-03, Loss_bcs: 5.317e-07, Loss_res: 1.302e-03 ,Time: 0.30
It: 20500, Loss: 1.255e-03, Loss_bcs: 4.135e-07, Loss_res: 1.254e-03 ,Time: 0.29
It: 20600, Loss: 1.222e-03, Loss_bcs: 3.974e-07, Loss_res: 1.222e-03 ,Time: 0.26
It: 20700, Loss: 1.198e-03, Loss_bcs: 4.265e-07, Loss_res: 1.198e-03 ,Time: 0.30
It: 20800, Loss: 1.165e-03, Loss_bcs: 3.582e-07, Loss_res: 1.164e-03 ,Time: 0.37
It: 20900, Loss: 1.136e-03, Loss_bcs: 3.442e-07, Loss_res: 1.136e-03 ,Time: 0.33
It: 21000, Loss: 1.124e-03, Loss_bcs: 2.678e-07, Loss_res: 1.123e-03 ,Time: 0.34
mean_grad_bcs: 2.8239e-04
mean_grad_res: 1.4276e-02
It: 21100, Loss: 1.084e-03, Loss_bcs: 3.161e-07, Loss_res: 1.084e-03 ,Time: 0.34
It: 21200, Loss: 1.059e-03, Loss_bcs: 3.034e-07, Loss_res: 1.059e-03 ,Time: 0.33
It: 21300, Loss: 1.064e-03, Loss_bcs: 3.971e-07, Loss_res: 1.064e-03 ,Time: 0.32
It: 21400, Loss: 1.017e-03, Loss_bcs: 2.690e-07, Loss_res: 1.017e-03 ,Time: 0.30
It: 21500, Loss: 9.907e-04, Loss_bcs: 2.657e-07, Loss_res: 9.904e-04 ,Time: 0.29
It: 21600, Loss: 9.866e-04, Loss_bcs: 2.564e-07, Loss_res: 9.864e-04 ,Time: 0.27
It: 21700, Loss: 9.483e-04, Loss_bcs: 2.431e-07, Loss_res: 9.481e-04 ,Time: 0.31
It: 21800, Loss: 9.284e-04, Loss_bcs: 2.355e-07, Loss_res: 9.281e-04 ,Time: 0.33
It: 21900, Loss: 9.098e-04, Loss_bcs: 2.248e-07, Loss_res: 9.096e-04 ,Time: 0.30
It: 22000, Loss: 8.907e-04, Loss_bcs: 2.140e-07, Loss_res: 8.905e-04 ,Time: 0.30
mean_grad_bcs: 2.1269e-04
mean_grad_res: 1.3273e-03
It: 22100, Loss: 8.727e-04, Loss_bcs: 2.088e-07, Loss_res: 8.725e-04 ,Time: 0.32
It: 22200, Loss: 8.555e-04, Loss_bcs: 2.015e-07, Loss_res: 8.553e-04 ,Time: 0.30
It: 22300, Loss: 8.422e-04, Loss_bcs: 2.253e-07, Loss_res: 8.420e-04 ,Time: 0.26
It: 22400, Loss: 8.226e-04, Loss_bcs: 1.870e-07, Loss_res: 8.224e-04 ,Time: 0.34
It: 22500, Loss: 8.071e-04, Loss_bcs: 1.842e-07, Loss_res: 8.069e-04 ,Time: 0.29
It: 22600, Loss: 7.920e-04, Loss_bcs: 1.799e-07, Loss_res: 7.918e-04 ,Time: 0.31
It: 22700, Loss: 7.775e-04, Loss_bcs: 1.697e-07, Loss_res: 7.773e-04 ,Time: 0.29
It: 22800, Loss: 7.647e-04, Loss_bcs: 1.710e-07, Loss_res: 7.645e-04 ,Time: 0.30
It: 22900, Loss: 7.498e-04, Loss_bcs: 1.593e-07, Loss_res: 7.496e-04 ,Time: 0.32
It: 23000, Loss: 7.367e-04, Loss_bcs: 1.468e-07, Loss_res: 7.366e-04 ,Time: 0.26
mean_grad_bcs: 1.7916e-04
mean_grad_res: 1.8995e-03
It: 23100, Loss: 7.413e-04, Loss_bcs: 1.490e-07, Loss_res: 7.412e-04 ,Time: 0.31
It: 23200, Loss: 7.116e-04, Loss_bcs: 1.445e-07, Loss_res: 7.115e-04 ,Time: 0.32
It: 23300, Loss: 7.043e-04, Loss_bcs: 1.400e-07, Loss_res: 7.042e-04 ,Time: 0.35
It: 23400, Loss: 6.899e-04, Loss_bcs: 1.334e-07, Loss_res: 6.897e-04 ,Time: 0.34
It: 23500, Loss: 6.766e-04, Loss_bcs: 1.293e-07, Loss_res: 6.764e-04 ,Time: 0.32
It: 23600, Loss: 6.662e-04, Loss_bcs: 1.366e-07, Loss_res: 6.661e-04 ,Time: 0.31
It: 23700, Loss: 6.552e-04, Loss_bcs: 1.235e-07, Loss_res: 6.551e-04 ,Time: 0.35
It: 23800, Loss: 6.460e-04, Loss_bcs: 1.309e-07, Loss_res: 6.459e-04 ,Time: 0.31
It: 23900, Loss: 6.351e-04, Loss_bcs: 1.162e-07, Loss_res: 6.349e-04 ,Time: 0.29
It: 24000, Loss: 6.256e-04, Loss_bcs: 1.172e-07, Loss_res: 6.255e-04 ,Time: 0.30
mean_grad_bcs: 1.4818e-04
mean_grad_res: 1.1400e-03
It: 24100, Loss: 6.163e-04, Loss_bcs: 1.088e-07, Loss_res: 6.162e-04 ,Time: 0.31
It: 24200, Loss: 6.075e-04, Loss_bcs: 1.095e-07, Loss_res: 6.074e-04 ,Time: 0.28
It: 24300, Loss: 5.984e-04, Loss_bcs: 1.027e-07, Loss_res: 5.983e-04 ,Time: 0.36
It: 24400, Loss: 5.900e-04, Loss_bcs: 9.710e-08, Loss_res: 5.899e-04 ,Time: 0.37
It: 24500, Loss: 5.815e-04, Loss_bcs: 9.807e-08, Loss_res: 5.814e-04 ,Time: 0.34
It: 24600, Loss: 5.735e-04, Loss_bcs: 9.559e-08, Loss_res: 5.734e-04 ,Time: 0.35
It: 24700, Loss: 5.657e-04, Loss_bcs: 9.254e-08, Loss_res: 5.656e-04 ,Time: 0.31
It: 24800, Loss: 5.580e-04, Loss_bcs: 8.980e-08, Loss_res: 5.579e-04 ,Time: 0.33
It: 24900, Loss: 5.531e-04, Loss_bcs: 9.266e-08, Loss_res: 5.530e-04 ,Time: 0.33
It: 25000, Loss: 5.435e-04, Loss_bcs: 8.640e-08, Loss_res: 5.434e-04 ,Time: 0.30
mean_grad_bcs: 1.3118e-04
mean_grad_res: 3.0862e-04
It: 25100, Loss: 5.365e-04, Loss_bcs: 8.340e-08, Loss_res: 5.364e-04 ,Time: 0.27
It: 25200, Loss: 5.303e-04, Loss_bcs: 8.668e-08, Loss_res: 5.302e-04 ,Time: 0.32
It: 25300, Loss: 5.230e-04, Loss_bcs: 8.021e-08, Loss_res: 5.229e-04 ,Time: 0.31
It: 25400, Loss: 5.168e-04, Loss_bcs: 7.181e-08, Loss_res: 5.168e-04 ,Time: 0.29
It: 25500, Loss: 5.102e-04, Loss_bcs: 7.713e-08, Loss_res: 5.101e-04 ,Time: 0.29
It: 25600, Loss: 5.069e-04, Loss_bcs: 7.727e-08, Loss_res: 5.068e-04 ,Time: 0.31
It: 25700, Loss: 4.981e-04, Loss_bcs: 7.257e-08, Loss_res: 4.980e-04 ,Time: 0.30
It: 25800, Loss: 5.005e-04, Loss_bcs: 4.948e-08, Loss_res: 5.005e-04 ,Time: 0.31
It: 25900, Loss: 4.866e-04, Loss_bcs: 7.040e-08, Loss_res: 4.865e-04 ,Time: 0.31
It: 26000, Loss: 4.815e-04, Loss_bcs: 6.848e-08, Loss_res: 4.814e-04 ,Time: 0.32
mean_grad_bcs: 1.1774e-04
mean_grad_res: 2.3097e-03
It: 26100, Loss: 4.755e-04, Loss_bcs: 6.609e-08, Loss_res: 4.754e-04 ,Time: 0.30
It: 26200, Loss: 4.709e-04, Loss_bcs: 6.997e-08, Loss_res: 4.708e-04 ,Time: 0.35
It: 26300, Loss: 4.652e-04, Loss_bcs: 6.349e-08, Loss_res: 4.651e-04 ,Time: 0.28
It: 26400, Loss: 4.602e-04, Loss_bcs: 6.249e-08, Loss_res: 4.601e-04 ,Time: 0.34
It: 26500, Loss: 4.607e-04, Loss_bcs: 5.948e-08, Loss_res: 4.606e-04 ,Time: 0.31
It: 26600, Loss: 4.508e-04, Loss_bcs: 6.000e-08, Loss_res: 4.507e-04 ,Time: 0.32
It: 26700, Loss: 4.462e-04, Loss_bcs: 5.856e-08, Loss_res: 4.461e-04 ,Time: 0.32
It: 26800, Loss: 4.415e-04, Loss_bcs: 5.717e-08, Loss_res: 4.415e-04 ,Time: 0.28
It: 26900, Loss: 4.369e-04, Loss_bcs: 5.682e-08, Loss_res: 4.369e-04 ,Time: 0.36
It: 27000, Loss: 4.324e-04, Loss_bcs: 5.498e-08, Loss_res: 4.324e-04 ,Time: 0.32
mean_grad_bcs: 1.0443e-04
mean_grad_res: 8.6242e-04
It: 27100, Loss: 4.281e-04, Loss_bcs: 5.296e-08, Loss_res: 4.281e-04 ,Time: 0.28
It: 27200, Loss: 4.237e-04, Loss_bcs: 5.256e-08, Loss_res: 4.237e-04 ,Time: 0.35
It: 27300, Loss: 4.200e-04, Loss_bcs: 5.023e-08, Loss_res: 4.200e-04 ,Time: 0.29
It: 27400, Loss: 4.153e-04, Loss_bcs: 5.076e-08, Loss_res: 4.153e-04 ,Time: 0.28
It: 27500, Loss: 4.115e-04, Loss_bcs: 5.428e-08, Loss_res: 4.114e-04 ,Time: 0.27
It: 27600, Loss: 4.073e-04, Loss_bcs: 4.841e-08, Loss_res: 4.073e-04 ,Time: 0.28
It: 27700, Loss: 4.037e-04, Loss_bcs: 4.780e-08, Loss_res: 4.037e-04 ,Time: 0.33
It: 27800, Loss: 3.997e-04, Loss_bcs: 4.688e-08, Loss_res: 3.997e-04 ,Time: 0.37
It: 27900, Loss: 3.960e-04, Loss_bcs: 4.613e-08, Loss_res: 3.959e-04 ,Time: 0.28
It: 28000, Loss: 3.923e-04, Loss_bcs: 4.535e-08, Loss_res: 3.923e-04 ,Time: 0.30
mean_grad_bcs: 9.4857e-05
mean_grad_res: 4.6852e-04
It: 28100, Loss: 3.887e-04, Loss_bcs: 4.376e-08, Loss_res: 3.887e-04 ,Time: 0.32
It: 28200, Loss: 3.854e-04, Loss_bcs: 4.340e-08, Loss_res: 3.853e-04 ,Time: 0.30
It: 28300, Loss: 3.819e-04, Loss_bcs: 4.334e-08, Loss_res: 3.818e-04 ,Time: 0.27
It: 28400, Loss: 3.793e-04, Loss_bcs: 4.751e-08, Loss_res: 3.792e-04 ,Time: 0.34
It: 28500, Loss: 3.753e-04, Loss_bcs: 4.165e-08, Loss_res: 3.752e-04 ,Time: 0.31
It: 28600, Loss: 3.719e-04, Loss_bcs: 4.015e-08, Loss_res: 3.719e-04 ,Time: 0.31
It: 28700, Loss: 3.688e-04, Loss_bcs: 3.917e-08, Loss_res: 3.688e-04 ,Time: 0.27
It: 28800, Loss: 3.662e-04, Loss_bcs: 4.029e-08, Loss_res: 3.662e-04 ,Time: 0.31
It: 28900, Loss: 3.635e-04, Loss_bcs: 3.977e-08, Loss_res: 3.634e-04 ,Time: 0.30
It: 29000, Loss: 3.608e-04, Loss_bcs: 3.851e-08, Loss_res: 3.607e-04 ,Time: 0.34
mean_grad_bcs: 8.9181e-05
mean_grad_res: 1.3234e-04
It: 29100, Loss: 3.580e-04, Loss_bcs: 3.824e-08, Loss_res: 3.579e-04 ,Time: 0.38
It: 29200, Loss: 3.556e-04, Loss_bcs: 3.502e-08, Loss_res: 3.556e-04 ,Time: 0.32
It: 29300, Loss: 3.523e-04, Loss_bcs: 3.692e-08, Loss_res: 3.523e-04 ,Time: 0.33
It: 29400, Loss: 3.497e-04, Loss_bcs: 3.655e-08, Loss_res: 3.496e-04 ,Time: 0.36
It: 29500, Loss: 3.469e-04, Loss_bcs: 3.563e-08, Loss_res: 3.468e-04 ,Time: 0.31
It: 29600, Loss: 3.443e-04, Loss_bcs: 3.613e-08, Loss_res: 3.443e-04 ,Time: 0.30
It: 29700, Loss: 3.419e-04, Loss_bcs: 3.484e-08, Loss_res: 3.418e-04 ,Time: 0.33
It: 29800, Loss: 3.393e-04, Loss_bcs: 3.451e-08, Loss_res: 3.393e-04 ,Time: 0.32
It: 29900, Loss: 3.368e-04, Loss_bcs: 3.397e-08, Loss_res: 3.368e-04 ,Time: 0.34
It: 30000, Loss: 3.342e-04, Loss_bcs: 3.344e-08, Loss_res: 3.342e-04 ,Time: 0.32
mean_grad_bcs: 8.1578e-05
mean_grad_res: 3.2740e-04
It: 30100, Loss: 3.318e-04, Loss_bcs: 3.225e-08, Loss_res: 3.318e-04 ,Time: 0.32
It: 30200, Loss: 3.294e-04, Loss_bcs: 3.238e-08, Loss_res: 3.294e-04 ,Time: 0.33
It: 30300, Loss: 3.269e-04, Loss_bcs: 3.155e-08, Loss_res: 3.269e-04 ,Time: 0.33
It: 30400, Loss: 3.245e-04, Loss_bcs: 3.142e-08, Loss_res: 3.245e-04 ,Time: 0.32
It: 30500, Loss: 3.221e-04, Loss_bcs: 3.079e-08, Loss_res: 3.221e-04 ,Time: 0.35
It: 30600, Loss: 3.199e-04, Loss_bcs: 3.065e-08, Loss_res: 3.199e-04 ,Time: 0.21
It: 30700, Loss: 3.176e-04, Loss_bcs: 3.019e-08, Loss_res: 3.175e-04 ,Time: 0.31
It: 30800, Loss: 3.154e-04, Loss_bcs: 2.931e-08, Loss_res: 3.154e-04 ,Time: 0.26
It: 30900, Loss: 3.131e-04, Loss_bcs: 2.836e-08, Loss_res: 3.131e-04 ,Time: 0.23
It: 31000, Loss: 3.109e-04, Loss_bcs: 2.838e-08, Loss_res: 3.109e-04 ,Time: 0.34
mean_grad_bcs: 7.6063e-05
mean_grad_res: 1.0727e-04
It: 31100, Loss: 3.086e-04, Loss_bcs: 2.806e-08, Loss_res: 3.086e-04 ,Time: 0.32
It: 31200, Loss: 3.064e-04, Loss_bcs: 2.816e-08, Loss_res: 3.064e-04 ,Time: 0.23
It: 31300, Loss: 3.044e-04, Loss_bcs: 2.751e-08, Loss_res: 3.043e-04 ,Time: 0.28
It: 31400, Loss: 3.026e-04, Loss_bcs: 2.791e-08, Loss_res: 3.026e-04 ,Time: 0.37
It: 31500, Loss: 3.007e-04, Loss_bcs: 2.745e-08, Loss_res: 3.006e-04 ,Time: 0.24
It: 31600, Loss: 2.988e-04, Loss_bcs: 2.669e-08, Loss_res: 2.987e-04 ,Time: 0.29
It: 31700, Loss: 2.967e-04, Loss_bcs: 2.654e-08, Loss_res: 2.967e-04 ,Time: 0.26
It: 31800, Loss: 2.947e-04, Loss_bcs: 2.590e-08, Loss_res: 2.947e-04 ,Time: 0.33
It: 31900, Loss: 2.927e-04, Loss_bcs: 2.434e-08, Loss_res: 2.927e-04 ,Time: 0.31
It: 32000, Loss: 2.909e-04, Loss_bcs: 2.481e-08, Loss_res: 2.909e-04 ,Time: 0.34
mean_grad_bcs: 7.1252e-05
mean_grad_res: 1.1203e-04
It: 32100, Loss: 2.891e-04, Loss_bcs: 2.485e-08, Loss_res: 2.891e-04 ,Time: 0.33
It: 32200, Loss: 2.872e-04, Loss_bcs: 2.430e-08, Loss_res: 2.872e-04 ,Time: 0.30
It: 32300, Loss: 3.222e-04, Loss_bcs: 2.271e-08, Loss_res: 3.221e-04 ,Time: 0.31
It: 32400, Loss: 2.835e-04, Loss_bcs: 2.420e-08, Loss_res: 2.835e-04 ,Time: 0.28
It: 32500, Loss: 2.818e-04, Loss_bcs: 2.389e-08, Loss_res: 2.818e-04 ,Time: 0.31
It: 32600, Loss: 2.803e-04, Loss_bcs: 2.355e-08, Loss_res: 2.802e-04 ,Time: 0.30
It: 32700, Loss: 2.784e-04, Loss_bcs: 2.287e-08, Loss_res: 2.784e-04 ,Time: 0.34
It: 32800, Loss: 2.767e-04, Loss_bcs: 2.269e-08, Loss_res: 2.767e-04 ,Time: 0.32
It: 32900, Loss: 2.750e-04, Loss_bcs: 2.211e-08, Loss_res: 2.750e-04 ,Time: 0.32
It: 33000, Loss: 2.733e-04, Loss_bcs: 2.241e-08, Loss_res: 2.732e-04 ,Time: 0.34
mean_grad_bcs: 6.7373e-05
mean_grad_res: 1.4384e-04
It: 33100, Loss: 2.716e-04, Loss_bcs: 2.157e-08, Loss_res: 2.716e-04 ,Time: 0.34
It: 33200, Loss: 2.698e-04, Loss_bcs: 2.167e-08, Loss_res: 2.697e-04 ,Time: 0.31
It: 33300, Loss: 2.683e-04, Loss_bcs: 2.136e-08, Loss_res: 2.683e-04 ,Time: 0.32
It: 33400, Loss: 2.670e-04, Loss_bcs: 2.124e-08, Loss_res: 2.669e-04 ,Time: 0.31
It: 33500, Loss: 2.656e-04, Loss_bcs: 2.116e-08, Loss_res: 2.656e-04 ,Time: 0.36
It: 33600, Loss: 2.643e-04, Loss_bcs: 2.087e-08, Loss_res: 2.643e-04 ,Time: 0.26
It: 33700, Loss: 2.628e-04, Loss_bcs: 2.042e-08, Loss_res: 2.628e-04 ,Time: 0.26
It: 33800, Loss: 2.614e-04, Loss_bcs: 2.040e-08, Loss_res: 2.614e-04 ,Time: 0.33
It: 33900, Loss: 2.599e-04, Loss_bcs: 1.996e-08, Loss_res: 2.599e-04 ,Time: 0.30
It: 34000, Loss: 2.585e-04, Loss_bcs: 1.934e-08, Loss_res: 2.585e-04 ,Time: 0.31
mean_grad_bcs: 6.3220e-05
mean_grad_res: 1.0245e-04
It: 34100, Loss: 2.569e-04, Loss_bcs: 1.937e-08, Loss_res: 2.569e-04 ,Time: 0.29
It: 34200, Loss: 2.556e-04, Loss_bcs: 1.951e-08, Loss_res: 2.555e-04 ,Time: 0.33
It: 34300, Loss: 2.542e-04, Loss_bcs: 1.953e-08, Loss_res: 2.542e-04 ,Time: 0.31
It: 34400, Loss: 2.529e-04, Loss_bcs: 1.936e-08, Loss_res: 2.529e-04 ,Time: 0.32
It: 34500, Loss: 2.516e-04, Loss_bcs: 1.914e-08, Loss_res: 2.516e-04 ,Time: 0.30
It: 34600, Loss: 2.502e-04, Loss_bcs: 1.880e-08, Loss_res: 2.502e-04 ,Time: 0.31
It: 34700, Loss: 2.488e-04, Loss_bcs: 1.841e-08, Loss_res: 2.488e-04 ,Time: 0.35
It: 34800, Loss: 2.474e-04, Loss_bcs: 1.821e-08, Loss_res: 2.473e-04 ,Time: 0.33
It: 34900, Loss: 2.460e-04, Loss_bcs: 1.751e-08, Loss_res: 2.460e-04 ,Time: 0.32
It: 35000, Loss: 2.446e-04, Loss_bcs: 1.797e-08, Loss_res: 2.446e-04 ,Time: 0.35
mean_grad_bcs: 6.0311e-05
mean_grad_res: 1.0111e-04
It: 35100, Loss: 2.432e-04, Loss_bcs: 1.754e-08, Loss_res: 2.432e-04 ,Time: 0.31
It: 35200, Loss: 2.418e-04, Loss_bcs: 1.739e-08, Loss_res: 2.418e-04 ,Time: 0.34
It: 35300, Loss: 2.405e-04, Loss_bcs: 1.687e-08, Loss_res: 2.404e-04 ,Time: 0.34
It: 35400, Loss: 2.404e-04, Loss_bcs: 1.868e-08, Loss_res: 2.404e-04 ,Time: 0.30
It: 35500, Loss: 2.381e-04, Loss_bcs: 1.728e-08, Loss_res: 2.381e-04 ,Time: 0.33
It: 35600, Loss: 2.370e-04, Loss_bcs: 1.719e-08, Loss_res: 2.370e-04 ,Time: 0.34
It: 35700, Loss: 2.359e-04, Loss_bcs: 1.672e-08, Loss_res: 2.359e-04 ,Time: 0.30
It: 35800, Loss: 2.348e-04, Loss_bcs: 1.651e-08, Loss_res: 2.348e-04 ,Time: 0.33
It: 35900, Loss: 2.337e-04, Loss_bcs: 1.616e-08, Loss_res: 2.337e-04 ,Time: 0.28
It: 36000, Loss: 2.325e-04, Loss_bcs: 1.605e-08, Loss_res: 2.325e-04 ,Time: 0.29
mean_grad_bcs: 5.6875e-05
mean_grad_res: 1.0083e-04
It: 36100, Loss: 2.313e-04, Loss_bcs: 1.573e-08, Loss_res: 2.313e-04 ,Time: 0.30
It: 36200, Loss: 2.312e-04, Loss_bcs: 1.136e-08, Loss_res: 2.312e-04 ,Time: 0.28
It: 36300, Loss: 2.289e-04, Loss_bcs: 1.520e-08, Loss_res: 2.289e-04 ,Time: 0.36
It: 36400, Loss: 2.279e-04, Loss_bcs: 1.529e-08, Loss_res: 2.279e-04 ,Time: 0.28
It: 36500, Loss: 2.267e-04, Loss_bcs: 1.529e-08, Loss_res: 2.267e-04 ,Time: 0.27
It: 36600, Loss: 2.253e-04, Loss_bcs: 1.480e-08, Loss_res: 2.253e-04 ,Time: 0.27
It: 36700, Loss: 2.241e-04, Loss_bcs: 1.430e-08, Loss_res: 2.241e-04 ,Time: 0.35
It: 36800, Loss: 2.230e-04, Loss_bcs: 1.366e-08, Loss_res: 2.230e-04 ,Time: 0.33
It: 36900, Loss: 2.219e-04, Loss_bcs: 1.434e-08, Loss_res: 2.219e-04 ,Time: 0.39
It: 37000, Loss: 2.207e-04, Loss_bcs: 1.432e-08, Loss_res: 2.207e-04 ,Time: 0.34
mean_grad_bcs: 5.3472e-05
mean_grad_res: 1.0143e-04
It: 37100, Loss: 2.196e-04, Loss_bcs: 1.407e-08, Loss_res: 2.196e-04 ,Time: 0.32
It: 37200, Loss: 2.249e-04, Loss_bcs: 1.599e-08, Loss_res: 2.249e-04 ,Time: 0.36
It: 37300, Loss: 2.176e-04, Loss_bcs: 1.474e-08, Loss_res: 2.176e-04 ,Time: 0.28
It: 37400, Loss: 2.168e-04, Loss_bcs: 1.458e-08, Loss_res: 2.168e-04 ,Time: 0.34
It: 37500, Loss: 2.160e-04, Loss_bcs: 1.444e-08, Loss_res: 2.160e-04 ,Time: 0.35
It: 37600, Loss: 2.152e-04, Loss_bcs: 1.416e-08, Loss_res: 2.152e-04 ,Time: 0.28
It: 37700, Loss: 2.143e-04, Loss_bcs: 1.403e-08, Loss_res: 2.143e-04 ,Time: 0.30
It: 37800, Loss: 2.135e-04, Loss_bcs: 1.394e-08, Loss_res: 2.135e-04 ,Time: 0.33
It: 37900, Loss: 2.125e-04, Loss_bcs: 1.378e-08, Loss_res: 2.125e-04 ,Time: 0.35
It: 38000, Loss: 2.116e-04, Loss_bcs: 1.349e-08, Loss_res: 2.116e-04 ,Time: 0.28
mean_grad_bcs: 5.2468e-05
mean_grad_res: 1.2078e-04
It: 38100, Loss: 2.106e-04, Loss_bcs: 1.308e-08, Loss_res: 2.106e-04 ,Time: 0.31
It: 38200, Loss: 2.097e-04, Loss_bcs: 1.328e-08, Loss_res: 2.097e-04 ,Time: 0.35
It: 38300, Loss: 2.087e-04, Loss_bcs: 1.257e-08, Loss_res: 2.087e-04 ,Time: 0.31
It: 38400, Loss: 2.078e-04, Loss_bcs: 1.326e-08, Loss_res: 2.078e-04 ,Time: 0.31
It: 38500, Loss: 2.067e-04, Loss_bcs: 1.255e-08, Loss_res: 2.067e-04 ,Time: 0.31
It: 38600, Loss: 2.057e-04, Loss_bcs: 1.251e-08, Loss_res: 2.057e-04 ,Time: 0.32
It: 38700, Loss: 2.048e-04, Loss_bcs: 1.226e-08, Loss_res: 2.048e-04 ,Time: 0.31
It: 38800, Loss: 2.037e-04, Loss_bcs: 1.182e-08, Loss_res: 2.037e-04 ,Time: 0.31
It: 38900, Loss: 2.088e-04, Loss_bcs: 2.229e-08, Loss_res: 2.088e-04 ,Time: 0.32
It: 39000, Loss: 2.018e-04, Loss_bcs: 1.181e-08, Loss_res: 2.018e-04 ,Time: 0.32
mean_grad_bcs: 4.8911e-05
mean_grad_res: 8.6596e-05
It: 39100, Loss: 2.009e-04, Loss_bcs: 1.183e-08, Loss_res: 2.009e-04 ,Time: 0.28
It: 39200, Loss: 2.000e-04, Loss_bcs: 1.176e-08, Loss_res: 2.000e-04 ,Time: 0.37
It: 39300, Loss: 1.991e-04, Loss_bcs: 1.159e-08, Loss_res: 1.991e-04 ,Time: 0.29
It: 39400, Loss: 1.982e-04, Loss_bcs: 1.137e-08, Loss_res: 1.982e-04 ,Time: 0.32
It: 39500, Loss: 1.975e-04, Loss_bcs: 1.159e-08, Loss_res: 1.975e-04 ,Time: 0.30
It: 39600, Loss: 1.968e-04, Loss_bcs: 1.181e-08, Loss_res: 1.968e-04 ,Time: 0.30
It: 39700, Loss: 1.961e-04, Loss_bcs: 1.181e-08, Loss_res: 1.961e-04 ,Time: 0.29
It: 39800, Loss: 1.954e-04, Loss_bcs: 1.160e-08, Loss_res: 1.954e-04 ,Time: 0.33
It: 39900, Loss: 1.947e-04, Loss_bcs: 1.138e-08, Loss_res: 1.947e-04 ,Time: 0.30
Gradients information stored ...
It: 40000, Loss: 1.940e-04, Loss_bcs: 1.125e-08, Loss_res: 1.939e-04 ,Time: 32.85
mean_grad_bcs: 4.8223e-05
mean_grad_res: 9.2671e-05
elapsed: 1.13e+04
Relative L2 error_u: 8.71e-05
Relative L2 error_r: 1.19e-04
mean value of lambda_bc: 1.00e+00
first value of lambda_bc: 1.00e+00
Relative L2 error_u: 8.71e-05
Relative L2 error_v: 1.19e-04
file directory:/home/vlq26735/code/PhD/GradientPathologiesPINNs/checkpoints/1DPoisson/final/Feb-27-2024_16-55-09-709055_M1
Save uv NN parameters successfully in %s .../home/vlq26735/code/PhD/GradientPathologiesPINNs/checkpoints/1DPoisson/final/Feb-27-2024_16-55-09-709055_M1
Final loss total loss: 1.939584e-04
Final loss loss_res: 1.939471e-04
Final loss loss_bcs: 1.125004e-08
