Gradients information stored ...
Gradients information stored ...
It: 1000, Loss: 1.936e-01, Loss_res: 2.648e-03,  Loss_bcs1: 3.470e-02,  Loss_bcs2: 1.097e-02,  loss_ics_u: 1.453e-01, Loss_ut_ics: 4.562e-03,, Time: 48.62
min_grad: 5.603e-02
update_res: 3.827e+00
update_ics_u_t: 3.999e+00
update_bcs1: 4.167e+00
update_bcs2: 4.103e+00
adaptive_constant_res_val: 6.830e+01
adaptive_constant_ics_val: 7.136e+01
adaptive_constant_bcs1_val: 7.437e+01
adaptive_constant_bcs2_val: 7.322e+01
Gradients information stored ...
It: 2000, Loss: 1.025e+01, Loss_res: 2.567e-02,  Loss_bcs1: 1.905e-02,  Loss_bcs2: 1.241e-02,  loss_ics_u: 8.647e-02, Loss_ut_ics: 7.337e-04,, Time: 41.41
min_grad: 1.021e-01
update_res: 4.884e+00
update_ics_u_t: 2.837e+00
update_bcs1: 3.814e+00
update_bcs2: 5.130e+00
adaptive_constant_res_val: 4.785e+01
adaptive_constant_ics_val: 2.780e+01
adaptive_constant_bcs1_val: 3.737e+01
adaptive_constant_bcs2_val: 5.026e+01
It: 3000, Loss: 4.504e+00, Loss_res: 1.410e-03,  Loss_bcs1: 1.566e-02,  Loss_bcs2: 7.837e-03,  loss_ics_u: 1.244e-01, Loss_ut_ics: 2.892e-04,, Time: 37.53
min_grad: 4.445e-02
update_res: 3.989e+00
update_ics_u_t: 4.220e+00
update_bcs1: 4.721e+00
update_bcs2: 4.324e+00
adaptive_constant_res_val: 8.975e+01
adaptive_constant_ics_val: 9.493e+01
adaptive_constant_bcs1_val: 1.062e+02
adaptive_constant_bcs2_val: 9.727e+01
It: 4000, Loss: 2.352e+01, Loss_res: 1.085e-01,  Loss_bcs1: 1.877e-02,  Loss_bcs2: 1.156e-02,  loss_ics_u: 1.124e-01, Loss_ut_ics: 9.287e-03,, Time: 37.64
min_grad: 1.095e-01
update_res: 7.277e+00
update_ics_u_t: 3.621e+00
update_bcs1: 2.447e+00
update_bcs2: 4.196e+00
adaptive_constant_res_val: 6.646e+01
adaptive_constant_ics_val: 3.307e+01
adaptive_constant_bcs1_val: 2.235e+01
adaptive_constant_bcs2_val: 3.832e+01
It: 5000, Loss: 4.119e+00, Loss_res: 3.600e-03,  Loss_bcs1: 2.299e-02,  Loss_bcs2: 5.298e-03,  loss_ics_u: 9.564e-02, Loss_ut_ics: 1.475e-04,, Time: 37.16
min_grad: 3.778e-02
update_res: 4.131e+00
update_ics_u_t: 3.833e+00
update_bcs1: 3.469e+00
update_bcs2: 3.668e+00
adaptive_constant_res_val: 1.094e+02
adaptive_constant_ics_val: 1.015e+02
adaptive_constant_bcs1_val: 9.182e+01
adaptive_constant_bcs2_val: 9.710e+01
It: 6000, Loss: 1.277e+01, Loss_res: 4.686e-03,  Loss_bcs1: 1.624e-02,  Loss_bcs2: 1.104e-02,  loss_ics_u: 9.557e-02, Loss_ut_ics: 1.004e-03,, Time: 35.91
min_grad: 9.506e-02
update_res: 1.466e+00
update_ics_u_t: 3.672e+00
update_bcs1: 4.327e+00
update_bcs2: 3.587e+00
adaptive_constant_res_val: 1.543e+01
adaptive_constant_ics_val: 3.863e+01
adaptive_constant_bcs1_val: 4.552e+01
adaptive_constant_bcs2_val: 3.774e+01
It: 7000, Loss: 4.181e+00, Loss_res: 1.670e-03,  Loss_bcs1: 8.757e-03,  Loss_bcs2: 1.042e-02,  loss_ics_u: 8.706e-02, Loss_ut_ics: 7.347e-04,, Time: 35.90
min_grad: 4.984e-02
update_res: 3.918e+00
update_ics_u_t: 4.358e+00
update_bcs1: 3.374e+00
update_bcs2: 2.935e+00
adaptive_constant_res_val: 7.863e+01
adaptive_constant_ics_val: 8.746e+01
adaptive_constant_bcs1_val: 6.769e+01
adaptive_constant_bcs2_val: 5.890e+01
It: 8000, Loss: 1.105e+01, Loss_res: 1.650e-03,  Loss_bcs1: 4.058e-02,  Loss_bcs2: 1.554e-02,  loss_ics_u: 8.297e-02, Loss_ut_ics: 1.343e-03,, Time: 36.69
min_grad: 6.498e-02
update_res: 3.942e+00
update_ics_u_t: 3.497e+00
update_bcs1: 6.093e+00
update_bcs2: 5.215e+00
adaptive_constant_res_val: 6.067e+01
adaptive_constant_ics_val: 5.382e+01
adaptive_constant_bcs1_val: 9.377e+01
adaptive_constant_bcs2_val: 8.026e+01
It: 9000, Loss: 7.884e+00, Loss_res: 1.966e-03,  Loss_bcs1: 1.615e-02,  Loss_bcs2: 8.635e-03,  loss_ics_u: 1.033e-01, Loss_ut_ics: 9.388e-04,, Time: 35.37
min_grad: 8.075e-02
update_res: 3.947e+00
update_ics_u_t: 4.314e+00
update_bcs1: 4.461e+00
update_bcs2: 3.479e+00
adaptive_constant_res_val: 4.888e+01
adaptive_constant_ics_val: 5.342e+01
adaptive_constant_bcs1_val: 5.525e+01
adaptive_constant_bcs2_val: 4.309e+01
It: 10000, Loss: 6.841e+00, Loss_res: 2.903e-02,  Loss_bcs1: 1.117e-02,  Loss_bcs2: 8.692e-03,  loss_ics_u: 8.291e-02, Loss_ut_ics: 1.006e-03,, Time: 35.02
min_grad: 4.379e-02
update_res: 2.564e+01
update_ics_u_t: 4.224e+00
update_bcs1: 3.279e+00
update_bcs2: 4.612e+00
adaptive_constant_res_val: 5.856e+02
adaptive_constant_ics_val: 9.646e+01
adaptive_constant_bcs1_val: 7.489e+01
adaptive_constant_bcs2_val: 1.053e+02
It: 11000, Loss: 1.694e+01, Loss_res: 9.601e-04,  Loss_bcs1: 4.926e-02,  Loss_bcs2: 6.648e-03,  loss_ics_u: 1.243e-01, Loss_ut_ics: 1.399e-03,, Time: 34.84
min_grad: 8.876e-02
update_res: 3.959e+00
update_ics_u_t: 4.977e+00
update_bcs1: 6.713e+00
update_bcs2: 3.989e+00
adaptive_constant_res_val: 4.460e+01
adaptive_constant_ics_val: 5.608e+01
adaptive_constant_bcs1_val: 7.563e+01
adaptive_constant_bcs2_val: 4.494e+01
It: 12000, Loss: 7.282e+00, Loss_res: 2.694e-03,  Loss_bcs1: 1.742e-02,  Loss_bcs2: 2.258e-02,  loss_ics_u: 8.611e-02, Loss_ut_ics: 4.447e-04,, Time: 34.55
min_grad: 9.191e-02
update_res: 4.009e+00
update_ics_u_t: 4.052e+00
update_bcs1: 4.048e+00
update_bcs2: 5.227e+00
adaptive_constant_res_val: 4.361e+01
adaptive_constant_ics_val: 4.408e+01
adaptive_constant_bcs1_val: 4.404e+01
adaptive_constant_bcs2_val: 5.687e+01
It: 13000, Loss: 6.295e+00, Loss_res: 1.719e-03,  Loss_bcs1: 1.977e-02,  Loss_bcs2: 1.558e-02,  loss_ics_u: 1.013e-01, Loss_ut_ics: 4.414e-04,, Time: 35.27
min_grad: 8.406e-02
update_res: 3.921e+00
update_ics_u_t: 3.762e+00
update_bcs1: 4.994e+00
update_bcs2: 3.753e+00
adaptive_constant_res_val: 4.664e+01
adaptive_constant_ics_val: 4.475e+01
adaptive_constant_bcs1_val: 5.940e+01
adaptive_constant_bcs2_val: 4.464e+01
It: 14000, Loss: 5.069e+00, Loss_res: 2.155e-03,  Loss_bcs1: 1.414e-02,  Loss_bcs2: 2.235e-02,  loss_ics_u: 6.996e-02, Loss_ut_ics: 1.442e-03,, Time: 35.98
min_grad: 1.408e-01
update_res: 4.075e+00
update_ics_u_t: 3.185e+00
update_bcs1: 4.896e+00
update_bcs2: 3.960e+00
adaptive_constant_res_val: 2.894e+01
adaptive_constant_ics_val: 2.262e+01
adaptive_constant_bcs1_val: 3.477e+01
adaptive_constant_bcs2_val: 2.812e+01
It: 15000, Loss: 2.948e+00, Loss_res: 2.939e-03,  Loss_bcs1: 1.012e-02,  Loss_bcs2: 1.703e-02,  loss_ics_u: 8.985e-02, Loss_ut_ics: 4.133e-04,, Time: 35.77
min_grad: 7.063e-02
update_res: 4.144e+00
update_ics_u_t: 5.596e+00
update_bcs1: 4.626e+00
update_bcs2: 5.158e+00
adaptive_constant_res_val: 5.868e+01
adaptive_constant_ics_val: 7.923e+01
adaptive_constant_bcs1_val: 6.550e+01
adaptive_constant_bcs2_val: 7.303e+01
It: 16000, Loss: 8.515e+00, Loss_res: 2.131e-03,  Loss_bcs1: 1.592e-02,  Loss_bcs2: 1.487e-02,  loss_ics_u: 7.902e-02, Loss_ut_ics: 1.881e-04,, Time: 36.65
min_grad: 7.650e-02
update_res: 4.088e+00
update_ics_u_t: 3.871e+00
update_bcs1: 3.940e+00
update_bcs2: 3.273e+00
adaptive_constant_res_val: 5.344e+01
adaptive_constant_ics_val: 5.060e+01
adaptive_constant_bcs1_val: 5.150e+01
adaptive_constant_bcs2_val: 4.278e+01
It: 17000, Loss: 5.130e+00, Loss_res: 8.848e-03,  Loss_bcs1: 1.134e-02,  Loss_bcs2: 1.414e-02,  loss_ics_u: 6.854e-02, Loss_ut_ics: 1.280e-03,, Time: 37.09
min_grad: 6.757e-02
update_res: 6.078e+00
update_ics_u_t: 4.735e+00
update_bcs1: 4.145e+00
update_bcs2: 5.261e+00
adaptive_constant_res_val: 8.995e+01
adaptive_constant_ics_val: 7.007e+01
adaptive_constant_bcs1_val: 6.134e+01
adaptive_constant_bcs2_val: 7.786e+01
It: 18000, Loss: 6.475e+00, Loss_res: 1.117e-03,  Loss_bcs1: 1.302e-02,  Loss_bcs2: 8.386e-03,  loss_ics_u: 7.026e-02, Loss_ut_ics: 5.302e-04,, Time: 39.45
min_grad: 3.892e-02
update_res: 4.042e+00
update_ics_u_t: 3.906e+00
update_bcs1: 3.273e+00
update_bcs2: 3.230e+00
adaptive_constant_res_val: 1.039e+02
adaptive_constant_ics_val: 1.004e+02
adaptive_constant_bcs1_val: 8.411e+01
adaptive_constant_bcs2_val: 8.299e+01
It: 19000, Loss: 8.556e+00, Loss_res: 2.060e-03,  Loss_bcs1: 1.296e-02,  Loss_bcs2: 8.782e-03,  loss_ics_u: 6.499e-02, Loss_ut_ics: 8.869e-04,, Time: 62.67
min_grad: 6.504e-02
update_res: 3.853e+00
update_ics_u_t: 4.060e+00
update_bcs1: 3.675e+00
update_bcs2: 3.961e+00
adaptive_constant_res_val: 5.924e+01
adaptive_constant_ics_val: 6.242e+01
adaptive_constant_bcs1_val: 5.651e+01
adaptive_constant_bcs2_val: 6.089e+01
It: 20000, Loss: 4.636e+00, Loss_res: 2.001e-03,  Loss_bcs1: 9.511e-03,  Loss_bcs2: 7.369e-03,  loss_ics_u: 5.657e-02, Loss_ut_ics: 7.252e-04,, Time: 73.86
min_grad: 4.159e-02
update_res: 3.433e+00
update_ics_u_t: 3.819e+00
update_bcs1: 3.662e+00
update_bcs2: 3.003e+00
adaptive_constant_res_val: 8.255e+01
adaptive_constant_ics_val: 9.181e+01
adaptive_constant_bcs1_val: 8.806e+01
adaptive_constant_bcs2_val: 7.221e+01
It: 21000, Loss: 6.266e+00, Loss_res: 1.653e-03,  Loss_bcs1: 6.495e-03,  Loss_bcs2: 7.830e-03,  loss_ics_u: 5.437e-02, Loss_ut_ics: 2.739e-04,, Time: 73.41
min_grad: 5.776e-02
update_res: 4.395e+00
update_ics_u_t: 4.454e+00
update_bcs1: 4.615e+00
update_bcs2: 3.135e+00
adaptive_constant_res_val: 7.610e+01
adaptive_constant_ics_val: 7.712e+01
adaptive_constant_bcs1_val: 7.990e+01
adaptive_constant_bcs2_val: 5.428e+01
It: 22000, Loss: 5.051e+00, Loss_res: 3.384e-03,  Loss_bcs1: 9.260e-03,  Loss_bcs2: 6.132e-03,  loss_ics_u: 4.825e-02, Loss_ut_ics: 1.063e-03,, Time: 72.69
min_grad: 2.986e-02
update_res: 4.746e+00
update_ics_u_t: 3.704e+00
update_bcs1: 5.168e+00
update_bcs2: 2.901e+00
adaptive_constant_res_val: 1.589e+02
adaptive_constant_ics_val: 1.241e+02
adaptive_constant_bcs1_val: 1.731e+02
adaptive_constant_bcs2_val: 9.714e+01
It: 23000, Loss: 6.902e+00, Loss_res: 8.580e-04,  Loss_bcs1: 4.738e-03,  Loss_bcs2: 4.778e-03,  loss_ics_u: 4.419e-02, Loss_ut_ics: 2.556e-04,, Time: 70.43
min_grad: 2.891e-02
update_res: 3.878e+00
update_ics_u_t: 3.882e+00
update_bcs1: 3.646e+00
update_bcs2: 2.826e+00
adaptive_constant_res_val: 1.341e+02
adaptive_constant_ics_val: 1.343e+02
adaptive_constant_bcs1_val: 1.261e+02
adaptive_constant_bcs2_val: 9.778e+01
It: 24000, Loss: 7.911e+00, Loss_res: 2.029e-03,  Loss_bcs1: 5.134e-03,  Loss_bcs2: 6.771e-03,  loss_ics_u: 4.713e-02, Loss_ut_ics: 1.880e-03,, Time: 71.09
min_grad: 5.398e-02
update_res: 3.795e+00
update_ics_u_t: 3.922e+00
update_bcs1: 4.025e+00
update_bcs2: 2.706e+00
adaptive_constant_res_val: 7.031e+01
adaptive_constant_ics_val: 7.266e+01
adaptive_constant_bcs1_val: 7.458e+01
adaptive_constant_bcs2_val: 5.014e+01
It: 25000, Loss: 3.558e+00, Loss_res: 1.306e-03,  Loss_bcs1: 5.224e-03,  Loss_bcs2: 5.834e-03,  loss_ics_u: 3.832e-02, Loss_ut_ics: 6.378e-04,, Time: 69.82
min_grad: 2.105e-02
update_res: 3.741e+00
update_ics_u_t: 3.463e+00
update_bcs1: 4.008e+00
update_bcs2: 4.402e+00
adaptive_constant_res_val: 1.777e+02
adaptive_constant_ics_val: 1.645e+02
adaptive_constant_bcs1_val: 1.904e+02
adaptive_constant_bcs2_val: 2.091e+02
It: 26000, Loss: 9.114e+00, Loss_res: 2.832e-03,  Loss_bcs1: 4.450e-03,  Loss_bcs2: 6.754e-03,  loss_ics_u: 3.862e-02, Loss_ut_ics: 5.309e-04,, Time: 70.36
min_grad: 3.087e-02
update_res: 4.179e+00
update_ics_u_t: 3.839e+00
update_bcs1: 3.828e+00
update_bcs2: 4.014e+00
adaptive_constant_res_val: 1.354e+02
adaptive_constant_ics_val: 1.243e+02
adaptive_constant_bcs1_val: 1.240e+02
adaptive_constant_bcs2_val: 1.300e+02
It: 27000, Loss: 6.842e+00, Loss_res: 1.048e-03,  Loss_bcs1: 7.591e-03,  Loss_bcs2: 6.315e-03,  loss_ics_u: 3.971e-02, Loss_ut_ics: 4.711e-04,, Time: 70.25
min_grad: 5.002e-02
update_res: 4.026e+00
update_ics_u_t: 4.268e+00
update_bcs1: 3.512e+00
update_bcs2: 4.611e+00
adaptive_constant_res_val: 8.050e+01
adaptive_constant_ics_val: 8.534e+01
adaptive_constant_bcs1_val: 7.022e+01
adaptive_constant_bcs2_val: 9.220e+01
It: 28000, Loss: 3.658e+00, Loss_res: 1.209e-03,  Loss_bcs1: 5.308e-03,  Loss_bcs2: 6.846e-03,  loss_ics_u: 2.996e-02, Loss_ut_ics: 5.595e-04,, Time: 70.64
min_grad: 3.497e-02
update_res: 4.506e+00
update_ics_u_t: 3.574e+00
update_bcs1: 5.140e+00
update_bcs2: 3.866e+00
adaptive_constant_res_val: 1.289e+02
adaptive_constant_ics_val: 1.022e+02
adaptive_constant_bcs1_val: 1.470e+02
adaptive_constant_bcs2_val: 1.106e+02
It: 29000, Loss: 4.868e+00, Loss_res: 1.959e-03,  Loss_bcs1: 4.046e-03,  Loss_bcs2: 6.791e-03,  loss_ics_u: 3.200e-02, Loss_ut_ics: 4.676e-04,, Time: 70.32
min_grad: 4.749e-02
update_res: 3.675e+00
update_ics_u_t: 3.738e+00
update_bcs1: 3.816e+00
update_bcs2: 4.464e+00
adaptive_constant_res_val: 7.738e+01
adaptive_constant_ics_val: 7.870e+01
adaptive_constant_bcs1_val: 8.034e+01
adaptive_constant_bcs2_val: 9.398e+01
It: 30000, Loss: 3.225e+00, Loss_res: 1.425e-03,  Loss_bcs1: 3.782e-03,  Loss_bcs2: 6.489e-03,  loss_ics_u: 2.796e-02, Loss_ut_ics: 6.487e-04,, Time: 70.11
min_grad: 2.813e-02
update_res: 4.170e+00
update_ics_u_t: 3.359e+00
update_bcs1: 3.485e+00
update_bcs2: 3.367e+00
adaptive_constant_res_val: 1.482e+02
adaptive_constant_ics_val: 1.194e+02
adaptive_constant_bcs1_val: 1.239e+02
adaptive_constant_bcs2_val: 1.197e+02
It: 31000, Loss: 4.616e+00, Loss_res: 7.268e-04,  Loss_bcs1: 4.613e-03,  Loss_bcs2: 5.457e-03,  loss_ics_u: 2.750e-02, Loss_ut_ics: 3.444e-04,, Time: 73.02
min_grad: 3.278e-02
update_res: 3.958e+00
update_ics_u_t: 4.163e+00
update_bcs1: 3.393e+00
update_bcs2: 2.635e+00
adaptive_constant_res_val: 1.207e+02
adaptive_constant_ics_val: 1.270e+02
adaptive_constant_bcs1_val: 1.035e+02
adaptive_constant_bcs2_val: 8.036e+01
It: 32000, Loss: 4.742e+00, Loss_res: 1.099e-03,  Loss_bcs1: 5.714e-03,  Loss_bcs2: 8.269e-03,  loss_ics_u: 2.641e-02, Loss_ut_ics: 3.510e-04,, Time: 73.69
min_grad: 3.263e-02
update_res: 3.892e+00
update_ics_u_t: 3.729e+00
update_bcs1: 3.852e+00
update_bcs2: 4.146e+00
adaptive_constant_res_val: 1.193e+02
adaptive_constant_ics_val: 1.143e+02
adaptive_constant_bcs1_val: 1.181e+02
adaptive_constant_bcs2_val: 1.271e+02
It: 33000, Loss: 4.534e+00, Loss_res: 1.346e-03,  Loss_bcs1: 4.146e-03,  Loss_bcs2: 5.950e-03,  loss_ics_u: 2.737e-02, Loss_ut_ics: 5.804e-04,, Time: 71.28
min_grad: 2.793e-02
update_res: 3.839e+00
update_ics_u_t: 4.442e+00
update_bcs1: 3.182e+00
update_bcs2: 4.056e+00
adaptive_constant_res_val: 1.374e+02
adaptive_constant_ics_val: 1.590e+02
adaptive_constant_bcs1_val: 1.139e+02
adaptive_constant_bcs2_val: 1.452e+02
It: 34000, Loss: 5.193e+00, Loss_res: 3.396e-03,  Loss_bcs1: 5.000e-03,  Loss_bcs2: 9.428e-03,  loss_ics_u: 1.753e-02, Loss_ut_ics: 3.430e-04,, Time: 70.36
min_grad: 3.060e-02
update_res: 4.047e+00
update_ics_u_t: 3.747e+00
update_bcs1: 3.841e+00
update_bcs2: 4.940e+00
adaptive_constant_res_val: 1.323e+02
adaptive_constant_ics_val: 1.225e+02
adaptive_constant_bcs1_val: 1.255e+02
adaptive_constant_bcs2_val: 1.614e+02
It: 35000, Loss: 4.359e+00, Loss_res: 1.714e-03,  Loss_bcs1: 3.962e-03,  Loss_bcs2: 6.650e-03,  loss_ics_u: 2.092e-02, Loss_ut_ics: 6.416e-04,, Time: 67.17
min_grad: 1.879e-02
update_res: 4.318e+00
update_ics_u_t: 4.108e+00
update_bcs1: 4.075e+00
update_bcs2: 3.232e+00
adaptive_constant_res_val: 2.297e+02
adaptive_constant_ics_val: 2.186e+02
adaptive_constant_bcs1_val: 2.168e+02
adaptive_constant_bcs2_val: 1.720e+02
It: 36000, Loss: 6.760e+00, Loss_res: 2.246e-03,  Loss_bcs1: 4.357e-03,  Loss_bcs2: 7.679e-03,  loss_ics_u: 1.821e-02, Loss_ut_ics: 2.751e-04,, Time: 67.62
min_grad: 2.093e-02
update_res: 4.903e+00
update_ics_u_t: 3.829e+00
update_bcs1: 3.752e+00
update_bcs2: 4.101e+00
adaptive_constant_res_val: 2.342e+02
adaptive_constant_ics_val: 1.829e+02
adaptive_constant_bcs1_val: 1.792e+02
adaptive_constant_bcs2_val: 1.960e+02
It: 37000, Loss: 5.830e+00, Loss_res: 1.287e-03,  Loss_bcs1: 2.763e-03,  Loss_bcs2: 6.985e-03,  loss_ics_u: 2.003e-02, Loss_ut_ics: 2.753e-04,, Time: 75.74
min_grad: 1.839e-02
update_res: 4.007e+00
update_ics_u_t: 4.295e+00
update_bcs1: 3.995e+00
update_bcs2: 3.540e+00
adaptive_constant_res_val: 2.179e+02
adaptive_constant_ics_val: 2.335e+02
adaptive_constant_bcs1_val: 2.172e+02
adaptive_constant_bcs2_val: 1.925e+02
It: 38000, Loss: 6.642e+00, Loss_res: 1.290e-03,  Loss_bcs1: 3.372e-03,  Loss_bcs2: 6.587e-03,  loss_ics_u: 1.867e-02, Loss_ut_ics: 6.334e-04,, Time: 80.11
min_grad: 3.022e-02
update_res: 4.526e+00
update_ics_u_t: 4.122e+00
update_bcs1: 3.435e+00
update_bcs2: 2.818e+00
adaptive_constant_res_val: 1.498e+02
adaptive_constant_ics_val: 1.364e+02
adaptive_constant_bcs1_val: 1.137e+02
adaptive_constant_bcs2_val: 9.324e+01
It: 39000, Loss: 3.412e+00, Loss_res: 1.195e-03,  Loss_bcs1: 4.779e-03,  Loss_bcs2: 5.383e-03,  loss_ics_u: 1.604e-02, Loss_ut_ics: 3.513e-04,, Time: 75.92
min_grad: 2.721e-02
update_res: 3.980e+00
update_ics_u_t: 3.968e+00
update_bcs1: 4.055e+00
update_bcs2: 2.513e+00
adaptive_constant_res_val: 1.463e+02
adaptive_constant_ics_val: 1.458e+02
adaptive_constant_bcs1_val: 1.490e+02
adaptive_constant_bcs2_val: 9.234e+01
Gradients information stored ...
It: 40000, Loss: 3.698e+00, Loss_res: 8.301e-04,  Loss_bcs1: 4.330e-03,  Loss_bcs2: 9.016e-03,  loss_ics_u: 1.439e-02, Loss_ut_ics: 5.501e-04,, Time: 83.20
min_grad: 2.652e-02
update_res: 3.644e+00
update_ics_u_t: 3.683e+00
update_bcs1: 4.106e+00
update_bcs2: 4.968e+00
adaptive_constant_res_val: 1.374e+02
adaptive_constant_ics_val: 1.389e+02
adaptive_constant_bcs1_val: 1.548e+02
adaptive_constant_bcs2_val: 1.873e+02
elapsed: 2.26e+03
Relative L2 error_u: 3.73e-01
Relative L2 error_r: 6.28e-02
Save uv NN parameters successfully in %s ...checkpoints/Dec-22-2023_16-25-28-142854_M2
Final loss total loss: 3.698004e+00
Final loss loss_res: 8.301337e-04
Final loss loss_bc1: 4.329696e-03
Final loss loss_bc2: 9.015814e-03
Final loss loss_ics_u: 1.439397e-02
Final loss loss_ics_u_t: 5.501033e-04
average lambda_bc : 9.9283e+01
average lambda_ic : 9.8548e+01
average lambda_res : 1.0


Method: mini_batch

average of time_list:2.2646e+03
average of error_u_list:3.7320e-01
average of error_r_list:6.2769e-02
