Gradients information stored ...
It: 100, Loss: 1.411e+03, loss_ics: 2.051e+01, loss_bcs: 1.549e+01, Loss_r: 1.375e+03, Time: 0.04
constant_ics_val: 2.500
constant_bcs_val: 0.250
constant_res_val: 0.250
Gradients information stored ...
It: 200, Loss: 1.427e+02, loss_ics: 7.126e+01, loss_bcs: 1.868e+01, Loss_r: 5.275e+01, Time: 0.03
constant_ics_val: 2.736
constant_bcs_val: 0.172
constant_res_val: 0.092
It: 300, Loss: 1.005e+02, loss_ics: 4.755e+01, loss_bcs: 1.646e+01, Loss_r: 3.647e+01, Time: 0.03
constant_ics_val: 1.873
constant_bcs_val: 0.617
constant_res_val: 0.510
It: 400, Loss: 7.739e+01, loss_ics: 3.422e+01, loss_bcs: 1.497e+01, Loss_r: 2.820e+01, Time: 0.04
constant_ics_val: 1.668
constant_bcs_val: 0.699
constant_res_val: 0.633
It: 500, Loss: 4.628e+01, loss_ics: 1.948e+01, loss_bcs: 1.308e+01, Loss_r: 1.371e+01, Time: 0.03
constant_ics_val: 1.619
constant_bcs_val: 0.809
constant_res_val: 0.572
It: 600, Loss: 3.170e+01, loss_ics: 1.399e+01, loss_bcs: 1.138e+01, Loss_r: 6.332e+00, Time: 0.04
constant_ics_val: 1.665
constant_bcs_val: 0.805
constant_res_val: 0.530
It: 700, Loss: 2.671e+01, loss_ics: 1.288e+01, loss_bcs: 9.877e+00, Loss_r: 3.951e+00, Time: 0.03
constant_ics_val: 1.728
constant_bcs_val: 0.731
constant_res_val: 0.540
It: 800, Loss: 2.544e+01, loss_ics: 1.164e+01, loss_bcs: 7.918e+00, Loss_r: 5.888e+00, Time: 0.04
constant_ics_val: 1.659
constant_bcs_val: 0.609
constant_res_val: 0.731
It: 900, Loss: 1.740e+01, loss_ics: 9.457e+00, loss_bcs: 5.202e+00, Loss_r: 2.740e+00, Time: 0.05
constant_ics_val: 1.751
constant_bcs_val: 0.653
constant_res_val: 0.595
It: 1000, Loss: 1.014e+01, loss_ics: 5.500e+00, loss_bcs: 2.106e+00, Loss_r: 2.531e+00, Time: 0.04
constant_ics_val: 1.638
constant_bcs_val: 0.537
constant_res_val: 0.825
Gradients information stored ...
It: 1100, Loss: 4.731e+00, loss_ics: 2.040e+00, loss_bcs: 5.381e-01, Loss_r: 2.153e+00, Time: 0.05
constant_ics_val: 1.548
constant_bcs_val: 0.529
constant_res_val: 0.923
It: 1200, Loss: 2.440e+00, loss_ics: 6.459e-01, loss_bcs: 2.040e-01, Loss_r: 1.590e+00, Time: 0.04
constant_ics_val: 1.237
constant_bcs_val: 0.742
constant_res_val: 1.021
It: 1300, Loss: 2.427e+00, loss_ics: 3.441e-01, loss_bcs: 1.715e-01, Loss_r: 1.912e+00, Time: 0.04
constant_ics_val: 0.994
constant_bcs_val: 0.675
constant_res_val: 1.331
It: 1400, Loss: 1.755e+00, loss_ics: 2.607e-01, loss_bcs: 1.539e-01, Loss_r: 1.340e+00, Time: 0.04
constant_ics_val: 1.117
constant_bcs_val: 0.898
constant_res_val: 0.986
It: 1500, Loss: 1.451e+00, loss_ics: 2.328e-01, loss_bcs: 1.384e-01, Loss_r: 1.080e+00, Time: 0.04
constant_ics_val: 1.067
constant_bcs_val: 1.000
constant_res_val: 0.933
It: 1600, Loss: 1.308e+00, loss_ics: 1.893e-01, loss_bcs: 1.236e-01, Loss_r: 9.951e-01, Time: 0.05
constant_ics_val: 1.007
constant_bcs_val: 1.015
constant_res_val: 0.978
It: 1700, Loss: 3.022e+00, loss_ics: 1.502e-01, loss_bcs: 1.108e-01, Loss_r: 2.761e+00, Time: 0.04
constant_ics_val: 0.742
constant_bcs_val: 0.531
constant_res_val: 1.727
It: 1800, Loss: 2.356e+00, loss_ics: 1.198e-01, loss_bcs: 9.854e-02, Loss_r: 2.137e+00, Time: 0.04
constant_ics_val: 1.224
constant_bcs_val: 0.780
constant_res_val: 0.997
It: 1900, Loss: 1.059e+00, loss_ics: 1.122e-01, loss_bcs: 8.797e-02, Loss_r: 8.589e-01, Time: 0.04
constant_ics_val: 1.194
constant_bcs_val: 1.010
constant_res_val: 0.796
It: 2000, Loss: 9.347e-01, loss_ics: 1.032e-01, loss_bcs: 7.884e-02, Loss_r: 7.527e-01, Time: 0.04
constant_ics_val: 1.058
constant_bcs_val: 1.014
constant_res_val: 0.927
It: 2100, Loss: 9.168e-01, loss_ics: 8.497e-02, loss_bcs: 7.047e-02, Loss_r: 7.614e-01, Time: 0.05
constant_ics_val: 1.014
constant_bcs_val: 0.992
constant_res_val: 0.994
It: 2200, Loss: 8.345e-01, loss_ics: 8.188e-02, loss_bcs: 6.399e-02, Loss_r: 6.886e-01, Time: 0.05
constant_ics_val: 1.003
constant_bcs_val: 1.004
constant_res_val: 0.992
It: 2300, Loss: 1.143e+00, loss_ics: 6.072e-02, loss_bcs: 5.810e-02, Loss_r: 1.024e+00, Time: 0.04
constant_ics_val: 0.981
constant_bcs_val: 0.804
constant_res_val: 1.214
It: 2400, Loss: 7.530e-01, loss_ics: 6.612e-02, loss_bcs: 5.256e-02, Loss_r: 6.344e-01, Time: 0.04
constant_ics_val: 1.093
constant_bcs_val: 0.982
constant_res_val: 0.925
It: 2500, Loss: 7.050e-01, loss_ics: 5.907e-02, loss_bcs: 4.803e-02, Loss_r: 5.979e-01, Time: 0.04
constant_ics_val: 0.997
constant_bcs_val: 1.004
constant_res_val: 0.999
It: 2600, Loss: 1.430e+00, loss_ics: 5.150e-02, loss_bcs: 4.401e-02, Loss_r: 1.335e+00, Time: 0.04
constant_ics_val: 1.039
constant_bcs_val: 0.745
constant_res_val: 1.216
It: 2700, Loss: 5.241e+00, loss_ics: 4.136e-02, loss_bcs: 4.027e-02, Loss_r: 5.159e+00, Time: 0.03
constant_ics_val: 0.718
constant_bcs_val: 0.530
constant_res_val: 1.752
It: 2800, Loss: 8.251e-01, loss_ics: 6.276e-02, loss_bcs: 3.735e-02, Loss_r: 7.250e-01, Time: 0.04
constant_ics_val: 1.077
constant_bcs_val: 0.996
constant_res_val: 0.927
It: 2900, Loss: 6.250e-01, loss_ics: 3.916e-02, loss_bcs: 3.451e-02, Loss_r: 5.513e-01, Time: 0.03
constant_ics_val: 0.951
constant_bcs_val: 1.089
constant_res_val: 0.960
It: 3000, Loss: 5.250e+00, loss_ics: 4.527e-02, loss_bcs: 3.242e-02, Loss_r: 5.172e+00, Time: 0.04
constant_ics_val: 0.500
constant_bcs_val: 0.521
constant_res_val: 1.978
It: 3100, Loss: 5.427e-01, loss_ics: 3.646e-02, loss_bcs: 3.002e-02, Loss_r: 4.762e-01, Time: 0.03
constant_ics_val: 0.968
constant_bcs_val: 1.037
constant_res_val: 0.995
It: 3200, Loss: 5.289e-01, loss_ics: 3.433e-02, loss_bcs: 2.830e-02, Loss_r: 4.663e-01, Time: 0.04
constant_ics_val: 0.993
constant_bcs_val: 1.006
constant_res_val: 1.001
It: 3300, Loss: 6.411e-01, loss_ics: 3.056e-02, loss_bcs: 2.659e-02, Loss_r: 5.839e-01, Time: 0.03
constant_ics_val: 1.013
constant_bcs_val: 0.941
constant_res_val: 1.046
It: 3400, Loss: 4.893e-01, loss_ics: 3.241e-02, loss_bcs: 2.473e-02, Loss_r: 4.322e-01, Time: 0.04
constant_ics_val: 1.071
constant_bcs_val: 1.004
constant_res_val: 0.924
It: 3500, Loss: 4.757e-01, loss_ics: 3.124e-02, loss_bcs: 2.358e-02, Loss_r: 4.209e-01, Time: 0.04
constant_ics_val: 0.995
constant_bcs_val: 1.009
constant_res_val: 0.997
It: 3600, Loss: 6.369e-01, loss_ics: 3.813e-02, loss_bcs: 2.225e-02, Loss_r: 5.765e-01, Time: 0.04
constant_ics_val: 0.881
constant_bcs_val: 0.922
constant_res_val: 1.197
It: 3700, Loss: 3.104e+00, loss_ics: 1.335e-01, loss_bcs: 2.150e-02, Loss_r: 2.949e+00, Time: 0.04
constant_ics_val: 0.538
constant_bcs_val: 0.484
constant_res_val: 1.977
It: 3800, Loss: 4.691e-01, loss_ics: 2.447e-02, loss_bcs: 2.012e-02, Loss_r: 4.245e-01, Time: 0.04
constant_ics_val: 0.753
constant_bcs_val: 1.177
constant_res_val: 1.070
It: 3900, Loss: 3.290e+00, loss_ics: 2.581e-02, loss_bcs: 1.936e-02, Loss_r: 3.244e+00, Time: 0.04
constant_ics_val: 0.444
constant_bcs_val: 0.545
constant_res_val: 2.011
It: 4000, Loss: 9.740e-01, loss_ics: 3.069e-02, loss_bcs: 1.832e-02, Loss_r: 9.250e-01, Time: 0.03
constant_ics_val: 1.323
constant_bcs_val: 0.765
constant_res_val: 0.912
It: 4100, Loss: 7.492e-01, loss_ics: 2.404e-02, loss_bcs: 1.776e-02, Loss_r: 7.074e-01, Time: 0.04
constant_ics_val: 1.068
constant_bcs_val: 1.045
constant_res_val: 0.887
It: 4200, Loss: 4.479e-01, loss_ics: 2.863e-02, loss_bcs: 1.703e-02, Loss_r: 4.022e-01, Time: 0.04
constant_ics_val: 1.064
constant_bcs_val: 1.095
constant_res_val: 0.840
It: 4300, Loss: 3.699e-01, loss_ics: 2.199e-02, loss_bcs: 1.644e-02, Loss_r: 3.314e-01, Time: 0.03
constant_ics_val: 0.980
constant_bcs_val: 1.086
constant_res_val: 0.934
It: 4400, Loss: 3.845e-01, loss_ics: 2.120e-02, loss_bcs: 1.587e-02, Loss_r: 3.475e-01, Time: 0.03
constant_ics_val: 0.988
constant_bcs_val: 0.998
constant_res_val: 1.015
It: 4500, Loss: 3.651e-01, loss_ics: 2.227e-02, loss_bcs: 1.534e-02, Loss_r: 3.275e-01, Time: 0.04
constant_ics_val: 0.999
constant_bcs_val: 1.008
constant_res_val: 0.993
It: 4600, Loss: 3.475e-01, loss_ics: 2.141e-02, loss_bcs: 1.493e-02, Loss_r: 3.111e-01, Time: 0.04
constant_ics_val: 0.985
constant_bcs_val: 1.022
constant_res_val: 0.994
It: 4700, Loss: 1.253e+00, loss_ics: 3.658e-02, loss_bcs: 1.420e-02, Loss_r: 1.202e+00, Time: 0.04
constant_ics_val: 0.947
constant_bcs_val: 0.600
constant_res_val: 1.454
It: 4800, Loss: 3.249e-01, loss_ics: 1.933e-02, loss_bcs: 1.402e-02, Loss_r: 2.916e-01, Time: 0.04
constant_ics_val: 0.935
constant_bcs_val: 1.135
constant_res_val: 0.930
It: 4900, Loss: 3.693e-01, loss_ics: 1.812e-02, loss_bcs: 1.361e-02, Loss_r: 3.376e-01, Time: 0.04
constant_ics_val: 1.033
constant_bcs_val: 0.974
constant_res_val: 0.993
It: 5000, Loss: 3.152e-01, loss_ics: 1.908e-02, loss_bcs: 1.336e-02, Loss_r: 2.828e-01, Time: 0.03
constant_ics_val: 1.047
constant_bcs_val: 1.014
constant_res_val: 0.939
It: 5100, Loss: 2.040e+00, loss_ics: 1.952e-02, loss_bcs: 1.301e-02, Loss_r: 2.007e+00, Time: 0.04
constant_ics_val: 0.520
constant_bcs_val: 0.508
constant_res_val: 1.971
It: 5200, Loss: 3.109e-01, loss_ics: 1.944e-02, loss_bcs: 1.283e-02, Loss_r: 2.786e-01, Time: 0.06
constant_ics_val: 0.972
constant_bcs_val: 1.034
constant_res_val: 0.994
It: 5300, Loss: 2.975e-01, loss_ics: 1.753e-02, loss_bcs: 1.252e-02, Loss_r: 2.674e-01, Time: 0.03
constant_ics_val: 0.978
constant_bcs_val: 1.002
constant_res_val: 1.020
It: 5400, Loss: 3.123e-01, loss_ics: 1.961e-02, loss_bcs: 1.236e-02, Loss_r: 2.803e-01, Time: 0.03
constant_ics_val: 0.961
constant_bcs_val: 0.988
constant_res_val: 1.051
It: 5500, Loss: 2.964e-01, loss_ics: 1.748e-02, loss_bcs: 1.208e-02, Loss_r: 2.668e-01, Time: 0.03
constant_ics_val: 0.951
constant_bcs_val: 1.032
constant_res_val: 1.017
It: 5600, Loss: 2.814e-01, loss_ics: 1.756e-02, loss_bcs: 1.189e-02, Loss_r: 2.520e-01, Time: 0.04
constant_ics_val: 0.973
constant_bcs_val: 1.027
constant_res_val: 1.000
It: 5700, Loss: 4.290e-01, loss_ics: 1.788e-02, loss_bcs: 1.156e-02, Loss_r: 3.996e-01, Time: 0.04
constant_ics_val: 1.012
constant_bcs_val: 0.766
constant_res_val: 1.221
It: 5800, Loss: 2.912e-01, loss_ics: 1.752e-02, loss_bcs: 1.153e-02, Loss_r: 2.621e-01, Time: 0.04
constant_ics_val: 1.019
constant_bcs_val: 1.037
constant_res_val: 0.944
It: 5900, Loss: 2.536e-01, loss_ics: 1.561e-02, loss_bcs: 1.129e-02, Loss_r: 2.267e-01, Time: 0.04
constant_ics_val: 0.998
constant_bcs_val: 1.046
constant_res_val: 0.956
It: 6000, Loss: 2.514e-01, loss_ics: 1.502e-02, loss_bcs: 1.117e-02, Loss_r: 2.252e-01, Time: 0.03
constant_ics_val: 1.019
constant_bcs_val: 1.004
constant_res_val: 0.977
It: 6100, Loss: 8.687e-01, loss_ics: 1.519e-02, loss_bcs: 1.088e-02, Loss_r: 8.426e-01, Time: 0.03
constant_ics_val: 0.555
constant_bcs_val: 0.539
constant_res_val: 1.906
It: 6200, Loss: 2.499e-01, loss_ics: 1.454e-02, loss_bcs: 1.086e-02, Loss_r: 2.245e-01, Time: 0.04
constant_ics_val: 1.035
constant_bcs_val: 0.981
constant_res_val: 0.984
It: 6300, Loss: 2.368e-01, loss_ics: 1.540e-02, loss_bcs: 1.080e-02, Loss_r: 2.106e-01, Time: 0.04
constant_ics_val: 1.020
constant_bcs_val: 1.004
constant_res_val: 0.976
It: 6400, Loss: 7.986e-01, loss_ics: 3.705e-02, loss_bcs: 1.087e-02, Loss_r: 7.507e-01, Time: 0.04
constant_ics_val: 0.717
constant_bcs_val: 0.604
constant_res_val: 1.678
It: 6500, Loss: 6.802e-01, loss_ics: 3.316e-02, loss_bcs: 1.070e-02, Loss_r: 6.363e-01, Time: 0.03
constant_ics_val: 0.842
constant_bcs_val: 1.021
constant_res_val: 1.138
It: 6600, Loss: 2.187e-01, loss_ics: 1.414e-02, loss_bcs: 1.039e-02, Loss_r: 1.941e-01, Time: 0.05
constant_ics_val: 0.869
constant_bcs_val: 1.247
constant_res_val: 0.884
It: 6700, Loss: 2.193e-01, loss_ics: 1.439e-02, loss_bcs: 1.030e-02, Loss_r: 1.946e-01, Time: 0.04
constant_ics_val: 0.963
constant_bcs_val: 1.064
constant_res_val: 0.973
It: 6800, Loss: 3.336e-01, loss_ics: 1.361e-02, loss_bcs: 1.009e-02, Loss_r: 3.099e-01, Time: 0.06
constant_ics_val: 0.896
constant_bcs_val: 0.906
constant_res_val: 1.198
It: 6900, Loss: 2.291e-01, loss_ics: 1.394e-02, loss_bcs: 1.010e-02, Loss_r: 2.051e-01, Time: 0.04
constant_ics_val: 1.036
constant_bcs_val: 1.037
constant_res_val: 0.927
It: 7000, Loss: 1.155e+00, loss_ics: 3.317e-02, loss_bcs: 9.728e-03, Loss_r: 1.112e+00, Time: 0.03
constant_ics_val: 0.560
constant_bcs_val: 0.503
constant_res_val: 1.938
It: 7100, Loss: 2.052e-01, loss_ics: 1.301e-02, loss_bcs: 9.857e-03, Loss_r: 1.824e-01, Time: 0.04
constant_ics_val: 0.799
constant_bcs_val: 1.164
constant_res_val: 1.037
It: 7200, Loss: 4.690e-01, loss_ics: 1.322e-02, loss_bcs: 9.684e-03, Loss_r: 4.461e-01, Time: 0.03
constant_ics_val: 0.705
constant_bcs_val: 0.793
constant_res_val: 1.502
It: 7300, Loss: 2.773e-01, loss_ics: 1.304e-02, loss_bcs: 9.752e-03, Loss_r: 2.545e-01, Time: 0.05
constant_ics_val: 0.995
constant_bcs_val: 1.015
constant_res_val: 0.990
It: 7400, Loss: 2.352e-01, loss_ics: 1.291e-02, loss_bcs: 9.607e-03, Loss_r: 2.127e-01, Time: 0.05
constant_ics_val: 1.035
constant_bcs_val: 1.037
constant_res_val: 0.928
It: 7500, Loss: 3.036e-01, loss_ics: 1.801e-02, loss_bcs: 9.601e-03, Loss_r: 2.760e-01, Time: 0.04
constant_ics_val: 1.004
constant_bcs_val: 0.943
constant_res_val: 1.053
It: 7600, Loss: 3.044e-01, loss_ics: 1.426e-02, loss_bcs: 9.251e-03, Loss_r: 2.809e-01, Time: 0.04
constant_ics_val: 1.006
constant_bcs_val: 1.003
constant_res_val: 0.991
It: 7700, Loss: 3.096e-01, loss_ics: 1.438e-02, loss_bcs: 9.207e-03, Loss_r: 2.860e-01, Time: 0.03
constant_ics_val: 1.102
constant_bcs_val: 0.952
constant_res_val: 0.947
It: 7800, Loss: 3.814e-01, loss_ics: 1.523e-02, loss_bcs: 9.085e-03, Loss_r: 3.571e-01, Time: 0.03
constant_ics_val: 1.108
constant_bcs_val: 0.915
constant_res_val: 0.977
It: 7900, Loss: 2.048e-01, loss_ics: 1.217e-02, loss_bcs: 9.086e-03, Loss_r: 1.836e-01, Time: 0.05
constant_ics_val: 1.073
constant_bcs_val: 1.087
constant_res_val: 0.841
It: 8000, Loss: 2.248e-01, loss_ics: 1.224e-02, loss_bcs: 8.976e-03, Loss_r: 2.035e-01, Time: 0.04
constant_ics_val: 1.068
constant_bcs_val: 0.988
constant_res_val: 0.943
It: 8100, Loss: 1.732e-01, loss_ics: 1.161e-02, loss_bcs: 8.940e-03, Loss_r: 1.526e-01, Time: 0.04
constant_ics_val: 1.058
constant_bcs_val: 1.047
constant_res_val: 0.895
It: 8200, Loss: 1.801e-01, loss_ics: 1.265e-02, loss_bcs: 8.908e-03, Loss_r: 1.585e-01, Time: 0.04
constant_ics_val: 1.010
constant_bcs_val: 1.003
constant_res_val: 0.987
It: 8300, Loss: 1.862e-01, loss_ics: 1.167e-02, loss_bcs: 8.816e-03, Loss_r: 1.658e-01, Time: 0.04
constant_ics_val: 0.827
constant_bcs_val: 0.849
constant_res_val: 1.324
It: 8400, Loss: 1.627e-01, loss_ics: 1.163e-02, loss_bcs: 8.756e-03, Loss_r: 1.423e-01, Time: 0.04
constant_ics_val: 0.954
constant_bcs_val: 0.961
constant_res_val: 1.085
It: 8500, Loss: 3.925e-01, loss_ics: 1.184e-02, loss_bcs: 8.546e-03, Loss_r: 3.721e-01, Time: 0.03
constant_ics_val: 0.609
constant_bcs_val: 0.616
constant_res_val: 1.775
It: 8600, Loss: 1.618e-01, loss_ics: 1.154e-02, loss_bcs: 8.590e-03, Loss_r: 1.416e-01, Time: 0.04
constant_ics_val: 0.973
constant_bcs_val: 1.021
constant_res_val: 1.006
It: 8700, Loss: 3.514e-01, loss_ics: 1.671e-02, loss_bcs: 8.614e-03, Loss_r: 3.261e-01, Time: 0.04
constant_ics_val: 0.677
constant_bcs_val: 0.603
constant_res_val: 1.720
It: 8800, Loss: 2.770e-01, loss_ics: 1.284e-02, loss_bcs: 8.286e-03, Loss_r: 2.559e-01, Time: 0.04
constant_ics_val: 0.939
constant_bcs_val: 0.949
constant_res_val: 1.112
It: 8900, Loss: 1.776e-01, loss_ics: 1.179e-02, loss_bcs: 8.310e-03, Loss_r: 1.575e-01, Time: 0.04
constant_ics_val: 0.982
constant_bcs_val: 0.976
constant_res_val: 1.041
It: 9000, Loss: 1.674e-01, loss_ics: 1.174e-02, loss_bcs: 8.262e-03, Loss_r: 1.474e-01, Time: 0.03
constant_ics_val: 0.977
constant_bcs_val: 1.025
constant_res_val: 0.998
It: 9100, Loss: 2.909e-01, loss_ics: 1.116e-02, loss_bcs: 8.231e-03, Loss_r: 2.715e-01, Time: 0.04
constant_ics_val: 0.633
constant_bcs_val: 0.655
constant_res_val: 1.712
It: 9200, Loss: 1.810e-01, loss_ics: 1.201e-02, loss_bcs: 8.115e-03, Loss_r: 1.609e-01, Time: 0.03
constant_ics_val: 0.974
constant_bcs_val: 0.941
constant_res_val: 1.085
It: 9300, Loss: 1.422e-01, loss_ics: 1.002e-02, loss_bcs: 7.973e-03, Loss_r: 1.242e-01, Time: 0.04
constant_ics_val: 0.987
constant_bcs_val: 1.051
constant_res_val: 0.962
It: 9400, Loss: 2.758e-01, loss_ics: 9.860e-03, loss_bcs: 7.969e-03, Loss_r: 2.580e-01, Time: 0.05
constant_ics_val: 0.691
constant_bcs_val: 0.696
constant_res_val: 1.614
It: 9500, Loss: 3.379e-01, loss_ics: 1.096e-02, loss_bcs: 7.948e-03, Loss_r: 3.190e-01, Time: 0.04
constant_ics_val: 0.874
constant_bcs_val: 0.851
constant_res_val: 1.275
It: 9600, Loss: 4.715e-01, loss_ics: 1.005e-02, loss_bcs: 7.676e-03, Loss_r: 4.538e-01, Time: 0.04
constant_ics_val: 0.887
constant_bcs_val: 0.937
constant_res_val: 1.175
It: 9700, Loss: 4.796e-01, loss_ics: 1.783e-02, loss_bcs: 7.464e-03, Loss_r: 4.543e-01, Time: 0.04
constant_ics_val: 1.624
constant_bcs_val: 0.606
constant_res_val: 0.771
It: 9800, Loss: 1.368e-01, loss_ics: 9.654e-03, loss_bcs: 7.617e-03, Loss_r: 1.195e-01, Time: 0.04
constant_ics_val: 1.091
constant_bcs_val: 1.149
constant_res_val: 0.760
It: 9900, Loss: 2.108e+00, loss_ics: 7.241e-02, loss_bcs: 8.041e-03, Loss_r: 2.027e+00, Time: 0.04
constant_ics_val: 0.542
constant_bcs_val: 0.529
constant_res_val: 1.929
It: 10000, Loss: 1.282e-01, loss_ics: 9.306e-03, loss_bcs: 7.477e-03, Loss_r: 1.114e-01, Time: 0.03
constant_ics_val: 0.731
constant_bcs_val: 1.221
constant_res_val: 1.047
It: 10100, Loss: 1.282e-01, loss_ics: 9.300e-03, loss_bcs: 7.412e-03, Loss_r: 1.115e-01, Time: 0.03
constant_ics_val: 0.929
constant_bcs_val: 1.055
constant_res_val: 1.016
It: 10200, Loss: 1.253e-01, loss_ics: 9.127e-03, loss_bcs: 7.346e-03, Loss_r: 1.089e-01, Time: 0.04
constant_ics_val: 0.979
constant_bcs_val: 1.021
constant_res_val: 1.000
It: 10300, Loss: 1.311e-01, loss_ics: 9.453e-03, loss_bcs: 7.252e-03, Loss_r: 1.144e-01, Time: 0.04
constant_ics_val: 0.971
constant_bcs_val: 0.985
constant_res_val: 1.044
It: 10400, Loss: 1.234e-01, loss_ics: 8.767e-03, loss_bcs: 7.178e-03, Loss_r: 1.075e-01, Time: 0.04
constant_ics_val: 0.988
constant_bcs_val: 1.015
constant_res_val: 0.996
It: 10500, Loss: 3.607e-01, loss_ics: 1.775e-02, loss_bcs: 7.262e-03, Loss_r: 3.357e-01, Time: 0.04
constant_ics_val: 0.733
constant_bcs_val: 0.614
constant_res_val: 1.653
It: 10600, Loss: 1.282e-01, loss_ics: 8.527e-03, loss_bcs: 7.060e-03, Loss_r: 1.126e-01, Time: 0.03
constant_ics_val: 0.862
constant_bcs_val: 1.125
constant_res_val: 1.014
It: 10700, Loss: 1.423e-01, loss_ics: 9.770e-03, loss_bcs: 7.039e-03, Loss_r: 1.254e-01, Time: 0.04
constant_ics_val: 0.946
constant_bcs_val: 0.978
constant_res_val: 1.076
It: 10800, Loss: 7.850e-01, loss_ics: 2.082e-02, loss_bcs: 7.002e-03, Loss_r: 7.572e-01, Time: 0.04
constant_ics_val: 0.526
constant_bcs_val: 0.509
constant_res_val: 1.964
It: 10900, Loss: 4.741e-01, loss_ics: 1.747e-02, loss_bcs: 6.677e-03, Loss_r: 4.499e-01, Time: 0.04
constant_ics_val: 0.952
constant_bcs_val: 0.956
constant_res_val: 1.093
It: 11000, Loss: 2.211e-01, loss_ics: 8.273e-03, loss_bcs: 6.877e-03, Loss_r: 2.059e-01, Time: 0.04
constant_ics_val: 0.892
constant_bcs_val: 1.224
constant_res_val: 0.884
It: 11100, Loss: 1.203e-01, loss_ics: 8.102e-03, loss_bcs: 6.726e-03, Loss_r: 1.055e-01, Time: 0.04
constant_ics_val: 1.090
constant_bcs_val: 1.102
constant_res_val: 0.808
It: 11200, Loss: 1.163e-01, loss_ics: 8.322e-03, loss_bcs: 6.673e-03, Loss_r: 1.013e-01, Time: 0.04
constant_ics_val: 1.049
constant_bcs_val: 1.019
constant_res_val: 0.931
It: 11300, Loss: 1.139e-01, loss_ics: 7.911e-03, loss_bcs: 6.619e-03, Loss_r: 9.939e-02, Time: 0.04
constant_ics_val: 1.001
constant_bcs_val: 1.013
constant_res_val: 0.987
It: 11400, Loss: 1.441e-01, loss_ics: 7.916e-03, loss_bcs: 6.547e-03, Loss_r: 1.297e-01, Time: 0.03
constant_ics_val: 0.955
constant_bcs_val: 0.962
constant_res_val: 1.084
It: 11500, Loss: 1.517e+00, loss_ics: 4.837e-02, loss_bcs: 6.889e-03, Loss_r: 1.461e+00, Time: 0.04
constant_ics_val: 0.506
constant_bcs_val: 0.487
constant_res_val: 2.007
It: 11600, Loss: 7.764e-01, loss_ics: 7.875e-03, loss_bcs: 6.327e-03, Loss_r: 7.622e-01, Time: 0.03
constant_ics_val: 0.673
constant_bcs_val: 1.090
constant_res_val: 1.237
It: 11700, Loss: 1.060e-01, loss_ics: 7.600e-03, loss_bcs: 6.392e-03, Loss_r: 9.202e-02, Time: 0.04
constant_ics_val: 1.034
constant_bcs_val: 1.169
constant_res_val: 0.797
It: 11800, Loss: 1.077e-01, loss_ics: 7.615e-03, loss_bcs: 6.368e-03, Loss_r: 9.371e-02, Time: 0.03
constant_ics_val: 1.007
constant_bcs_val: 1.038
constant_res_val: 0.955
It: 11900, Loss: 1.041e-01, loss_ics: 7.443e-03, loss_bcs: 6.290e-03, Loss_r: 9.035e-02, Time: 0.03
constant_ics_val: 1.004
constant_bcs_val: 1.016
constant_res_val: 0.981
It: 12000, Loss: 1.141e-01, loss_ics: 7.890e-03, loss_bcs: 6.241e-03, Loss_r: 9.996e-02, Time: 0.04
constant_ics_val: 0.970
constant_bcs_val: 0.973
constant_res_val: 1.057
It: 12100, Loss: 1.050e-01, loss_ics: 7.520e-03, loss_bcs: 6.186e-03, Loss_r: 9.129e-02, Time: 0.03
constant_ics_val: 0.981
constant_bcs_val: 1.021
constant_res_val: 0.998
It: 12200, Loss: 1.013e-01, loss_ics: 7.158e-03, loss_bcs: 6.121e-03, Loss_r: 8.801e-02, Time: 0.03
constant_ics_val: 0.992
constant_bcs_val: 1.016
constant_res_val: 0.992
It: 12300, Loss: 8.297e-01, loss_ics: 3.233e-02, loss_bcs: 6.269e-03, Loss_r: 7.911e-01, Time: 0.04
constant_ics_val: 0.519
constant_bcs_val: 0.503
constant_res_val: 1.978
It: 12400, Loss: 9.910e-02, loss_ics: 7.074e-03, loss_bcs: 6.019e-03, Loss_r: 8.601e-02, Time: 0.04
constant_ics_val: 0.741
constant_bcs_val: 1.197
constant_res_val: 1.062
It: 12500, Loss: 1.653e-01, loss_ics: 8.874e-03, loss_bcs: 5.977e-03, Loss_r: 1.505e-01, Time: 0.04
constant_ics_val: 0.805
constant_bcs_val: 0.861
constant_res_val: 1.334
It: 12600, Loss: 4.918e-01, loss_ics: 7.807e-03, loss_bcs: 6.026e-03, Loss_r: 4.780e-01, Time: 0.04
constant_ics_val: 0.572
constant_bcs_val: 0.589
constant_res_val: 1.839
It: 12700, Loss: 4.700e-01, loss_ics: 1.985e-02, loss_bcs: 5.996e-03, Loss_r: 4.441e-01, Time: 0.04
constant_ics_val: 1.503
constant_bcs_val: 0.563
constant_res_val: 0.934
It: 12800, Loss: 9.726e-02, loss_ics: 6.835e-03, loss_bcs: 5.817e-03, Loss_r: 8.461e-02, Time: 0.03
constant_ics_val: 1.017
constant_bcs_val: 1.172
constant_res_val: 0.811
It: 12900, Loss: 9.638e-02, loss_ics: 6.855e-03, loss_bcs: 5.762e-03, Loss_r: 8.376e-02, Time: 0.05
constant_ics_val: 1.000
constant_bcs_val: 1.046
constant_res_val: 0.954
It: 13000, Loss: 9.448e-02, loss_ics: 6.718e-03, loss_bcs: 5.718e-03, Loss_r: 8.204e-02, Time: 0.04
constant_ics_val: 0.993
constant_bcs_val: 1.018
constant_res_val: 0.989
It: 13100, Loss: 1.380e-01, loss_ics: 8.443e-03, loss_bcs: 5.696e-03, Loss_r: 1.238e-01, Time: 0.04
constant_ics_val: 0.947
constant_bcs_val: 0.910
constant_res_val: 1.143
It: 13200, Loss: 7.727e-01, loss_ics: 2.903e-02, loss_bcs: 5.815e-03, Loss_r: 7.378e-01, Time: 0.04
constant_ics_val: 0.560
constant_bcs_val: 0.484
constant_res_val: 1.956
It: 13300, Loss: 1.529e-01, loss_ics: 6.599e-03, loss_bcs: 5.524e-03, Loss_r: 1.408e-01, Time: 0.04
constant_ics_val: 0.738
constant_bcs_val: 1.163
constant_res_val: 1.099
It: 13400, Loss: 2.490e-01, loss_ics: 1.034e-02, loss_bcs: 5.376e-03, Loss_r: 2.333e-01, Time: 0.04
constant_ics_val: 1.124
constant_bcs_val: 0.660
constant_res_val: 1.216
It: 13500, Loss: 9.045e-02, loss_ics: 6.326e-03, loss_bcs: 5.470e-03, Loss_r: 7.865e-02, Time: 0.04
constant_ics_val: 0.987
constant_bcs_val: 1.126
constant_res_val: 0.886
It: 13600, Loss: 8.932e-02, loss_ics: 6.250e-03, loss_bcs: 5.400e-03, Loss_r: 7.767e-02, Time: 0.04
constant_ics_val: 1.002
constant_bcs_val: 1.030
constant_res_val: 0.967
It: 13700, Loss: 9.273e-02, loss_ics: 6.262e-03, loss_bcs: 5.367e-03, Loss_r: 8.110e-02, Time: 0.04
constant_ics_val: 0.994
constant_bcs_val: 1.003
constant_res_val: 1.003
It: 13800, Loss: 8.756e-02, loss_ics: 6.178e-03, loss_bcs: 5.314e-03, Loss_r: 7.607e-02, Time: 0.04
constant_ics_val: 1.007
constant_bcs_val: 1.012
constant_res_val: 0.981
It: 13900, Loss: 8.760e-02, loss_ics: 6.191e-03, loss_bcs: 5.291e-03, Loss_r: 7.611e-02, Time: 0.04
constant_ics_val: 0.999
constant_bcs_val: 1.006
constant_res_val: 0.995
It: 14000, Loss: 8.665e-02, loss_ics: 6.093e-03, loss_bcs: 5.225e-03, Loss_r: 7.534e-02, Time: 0.04
constant_ics_val: 0.994
constant_bcs_val: 1.003
constant_res_val: 1.003
It: 14100, Loss: 1.522e-01, loss_ics: 8.611e-03, loss_bcs: 5.224e-03, Loss_r: 1.383e-01, Time: 0.03
constant_ics_val: 0.897
constant_bcs_val: 0.801
constant_res_val: 1.301
It: 14200, Loss: 8.858e-02, loss_ics: 5.993e-03, loss_bcs: 5.131e-03, Loss_r: 7.745e-02, Time: 0.04
constant_ics_val: 0.938
constant_bcs_val: 1.093
constant_res_val: 0.969
It: 14300, Loss: 9.302e-02, loss_ics: 6.223e-03, loss_bcs: 5.088e-03, Loss_r: 8.171e-02, Time: 0.04
constant_ics_val: 0.881
constant_bcs_val: 0.813
constant_res_val: 1.306
It: 14400, Loss: 1.038e-01, loss_ics: 5.832e-03, loss_bcs: 5.055e-03, Loss_r: 9.286e-02, Time: 0.04
constant_ics_val: 0.893
constant_bcs_val: 0.893
constant_res_val: 1.214
It: 14500, Loss: 1.125e-01, loss_ics: 6.339e-03, loss_bcs: 4.959e-03, Loss_r: 1.012e-01, Time: 0.04
constant_ics_val: 1.029
constant_bcs_val: 0.987
constant_res_val: 0.984
It: 14600, Loss: 1.026e-01, loss_ics: 5.751e-03, loss_bcs: 4.933e-03, Loss_r: 9.189e-02, Time: 0.03
constant_ics_val: 0.985
constant_bcs_val: 1.030
constant_res_val: 0.985
It: 14700, Loss: 8.120e-02, loss_ics: 5.690e-03, loss_bcs: 4.905e-03, Loss_r: 7.061e-02, Time: 0.04
constant_ics_val: 1.037
constant_bcs_val: 1.048
constant_res_val: 0.915
It: 14800, Loss: 8.132e-02, loss_ics: 5.612e-03, loss_bcs: 4.870e-03, Loss_r: 7.083e-02, Time: 0.03
constant_ics_val: 1.011
constant_bcs_val: 1.011
constant_res_val: 0.978
It: 14900, Loss: 7.997e-02, loss_ics: 5.608e-03, loss_bcs: 4.822e-03, Loss_r: 6.954e-02, Time: 0.04
constant_ics_val: 1.009
constant_bcs_val: 1.003
constant_res_val: 0.988
It: 15000, Loss: 8.015e-02, loss_ics: 5.584e-03, loss_bcs: 4.777e-03, Loss_r: 6.979e-02, Time: 0.04
constant_ics_val: 0.978
constant_bcs_val: 0.979
constant_res_val: 1.043
It: 15100, Loss: 1.683e-01, loss_ics: 7.121e-03, loss_bcs: 4.670e-03, Loss_r: 1.565e-01, Time: 0.03
constant_ics_val: 0.950
constant_bcs_val: 0.817
constant_res_val: 1.233
It: 15200, Loss: 7.799e-02, loss_ics: 5.469e-03, loss_bcs: 4.693e-03, Loss_r: 6.783e-02, Time: 0.04
constant_ics_val: 0.990
constant_bcs_val: 1.107
constant_res_val: 0.903
It: 15300, Loss: 8.262e-02, loss_ics: 5.415e-03, loss_bcs: 4.636e-03, Loss_r: 7.256e-02, Time: 0.04
constant_ics_val: 0.970
constant_bcs_val: 0.977
constant_res_val: 1.053
It: 15400, Loss: 3.186e-01, loss_ics: 1.158e-02, loss_bcs: 4.524e-03, Loss_r: 3.025e-01, Time: 0.04
constant_ics_val: 0.807
constant_bcs_val: 0.585
constant_res_val: 1.608
It: 15500, Loss: 7.620e-02, loss_ics: 5.335e-03, loss_bcs: 4.573e-03, Loss_r: 6.629e-02, Time: 0.04
constant_ics_val: 0.869
constant_bcs_val: 1.163
constant_res_val: 0.969
It: 15600, Loss: 9.217e-02, loss_ics: 5.333e-03, loss_bcs: 4.503e-03, Loss_r: 8.233e-02, Time: 0.05
constant_ics_val: 0.954
constant_bcs_val: 0.993
constant_res_val: 1.052
It: 15700, Loss: 5.695e-01, loss_ics: 1.895e-02, loss_bcs: 4.394e-03, Loss_r: 5.462e-01, Time: 0.04
constant_ics_val: 0.670
constant_bcs_val: 0.509
constant_res_val: 1.821
It: 15800, Loss: 9.693e-02, loss_ics: 5.195e-03, loss_bcs: 4.471e-03, Loss_r: 8.726e-02, Time: 0.03
constant_ics_val: 0.782
constant_bcs_val: 1.199
constant_res_val: 1.019
It: 15900, Loss: 7.392e-02, loss_ics: 5.155e-03, loss_bcs: 4.403e-03, Loss_r: 6.436e-02, Time: 0.03
constant_ics_val: 0.995
constant_bcs_val: 1.091
constant_res_val: 0.914
It: 16000, Loss: 7.393e-02, loss_ics: 5.098e-03, loss_bcs: 4.373e-03, Loss_r: 6.446e-02, Time: 0.04
constant_ics_val: 1.002
constant_bcs_val: 1.019
constant_res_val: 0.979
It: 16100, Loss: 7.296e-02, loss_ics: 5.108e-03, loss_bcs: 4.325e-03, Loss_r: 6.353e-02, Time: 0.03
constant_ics_val: 1.004
constant_bcs_val: 1.004
constant_res_val: 0.991
It: 16200, Loss: 8.274e-02, loss_ics: 5.045e-03, loss_bcs: 4.276e-03, Loss_r: 7.342e-02, Time: 0.04
constant_ics_val: 0.979
constant_bcs_val: 0.978
constant_res_val: 1.043
It: 16300, Loss: 1.291e-01, loss_ics: 5.991e-03, loss_bcs: 4.292e-03, Loss_r: 1.188e-01, Time: 0.03
constant_ics_val: 0.926
constant_bcs_val: 0.898
constant_res_val: 1.176
It: 16400, Loss: 5.164e-01, loss_ics: 5.555e-03, loss_bcs: 4.149e-03, Loss_r: 5.067e-01, Time: 0.04
constant_ics_val: 0.502
constant_bcs_val: 0.497
constant_res_val: 2.001
It: 16500, Loss: 7.057e-02, loss_ics: 4.941e-03, loss_bcs: 4.169e-03, Loss_r: 6.146e-02, Time: 0.04
constant_ics_val: 0.961
constant_bcs_val: 1.040
constant_res_val: 0.998
It: 16600, Loss: 7.054e-02, loss_ics: 4.868e-03, loss_bcs: 4.132e-03, Loss_r: 6.154e-02, Time: 0.04
constant_ics_val: 0.993
constant_bcs_val: 1.006
constant_res_val: 1.001
It: 16700, Loss: 7.205e-02, loss_ics: 4.847e-03, loss_bcs: 4.087e-03, Loss_r: 6.311e-02, Time: 0.04
constant_ics_val: 1.007
constant_bcs_val: 0.982
constant_res_val: 1.011
It: 16800, Loss: 6.994e-02, loss_ics: 4.907e-03, loss_bcs: 4.059e-03, Loss_r: 6.097e-02, Time: 0.03
constant_ics_val: 1.008
constant_bcs_val: 1.001
constant_res_val: 0.991
It: 16900, Loss: 1.283e-01, loss_ics: 6.083e-03, loss_bcs: 3.974e-03, Loss_r: 1.182e-01, Time: 0.04
constant_ics_val: 0.945
constant_bcs_val: 0.779
constant_res_val: 1.276
It: 17000, Loss: 7.378e-02, loss_ics: 5.030e-03, loss_bcs: 3.991e-03, Loss_r: 6.475e-02, Time: 0.04
constant_ics_val: 0.982
constant_bcs_val: 1.074
constant_res_val: 0.944
It: 17100, Loss: 2.221e-01, loss_ics: 4.652e-03, loss_bcs: 3.988e-03, Loss_r: 2.134e-01, Time: 0.04
constant_ics_val: 0.623
constant_bcs_val: 0.646
constant_res_val: 1.731
It: 17200, Loss: 6.764e-02, loss_ics: 4.657e-03, loss_bcs: 3.901e-03, Loss_r: 5.908e-02, Time: 0.03
constant_ics_val: 1.032
constant_bcs_val: 1.012
constant_res_val: 0.956
It: 17300, Loss: 1.373e-01, loss_ics: 4.756e-03, loss_bcs: 3.823e-03, Loss_r: 1.287e-01, Time: 0.03
constant_ics_val: 0.691
constant_bcs_val: 0.671
constant_res_val: 1.638
It: 17400, Loss: 1.056e-01, loss_ics: 4.672e-03, loss_bcs: 3.851e-03, Loss_r: 9.709e-02, Time: 0.04
constant_ics_val: 0.966
constant_bcs_val: 0.904
constant_res_val: 1.130
It: 17500, Loss: 7.233e-02, loss_ics: 4.578e-03, loss_bcs: 3.801e-03, Loss_r: 6.395e-02, Time: 0.03
constant_ics_val: 1.050
constant_bcs_val: 1.032
constant_res_val: 0.918
It: 17600, Loss: 7.384e-02, loss_ics: 4.601e-03, loss_bcs: 3.747e-03, Loss_r: 6.549e-02, Time: 0.04
constant_ics_val: 0.972
constant_bcs_val: 0.966
constant_res_val: 1.062
It: 17700, Loss: 4.443e-01, loss_ics: 1.291e-02, loss_bcs: 3.845e-03, Loss_r: 4.275e-01, Time: 0.04
constant_ics_val: 0.506
constant_bcs_val: 0.492
constant_res_val: 2.003
It: 17800, Loss: 6.410e-02, loss_ics: 4.482e-03, loss_bcs: 3.687e-03, Loss_r: 5.593e-02, Time: 0.03
constant_ics_val: 0.777
constant_bcs_val: 1.160
constant_res_val: 1.063
It: 17900, Loss: 1.483e-01, loss_ics: 6.669e-03, loss_bcs: 3.668e-03, Loss_r: 1.379e-01, Time: 0.04
constant_ics_val: 0.869
constant_bcs_val: 0.896
constant_res_val: 1.235
It: 18000, Loss: 6.318e-02, loss_ics: 4.425e-03, loss_bcs: 3.618e-03, Loss_r: 5.513e-02, Time: 0.04
constant_ics_val: 0.940
constant_bcs_val: 1.150
constant_res_val: 0.910
It: 18100, Loss: 6.909e-02, loss_ics: 4.458e-03, loss_bcs: 3.575e-03, Loss_r: 6.106e-02, Time: 0.03
constant_ics_val: 0.991
constant_bcs_val: 1.017
constant_res_val: 0.992
It: 18200, Loss: 7.877e-02, loss_ics: 4.467e-03, loss_bcs: 3.566e-03, Loss_r: 7.074e-02, Time: 0.04
constant_ics_val: 0.884
constant_bcs_val: 0.891
constant_res_val: 1.225
It: 18300, Loss: 9.100e-02, loss_ics: 4.444e-03, loss_bcs: 3.541e-03, Loss_r: 8.301e-02, Time: 0.04
constant_ics_val: 0.951
constant_bcs_val: 0.960
constant_res_val: 1.089
It: 18400, Loss: 6.627e-02, loss_ics: 4.291e-03, loss_bcs: 3.488e-03, Loss_r: 5.849e-02, Time: 0.04
constant_ics_val: 1.035
constant_bcs_val: 1.044
constant_res_val: 0.921
It: 18500, Loss: 6.105e-02, loss_ics: 4.288e-03, loss_bcs: 3.450e-03, Loss_r: 5.331e-02, Time: 0.04
constant_ics_val: 1.025
constant_bcs_val: 1.024
constant_res_val: 0.950
It: 18600, Loss: 6.861e-02, loss_ics: 4.286e-03, loss_bcs: 3.430e-03, Loss_r: 6.089e-02, Time: 0.04
constant_ics_val: 0.984
constant_bcs_val: 0.983
constant_res_val: 1.034
It: 18700, Loss: 1.084e-01, loss_ics: 5.350e-03, loss_bcs: 3.357e-03, Loss_r: 9.974e-02, Time: 0.03
constant_ics_val: 1.025
constant_bcs_val: 0.919
constant_res_val: 1.056
It: 18800, Loss: 6.445e-02, loss_ics: 4.233e-03, loss_bcs: 3.347e-03, Loss_r: 5.687e-02, Time: 0.03
constant_ics_val: 0.996
constant_bcs_val: 1.105
constant_res_val: 0.899
It: 18900, Loss: 6.447e-02, loss_ics: 4.183e-03, loss_bcs: 3.314e-03, Loss_r: 5.698e-02, Time: 0.03
constant_ics_val: 1.015
constant_bcs_val: 1.014
constant_res_val: 0.970
It: 19000, Loss: 5.895e-02, loss_ics: 4.138e-03, loss_bcs: 3.287e-03, Loss_r: 5.153e-02, Time: 0.03
constant_ics_val: 1.018
constant_bcs_val: 1.021
constant_res_val: 0.961
It: 19100, Loss: 5.910e-02, loss_ics: 4.087e-03, loss_bcs: 3.249e-03, Loss_r: 5.177e-02, Time: 0.04
constant_ics_val: 1.005
constant_bcs_val: 1.002
constant_res_val: 0.994
It: 19200, Loss: 5.811e-02, loss_ics: 4.096e-03, loss_bcs: 3.222e-03, Loss_r: 5.079e-02, Time: 0.04
constant_ics_val: 1.011
constant_bcs_val: 0.988
constant_res_val: 1.001
It: 19300, Loss: 5.763e-02, loss_ics: 4.048e-03, loss_bcs: 3.191e-03, Loss_r: 5.039e-02, Time: 0.04
constant_ics_val: 1.002
constant_bcs_val: 0.997
constant_res_val: 1.000
It: 19400, Loss: 5.791e-02, loss_ics: 4.074e-03, loss_bcs: 3.163e-03, Loss_r: 5.067e-02, Time: 0.04
constant_ics_val: 1.000
constant_bcs_val: 0.998
constant_res_val: 1.002
It: 19500, Loss: 6.044e-02, loss_ics: 4.189e-03, loss_bcs: 3.139e-03, Loss_r: 5.311e-02, Time: 0.04
constant_ics_val: 0.988
constant_bcs_val: 0.987
constant_res_val: 1.026
It: 19600, Loss: 8.788e-02, loss_ics: 4.264e-03, loss_bcs: 3.097e-03, Loss_r: 8.052e-02, Time: 0.04
constant_ics_val: 0.916
constant_bcs_val: 0.883
constant_res_val: 1.200
It: 19700, Loss: 6.307e-02, loss_ics: 4.165e-03, loss_bcs: 3.083e-03, Loss_r: 5.582e-02, Time: 0.04
constant_ics_val: 1.013
constant_bcs_val: 0.966
constant_res_val: 1.021
It: 19800, Loss: 5.639e-02, loss_ics: 3.905e-03, loss_bcs: 3.040e-03, Loss_r: 4.945e-02, Time: 0.04
constant_ics_val: 1.009
constant_bcs_val: 1.018
constant_res_val: 0.973
It: 19900, Loss: 5.533e-02, loss_ics: 3.896e-03, loss_bcs: 3.013e-03, Loss_r: 4.842e-02, Time: 0.04
constant_ics_val: 1.008
constant_bcs_val: 1.005
constant_res_val: 0.987
It: 20000, Loss: 5.502e-02, loss_ics: 3.866e-03, loss_bcs: 2.981e-03, Loss_r: 4.817e-02, Time: 0.04
constant_ics_val: 1.002
constant_bcs_val: 1.000
constant_res_val: 0.998
It: 20100, Loss: 5.607e-02, loss_ics: 3.836e-03, loss_bcs: 2.947e-03, Loss_r: 4.929e-02, Time: 0.04
constant_ics_val: 1.006
constant_bcs_val: 0.989
constant_res_val: 1.005
It: 20200, Loss: 5.441e-02, loss_ics: 3.843e-03, loss_bcs: 2.925e-03, Loss_r: 4.764e-02, Time: 0.03
constant_ics_val: 1.007
constant_bcs_val: 1.002
constant_res_val: 0.991
It: 20300, Loss: 6.090e-02, loss_ics: 3.850e-03, loss_bcs: 2.889e-03, Loss_r: 5.416e-02, Time: 0.04
constant_ics_val: 1.002
constant_bcs_val: 0.971
constant_res_val: 1.027
It: 20400, Loss: 5.547e-02, loss_ics: 3.765e-03, loss_bcs: 2.859e-03, Loss_r: 4.885e-02, Time: 0.04
constant_ics_val: 1.022
constant_bcs_val: 1.011
constant_res_val: 0.967
It: 20500, Loss: 5.307e-02, loss_ics: 3.752e-03, loss_bcs: 2.839e-03, Loss_r: 4.648e-02, Time: 0.04
constant_ics_val: 1.014
constant_bcs_val: 1.010
constant_res_val: 0.976
It: 20600, Loss: 6.750e-02, loss_ics: 4.095e-03, loss_bcs: 2.812e-03, Loss_r: 6.059e-02, Time: 0.04
constant_ics_val: 0.948
constant_bcs_val: 0.927
constant_res_val: 1.126
It: 20700, Loss: 6.136e-02, loss_ics: 4.107e-03, loss_bcs: 2.790e-03, Loss_r: 5.447e-02, Time: 0.04
constant_ics_val: 0.988
constant_bcs_val: 1.014
constant_res_val: 0.998
It: 20800, Loss: 5.214e-02, loss_ics: 3.679e-03, loss_bcs: 2.756e-03, Loss_r: 4.571e-02, Time: 0.04
constant_ics_val: 0.990
constant_bcs_val: 1.049
constant_res_val: 0.961
It: 20900, Loss: 5.221e-02, loss_ics: 3.645e-03, loss_bcs: 2.724e-03, Loss_r: 4.584e-02, Time: 0.03
constant_ics_val: 0.998
constant_bcs_val: 1.010
constant_res_val: 0.992
It: 21000, Loss: 6.597e-02, loss_ics: 3.747e-03, loss_bcs: 2.694e-03, Loss_r: 5.953e-02, Time: 0.04
constant_ics_val: 0.968
constant_bcs_val: 0.970
constant_res_val: 1.062
It: 21100, Loss: 6.541e-02, loss_ics: 3.886e-03, loss_bcs: 2.665e-03, Loss_r: 5.885e-02, Time: 0.04
constant_ics_val: 1.027
constant_bcs_val: 1.033
constant_res_val: 0.940
It: 21200, Loss: 5.532e-02, loss_ics: 3.621e-03, loss_bcs: 2.644e-03, Loss_r: 4.906e-02, Time: 0.04
constant_ics_val: 0.973
constant_bcs_val: 1.015
constant_res_val: 1.011
It: 21300, Loss: 7.349e-02, loss_ics: 4.483e-03, loss_bcs: 2.638e-03, Loss_r: 6.637e-02, Time: 0.04
constant_ics_val: 0.998
constant_bcs_val: 1.000
constant_res_val: 1.003
It: 21400, Loss: 4.998e-02, loss_ics: 3.556e-03, loss_bcs: 2.598e-03, Loss_r: 4.383e-02, Time: 0.04
constant_ics_val: 0.984
constant_bcs_val: 1.099
constant_res_val: 0.917
It: 21500, Loss: 6.285e-02, loss_ics: 3.807e-03, loss_bcs: 2.560e-03, Loss_r: 5.649e-02, Time: 0.04
constant_ics_val: 0.988
constant_bcs_val: 0.906
constant_res_val: 1.107
It: 21600, Loss: 5.182e-02, loss_ics: 3.631e-03, loss_bcs: 2.549e-03, Loss_r: 4.564e-02, Time: 0.04
constant_ics_val: 1.008
constant_bcs_val: 1.031
constant_res_val: 0.960
It: 21700, Loss: 4.938e-02, loss_ics: 3.525e-03, loss_bcs: 2.524e-03, Loss_r: 4.333e-02, Time: 0.04
constant_ics_val: 0.999
constant_bcs_val: 1.021
constant_res_val: 0.980
It: 21800, Loss: 4.869e-02, loss_ics: 3.476e-03, loss_bcs: 2.497e-03, Loss_r: 4.272e-02, Time: 0.04
constant_ics_val: 0.999
constant_bcs_val: 1.007
constant_res_val: 0.994
It: 21900, Loss: 4.969e-02, loss_ics: 3.446e-03, loss_bcs: 2.466e-03, Loss_r: 4.378e-02, Time: 0.04
constant_ics_val: 1.001
constant_bcs_val: 0.991
constant_res_val: 1.008
It: 22000, Loss: 4.836e-02, loss_ics: 3.452e-03, loss_bcs: 2.447e-03, Loss_r: 4.246e-02, Time: 0.04
constant_ics_val: 1.005
constant_bcs_val: 1.001
constant_res_val: 0.994
It: 22100, Loss: 4.814e-02, loss_ics: 3.454e-03, loss_bcs: 2.425e-03, Loss_r: 4.227e-02, Time: 0.04
constant_ics_val: 1.000
constant_bcs_val: 1.000
constant_res_val: 1.000
It: 22200, Loss: 9.437e-02, loss_ics: 3.452e-03, loss_bcs: 2.419e-03, Loss_r: 8.850e-02, Time: 0.04
constant_ics_val: 0.765
constant_bcs_val: 0.762
constant_res_val: 1.472
It: 22300, Loss: 8.194e-02, loss_ics: 4.509e-03, loss_bcs: 2.387e-03, Loss_r: 7.504e-02, Time: 0.04
constant_ics_val: 1.037
constant_bcs_val: 0.948
constant_res_val: 1.015
It: 22400, Loss: 4.728e-02, loss_ics: 3.355e-03, loss_bcs: 2.353e-03, Loss_r: 4.157e-02, Time: 0.04
constant_ics_val: 0.993
constant_bcs_val: 1.115
constant_res_val: 0.892
It: 22500, Loss: 4.814e-02, loss_ics: 3.338e-03, loss_bcs: 2.324e-03, Loss_r: 4.247e-02, Time: 0.03
constant_ics_val: 0.999
constant_bcs_val: 1.024
constant_res_val: 0.977
It: 22600, Loss: 6.264e-02, loss_ics: 3.343e-03, loss_bcs: 2.297e-03, Loss_r: 5.700e-02, Time: 0.03
constant_ics_val: 0.947
constant_bcs_val: 0.954
constant_res_val: 1.099
It: 22700, Loss: 4.594e-02, loss_ics: 3.320e-03, loss_bcs: 2.282e-03, Loss_r: 4.034e-02, Time: 0.04
constant_ics_val: 1.034
constant_bcs_val: 1.037
constant_res_val: 0.929
It: 22800, Loss: 4.771e-02, loss_ics: 3.313e-03, loss_bcs: 2.259e-03, Loss_r: 4.214e-02, Time: 0.04
constant_ics_val: 1.004
constant_bcs_val: 1.003
constant_res_val: 0.994
It: 22900, Loss: 4.581e-02, loss_ics: 3.318e-03, loss_bcs: 2.239e-03, Loss_r: 4.026e-02, Time: 0.05
constant_ics_val: 1.007
constant_bcs_val: 1.008
constant_res_val: 0.985
It: 23000, Loss: 1.256e-01, loss_ics: 3.329e-03, loss_bcs: 2.192e-03, Loss_r: 1.201e-01, Time: 0.04
constant_ics_val: 0.616
constant_bcs_val: 0.614
constant_res_val: 1.770
It: 23100, Loss: 4.473e-02, loss_ics: 3.245e-03, loss_bcs: 2.193e-03, Loss_r: 3.929e-02, Time: 0.04
constant_ics_val: 1.001
constant_bcs_val: 1.017
constant_res_val: 0.982
It: 23200, Loss: 4.452e-02, loss_ics: 3.241e-03, loss_bcs: 2.173e-03, Loss_r: 3.911e-02, Time: 0.04
constant_ics_val: 1.001
constant_bcs_val: 1.002
constant_res_val: 0.997
It: 23300, Loss: 4.417e-02, loss_ics: 3.218e-03, loss_bcs: 2.150e-03, Loss_r: 3.880e-02, Time: 0.03
constant_ics_val: 1.001
constant_bcs_val: 0.999
constant_res_val: 0.999
It: 23400, Loss: 4.425e-02, loss_ics: 3.190e-03, loss_bcs: 2.129e-03, Loss_r: 3.893e-02, Time: 0.04
constant_ics_val: 1.004
constant_bcs_val: 0.996
constant_res_val: 1.001
It: 23500, Loss: 4.392e-02, loss_ics: 3.183e-03, loss_bcs: 2.108e-03, Loss_r: 3.863e-02, Time: 0.03
constant_ics_val: 1.003
constant_bcs_val: 0.996
constant_res_val: 1.001
It: 23600, Loss: 4.359e-02, loss_ics: 3.172e-03, loss_bcs: 2.088e-03, Loss_r: 3.833e-02, Time: 0.04
constant_ics_val: 1.002
constant_bcs_val: 0.997
constant_res_val: 1.001
It: 23700, Loss: 4.435e-02, loss_ics: 3.226e-03, loss_bcs: 2.069e-03, Loss_r: 3.905e-02, Time: 0.04
constant_ics_val: 0.998
constant_bcs_val: 0.992
constant_res_val: 1.009
It: 23800, Loss: 4.743e-02, loss_ics: 3.143e-03, loss_bcs: 2.042e-03, Loss_r: 4.224e-02, Time: 0.05
constant_ics_val: 0.982
constant_bcs_val: 0.990
constant_res_val: 1.027
It: 23900, Loss: 4.258e-02, loss_ics: 3.120e-03, loss_bcs: 2.025e-03, Loss_r: 3.743e-02, Time: 0.04
constant_ics_val: 1.018
constant_bcs_val: 1.016
constant_res_val: 0.966
It: 24000, Loss: 4.289e-02, loss_ics: 3.108e-03, loss_bcs: 2.005e-03, Loss_r: 3.778e-02, Time: 0.04
constant_ics_val: 1.004
constant_bcs_val: 1.000
constant_res_val: 0.996
It: 24100, Loss: 4.197e-02, loss_ics: 3.098e-03, loss_bcs: 1.986e-03, Loss_r: 3.689e-02, Time: 0.04
constant_ics_val: 1.007
constant_bcs_val: 1.001
constant_res_val: 0.992
It: 24200, Loss: 4.177e-02, loss_ics: 3.087e-03, loss_bcs: 1.967e-03, Loss_r: 3.672e-02, Time: 0.04
constant_ics_val: 1.003
constant_bcs_val: 0.998
constant_res_val: 0.998
It: 24300, Loss: 4.162e-02, loss_ics: 3.063e-03, loss_bcs: 1.946e-03, Loss_r: 3.661e-02, Time: 0.03
constant_ics_val: 1.005
constant_bcs_val: 0.996
constant_res_val: 1.000
It: 24400, Loss: 4.128e-02, loss_ics: 3.063e-03, loss_bcs: 1.928e-03, Loss_r: 3.629e-02, Time: 0.04
constant_ics_val: 1.004
constant_bcs_val: 0.997
constant_res_val: 1.000
It: 24500, Loss: 4.095e-02, loss_ics: 3.049e-03, loss_bcs: 1.910e-03, Loss_r: 3.599e-02, Time: 0.04
constant_ics_val: 1.002
constant_bcs_val: 0.998
constant_res_val: 1.000
It: 24600, Loss: 4.104e-02, loss_ics: 3.038e-03, loss_bcs: 1.889e-03, Loss_r: 3.612e-02, Time: 0.03
constant_ics_val: 1.001
constant_bcs_val: 0.997
constant_res_val: 1.002
It: 24700, Loss: 4.045e-02, loss_ics: 3.024e-03, loss_bcs: 1.873e-03, Loss_r: 3.555e-02, Time: 0.04
constant_ics_val: 1.003
constant_bcs_val: 1.000
constant_res_val: 0.997
It: 24800, Loss: 7.304e-02, loss_ics: 3.171e-03, loss_bcs: 1.856e-03, Loss_r: 6.801e-02, Time: 0.04
constant_ics_val: 0.840
constant_bcs_val: 0.835
constant_res_val: 1.325
It: 24900, Loss: 4.082e-02, loss_ics: 2.996e-03, loss_bcs: 1.834e-03, Loss_r: 3.599e-02, Time: 0.03
constant_ics_val: 1.027
constant_bcs_val: 1.043
constant_res_val: 0.930
It: 25000, Loss: 4.006e-02, loss_ics: 2.984e-03, loss_bcs: 1.817e-03, Loss_r: 3.526e-02, Time: 0.03
constant_ics_val: 1.009
constant_bcs_val: 1.011
constant_res_val: 0.979
It: 25100, Loss: 3.946e-02, loss_ics: 2.974e-03, loss_bcs: 1.801e-03, Loss_r: 3.469e-02, Time: 0.04
constant_ics_val: 1.006
constant_bcs_val: 1.003
constant_res_val: 0.990
It: 25200, Loss: 4.165e-02, loss_ics: 3.082e-03, loss_bcs: 1.787e-03, Loss_r: 3.678e-02, Time: 0.04
constant_ics_val: 0.995
constant_bcs_val: 0.985
constant_res_val: 1.020
It: 25300, Loss: 7.039e-02, loss_ics: 3.762e-03, loss_bcs: 1.756e-03, Loss_r: 6.487e-02, Time: 0.04
constant_ics_val: 0.964
constant_bcs_val: 0.833
constant_res_val: 1.202
It: 25400, Loss: 4.078e-02, loss_ics: 2.942e-03, loss_bcs: 1.747e-03, Loss_r: 3.609e-02, Time: 0.03
constant_ics_val: 0.985
constant_bcs_val: 1.085
constant_res_val: 0.930
It: 25500, Loss: 3.857e-02, loss_ics: 2.924e-03, loss_bcs: 1.732e-03, Loss_r: 3.391e-02, Time: 0.04
constant_ics_val: 1.009
constant_bcs_val: 1.030
constant_res_val: 0.961
It: 25600, Loss: 3.828e-02, loss_ics: 2.919e-03, loss_bcs: 1.716e-03, Loss_r: 3.365e-02, Time: 0.03
constant_ics_val: 1.005
constant_bcs_val: 1.006
constant_res_val: 0.989
It: 25700, Loss: 3.891e-02, loss_ics: 2.908e-03, loss_bcs: 1.697e-03, Loss_r: 3.430e-02, Time: 0.04
constant_ics_val: 1.004
constant_bcs_val: 0.993
constant_res_val: 1.003
It: 25800, Loss: 3.800e-02, loss_ics: 2.890e-03, loss_bcs: 1.682e-03, Loss_r: 3.343e-02, Time: 0.04
constant_ics_val: 1.009
constant_bcs_val: 1.000
constant_res_val: 0.991
It: 25900, Loss: 4.209e-02, loss_ics: 2.893e-03, loss_bcs: 1.665e-03, Loss_r: 3.753e-02, Time: 0.04
constant_ics_val: 0.990
constant_bcs_val: 0.984
constant_res_val: 1.027
It: 26000, Loss: 4.037e-02, loss_ics: 2.918e-03, loss_bcs: 1.647e-03, Loss_r: 3.581e-02, Time: 0.04
constant_ics_val: 1.023
constant_bcs_val: 0.999
constant_res_val: 0.978
It: 26100, Loss: 3.747e-02, loss_ics: 2.871e-03, loss_bcs: 1.636e-03, Loss_r: 3.297e-02, Time: 0.03
constant_ics_val: 1.016
constant_bcs_val: 1.015
constant_res_val: 0.969
It: 26200, Loss: 3.861e-02, loss_ics: 2.941e-03, loss_bcs: 1.622e-03, Loss_r: 3.405e-02, Time: 0.04
constant_ics_val: 1.001
constant_bcs_val: 0.995
constant_res_val: 1.004
It: 26300, Loss: 3.677e-02, loss_ics: 2.840e-03, loss_bcs: 1.603e-03, Loss_r: 3.233e-02, Time: 0.04
constant_ics_val: 1.001
constant_bcs_val: 1.009
constant_res_val: 0.990
It: 26400, Loss: 5.181e-02, loss_ics: 2.838e-03, loss_bcs: 1.582e-03, Loss_r: 4.739e-02, Time: 0.03
constant_ics_val: 0.918
constant_bcs_val: 0.914
constant_res_val: 1.168
It: 26500, Loss: 3.682e-02, loss_ics: 2.823e-03, loss_bcs: 1.571e-03, Loss_r: 3.243e-02, Time: 0.04
constant_ics_val: 1.038
constant_bcs_val: 1.031
constant_res_val: 0.931
It: 26600, Loss: 6.381e-02, loss_ics: 3.770e-03, loss_bcs: 1.570e-03, Loss_r: 5.847e-02, Time: 0.03
constant_ics_val: 0.906
constant_bcs_val: 0.791
constant_res_val: 1.303
It: 26700, Loss: 3.620e-02, loss_ics: 2.805e-03, loss_bcs: 1.544e-03, Loss_r: 3.185e-02, Time: 0.04
constant_ics_val: 0.961
constant_bcs_val: 1.077
constant_res_val: 0.962
It: 26800, Loss: 3.938e-02, loss_ics: 2.792e-03, loss_bcs: 1.531e-03, Loss_r: 3.506e-02, Time: 0.04
constant_ics_val: 0.980
constant_bcs_val: 1.002
constant_res_val: 1.019
It: 26900, Loss: 3.545e-02, loss_ics: 2.793e-03, loss_bcs: 1.514e-03, Loss_r: 3.114e-02, Time: 0.03
constant_ics_val: 1.017
constant_bcs_val: 1.017
constant_res_val: 0.966
It: 27000, Loss: 3.643e-02, loss_ics: 2.783e-03, loss_bcs: 1.502e-03, Loss_r: 3.215e-02, Time: 0.04
constant_ics_val: 1.001
constant_bcs_val: 0.997
constant_res_val: 1.002
It: 27100, Loss: 3.502e-02, loss_ics: 2.772e-03, loss_bcs: 1.486e-03, Loss_r: 3.076e-02, Time: 0.04
constant_ics_val: 1.009
constant_bcs_val: 1.004
constant_res_val: 0.987
It: 27200, Loss: 3.499e-02, loss_ics: 2.762e-03, loss_bcs: 1.471e-03, Loss_r: 3.075e-02, Time: 0.03
constant_ics_val: 1.005
constant_bcs_val: 0.997
constant_res_val: 0.998
It: 27300, Loss: 3.462e-02, loss_ics: 2.755e-03, loss_bcs: 1.458e-03, Loss_r: 3.041e-02, Time: 0.03
constant_ics_val: 1.005
constant_bcs_val: 0.998
constant_res_val: 0.997
It: 27400, Loss: 3.444e-02, loss_ics: 2.746e-03, loss_bcs: 1.444e-03, Loss_r: 3.025e-02, Time: 0.04
constant_ics_val: 1.005
constant_bcs_val: 0.995
constant_res_val: 1.000
It: 27500, Loss: 3.436e-02, loss_ics: 2.743e-03, loss_bcs: 1.431e-03, Loss_r: 3.018e-02, Time: 0.03
constant_ics_val: 1.002
constant_bcs_val: 0.995
constant_res_val: 1.003
It: 27600, Loss: 4.430e-02, loss_ics: 2.960e-03, loss_bcs: 1.413e-03, Loss_r: 3.992e-02, Time: 0.04
constant_ics_val: 0.967
constant_bcs_val: 0.860
constant_res_val: 1.173
It: 27700, Loss: 3.446e-02, loss_ics: 2.728e-03, loss_bcs: 1.406e-03, Loss_r: 3.033e-02, Time: 0.03
constant_ics_val: 1.006
constant_bcs_val: 1.023
constant_res_val: 0.971
It: 27800, Loss: 3.370e-02, loss_ics: 2.714e-03, loss_bcs: 1.392e-03, Loss_r: 2.959e-02, Time: 0.03
constant_ics_val: 1.007
constant_bcs_val: 1.007
constant_res_val: 0.986
It: 27900, Loss: 3.346e-02, loss_ics: 2.711e-03, loss_bcs: 1.380e-03, Loss_r: 2.937e-02, Time: 0.04
constant_ics_val: 1.004
constant_bcs_val: 1.000
constant_res_val: 0.995
It: 28000, Loss: 3.373e-02, loss_ics: 2.696e-03, loss_bcs: 1.366e-03, Loss_r: 2.967e-02, Time: 0.04
constant_ics_val: 1.004
constant_bcs_val: 0.996
constant_res_val: 1.001
It: 28100, Loss: 3.483e-02, loss_ics: 2.707e-03, loss_bcs: 1.352e-03, Loss_r: 3.077e-02, Time: 0.04
constant_ics_val: 1.006
constant_bcs_val: 0.990
constant_res_val: 1.004
It: 28200, Loss: 3.289e-02, loss_ics: 2.687e-03, loss_bcs: 1.342e-03, Loss_r: 2.886e-02, Time: 0.04
constant_ics_val: 1.012
constant_bcs_val: 1.007
constant_res_val: 0.981
It: 28300, Loss: 3.273e-02, loss_ics: 2.683e-03, loss_bcs: 1.330e-03, Loss_r: 2.872e-02, Time: 0.04
constant_ics_val: 1.005
constant_bcs_val: 1.000
constant_res_val: 0.995
It: 28400, Loss: 3.252e-02, loss_ics: 2.674e-03, loss_bcs: 1.319e-03, Loss_r: 2.853e-02, Time: 0.05
constant_ics_val: 1.003
constant_bcs_val: 0.999
constant_res_val: 0.998
It: 28500, Loss: 3.274e-02, loss_ics: 2.664e-03, loss_bcs: 1.306e-03, Loss_r: 2.877e-02, Time: 0.04
constant_ics_val: 1.002
constant_bcs_val: 0.996
constant_res_val: 1.002
It: 28600, Loss: 3.245e-02, loss_ics: 2.656e-03, loss_bcs: 1.295e-03, Loss_r: 2.850e-02, Time: 0.04
constant_ics_val: 1.007
constant_bcs_val: 0.997
constant_res_val: 0.996
It: 28700, Loss: 3.198e-02, loss_ics: 2.651e-03, loss_bcs: 1.284e-03, Loss_r: 2.805e-02, Time: 0.04
constant_ics_val: 1.006
constant_bcs_val: 0.999
constant_res_val: 0.994
It: 28800, Loss: 3.190e-02, loss_ics: 2.642e-03, loss_bcs: 1.272e-03, Loss_r: 2.799e-02, Time: 0.04
constant_ics_val: 1.005
constant_bcs_val: 0.996
constant_res_val: 0.999
It: 28900, Loss: 4.201e-02, loss_ics: 2.644e-03, loss_bcs: 1.257e-03, Loss_r: 3.811e-02, Time: 0.04
constant_ics_val: 0.899
constant_bcs_val: 0.885
constant_res_val: 1.216
It: 29000, Loss: 3.159e-02, loss_ics: 2.645e-03, loss_bcs: 1.250e-03, Loss_r: 2.770e-02, Time: 0.04
constant_ics_val: 1.023
constant_bcs_val: 1.018
constant_res_val: 0.959
It: 29100, Loss: 3.152e-02, loss_ics: 2.634e-03, loss_bcs: 1.239e-03, Loss_r: 2.765e-02, Time: 0.03
constant_ics_val: 1.005
constant_bcs_val: 1.003
constant_res_val: 0.992
It: 29200, Loss: 3.125e-02, loss_ics: 2.618e-03, loss_bcs: 1.228e-03, Loss_r: 2.741e-02, Time: 0.04
constant_ics_val: 1.005
constant_bcs_val: 1.000
constant_res_val: 0.996
It: 29300, Loss: 3.338e-02, loss_ics: 2.720e-03, loss_bcs: 1.220e-03, Loss_r: 2.944e-02, Time: 0.04
constant_ics_val: 0.999
constant_bcs_val: 0.989
constant_res_val: 1.012
It: 29400, Loss: 3.078e-02, loss_ics: 2.609e-03, loss_bcs: 1.207e-03, Loss_r: 2.696e-02, Time: 0.04
constant_ics_val: 1.003
constant_bcs_val: 1.016
constant_res_val: 0.981
It: 29500, Loss: 3.071e-02, loss_ics: 2.612e-03, loss_bcs: 1.197e-03, Loss_r: 2.690e-02, Time: 0.05
constant_ics_val: 1.002
constant_bcs_val: 1.002
constant_res_val: 0.996
It: 29600, Loss: 3.045e-02, loss_ics: 2.595e-03, loss_bcs: 1.186e-03, Loss_r: 2.667e-02, Time: 0.03
constant_ics_val: 1.002
constant_bcs_val: 1.000
constant_res_val: 0.998
It: 29700, Loss: 3.129e-02, loss_ics: 2.603e-03, loss_bcs: 1.177e-03, Loss_r: 2.751e-02, Time: 0.04
constant_ics_val: 0.997
constant_bcs_val: 0.992
constant_res_val: 1.010
It: 29800, Loss: 3.063e-02, loss_ics: 2.586e-03, loss_bcs: 1.165e-03, Loss_r: 2.688e-02, Time: 0.03
constant_ics_val: 1.008
constant_bcs_val: 1.000
constant_res_val: 0.993
It: 29900, Loss: 3.748e-02, loss_ics: 2.589e-03, loss_bcs: 1.154e-03, Loss_r: 3.374e-02, Time: 0.04
constant_ics_val: 0.938
constant_bcs_val: 0.934
constant_res_val: 1.128
It: 30000, Loss: 3.517e-02, loss_ics: 2.781e-03, loss_bcs: 1.149e-03, Loss_r: 3.124e-02, Time: 0.04
constant_ics_val: 1.019
constant_bcs_val: 1.006
constant_res_val: 0.975
It: 30100, Loss: 2.976e-02, loss_ics: 2.571e-03, loss_bcs: 1.136e-03, Loss_r: 2.606e-02, Time: 0.04
constant_ics_val: 1.008
constant_bcs_val: 1.043
constant_res_val: 0.949
It: 30200, Loss: 3.413e-02, loss_ics: 2.747e-03, loss_bcs: 1.129e-03, Loss_r: 3.026e-02, Time: 0.04
constant_ics_val: 0.987
constant_bcs_val: 0.971
constant_res_val: 1.042
It: 30300, Loss: 2.939e-02, loss_ics: 2.558e-03, loss_bcs: 1.117e-03, Loss_r: 2.571e-02, Time: 0.04
constant_ics_val: 1.001
constant_bcs_val: 1.029
constant_res_val: 0.970
It: 30400, Loss: 3.250e-02, loss_ics: 2.620e-03, loss_bcs: 1.106e-03, Loss_r: 2.877e-02, Time: 0.03
constant_ics_val: 1.001
constant_bcs_val: 0.982
constant_res_val: 1.017
It: 30500, Loss: 2.937e-02, loss_ics: 2.544e-03, loss_bcs: 1.098e-03, Loss_r: 2.573e-02, Time: 0.04
constant_ics_val: 1.012
constant_bcs_val: 1.018
constant_res_val: 0.970
It: 30600, Loss: 2.915e-02, loss_ics: 2.561e-03, loss_bcs: 1.089e-03, Loss_r: 2.550e-02, Time: 0.04
constant_ics_val: 1.007
constant_bcs_val: 1.004
constant_res_val: 0.989
It: 30700, Loss: 2.922e-02, loss_ics: 2.534e-03, loss_bcs: 1.080e-03, Loss_r: 2.560e-02, Time: 0.04
constant_ics_val: 1.001
constant_bcs_val: 0.998
constant_res_val: 1.001
It: 30800, Loss: 2.865e-02, loss_ics: 2.530e-03, loss_bcs: 1.071e-03, Loss_r: 2.505e-02, Time: 0.03
constant_ics_val: 1.007
constant_bcs_val: 1.000
constant_res_val: 0.993
It: 30900, Loss: 2.844e-02, loss_ics: 2.532e-03, loss_bcs: 1.063e-03, Loss_r: 2.484e-02, Time: 0.04
constant_ics_val: 1.005
constant_bcs_val: 0.999
constant_res_val: 0.997
It: 31000, Loss: 2.882e-02, loss_ics: 2.524e-03, loss_bcs: 1.054e-03, Loss_r: 2.525e-02, Time: 0.03
constant_ics_val: 1.000
constant_bcs_val: 0.995
constant_res_val: 1.005
It: 31100, Loss: 2.826e-02, loss_ics: 2.521e-03, loss_bcs: 1.046e-03, Loss_r: 2.469e-02, Time: 0.04
constant_ics_val: 1.002
constant_bcs_val: 0.995
constant_res_val: 1.002
It: 31200, Loss: 2.872e-02, loss_ics: 2.509e-03, loss_bcs: 1.036e-03, Loss_r: 2.517e-02, Time: 0.04
constant_ics_val: 1.000
constant_bcs_val: 0.994
constant_res_val: 1.006
It: 31300, Loss: 2.946e-02, loss_ics: 2.535e-03, loss_bcs: 1.027e-03, Loss_r: 2.590e-02, Time: 0.04
constant_ics_val: 1.005
constant_bcs_val: 0.975
constant_res_val: 1.020
It: 31400, Loss: 3.068e-02, loss_ics: 2.560e-03, loss_bcs: 1.020e-03, Loss_r: 2.711e-02, Time: 0.04
constant_ics_val: 0.990
constant_bcs_val: 0.971
constant_res_val: 1.039
It: 31500, Loss: 2.758e-02, loss_ics: 2.500e-03, loss_bcs: 1.012e-03, Loss_r: 2.407e-02, Time: 0.04
constant_ics_val: 1.011
constant_bcs_val: 1.015
constant_res_val: 0.974
It: 31600, Loss: 2.749e-02, loss_ics: 2.491e-03, loss_bcs: 1.004e-03, Loss_r: 2.399e-02, Time: 0.03
constant_ics_val: 1.006
constant_bcs_val: 1.001
constant_res_val: 0.993
It: 31700, Loss: 2.805e-02, loss_ics: 2.530e-03, loss_bcs: 9.969e-04, Loss_r: 2.452e-02, Time: 0.04
constant_ics_val: 1.001
constant_bcs_val: 0.994
constant_res_val: 1.004
It: 31800, Loss: 2.710e-02, loss_ics: 2.484e-03, loss_bcs: 9.884e-04, Loss_r: 2.363e-02, Time: 0.04
constant_ics_val: 1.003
constant_bcs_val: 1.005
constant_res_val: 0.992
It: 31900, Loss: 2.996e-02, loss_ics: 2.499e-03, loss_bcs: 9.792e-04, Loss_r: 2.648e-02, Time: 0.04
constant_ics_val: 0.995
constant_bcs_val: 0.992
constant_res_val: 1.013
It: 32000, Loss: 2.683e-02, loss_ics: 2.476e-03, loss_bcs: 9.731e-04, Loss_r: 2.338e-02, Time: 0.04
constant_ics_val: 1.019
constant_bcs_val: 1.019
constant_res_val: 0.963
It: 32100, Loss: 2.670e-02, loss_ics: 2.473e-03, loss_bcs: 9.658e-04, Loss_r: 2.326e-02, Time: 0.04
constant_ics_val: 1.007
constant_bcs_val: 1.003
constant_res_val: 0.990
It: 32200, Loss: 2.789e-02, loss_ics: 2.525e-03, loss_bcs: 9.589e-04, Loss_r: 2.440e-02, Time: 0.03
constant_ics_val: 0.994
constant_bcs_val: 0.984
constant_res_val: 1.023
It: 32300, Loss: 2.785e-02, loss_ics: 2.464e-03, loss_bcs: 9.511e-04, Loss_r: 2.443e-02, Time: 0.03
constant_ics_val: 1.002
constant_bcs_val: 1.005
constant_res_val: 0.994
It: 32400, Loss: 2.630e-02, loss_ics: 2.460e-03, loss_bcs: 9.440e-04, Loss_r: 2.289e-02, Time: 0.04
constant_ics_val: 1.014
constant_bcs_val: 1.010
constant_res_val: 0.976
It: 32500, Loss: 2.617e-02, loss_ics: 2.457e-03, loss_bcs: 9.371e-04, Loss_r: 2.278e-02, Time: 0.04
constant_ics_val: 1.006
constant_bcs_val: 1.001
constant_res_val: 0.994
It: 32600, Loss: 3.166e-02, loss_ics: 2.452e-03, loss_bcs: 9.307e-04, Loss_r: 2.828e-02, Time: 0.04
constant_ics_val: 0.969
constant_bcs_val: 0.963
constant_res_val: 1.068
It: 32700, Loss: 2.629e-02, loss_ics: 2.470e-03, loss_bcs: 9.239e-04, Loss_r: 2.290e-02, Time: 0.04
constant_ics_val: 1.029
constant_bcs_val: 1.022
constant_res_val: 0.949
It: 32800, Loss: 2.579e-02, loss_ics: 2.445e-03, loss_bcs: 9.168e-04, Loss_r: 2.242e-02, Time: 0.04
constant_ics_val: 1.009
constant_bcs_val: 1.008
constant_res_val: 0.982
It: 32900, Loss: 2.567e-02, loss_ics: 2.440e-03, loss_bcs: 9.100e-04, Loss_r: 2.232e-02, Time: 0.03
constant_ics_val: 1.005
constant_bcs_val: 1.000
constant_res_val: 0.995
It: 33000, Loss: 2.555e-02, loss_ics: 2.436e-03, loss_bcs: 9.034e-04, Loss_r: 2.221e-02, Time: 0.04
constant_ics_val: 1.004
constant_bcs_val: 0.998
constant_res_val: 0.998
It: 33100, Loss: 2.541e-02, loss_ics: 2.433e-03, loss_bcs: 8.969e-04, Loss_r: 2.208e-02, Time: 0.04
constant_ics_val: 1.004
constant_bcs_val: 0.998
constant_res_val: 0.998
It: 33200, Loss: 2.559e-02, loss_ics: 2.431e-03, loss_bcs: 8.903e-04, Loss_r: 2.227e-02, Time: 0.03
constant_ics_val: 1.004
constant_bcs_val: 0.995
constant_res_val: 1.001
It: 33300, Loss: 2.518e-02, loss_ics: 2.426e-03, loss_bcs: 8.842e-04, Loss_r: 2.187e-02, Time: 0.03
constant_ics_val: 1.006
constant_bcs_val: 1.000
constant_res_val: 0.995
It: 33400, Loss: 2.528e-02, loss_ics: 2.423e-03, loss_bcs: 8.777e-04, Loss_r: 2.198e-02, Time: 0.03
constant_ics_val: 1.004
constant_bcs_val: 0.994
constant_res_val: 1.003
It: 33500, Loss: 3.164e-02, loss_ics: 2.648e-03, loss_bcs: 8.739e-04, Loss_r: 2.812e-02, Time: 0.04
constant_ics_val: 0.953
constant_bcs_val: 0.896
constant_res_val: 1.151
It: 33600, Loss: 2.501e-02, loss_ics: 2.414e-03, loss_bcs: 8.653e-04, Loss_r: 2.173e-02, Time: 0.04
constant_ics_val: 0.996
constant_bcs_val: 1.027
constant_res_val: 0.977
It: 33700, Loss: 3.493e-02, loss_ics: 2.742e-03, loss_bcs: 8.622e-04, Loss_r: 3.133e-02, Time: 0.04
constant_ics_val: 0.959
constant_bcs_val: 0.924
constant_res_val: 1.117
It: 33800, Loss: 3.201e-02, loss_ics: 2.407e-03, loss_bcs: 8.528e-04, Loss_r: 2.875e-02, Time: 0.04
constant_ics_val: 0.973
constant_bcs_val: 1.027
constant_res_val: 1.000
It: 33900, Loss: 3.395e-02, loss_ics: 2.668e-03, loss_bcs: 8.468e-04, Loss_r: 3.043e-02, Time: 0.04
constant_ics_val: 1.040
constant_bcs_val: 0.977
constant_res_val: 0.983
It: 34000, Loss: 2.432e-02, loss_ics: 2.402e-03, loss_bcs: 8.420e-04, Loss_r: 2.108e-02, Time: 0.04
constant_ics_val: 1.027
constant_bcs_val: 1.068
constant_res_val: 0.905
It: 34100, Loss: 2.422e-02, loss_ics: 2.397e-03, loss_bcs: 8.362e-04, Loss_r: 2.099e-02, Time: 0.04
constant_ics_val: 1.009
constant_bcs_val: 1.015
constant_res_val: 0.975
It: 34200, Loss: 2.409e-02, loss_ics: 2.396e-03, loss_bcs: 8.307e-04, Loss_r: 2.087e-02, Time: 0.04
constant_ics_val: 1.005
constant_bcs_val: 1.002
constant_res_val: 0.993
It: 34300, Loss: 2.403e-02, loss_ics: 2.391e-03, loss_bcs: 8.250e-04, Loss_r: 2.081e-02, Time: 0.03
constant_ics_val: 1.003
constant_bcs_val: 0.998
constant_res_val: 0.999
It: 34400, Loss: 2.387e-02, loss_ics: 2.389e-03, loss_bcs: 8.194e-04, Loss_r: 2.066e-02, Time: 0.04
constant_ics_val: 1.003
constant_bcs_val: 0.998
constant_res_val: 0.998
It: 34500, Loss: 2.376e-02, loss_ics: 2.386e-03, loss_bcs: 8.140e-04, Loss_r: 2.056e-02, Time: 0.03
constant_ics_val: 1.003
constant_bcs_val: 0.998
constant_res_val: 0.999
It: 34600, Loss: 2.366e-02, loss_ics: 2.382e-03, loss_bcs: 8.087e-04, Loss_r: 2.047e-02, Time: 0.04
constant_ics_val: 1.003
constant_bcs_val: 0.998
constant_res_val: 0.999
It: 34700, Loss: 2.353e-02, loss_ics: 2.378e-03, loss_bcs: 8.035e-04, Loss_r: 2.035e-02, Time: 0.04
constant_ics_val: 1.003
constant_bcs_val: 0.998
constant_res_val: 0.999
It: 34800, Loss: 2.342e-02, loss_ics: 2.375e-03, loss_bcs: 7.982e-04, Loss_r: 2.025e-02, Time: 0.04
constant_ics_val: 1.003
constant_bcs_val: 0.998
constant_res_val: 0.999
It: 34900, Loss: 2.476e-02, loss_ics: 2.401e-03, loss_bcs: 7.926e-04, Loss_r: 2.157e-02, Time: 0.04
constant_ics_val: 1.000
constant_bcs_val: 0.984
constant_res_val: 1.015
It: 35000, Loss: 2.516e-02, loss_ics: 2.408e-03, loss_bcs: 7.875e-04, Loss_r: 2.197e-02, Time: 0.04
constant_ics_val: 1.006
constant_bcs_val: 0.993
constant_res_val: 1.001
It: 35100, Loss: 2.314e-02, loss_ics: 2.368e-03, loss_bcs: 7.832e-04, Loss_r: 1.999e-02, Time: 0.04
constant_ics_val: 1.013
constant_bcs_val: 1.015
constant_res_val: 0.971
It: 35200, Loss: 2.302e-02, loss_ics: 2.367e-03, loss_bcs: 7.784e-04, Loss_r: 1.988e-02, Time: 0.04
constant_ics_val: 1.006
constant_bcs_val: 1.003
constant_res_val: 0.992
It: 35300, Loss: 2.291e-02, loss_ics: 2.361e-03, loss_bcs: 7.736e-04, Loss_r: 1.978e-02, Time: 0.03
constant_ics_val: 1.004
constant_bcs_val: 1.000
constant_res_val: 0.997
It: 35400, Loss: 2.327e-02, loss_ics: 2.365e-03, loss_bcs: 7.686e-04, Loss_r: 2.013e-02, Time: 0.04
constant_ics_val: 0.999
constant_bcs_val: 0.989
constant_res_val: 1.012
It: 35500, Loss: 2.273e-02, loss_ics: 2.355e-03, loss_bcs: 7.643e-04, Loss_r: 1.961e-02, Time: 0.04
constant_ics_val: 1.005
constant_bcs_val: 1.000
constant_res_val: 0.994
It: 35600, Loss: 2.270e-02, loss_ics: 2.355e-03, loss_bcs: 7.597e-04, Loss_r: 1.958e-02, Time: 0.04
constant_ics_val: 1.003
constant_bcs_val: 0.998
constant_res_val: 0.998
It: 35700, Loss: 2.304e-02, loss_ics: 2.354e-03, loss_bcs: 7.548e-04, Loss_r: 1.993e-02, Time: 0.04
constant_ics_val: 0.998
constant_bcs_val: 0.981
constant_res_val: 1.021
It: 35800, Loss: 2.248e-02, loss_ics: 2.348e-03, loss_bcs: 7.507e-04, Loss_r: 1.938e-02, Time: 0.04
constant_ics_val: 1.005
constant_bcs_val: 0.999
constant_res_val: 0.996
It: 35900, Loss: 2.238e-02, loss_ics: 2.350e-03, loss_bcs: 7.462e-04, Loss_r: 1.928e-02, Time: 0.04
constant_ics_val: 1.003
constant_bcs_val: 0.999
constant_res_val: 0.998
It: 36000, Loss: 2.268e-02, loss_ics: 2.358e-03, loss_bcs: 7.419e-04, Loss_r: 1.958e-02, Time: 0.05
constant_ics_val: 0.998
constant_bcs_val: 0.993
constant_res_val: 1.010
It: 36100, Loss: 2.245e-02, loss_ics: 2.339e-03, loss_bcs: 7.373e-04, Loss_r: 1.937e-02, Time: 0.04
constant_ics_val: 1.002
constant_bcs_val: 0.999
constant_res_val: 0.998
It: 36200, Loss: 2.219e-02, loss_ics: 2.337e-03, loss_bcs: 7.329e-04, Loss_r: 1.912e-02, Time: 0.04
constant_ics_val: 1.006
constant_bcs_val: 0.999
constant_res_val: 0.995
It: 36300, Loss: 2.197e-02, loss_ics: 2.337e-03, loss_bcs: 7.290e-04, Loss_r: 1.890e-02, Time: 0.14
constant_ics_val: 1.004
constant_bcs_val: 0.999
constant_res_val: 0.997
It: 36400, Loss: 2.179e-02, loss_ics: 2.332e-03, loss_bcs: 7.249e-04, Loss_r: 1.874e-02, Time: 0.04
constant_ics_val: 1.003
constant_bcs_val: 1.000
constant_res_val: 0.997
It: 36500, Loss: 2.219e-02, loss_ics: 2.329e-03, loss_bcs: 7.209e-04, Loss_r: 1.913e-02, Time: 0.04
constant_ics_val: 0.991
constant_bcs_val: 0.985
constant_res_val: 1.024
It: 36600, Loss: 2.164e-02, loss_ics: 2.325e-03, loss_bcs: 7.169e-04, Loss_r: 1.860e-02, Time: 0.04
constant_ics_val: 1.005
constant_bcs_val: 0.999
constant_res_val: 0.996
It: 36700, Loss: 2.153e-02, loss_ics: 2.325e-03, loss_bcs: 7.130e-04, Loss_r: 1.849e-02, Time: 0.04
constant_ics_val: 1.004
constant_bcs_val: 0.999
constant_res_val: 0.998
It: 36800, Loss: 2.409e-02, loss_ics: 2.419e-03, loss_bcs: 7.097e-04, Loss_r: 2.096e-02, Time: 0.04
constant_ics_val: 0.982
constant_bcs_val: 0.959
constant_res_val: 1.059
It: 36900, Loss: 2.494e-02, loss_ics: 2.326e-03, loss_bcs: 7.056e-04, Loss_r: 2.191e-02, Time: 0.05
constant_ics_val: 0.978
constant_bcs_val: 0.991
constant_res_val: 1.031
It: 37000, Loss: 2.138e-02, loss_ics: 2.324e-03, loss_bcs: 7.016e-04, Loss_r: 1.836e-02, Time: 0.04
constant_ics_val: 1.024
constant_bcs_val: 1.026
constant_res_val: 0.951
It: 37100, Loss: 2.136e-02, loss_ics: 2.312e-03, loss_bcs: 6.975e-04, Loss_r: 1.835e-02, Time: 0.04
constant_ics_val: 1.007
constant_bcs_val: 1.006
constant_res_val: 0.988
It: 37200, Loss: 2.108e-02, loss_ics: 2.310e-03, loss_bcs: 6.940e-04, Loss_r: 1.808e-02, Time: 0.06
constant_ics_val: 1.006
constant_bcs_val: 1.002
constant_res_val: 0.992
It: 37300, Loss: 2.138e-02, loss_ics: 2.327e-03, loss_bcs: 6.906e-04, Loss_r: 1.836e-02, Time: 0.04
constant_ics_val: 1.001
constant_bcs_val: 0.996
constant_res_val: 1.003
It: 37400, Loss: 2.149e-02, loss_ics: 2.303e-03, loss_bcs: 6.868e-04, Loss_r: 1.850e-02, Time: 0.04
constant_ics_val: 1.000
constant_bcs_val: 0.999
constant_res_val: 1.001
It: 37500, Loss: 2.092e-02, loss_ics: 2.311e-03, loss_bcs: 6.835e-04, Loss_r: 1.792e-02, Time: 0.04
constant_ics_val: 1.008
constant_bcs_val: 1.005
constant_res_val: 0.987
It: 37600, Loss: 2.146e-02, loss_ics: 2.332e-03, loss_bcs: 6.803e-04, Loss_r: 1.845e-02, Time: 0.10
constant_ics_val: 1.000
constant_bcs_val: 0.996
constant_res_val: 1.004
It: 37700, Loss: 2.084e-02, loss_ics: 2.300e-03, loss_bcs: 6.766e-04, Loss_r: 1.786e-02, Time: 0.07
constant_ics_val: 1.003
constant_bcs_val: 1.006
constant_res_val: 0.991
It: 37800, Loss: 2.054e-02, loss_ics: 2.294e-03, loss_bcs: 6.731e-04, Loss_r: 1.758e-02, Time: 0.04
constant_ics_val: 1.005
constant_bcs_val: 1.003
constant_res_val: 0.993
It: 37900, Loss: 2.041e-02, loss_ics: 2.292e-03, loss_bcs: 6.698e-04, Loss_r: 1.745e-02, Time: 0.04
constant_ics_val: 1.004
constant_bcs_val: 1.000
constant_res_val: 0.996
It: 38000, Loss: 2.045e-02, loss_ics: 2.294e-03, loss_bcs: 6.666e-04, Loss_r: 1.749e-02, Time: 0.04
constant_ics_val: 1.002
constant_bcs_val: 0.998
constant_res_val: 1.001
It: 38100, Loss: 2.029e-02, loss_ics: 2.287e-03, loss_bcs: 6.633e-04, Loss_r: 1.734e-02, Time: 0.04
constant_ics_val: 1.003
constant_bcs_val: 0.999
constant_res_val: 0.998
It: 38200, Loss: 2.016e-02, loss_ics: 2.285e-03, loss_bcs: 6.602e-04, Loss_r: 1.721e-02, Time: 0.04
constant_ics_val: 1.003
constant_bcs_val: 0.999
constant_res_val: 0.997
It: 38300, Loss: 2.062e-02, loss_ics: 2.283e-03, loss_bcs: 6.570e-04, Loss_r: 1.768e-02, Time: 0.04
constant_ics_val: 0.998
constant_bcs_val: 0.994
constant_res_val: 1.008
It: 38400, Loss: 2.037e-02, loss_ics: 2.286e-03, loss_bcs: 6.540e-04, Loss_r: 1.743e-02, Time: 0.07
constant_ics_val: 1.004
constant_bcs_val: 1.000
constant_res_val: 0.996
It: 38500, Loss: 2.095e-02, loss_ics: 2.301e-03, loss_bcs: 6.508e-04, Loss_r: 1.800e-02, Time: 0.04
constant_ics_val: 1.003
constant_bcs_val: 0.993
constant_res_val: 1.005
It: 38600, Loss: 2.004e-02, loss_ics: 2.277e-03, loss_bcs: 6.480e-04, Loss_r: 1.711e-02, Time: 0.05
constant_ics_val: 1.003
constant_bcs_val: 1.003
constant_res_val: 0.994
It: 38700, Loss: 1.975e-02, loss_ics: 2.273e-03, loss_bcs: 6.450e-04, Loss_r: 1.684e-02, Time: 0.04
constant_ics_val: 1.005
constant_bcs_val: 1.002
constant_res_val: 0.993
It: 38800, Loss: 1.992e-02, loss_ics: 2.283e-03, loss_bcs: 6.421e-04, Loss_r: 1.699e-02, Time: 0.05
constant_ics_val: 1.002
constant_bcs_val: 0.997
constant_res_val: 1.001
It: 38900, Loss: 1.967e-02, loss_ics: 2.269e-03, loss_bcs: 6.392e-04, Loss_r: 1.676e-02, Time: 0.04
constant_ics_val: 1.003
constant_bcs_val: 1.001
constant_res_val: 0.996
It: 39000, Loss: 2.042e-02, loss_ics: 2.287e-03, loss_bcs: 6.364e-04, Loss_r: 1.749e-02, Time: 0.04
constant_ics_val: 1.001
constant_bcs_val: 0.991
constant_res_val: 1.009
It: 39100, Loss: 1.944e-02, loss_ics: 2.264e-03, loss_bcs: 6.337e-04, Loss_r: 1.654e-02, Time: 0.04
constant_ics_val: 1.008
constant_bcs_val: 1.008
constant_res_val: 0.984
It: 39200, Loss: 1.936e-02, loss_ics: 2.261e-03, loss_bcs: 6.309e-04, Loss_r: 1.647e-02, Time: 0.05
constant_ics_val: 1.004
constant_bcs_val: 1.001
constant_res_val: 0.995
It: 39300, Loss: 1.927e-02, loss_ics: 2.260e-03, loss_bcs: 6.282e-04, Loss_r: 1.638e-02, Time: 0.04
constant_ics_val: 1.003
constant_bcs_val: 1.000
constant_res_val: 0.997
It: 39400, Loss: 1.943e-02, loss_ics: 2.257e-03, loss_bcs: 6.256e-04, Loss_r: 1.655e-02, Time: 0.04
constant_ics_val: 1.001
constant_bcs_val: 0.998
constant_res_val: 1.001
It: 39500, Loss: 1.912e-02, loss_ics: 2.255e-03, loss_bcs: 6.229e-04, Loss_r: 1.624e-02, Time: 0.04
constant_ics_val: 1.005
constant_bcs_val: 1.001
constant_res_val: 0.994
It: 39600, Loss: 1.978e-02, loss_ics: 2.258e-03, loss_bcs: 6.205e-04, Loss_r: 1.691e-02, Time: 0.12
constant_ics_val: 0.994
constant_bcs_val: 0.990
constant_res_val: 1.016
It: 39700, Loss: 2.208e-02, loss_ics: 2.354e-03, loss_bcs: 6.181e-04, Loss_r: 1.910e-02, Time: 0.05
constant_ics_val: 0.989
constant_bcs_val: 0.971
constant_res_val: 1.040
It: 39800, Loss: 1.889e-02, loss_ics: 2.249e-03, loss_bcs: 6.154e-04, Loss_r: 1.603e-02, Time: 0.05
constant_ics_val: 1.011
constant_bcs_val: 1.029
constant_res_val: 0.960
It: 39900, Loss: 2.039e-02, loss_ics: 2.304e-03, loss_bcs: 6.131e-04, Loss_r: 1.748e-02, Time: 0.04
constant_ics_val: 0.990
constant_bcs_val: 0.980
constant_res_val: 1.030
Gradients information stored ...
It: 40000, Loss: 1.874e-02, loss_ics: 2.244e-03, loss_bcs: 6.106e-04, Loss_r: 1.589e-02, Time: 0.93
constant_ics_val: 1.006
constant_bcs_val: 1.015
constant_res_val: 0.979
average lambda_bc9.5271e-01
average lambda_bc9.9072e-01
average lambda_res1.0
Save uv NN parameters successfully in %s ...checkpoints/Dec-17-2023_18-05-12-456611_relobralo
Final loss total loss: 1.874393e-02
Final loss loss_res: 1.588886e-02
Final loss loss_bcs: 6.105896e-04
Final loss loss_ics: 2.244479e-03
