It: 0, Loss: 6.753e+03, Loss_bcs: 2.718e-01, Loss_res: 6.753e+03,Time: 3.64
 kurtosis_grad_res: 4.8570e+02
 kurtosis_grad_bcs: 2.3375e+02
std_grad_bcs: 0.068542
std_grad_res: 0.719707
adaptive_bcs_val: 7.0862e+03
adaptive_res_val: 6.7486e+02
Gradients information stored ...
It: 100, Loss: 4.255e+06, Loss_bcs: 1.871e-01, Loss_res: 6.303e+03,Time: 0.01
 kurtosis_grad_res: 1.7753e+02
 kurtosis_grad_bcs: 1.3856e+02
std_grad_bcs: 0.060860
std_grad_res: 6.542770
adaptive_bcs_val: 7.0862e+03
adaptive_res_val: 6.7486e+02
Gradients information stored ...
It: 200, Loss: 4.611e+06, Loss_bcs: 1.638e+00, Loss_res: 6.815e+03,Time: 0.01
 kurtosis_grad_res: 2.5970e+02
 kurtosis_grad_bcs: 1.2883e+02
std_grad_bcs: 0.195351
std_grad_res: 3.567740
adaptive_bcs_val: 7.0862e+03
adaptive_res_val: 6.7486e+02
It: 300, Loss: 4.802e+06, Loss_bcs: 2.936e+00, Loss_res: 7.084e+03,Time: 0.01
 kurtosis_grad_res: 2.3034e+02
 kurtosis_grad_bcs: 1.4481e+02
std_grad_bcs: 0.142400
std_grad_res: 6.131704
adaptive_bcs_val: 7.0862e+03
adaptive_res_val: 6.7486e+02
It: 400, Loss: 4.808e+06, Loss_bcs: 2.968e+00, Loss_res: 7.093e+03,Time: 0.01
 kurtosis_grad_res: 1.9490e+02
 kurtosis_grad_bcs: 1.6351e+02
std_grad_bcs: 0.139040
std_grad_res: 11.484297
adaptive_bcs_val: 7.0862e+03
adaptive_res_val: 6.7486e+02
It: 500, Loss: 3.924e+06, Loss_bcs: 2.876e+00, Loss_res: 5.785e+03,Time: 0.01
 kurtosis_grad_res: 1.4624e+02
 kurtosis_grad_bcs: 8.3176e+01
std_grad_bcs: 0.249794
std_grad_res: 15.680520
adaptive_bcs_val: 7.0862e+03
adaptive_res_val: 6.7486e+02
It: 600, Loss: 4.527e+06, Loss_bcs: 2.632e+00, Loss_res: 6.680e+03,Time: 0.01
 kurtosis_grad_res: 2.9834e+02
 kurtosis_grad_bcs: 8.9615e+01
std_grad_bcs: 0.213517
std_grad_res: 8.053347
adaptive_bcs_val: 7.0862e+03
adaptive_res_val: 6.7486e+02
It: 700, Loss: 4.329e+06, Loss_bcs: 2.349e+00, Loss_res: 6.390e+03,Time: 0.01
 kurtosis_grad_res: 3.7015e+02
 kurtosis_grad_bcs: 1.0398e+02
std_grad_bcs: 0.171061
std_grad_res: 8.465024
adaptive_bcs_val: 7.0862e+03
adaptive_res_val: 6.7486e+02
It: 800, Loss: 4.115e+06, Loss_bcs: 3.927e+00, Loss_res: 6.057e+03,Time: 0.01
 kurtosis_grad_res: 2.2142e+02
 kurtosis_grad_bcs: 1.2894e+02
std_grad_bcs: 0.329731
std_grad_res: 27.059298
adaptive_bcs_val: 7.0862e+03
adaptive_res_val: 6.7486e+02
It: 900, Loss: 1.783e+06, Loss_bcs: 5.260e+00, Loss_res: 2.586e+03,Time: 0.01
 kurtosis_grad_res: 2.2692e+02
 kurtosis_grad_bcs: 1.1640e+02
std_grad_bcs: 0.287768
std_grad_res: 89.426620
adaptive_bcs_val: 7.0862e+03
adaptive_res_val: 6.7486e+02
It: 1000, Loss: 7.434e+05, Loss_bcs: 4.008e+00, Loss_res: 1.060e+03,Time: 0.01
 kurtosis_grad_res: 1.3118e+02
 kurtosis_grad_bcs: 1.1733e+02
std_grad_bcs: 0.343451
std_grad_res: 92.590256
adaptive_bcs_val: 7.0862e+03
adaptive_res_val: 6.7486e+02
Gradients information stored ...
It: 1100, Loss: 3.619e+05, Loss_bcs: 3.974e+00, Loss_res: 4.946e+02,Time: 0.01
 kurtosis_grad_res: 1.3157e+02
 kurtosis_grad_bcs: 1.1441e+02
std_grad_bcs: 0.320286
std_grad_res: 80.665932
adaptive_bcs_val: 7.0862e+03
adaptive_res_val: 6.7486e+02
It: 1200, Loss: 1.944e+05, Loss_bcs: 3.455e+00, Loss_res: 2.518e+02,Time: 0.09
 kurtosis_grad_res: 1.2282e+02
 kurtosis_grad_bcs: 2.2960e+02
std_grad_bcs: 0.221561
std_grad_res: 125.549210
adaptive_bcs_val: 7.0862e+03
adaptive_res_val: 6.7486e+02
It: 1300, Loss: 1.215e+05, Loss_bcs: 2.536e+00, Loss_res: 1.534e+02,Time: 0.07
 kurtosis_grad_res: 1.7954e+02
 kurtosis_grad_bcs: 2.0276e+02
std_grad_bcs: 0.205785
std_grad_res: 30.937315
adaptive_bcs_val: 7.0862e+03
adaptive_res_val: 6.7486e+02
It: 1400, Loss: 8.535e+04, Loss_bcs: 2.048e+00, Loss_res: 1.050e+02,Time: 0.01
 kurtosis_grad_res: 1.8966e+02
 kurtosis_grad_bcs: 1.4071e+02
std_grad_bcs: 0.228314
std_grad_res: 36.517155
adaptive_bcs_val: 7.0862e+03
adaptive_res_val: 6.7486e+02
It: 1500, Loss: 4.679e+04, Loss_bcs: 1.326e+00, Loss_res: 5.541e+01,Time: 0.01
 kurtosis_grad_res: 2.6695e+02
 kurtosis_grad_bcs: 1.6636e+02
std_grad_bcs: 0.215965
std_grad_res: 9.630398
adaptive_bcs_val: 7.0862e+03
adaptive_res_val: 6.7486e+02
It: 1600, Loss: 4.818e+04, Loss_bcs: 1.200e+00, Loss_res: 5.879e+01,Time: 0.01
 kurtosis_grad_res: 2.5943e+02
 kurtosis_grad_bcs: 1.6934e+02
std_grad_bcs: 0.245783
std_grad_res: 16.275188
adaptive_bcs_val: 7.0862e+03
adaptive_res_val: 6.7486e+02
It: 1700, Loss: 3.001e+04, Loss_bcs: 9.408e-01, Loss_res: 3.459e+01,Time: 0.01
 kurtosis_grad_res: 1.3275e+02
 kurtosis_grad_bcs: 1.6333e+02
std_grad_bcs: 0.261050
std_grad_res: 27.214407
adaptive_bcs_val: 7.0862e+03
adaptive_res_val: 6.7486e+02
It: 1800, Loss: 3.381e+04, Loss_bcs: 7.637e-01, Loss_res: 4.207e+01,Time: 0.01
 kurtosis_grad_res: 2.4486e+02
 kurtosis_grad_bcs: 1.5741e+02
std_grad_bcs: 0.248342
std_grad_res: 15.047429
adaptive_bcs_val: 7.0862e+03
adaptive_res_val: 6.7486e+02
It: 1900, Loss: 2.642e+04, Loss_bcs: 7.545e-01, Loss_res: 3.122e+01,Time: 0.01
 kurtosis_grad_res: 1.8590e+02
 kurtosis_grad_bcs: 1.4956e+02
std_grad_bcs: 0.283031
std_grad_res: 17.957142
adaptive_bcs_val: 7.0862e+03
adaptive_res_val: 6.7486e+02
It: 2000, Loss: 2.061e+04, Loss_bcs: 6.260e-01, Loss_res: 2.397e+01,Time: 0.01
 kurtosis_grad_res: 1.1080e+02
 kurtosis_grad_bcs: 1.4384e+02
std_grad_bcs: 0.258034
std_grad_res: 55.147976
adaptive_bcs_val: 7.0862e+03
adaptive_res_val: 6.7486e+02
It: 2100, Loss: 2.000e+04, Loss_bcs: 6.203e-01, Loss_res: 2.312e+01,Time: 0.01
 kurtosis_grad_res: 1.2256e+02
 kurtosis_grad_bcs: 1.4180e+02
std_grad_bcs: 0.272431
std_grad_res: 41.146252
adaptive_bcs_val: 7.0862e+03
adaptive_res_val: 6.7486e+02
It: 2200, Loss: 1.642e+04, Loss_bcs: 4.695e-01, Loss_res: 1.940e+01,Time: 0.01
 kurtosis_grad_res: 1.3818e+02
 kurtosis_grad_bcs: 1.4354e+02
std_grad_bcs: 0.234571
std_grad_res: 18.277002
adaptive_bcs_val: 7.0862e+03
adaptive_res_val: 6.7486e+02
It: 2300, Loss: 1.291e+04, Loss_bcs: 4.512e-01, Loss_res: 1.439e+01,Time: 0.01
 kurtosis_grad_res: 1.8825e+02
 kurtosis_grad_bcs: 1.2744e+02
std_grad_bcs: 0.250873
std_grad_res: 8.874554
adaptive_bcs_val: 7.0862e+03
adaptive_res_val: 6.7486e+02
It: 2400, Loss: 1.475e+04, Loss_bcs: 4.213e-01, Loss_res: 1.744e+01,Time: 0.01
 kurtosis_grad_res: 2.0180e+02
 kurtosis_grad_bcs: 1.2160e+02
std_grad_bcs: 0.229231
std_grad_res: 13.342630
adaptive_bcs_val: 7.0862e+03
adaptive_res_val: 6.7486e+02
It: 2500, Loss: 1.212e+04, Loss_bcs: 4.023e-01, Loss_res: 1.374e+01,Time: 0.01
 kurtosis_grad_res: 1.7635e+02
 kurtosis_grad_bcs: 1.2964e+02
std_grad_bcs: 0.227664
std_grad_res: 14.437415
adaptive_bcs_val: 7.0862e+03
adaptive_res_val: 6.7486e+02
It: 2600, Loss: 9.526e+03, Loss_bcs: 3.021e-01, Loss_res: 1.094e+01,Time: 0.06
 kurtosis_grad_res: 1.6233e+02
 kurtosis_grad_bcs: 1.4134e+02
std_grad_bcs: 0.172168
std_grad_res: 19.577171
adaptive_bcs_val: 7.0862e+03
adaptive_res_val: 6.7486e+02
It: 2700, Loss: 1.157e+04, Loss_bcs: 3.062e-01, Loss_res: 1.393e+01,Time: 0.01
 kurtosis_grad_res: 1.8524e+02
 kurtosis_grad_bcs: 1.4754e+02
std_grad_bcs: 0.164830
std_grad_res: 8.248384
adaptive_bcs_val: 7.0862e+03
adaptive_res_val: 6.7486e+02
It: 2800, Loss: 9.410e+03, Loss_bcs: 2.588e-01, Loss_res: 1.123e+01,Time: 0.01
 kurtosis_grad_res: 1.1246e+02
 kurtosis_grad_bcs: 1.5294e+02
std_grad_bcs: 0.135458
std_grad_res: 39.942368
adaptive_bcs_val: 7.0862e+03
adaptive_res_val: 6.7486e+02
It: 2900, Loss: 1.058e+04, Loss_bcs: 2.527e-01, Loss_res: 1.303e+01,Time: 0.01
 kurtosis_grad_res: 1.0798e+02
 kurtosis_grad_bcs: 1.4270e+02
std_grad_bcs: 0.139270
std_grad_res: 24.610018
adaptive_bcs_val: 7.0862e+03
adaptive_res_val: 6.7486e+02
It: 3000, Loss: 8.452e+03, Loss_bcs: 2.468e-01, Loss_res: 9.932e+00,Time: 0.01
 kurtosis_grad_res: 1.9561e+02
 kurtosis_grad_bcs: 1.2079e+02
std_grad_bcs: 0.166340
std_grad_res: 10.057757
adaptive_bcs_val: 7.0862e+03
adaptive_res_val: 6.7486e+02
It: 3100, Loss: 6.923e+03, Loss_bcs: 2.150e-01, Loss_res: 8.000e+00,Time: 0.01
 kurtosis_grad_res: 1.3064e+02
 kurtosis_grad_bcs: 1.5790e+02
std_grad_bcs: 0.079993
std_grad_res: 12.873054
adaptive_bcs_val: 7.0862e+03
adaptive_res_val: 6.7486e+02
It: 3200, Loss: 6.694e+03, Loss_bcs: 2.001e-01, Loss_res: 7.818e+00,Time: 0.01
 kurtosis_grad_res: 1.1484e+02
 kurtosis_grad_bcs: 1.4231e+02
std_grad_bcs: 0.111237
std_grad_res: 27.954132
adaptive_bcs_val: 7.0862e+03
adaptive_res_val: 6.7486e+02
It: 3300, Loss: 6.001e+03, Loss_bcs: 1.973e-01, Loss_res: 6.821e+00,Time: 0.01
 kurtosis_grad_res: 1.3394e+02
 kurtosis_grad_bcs: 1.2560e+02
std_grad_bcs: 0.132662
std_grad_res: 9.317366
adaptive_bcs_val: 7.0862e+03
adaptive_res_val: 6.7486e+02
It: 3400, Loss: 5.535e+03, Loss_bcs: 2.250e-01, Loss_res: 5.840e+00,Time: 0.02
 kurtosis_grad_res: 1.2972e+02
 kurtosis_grad_bcs: 1.1644e+02
std_grad_bcs: 0.135030
std_grad_res: 14.235353
adaptive_bcs_val: 7.0862e+03
adaptive_res_val: 6.7486e+02
It: 3500, Loss: 4.271e+03, Loss_bcs: 1.765e-01, Loss_res: 4.476e+00,Time: 0.08
 kurtosis_grad_res: 1.4096e+02
 kurtosis_grad_bcs: 1.3621e+02
std_grad_bcs: 0.100143
std_grad_res: 8.576016
adaptive_bcs_val: 7.0862e+03
adaptive_res_val: 6.7486e+02
It: 3600, Loss: 4.832e+03, Loss_bcs: 1.688e-01, Loss_res: 5.387e+00,Time: 0.01
 kurtosis_grad_res: 1.8464e+02
 kurtosis_grad_bcs: 1.6876e+02
std_grad_bcs: 0.076998
std_grad_res: 6.634996
adaptive_bcs_val: 7.0862e+03
adaptive_res_val: 6.7486e+02
It: 3700, Loss: 3.910e+03, Loss_bcs: 1.782e-01, Loss_res: 3.922e+00,Time: 0.01
 kurtosis_grad_res: 2.8373e+02
 kurtosis_grad_bcs: 1.2788e+02
std_grad_bcs: 0.084435
std_grad_res: 2.960914
adaptive_bcs_val: 7.0862e+03
adaptive_res_val: 6.7486e+02
It: 3800, Loss: 5.151e+03, Loss_bcs: 1.874e-01, Loss_res: 5.666e+00,Time: 0.01
 kurtosis_grad_res: 1.6542e+02
 kurtosis_grad_bcs: 1.3960e+02
std_grad_bcs: 0.091128
std_grad_res: 10.996565
adaptive_bcs_val: 7.0862e+03
adaptive_res_val: 6.7486e+02
It: 3900, Loss: 4.454e+03, Loss_bcs: 1.393e-01, Loss_res: 5.137e+00,Time: 0.01
 kurtosis_grad_res: 1.2423e+02
 kurtosis_grad_bcs: 1.4025e+02
std_grad_bcs: 0.052923
std_grad_res: 13.036901
adaptive_bcs_val: 7.0862e+03
adaptive_res_val: 6.7486e+02
It: 4000, Loss: 6.254e+03, Loss_bcs: 1.501e-01, Loss_res: 7.691e+00,Time: 0.01
 kurtosis_grad_res: 9.5570e+01
 kurtosis_grad_bcs: 1.2720e+02
std_grad_bcs: 0.073543
std_grad_res: 33.333405
adaptive_bcs_val: 7.0862e+03
adaptive_res_val: 6.7486e+02
It: 4100, Loss: 4.029e+03, Loss_bcs: 1.503e-01, Loss_res: 4.392e+00,Time: 0.01
 kurtosis_grad_res: 1.9551e+02
 kurtosis_grad_bcs: 1.3216e+02
std_grad_bcs: 0.084813
std_grad_res: 6.330405
adaptive_bcs_val: 7.0862e+03
adaptive_res_val: 6.7486e+02
It: 4200, Loss: 3.713e+03, Loss_bcs: 1.418e-01, Loss_res: 4.013e+00,Time: 0.01
 kurtosis_grad_res: 1.5516e+02
 kurtosis_grad_bcs: 1.3012e+02
std_grad_bcs: 0.083067
std_grad_res: 8.522561
adaptive_bcs_val: 7.0862e+03
adaptive_res_val: 6.7486e+02
It: 4300, Loss: 3.009e+03, Loss_bcs: 1.358e-01, Loss_res: 3.032e+00,Time: 0.04
 kurtosis_grad_res: 1.7284e+02
 kurtosis_grad_bcs: 1.4159e+02
std_grad_bcs: 0.066452
std_grad_res: 6.768498
adaptive_bcs_val: 7.0862e+03
adaptive_res_val: 6.7486e+02
It: 4400, Loss: 3.789e+03, Loss_bcs: 1.353e-01, Loss_res: 4.194e+00,Time: 0.01
 kurtosis_grad_res: 1.3860e+02
 kurtosis_grad_bcs: 1.4935e+02
std_grad_bcs: 0.046673
std_grad_res: 11.456435
adaptive_bcs_val: 7.0862e+03
adaptive_res_val: 6.7486e+02
It: 4500, Loss: 3.326e+03, Loss_bcs: 1.300e-01, Loss_res: 3.564e+00,Time: 0.01
 kurtosis_grad_res: 1.4526e+02
 kurtosis_grad_bcs: 1.3719e+02
std_grad_bcs: 0.073444
std_grad_res: 5.294695
adaptive_bcs_val: 7.0862e+03
adaptive_res_val: 6.7486e+02
It: 4600, Loss: 3.583e+03, Loss_bcs: 1.351e-01, Loss_res: 3.890e+00,Time: 0.01
 kurtosis_grad_res: 2.0980e+02
 kurtosis_grad_bcs: 1.3700e+02
std_grad_bcs: 0.050231
std_grad_res: 8.383522
adaptive_bcs_val: 7.0862e+03
adaptive_res_val: 6.7486e+02
It: 4700, Loss: 2.865e+03, Loss_bcs: 1.239e-01, Loss_res: 2.944e+00,Time: 0.01
 kurtosis_grad_res: 1.2026e+02
 kurtosis_grad_bcs: 1.2272e+02
std_grad_bcs: 0.049876
std_grad_res: 14.162905
adaptive_bcs_val: 7.0862e+03
adaptive_res_val: 6.7486e+02
It: 4800, Loss: 3.617e+03, Loss_bcs: 1.198e-01, Loss_res: 4.102e+00,Time: 0.01
 kurtosis_grad_res: 1.4429e+02
 kurtosis_grad_bcs: 1.3236e+02
std_grad_bcs: 0.032721
std_grad_res: 18.301584
adaptive_bcs_val: 7.0862e+03
adaptive_res_val: 6.7486e+02
It: 4900, Loss: 2.873e+03, Loss_bcs: 1.332e-01, Loss_res: 2.859e+00,Time: 0.01
 kurtosis_grad_res: 1.7699e+02
 kurtosis_grad_bcs: 1.6655e+02
std_grad_bcs: 0.047798
std_grad_res: 6.096854
adaptive_bcs_val: 7.0862e+03
adaptive_res_val: 6.7486e+02
It: 5000, Loss: 2.824e+03, Loss_bcs: 1.189e-01, Loss_res: 2.935e+00,Time: 0.08
 kurtosis_grad_res: 1.0377e+02
 kurtosis_grad_bcs: 2.3215e+02
std_grad_bcs: 0.020769
std_grad_res: 22.684139
adaptive_bcs_val: 7.0862e+03
adaptive_res_val: 6.7486e+02
It: 5100, Loss: 3.619e+03, Loss_bcs: 1.179e-01, Loss_res: 4.125e+00,Time: 0.01
 kurtosis_grad_res: 2.0291e+02
 kurtosis_grad_bcs: 1.2065e+02
std_grad_bcs: 0.082645
std_grad_res: 6.437701
adaptive_bcs_val: 7.0862e+03
adaptive_res_val: 6.7486e+02
It: 5200, Loss: 2.588e+03, Loss_bcs: 1.111e-01, Loss_res: 2.668e+00,Time: 0.01
 kurtosis_grad_res: 1.6705e+02
 kurtosis_grad_bcs: 2.0477e+02
std_grad_bcs: 0.042682
std_grad_res: 5.785001
adaptive_bcs_val: 7.0862e+03
adaptive_res_val: 6.7486e+02
It: 5300, Loss: 3.633e+03, Loss_bcs: 1.085e-01, Loss_res: 4.245e+00,Time: 0.01
 kurtosis_grad_res: 1.3352e+02
 kurtosis_grad_bcs: 1.5134e+02
std_grad_bcs: 0.070840
std_grad_res: 24.123829
adaptive_bcs_val: 7.0862e+03
adaptive_res_val: 6.7486e+02
It: 5400, Loss: 2.591e+03, Loss_bcs: 1.124e-01, Loss_res: 2.659e+00,Time: 0.01
 kurtosis_grad_res: 9.1788e+01
 kurtosis_grad_bcs: 1.4732e+02
std_grad_bcs: 0.036168
std_grad_res: 9.277412
adaptive_bcs_val: 7.0862e+03
adaptive_res_val: 6.7486e+02
It: 5500, Loss: 2.785e+03, Loss_bcs: 1.043e-01, Loss_res: 3.031e+00,Time: 0.10
 kurtosis_grad_res: 1.1734e+02
 kurtosis_grad_bcs: 1.7805e+02
std_grad_bcs: 0.033054
std_grad_res: 12.188070
adaptive_bcs_val: 7.0862e+03
adaptive_res_val: 6.7486e+02
It: 5600, Loss: 3.426e+03, Loss_bcs: 9.734e-02, Loss_res: 4.055e+00,Time: 0.01
 kurtosis_grad_res: 1.4931e+02
 kurtosis_grad_bcs: 1.6168e+02
std_grad_bcs: 0.034367
std_grad_res: 18.515160
adaptive_bcs_val: 7.0862e+03
adaptive_res_val: 6.7486e+02
It: 5700, Loss: 3.275e+03, Loss_bcs: 1.081e-01, Loss_res: 3.719e+00,Time: 0.01
 kurtosis_grad_res: 1.3389e+02
 kurtosis_grad_bcs: 1.1509e+02
std_grad_bcs: 0.050627
std_grad_res: 27.197153
adaptive_bcs_val: 7.0862e+03
adaptive_res_val: 6.7486e+02
It: 5800, Loss: 1.812e+03, Loss_bcs: 1.131e-01, Loss_res: 1.498e+00,Time: 0.01
 kurtosis_grad_res: 2.1569e+02
 kurtosis_grad_bcs: 1.3621e+02
std_grad_bcs: 0.039372
std_grad_res: 2.529419
adaptive_bcs_val: 7.0862e+03
adaptive_res_val: 6.7486e+02
It: 5900, Loss: 4.024e+03, Loss_bcs: 1.179e-01, Loss_res: 4.724e+00,Time: 0.01
 kurtosis_grad_res: 1.2489e+02
 kurtosis_grad_bcs: 1.2092e+02
std_grad_bcs: 0.070690
std_grad_res: 26.684380
adaptive_bcs_val: 7.0862e+03
adaptive_res_val: 6.7486e+02
It: 6000, Loss: 2.439e+03, Loss_bcs: 9.697e-02, Loss_res: 2.596e+00,Time: 0.01
 kurtosis_grad_res: 1.3788e+02
 kurtosis_grad_bcs: 1.6616e+02
std_grad_bcs: 0.026473
std_grad_res: 16.248882
adaptive_bcs_val: 7.0862e+03
adaptive_res_val: 6.7486e+02
It: 6100, Loss: 1.972e+03, Loss_bcs: 9.931e-02, Loss_res: 1.880e+00,Time: 0.01
 kurtosis_grad_res: 1.3482e+02
 kurtosis_grad_bcs: 1.3149e+02
std_grad_bcs: 0.036096
std_grad_res: 8.480410
adaptive_bcs_val: 7.0862e+03
adaptive_res_val: 6.7486e+02
It: 6200, Loss: 2.832e+03, Loss_bcs: 9.700e-02, Loss_res: 3.178e+00,Time: 0.02
 kurtosis_grad_res: 1.0079e+02
 kurtosis_grad_bcs: 1.4567e+02
std_grad_bcs: 0.054490
std_grad_res: 18.092709
adaptive_bcs_val: 7.0862e+03
adaptive_res_val: 6.7486e+02
It: 6300, Loss: 2.805e+03, Loss_bcs: 7.239e-02, Loss_res: 3.397e+00,Time: 0.01
 kurtosis_grad_res: 1.2621e+02
 kurtosis_grad_bcs: 1.2763e+02
std_grad_bcs: 0.037181
std_grad_res: 8.295777
adaptive_bcs_val: 7.0862e+03
adaptive_res_val: 6.7486e+02
It: 6400, Loss: 2.180e+03, Loss_bcs: 9.333e-02, Loss_res: 2.251e+00,Time: 0.01
 kurtosis_grad_res: 1.6686e+02
 kurtosis_grad_bcs: 1.9958e+02
std_grad_bcs: 0.021007
std_grad_res: 10.730471
adaptive_bcs_val: 7.0862e+03
adaptive_res_val: 6.7486e+02
It: 6500, Loss: 1.680e+03, Loss_bcs: 9.058e-02, Loss_res: 1.538e+00,Time: 0.01
 kurtosis_grad_res: 1.6001e+02
 kurtosis_grad_bcs: 2.1533e+02
std_grad_bcs: 0.023268
std_grad_res: 5.570733
adaptive_bcs_val: 7.0862e+03
adaptive_res_val: 6.7486e+02
It: 6600, Loss: 2.120e+03, Loss_bcs: 9.442e-02, Loss_res: 2.150e+00,Time: 0.01
 kurtosis_grad_res: 1.1677e+02
 kurtosis_grad_bcs: 1.6045e+02
std_grad_bcs: 0.049579
std_grad_res: 11.929341
adaptive_bcs_val: 7.0862e+03
adaptive_res_val: 6.7486e+02
It: 6700, Loss: 2.028e+03, Loss_bcs: 9.172e-02, Loss_res: 2.042e+00,Time: 0.01
 kurtosis_grad_res: 2.3263e+02
 kurtosis_grad_bcs: 1.3619e+02
std_grad_bcs: 0.026258
std_grad_res: 3.833898
adaptive_bcs_val: 7.0862e+03
adaptive_res_val: 6.7486e+02
It: 6800, Loss: 2.238e+03, Loss_bcs: 9.135e-02, Loss_res: 2.358e+00,Time: 0.01
 kurtosis_grad_res: 1.1268e+02
 kurtosis_grad_bcs: 2.2288e+02
std_grad_bcs: 0.020101
std_grad_res: 13.362257
adaptive_bcs_val: 7.0862e+03
adaptive_res_val: 6.7486e+02
It: 6900, Loss: 2.037e+03, Loss_bcs: 9.438e-02, Loss_res: 2.028e+00,Time: 0.01
 kurtosis_grad_res: 2.7858e+02
 kurtosis_grad_bcs: 1.1198e+02
std_grad_bcs: 0.042887
std_grad_res: 2.298939
adaptive_bcs_val: 7.0862e+03
adaptive_res_val: 6.7486e+02
It: 7000, Loss: 3.096e+03, Loss_bcs: 7.326e-02, Loss_res: 3.818e+00,Time: 0.01
 kurtosis_grad_res: 1.6487e+02
 kurtosis_grad_bcs: 1.8939e+02
std_grad_bcs: 0.029926
std_grad_res: 5.915101
adaptive_bcs_val: 7.0862e+03
adaptive_res_val: 6.7486e+02
It: 7100, Loss: 2.468e+03, Loss_bcs: 9.045e-02, Loss_res: 2.708e+00,Time: 0.07
 kurtosis_grad_res: 1.3829e+02
 kurtosis_grad_bcs: 1.4341e+02
std_grad_bcs: 0.047059
std_grad_res: 14.851590
adaptive_bcs_val: 7.0862e+03
adaptive_res_val: 6.7486e+02
It: 7200, Loss: 1.919e+03, Loss_bcs: 9.307e-02, Loss_res: 1.867e+00,Time: 0.01
 kurtosis_grad_res: 1.7265e+02
 kurtosis_grad_bcs: 2.2899e+02
std_grad_bcs: 0.020739
std_grad_res: 16.772646
adaptive_bcs_val: 7.0862e+03
adaptive_res_val: 6.7486e+02
It: 7300, Loss: 1.537e+03, Loss_bcs: 7.795e-02, Loss_res: 1.458e+00,Time: 0.01
 kurtosis_grad_res: 1.2678e+02
 kurtosis_grad_bcs: 1.6287e+02
std_grad_bcs: 0.041059
std_grad_res: 7.940296
adaptive_bcs_val: 7.0862e+03
adaptive_res_val: 6.7486e+02
It: 7400, Loss: 2.708e+03, Loss_bcs: 8.180e-02, Loss_res: 3.154e+00,Time: 0.01
 kurtosis_grad_res: 1.1378e+02
 kurtosis_grad_bcs: 1.0716e+02
std_grad_bcs: 0.046799
std_grad_res: 21.706553
adaptive_bcs_val: 7.0862e+03
adaptive_res_val: 6.7486e+02
It: 7500, Loss: 1.738e+03, Loss_bcs: 8.243e-02, Loss_res: 1.710e+00,Time: 0.01
 kurtosis_grad_res: 1.4026e+02
 kurtosis_grad_bcs: 1.8424e+02
std_grad_bcs: 0.028978
std_grad_res: 8.421588
adaptive_bcs_val: 7.0862e+03
adaptive_res_val: 6.7486e+02
It: 7600, Loss: 2.004e+03, Loss_bcs: 7.378e-02, Loss_res: 2.194e+00,Time: 0.01
 kurtosis_grad_res: 1.0531e+02
 kurtosis_grad_bcs: 1.3186e+02
std_grad_bcs: 0.037108
std_grad_res: 14.705061
adaptive_bcs_val: 7.0862e+03
adaptive_res_val: 6.7486e+02
It: 7700, Loss: 1.805e+03, Loss_bcs: 8.348e-02, Loss_res: 1.798e+00,Time: 0.01
 kurtosis_grad_res: 1.5235e+02
 kurtosis_grad_bcs: 1.4580e+02
std_grad_bcs: 0.043192
std_grad_res: 10.982623
adaptive_bcs_val: 7.0862e+03
adaptive_res_val: 6.7486e+02
It: 7800, Loss: 2.113e+03, Loss_bcs: 7.786e-02, Loss_res: 2.314e+00,Time: 0.01
 kurtosis_grad_res: 2.0383e+02
 kurtosis_grad_bcs: 1.4728e+02
std_grad_bcs: 0.032195
std_grad_res: 6.085825
adaptive_bcs_val: 7.0862e+03
adaptive_res_val: 6.7486e+02
It: 7900, Loss: 1.582e+03, Loss_bcs: 7.527e-02, Loss_res: 1.554e+00,Time: 0.01
 kurtosis_grad_res: 1.1304e+02
 kurtosis_grad_bcs: 1.3608e+02
std_grad_bcs: 0.042951
std_grad_res: 16.868372
adaptive_bcs_val: 7.0862e+03
adaptive_res_val: 6.7486e+02
It: 8000, Loss: 1.241e+03, Loss_bcs: 7.238e-02, Loss_res: 1.079e+00,Time: 0.02
 kurtosis_grad_res: 1.4534e+02
 kurtosis_grad_bcs: 1.5818e+02
std_grad_bcs: 0.038239
std_grad_res: 7.285453
adaptive_bcs_val: 7.0862e+03
adaptive_res_val: 6.7486e+02
It: 8100, Loss: 1.896e+03, Loss_bcs: 7.389e-02, Loss_res: 2.033e+00,Time: 0.01
 kurtosis_grad_res: 9.2838e+01
 kurtosis_grad_bcs: 1.2835e+02
std_grad_bcs: 0.027513
std_grad_res: 14.120484
adaptive_bcs_val: 7.0862e+03
adaptive_res_val: 6.7486e+02
It: 8200, Loss: 1.767e+03, Loss_bcs: 7.617e-02, Loss_res: 1.819e+00,Time: 0.01
 kurtosis_grad_res: 2.9240e+02
 kurtosis_grad_bcs: 1.3817e+02
std_grad_bcs: 0.035921
std_grad_res: 1.488253
adaptive_bcs_val: 7.0862e+03
adaptive_res_val: 6.7486e+02
It: 8300, Loss: 1.651e+03, Loss_bcs: 7.623e-02, Loss_res: 1.646e+00,Time: 0.01
 kurtosis_grad_res: 1.6091e+02
 kurtosis_grad_bcs: 2.5376e+02
std_grad_bcs: 0.016748
std_grad_res: 10.523406
adaptive_bcs_val: 7.0862e+03
adaptive_res_val: 6.7486e+02
It: 8400, Loss: 1.556e+03, Loss_bcs: 7.318e-02, Loss_res: 1.537e+00,Time: 0.01
 kurtosis_grad_res: 1.5377e+02
 kurtosis_grad_bcs: 1.8681e+02
std_grad_bcs: 0.035925
std_grad_res: 4.419746
adaptive_bcs_val: 7.0862e+03
adaptive_res_val: 6.7486e+02
It: 8500, Loss: 1.332e+03, Loss_bcs: 7.633e-02, Loss_res: 1.172e+00,Time: 0.01
 kurtosis_grad_res: 1.2491e+02
 kurtosis_grad_bcs: 1.5213e+02
std_grad_bcs: 0.031395
std_grad_res: 9.441202
adaptive_bcs_val: 7.0862e+03
adaptive_res_val: 6.7486e+02
It: 8600, Loss: 2.082e+03, Loss_bcs: 7.467e-02, Loss_res: 2.302e+00,Time: 0.02
 kurtosis_grad_res: 1.4982e+02
 kurtosis_grad_bcs: 2.1517e+02
std_grad_bcs: 0.018478
std_grad_res: 7.749810
adaptive_bcs_val: 7.0862e+03
adaptive_res_val: 6.7486e+02
It: 8700, Loss: 1.433e+03, Loss_bcs: 6.832e-02, Loss_res: 1.406e+00,Time: 0.01
 kurtosis_grad_res: 1.6104e+02
 kurtosis_grad_bcs: 1.9026e+02
std_grad_bcs: 0.019462
std_grad_res: 3.631629
adaptive_bcs_val: 7.0862e+03
adaptive_res_val: 6.7486e+02
It: 8800, Loss: 2.025e+03, Loss_bcs: 7.957e-02, Loss_res: 2.166e+00,Time: 0.01
 kurtosis_grad_res: 1.2693e+02
 kurtosis_grad_bcs: 1.6452e+02
std_grad_bcs: 0.043084
std_grad_res: 16.356224
adaptive_bcs_val: 7.0862e+03
adaptive_res_val: 6.7486e+02
It: 8900, Loss: 1.607e+03, Loss_bcs: 6.195e-02, Loss_res: 1.730e+00,Time: 0.01
 kurtosis_grad_res: 1.2009e+02
 kurtosis_grad_bcs: 1.3496e+02
std_grad_bcs: 0.046767
std_grad_res: 4.657778
adaptive_bcs_val: 7.0862e+03
adaptive_res_val: 6.7486e+02
It: 9000, Loss: 1.725e+03, Loss_bcs: 6.416e-02, Loss_res: 1.883e+00,Time: 0.01
 kurtosis_grad_res: 1.8242e+02
 kurtosis_grad_bcs: 1.9514e+02
std_grad_bcs: 0.021095
std_grad_res: 5.320001
adaptive_bcs_val: 7.0862e+03
adaptive_res_val: 6.7486e+02
It: 9100, Loss: 1.405e+03, Loss_bcs: 5.498e-02, Loss_res: 1.505e+00,Time: 0.06
 kurtosis_grad_res: 1.5895e+02
 kurtosis_grad_bcs: 1.4489e+02
std_grad_bcs: 0.029385
std_grad_res: 7.979615
adaptive_bcs_val: 7.0862e+03
adaptive_res_val: 6.7486e+02
It: 9200, Loss: 1.351e+03, Loss_bcs: 6.438e-02, Loss_res: 1.325e+00,Time: 0.01
 kurtosis_grad_res: 2.0798e+02
 kurtosis_grad_bcs: 1.8908e+02
std_grad_bcs: 0.037229
std_grad_res: 3.455601
adaptive_bcs_val: 7.0862e+03
adaptive_res_val: 6.7486e+02
It: 9300, Loss: 1.481e+03, Loss_bcs: 6.439e-02, Loss_res: 1.519e+00,Time: 0.01
 kurtosis_grad_res: 1.7407e+02
 kurtosis_grad_bcs: 1.5365e+02
std_grad_bcs: 0.029613
std_grad_res: 5.986348
adaptive_bcs_val: 7.0862e+03
adaptive_res_val: 6.7486e+02
It: 9400, Loss: 1.441e+03, Loss_bcs: 5.626e-02, Loss_res: 1.544e+00,Time: 0.02
 kurtosis_grad_res: 8.8794e+01
 kurtosis_grad_bcs: 1.1606e+02
std_grad_bcs: 0.030745
std_grad_res: 10.157258
adaptive_bcs_val: 7.0862e+03
adaptive_res_val: 6.7486e+02
It: 9500, Loss: 1.839e+03, Loss_bcs: 6.518e-02, Loss_res: 2.040e+00,Time: 0.01
 kurtosis_grad_res: 2.1363e+02
 kurtosis_grad_bcs: 1.2105e+02
std_grad_bcs: 0.032720
std_grad_res: 4.073149
adaptive_bcs_val: 7.0862e+03
adaptive_res_val: 6.7486e+02
It: 9600, Loss: 2.472e+03, Loss_bcs: 5.252e-02, Loss_res: 3.111e+00,Time: 0.01
 kurtosis_grad_res: 1.1040e+02
 kurtosis_grad_bcs: 1.4953e+02
std_grad_bcs: 0.030817
std_grad_res: 18.173054
adaptive_bcs_val: 7.0862e+03
adaptive_res_val: 6.7486e+02
It: 9700, Loss: 2.161e+03, Loss_bcs: 6.189e-02, Loss_res: 2.553e+00,Time: 0.01
 kurtosis_grad_res: 1.2921e+02
 kurtosis_grad_bcs: 1.5459e+02
std_grad_bcs: 0.038162
std_grad_res: 12.691791
adaptive_bcs_val: 7.0862e+03
adaptive_res_val: 6.7486e+02
It: 9800, Loss: 2.005e+03, Loss_bcs: 7.204e-02, Loss_res: 2.215e+00,Time: 0.01
 kurtosis_grad_res: 1.0754e+02
 kurtosis_grad_bcs: 2.8450e+02
std_grad_bcs: 0.018787
std_grad_res: 17.091976
adaptive_bcs_val: 7.0862e+03
adaptive_res_val: 6.7486e+02
It: 9900, Loss: 1.932e+03, Loss_bcs: 6.150e-02, Loss_res: 2.217e+00,Time: 0.01
 kurtosis_grad_res: 1.5597e+02
 kurtosis_grad_bcs: 1.8801e+02
std_grad_bcs: 0.021490
std_grad_res: 10.442818
adaptive_bcs_val: 7.0862e+03
adaptive_res_val: 6.7486e+02
It: 10000, Loss: 1.707e+03, Loss_bcs: 6.617e-02, Loss_res: 1.834e+00,Time: 0.01
 kurtosis_grad_res: 2.9240e+02
 kurtosis_grad_bcs: 1.7460e+02
std_grad_bcs: 0.026773
std_grad_res: 2.397894
adaptive_bcs_val: 7.0862e+03
adaptive_res_val: 6.7486e+02
It: 10100, Loss: 9.659e+02, Loss_bcs: 5.436e-02, Loss_res: 8.605e-01,Time: 0.08
 kurtosis_grad_res: 1.3882e+02
 kurtosis_grad_bcs: 1.7519e+02
std_grad_bcs: 0.019432
std_grad_res: 4.224385
adaptive_bcs_val: 7.0862e+03
adaptive_res_val: 6.7486e+02
It: 10200, Loss: 1.027e+03, Loss_bcs: 5.284e-02, Loss_res: 9.664e-01,Time: 0.01
 kurtosis_grad_res: 1.8590e+02
 kurtosis_grad_bcs: 1.4494e+02
std_grad_bcs: 0.042676
std_grad_res: 2.900967
adaptive_bcs_val: 7.0862e+03
adaptive_res_val: 6.7486e+02
It: 10300, Loss: 1.106e+03, Loss_bcs: 5.092e-02, Loss_res: 1.104e+00,Time: 0.08
 kurtosis_grad_res: 1.4057e+02
 kurtosis_grad_bcs: 1.6139e+02
std_grad_bcs: 0.022087
std_grad_res: 9.962991
adaptive_bcs_val: 7.0862e+03
adaptive_res_val: 6.7486e+02
It: 10400, Loss: 1.519e+03, Loss_bcs: 6.426e-02, Loss_res: 1.576e+00,Time: 0.01
 kurtosis_grad_res: 1.1381e+02
 kurtosis_grad_bcs: 1.7699e+02
std_grad_bcs: 0.020196
std_grad_res: 8.745589
adaptive_bcs_val: 7.0862e+03
adaptive_res_val: 6.7486e+02
It: 10500, Loss: 1.139e+03, Loss_bcs: 5.132e-02, Loss_res: 1.149e+00,Time: 0.02
 kurtosis_grad_res: 1.2021e+02
 kurtosis_grad_bcs: 1.4214e+02
std_grad_bcs: 0.031316
std_grad_res: 10.105441
adaptive_bcs_val: 7.0862e+03
adaptive_res_val: 6.7486e+02
It: 10600, Loss: 1.445e+03, Loss_bcs: 4.969e-02, Loss_res: 1.619e+00,Time: 0.01
 kurtosis_grad_res: 1.2113e+02
 kurtosis_grad_bcs: 1.4624e+02
std_grad_bcs: 0.031063
std_grad_res: 9.501159
adaptive_bcs_val: 7.0862e+03
adaptive_res_val: 6.7486e+02
It: 10700, Loss: 1.475e+03, Loss_bcs: 6.109e-02, Loss_res: 1.544e+00,Time: 0.01
 kurtosis_grad_res: 1.2388e+02
 kurtosis_grad_bcs: 1.5046e+02
std_grad_bcs: 0.028374
std_grad_res: 7.596724
adaptive_bcs_val: 7.0862e+03
adaptive_res_val: 6.7486e+02
It: 10800, Loss: 1.085e+03, Loss_bcs: 5.318e-02, Loss_res: 1.049e+00,Time: 0.02
 kurtosis_grad_res: 1.3112e+02
 kurtosis_grad_bcs: 1.3589e+02
std_grad_bcs: 0.025532
std_grad_res: 4.294492
adaptive_bcs_val: 7.0862e+03
adaptive_res_val: 6.7486e+02
It: 10900, Loss: 1.313e+03, Loss_bcs: 5.742e-02, Loss_res: 1.342e+00,Time: 0.06
 kurtosis_grad_res: 1.4602e+02
 kurtosis_grad_bcs: 1.5400e+02
std_grad_bcs: 0.030019
std_grad_res: 5.621206
adaptive_bcs_val: 7.0862e+03
adaptive_res_val: 6.7486e+02
It: 11000, Loss: 1.076e+03, Loss_bcs: 4.748e-02, Loss_res: 1.096e+00,Time: 0.01
 kurtosis_grad_res: 1.3369e+02
 kurtosis_grad_bcs: 1.4191e+02
std_grad_bcs: 0.037414
std_grad_res: 6.245194
adaptive_bcs_val: 7.0862e+03
adaptive_res_val: 6.7486e+02
It: 11100, Loss: 1.660e+03, Loss_bcs: 6.110e-02, Loss_res: 1.818e+00,Time: 0.01
 kurtosis_grad_res: 1.8266e+02
 kurtosis_grad_bcs: 1.8884e+02
std_grad_bcs: 0.017500
std_grad_res: 5.573716
adaptive_bcs_val: 7.0862e+03
adaptive_res_val: 6.7486e+02
It: 11200, Loss: 1.276e+03, Loss_bcs: 5.564e-02, Loss_res: 1.306e+00,Time: 0.02
 kurtosis_grad_res: 1.6263e+02
 kurtosis_grad_bcs: 1.2933e+02
std_grad_bcs: 0.027639
std_grad_res: 5.432254
adaptive_bcs_val: 7.0862e+03
adaptive_res_val: 6.7486e+02
It: 11300, Loss: 1.203e+03, Loss_bcs: 5.971e-02, Loss_res: 1.156e+00,Time: 0.01
 kurtosis_grad_res: 1.1732e+02
 kurtosis_grad_bcs: 1.4777e+02
std_grad_bcs: 0.028861
std_grad_res: 6.480251
adaptive_bcs_val: 7.0862e+03
adaptive_res_val: 6.7486e+02
It: 11400, Loss: 1.369e+03, Loss_bcs: 5.479e-02, Loss_res: 1.453e+00,Time: 0.01
 kurtosis_grad_res: 1.3375e+02
 kurtosis_grad_bcs: 1.5565e+02
std_grad_bcs: 0.020479
std_grad_res: 9.174350
adaptive_bcs_val: 7.0862e+03
adaptive_res_val: 6.7486e+02
It: 11500, Loss: 1.276e+03, Loss_bcs: 6.420e-02, Loss_res: 1.217e+00,Time: 0.01
 kurtosis_grad_res: 1.9433e+02
 kurtosis_grad_bcs: 1.2007e+02
std_grad_bcs: 0.028777
std_grad_res: 6.035082
adaptive_bcs_val: 7.0862e+03
adaptive_res_val: 6.7486e+02
It: 11600, Loss: 9.774e+02, Loss_bcs: 5.050e-02, Loss_res: 9.180e-01,Time: 0.01
 kurtosis_grad_res: 1.2544e+02
 kurtosis_grad_bcs: 1.2902e+02
std_grad_bcs: 0.033173
std_grad_res: 6.460265
adaptive_bcs_val: 7.0862e+03
adaptive_res_val: 6.7486e+02
It: 11700, Loss: 1.036e+03, Loss_bcs: 4.681e-02, Loss_res: 1.043e+00,Time: 0.01
 kurtosis_grad_res: 8.1401e+01
 kurtosis_grad_bcs: 1.4540e+02
std_grad_bcs: 0.021460
std_grad_res: 7.987123
adaptive_bcs_val: 7.0862e+03
adaptive_res_val: 6.7486e+02
It: 11800, Loss: 1.461e+03, Loss_bcs: 6.065e-02, Loss_res: 1.528e+00,Time: 0.01
 kurtosis_grad_res: 2.0605e+02
 kurtosis_grad_bcs: 2.9169e+02
std_grad_bcs: 0.014797
std_grad_res: 3.849216
adaptive_bcs_val: 7.0862e+03
adaptive_res_val: 6.7486e+02
It: 11900, Loss: 9.481e+02, Loss_bcs: 5.548e-02, Loss_res: 8.222e-01,Time: 0.01
 kurtosis_grad_res: 1.1775e+02
 kurtosis_grad_bcs: 2.1845e+02
std_grad_bcs: 0.020478
std_grad_res: 5.622384
adaptive_bcs_val: 7.0862e+03
adaptive_res_val: 6.7486e+02
It: 12000, Loss: 1.019e+03, Loss_bcs: 5.174e-02, Loss_res: 9.672e-01,Time: 0.01
 kurtosis_grad_res: 9.6673e+01
 kurtosis_grad_bcs: 2.4673e+02
std_grad_bcs: 0.015366
std_grad_res: 8.315591
adaptive_bcs_val: 7.0862e+03
adaptive_res_val: 6.7486e+02
It: 12100, Loss: 1.466e+03, Loss_bcs: 5.775e-02, Loss_res: 1.566e+00,Time: 0.01
 kurtosis_grad_res: 1.6513e+02
 kurtosis_grad_bcs: 3.3734e+02
std_grad_bcs: 0.016452
std_grad_res: 5.268361
adaptive_bcs_val: 7.0862e+03
adaptive_res_val: 6.7486e+02
It: 12200, Loss: 1.344e+03, Loss_bcs: 4.517e-02, Loss_res: 1.517e+00,Time: 0.07
 kurtosis_grad_res: 1.2900e+02
 kurtosis_grad_bcs: 2.7583e+02
std_grad_bcs: 0.011308
std_grad_res: 9.471649
adaptive_bcs_val: 7.0862e+03
adaptive_res_val: 6.7486e+02
It: 12300, Loss: 9.684e+02, Loss_bcs: 4.483e-02, Loss_res: 9.642e-01,Time: 0.01
 kurtosis_grad_res: 1.4412e+02
 kurtosis_grad_bcs: 1.5329e+02
std_grad_bcs: 0.029677
std_grad_res: 5.759371
adaptive_bcs_val: 7.0862e+03
adaptive_res_val: 6.7486e+02
It: 12400, Loss: 8.390e+02, Loss_bcs: 4.622e-02, Loss_res: 7.579e-01,Time: 0.01
 kurtosis_grad_res: 1.7294e+02
 kurtosis_grad_bcs: 1.4574e+02
std_grad_bcs: 0.026239
std_grad_res: 3.773386
adaptive_bcs_val: 7.0862e+03
adaptive_res_val: 6.7486e+02
It: 12500, Loss: 1.261e+03, Loss_bcs: 5.365e-02, Loss_res: 1.305e+00,Time: 0.01
 kurtosis_grad_res: 1.6105e+02
 kurtosis_grad_bcs: 3.0182e+02
std_grad_bcs: 0.014160
std_grad_res: 5.343210
adaptive_bcs_val: 7.0862e+03
adaptive_res_val: 6.7486e+02
It: 12600, Loss: 1.254e+03, Loss_bcs: 4.810e-02, Loss_res: 1.353e+00,Time: 0.01
 kurtosis_grad_res: 8.8750e+01
 kurtosis_grad_bcs: 1.5978e+02
std_grad_bcs: 0.021847
std_grad_res: 4.069801
adaptive_bcs_val: 7.0862e+03
adaptive_res_val: 6.7486e+02
It: 12700, Loss: 1.437e+03, Loss_bcs: 4.470e-02, Loss_res: 1.660e+00,Time: 0.01
 kurtosis_grad_res: 1.0963e+02
 kurtosis_grad_bcs: 1.6764e+02
std_grad_bcs: 0.023211
std_grad_res: 7.105021
adaptive_bcs_val: 7.0862e+03
adaptive_res_val: 6.7486e+02
It: 12800, Loss: 8.975e+02, Loss_bcs: 5.177e-02, Loss_res: 7.863e-01,Time: 0.01
 kurtosis_grad_res: 1.2280e+02
 kurtosis_grad_bcs: 1.4515e+02
std_grad_bcs: 0.037905
std_grad_res: 3.420425
adaptive_bcs_val: 7.0862e+03
adaptive_res_val: 6.7486e+02
It: 12900, Loss: 1.052e+03, Loss_bcs: 3.961e-02, Loss_res: 1.143e+00,Time: 0.01
 kurtosis_grad_res: 1.3310e+02
 kurtosis_grad_bcs: 1.3510e+02
std_grad_bcs: 0.020466
std_grad_res: 11.898062
adaptive_bcs_val: 7.0862e+03
adaptive_res_val: 6.7486e+02
It: 13000, Loss: 7.678e+02, Loss_bcs: 4.825e-02, Loss_res: 6.310e-01,Time: 0.01
 kurtosis_grad_res: 1.1813e+02
 kurtosis_grad_bcs: 1.3808e+02
std_grad_bcs: 0.030523
std_grad_res: 5.255515
adaptive_bcs_val: 7.0862e+03
adaptive_res_val: 6.7486e+02
It: 13100, Loss: 9.934e+02, Loss_bcs: 5.689e-02, Loss_res: 8.747e-01,Time: 0.01
 kurtosis_grad_res: 1.4737e+02
 kurtosis_grad_bcs: 1.7880e+02
std_grad_bcs: 0.018539
std_grad_res: 6.436220
adaptive_bcs_val: 7.0862e+03
adaptive_res_val: 6.7486e+02
It: 13200, Loss: 8.013e+02, Loss_bcs: 4.919e-02, Loss_res: 6.709e-01,Time: 0.01
 kurtosis_grad_res: 1.3575e+02
 kurtosis_grad_bcs: 1.6181e+02
std_grad_bcs: 0.019879
std_grad_res: 3.394977
adaptive_bcs_val: 7.0862e+03
adaptive_res_val: 6.7486e+02
It: 13300, Loss: 9.102e+02, Loss_bcs: 3.765e-02, Loss_res: 9.534e-01,Time: 0.01
 kurtosis_grad_res: 2.4702e+02
 kurtosis_grad_bcs: 1.5460e+02
std_grad_bcs: 0.025545
std_grad_res: 2.314834
adaptive_bcs_val: 7.0862e+03
adaptive_res_val: 6.7486e+02
It: 13400, Loss: 1.162e+03, Loss_bcs: 4.341e-02, Loss_res: 1.266e+00,Time: 0.01
 kurtosis_grad_res: 1.4852e+02
 kurtosis_grad_bcs: 1.6100e+02
std_grad_bcs: 0.015144
std_grad_res: 13.213906
adaptive_bcs_val: 7.0862e+03
adaptive_res_val: 6.7486e+02
It: 13500, Loss: 9.212e+02, Loss_bcs: 4.298e-02, Loss_res: 9.138e-01,Time: 0.01
 kurtosis_grad_res: 1.3905e+02
 kurtosis_grad_bcs: 1.3311e+02
std_grad_bcs: 0.030695
std_grad_res: 7.501888
adaptive_bcs_val: 7.0862e+03
adaptive_res_val: 6.7486e+02
It: 13600, Loss: 6.786e+02, Loss_bcs: 4.324e-02, Loss_res: 5.515e-01,Time: 0.07
 kurtosis_grad_res: 1.6165e+02
 kurtosis_grad_bcs: 1.7121e+02
std_grad_bcs: 0.029479
std_grad_res: 2.313206
adaptive_bcs_val: 7.0862e+03
adaptive_res_val: 6.7486e+02
It: 13700, Loss: 9.661e+02, Loss_bcs: 4.327e-02, Loss_res: 9.773e-01,Time: 0.01
 kurtosis_grad_res: 1.4878e+02
 kurtosis_grad_bcs: 1.5495e+02
std_grad_bcs: 0.020520
std_grad_res: 5.324669
adaptive_bcs_val: 7.0862e+03
adaptive_res_val: 6.7486e+02
It: 13800, Loss: 1.085e+03, Loss_bcs: 5.106e-02, Loss_res: 1.071e+00,Time: 0.01
 kurtosis_grad_res: 1.1898e+02
 kurtosis_grad_bcs: 2.1714e+02
std_grad_bcs: 0.018304
std_grad_res: 7.047635
adaptive_bcs_val: 7.0862e+03
adaptive_res_val: 6.7486e+02
It: 13900, Loss: 8.785e+02, Loss_bcs: 4.686e-02, Loss_res: 8.098e-01,Time: 0.01
 kurtosis_grad_res: 1.1570e+02
 kurtosis_grad_bcs: 3.1610e+02
std_grad_bcs: 0.012447
std_grad_res: 5.819170
adaptive_bcs_val: 7.0862e+03
adaptive_res_val: 6.7486e+02
It: 14000, Loss: 7.805e+02, Loss_bcs: 4.306e-02, Loss_res: 7.045e-01,Time: 0.01
 kurtosis_grad_res: 1.5835e+02
 kurtosis_grad_bcs: 1.3507e+02
std_grad_bcs: 0.028981
std_grad_res: 4.423364
adaptive_bcs_val: 7.0862e+03
adaptive_res_val: 6.7486e+02
It: 14100, Loss: 8.851e+02, Loss_bcs: 4.320e-02, Loss_res: 8.579e-01,Time: 0.01
 kurtosis_grad_res: 2.0160e+02
 kurtosis_grad_bcs: 2.2239e+02
std_grad_bcs: 0.015336
std_grad_res: 3.063276
adaptive_bcs_val: 7.0862e+03
adaptive_res_val: 6.7486e+02
It: 14200, Loss: 1.166e+03, Loss_bcs: 4.372e-02, Loss_res: 1.269e+00,Time: 0.01
 kurtosis_grad_res: 1.1877e+02
 kurtosis_grad_bcs: 1.4618e+02
std_grad_bcs: 0.020031
std_grad_res: 9.904042
adaptive_bcs_val: 7.0862e+03
adaptive_res_val: 6.7486e+02
It: 14300, Loss: 7.833e+02, Loss_bcs: 4.544e-02, Loss_res: 6.836e-01,Time: 0.01
 kurtosis_grad_res: 1.5492e+02
 kurtosis_grad_bcs: 1.2488e+02
std_grad_bcs: 0.027521
std_grad_res: 3.176050
adaptive_bcs_val: 7.0862e+03
adaptive_res_val: 6.7486e+02
It: 14400, Loss: 1.028e+03, Loss_bcs: 4.166e-02, Loss_res: 1.086e+00,Time: 0.01
 kurtosis_grad_res: 1.6256e+02
 kurtosis_grad_bcs: 1.7326e+02
std_grad_bcs: 0.014611
std_grad_res: 4.702565
adaptive_bcs_val: 7.0862e+03
adaptive_res_val: 6.7486e+02
It: 14500, Loss: 1.383e+03, Loss_bcs: 4.115e-02, Loss_res: 1.617e+00,Time: 0.01
 kurtosis_grad_res: 2.3340e+02
 kurtosis_grad_bcs: 1.5209e+02
std_grad_bcs: 0.023446
std_grad_res: 6.613347
adaptive_bcs_val: 7.0862e+03
adaptive_res_val: 6.7486e+02
It: 14600, Loss: 9.368e+02, Loss_bcs: 3.947e-02, Loss_res: 9.737e-01,Time: 0.01
 kurtosis_grad_res: 1.3878e+02
 kurtosis_grad_bcs: 1.5621e+02
std_grad_bcs: 0.022263
std_grad_res: 8.110337
adaptive_bcs_val: 7.0862e+03
adaptive_res_val: 6.7486e+02
It: 14700, Loss: 7.431e+02, Loss_bcs: 4.734e-02, Loss_res: 6.039e-01,Time: 0.01
 kurtosis_grad_res: 1.4328e+02
 kurtosis_grad_bcs: 1.9931e+02
std_grad_bcs: 0.016621
std_grad_res: 2.891089
adaptive_bcs_val: 7.0862e+03
adaptive_res_val: 6.7486e+02
It: 14800, Loss: 8.171e+02, Loss_bcs: 4.937e-02, Loss_res: 6.923e-01,Time: 0.01
 kurtosis_grad_res: 1.4461e+02
 kurtosis_grad_bcs: 2.7478e+02
std_grad_bcs: 0.019276
std_grad_res: 9.398761
adaptive_bcs_val: 7.0862e+03
adaptive_res_val: 6.7486e+02
It: 14900, Loss: 1.022e+03, Loss_bcs: 3.908e-02, Loss_res: 1.104e+00,Time: 0.01
 kurtosis_grad_res: 1.7716e+02
 kurtosis_grad_bcs: 1.3218e+02
std_grad_bcs: 0.017134
std_grad_res: 4.647905
adaptive_bcs_val: 7.0862e+03
adaptive_res_val: 6.7486e+02
It: 15000, Loss: 7.211e+02, Loss_bcs: 3.980e-02, Loss_res: 6.506e-01,Time: 0.01
 kurtosis_grad_res: 1.0749e+02
 kurtosis_grad_bcs: 1.7547e+02
std_grad_bcs: 0.019623
std_grad_res: 6.380780
adaptive_bcs_val: 7.0862e+03
adaptive_res_val: 6.7486e+02
It: 15100, Loss: 6.923e+02, Loss_bcs: 3.519e-02, Loss_res: 6.564e-01,Time: 0.01
 kurtosis_grad_res: 1.8050e+02
 kurtosis_grad_bcs: 9.3962e+01
std_grad_bcs: 0.022653
std_grad_res: 1.960593
adaptive_bcs_val: 7.0862e+03
adaptive_res_val: 6.7486e+02
It: 15200, Loss: 8.923e+02, Loss_bcs: 4.745e-02, Loss_res: 8.239e-01,Time: 0.01
 kurtosis_grad_res: 1.3286e+02
 kurtosis_grad_bcs: 1.3771e+02
std_grad_bcs: 0.020952
std_grad_res: 7.213490
adaptive_bcs_val: 7.0862e+03
adaptive_res_val: 6.7486e+02
It: 15300, Loss: 8.445e+02, Loss_bcs: 4.614e-02, Loss_res: 7.668e-01,Time: 0.01
 kurtosis_grad_res: 2.2326e+02
 kurtosis_grad_bcs: 1.8082e+02
std_grad_bcs: 0.018026
std_grad_res: 2.635822
adaptive_bcs_val: 7.0862e+03
adaptive_res_val: 6.7486e+02
It: 15400, Loss: 7.980e+02, Loss_bcs: 5.065e-02, Loss_res: 6.506e-01,Time: 0.02
 kurtosis_grad_res: 1.3607e+02
 kurtosis_grad_bcs: 2.0840e+02
std_grad_bcs: 0.024667
std_grad_res: 4.391111
adaptive_bcs_val: 7.0862e+03
adaptive_res_val: 6.7486e+02
It: 15500, Loss: 7.578e+02, Loss_bcs: 3.511e-02, Loss_res: 7.542e-01,Time: 0.02
 kurtosis_grad_res: 1.0675e+02
 kurtosis_grad_bcs: 1.8213e+02
std_grad_bcs: 0.020715
std_grad_res: 8.508936
adaptive_bcs_val: 7.0862e+03
adaptive_res_val: 6.7486e+02
It: 15600, Loss: 8.531e+02, Loss_bcs: 4.354e-02, Loss_res: 8.068e-01,Time: 0.01
 kurtosis_grad_res: 1.2838e+02
 kurtosis_grad_bcs: 1.4440e+02
std_grad_bcs: 0.027207
std_grad_res: 6.814659
adaptive_bcs_val: 7.0862e+03
adaptive_res_val: 6.7486e+02
It: 15700, Loss: 6.940e+02, Loss_bcs: 3.802e-02, Loss_res: 6.291e-01,Time: 0.01
 kurtosis_grad_res: 9.7033e+01
 kurtosis_grad_bcs: 1.2852e+02
std_grad_bcs: 0.017264
std_grad_res: 5.157630
adaptive_bcs_val: 7.0862e+03
adaptive_res_val: 6.7486e+02
It: 15800, Loss: 1.040e+03, Loss_bcs: 4.384e-02, Loss_res: 1.080e+00,Time: 0.01
 kurtosis_grad_res: 1.8464e+02
 kurtosis_grad_bcs: 2.7081e+02
std_grad_bcs: 0.013463
std_grad_res: 4.643865
adaptive_bcs_val: 7.0862e+03
adaptive_res_val: 6.7486e+02
It: 15900, Loss: 8.972e+02, Loss_bcs: 4.677e-02, Loss_res: 8.384e-01,Time: 0.01
 kurtosis_grad_res: 1.8643e+02
 kurtosis_grad_bcs: 1.5306e+02
std_grad_bcs: 0.021587
std_grad_res: 3.147506
adaptive_bcs_val: 7.0862e+03
adaptive_res_val: 6.7486e+02
It: 16000, Loss: 8.642e+02, Loss_bcs: 4.557e-02, Loss_res: 8.021e-01,Time: 0.01
 kurtosis_grad_res: 1.0673e+02
 kurtosis_grad_bcs: 2.8052e+02
std_grad_bcs: 0.013739
std_grad_res: 8.299942
adaptive_bcs_val: 7.0862e+03
adaptive_res_val: 6.7486e+02
It: 16100, Loss: 8.167e+02, Loss_bcs: 3.903e-02, Loss_res: 8.003e-01,Time: 0.08
 kurtosis_grad_res: 1.9990e+02
 kurtosis_grad_bcs: 1.4649e+02
std_grad_bcs: 0.032771
std_grad_res: 3.929334
adaptive_bcs_val: 7.0862e+03
adaptive_res_val: 6.7486e+02
It: 16200, Loss: 6.910e+02, Loss_bcs: 3.951e-02, Loss_res: 6.091e-01,Time: 0.01
 kurtosis_grad_res: 1.7203e+02
 kurtosis_grad_bcs: 1.6316e+02
std_grad_bcs: 0.016280
std_grad_res: 2.163234
adaptive_bcs_val: 7.0862e+03
adaptive_res_val: 6.7486e+02
It: 16300, Loss: 1.004e+03, Loss_bcs: 3.695e-02, Loss_res: 1.100e+00,Time: 0.03
 kurtosis_grad_res: 1.1505e+02
 kurtosis_grad_bcs: 1.5361e+02
std_grad_bcs: 0.021578
std_grad_res: 7.423997
adaptive_bcs_val: 7.0862e+03
adaptive_res_val: 6.7486e+02
It: 16400, Loss: 8.060e+02, Loss_bcs: 4.717e-02, Loss_res: 6.990e-01,Time: 0.02
 kurtosis_grad_res: 1.6031e+02
 kurtosis_grad_bcs: 1.8669e+02
std_grad_bcs: 0.018581
std_grad_res: 4.815125
adaptive_bcs_val: 7.0862e+03
adaptive_res_val: 6.7486e+02
It: 16500, Loss: 8.999e+02, Loss_bcs: 4.032e-02, Loss_res: 9.100e-01,Time: 0.06
 kurtosis_grad_res: 1.2444e+02
 kurtosis_grad_bcs: 2.2144e+02
std_grad_bcs: 0.016135
std_grad_res: 9.108329
adaptive_bcs_val: 7.0862e+03
adaptive_res_val: 6.7486e+02
It: 16600, Loss: 6.586e+02, Loss_bcs: 3.750e-02, Loss_res: 5.822e-01,Time: 0.01
 kurtosis_grad_res: 1.1714e+02
 kurtosis_grad_bcs: 1.4237e+02
std_grad_bcs: 0.024506
std_grad_res: 6.958117
adaptive_bcs_val: 7.0862e+03
adaptive_res_val: 6.7486e+02
It: 16700, Loss: 8.526e+02, Loss_bcs: 3.652e-02, Loss_res: 8.799e-01,Time: 0.01
 kurtosis_grad_res: 1.1797e+02
 kurtosis_grad_bcs: 1.5913e+02
std_grad_bcs: 0.016475
std_grad_res: 6.732056
adaptive_bcs_val: 7.0862e+03
adaptive_res_val: 6.7486e+02
It: 16800, Loss: 6.172e+02, Loss_bcs: 3.817e-02, Loss_res: 5.138e-01,Time: 0.01
 kurtosis_grad_res: 1.4145e+02
 kurtosis_grad_bcs: 1.4374e+02
std_grad_bcs: 0.016406
std_grad_res: 3.423588
adaptive_bcs_val: 7.0862e+03
adaptive_res_val: 6.7486e+02
It: 16900, Loss: 7.562e+02, Loss_bcs: 3.817e-02, Loss_res: 7.197e-01,Time: 0.09
 kurtosis_grad_res: 1.4122e+02
 kurtosis_grad_bcs: 1.8020e+02
std_grad_bcs: 0.018980
std_grad_res: 7.482012
adaptive_bcs_val: 7.0862e+03
adaptive_res_val: 6.7486e+02
It: 17000, Loss: 7.844e+02, Loss_bcs: 3.397e-02, Loss_res: 8.055e-01,Time: 0.01
 kurtosis_grad_res: 1.2261e+02
 kurtosis_grad_bcs: 1.1270e+02
std_grad_bcs: 0.018615
std_grad_res: 4.547279
adaptive_bcs_val: 7.0862e+03
adaptive_res_val: 6.7486e+02
It: 17100, Loss: 8.701e+02, Loss_bcs: 3.830e-02, Loss_res: 8.872e-01,Time: 0.01
 kurtosis_grad_res: 1.5927e+02
 kurtosis_grad_bcs: 1.2656e+02
std_grad_bcs: 0.020074
std_grad_res: 4.606213
adaptive_bcs_val: 7.0862e+03
adaptive_res_val: 6.7486e+02
It: 17200, Loss: 6.789e+02, Loss_bcs: 3.621e-02, Loss_res: 6.258e-01,Time: 0.01
 kurtosis_grad_res: 1.9734e+02
 kurtosis_grad_bcs: 1.4933e+02
std_grad_bcs: 0.013537
std_grad_res: 4.299508
adaptive_bcs_val: 7.0862e+03
adaptive_res_val: 6.7486e+02
It: 17300, Loss: 5.353e+02, Loss_bcs: 3.654e-02, Loss_res: 4.095e-01,Time: 0.07
 kurtosis_grad_res: 8.0300e+01
 kurtosis_grad_bcs: 1.9152e+02
std_grad_bcs: 0.013463
std_grad_res: 4.616392
adaptive_bcs_val: 7.0862e+03
adaptive_res_val: 6.7486e+02
It: 17400, Loss: 1.028e+03, Loss_bcs: 4.010e-02, Loss_res: 1.102e+00,Time: 0.03
 kurtosis_grad_res: 1.4901e+02
 kurtosis_grad_bcs: 1.6520e+02
std_grad_bcs: 0.022646
std_grad_res: 3.619171
adaptive_bcs_val: 7.0862e+03
adaptive_res_val: 6.7486e+02
It: 17500, Loss: 5.642e+02, Loss_bcs: 3.329e-02, Loss_res: 4.865e-01,Time: 0.01
 kurtosis_grad_res: 1.2132e+02
 kurtosis_grad_bcs: 1.5347e+02
std_grad_bcs: 0.016696
std_grad_res: 4.924510
adaptive_bcs_val: 7.0862e+03
adaptive_res_val: 6.7486e+02
It: 17600, Loss: 7.092e+02, Loss_bcs: 3.660e-02, Loss_res: 6.666e-01,Time: 0.01
 kurtosis_grad_res: 1.5389e+02
 kurtosis_grad_bcs: 1.7318e+02
std_grad_bcs: 0.017911
std_grad_res: 4.221954
adaptive_bcs_val: 7.0862e+03
adaptive_res_val: 6.7486e+02
It: 17700, Loss: 8.128e+02, Loss_bcs: 4.175e-02, Loss_res: 7.660e-01,Time: 0.01
 kurtosis_grad_res: 1.3220e+02
 kurtosis_grad_bcs: 1.4761e+02
std_grad_bcs: 0.023824
std_grad_res: 3.992728
adaptive_bcs_val: 7.0862e+03
adaptive_res_val: 6.7486e+02
It: 17800, Loss: 9.402e+02, Loss_bcs: 3.024e-02, Loss_res: 1.076e+00,Time: 0.01
 kurtosis_grad_res: 8.5355e+01
 kurtosis_grad_bcs: 2.0510e+02
std_grad_bcs: 0.016748
std_grad_res: 11.058126
adaptive_bcs_val: 7.0862e+03
adaptive_res_val: 6.7486e+02
It: 17900, Loss: 7.043e+02, Loss_bcs: 3.208e-02, Loss_res: 7.068e-01,Time: 0.01
 kurtosis_grad_res: 1.2450e+02
 kurtosis_grad_bcs: 2.0320e+02
std_grad_bcs: 0.018768
std_grad_res: 6.066166
adaptive_bcs_val: 7.0862e+03
adaptive_res_val: 6.7486e+02
It: 18000, Loss: 9.464e+02, Loss_bcs: 3.788e-02, Loss_res: 1.005e+00,Time: 0.01
 kurtosis_grad_res: 1.7955e+02
 kurtosis_grad_bcs: 1.7308e+02
std_grad_bcs: 0.019673
std_grad_res: 3.982494
adaptive_bcs_val: 7.0862e+03
adaptive_res_val: 6.7486e+02
It: 18100, Loss: 7.893e+02, Loss_bcs: 4.436e-02, Loss_res: 7.038e-01,Time: 0.01
 kurtosis_grad_res: 2.0380e+02
 kurtosis_grad_bcs: 2.5904e+02
std_grad_bcs: 0.013223
std_grad_res: 2.834257
adaptive_bcs_val: 7.0862e+03
adaptive_res_val: 6.7486e+02
It: 18200, Loss: 6.246e+02, Loss_bcs: 3.498e-02, Loss_res: 5.582e-01,Time: 0.01
 kurtosis_grad_res: 2.0756e+02
 kurtosis_grad_bcs: 1.5708e+02
std_grad_bcs: 0.017958
std_grad_res: 2.803851
adaptive_bcs_val: 7.0862e+03
adaptive_res_val: 6.7486e+02
It: 18300, Loss: 8.146e+02, Loss_bcs: 3.987e-02, Loss_res: 7.885e-01,Time: 0.01
 kurtosis_grad_res: 1.4855e+02
 kurtosis_grad_bcs: 1.8830e+02
std_grad_bcs: 0.018518
std_grad_res: 7.641062
adaptive_bcs_val: 7.0862e+03
adaptive_res_val: 6.7486e+02
It: 18400, Loss: 5.816e+02, Loss_bcs: 4.032e-02, Loss_res: 4.385e-01,Time: 0.01
 kurtosis_grad_res: 1.0626e+02
 kurtosis_grad_bcs: 2.2949e+02
std_grad_bcs: 0.011993
std_grad_res: 5.375726
adaptive_bcs_val: 7.0862e+03
adaptive_res_val: 6.7486e+02
It: 18500, Loss: 6.728e+02, Loss_bcs: 4.171e-02, Loss_res: 5.589e-01,Time: 0.01
 kurtosis_grad_res: 1.7370e+02
 kurtosis_grad_bcs: 2.1569e+02
std_grad_bcs: 0.015209
std_grad_res: 2.714109
adaptive_bcs_val: 7.0862e+03
adaptive_res_val: 6.7486e+02
It: 18600, Loss: 6.858e+02, Loss_bcs: 4.372e-02, Loss_res: 5.571e-01,Time: 0.01
 kurtosis_grad_res: 1.3335e+02
 kurtosis_grad_bcs: 1.6313e+02
std_grad_bcs: 0.020842
std_grad_res: 4.351088
adaptive_bcs_val: 7.0862e+03
adaptive_res_val: 6.7486e+02
It: 18700, Loss: 6.451e+02, Loss_bcs: 3.759e-02, Loss_res: 5.612e-01,Time: 0.01
 kurtosis_grad_res: 1.3974e+02
 kurtosis_grad_bcs: 2.1768e+02
std_grad_bcs: 0.014974
std_grad_res: 5.413512
adaptive_bcs_val: 7.0862e+03
adaptive_res_val: 6.7486e+02
It: 18800, Loss: 8.060e+02, Loss_bcs: 3.238e-02, Loss_res: 8.543e-01,Time: 0.01
 kurtosis_grad_res: 1.4807e+02
 kurtosis_grad_bcs: 1.6530e+02
std_grad_bcs: 0.014725
std_grad_res: 4.695199
adaptive_bcs_val: 7.0862e+03
adaptive_res_val: 6.7486e+02
It: 18900, Loss: 8.264e+02, Loss_bcs: 2.884e-02, Loss_res: 9.218e-01,Time: 0.01
 kurtosis_grad_res: 1.2273e+02
 kurtosis_grad_bcs: 1.7563e+02
std_grad_bcs: 0.016644
std_grad_res: 8.578610
adaptive_bcs_val: 7.0862e+03
adaptive_res_val: 6.7486e+02
It: 19000, Loss: 6.742e+02, Loss_bcs: 3.191e-02, Loss_res: 6.639e-01,Time: 0.01
 kurtosis_grad_res: 1.4066e+02
 kurtosis_grad_bcs: 1.5382e+02
std_grad_bcs: 0.022258
std_grad_res: 3.024831
adaptive_bcs_val: 7.0862e+03
adaptive_res_val: 6.7486e+02
It: 19100, Loss: 9.827e+02, Loss_bcs: 3.282e-02, Loss_res: 1.112e+00,Time: 0.01
 kurtosis_grad_res: 2.0584e+02
 kurtosis_grad_bcs: 1.8776e+02
std_grad_bcs: 0.013299
std_grad_res: 4.747432
adaptive_bcs_val: 7.0862e+03
adaptive_res_val: 6.7486e+02
It: 19200, Loss: 6.738e+02, Loss_bcs: 2.859e-02, Loss_res: 6.982e-01,Time: 0.01
 kurtosis_grad_res: 1.7984e+02
 kurtosis_grad_bcs: 2.7428e+02
std_grad_bcs: 0.009822
std_grad_res: 3.572727
adaptive_bcs_val: 7.0862e+03
adaptive_res_val: 6.7486e+02
It: 19300, Loss: 6.218e+02, Loss_bcs: 4.052e-02, Loss_res: 4.959e-01,Time: 0.01
 kurtosis_grad_res: 1.3401e+02
 kurtosis_grad_bcs: 2.1432e+02
std_grad_bcs: 0.016028
std_grad_res: 5.845876
adaptive_bcs_val: 7.0862e+03
adaptive_res_val: 6.7486e+02
It: 19400, Loss: 7.058e+02, Loss_bcs: 2.818e-02, Loss_res: 7.500e-01,Time: 0.01
 kurtosis_grad_res: 1.3032e+02
 kurtosis_grad_bcs: 1.2529e+02
std_grad_bcs: 0.022626
std_grad_res: 9.974012
adaptive_bcs_val: 7.0862e+03
adaptive_res_val: 6.7486e+02
It: 19500, Loss: 4.989e+02, Loss_bcs: 3.228e-02, Loss_res: 4.003e-01,Time: 0.01
 kurtosis_grad_res: 2.0422e+02
 kurtosis_grad_bcs: 1.4047e+02
std_grad_bcs: 0.013754
std_grad_res: 2.596919
adaptive_bcs_val: 7.0862e+03
adaptive_res_val: 6.7486e+02
It: 19600, Loss: 6.848e+02, Loss_bcs: 3.349e-02, Loss_res: 6.630e-01,Time: 0.01
 kurtosis_grad_res: 1.6780e+02
 kurtosis_grad_bcs: 1.5199e+02
std_grad_bcs: 0.016938
std_grad_res: 2.073601
adaptive_bcs_val: 7.0862e+03
adaptive_res_val: 6.7486e+02
It: 19700, Loss: 4.862e+02, Loss_bcs: 3.201e-02, Loss_res: 3.843e-01,Time: 0.01
 kurtosis_grad_res: 1.1368e+02
 kurtosis_grad_bcs: 1.6973e+02
std_grad_bcs: 0.013173
std_grad_res: 3.903294
adaptive_bcs_val: 7.0862e+03
adaptive_res_val: 6.7486e+02
It: 19800, Loss: 6.946e+02, Loss_bcs: 3.783e-02, Loss_res: 6.320e-01,Time: 0.01
 kurtosis_grad_res: 1.0360e+02
 kurtosis_grad_bcs: 1.9713e+02
std_grad_bcs: 0.013695
std_grad_res: 6.077236
adaptive_bcs_val: 7.0862e+03
adaptive_res_val: 6.7486e+02
It: 19900, Loss: 5.386e+02, Loss_bcs: 3.678e-02, Loss_res: 4.120e-01,Time: 0.01
 kurtosis_grad_res: 1.7235e+02
 kurtosis_grad_bcs: 3.5590e+02
std_grad_bcs: 0.011514
std_grad_res: 2.444922
adaptive_bcs_val: 7.0862e+03
adaptive_res_val: 6.7486e+02
It: 20000, Loss: 6.771e+02, Loss_bcs: 3.151e-02, Loss_res: 6.724e-01,Time: 0.01
 kurtosis_grad_res: 1.6221e+02
 kurtosis_grad_bcs: 2.0624e+02
std_grad_bcs: 0.014814
std_grad_res: 2.407386
adaptive_bcs_val: 7.0862e+03
adaptive_res_val: 6.7486e+02
It: 20100, Loss: 7.470e+02, Loss_bcs: 3.660e-02, Loss_res: 7.225e-01,Time: 0.01
 kurtosis_grad_res: 1.5754e+02
 kurtosis_grad_bcs: 1.7969e+02
std_grad_bcs: 0.011843
std_grad_res: 3.946411
adaptive_bcs_val: 7.0862e+03
adaptive_res_val: 6.7486e+02
It: 20200, Loss: 6.137e+02, Loss_bcs: 3.603e-02, Loss_res: 5.310e-01,Time: 0.01
 kurtosis_grad_res: 1.7068e+02
 kurtosis_grad_bcs: 3.0771e+02
std_grad_bcs: 0.016857
std_grad_res: 2.466623
adaptive_bcs_val: 7.0862e+03
adaptive_res_val: 6.7486e+02
It: 20300, Loss: 4.998e+02, Loss_bcs: 3.222e-02, Loss_res: 4.022e-01,Time: 0.05
 kurtosis_grad_res: 1.5628e+02
 kurtosis_grad_bcs: 2.2502e+02
std_grad_bcs: 0.011959
std_grad_res: 2.418634
adaptive_bcs_val: 7.0862e+03
adaptive_res_val: 6.7486e+02
It: 20400, Loss: 5.051e+02, Loss_bcs: 3.370e-02, Loss_res: 3.947e-01,Time: 0.01
 kurtosis_grad_res: 1.7013e+02
 kurtosis_grad_bcs: 1.5175e+02
std_grad_bcs: 0.013444
std_grad_res: 3.015105
adaptive_bcs_val: 7.0862e+03
adaptive_res_val: 6.7486e+02
It: 20500, Loss: 6.608e+02, Loss_bcs: 3.301e-02, Loss_res: 6.326e-01,Time: 0.01
 kurtosis_grad_res: 1.2608e+02
 kurtosis_grad_bcs: 1.2907e+02
std_grad_bcs: 0.021676
std_grad_res: 5.838010
adaptive_bcs_val: 7.0862e+03
adaptive_res_val: 6.7486e+02
It: 20600, Loss: 9.069e+02, Loss_bcs: 3.261e-02, Loss_res: 1.001e+00,Time: 0.01
 kurtosis_grad_res: 1.3369e+02
 kurtosis_grad_bcs: 1.6267e+02
std_grad_bcs: 0.014940
std_grad_res: 8.299257
adaptive_bcs_val: 7.0862e+03
adaptive_res_val: 6.7486e+02
It: 20700, Loss: 5.821e+02, Loss_bcs: 2.872e-02, Loss_res: 5.610e-01,Time: 0.01
 kurtosis_grad_res: 1.3548e+02
 kurtosis_grad_bcs: 1.3602e+02
std_grad_bcs: 0.013108
std_grad_res: 5.267447
adaptive_bcs_val: 7.0862e+03
adaptive_res_val: 6.7486e+02
It: 20800, Loss: 7.135e+02, Loss_bcs: 3.082e-02, Loss_res: 7.336e-01,Time: 0.09
 kurtosis_grad_res: 2.5521e+02
 kurtosis_grad_bcs: 1.1759e+02
std_grad_bcs: 0.019385
std_grad_res: 1.530667
adaptive_bcs_val: 7.0862e+03
adaptive_res_val: 6.7486e+02
It: 20900, Loss: 5.446e+02, Loss_bcs: 3.553e-02, Loss_res: 4.340e-01,Time: 0.01
 kurtosis_grad_res: 2.0039e+02
 kurtosis_grad_bcs: 1.6265e+02
std_grad_bcs: 0.018776
std_grad_res: 2.672179
adaptive_bcs_val: 7.0862e+03
adaptive_res_val: 6.7486e+02
It: 21000, Loss: 6.160e+02, Loss_bcs: 3.495e-02, Loss_res: 5.458e-01,Time: 0.01
 kurtosis_grad_res: 1.1241e+02
 kurtosis_grad_bcs: 1.6645e+02
std_grad_bcs: 0.015992
std_grad_res: 4.146718
adaptive_bcs_val: 7.0862e+03
adaptive_res_val: 6.7486e+02
It: 21100, Loss: 6.251e+02, Loss_bcs: 2.852e-02, Loss_res: 6.268e-01,Time: 0.01
 kurtosis_grad_res: 1.7737e+02
 kurtosis_grad_bcs: 1.2555e+02
std_grad_bcs: 0.015853
std_grad_res: 3.867193
adaptive_bcs_val: 7.0862e+03
adaptive_res_val: 6.7486e+02
It: 21200, Loss: 7.579e+02, Loss_bcs: 3.416e-02, Loss_res: 7.644e-01,Time: 0.01
 kurtosis_grad_res: 1.5166e+02
 kurtosis_grad_bcs: 2.2596e+02
std_grad_bcs: 0.013517
std_grad_res: 5.065736
adaptive_bcs_val: 7.0862e+03
adaptive_res_val: 6.7486e+02
It: 21300, Loss: 5.743e+02, Loss_bcs: 3.217e-02, Loss_res: 5.131e-01,Time: 0.01
 kurtosis_grad_res: 1.7371e+02
 kurtosis_grad_bcs: 2.7584e+02
std_grad_bcs: 0.008627
std_grad_res: 2.939032
adaptive_bcs_val: 7.0862e+03
adaptive_res_val: 6.7486e+02
It: 21400, Loss: 5.933e+02, Loss_bcs: 2.453e-02, Loss_res: 6.216e-01,Time: 0.01
 kurtosis_grad_res: 1.4238e+02
 kurtosis_grad_bcs: 1.7370e+02
std_grad_bcs: 0.012183
std_grad_res: 5.803834
adaptive_bcs_val: 7.0862e+03
adaptive_res_val: 6.7486e+02
It: 21500, Loss: 6.215e+02, Loss_bcs: 2.936e-02, Loss_res: 6.127e-01,Time: 0.01
 kurtosis_grad_res: 1.2518e+02
 kurtosis_grad_bcs: 1.7281e+02
std_grad_bcs: 0.017004
std_grad_res: 3.293379
adaptive_bcs_val: 7.0862e+03
adaptive_res_val: 6.7486e+02
It: 21600, Loss: 5.769e+02, Loss_bcs: 3.353e-02, Loss_res: 5.028e-01,Time: 0.01
 kurtosis_grad_res: 1.6302e+02
 kurtosis_grad_bcs: 1.9665e+02
std_grad_bcs: 0.012293
std_grad_res: 2.418453
adaptive_bcs_val: 7.0862e+03
adaptive_res_val: 6.7486e+02
It: 21700, Loss: 4.552e+02, Loss_bcs: 2.877e-02, Loss_res: 3.724e-01,Time: 0.01
 kurtosis_grad_res: 1.6429e+02
 kurtosis_grad_bcs: 1.6695e+02
std_grad_bcs: 0.013521
std_grad_res: 2.665537
adaptive_bcs_val: 7.0862e+03
adaptive_res_val: 6.7486e+02
It: 21800, Loss: 5.591e+02, Loss_bcs: 3.055e-02, Loss_res: 5.078e-01,Time: 0.07
 kurtosis_grad_res: 1.0521e+02
 kurtosis_grad_bcs: 1.9989e+02
std_grad_bcs: 0.015064
std_grad_res: 3.022474
adaptive_bcs_val: 7.0862e+03
adaptive_res_val: 6.7486e+02
It: 21900, Loss: 5.637e+02, Loss_bcs: 2.804e-02, Loss_res: 5.408e-01,Time: 0.01
 kurtosis_grad_res: 1.2994e+02
 kurtosis_grad_bcs: 1.5112e+02
std_grad_bcs: 0.013915
std_grad_res: 7.451980
adaptive_bcs_val: 7.0862e+03
adaptive_res_val: 6.7486e+02
It: 22000, Loss: 5.392e+02, Loss_bcs: 3.154e-02, Loss_res: 4.677e-01,Time: 0.01
 kurtosis_grad_res: 1.3108e+02
 kurtosis_grad_bcs: 2.1677e+02
std_grad_bcs: 0.009319
std_grad_res: 5.041902
adaptive_bcs_val: 7.0862e+03
adaptive_res_val: 6.7486e+02
It: 22100, Loss: 5.708e+02, Loss_bcs: 3.203e-02, Loss_res: 5.096e-01,Time: 0.04
 kurtosis_grad_res: 1.3780e+02
 kurtosis_grad_bcs: 3.0627e+02
std_grad_bcs: 0.008061
std_grad_res: 2.286313
adaptive_bcs_val: 7.0862e+03
adaptive_res_val: 6.7486e+02
It: 22200, Loss: 5.401e+02, Loss_bcs: 3.003e-02, Loss_res: 4.850e-01,Time: 0.01
 kurtosis_grad_res: 1.1368e+02
 kurtosis_grad_bcs: 2.5098e+02
std_grad_bcs: 0.008593
std_grad_res: 3.715012
adaptive_bcs_val: 7.0862e+03
adaptive_res_val: 6.7486e+02
It: 22300, Loss: 7.763e+02, Loss_bcs: 3.189e-02, Loss_res: 8.154e-01,Time: 0.01
 kurtosis_grad_res: 1.4378e+02
 kurtosis_grad_bcs: 1.6952e+02
std_grad_bcs: 0.011534
std_grad_res: 2.951142
adaptive_bcs_val: 7.0862e+03
adaptive_res_val: 6.7486e+02
It: 22400, Loss: 5.060e+02, Loss_bcs: 3.311e-02, Loss_res: 4.020e-01,Time: 0.01
 kurtosis_grad_res: 1.4525e+02
 kurtosis_grad_bcs: 1.5639e+02
std_grad_bcs: 0.016479
std_grad_res: 4.550849
adaptive_bcs_val: 7.0862e+03
adaptive_res_val: 6.7486e+02
It: 22500, Loss: 5.360e+02, Loss_bcs: 3.037e-02, Loss_res: 4.754e-01,Time: 0.01
 kurtosis_grad_res: 1.4077e+02
 kurtosis_grad_bcs: 1.3548e+02
std_grad_bcs: 0.014267
std_grad_res: 3.676603
adaptive_bcs_val: 7.0862e+03
adaptive_res_val: 6.7486e+02
It: 22600, Loss: 4.153e+02, Loss_bcs: 2.477e-02, Loss_res: 3.553e-01,Time: 0.06
 kurtosis_grad_res: 9.9782e+01
 kurtosis_grad_bcs: 1.4584e+02
std_grad_bcs: 0.021285
std_grad_res: 2.920588
adaptive_bcs_val: 7.0862e+03
adaptive_res_val: 6.7486e+02
It: 22700, Loss: 5.918e+02, Loss_bcs: 3.330e-02, Loss_res: 5.273e-01,Time: 0.01
 kurtosis_grad_res: 1.3746e+02
 kurtosis_grad_bcs: 1.4103e+02
std_grad_bcs: 0.017011
std_grad_res: 4.460115
adaptive_bcs_val: 7.0862e+03
adaptive_res_val: 6.7486e+02
It: 22800, Loss: 5.455e+02, Loss_bcs: 2.698e-02, Loss_res: 5.250e-01,Time: 0.01
 kurtosis_grad_res: 1.5347e+02
 kurtosis_grad_bcs: 1.3372e+02
std_grad_bcs: 0.018791
std_grad_res: 4.117395
adaptive_bcs_val: 7.0862e+03
adaptive_res_val: 6.7486e+02
It: 22900, Loss: 7.134e+02, Loss_bcs: 2.712e-02, Loss_res: 7.723e-01,Time: 0.01
 kurtosis_grad_res: 1.7470e+02
 kurtosis_grad_bcs: 1.2334e+02
std_grad_bcs: 0.019295
std_grad_res: 6.033360
adaptive_bcs_val: 7.0862e+03
adaptive_res_val: 6.7486e+02
It: 23000, Loss: 5.514e+02, Loss_bcs: 3.354e-02, Loss_res: 4.649e-01,Time: 0.01
 kurtosis_grad_res: 1.3032e+02
 kurtosis_grad_bcs: 1.6746e+02
std_grad_bcs: 0.015603
std_grad_res: 7.404817
adaptive_bcs_val: 7.0862e+03
adaptive_res_val: 6.7486e+02
It: 23100, Loss: 5.548e+02, Loss_bcs: 3.526e-02, Loss_res: 4.519e-01,Time: 0.01
 kurtosis_grad_res: 1.1392e+02
 kurtosis_grad_bcs: 2.0234e+02
std_grad_bcs: 0.013637
std_grad_res: 4.967541
adaptive_bcs_val: 7.0862e+03
adaptive_res_val: 6.7486e+02
It: 23200, Loss: 4.848e+02, Loss_bcs: 2.992e-02, Loss_res: 4.042e-01,Time: 0.01
 kurtosis_grad_res: 1.6391e+02
 kurtosis_grad_bcs: 1.4091e+02
std_grad_bcs: 0.011901
std_grad_res: 4.343502
adaptive_bcs_val: 7.0862e+03
adaptive_res_val: 6.7486e+02
It: 23300, Loss: 6.273e+02, Loss_bcs: 2.587e-02, Loss_res: 6.579e-01,Time: 0.01
 kurtosis_grad_res: 1.4570e+02
 kurtosis_grad_bcs: 1.6147e+02
std_grad_bcs: 0.017073
std_grad_res: 4.986244
adaptive_bcs_val: 7.0862e+03
adaptive_res_val: 6.7486e+02
It: 23400, Loss: 6.159e+02, Loss_bcs: 3.224e-02, Loss_res: 5.741e-01,Time: 0.01
 kurtosis_grad_res: 9.4528e+01
 kurtosis_grad_bcs: 3.4087e+02
std_grad_bcs: 0.009372
std_grad_res: 5.757959
adaptive_bcs_val: 7.0862e+03
adaptive_res_val: 6.7486e+02
It: 23500, Loss: 7.537e+02, Loss_bcs: 2.955e-02, Loss_res: 8.066e-01,Time: 0.02
 kurtosis_grad_res: 1.7490e+02
 kurtosis_grad_bcs: 1.8910e+02
std_grad_bcs: 0.009879
std_grad_res: 2.864462
adaptive_bcs_val: 7.0862e+03
adaptive_res_val: 6.7486e+02
It: 23600, Loss: 6.611e+02, Loss_bcs: 2.668e-02, Loss_res: 6.995e-01,Time: 0.01
 kurtosis_grad_res: 1.2034e+02
 kurtosis_grad_bcs: 1.7146e+02
std_grad_bcs: 0.009710
std_grad_res: 8.127161
adaptive_bcs_val: 7.0862e+03
adaptive_res_val: 6.7486e+02
It: 23700, Loss: 3.911e+02, Loss_bcs: 2.202e-02, Loss_res: 3.483e-01,Time: 0.01
 kurtosis_grad_res: 1.5539e+02
 kurtosis_grad_bcs: 1.4926e+02
std_grad_bcs: 0.016328
std_grad_res: 2.519644
adaptive_bcs_val: 7.0862e+03
adaptive_res_val: 6.7486e+02
It: 23800, Loss: 4.108e+02, Loss_bcs: 2.517e-02, Loss_res: 3.444e-01,Time: 0.01
 kurtosis_grad_res: 1.2739e+02
 kurtosis_grad_bcs: 1.7734e+02
std_grad_bcs: 0.008831
std_grad_res: 4.241501
adaptive_bcs_val: 7.0862e+03
adaptive_res_val: 6.7486e+02
It: 23900, Loss: 3.741e+02, Loss_bcs: 2.479e-02, Loss_res: 2.940e-01,Time: 0.01
 kurtosis_grad_res: 1.4882e+02
 kurtosis_grad_bcs: 1.8803e+02
std_grad_bcs: 0.009529
std_grad_res: 5.293903
adaptive_bcs_val: 7.0862e+03
adaptive_res_val: 6.7486e+02
It: 24000, Loss: 5.669e+02, Loss_bcs: 3.057e-02, Loss_res: 5.190e-01,Time: 0.01
 kurtosis_grad_res: 1.1146e+02
 kurtosis_grad_bcs: 1.7063e+02
std_grad_bcs: 0.011047
std_grad_res: 4.056231
adaptive_bcs_val: 7.0862e+03
adaptive_res_val: 6.7486e+02
It: 24100, Loss: 5.574e+02, Loss_bcs: 3.120e-02, Loss_res: 4.984e-01,Time: 0.01
 kurtosis_grad_res: 9.1125e+01
 kurtosis_grad_bcs: 2.0633e+02
std_grad_bcs: 0.010286
std_grad_res: 4.798623
adaptive_bcs_val: 7.0862e+03
adaptive_res_val: 6.7486e+02
It: 24200, Loss: 5.307e+02, Loss_bcs: 2.567e-02, Loss_res: 5.169e-01,Time: 0.01
 kurtosis_grad_res: 8.1424e+01
 kurtosis_grad_bcs: 1.3593e+02
std_grad_bcs: 0.014962
std_grad_res: 8.102300
adaptive_bcs_val: 7.0862e+03
adaptive_res_val: 6.7486e+02
It: 24300, Loss: 4.530e+02, Loss_bcs: 2.507e-02, Loss_res: 4.080e-01,Time: 0.01
 kurtosis_grad_res: 1.1664e+02
 kurtosis_grad_bcs: 1.7196e+02
std_grad_bcs: 0.012451
std_grad_res: 4.197696
adaptive_bcs_val: 7.0862e+03
adaptive_res_val: 6.7486e+02
It: 24400, Loss: 4.196e+02, Loss_bcs: 2.445e-02, Loss_res: 3.650e-01,Time: 0.01
 kurtosis_grad_res: 1.7379e+02
 kurtosis_grad_bcs: 1.3286e+02
std_grad_bcs: 0.016931
std_grad_res: 1.345900
adaptive_bcs_val: 7.0862e+03
adaptive_res_val: 6.7486e+02
It: 24500, Loss: 4.920e+02, Loss_bcs: 3.165e-02, Loss_res: 3.968e-01,Time: 0.01
 kurtosis_grad_res: 1.5597e+02
 kurtosis_grad_bcs: 2.0555e+02
std_grad_bcs: 0.011703
std_grad_res: 2.313326
adaptive_bcs_val: 7.0862e+03
adaptive_res_val: 6.7486e+02
It: 24600, Loss: 4.611e+02, Loss_bcs: 2.606e-02, Loss_res: 4.095e-01,Time: 0.01
 kurtosis_grad_res: 1.6181e+02
 kurtosis_grad_bcs: 2.0154e+02
std_grad_bcs: 0.009293
std_grad_res: 2.555116
adaptive_bcs_val: 7.0862e+03
adaptive_res_val: 6.7486e+02
It: 24700, Loss: 3.571e+02, Loss_bcs: 2.600e-02, Loss_res: 2.562e-01,Time: 0.01
 kurtosis_grad_res: 1.0542e+02
 kurtosis_grad_bcs: 1.4263e+02
std_grad_bcs: 0.017517
std_grad_res: 1.778897
adaptive_bcs_val: 7.0862e+03
adaptive_res_val: 6.7486e+02
It: 24800, Loss: 6.577e+02, Loss_bcs: 3.484e-02, Loss_res: 6.087e-01,Time: 0.01
 kurtosis_grad_res: 1.4895e+02
 kurtosis_grad_bcs: 2.1120e+02
std_grad_bcs: 0.012775
std_grad_res: 2.531130
adaptive_bcs_val: 7.0862e+03
adaptive_res_val: 6.7486e+02
It: 24900, Loss: 5.540e+02, Loss_bcs: 2.382e-02, Loss_res: 5.708e-01,Time: 0.01
 kurtosis_grad_res: 1.1198e+02
 kurtosis_grad_bcs: 1.4136e+02
std_grad_bcs: 0.011955
std_grad_res: 7.537090
adaptive_bcs_val: 7.0862e+03
adaptive_res_val: 6.7486e+02
It: 25000, Loss: 5.622e+02, Loss_bcs: 2.729e-02, Loss_res: 5.466e-01,Time: 0.08
 kurtosis_grad_res: 1.6432e+02
 kurtosis_grad_bcs: 2.0107e+02
std_grad_bcs: 0.009127
std_grad_res: 2.088635
adaptive_bcs_val: 7.0862e+03
adaptive_res_val: 6.7486e+02
It: 25100, Loss: 5.106e+02, Loss_bcs: 2.825e-02, Loss_res: 4.600e-01,Time: 0.01
 kurtosis_grad_res: 1.5385e+02
 kurtosis_grad_bcs: 1.5915e+02
std_grad_bcs: 0.011539
std_grad_res: 7.567714
adaptive_bcs_val: 7.0862e+03
adaptive_res_val: 6.7486e+02
It: 25200, Loss: 4.603e+02, Loss_bcs: 2.978e-02, Loss_res: 3.693e-01,Time: 0.01
 kurtosis_grad_res: 1.3275e+02
 kurtosis_grad_bcs: 2.0529e+02
std_grad_bcs: 0.013248
std_grad_res: 2.093788
adaptive_bcs_val: 7.0862e+03
adaptive_res_val: 6.7486e+02
It: 25300, Loss: 3.763e+02, Loss_bcs: 2.405e-02, Loss_res: 3.051e-01,Time: 0.01
 kurtosis_grad_res: 1.3932e+02
 kurtosis_grad_bcs: 1.2789e+02
std_grad_bcs: 0.013251
std_grad_res: 1.678245
adaptive_bcs_val: 7.0862e+03
adaptive_res_val: 6.7486e+02
It: 25400, Loss: 4.115e+02, Loss_bcs: 2.688e-02, Loss_res: 3.276e-01,Time: 0.01
 kurtosis_grad_res: 1.4321e+02
 kurtosis_grad_bcs: 1.8646e+02
std_grad_bcs: 0.008736
std_grad_res: 2.857715
adaptive_bcs_val: 7.0862e+03
adaptive_res_val: 6.7486e+02
It: 25500, Loss: 5.189e+02, Loss_bcs: 2.247e-02, Loss_res: 5.330e-01,Time: 0.01
 kurtosis_grad_res: 1.2011e+02
 kurtosis_grad_bcs: 1.3249e+02
std_grad_bcs: 0.019932
std_grad_res: 3.159439
adaptive_bcs_val: 7.0862e+03
adaptive_res_val: 6.7486e+02
It: 25600, Loss: 4.825e+02, Loss_bcs: 2.748e-02, Loss_res: 4.265e-01,Time: 0.05
 kurtosis_grad_res: 2.1284e+02
 kurtosis_grad_bcs: 1.4964e+02
std_grad_bcs: 0.010719
std_grad_res: 1.728585
adaptive_bcs_val: 7.0862e+03
adaptive_res_val: 6.7486e+02
It: 25700, Loss: 6.515e+02, Loss_bcs: 2.803e-02, Loss_res: 6.710e-01,Time: 0.01
 kurtosis_grad_res: 1.4677e+02
 kurtosis_grad_bcs: 2.0682e+02
std_grad_bcs: 0.010434
std_grad_res: 4.382983
adaptive_bcs_val: 7.0862e+03
adaptive_res_val: 6.7486e+02
It: 25800, Loss: 4.315e+02, Loss_bcs: 3.077e-02, Loss_res: 3.163e-01,Time: 0.10
 kurtosis_grad_res: 1.2557e+02
 kurtosis_grad_bcs: 1.7600e+02
std_grad_bcs: 0.011922
std_grad_res: 1.678289
adaptive_bcs_val: 7.0862e+03
adaptive_res_val: 6.7486e+02
It: 25900, Loss: 4.732e+02, Loss_bcs: 2.726e-02, Loss_res: 4.150e-01,Time: 0.01
 kurtosis_grad_res: 1.1919e+02
 kurtosis_grad_bcs: 2.8435e+02
std_grad_bcs: 0.006128
std_grad_res: 2.542988
adaptive_bcs_val: 7.0862e+03
adaptive_res_val: 6.7486e+02
It: 26000, Loss: 3.532e+02, Loss_bcs: 2.355e-02, Loss_res: 2.760e-01,Time: 0.06
 kurtosis_grad_res: 1.3613e+02
 kurtosis_grad_bcs: 1.3097e+02
std_grad_bcs: 0.011996
std_grad_res: 2.522647
adaptive_bcs_val: 7.0862e+03
adaptive_res_val: 6.7486e+02
It: 26100, Loss: 3.553e+02, Loss_bcs: 2.561e-02, Loss_res: 2.576e-01,Time: 0.03
 kurtosis_grad_res: 1.6025e+02
 kurtosis_grad_bcs: 1.8840e+02
std_grad_bcs: 0.007059
std_grad_res: 1.393899
adaptive_bcs_val: 7.0862e+03
adaptive_res_val: 6.7486e+02
It: 26200, Loss: 3.690e+02, Loss_bcs: 2.372e-02, Loss_res: 2.978e-01,Time: 0.10
 kurtosis_grad_res: 1.7101e+02
 kurtosis_grad_bcs: 1.3708e+02
std_grad_bcs: 0.010378
std_grad_res: 2.038224
adaptive_bcs_val: 7.0862e+03
adaptive_res_val: 6.7486e+02
It: 26300, Loss: 4.482e+02, Loss_bcs: 2.356e-02, Loss_res: 4.167e-01,Time: 0.01
 kurtosis_grad_res: 1.1310e+02
 kurtosis_grad_bcs: 1.5488e+02
std_grad_bcs: 0.010869
std_grad_res: 4.027665
adaptive_bcs_val: 7.0862e+03
adaptive_res_val: 6.7486e+02
It: 26400, Loss: 4.272e+02, Loss_bcs: 2.340e-02, Loss_res: 3.874e-01,Time: 0.01
 kurtosis_grad_res: 1.4792e+02
 kurtosis_grad_bcs: 2.0320e+02
std_grad_bcs: 0.009197
std_grad_res: 2.935654
adaptive_bcs_val: 7.0862e+03
adaptive_res_val: 6.7486e+02
It: 26500, Loss: 4.353e+02, Loss_bcs: 2.815e-02, Loss_res: 3.494e-01,Time: 0.01
 kurtosis_grad_res: 9.2512e+01
 kurtosis_grad_bcs: 1.9614e+02
std_grad_bcs: 0.008380
std_grad_res: 4.420842
adaptive_bcs_val: 7.0862e+03
adaptive_res_val: 6.7486e+02
It: 26600, Loss: 5.163e+02, Loss_bcs: 1.951e-02, Loss_res: 5.602e-01,Time: 0.02
 kurtosis_grad_res: 1.3700e+02
 kurtosis_grad_bcs: 1.4016e+02
std_grad_bcs: 0.013141
std_grad_res: 3.583288
adaptive_bcs_val: 7.0862e+03
adaptive_res_val: 6.7486e+02
It: 26700, Loss: 5.304e+02, Loss_bcs: 2.461e-02, Loss_res: 5.275e-01,Time: 0.01
 kurtosis_grad_res: 1.1886e+02
 kurtosis_grad_bcs: 1.4154e+02
std_grad_bcs: 0.013764
std_grad_res: 7.912980
adaptive_bcs_val: 7.0862e+03
adaptive_res_val: 6.7486e+02
It: 26800, Loss: 5.156e+02, Loss_bcs: 2.450e-02, Loss_res: 5.066e-01,Time: 0.01
 kurtosis_grad_res: 1.5189e+02
 kurtosis_grad_bcs: 1.5645e+02
std_grad_bcs: 0.009587
std_grad_res: 4.394293
adaptive_bcs_val: 7.0862e+03
adaptive_res_val: 6.7486e+02
It: 26900, Loss: 5.944e+02, Loss_bcs: 2.500e-02, Loss_res: 6.183e-01,Time: 0.01
 kurtosis_grad_res: 1.8988e+02
 kurtosis_grad_bcs: 1.4341e+02
std_grad_bcs: 0.011143
std_grad_res: 2.237103
adaptive_bcs_val: 7.0862e+03
adaptive_res_val: 6.7486e+02
It: 27000, Loss: 3.910e+02, Loss_bcs: 2.498e-02, Loss_res: 3.171e-01,Time: 0.01
 kurtosis_grad_res: 1.3965e+02
 kurtosis_grad_bcs: 1.7246e+02
std_grad_bcs: 0.012078
std_grad_res: 2.262502
adaptive_bcs_val: 7.0862e+03
adaptive_res_val: 6.7486e+02
It: 27100, Loss: 3.590e+02, Loss_bcs: 2.077e-02, Loss_res: 3.139e-01,Time: 0.01
 kurtosis_grad_res: 1.4369e+02
 kurtosis_grad_bcs: 1.2611e+02
std_grad_bcs: 0.008768
std_grad_res: 1.487993
adaptive_bcs_val: 7.0862e+03
adaptive_res_val: 6.7486e+02
It: 27200, Loss: 4.171e+02, Loss_bcs: 2.309e-02, Loss_res: 3.755e-01,Time: 0.01
 kurtosis_grad_res: 1.9062e+02
 kurtosis_grad_bcs: 1.4840e+02
std_grad_bcs: 0.011960
std_grad_res: 1.747249
adaptive_bcs_val: 7.0862e+03
adaptive_res_val: 6.7486e+02
It: 27300, Loss: 4.154e+02, Loss_bcs: 2.150e-02, Loss_res: 3.898e-01,Time: 0.01
 kurtosis_grad_res: 1.6281e+02
 kurtosis_grad_bcs: 1.4423e+02
std_grad_bcs: 0.009835
std_grad_res: 1.386642
adaptive_bcs_val: 7.0862e+03
adaptive_res_val: 6.7486e+02
It: 27400, Loss: 4.391e+02, Loss_bcs: 2.774e-02, Loss_res: 3.593e-01,Time: 0.01
 kurtosis_grad_res: 1.7103e+02
 kurtosis_grad_bcs: 1.6152e+02
std_grad_bcs: 0.012010
std_grad_res: 1.521625
adaptive_bcs_val: 7.0862e+03
adaptive_res_val: 6.7486e+02
It: 27500, Loss: 4.403e+02, Loss_bcs: 2.544e-02, Loss_res: 3.853e-01,Time: 0.07
 kurtosis_grad_res: 1.2862e+02
 kurtosis_grad_bcs: 1.9045e+02
std_grad_bcs: 0.010073
std_grad_res: 3.286120
adaptive_bcs_val: 7.0862e+03
adaptive_res_val: 6.7486e+02
It: 27600, Loss: 6.871e+02, Loss_bcs: 3.110e-02, Loss_res: 6.916e-01,Time: 0.01
 kurtosis_grad_res: 2.2235e+02
 kurtosis_grad_bcs: 2.3102e+02
std_grad_bcs: 0.008491
std_grad_res: 2.459440
adaptive_bcs_val: 7.0862e+03
adaptive_res_val: 6.7486e+02
It: 27700, Loss: 5.880e+02, Loss_bcs: 2.210e-02, Loss_res: 6.393e-01,Time: 0.01
 kurtosis_grad_res: 4.0188e+02
 kurtosis_grad_bcs: 1.4743e+02
std_grad_bcs: 0.014779
std_grad_res: 1.259848
adaptive_bcs_val: 7.0862e+03
adaptive_res_val: 6.7486e+02
It: 27800, Loss: 4.123e+02, Loss_bcs: 2.503e-02, Loss_res: 3.481e-01,Time: 0.01
 kurtosis_grad_res: 1.6829e+02
 kurtosis_grad_bcs: 1.3079e+02
std_grad_bcs: 0.011548
std_grad_res: 1.941667
adaptive_bcs_val: 7.0862e+03
adaptive_res_val: 6.7486e+02
It: 27900, Loss: 5.534e+02, Loss_bcs: 2.510e-02, Loss_res: 5.565e-01,Time: 0.01
 kurtosis_grad_res: 2.2085e+02
 kurtosis_grad_bcs: 1.5872e+02
std_grad_bcs: 0.010358
std_grad_res: 1.788364
adaptive_bcs_val: 7.0862e+03
adaptive_res_val: 6.7486e+02
It: 28000, Loss: 4.789e+02, Loss_bcs: 2.400e-02, Loss_res: 4.576e-01,Time: 0.01
 kurtosis_grad_res: 3.1817e+02
 kurtosis_grad_bcs: 1.4713e+02
std_grad_bcs: 0.013916
std_grad_res: 1.367657
adaptive_bcs_val: 7.0862e+03
adaptive_res_val: 6.7486e+02
It: 28100, Loss: 4.132e+02, Loss_bcs: 3.032e-02, Loss_res: 2.939e-01,Time: 0.01
 kurtosis_grad_res: 1.7322e+02
 kurtosis_grad_bcs: 1.6716e+02
std_grad_bcs: 0.010955
std_grad_res: 1.687551
adaptive_bcs_val: 7.0862e+03
adaptive_res_val: 6.7486e+02
It: 28200, Loss: 5.197e+02, Loss_bcs: 1.978e-02, Loss_res: 5.623e-01,Time: 0.01
 kurtosis_grad_res: 2.0699e+02
 kurtosis_grad_bcs: 1.8237e+02
std_grad_bcs: 0.009418
std_grad_res: 1.783685
adaptive_bcs_val: 7.0862e+03
adaptive_res_val: 6.7486e+02
It: 28300, Loss: 4.569e+02, Loss_bcs: 3.133e-02, Loss_res: 3.482e-01,Time: 0.01
 kurtosis_grad_res: 1.6425e+02
 kurtosis_grad_bcs: 2.3367e+02
std_grad_bcs: 0.008688
std_grad_res: 1.435014
adaptive_bcs_val: 7.0862e+03
adaptive_res_val: 6.7486e+02
It: 28400, Loss: 4.313e+02, Loss_bcs: 2.602e-02, Loss_res: 3.659e-01,Time: 0.06
 kurtosis_grad_res: 1.7264e+02
 kurtosis_grad_bcs: 1.4977e+02
std_grad_bcs: 0.016300
std_grad_res: 1.963889
adaptive_bcs_val: 7.0862e+03
adaptive_res_val: 6.7486e+02
It: 28500, Loss: 4.503e+02, Loss_bcs: 2.703e-02, Loss_res: 3.834e-01,Time: 0.01
 kurtosis_grad_res: 1.5053e+02
 kurtosis_grad_bcs: 4.1573e+02
std_grad_bcs: 0.005527
std_grad_res: 2.810123
adaptive_bcs_val: 7.0862e+03
adaptive_res_val: 6.7486e+02
It: 28600, Loss: 3.976e+02, Loss_bcs: 2.333e-02, Loss_res: 3.441e-01,Time: 0.01
 kurtosis_grad_res: 1.2847e+02
 kurtosis_grad_bcs: 1.8329e+02
std_grad_bcs: 0.007657
std_grad_res: 5.595091
adaptive_bcs_val: 7.0862e+03
adaptive_res_val: 6.7486e+02
It: 28700, Loss: 3.927e+02, Loss_bcs: 2.306e-02, Loss_res: 3.397e-01,Time: 0.01
 kurtosis_grad_res: 1.5678e+02
 kurtosis_grad_bcs: 1.6743e+02
std_grad_bcs: 0.010032
std_grad_res: 2.484867
adaptive_bcs_val: 7.0862e+03
adaptive_res_val: 6.7486e+02
It: 28800, Loss: 5.978e+02, Loss_bcs: 2.681e-02, Loss_res: 6.043e-01,Time: 0.05
 kurtosis_grad_res: 1.6587e+02
 kurtosis_grad_bcs: 2.0351e+02
std_grad_bcs: 0.007231
std_grad_res: 1.856757
adaptive_bcs_val: 7.0862e+03
adaptive_res_val: 6.7486e+02
It: 28900, Loss: 5.921e+02, Loss_bcs: 2.147e-02, Loss_res: 6.519e-01,Time: 0.01
 kurtosis_grad_res: 2.0663e+02
 kurtosis_grad_bcs: 9.7693e+01
std_grad_bcs: 0.014527
std_grad_res: 1.531321
adaptive_bcs_val: 7.0862e+03
adaptive_res_val: 6.7486e+02
It: 29000, Loss: 3.500e+02, Loss_bcs: 2.178e-02, Loss_res: 2.900e-01,Time: 0.06
 kurtosis_grad_res: 1.4589e+02
 kurtosis_grad_bcs: 1.3792e+02
std_grad_bcs: 0.015968
std_grad_res: 1.697698
adaptive_bcs_val: 7.0862e+03
adaptive_res_val: 6.7486e+02
It: 29100, Loss: 3.691e+02, Loss_bcs: 2.129e-02, Loss_res: 3.233e-01,Time: 0.07
 kurtosis_grad_res: 1.5957e+02
 kurtosis_grad_bcs: 2.4825e+02
std_grad_bcs: 0.009372
std_grad_res: 2.469581
adaptive_bcs_val: 7.0862e+03
adaptive_res_val: 6.7486e+02
It: 29200, Loss: 3.425e+02, Loss_bcs: 2.533e-02, Loss_res: 2.416e-01,Time: 0.00
 kurtosis_grad_res: 1.2455e+02
 kurtosis_grad_bcs: 2.0865e+02
std_grad_bcs: 0.008420
std_grad_res: 3.312152
adaptive_bcs_val: 7.0862e+03
adaptive_res_val: 6.7486e+02
It: 29300, Loss: 5.607e+02, Loss_bcs: 2.520e-02, Loss_res: 5.662e-01,Time: 0.01
 kurtosis_grad_res: 1.8688e+02
 kurtosis_grad_bcs: 2.2062e+02
std_grad_bcs: 0.007969
std_grad_res: 1.959988
adaptive_bcs_val: 7.0862e+03
adaptive_res_val: 6.7486e+02
It: 29400, Loss: 5.316e+02, Loss_bcs: 2.333e-02, Loss_res: 5.427e-01,Time: 0.01
 kurtosis_grad_res: 1.4670e+02
 kurtosis_grad_bcs: 1.9666e+02
std_grad_bcs: 0.008881
std_grad_res: 3.534611
adaptive_bcs_val: 7.0862e+03
adaptive_res_val: 6.7486e+02
It: 29500, Loss: 3.537e+02, Loss_bcs: 2.217e-02, Loss_res: 2.914e-01,Time: 0.01
 kurtosis_grad_res: 1.7507e+02
 kurtosis_grad_bcs: 1.3768e+02
std_grad_bcs: 0.010519
std_grad_res: 1.996429
adaptive_bcs_val: 7.0862e+03
adaptive_res_val: 6.7486e+02
It: 29600, Loss: 4.474e+02, Loss_bcs: 2.337e-02, Loss_res: 4.176e-01,Time: 0.01
 kurtosis_grad_res: 2.2091e+02
 kurtosis_grad_bcs: 1.2726e+02
std_grad_bcs: 0.015696
std_grad_res: 2.621618
adaptive_bcs_val: 7.0862e+03
adaptive_res_val: 6.7486e+02
It: 29700, Loss: 4.604e+02, Loss_bcs: 2.655e-02, Loss_res: 4.035e-01,Time: 0.01
 kurtosis_grad_res: 1.4449e+02
 kurtosis_grad_bcs: 1.3979e+02
std_grad_bcs: 0.013132
std_grad_res: 3.024213
adaptive_bcs_val: 7.0862e+03
adaptive_res_val: 6.7486e+02
It: 29800, Loss: 3.992e+02, Loss_bcs: 2.416e-02, Loss_res: 3.379e-01,Time: 0.04
 kurtosis_grad_res: 1.7081e+02
 kurtosis_grad_bcs: 2.0855e+02
std_grad_bcs: 0.009819
std_grad_res: 2.607590
adaptive_bcs_val: 7.0862e+03
adaptive_res_val: 6.7486e+02
It: 29900, Loss: 4.145e+02, Loss_bcs: 2.494e-02, Loss_res: 3.524e-01,Time: 0.01
 kurtosis_grad_res: 2.0369e+02
 kurtosis_grad_bcs: 1.6514e+02
std_grad_bcs: 0.012172
std_grad_res: 1.779327
adaptive_bcs_val: 7.0862e+03
adaptive_res_val: 6.7486e+02
It: 30000, Loss: 4.058e+02, Loss_bcs: 2.128e-02, Loss_res: 3.778e-01,Time: 0.01
 kurtosis_grad_res: 1.1198e+02
 kurtosis_grad_bcs: 1.5135e+02
std_grad_bcs: 0.009706
std_grad_res: 6.095577
adaptive_bcs_val: 7.0862e+03
adaptive_res_val: 6.7486e+02
It: 30100, Loss: 4.208e+02, Loss_bcs: 2.322e-02, Loss_res: 3.797e-01,Time: 0.06
 kurtosis_grad_res: 1.4826e+02
 kurtosis_grad_bcs: 1.6984e+02
std_grad_bcs: 0.009426
std_grad_res: 2.533064
adaptive_bcs_val: 7.0862e+03
adaptive_res_val: 6.7486e+02
It: 30200, Loss: 3.943e+02, Loss_bcs: 2.471e-02, Loss_res: 3.249e-01,Time: 0.01
 kurtosis_grad_res: 1.7412e+02
 kurtosis_grad_bcs: 1.8336e+02
std_grad_bcs: 0.008811
std_grad_res: 2.141699
adaptive_bcs_val: 7.0862e+03
adaptive_res_val: 6.7486e+02
It: 30300, Loss: 8.296e+02, Loss_bcs: 2.399e-02, Loss_res: 9.773e-01,Time: 0.01
 kurtosis_grad_res: 1.1590e+02
 kurtosis_grad_bcs: 2.0013e+02
std_grad_bcs: 0.008809
std_grad_res: 5.726024
adaptive_bcs_val: 7.0862e+03
adaptive_res_val: 6.7486e+02
It: 30400, Loss: 3.500e+02, Loss_bcs: 2.080e-02, Loss_res: 3.002e-01,Time: 0.01
 kurtosis_grad_res: 1.1862e+02
 kurtosis_grad_bcs: 2.1816e+02
std_grad_bcs: 0.006795
std_grad_res: 4.133207
adaptive_bcs_val: 7.0862e+03
adaptive_res_val: 6.7486e+02
It: 30500, Loss: 4.541e+02, Loss_bcs: 1.926e-02, Loss_res: 4.706e-01,Time: 0.01
 kurtosis_grad_res: 1.9306e+02
 kurtosis_grad_bcs: 1.7702e+02
std_grad_bcs: 0.008156
std_grad_res: 2.473785
adaptive_bcs_val: 7.0862e+03
adaptive_res_val: 6.7486e+02
It: 30600, Loss: 5.093e+02, Loss_bcs: 2.116e-02, Loss_res: 5.324e-01,Time: 0.02
 kurtosis_grad_res: 1.3883e+02
 kurtosis_grad_bcs: 1.7809e+02
std_grad_bcs: 0.007632
std_grad_res: 4.229158
adaptive_bcs_val: 7.0862e+03
adaptive_res_val: 6.7486e+02
It: 30700, Loss: 3.711e+02, Loss_bcs: 2.358e-02, Loss_res: 3.023e-01,Time: 0.01
 kurtosis_grad_res: 3.1122e+02
 kurtosis_grad_bcs: 1.8182e+02
std_grad_bcs: 0.011340
std_grad_res: 1.714388
adaptive_bcs_val: 7.0862e+03
adaptive_res_val: 6.7486e+02
It: 30800, Loss: 3.810e+02, Loss_bcs: 2.230e-02, Loss_res: 3.304e-01,Time: 0.01
 kurtosis_grad_res: 1.6077e+02
 kurtosis_grad_bcs: 1.4527e+02
std_grad_bcs: 0.012851
std_grad_res: 2.576505
adaptive_bcs_val: 7.0862e+03
adaptive_res_val: 6.7486e+02
It: 30900, Loss: 4.684e+02, Loss_bcs: 2.468e-02, Loss_res: 4.350e-01,Time: 0.01
 kurtosis_grad_res: 1.2284e+02
 kurtosis_grad_bcs: 1.9860e+02
std_grad_bcs: 0.009332
std_grad_res: 5.416341
adaptive_bcs_val: 7.0862e+03
adaptive_res_val: 6.7486e+02
It: 31000, Loss: 4.788e+02, Loss_bcs: 1.949e-02, Loss_res: 5.049e-01,Time: 0.01
 kurtosis_grad_res: 1.7012e+02
 kurtosis_grad_bcs: 1.2713e+02
std_grad_bcs: 0.011966
std_grad_res: 4.117864
adaptive_bcs_val: 7.0862e+03
adaptive_res_val: 6.7486e+02
It: 31100, Loss: 3.519e+02, Loss_bcs: 2.496e-02, Loss_res: 2.593e-01,Time: 0.01
 kurtosis_grad_res: 1.3898e+02
 kurtosis_grad_bcs: 2.2853e+02
std_grad_bcs: 0.007962
std_grad_res: 2.766002
adaptive_bcs_val: 7.0862e+03
adaptive_res_val: 6.7486e+02
It: 31200, Loss: 3.735e+02, Loss_bcs: 2.011e-02, Loss_res: 3.423e-01,Time: 0.01
 kurtosis_grad_res: 1.6932e+02
 kurtosis_grad_bcs: 1.4786e+02
std_grad_bcs: 0.009148
std_grad_res: 2.516513
adaptive_bcs_val: 7.0862e+03
adaptive_res_val: 6.7486e+02
It: 31300, Loss: 3.218e+02, Loss_bcs: 2.083e-02, Loss_res: 2.582e-01,Time: 0.01
 kurtosis_grad_res: 2.1432e+02
 kurtosis_grad_bcs: 1.3036e+02
std_grad_bcs: 0.014074
std_grad_res: 2.107280
adaptive_bcs_val: 7.0862e+03
adaptive_res_val: 6.7486e+02
It: 31400, Loss: 4.286e+02, Loss_bcs: 2.738e-02, Loss_res: 3.476e-01,Time: 0.02
 kurtosis_grad_res: 2.5471e+02
 kurtosis_grad_bcs: 1.6361e+02
std_grad_bcs: 0.009486
std_grad_res: 1.104104
adaptive_bcs_val: 7.0862e+03
adaptive_res_val: 6.7486e+02
It: 31500, Loss: 3.903e+02, Loss_bcs: 2.023e-02, Loss_res: 3.660e-01,Time: 0.01
 kurtosis_grad_res: 1.0190e+02
 kurtosis_grad_bcs: 1.2553e+02
std_grad_bcs: 0.011207
std_grad_res: 4.276966
adaptive_bcs_val: 7.0862e+03
adaptive_res_val: 6.7486e+02
It: 31600, Loss: 4.631e+02, Loss_bcs: 2.299e-02, Loss_res: 4.447e-01,Time: 0.01
 kurtosis_grad_res: 1.4561e+02
 kurtosis_grad_bcs: 1.4796e+02
std_grad_bcs: 0.010891
std_grad_res: 1.881827
adaptive_bcs_val: 7.0862e+03
adaptive_res_val: 6.7486e+02
It: 31700, Loss: 3.524e+02, Loss_bcs: 2.296e-02, Loss_res: 2.811e-01,Time: 0.01
 kurtosis_grad_res: 1.5375e+02
 kurtosis_grad_bcs: 1.5851e+02
std_grad_bcs: 0.009100
std_grad_res: 2.341963
adaptive_bcs_val: 7.0862e+03
adaptive_res_val: 6.7486e+02
It: 31800, Loss: 3.715e+02, Loss_bcs: 2.062e-02, Loss_res: 3.339e-01,Time: 0.01
 kurtosis_grad_res: 1.2116e+02
 kurtosis_grad_bcs: 1.4639e+02
std_grad_bcs: 0.009092
std_grad_res: 2.756461
adaptive_bcs_val: 7.0862e+03
adaptive_res_val: 6.7486e+02
It: 31900, Loss: 4.331e+02, Loss_bcs: 2.443e-02, Loss_res: 3.852e-01,Time: 0.01
 kurtosis_grad_res: 1.3203e+02
 kurtosis_grad_bcs: 2.0036e+02
std_grad_bcs: 0.007831
std_grad_res: 3.475801
adaptive_bcs_val: 7.0862e+03
adaptive_res_val: 6.7486e+02
It: 32000, Loss: 3.524e+02, Loss_bcs: 2.066e-02, Loss_res: 3.053e-01,Time: 0.01
 kurtosis_grad_res: 1.4198e+02
 kurtosis_grad_bcs: 1.6585e+02
std_grad_bcs: 0.012069
std_grad_res: 2.242592
adaptive_bcs_val: 7.0862e+03
adaptive_res_val: 6.7486e+02
It: 32100, Loss: 4.358e+02, Loss_bcs: 2.429e-02, Loss_res: 3.907e-01,Time: 0.01
 kurtosis_grad_res: 1.3145e+02
 kurtosis_grad_bcs: 1.9961e+02
std_grad_bcs: 0.010316
std_grad_res: 2.603754
adaptive_bcs_val: 7.0862e+03
adaptive_res_val: 6.7486e+02
It: 32200, Loss: 3.585e+02, Loss_bcs: 2.032e-02, Loss_res: 3.178e-01,Time: 0.01
 kurtosis_grad_res: 1.4027e+02
 kurtosis_grad_bcs: 2.8173e+02
std_grad_bcs: 0.005421
std_grad_res: 2.358839
adaptive_bcs_val: 7.0862e+03
adaptive_res_val: 6.7486e+02
It: 32300, Loss: 4.833e+02, Loss_bcs: 2.452e-02, Loss_res: 4.587e-01,Time: 0.01
 kurtosis_grad_res: 1.7477e+02
 kurtosis_grad_bcs: 2.2687e+02
std_grad_bcs: 0.006480
std_grad_res: 2.805885
adaptive_bcs_val: 7.0862e+03
adaptive_res_val: 6.7486e+02
It: 32400, Loss: 3.382e+02, Loss_bcs: 2.666e-02, Loss_res: 2.212e-01,Time: 0.01
 kurtosis_grad_res: 1.3617e+02
 kurtosis_grad_bcs: 2.4035e+02
std_grad_bcs: 0.008814
std_grad_res: 1.264057
adaptive_bcs_val: 7.0862e+03
adaptive_res_val: 6.7486e+02
It: 32500, Loss: 3.129e+02, Loss_bcs: 1.980e-02, Loss_res: 2.557e-01,Time: 0.04
 kurtosis_grad_res: 2.0494e+02
 kurtosis_grad_bcs: 1.6889e+02
std_grad_bcs: 0.008205
std_grad_res: 1.185223
adaptive_bcs_val: 7.0862e+03
adaptive_res_val: 6.7486e+02
It: 32600, Loss: 3.605e+02, Loss_bcs: 2.404e-02, Loss_res: 2.817e-01,Time: 0.01
 kurtosis_grad_res: 1.4673e+02
 kurtosis_grad_bcs: 1.9649e+02
std_grad_bcs: 0.006918
std_grad_res: 3.409994
adaptive_bcs_val: 7.0862e+03
adaptive_res_val: 6.7486e+02
It: 32700, Loss: 2.914e+02, Loss_bcs: 1.965e-02, Loss_res: 2.255e-01,Time: 0.01
 kurtosis_grad_res: 1.3733e+02
 kurtosis_grad_bcs: 1.4687e+02
std_grad_bcs: 0.007480
std_grad_res: 3.733063
adaptive_bcs_val: 7.0862e+03
adaptive_res_val: 6.7486e+02
It: 32800, Loss: 4.521e+02, Loss_bcs: 2.473e-02, Loss_res: 4.103e-01,Time: 0.01
 kurtosis_grad_res: 1.2254e+02
 kurtosis_grad_bcs: 1.8838e+02
std_grad_bcs: 0.008547
std_grad_res: 1.972507
adaptive_bcs_val: 7.0862e+03
adaptive_res_val: 6.7486e+02
It: 32900, Loss: 3.911e+02, Loss_bcs: 1.923e-02, Loss_res: 3.776e-01,Time: 0.01
 kurtosis_grad_res: 1.2303e+02
 kurtosis_grad_bcs: 1.4505e+02
std_grad_bcs: 0.012772
std_grad_res: 4.160865
adaptive_bcs_val: 7.0862e+03
adaptive_res_val: 6.7486e+02
It: 33000, Loss: 3.917e+02, Loss_bcs: 2.378e-02, Loss_res: 3.307e-01,Time: 0.01
 kurtosis_grad_res: 2.4294e+02
 kurtosis_grad_bcs: 1.6974e+02
std_grad_bcs: 0.009836
std_grad_res: 1.026490
adaptive_bcs_val: 7.0862e+03
adaptive_res_val: 6.7486e+02
It: 33100, Loss: 4.636e+02, Loss_bcs: 1.803e-02, Loss_res: 4.976e-01,Time: 0.01
 kurtosis_grad_res: 1.5832e+02
 kurtosis_grad_bcs: 1.4752e+02
std_grad_bcs: 0.008568
std_grad_res: 2.587624
adaptive_bcs_val: 7.0862e+03
adaptive_res_val: 6.7486e+02
It: 33200, Loss: 3.289e+02, Loss_bcs: 2.522e-02, Loss_res: 2.225e-01,Time: 0.01
 kurtosis_grad_res: 1.9958e+02
 kurtosis_grad_bcs: 4.2659e+02
std_grad_bcs: 0.008104
std_grad_res: 1.140335
adaptive_bcs_val: 7.0862e+03
adaptive_res_val: 6.7486e+02
It: 33300, Loss: 3.340e+02, Loss_bcs: 1.964e-02, Loss_res: 2.886e-01,Time: 0.01
 kurtosis_grad_res: 1.2089e+02
 kurtosis_grad_bcs: 1.8064e+02
std_grad_bcs: 0.008254
std_grad_res: 2.906758
adaptive_bcs_val: 7.0862e+03
adaptive_res_val: 6.7486e+02
It: 33400, Loss: 3.630e+02, Loss_bcs: 2.049e-02, Loss_res: 3.228e-01,Time: 0.01
 kurtosis_grad_res: 1.6078e+02
 kurtosis_grad_bcs: 1.4468e+02
std_grad_bcs: 0.012049
std_grad_res: 1.624503
adaptive_bcs_val: 7.0862e+03
adaptive_res_val: 6.7486e+02
It: 33500, Loss: 4.471e+02, Loss_bcs: 2.384e-02, Loss_res: 4.123e-01,Time: 0.01
 kurtosis_grad_res: 1.5258e+02
 kurtosis_grad_bcs: 1.8004e+02
std_grad_bcs: 0.011304
std_grad_res: 5.759312
adaptive_bcs_val: 7.0862e+03
adaptive_res_val: 6.7486e+02
It: 33600, Loss: 3.655e+02, Loss_bcs: 2.135e-02, Loss_res: 3.175e-01,Time: 0.01
 kurtosis_grad_res: 1.6131e+02
 kurtosis_grad_bcs: 1.9287e+02
std_grad_bcs: 0.008748
std_grad_res: 1.282306
adaptive_bcs_val: 7.0862e+03
adaptive_res_val: 6.7486e+02
It: 33700, Loss: 2.908e+02, Loss_bcs: 1.755e-02, Loss_res: 2.467e-01,Time: 0.06
 kurtosis_grad_res: 1.4939e+02
 kurtosis_grad_bcs: 2.3104e+02
std_grad_bcs: 0.006690
std_grad_res: 2.179593
adaptive_bcs_val: 7.0862e+03
adaptive_res_val: 6.7486e+02
It: 33800, Loss: 3.241e+02, Loss_bcs: 2.037e-02, Loss_res: 2.664e-01,Time: 0.00
 kurtosis_grad_res: 1.5350e+02
 kurtosis_grad_bcs: 1.7117e+02
std_grad_bcs: 0.014889
std_grad_res: 2.594400
adaptive_bcs_val: 7.0862e+03
adaptive_res_val: 6.7486e+02
It: 33900, Loss: 3.342e+02, Loss_bcs: 2.247e-02, Loss_res: 2.593e-01,Time: 0.02
 kurtosis_grad_res: 1.5302e+02
 kurtosis_grad_bcs: 1.1603e+02
std_grad_bcs: 0.011351
std_grad_res: 3.099888
adaptive_bcs_val: 7.0862e+03
adaptive_res_val: 6.7486e+02
It: 34000, Loss: 3.141e+02, Loss_bcs: 2.636e-02, Loss_res: 1.886e-01,Time: 0.01
 kurtosis_grad_res: 1.2804e+02
 kurtosis_grad_bcs: 2.1554e+02
std_grad_bcs: 0.008483
std_grad_res: 2.000124
adaptive_bcs_val: 7.0862e+03
adaptive_res_val: 6.7486e+02
It: 34100, Loss: 3.764e+02, Loss_bcs: 2.226e-02, Loss_res: 3.241e-01,Time: 0.01
 kurtosis_grad_res: 1.7028e+02
 kurtosis_grad_bcs: 2.0262e+02
std_grad_bcs: 0.007283
std_grad_res: 3.509479
adaptive_bcs_val: 7.0862e+03
adaptive_res_val: 6.7486e+02
It: 34200, Loss: 3.151e+02, Loss_bcs: 2.320e-02, Loss_res: 2.233e-01,Time: 0.06
 kurtosis_grad_res: 2.1305e+02
 kurtosis_grad_bcs: 2.9487e+02
std_grad_bcs: 0.005563
std_grad_res: 2.029538
adaptive_bcs_val: 7.0862e+03
adaptive_res_val: 6.7486e+02
It: 34300, Loss: 3.301e+02, Loss_bcs: 2.347e-02, Loss_res: 2.427e-01,Time: 0.06
 kurtosis_grad_res: 1.4152e+02
 kurtosis_grad_bcs: 2.0617e+02
std_grad_bcs: 0.007472
std_grad_res: 2.568923
adaptive_bcs_val: 7.0862e+03
adaptive_res_val: 6.7486e+02
It: 34400, Loss: 3.639e+02, Loss_bcs: 2.080e-02, Loss_res: 3.208e-01,Time: 0.01
 kurtosis_grad_res: 1.5663e+02
 kurtosis_grad_bcs: 1.9450e+02
std_grad_bcs: 0.007612
std_grad_res: 3.344977
adaptive_bcs_val: 7.0862e+03
adaptive_res_val: 6.7486e+02
It: 34500, Loss: 3.717e+02, Loss_bcs: 2.219e-02, Loss_res: 3.177e-01,Time: 0.01
 kurtosis_grad_res: 1.5132e+02
 kurtosis_grad_bcs: 1.6838e+02
std_grad_bcs: 0.012033
std_grad_res: 3.898467
adaptive_bcs_val: 7.0862e+03
adaptive_res_val: 6.7486e+02
It: 34600, Loss: 3.770e+02, Loss_bcs: 2.760e-02, Loss_res: 2.688e-01,Time: 0.02
 kurtosis_grad_res: 2.2355e+02
 kurtosis_grad_bcs: 1.9001e+02
std_grad_bcs: 0.008621
std_grad_res: 0.769686
adaptive_bcs_val: 7.0862e+03
adaptive_res_val: 6.7486e+02
It: 34700, Loss: 8.344e+02, Loss_bcs: 2.061e-02, Loss_res: 1.020e+00,Time: 0.01
 kurtosis_grad_res: 1.5247e+02
 kurtosis_grad_bcs: 1.9766e+02
std_grad_bcs: 0.006168
std_grad_res: 5.588771
adaptive_bcs_val: 7.0862e+03
adaptive_res_val: 6.7486e+02
It: 34800, Loss: 3.132e+02, Loss_bcs: 2.006e-02, Loss_res: 2.535e-01,Time: 0.02
 kurtosis_grad_res: 1.2726e+02
 kurtosis_grad_bcs: 1.5121e+02
std_grad_bcs: 0.008256
std_grad_res: 2.121637
adaptive_bcs_val: 7.0862e+03
adaptive_res_val: 6.7486e+02
It: 34900, Loss: 3.132e+02, Loss_bcs: 1.726e-02, Loss_res: 2.829e-01,Time: 0.01
 kurtosis_grad_res: 1.5181e+02
 kurtosis_grad_bcs: 1.4302e+02
std_grad_bcs: 0.008679
std_grad_res: 1.380971
adaptive_bcs_val: 7.0862e+03
adaptive_res_val: 6.7486e+02
It: 35000, Loss: 3.204e+02, Loss_bcs: 2.278e-02, Loss_res: 2.355e-01,Time: 0.01
 kurtosis_grad_res: 1.5584e+02
 kurtosis_grad_bcs: 2.2118e+02
std_grad_bcs: 0.007513
std_grad_res: 2.063959
adaptive_bcs_val: 7.0862e+03
adaptive_res_val: 6.7486e+02
It: 35100, Loss: 2.830e+02, Loss_bcs: 1.989e-02, Loss_res: 2.104e-01,Time: 0.01
 kurtosis_grad_res: 1.6414e+02
 kurtosis_grad_bcs: 1.2972e+02
std_grad_bcs: 0.016170
std_grad_res: 1.465582
adaptive_bcs_val: 7.0862e+03
adaptive_res_val: 6.7486e+02
It: 35200, Loss: 5.466e+02, Loss_bcs: 2.295e-02, Loss_res: 5.690e-01,Time: 0.01
 kurtosis_grad_res: 2.3069e+02
 kurtosis_grad_bcs: 2.0359e+02
std_grad_bcs: 0.008280
std_grad_res: 2.450233
adaptive_bcs_val: 7.0862e+03
adaptive_res_val: 6.7486e+02
It: 35300, Loss: 3.410e+02, Loss_bcs: 2.350e-02, Loss_res: 2.586e-01,Time: 0.01
 kurtosis_grad_res: 1.0214e+02
 kurtosis_grad_bcs: 1.7663e+02
std_grad_bcs: 0.011089
std_grad_res: 2.659030
adaptive_bcs_val: 7.0862e+03
adaptive_res_val: 6.7486e+02
It: 35400, Loss: 6.190e+02, Loss_bcs: 2.015e-02, Loss_res: 7.057e-01,Time: 0.01
 kurtosis_grad_res: 1.2429e+02
 kurtosis_grad_bcs: 1.4135e+02
std_grad_bcs: 0.011165
std_grad_res: 4.429239
adaptive_bcs_val: 7.0862e+03
adaptive_res_val: 6.7486e+02
It: 35500, Loss: 3.305e+02, Loss_bcs: 1.986e-02, Loss_res: 2.812e-01,Time: 0.01
 kurtosis_grad_res: 1.5725e+02
 kurtosis_grad_bcs: 1.4824e+02
std_grad_bcs: 0.008646
std_grad_res: 2.079870
adaptive_bcs_val: 7.0862e+03
adaptive_res_val: 6.7486e+02
It: 35600, Loss: 4.434e+02, Loss_bcs: 2.650e-02, Loss_res: 3.787e-01,Time: 0.01
 kurtosis_grad_res: 9.0386e+01
 kurtosis_grad_bcs: 1.7613e+02
std_grad_bcs: 0.008299
std_grad_res: 3.527556
adaptive_bcs_val: 7.0862e+03
adaptive_res_val: 6.7486e+02
It: 35700, Loss: 5.278e+02, Loss_bcs: 2.693e-02, Loss_res: 4.993e-01,Time: 0.01
 kurtosis_grad_res: 1.3405e+02
 kurtosis_grad_bcs: 1.6673e+02
std_grad_bcs: 0.009156
std_grad_res: 2.286484
adaptive_bcs_val: 7.0862e+03
adaptive_res_val: 6.7486e+02
It: 35800, Loss: 2.898e+02, Loss_bcs: 2.020e-02, Loss_res: 2.173e-01,Time: 0.01
 kurtosis_grad_res: 2.3282e+02
 kurtosis_grad_bcs: 1.6326e+02
std_grad_bcs: 0.008764
std_grad_res: 0.663309
adaptive_bcs_val: 7.0862e+03
adaptive_res_val: 6.7486e+02
It: 35900, Loss: 5.063e+02, Loss_bcs: 2.186e-02, Loss_res: 5.207e-01,Time: 0.01
 kurtosis_grad_res: 1.4398e+02
 kurtosis_grad_bcs: 1.7958e+02
std_grad_bcs: 0.008543
std_grad_res: 2.467397
adaptive_bcs_val: 7.0862e+03
adaptive_res_val: 6.7486e+02
It: 36000, Loss: 5.781e+02, Loss_bcs: 2.180e-02, Loss_res: 6.277e-01,Time: 0.01
 kurtosis_grad_res: 1.9491e+02
 kurtosis_grad_bcs: 2.1211e+02
std_grad_bcs: 0.008038
std_grad_res: 2.040679
adaptive_bcs_val: 7.0862e+03
adaptive_res_val: 6.7486e+02
It: 36100, Loss: 2.768e+02, Loss_bcs: 1.739e-02, Loss_res: 2.276e-01,Time: 0.02
 kurtosis_grad_res: 1.9597e+02
 kurtosis_grad_bcs: 1.9154e+02
std_grad_bcs: 0.005815
std_grad_res: 1.253680
adaptive_bcs_val: 7.0862e+03
adaptive_res_val: 6.7486e+02
It: 36200, Loss: 3.422e+02, Loss_bcs: 1.718e-02, Loss_res: 3.266e-01,Time: 0.01
 kurtosis_grad_res: 1.8081e+02
 kurtosis_grad_bcs: 1.4661e+02
std_grad_bcs: 0.013278
std_grad_res: 1.558005
adaptive_bcs_val: 7.0862e+03
adaptive_res_val: 6.7486e+02
It: 36300, Loss: 3.828e+02, Loss_bcs: 2.217e-02, Loss_res: 3.344e-01,Time: 0.01
 kurtosis_grad_res: 1.4335e+02
 kurtosis_grad_bcs: 1.5351e+02
std_grad_bcs: 0.010182
std_grad_res: 3.615898
adaptive_bcs_val: 7.0862e+03
adaptive_res_val: 6.7486e+02
It: 36400, Loss: 3.410e+02, Loss_bcs: 2.277e-02, Loss_res: 2.662e-01,Time: 0.01
 kurtosis_grad_res: 1.3308e+02
 kurtosis_grad_bcs: 1.4386e+02
std_grad_bcs: 0.008160
std_grad_res: 1.933548
adaptive_bcs_val: 7.0862e+03
adaptive_res_val: 6.7486e+02
It: 36500, Loss: 3.487e+02, Loss_bcs: 2.160e-02, Loss_res: 2.899e-01,Time: 0.01
 kurtosis_grad_res: 2.3565e+02
 kurtosis_grad_bcs: 1.6934e+02
std_grad_bcs: 0.008475
std_grad_res: 1.330162
adaptive_bcs_val: 7.0862e+03
adaptive_res_val: 6.7486e+02
It: 36600, Loss: 4.131e+02, Loss_bcs: 1.931e-02, Loss_res: 4.093e-01,Time: 0.05
 kurtosis_grad_res: 2.2632e+02
 kurtosis_grad_bcs: 2.0131e+02
std_grad_bcs: 0.007724
std_grad_res: 1.256253
adaptive_bcs_val: 7.0862e+03
adaptive_res_val: 6.7486e+02
It: 36700, Loss: 3.027e+02, Loss_bcs: 2.218e-02, Loss_res: 2.156e-01,Time: 0.01
 kurtosis_grad_res: 1.0832e+02
 kurtosis_grad_bcs: 1.4510e+02
std_grad_bcs: 0.008196
std_grad_res: 2.192078
adaptive_bcs_val: 7.0862e+03
adaptive_res_val: 6.7486e+02
It: 36800, Loss: 5.522e+02, Loss_bcs: 1.621e-02, Loss_res: 6.480e-01,Time: 0.01
 kurtosis_grad_res: 1.0410e+02
 kurtosis_grad_bcs: 1.4070e+02
std_grad_bcs: 0.007003
std_grad_res: 2.923964
adaptive_bcs_val: 7.0862e+03
adaptive_res_val: 6.7486e+02
It: 36900, Loss: 2.971e+02, Loss_bcs: 2.059e-02, Loss_res: 2.240e-01,Time: 0.07
 kurtosis_grad_res: 1.8790e+02
 kurtosis_grad_bcs: 1.8777e+02
std_grad_bcs: 0.008562
std_grad_res: 1.633512
adaptive_bcs_val: 7.0862e+03
adaptive_res_val: 6.7486e+02
It: 37000, Loss: 4.373e+02, Loss_bcs: 1.937e-02, Loss_res: 4.445e-01,Time: 0.01
 kurtosis_grad_res: 1.7346e+02
 kurtosis_grad_bcs: 1.4703e+02
std_grad_bcs: 0.010461
std_grad_res: 2.573204
adaptive_bcs_val: 7.0862e+03
adaptive_res_val: 6.7486e+02
It: 37100, Loss: 5.090e+02, Loss_bcs: 2.004e-02, Loss_res: 5.438e-01,Time: 0.02
 kurtosis_grad_res: 1.8306e+02
 kurtosis_grad_bcs: 1.4148e+02
std_grad_bcs: 0.008157
std_grad_res: 1.780861
adaptive_bcs_val: 7.0862e+03
adaptive_res_val: 6.7486e+02
It: 37200, Loss: 3.865e+02, Loss_bcs: 1.771e-02, Loss_res: 3.868e-01,Time: 0.01
 kurtosis_grad_res: 1.6609e+02
 kurtosis_grad_bcs: 1.6490e+02
std_grad_bcs: 0.006867
std_grad_res: 2.398618
adaptive_bcs_val: 7.0862e+03
adaptive_res_val: 6.7486e+02
It: 37300, Loss: 5.667e+02, Loss_bcs: 2.089e-02, Loss_res: 6.204e-01,Time: 0.01
 kurtosis_grad_res: 1.6612e+02
 kurtosis_grad_bcs: 1.4849e+02
std_grad_bcs: 0.011328
std_grad_res: 3.222529
adaptive_bcs_val: 7.0862e+03
adaptive_res_val: 6.7486e+02
It: 37400, Loss: 5.819e+02, Loss_bcs: 2.263e-02, Loss_res: 6.246e-01,Time: 0.01
 kurtosis_grad_res: 1.5025e+02
 kurtosis_grad_bcs: 3.8660e+02
std_grad_bcs: 0.004873
std_grad_res: 3.936857
adaptive_bcs_val: 7.0862e+03
adaptive_res_val: 6.7486e+02
It: 37500, Loss: 2.954e+02, Loss_bcs: 1.747e-02, Loss_res: 2.542e-01,Time: 0.07
 kurtosis_grad_res: 1.0983e+02
 kurtosis_grad_bcs: 1.8335e+02
std_grad_bcs: 0.007932
std_grad_res: 2.760518
adaptive_bcs_val: 7.0862e+03
adaptive_res_val: 6.7486e+02
It: 37600, Loss: 3.900e+02, Loss_bcs: 2.424e-02, Loss_res: 3.234e-01,Time: 0.01
 kurtosis_grad_res: 1.2349e+02
 kurtosis_grad_bcs: 1.9533e+02
std_grad_bcs: 0.007858
std_grad_res: 4.958992
adaptive_bcs_val: 7.0862e+03
adaptive_res_val: 6.7486e+02
It: 37700, Loss: 4.052e+02, Loss_bcs: 1.806e-02, Loss_res: 4.109e-01,Time: 0.01
 kurtosis_grad_res: 1.8676e+02
 kurtosis_grad_bcs: 1.3005e+02
std_grad_bcs: 0.009009
std_grad_res: 2.756505
adaptive_bcs_val: 7.0862e+03
adaptive_res_val: 6.7486e+02
It: 37800, Loss: 4.802e+02, Loss_bcs: 2.056e-02, Loss_res: 4.957e-01,Time: 0.01
 kurtosis_grad_res: 1.1895e+02
 kurtosis_grad_bcs: 1.6152e+02
std_grad_bcs: 0.006332
std_grad_res: 5.242738
adaptive_bcs_val: 7.0862e+03
adaptive_res_val: 6.7486e+02
It: 37900, Loss: 6.787e+02, Loss_bcs: 1.797e-02, Loss_res: 8.169e-01,Time: 0.01
 kurtosis_grad_res: 1.1647e+02
 kurtosis_grad_bcs: 1.2310e+02
std_grad_bcs: 0.011380
std_grad_res: 8.574162
adaptive_bcs_val: 7.0862e+03
adaptive_res_val: 6.7486e+02
It: 38000, Loss: 5.539e+02, Loss_bcs: 2.042e-02, Loss_res: 6.064e-01,Time: 0.01
 kurtosis_grad_res: 2.6547e+02
 kurtosis_grad_bcs: 1.5967e+02
std_grad_bcs: 0.009228
std_grad_res: 2.088578
adaptive_bcs_val: 7.0862e+03
adaptive_res_val: 6.7486e+02
It: 38100, Loss: 3.187e+02, Loss_bcs: 2.125e-02, Loss_res: 2.492e-01,Time: 0.01
 kurtosis_grad_res: 1.6108e+02
 kurtosis_grad_bcs: 2.1944e+02
std_grad_bcs: 0.007647
std_grad_res: 2.243231
adaptive_bcs_val: 7.0862e+03
adaptive_res_val: 6.7486e+02
It: 38200, Loss: 3.109e+02, Loss_bcs: 2.038e-02, Loss_res: 2.467e-01,Time: 0.01
 kurtosis_grad_res: 2.0343e+02
 kurtosis_grad_bcs: 1.8122e+02
std_grad_bcs: 0.013678
std_grad_res: 2.536521
adaptive_bcs_val: 7.0862e+03
adaptive_res_val: 6.7486e+02
It: 38300, Loss: 5.339e+02, Loss_bcs: 2.216e-02, Loss_res: 5.584e-01,Time: 0.01
 kurtosis_grad_res: 1.2769e+02
 kurtosis_grad_bcs: 1.6807e+02
std_grad_bcs: 0.008402
std_grad_res: 5.065072
adaptive_bcs_val: 7.0862e+03
adaptive_res_val: 6.7486e+02
It: 38400, Loss: 3.509e+02, Loss_bcs: 2.124e-02, Loss_res: 2.969e-01,Time: 0.01
 kurtosis_grad_res: 1.7341e+02
 kurtosis_grad_bcs: 1.9585e+02
std_grad_bcs: 0.006324
std_grad_res: 2.030646
adaptive_bcs_val: 7.0862e+03
adaptive_res_val: 6.7486e+02
It: 38500, Loss: 7.213e+02, Loss_bcs: 1.801e-02, Loss_res: 8.798e-01,Time: 0.01
 kurtosis_grad_res: 1.2574e+02
 kurtosis_grad_bcs: 1.5056e+02
std_grad_bcs: 0.007772
std_grad_res: 9.041797
adaptive_bcs_val: 7.0862e+03
adaptive_res_val: 6.7486e+02
It: 38600, Loss: 3.439e+02, Loss_bcs: 1.855e-02, Loss_res: 3.149e-01,Time: 0.01
 kurtosis_grad_res: 1.0752e+02
 kurtosis_grad_bcs: 1.4227e+02
std_grad_bcs: 0.013879
std_grad_res: 3.205677
adaptive_bcs_val: 7.0862e+03
adaptive_res_val: 6.7486e+02
It: 38700, Loss: 3.095e+02, Loss_bcs: 2.019e-02, Loss_res: 2.466e-01,Time: 0.01
 kurtosis_grad_res: 2.1510e+02
 kurtosis_grad_bcs: 1.9558e+02
std_grad_bcs: 0.007922
std_grad_res: 0.999346
adaptive_bcs_val: 7.0862e+03
adaptive_res_val: 6.7486e+02
It: 38800, Loss: 3.021e+02, Loss_bcs: 1.804e-02, Loss_res: 2.582e-01,Time: 0.01
 kurtosis_grad_res: 1.4441e+02
 kurtosis_grad_bcs: 1.5783e+02
std_grad_bcs: 0.007289
std_grad_res: 2.536381
adaptive_bcs_val: 7.0862e+03
adaptive_res_val: 6.7486e+02
It: 38900, Loss: 3.516e+02, Loss_bcs: 2.282e-02, Loss_res: 2.813e-01,Time: 0.01
 kurtosis_grad_res: 1.5422e+02
 kurtosis_grad_bcs: 2.0213e+02
std_grad_bcs: 0.009575
std_grad_res: 2.230740
adaptive_bcs_val: 7.0862e+03
adaptive_res_val: 6.7486e+02
It: 39000, Loss: 4.443e+02, Loss_bcs: 2.181e-02, Loss_res: 4.293e-01,Time: 0.01
 kurtosis_grad_res: 4.2556e+02
 kurtosis_grad_bcs: 2.2860e+02
std_grad_bcs: 0.007200
std_grad_res: 0.413680
adaptive_bcs_val: 7.0862e+03
adaptive_res_val: 6.7486e+02
It: 39100, Loss: 3.575e+02, Loss_bcs: 1.811e-02, Loss_res: 3.396e-01,Time: 0.01
 kurtosis_grad_res: 1.5508e+02
 kurtosis_grad_bcs: 2.2513e+02
std_grad_bcs: 0.010566
std_grad_res: 1.947065
adaptive_bcs_val: 7.0862e+03
adaptive_res_val: 6.7486e+02
It: 39200, Loss: 3.056e+02, Loss_bcs: 2.225e-02, Loss_res: 2.192e-01,Time: 0.01
 kurtosis_grad_res: 1.1028e+02
 kurtosis_grad_bcs: 1.6495e+02
std_grad_bcs: 0.008935
std_grad_res: 2.287179
adaptive_bcs_val: 7.0862e+03
adaptive_res_val: 6.7486e+02
It: 39300, Loss: 3.571e+02, Loss_bcs: 1.875e-02, Loss_res: 3.322e-01,Time: 0.01
 kurtosis_grad_res: 1.6576e+02
 kurtosis_grad_bcs: 1.1985e+02
std_grad_bcs: 0.009815
std_grad_res: 1.850412
adaptive_bcs_val: 7.0862e+03
adaptive_res_val: 6.7486e+02
It: 39400, Loss: 3.469e+02, Loss_bcs: 1.881e-02, Loss_res: 3.164e-01,Time: 0.01
 kurtosis_grad_res: 1.3934e+02
 kurtosis_grad_bcs: 2.0297e+02
std_grad_bcs: 0.006835
std_grad_res: 3.435496
adaptive_bcs_val: 7.0862e+03
adaptive_res_val: 6.7486e+02
It: 39500, Loss: 4.459e+02, Loss_bcs: 2.202e-02, Loss_res: 4.296e-01,Time: 0.01
 kurtosis_grad_res: 1.6226e+02
 kurtosis_grad_bcs: 2.1019e+02
std_grad_bcs: 0.007287
std_grad_res: 1.788753
adaptive_bcs_val: 7.0862e+03
adaptive_res_val: 6.7486e+02
It: 39600, Loss: 3.462e+02, Loss_bcs: 2.068e-02, Loss_res: 2.959e-01,Time: 0.05
 kurtosis_grad_res: 1.8656e+02
 kurtosis_grad_bcs: 1.9758e+02
std_grad_bcs: 0.007122
std_grad_res: 1.185176
adaptive_bcs_val: 7.0862e+03
adaptive_res_val: 6.7486e+02
It: 39700, Loss: 3.343e+02, Loss_bcs: 1.735e-02, Loss_res: 3.132e-01,Time: 0.01
 kurtosis_grad_res: 1.2808e+02
 kurtosis_grad_bcs: 1.4302e+02
std_grad_bcs: 0.015530
std_grad_res: 3.351624
adaptive_bcs_val: 7.0862e+03
adaptive_res_val: 6.7486e+02
It: 39800, Loss: 3.052e+02, Loss_bcs: 1.800e-02, Loss_res: 2.633e-01,Time: 0.02
 kurtosis_grad_res: 2.5834e+02
 kurtosis_grad_bcs: 1.3034e+02
std_grad_bcs: 0.008995
std_grad_res: 1.019035
adaptive_bcs_val: 7.0862e+03
adaptive_res_val: 6.7486e+02
It: 39900, Loss: 3.201e+02, Loss_bcs: 2.294e-02, Loss_res: 2.335e-01,Time: 0.01
 kurtosis_grad_res: 1.2189e+02
 kurtosis_grad_bcs: 1.6985e+02
std_grad_bcs: 0.013512
std_grad_res: 2.142471
adaptive_bcs_val: 7.0862e+03
adaptive_res_val: 6.7486e+02
Gradients information stored ...
It: 40000, Loss: 4.901e+02, Loss_bcs: 1.833e-02, Loss_res: 5.337e-01,Time: 0.85
 kurtosis_grad_res: 1.1756e+02
 kurtosis_grad_bcs: 1.4335e+02
std_grad_bcs: 0.008431
std_grad_res: 3.720873
adaptive_bcs_val: 7.0862e+03
adaptive_res_val: 6.7486e+02
Relative L2 error_u: 5.19e-02
Relative L2 error_f: 8.84e-03
Save uv NN parameters successfully in %s ...checkpoints/Jan-17-2024_21-49-01-663008_M2
Final loss total loss: 4.911198e+02
Final loss loss_res: 5.353402e-01
Final loss loss_bc1: 1.646405e-03
Final loss loss_bc2: 1.887712e-03
Final loss loss_bc3: 1.032432e-02
Final loss loss_bc4: 4.464245e-03
average lambda_bc7.0862e+03
average lambda_res1.0


Method: mini_batch

average of time_list:6.9544e+02
average of error_u_list:5.1938e-02
average of error_v_list:8.8402e-03
