Using mode: M1
neural network: [2, 256, 256, 256, 1]
Batch size : 300
Activation function: tanh
number of iterations: 40001
starter_learning_rate: 1.0000e-03
Method desciption : gradual learing rate , M1, with  mini_batch batch. 
File directory: /home/vlq26735/code/PhD/GradientPathologiesPINNs/checkpoints/1DWave/final/Feb-28-2024_10-57-28-652532_M1
It: 0, Loss: 3.202e+02, Loss_res: 3.134e+02,  Loss_bcs: 6.514e+00, Loss_ut_ics: 2.452e-01,, Time: 50.58
mean_grad_res: 3.809e+01
mean_grad_ics: 6.941e-02
mean_grad_bcs: 7.918e-01
Gradients information stored ...
It: 100, Loss: 3.273e-01, Loss_res: 1.045e-02,  Loss_bcs: 3.133e-01, Loss_ut_ics: 3.475e-03,, Time: 242.46
Gradients information stored ...
It: 200, Loss: 3.259e-01, Loss_res: 6.056e-03,  Loss_bcs: 3.167e-01, Loss_ut_ics: 3.132e-03,, Time: 364.43
It: 300, Loss: 3.378e-01, Loss_res: 3.751e-03,  Loss_bcs: 3.318e-01, Loss_ut_ics: 2.256e-03,, Time: 454.45
It: 400, Loss: 3.189e-01, Loss_res: 3.571e-03,  Loss_bcs: 3.130e-01, Loss_ut_ics: 2.355e-03,, Time: 545.02
It: 500, Loss: 3.605e-01, Loss_res: 3.274e-03,  Loss_bcs: 3.532e-01, Loss_ut_ics: 4.052e-03,, Time: 635.52
It: 600, Loss: 3.321e-01, Loss_res: 4.932e-03,  Loss_bcs: 3.234e-01, Loss_ut_ics: 3.728e-03,, Time: 725.61
It: 700, Loss: 2.636e-01, Loss_res: 3.077e-03,  Loss_bcs: 2.566e-01, Loss_ut_ics: 3.973e-03,, Time: 816.51
It: 800, Loss: 2.438e-01, Loss_res: 4.908e-03,  Loss_bcs: 2.343e-01, Loss_ut_ics: 4.605e-03,, Time: 906.80
It: 900, Loss: 2.279e-01, Loss_res: 9.667e-03,  Loss_bcs: 2.145e-01, Loss_ut_ics: 3.781e-03,, Time: 997.79
It: 1000, Loss: 2.121e-01, Loss_res: 4.289e-03,  Loss_bcs: 2.025e-01, Loss_ut_ics: 5.334e-03,, Time: 1086.62
mean_grad_res: 2.995e-02
mean_grad_ics: 1.316e-02
mean_grad_bcs: 6.119e-03
Gradients information stored ...
It: 1100, Loss: 2.469e-01, Loss_res: 1.316e-02,  Loss_bcs: 2.300e-01, Loss_ut_ics: 3.777e-03,, Time: 117.92
It: 1200, Loss: 2.020e-01, Loss_res: 8.052e-03,  Loss_bcs: 1.895e-01, Loss_ut_ics: 4.446e-03,, Time: 207.94
It: 1300, Loss: 1.768e-01, Loss_res: 3.061e-03,  Loss_bcs: 1.705e-01, Loss_ut_ics: 3.300e-03,, Time: 296.81
It: 1400, Loss: 2.153e-01, Loss_res: 1.066e-02,  Loss_bcs: 2.019e-01, Loss_ut_ics: 2.750e-03,, Time: 384.47
It: 1500, Loss: 1.592e-01, Loss_res: 4.258e-03,  Loss_bcs: 1.532e-01, Loss_ut_ics: 1.775e-03,, Time: 471.81
It: 1600, Loss: 2.030e-01, Loss_res: 5.755e-03,  Loss_bcs: 1.930e-01, Loss_ut_ics: 4.216e-03,, Time: 559.03
It: 1700, Loss: 1.906e-01, Loss_res: 1.005e-02,  Loss_bcs: 1.775e-01, Loss_ut_ics: 3.052e-03,, Time: 647.11
It: 1800, Loss: 1.942e-01, Loss_res: 8.026e-03,  Loss_bcs: 1.820e-01, Loss_ut_ics: 4.205e-03,, Time: 746.03
It: 1900, Loss: 1.697e-01, Loss_res: 6.738e-03,  Loss_bcs: 1.598e-01, Loss_ut_ics: 3.167e-03,, Time: 850.30
It: 2000, Loss: 1.871e-01, Loss_res: 2.787e-02,  Loss_bcs: 1.550e-01, Loss_ut_ics: 4.153e-03,, Time: 964.42
mean_grad_res: 1.536e-01
mean_grad_ics: 1.906e-02
mean_grad_bcs: 6.689e-03
It: 2100, Loss: 2.033e-01, Loss_res: 2.083e-02,  Loss_bcs: 1.791e-01, Loss_ut_ics: 3.320e-03,, Time: 116.28
It: 2200, Loss: 1.691e-01, Loss_res: 9.398e-03,  Loss_bcs: 1.552e-01, Loss_ut_ics: 4.519e-03,, Time: 225.24
It: 2300, Loss: 5.691e-01, Loss_res: 3.811e-01,  Loss_bcs: 1.816e-01, Loss_ut_ics: 6.377e-03,, Time: 328.29
It: 2400, Loss: 1.958e-01, Loss_res: 1.102e-02,  Loss_bcs: 1.814e-01, Loss_ut_ics: 3.319e-03,, Time: 434.21
It: 2500, Loss: 1.733e-01, Loss_res: 3.623e-03,  Loss_bcs: 1.670e-01, Loss_ut_ics: 2.701e-03,, Time: 540.77
It: 2600, Loss: 1.922e-01, Loss_res: 3.349e-03,  Loss_bcs: 1.855e-01, Loss_ut_ics: 3.351e-03,, Time: 646.97
It: 2700, Loss: 2.016e-01, Loss_res: 3.983e-02,  Loss_bcs: 1.597e-01, Loss_ut_ics: 2.002e-03,, Time: 753.19
It: 2800, Loss: 1.772e-01, Loss_res: 4.103e-03,  Loss_bcs: 1.714e-01, Loss_ut_ics: 1.757e-03,, Time: 856.84
It: 2900, Loss: 1.747e-01, Loss_res: 4.169e-03,  Loss_bcs: 1.686e-01, Loss_ut_ics: 1.903e-03,, Time: 959.20
It: 3000, Loss: 3.786e-01, Loss_res: 1.927e-01,  Loss_bcs: 1.766e-01, Loss_ut_ics: 9.375e-03,, Time: 1064.45
mean_grad_res: 4.095e-01
mean_grad_ics: 4.723e-02
mean_grad_bcs: 3.381e-02
It: 3100, Loss: 1.379e-01, Loss_res: 3.393e-03,  Loss_bcs: 1.321e-01, Loss_ut_ics: 2.456e-03,, Time: 104.35
It: 3200, Loss: 1.556e-01, Loss_res: 3.657e-03,  Loss_bcs: 1.497e-01, Loss_ut_ics: 2.189e-03,, Time: 210.61
It: 3300, Loss: 1.792e-01, Loss_res: 3.926e-03,  Loss_bcs: 1.738e-01, Loss_ut_ics: 1.491e-03,, Time: 316.25
It: 3400, Loss: 2.232e-01, Loss_res: 5.992e-02,  Loss_bcs: 1.595e-01, Loss_ut_ics: 3.790e-03,, Time: 422.92
It: 3500, Loss: 1.700e-01, Loss_res: 1.122e-02,  Loss_bcs: 1.574e-01, Loss_ut_ics: 1.390e-03,, Time: 529.85
It: 3600, Loss: 1.635e-01, Loss_res: 4.073e-03,  Loss_bcs: 1.577e-01, Loss_ut_ics: 1.701e-03,, Time: 636.52
It: 3700, Loss: 2.459e-01, Loss_res: 8.294e-02,  Loss_bcs: 1.544e-01, Loss_ut_ics: 8.566e-03,, Time: 743.15
It: 3800, Loss: 1.394e-01, Loss_res: 6.301e-03,  Loss_bcs: 1.316e-01, Loss_ut_ics: 1.435e-03,, Time: 849.55
It: 3900, Loss: 1.827e-01, Loss_res: 5.209e-02,  Loss_bcs: 1.275e-01, Loss_ut_ics: 3.163e-03,, Time: 956.73
It: 4000, Loss: 2.462e-01, Loss_res: 9.759e-02,  Loss_bcs: 1.453e-01, Loss_ut_ics: 3.366e-03,, Time: 1063.10
mean_grad_res: 2.863e-01
mean_grad_ics: 2.277e-02
mean_grad_bcs: 1.222e-02
It: 4100, Loss: 1.498e-01, Loss_res: 6.375e-03,  Loss_bcs: 1.420e-01, Loss_ut_ics: 1.434e-03,, Time: 105.97
It: 4200, Loss: 1.855e-01, Loss_res: 5.426e-02,  Loss_bcs: 1.259e-01, Loss_ut_ics: 5.309e-03,, Time: 212.06
It: 4300, Loss: 1.468e-01, Loss_res: 7.639e-03,  Loss_bcs: 1.380e-01, Loss_ut_ics: 1.114e-03,, Time: 318.22
It: 4400, Loss: 1.499e-01, Loss_res: 5.177e-03,  Loss_bcs: 1.425e-01, Loss_ut_ics: 2.229e-03,, Time: 423.57
It: 4500, Loss: 1.627e-01, Loss_res: 1.777e-02,  Loss_bcs: 1.437e-01, Loss_ut_ics: 1.251e-03,, Time: 529.91
It: 4600, Loss: 1.492e-01, Loss_res: 2.222e-03,  Loss_bcs: 1.447e-01, Loss_ut_ics: 2.361e-03,, Time: 636.65
It: 4700, Loss: 1.616e-01, Loss_res: 9.698e-03,  Loss_bcs: 1.487e-01, Loss_ut_ics: 3.190e-03,, Time: 742.50
It: 4800, Loss: 1.493e-01, Loss_res: 6.578e-03,  Loss_bcs: 1.401e-01, Loss_ut_ics: 2.602e-03,, Time: 849.45
It: 4900, Loss: 1.756e-01, Loss_res: 3.057e-02,  Loss_bcs: 1.427e-01, Loss_ut_ics: 2.287e-03,, Time: 955.71
It: 5000, Loss: 2.247e-01, Loss_res: 8.847e-02,  Loss_bcs: 1.335e-01, Loss_ut_ics: 2.764e-03,, Time: 1061.81
mean_grad_res: 2.547e-01
mean_grad_ics: 2.155e-02
mean_grad_bcs: 7.214e-03
It: 5100, Loss: 1.300e-01, Loss_res: 4.567e-03,  Loss_bcs: 1.235e-01, Loss_ut_ics: 1.875e-03,, Time: 105.23
It: 5200, Loss: 1.641e-01, Loss_res: 2.205e-02,  Loss_bcs: 1.387e-01, Loss_ut_ics: 3.269e-03,, Time: 211.85
It: 5300, Loss: 1.584e-01, Loss_res: 2.618e-02,  Loss_bcs: 1.303e-01, Loss_ut_ics: 1.993e-03,, Time: 317.80
It: 5400, Loss: 1.368e-01, Loss_res: 2.801e-03,  Loss_bcs: 1.315e-01, Loss_ut_ics: 2.536e-03,, Time: 425.34
It: 5500, Loss: 1.700e-01, Loss_res: 9.663e-03,  Loss_bcs: 1.574e-01, Loss_ut_ics: 2.907e-03,, Time: 531.55
It: 5600, Loss: 1.585e-01, Loss_res: 1.895e-02,  Loss_bcs: 1.378e-01, Loss_ut_ics: 1.732e-03,, Time: 640.68
It: 5700, Loss: 1.983e-01, Loss_res: 3.918e-02,  Loss_bcs: 1.547e-01, Loss_ut_ics: 4.479e-03,, Time: 750.65
It: 5800, Loss: 1.768e-01, Loss_res: 2.538e-02,  Loss_bcs: 1.480e-01, Loss_ut_ics: 3.468e-03,, Time: 859.83
It: 5900, Loss: 1.859e-01, Loss_res: 4.273e-02,  Loss_bcs: 1.399e-01, Loss_ut_ics: 3.313e-03,, Time: 969.00
It: 6000, Loss: 1.422e-01, Loss_res: 4.122e-03,  Loss_bcs: 1.358e-01, Loss_ut_ics: 2.283e-03,, Time: 1077.79
mean_grad_res: 4.613e-02
mean_grad_ics: 1.408e-02
mean_grad_bcs: 9.729e-03
It: 6100, Loss: 1.551e-01, Loss_res: 2.484e-02,  Loss_bcs: 1.284e-01, Loss_ut_ics: 1.838e-03,, Time: 108.33
It: 6200, Loss: 1.396e-01, Loss_res: 8.879e-03,  Loss_bcs: 1.259e-01, Loss_ut_ics: 4.806e-03,, Time: 217.63
It: 6300, Loss: 1.361e-01, Loss_res: 3.339e-03,  Loss_bcs: 1.287e-01, Loss_ut_ics: 4.079e-03,, Time: 327.41
It: 6400, Loss: 1.476e-01, Loss_res: 2.173e-02,  Loss_bcs: 1.185e-01, Loss_ut_ics: 7.413e-03,, Time: 436.46
It: 6500, Loss: 1.656e-01, Loss_res: 6.211e-03,  Loss_bcs: 1.530e-01, Loss_ut_ics: 6.436e-03,, Time: 547.24
It: 6600, Loss: 1.374e-01, Loss_res: 1.001e-02,  Loss_bcs: 1.251e-01, Loss_ut_ics: 2.365e-03,, Time: 658.12
It: 6700, Loss: 1.340e-01, Loss_res: 3.148e-03,  Loss_bcs: 1.257e-01, Loss_ut_ics: 5.081e-03,, Time: 771.50
It: 6800, Loss: 1.480e-01, Loss_res: 3.828e-03,  Loss_bcs: 1.415e-01, Loss_ut_ics: 2.698e-03,, Time: 881.51
It: 6900, Loss: 1.664e-01, Loss_res: 2.682e-02,  Loss_bcs: 1.364e-01, Loss_ut_ics: 3.116e-03,, Time: 992.69
It: 7000, Loss: 1.784e-01, Loss_res: 3.899e-02,  Loss_bcs: 1.342e-01, Loss_ut_ics: 5.146e-03,, Time: 1103.38
mean_grad_res: 1.235e-01
mean_grad_ics: 2.984e-02
mean_grad_bcs: 3.602e-03
It: 7100, Loss: 1.506e-01, Loss_res: 4.261e-03,  Loss_bcs: 1.432e-01, Loss_ut_ics: 3.111e-03,, Time: 109.83
It: 7200, Loss: 1.558e-01, Loss_res: 3.975e-03,  Loss_bcs: 1.485e-01, Loss_ut_ics: 3.324e-03,, Time: 219.58
It: 7300, Loss: 1.572e-01, Loss_res: 1.655e-02,  Loss_bcs: 1.379e-01, Loss_ut_ics: 2.751e-03,, Time: 329.30
It: 7400, Loss: 1.626e-01, Loss_res: 2.917e-02,  Loss_bcs: 1.315e-01, Loss_ut_ics: 1.893e-03,, Time: 437.98
It: 7500, Loss: 1.545e-01, Loss_res: 1.087e-02,  Loss_bcs: 1.406e-01, Loss_ut_ics: 3.027e-03,, Time: 547.39
It: 7600, Loss: 1.597e-01, Loss_res: 1.112e-02,  Loss_bcs: 1.415e-01, Loss_ut_ics: 7.117e-03,, Time: 657.39
It: 7700, Loss: 1.532e-01, Loss_res: 5.072e-03,  Loss_bcs: 1.443e-01, Loss_ut_ics: 3.845e-03,, Time: 767.29
It: 7800, Loss: 1.560e-01, Loss_res: 1.899e-02,  Loss_bcs: 1.342e-01, Loss_ut_ics: 2.778e-03,, Time: 875.63
It: 7900, Loss: 1.392e-01, Loss_res: 8.436e-03,  Loss_bcs: 1.282e-01, Loss_ut_ics: 2.500e-03,, Time: 985.53
It: 8000, Loss: 1.594e-01, Loss_res: 9.350e-03,  Loss_bcs: 1.478e-01, Loss_ut_ics: 2.336e-03,, Time: 1096.57
mean_grad_res: 6.130e-02
mean_grad_ics: 8.042e-03
mean_grad_bcs: 5.941e-03
It: 8100, Loss: 1.557e-01, Loss_res: 2.187e-02,  Loss_bcs: 1.314e-01, Loss_ut_ics: 2.470e-03,, Time: 110.07
It: 8200, Loss: 1.231e-01, Loss_res: 5.816e-03,  Loss_bcs: 1.140e-01, Loss_ut_ics: 3.345e-03,, Time: 220.08
It: 8300, Loss: 1.595e-01, Loss_res: 7.849e-03,  Loss_bcs: 1.481e-01, Loss_ut_ics: 3.581e-03,, Time: 330.31
It: 8400, Loss: 1.253e-01, Loss_res: 1.952e-03,  Loss_bcs: 1.207e-01, Loss_ut_ics: 2.584e-03,, Time: 440.57
It: 8500, Loss: 1.529e-01, Loss_res: 2.555e-03,  Loss_bcs: 1.485e-01, Loss_ut_ics: 1.882e-03,, Time: 550.15
It: 8600, Loss: 1.516e-01, Loss_res: 1.273e-02,  Loss_bcs: 1.355e-01, Loss_ut_ics: 3.325e-03,, Time: 667.72
It: 8700, Loss: 1.374e-01, Loss_res: 4.698e-03,  Loss_bcs: 1.298e-01, Loss_ut_ics: 2.868e-03,, Time: 784.46
It: 8800, Loss: 1.466e-01, Loss_res: 3.855e-03,  Loss_bcs: 1.381e-01, Loss_ut_ics: 4.691e-03,, Time: 900.77
It: 8900, Loss: 1.572e-01, Loss_res: 6.395e-03,  Loss_bcs: 1.484e-01, Loss_ut_ics: 2.367e-03,, Time: 1017.13
It: 9000, Loss: 1.557e-01, Loss_res: 1.096e-02,  Loss_bcs: 1.424e-01, Loss_ut_ics: 2.321e-03,, Time: 1133.45
mean_grad_res: 9.050e-02
mean_grad_ics: 1.196e-02
mean_grad_bcs: 1.030e-02
It: 9100, Loss: 1.464e-01, Loss_res: 2.513e-03,  Loss_bcs: 1.421e-01, Loss_ut_ics: 1.752e-03,, Time: 117.86
It: 9200, Loss: 1.443e-01, Loss_res: 1.814e-02,  Loss_bcs: 1.236e-01, Loss_ut_ics: 2.575e-03,, Time: 241.75
It: 9300, Loss: 1.519e-01, Loss_res: 1.696e-02,  Loss_bcs: 1.319e-01, Loss_ut_ics: 2.986e-03,, Time: 363.53
It: 9400, Loss: 1.354e-01, Loss_res: 7.478e-03,  Loss_bcs: 1.250e-01, Loss_ut_ics: 2.910e-03,, Time: 486.77
It: 9500, Loss: 1.505e-01, Loss_res: 1.864e-02,  Loss_bcs: 1.282e-01, Loss_ut_ics: 3.621e-03,, Time: 610.47
It: 9600, Loss: 1.881e-01, Loss_res: 5.351e-02,  Loss_bcs: 1.323e-01, Loss_ut_ics: 2.294e-03,, Time: 736.59
It: 9700, Loss: 1.355e-01, Loss_res: 1.496e-02,  Loss_bcs: 1.187e-01, Loss_ut_ics: 1.842e-03,, Time: 867.06
It: 9800, Loss: 1.439e-01, Loss_res: 3.077e-03,  Loss_bcs: 1.293e-01, Loss_ut_ics: 1.150e-02,, Time: 998.36
It: 9900, Loss: 1.282e-01, Loss_res: 4.702e-03,  Loss_bcs: 1.211e-01, Loss_ut_ics: 2.445e-03,, Time: 1129.15
It: 10000, Loss: 1.337e-01, Loss_res: 6.353e-03,  Loss_bcs: 1.254e-01, Loss_ut_ics: 1.908e-03,, Time: 1260.43
mean_grad_res: 6.053e-02
mean_grad_ics: 6.911e-03
mean_grad_bcs: 8.085e-03
It: 10100, Loss: 1.327e-01, Loss_res: 9.043e-03,  Loss_bcs: 1.213e-01, Loss_ut_ics: 2.334e-03,, Time: 129.83
It: 10200, Loss: 1.263e-01, Loss_res: 6.655e-03,  Loss_bcs: 1.172e-01, Loss_ut_ics: 2.466e-03,, Time: 256.06
It: 10300, Loss: 1.393e-01, Loss_res: 5.198e-03,  Loss_bcs: 1.311e-01, Loss_ut_ics: 2.961e-03,, Time: 379.88
It: 10400, Loss: 1.378e-01, Loss_res: 1.420e-02,  Loss_bcs: 1.216e-01, Loss_ut_ics: 2.010e-03,, Time: 504.28
It: 10500, Loss: 1.401e-01, Loss_res: 3.033e-03,  Loss_bcs: 1.347e-01, Loss_ut_ics: 2.438e-03,, Time: 629.10
It: 10600, Loss: 1.205e-01, Loss_res: 5.373e-03,  Loss_bcs: 1.090e-01, Loss_ut_ics: 6.141e-03,, Time: 753.92
It: 10700, Loss: 1.303e-01, Loss_res: 5.400e-03,  Loss_bcs: 1.230e-01, Loss_ut_ics: 1.941e-03,, Time: 879.20
It: 10800, Loss: 1.490e-01, Loss_res: 7.785e-03,  Loss_bcs: 1.364e-01, Loss_ut_ics: 4.871e-03,, Time: 999.98
It: 10900, Loss: 1.308e-01, Loss_res: 5.491e-03,  Loss_bcs: 1.239e-01, Loss_ut_ics: 1.414e-03,, Time: 1118.29
It: 11000, Loss: 1.288e-01, Loss_res: 3.401e-03,  Loss_bcs: 1.229e-01, Loss_ut_ics: 2.565e-03,, Time: 1235.32
mean_grad_res: 3.067e-02
mean_grad_ics: 2.006e-02
mean_grad_bcs: 6.300e-03
It: 11100, Loss: 1.290e-01, Loss_res: 3.362e-03,  Loss_bcs: 1.241e-01, Loss_ut_ics: 1.584e-03,, Time: 116.70
It: 11200, Loss: 1.468e-01, Loss_res: 1.661e-02,  Loss_bcs: 1.286e-01, Loss_ut_ics: 1.532e-03,, Time: 234.66
It: 11300, Loss: 1.352e-01, Loss_res: 1.052e-02,  Loss_bcs: 1.234e-01, Loss_ut_ics: 1.183e-03,, Time: 349.58
It: 11400, Loss: 1.418e-01, Loss_res: 1.409e-02,  Loss_bcs: 1.257e-01, Loss_ut_ics: 2.008e-03,, Time: 459.65
It: 11500, Loss: 1.213e-01, Loss_res: 1.432e-02,  Loss_bcs: 1.044e-01, Loss_ut_ics: 2.588e-03,, Time: 570.63
It: 11600, Loss: 1.248e-01, Loss_res: 5.848e-03,  Loss_bcs: 1.168e-01, Loss_ut_ics: 2.228e-03,, Time: 682.06
It: 11700, Loss: 1.464e-01, Loss_res: 2.196e-02,  Loss_bcs: 1.209e-01, Loss_ut_ics: 3.476e-03,, Time: 794.33
It: 11800, Loss: 1.260e-01, Loss_res: 4.004e-03,  Loss_bcs: 1.188e-01, Loss_ut_ics: 3.255e-03,, Time: 906.34
It: 11900, Loss: 1.247e-01, Loss_res: 3.924e-03,  Loss_bcs: 1.197e-01, Loss_ut_ics: 1.097e-03,, Time: 1018.19
It: 12000, Loss: 1.254e-01, Loss_res: 2.033e-02,  Loss_bcs: 1.033e-01, Loss_ut_ics: 1.697e-03,, Time: 1129.61
mean_grad_res: 1.261e-01
mean_grad_ics: 1.547e-02
mean_grad_bcs: 7.735e-03
It: 12100, Loss: 1.118e-01, Loss_res: 4.659e-03,  Loss_bcs: 1.043e-01, Loss_ut_ics: 2.809e-03,, Time: 110.34
It: 12200, Loss: 1.168e-01, Loss_res: 1.161e-02,  Loss_bcs: 1.033e-01, Loss_ut_ics: 1.895e-03,, Time: 221.72
It: 12300, Loss: 1.115e-01, Loss_res: 7.025e-03,  Loss_bcs: 1.032e-01, Loss_ut_ics: 1.207e-03,, Time: 332.69
It: 12400, Loss: 1.266e-01, Loss_res: 2.062e-02,  Loss_bcs: 1.039e-01, Loss_ut_ics: 2.066e-03,, Time: 443.84
It: 12500, Loss: 1.351e-01, Loss_res: 5.596e-03,  Loss_bcs: 1.284e-01, Loss_ut_ics: 1.062e-03,, Time: 555.42
It: 12600, Loss: 1.140e-01, Loss_res: 4.641e-03,  Loss_bcs: 1.084e-01, Loss_ut_ics: 1.016e-03,, Time: 666.85
It: 12700, Loss: 1.160e-01, Loss_res: 3.971e-03,  Loss_bcs: 1.111e-01, Loss_ut_ics: 9.811e-04,, Time: 778.47
It: 12800, Loss: 1.239e-01, Loss_res: 2.041e-03,  Loss_bcs: 1.204e-01, Loss_ut_ics: 1.425e-03,, Time: 887.84
It: 12900, Loss: 1.153e-01, Loss_res: 1.344e-02,  Loss_bcs: 1.008e-01, Loss_ut_ics: 1.042e-03,, Time: 995.77
It: 13000, Loss: 1.259e-01, Loss_res: 2.733e-03,  Loss_bcs: 1.200e-01, Loss_ut_ics: 3.249e-03,, Time: 1101.66
mean_grad_res: 3.491e-02
mean_grad_ics: 2.712e-02
mean_grad_bcs: 3.691e-03
It: 13100, Loss: 1.311e-01, Loss_res: 6.685e-03,  Loss_bcs: 1.228e-01, Loss_ut_ics: 1.578e-03,, Time: 106.20
It: 13200, Loss: 1.339e-01, Loss_res: 1.573e-02,  Loss_bcs: 1.167e-01, Loss_ut_ics: 1.519e-03,, Time: 215.68
It: 13300, Loss: 9.760e-02, Loss_res: 2.328e-03,  Loss_bcs: 9.416e-02, Loss_ut_ics: 1.113e-03,, Time: 327.52
It: 13400, Loss: 1.179e-01, Loss_res: 1.743e-02,  Loss_bcs: 9.716e-02, Loss_ut_ics: 3.305e-03,, Time: 451.72
It: 13500, Loss: 1.190e-01, Loss_res: 3.603e-03,  Loss_bcs: 1.142e-01, Loss_ut_ics: 1.275e-03,, Time: 594.36
It: 13600, Loss: 1.166e-01, Loss_res: 1.257e-02,  Loss_bcs: 1.023e-01, Loss_ut_ics: 1.662e-03,, Time: 729.74
It: 13700, Loss: 1.148e-01, Loss_res: 3.634e-03,  Loss_bcs: 1.094e-01, Loss_ut_ics: 1.771e-03,, Time: 865.88
It: 13800, Loss: 1.065e-01, Loss_res: 4.344e-03,  Loss_bcs: 1.009e-01, Loss_ut_ics: 1.303e-03,, Time: 1003.22
It: 13900, Loss: 1.073e-01, Loss_res: 4.529e-03,  Loss_bcs: 1.020e-01, Loss_ut_ics: 8.065e-04,, Time: 1142.01
It: 14000, Loss: 1.044e-01, Loss_res: 1.664e-03,  Loss_bcs: 1.006e-01, Loss_ut_ics: 2.108e-03,, Time: 1280.24
mean_grad_res: 2.352e-02
mean_grad_ics: 1.707e-02
mean_grad_bcs: 7.256e-03
It: 14100, Loss: 1.209e-01, Loss_res: 2.408e-03,  Loss_bcs: 1.174e-01, Loss_ut_ics: 1.019e-03,, Time: 135.42
It: 14200, Loss: 1.126e-01, Loss_res: 7.132e-03,  Loss_bcs: 1.046e-01, Loss_ut_ics: 9.550e-04,, Time: 272.05
It: 14300, Loss: 1.120e-01, Loss_res: 6.670e-03,  Loss_bcs: 1.044e-01, Loss_ut_ics: 8.656e-04,, Time: 409.78
It: 14400, Loss: 1.182e-01, Loss_res: 3.491e-03,  Loss_bcs: 1.135e-01, Loss_ut_ics: 1.223e-03,, Time: 546.35
It: 14500, Loss: 9.945e-02, Loss_res: 3.236e-03,  Loss_bcs: 9.441e-02, Loss_ut_ics: 1.796e-03,, Time: 683.95
It: 14600, Loss: 1.287e-01, Loss_res: 1.561e-02,  Loss_bcs: 1.119e-01, Loss_ut_ics: 1.277e-03,, Time: 822.25
It: 14700, Loss: 1.129e-01, Loss_res: 3.276e-03,  Loss_bcs: 1.082e-01, Loss_ut_ics: 1.371e-03,, Time: 960.39
It: 14800, Loss: 1.142e-01, Loss_res: 3.179e-03,  Loss_bcs: 1.102e-01, Loss_ut_ics: 8.566e-04,, Time: 1098.78
It: 14900, Loss: 9.916e-02, Loss_res: 3.569e-03,  Loss_bcs: 9.435e-02, Loss_ut_ics: 1.240e-03,, Time: 1236.83
It: 15000, Loss: 1.900e-01, Loss_res: 8.485e-02,  Loss_bcs: 1.017e-01, Loss_ut_ics: 3.427e-03,, Time: 1373.71
mean_grad_res: 2.838e-01
mean_grad_ics: 2.678e-02
mean_grad_bcs: 5.387e-03
It: 15100, Loss: 1.033e-01, Loss_res: 2.786e-03,  Loss_bcs: 9.922e-02, Loss_ut_ics: 1.271e-03,, Time: 134.54
It: 15200, Loss: 1.031e-01, Loss_res: 6.326e-03,  Loss_bcs: 9.569e-02, Loss_ut_ics: 1.106e-03,, Time: 272.22
It: 15300, Loss: 1.086e-01, Loss_res: 3.599e-03,  Loss_bcs: 1.035e-01, Loss_ut_ics: 1.444e-03,, Time: 411.57
It: 15400, Loss: 1.018e-01, Loss_res: 2.315e-03,  Loss_bcs: 9.759e-02, Loss_ut_ics: 1.942e-03,, Time: 549.42
It: 15500, Loss: 1.192e-01, Loss_res: 9.872e-03,  Loss_bcs: 1.082e-01, Loss_ut_ics: 1.146e-03,, Time: 687.55
It: 15600, Loss: 8.197e-02, Loss_res: 1.959e-03,  Loss_bcs: 7.843e-02, Loss_ut_ics: 1.576e-03,, Time: 834.71
It: 15700, Loss: 1.062e-01, Loss_res: 5.854e-03,  Loss_bcs: 9.689e-02, Loss_ut_ics: 3.474e-03,, Time: 976.19
It: 15800, Loss: 1.034e-01, Loss_res: 3.158e-03,  Loss_bcs: 9.899e-02, Loss_ut_ics: 1.246e-03,, Time: 1131.65
It: 15900, Loss: 1.099e-01, Loss_res: 5.466e-03,  Loss_bcs: 1.028e-01, Loss_ut_ics: 1.608e-03,, Time: 1262.48
It: 16000, Loss: 9.430e-02, Loss_res: 2.444e-03,  Loss_bcs: 8.998e-02, Loss_ut_ics: 1.878e-03,, Time: 1393.32
mean_grad_res: 4.262e-02
mean_grad_ics: 1.135e-02
mean_grad_bcs: 2.042e-02
It: 16100, Loss: 1.075e-01, Loss_res: 1.420e-03,  Loss_bcs: 1.045e-01, Loss_ut_ics: 1.600e-03,, Time: 130.58
It: 16200, Loss: 1.074e-01, Loss_res: 4.466e-03,  Loss_bcs: 1.001e-01, Loss_ut_ics: 2.782e-03,, Time: 261.42
It: 16300, Loss: 1.150e-01, Loss_res: 1.178e-02,  Loss_bcs: 1.018e-01, Loss_ut_ics: 1.382e-03,, Time: 392.26
It: 16400, Loss: 1.029e-01, Loss_res: 2.579e-03,  Loss_bcs: 9.910e-02, Loss_ut_ics: 1.232e-03,, Time: 522.94
It: 16500, Loss: 1.008e-01, Loss_res: 5.264e-03,  Loss_bcs: 9.339e-02, Loss_ut_ics: 2.106e-03,, Time: 652.97
It: 16600, Loss: 1.087e-01, Loss_res: 2.735e-03,  Loss_bcs: 1.045e-01, Loss_ut_ics: 1.514e-03,, Time: 783.44
It: 16700, Loss: 1.050e-01, Loss_res: 2.333e-03,  Loss_bcs: 1.008e-01, Loss_ut_ics: 1.876e-03,, Time: 913.63
It: 16800, Loss: 1.120e-01, Loss_res: 2.504e-03,  Loss_bcs: 1.081e-01, Loss_ut_ics: 1.377e-03,, Time: 1043.71
It: 16900, Loss: 1.014e-01, Loss_res: 1.673e-03,  Loss_bcs: 9.819e-02, Loss_ut_ics: 1.562e-03,, Time: 1173.85
It: 17000, Loss: 1.074e-01, Loss_res: 2.604e-03,  Loss_bcs: 1.029e-01, Loss_ut_ics: 1.921e-03,, Time: 1305.05
mean_grad_res: 2.864e-02
mean_grad_ics: 1.765e-02
mean_grad_bcs: 8.691e-03
It: 17100, Loss: 1.056e-01, Loss_res: 3.356e-03,  Loss_bcs: 9.840e-02, Loss_ut_ics: 3.836e-03,, Time: 130.64
It: 17200, Loss: 7.143e-02, Loss_res: 1.734e-03,  Loss_bcs: 6.724e-02, Loss_ut_ics: 2.453e-03,, Time: 261.35
It: 17300, Loss: 1.027e-01, Loss_res: 5.132e-03,  Loss_bcs: 9.478e-02, Loss_ut_ics: 2.744e-03,, Time: 391.94
It: 17400, Loss: 1.028e-01, Loss_res: 4.670e-03,  Loss_bcs: 9.646e-02, Loss_ut_ics: 1.704e-03,, Time: 522.50
It: 17500, Loss: 1.043e-01, Loss_res: 2.201e-03,  Loss_bcs: 9.932e-02, Loss_ut_ics: 2.745e-03,, Time: 652.24
It: 17600, Loss: 1.003e-01, Loss_res: 7.727e-03,  Loss_bcs: 9.154e-02, Loss_ut_ics: 9.888e-04,, Time: 780.74
It: 17700, Loss: 1.170e-01, Loss_res: 1.315e-02,  Loss_bcs: 1.026e-01, Loss_ut_ics: 1.288e-03,, Time: 909.67
It: 17800, Loss: 1.266e-01, Loss_res: 3.062e-02,  Loss_bcs: 9.382e-02, Loss_ut_ics: 2.111e-03,, Time: 1038.75
It: 17900, Loss: 9.284e-02, Loss_res: 7.872e-03,  Loss_bcs: 8.386e-02, Loss_ut_ics: 1.111e-03,, Time: 1167.35
It: 18000, Loss: 1.020e-01, Loss_res: 1.158e-03,  Loss_bcs: 9.957e-02, Loss_ut_ics: 1.303e-03,, Time: 1297.94
mean_grad_res: 1.281e-02
mean_grad_ics: 6.752e-03
mean_grad_bcs: 1.261e-02
It: 18100, Loss: 1.137e-01, Loss_res: 3.839e-03,  Loss_bcs: 1.087e-01, Loss_ut_ics: 1.153e-03,, Time: 129.24
It: 18200, Loss: 1.025e-01, Loss_res: 8.421e-03,  Loss_bcs: 8.968e-02, Loss_ut_ics: 4.422e-03,, Time: 258.26
It: 18300, Loss: 1.197e-01, Loss_res: 2.877e-02,  Loss_bcs: 8.957e-02, Loss_ut_ics: 1.336e-03,, Time: 385.70
It: 18400, Loss: 1.015e-01, Loss_res: 2.037e-03,  Loss_bcs: 9.720e-02, Loss_ut_ics: 2.266e-03,, Time: 511.56
It: 18500, Loss: 1.020e-01, Loss_res: 3.797e-03,  Loss_bcs: 9.678e-02, Loss_ut_ics: 1.473e-03,, Time: 643.93
It: 18600, Loss: 9.920e-02, Loss_res: 3.403e-03,  Loss_bcs: 9.463e-02, Loss_ut_ics: 1.170e-03,, Time: 780.11
It: 18700, Loss: 9.951e-02, Loss_res: 5.577e-03,  Loss_bcs: 9.276e-02, Loss_ut_ics: 1.180e-03,, Time: 929.65
It: 18800, Loss: 1.000e-01, Loss_res: 6.165e-03,  Loss_bcs: 9.286e-02, Loss_ut_ics: 9.799e-04,, Time: 1078.08
It: 18900, Loss: 1.280e-01, Loss_res: 3.014e-02,  Loss_bcs: 9.671e-02, Loss_ut_ics: 1.133e-03,, Time: 1227.50
It: 19000, Loss: 1.055e-01, Loss_res: 2.824e-03,  Loss_bcs: 1.008e-01, Loss_ut_ics: 1.834e-03,, Time: 1377.32
mean_grad_res: 3.211e-02
mean_grad_ics: 1.639e-02
mean_grad_bcs: 1.582e-02
It: 19100, Loss: 1.004e-01, Loss_res: 5.742e-03,  Loss_bcs: 9.337e-02, Loss_ut_ics: 1.277e-03,, Time: 148.48
It: 19200, Loss: 9.856e-02, Loss_res: 1.515e-03,  Loss_bcs: 9.580e-02, Loss_ut_ics: 1.251e-03,, Time: 294.67
It: 19300, Loss: 9.523e-02, Loss_res: 1.895e-03,  Loss_bcs: 9.233e-02, Loss_ut_ics: 1.005e-03,, Time: 440.55
It: 19400, Loss: 8.617e-02, Loss_res: 4.494e-03,  Loss_bcs: 8.086e-02, Loss_ut_ics: 8.133e-04,, Time: 587.70
It: 19500, Loss: 1.111e-01, Loss_res: 5.387e-03,  Loss_bcs: 1.039e-01, Loss_ut_ics: 1.813e-03,, Time: 740.48
It: 19600, Loss: 8.872e-02, Loss_res: 1.705e-03,  Loss_bcs: 8.580e-02, Loss_ut_ics: 1.215e-03,, Time: 894.26
It: 19700, Loss: 9.068e-02, Loss_res: 1.684e-03,  Loss_bcs: 8.787e-02, Loss_ut_ics: 1.121e-03,, Time: 1049.23
It: 19800, Loss: 1.007e-01, Loss_res: 2.868e-03,  Loss_bcs: 9.611e-02, Loss_ut_ics: 1.765e-03,, Time: 1203.08
It: 19900, Loss: 9.477e-02, Loss_res: 4.382e-03,  Loss_bcs: 8.929e-02, Loss_ut_ics: 1.091e-03,, Time: 1356.70
It: 20000, Loss: 8.597e-02, Loss_res: 3.772e-03,  Loss_bcs: 8.055e-02, Loss_ut_ics: 1.647e-03,, Time: 1509.84
mean_grad_res: 4.918e-02
mean_grad_ics: 1.277e-02
mean_grad_bcs: 4.043e-03
It: 20100, Loss: 1.013e-01, Loss_res: 2.125e-03,  Loss_bcs: 9.810e-02, Loss_ut_ics: 1.063e-03,, Time: 152.42
It: 20200, Loss: 9.392e-02, Loss_res: 1.112e-02,  Loss_bcs: 8.175e-02, Loss_ut_ics: 1.057e-03,, Time: 306.58
It: 20300, Loss: 8.893e-02, Loss_res: 5.987e-03,  Loss_bcs: 8.109e-02, Loss_ut_ics: 1.854e-03,, Time: 460.67
It: 20400, Loss: 8.809e-02, Loss_res: 9.418e-04,  Loss_bcs: 8.575e-02, Loss_ut_ics: 1.395e-03,, Time: 613.98
It: 20500, Loss: 9.470e-02, Loss_res: 1.701e-03,  Loss_bcs: 9.172e-02, Loss_ut_ics: 1.272e-03,, Time: 766.33
It: 20600, Loss: 9.691e-02, Loss_res: 6.410e-03,  Loss_bcs: 8.922e-02, Loss_ut_ics: 1.279e-03,, Time: 919.96
It: 20700, Loss: 9.832e-02, Loss_res: 1.043e-02,  Loss_bcs: 8.641e-02, Loss_ut_ics: 1.471e-03,, Time: 1073.59
It: 20800, Loss: 8.672e-02, Loss_res: 2.015e-03,  Loss_bcs: 8.277e-02, Loss_ut_ics: 1.936e-03,, Time: 1227.77
It: 20900, Loss: 9.151e-02, Loss_res: 4.440e-03,  Loss_bcs: 8.599e-02, Loss_ut_ics: 1.084e-03,, Time: 1381.75
It: 21000, Loss: 9.548e-02, Loss_res: 3.673e-03,  Loss_bcs: 9.008e-02, Loss_ut_ics: 1.733e-03,, Time: 1539.03
mean_grad_res: 3.338e-02
mean_grad_ics: 1.391e-02
mean_grad_bcs: 1.382e-02
It: 21100, Loss: 8.593e-02, Loss_res: 2.329e-03,  Loss_bcs: 8.253e-02, Loss_ut_ics: 1.078e-03,, Time: 156.19
It: 21200, Loss: 9.431e-02, Loss_res: 2.361e-03,  Loss_bcs: 9.108e-02, Loss_ut_ics: 8.760e-04,, Time: 313.68
It: 21300, Loss: 9.132e-02, Loss_res: 2.684e-03,  Loss_bcs: 8.794e-02, Loss_ut_ics: 6.950e-04,, Time: 471.35
It: 21400, Loss: 8.908e-02, Loss_res: 1.999e-03,  Loss_bcs: 8.580e-02, Loss_ut_ics: 1.283e-03,, Time: 628.64
It: 21500, Loss: 9.930e-02, Loss_res: 2.465e-03,  Loss_bcs: 9.518e-02, Loss_ut_ics: 1.647e-03,, Time: 787.31
It: 21600, Loss: 9.785e-02, Loss_res: 3.178e-03,  Loss_bcs: 9.314e-02, Loss_ut_ics: 1.538e-03,, Time: 945.47
It: 21700, Loss: 9.566e-02, Loss_res: 1.757e-03,  Loss_bcs: 9.218e-02, Loss_ut_ics: 1.720e-03,, Time: 1102.58
It: 21800, Loss: 8.731e-02, Loss_res: 8.690e-03,  Loss_bcs: 7.690e-02, Loss_ut_ics: 1.717e-03,, Time: 1260.37
It: 21900, Loss: 9.621e-02, Loss_res: 4.798e-03,  Loss_bcs: 8.934e-02, Loss_ut_ics: 2.078e-03,, Time: 1418.19
It: 22000, Loss: 3.162e-01, Loss_res: 2.234e-01,  Loss_bcs: 7.696e-02, Loss_ut_ics: 1.586e-02,, Time: 1576.93
mean_grad_res: 4.496e-01
mean_grad_ics: 5.462e-02
mean_grad_bcs: 4.369e-03
It: 22100, Loss: 8.739e-02, Loss_res: 1.912e-03,  Loss_bcs: 8.462e-02, Loss_ut_ics: 8.578e-04,, Time: 157.27
It: 22200, Loss: 8.541e-02, Loss_res: 2.352e-03,  Loss_bcs: 8.167e-02, Loss_ut_ics: 1.391e-03,, Time: 315.60
It: 22300, Loss: 9.606e-02, Loss_res: 1.936e-03,  Loss_bcs: 9.315e-02, Loss_ut_ics: 9.712e-04,, Time: 474.33
It: 22400, Loss: 9.409e-02, Loss_res: 1.337e-03,  Loss_bcs: 9.166e-02, Loss_ut_ics: 1.097e-03,, Time: 631.94
It: 22500, Loss: 8.782e-02, Loss_res: 2.519e-03,  Loss_bcs: 8.381e-02, Loss_ut_ics: 1.499e-03,, Time: 780.29
It: 22600, Loss: 1.008e-01, Loss_res: 3.004e-03,  Loss_bcs: 9.627e-02, Loss_ut_ics: 1.557e-03,, Time: 931.30
It: 22700, Loss: 9.655e-02, Loss_res: 3.449e-03,  Loss_bcs: 9.228e-02, Loss_ut_ics: 8.192e-04,, Time: 1082.88
It: 22800, Loss: 8.538e-02, Loss_res: 1.643e-03,  Loss_bcs: 8.293e-02, Loss_ut_ics: 8.137e-04,, Time: 1231.09
It: 22900, Loss: 8.437e-02, Loss_res: 1.642e-03,  Loss_bcs: 8.182e-02, Loss_ut_ics: 9.091e-04,, Time: 1378.87
It: 23000, Loss: 7.942e-02, Loss_res: 3.077e-03,  Loss_bcs: 7.552e-02, Loss_ut_ics: 8.187e-04,, Time: 1526.54
mean_grad_res: 5.465e-02
mean_grad_ics: 1.579e-03
mean_grad_bcs: 6.815e-03
It: 23100, Loss: 8.038e-02, Loss_res: 2.892e-03,  Loss_bcs: 7.627e-02, Loss_ut_ics: 1.224e-03,, Time: 147.33
It: 23200, Loss: 8.520e-02, Loss_res: 4.382e-03,  Loss_bcs: 8.002e-02, Loss_ut_ics: 7.928e-04,, Time: 296.00
It: 23300, Loss: 9.415e-02, Loss_res: 4.269e-03,  Loss_bcs: 8.848e-02, Loss_ut_ics: 1.405e-03,, Time: 444.86
It: 23400, Loss: 8.455e-02, Loss_res: 3.007e-03,  Loss_bcs: 8.030e-02, Loss_ut_ics: 1.246e-03,, Time: 593.67
It: 23500, Loss: 9.001e-02, Loss_res: 1.053e-02,  Loss_bcs: 7.827e-02, Loss_ut_ics: 1.216e-03,, Time: 742.27
It: 23600, Loss: 8.893e-02, Loss_res: 1.964e-03,  Loss_bcs: 8.584e-02, Loss_ut_ics: 1.130e-03,, Time: 889.99
It: 23700, Loss: 9.205e-02, Loss_res: 3.958e-03,  Loss_bcs: 8.644e-02, Loss_ut_ics: 1.648e-03,, Time: 1039.31
It: 23800, Loss: 9.535e-02, Loss_res: 2.253e-03,  Loss_bcs: 9.214e-02, Loss_ut_ics: 9.621e-04,, Time: 1187.13
It: 23900, Loss: 8.017e-02, Loss_res: 1.237e-03,  Loss_bcs: 7.803e-02, Loss_ut_ics: 9.103e-04,, Time: 1333.32
It: 24000, Loss: 8.402e-02, Loss_res: 3.400e-03,  Loss_bcs: 7.888e-02, Loss_ut_ics: 1.739e-03,, Time: 1480.72
mean_grad_res: 4.137e-02
mean_grad_ics: 1.480e-02
mean_grad_bcs: 6.650e-03
It: 24100, Loss: 8.607e-02, Loss_res: 1.641e-03,  Loss_bcs: 8.352e-02, Loss_ut_ics: 9.045e-04,, Time: 146.26
It: 24200, Loss: 9.108e-02, Loss_res: 6.018e-03,  Loss_bcs: 8.371e-02, Loss_ut_ics: 1.351e-03,, Time: 293.32
It: 24300, Loss: 8.095e-02, Loss_res: 3.716e-03,  Loss_bcs: 7.613e-02, Loss_ut_ics: 1.101e-03,, Time: 439.72
It: 24400, Loss: 8.246e-02, Loss_res: 2.423e-03,  Loss_bcs: 7.880e-02, Loss_ut_ics: 1.238e-03,, Time: 584.93
It: 24500, Loss: 7.936e-02, Loss_res: 1.764e-03,  Loss_bcs: 7.677e-02, Loss_ut_ics: 8.201e-04,, Time: 731.75
It: 24600, Loss: 8.330e-02, Loss_res: 1.767e-03,  Loss_bcs: 8.062e-02, Loss_ut_ics: 9.088e-04,, Time: 869.25
It: 24700, Loss: 9.600e-02, Loss_res: 4.807e-03,  Loss_bcs: 8.981e-02, Loss_ut_ics: 1.382e-03,, Time: 1005.32
It: 24800, Loss: 8.840e-02, Loss_res: 2.532e-03,  Loss_bcs: 8.416e-02, Loss_ut_ics: 1.705e-03,, Time: 1139.13
It: 24900, Loss: 8.863e-02, Loss_res: 1.581e-03,  Loss_bcs: 8.620e-02, Loss_ut_ics: 8.480e-04,, Time: 1273.59
It: 25000, Loss: 9.056e-02, Loss_res: 2.543e-03,  Loss_bcs: 8.661e-02, Loss_ut_ics: 1.409e-03,, Time: 1409.56
mean_grad_res: 2.053e-02
mean_grad_ics: 9.971e-03
mean_grad_bcs: 1.355e-02
It: 25100, Loss: 8.296e-02, Loss_res: 2.319e-03,  Loss_bcs: 7.965e-02, Loss_ut_ics: 9.934e-04,, Time: 134.90
It: 25200, Loss: 8.720e-02, Loss_res: 2.077e-03,  Loss_bcs: 8.389e-02, Loss_ut_ics: 1.229e-03,, Time: 269.61
It: 25300, Loss: 8.369e-02, Loss_res: 6.815e-03,  Loss_bcs: 7.588e-02, Loss_ut_ics: 9.913e-04,, Time: 405.34
It: 25400, Loss: 8.597e-02, Loss_res: 2.070e-03,  Loss_bcs: 8.195e-02, Loss_ut_ics: 1.948e-03,, Time: 540.13
It: 25500, Loss: 8.390e-02, Loss_res: 1.674e-03,  Loss_bcs: 8.138e-02, Loss_ut_ics: 8.430e-04,, Time: 675.72
It: 25600, Loss: 8.904e-02, Loss_res: 1.949e-03,  Loss_bcs: 8.552e-02, Loss_ut_ics: 1.575e-03,, Time: 811.38
It: 25700, Loss: 8.116e-02, Loss_res: 1.590e-03,  Loss_bcs: 7.850e-02, Loss_ut_ics: 1.073e-03,, Time: 946.44
It: 25800, Loss: 8.796e-02, Loss_res: 9.631e-04,  Loss_bcs: 8.589e-02, Loss_ut_ics: 1.109e-03,, Time: 1079.93
It: 25900, Loss: 8.896e-02, Loss_res: 1.016e-02,  Loss_bcs: 7.650e-02, Loss_ut_ics: 2.298e-03,, Time: 1213.46
It: 26000, Loss: 7.653e-02, Loss_res: 1.948e-03,  Loss_bcs: 7.318e-02, Loss_ut_ics: 1.399e-03,, Time: 1347.52
mean_grad_res: 2.148e-02
mean_grad_ics: 1.029e-02
mean_grad_bcs: 1.109e-02
It: 26100, Loss: 7.335e-02, Loss_res: 2.505e-03,  Loss_bcs: 6.949e-02, Loss_ut_ics: 1.360e-03,, Time: 131.18
It: 26200, Loss: 7.434e-02, Loss_res: 1.508e-03,  Loss_bcs: 7.119e-02, Loss_ut_ics: 1.634e-03,, Time: 265.75
It: 26300, Loss: 8.780e-02, Loss_res: 2.680e-03,  Loss_bcs: 8.424e-02, Loss_ut_ics: 8.754e-04,, Time: 399.47
It: 26400, Loss: 8.030e-02, Loss_res: 1.689e-03,  Loss_bcs: 7.795e-02, Loss_ut_ics: 6.526e-04,, Time: 533.34
It: 26500, Loss: 9.549e-02, Loss_res: 5.492e-03,  Loss_bcs: 8.862e-02, Loss_ut_ics: 1.372e-03,, Time: 666.45
It: 26600, Loss: 8.609e-02, Loss_res: 1.463e-03,  Loss_bcs: 8.353e-02, Loss_ut_ics: 1.096e-03,, Time: 799.79
It: 26700, Loss: 8.022e-02, Loss_res: 3.974e-03,  Loss_bcs: 7.522e-02, Loss_ut_ics: 1.027e-03,, Time: 933.21
It: 26800, Loss: 7.374e-02, Loss_res: 3.406e-03,  Loss_bcs: 6.936e-02, Loss_ut_ics: 9.767e-04,, Time: 1066.43
It: 26900, Loss: 8.342e-02, Loss_res: 1.965e-03,  Loss_bcs: 7.952e-02, Loss_ut_ics: 1.926e-03,, Time: 1200.59
It: 27000, Loss: 9.219e-02, Loss_res: 2.696e-03,  Loss_bcs: 8.826e-02, Loss_ut_ics: 1.234e-03,, Time: 1335.19
mean_grad_res: 4.450e-02
mean_grad_ics: 5.804e-03
mean_grad_bcs: 5.339e-03
It: 27100, Loss: 8.992e-02, Loss_res: 2.415e-03,  Loss_bcs: 8.648e-02, Loss_ut_ics: 1.020e-03,, Time: 133.44
It: 27200, Loss: 7.839e-02, Loss_res: 1.292e-03,  Loss_bcs: 7.612e-02, Loss_ut_ics: 9.812e-04,, Time: 268.22
It: 27300, Loss: 1.046e-01, Loss_res: 2.040e-03,  Loss_bcs: 1.016e-01, Loss_ut_ics: 9.085e-04,, Time: 403.83
It: 27400, Loss: 8.071e-02, Loss_res: 1.495e-03,  Loss_bcs: 7.794e-02, Loss_ut_ics: 1.274e-03,, Time: 538.92
It: 27500, Loss: 8.287e-02, Loss_res: 1.073e-03,  Loss_bcs: 8.011e-02, Loss_ut_ics: 1.687e-03,, Time: 674.77
It: 27600, Loss: 9.126e-02, Loss_res: 2.798e-03,  Loss_bcs: 8.671e-02, Loss_ut_ics: 1.752e-03,, Time: 809.81
It: 27700, Loss: 8.882e-02, Loss_res: 2.247e-03,  Loss_bcs: 8.539e-02, Loss_ut_ics: 1.183e-03,, Time: 945.72
It: 27800, Loss: 7.483e-02, Loss_res: 2.330e-03,  Loss_bcs: 7.166e-02, Loss_ut_ics: 8.409e-04,, Time: 1080.44
It: 27900, Loss: 8.553e-02, Loss_res: 2.886e-03,  Loss_bcs: 8.148e-02, Loss_ut_ics: 1.168e-03,, Time: 1215.00
It: 28000, Loss: 8.252e-02, Loss_res: 1.729e-03,  Loss_bcs: 7.935e-02, Loss_ut_ics: 1.436e-03,, Time: 1350.35
mean_grad_res: 3.105e-02
mean_grad_ics: 1.994e-03
mean_grad_bcs: 1.058e-02
It: 28100, Loss: 7.907e-02, Loss_res: 3.894e-03,  Loss_bcs: 7.376e-02, Loss_ut_ics: 1.420e-03,, Time: 134.17
It: 28200, Loss: 7.679e-02, Loss_res: 2.036e-03,  Loss_bcs: 7.345e-02, Loss_ut_ics: 1.311e-03,, Time: 270.28
It: 28300, Loss: 7.904e-02, Loss_res: 1.991e-03,  Loss_bcs: 7.558e-02, Loss_ut_ics: 1.468e-03,, Time: 405.69
It: 28400, Loss: 7.947e-02, Loss_res: 1.570e-03,  Loss_bcs: 7.636e-02, Loss_ut_ics: 1.540e-03,, Time: 540.95
It: 28500, Loss: 9.333e-02, Loss_res: 2.126e-03,  Loss_bcs: 8.976e-02, Loss_ut_ics: 1.437e-03,, Time: 676.29
It: 28600, Loss: 7.847e-02, Loss_res: 1.965e-03,  Loss_bcs: 7.531e-02, Loss_ut_ics: 1.190e-03,, Time: 811.44
It: 28700, Loss: 7.983e-02, Loss_res: 6.372e-03,  Loss_bcs: 7.168e-02, Loss_ut_ics: 1.779e-03,, Time: 945.60
It: 28800, Loss: 7.855e-02, Loss_res: 2.079e-03,  Loss_bcs: 7.526e-02, Loss_ut_ics: 1.203e-03,, Time: 1079.95
It: 28900, Loss: 8.107e-02, Loss_res: 1.764e-03,  Loss_bcs: 7.831e-02, Loss_ut_ics: 9.897e-04,, Time: 1214.32
It: 29000, Loss: 7.897e-02, Loss_res: 2.657e-03,  Loss_bcs: 7.542e-02, Loss_ut_ics: 8.963e-04,, Time: 1349.11
mean_grad_res: 4.043e-02
mean_grad_ics: 4.952e-03
mean_grad_bcs: 8.231e-03
It: 29100, Loss: 7.712e-02, Loss_res: 1.155e-03,  Loss_bcs: 7.441e-02, Loss_ut_ics: 1.551e-03,, Time: 133.24
It: 29200, Loss: 8.088e-02, Loss_res: 1.177e-03,  Loss_bcs: 7.807e-02, Loss_ut_ics: 1.628e-03,, Time: 267.66
It: 29300, Loss: 7.541e-02, Loss_res: 2.292e-03,  Loss_bcs: 7.183e-02, Loss_ut_ics: 1.285e-03,, Time: 401.93
It: 29400, Loss: 7.555e-02, Loss_res: 1.566e-03,  Loss_bcs: 7.321e-02, Loss_ut_ics: 7.773e-04,, Time: 536.18
It: 29500, Loss: 7.484e-02, Loss_res: 4.659e-03,  Loss_bcs: 6.912e-02, Loss_ut_ics: 1.055e-03,, Time: 670.50
It: 29600, Loss: 7.482e-02, Loss_res: 3.380e-03,  Loss_bcs: 7.041e-02, Loss_ut_ics: 1.028e-03,, Time: 804.79
It: 29700, Loss: 8.649e-02, Loss_res: 2.471e-03,  Loss_bcs: 8.266e-02, Loss_ut_ics: 1.363e-03,, Time: 939.17
It: 29800, Loss: 8.988e-02, Loss_res: 2.336e-03,  Loss_bcs: 8.593e-02, Loss_ut_ics: 1.619e-03,, Time: 1073.39
It: 29900, Loss: 8.667e-02, Loss_res: 1.334e-03,  Loss_bcs: 8.427e-02, Loss_ut_ics: 1.069e-03,, Time: 1207.59
It: 30000, Loss: 8.805e-02, Loss_res: 2.231e-03,  Loss_bcs: 8.475e-02, Loss_ut_ics: 1.073e-03,, Time: 1341.73
mean_grad_res: 4.145e-02
mean_grad_ics: 5.912e-03
mean_grad_bcs: 5.085e-03
It: 30100, Loss: 7.526e-02, Loss_res: 2.068e-03,  Loss_bcs: 7.232e-02, Loss_ut_ics: 8.699e-04,, Time: 133.04
It: 30200, Loss: 8.346e-02, Loss_res: 5.139e-03,  Loss_bcs: 7.678e-02, Loss_ut_ics: 1.539e-03,, Time: 266.88
It: 30300, Loss: 8.774e-02, Loss_res: 2.569e-03,  Loss_bcs: 8.386e-02, Loss_ut_ics: 1.307e-03,, Time: 400.91
It: 30400, Loss: 6.368e-02, Loss_res: 1.783e-03,  Loss_bcs: 5.988e-02, Loss_ut_ics: 2.013e-03,, Time: 534.56
It: 30500, Loss: 8.854e-02, Loss_res: 1.086e-03,  Loss_bcs: 8.644e-02, Loss_ut_ics: 1.020e-03,, Time: 669.17
It: 30600, Loss: 7.130e-02, Loss_res: 2.836e-03,  Loss_bcs: 6.710e-02, Loss_ut_ics: 1.360e-03,, Time: 804.52
It: 30700, Loss: 8.209e-02, Loss_res: 2.368e-03,  Loss_bcs: 7.885e-02, Loss_ut_ics: 8.679e-04,, Time: 940.30
It: 30800, Loss: 8.500e-02, Loss_res: 1.886e-03,  Loss_bcs: 8.129e-02, Loss_ut_ics: 1.827e-03,, Time: 1077.58
It: 30900, Loss: 8.500e-02, Loss_res: 7.413e-03,  Loss_bcs: 7.574e-02, Loss_ut_ics: 1.850e-03,, Time: 1214.85
It: 31000, Loss: 6.724e-02, Loss_res: 1.774e-03,  Loss_bcs: 6.452e-02, Loss_ut_ics: 9.536e-04,, Time: 1351.96
mean_grad_res: 3.724e-02
mean_grad_ics: 4.865e-03
mean_grad_bcs: 9.606e-03
It: 31100, Loss: 7.434e-02, Loss_res: 1.292e-03,  Loss_bcs: 7.203e-02, Loss_ut_ics: 1.016e-03,, Time: 135.37
It: 31200, Loss: 8.396e-02, Loss_res: 2.316e-03,  Loss_bcs: 8.042e-02, Loss_ut_ics: 1.231e-03,, Time: 272.54
It: 31300, Loss: 7.933e-02, Loss_res: 1.524e-03,  Loss_bcs: 7.578e-02, Loss_ut_ics: 2.024e-03,, Time: 411.60
It: 31400, Loss: 7.594e-02, Loss_res: 1.447e-03,  Loss_bcs: 7.356e-02, Loss_ut_ics: 9.334e-04,, Time: 548.98
It: 31500, Loss: 8.304e-02, Loss_res: 1.151e-03,  Loss_bcs: 8.068e-02, Loss_ut_ics: 1.208e-03,, Time: 686.88
It: 31600, Loss: 8.154e-02, Loss_res: 1.559e-03,  Loss_bcs: 7.915e-02, Loss_ut_ics: 8.299e-04,, Time: 825.27
It: 31700, Loss: 8.333e-02, Loss_res: 1.689e-03,  Loss_bcs: 8.028e-02, Loss_ut_ics: 1.364e-03,, Time: 963.60
It: 31800, Loss: 8.731e-02, Loss_res: 2.158e-03,  Loss_bcs: 8.431e-02, Loss_ut_ics: 8.425e-04,, Time: 1100.35
It: 31900, Loss: 6.934e-02, Loss_res: 1.666e-03,  Loss_bcs: 6.604e-02, Loss_ut_ics: 1.629e-03,, Time: 1237.71
It: 32000, Loss: 7.482e-02, Loss_res: 1.903e-03,  Loss_bcs: 7.229e-02, Loss_ut_ics: 6.352e-04,, Time: 1374.63
mean_grad_res: 4.191e-02
mean_grad_ics: 4.425e-03
mean_grad_bcs: 6.931e-03
It: 32100, Loss: 7.681e-02, Loss_res: 1.615e-03,  Loss_bcs: 7.410e-02, Loss_ut_ics: 1.089e-03,, Time: 136.46
It: 32200, Loss: 7.357e-02, Loss_res: 1.296e-03,  Loss_bcs: 7.127e-02, Loss_ut_ics: 1.003e-03,, Time: 272.87
It: 32300, Loss: 7.737e-02, Loss_res: 1.088e-03,  Loss_bcs: 7.495e-02, Loss_ut_ics: 1.334e-03,, Time: 409.44
It: 32400, Loss: 7.435e-02, Loss_res: 9.451e-04,  Loss_bcs: 7.255e-02, Loss_ut_ics: 8.584e-04,, Time: 546.59
It: 32500, Loss: 8.711e-02, Loss_res: 1.185e-03,  Loss_bcs: 8.477e-02, Loss_ut_ics: 1.150e-03,, Time: 683.88
It: 32600, Loss: 8.195e-02, Loss_res: 5.355e-03,  Loss_bcs: 7.447e-02, Loss_ut_ics: 2.126e-03,, Time: 822.40
It: 32700, Loss: 8.517e-02, Loss_res: 8.713e-03,  Loss_bcs: 7.525e-02, Loss_ut_ics: 1.203e-03,, Time: 961.24
It: 32800, Loss: 7.967e-02, Loss_res: 1.977e-03,  Loss_bcs: 7.670e-02, Loss_ut_ics: 9.954e-04,, Time: 1099.51
It: 32900, Loss: 6.372e-02, Loss_res: 1.041e-03,  Loss_bcs: 6.140e-02, Loss_ut_ics: 1.278e-03,, Time: 1237.37
It: 33000, Loss: 8.220e-02, Loss_res: 1.730e-03,  Loss_bcs: 7.906e-02, Loss_ut_ics: 1.404e-03,, Time: 1375.99
mean_grad_res: 4.609e-02
mean_grad_ics: 1.659e-02
mean_grad_bcs: 6.310e-03
It: 33100, Loss: 7.538e-02, Loss_res: 1.662e-03,  Loss_bcs: 7.282e-02, Loss_ut_ics: 8.910e-04,, Time: 136.17
It: 33200, Loss: 9.072e-02, Loss_res: 2.690e-03,  Loss_bcs: 8.673e-02, Loss_ut_ics: 1.300e-03,, Time: 273.75
It: 33300, Loss: 6.910e-02, Loss_res: 1.718e-03,  Loss_bcs: 6.604e-02, Loss_ut_ics: 1.343e-03,, Time: 410.78
It: 33400, Loss: 7.157e-02, Loss_res: 1.459e-03,  Loss_bcs: 6.847e-02, Loss_ut_ics: 1.644e-03,, Time: 549.76
It: 33500, Loss: 6.319e-02, Loss_res: 8.875e-04,  Loss_bcs: 6.099e-02, Loss_ut_ics: 1.317e-03,, Time: 687.64
It: 33600, Loss: 7.832e-02, Loss_res: 8.744e-04,  Loss_bcs: 7.611e-02, Loss_ut_ics: 1.333e-03,, Time: 826.14
It: 33700, Loss: 7.574e-02, Loss_res: 1.527e-03,  Loss_bcs: 7.316e-02, Loss_ut_ics: 1.055e-03,, Time: 963.87
It: 33800, Loss: 7.083e-02, Loss_res: 1.901e-03,  Loss_bcs: 6.686e-02, Loss_ut_ics: 2.070e-03,, Time: 1102.28
It: 33900, Loss: 7.439e-02, Loss_res: 1.350e-03,  Loss_bcs: 7.191e-02, Loss_ut_ics: 1.129e-03,, Time: 1239.39
It: 34000, Loss: 8.167e-02, Loss_res: 1.030e-03,  Loss_bcs: 7.920e-02, Loss_ut_ics: 1.438e-03,, Time: 1377.29
mean_grad_res: 2.347e-02
mean_grad_ics: 5.536e-03
mean_grad_bcs: 9.593e-03
It: 34100, Loss: 7.646e-02, Loss_res: 1.442e-03,  Loss_bcs: 7.422e-02, Loss_ut_ics: 7.934e-04,, Time: 136.26
It: 34200, Loss: 7.568e-02, Loss_res: 3.058e-03,  Loss_bcs: 7.142e-02, Loss_ut_ics: 1.203e-03,, Time: 272.55
It: 34300, Loss: 7.948e-02, Loss_res: 1.152e-03,  Loss_bcs: 7.732e-02, Loss_ut_ics: 1.004e-03,, Time: 409.73
It: 34400, Loss: 7.188e-02, Loss_res: 1.132e-03,  Loss_bcs: 6.978e-02, Loss_ut_ics: 9.612e-04,, Time: 545.56
It: 34500, Loss: 7.537e-02, Loss_res: 1.515e-03,  Loss_bcs: 7.276e-02, Loss_ut_ics: 1.088e-03,, Time: 683.64
It: 34600, Loss: 8.731e-02, Loss_res: 2.039e-03,  Loss_bcs: 8.441e-02, Loss_ut_ics: 8.612e-04,, Time: 820.74
It: 34700, Loss: 7.306e-02, Loss_res: 1.617e-03,  Loss_bcs: 6.998e-02, Loss_ut_ics: 1.465e-03,, Time: 957.69
It: 34800, Loss: 8.103e-02, Loss_res: 1.096e-03,  Loss_bcs: 7.906e-02, Loss_ut_ics: 8.805e-04,, Time: 1095.16
It: 34900, Loss: 6.952e-02, Loss_res: 1.157e-03,  Loss_bcs: 6.778e-02, Loss_ut_ics: 5.815e-04,, Time: 1233.13
It: 35000, Loss: 8.000e-02, Loss_res: 1.603e-03,  Loss_bcs: 7.735e-02, Loss_ut_ics: 1.049e-03,, Time: 1371.29
mean_grad_res: 2.783e-02
mean_grad_ics: 7.612e-03
mean_grad_bcs: 5.269e-03
It: 35100, Loss: 7.558e-02, Loss_res: 1.153e-03,  Loss_bcs: 7.328e-02, Loss_ut_ics: 1.147e-03,, Time: 136.84
It: 35200, Loss: 7.751e-02, Loss_res: 3.175e-03,  Loss_bcs: 7.334e-02, Loss_ut_ics: 9.918e-04,, Time: 274.67
It: 35300, Loss: 7.433e-02, Loss_res: 1.548e-03,  Loss_bcs: 7.203e-02, Loss_ut_ics: 7.451e-04,, Time: 412.66
It: 35400, Loss: 7.514e-02, Loss_res: 1.182e-03,  Loss_bcs: 7.294e-02, Loss_ut_ics: 1.010e-03,, Time: 549.93
It: 35500, Loss: 7.732e-02, Loss_res: 2.261e-03,  Loss_bcs: 7.422e-02, Loss_ut_ics: 8.401e-04,, Time: 687.55
It: 35600, Loss: 7.317e-02, Loss_res: 1.006e-03,  Loss_bcs: 7.091e-02, Loss_ut_ics: 1.247e-03,, Time: 824.84
It: 35700, Loss: 8.126e-02, Loss_res: 1.965e-03,  Loss_bcs: 7.829e-02, Loss_ut_ics: 1.002e-03,, Time: 961.63
It: 35800, Loss: 7.700e-02, Loss_res: 5.543e-03,  Loss_bcs: 7.045e-02, Loss_ut_ics: 1.009e-03,, Time: 1099.10
It: 35900, Loss: 6.680e-02, Loss_res: 1.135e-03,  Loss_bcs: 6.466e-02, Loss_ut_ics: 1.009e-03,, Time: 1237.06
It: 36000, Loss: 7.299e-02, Loss_res: 1.355e-03,  Loss_bcs: 7.081e-02, Loss_ut_ics: 8.270e-04,, Time: 1374.75
mean_grad_res: 1.744e-02
mean_grad_ics: 5.934e-03
mean_grad_bcs: 5.928e-03
It: 36100, Loss: 7.865e-02, Loss_res: 1.813e-03,  Loss_bcs: 7.592e-02, Loss_ut_ics: 9.167e-04,, Time: 136.28
It: 36200, Loss: 6.838e-02, Loss_res: 1.424e-03,  Loss_bcs: 6.645e-02, Loss_ut_ics: 5.113e-04,, Time: 273.65
It: 36300, Loss: 7.194e-02, Loss_res: 1.830e-03,  Loss_bcs: 6.938e-02, Loss_ut_ics: 7.304e-04,, Time: 410.47
It: 36400, Loss: 7.028e-02, Loss_res: 1.684e-03,  Loss_bcs: 6.759e-02, Loss_ut_ics: 9.993e-04,, Time: 547.85
It: 36500, Loss: 8.115e-02, Loss_res: 1.546e-03,  Loss_bcs: 7.892e-02, Loss_ut_ics: 6.827e-04,, Time: 685.55
It: 36600, Loss: 8.426e-02, Loss_res: 1.415e-03,  Loss_bcs: 8.219e-02, Loss_ut_ics: 6.500e-04,, Time: 823.07
It: 36700, Loss: 7.284e-02, Loss_res: 1.311e-03,  Loss_bcs: 7.066e-02, Loss_ut_ics: 8.756e-04,, Time: 960.23
It: 36800, Loss: 7.783e-02, Loss_res: 1.061e-03,  Loss_bcs: 7.596e-02, Loss_ut_ics: 8.114e-04,, Time: 1095.96
It: 36900, Loss: 7.759e-02, Loss_res: 1.527e-03,  Loss_bcs: 7.511e-02, Loss_ut_ics: 9.620e-04,, Time: 1233.02
It: 37000, Loss: 7.974e-02, Loss_res: 1.530e-03,  Loss_bcs: 7.731e-02, Loss_ut_ics: 9.025e-04,, Time: 1369.50
mean_grad_res: 4.203e-02
mean_grad_ics: 4.234e-03
mean_grad_bcs: 5.373e-03
It: 37100, Loss: 7.311e-02, Loss_res: 1.358e-03,  Loss_bcs: 7.075e-02, Loss_ut_ics: 1.002e-03,, Time: 135.50
It: 37200, Loss: 7.755e-02, Loss_res: 2.045e-03,  Loss_bcs: 7.456e-02, Loss_ut_ics: 9.421e-04,, Time: 271.68
It: 37300, Loss: 6.686e-02, Loss_res: 1.431e-03,  Loss_bcs: 6.451e-02, Loss_ut_ics: 9.192e-04,, Time: 408.49
It: 37400, Loss: 7.844e-02, Loss_res: 1.113e-03,  Loss_bcs: 7.657e-02, Loss_ut_ics: 7.618e-04,, Time: 544.54
It: 37500, Loss: 7.126e-02, Loss_res: 1.883e-03,  Loss_bcs: 6.877e-02, Loss_ut_ics: 6.095e-04,, Time: 681.48
It: 37600, Loss: 6.512e-02, Loss_res: 1.165e-03,  Loss_bcs: 6.310e-02, Loss_ut_ics: 8.479e-04,, Time: 818.17
It: 37700, Loss: 7.149e-02, Loss_res: 1.239e-03,  Loss_bcs: 6.929e-02, Loss_ut_ics: 9.611e-04,, Time: 955.42
It: 37800, Loss: 6.724e-02, Loss_res: 1.081e-03,  Loss_bcs: 6.514e-02, Loss_ut_ics: 1.023e-03,, Time: 1092.05
It: 37900, Loss: 7.697e-02, Loss_res: 2.438e-03,  Loss_bcs: 7.344e-02, Loss_ut_ics: 1.090e-03,, Time: 1228.89
It: 38000, Loss: 7.648e-02, Loss_res: 1.429e-03,  Loss_bcs: 7.420e-02, Loss_ut_ics: 8.516e-04,, Time: 1365.09
mean_grad_res: 4.339e-02
mean_grad_ics: 4.187e-03
mean_grad_bcs: 9.689e-03
It: 38100, Loss: 6.848e-02, Loss_res: 1.079e-03,  Loss_bcs: 6.617e-02, Loss_ut_ics: 1.229e-03,, Time: 135.67
It: 38200, Loss: 6.945e-02, Loss_res: 1.047e-03,  Loss_bcs: 6.726e-02, Loss_ut_ics: 1.148e-03,, Time: 273.17
It: 38300, Loss: 6.613e-02, Loss_res: 1.207e-03,  Loss_bcs: 6.417e-02, Loss_ut_ics: 7.463e-04,, Time: 409.56
It: 38400, Loss: 6.080e-02, Loss_res: 1.114e-03,  Loss_bcs: 5.877e-02, Loss_ut_ics: 9.150e-04,, Time: 545.90
It: 38500, Loss: 7.282e-02, Loss_res: 1.950e-03,  Loss_bcs: 6.995e-02, Loss_ut_ics: 9.214e-04,, Time: 683.20
It: 38600, Loss: 7.627e-02, Loss_res: 2.772e-03,  Loss_bcs: 7.254e-02, Loss_ut_ics: 9.649e-04,, Time: 820.32
It: 38700, Loss: 7.160e-02, Loss_res: 1.677e-03,  Loss_bcs: 6.936e-02, Loss_ut_ics: 5.576e-04,, Time: 957.16
It: 38800, Loss: 7.254e-02, Loss_res: 2.118e-03,  Loss_bcs: 6.967e-02, Loss_ut_ics: 7.485e-04,, Time: 1094.58
It: 38900, Loss: 6.384e-02, Loss_res: 1.173e-03,  Loss_bcs: 6.188e-02, Loss_ut_ics: 7.928e-04,, Time: 1232.95
It: 39000, Loss: 7.081e-02, Loss_res: 1.218e-03,  Loss_bcs: 6.868e-02, Loss_ut_ics: 9.165e-04,, Time: 1370.06
mean_grad_res: 2.142e-02
mean_grad_ics: 5.528e-03
mean_grad_bcs: 1.217e-02
It: 39100, Loss: 8.797e-02, Loss_res: 1.220e-03,  Loss_bcs: 8.622e-02, Loss_ut_ics: 5.339e-04,, Time: 135.71
It: 39200, Loss: 7.546e-02, Loss_res: 1.163e-03,  Loss_bcs: 7.336e-02, Loss_ut_ics: 9.352e-04,, Time: 273.03
It: 39300, Loss: 7.393e-02, Loss_res: 1.218e-03,  Loss_bcs: 7.149e-02, Loss_ut_ics: 1.227e-03,, Time: 410.50
It: 39400, Loss: 6.518e-02, Loss_res: 1.335e-03,  Loss_bcs: 6.316e-02, Loss_ut_ics: 6.806e-04,, Time: 547.77
It: 39500, Loss: 7.193e-02, Loss_res: 1.796e-03,  Loss_bcs: 6.924e-02, Loss_ut_ics: 8.877e-04,, Time: 685.49
It: 39600, Loss: 7.710e-02, Loss_res: 1.727e-03,  Loss_bcs: 7.433e-02, Loss_ut_ics: 1.039e-03,, Time: 822.86
It: 39700, Loss: 7.161e-02, Loss_res: 1.346e-03,  Loss_bcs: 6.954e-02, Loss_ut_ics: 7.179e-04,, Time: 960.09
It: 39800, Loss: 7.256e-02, Loss_res: 1.047e-03,  Loss_bcs: 7.081e-02, Loss_ut_ics: 6.974e-04,, Time: 1096.54
It: 39900, Loss: 7.886e-02, Loss_res: 1.318e-03,  Loss_bcs: 7.702e-02, Loss_ut_ics: 5.236e-04,, Time: 1233.73
Gradients information stored ...
It: 40000, Loss: 6.969e-02, Loss_res: 1.372e-03,  Loss_bcs: 6.746e-02, Loss_ut_ics: 8.625e-04,, Time: 1398.98
mean_grad_res: 3.955e-02
mean_grad_ics: 6.564e-03
mean_grad_bcs: 6.167e-03
elapsed: 5.22e+04
Relative L2 error_u: 4.40e-01
Relative L2 error_r: inf
file directory:/home/vlq26735/code/PhD/GradientPathologiesPINNs/checkpoints/1DWave/final/Feb-28-2024_10-57-28-652532_M1
Save uv NN parameters successfully in %s .../home/vlq26735/code/PhD/GradientPathologiesPINNs/checkpoints/1DWave/final/Feb-28-2024_10-57-28-652532_M1
Final loss total loss: 7.155707e-02
Final loss loss_res: 3.267613e-03
Final loss loss_bcs: 6.751116e-02
Final loss loss_bc1: 6.510532e-03
Final loss loss_bc2: 4.565943e-03
Final loss loss_ics_u: 5.643468e-02
Final loss loss_ics_u_t: 7.782852e-04
