mini_batch method is used
It: 0, Loss: 2.267e+01, Loss_res: 6.324e+00,  Loss_bcs: 6.699e+00, Loss_ut_ics: 9.645e+00,, Time: 62.01
mean_grad_res: 4.170e-01
mean_grad_ics: 4.776e-01
mean_grad_bcs: 3.244e-01
Gradients information stored ...
It: 100, Loss: 3.778e-01, Loss_res: 4.133e-03,  Loss_bcs: 3.553e-01, Loss_ut_ics: 1.840e-02,, Time: 415.19
mean_grad_res: 1.532e-03
mean_grad_ics: 1.051e-02
mean_grad_bcs: 7.594e-03
Gradients information stored ...
It: 200, Loss: 3.262e-01, Loss_res: 7.919e-03,  Loss_bcs: 3.140e-01, Loss_ut_ics: 4.208e-03,, Time: 256.70
mean_grad_res: 5.053e-03
mean_grad_ics: 8.247e-03
mean_grad_bcs: 2.962e-03
It: 300, Loss: 2.945e-01, Loss_res: 4.482e-03,  Loss_bcs: 2.722e-01, Loss_ut_ics: 1.785e-02,, Time: 137.96
mean_grad_res: 2.207e-03
mean_grad_ics: 2.271e-02
mean_grad_bcs: 1.449e-02
It: 400, Loss: 2.718e-01, Loss_res: 1.789e-02,  Loss_bcs: 2.316e-01, Loss_ut_ics: 2.226e-02,, Time: 138.83
mean_grad_res: 3.740e-02
mean_grad_ics: 2.665e-02
mean_grad_bcs: 3.887e-03
It: 500, Loss: 2.236e-01, Loss_res: 3.739e-03,  Loss_bcs: 2.162e-01, Loss_ut_ics: 3.681e-03,, Time: 138.93
mean_grad_res: 1.022e-02
mean_grad_ics: 8.392e-03
mean_grad_bcs: 3.417e-03
It: 600, Loss: 2.165e-01, Loss_res: 9.689e-03,  Loss_bcs: 2.045e-01, Loss_ut_ics: 2.309e-03,, Time: 138.79
mean_grad_res: 2.986e-02
mean_grad_ics: 5.968e-03
mean_grad_bcs: 8.787e-03
It: 700, Loss: 2.083e-01, Loss_res: 1.401e-02,  Loss_bcs: 1.797e-01, Loss_ut_ics: 1.468e-02,, Time: 142.39
mean_grad_res: 3.562e-02
mean_grad_ics: 2.645e-02
mean_grad_bcs: 7.426e-03
It: 800, Loss: 2.037e-01, Loss_res: 7.973e-03,  Loss_bcs: 1.935e-01, Loss_ut_ics: 2.196e-03,, Time: 144.93
mean_grad_res: 3.072e-02
mean_grad_ics: 7.577e-03
mean_grad_bcs: 8.232e-03
It: 900, Loss: 2.128e-01, Loss_res: 3.187e-02,  Loss_bcs: 1.577e-01, Loss_ut_ics: 2.319e-02,, Time: 147.99
mean_grad_res: 5.949e-02
mean_grad_ics: 3.760e-02
mean_grad_bcs: 1.062e-02
elapsed: 2.02e+03
Relative L2 error_u: 6.97e-01
Relative L2 error_r: 1.74e-01
Save uv NN parameters successfully in %s .../home/vlq26735/code/PhD/GradientPathologiesPINNs/checkpoints/1DWave/Feb-26-2024_22-36-47-385300_M1
Final loss total loss: 1.927335e-01
Final loss loss_res: 7.289999e-03
Final loss loss_bcs: 1.837886e-01
Final loss loss_bc1: 2.543525e-02
Final loss loss_bc2: 1.206403e-02
Final loss loss_ics_u: 1.462893e-01
Final loss loss_ics_u_t: 1.654882e-03
