It: 0, Loss: 9.806e+03, Loss_bcs: 1.812e+00, Loss_res: 9.804e+03 ,Time: 0.34
Compute NTK...
Gradients information stored ...
It: 100, Loss: 3.114e+02, Loss_bcs: 6.802e+01, Loss_res: 2.434e+02 ,Time: 1.18
Compute NTK...
Gradients information stored ...
It: 200, Loss: 1.926e+02, Loss_bcs: 3.888e+01, Loss_res: 1.537e+02 ,Time: 0.43
Compute NTK...
It: 300, Loss: 1.291e+02, Loss_bcs: 2.225e+01, Loss_res: 1.068e+02 ,Time: 0.16
Compute NTK...
It: 400, Loss: 9.233e+01, Loss_bcs: 1.258e+01, Loss_res: 7.975e+01 ,Time: 0.18
Compute NTK...
It: 500, Loss: 6.938e+01, Loss_bcs: 6.892e+00, Loss_res: 6.248e+01 ,Time: 0.15
Compute NTK...
It: 600, Loss: 5.420e+01, Loss_bcs: 3.594e+00, Loss_res: 5.061e+01 ,Time: 0.20
Compute NTK...
It: 700, Loss: 4.376e+01, Loss_bcs: 1.742e+00, Loss_res: 4.202e+01 ,Time: 0.19
Compute NTK...
It: 800, Loss: 3.638e+01, Loss_bcs: 7.581e-01, Loss_res: 3.562e+01 ,Time: 0.16
Compute NTK...
It: 900, Loss: 3.104e+01, Loss_bcs: 2.874e-01, Loss_res: 3.075e+01 ,Time: 0.24
Compute NTK...
It: 1000, Loss: 2.709e+01, Loss_bcs: 1.116e-01, Loss_res: 2.698e+01 ,Time: 0.18
Compute NTK...
Gradients information stored ...
It: 1100, Loss: 2.413e+01, Loss_bcs: 9.755e-02, Loss_res: 2.403e+01 ,Time: 0.47
Compute NTK...
It: 1200, Loss: 2.184e+01, Loss_bcs: 1.647e-01, Loss_res: 2.168e+01 ,Time: 0.16
Compute NTK...
It: 1300, Loss: 2.005e+01, Loss_bcs: 2.655e-01, Loss_res: 1.978e+01 ,Time: 0.17
Compute NTK...
It: 1400, Loss: 1.860e+01, Loss_bcs: 3.731e-01, Loss_res: 1.823e+01 ,Time: 0.15
Compute NTK...
It: 1500, Loss: 1.741e+01, Loss_bcs: 4.729e-01, Loss_res: 1.694e+01 ,Time: 0.16
Compute NTK...
It: 1600, Loss: 1.640e+01, Loss_bcs: 5.581e-01, Loss_res: 1.585e+01 ,Time: 0.16
Compute NTK...
It: 1700, Loss: 1.554e+01, Loss_bcs: 6.264e-01, Loss_res: 1.491e+01 ,Time: 0.16
Compute NTK...
It: 1800, Loss: 1.478e+01, Loss_bcs: 6.780e-01, Loss_res: 1.411e+01 ,Time: 0.19
Compute NTK...
It: 1900, Loss: 1.411e+01, Loss_bcs: 7.144e-01, Loss_res: 1.340e+01 ,Time: 0.15
Compute NTK...
It: 2000, Loss: 1.351e+01, Loss_bcs: 7.374e-01, Loss_res: 1.277e+01 ,Time: 0.15
Compute NTK...
It: 2100, Loss: 1.296e+01, Loss_bcs: 7.494e-01, Loss_res: 1.221e+01 ,Time: 0.15
Compute NTK...
It: 2200, Loss: 1.245e+01, Loss_bcs: 7.522e-01, Loss_res: 1.170e+01 ,Time: 0.16
Compute NTK...
It: 2300, Loss: 1.199e+01, Loss_bcs: 7.479e-01, Loss_res: 1.124e+01 ,Time: 0.16
Compute NTK...
It: 2400, Loss: 1.156e+01, Loss_bcs: 7.380e-01, Loss_res: 1.082e+01 ,Time: 0.16
Compute NTK...
It: 2500, Loss: 1.116e+01, Loss_bcs: 7.239e-01, Loss_res: 1.043e+01 ,Time: 0.15
Compute NTK...
It: 2600, Loss: 1.078e+01, Loss_bcs: 7.066e-01, Loss_res: 1.008e+01 ,Time: 0.15
Compute NTK...
It: 2700, Loss: 1.043e+01, Loss_bcs: 6.872e-01, Loss_res: 9.743e+00 ,Time: 0.16
Compute NTK...
It: 2800, Loss: 1.010e+01, Loss_bcs: 6.663e-01, Loss_res: 9.432e+00 ,Time: 0.15
Compute NTK...
It: 2900, Loss: 9.786e+00, Loss_bcs: 6.446e-01, Loss_res: 9.141e+00 ,Time: 0.16
Compute NTK...
It: 3000, Loss: 9.490e+00, Loss_bcs: 6.224e-01, Loss_res: 8.867e+00 ,Time: 0.16
Compute NTK...
It: 3100, Loss: 9.210e+00, Loss_bcs: 6.001e-01, Loss_res: 8.610e+00 ,Time: 0.15
Compute NTK...
It: 3200, Loss: 8.944e+00, Loss_bcs: 5.780e-01, Loss_res: 8.366e+00 ,Time: 0.16
Compute NTK...
It: 3300, Loss: 8.691e+00, Loss_bcs: 5.563e-01, Loss_res: 8.135e+00 ,Time: 0.16
Compute NTK...
It: 3400, Loss: 8.451e+00, Loss_bcs: 5.351e-01, Loss_res: 7.916e+00 ,Time: 0.20
Compute NTK...
It: 3500, Loss: 8.222e+00, Loss_bcs: 5.146e-01, Loss_res: 7.707e+00 ,Time: 0.24
Compute NTK...
It: 3600, Loss: 8.003e+00, Loss_bcs: 4.947e-01, Loss_res: 7.508e+00 ,Time: 0.20
Compute NTK...
It: 3700, Loss: 7.794e+00, Loss_bcs: 4.755e-01, Loss_res: 7.318e+00 ,Time: 0.16
Compute NTK...
It: 3800, Loss: 7.593e+00, Loss_bcs: 4.571e-01, Loss_res: 7.136e+00 ,Time: 0.17
Compute NTK...
It: 3900, Loss: 7.401e+00, Loss_bcs: 4.394e-01, Loss_res: 6.962e+00 ,Time: 0.16
Compute NTK...
It: 4000, Loss: 7.217e+00, Loss_bcs: 4.225e-01, Loss_res: 6.795e+00 ,Time: 0.16
Compute NTK...
It: 4100, Loss: 7.041e+00, Loss_bcs: 4.064e-01, Loss_res: 6.634e+00 ,Time: 0.18
Compute NTK...
It: 4200, Loss: 6.871e+00, Loss_bcs: 3.909e-01, Loss_res: 6.480e+00 ,Time: 0.15
Compute NTK...
It: 4300, Loss: 6.707e+00, Loss_bcs: 3.762e-01, Loss_res: 6.331e+00 ,Time: 0.15
Compute NTK...
It: 4400, Loss: 6.550e+00, Loss_bcs: 3.621e-01, Loss_res: 6.188e+00 ,Time: 0.15
Compute NTK...
It: 4500, Loss: 6.398e+00, Loss_bcs: 3.487e-01, Loss_res: 6.050e+00 ,Time: 0.16
Compute NTK...
It: 4600, Loss: 6.252e+00, Loss_bcs: 3.359e-01, Loss_res: 5.916e+00 ,Time: 0.15
Compute NTK...
It: 4700, Loss: 6.111e+00, Loss_bcs: 3.237e-01, Loss_res: 5.787e+00 ,Time: 0.15
Compute NTK...
It: 4800, Loss: 5.975e+00, Loss_bcs: 3.120e-01, Loss_res: 5.663e+00 ,Time: 0.15
Compute NTK...
It: 4900, Loss: 5.843e+00, Loss_bcs: 3.009e-01, Loss_res: 5.542e+00 ,Time: 0.15
Compute NTK...
It: 5000, Loss: 5.716e+00, Loss_bcs: 2.904e-01, Loss_res: 5.425e+00 ,Time: 0.16
Compute NTK...
It: 5100, Loss: 5.592e+00, Loss_bcs: 2.803e-01, Loss_res: 5.312e+00 ,Time: 0.18
Compute NTK...
It: 5200, Loss: 5.473e+00, Loss_bcs: 2.706e-01, Loss_res: 5.202e+00 ,Time: 0.18
Compute NTK...
It: 5300, Loss: 5.358e+00, Loss_bcs: 2.614e-01, Loss_res: 5.096e+00 ,Time: 0.17
Compute NTK...
It: 5400, Loss: 5.246e+00, Loss_bcs: 2.526e-01, Loss_res: 4.993e+00 ,Time: 0.17
Compute NTK...
It: 5500, Loss: 5.137e+00, Loss_bcs: 2.442e-01, Loss_res: 4.893e+00 ,Time: 0.16
Compute NTK...
It: 5600, Loss: 5.032e+00, Loss_bcs: 2.362e-01, Loss_res: 4.796e+00 ,Time: 0.15
Compute NTK...
It: 5700, Loss: 4.930e+00, Loss_bcs: 2.285e-01, Loss_res: 4.701e+00 ,Time: 0.16
Compute NTK...
It: 5800, Loss: 4.831e+00, Loss_bcs: 2.211e-01, Loss_res: 4.610e+00 ,Time: 0.15
Compute NTK...
It: 5900, Loss: 4.735e+00, Loss_bcs: 2.141e-01, Loss_res: 4.521e+00 ,Time: 0.15
Compute NTK...
It: 6000, Loss: 4.641e+00, Loss_bcs: 2.074e-01, Loss_res: 4.434e+00 ,Time: 0.15
Compute NTK...
It: 6100, Loss: 4.550e+00, Loss_bcs: 2.009e-01, Loss_res: 4.350e+00 ,Time: 0.15
Compute NTK...
It: 6200, Loss: 4.462e+00, Loss_bcs: 1.948e-01, Loss_res: 4.267e+00 ,Time: 0.15
Compute NTK...
It: 6300, Loss: 4.376e+00, Loss_bcs: 1.888e-01, Loss_res: 4.188e+00 ,Time: 0.15
Compute NTK...
It: 6400, Loss: 4.293e+00, Loss_bcs: 1.832e-01, Loss_res: 4.110e+00 ,Time: 0.15
Compute NTK...
It: 6500, Loss: 4.212e+00, Loss_bcs: 1.777e-01, Loss_res: 4.034e+00 ,Time: 0.15
Compute NTK...
It: 6600, Loss: 4.133e+00, Loss_bcs: 1.725e-01, Loss_res: 3.961e+00 ,Time: 0.15
Compute NTK...
It: 6700, Loss: 4.056e+00, Loss_bcs: 1.675e-01, Loss_res: 3.889e+00 ,Time: 0.15
Compute NTK...
It: 6800, Loss: 3.982e+00, Loss_bcs: 1.627e-01, Loss_res: 3.819e+00 ,Time: 0.15
Compute NTK...
It: 6900, Loss: 3.909e+00, Loss_bcs: 1.581e-01, Loss_res: 3.751e+00 ,Time: 0.15
Compute NTK...
It: 7000, Loss: 3.838e+00, Loss_bcs: 1.536e-01, Loss_res: 3.684e+00 ,Time: 0.18
Compute NTK...
It: 7100, Loss: 3.769e+00, Loss_bcs: 1.493e-01, Loss_res: 3.619e+00 ,Time: 0.15
Compute NTK...
It: 7200, Loss: 3.702e+00, Loss_bcs: 1.452e-01, Loss_res: 3.556e+00 ,Time: 0.16
Compute NTK...
It: 7300, Loss: 3.636e+00, Loss_bcs: 1.412e-01, Loss_res: 3.495e+00 ,Time: 0.15
Compute NTK...
It: 7400, Loss: 3.572e+00, Loss_bcs: 1.374e-01, Loss_res: 3.435e+00 ,Time: 0.15
Compute NTK...
It: 7500, Loss: 3.510e+00, Loss_bcs: 1.337e-01, Loss_res: 3.376e+00 ,Time: 0.16
Compute NTK...
It: 7600, Loss: 3.449e+00, Loss_bcs: 1.302e-01, Loss_res: 3.319e+00 ,Time: 0.16
Compute NTK...
It: 7700, Loss: 3.390e+00, Loss_bcs: 1.268e-01, Loss_res: 3.263e+00 ,Time: 0.15
Compute NTK...
It: 7800, Loss: 3.332e+00, Loss_bcs: 1.235e-01, Loss_res: 3.209e+00 ,Time: 0.15
Compute NTK...
It: 7900, Loss: 3.276e+00, Loss_bcs: 1.203e-01, Loss_res: 3.156e+00 ,Time: 0.17
Compute NTK...
It: 8000, Loss: 3.221e+00, Loss_bcs: 1.173e-01, Loss_res: 3.104e+00 ,Time: 0.19
Compute NTK...
It: 8100, Loss: 3.167e+00, Loss_bcs: 1.143e-01, Loss_res: 3.053e+00 ,Time: 0.19
Compute NTK...
It: 8200, Loss: 3.115e+00, Loss_bcs: 1.114e-01, Loss_res: 3.003e+00 ,Time: 0.18
Compute NTK...
It: 8300, Loss: 3.064e+00, Loss_bcs: 1.087e-01, Loss_res: 2.955e+00 ,Time: 0.19
Compute NTK...
It: 8400, Loss: 3.014e+00, Loss_bcs: 1.060e-01, Loss_res: 2.908e+00 ,Time: 0.18
Compute NTK...
It: 8500, Loss: 2.965e+00, Loss_bcs: 1.034e-01, Loss_res: 2.862e+00 ,Time: 0.16
Compute NTK...
It: 8600, Loss: 2.918e+00, Loss_bcs: 1.009e-01, Loss_res: 2.817e+00 ,Time: 0.15
Compute NTK...
It: 8700, Loss: 2.871e+00, Loss_bcs: 9.852e-02, Loss_res: 2.773e+00 ,Time: 0.15
Compute NTK...
It: 8800, Loss: 2.826e+00, Loss_bcs: 9.618e-02, Loss_res: 2.730e+00 ,Time: 0.16
Compute NTK...
It: 8900, Loss: 2.781e+00, Loss_bcs: 9.392e-02, Loss_res: 2.687e+00 ,Time: 0.16
Compute NTK...
It: 9000, Loss: 2.738e+00, Loss_bcs: 9.173e-02, Loss_res: 2.646e+00 ,Time: 0.16
Compute NTK...
It: 9100, Loss: 2.696e+00, Loss_bcs: 8.961e-02, Loss_res: 2.606e+00 ,Time: 0.17
Compute NTK...
It: 9200, Loss: 2.654e+00, Loss_bcs: 8.754e-02, Loss_res: 2.567e+00 ,Time: 0.17
Compute NTK...
It: 9300, Loss: 2.614e+00, Loss_bcs: 8.556e-02, Loss_res: 2.528e+00 ,Time: 0.19
Compute NTK...
It: 9400, Loss: 2.574e+00, Loss_bcs: 8.363e-02, Loss_res: 2.491e+00 ,Time: 0.19
Compute NTK...
It: 9500, Loss: 2.536e+00, Loss_bcs: 8.175e-02, Loss_res: 2.454e+00 ,Time: 0.23
Compute NTK...
It: 9600, Loss: 2.498e+00, Loss_bcs: 7.993e-02, Loss_res: 2.418e+00 ,Time: 0.15
Compute NTK...
It: 9700, Loss: 2.461e+00, Loss_bcs: 7.817e-02, Loss_res: 2.383e+00 ,Time: 0.14
Compute NTK...
It: 9800, Loss: 2.425e+00, Loss_bcs: 7.645e-02, Loss_res: 2.348e+00 ,Time: 0.14
Compute NTK...
It: 9900, Loss: 2.390e+00, Loss_bcs: 7.479e-02, Loss_res: 2.315e+00 ,Time: 0.14
Compute NTK...
It: 10000, Loss: 2.355e+00, Loss_bcs: 7.318e-02, Loss_res: 2.282e+00 ,Time: 0.14
Compute NTK...
It: 10100, Loss: 2.321e+00, Loss_bcs: 7.160e-02, Loss_res: 2.249e+00 ,Time: 0.14
Compute NTK...
It: 10200, Loss: 2.288e+00, Loss_bcs: 7.008e-02, Loss_res: 2.218e+00 ,Time: 0.13
Compute NTK...
It: 10300, Loss: 2.256e+00, Loss_bcs: 6.860e-02, Loss_res: 2.187e+00 ,Time: 0.14
Compute NTK...
It: 10400, Loss: 2.224e+00, Loss_bcs: 6.716e-02, Loss_res: 2.157e+00 ,Time: 0.14
Compute NTK...
It: 10500, Loss: 2.193e+00, Loss_bcs: 6.578e-02, Loss_res: 2.127e+00 ,Time: 0.13
Compute NTK...
It: 10600, Loss: 2.162e+00, Loss_bcs: 6.442e-02, Loss_res: 2.098e+00 ,Time: 0.14
Compute NTK...
It: 10700, Loss: 2.133e+00, Loss_bcs: 6.309e-02, Loss_res: 2.070e+00 ,Time: 0.14
Compute NTK...
It: 10800, Loss: 2.104e+00, Loss_bcs: 6.179e-02, Loss_res: 2.042e+00 ,Time: 0.14
Compute NTK...
It: 10900, Loss: 2.075e+00, Loss_bcs: 6.054e-02, Loss_res: 2.015e+00 ,Time: 0.14
Compute NTK...
It: 11000, Loss: 2.047e+00, Loss_bcs: 5.933e-02, Loss_res: 1.988e+00 ,Time: 0.14
Compute NTK...
It: 11100, Loss: 2.020e+00, Loss_bcs: 5.815e-02, Loss_res: 1.962e+00 ,Time: 0.14
Compute NTK...
It: 11200, Loss: 1.993e+00, Loss_bcs: 5.699e-02, Loss_res: 1.936e+00 ,Time: 0.14
Compute NTK...
It: 11300, Loss: 1.967e+00, Loss_bcs: 5.587e-02, Loss_res: 1.911e+00 ,Time: 0.14
Compute NTK...
It: 11400, Loss: 1.941e+00, Loss_bcs: 5.478e-02, Loss_res: 1.887e+00 ,Time: 0.14
Compute NTK...
It: 11500, Loss: 1.916e+00, Loss_bcs: 5.372e-02, Loss_res: 1.862e+00 ,Time: 0.14
Compute NTK...
It: 11600, Loss: 1.891e+00, Loss_bcs: 5.269e-02, Loss_res: 1.839e+00 ,Time: 0.13
Compute NTK...
It: 11700, Loss: 1.867e+00, Loss_bcs: 5.168e-02, Loss_res: 1.816e+00 ,Time: 0.14
Compute NTK...
It: 11800, Loss: 1.844e+00, Loss_bcs: 5.069e-02, Loss_res: 1.793e+00 ,Time: 0.14
Compute NTK...
It: 11900, Loss: 1.821e+00, Loss_bcs: 4.971e-02, Loss_res: 1.771e+00 ,Time: 0.13
Compute NTK...
It: 12000, Loss: 1.798e+00, Loss_bcs: 4.876e-02, Loss_res: 1.749e+00 ,Time: 0.14
Compute NTK...
It: 12100, Loss: 1.776e+00, Loss_bcs: 4.783e-02, Loss_res: 1.728e+00 ,Time: 0.14
Compute NTK...
It: 12200, Loss: 1.754e+00, Loss_bcs: 4.694e-02, Loss_res: 1.707e+00 ,Time: 0.16
Compute NTK...
It: 12300, Loss: 1.732e+00, Loss_bcs: 4.607e-02, Loss_res: 1.686e+00 ,Time: 0.14
Compute NTK...
It: 12400, Loss: 1.711e+00, Loss_bcs: 4.521e-02, Loss_res: 1.666e+00 ,Time: 0.14
Compute NTK...
It: 12500, Loss: 1.691e+00, Loss_bcs: 4.437e-02, Loss_res: 1.646e+00 ,Time: 0.14
Compute NTK...
It: 12600, Loss: 1.671e+00, Loss_bcs: 4.357e-02, Loss_res: 1.627e+00 ,Time: 0.14
Compute NTK...
It: 12700, Loss: 1.651e+00, Loss_bcs: 4.278e-02, Loss_res: 1.608e+00 ,Time: 0.14
Compute NTK...
It: 12800, Loss: 1.631e+00, Loss_bcs: 4.200e-02, Loss_res: 1.589e+00 ,Time: 0.14
Compute NTK...
It: 12900, Loss: 1.612e+00, Loss_bcs: 4.125e-02, Loss_res: 1.571e+00 ,Time: 0.14
Compute NTK...
It: 13000, Loss: 1.594e+00, Loss_bcs: 4.051e-02, Loss_res: 1.553e+00 ,Time: 0.13
Compute NTK...
It: 13100, Loss: 1.575e+00, Loss_bcs: 3.979e-02, Loss_res: 1.536e+00 ,Time: 0.14
Compute NTK...
It: 13200, Loss: 1.557e+00, Loss_bcs: 3.907e-02, Loss_res: 1.518e+00 ,Time: 0.14
Compute NTK...
It: 13300, Loss: 1.540e+00, Loss_bcs: 3.838e-02, Loss_res: 1.501e+00 ,Time: 0.14
Compute NTK...
It: 13400, Loss: 1.523e+00, Loss_bcs: 3.771e-02, Loss_res: 1.485e+00 ,Time: 0.13
Compute NTK...
It: 13500, Loss: 1.506e+00, Loss_bcs: 3.704e-02, Loss_res: 1.469e+00 ,Time: 0.16
Compute NTK...
It: 13600, Loss: 1.489e+00, Loss_bcs: 3.638e-02, Loss_res: 1.453e+00 ,Time: 0.14
Compute NTK...
It: 13700, Loss: 1.473e+00, Loss_bcs: 3.575e-02, Loss_res: 1.437e+00 ,Time: 0.14
Compute NTK...
It: 13800, Loss: 1.457e+00, Loss_bcs: 3.512e-02, Loss_res: 1.421e+00 ,Time: 0.14
Compute NTK...
It: 13900, Loss: 1.441e+00, Loss_bcs: 3.452e-02, Loss_res: 1.406e+00 ,Time: 0.14
Compute NTK...
It: 14000, Loss: 1.425e+00, Loss_bcs: 3.393e-02, Loss_res: 1.392e+00 ,Time: 0.14
Compute NTK...
It: 14100, Loss: 1.410e+00, Loss_bcs: 3.335e-02, Loss_res: 1.377e+00 ,Time: 0.14
Compute NTK...
It: 14200, Loss: 1.395e+00, Loss_bcs: 3.278e-02, Loss_res: 1.363e+00 ,Time: 0.15
Compute NTK...
It: 14300, Loss: 1.381e+00, Loss_bcs: 3.223e-02, Loss_res: 1.349e+00 ,Time: 0.14
Compute NTK...
It: 14400, Loss: 1.367e+00, Loss_bcs: 3.168e-02, Loss_res: 1.335e+00 ,Time: 0.14
Compute NTK...
It: 14500, Loss: 1.352e+00, Loss_bcs: 3.115e-02, Loss_res: 1.321e+00 ,Time: 0.14
Compute NTK...
It: 14600, Loss: 1.339e+00, Loss_bcs: 3.065e-02, Loss_res: 1.308e+00 ,Time: 0.15
Compute NTK...
It: 14700, Loss: 1.325e+00, Loss_bcs: 3.014e-02, Loss_res: 1.295e+00 ,Time: 0.14
Compute NTK...
It: 14800, Loss: 1.312e+00, Loss_bcs: 2.964e-02, Loss_res: 1.282e+00 ,Time: 0.13
Compute NTK...
It: 14900, Loss: 1.299e+00, Loss_bcs: 2.915e-02, Loss_res: 1.269e+00 ,Time: 0.15
Compute NTK...
It: 15000, Loss: 1.286e+00, Loss_bcs: 2.868e-02, Loss_res: 1.257e+00 ,Time: 0.14
Compute NTK...
It: 15100, Loss: 1.273e+00, Loss_bcs: 2.821e-02, Loss_res: 1.245e+00 ,Time: 0.18
Compute NTK...
It: 15200, Loss: 1.261e+00, Loss_bcs: 2.775e-02, Loss_res: 1.233e+00 ,Time: 0.14
Compute NTK...
It: 15300, Loss: 1.248e+00, Loss_bcs: 2.730e-02, Loss_res: 1.221e+00 ,Time: 0.13
Compute NTK...
It: 15400, Loss: 1.237e+00, Loss_bcs: 2.687e-02, Loss_res: 1.210e+00 ,Time: 0.13
Compute NTK...
It: 15500, Loss: 1.225e+00, Loss_bcs: 2.645e-02, Loss_res: 1.198e+00 ,Time: 0.14
Compute NTK...
It: 15600, Loss: 1.213e+00, Loss_bcs: 2.603e-02, Loss_res: 1.187e+00 ,Time: 0.14
Compute NTK...
It: 15700, Loss: 1.202e+00, Loss_bcs: 2.562e-02, Loss_res: 1.176e+00 ,Time: 0.13
Compute NTK...
It: 15800, Loss: 1.191e+00, Loss_bcs: 2.521e-02, Loss_res: 1.165e+00 ,Time: 0.14
Compute NTK...
It: 15900, Loss: 1.180e+00, Loss_bcs: 2.482e-02, Loss_res: 1.155e+00 ,Time: 0.14
Compute NTK...
It: 16000, Loss: 1.169e+00, Loss_bcs: 2.442e-02, Loss_res: 1.144e+00 ,Time: 0.16
Compute NTK...
It: 16100, Loss: 1.158e+00, Loss_bcs: 2.404e-02, Loss_res: 1.134e+00 ,Time: 0.15
Compute NTK...
It: 16200, Loss: 1.148e+00, Loss_bcs: 2.367e-02, Loss_res: 1.124e+00 ,Time: 0.16
Compute NTK...
It: 16300, Loss: 1.137e+00, Loss_bcs: 2.331e-02, Loss_res: 1.114e+00 ,Time: 0.16
Compute NTK...
It: 16400, Loss: 1.127e+00, Loss_bcs: 2.296e-02, Loss_res: 1.104e+00 ,Time: 0.21
Compute NTK...
It: 16500, Loss: 1.117e+00, Loss_bcs: 2.261e-02, Loss_res: 1.095e+00 ,Time: 0.20
Compute NTK...
It: 16600, Loss: 1.108e+00, Loss_bcs: 2.226e-02, Loss_res: 1.085e+00 ,Time: 0.16
Compute NTK...
It: 16700, Loss: 1.098e+00, Loss_bcs: 2.192e-02, Loss_res: 1.076e+00 ,Time: 0.16
Compute NTK...
It: 16800, Loss: 1.089e+00, Loss_bcs: 2.159e-02, Loss_res: 1.067e+00 ,Time: 0.16
Compute NTK...
It: 16900, Loss: 1.079e+00, Loss_bcs: 2.127e-02, Loss_res: 1.058e+00 ,Time: 0.16
Compute NTK...
It: 17000, Loss: 1.070e+00, Loss_bcs: 2.095e-02, Loss_res: 1.049e+00 ,Time: 0.16
Compute NTK...
It: 17100, Loss: 1.061e+00, Loss_bcs: 2.064e-02, Loss_res: 1.041e+00 ,Time: 0.16
Compute NTK...
It: 17200, Loss: 1.052e+00, Loss_bcs: 2.033e-02, Loss_res: 1.032e+00 ,Time: 0.18
Compute NTK...
It: 17300, Loss: 1.044e+00, Loss_bcs: 2.003e-02, Loss_res: 1.024e+00 ,Time: 0.17
Compute NTK...
It: 17400, Loss: 1.035e+00, Loss_bcs: 1.974e-02, Loss_res: 1.015e+00 ,Time: 0.16
Compute NTK...
It: 17500, Loss: 1.027e+00, Loss_bcs: 1.946e-02, Loss_res: 1.007e+00 ,Time: 0.15
Compute NTK...
It: 17600, Loss: 1.018e+00, Loss_bcs: 1.917e-02, Loss_res: 9.991e-01 ,Time: 0.15
Compute NTK...
It: 17700, Loss: 1.010e+00, Loss_bcs: 1.890e-02, Loss_res: 9.913e-01 ,Time: 0.16
Compute NTK...
It: 17800, Loss: 1.002e+00, Loss_bcs: 1.862e-02, Loss_res: 9.835e-01 ,Time: 0.15
Compute NTK...
It: 17900, Loss: 9.942e-01, Loss_bcs: 1.834e-02, Loss_res: 9.759e-01 ,Time: 0.15
Compute NTK...
It: 18000, Loss: 9.864e-01, Loss_bcs: 1.808e-02, Loss_res: 9.683e-01 ,Time: 0.15
Compute NTK...
It: 18100, Loss: 9.788e-01, Loss_bcs: 1.781e-02, Loss_res: 9.609e-01 ,Time: 0.19
Compute NTK...
It: 18200, Loss: 9.712e-01, Loss_bcs: 1.756e-02, Loss_res: 9.536e-01 ,Time: 0.15
Compute NTK...
It: 18300, Loss: 9.638e-01, Loss_bcs: 1.731e-02, Loss_res: 9.465e-01 ,Time: 0.16
Compute NTK...
It: 18400, Loss: 9.565e-01, Loss_bcs: 1.707e-02, Loss_res: 9.394e-01 ,Time: 0.17
Compute NTK...
It: 18500, Loss: 9.492e-01, Loss_bcs: 1.683e-02, Loss_res: 9.324e-01 ,Time: 0.16
Compute NTK...
It: 18600, Loss: 9.421e-01, Loss_bcs: 1.659e-02, Loss_res: 9.255e-01 ,Time: 0.15
Compute NTK...
It: 18700, Loss: 9.351e-01, Loss_bcs: 1.636e-02, Loss_res: 9.188e-01 ,Time: 0.16
Compute NTK...
It: 18800, Loss: 9.282e-01, Loss_bcs: 1.614e-02, Loss_res: 9.121e-01 ,Time: 0.15
Compute NTK...
It: 18900, Loss: 9.214e-01, Loss_bcs: 1.591e-02, Loss_res: 9.055e-01 ,Time: 0.15
Compute NTK...
It: 19000, Loss: 9.148e-01, Loss_bcs: 1.569e-02, Loss_res: 8.991e-01 ,Time: 0.16
Compute NTK...
It: 19100, Loss: 9.082e-01, Loss_bcs: 1.548e-02, Loss_res: 8.927e-01 ,Time: 0.15
Compute NTK...
It: 19200, Loss: 9.017e-01, Loss_bcs: 1.527e-02, Loss_res: 8.864e-01 ,Time: 0.15
Compute NTK...
It: 19300, Loss: 8.953e-01, Loss_bcs: 1.507e-02, Loss_res: 8.802e-01 ,Time: 0.16
Compute NTK...
It: 19400, Loss: 8.889e-01, Loss_bcs: 1.487e-02, Loss_res: 8.741e-01 ,Time: 0.16
Compute NTK...
It: 19500, Loss: 8.827e-01, Loss_bcs: 1.467e-02, Loss_res: 8.680e-01 ,Time: 0.15
Compute NTK...
It: 19600, Loss: 8.766e-01, Loss_bcs: 1.447e-02, Loss_res: 8.621e-01 ,Time: 0.16
Compute NTK...
It: 19700, Loss: 8.705e-01, Loss_bcs: 1.427e-02, Loss_res: 8.563e-01 ,Time: 0.16
Compute NTK...
It: 19800, Loss: 8.646e-01, Loss_bcs: 1.408e-02, Loss_res: 8.505e-01 ,Time: 0.15
Compute NTK...
It: 19900, Loss: 8.587e-01, Loss_bcs: 1.390e-02, Loss_res: 8.448e-01 ,Time: 0.15
Compute NTK...
It: 20000, Loss: 8.529e-01, Loss_bcs: 1.371e-02, Loss_res: 8.392e-01 ,Time: 0.15
Compute NTK...
It: 20100, Loss: 8.472e-01, Loss_bcs: 1.353e-02, Loss_res: 8.336e-01 ,Time: 0.15
Compute NTK...
It: 20200, Loss: 8.415e-01, Loss_bcs: 1.335e-02, Loss_res: 8.282e-01 ,Time: 0.15
Compute NTK...
It: 20300, Loss: 8.360e-01, Loss_bcs: 1.317e-02, Loss_res: 8.228e-01 ,Time: 0.15
Compute NTK...
It: 20400, Loss: 8.305e-01, Loss_bcs: 1.299e-02, Loss_res: 8.175e-01 ,Time: 0.14
Compute NTK...
It: 20500, Loss: 8.251e-01, Loss_bcs: 1.281e-02, Loss_res: 8.123e-01 ,Time: 0.15
Compute NTK...
It: 20600, Loss: 8.197e-01, Loss_bcs: 1.265e-02, Loss_res: 8.071e-01 ,Time: 0.16
Compute NTK...
It: 20700, Loss: 8.144e-01, Loss_bcs: 1.248e-02, Loss_res: 8.020e-01 ,Time: 0.18
Compute NTK...
It: 20800, Loss: 8.092e-01, Loss_bcs: 1.233e-02, Loss_res: 7.969e-01 ,Time: 0.15
Compute NTK...
It: 20900, Loss: 8.041e-01, Loss_bcs: 1.217e-02, Loss_res: 7.919e-01 ,Time: 0.16
Compute NTK...
It: 21000, Loss: 7.991e-01, Loss_bcs: 1.201e-02, Loss_res: 7.870e-01 ,Time: 0.16
Compute NTK...
It: 21100, Loss: 7.940e-01, Loss_bcs: 1.185e-02, Loss_res: 7.822e-01 ,Time: 0.15
Compute NTK...
It: 21200, Loss: 7.891e-01, Loss_bcs: 1.170e-02, Loss_res: 7.774e-01 ,Time: 0.15
Compute NTK...
It: 21300, Loss: 7.842e-01, Loss_bcs: 1.156e-02, Loss_res: 7.727e-01 ,Time: 0.15
Compute NTK...
It: 21400, Loss: 7.794e-01, Loss_bcs: 1.142e-02, Loss_res: 7.680e-01 ,Time: 0.17
Compute NTK...
It: 21500, Loss: 7.747e-01, Loss_bcs: 1.128e-02, Loss_res: 7.634e-01 ,Time: 0.16
Compute NTK...
It: 21600, Loss: 7.700e-01, Loss_bcs: 1.115e-02, Loss_res: 7.588e-01 ,Time: 0.16
Compute NTK...
It: 21700, Loss: 7.653e-01, Loss_bcs: 1.100e-02, Loss_res: 7.543e-01 ,Time: 0.16
Compute NTK...
It: 21800, Loss: 7.607e-01, Loss_bcs: 1.087e-02, Loss_res: 7.499e-01 ,Time: 0.21
Compute NTK...
It: 21900, Loss: 7.562e-01, Loss_bcs: 1.073e-02, Loss_res: 7.455e-01 ,Time: 0.17
Compute NTK...
It: 22000, Loss: 7.517e-01, Loss_bcs: 1.060e-02, Loss_res: 7.411e-01 ,Time: 0.16
Compute NTK...
It: 22100, Loss: 7.473e-01, Loss_bcs: 1.048e-02, Loss_res: 7.368e-01 ,Time: 0.24
Compute NTK...
It: 22200, Loss: 7.430e-01, Loss_bcs: 1.035e-02, Loss_res: 7.326e-01 ,Time: 0.15
Compute NTK...
It: 22300, Loss: 7.387e-01, Loss_bcs: 1.023e-02, Loss_res: 7.284e-01 ,Time: 0.15
Compute NTK...
It: 22400, Loss: 7.344e-01, Loss_bcs: 1.011e-02, Loss_res: 7.243e-01 ,Time: 0.15
Compute NTK...
It: 22500, Loss: 7.302e-01, Loss_bcs: 9.999e-03, Loss_res: 7.202e-01 ,Time: 0.16
Compute NTK...
It: 22600, Loss: 7.260e-01, Loss_bcs: 9.878e-03, Loss_res: 7.162e-01 ,Time: 0.16
Compute NTK...
It: 22700, Loss: 7.219e-01, Loss_bcs: 9.759e-03, Loss_res: 7.122e-01 ,Time: 0.15
Compute NTK...
It: 22800, Loss: 7.179e-01, Loss_bcs: 9.644e-03, Loss_res: 7.082e-01 ,Time: 0.15
Compute NTK...
It: 22900, Loss: 7.138e-01, Loss_bcs: 9.531e-03, Loss_res: 7.043e-01 ,Time: 0.16
Compute NTK...
It: 23000, Loss: 7.099e-01, Loss_bcs: 9.424e-03, Loss_res: 7.005e-01 ,Time: 0.15
Compute NTK...
It: 23100, Loss: 7.059e-01, Loss_bcs: 9.321e-03, Loss_res: 6.966e-01 ,Time: 0.16
Compute NTK...
It: 23200, Loss: 7.021e-01, Loss_bcs: 9.219e-03, Loss_res: 6.929e-01 ,Time: 0.16
Compute NTK...
It: 23300, Loss: 6.982e-01, Loss_bcs: 9.115e-03, Loss_res: 6.891e-01 ,Time: 0.15
Compute NTK...
It: 23400, Loss: 6.944e-01, Loss_bcs: 9.007e-03, Loss_res: 6.854e-01 ,Time: 0.17
Compute NTK...
It: 23500, Loss: 6.907e-01, Loss_bcs: 8.900e-03, Loss_res: 6.818e-01 ,Time: 0.15
Compute NTK...
It: 23600, Loss: 6.870e-01, Loss_bcs: 8.795e-03, Loss_res: 6.782e-01 ,Time: 0.15
Compute NTK...
It: 23700, Loss: 6.833e-01, Loss_bcs: 8.692e-03, Loss_res: 6.746e-01 ,Time: 0.14
Compute NTK...
It: 23800, Loss: 6.796e-01, Loss_bcs: 8.592e-03, Loss_res: 6.710e-01 ,Time: 0.16
Compute NTK...
It: 23900, Loss: 6.760e-01, Loss_bcs: 8.497e-03, Loss_res: 6.675e-01 ,Time: 0.13
Compute NTK...
It: 24000, Loss: 6.724e-01, Loss_bcs: 8.405e-03, Loss_res: 6.640e-01 ,Time: 0.13
Compute NTK...
It: 24100, Loss: 6.689e-01, Loss_bcs: 8.317e-03, Loss_res: 6.606e-01 ,Time: 0.13
Compute NTK...
It: 24200, Loss: 6.654e-01, Loss_bcs: 8.229e-03, Loss_res: 6.572e-01 ,Time: 0.13
Compute NTK...
It: 24300, Loss: 6.620e-01, Loss_bcs: 8.139e-03, Loss_res: 6.538e-01 ,Time: 0.14
Compute NTK...
It: 24400, Loss: 6.586e-01, Loss_bcs: 8.049e-03, Loss_res: 6.505e-01 ,Time: 0.13
Compute NTK...
It: 24500, Loss: 6.552e-01, Loss_bcs: 7.963e-03, Loss_res: 6.472e-01 ,Time: 0.15
Compute NTK...
It: 24600, Loss: 6.518e-01, Loss_bcs: 7.878e-03, Loss_res: 6.440e-01 ,Time: 0.13
Compute NTK...
It: 24700, Loss: 6.485e-01, Loss_bcs: 7.792e-03, Loss_res: 6.407e-01 ,Time: 0.14
Compute NTK...
It: 24800, Loss: 6.453e-01, Loss_bcs: 7.709e-03, Loss_res: 6.375e-01 ,Time: 0.13
Compute NTK...
It: 24900, Loss: 6.420e-01, Loss_bcs: 7.629e-03, Loss_res: 6.344e-01 ,Time: 0.15
Compute NTK...
It: 25000, Loss: 6.388e-01, Loss_bcs: 7.550e-03, Loss_res: 6.312e-01 ,Time: 0.13
Compute NTK...
It: 25100, Loss: 6.356e-01, Loss_bcs: 7.469e-03, Loss_res: 6.281e-01 ,Time: 0.14
Compute NTK...
It: 25200, Loss: 6.324e-01, Loss_bcs: 7.390e-03, Loss_res: 6.250e-01 ,Time: 0.13
Compute NTK...
It: 25300, Loss: 6.293e-01, Loss_bcs: 7.311e-03, Loss_res: 6.220e-01 ,Time: 0.13
Compute NTK...
It: 25400, Loss: 6.262e-01, Loss_bcs: 7.237e-03, Loss_res: 6.190e-01 ,Time: 0.13
Compute NTK...
It: 25500, Loss: 6.231e-01, Loss_bcs: 7.162e-03, Loss_res: 6.160e-01 ,Time: 0.13
Compute NTK...
It: 25600, Loss: 6.201e-01, Loss_bcs: 7.088e-03, Loss_res: 6.130e-01 ,Time: 0.13
Compute NTK...
It: 25700, Loss: 6.171e-01, Loss_bcs: 7.014e-03, Loss_res: 6.101e-01 ,Time: 0.13
Compute NTK...
It: 25800, Loss: 6.141e-01, Loss_bcs: 6.942e-03, Loss_res: 6.071e-01 ,Time: 0.13
Compute NTK...
It: 25900, Loss: 6.111e-01, Loss_bcs: 6.869e-03, Loss_res: 6.042e-01 ,Time: 0.13
Compute NTK...
It: 26000, Loss: 6.082e-01, Loss_bcs: 6.800e-03, Loss_res: 6.014e-01 ,Time: 0.13
Compute NTK...
It: 26100, Loss: 6.052e-01, Loss_bcs: 6.736e-03, Loss_res: 5.985e-01 ,Time: 0.13
Compute NTK...
It: 26200, Loss: 6.024e-01, Loss_bcs: 6.669e-03, Loss_res: 5.957e-01 ,Time: 0.14
Compute NTK...
It: 26300, Loss: 5.995e-01, Loss_bcs: 6.603e-03, Loss_res: 5.929e-01 ,Time: 0.13
Compute NTK...
It: 26400, Loss: 5.967e-01, Loss_bcs: 6.541e-03, Loss_res: 5.901e-01 ,Time: 0.13
Compute NTK...
It: 26500, Loss: 5.939e-01, Loss_bcs: 6.483e-03, Loss_res: 5.874e-01 ,Time: 0.14
Compute NTK...
It: 26600, Loss: 5.911e-01, Loss_bcs: 6.424e-03, Loss_res: 5.846e-01 ,Time: 0.14
Compute NTK...
It: 26700, Loss: 5.883e-01, Loss_bcs: 6.365e-03, Loss_res: 5.819e-01 ,Time: 0.13
Compute NTK...
It: 26800, Loss: 5.856e-01, Loss_bcs: 6.302e-03, Loss_res: 5.793e-01 ,Time: 0.15
Compute NTK...
It: 26900, Loss: 5.828e-01, Loss_bcs: 6.239e-03, Loss_res: 5.766e-01 ,Time: 0.14
Compute NTK...
It: 27000, Loss: 5.801e-01, Loss_bcs: 6.175e-03, Loss_res: 5.740e-01 ,Time: 0.13
Compute NTK...
It: 27100, Loss: 5.775e-01, Loss_bcs: 6.114e-03, Loss_res: 5.714e-01 ,Time: 0.13
Compute NTK...
It: 27200, Loss: 5.748e-01, Loss_bcs: 6.057e-03, Loss_res: 5.688e-01 ,Time: 0.13
Compute NTK...
It: 27300, Loss: 5.722e-01, Loss_bcs: 6.006e-03, Loss_res: 5.662e-01 ,Time: 0.14
Compute NTK...
It: 27400, Loss: 5.696e-01, Loss_bcs: 5.952e-03, Loss_res: 5.636e-01 ,Time: 0.13
Compute NTK...
It: 27500, Loss: 5.670e-01, Loss_bcs: 5.897e-03, Loss_res: 5.611e-01 ,Time: 0.13
Compute NTK...
It: 27600, Loss: 5.644e-01, Loss_bcs: 5.840e-03, Loss_res: 5.586e-01 ,Time: 0.15
Compute NTK...
It: 27700, Loss: 5.619e-01, Loss_bcs: 5.786e-03, Loss_res: 5.561e-01 ,Time: 0.13
Compute NTK...
It: 27800, Loss: 5.594e-01, Loss_bcs: 5.733e-03, Loss_res: 5.536e-01 ,Time: 0.15
Compute NTK...
It: 27900, Loss: 5.569e-01, Loss_bcs: 5.683e-03, Loss_res: 5.512e-01 ,Time: 0.14
Compute NTK...
It: 28000, Loss: 5.544e-01, Loss_bcs: 5.629e-03, Loss_res: 5.488e-01 ,Time: 0.13
Compute NTK...
It: 28100, Loss: 5.519e-01, Loss_bcs: 5.576e-03, Loss_res: 5.464e-01 ,Time: 0.13
Compute NTK...
It: 28200, Loss: 5.495e-01, Loss_bcs: 5.523e-03, Loss_res: 5.440e-01 ,Time: 0.15
Compute NTK...
It: 28300, Loss: 5.471e-01, Loss_bcs: 5.471e-03, Loss_res: 5.416e-01 ,Time: 0.13
Compute NTK...
It: 28400, Loss: 5.447e-01, Loss_bcs: 5.421e-03, Loss_res: 5.393e-01 ,Time: 0.14
Compute NTK...
It: 28500, Loss: 5.423e-01, Loss_bcs: 5.373e-03, Loss_res: 5.369e-01 ,Time: 0.13
Compute NTK...
It: 28600, Loss: 5.399e-01, Loss_bcs: 5.326e-03, Loss_res: 5.346e-01 ,Time: 0.13
Compute NTK...
It: 28700, Loss: 5.376e-01, Loss_bcs: 5.280e-03, Loss_res: 5.323e-01 ,Time: 0.13
Compute NTK...
It: 28800, Loss: 5.352e-01, Loss_bcs: 5.234e-03, Loss_res: 5.300e-01 ,Time: 0.14
Compute NTK...
It: 28900, Loss: 5.329e-01, Loss_bcs: 5.189e-03, Loss_res: 5.277e-01 ,Time: 0.13
Compute NTK...
It: 29000, Loss: 5.306e-01, Loss_bcs: 5.143e-03, Loss_res: 5.255e-01 ,Time: 0.13
Compute NTK...
It: 29100, Loss: 5.283e-01, Loss_bcs: 5.098e-03, Loss_res: 5.232e-01 ,Time: 0.13
Compute NTK...
It: 29200, Loss: 5.261e-01, Loss_bcs: 5.058e-03, Loss_res: 5.210e-01 ,Time: 0.13
Compute NTK...
It: 29300, Loss: 5.238e-01, Loss_bcs: 5.019e-03, Loss_res: 5.188e-01 ,Time: 0.14
Compute NTK...
It: 29400, Loss: 5.216e-01, Loss_bcs: 4.979e-03, Loss_res: 5.166e-01 ,Time: 0.13
Compute NTK...
It: 29500, Loss: 5.194e-01, Loss_bcs: 4.937e-03, Loss_res: 5.144e-01 ,Time: 0.14
Compute NTK...
It: 29600, Loss: 5.172e-01, Loss_bcs: 4.893e-03, Loss_res: 5.123e-01 ,Time: 0.14
Compute NTK...
It: 29700, Loss: 5.150e-01, Loss_bcs: 4.847e-03, Loss_res: 5.101e-01 ,Time: 0.16
Compute NTK...
It: 29800, Loss: 5.128e-01, Loss_bcs: 4.804e-03, Loss_res: 5.080e-01 ,Time: 0.14
Compute NTK...
It: 29900, Loss: 5.107e-01, Loss_bcs: 4.763e-03, Loss_res: 5.059e-01 ,Time: 0.14
Compute NTK...
It: 30000, Loss: 5.085e-01, Loss_bcs: 4.724e-03, Loss_res: 5.038e-01 ,Time: 0.16
Compute NTK...
It: 30100, Loss: 5.064e-01, Loss_bcs: 4.686e-03, Loss_res: 5.017e-01 ,Time: 0.16
Compute NTK...
It: 30200, Loss: 5.043e-01, Loss_bcs: 4.648e-03, Loss_res: 4.996e-01 ,Time: 0.13
Compute NTK...
It: 30300, Loss: 5.022e-01, Loss_bcs: 4.613e-03, Loss_res: 4.975e-01 ,Time: 0.13
Compute NTK...
It: 30400, Loss: 5.000e-01, Loss_bcs: 4.579e-03, Loss_res: 4.955e-01 ,Time: 0.13
Compute NTK...
It: 30500, Loss: 4.980e-01, Loss_bcs: 4.543e-03, Loss_res: 4.934e-01 ,Time: 0.13
Compute NTK...
It: 30600, Loss: 4.959e-01, Loss_bcs: 4.508e-03, Loss_res: 4.914e-01 ,Time: 0.14
Compute NTK...
It: 30700, Loss: 4.939e-01, Loss_bcs: 4.472e-03, Loss_res: 4.894e-01 ,Time: 0.13
Compute NTK...
It: 30800, Loss: 4.918e-01, Loss_bcs: 4.435e-03, Loss_res: 4.874e-01 ,Time: 0.14
Compute NTK...
It: 30900, Loss: 4.898e-01, Loss_bcs: 4.402e-03, Loss_res: 4.854e-01 ,Time: 0.14
Compute NTK...
It: 31000, Loss: 4.878e-01, Loss_bcs: 4.370e-03, Loss_res: 4.834e-01 ,Time: 0.14
Compute NTK...
It: 31100, Loss: 4.858e-01, Loss_bcs: 4.338e-03, Loss_res: 4.815e-01 ,Time: 0.14
Compute NTK...
It: 31200, Loss: 4.838e-01, Loss_bcs: 4.305e-03, Loss_res: 4.795e-01 ,Time: 0.14
Compute NTK...
It: 31300, Loss: 4.819e-01, Loss_bcs: 4.273e-03, Loss_res: 4.776e-01 ,Time: 0.15
Compute NTK...
It: 31400, Loss: 4.799e-01, Loss_bcs: 4.239e-03, Loss_res: 4.757e-01 ,Time: 0.16
Compute NTK...
It: 31500, Loss: 4.780e-01, Loss_bcs: 4.206e-03, Loss_res: 4.738e-01 ,Time: 0.13
Compute NTK...
It: 31600, Loss: 4.761e-01, Loss_bcs: 4.174e-03, Loss_res: 4.719e-01 ,Time: 0.14
Compute NTK...
It: 31700, Loss: 4.741e-01, Loss_bcs: 4.142e-03, Loss_res: 4.700e-01 ,Time: 0.13
Compute NTK...
It: 31800, Loss: 4.722e-01, Loss_bcs: 4.111e-03, Loss_res: 4.681e-01 ,Time: 0.13
Compute NTK...
It: 31900, Loss: 4.703e-01, Loss_bcs: 4.082e-03, Loss_res: 4.662e-01 ,Time: 0.13
Compute NTK...
It: 32000, Loss: 4.684e-01, Loss_bcs: 4.052e-03, Loss_res: 4.644e-01 ,Time: 0.13
Compute NTK...
It: 32100, Loss: 4.666e-01, Loss_bcs: 4.021e-03, Loss_res: 4.625e-01 ,Time: 0.13
Compute NTK...
It: 32200, Loss: 4.647e-01, Loss_bcs: 3.991e-03, Loss_res: 4.607e-01 ,Time: 0.13
Compute NTK...
It: 32300, Loss: 4.628e-01, Loss_bcs: 3.959e-03, Loss_res: 4.589e-01 ,Time: 0.14
Compute NTK...
It: 32400, Loss: 4.610e-01, Loss_bcs: 3.927e-03, Loss_res: 4.571e-01 ,Time: 0.14
Compute NTK...
It: 32500, Loss: 4.592e-01, Loss_bcs: 3.896e-03, Loss_res: 4.553e-01 ,Time: 0.13
Compute NTK...
It: 32600, Loss: 4.573e-01, Loss_bcs: 3.867e-03, Loss_res: 4.535e-01 ,Time: 0.13
Compute NTK...
It: 32700, Loss: 4.555e-01, Loss_bcs: 3.837e-03, Loss_res: 4.517e-01 ,Time: 0.14
Compute NTK...
It: 32800, Loss: 4.537e-01, Loss_bcs: 3.808e-03, Loss_res: 4.499e-01 ,Time: 0.14
Compute NTK...
It: 32900, Loss: 4.519e-01, Loss_bcs: 3.779e-03, Loss_res: 4.482e-01 ,Time: 0.14
Compute NTK...
It: 33000, Loss: 4.502e-01, Loss_bcs: 3.751e-03, Loss_res: 4.464e-01 ,Time: 0.14
Compute NTK...
It: 33100, Loss: 4.484e-01, Loss_bcs: 3.719e-03, Loss_res: 4.447e-01 ,Time: 0.15
Compute NTK...
It: 33200, Loss: 4.466e-01, Loss_bcs: 3.688e-03, Loss_res: 4.429e-01 ,Time: 0.15
Compute NTK...
It: 33300, Loss: 4.449e-01, Loss_bcs: 3.659e-03, Loss_res: 4.412e-01 ,Time: 0.18
Compute NTK...
It: 33400, Loss: 4.432e-01, Loss_bcs: 3.631e-03, Loss_res: 4.395e-01 ,Time: 0.15
Compute NTK...
It: 33500, Loss: 4.415e-01, Loss_bcs: 3.604e-03, Loss_res: 4.379e-01 ,Time: 0.13
Compute NTK...
It: 33600, Loss: 4.397e-01, Loss_bcs: 3.578e-03, Loss_res: 4.362e-01 ,Time: 0.13
Compute NTK...
It: 33700, Loss: 4.380e-01, Loss_bcs: 3.552e-03, Loss_res: 4.345e-01 ,Time: 0.13
Compute NTK...
It: 33800, Loss: 4.363e-01, Loss_bcs: 3.528e-03, Loss_res: 4.328e-01 ,Time: 0.13
Compute NTK...
It: 33900, Loss: 4.346e-01, Loss_bcs: 3.504e-03, Loss_res: 4.311e-01 ,Time: 0.14
Compute NTK...
It: 34000, Loss: 4.330e-01, Loss_bcs: 3.480e-03, Loss_res: 4.295e-01 ,Time: 0.13
Compute NTK...
It: 34100, Loss: 4.313e-01, Loss_bcs: 3.455e-03, Loss_res: 4.278e-01 ,Time: 0.15
Compute NTK...
It: 34200, Loss: 4.296e-01, Loss_bcs: 3.430e-03, Loss_res: 4.262e-01 ,Time: 0.15
Compute NTK...
It: 34300, Loss: 4.280e-01, Loss_bcs: 3.406e-03, Loss_res: 4.246e-01 ,Time: 0.14
Compute NTK...
It: 34400, Loss: 4.264e-01, Loss_bcs: 3.382e-03, Loss_res: 4.230e-01 ,Time: 0.14
Compute NTK...
It: 34500, Loss: 4.247e-01, Loss_bcs: 3.359e-03, Loss_res: 4.214e-01 ,Time: 0.14
Compute NTK...
It: 34600, Loss: 4.231e-01, Loss_bcs: 3.336e-03, Loss_res: 4.198e-01 ,Time: 0.14
Compute NTK...
It: 34700, Loss: 4.215e-01, Loss_bcs: 3.315e-03, Loss_res: 4.182e-01 ,Time: 0.16
Compute NTK...
It: 34800, Loss: 4.199e-01, Loss_bcs: 3.294e-03, Loss_res: 4.166e-01 ,Time: 0.15
Compute NTK...
It: 34900, Loss: 4.183e-01, Loss_bcs: 3.274e-03, Loss_res: 4.151e-01 ,Time: 0.13
Compute NTK...
It: 35000, Loss: 4.167e-01, Loss_bcs: 3.253e-03, Loss_res: 4.135e-01 ,Time: 0.13
Compute NTK...
It: 35100, Loss: 4.152e-01, Loss_bcs: 3.231e-03, Loss_res: 4.119e-01 ,Time: 0.13
Compute NTK...
It: 35200, Loss: 4.136e-01, Loss_bcs: 3.210e-03, Loss_res: 4.104e-01 ,Time: 0.14
Compute NTK...
It: 35300, Loss: 4.121e-01, Loss_bcs: 3.189e-03, Loss_res: 4.089e-01 ,Time: 0.13
Compute NTK...
It: 35400, Loss: 4.105e-01, Loss_bcs: 3.169e-03, Loss_res: 4.073e-01 ,Time: 0.13
Compute NTK...
It: 35500, Loss: 4.090e-01, Loss_bcs: 3.148e-03, Loss_res: 4.058e-01 ,Time: 0.14
Compute NTK...
It: 35600, Loss: 4.075e-01, Loss_bcs: 3.126e-03, Loss_res: 4.043e-01 ,Time: 0.13
Compute NTK...
It: 35700, Loss: 4.059e-01, Loss_bcs: 3.105e-03, Loss_res: 4.028e-01 ,Time: 0.14
Compute NTK...
It: 35800, Loss: 4.044e-01, Loss_bcs: 3.085e-03, Loss_res: 4.013e-01 ,Time: 0.13
Compute NTK...
It: 35900, Loss: 4.029e-01, Loss_bcs: 3.065e-03, Loss_res: 3.998e-01 ,Time: 0.14
Compute NTK...
It: 36000, Loss: 4.014e-01, Loss_bcs: 3.046e-03, Loss_res: 3.984e-01 ,Time: 0.13
Compute NTK...
It: 36100, Loss: 3.999e-01, Loss_bcs: 3.027e-03, Loss_res: 3.969e-01 ,Time: 0.14
Compute NTK...
It: 36200, Loss: 3.984e-01, Loss_bcs: 3.009e-03, Loss_res: 3.954e-01 ,Time: 0.13
Compute NTK...
It: 36300, Loss: 3.969e-01, Loss_bcs: 2.990e-03, Loss_res: 3.940e-01 ,Time: 0.13
Compute NTK...
It: 36400, Loss: 3.955e-01, Loss_bcs: 2.970e-03, Loss_res: 3.925e-01 ,Time: 0.16
Compute NTK...
It: 36500, Loss: 3.940e-01, Loss_bcs: 2.951e-03, Loss_res: 3.911e-01 ,Time: 0.14
Compute NTK...
It: 36600, Loss: 3.926e-01, Loss_bcs: 2.933e-03, Loss_res: 3.896e-01 ,Time: 0.15
Compute NTK...
It: 36700, Loss: 3.911e-01, Loss_bcs: 2.915e-03, Loss_res: 3.882e-01 ,Time: 0.15
Compute NTK...
It: 36800, Loss: 3.897e-01, Loss_bcs: 2.899e-03, Loss_res: 3.868e-01 ,Time: 0.15
Compute NTK...
It: 36900, Loss: 3.882e-01, Loss_bcs: 2.883e-03, Loss_res: 3.854e-01 ,Time: 0.16
Compute NTK...
It: 37000, Loss: 3.868e-01, Loss_bcs: 2.867e-03, Loss_res: 3.839e-01 ,Time: 0.14
Compute NTK...
It: 37100, Loss: 3.854e-01, Loss_bcs: 2.851e-03, Loss_res: 3.825e-01 ,Time: 0.20
Compute NTK...
It: 37200, Loss: 3.840e-01, Loss_bcs: 2.834e-03, Loss_res: 3.812e-01 ,Time: 0.20
Compute NTK...
It: 37300, Loss: 3.826e-01, Loss_bcs: 2.817e-03, Loss_res: 3.798e-01 ,Time: 0.13
Compute NTK...
It: 37400, Loss: 3.812e-01, Loss_bcs: 2.799e-03, Loss_res: 3.784e-01 ,Time: 0.13
Compute NTK...
It: 37500, Loss: 3.798e-01, Loss_bcs: 2.782e-03, Loss_res: 3.770e-01 ,Time: 0.18
Compute NTK...
It: 37600, Loss: 3.784e-01, Loss_bcs: 2.764e-03, Loss_res: 3.757e-01 ,Time: 0.15
Compute NTK...
It: 37700, Loss: 3.770e-01, Loss_bcs: 2.746e-03, Loss_res: 3.743e-01 ,Time: 0.14
Compute NTK...
It: 37800, Loss: 3.757e-01, Loss_bcs: 2.728e-03, Loss_res: 3.729e-01 ,Time: 0.14
Compute NTK...
It: 37900, Loss: 3.743e-01, Loss_bcs: 2.711e-03, Loss_res: 3.716e-01 ,Time: 0.13
Compute NTK...
It: 38000, Loss: 3.730e-01, Loss_bcs: 2.694e-03, Loss_res: 3.703e-01 ,Time: 0.17
Compute NTK...
It: 38100, Loss: 3.716e-01, Loss_bcs: 2.677e-03, Loss_res: 3.689e-01 ,Time: 0.16
Compute NTK...
It: 38200, Loss: 3.703e-01, Loss_bcs: 2.661e-03, Loss_res: 3.676e-01 ,Time: 0.16
Compute NTK...
It: 38300, Loss: 3.690e-01, Loss_bcs: 2.645e-03, Loss_res: 3.663e-01 ,Time: 0.16
Compute NTK...
It: 38400, Loss: 3.677e-01, Loss_bcs: 2.630e-03, Loss_res: 3.650e-01 ,Time: 0.16
Compute NTK...
It: 38500, Loss: 3.663e-01, Loss_bcs: 2.613e-03, Loss_res: 3.637e-01 ,Time: 0.15
Compute NTK...
It: 38600, Loss: 3.651e-01, Loss_bcs: 2.597e-03, Loss_res: 3.625e-01 ,Time: 0.15
Compute NTK...
It: 38700, Loss: 3.637e-01, Loss_bcs: 2.581e-03, Loss_res: 3.612e-01 ,Time: 0.15
Compute NTK...
It: 38800, Loss: 3.625e-01, Loss_bcs: 2.566e-03, Loss_res: 3.599e-01 ,Time: 0.16
Compute NTK...
It: 38900, Loss: 3.612e-01, Loss_bcs: 2.550e-03, Loss_res: 3.586e-01 ,Time: 0.16
Compute NTK...
It: 39000, Loss: 3.599e-01, Loss_bcs: 2.534e-03, Loss_res: 3.573e-01 ,Time: 0.16
Compute NTK...
It: 39100, Loss: 3.586e-01, Loss_bcs: 2.519e-03, Loss_res: 3.561e-01 ,Time: 0.17
Compute NTK...
It: 39200, Loss: 3.573e-01, Loss_bcs: 2.504e-03, Loss_res: 3.548e-01 ,Time: 0.16
Compute NTK...
It: 39300, Loss: 3.561e-01, Loss_bcs: 2.490e-03, Loss_res: 3.536e-01 ,Time: 0.15
Compute NTK...
It: 39400, Loss: 3.548e-01, Loss_bcs: 2.475e-03, Loss_res: 3.523e-01 ,Time: 0.15
Compute NTK...
It: 39500, Loss: 3.536e-01, Loss_bcs: 2.460e-03, Loss_res: 3.511e-01 ,Time: 0.18
Compute NTK...
It: 39600, Loss: 3.523e-01, Loss_bcs: 2.445e-03, Loss_res: 3.499e-01 ,Time: 0.15
Compute NTK...
It: 39700, Loss: 3.511e-01, Loss_bcs: 2.429e-03, Loss_res: 3.487e-01 ,Time: 0.15
Compute NTK...
It: 39800, Loss: 3.499e-01, Loss_bcs: 2.412e-03, Loss_res: 3.475e-01 ,Time: 0.15
Compute NTK...
It: 39900, Loss: 3.487e-01, Loss_bcs: 2.395e-03, Loss_res: 3.463e-01 ,Time: 0.15
Compute NTK...
Gradients information stored ...
It: 40000, Loss: 3.474e-01, Loss_bcs: 2.379e-03, Loss_res: 3.451e-01 ,Time: 0.44
Compute NTK...
Save uv NN parameters successfully in %s ...checkpoints/Dec-08-2023_19-51-15-454344_M1
Final loss total loss: 3.474604e-01
Final loss loss_res: 3.450812e-01
Final loss loss_bcs: 2.379192e-03
