It: 0, Loss: 2.026e+00, loss_bcs: 9.326e-01, Loss_r: 1.094e+00, Time: 16.19
update_res: nan
update_bcs1: nan
adaptive_constant_bcs1_val: 1.131e+00

mean_grad_res/mean_grad_bcs: 2.308e+00
Gradients information stored ...
Gradients information stored ...
It: 1000, Loss: 3.847e-02, loss_bcs: 3.226e-02, Loss_r: 1.997e-03, Time: 229.67
update_res: nan
update_bcs1: nan
adaptive_constant_bcs1_val: 1.036e+00

mean_grad_res/mean_grad_bcs: 1.834e-01
Gradients information stored ...
It: 2000, Loss: 2.351e-02, loss_bcs: 1.790e-02, Loss_r: 4.970e-03, Time: 279.40
update_res: nan
update_bcs1: nan
adaptive_constant_bcs1_val: 1.151e+00

mean_grad_res/mean_grad_bcs: 2.190e+00
It: 3000, Loss: 3.356e-02, loss_bcs: 2.431e-02, Loss_r: 5.572e-03, Time: 338.53
update_res: nan
update_bcs1: nan
adaptive_constant_bcs1_val: 1.103e+00

mean_grad_res/mean_grad_bcs: 6.679e-01
It: 4000, Loss: 3.344e-02, loss_bcs: 2.575e-02, Loss_r: 5.038e-03, Time: 394.67
update_res: nan
update_bcs1: nan
adaptive_constant_bcs1_val: 1.109e+00

mean_grad_res/mean_grad_bcs: 1.161e+00
It: 5000, Loss: 2.634e-02, loss_bcs: 2.032e-02, Loss_r: 3.812e-03, Time: 450.90
update_res: nan
update_bcs1: nan
adaptive_constant_bcs1_val: 1.080e+00

mean_grad_res/mean_grad_bcs: 8.236e-01
It: 6000, Loss: 2.899e-02, loss_bcs: 2.461e-02, Loss_r: 2.402e-03, Time: 507.78
update_res: nan
update_bcs1: nan
adaptive_constant_bcs1_val: 1.117e+00

mean_grad_res/mean_grad_bcs: 1.448e+00
It: 7000, Loss: 2.165e-02, loss_bcs: 1.578e-02, Loss_r: 4.025e-03, Time: 564.25
update_res: nan
update_bcs1: nan
adaptive_constant_bcs1_val: 1.080e+00

mean_grad_res/mean_grad_bcs: 7.509e-01
It: 8000, Loss: 2.719e-02, loss_bcs: 2.287e-02, Loss_r: 2.477e-03, Time: 621.58
update_res: nan
update_bcs1: nan
adaptive_constant_bcs1_val: 1.007e+00

mean_grad_res/mean_grad_bcs: 3.449e-01
It: 9000, Loss: 1.433e-02, loss_bcs: 9.715e-03, Loss_r: 4.551e-03, Time: 680.19
update_res: nan
update_bcs1: nan
adaptive_constant_bcs1_val: 9.936e-01

mean_grad_res/mean_grad_bcs: 8.735e-01
It: 10000, Loss: 1.670e-02, loss_bcs: 1.338e-02, Loss_r: 3.405e-03, Time: 752.57
update_res: nan
update_bcs1: nan
adaptive_constant_bcs1_val: 9.600e-01

mean_grad_res/mean_grad_bcs: 6.576e-01
It: 11000, Loss: 2.345e-02, loss_bcs: 2.183e-02, Loss_r: 2.489e-03, Time: 843.15
update_res: nan
update_bcs1: nan
adaptive_constant_bcs1_val: 8.883e-01

mean_grad_res/mean_grad_bcs: 2.434e-01
It: 12000, Loss: 1.346e-02, loss_bcs: 1.315e-02, Loss_r: 1.775e-03, Time: 906.72
update_res: nan
update_bcs1: nan
adaptive_constant_bcs1_val: 8.435e-01

mean_grad_res/mean_grad_bcs: 4.396e-01
It: 13000, Loss: 1.020e-02, loss_bcs: 1.081e-02, Loss_r: 1.084e-03, Time: 979.02
update_res: nan
update_bcs1: nan
adaptive_constant_bcs1_val: 8.154e-01

mean_grad_res/mean_grad_bcs: 5.629e-01
It: 14000, Loss: 1.639e-02, loss_bcs: 1.771e-02, Loss_r: 1.946e-03, Time: 1107.94
update_res: nan
update_bcs1: nan
adaptive_constant_bcs1_val: 7.606e-01

mean_grad_res/mean_grad_bcs: 2.671e-01
It: 15000, Loss: 1.082e-02, loss_bcs: 1.294e-02, Loss_r: 9.868e-04, Time: 1168.87
update_res: nan
update_bcs1: nan
adaptive_constant_bcs1_val: 7.090e-01

mean_grad_res/mean_grad_bcs: 2.451e-01
It: 16000, Loss: 1.229e-02, loss_bcs: 1.470e-02, Loss_r: 1.870e-03, Time: 1234.15
update_res: nan
update_bcs1: nan
adaptive_constant_bcs1_val: 7.978e-01

mean_grad_res/mean_grad_bcs: 1.597e+00
It: 17000, Loss: 1.360e-02, loss_bcs: 1.428e-02, Loss_r: 2.203e-03, Time: 1332.02
update_res: nan
update_bcs1: nan
adaptive_constant_bcs1_val: 7.555e-01

mean_grad_res/mean_grad_bcs: 3.752e-01
It: 18000, Loss: 9.100e-03, loss_bcs: 9.384e-03, Loss_r: 2.010e-03, Time: 1443.59
update_res: nan
update_bcs1: nan
adaptive_constant_bcs1_val: 8.166e-01

mean_grad_res/mean_grad_bcs: 1.367e+00
It: 19000, Loss: 9.288e-03, loss_bcs: 9.004e-03, Loss_r: 1.935e-03, Time: 1524.86
update_res: nan
update_bcs1: nan
adaptive_constant_bcs1_val: 9.114e-01

mean_grad_res/mean_grad_bcs: 1.764e+00
It: 20000, Loss: 9.386e-03, loss_bcs: 8.944e-03, Loss_r: 1.234e-03, Time: 1613.16
update_res: nan
update_bcs1: nan
adaptive_constant_bcs1_val: 8.565e-01

mean_grad_res/mean_grad_bcs: 3.624e-01
It: 21000, Loss: 1.053e-02, loss_bcs: 1.171e-02, Loss_r: 5.016e-04, Time: 1692.17
update_res: nan
update_bcs1: nan
adaptive_constant_bcs1_val: 8.368e-01

mean_grad_res/mean_grad_bcs: 6.595e-01
It: 22000, Loss: 1.183e-02, loss_bcs: 1.323e-02, Loss_r: 7.526e-04, Time: 1754.58
update_res: nan
update_bcs1: nan
adaptive_constant_bcs1_val: 8.073e-01

mean_grad_res/mean_grad_bcs: 5.418e-01
It: 23000, Loss: 9.813e-03, loss_bcs: 1.112e-02, Loss_r: 8.341e-04, Time: 1825.37
update_res: nan
update_bcs1: nan
adaptive_constant_bcs1_val: 8.028e-01

mean_grad_res/mean_grad_bcs: 7.621e-01
It: 24000, Loss: 1.090e-02, loss_bcs: 1.269e-02, Loss_r: 7.130e-04, Time: 1893.40
update_res: nan
update_bcs1: nan
adaptive_constant_bcs1_val: 7.475e-01

mean_grad_res/mean_grad_bcs: 2.506e-01
It: 25000, Loss: 5.654e-03, loss_bcs: 5.686e-03, Loss_r: 1.404e-03, Time: 1964.68
update_res: nan
update_bcs1: nan
adaptive_constant_bcs1_val: 7.440e-01

mean_grad_res/mean_grad_bcs: 7.125e-01
It: 26000, Loss: 5.326e-03, loss_bcs: 4.984e-03, Loss_r: 1.618e-03, Time: 2034.96
update_res: nan
update_bcs1: nan
adaptive_constant_bcs1_val: 8.558e-01

mean_grad_res/mean_grad_bcs: 1.862e+00
It: 27000, Loss: 1.156e-02, loss_bcs: 1.283e-02, Loss_r: 5.835e-04, Time: 2116.28
update_res: nan
update_bcs1: nan
adaptive_constant_bcs1_val: 8.401e-01

mean_grad_res/mean_grad_bcs: 6.988e-01
It: 28000, Loss: 8.284e-03, loss_bcs: 8.318e-03, Loss_r: 1.297e-03, Time: 2210.64
update_res: nan
update_bcs1: nan
adaptive_constant_bcs1_val: 1.035e+00

mean_grad_res/mean_grad_bcs: 2.792e+00
It: 29000, Loss: 1.049e-02, loss_bcs: 9.003e-03, Loss_r: 1.168e-03, Time: 2299.43
update_res: nan
update_bcs1: nan
adaptive_constant_bcs1_val: 1.290e+00

mean_grad_res/mean_grad_bcs: 3.578e+00
It: 30000, Loss: 1.198e-02, loss_bcs: 8.714e-03, Loss_r: 7.457e-04, Time: 2391.27
update_res: nan
update_bcs1: nan
adaptive_constant_bcs1_val: 1.283e+00

mean_grad_res/mean_grad_bcs: 1.221e+00
It: 31000, Loss: 7.392e-03, loss_bcs: 5.183e-03, Loss_r: 7.435e-04, Time: 2476.68
update_res: nan
update_bcs1: nan
adaptive_constant_bcs1_val: 1.204e+00

mean_grad_res/mean_grad_bcs: 4.979e-01
It: 32000, Loss: 1.187e-02, loss_bcs: 9.392e-03, Loss_r: 5.617e-04, Time: 2553.84
update_res: nan
update_bcs1: nan
adaptive_constant_bcs1_val: 1.105e+00

mean_grad_res/mean_grad_bcs: 2.096e-01
It: 33000, Loss: 9.690e-03, loss_bcs: 8.246e-03, Loss_r: 5.797e-04, Time: 2632.81
update_res: nan
update_bcs1: nan
adaptive_constant_bcs1_val: 1.046e+00

mean_grad_res/mean_grad_bcs: 5.195e-01
It: 34000, Loss: 1.138e-02, loss_bcs: 1.019e-02, Loss_r: 7.111e-04, Time: 2709.21
update_res: nan
update_bcs1: nan
adaptive_constant_bcs1_val: 9.945e-01

mean_grad_res/mean_grad_bcs: 5.290e-01
It: 35000, Loss: 1.028e-02, loss_bcs: 9.885e-03, Loss_r: 4.466e-04, Time: 2786.98
update_res: nan
update_bcs1: nan
adaptive_constant_bcs1_val: 9.534e-01

mean_grad_res/mean_grad_bcs: 5.833e-01
It: 36000, Loss: 1.536e-02, loss_bcs: 1.556e-02, Loss_r: 5.303e-04, Time: 2865.08
update_res: nan
update_bcs1: nan
adaptive_constant_bcs1_val: 9.043e-01

mean_grad_res/mean_grad_bcs: 4.622e-01
It: 37000, Loss: 8.673e-03, loss_bcs: 9.140e-03, Loss_r: 4.079e-04, Time: 2955.39
update_res: nan
update_bcs1: nan
adaptive_constant_bcs1_val: 8.617e-01

mean_grad_res/mean_grad_bcs: 4.788e-01
It: 38000, Loss: 1.067e-02, loss_bcs: 1.160e-02, Loss_r: 6.739e-04, Time: 3043.25
update_res: nan
update_bcs1: nan
adaptive_constant_bcs1_val: 9.202e-01

mean_grad_res/mean_grad_bcs: 1.447e+00
It: 39000, Loss: 1.165e-02, loss_bcs: 1.181e-02, Loss_r: 7.835e-04, Time: 3133.23
update_res: nan
update_bcs1: nan
adaptive_constant_bcs1_val: 1.032e+00

mean_grad_res/mean_grad_bcs: 2.041e+00
Gradients information stored ...
It: 40000, Loss: 4.288e-03, loss_bcs: 3.705e-03, Loss_r: 4.639e-04, Time: 3228.97
update_res: nan
update_bcs1: nan
adaptive_constant_bcs1_val: 9.915e-01

mean_grad_res/mean_grad_bcs: 6.238e-01
l2 error: 9.31e-02
l2 error: 2.03e-01
average lambda_bc9.5557e-01
average lambda_res1.0
Save uv NN parameters successfully in %s ...checkpoints/Dec-28-2023_06-45-11-158126_M2
l2 error: 9.31e-02
l2 error: 2.03e-01
average lambda_bc9.5557e-01
average lambda_res1.0
elapsed: 3.23e+03
Relative L2 error_u: 9.31e-02
Relative L2 error_v: 2.03e-01


Method: mini_batch

average of time_list:3.2294e+03
average of error_u_list:9.3115e-02
average of error_v_list:2.0273e-01
l2 error: 9.31e-02
l2 error: 2.03e-01
average lambda_bc9.5557e-01
average lambda_res1.0
elapsed: 3.23e+03
Relative L2 error_u: 9.31e-02
Relative L2 error_v: 2.03e-01


Method: mini_batch

average of time_list:3.2294e+03
average of error_u_list:9.3115e-02
average of error_v_list:2.0273e-01
