It: 0 |  Loss: 2.256e+01 |  Loss_res: 3.348e-01 |   Loss_bcs1: 1.544e+00 | Loss_bc2s: 1.846e+00 |  loss_ics_u: 2.959e+00 |  Loss_ut_ics: 1.587e+01 |  Time: 1.63
adaptive_constant_res_val: 1.073e+00
adaptive_constant_ics_val: 1.775e+00
adaptive_constant_bcs_val: 3.673e+00
Gradients information stored ...
Gradients information stored ...
It: 1000 |  Loss: 2.655e-01 |  Loss_res: 1.311e-02 |   Loss_bcs1: 3.408e-02 | Loss_bc2s: 1.917e-02 |  loss_ics_u: 1.387e-01 |  Loss_ut_ics: 8.291e-03 |  Time: 54.01
adaptive_constant_res_val: 8.211e-01
adaptive_constant_ics_val: 4.086e+01
adaptive_constant_bcs_val: 6.100e+01
Gradients information stored ...
It: 2000 |  Loss: 1.287e+00 |  Loss_res: 2.535e-02 |   Loss_bcs1: 2.747e-02 | Loss_bc2s: 9.115e-03 |  loss_ics_u: 1.321e-01 |  Loss_ut_ics: 7.650e-03 |  Time: 38.39
adaptive_constant_res_val: 1.092e+00
adaptive_constant_ics_val: 1.047e+02
adaptive_constant_bcs_val: 2.829e+02
It: 3000 |  Loss: 5.159e+00 |  Loss_res: 3.007e-02 |   Loss_bcs1: 2.131e-02 | Loss_bc2s: 1.644e-02 |  loss_ics_u: 1.040e-01 |  Loss_ut_ics: 5.625e-03 |  Time: 34.42
adaptive_constant_res_val: 8.725e-01
adaptive_constant_ics_val: 1.415e+02
adaptive_constant_bcs_val: 7.806e+01
It: 4000 |  Loss: 5.845e+00 |  Loss_res: 7.561e-03 |   Loss_bcs1: 2.341e-02 | Loss_bc2s: 1.279e-02 |  loss_ics_u: 1.089e-01 |  Loss_ut_ics: 2.346e-03 |  Time: 35.11
adaptive_constant_res_val: 6.639e-01
adaptive_constant_ics_val: 8.025e+01
adaptive_constant_bcs_val: 8.659e+01
It: 5000 |  Loss: 5.557e+00 |  Loss_res: 8.029e-03 |   Loss_bcs1: 1.472e-02 | Loss_bc2s: 1.381e-02 |  loss_ics_u: 9.133e-02 |  Loss_ut_ics: 2.950e-03 |  Time: 35.73
adaptive_constant_res_val: 7.199e-01
adaptive_constant_ics_val: 4.939e+01
adaptive_constant_bcs_val: 1.036e+02
It: 6000 |  Loss: 6.122e+00 |  Loss_res: 7.348e-03 |   Loss_bcs1: 1.076e-02 | Loss_bc2s: 9.657e-03 |  loss_ics_u: 9.609e-02 |  Loss_ut_ics: 2.782e-03 |  Time: 34.93
adaptive_constant_res_val: 1.000e+00
adaptive_constant_ics_val: 1.186e+02
adaptive_constant_bcs_val: 2.581e+02
It: 7000 |  Loss: 7.977e+00 |  Loss_res: 7.201e-03 |   Loss_bcs1: 1.433e-02 | Loss_bc2s: 6.766e-03 |  loss_ics_u: 8.526e-02 |  Loss_ut_ics: 5.475e-03 |  Time: 35.56
adaptive_constant_res_val: 6.973e-01
adaptive_constant_ics_val: 3.427e+01
adaptive_constant_bcs_val: 6.897e+01
It: 8000 |  Loss: 7.443e+00 |  Loss_res: 5.515e-03 |   Loss_bcs1: 1.375e-02 | Loss_bc2s: 4.863e-03 |  loss_ics_u: 8.070e-02 |  Loss_ut_ics: 5.394e-03 |  Time: 34.88
adaptive_constant_res_val: 7.527e-01
adaptive_constant_ics_val: 5.834e+01
adaptive_constant_bcs_val: 7.446e+01
It: 9000 |  Loss: 5.545e+00 |  Loss_res: 7.138e-03 |   Loss_bcs1: 7.347e-03 | Loss_bc2s: 4.643e-03 |  loss_ics_u: 5.962e-02 |  Loss_ut_ics: 4.517e-03 |  Time: 36.42
adaptive_constant_res_val: 1.210e+00
adaptive_constant_ics_val: 1.319e+02
adaptive_constant_bcs_val: 2.371e+02
It: 10000 |  Loss: 8.433e+00 |  Loss_res: 2.253e-02 |   Loss_bcs1: 5.272e-03 | Loss_bc2s: 3.396e-03 |  loss_ics_u: 7.624e-02 |  Loss_ut_ics: 2.122e-03 |  Time: 36.42
adaptive_constant_res_val: 2.093e+00
adaptive_constant_ics_val: 4.775e+02
adaptive_constant_bcs_val: 6.227e+02
It: 11000 |  Loss: 1.190e+01 |  Loss_res: 1.984e-02 |   Loss_bcs1: 6.648e-03 | Loss_bc2s: 3.105e-03 |  loss_ics_u: 6.631e-02 |  Loss_ut_ics: 2.379e-03 |  Time: 35.08
adaptive_constant_res_val: 2.769e+00
adaptive_constant_ics_val: 2.860e+02
adaptive_constant_bcs_val: 8.985e+02
It: 12000 |  Loss: 1.531e+01 |  Loss_res: 8.754e-03 |   Loss_bcs1: 5.460e-03 | Loss_bc2s: 4.784e-03 |  loss_ics_u: 5.653e-02 |  Loss_ut_ics: 7.556e-04 |  Time: 34.13
adaptive_constant_res_val: 9.161e-01
adaptive_constant_ics_val: 2.187e+02
adaptive_constant_bcs_val: 3.827e+02
It: 13000 |  Loss: 1.730e+01 |  Loss_res: 4.979e-03 |   Loss_bcs1: 6.108e-03 | Loss_bc2s: 3.377e-03 |  loss_ics_u: 6.151e-02 |  Loss_ut_ics: 1.760e-03 |  Time: 34.19
adaptive_constant_res_val: 3.148e-01
adaptive_constant_ics_val: 2.166e+01
adaptive_constant_bcs_val: 6.241e+01
It: 14000 |  Loss: 1.874e+01 |  Loss_res: 6.178e-03 |   Loss_bcs1: 9.425e-03 | Loss_bc2s: 3.484e-03 |  loss_ics_u: 6.875e-02 |  Loss_ut_ics: 3.365e-03 |  Time: 34.08
adaptive_constant_res_val: 1.358e+00
adaptive_constant_ics_val: 1.208e+02
adaptive_constant_bcs_val: 1.413e+02
It: 15000 |  Loss: 1.240e+01 |  Loss_res: 9.330e-03 |   Loss_bcs1: 7.267e-03 | Loss_bc2s: 3.228e-03 |  loss_ics_u: 4.288e-02 |  Loss_ut_ics: 2.573e-03 |  Time: 34.08
adaptive_constant_res_val: 1.679e+00
adaptive_constant_ics_val: 1.662e+02
adaptive_constant_bcs_val: 4.607e+02
It: 16000 |  Loss: 1.637e+01 |  Loss_res: 7.542e-03 |   Loss_bcs1: 7.387e-03 | Loss_bc2s: 2.859e-03 |  loss_ics_u: 5.507e-02 |  Loss_ut_ics: 2.564e-03 |  Time: 33.94
adaptive_constant_res_val: 4.020e+00
adaptive_constant_ics_val: 3.741e+02
adaptive_constant_bcs_val: 2.790e+03
It: 17000 |  Loss: 2.396e+01 |  Loss_res: 5.774e-03 |   Loss_bcs1: 1.005e-02 | Loss_bc2s: 4.076e-03 |  loss_ics_u: 3.277e-02 |  Loss_ut_ics: 2.557e-03 |  Time: 34.17
adaptive_constant_res_val: 3.016e+00
adaptive_constant_ics_val: 3.442e+02
adaptive_constant_bcs_val: 6.277e+02
It: 18000 |  Loss: 2.289e+01 |  Loss_res: 6.110e-03 |   Loss_bcs1: 9.806e-03 | Loss_bc2s: 4.093e-03 |  loss_ics_u: 2.949e-02 |  Loss_ut_ics: 1.475e-03 |  Time: 34.06
adaptive_constant_res_val: 9.440e-01
adaptive_constant_ics_val: 7.458e+01
adaptive_constant_bcs_val: 4.358e+02
It: 19000 |  Loss: 2.758e+01 |  Loss_res: 5.725e-02 |   Loss_bcs1: 9.748e-03 | Loss_bc2s: 3.754e-03 |  loss_ics_u: 2.381e-02 |  Loss_ut_ics: 3.333e-03 |  Time: 34.06
adaptive_constant_res_val: 8.528e+00
adaptive_constant_ics_val: 2.802e+02
adaptive_constant_bcs_val: 3.230e+03
It: 20000 |  Loss: 2.766e+01 |  Loss_res: 1.593e-02 |   Loss_bcs1: 7.176e-03 | Loss_bc2s: 4.571e-03 |  loss_ics_u: 2.073e-02 |  Loss_ut_ics: 2.390e-03 |  Time: 33.93
adaptive_constant_res_val: 4.335e+00
adaptive_constant_ics_val: 1.812e+02
adaptive_constant_bcs_val: 7.332e+02
It: 21000 |  Loss: 2.540e+01 |  Loss_res: 1.457e-02 |   Loss_bcs1: 6.374e-03 | Loss_bc2s: 5.600e-03 |  loss_ics_u: 1.740e-02 |  Loss_ut_ics: 3.962e-03 |  Time: 34.01
adaptive_constant_res_val: 2.347e+00
adaptive_constant_ics_val: 1.522e+02
adaptive_constant_bcs_val: 3.192e+02
It: 22000 |  Loss: 2.203e+01 |  Loss_res: 1.845e-02 |   Loss_bcs1: 6.090e-03 | Loss_bc2s: 4.984e-03 |  loss_ics_u: 1.451e-02 |  Loss_ut_ics: 4.382e-03 |  Time: 34.11
adaptive_constant_res_val: 5.038e+00
adaptive_constant_ics_val: 1.157e+02
adaptive_constant_bcs_val: 2.660e+03
It: 23000 |  Loss: 2.570e+01 |  Loss_res: 1.810e-02 |   Loss_bcs1: 7.897e-03 | Loss_bc2s: 5.836e-03 |  loss_ics_u: 1.036e-02 |  Loss_ut_ics: 5.522e-03 |  Time: 34.04
adaptive_constant_res_val: 2.555e+00
adaptive_constant_ics_val: 1.642e+02
adaptive_constant_bcs_val: 5.229e+02
It: 24000 |  Loss: 1.962e+01 |  Loss_res: 1.011e-02 |   Loss_bcs1: 6.422e-03 | Loss_bc2s: 5.211e-03 |  loss_ics_u: 8.500e-03 |  Loss_ut_ics: 3.008e-03 |  Time: 34.66
adaptive_constant_res_val: 6.747e+00
adaptive_constant_ics_val: 8.171e+02
adaptive_constant_bcs_val: 1.914e+03
It: 25000 |  Loss: 2.033e+01 |  Loss_res: 1.135e-02 |   Loss_bcs1: 4.192e-03 | Loss_bc2s: 5.505e-03 |  loss_ics_u: 8.431e-03 |  Loss_ut_ics: 3.918e-03 |  Time: 35.69
adaptive_constant_res_val: 7.159e+00
adaptive_constant_ics_val: 2.599e+02
adaptive_constant_bcs_val: 3.992e+03
It: 26000 |  Loss: 2.447e+01 |  Loss_res: 7.803e-03 |   Loss_bcs1: 4.360e-03 | Loss_bc2s: 7.082e-03 |  loss_ics_u: 5.672e-03 |  Loss_ut_ics: 4.017e-03 |  Time: 34.05
adaptive_constant_res_val: 3.085e+00
adaptive_constant_ics_val: 3.447e+02
adaptive_constant_bcs_val: 2.837e+03
It: 27000 |  Loss: 2.357e+01 |  Loss_res: 9.050e-03 |   Loss_bcs1: 3.630e-03 | Loss_bc2s: 5.919e-03 |  loss_ics_u: 5.059e-03 |  Loss_ut_ics: 2.841e-03 |  Time: 34.38
adaptive_constant_res_val: 1.533e+00
adaptive_constant_ics_val: 3.683e+02
adaptive_constant_bcs_val: 9.619e+02
It: 28000 |  Loss: 2.191e+01 |  Loss_res: 7.987e-03 |   Loss_bcs1: 3.741e-03 | Loss_bc2s: 6.089e-03 |  loss_ics_u: 4.250e-03 |  Loss_ut_ics: 2.352e-03 |  Time: 33.91
adaptive_constant_res_val: 1.997e+00
adaptive_constant_ics_val: 1.709e+02
adaptive_constant_bcs_val: 5.203e+02
It: 29000 |  Loss: 2.217e+01 |  Loss_res: 6.125e-03 |   Loss_bcs1: 3.790e-03 | Loss_bc2s: 6.999e-03 |  loss_ics_u: 4.606e-03 |  Loss_ut_ics: 2.866e-03 |  Time: 34.19
adaptive_constant_res_val: 1.830e+00
adaptive_constant_ics_val: 1.339e+02
adaptive_constant_bcs_val: 4.606e+02
It: 30000 |  Loss: 1.631e+01 |  Loss_res: 4.525e-03 |   Loss_bcs1: 2.831e-03 | Loss_bc2s: 5.532e-03 |  loss_ics_u: 3.705e-03 |  Loss_ut_ics: 2.529e-03 |  Time: 33.96
adaptive_constant_res_val: 1.367e+00
adaptive_constant_ics_val: 6.750e+01
adaptive_constant_bcs_val: 7.831e+02
It: 31000 |  Loss: 1.894e+01 |  Loss_res: 5.733e-03 |   Loss_bcs1: 3.417e-03 | Loss_bc2s: 8.355e-03 |  loss_ics_u: 3.048e-03 |  Loss_ut_ics: 1.430e-03 |  Time: 34.13
adaptive_constant_res_val: 2.696e+00
adaptive_constant_ics_val: 6.293e+02
adaptive_constant_bcs_val: 6.356e+02
It: 32000 |  Loss: 1.401e+01 |  Loss_res: 9.002e-03 |   Loss_bcs1: 2.626e-03 | Loss_bc2s: 4.686e-03 |  loss_ics_u: 3.076e-03 |  Loss_ut_ics: 2.265e-03 |  Time: 40.13
adaptive_constant_res_val: 2.525e+00
adaptive_constant_ics_val: 9.455e+01
adaptive_constant_bcs_val: 6.933e+02
It: 33000 |  Loss: 1.538e+01 |  Loss_res: 5.018e-03 |   Loss_bcs1: 3.203e-03 | Loss_bc2s: 6.139e-03 |  loss_ics_u: 3.426e-03 |  Loss_ut_ics: 1.789e-03 |  Time: 37.33
adaptive_constant_res_val: 1.632e+00
adaptive_constant_ics_val: 1.019e+02
adaptive_constant_bcs_val: 5.508e+02
It: 34000 |  Loss: 1.382e+01 |  Loss_res: 3.754e-03 |   Loss_bcs1: 2.757e-03 | Loss_bc2s: 6.217e-03 |  loss_ics_u: 3.289e-03 |  Loss_ut_ics: 1.848e-03 |  Time: 39.49
adaptive_constant_res_val: 1.300e+00
adaptive_constant_ics_val: 9.521e+01
adaptive_constant_bcs_val: 2.780e+02
It: 35000 |  Loss: 1.231e+01 |  Loss_res: 3.567e-03 |   Loss_bcs1: 2.452e-03 | Loss_bc2s: 6.620e-03 |  loss_ics_u: 2.725e-03 |  Loss_ut_ics: 1.684e-03 |  Time: 41.95
adaptive_constant_res_val: 1.100e+00
adaptive_constant_ics_val: 1.161e+02
adaptive_constant_bcs_val: 3.996e+02
It: 36000 |  Loss: 1.109e+01 |  Loss_res: 4.840e-03 |   Loss_bcs1: 2.844e-03 | Loss_bc2s: 5.806e-03 |  loss_ics_u: 2.322e-03 |  Loss_ut_ics: 1.563e-03 |  Time: 42.28
adaptive_constant_res_val: 1.457e+00
adaptive_constant_ics_val: 1.608e+02
adaptive_constant_bcs_val: 4.103e+02
It: 37000 |  Loss: 9.600e+00 |  Loss_res: 3.800e-03 |   Loss_bcs1: 2.213e-03 | Loss_bc2s: 5.775e-03 |  loss_ics_u: 2.272e-03 |  Loss_ut_ics: 1.019e-03 |  Time: 42.15
adaptive_constant_res_val: 1.413e+00
adaptive_constant_ics_val: 3.168e+02
adaptive_constant_bcs_val: 9.448e+02
It: 38000 |  Loss: 9.427e+00 |  Loss_res: 4.198e-03 |   Loss_bcs1: 1.949e-03 | Loss_bc2s: 5.340e-03 |  loss_ics_u: 2.472e-03 |  Loss_ut_ics: 1.417e-03 |  Time: 38.39
adaptive_constant_res_val: 1.202e+00
adaptive_constant_ics_val: 1.010e+02
adaptive_constant_bcs_val: 5.194e+02
It: 39000 |  Loss: 9.968e+00 |  Loss_res: 3.630e-03 |   Loss_bcs1: 2.389e-03 | Loss_bc2s: 5.880e-03 |  loss_ics_u: 2.770e-03 |  Loss_ut_ics: 9.218e-04 |  Time: 42.08
adaptive_constant_res_val: 9.989e-01
adaptive_constant_ics_val: 2.907e+02
adaptive_constant_bcs_val: 8.309e+02
Gradients information stored ...
It: 40000 |  Loss: 9.200e+00 |  Loss_res: 2.820e-03 |   Loss_bcs1: 2.277e-03 | Loss_bc2s: 5.656e-03 |  loss_ics_u: 2.391e-03 |  Loss_ut_ics: 8.683e-04 |  Time: 40.76
adaptive_constant_res_val: 5.997e-01
adaptive_constant_ics_val: 1.036e+02
adaptive_constant_bcs_val: 1.899e+02
Save uv NN parameters successfully in %s ...checkpoints/Dec-20-2023_23-35-28-976876_M2
Final loss total loss: 9.444941e+00
Final loss loss_res: 3.688639e-03
Final loss loss_bc1: 2.276055e-03
Final loss loss_bc2: 5.707385e-03
Final loss loss_ics_u: 2.449893e-03
average lambda_bc : 7.8206e+02
average lambda_ic : 1.9296e+02
average lambda_res : 1.0
