It: 0, Loss: 9.828e+03, loss_bcs: 7.198e-01e, loss_ics: 2.404e-01, Loss_r: 9.827e+03, Time: 2.65
min_grad: 3.726e-02
update_res: nan
update_ics_u_t: 0.000e+00
update_bcs1: 0.000e+00

adaptive_constant_res_val: 1.291e+00
adaptive_constant_ics_val: 9.037e-01
adaptive_constant_bcs1_val: 9.082e-01

mean_grad_res/mean_grad_bcs: 4.763e+01
mean_grad_res/mean_grad_ics: 1.049e+02

mean_grad_bcs/mean_grad_ics: 2.204e+00
Gradients information stored ...
Gradients information stored ...
It: 1000, Loss: 1.629e+02, loss_bcs: 2.085e+01e, loss_ics: 6.288e+01, Loss_r: 6.751e+01, Time: 0.01
min_grad: 1.339e+00
update_res: 0.000e+00
update_ics_u_t: 0.000e+00
update_bcs1: 0.000e+00

adaptive_constant_res_val: 6.832e+00
adaptive_constant_ics_val: 2.525e+00
adaptive_constant_bcs1_val: 9.513e-01

mean_grad_res/mean_grad_bcs: 4.233e+01
mean_grad_res/mean_grad_ics: 3.312e+00

mean_grad_bcs/mean_grad_ics: 7.825e-02
Gradients information stored ...
It: 2000, Loss: 1.069e+02, loss_bcs: 1.431e+01e, loss_ics: 1.697e+01, Loss_r: 7.379e+00, Time: 0.01
min_grad: 1.111e+00
update_res: 0.000e+00
update_ics_u_t: 0.000e+00
update_bcs1: 0.000e+00

adaptive_constant_res_val: 8.777e+00
adaptive_constant_ics_val: 2.644e+00
adaptive_constant_bcs1_val: 9.673e-01

mean_grad_res/mean_grad_bcs: 2.364e+01
mean_grad_res/mean_grad_ics: 7.076e+00

mean_grad_bcs/mean_grad_ics: 2.993e-01
It: 3000, Loss: 8.732e+01, loss_bcs: 1.207e+01e, loss_ics: 1.610e+01, Loss_r: 3.769e+00, Time: 0.01
min_grad: 9.888e-01
update_res: 0.000e+00
update_ics_u_t: 0.000e+00
update_bcs1: 0.000e+00

adaptive_constant_res_val: 8.855e+00
adaptive_constant_ics_val: 2.608e+00
adaptive_constant_bcs1_val: 9.695e-01

mean_grad_res/mean_grad_bcs: 9.670e+00
mean_grad_res/mean_grad_ics: 4.192e+00

mean_grad_bcs/mean_grad_ics: 4.335e-01
It: 4000, Loss: 8.479e+01, loss_bcs: 1.018e+01e, loss_ics: 1.329e+01, Loss_r: 4.547e+00, Time: 0.01
min_grad: 9.780e-01
update_res: 0.000e+00
update_ics_u_t: 0.000e+00
update_bcs1: 0.000e+00

adaptive_constant_res_val: 1.158e+01
adaptive_constant_ics_val: 2.549e+00
adaptive_constant_bcs1_val: 9.703e-01

mean_grad_res/mean_grad_bcs: 3.692e+01
mean_grad_res/mean_grad_ics: 1.784e+01

mean_grad_bcs/mean_grad_ics: 4.831e-01
It: 5000, Loss: 6.510e+01, loss_bcs: 6.348e+00e, loss_ics: 1.058e+01, Loss_r: 2.760e+00, Time: 0.01
min_grad: 7.636e-01
update_res: 4.049e-28
update_ics_u_t: 1.622e-24
update_bcs1: 2.997e-26

adaptive_constant_res_val: 1.227e+01
adaptive_constant_ics_val: 2.426e+00
adaptive_constant_bcs1_val: 9.497e-01

mean_grad_res/mean_grad_bcs: 2.417e+01
mean_grad_res/mean_grad_ics: 1.401e+01

mean_grad_bcs/mean_grad_ics: 5.796e-01
It: 6000, Loss: 1.184e+02, loss_bcs: 2.601e+00e, loss_ics: 6.384e+00, Loss_r: 8.184e+00, Time: 0.02
min_grad: 5.226e-01
update_res: 3.867e-19
update_ics_u_t: 3.120e-17
update_bcs1: 8.369e-19

adaptive_constant_res_val: 2.312e+01
adaptive_constant_ics_val: 2.308e+00
adaptive_constant_bcs1_val: 9.070e-01

mean_grad_res/mean_grad_bcs: 2.312e+02
mean_grad_res/mean_grad_ics: 9.722e+01

mean_grad_bcs/mean_grad_ics: 4.206e-01
It: 7000, Loss: 3.491e+01, loss_bcs: 1.495e+00e, loss_ics: 4.508e+00, Loss_r: 1.001e+00, Time: 0.01
min_grad: 4.273e-01
update_res: 2.922e-19
update_ics_u_t: 6.083e-18
update_bcs1: 3.392e-19

adaptive_constant_res_val: 2.257e+01
adaptive_constant_ics_val: 2.281e+00
adaptive_constant_bcs1_val: 8.590e-01

mean_grad_res/mean_grad_bcs: 4.130e+01
mean_grad_res/mean_grad_ics: 8.663e+00

mean_grad_bcs/mean_grad_ics: 2.098e-01
It: 8000, Loss: 4.426e+01, loss_bcs: 3.683e-01e, loss_ics: 1.734e+00, Loss_r: 1.771e+00, Time: 0.01
min_grad: 2.239e-01
update_res: 1.063e-12
update_ics_u_t: 2.225e-12
update_bcs1: 5.141e-13

adaptive_constant_res_val: 2.139e+01
adaptive_constant_ics_val: 2.155e+00
adaptive_constant_bcs1_val: 7.955e-01

mean_grad_res/mean_grad_bcs: 4.803e+01
mean_grad_res/mean_grad_ics: 1.053e+01

mean_grad_bcs/mean_grad_ics: 2.193e-01
It: 9000, Loss: 1.780e+01, loss_bcs: 6.834e-02e, loss_ics: 5.658e-01, Loss_r: 7.723e-01, Time: 0.01
min_grad: 6.537e-02
update_res: 5.495e-11
update_ics_u_t: 3.281e-11
update_bcs1: 1.860e-11

adaptive_constant_res_val: 2.144e+01
adaptive_constant_ics_val: 2.071e+00
adaptive_constant_bcs1_val: 7.225e-01

mean_grad_res/mean_grad_bcs: 3.338e+02
mean_grad_res/mean_grad_ics: 1.653e+01

mean_grad_bcs/mean_grad_ics: 4.951e-02
It: 10000, Loss: 1.243e+01, loss_bcs: 9.070e-02e, loss_ics: 3.930e-01, Loss_r: 5.388e-01, Time: 0.01
min_grad: 8.414e-02
update_res: 1.553e-06
update_ics_u_t: 1.120e-06
update_bcs1: 8.693e-07

adaptive_constant_res_val: 2.065e+01
adaptive_constant_ics_val: 1.969e+00
adaptive_constant_bcs1_val: 6.586e-01

mean_grad_res/mean_grad_bcs: 1.610e+02
mean_grad_res/mean_grad_ics: 1.293e+01

mean_grad_bcs/mean_grad_ics: 8.032e-02
It: 11000, Loss: 3.153e+01, loss_bcs: 1.173e-01e, loss_ics: 2.184e-01, Loss_r: 1.502e+00, Time: 0.01
min_grad: 1.010e-01
update_res: 4.073e-08
update_ics_u_t: 2.112e-08
update_bcs1: 1.877e-08

adaptive_constant_res_val: 1.997e+01
adaptive_constant_ics_val: 1.822e+00
adaptive_constant_bcs1_val: 6.029e-01

mean_grad_res/mean_grad_bcs: 1.378e+02
mean_grad_res/mean_grad_ics: 2.788e+01

mean_grad_bcs/mean_grad_ics: 2.023e-01
It: 12000, Loss: 2.643e+01, loss_bcs: 1.539e-01e, loss_ics: 1.948e-01, Loss_r: 1.301e+00, Time: 0.01
min_grad: 1.177e-01
update_res: 4.105e-29
update_ics_u_t: 1.587e-30
update_bcs1: 1.474e-30

adaptive_constant_res_val: 1.910e+01
adaptive_constant_ics_val: 1.723e+00
adaptive_constant_bcs1_val: 5.544e-01

mean_grad_res/mean_grad_bcs: 9.529e+01
mean_grad_res/mean_grad_ics: 1.343e+01

mean_grad_bcs/mean_grad_ics: 1.409e-01
It: 13000, Loss: 1.456e+01, loss_bcs: 1.455e-01e, loss_ics: 1.750e-01, Loss_r: 7.423e-01, Time: 0.01
min_grad: 1.155e-01
update_res: 1.610e-04
update_ics_u_t: 1.138e-04
update_bcs1: 1.109e-04

adaptive_constant_res_val: 1.784e+01
adaptive_constant_ics_val: 1.594e+00
adaptive_constant_bcs1_val: 5.105e-01

mean_grad_res/mean_grad_bcs: 5.656e+01
mean_grad_res/mean_grad_ics: 1.504e+01

mean_grad_bcs/mean_grad_ics: 2.658e-01
It: 14000, Loss: 7.160e+00, loss_bcs: 1.594e-01e, loss_ics: 1.452e-01, Loss_r: 3.838e-01, Time: 0.01
min_grad: 1.230e-01
update_res: 3.450e-06
update_ics_u_t: 1.808e-06
update_bcs1: 1.839e-06

adaptive_constant_res_val: 1.678e+01
adaptive_constant_ics_val: 1.481e+00
adaptive_constant_bcs1_val: 4.717e-01

mean_grad_res/mean_grad_bcs: 5.901e+01
mean_grad_res/mean_grad_ics: 1.566e+01

mean_grad_bcs/mean_grad_ics: 2.655e-01
It: 15000, Loss: 5.430e+00, loss_bcs: 1.679e-01e, loss_ics: 1.396e-01, Loss_r: 3.065e-01, Time: 0.01
min_grad: 1.223e-01
update_res: 4.125e-03
update_ics_u_t: 3.174e-03
update_bcs1: 3.255e-03

adaptive_constant_res_val: 1.548e+01
adaptive_constant_ics_val: 1.374e+00
adaptive_constant_bcs1_val: 4.368e-01

mean_grad_res/mean_grad_bcs: 3.051e+01
mean_grad_res/mean_grad_ics: 9.066e+00

mean_grad_bcs/mean_grad_ics: 2.972e-01
It: 16000, Loss: 9.199e+00, loss_bcs: 1.621e-01e, loss_ics: 1.252e-01, Loss_r: 5.786e-01, Time: 0.02
min_grad: 1.178e-01
update_res: 4.460e-03
update_ics_u_t: 3.295e-03
update_bcs1: 3.410e-03

adaptive_constant_res_val: 1.458e+01
adaptive_constant_ics_val: 1.268e+00
adaptive_constant_bcs1_val: 4.049e-01

mean_grad_res/mean_grad_bcs: 5.551e+01
mean_grad_res/mean_grad_ics: 2.111e+01

mean_grad_bcs/mean_grad_ics: 3.804e-01
It: 17000, Loss: 2.956e+00, loss_bcs: 1.690e-01e, loss_ics: 1.287e-01, Loss_r: 1.868e-01, Time: 0.01
min_grad: 1.183e-01
update_res: 1.098e-01
update_ics_u_t: 9.953e-02
update_bcs1: 1.046e-01

adaptive_constant_res_val: 1.346e+01
adaptive_constant_ics_val: 1.177e+00
adaptive_constant_bcs1_val: 3.762e-01

mean_grad_res/mean_grad_bcs: 2.786e+01
mean_grad_res/mean_grad_ics: 9.079e+00

mean_grad_bcs/mean_grad_ics: 3.259e-01
It: 18000, Loss: 2.990e+00, loss_bcs: 1.712e-01e, loss_ics: 1.092e-01, Loss_r: 2.079e-01, Time: 0.01
min_grad: 1.218e-01
update_res: 6.993e-04
update_ics_u_t: 4.070e-04
update_bcs1: 4.310e-04

adaptive_constant_res_val: 1.244e+01
adaptive_constant_ics_val: 1.093e+00
adaptive_constant_bcs1_val: 3.508e-01

mean_grad_res/mean_grad_bcs: 2.687e+01
mean_grad_res/mean_grad_ics: 9.959e+00

mean_grad_bcs/mean_grad_ics: 3.707e-01
It: 19000, Loss: 1.891e+00, loss_bcs: 1.760e-01e, loss_ics: 1.175e-01, Loss_r: 1.367e-01, Time: 0.01
min_grad: 1.203e-01
update_res: 2.689e-01
update_ics_u_t: 2.536e-01
update_bcs1: 2.695e-01

adaptive_constant_res_val: 1.149e+01
adaptive_constant_ics_val: 1.021e+00
adaptive_constant_bcs1_val: 3.277e-01

mean_grad_res/mean_grad_bcs: 2.470e+01
mean_grad_res/mean_grad_ics: 7.854e+00

mean_grad_bcs/mean_grad_ics: 3.179e-01
It: 20000, Loss: 1.535e+00, loss_bcs: 1.666e-01e, loss_ics: 9.649e-02, Loss_r: 1.203e-01, Time: 0.01
min_grad: 1.167e-01
update_res: 2.889e-01
update_ics_u_t: 2.691e-01
update_bcs1: 2.877e-01

adaptive_constant_res_val: 1.061e+01
adaptive_constant_ics_val: 9.452e-01
adaptive_constant_bcs1_val: 3.066e-01

mean_grad_res/mean_grad_bcs: 2.295e+01
mean_grad_res/mean_grad_ics: 1.021e+01

mean_grad_bcs/mean_grad_ics: 4.448e-01
It: 21000, Loss: 8.320e-01, loss_bcs: 1.663e-01e, loss_ics: 9.860e-02, Loss_r: 6.483e-02, Time: 0.01
min_grad: 1.246e-01
update_res: 3.857e-01
update_ics_u_t: 3.678e-01
update_bcs1: 3.943e-01

adaptive_constant_res_val: 9.882e+00
adaptive_constant_ics_val: 8.764e-01
adaptive_constant_bcs1_val: 2.884e-01

mean_grad_res/mean_grad_bcs: 2.675e+01
mean_grad_res/mean_grad_ics: 1.296e+01

mean_grad_bcs/mean_grad_ics: 4.847e-01
It: 22000, Loss: 1.415e+00, loss_bcs: 1.545e-01e, loss_ics: 9.468e-02, Loss_r: 1.303e-01, Time: 0.01
min_grad: 1.152e-01
update_res: 3.772e-01
update_ics_u_t: 3.512e-01
update_bcs1: 3.804e-01

adaptive_constant_res_val: 1.025e+01
adaptive_constant_ics_val: 8.210e-01
adaptive_constant_bcs1_val: 2.711e-01

mean_grad_res/mean_grad_bcs: 1.175e+02
mean_grad_res/mean_grad_ics: 4.194e+01

mean_grad_bcs/mean_grad_ics: 3.571e-01
It: 23000, Loss: 1.134e+00, loss_bcs: 1.717e-01e, loss_ics: 8.790e-02, Loss_r: 9.908e-02, Time: 0.01
min_grad: 1.185e-01
update_res: 4.525e-01
update_ics_u_t: 4.378e-01
update_bcs1: 4.750e-01

adaptive_constant_res_val: 9.514e+00
adaptive_constant_ics_val: 7.675e-01
adaptive_constant_bcs1_val: 2.558e-01

mean_grad_res/mean_grad_bcs: 2.468e+01
mean_grad_res/mean_grad_ics: 1.025e+01

mean_grad_bcs/mean_grad_ics: 4.152e-01
It: 24000, Loss: 1.396e+00, loss_bcs: 1.852e-01e, loss_ics: 9.643e-02, Loss_r: 1.340e-01, Time: 0.01
min_grad: 1.195e-01
update_res: 4.860e-01
update_ics_u_t: 4.715e-01
update_bcs1: 5.114e-01

adaptive_constant_res_val: 9.030e+00
adaptive_constant_ics_val: 7.336e-01
adaptive_constant_bcs1_val: 2.422e-01

mean_grad_res/mean_grad_bcs: 3.915e+01
mean_grad_res/mean_grad_ics: 1.091e+01

mean_grad_bcs/mean_grad_ics: 2.786e-01
It: 25000, Loss: 8.219e-01, loss_bcs: 1.742e-01e, loss_ics: 8.242e-02, Loss_r: 7.965e-02, Time: 0.01
min_grad: 1.181e-01
update_res: 5.398e-01
update_ics_u_t: 5.346e-01
update_bcs1: 5.786e-01

adaptive_constant_res_val: 8.363e+00
adaptive_constant_ics_val: 6.846e-01
adaptive_constant_bcs1_val: 2.298e-01

mean_grad_res/mean_grad_bcs: 1.995e+01
mean_grad_res/mean_grad_ics: 9.683e+00

mean_grad_bcs/mean_grad_ics: 4.853e-01
It: 26000, Loss: 8.374e-01, loss_bcs: 1.674e-01e, loss_ics: 8.411e-02, Loss_r: 8.865e-02, Time: 0.01
min_grad: 1.132e-01
update_res: 5.190e-01
update_ics_u_t: 4.999e-01
update_bcs1: 5.437e-01

adaptive_constant_res_val: 7.964e+00
adaptive_constant_ics_val: 6.404e-01
adaptive_constant_bcs1_val: 2.181e-01

mean_grad_res/mean_grad_bcs: 3.861e+01
mean_grad_res/mean_grad_ics: 1.802e+01

mean_grad_bcs/mean_grad_ics: 4.666e-01
It: 27000, Loss: 2.918e+00, loss_bcs: 1.783e-01e, loss_ics: 8.468e-02, Loss_r: 3.548e-01, Time: 0.01
min_grad: 1.246e-01
update_res: 4.733e-01
update_ics_u_t: 4.390e-01
update_bcs1: 4.768e-01

adaptive_constant_res_val: 7.287e+00
adaptive_constant_ics_val: 5.978e-01
adaptive_constant_bcs1_val: 2.088e-01

mean_grad_res/mean_grad_bcs: 9.585e+00
mean_grad_res/mean_grad_ics: 5.555e+00

mean_grad_bcs/mean_grad_ics: 5.796e-01
It: 28000, Loss: 5.376e-01, loss_bcs: 1.610e-01e, loss_ics: 8.284e-02, Loss_r: 6.237e-02, Time: 0.01
min_grad: 1.098e-01
update_res: 5.965e-01
update_ics_u_t: 5.900e-01
update_bcs1: 6.419e-01

adaptive_constant_res_val: 6.717e+00
adaptive_constant_ics_val: 5.602e-01
adaptive_constant_bcs1_val: 1.989e-01

mean_grad_res/mean_grad_bcs: 1.451e+01
mean_grad_res/mean_grad_ics: 7.193e+00

mean_grad_bcs/mean_grad_ics: 4.956e-01
It: 29000, Loss: 2.031e+00, loss_bcs: 1.718e-01e, loss_ics: 8.739e-02, Loss_r: 2.900e-01, Time: 0.01
min_grad: 1.194e-01
update_res: 5.873e-01
update_ics_u_t: 5.688e-01
update_bcs1: 6.171e-01

adaptive_constant_res_val: 6.352e+00
adaptive_constant_ics_val: 5.263e-01
adaptive_constant_bcs1_val: 1.909e-01

mean_grad_res/mean_grad_bcs: 2.568e+01
mean_grad_res/mean_grad_ics: 1.385e+01

mean_grad_bcs/mean_grad_ics: 5.393e-01
It: 30000, Loss: 5.937e-01, loss_bcs: 1.585e-01e, loss_ics: 8.821e-02, Loss_r: 8.139e-02, Time: 0.01
min_grad: 1.099e-01
update_res: 6.300e-01
update_ics_u_t: 6.284e-01
update_bcs1: 6.803e-01

adaptive_constant_res_val: 5.867e+00
adaptive_constant_ics_val: 4.992e-01
adaptive_constant_bcs1_val: 1.828e-01

mean_grad_res/mean_grad_bcs: 1.366e+01
mean_grad_res/mean_grad_ics: 5.881e+00

mean_grad_bcs/mean_grad_ics: 4.306e-01
It: 31000, Loss: 3.441e-01, loss_bcs: 1.502e-01e, loss_ics: 7.916e-02, Loss_r: 4.724e-02, Time: 0.01
min_grad: 1.091e-01
update_res: 6.462e-01
update_ics_u_t: 6.474e-01
update_bcs1: 7.015e-01

adaptive_constant_res_val: 5.455e+00
adaptive_constant_ics_val: 4.700e-01
adaptive_constant_bcs1_val: 1.754e-01

mean_grad_res/mean_grad_bcs: 1.598e+01
mean_grad_res/mean_grad_ics: 8.424e+00

mean_grad_bcs/mean_grad_ics: 5.271e-01
It: 32000, Loss: 1.073e+00, loss_bcs: 1.522e-01e, loss_ics: 8.312e-02, Loss_r: 1.847e-01, Time: 0.01
min_grad: 1.092e-01
update_res: 6.428e-01
update_ics_u_t: 6.330e-01
update_bcs1: 6.828e-01

adaptive_constant_res_val: 5.046e+00
adaptive_constant_ics_val: 4.409e-01
adaptive_constant_bcs1_val: 1.688e-01

mean_grad_res/mean_grad_bcs: 1.255e+01
mean_grad_res/mean_grad_ics: 7.645e+00

mean_grad_bcs/mean_grad_ics: 6.093e-01
It: 33000, Loss: 2.783e-01, loss_bcs: 1.448e-01e, loss_ics: 7.328e-02, Loss_r: 4.391e-02, Time: 0.01
min_grad: 1.046e-01
update_res: 6.643e-01
update_ics_u_t: 6.667e-01
update_bcs1: 7.185e-01

adaptive_constant_res_val: 4.641e+00
adaptive_constant_ics_val: 4.134e-01
adaptive_constant_bcs1_val: 1.624e-01

mean_grad_res/mean_grad_bcs: 9.543e+00
mean_grad_res/mean_grad_ics: 6.015e+00

mean_grad_bcs/mean_grad_ics: 6.303e-01
It: 34000, Loss: 2.996e-01, loss_bcs: 1.541e-01e, loss_ics: 8.496e-02, Loss_r: 5.159e-02, Time: 0.01
min_grad: 1.079e-01
update_res: 6.719e-01
update_ics_u_t: 6.735e-01
update_bcs1: 7.245e-01

adaptive_constant_res_val: 4.416e+00
adaptive_constant_ics_val: 3.989e-01
adaptive_constant_bcs1_val: 1.569e-01

mean_grad_res/mean_grad_bcs: 2.209e+01
mean_grad_res/mean_grad_ics: 8.885e+00

mean_grad_bcs/mean_grad_ics: 4.022e-01
It: 35000, Loss: 2.416e-01, loss_bcs: 1.415e-01e, loss_ics: 7.387e-02, Loss_r: 4.301e-02, Time: 0.01
min_grad: 1.088e-01
update_res: 6.658e-01
update_ics_u_t: 6.495e-01
update_bcs1: 6.971e-01

adaptive_constant_res_val: 4.161e+00
adaptive_constant_ics_val: 3.757e-01
adaptive_constant_bcs1_val: 1.521e-01

mean_grad_res/mean_grad_bcs: 1.723e+01
mean_grad_res/mean_grad_ics: 1.122e+01

mean_grad_bcs/mean_grad_ics: 6.515e-01
It: 36000, Loss: 2.843e-01, loss_bcs: 1.486e-01e, loss_ics: 6.972e-02, Loss_r: 5.659e-02, Time: 0.01
min_grad: 1.071e-01
update_res: 6.839e-01
update_ics_u_t: 6.888e-01
update_bcs1: 7.397e-01

adaptive_constant_res_val: 3.946e+00
adaptive_constant_ics_val: 3.525e-01
adaptive_constant_bcs1_val: 1.476e-01

mean_grad_res/mean_grad_bcs: 1.877e+01
mean_grad_res/mean_grad_ics: 1.396e+01

mean_grad_bcs/mean_grad_ics: 7.441e-01
It: 37000, Loss: 2.964e-01, loss_bcs: 1.347e-01e, loss_ics: 7.118e-02, Loss_r: 6.370e-02, Time: 0.01
min_grad: 1.007e-01
update_res: 6.865e-01
update_ics_u_t: 6.873e-01
update_bcs1: 7.358e-01

adaptive_constant_res_val: 3.752e+00
adaptive_constant_ics_val: 3.368e-01
adaptive_constant_bcs1_val: 1.429e-01

mean_grad_res/mean_grad_bcs: 1.984e+01
mean_grad_res/mean_grad_ics: 1.021e+01

mean_grad_bcs/mean_grad_ics: 5.148e-01
It: 38000, Loss: 1.605e-01, loss_bcs: 1.150e-01e, loss_ics: 6.471e-02, Loss_r: 3.259e-02, Time: 0.01
min_grad: 8.569e-02
update_res: 6.926e-01
update_ics_u_t: 6.989e-01
update_bcs1: 7.463e-01

adaptive_constant_res_val: 3.593e+00
adaptive_constant_ics_val: 3.164e-01
adaptive_constant_bcs1_val: 1.372e-01

mean_grad_res/mean_grad_bcs: 2.534e+01
mean_grad_res/mean_grad_ics: 1.635e+01

mean_grad_bcs/mean_grad_ics: 6.451e-01
It: 39000, Loss: 1.999e-01, loss_bcs: 1.445e-01e, loss_ics: 7.528e-02, Loss_r: 4.349e-02, Time: 0.01
min_grad: 1.127e-01
update_res: 6.949e-01
update_ics_u_t: 6.983e-01
update_bcs1: 7.425e-01

adaptive_constant_res_val: 3.391e+00
adaptive_constant_ics_val: 3.035e-01
adaptive_constant_bcs1_val: 1.348e-01

mean_grad_res/mean_grad_bcs: 1.388e+01
mean_grad_res/mean_grad_ics: 8.356e+00

mean_grad_bcs/mean_grad_ics: 6.018e-01
Gradients information stored ...
It: 40000, Loss: 1.508e-01, loss_bcs: 1.349e-01e, loss_ics: 7.230e-02, Loss_r: 3.265e-02, Time: 1.10
min_grad: 9.569e-02
update_res: 7.003e-01
update_ics_u_t: 7.145e-01
update_bcs1: 7.617e-01

adaptive_constant_res_val: 3.145e+00
adaptive_constant_ics_val: 2.910e-01
adaptive_constant_bcs1_val: 1.309e-01

mean_grad_res/mean_grad_bcs: 9.719e+00
mean_grad_res/mean_grad_ics: 5.206e+00

mean_grad_bcs/mean_grad_ics: 5.357e-01
average lambda_bc4.3408e-01
average lambda_bc1.1791e+00
average lambda_res1.0
Save uv NN parameters successfully in %s ...checkpoints/Dec-28-2023_06-06-36-245618_M2
Final loss total loss: 1.508273e-01
Final loss loss_res: 3.265005e-02
Final loss loss_bcs: 1.349185e-01
Final loss loss_ics: 7.229540e-02
