Gradients information stored ...
lambda_balance loss_bc1: [1.2970915]
updating  lamda for loss loss_bc1:   [0.0901304]
updating  lamda for loss loss_bc2:   [2.]
updating  lamda for loss loss_ics_u:   [2.]
Gradients information stored ...
lambda_balance loss_bc1: [1.1373696]
lambda_balance loss_ics_u: [1.3850014]
updating  lamda for loss loss_bc1:   [0.056599993]
updating  lamda for loss loss_bc2:   [2.]
updating  lamda for loss loss_ics_u:   [0.22234555]
lambda_balance loss_ics_u: [1.5095412]
updating  lamda for loss loss_bc1:   [0.056599993]
updating  lamda for loss loss_bc2:   [2.]
updating  lamda for loss loss_ics_u:   [0.03089201]
lambda_balance loss_bc1: [1.0000691]
lambda_balance loss_ics_u: [1.0641664]
updating  lamda for loss loss_bc1:   [0.010764216]
updating  lamda for loss loss_bc2:   [2.]
updating  lamda for loss loss_ics_u:   [0.0027319682]
lambda_balance loss_ics_u: [1.0527666]
updating  lamda for loss loss_bc1:   [0.010764216]
updating  lamda for loss loss_bc2:   [2.]
updating  lamda for loss loss_ics_u:   [0.0031254198]
lambda_balance loss_ics_u: [1.0424926]
updating  lamda for loss loss_bc1:   [0.010764216]
updating  lamda for loss loss_bc2:   [2.]
updating  lamda for loss loss_ics_u:   [0.0011839964]
