Gradients information stored ...
It: 100, Loss: 4.465e-01, Loss_res: 6.465e-02,  Loss_bcs1: 3.934e-01,  Loss_bcs2: 2.709e-02,  loss_ics_u: 3.466e-01, Loss_ut_ics: 2.604e-02,, Time: 11.34
minmax ratio : 2.5625e+09
max_grad_bcs1: 9.219e-04 ,max_grad_bcs2: 5.041e-04 ,max_grad_ics: 8.333e-04 ,max_grad_res: 1.492e-01  
min_grad_bcs1: 5.821e-11 ,min_grad_bcs2: 1.450e-10 ,min_grad_ics: 8.804e-10 ,min_grad_res: 1.195e-09  
update_res: 3.856e-02
update_ics_u_t: 3.593e+00
update_bcs1: 7.787e-02
update_bcs2: 2.910e-01
adaptive_constant_res_val: 1.492e-01
adaptive_constant_ics_val: 1.790e+02
adaptive_constant_bcs1_val: 1.618e+02
adaptive_constant_bcs2_val: 2.959e+02
Gradients information stored ...
It: 200, Loss: 2.334e+01, Loss_res: 1.010e-02,  Loss_bcs1: 1.190e-01,  Loss_bcs2: 4.091e-03,  loss_ics_u: 1.076e-01, Loss_ut_ics: 1.611e-02,, Time: 5.91
minmax ratio : 1.7821e+09
max_grad_bcs1: 7.494e-04 ,max_grad_bcs2: 5.680e-05 ,max_grad_ics: 4.332e-04 ,max_grad_res: 2.326e-02  
min_grad_bcs1: 4.348e-10 ,min_grad_bcs2: 1.305e-11 ,min_grad_ics: 2.515e-10 ,min_grad_res: 1.044e-10  
update_res: 2.793e-01
update_ics_u_t: 1.710e+00
update_bcs1: 4.648e-01
update_bcs2: 1.546e+00
adaptive_constant_res_val: 1.492e-01
adaptive_constant_ics_val: 1.790e+02
adaptive_constant_bcs1_val: 1.618e+02
adaptive_constant_bcs2_val: 2.959e+02
It: 300, Loss: 1.591e+01, Loss_res: 1.050e-02,  Loss_bcs1: 8.413e-02,  Loss_bcs2: 4.086e-03,  loss_ics_u: 5.793e-02, Loss_ut_ics: 6.053e-03,, Time: 1.52
minmax ratio : 1.3350e+10
max_grad_bcs1: 2.922e-04 ,max_grad_bcs2: 5.319e-05 ,max_grad_ics: 1.567e-04 ,max_grad_res: 2.425e-02  
min_grad_bcs1: 5.712e-11 ,min_grad_bcs2: 1.817e-12 ,min_grad_ics: 2.586e-12 ,min_grad_res: 2.033e-10  
update_res: 5.788e-01
update_ics_u_t: 1.136e+00
update_bcs1: 6.550e-01
update_bcs2: 1.630e+00
adaptive_constant_res_val: 1.492e-01
adaptive_constant_ics_val: 1.790e+02
adaptive_constant_bcs1_val: 1.618e+02
adaptive_constant_bcs2_val: 2.959e+02
It: 400, Loss: 1.018e+01, Loss_res: 1.041e-02,  Loss_bcs1: 5.763e-02,  Loss_bcs2: 1.176e-03,  loss_ics_u: 5.186e-02, Loss_ut_ics: 2.837e-03,, Time: 1.48
minmax ratio : 2.5648e+10
max_grad_bcs1: 6.112e-04 ,max_grad_bcs2: 3.716e-04 ,max_grad_ics: 1.134e-04 ,max_grad_res: 2.384e-02  
min_grad_bcs1: 1.093e-12 ,min_grad_bcs2: 7.861e-12 ,min_grad_ics: 9.296e-13 ,min_grad_res: 4.329e-10  
update_res: 6.765e-01
update_ics_u_t: 8.155e-01
update_bcs1: 7.521e-01
update_bcs2: 1.756e+00
adaptive_constant_res_val: 1.492e-01
adaptive_constant_ics_val: 1.790e+02
adaptive_constant_bcs1_val: 1.618e+02
adaptive_constant_bcs2_val: 2.959e+02
It: 500, Loss: 8.220e+00, Loss_res: 1.005e-02,  Loss_bcs1: 4.807e-02,  Loss_bcs2: 6.631e-04,  loss_ics_u: 4.340e-02, Loss_ut_ics: 1.374e-03,, Time: 1.43
minmax ratio : 6.8311e+09
max_grad_bcs1: 3.340e-04 ,max_grad_bcs2: 2.124e-04 ,max_grad_ics: 7.841e-05 ,max_grad_res: 2.328e-02  
min_grad_bcs1: 1.811e-10 ,min_grad_bcs2: 1.171e-11 ,min_grad_ics: 3.408e-12 ,min_grad_res: 4.434e-11  
update_res: 5.503e-01
update_ics_u_t: 8.818e-01
update_bcs1: 6.164e-01
update_bcs2: 1.951e+00
adaptive_constant_res_val: 1.492e-01
adaptive_constant_ics_val: 1.790e+02
adaptive_constant_bcs1_val: 1.618e+02
adaptive_constant_bcs2_val: 2.959e+02
It: 600, Loss: 7.267e+00, Loss_res: 1.063e-02,  Loss_bcs1: 3.368e-02,  Loss_bcs2: 5.210e-03,  loss_ics_u: 3.108e-02, Loss_ut_ics: 1.544e-03,, Time: 1.46
minmax ratio : 1.8552e+10
max_grad_bcs1: 8.185e-04 ,max_grad_bcs2: 2.249e-04 ,max_grad_ics: 4.642e-05 ,max_grad_res: 2.456e-02  
min_grad_bcs1: 6.047e-11 ,min_grad_bcs2: 2.213e-12 ,min_grad_ics: 1.324e-12 ,min_grad_res: 2.910e-11  
update_res: 5.753e-01
update_ics_u_t: 9.229e-01
update_bcs1: 6.370e-01
update_bcs2: 1.865e+00
adaptive_constant_res_val: 1.492e-01
adaptive_constant_ics_val: 1.790e+02
adaptive_constant_bcs1_val: 1.618e+02
adaptive_constant_bcs2_val: 2.959e+02
It: 700, Loss: 7.127e+00, Loss_res: 1.049e-02,  Loss_bcs1: 2.307e-02,  Loss_bcs2: 1.075e-02,  loss_ics_u: 1.321e-02, Loss_ut_ics: 1.193e-03,, Time: 1.38
minmax ratio : inf
max_grad_bcs1: 5.307e-04 ,max_grad_bcs2: 4.679e-04 ,max_grad_ics: 4.360e-05 ,max_grad_res: 2.401e-02  
min_grad_bcs1: 1.759e-11 ,min_grad_bcs2: 0.000e+00 ,min_grad_ics: 1.071e-12 ,min_grad_res: 2.001e-11  
update_res: 5.495e-01
update_ics_u_t: 7.708e-01
update_bcs1: 7.013e-01
update_bcs2: 1.978e+00
adaptive_constant_res_val: 1.492e-01
adaptive_constant_ics_val: 1.790e+02
adaptive_constant_bcs1_val: 1.618e+02
adaptive_constant_bcs2_val: 2.959e+02
It: 800, Loss: 2.246e+00, Loss_res: 1.079e-02,  Loss_bcs1: 7.815e-03,  Loss_bcs2: 2.351e-03,  loss_ics_u: 5.041e-03, Loss_ut_ics: 1.596e-03,, Time: 1.31
minmax ratio : inf
max_grad_bcs1: 3.110e-04 ,max_grad_bcs2: 1.111e-04 ,max_grad_ics: 3.843e-05 ,max_grad_res: 2.455e-02  
min_grad_bcs1: 4.645e-11 ,min_grad_bcs2: 0.000e+00 ,min_grad_ics: 1.656e-12 ,min_grad_res: 2.723e-11  
update_res: 5.663e-01
update_ics_u_t: 8.458e-01
update_bcs1: 7.699e-01
update_bcs2: 1.818e+00
adaptive_constant_res_val: 1.492e-01
adaptive_constant_ics_val: 1.790e+02
adaptive_constant_bcs1_val: 1.618e+02
adaptive_constant_bcs2_val: 2.959e+02
It: 900, Loss: 7.882e-01, Loss_res: 9.707e-03,  Loss_bcs1: 2.464e-03,  Loss_bcs2: 9.818e-04,  loss_ics_u: 1.991e-03, Loss_ut_ics: 5.531e-04,, Time: 1.34
minmax ratio : inf
max_grad_bcs1: 3.415e-05 ,max_grad_bcs2: 1.583e-04 ,max_grad_ics: 7.441e-05 ,max_grad_res: 2.248e-02  
min_grad_bcs1: 7.691e-14 ,min_grad_bcs2: 0.000e+00 ,min_grad_ics: 1.753e-11 ,min_grad_res: 2.552e-10  
update_res: 5.791e-01
update_ics_u_t: 8.036e-01
update_bcs1: 9.064e-01
update_bcs2: 1.711e+00
adaptive_constant_res_val: 1.492e-01
adaptive_constant_ics_val: 1.790e+02
adaptive_constant_bcs1_val: 1.618e+02
adaptive_constant_bcs2_val: 2.959e+02
It: 1000, Loss: 1.669e-01, Loss_res: 1.083e-02,  Loss_bcs1: 7.928e-04,  Loss_bcs2: 7.032e-05,  loss_ics_u: 6.473e-04, Loss_ut_ics: 9.928e-05,, Time: 1.40
minmax ratio : inf
max_grad_bcs1: 4.596e-05 ,max_grad_bcs2: 3.660e-05 ,max_grad_ics: 2.320e-05 ,max_grad_res: 2.479e-02  
min_grad_bcs1: 2.001e-11 ,min_grad_bcs2: 0.000e+00 ,min_grad_ics: 7.705e-13 ,min_grad_res: 2.300e-10  
update_res: 3.989e-01
update_ics_u_t: 7.097e-01
update_bcs1: 5.724e-01
update_bcs2: 2.319e+00
adaptive_constant_res_val: 1.492e-01
adaptive_constant_ics_val: 1.790e+02
adaptive_constant_bcs1_val: 1.618e+02
adaptive_constant_bcs2_val: 2.959e+02
Gradients information stored ...
It: 1100, Loss: 1.220e-01, Loss_res: 9.788e-03,  Loss_bcs1: 4.956e-04,  Loss_bcs2: 1.053e-04,  loss_ics_u: 3.665e-04, Loss_ut_ics: 5.939e-05,, Time: 5.80
minmax ratio : inf
max_grad_bcs1: 6.533e-05 ,max_grad_bcs2: 6.607e-05 ,max_grad_ics: 1.066e-05 ,max_grad_res: 2.253e-02  
min_grad_bcs1: 3.089e-11 ,min_grad_bcs2: 0.000e+00 ,min_grad_ics: 2.238e-13 ,min_grad_res: 7.260e-11  
update_res: 3.232e-01
update_ics_u_t: 4.958e-01
update_bcs1: 9.273e-01
update_bcs2: 2.254e+00
adaptive_constant_res_val: 1.492e-01
adaptive_constant_ics_val: 1.790e+02
adaptive_constant_bcs1_val: 1.618e+02
adaptive_constant_bcs2_val: 2.959e+02
It: 1200, Loss: 5.694e-02, Loss_res: 9.861e-03,  Loss_bcs1: 2.963e-04,  Loss_bcs2: 9.912e-06,  loss_ics_u: 2.575e-04, Loss_ut_ics: 3.387e-05,, Time: 1.35
minmax ratio : inf
max_grad_bcs1: 2.848e-05 ,max_grad_bcs2: 3.183e-05 ,max_grad_ics: 1.006e-05 ,max_grad_res: 2.280e-02  
min_grad_bcs1: 8.288e-12 ,min_grad_bcs2: 0.000e+00 ,min_grad_ics: 2.059e-12 ,min_grad_res: 9.277e-11  
update_res: 6.142e-01
update_ics_u_t: 8.315e-01
update_bcs1: 9.920e-01
update_bcs2: 1.562e+00
adaptive_constant_res_val: 1.492e-01
adaptive_constant_ics_val: 1.790e+02
adaptive_constant_bcs1_val: 1.618e+02
adaptive_constant_bcs2_val: 2.959e+02
It: 1300, Loss: 7.818e-02, Loss_res: 1.064e-02,  Loss_bcs1: 3.653e-04,  Loss_bcs2: 4.191e-05,  loss_ics_u: 2.772e-04, Loss_ut_ics: 3.723e-05,, Time: 1.30
minmax ratio : inf
max_grad_bcs1: 1.214e-04 ,max_grad_bcs2: 3.711e-05 ,max_grad_ics: 5.669e-06 ,max_grad_res: 2.436e-02  
min_grad_bcs1: 1.710e-12 ,min_grad_bcs2: 0.000e+00 ,min_grad_ics: 3.177e-13 ,min_grad_res: 6.373e-12  
update_res: 3.734e-01
update_ics_u_t: 7.954e-01
update_bcs1: 1.069e+00
update_bcs2: 1.762e+00
adaptive_constant_res_val: 1.492e-01
adaptive_constant_ics_val: 1.790e+02
adaptive_constant_bcs1_val: 1.618e+02
adaptive_constant_bcs2_val: 2.959e+02
It: 1400, Loss: 4.480e-02, Loss_res: 1.017e-02,  Loss_bcs1: 2.133e-04,  Loss_bcs2: 1.420e-05,  loss_ics_u: 1.651e-04, Loss_ut_ics: 3.399e-05,, Time: 1.38
minmax ratio : inf
max_grad_bcs1: 4.949e-05 ,max_grad_bcs2: 1.831e-05 ,max_grad_ics: 5.231e-06 ,max_grad_res: 2.347e-02  
min_grad_bcs1: 1.091e-11 ,min_grad_bcs2: 0.000e+00 ,min_grad_ics: 6.307e-15 ,min_grad_res: 8.188e-11  
update_res: 2.510e-01
update_ics_u_t: 5.973e-01
update_bcs1: 1.488e+00
update_bcs2: 1.664e+00
adaptive_constant_res_val: 1.492e-01
adaptive_constant_ics_val: 1.790e+02
adaptive_constant_bcs1_val: 1.618e+02
adaptive_constant_bcs2_val: 2.959e+02
It: 1500, Loss: 1.692e+00, Loss_res: 9.292e-03,  Loss_bcs1: 4.513e-03,  Loss_bcs2: 3.230e-03,  loss_ics_u: 1.262e-03, Loss_ut_ics: 3.638e-05,, Time: 1.32
minmax ratio : inf
max_grad_bcs1: 4.674e-04 ,max_grad_bcs2: 3.112e-04 ,max_grad_ics: 3.059e-05 ,max_grad_res: 2.144e-02  
min_grad_bcs1: 5.459e-12 ,min_grad_bcs2: 0.000e+00 ,min_grad_ics: 1.288e-13 ,min_grad_res: 1.953e-10  
update_res: 1.933e-01
update_ics_u_t: 2.696e-01
update_bcs1: 8.581e-01
update_bcs2: 2.679e+00
adaptive_constant_res_val: 1.492e-01
adaptive_constant_ics_val: 1.790e+02
adaptive_constant_bcs1_val: 1.618e+02
adaptive_constant_bcs2_val: 2.959e+02
It: 1600, Loss: 3.124e-01, Loss_res: 1.005e-02,  Loss_bcs1: 1.028e-03,  Loss_bcs2: 4.876e-04,  loss_ics_u: 4.551e-04, Loss_ut_ics: 1.043e-05,, Time: 1.32
minmax ratio : inf
max_grad_bcs1: 3.266e-04 ,max_grad_bcs2: 1.311e-04 ,max_grad_ics: 1.833e-05 ,max_grad_res: 2.312e-02  
min_grad_bcs1: 1.501e-10 ,min_grad_bcs2: 0.000e+00 ,min_grad_ics: 7.614e-12 ,min_grad_res: 1.601e-10  
update_res: 1.857e-01
update_ics_u_t: 5.398e-01
update_bcs1: 1.198e+00
update_bcs2: 2.076e+00
adaptive_constant_res_val: 1.492e-01
adaptive_constant_ics_val: 1.790e+02
adaptive_constant_bcs1_val: 1.618e+02
adaptive_constant_bcs2_val: 2.959e+02
It: 1700, Loss: 7.816e-02, Loss_res: 1.060e-02,  Loss_bcs1: 4.331e-04,  Loss_bcs2: 2.056e-05,  loss_ics_u: 1.822e-04, Loss_ut_ics: 1.121e-05,, Time: 1.32
minmax ratio : inf
max_grad_bcs1: 1.749e-04 ,max_grad_bcs2: 2.632e-05 ,max_grad_ics: 7.937e-06 ,max_grad_res: 2.432e-02  
min_grad_bcs1: 1.260e-12 ,min_grad_bcs2: 0.000e+00 ,min_grad_ics: 8.882e-14 ,min_grad_res: 3.531e-11  
update_res: 1.717e-01
update_ics_u_t: 9.937e-01
update_bcs1: 1.525e+00
update_bcs2: 1.310e+00
adaptive_constant_res_val: 1.492e-01
adaptive_constant_ics_val: 1.790e+02
adaptive_constant_bcs1_val: 1.618e+02
adaptive_constant_bcs2_val: 2.959e+02
It: 1800, Loss: 1.932e-02, Loss_res: 9.942e-03,  Loss_bcs1: 9.859e-05,  Loss_bcs2: 6.968e-06,  loss_ics_u: 8.551e-05, Loss_ut_ics: 7.311e-06,, Time: 1.36
minmax ratio : inf
max_grad_bcs1: 8.575e-06 ,max_grad_bcs2: 2.579e-06 ,max_grad_ics: 4.556e-06 ,max_grad_res: 2.287e-02  
min_grad_bcs1: 2.654e-12 ,min_grad_bcs2: 0.000e+00 ,min_grad_ics: 4.247e-13 ,min_grad_res: 2.014e-10  
update_res: 6.174e-01
update_ics_u_t: 8.296e-01
update_bcs1: 9.748e-01
update_bcs2: 1.578e+00
adaptive_constant_res_val: 1.492e-01
adaptive_constant_ics_val: 1.790e+02
adaptive_constant_bcs1_val: 1.618e+02
adaptive_constant_bcs2_val: 2.959e+02
It: 1900, Loss: 7.348e-02, Loss_res: 1.000e-02,  Loss_bcs1: 2.627e-04,  Loss_bcs2: 8.223e-05,  loss_ics_u: 1.532e-04, Loss_ut_ics: 3.711e-05,, Time: 1.33
minmax ratio : inf
max_grad_bcs1: 6.159e-05 ,max_grad_bcs2: 5.437e-06 ,max_grad_ics: 7.891e-06 ,max_grad_res: 2.297e-02  
min_grad_bcs1: 3.634e-13 ,min_grad_bcs2: 0.000e+00 ,min_grad_ics: 9.786e-15 ,min_grad_res: 1.046e-10  
update_res: 1.562e-01
update_ics_u_t: 7.328e-01
update_bcs1: 1.820e+00
update_bcs2: 1.291e+00
adaptive_constant_res_val: 1.492e-01
adaptive_constant_ics_val: 1.790e+02
adaptive_constant_bcs1_val: 1.618e+02
adaptive_constant_bcs2_val: 2.959e+02
It: 2000, Loss: 1.934e-02, Loss_res: 1.017e-02,  Loss_bcs1: 1.063e-04,  Loss_bcs2: 3.994e-06,  loss_ics_u: 1.001e-04, Loss_ut_ics: 5.339e-06,, Time: 1.41
minmax ratio : inf
max_grad_bcs1: 1.644e-05 ,max_grad_bcs2: 5.827e-06 ,max_grad_ics: 3.313e-06 ,max_grad_res: 2.342e-02  
min_grad_bcs1: 2.139e-12 ,min_grad_bcs2: 0.000e+00 ,min_grad_ics: 2.037e-13 ,min_grad_res: 3.556e-10  
update_res: 6.152e-01
update_ics_u_t: 1.081e+00
update_bcs1: 8.557e-01
update_bcs2: 1.448e+00
adaptive_constant_res_val: 1.492e-01
adaptive_constant_ics_val: 1.790e+02
adaptive_constant_bcs1_val: 1.618e+02
adaptive_constant_bcs2_val: 2.959e+02
It: 2100, Loss: 3.061e-02, Loss_res: 1.038e-02,  Loss_bcs1: 1.584e-04,  Loss_bcs2: 1.446e-05,  loss_ics_u: 6.757e-05, Loss_ut_ics: 3.937e-06,, Time: 1.62
minmax ratio : inf
max_grad_bcs1: 4.164e-05 ,max_grad_bcs2: 4.899e-06 ,max_grad_ics: 5.467e-06 ,max_grad_res: 2.374e-02  
min_grad_bcs1: 1.774e-11 ,min_grad_bcs2: 0.000e+00 ,min_grad_ics: 2.185e-13 ,min_grad_res: 1.908e-10  
update_res: 6.388e-01
update_ics_u_t: 9.648e-01
update_bcs1: 9.506e-01
update_bcs2: 1.446e+00
adaptive_constant_res_val: 1.492e-01
adaptive_constant_ics_val: 1.790e+02
adaptive_constant_bcs1_val: 1.618e+02
adaptive_constant_bcs2_val: 2.959e+02
It: 2200, Loss: 4.583e-02, Loss_res: 1.035e-02,  Loss_bcs1: 2.700e-04,  Loss_bcs2: 3.305e-06,  loss_ics_u: 9.861e-05, Loss_ut_ics: 6.503e-06,, Time: 1.82
minmax ratio : inf
max_grad_bcs1: 1.306e-04 ,max_grad_bcs2: 6.441e-06 ,max_grad_ics: 7.642e-06 ,max_grad_res: 2.405e-02  
min_grad_bcs1: 2.547e-11 ,min_grad_bcs2: 0.000e+00 ,min_grad_ics: 5.700e-13 ,min_grad_res: 9.285e-12  
update_res: 6.088e-01
update_ics_u_t: 9.140e-01
update_bcs1: 9.787e-01
update_bcs2: 1.498e+00
adaptive_constant_res_val: 1.492e-01
adaptive_constant_ics_val: 1.790e+02
adaptive_constant_bcs1_val: 1.618e+02
adaptive_constant_bcs2_val: 2.959e+02
It: 2300, Loss: 1.962e-02, Loss_res: 9.814e-03,  Loss_bcs1: 8.792e-05,  Loss_bcs2: 6.231e-06,  loss_ics_u: 6.390e-05, Loss_ut_ics: 1.985e-05,, Time: 1.76
minmax ratio : inf
max_grad_bcs1: 3.680e-05 ,max_grad_bcs2: 1.008e-05 ,max_grad_ics: 9.155e-06 ,max_grad_res: 2.271e-02  
min_grad_bcs1: 1.021e-11 ,min_grad_bcs2: 0.000e+00 ,min_grad_ics: 1.102e-13 ,min_grad_res: 2.326e-11  
update_res: 3.597e-01
update_ics_u_t: 8.193e-01
update_bcs1: 1.438e+00
update_bcs2: 1.383e+00
adaptive_constant_res_val: 1.492e-01
adaptive_constant_ics_val: 1.790e+02
adaptive_constant_bcs1_val: 1.618e+02
adaptive_constant_bcs2_val: 2.959e+02
It: 2400, Loss: 1.080e-01, Loss_res: 1.018e-02,  Loss_bcs1: 5.193e-04,  Loss_bcs2: 7.264e-05,  loss_ics_u: 1.691e-04, Loss_ut_ics: 1.370e-05,, Time: 1.92
minmax ratio : inf
max_grad_bcs1: 1.854e-04 ,max_grad_bcs2: 3.553e-05 ,max_grad_ics: 1.431e-05 ,max_grad_res: 2.355e-02  
min_grad_bcs1: 2.431e-14 ,min_grad_bcs2: 0.000e+00 ,min_grad_ics: 2.544e-13 ,min_grad_res: 2.132e-10  
update_res: 4.733e-01
update_ics_u_t: 7.877e-01
update_bcs1: 1.144e+00
update_bcs2: 1.595e+00
adaptive_constant_res_val: 1.492e-01
adaptive_constant_ics_val: 1.790e+02
adaptive_constant_bcs1_val: 1.618e+02
adaptive_constant_bcs2_val: 2.959e+02
It: 2500, Loss: 1.799e-02, Loss_res: 1.038e-02,  Loss_bcs1: 6.209e-05,  Loss_bcs2: 2.363e-05,  loss_ics_u: 4.578e-05, Loss_ut_ics: 5.315e-06,, Time: 1.65
minmax ratio : inf
max_grad_bcs1: 1.249e-05 ,max_grad_bcs2: 1.770e-05 ,max_grad_ics: 2.951e-06 ,max_grad_res: 2.372e-02  
min_grad_bcs1: 1.041e-13 ,min_grad_bcs2: 0.000e+00 ,min_grad_ics: 2.763e-14 ,min_grad_res: 2.360e-10  
update_res: 3.225e-01
update_ics_u_t: 6.864e-01
update_bcs1: 1.348e+00
update_bcs2: 1.643e+00
adaptive_constant_res_val: 1.492e-01
adaptive_constant_ics_val: 1.790e+02
adaptive_constant_bcs1_val: 1.618e+02
adaptive_constant_bcs2_val: 2.959e+02
It: 2600, Loss: 1.809e-02, Loss_res: 1.091e-02,  Loss_bcs1: 1.026e-04,  Loss_bcs2: 1.710e-06,  loss_ics_u: 4.963e-05, Loss_ut_ics: 5.532e-06,, Time: 1.66
minmax ratio : inf
max_grad_bcs1: 5.434e-05 ,max_grad_bcs2: 8.262e-06 ,max_grad_ics: 6.305e-06 ,max_grad_res: 2.470e-02  
min_grad_bcs1: 1.203e-12 ,min_grad_bcs2: 0.000e+00 ,min_grad_ics: 3.242e-14 ,min_grad_res: 7.862e-11  
update_res: 1.810e-01
update_ics_u_t: 9.780e-01
update_bcs1: 1.249e+00
update_bcs2: 1.592e+00
adaptive_constant_res_val: 1.492e-01
adaptive_constant_ics_val: 1.790e+02
adaptive_constant_bcs1_val: 1.618e+02
adaptive_constant_bcs2_val: 2.959e+02
It: 2700, Loss: 2.530e-02, Loss_res: 9.762e-03,  Loss_bcs1: 1.166e-04,  Loss_bcs2: 1.906e-05,  loss_ics_u: 8.146e-05, Loss_ut_ics: 4.476e-06,, Time: 1.69
minmax ratio : inf
max_grad_bcs1: 3.780e-05 ,max_grad_bcs2: 1.787e-05 ,max_grad_ics: 1.104e-05 ,max_grad_res: 2.234e-02  
min_grad_bcs1: 2.404e-11 ,min_grad_bcs2: 0.000e+00 ,min_grad_ics: 2.472e-13 ,min_grad_res: 5.775e-11  
update_res: 2.796e-01
update_ics_u_t: 6.303e-01
update_bcs1: 9.141e-01
update_bcs2: 2.176e+00
adaptive_constant_res_val: 1.492e-01
adaptive_constant_ics_val: 1.790e+02
adaptive_constant_bcs1_val: 1.618e+02
adaptive_constant_bcs2_val: 2.959e+02
It: 2800, Loss: 8.535e-02, Loss_res: 9.267e-03,  Loss_bcs1: 3.880e-04,  Loss_bcs2: 8.956e-06,  loss_ics_u: 1.583e-04, Loss_ut_ics: 1.113e-04,, Time: 1.61
minmax ratio : inf
max_grad_bcs1: 1.514e-04 ,max_grad_bcs2: 2.502e-06 ,max_grad_ics: 1.124e-05 ,max_grad_res: 2.138e-02  
min_grad_bcs1: 7.901e-12 ,min_grad_bcs2: 0.000e+00 ,min_grad_ics: 2.037e-14 ,min_grad_res: 5.695e-11  
update_res: 1.976e-01
update_ics_u_t: 1.090e+00
update_bcs1: 1.442e+00
update_bcs2: 1.270e+00
adaptive_constant_res_val: 1.492e-01
adaptive_constant_ics_val: 1.790e+02
adaptive_constant_bcs1_val: 1.618e+02
adaptive_constant_bcs2_val: 2.959e+02
It: 2900, Loss: 2.051e-01, Loss_res: 1.004e-02,  Loss_bcs1: 1.138e-03,  Loss_bcs2: 2.306e-05,  loss_ics_u: 2.157e-04, Loss_ut_ics: 7.952e-05,, Time: 1.61
minmax ratio : inf
max_grad_bcs1: 1.644e-04 ,max_grad_bcs2: 9.671e-06 ,max_grad_ics: 1.754e-05 ,max_grad_res: 2.308e-02  
min_grad_bcs1: 1.072e-10 ,min_grad_bcs2: 0.000e+00 ,min_grad_ics: 4.602e-13 ,min_grad_res: 1.048e-10  
update_res: 2.613e-01
update_ics_u_t: 9.525e-01
update_bcs1: 1.585e+00
update_bcs2: 1.201e+00
adaptive_constant_res_val: 1.492e-01
adaptive_constant_ics_val: 1.790e+02
adaptive_constant_bcs1_val: 1.618e+02
adaptive_constant_bcs2_val: 2.959e+02
It: 3000, Loss: 9.509e-03, Loss_res: 9.990e-03,  Loss_bcs1: 3.789e-05,  Loss_bcs2: 8.622e-06,  loss_ics_u: 3.568e-05, Loss_ut_ics: 4.624e-06,, Time: 1.78
minmax ratio : inf
max_grad_bcs1: 1.865e-05 ,max_grad_bcs2: 1.258e-05 ,max_grad_ics: 8.058e-06 ,max_grad_res: 2.315e-02  
min_grad_bcs1: 1.097e-12 ,min_grad_bcs2: 0.000e+00 ,min_grad_ics: 1.900e-15 ,min_grad_res: 3.233e-10  
update_res: 3.117e-01
update_ics_u_t: 8.101e-01
update_bcs1: 1.486e+00
update_bcs2: 1.392e+00
adaptive_constant_res_val: 1.492e-01
adaptive_constant_ics_val: 1.790e+02
adaptive_constant_bcs1_val: 1.618e+02
adaptive_constant_bcs2_val: 2.959e+02
It: 3100, Loss: 2.162e-02, Loss_res: 1.034e-02,  Loss_bcs1: 1.192e-04,  Loss_bcs2: 4.116e-07,  loss_ics_u: 5.066e-05, Loss_ut_ics: 1.242e-05,, Time: 1.78
minmax ratio : inf
max_grad_bcs1: 6.702e-05 ,max_grad_bcs2: 5.650e-07 ,max_grad_ics: 1.037e-05 ,max_grad_res: 2.375e-02  
min_grad_bcs1: 2.521e-12 ,min_grad_bcs2: 0.000e+00 ,min_grad_ics: 1.627e-13 ,min_grad_res: 2.959e-10  
update_res: 3.301e-01
update_ics_u_t: 8.730e-01
update_bcs1: 1.591e+00
update_bcs2: 1.206e+00
adaptive_constant_res_val: 1.492e-01
adaptive_constant_ics_val: 1.790e+02
adaptive_constant_bcs1_val: 1.618e+02
adaptive_constant_bcs2_val: 2.959e+02
It: 3200, Loss: 2.434e-01, Loss_res: 9.847e-03,  Loss_bcs1: 1.400e-03,  Loss_bcs2: 4.473e-05,  loss_ics_u: 3.351e-04, Loss_ut_ics: 2.025e-05,, Time: 1.75
minmax ratio : inf
max_grad_bcs1: 2.195e-04 ,max_grad_bcs2: 5.531e-05 ,max_grad_ics: 1.882e-05 ,max_grad_res: 2.285e-02  
min_grad_bcs1: 2.007e-12 ,min_grad_bcs2: 0.000e+00 ,min_grad_ics: 3.554e-14 ,min_grad_res: 2.985e-11  
update_res: 2.562e-01
update_ics_u_t: 9.308e-01
update_bcs1: 1.518e+00
update_bcs2: 1.295e+00
adaptive_constant_res_val: 1.492e-01
adaptive_constant_ics_val: 1.790e+02
adaptive_constant_bcs1_val: 1.618e+02
adaptive_constant_bcs2_val: 2.959e+02
It: 3300, Loss: 5.522e-01, Loss_res: 1.039e-02,  Loss_bcs1: 2.532e-03,  Loss_bcs2: 4.552e-04,  loss_ics_u: 5.205e-04, Loss_ut_ics: 4.421e-05,, Time: 1.73
minmax ratio : inf
max_grad_bcs1: 4.007e-04 ,max_grad_bcs2: 9.469e-05 ,max_grad_ics: 2.507e-05 ,max_grad_res: 2.367e-02  
min_grad_bcs1: 2.541e-10 ,min_grad_bcs2: 0.000e+00 ,min_grad_ics: 7.604e-13 ,min_grad_res: 1.075e-10  
update_res: 2.995e-01
update_ics_u_t: 1.030e+00
update_bcs1: 1.091e+00
update_bcs2: 1.579e+00
adaptive_constant_res_val: 1.492e-01
adaptive_constant_ics_val: 1.790e+02
adaptive_constant_bcs1_val: 1.618e+02
adaptive_constant_bcs2_val: 2.959e+02
It: 3400, Loss: 1.011e-02, Loss_res: 8.985e-03,  Loss_bcs1: 5.448e-05,  Loss_bcs2: 2.077e-06,  loss_ics_u: 3.964e-05, Loss_ut_ics: 3.803e-06,, Time: 1.67
minmax ratio : inf
max_grad_bcs1: 1.963e-05 ,max_grad_bcs2: 1.400e-06 ,max_grad_ics: 4.411e-06 ,max_grad_res: 2.088e-02  
min_grad_bcs1: 1.062e-11 ,min_grad_bcs2: 0.000e+00 ,min_grad_ics: 1.398e-13 ,min_grad_res: 3.463e-11  
update_res: 1.953e-01
update_ics_u_t: 5.352e-01
update_bcs1: 2.320e+00
update_bcs2: 9.499e-01
adaptive_constant_res_val: 1.492e-01
adaptive_constant_ics_val: 1.790e+02
adaptive_constant_bcs1_val: 1.618e+02
adaptive_constant_bcs2_val: 2.959e+02
It: 3500, Loss: 1.928e-02, Loss_res: 9.730e-03,  Loss_bcs1: 8.472e-05,  Loss_bcs2: 1.277e-05,  loss_ics_u: 8.121e-05, Loss_ut_ics: 1.001e-05,, Time: 1.72
minmax ratio : inf
max_grad_bcs1: 3.031e-05 ,max_grad_bcs2: 1.183e-06 ,max_grad_ics: 9.935e-06 ,max_grad_res: 2.235e-02  
min_grad_bcs1: 1.865e-13 ,min_grad_bcs2: 0.000e+00 ,min_grad_ics: 7.484e-13 ,min_grad_res: 1.519e-10  
update_res: 1.683e-01
update_ics_u_t: 5.612e-01
update_bcs1: 1.836e+00
update_bcs2: 1.435e+00
adaptive_constant_res_val: 1.492e-01
adaptive_constant_ics_val: 1.790e+02
adaptive_constant_bcs1_val: 1.618e+02
adaptive_constant_bcs2_val: 2.959e+02
It: 3600, Loss: 1.477e-02, Loss_res: 1.036e-02,  Loss_bcs1: 6.661e-05,  Loss_bcs2: 1.190e-05,  loss_ics_u: 6.391e-05, Loss_ut_ics: 2.653e-06,, Time: 1.64
minmax ratio : inf
max_grad_bcs1: 8.716e-06 ,max_grad_bcs2: 2.541e-06 ,max_grad_ics: 4.756e-06 ,max_grad_res: 2.388e-02  
min_grad_bcs1: 1.968e-13 ,min_grad_bcs2: 0.000e+00 ,min_grad_ics: 2.043e-13 ,min_grad_res: 1.819e-12  
update_res: 5.453e-01
update_ics_u_t: 9.170e-01
update_bcs1: 7.292e-01
update_bcs2: 1.809e+00
adaptive_constant_res_val: 1.492e-01
adaptive_constant_ics_val: 1.790e+02
adaptive_constant_bcs1_val: 1.618e+02
adaptive_constant_bcs2_val: 2.959e+02
It: 3700, Loss: 2.052e-02, Loss_res: 9.594e-03,  Loss_bcs1: 8.516e-05,  Loss_bcs2: 1.758e-05,  loss_ics_u: 4.131e-05, Loss_ut_ics: 8.594e-06,, Time: 1.62
minmax ratio : inf
max_grad_bcs1: 4.391e-05 ,max_grad_bcs2: 3.485e-06 ,max_grad_ics: 2.033e-05 ,max_grad_res: 2.225e-02  
min_grad_bcs1: 3.007e-11 ,min_grad_bcs2: 0.000e+00 ,min_grad_ics: 1.233e-12 ,min_grad_res: 1.091e-11  
update_res: 5.237e-01
update_ics_u_t: 1.089e+00
update_bcs1: 8.791e-01
update_bcs2: 1.509e+00
adaptive_constant_res_val: 1.492e-01
adaptive_constant_ics_val: 1.790e+02
adaptive_constant_bcs1_val: 1.618e+02
adaptive_constant_bcs2_val: 2.959e+02
It: 3800, Loss: 8.536e-03, Loss_res: 1.039e-02,  Loss_bcs1: 4.337e-05,  Loss_bcs2: 2.307e-06,  loss_ics_u: 3.547e-05, Loss_ut_ics: 4.672e-06,, Time: 1.74
minmax ratio : inf
max_grad_bcs1: 2.584e-05 ,max_grad_bcs2: 1.431e-05 ,max_grad_ics: 4.679e-06 ,max_grad_res: 2.382e-02  
min_grad_bcs1: 2.800e-12 ,min_grad_bcs2: 0.000e+00 ,min_grad_ics: 3.701e-13 ,min_grad_res: 5.014e-11  
update_res: 4.833e-01
update_ics_u_t: 1.159e+00
update_bcs1: 1.066e+00
update_bcs2: 1.292e+00
adaptive_constant_res_val: 1.492e-01
adaptive_constant_ics_val: 1.790e+02
adaptive_constant_bcs1_val: 1.618e+02
adaptive_constant_bcs2_val: 2.959e+02
It: 3900, Loss: 3.353e-02, Loss_res: 1.070e-02,  Loss_bcs1: 6.981e-05,  Loss_bcs2: 3.001e-05,  loss_ics_u: 5.419e-05, Loss_ut_ics: 7.461e-05,, Time: 1.62
minmax ratio : inf
max_grad_bcs1: 9.763e-05 ,max_grad_bcs2: 2.100e-05 ,max_grad_ics: 2.577e-05 ,max_grad_res: 2.437e-02  
min_grad_bcs1: 1.686e-12 ,min_grad_bcs2: 0.000e+00 ,min_grad_ics: 1.119e-13 ,min_grad_res: 7.807e-11  
update_res: 2.913e-01
update_ics_u_t: 1.361e+00
update_bcs1: 1.210e+00
update_bcs2: 1.138e+00
adaptive_constant_res_val: 1.492e-01
adaptive_constant_ics_val: 1.790e+02
adaptive_constant_bcs1_val: 1.618e+02
adaptive_constant_bcs2_val: 2.959e+02
It: 4000, Loss: 4.904e-02, Loss_res: 9.254e-03,  Loss_bcs1: 8.815e-05,  Loss_bcs2: 1.142e-04,  loss_ics_u: 2.990e-05, Loss_ut_ics: 5.540e-06,, Time: 1.61
minmax ratio : inf
max_grad_bcs1: 4.288e-05 ,max_grad_bcs2: 3.305e-05 ,max_grad_ics: 2.663e-06 ,max_grad_res: 2.158e-02  
min_grad_bcs1: 1.899e-12 ,min_grad_bcs2: 0.000e+00 ,min_grad_ics: 5.356e-15 ,min_grad_res: 1.637e-10  
update_res: 3.802e-01
update_ics_u_t: 1.348e+00
update_bcs1: 1.098e+00
update_bcs2: 1.174e+00
adaptive_constant_res_val: 1.492e-01
adaptive_constant_ics_val: 1.790e+02
adaptive_constant_bcs1_val: 1.618e+02
adaptive_constant_bcs2_val: 2.959e+02
It: 4100, Loss: 8.066e-03, Loss_res: 1.069e-02,  Loss_bcs1: 3.320e-05,  Loss_bcs2: 5.056e-07,  loss_ics_u: 3.071e-05, Loss_ut_ics: 1.422e-05,, Time: 1.70
minmax ratio : inf
max_grad_bcs1: 4.919e-06 ,max_grad_bcs2: 8.028e-06 ,max_grad_ics: 4.222e-06 ,max_grad_res: 2.449e-02  
min_grad_bcs1: 1.306e-13 ,min_grad_bcs2: 0.000e+00 ,min_grad_ics: 8.174e-15 ,min_grad_res: 4.403e-11  
update_res: 2.168e-01
update_ics_u_t: 9.412e-01
update_bcs1: 1.090e+00
update_bcs2: 1.752e+00
adaptive_constant_res_val: 1.492e-01
adaptive_constant_ics_val: 1.790e+02
adaptive_constant_bcs1_val: 1.618e+02
adaptive_constant_bcs2_val: 2.959e+02
It: 4200, Loss: 2.800e-01, Loss_res: 1.017e-02,  Loss_bcs1: 3.394e-04,  Loss_bcs2: 7.291e-04,  loss_ics_u: 3.350e-04, Loss_ut_ics: 5.251e-05,, Time: 1.69
minmax ratio : 1.4787e+12
max_grad_bcs1: 6.395e-05 ,max_grad_bcs2: 5.450e-05 ,max_grad_ics: 2.565e-05 ,max_grad_res: 2.354e-02  
min_grad_bcs1: 2.285e-12 ,min_grad_bcs2: 1.592e-14 ,min_grad_ics: 2.758e-13 ,min_grad_res: 9.437e-11  
update_res: 1.904e-01
update_ics_u_t: 9.557e-01
update_bcs1: 1.693e+00
update_bcs2: 1.161e+00
adaptive_constant_res_val: 1.492e-01
adaptive_constant_ics_val: 1.790e+02
adaptive_constant_bcs1_val: 1.618e+02
adaptive_constant_bcs2_val: 2.959e+02
It: 4300, Loss: 8.690e-03, Loss_res: 1.128e-02,  Loss_bcs1: 3.468e-05,  Loss_bcs2: 7.065e-06,  loss_ics_u: 3.322e-05, Loss_ut_ics: 5.517e-06,, Time: 1.74
minmax ratio : inf
max_grad_bcs1: 1.216e-05 ,max_grad_bcs2: 1.238e-06 ,max_grad_ics: 6.157e-06 ,max_grad_res: 2.573e-02  
min_grad_bcs1: 2.408e-11 ,min_grad_bcs2: 0.000e+00 ,min_grad_ics: 1.520e-13 ,min_grad_res: 2.719e-10  
update_res: 2.448e-01
update_ics_u_t: 9.150e-01
update_bcs1: 6.402e-01
update_bcs2: 2.200e+00
adaptive_constant_res_val: 1.492e-01
adaptive_constant_ics_val: 1.790e+02
adaptive_constant_bcs1_val: 1.618e+02
adaptive_constant_bcs2_val: 2.959e+02
It: 4400, Loss: 1.487e-02, Loss_res: 1.047e-02,  Loss_bcs1: 7.654e-05,  Loss_bcs2: 5.125e-06,  loss_ics_u: 2.512e-05, Loss_ut_ics: 5.402e-06,, Time: 1.85
minmax ratio : inf
max_grad_bcs1: 3.894e-05 ,max_grad_bcs2: 3.761e-06 ,max_grad_ics: 8.321e-06 ,max_grad_res: 2.411e-02  
min_grad_bcs1: 7.886e-13 ,min_grad_bcs2: 0.000e+00 ,min_grad_ics: 2.305e-12 ,min_grad_res: 1.199e-10  
update_res: 5.679e-01
update_ics_u_t: 9.001e-01
update_bcs1: 8.152e-01
update_bcs2: 1.717e+00
adaptive_constant_res_val: 1.492e-01
adaptive_constant_ics_val: 1.790e+02
adaptive_constant_bcs1_val: 1.618e+02
adaptive_constant_bcs2_val: 2.959e+02
It: 4500, Loss: 1.639e-02, Loss_res: 1.063e-02,  Loss_bcs1: 2.425e-05,  Loss_bcs2: 3.586e-05,  loss_ics_u: 1.475e-05, Loss_ut_ics: 1.038e-05,, Time: 1.64
minmax ratio : inf
max_grad_bcs1: 3.247e-05 ,max_grad_bcs2: 4.312e-06 ,max_grad_ics: 2.929e-06 ,max_grad_res: 2.423e-02  
min_grad_bcs1: 3.286e-13 ,min_grad_bcs2: 0.000e+00 ,min_grad_ics: 1.475e-13 ,min_grad_res: 7.105e-12  
update_res: 4.717e-01
update_ics_u_t: 7.769e-01
update_bcs1: 1.158e+00
update_bcs2: 1.593e+00
adaptive_constant_res_val: 1.492e-01
adaptive_constant_ics_val: 1.790e+02
adaptive_constant_bcs1_val: 1.618e+02
adaptive_constant_bcs2_val: 2.959e+02
It: 4600, Loss: 9.451e-03, Loss_res: 1.015e-02,  Loss_bcs1: 2.769e-05,  Loss_bcs2: 9.687e-06,  loss_ics_u: 2.601e-05, Loss_ut_ics: 1.175e-05,, Time: 1.63
minmax ratio : 4.8325e+12
max_grad_bcs1: 9.617e-06 ,max_grad_bcs2: 7.173e-06 ,max_grad_ics: 1.205e-05 ,max_grad_res: 2.325e-02  
min_grad_bcs1: 7.489e-14 ,min_grad_bcs2: 4.811e-15 ,min_grad_ics: 2.175e-14 ,min_grad_res: 1.307e-10  
update_res: 3.277e-01
update_ics_u_t: 8.599e-01
update_bcs1: 1.209e+00
update_bcs2: 1.603e+00
adaptive_constant_res_val: 1.492e-01
adaptive_constant_ics_val: 1.790e+02
adaptive_constant_bcs1_val: 1.618e+02
adaptive_constant_bcs2_val: 2.959e+02
It: 4700, Loss: 1.953e-02, Loss_res: 1.067e-02,  Loss_bcs1: 4.449e-05,  Loss_bcs2: 3.822e-05,  loss_ics_u: 2.133e-05, Loss_ut_ics: 5.717e-06,, Time: 1.72
minmax ratio : 1.8020e+13
max_grad_bcs1: 3.535e-05 ,max_grad_bcs2: 6.445e-06 ,max_grad_ics: 2.869e-06 ,max_grad_res: 2.444e-02  
min_grad_bcs1: 1.215e-11 ,min_grad_bcs2: 1.356e-15 ,min_grad_ics: 4.464e-15 ,min_grad_res: 4.154e-10  
update_res: 4.040e-01
update_ics_u_t: 7.622e-01
update_bcs1: 1.141e+00
update_bcs2: 1.693e+00
adaptive_constant_res_val: 1.492e-01
adaptive_constant_ics_val: 1.790e+02
adaptive_constant_bcs1_val: 1.618e+02
adaptive_constant_bcs2_val: 2.959e+02
It: 4800, Loss: 2.314e-01, Loss_res: 9.994e-03,  Loss_bcs1: 1.066e-03,  Loss_bcs2: 1.511e-04,  loss_ics_u: 2.023e-04, Loss_ut_ics: 7.952e-05,, Time: 1.64
minmax ratio : 1.3809e+12
max_grad_bcs1: 1.638e-04 ,max_grad_bcs2: 3.517e-05 ,max_grad_ics: 1.455e-05 ,max_grad_res: 2.283e-02  
min_grad_bcs1: 1.121e-13 ,min_grad_bcs2: 1.654e-14 ,min_grad_ics: 2.314e-14 ,min_grad_res: 1.942e-11  
update_res: 3.884e-01
update_ics_u_t: 9.165e-01
update_bcs1: 1.369e+00
update_bcs2: 1.326e+00
adaptive_constant_res_val: 1.492e-01
adaptive_constant_ics_val: 1.790e+02
adaptive_constant_bcs1_val: 1.618e+02
adaptive_constant_bcs2_val: 2.959e+02
It: 4900, Loss: 2.761e-02, Loss_res: 1.007e-02,  Loss_bcs1: 4.824e-05,  Loss_bcs2: 1.335e-05,  loss_ics_u: 4.350e-05, Loss_ut_ics: 8.858e-05,, Time: 1.63
minmax ratio : 1.1040e+12
max_grad_bcs1: 3.292e-05 ,max_grad_bcs2: 6.238e-06 ,max_grad_ics: 1.210e-05 ,max_grad_res: 2.328e-02  
min_grad_bcs1: 1.591e-12 ,min_grad_bcs2: 2.108e-14 ,min_grad_ics: 1.193e-13 ,min_grad_res: 5.115e-11  
update_res: 4.345e-01
update_ics_u_t: 9.464e-01
update_bcs1: 1.363e+00
update_bcs2: 1.256e+00
adaptive_constant_res_val: 1.492e-01
adaptive_constant_ics_val: 1.790e+02
adaptive_constant_bcs1_val: 1.618e+02
adaptive_constant_bcs2_val: 2.959e+02
It: 5000, Loss: 5.458e-03, Loss_res: 1.025e-02,  Loss_bcs1: 2.454e-05,  Loss_bcs2: 7.484e-07,  loss_ics_u: 2.346e-05, Loss_ut_ics: 7.075e-06,, Time: 1.59
minmax ratio : 1.6999e+13
max_grad_bcs1: 8.751e-06 ,max_grad_bcs2: 3.639e-06 ,max_grad_ics: 1.392e-05 ,max_grad_res: 2.383e-02  
min_grad_bcs1: 1.402e-15 ,min_grad_bcs2: 3.420e-15 ,min_grad_ics: 2.929e-14 ,min_grad_res: 3.939e-10  
update_res: 2.254e-01
update_ics_u_t: 1.156e+00
update_bcs1: 1.309e+00
update_bcs2: 1.310e+00
adaptive_constant_res_val: 1.492e-01
adaptive_constant_ics_val: 1.790e+02
adaptive_constant_bcs1_val: 1.618e+02
adaptive_constant_bcs2_val: 2.959e+02
It: 5100, Loss: 8.022e-03, Loss_res: 1.106e-02,  Loss_bcs1: 2.945e-05,  Loss_bcs2: 7.788e-06,  loss_ics_u: 2.456e-05, Loss_ut_ics: 5.321e-06,, Time: 1.50
minmax ratio : 1.0641e+14
max_grad_bcs1: 1.033e-05 ,max_grad_bcs2: 8.880e-06 ,max_grad_ics: 6.184e-06 ,max_grad_res: 2.537e-02  
min_grad_bcs1: 5.045e-13 ,min_grad_bcs2: 2.384e-16 ,min_grad_ics: 5.330e-13 ,min_grad_res: 3.790e-10  
update_res: 5.040e-01
update_ics_u_t: 9.874e-01
update_bcs1: 7.168e-01
update_bcs2: 1.792e+00
adaptive_constant_res_val: 1.492e-01
adaptive_constant_ics_val: 1.790e+02
adaptive_constant_bcs1_val: 1.618e+02
adaptive_constant_bcs2_val: 2.959e+02
It: 5200, Loss: 2.191e-02, Loss_res: 1.040e-02,  Loss_bcs1: 4.158e-05,  Loss_bcs2: 4.885e-05,  loss_ics_u: 2.921e-05, Loss_ut_ics: 4.094e-06,, Time: 1.45
minmax ratio : 3.4772e+13
max_grad_bcs1: 2.357e-05 ,max_grad_bcs2: 2.465e-05 ,max_grad_ics: 4.938e-06 ,max_grad_res: 2.389e-02  
min_grad_bcs1: 6.870e-16 ,min_grad_bcs2: 6.532e-14 ,min_grad_ics: 8.730e-15 ,min_grad_res: 2.335e-10  
update_res: 4.151e-01
update_ics_u_t: 8.048e-01
update_bcs1: 1.148e+00
update_bcs2: 1.632e+00
adaptive_constant_res_val: 1.492e-01
adaptive_constant_ics_val: 1.790e+02
adaptive_constant_bcs1_val: 1.618e+02
adaptive_constant_bcs2_val: 2.959e+02
It: 5300, Loss: 1.967e-02, Loss_res: 1.040e-02,  Loss_bcs1: 2.816e-05,  Loss_bcs2: 4.164e-05,  loss_ics_u: 1.748e-05, Loss_ut_ics: 1.561e-05,, Time: 1.69
minmax ratio : 6.4433e+12
max_grad_bcs1: 1.146e-05 ,max_grad_bcs2: 9.906e-06 ,max_grad_ics: 9.008e-06 ,max_grad_res: 2.393e-02  
min_grad_bcs1: 3.766e-13 ,min_grad_bcs2: 3.715e-15 ,min_grad_ics: 1.371e-13 ,min_grad_res: 1.650e-10  
update_res: 4.933e-01
update_ics_u_t: 1.117e+00
update_bcs1: 1.100e+00
update_bcs2: 1.289e+00
adaptive_constant_res_val: 1.492e-01
adaptive_constant_ics_val: 1.790e+02
adaptive_constant_bcs1_val: 1.618e+02
adaptive_constant_bcs2_val: 2.959e+02
It: 5400, Loss: 2.452e-02, Loss_res: 1.012e-02,  Loss_bcs1: 1.022e-04,  Loss_bcs2: 1.830e-05,  loss_ics_u: 2.658e-05, Loss_ut_ics: 1.437e-05,, Time: 1.66
minmax ratio : 4.8401e+14
max_grad_bcs1: 3.880e-05 ,max_grad_bcs2: 1.313e-05 ,max_grad_ics: 8.689e-06 ,max_grad_res: 2.330e-02  
min_grad_bcs1: 1.214e-13 ,min_grad_bcs2: 1.028e-14 ,min_grad_ics: 4.814e-17 ,min_grad_res: 2.947e-10  
update_res: 4.158e-01
update_ics_u_t: 9.812e-01
update_bcs1: 8.957e-01
update_bcs2: 1.707e+00
adaptive_constant_res_val: 1.492e-01
adaptive_constant_ics_val: 1.790e+02
adaptive_constant_bcs1_val: 1.618e+02
adaptive_constant_bcs2_val: 2.959e+02
It: 5500, Loss: 9.785e-02, Loss_res: 1.002e-02,  Loss_bcs1: 3.566e-04,  Loss_bcs2: 1.285e-04,  loss_ics_u: 1.143e-04, Loss_ut_ics: 1.203e-05,, Time: 1.79
minmax ratio : 1.2280e+12
max_grad_bcs1: 7.847e-05 ,max_grad_bcs2: 4.778e-05 ,max_grad_ics: 1.076e-05 ,max_grad_res: 2.303e-02  
min_grad_bcs1: 6.182e-13 ,min_grad_bcs2: 1.876e-14 ,min_grad_ics: 7.785e-14 ,min_grad_res: 1.889e-11  
update_res: 3.082e-01
update_ics_u_t: 6.669e-01
update_bcs1: 8.284e-01
update_bcs2: 2.196e+00
adaptive_constant_res_val: 1.492e-01
adaptive_constant_ics_val: 1.790e+02
adaptive_constant_bcs1_val: 1.618e+02
adaptive_constant_bcs2_val: 2.959e+02
It: 5600, Loss: 3.207e-02, Loss_res: 1.107e-02,  Loss_bcs1: 8.294e-05,  Loss_bcs2: 3.936e-05,  loss_ics_u: 4.528e-05, Loss_ut_ics: 3.910e-05,, Time: 1.79
minmax ratio : 9.4475e+11
max_grad_bcs1: 2.023e-05 ,max_grad_bcs2: 1.514e-05 ,max_grad_ics: 4.076e-05 ,max_grad_res: 2.517e-02  
min_grad_bcs1: 2.292e-13 ,min_grad_bcs2: 4.025e-14 ,min_grad_ics: 2.665e-14 ,min_grad_res: 1.892e-10  
update_res: 3.416e-01
update_ics_u_t: 7.188e-01
update_bcs1: 1.178e+00
update_bcs2: 1.762e+00
adaptive_constant_res_val: 1.492e-01
adaptive_constant_ics_val: 1.790e+02
adaptive_constant_bcs1_val: 1.618e+02
adaptive_constant_bcs2_val: 2.959e+02
It: 5700, Loss: 1.632e-02, Loss_res: 1.005e-02,  Loss_bcs1: 4.892e-05,  Loss_bcs2: 1.450e-05,  loss_ics_u: 3.894e-05, Loss_ut_ics: 2.297e-05,, Time: 1.69
minmax ratio : 6.0738e+11
max_grad_bcs1: 3.046e-05 ,max_grad_bcs2: 2.779e-05 ,max_grad_ics: 1.317e-05 ,max_grad_res: 2.306e-02  
min_grad_bcs1: 6.150e-14 ,min_grad_bcs2: 5.946e-14 ,min_grad_ics: 3.796e-14 ,min_grad_res: 1.385e-10  
update_res: 4.061e-01
update_ics_u_t: 1.005e+00
update_bcs1: 1.587e+00
update_bcs2: 1.002e+00
adaptive_constant_res_val: 1.492e-01
adaptive_constant_ics_val: 1.790e+02
adaptive_constant_bcs1_val: 1.618e+02
adaptive_constant_bcs2_val: 2.959e+02
It: 5800, Loss: 1.188e-01, Loss_res: 1.085e-02,  Loss_bcs1: 3.288e-04,  Loss_bcs2: 1.329e-04,  loss_ics_u: 1.426e-04, Loss_ut_ics: 1.468e-04,, Time: 1.73
minmax ratio : 1.1331e+12
max_grad_bcs1: 7.191e-05 ,max_grad_bcs2: 4.713e-05 ,max_grad_ics: 2.393e-05 ,max_grad_res: 2.506e-02  
min_grad_bcs1: 5.819e-12 ,min_grad_bcs2: 2.211e-14 ,min_grad_ics: 4.193e-13 ,min_grad_res: 1.028e-11  
update_res: 1.978e-01
update_ics_u_t: 7.230e-01
update_bcs1: 1.803e+00
update_bcs2: 1.277e+00
adaptive_constant_res_val: 1.492e-01
adaptive_constant_ics_val: 1.790e+02
adaptive_constant_bcs1_val: 1.618e+02
adaptive_constant_bcs2_val: 2.959e+02
It: 5900, Loss: 5.985e-03, Loss_res: 9.539e-03,  Loss_bcs1: 2.610e-05,  Loss_bcs2: 9.183e-07,  loss_ics_u: 2.445e-05, Loss_ut_ics: 8.322e-06,, Time: 1.66
minmax ratio : 4.9172e+13
max_grad_bcs1: 5.163e-06 ,max_grad_bcs2: 9.471e-07 ,max_grad_ics: 1.064e-05 ,max_grad_res: 2.197e-02  
min_grad_bcs1: 7.469e-14 ,min_grad_bcs2: 4.469e-16 ,min_grad_ics: 2.325e-13 ,min_grad_res: 1.863e-10  
update_res: 2.986e-01
update_ics_u_t: 8.948e-01
update_bcs1: 1.081e+00
update_bcs2: 1.726e+00
adaptive_constant_res_val: 1.492e-01
adaptive_constant_ics_val: 1.790e+02
adaptive_constant_bcs1_val: 1.618e+02
adaptive_constant_bcs2_val: 2.959e+02
It: 6000, Loss: 1.292e-02, Loss_res: 9.595e-03,  Loss_bcs1: 1.261e-05,  Loss_bcs2: 3.110e-05,  loss_ics_u: 1.147e-05, Loss_ut_ics: 9.359e-06,, Time: 1.64
minmax ratio : 3.0859e+12
max_grad_bcs1: 1.896e-05 ,max_grad_bcs2: 2.045e-05 ,max_grad_ics: 5.026e-06 ,max_grad_res: 2.218e-02  
min_grad_bcs1: 6.025e-12 ,min_grad_bcs2: 7.187e-15 ,min_grad_ics: 2.181e-14 ,min_grad_res: 1.757e-10  
update_res: 4.770e-01
update_ics_u_t: 1.293e+00
update_bcs1: 9.505e-01
update_bcs2: 1.280e+00
adaptive_constant_res_val: 1.492e-01
adaptive_constant_ics_val: 1.790e+02
adaptive_constant_bcs1_val: 1.618e+02
adaptive_constant_bcs2_val: 2.959e+02
It: 6100, Loss: 1.931e-02, Loss_res: 9.607e-03,  Loss_bcs1: 2.126e-05,  Loss_bcs2: 1.157e-05,  loss_ics_u: 1.521e-05, Loss_ut_ics: 6.956e-05,, Time: 1.57
minmax ratio : 9.9183e+12
max_grad_bcs1: 1.932e-05 ,max_grad_bcs2: 7.174e-06 ,max_grad_ics: 1.430e-05 ,max_grad_res: 2.220e-02  
min_grad_bcs1: 1.478e-12 ,min_grad_bcs2: 2.238e-15 ,min_grad_ics: 4.326e-13 ,min_grad_res: 1.628e-10  
update_res: 2.980e-01
update_ics_u_t: 7.603e-01
update_bcs1: 1.094e+00
update_bcs2: 1.847e+00
adaptive_constant_res_val: 1.492e-01
adaptive_constant_ics_val: 1.790e+02
adaptive_constant_bcs1_val: 1.618e+02
adaptive_constant_bcs2_val: 2.959e+02
It: 6200, Loss: 3.570e-02, Loss_res: 9.735e-03,  Loss_bcs1: 1.736e-04,  Loss_bcs2: 6.348e-06,  loss_ics_u: 4.567e-05, Loss_ut_ics: 3.203e-05,, Time: 1.47
minmax ratio : inf
max_grad_bcs1: 4.079e-05 ,max_grad_bcs2: 9.045e-06 ,max_grad_ics: 1.458e-05 ,max_grad_res: 2.235e-02  
min_grad_bcs1: 1.245e-12 ,min_grad_bcs2: 1.774e-14 ,min_grad_ics: 0.000e+00 ,min_grad_res: 3.548e-12  
update_res: 2.703e-01
update_ics_u_t: 4.689e-01
update_bcs1: 2.181e+00
update_bcs2: 1.080e+00
adaptive_constant_res_val: 1.492e-01
adaptive_constant_ics_val: 1.790e+02
adaptive_constant_bcs1_val: 1.618e+02
adaptive_constant_bcs2_val: 2.959e+02
It: 6300, Loss: 2.159e-02, Loss_res: 1.033e-02,  Loss_bcs1: 3.208e-05,  Loss_bcs2: 4.934e-05,  loss_ics_u: 2.942e-05, Loss_ut_ics: 1.006e-05,, Time: 1.54
minmax ratio : 6.2375e+11
max_grad_bcs1: 1.387e-05 ,max_grad_bcs2: 1.435e-05 ,max_grad_ics: 6.171e-06 ,max_grad_res: 2.364e-02  
min_grad_bcs1: 1.634e-13 ,min_grad_bcs2: 3.790e-14 ,min_grad_ics: 9.577e-14 ,min_grad_res: 2.638e-11  
update_res: 4.367e-01
update_ics_u_t: 8.121e-01
update_bcs1: 7.905e-01
update_bcs2: 1.961e+00
adaptive_constant_res_val: 1.492e-01
adaptive_constant_ics_val: 1.790e+02
adaptive_constant_bcs1_val: 1.618e+02
adaptive_constant_bcs2_val: 2.959e+02
It: 6400, Loss: 1.314e-02, Loss_res: 1.036e-02,  Loss_bcs1: 2.521e-05,  Loss_bcs2: 1.526e-05,  loss_ics_u: 2.133e-05, Loss_ut_ics: 2.538e-05,, Time: 1.51
minmax ratio : 1.3417e+13
max_grad_bcs1: 1.700e-05 ,max_grad_bcs2: 8.008e-06 ,max_grad_ics: 5.349e-06 ,max_grad_res: 2.388e-02  
min_grad_bcs1: 1.337e-14 ,min_grad_bcs2: 2.157e-14 ,min_grad_ics: 1.780e-15 ,min_grad_res: 2.059e-12  
update_res: 4.358e-01
update_ics_u_t: 9.894e-01
update_bcs1: 1.498e+00
update_bcs2: 1.076e+00
adaptive_constant_res_val: 1.492e-01
adaptive_constant_ics_val: 1.790e+02
adaptive_constant_bcs1_val: 1.618e+02
adaptive_constant_bcs2_val: 2.959e+02
It: 6500, Loss: 3.676e-02, Loss_res: 1.036e-02,  Loss_bcs1: 9.398e-05,  Loss_bcs2: 2.820e-05,  loss_ics_u: 7.691e-05, Loss_ut_ics: 7.379e-05,, Time: 1.86
minmax ratio : 5.9709e+13
max_grad_bcs1: 2.497e-05 ,max_grad_bcs2: 2.540e-06 ,max_grad_ics: 1.116e-05 ,max_grad_res: 2.397e-02  
min_grad_bcs1: 5.312e-14 ,min_grad_bcs2: 4.014e-16 ,min_grad_ics: 2.925e-14 ,min_grad_res: 1.437e-10  
update_res: 3.158e-01
update_ics_u_t: 9.578e-01
update_bcs1: 1.194e+00
update_bcs2: 1.532e+00
adaptive_constant_res_val: 1.492e-01
adaptive_constant_ics_val: 1.790e+02
adaptive_constant_bcs1_val: 1.618e+02
adaptive_constant_bcs2_val: 2.959e+02
It: 6600, Loss: 7.135e-03, Loss_res: 1.026e-02,  Loss_bcs1: 2.065e-05,  Loss_bcs2: 8.305e-06,  loss_ics_u: 1.638e-05, Loss_ut_ics: 7.460e-06,, Time: 1.78
minmax ratio : 1.0179e+14
max_grad_bcs1: 9.394e-06 ,max_grad_bcs2: 2.522e-06 ,max_grad_ics: 4.933e-06 ,max_grad_res: 2.348e-02  
min_grad_bcs1: 3.302e-12 ,min_grad_bcs2: 2.307e-16 ,min_grad_ics: 2.686e-13 ,min_grad_res: 2.802e-11  
update_res: 3.967e-01
update_ics_u_t: 1.129e+00
update_bcs1: 1.218e+00
update_bcs2: 1.257e+00
adaptive_constant_res_val: 1.492e-01
adaptive_constant_ics_val: 1.790e+02
adaptive_constant_bcs1_val: 1.618e+02
adaptive_constant_bcs2_val: 2.959e+02
It: 6700, Loss: 1.188e-01, Loss_res: 1.005e-02,  Loss_bcs1: 2.713e-04,  Loss_bcs2: 1.942e-04,  loss_ics_u: 2.622e-04, Loss_ut_ics: 9.749e-05,, Time: 1.63
minmax ratio : 4.5298e+11
max_grad_bcs1: 8.276e-05 ,max_grad_bcs2: 4.490e-05 ,max_grad_ics: 2.235e-05 ,max_grad_res: 2.309e-02  
min_grad_bcs1: 1.283e-12 ,min_grad_bcs2: 5.098e-14 ,min_grad_ics: 3.594e-13 ,min_grad_res: 6.485e-11  
update_res: 2.513e-01
update_ics_u_t: 9.622e-01
update_bcs1: 1.802e+00
update_bcs2: 9.848e-01
adaptive_constant_res_val: 1.492e-01
adaptive_constant_ics_val: 1.790e+02
adaptive_constant_bcs1_val: 1.618e+02
adaptive_constant_bcs2_val: 2.959e+02
It: 6800, Loss: 3.741e-03, Loss_res: 1.066e-02,  Loss_bcs1: 1.280e-05,  Loss_bcs2: 3.487e-06,  loss_ics_u: 1.068e-05, Loss_ut_ics: 3.568e-06,, Time: 1.85
minmax ratio : 1.3882e+13
max_grad_bcs1: 7.150e-06 ,max_grad_bcs2: 1.920e-06 ,max_grad_ics: 5.467e-06 ,max_grad_res: 2.442e-02  
min_grad_bcs1: 1.947e-13 ,min_grad_bcs2: 1.759e-15 ,min_grad_ics: 7.632e-14 ,min_grad_res: 2.474e-10  
update_res: 3.622e-01
update_ics_u_t: 1.140e+00
update_bcs1: 8.540e-01
update_bcs2: 1.644e+00
adaptive_constant_res_val: 1.492e-01
adaptive_constant_ics_val: 1.790e+02
adaptive_constant_bcs1_val: 1.618e+02
adaptive_constant_bcs2_val: 2.959e+02
It: 6900, Loss: 9.894e-02, Loss_res: 1.072e-02,  Loss_bcs1: 3.550e-04,  Loss_bcs2: 1.230e-04,  loss_ics_u: 8.807e-05, Loss_ut_ics: 2.851e-05,, Time: 1.68
minmax ratio : 1.0368e+13
max_grad_bcs1: 7.026e-05 ,max_grad_bcs2: 2.728e-05 ,max_grad_ics: 1.076e-05 ,max_grad_res: 2.463e-02  
min_grad_bcs1: 1.755e-12 ,min_grad_bcs2: 2.141e-14 ,min_grad_ics: 2.376e-15 ,min_grad_res: 1.011e-10  
update_res: 3.252e-01
update_ics_u_t: 6.653e-01
update_bcs1: 1.068e+00
update_bcs2: 1.941e+00
adaptive_constant_res_val: 1.492e-01
adaptive_constant_ics_val: 1.790e+02
adaptive_constant_bcs1_val: 1.618e+02
adaptive_constant_bcs2_val: 2.959e+02
It: 7000, Loss: 4.515e-02, Loss_res: 9.647e-03,  Loss_bcs1: 8.079e-05,  Loss_bcs2: 9.137e-05,  loss_ics_u: 6.544e-05, Loss_ut_ics: 2.815e-05,, Time: 1.78
minmax ratio : 8.6696e+11
max_grad_bcs1: 2.478e-05 ,max_grad_bcs2: 2.216e-05 ,max_grad_ics: 1.823e-05 ,max_grad_res: 2.237e-02  
min_grad_bcs1: 8.606e-13 ,min_grad_bcs2: 2.581e-14 ,min_grad_ics: 4.737e-14 ,min_grad_res: 2.272e-11  
update_res: 5.408e-01
update_ics_u_t: 1.061e+00
update_bcs1: 1.077e+00
update_bcs2: 1.321e+00
adaptive_constant_res_val: 1.492e-01
adaptive_constant_ics_val: 1.790e+02
adaptive_constant_bcs1_val: 1.618e+02
adaptive_constant_bcs2_val: 2.959e+02
It: 7100, Loss: 2.017e-02, Loss_res: 9.963e-03,  Loss_bcs1: 4.483e-05,  Loss_bcs2: 1.579e-05,  loss_ics_u: 1.813e-05, Loss_ut_ics: 4.609e-05,, Time: 1.73
minmax ratio : 5.9993e+13
max_grad_bcs1: 3.990e-05 ,max_grad_bcs2: 1.617e-06 ,max_grad_ics: 1.063e-05 ,max_grad_res: 2.292e-02  
min_grad_bcs1: 1.492e-11 ,min_grad_bcs2: 3.820e-16 ,min_grad_ics: 1.377e-13 ,min_grad_res: 1.239e-11  
update_res: 3.450e-01
update_ics_u_t: 9.973e-01
update_bcs1: 1.089e+00
update_bcs2: 1.569e+00
adaptive_constant_res_val: 1.492e-01
adaptive_constant_ics_val: 1.790e+02
adaptive_constant_bcs1_val: 1.618e+02
adaptive_constant_bcs2_val: 2.959e+02
It: 7200, Loss: 2.992e-02, Loss_res: 9.999e-03,  Loss_bcs1: 8.487e-05,  Loss_bcs2: 5.838e-06,  loss_ics_u: 3.967e-05, Loss_ut_ics: 8.077e-05,, Time: 1.67
minmax ratio : 1.1523e+13
max_grad_bcs1: 3.551e-05 ,max_grad_bcs2: 1.368e-06 ,max_grad_ics: 1.645e-05 ,max_grad_res: 2.326e-02  
min_grad_bcs1: 5.040e-14 ,min_grad_bcs2: 2.019e-15 ,min_grad_ics: 2.578e-14 ,min_grad_res: 1.179e-10  
update_res: 3.987e-01
update_ics_u_t: 8.531e-01
update_bcs1: 1.082e+00
update_bcs2: 1.666e+00
adaptive_constant_res_val: 1.492e-01
adaptive_constant_ics_val: 1.790e+02
adaptive_constant_bcs1_val: 1.618e+02
adaptive_constant_bcs2_val: 2.959e+02
It: 7300, Loss: 1.511e-02, Loss_res: 1.024e-02,  Loss_bcs1: 6.138e-05,  Loss_bcs2: 1.502e-05,  loss_ics_u: 2.319e-05, Loss_ut_ics: 4.121e-06,, Time: 1.73
minmax ratio : 2.5110e+14
max_grad_bcs1: 1.926e-05 ,max_grad_bcs2: 3.785e-06 ,max_grad_ics: 6.422e-06 ,max_grad_res: 2.327e-02  
min_grad_bcs1: 6.928e-14 ,min_grad_bcs2: 9.268e-17 ,min_grad_ics: 1.181e-14 ,min_grad_res: 2.008e-11  
update_res: 4.330e-01
update_ics_u_t: 1.387e+00
update_bcs1: 9.262e-01
update_bcs2: 1.254e+00
adaptive_constant_res_val: 1.492e-01
adaptive_constant_ics_val: 1.790e+02
adaptive_constant_bcs1_val: 1.618e+02
adaptive_constant_bcs2_val: 2.959e+02
It: 7400, Loss: 4.778e-03, Loss_res: 1.009e-02,  Loss_bcs1: 1.753e-05,  Loss_bcs2: 1.027e-06,  loss_ics_u: 9.784e-06, Loss_ut_ics: 9.148e-06,, Time: 1.74
minmax ratio : 2.3216e+13
max_grad_bcs1: 1.237e-05 ,max_grad_bcs2: 4.533e-06 ,max_grad_ics: 6.004e-06 ,max_grad_res: 2.301e-02  
min_grad_bcs1: 3.658e-12 ,min_grad_bcs2: 9.913e-16 ,min_grad_ics: 3.664e-14 ,min_grad_res: 2.367e-11  
update_res: 3.744e-01
update_ics_u_t: 1.118e+00
update_bcs1: 1.339e+00
update_bcs2: 1.169e+00
adaptive_constant_res_val: 1.492e-01
adaptive_constant_ics_val: 1.790e+02
adaptive_constant_bcs1_val: 1.618e+02
adaptive_constant_bcs2_val: 2.959e+02
It: 7500, Loss: 8.220e-03, Loss_res: 1.023e-02,  Loss_bcs1: 2.648e-05,  Loss_bcs2: 7.366e-06,  loss_ics_u: 2.251e-05, Loss_ut_ics: 9.812e-06,, Time: 1.67
minmax ratio : 6.7930e+12
max_grad_bcs1: 8.512e-06 ,max_grad_bcs2: 1.386e-06 ,max_grad_ics: 4.197e-06 ,max_grad_res: 2.353e-02  
min_grad_bcs1: 6.927e-13 ,min_grad_bcs2: 3.464e-15 ,min_grad_ics: 8.108e-14 ,min_grad_res: 2.196e-10  
update_res: 2.537e-01
update_ics_u_t: 7.261e-01
update_bcs1: 1.656e+00
update_bcs2: 1.364e+00
adaptive_constant_res_val: 1.492e-01
adaptive_constant_ics_val: 1.790e+02
adaptive_constant_bcs1_val: 1.618e+02
adaptive_constant_bcs2_val: 2.959e+02
It: 7600, Loss: 4.227e-03, Loss_res: 9.494e-03,  Loss_bcs1: 1.381e-05,  Loss_bcs2: 2.840e-06,  loss_ics_u: 7.578e-06, Loss_ut_ics: 6.433e-06,, Time: 1.87
minmax ratio : 4.1448e+13
max_grad_bcs1: 1.235e-05 ,max_grad_bcs2: 5.076e-06 ,max_grad_ics: 7.939e-06 ,max_grad_res: 2.200e-02  
min_grad_bcs1: 1.155e-14 ,min_grad_bcs2: 5.308e-16 ,min_grad_ics: 7.324e-14 ,min_grad_res: 1.326e-10  
update_res: 4.961e-01
update_ics_u_t: 7.906e-01
update_bcs1: 9.698e-01
update_bcs2: 1.743e+00
adaptive_constant_res_val: 1.492e-01
adaptive_constant_ics_val: 1.790e+02
adaptive_constant_bcs1_val: 1.618e+02
adaptive_constant_bcs2_val: 2.959e+02
It: 7700, Loss: 3.245e-03, Loss_res: 1.055e-02,  Loss_bcs1: 1.285e-05,  Loss_bcs2: 3.457e-07,  loss_ics_u: 1.063e-05, Loss_ut_ics: 5.940e-06,, Time: 1.75
minmax ratio : 2.1468e+14
max_grad_bcs1: 1.021e-05 ,max_grad_bcs2: 2.334e-07 ,max_grad_ics: 6.670e-06 ,max_grad_res: 2.401e-02  
min_grad_bcs1: 4.446e-13 ,min_grad_bcs2: 1.118e-16 ,min_grad_ics: 2.453e-14 ,min_grad_res: 3.094e-10  
update_res: 2.095e-01
update_ics_u_t: 5.670e-01
update_bcs1: 1.717e+00
update_bcs2: 1.507e+00
adaptive_constant_res_val: 1.492e-01
adaptive_constant_ics_val: 1.790e+02
adaptive_constant_bcs1_val: 1.618e+02
adaptive_constant_bcs2_val: 2.959e+02
It: 7800, Loss: 1.489e-01, Loss_res: 9.591e-03,  Loss_bcs1: 4.519e-04,  Loss_bcs2: 2.090e-04,  loss_ics_u: 1.788e-04, Loss_ut_ics: 7.805e-05,, Time: 1.64
minmax ratio : 8.9021e+11
max_grad_bcs1: 5.623e-05 ,max_grad_bcs2: 2.355e-05 ,max_grad_ics: 1.124e-05 ,max_grad_res: 2.227e-02  
min_grad_bcs1: 7.105e-14 ,min_grad_bcs2: 1.343e-13 ,min_grad_ics: 2.502e-14 ,min_grad_res: 4.272e-11  
update_res: 2.683e-01
update_ics_u_t: 6.887e-01
update_bcs1: 1.096e+00
update_bcs2: 1.947e+00
adaptive_constant_res_val: 1.492e-01
adaptive_constant_ics_val: 1.790e+02
adaptive_constant_bcs1_val: 1.618e+02
adaptive_constant_bcs2_val: 2.959e+02
It: 7900, Loss: 5.952e-03, Loss_res: 9.653e-03,  Loss_bcs1: 2.551e-05,  Loss_bcs2: 1.302e-06,  loss_ics_u: 1.388e-05, Loss_ut_ics: 8.041e-06,, Time: 1.59
minmax ratio : 1.5730e+13
max_grad_bcs1: 1.756e-05 ,max_grad_bcs2: 1.569e-06 ,max_grad_ics: 2.123e-06 ,max_grad_res: 2.221e-02  
min_grad_bcs1: 7.802e-14 ,min_grad_bcs2: 1.412e-15 ,min_grad_ics: 2.177e-15 ,min_grad_res: 9.092e-11  
update_res: 3.023e-01
update_ics_u_t: 9.773e-01
update_bcs1: 1.080e+00
update_bcs2: 1.640e+00
adaptive_constant_res_val: 1.492e-01
adaptive_constant_ics_val: 1.790e+02
adaptive_constant_bcs1_val: 1.618e+02
adaptive_constant_bcs2_val: 2.959e+02
It: 8000, Loss: 1.969e-02, Loss_res: 1.038e-02,  Loss_bcs1: 6.233e-05,  Loss_bcs2: 8.324e-06,  loss_ics_u: 4.153e-05, Loss_ut_ics: 3.991e-05,, Time: 1.48
minmax ratio : 4.3143e+12
max_grad_bcs1: 3.254e-05 ,max_grad_bcs2: 5.813e-06 ,max_grad_ics: 1.890e-05 ,max_grad_res: 2.347e-02  
min_grad_bcs1: 4.619e-13 ,min_grad_bcs2: 5.441e-15 ,min_grad_ics: 1.150e-12 ,min_grad_res: 2.626e-11  
update_res: 1.535e-01
update_ics_u_t: 4.522e-01
update_bcs1: 2.194e+00
update_bcs2: 1.201e+00
adaptive_constant_res_val: 1.492e-01
adaptive_constant_ics_val: 1.790e+02
adaptive_constant_bcs1_val: 1.618e+02
adaptive_constant_bcs2_val: 2.959e+02
It: 8100, Loss: 1.518e-02, Loss_res: 1.057e-02,  Loss_bcs1: 6.745e-05,  Loss_bcs2: 4.084e-07,  loss_ics_u: 3.144e-05, Loss_ut_ics: 2.316e-05,, Time: 1.55
minmax ratio : 5.6693e+12
max_grad_bcs1: 3.740e-05 ,max_grad_bcs2: 8.087e-06 ,max_grad_ics: 1.813e-05 ,max_grad_res: 2.417e-02  
min_grad_bcs1: 7.105e-13 ,min_grad_bcs2: 4.262e-15 ,min_grad_ics: 5.150e-13 ,min_grad_res: 1.301e-11  
update_res: 4.050e-01
update_ics_u_t: 8.237e-01
update_bcs1: 1.379e+00
update_bcs2: 1.392e+00
adaptive_constant_res_val: 1.492e-01
adaptive_constant_ics_val: 1.790e+02
adaptive_constant_bcs1_val: 1.618e+02
adaptive_constant_bcs2_val: 2.959e+02
It: 8200, Loss: 8.176e-02, Loss_res: 1.049e-02,  Loss_bcs1: 1.884e-04,  Loss_bcs2: 3.901e-05,  loss_ics_u: 1.035e-04, Loss_ut_ics: 2.220e-04,, Time: 1.96
minmax ratio : 3.1199e+12
max_grad_bcs1: 8.700e-05 ,max_grad_bcs2: 3.906e-05 ,max_grad_ics: 2.278e-05 ,max_grad_res: 2.425e-02  
min_grad_bcs1: 4.949e-12 ,min_grad_bcs2: 6.018e-14 ,min_grad_ics: 7.772e-15 ,min_grad_res: 1.355e-10  
update_res: 9.852e-02
update_ics_u_t: 7.099e-01
update_bcs1: 1.420e+00
update_bcs2: 1.771e+00
adaptive_constant_res_val: 1.492e-01
adaptive_constant_ics_val: 1.790e+02
adaptive_constant_bcs1_val: 1.618e+02
adaptive_constant_bcs2_val: 2.959e+02
It: 8300, Loss: 8.148e-03, Loss_res: 9.352e-03,  Loss_bcs1: 3.933e-05,  Loss_bcs2: 1.201e-06,  loss_ics_u: 1.250e-05, Loss_ut_ics: 7.987e-06,, Time: 1.99
minmax ratio : 7.7861e+13
max_grad_bcs1: 6.682e-06 ,max_grad_bcs2: 5.266e-06 ,max_grad_ics: 5.112e-06 ,max_grad_res: 2.164e-02  
min_grad_bcs1: 5.818e-14 ,min_grad_bcs2: 2.779e-16 ,min_grad_ics: 2.502e-14 ,min_grad_res: 1.526e-10  
update_res: 2.704e-01
update_ics_u_t: 6.022e-01
update_bcs1: 1.082e+00
update_bcs2: 2.046e+00
adaptive_constant_res_val: 1.492e-01
adaptive_constant_ics_val: 1.790e+02
adaptive_constant_bcs1_val: 1.618e+02
adaptive_constant_bcs2_val: 2.959e+02
It: 8400, Loss: 7.178e-03, Loss_res: 1.123e-02,  Loss_bcs1: 1.918e-05,  Loss_bcs2: 5.198e-06,  loss_ics_u: 1.805e-05, Loss_ut_ics: 1.417e-05,, Time: 1.80
minmax ratio : 1.1323e+13
max_grad_bcs1: 5.745e-06 ,max_grad_bcs2: 2.223e-06 ,max_grad_ics: 8.033e-06 ,max_grad_res: 2.570e-02  
min_grad_bcs1: 4.790e-13 ,min_grad_bcs2: 2.270e-15 ,min_grad_ics: 2.058e-13 ,min_grad_res: 1.649e-11  
update_res: 5.852e-01
update_ics_u_t: 9.181e-01
update_bcs1: 8.674e-01
update_bcs2: 1.629e+00
adaptive_constant_res_val: 1.492e-01
adaptive_constant_ics_val: 1.790e+02
adaptive_constant_bcs1_val: 1.618e+02
adaptive_constant_bcs2_val: 2.959e+02
It: 8500, Loss: 2.651e-03, Loss_res: 1.111e-02,  Loss_bcs1: 9.478e-06,  Loss_bcs2: 8.738e-07,  loss_ics_u: 8.094e-06, Loss_ut_ics: 4.798e-06,, Time: 1.93
minmax ratio : 9.9434e+12
max_grad_bcs1: 2.951e-06 ,max_grad_bcs2: 1.418e-06 ,max_grad_ics: 7.414e-06 ,max_grad_res: 2.518e-02  
min_grad_bcs1: 7.515e-14 ,min_grad_bcs2: 2.532e-15 ,min_grad_ics: 1.549e-13 ,min_grad_res: 3.569e-11  
update_res: 5.835e-01
update_ics_u_t: 1.169e+00
update_bcs1: 8.284e-01
update_bcs2: 1.419e+00
adaptive_constant_res_val: 1.492e-01
adaptive_constant_ics_val: 1.790e+02
adaptive_constant_bcs1_val: 1.618e+02
adaptive_constant_bcs2_val: 2.959e+02
It: 8600, Loss: 3.935e-03, Loss_res: 1.044e-02,  Loss_bcs1: 8.176e-06,  Loss_bcs2: 1.695e-06,  loss_ics_u: 7.168e-06, Loss_ut_ics: 1.179e-05,, Time: 1.78
minmax ratio : 1.3603e+14
max_grad_bcs1: 1.522e-05 ,max_grad_bcs2: 9.636e-07 ,max_grad_ics: 3.360e-06 ,max_grad_res: 2.406e-02  
min_grad_bcs1: 2.576e-13 ,min_grad_bcs2: 1.769e-16 ,min_grad_ics: 3.412e-14 ,min_grad_res: 1.595e-10  
update_res: 3.300e-01
update_ics_u_t: 7.661e-01
update_bcs1: 8.269e-01
update_bcs2: 2.077e+00
adaptive_constant_res_val: 1.492e-01
adaptive_constant_ics_val: 1.790e+02
adaptive_constant_bcs1_val: 1.618e+02
adaptive_constant_bcs2_val: 2.959e+02
It: 8700, Loss: 9.748e-03, Loss_res: 1.040e-02,  Loss_bcs1: 4.479e-05,  Loss_bcs2: 8.173e-07,  loss_ics_u: 1.468e-05, Loss_ut_ics: 1.262e-05,, Time: 1.98
minmax ratio : 9.3516e+13
max_grad_bcs1: 1.293e-05 ,max_grad_bcs2: 1.157e-06 ,max_grad_ics: 5.085e-06 ,max_grad_res: 2.401e-02  
min_grad_bcs1: 1.044e-13 ,min_grad_bcs2: 2.567e-16 ,min_grad_ics: 2.423e-13 ,min_grad_res: 2.365e-11  
update_res: 3.559e-01
update_ics_u_t: 7.925e-01
update_bcs1: 1.240e+00
update_bcs2: 1.612e+00
adaptive_constant_res_val: 1.492e-01
adaptive_constant_ics_val: 1.790e+02
adaptive_constant_bcs1_val: 1.618e+02
adaptive_constant_bcs2_val: 2.959e+02
It: 8800, Loss: 2.436e-02, Loss_res: 1.033e-02,  Loss_bcs1: 1.072e-04,  Loss_bcs2: 1.828e-06,  loss_ics_u: 2.406e-05, Loss_ut_ics: 3.621e-05,, Time: 1.62
minmax ratio : 8.7828e+12
max_grad_bcs1: 2.701e-05 ,max_grad_bcs2: 1.016e-06 ,max_grad_ics: 2.082e-05 ,max_grad_res: 2.374e-02  
min_grad_bcs1: 2.694e-14 ,min_grad_bcs2: 2.703e-15 ,min_grad_ics: 4.949e-14 ,min_grad_res: 3.392e-10  
update_res: 4.506e-01
update_ics_u_t: 8.655e-01
update_bcs1: 1.099e+00
update_bcs2: 1.585e+00
adaptive_constant_res_val: 1.492e-01
adaptive_constant_ics_val: 1.790e+02
adaptive_constant_bcs1_val: 1.618e+02
adaptive_constant_bcs2_val: 2.959e+02
It: 8900, Loss: 3.902e-02, Loss_res: 1.095e-02,  Loss_bcs1: 5.759e-05,  Loss_bcs2: 8.215e-05,  loss_ics_u: 3.262e-05, Loss_ut_ics: 3.014e-05,, Time: 1.51
minmax ratio : 4.0611e+12
max_grad_bcs1: 2.189e-05 ,max_grad_bcs2: 2.742e-06 ,max_grad_ics: 1.620e-05 ,max_grad_res: 2.509e-02  
min_grad_bcs1: 2.287e-12 ,min_grad_bcs2: 6.177e-15 ,min_grad_ics: 4.069e-12 ,min_grad_res: 2.360e-11  
update_res: 2.247e-01
update_ics_u_t: 5.786e-01
update_bcs1: 1.959e+00
update_bcs2: 1.238e+00
adaptive_constant_res_val: 1.492e-01
adaptive_constant_ics_val: 1.790e+02
adaptive_constant_bcs1_val: 1.618e+02
adaptive_constant_bcs2_val: 2.959e+02
