It: 0, Loss: 1.004e+04, Loss_bcs: 7.791e-02, Loss_res: 1.000e+04 ,Time: 0.31
Compute NTK...
Gradients information stored ...
It: 100, Loss: 5.121e+02, Loss_bcs: 3.026e-03, Loss_res: 5.106e+02 ,Time: 0.00
Compute NTK...
Gradients information stored ...
It: 200, Loss: 2.328e+02, Loss_bcs: 2.442e-07, Loss_res: 2.328e+02 ,Time: 0.00
Compute NTK...
It: 300, Loss: 1.601e+02, Loss_bcs: 5.348e-05, Loss_res: 1.601e+02 ,Time: 0.00
Compute NTK...
It: 400, Loss: 1.218e+02, Loss_bcs: 4.760e-05, Loss_res: 1.218e+02 ,Time: 0.00
Compute NTK...
It: 500, Loss: 9.958e+01, Loss_bcs: 3.790e-05, Loss_res: 9.956e+01 ,Time: 0.00
Compute NTK...
It: 600, Loss: 8.471e+01, Loss_bcs: 3.225e-05, Loss_res: 8.469e+01 ,Time: 0.00
Compute NTK...
It: 700, Loss: 7.371e+01, Loss_bcs: 2.828e-05, Loss_res: 7.370e+01 ,Time: 0.00
Compute NTK...
It: 800, Loss: 6.507e+01, Loss_bcs: 2.514e-05, Loss_res: 6.505e+01 ,Time: 0.00
Compute NTK...
It: 900, Loss: 5.800e+01, Loss_bcs: 2.254e-05, Loss_res: 5.799e+01 ,Time: 0.00
Compute NTK...
It: 1000, Loss: 5.209e+01, Loss_bcs: 2.032e-05, Loss_res: 5.208e+01 ,Time: 0.00
Compute NTK...
Gradients information stored ...
It: 1100, Loss: 4.706e+01, Loss_bcs: 1.841e-05, Loss_res: 4.705e+01 ,Time: 0.00
Compute NTK...
It: 1200, Loss: 4.273e+01, Loss_bcs: 1.672e-05, Loss_res: 4.273e+01 ,Time: 0.00
Compute NTK...
It: 1300, Loss: 3.897e+01, Loss_bcs: 1.521e-05, Loss_res: 3.897e+01 ,Time: 0.00
Compute NTK...
It: 1400, Loss: 3.569e+01, Loss_bcs: 1.384e-05, Loss_res: 3.568e+01 ,Time: 0.00
Compute NTK...
It: 1500, Loss: 3.280e+01, Loss_bcs: 1.263e-05, Loss_res: 3.279e+01 ,Time: 0.00
Compute NTK...
It: 1600, Loss: 3.025e+01, Loss_bcs: 1.152e-05, Loss_res: 3.024e+01 ,Time: 0.00
Compute NTK...
It: 1700, Loss: 2.799e+01, Loss_bcs: 1.052e-05, Loss_res: 2.799e+01 ,Time: 0.00
Compute NTK...
It: 1800, Loss: 2.599e+01, Loss_bcs: 9.603e-06, Loss_res: 2.599e+01 ,Time: 0.00
Compute NTK...
It: 1900, Loss: 2.421e+01, Loss_bcs: 8.787e-06, Loss_res: 2.420e+01 ,Time: 0.00
Compute NTK...
It: 2000, Loss: 2.261e+01, Loss_bcs: 8.043e-06, Loss_res: 2.261e+01 ,Time: 0.00
Compute NTK...
It: 2100, Loss: 2.119e+01, Loss_bcs: 7.367e-06, Loss_res: 2.119e+01 ,Time: 0.00
Compute NTK...
It: 2200, Loss: 1.991e+01, Loss_bcs: 6.759e-06, Loss_res: 1.991e+01 ,Time: 0.00
Compute NTK...
It: 2300, Loss: 1.876e+01, Loss_bcs: 6.203e-06, Loss_res: 1.876e+01 ,Time: 0.00
Compute NTK...
It: 2400, Loss: 1.773e+01, Loss_bcs: 5.707e-06, Loss_res: 1.772e+01 ,Time: 0.00
Compute NTK...
It: 2500, Loss: 1.679e+01, Loss_bcs: 5.250e-06, Loss_res: 1.679e+01 ,Time: 0.00
Compute NTK...
It: 2600, Loss: 1.594e+01, Loss_bcs: 4.841e-06, Loss_res: 1.594e+01 ,Time: 0.00
Compute NTK...
It: 2700, Loss: 1.517e+01, Loss_bcs: 4.465e-06, Loss_res: 1.516e+01 ,Time: 0.00
Compute NTK...
It: 2800, Loss: 1.446e+01, Loss_bcs: 4.130e-06, Loss_res: 1.446e+01 ,Time: 0.00
Compute NTK...
It: 2900, Loss: 1.382e+01, Loss_bcs: 3.829e-06, Loss_res: 1.381e+01 ,Time: 0.00
Compute NTK...
It: 3000, Loss: 1.322e+01, Loss_bcs: 3.549e-06, Loss_res: 1.322e+01 ,Time: 0.00
Compute NTK...
It: 3100, Loss: 1.268e+01, Loss_bcs: 3.297e-06, Loss_res: 1.268e+01 ,Time: 0.00
Compute NTK...
It: 3200, Loss: 1.217e+01, Loss_bcs: 3.068e-06, Loss_res: 1.217e+01 ,Time: 0.00
Compute NTK...
It: 3300, Loss: 1.171e+01, Loss_bcs: 2.860e-06, Loss_res: 1.170e+01 ,Time: 0.00
Compute NTK...
It: 3400, Loss: 1.127e+01, Loss_bcs: 2.672e-06, Loss_res: 1.127e+01 ,Time: 0.00
Compute NTK...
It: 3500, Loss: 1.087e+01, Loss_bcs: 2.498e-06, Loss_res: 1.087e+01 ,Time: 0.00
Compute NTK...
It: 3600, Loss: 1.049e+01, Loss_bcs: 2.337e-06, Loss_res: 1.049e+01 ,Time: 0.00
Compute NTK...
It: 3700, Loss: 1.014e+01, Loss_bcs: 2.197e-06, Loss_res: 1.013e+01 ,Time: 0.00
Compute NTK...
It: 3800, Loss: 9.804e+00, Loss_bcs: 2.063e-06, Loss_res: 9.803e+00 ,Time: 0.00
Compute NTK...
It: 3900, Loss: 9.491e+00, Loss_bcs: 1.941e-06, Loss_res: 9.490e+00 ,Time: 0.00
Compute NTK...
It: 4000, Loss: 9.196e+00, Loss_bcs: 1.831e-06, Loss_res: 9.195e+00 ,Time: 0.00
Compute NTK...
It: 4100, Loss: 8.917e+00, Loss_bcs: 1.727e-06, Loss_res: 8.916e+00 ,Time: 0.00
Compute NTK...
It: 4200, Loss: 8.653e+00, Loss_bcs: 1.632e-06, Loss_res: 8.652e+00 ,Time: 0.01
Compute NTK...
It: 4300, Loss: 8.403e+00, Loss_bcs: 1.545e-06, Loss_res: 8.402e+00 ,Time: 0.00
Compute NTK...
It: 4400, Loss: 8.165e+00, Loss_bcs: 1.463e-06, Loss_res: 8.164e+00 ,Time: 0.00
Compute NTK...
It: 4500, Loss: 7.939e+00, Loss_bcs: 1.391e-06, Loss_res: 7.938e+00 ,Time: 0.00
Compute NTK...
It: 4600, Loss: 7.723e+00, Loss_bcs: 1.320e-06, Loss_res: 7.722e+00 ,Time: 0.00
Compute NTK...
It: 4700, Loss: 7.517e+00, Loss_bcs: 1.257e-06, Loss_res: 7.517e+00 ,Time: 0.00
Compute NTK...
It: 4800, Loss: 7.321e+00, Loss_bcs: 1.198e-06, Loss_res: 7.321e+00 ,Time: 0.00
Compute NTK...
It: 4900, Loss: 7.134e+00, Loss_bcs: 1.141e-06, Loss_res: 7.133e+00 ,Time: 0.00
Compute NTK...
It: 5000, Loss: 6.954e+00, Loss_bcs: 1.090e-06, Loss_res: 6.953e+00 ,Time: 0.00
Compute NTK...
It: 5100, Loss: 6.782e+00, Loss_bcs: 1.040e-06, Loss_res: 6.781e+00 ,Time: 0.00
Compute NTK...
It: 5200, Loss: 6.617e+00, Loss_bcs: 9.946e-07, Loss_res: 6.617e+00 ,Time: 0.00
Compute NTK...
It: 5300, Loss: 6.459e+00, Loss_bcs: 9.515e-07, Loss_res: 6.459e+00 ,Time: 0.00
Compute NTK...
It: 5400, Loss: 6.307e+00, Loss_bcs: 9.144e-07, Loss_res: 6.307e+00 ,Time: 0.00
Compute NTK...
It: 5500, Loss: 6.161e+00, Loss_bcs: 8.773e-07, Loss_res: 6.161e+00 ,Time: 0.00
Compute NTK...
It: 5600, Loss: 6.021e+00, Loss_bcs: 8.393e-07, Loss_res: 6.021e+00 ,Time: 0.00
Compute NTK...
It: 5700, Loss: 5.886e+00, Loss_bcs: 8.064e-07, Loss_res: 5.886e+00 ,Time: 0.00
Compute NTK...
It: 5800, Loss: 5.756e+00, Loss_bcs: 7.745e-07, Loss_res: 5.756e+00 ,Time: 0.00
Compute NTK...
It: 5900, Loss: 5.631e+00, Loss_bcs: 7.464e-07, Loss_res: 5.631e+00 ,Time: 0.00
Compute NTK...
It: 6000, Loss: 5.510e+00, Loss_bcs: 7.169e-07, Loss_res: 5.510e+00 ,Time: 0.00
Compute NTK...
It: 6100, Loss: 5.394e+00, Loss_bcs: 6.908e-07, Loss_res: 5.394e+00 ,Time: 0.00
Compute NTK...
It: 6200, Loss: 5.282e+00, Loss_bcs: 6.645e-07, Loss_res: 5.281e+00 ,Time: 0.00
Compute NTK...
It: 6300, Loss: 5.173e+00, Loss_bcs: 6.414e-07, Loss_res: 5.173e+00 ,Time: 0.00
Compute NTK...
It: 6400, Loss: 5.069e+00, Loss_bcs: 6.190e-07, Loss_res: 5.068e+00 ,Time: 0.00
Compute NTK...
It: 6500, Loss: 4.967e+00, Loss_bcs: 5.981e-07, Loss_res: 4.967e+00 ,Time: 0.00
Compute NTK...
It: 6600, Loss: 4.870e+00, Loss_bcs: 5.775e-07, Loss_res: 4.869e+00 ,Time: 0.00
Compute NTK...
It: 6700, Loss: 4.775e+00, Loss_bcs: 5.591e-07, Loss_res: 4.775e+00 ,Time: 0.00
Compute NTK...
It: 6800, Loss: 4.684e+00, Loss_bcs: 5.396e-07, Loss_res: 4.683e+00 ,Time: 0.00
Compute NTK...
It: 6900, Loss: 4.595e+00, Loss_bcs: 5.217e-07, Loss_res: 4.595e+00 ,Time: 0.00
Compute NTK...
It: 7000, Loss: 4.509e+00, Loss_bcs: 5.055e-07, Loss_res: 4.509e+00 ,Time: 0.00
Compute NTK...
It: 7100, Loss: 4.426e+00, Loss_bcs: 4.881e-07, Loss_res: 4.426e+00 ,Time: 0.00
Compute NTK...
It: 7200, Loss: 4.346e+00, Loss_bcs: 4.744e-07, Loss_res: 4.346e+00 ,Time: 0.00
Compute NTK...
It: 7300, Loss: 4.268e+00, Loss_bcs: 4.589e-07, Loss_res: 4.268e+00 ,Time: 0.00
Compute NTK...
It: 7400, Loss: 4.192e+00, Loss_bcs: 4.455e-07, Loss_res: 4.192e+00 ,Time: 0.00
Compute NTK...
It: 7500, Loss: 4.119e+00, Loss_bcs: 4.317e-07, Loss_res: 4.119e+00 ,Time: 0.00
Compute NTK...
It: 7600, Loss: 4.048e+00, Loss_bcs: 4.199e-07, Loss_res: 4.047e+00 ,Time: 0.00
Compute NTK...
It: 7700, Loss: 3.979e+00, Loss_bcs: 4.066e-07, Loss_res: 3.978e+00 ,Time: 0.00
Compute NTK...
It: 7800, Loss: 3.912e+00, Loss_bcs: 3.946e-07, Loss_res: 3.911e+00 ,Time: 0.00
Compute NTK...
It: 7900, Loss: 3.846e+00, Loss_bcs: 3.827e-07, Loss_res: 3.846e+00 ,Time: 0.00
Compute NTK...
It: 8000, Loss: 3.783e+00, Loss_bcs: 3.731e-07, Loss_res: 3.783e+00 ,Time: 0.00
Compute NTK...
It: 8100, Loss: 3.722e+00, Loss_bcs: 3.611e-07, Loss_res: 3.721e+00 ,Time: 0.00
Compute NTK...
It: 8200, Loss: 3.662e+00, Loss_bcs: 3.524e-07, Loss_res: 3.662e+00 ,Time: 0.00
Compute NTK...
It: 8300, Loss: 3.604e+00, Loss_bcs: 3.419e-07, Loss_res: 3.603e+00 ,Time: 0.00
Compute NTK...
It: 8400, Loss: 3.547e+00, Loss_bcs: 3.334e-07, Loss_res: 3.547e+00 ,Time: 0.00
Compute NTK...
It: 8500, Loss: 3.492e+00, Loss_bcs: 3.253e-07, Loss_res: 3.492e+00 ,Time: 0.00
Compute NTK...
It: 8600, Loss: 3.438e+00, Loss_bcs: 3.148e-07, Loss_res: 3.438e+00 ,Time: 0.00
Compute NTK...
It: 8700, Loss: 3.386e+00, Loss_bcs: 3.065e-07, Loss_res: 3.386e+00 ,Time: 0.00
Compute NTK...
It: 8800, Loss: 3.336e+00, Loss_bcs: 3.001e-07, Loss_res: 3.335e+00 ,Time: 0.00
Compute NTK...
It: 8900, Loss: 3.286e+00, Loss_bcs: 2.911e-07, Loss_res: 3.286e+00 ,Time: 0.00
Compute NTK...
It: 9000, Loss: 3.238e+00, Loss_bcs: 2.836e-07, Loss_res: 3.238e+00 ,Time: 0.00
Compute NTK...
It: 9100, Loss: 3.191e+00, Loss_bcs: 2.765e-07, Loss_res: 3.191e+00 ,Time: 0.00
Compute NTK...
It: 9200, Loss: 3.145e+00, Loss_bcs: 2.704e-07, Loss_res: 3.145e+00 ,Time: 0.00
Compute NTK...
It: 9300, Loss: 3.101e+00, Loss_bcs: 2.630e-07, Loss_res: 3.101e+00 ,Time: 0.00
Compute NTK...
It: 9400, Loss: 3.057e+00, Loss_bcs: 2.558e-07, Loss_res: 3.057e+00 ,Time: 0.00
Compute NTK...
It: 9500, Loss: 3.015e+00, Loss_bcs: 2.489e-07, Loss_res: 3.015e+00 ,Time: 0.00
Compute NTK...
It: 9600, Loss: 2.974e+00, Loss_bcs: 2.446e-07, Loss_res: 2.974e+00 ,Time: 0.00
Compute NTK...
It: 9700, Loss: 2.933e+00, Loss_bcs: 2.388e-07, Loss_res: 2.933e+00 ,Time: 0.00
Compute NTK...
It: 9800, Loss: 2.894e+00, Loss_bcs: 2.317e-07, Loss_res: 2.894e+00 ,Time: 0.00
Compute NTK...
It: 9900, Loss: 2.856e+00, Loss_bcs: 2.269e-07, Loss_res: 2.855e+00 ,Time: 0.00
Compute NTK...
It: 10000, Loss: 2.818e+00, Loss_bcs: 2.218e-07, Loss_res: 2.818e+00 ,Time: 0.00
Compute NTK...
It: 10100, Loss: 2.781e+00, Loss_bcs: 2.175e-07, Loss_res: 2.781e+00 ,Time: 0.00
Compute NTK...
It: 10200, Loss: 2.746e+00, Loss_bcs: 2.122e-07, Loss_res: 2.746e+00 ,Time: 0.00
Compute NTK...
It: 10300, Loss: 2.711e+00, Loss_bcs: 2.071e-07, Loss_res: 2.711e+00 ,Time: 0.00
Compute NTK...
It: 10400, Loss: 2.677e+00, Loss_bcs: 2.024e-07, Loss_res: 2.676e+00 ,Time: 0.00
Compute NTK...
It: 10500, Loss: 2.643e+00, Loss_bcs: 1.976e-07, Loss_res: 2.643e+00 ,Time: 0.00
Compute NTK...
It: 10600, Loss: 2.611e+00, Loss_bcs: 1.937e-07, Loss_res: 2.610e+00 ,Time: 0.00
Compute NTK...
It: 10700, Loss: 2.579e+00, Loss_bcs: 1.893e-07, Loss_res: 2.579e+00 ,Time: 0.00
Compute NTK...
It: 10800, Loss: 2.547e+00, Loss_bcs: 1.848e-07, Loss_res: 2.547e+00 ,Time: 0.00
Compute NTK...
It: 10900, Loss: 2.517e+00, Loss_bcs: 1.812e-07, Loss_res: 2.517e+00 ,Time: 0.00
Compute NTK...
It: 11000, Loss: 2.487e+00, Loss_bcs: 1.766e-07, Loss_res: 2.487e+00 ,Time: 0.00
Compute NTK...
It: 11100, Loss: 2.458e+00, Loss_bcs: 1.739e-07, Loss_res: 2.458e+00 ,Time: 0.00
Compute NTK...
It: 11200, Loss: 2.429e+00, Loss_bcs: 1.689e-07, Loss_res: 2.429e+00 ,Time: 0.00
Compute NTK...
It: 11300, Loss: 2.401e+00, Loss_bcs: 1.659e-07, Loss_res: 2.401e+00 ,Time: 0.00
Compute NTK...
It: 11400, Loss: 2.374e+00, Loss_bcs: 1.633e-07, Loss_res: 2.374e+00 ,Time: 0.00
Compute NTK...
It: 11500, Loss: 2.347e+00, Loss_bcs: 1.593e-07, Loss_res: 2.347e+00 ,Time: 0.00
Compute NTK...
It: 11600, Loss: 2.321e+00, Loss_bcs: 1.560e-07, Loss_res: 2.321e+00 ,Time: 0.00
Compute NTK...
It: 11700, Loss: 2.295e+00, Loss_bcs: 1.530e-07, Loss_res: 2.295e+00 ,Time: 0.00
Compute NTK...
It: 11800, Loss: 2.270e+00, Loss_bcs: 1.507e-07, Loss_res: 2.270e+00 ,Time: 0.00
Compute NTK...
It: 11900, Loss: 2.245e+00, Loss_bcs: 1.467e-07, Loss_res: 2.245e+00 ,Time: 0.00
Compute NTK...
It: 12000, Loss: 2.221e+00, Loss_bcs: 1.447e-07, Loss_res: 2.221e+00 ,Time: 0.00
Compute NTK...
It: 12100, Loss: 2.197e+00, Loss_bcs: 1.414e-07, Loss_res: 2.197e+00 ,Time: 0.00
Compute NTK...
It: 12200, Loss: 2.174e+00, Loss_bcs: 1.382e-07, Loss_res: 2.174e+00 ,Time: 0.00
Compute NTK...
It: 12300, Loss: 2.151e+00, Loss_bcs: 1.356e-07, Loss_res: 2.151e+00 ,Time: 0.00
Compute NTK...
It: 12400, Loss: 2.129e+00, Loss_bcs: 1.331e-07, Loss_res: 2.129e+00 ,Time: 0.00
Compute NTK...
It: 12500, Loss: 2.107e+00, Loss_bcs: 1.306e-07, Loss_res: 2.107e+00 ,Time: 0.00
Compute NTK...
It: 12600, Loss: 2.086e+00, Loss_bcs: 1.277e-07, Loss_res: 2.085e+00 ,Time: 0.00
Compute NTK...
It: 12700, Loss: 2.064e+00, Loss_bcs: 1.262e-07, Loss_res: 2.064e+00 ,Time: 0.00
Compute NTK...
It: 12800, Loss: 2.044e+00, Loss_bcs: 1.238e-07, Loss_res: 2.044e+00 ,Time: 0.00
Compute NTK...
It: 12900, Loss: 2.023e+00, Loss_bcs: 1.216e-07, Loss_res: 2.023e+00 ,Time: 0.00
Compute NTK...
It: 13000, Loss: 2.003e+00, Loss_bcs: 1.196e-07, Loss_res: 2.003e+00 ,Time: 0.00
Compute NTK...
It: 13100, Loss: 1.984e+00, Loss_bcs: 1.174e-07, Loss_res: 1.984e+00 ,Time: 0.00
Compute NTK...
It: 13200, Loss: 1.965e+00, Loss_bcs: 1.147e-07, Loss_res: 1.965e+00 ,Time: 0.00
Compute NTK...
It: 13300, Loss: 1.946e+00, Loss_bcs: 1.128e-07, Loss_res: 1.946e+00 ,Time: 0.00
Compute NTK...
It: 13400, Loss: 1.927e+00, Loss_bcs: 1.111e-07, Loss_res: 1.927e+00 ,Time: 0.00
Compute NTK...
It: 13500, Loss: 1.909e+00, Loss_bcs: 1.094e-07, Loss_res: 1.909e+00 ,Time: 0.00
Compute NTK...
It: 13600, Loss: 1.891e+00, Loss_bcs: 1.063e-07, Loss_res: 1.891e+00 ,Time: 0.00
Compute NTK...
It: 13700, Loss: 1.874e+00, Loss_bcs: 1.053e-07, Loss_res: 1.874e+00 ,Time: 0.00
Compute NTK...
It: 13800, Loss: 1.856e+00, Loss_bcs: 1.028e-07, Loss_res: 1.856e+00 ,Time: 0.00
Compute NTK...
It: 13900, Loss: 1.839e+00, Loss_bcs: 1.018e-07, Loss_res: 1.839e+00 ,Time: 0.00
Compute NTK...
It: 14000, Loss: 1.823e+00, Loss_bcs: 9.987e-08, Loss_res: 1.823e+00 ,Time: 0.00
Compute NTK...
It: 14100, Loss: 1.806e+00, Loss_bcs: 9.804e-08, Loss_res: 1.806e+00 ,Time: 0.00
Compute NTK...
It: 14200, Loss: 1.790e+00, Loss_bcs: 9.659e-08, Loss_res: 1.790e+00 ,Time: 0.00
Compute NTK...
It: 14300, Loss: 1.775e+00, Loss_bcs: 9.515e-08, Loss_res: 1.774e+00 ,Time: 0.00
Compute NTK...
It: 14400, Loss: 1.759e+00, Loss_bcs: 9.328e-08, Loss_res: 1.759e+00 ,Time: 0.00
Compute NTK...
It: 14500, Loss: 1.744e+00, Loss_bcs: 9.212e-08, Loss_res: 1.744e+00 ,Time: 0.00
Compute NTK...
It: 14600, Loss: 1.729e+00, Loss_bcs: 9.014e-08, Loss_res: 1.729e+00 ,Time: 0.00
Compute NTK...
It: 14700, Loss: 1.714e+00, Loss_bcs: 8.896e-08, Loss_res: 1.714e+00 ,Time: 0.00
Compute NTK...
It: 14800, Loss: 1.699e+00, Loss_bcs: 8.808e-08, Loss_res: 1.699e+00 ,Time: 0.00
Compute NTK...
It: 14900, Loss: 1.685e+00, Loss_bcs: 8.590e-08, Loss_res: 1.685e+00 ,Time: 0.00
Compute NTK...
It: 15000, Loss: 1.671e+00, Loss_bcs: 8.471e-08, Loss_res: 1.671e+00 ,Time: 0.00
Compute NTK...
It: 15100, Loss: 1.657e+00, Loss_bcs: 8.375e-08, Loss_res: 1.657e+00 ,Time: 0.00
Compute NTK...
It: 15200, Loss: 1.643e+00, Loss_bcs: 8.189e-08, Loss_res: 1.643e+00 ,Time: 0.00
Compute NTK...
It: 15300, Loss: 1.630e+00, Loss_bcs: 8.107e-08, Loss_res: 1.630e+00 ,Time: 0.00
Compute NTK...
It: 15400, Loss: 1.616e+00, Loss_bcs: 7.962e-08, Loss_res: 1.616e+00 ,Time: 0.00
Compute NTK...
It: 15500, Loss: 1.603e+00, Loss_bcs: 7.862e-08, Loss_res: 1.603e+00 ,Time: 0.00
Compute NTK...
It: 15600, Loss: 1.591e+00, Loss_bcs: 7.726e-08, Loss_res: 1.591e+00 ,Time: 0.00
Compute NTK...
It: 15700, Loss: 1.578e+00, Loss_bcs: 7.567e-08, Loss_res: 1.578e+00 ,Time: 0.00
Compute NTK...
It: 15800, Loss: 1.566e+00, Loss_bcs: 7.433e-08, Loss_res: 1.565e+00 ,Time: 0.00
Compute NTK...
It: 15900, Loss: 1.553e+00, Loss_bcs: 7.405e-08, Loss_res: 1.553e+00 ,Time: 0.00
Compute NTK...
It: 16000, Loss: 1.541e+00, Loss_bcs: 7.314e-08, Loss_res: 1.541e+00 ,Time: 0.00
Compute NTK...
It: 16100, Loss: 1.529e+00, Loss_bcs: 7.182e-08, Loss_res: 1.529e+00 ,Time: 0.00
Compute NTK...
It: 16200, Loss: 1.518e+00, Loss_bcs: 7.033e-08, Loss_res: 1.518e+00 ,Time: 0.00
Compute NTK...
It: 16300, Loss: 1.506e+00, Loss_bcs: 6.938e-08, Loss_res: 1.506e+00 ,Time: 0.00
Compute NTK...
It: 16400, Loss: 1.495e+00, Loss_bcs: 6.829e-08, Loss_res: 1.495e+00 ,Time: 0.00
Compute NTK...
It: 16500, Loss: 1.483e+00, Loss_bcs: 6.807e-08, Loss_res: 1.483e+00 ,Time: 0.00
Compute NTK...
It: 16600, Loss: 1.472e+00, Loss_bcs: 6.665e-08, Loss_res: 1.472e+00 ,Time: 0.00
Compute NTK...
It: 16700, Loss: 1.462e+00, Loss_bcs: 6.573e-08, Loss_res: 1.461e+00 ,Time: 0.00
Compute NTK...
It: 16800, Loss: 1.451e+00, Loss_bcs: 6.491e-08, Loss_res: 1.451e+00 ,Time: 0.00
Compute NTK...
It: 16900, Loss: 1.440e+00, Loss_bcs: 6.397e-08, Loss_res: 1.440e+00 ,Time: 0.00
Compute NTK...
It: 17000, Loss: 1.430e+00, Loss_bcs: 6.298e-08, Loss_res: 1.430e+00 ,Time: 0.00
Compute NTK...
It: 17100, Loss: 1.419e+00, Loss_bcs: 6.250e-08, Loss_res: 1.419e+00 ,Time: 0.00
Compute NTK...
It: 17200, Loss: 1.409e+00, Loss_bcs: 6.153e-08, Loss_res: 1.409e+00 ,Time: 0.00
Compute NTK...
It: 17300, Loss: 1.399e+00, Loss_bcs: 6.073e-08, Loss_res: 1.399e+00 ,Time: 0.00
Compute NTK...
It: 17400, Loss: 1.389e+00, Loss_bcs: 5.994e-08, Loss_res: 1.389e+00 ,Time: 0.00
Compute NTK...
It: 17500, Loss: 1.380e+00, Loss_bcs: 5.935e-08, Loss_res: 1.380e+00 ,Time: 0.00
Compute NTK...
It: 17600, Loss: 1.370e+00, Loss_bcs: 5.811e-08, Loss_res: 1.370e+00 ,Time: 0.00
Compute NTK...
It: 17700, Loss: 1.361e+00, Loss_bcs: 5.739e-08, Loss_res: 1.361e+00 ,Time: 0.00
Compute NTK...
It: 17800, Loss: 1.351e+00, Loss_bcs: 5.720e-08, Loss_res: 1.351e+00 ,Time: 0.00
Compute NTK...
It: 17900, Loss: 1.342e+00, Loss_bcs: 5.541e-08, Loss_res: 1.342e+00 ,Time: 0.00
Compute NTK...
It: 18000, Loss: 1.333e+00, Loss_bcs: 5.564e-08, Loss_res: 1.333e+00 ,Time: 0.00
Compute NTK...
It: 18100, Loss: 1.324e+00, Loss_bcs: 5.438e-08, Loss_res: 1.324e+00 ,Time: 0.00
Compute NTK...
It: 18200, Loss: 1.315e+00, Loss_bcs: 5.430e-08, Loss_res: 1.315e+00 ,Time: 0.00
Compute NTK...
It: 18300, Loss: 1.306e+00, Loss_bcs: 5.341e-08, Loss_res: 1.306e+00 ,Time: 0.00
Compute NTK...
It: 18400, Loss: 1.298e+00, Loss_bcs: 5.289e-08, Loss_res: 1.298e+00 ,Time: 0.00
Compute NTK...
It: 18500, Loss: 1.289e+00, Loss_bcs: 5.199e-08, Loss_res: 1.289e+00 ,Time: 0.00
Compute NTK...
It: 18600, Loss: 1.281e+00, Loss_bcs: 5.134e-08, Loss_res: 1.281e+00 ,Time: 0.00
Compute NTK...
It: 18700, Loss: 1.272e+00, Loss_bcs: 5.113e-08, Loss_res: 1.272e+00 ,Time: 0.00
Compute NTK...
It: 18800, Loss: 1.264e+00, Loss_bcs: 5.027e-08, Loss_res: 1.264e+00 ,Time: 0.00
Compute NTK...
It: 18900, Loss: 1.256e+00, Loss_bcs: 4.947e-08, Loss_res: 1.256e+00 ,Time: 0.00
Compute NTK...
It: 19000, Loss: 1.248e+00, Loss_bcs: 4.910e-08, Loss_res: 1.248e+00 ,Time: 0.00
Compute NTK...
It: 19100, Loss: 1.240e+00, Loss_bcs: 4.781e-08, Loss_res: 1.240e+00 ,Time: 0.00
Compute NTK...
It: 19200, Loss: 1.232e+00, Loss_bcs: 4.786e-08, Loss_res: 1.232e+00 ,Time: 0.00
Compute NTK...
It: 19300, Loss: 1.225e+00, Loss_bcs: 4.716e-08, Loss_res: 1.225e+00 ,Time: 0.00
Compute NTK...
It: 19400, Loss: 1.217e+00, Loss_bcs: 4.657e-08, Loss_res: 1.217e+00 ,Time: 0.00
Compute NTK...
It: 19500, Loss: 1.209e+00, Loss_bcs: 4.560e-08, Loss_res: 1.209e+00 ,Time: 0.00
Compute NTK...
It: 19600, Loss: 1.202e+00, Loss_bcs: 4.501e-08, Loss_res: 1.202e+00 ,Time: 0.00
Compute NTK...
It: 19700, Loss: 1.195e+00, Loss_bcs: 4.468e-08, Loss_res: 1.195e+00 ,Time: 0.00
Compute NTK...
It: 19800, Loss: 1.187e+00, Loss_bcs: 4.471e-08, Loss_res: 1.187e+00 ,Time: 0.00
Compute NTK...
It: 19900, Loss: 1.180e+00, Loss_bcs: 4.472e-08, Loss_res: 1.180e+00 ,Time: 0.00
Compute NTK...
It: 20000, Loss: 1.173e+00, Loss_bcs: 4.323e-08, Loss_res: 1.173e+00 ,Time: 0.00
Compute NTK...
It: 20100, Loss: 1.166e+00, Loss_bcs: 4.274e-08, Loss_res: 1.166e+00 ,Time: 0.00
Compute NTK...
It: 20200, Loss: 1.159e+00, Loss_bcs: 4.260e-08, Loss_res: 1.159e+00 ,Time: 0.00
Compute NTK...
It: 20300, Loss: 1.152e+00, Loss_bcs: 4.166e-08, Loss_res: 1.152e+00 ,Time: 0.00
Compute NTK...
It: 20400, Loss: 1.146e+00, Loss_bcs: 4.110e-08, Loss_res: 1.146e+00 ,Time: 0.00
Compute NTK...
It: 20500, Loss: 1.139e+00, Loss_bcs: 4.086e-08, Loss_res: 1.139e+00 ,Time: 0.00
Compute NTK...
It: 20600, Loss: 1.132e+00, Loss_bcs: 4.077e-08, Loss_res: 1.132e+00 ,Time: 0.00
Compute NTK...
It: 20700, Loss: 1.126e+00, Loss_bcs: 4.048e-08, Loss_res: 1.126e+00 ,Time: 0.00
Compute NTK...
It: 20800, Loss: 1.119e+00, Loss_bcs: 3.969e-08, Loss_res: 1.119e+00 ,Time: 0.00
Compute NTK...
It: 20900, Loss: 1.113e+00, Loss_bcs: 3.931e-08, Loss_res: 1.113e+00 ,Time: 0.00
Compute NTK...
It: 21000, Loss: 1.107e+00, Loss_bcs: 3.882e-08, Loss_res: 1.107e+00 ,Time: 0.00
Compute NTK...
It: 21100, Loss: 1.100e+00, Loss_bcs: 3.844e-08, Loss_res: 1.100e+00 ,Time: 0.00
Compute NTK...
It: 21200, Loss: 1.094e+00, Loss_bcs: 3.812e-08, Loss_res: 1.094e+00 ,Time: 0.00
Compute NTK...
It: 21300, Loss: 1.088e+00, Loss_bcs: 3.729e-08, Loss_res: 1.088e+00 ,Time: 0.00
Compute NTK...
It: 21400, Loss: 1.082e+00, Loss_bcs: 3.724e-08, Loss_res: 1.082e+00 ,Time: 0.00
Compute NTK...
It: 21500, Loss: 1.076e+00, Loss_bcs: 3.698e-08, Loss_res: 1.076e+00 ,Time: 0.00
Compute NTK...
It: 21600, Loss: 1.070e+00, Loss_bcs: 3.640e-08, Loss_res: 1.070e+00 ,Time: 0.00
Compute NTK...
It: 21700, Loss: 1.064e+00, Loss_bcs: 3.633e-08, Loss_res: 1.064e+00 ,Time: 0.00
Compute NTK...
It: 21800, Loss: 1.058e+00, Loss_bcs: 3.601e-08, Loss_res: 1.058e+00 ,Time: 0.00
Compute NTK...
It: 21900, Loss: 1.053e+00, Loss_bcs: 3.560e-08, Loss_res: 1.053e+00 ,Time: 0.00
Compute NTK...
It: 22000, Loss: 1.047e+00, Loss_bcs: 3.506e-08, Loss_res: 1.047e+00 ,Time: 0.00
Compute NTK...
It: 22100, Loss: 1.041e+00, Loss_bcs: 3.464e-08, Loss_res: 1.041e+00 ,Time: 0.00
Compute NTK...
It: 22200, Loss: 1.036e+00, Loss_bcs: 3.417e-08, Loss_res: 1.036e+00 ,Time: 0.00
Compute NTK...
It: 22300, Loss: 1.030e+00, Loss_bcs: 3.385e-08, Loss_res: 1.030e+00 ,Time: 0.00
Compute NTK...
It: 22400, Loss: 1.025e+00, Loss_bcs: 3.352e-08, Loss_res: 1.025e+00 ,Time: 0.00
Compute NTK...
It: 22500, Loss: 1.020e+00, Loss_bcs: 3.313e-08, Loss_res: 1.020e+00 ,Time: 0.00
Compute NTK...
It: 22600, Loss: 1.014e+00, Loss_bcs: 3.331e-08, Loss_res: 1.014e+00 ,Time: 0.00
Compute NTK...
It: 22700, Loss: 1.009e+00, Loss_bcs: 3.257e-08, Loss_res: 1.009e+00 ,Time: 0.00
Compute NTK...
It: 22800, Loss: 1.004e+00, Loss_bcs: 3.233e-08, Loss_res: 1.004e+00 ,Time: 0.00
Compute NTK...
It: 22900, Loss: 9.985e-01, Loss_bcs: 3.201e-08, Loss_res: 9.985e-01 ,Time: 0.00
Compute NTK...
It: 23000, Loss: 9.934e-01, Loss_bcs: 3.178e-08, Loss_res: 9.934e-01 ,Time: 0.00
Compute NTK...
It: 23100, Loss: 9.883e-01, Loss_bcs: 3.126e-08, Loss_res: 9.883e-01 ,Time: 0.00
Compute NTK...
It: 23200, Loss: 9.833e-01, Loss_bcs: 3.135e-08, Loss_res: 9.833e-01 ,Time: 0.00
Compute NTK...
It: 23300, Loss: 9.783e-01, Loss_bcs: 3.045e-08, Loss_res: 9.783e-01 ,Time: 0.00
Compute NTK...
It: 23400, Loss: 9.734e-01, Loss_bcs: 3.030e-08, Loss_res: 9.734e-01 ,Time: 0.00
Compute NTK...
It: 23500, Loss: 9.685e-01, Loss_bcs: 3.005e-08, Loss_res: 9.685e-01 ,Time: 0.00
Compute NTK...
It: 23600, Loss: 9.637e-01, Loss_bcs: 2.979e-08, Loss_res: 9.637e-01 ,Time: 0.00
Compute NTK...
It: 23700, Loss: 9.589e-01, Loss_bcs: 2.960e-08, Loss_res: 9.589e-01 ,Time: 0.00
Compute NTK...
It: 23800, Loss: 9.541e-01, Loss_bcs: 2.923e-08, Loss_res: 9.541e-01 ,Time: 0.00
Compute NTK...
It: 23900, Loss: 9.494e-01, Loss_bcs: 2.889e-08, Loss_res: 9.494e-01 ,Time: 0.00
Compute NTK...
It: 24000, Loss: 9.448e-01, Loss_bcs: 2.907e-08, Loss_res: 9.448e-01 ,Time: 0.00
Compute NTK...
It: 24100, Loss: 9.402e-01, Loss_bcs: 2.824e-08, Loss_res: 9.402e-01 ,Time: 0.00
Compute NTK...
It: 24200, Loss: 9.356e-01, Loss_bcs: 2.822e-08, Loss_res: 9.356e-01 ,Time: 0.00
Compute NTK...
It: 24300, Loss: 9.311e-01, Loss_bcs: 2.798e-08, Loss_res: 9.311e-01 ,Time: 0.00
Compute NTK...
It: 24400, Loss: 9.266e-01, Loss_bcs: 2.772e-08, Loss_res: 9.266e-01 ,Time: 0.00
Compute NTK...
It: 24500, Loss: 9.222e-01, Loss_bcs: 2.800e-08, Loss_res: 9.222e-01 ,Time: 0.00
Compute NTK...
It: 24600, Loss: 9.178e-01, Loss_bcs: 2.729e-08, Loss_res: 9.177e-01 ,Time: 0.00
Compute NTK...
It: 24700, Loss: 9.134e-01, Loss_bcs: 2.733e-08, Loss_res: 9.134e-01 ,Time: 0.00
Compute NTK...
It: 24800, Loss: 9.090e-01, Loss_bcs: 2.682e-08, Loss_res: 9.090e-01 ,Time: 0.00
Compute NTK...
It: 24900, Loss: 9.048e-01, Loss_bcs: 2.656e-08, Loss_res: 9.048e-01 ,Time: 0.00
Compute NTK...
It: 25000, Loss: 9.005e-01, Loss_bcs: 2.659e-08, Loss_res: 9.005e-01 ,Time: 0.00
Compute NTK...
It: 25100, Loss: 8.963e-01, Loss_bcs: 2.626e-08, Loss_res: 8.963e-01 ,Time: 0.00
Compute NTK...
It: 25200, Loss: 8.921e-01, Loss_bcs: 2.602e-08, Loss_res: 8.921e-01 ,Time: 0.00
Compute NTK...
It: 25300, Loss: 8.880e-01, Loss_bcs: 2.595e-08, Loss_res: 8.879e-01 ,Time: 0.00
Compute NTK...
It: 25400, Loss: 8.839e-01, Loss_bcs: 2.560e-08, Loss_res: 8.838e-01 ,Time: 0.00
Compute NTK...
It: 25500, Loss: 8.798e-01, Loss_bcs: 2.519e-08, Loss_res: 8.798e-01 ,Time: 0.00
Compute NTK...
It: 25600, Loss: 8.757e-01, Loss_bcs: 2.489e-08, Loss_res: 8.757e-01 ,Time: 0.00
Compute NTK...
It: 25700, Loss: 8.718e-01, Loss_bcs: 2.495e-08, Loss_res: 8.717e-01 ,Time: 0.00
Compute NTK...
It: 25800, Loss: 8.678e-01, Loss_bcs: 2.457e-08, Loss_res: 8.678e-01 ,Time: 0.00
Compute NTK...
It: 25900, Loss: 8.639e-01, Loss_bcs: 2.455e-08, Loss_res: 8.639e-01 ,Time: 0.00
Compute NTK...
It: 26000, Loss: 8.599e-01, Loss_bcs: 2.427e-08, Loss_res: 8.599e-01 ,Time: 0.00
Compute NTK...
It: 26100, Loss: 8.561e-01, Loss_bcs: 2.405e-08, Loss_res: 8.561e-01 ,Time: 0.00
Compute NTK...
It: 26200, Loss: 8.522e-01, Loss_bcs: 2.379e-08, Loss_res: 8.522e-01 ,Time: 0.00
Compute NTK...
It: 26300, Loss: 8.484e-01, Loss_bcs: 2.366e-08, Loss_res: 8.484e-01 ,Time: 0.00
Compute NTK...
It: 26400, Loss: 8.447e-01, Loss_bcs: 2.346e-08, Loss_res: 8.446e-01 ,Time: 0.00
Compute NTK...
It: 26500, Loss: 8.409e-01, Loss_bcs: 2.293e-08, Loss_res: 8.409e-01 ,Time: 0.00
Compute NTK...
It: 26600, Loss: 8.372e-01, Loss_bcs: 2.325e-08, Loss_res: 8.372e-01 ,Time: 0.00
Compute NTK...
It: 26700, Loss: 8.335e-01, Loss_bcs: 2.320e-08, Loss_res: 8.335e-01 ,Time: 0.00
Compute NTK...
It: 26800, Loss: 8.298e-01, Loss_bcs: 2.322e-08, Loss_res: 8.298e-01 ,Time: 0.00
Compute NTK...
It: 26900, Loss: 8.262e-01, Loss_bcs: 2.234e-08, Loss_res: 8.262e-01 ,Time: 0.00
Compute NTK...
It: 27000, Loss: 8.226e-01, Loss_bcs: 2.218e-08, Loss_res: 8.226e-01 ,Time: 0.00
Compute NTK...
It: 27100, Loss: 8.190e-01, Loss_bcs: 2.223e-08, Loss_res: 8.190e-01 ,Time: 0.00
Compute NTK...
It: 27200, Loss: 8.155e-01, Loss_bcs: 2.171e-08, Loss_res: 8.155e-01 ,Time: 0.00
Compute NTK...
It: 27300, Loss: 8.120e-01, Loss_bcs: 2.156e-08, Loss_res: 8.119e-01 ,Time: 0.00
Compute NTK...
It: 27400, Loss: 8.085e-01, Loss_bcs: 2.179e-08, Loss_res: 8.085e-01 ,Time: 0.00
Compute NTK...
It: 27500, Loss: 8.050e-01, Loss_bcs: 2.158e-08, Loss_res: 8.050e-01 ,Time: 0.00
Compute NTK...
It: 27600, Loss: 8.016e-01, Loss_bcs: 2.154e-08, Loss_res: 8.016e-01 ,Time: 0.00
Compute NTK...
It: 27700, Loss: 7.982e-01, Loss_bcs: 2.174e-08, Loss_res: 7.982e-01 ,Time: 0.00
Compute NTK...
It: 27800, Loss: 7.948e-01, Loss_bcs: 2.125e-08, Loss_res: 7.948e-01 ,Time: 0.00
Compute NTK...
It: 27900, Loss: 7.914e-01, Loss_bcs: 2.123e-08, Loss_res: 7.914e-01 ,Time: 0.00
Compute NTK...
It: 28000, Loss: 7.881e-01, Loss_bcs: 2.045e-08, Loss_res: 7.881e-01 ,Time: 0.00
Compute NTK...
It: 28100, Loss: 7.848e-01, Loss_bcs: 2.076e-08, Loss_res: 7.848e-01 ,Time: 0.00
Compute NTK...
It: 28200, Loss: 7.815e-01, Loss_bcs: 2.054e-08, Loss_res: 7.815e-01 ,Time: 0.00
Compute NTK...
It: 28300, Loss: 7.782e-01, Loss_bcs: 2.018e-08, Loss_res: 7.782e-01 ,Time: 0.00
Compute NTK...
It: 28400, Loss: 7.750e-01, Loss_bcs: 2.022e-08, Loss_res: 7.750e-01 ,Time: 0.00
Compute NTK...
It: 28500, Loss: 7.718e-01, Loss_bcs: 1.986e-08, Loss_res: 7.718e-01 ,Time: 0.00
Compute NTK...
It: 28600, Loss: 7.686e-01, Loss_bcs: 1.963e-08, Loss_res: 7.686e-01 ,Time: 0.00
Compute NTK...
It: 28700, Loss: 7.654e-01, Loss_bcs: 2.016e-08, Loss_res: 7.654e-01 ,Time: 0.00
Compute NTK...
It: 28800, Loss: 7.623e-01, Loss_bcs: 1.949e-08, Loss_res: 7.623e-01 ,Time: 0.00
Compute NTK...
It: 28900, Loss: 7.591e-01, Loss_bcs: 1.926e-08, Loss_res: 7.591e-01 ,Time: 0.00
Compute NTK...
It: 29000, Loss: 7.560e-01, Loss_bcs: 1.931e-08, Loss_res: 7.560e-01 ,Time: 0.00
Compute NTK...
It: 29100, Loss: 7.530e-01, Loss_bcs: 1.930e-08, Loss_res: 7.530e-01 ,Time: 0.00
Compute NTK...
It: 29200, Loss: 7.499e-01, Loss_bcs: 1.864e-08, Loss_res: 7.499e-01 ,Time: 0.00
Compute NTK...
It: 29300, Loss: 7.469e-01, Loss_bcs: 1.878e-08, Loss_res: 7.469e-01 ,Time: 0.00
Compute NTK...
It: 29400, Loss: 7.439e-01, Loss_bcs: 1.848e-08, Loss_res: 7.439e-01 ,Time: 0.00
Compute NTK...
It: 29500, Loss: 7.409e-01, Loss_bcs: 1.841e-08, Loss_res: 7.409e-01 ,Time: 0.00
Compute NTK...
It: 29600, Loss: 7.379e-01, Loss_bcs: 1.849e-08, Loss_res: 7.379e-01 ,Time: 0.00
Compute NTK...
It: 29700, Loss: 7.350e-01, Loss_bcs: 1.840e-08, Loss_res: 7.349e-01 ,Time: 0.00
Compute NTK...
It: 29800, Loss: 7.320e-01, Loss_bcs: 1.804e-08, Loss_res: 7.320e-01 ,Time: 0.00
Compute NTK...
It: 29900, Loss: 7.291e-01, Loss_bcs: 1.813e-08, Loss_res: 7.291e-01 ,Time: 0.00
Compute NTK...
It: 30000, Loss: 7.262e-01, Loss_bcs: 1.782e-08, Loss_res: 7.262e-01 ,Time: 0.00
Compute NTK...
It: 30100, Loss: 7.234e-01, Loss_bcs: 1.798e-08, Loss_res: 7.233e-01 ,Time: 0.00
Compute NTK...
It: 30200, Loss: 7.205e-01, Loss_bcs: 1.771e-08, Loss_res: 7.205e-01 ,Time: 0.00
Compute NTK...
It: 30300, Loss: 7.177e-01, Loss_bcs: 1.768e-08, Loss_res: 7.177e-01 ,Time: 0.00
Compute NTK...
It: 30400, Loss: 7.149e-01, Loss_bcs: 1.736e-08, Loss_res: 7.149e-01 ,Time: 0.00
Compute NTK...
It: 30500, Loss: 7.121e-01, Loss_bcs: 1.717e-08, Loss_res: 7.121e-01 ,Time: 0.00
Compute NTK...
It: 30600, Loss: 7.093e-01, Loss_bcs: 1.725e-08, Loss_res: 7.093e-01 ,Time: 0.00
Compute NTK...
It: 30700, Loss: 7.065e-01, Loss_bcs: 1.694e-08, Loss_res: 7.065e-01 ,Time: 0.00
Compute NTK...
It: 30800, Loss: 7.038e-01, Loss_bcs: 1.681e-08, Loss_res: 7.038e-01 ,Time: 0.00
Compute NTK...
It: 30900, Loss: 7.011e-01, Loss_bcs: 1.699e-08, Loss_res: 7.011e-01 ,Time: 0.00
Compute NTK...
It: 31000, Loss: 6.984e-01, Loss_bcs: 1.682e-08, Loss_res: 6.983e-01 ,Time: 0.00
Compute NTK...
It: 31100, Loss: 6.957e-01, Loss_bcs: 1.661e-08, Loss_res: 6.956e-01 ,Time: 0.00
Compute NTK...
It: 31200, Loss: 6.930e-01, Loss_bcs: 1.663e-08, Loss_res: 6.930e-01 ,Time: 0.00
Compute NTK...
It: 31300, Loss: 6.903e-01, Loss_bcs: 1.657e-08, Loss_res: 6.903e-01 ,Time: 0.00
Compute NTK...
It: 31400, Loss: 6.877e-01, Loss_bcs: 1.604e-08, Loss_res: 6.877e-01 ,Time: 0.00
Compute NTK...
It: 31500, Loss: 6.851e-01, Loss_bcs: 1.635e-08, Loss_res: 6.851e-01 ,Time: 0.00
Compute NTK...
It: 31600, Loss: 6.825e-01, Loss_bcs: 1.599e-08, Loss_res: 6.825e-01 ,Time: 0.00
Compute NTK...
It: 31700, Loss: 6.799e-01, Loss_bcs: 1.581e-08, Loss_res: 6.799e-01 ,Time: 0.00
Compute NTK...
It: 31800, Loss: 6.773e-01, Loss_bcs: 1.577e-08, Loss_res: 6.773e-01 ,Time: 0.00
Compute NTK...
It: 31900, Loss: 6.748e-01, Loss_bcs: 1.588e-08, Loss_res: 6.748e-01 ,Time: 0.00
Compute NTK...
It: 32000, Loss: 6.723e-01, Loss_bcs: 1.560e-08, Loss_res: 6.723e-01 ,Time: 0.00
Compute NTK...
It: 32100, Loss: 6.698e-01, Loss_bcs: 1.553e-08, Loss_res: 6.697e-01 ,Time: 0.00
Compute NTK...
It: 32200, Loss: 6.673e-01, Loss_bcs: 1.545e-08, Loss_res: 6.672e-01 ,Time: 0.00
Compute NTK...
It: 32300, Loss: 6.648e-01, Loss_bcs: 1.547e-08, Loss_res: 6.648e-01 ,Time: 0.00
Compute NTK...
It: 32400, Loss: 6.623e-01, Loss_bcs: 1.536e-08, Loss_res: 6.623e-01 ,Time: 0.00
Compute NTK...
It: 32500, Loss: 6.598e-01, Loss_bcs: 1.518e-08, Loss_res: 6.598e-01 ,Time: 0.00
Compute NTK...
It: 32600, Loss: 6.574e-01, Loss_bcs: 1.504e-08, Loss_res: 6.574e-01 ,Time: 0.00
Compute NTK...
It: 32700, Loss: 6.549e-01, Loss_bcs: 1.489e-08, Loss_res: 6.549e-01 ,Time: 0.00
Compute NTK...
It: 32800, Loss: 6.525e-01, Loss_bcs: 1.460e-08, Loss_res: 6.525e-01 ,Time: 0.00
Compute NTK...
It: 32900, Loss: 6.501e-01, Loss_bcs: 1.487e-08, Loss_res: 6.501e-01 ,Time: 0.00
Compute NTK...
It: 33000, Loss: 6.477e-01, Loss_bcs: 1.439e-08, Loss_res: 6.477e-01 ,Time: 0.00
Compute NTK...
It: 33100, Loss: 6.454e-01, Loss_bcs: 1.475e-08, Loss_res: 6.454e-01 ,Time: 0.00
Compute NTK...
It: 33200, Loss: 6.430e-01, Loss_bcs: 1.416e-08, Loss_res: 6.430e-01 ,Time: 0.00
Compute NTK...
It: 33300, Loss: 6.407e-01, Loss_bcs: 1.432e-08, Loss_res: 6.407e-01 ,Time: 0.00
Compute NTK...
It: 33400, Loss: 6.383e-01, Loss_bcs: 1.415e-08, Loss_res: 6.383e-01 ,Time: 0.00
Compute NTK...
It: 33500, Loss: 6.360e-01, Loss_bcs: 1.443e-08, Loss_res: 6.360e-01 ,Time: 0.00
Compute NTK...
It: 33600, Loss: 6.337e-01, Loss_bcs: 1.424e-08, Loss_res: 6.337e-01 ,Time: 0.00
Compute NTK...
It: 33700, Loss: 6.315e-01, Loss_bcs: 1.395e-08, Loss_res: 6.315e-01 ,Time: 0.00
Compute NTK...
It: 33800, Loss: 6.292e-01, Loss_bcs: 1.385e-08, Loss_res: 6.292e-01 ,Time: 0.00
Compute NTK...
It: 33900, Loss: 6.269e-01, Loss_bcs: 1.402e-08, Loss_res: 6.269e-01 ,Time: 0.00
Compute NTK...
It: 34000, Loss: 6.247e-01, Loss_bcs: 1.384e-08, Loss_res: 6.247e-01 ,Time: 0.00
Compute NTK...
It: 34100, Loss: 6.224e-01, Loss_bcs: 1.389e-08, Loss_res: 6.224e-01 ,Time: 0.00
Compute NTK...
It: 34200, Loss: 6.202e-01, Loss_bcs: 1.374e-08, Loss_res: 6.202e-01 ,Time: 0.00
Compute NTK...
It: 34300, Loss: 6.180e-01, Loss_bcs: 1.372e-08, Loss_res: 6.180e-01 ,Time: 0.00
Compute NTK...
It: 34400, Loss: 6.158e-01, Loss_bcs: 1.346e-08, Loss_res: 6.158e-01 ,Time: 0.00
Compute NTK...
It: 34500, Loss: 6.136e-01, Loss_bcs: 1.335e-08, Loss_res: 6.136e-01 ,Time: 0.00
Compute NTK...
It: 34600, Loss: 6.115e-01, Loss_bcs: 1.324e-08, Loss_res: 6.115e-01 ,Time: 0.00
Compute NTK...
It: 34700, Loss: 6.093e-01, Loss_bcs: 1.308e-08, Loss_res: 6.093e-01 ,Time: 0.00
Compute NTK...
It: 34800, Loss: 6.072e-01, Loss_bcs: 1.341e-08, Loss_res: 6.072e-01 ,Time: 0.00
Compute NTK...
It: 34900, Loss: 6.051e-01, Loss_bcs: 1.337e-08, Loss_res: 6.050e-01 ,Time: 0.00
Compute NTK...
It: 35000, Loss: 6.029e-01, Loss_bcs: 1.311e-08, Loss_res: 6.029e-01 ,Time: 0.00
Compute NTK...
It: 35100, Loss: 6.008e-01, Loss_bcs: 1.302e-08, Loss_res: 6.008e-01 ,Time: 0.00
Compute NTK...
It: 35200, Loss: 5.987e-01, Loss_bcs: 1.294e-08, Loss_res: 5.987e-01 ,Time: 0.00
Compute NTK...
It: 35300, Loss: 5.966e-01, Loss_bcs: 1.283e-08, Loss_res: 5.966e-01 ,Time: 0.00
Compute NTK...
It: 35400, Loss: 5.945e-01, Loss_bcs: 1.258e-08, Loss_res: 5.945e-01 ,Time: 0.00
Compute NTK...
It: 35500, Loss: 5.925e-01, Loss_bcs: 1.271e-08, Loss_res: 5.925e-01 ,Time: 0.00
Compute NTK...
It: 35600, Loss: 5.904e-01, Loss_bcs: 1.243e-08, Loss_res: 5.904e-01 ,Time: 0.00
Compute NTK...
It: 35700, Loss: 5.884e-01, Loss_bcs: 1.268e-08, Loss_res: 5.884e-01 ,Time: 0.00
Compute NTK...
It: 35800, Loss: 5.863e-01, Loss_bcs: 1.256e-08, Loss_res: 5.863e-01 ,Time: 0.00
Compute NTK...
It: 35900, Loss: 5.843e-01, Loss_bcs: 1.243e-08, Loss_res: 5.843e-01 ,Time: 0.00
Compute NTK...
It: 36000, Loss: 5.823e-01, Loss_bcs: 1.240e-08, Loss_res: 5.823e-01 ,Time: 0.00
Compute NTK...
It: 36100, Loss: 5.803e-01, Loss_bcs: 1.218e-08, Loss_res: 5.803e-01 ,Time: 0.00
Compute NTK...
It: 36200, Loss: 5.783e-01, Loss_bcs: 1.204e-08, Loss_res: 5.783e-01 ,Time: 0.00
Compute NTK...
It: 36300, Loss: 5.763e-01, Loss_bcs: 1.219e-08, Loss_res: 5.763e-01 ,Time: 0.00
Compute NTK...
It: 36400, Loss: 5.744e-01, Loss_bcs: 1.207e-08, Loss_res: 5.744e-01 ,Time: 0.00
Compute NTK...
It: 36500, Loss: 5.724e-01, Loss_bcs: 1.197e-08, Loss_res: 5.724e-01 ,Time: 0.00
Compute NTK...
It: 36600, Loss: 5.705e-01, Loss_bcs: 1.174e-08, Loss_res: 5.705e-01 ,Time: 0.00
Compute NTK...
It: 36700, Loss: 5.685e-01, Loss_bcs: 1.170e-08, Loss_res: 5.685e-01 ,Time: 0.00
Compute NTK...
It: 36800, Loss: 5.666e-01, Loss_bcs: 1.180e-08, Loss_res: 5.666e-01 ,Time: 0.00
Compute NTK...
It: 36900, Loss: 5.647e-01, Loss_bcs: 1.167e-08, Loss_res: 5.647e-01 ,Time: 0.00
Compute NTK...
It: 37000, Loss: 5.628e-01, Loss_bcs: 1.147e-08, Loss_res: 5.628e-01 ,Time: 0.00
Compute NTK...
It: 37100, Loss: 5.609e-01, Loss_bcs: 1.162e-08, Loss_res: 5.609e-01 ,Time: 0.00
Compute NTK...
It: 37200, Loss: 5.590e-01, Loss_bcs: 1.138e-08, Loss_res: 5.590e-01 ,Time: 0.00
Compute NTK...
It: 37300, Loss: 5.571e-01, Loss_bcs: 1.150e-08, Loss_res: 5.571e-01 ,Time: 0.00
Compute NTK...
It: 37400, Loss: 5.553e-01, Loss_bcs: 1.131e-08, Loss_res: 5.553e-01 ,Time: 0.00
Compute NTK...
It: 37500, Loss: 5.534e-01, Loss_bcs: 1.131e-08, Loss_res: 5.534e-01 ,Time: 0.00
Compute NTK...
It: 37600, Loss: 5.516e-01, Loss_bcs: 1.111e-08, Loss_res: 5.516e-01 ,Time: 0.00
Compute NTK...
It: 37700, Loss: 5.497e-01, Loss_bcs: 1.122e-08, Loss_res: 5.497e-01 ,Time: 0.00
Compute NTK...
It: 37800, Loss: 5.479e-01, Loss_bcs: 1.110e-08, Loss_res: 5.479e-01 ,Time: 0.00
Compute NTK...
It: 37900, Loss: 5.461e-01, Loss_bcs: 1.114e-08, Loss_res: 5.461e-01 ,Time: 0.00
Compute NTK...
It: 38000, Loss: 5.443e-01, Loss_bcs: 1.116e-08, Loss_res: 5.442e-01 ,Time: 0.00
Compute NTK...
It: 38100, Loss: 5.425e-01, Loss_bcs: 1.117e-08, Loss_res: 5.424e-01 ,Time: 0.00
Compute NTK...
It: 38200, Loss: 5.407e-01, Loss_bcs: 1.099e-08, Loss_res: 5.407e-01 ,Time: 0.00
Compute NTK...
It: 38300, Loss: 5.389e-01, Loss_bcs: 1.091e-08, Loss_res: 5.389e-01 ,Time: 0.00
Compute NTK...
It: 38400, Loss: 5.371e-01, Loss_bcs: 1.102e-08, Loss_res: 5.371e-01 ,Time: 0.00
Compute NTK...
It: 38500, Loss: 5.354e-01, Loss_bcs: 1.086e-08, Loss_res: 5.354e-01 ,Time: 0.00
Compute NTK...
It: 38600, Loss: 5.336e-01, Loss_bcs: 1.090e-08, Loss_res: 5.336e-01 ,Time: 0.00
Compute NTK...
It: 38700, Loss: 5.319e-01, Loss_bcs: 1.075e-08, Loss_res: 5.319e-01 ,Time: 0.00
Compute NTK...
It: 38800, Loss: 5.301e-01, Loss_bcs: 1.073e-08, Loss_res: 5.301e-01 ,Time: 0.00
Compute NTK...
It: 38900, Loss: 5.284e-01, Loss_bcs: 1.064e-08, Loss_res: 5.284e-01 ,Time: 0.00
Compute NTK...
It: 39000, Loss: 5.267e-01, Loss_bcs: 1.067e-08, Loss_res: 5.267e-01 ,Time: 0.00
Compute NTK...
It: 39100, Loss: 5.250e-01, Loss_bcs: 1.043e-08, Loss_res: 5.249e-01 ,Time: 0.00
Compute NTK...
It: 39200, Loss: 5.232e-01, Loss_bcs: 1.066e-08, Loss_res: 5.232e-01 ,Time: 0.00
Compute NTK...
It: 39300, Loss: 5.215e-01, Loss_bcs: 1.029e-08, Loss_res: 5.215e-01 ,Time: 0.00
Compute NTK...
It: 39400, Loss: 5.199e-01, Loss_bcs: 1.023e-08, Loss_res: 5.199e-01 ,Time: 0.00
Compute NTK...
It: 39500, Loss: 5.182e-01, Loss_bcs: 1.022e-08, Loss_res: 5.182e-01 ,Time: 0.00
Compute NTK...
It: 39600, Loss: 5.165e-01, Loss_bcs: 1.021e-08, Loss_res: 5.165e-01 ,Time: 0.00
Compute NTK...
It: 39700, Loss: 5.148e-01, Loss_bcs: 1.003e-08, Loss_res: 5.148e-01 ,Time: 0.00
Compute NTK...
It: 39800, Loss: 5.132e-01, Loss_bcs: 9.985e-09, Loss_res: 5.132e-01 ,Time: 0.00
Compute NTK...
It: 39900, Loss: 5.115e-01, Loss_bcs: 1.004e-08, Loss_res: 5.115e-01 ,Time: 0.00
Compute NTK...
Gradients information stored ...
It: 40000, Loss: 5.099e-01, Loss_bcs: 1.016e-08, Loss_res: 5.099e-01 ,Time: 0.34
Compute NTK...
Save uv NN parameters successfully in %s ...checkpoints/Dec-09-2023_09-39-54-217222_M1
Final loss total loss: 5.098932e-01
Final loss loss_res: 5.098883e-01
Final loss loss_bcs: 9.770389e-09
elapsed: 7.96e+01
Relative L2 error_u: 6.03e-04
Relative L2 error_r: 5.63e-03
elapsed: 7.96e+01
Relative L2 error_u: 6.03e-04
Relative L2 error_v: 5.63e-03
