It: 0, Loss: 7.999e-01, Loss_res: 3.404e-02,  Loss_bcs: 7.520e-01, Loss_ut_ics: 1.379e-02,, Time: 1.95
adaptive_constant_res_val: 1.703e-01
adaptive_constant_ics_val: 2.281e-03
adaptive_constant_bcs_val: 2.994e-01
mean_grad_res: 1.999e-02
mean_grad_bcs: 2.512e-01
mean_grad_ics: 6.043e-01
Gradients information stored ...
It: 100, Loss: 1.118e-01, Loss_res: 6.925e-04,  Loss_bcs: 3.702e-01, Loss_ut_ics: 3.637e-01,, Time: 45.54
adaptive_constant_res_val: 1.703e-01
adaptive_constant_ics_val: 2.281e-03
adaptive_constant_bcs_val: 2.994e-01
mean_grad_res: 5.085e-04
mean_grad_bcs: 3.746e-04
mean_grad_ics: 2.980e-02
Gradients information stored ...
It: 200, Loss: 1.111e-01, Loss_res: 1.072e-03,  Loss_bcs: 3.678e-01, Loss_ut_ics: 3.344e-01,, Time: 41.01
adaptive_constant_res_val: 1.703e-01
adaptive_constant_ics_val: 2.281e-03
adaptive_constant_bcs_val: 2.994e-01
mean_grad_res: 7.282e-04
mean_grad_bcs: 5.659e-04
mean_grad_ics: 3.350e-02
It: 300, Loss: 1.761e-01, Loss_res: 3.486e-01,  Loss_bcs: 3.892e-01, Loss_ut_ics: 9.758e-02,, Time: 36.69
adaptive_constant_res_val: 1.703e-01
adaptive_constant_ics_val: 2.281e-03
adaptive_constant_bcs_val: 2.994e-01
mean_grad_res: 3.086e-02
mean_grad_bcs: 2.979e-03
mean_grad_ics: 3.421e-02
It: 400, Loss: 1.033e-01, Loss_res: 3.265e-03,  Loss_bcs: 3.421e-01, Loss_ut_ics: 1.499e-01,, Time: 36.53
adaptive_constant_res_val: 1.703e-01
adaptive_constant_ics_val: 2.281e-03
adaptive_constant_bcs_val: 2.994e-01
mean_grad_res: 2.008e-03
mean_grad_bcs: 1.366e-03
mean_grad_ics: 3.736e-02
It: 500, Loss: 9.396e-02, Loss_res: 1.003e-02,  Loss_bcs: 3.069e-01, Loss_ut_ics: 1.501e-01,, Time: 36.37
adaptive_constant_res_val: 1.703e-01
adaptive_constant_ics_val: 2.281e-03
adaptive_constant_bcs_val: 2.994e-01
mean_grad_res: 3.671e-03
mean_grad_bcs: 1.638e-03
mean_grad_ics: 4.364e-02
It: 600, Loss: 7.770e-02, Loss_res: 2.986e-02,  Loss_bcs: 2.405e-01, Loss_ut_ics: 2.676e-01,, Time: 36.48
adaptive_constant_res_val: 1.703e-01
adaptive_constant_ics_val: 2.281e-03
adaptive_constant_bcs_val: 2.994e-01
mean_grad_res: 3.542e-02
mean_grad_bcs: 3.214e-03
mean_grad_ics: 8.452e-02
It: 700, Loss: 5.788e-02, Loss_res: 5.269e-03,  Loss_bcs: 1.891e-01, Loss_ut_ics: 1.639e-01,, Time: 36.80
adaptive_constant_res_val: 1.703e-01
adaptive_constant_ics_val: 2.281e-03
adaptive_constant_bcs_val: 2.994e-01
mean_grad_res: 6.660e-03
mean_grad_bcs: 3.481e-03
mean_grad_ics: 4.843e-02
It: 800, Loss: 5.522e-02, Loss_res: 3.013e-03,  Loss_bcs: 1.810e-01, Loss_ut_ics: 2.183e-01,, Time: 36.32
adaptive_constant_res_val: 1.703e-01
adaptive_constant_ics_val: 2.281e-03
adaptive_constant_bcs_val: 2.994e-01
mean_grad_res: 3.895e-03
mean_grad_bcs: 3.099e-03
mean_grad_ics: 4.246e-02
It: 900, Loss: 5.266e-02, Loss_res: 2.623e-03,  Loss_bcs: 1.725e-01, Loss_ut_ics: 2.536e-01,, Time: 36.05
adaptive_constant_res_val: 1.703e-01
adaptive_constant_ics_val: 2.281e-03
adaptive_constant_bcs_val: 2.994e-01
mean_grad_res: 7.092e-03
mean_grad_bcs: 3.524e-03
mean_grad_ics: 4.624e-02
It: 1000, Loss: 5.433e-02, Loss_res: 5.733e-03,  Loss_bcs: 1.775e-01, Loss_ut_ics: 8.810e-02,, Time: 36.07
adaptive_constant_res_val: 1.185e-01
adaptive_constant_ics_val: 4.531e-02
adaptive_constant_bcs_val: 1.191e-01
mean_grad_res: 1.283e-02
mean_grad_bcs: 5.029e-03
mean_grad_ics: 2.228e-02
Gradients information stored ...
It: 1100, Loss: 2.015e-02, Loss_res: 2.071e-03,  Loss_bcs: 1.652e-01, Loss_ut_ics: 5.066e-03,, Time: 40.25
adaptive_constant_res_val: 1.185e-01
adaptive_constant_ics_val: 4.531e-02
adaptive_constant_bcs_val: 1.191e-01
mean_grad_res: 1.737e-03
mean_grad_bcs: 2.045e-03
mean_grad_ics: 2.287e-03
It: 1200, Loss: 1.935e-02, Loss_res: 1.507e-03,  Loss_bcs: 1.590e-01, Loss_ut_ics: 5.360e-03,, Time: 36.10
adaptive_constant_res_val: 1.185e-01
adaptive_constant_ics_val: 4.531e-02
adaptive_constant_bcs_val: 1.191e-01
mean_grad_res: 1.458e-03
mean_grad_bcs: 2.189e-03
mean_grad_ics: 3.486e-03
It: 1300, Loss: 2.108e-02, Loss_res: 6.773e-03,  Loss_bcs: 1.681e-01, Loss_ut_ics: 5.815e-03,, Time: 36.28
adaptive_constant_res_val: 1.185e-01
adaptive_constant_ics_val: 4.531e-02
adaptive_constant_bcs_val: 1.191e-01
mean_grad_res: 1.760e-02
mean_grad_bcs: 2.431e-03
mean_grad_ics: 4.319e-03
It: 1400, Loss: 1.909e-02, Loss_res: 1.119e-03,  Loss_bcs: 1.576e-01, Loss_ut_ics: 4.217e-03,, Time: 37.55
adaptive_constant_res_val: 1.185e-01
adaptive_constant_ics_val: 4.531e-02
adaptive_constant_bcs_val: 1.191e-01
mean_grad_res: 1.649e-03
mean_grad_bcs: 2.141e-03
mean_grad_ics: 2.835e-03
It: 1500, Loss: 1.860e-02, Loss_res: 1.021e-03,  Loss_bcs: 1.530e-01, Loss_ut_ics: 5.927e-03,, Time: 38.92
adaptive_constant_res_val: 1.185e-01
adaptive_constant_ics_val: 4.531e-02
adaptive_constant_bcs_val: 1.191e-01
mean_grad_res: 1.392e-03
mean_grad_bcs: 1.941e-03
mean_grad_ics: 2.836e-03
It: 1600, Loss: 1.833e-02, Loss_res: 9.624e-04,  Loss_bcs: 1.502e-01, Loss_ut_ics: 7.506e-03,, Time: 56.90
adaptive_constant_res_val: 1.185e-01
adaptive_constant_ics_val: 4.531e-02
adaptive_constant_bcs_val: 1.191e-01
mean_grad_res: 1.255e-03
mean_grad_bcs: 1.682e-03
mean_grad_ics: 2.471e-03
It: 1700, Loss: 1.866e-02, Loss_res: 6.511e-04,  Loss_bcs: 1.544e-01, Loss_ut_ics: 4.352e-03,, Time: 64.71
adaptive_constant_res_val: 1.185e-01
adaptive_constant_ics_val: 4.531e-02
adaptive_constant_bcs_val: 1.191e-01
mean_grad_res: 5.485e-03
mean_grad_bcs: 1.835e-03
mean_grad_ics: 1.555e-03
It: 1800, Loss: 1.829e-02, Loss_res: 8.248e-04,  Loss_bcs: 1.502e-01, Loss_ut_ics: 6.820e-03,, Time: 68.32
adaptive_constant_res_val: 1.185e-01
adaptive_constant_ics_val: 4.531e-02
adaptive_constant_bcs_val: 1.191e-01
mean_grad_res: 1.198e-03
mean_grad_bcs: 1.683e-03
mean_grad_ics: 2.436e-03
It: 1900, Loss: 1.810e-02, Loss_res: 8.342e-04,  Loss_bcs: 1.481e-01, Loss_ut_ics: 8.064e-03,, Time: 70.55
adaptive_constant_res_val: 1.185e-01
adaptive_constant_ics_val: 4.531e-02
adaptive_constant_bcs_val: 1.191e-01
mean_grad_res: 1.244e-03
mean_grad_bcs: 1.428e-03
mean_grad_ics: 2.375e-03
It: 2000, Loss: 1.833e-02, Loss_res: 6.519e-04,  Loss_bcs: 1.509e-01, Loss_ut_ics: 6.125e-03,, Time: 69.87
adaptive_constant_res_val: 8.041e-02
adaptive_constant_ics_val: 2.372e-02
adaptive_constant_bcs_val: 9.131e-02
mean_grad_res: 2.745e-03
mean_grad_bcs: 1.712e-03
mean_grad_ics: 1.927e-03
It: 2100, Loss: 1.376e-02, Loss_res: 8.359e-04,  Loss_bcs: 1.476e-01, Loss_ut_ics: 9.142e-03,, Time: 72.50
adaptive_constant_res_val: 8.041e-02
adaptive_constant_ics_val: 2.372e-02
adaptive_constant_bcs_val: 9.131e-02
mean_grad_res: 1.299e-03
mean_grad_bcs: 1.508e-03
mean_grad_ics: 2.899e-03
It: 2200, Loss: 1.364e-02, Loss_res: 8.875e-04,  Loss_bcs: 1.457e-01, Loss_ut_ics: 1.096e-02,, Time: 71.27
adaptive_constant_res_val: 8.041e-02
adaptive_constant_ics_val: 2.372e-02
adaptive_constant_bcs_val: 9.131e-02
mean_grad_res: 1.146e-03
mean_grad_bcs: 1.345e-03
mean_grad_ics: 2.684e-03
It: 2300, Loss: 1.353e-02, Loss_res: 8.884e-04,  Loss_bcs: 1.443e-01, Loss_ut_ics: 1.213e-02,, Time: 69.53
adaptive_constant_res_val: 8.041e-02
adaptive_constant_ics_val: 2.372e-02
adaptive_constant_bcs_val: 9.131e-02
mean_grad_res: 1.052e-03
mean_grad_bcs: 1.236e-03
mean_grad_ics: 2.510e-03
It: 2400, Loss: 1.343e-02, Loss_res: 8.746e-04,  Loss_bcs: 1.429e-01, Loss_ut_ics: 1.287e-02,, Time: 70.23
adaptive_constant_res_val: 8.041e-02
adaptive_constant_ics_val: 2.372e-02
adaptive_constant_bcs_val: 9.131e-02
mean_grad_res: 9.950e-04
mean_grad_bcs: 1.166e-03
mean_grad_ics: 2.374e-03
It: 2500, Loss: 1.536e-02, Loss_res: 1.824e-02,  Loss_bcs: 1.493e-01, Loss_ut_ics: 1.109e-02,, Time: 70.11
adaptive_constant_res_val: 8.041e-02
adaptive_constant_ics_val: 2.372e-02
adaptive_constant_bcs_val: 9.131e-02
mean_grad_res: 4.291e-02
mean_grad_bcs: 4.450e-03
mean_grad_ics: 4.474e-03
It: 2600, Loss: 1.336e-02, Loss_res: 7.362e-04,  Loss_bcs: 1.431e-01, Loss_ut_ics: 9.765e-03,, Time: 67.01
adaptive_constant_res_val: 8.041e-02
adaptive_constant_ics_val: 2.372e-02
adaptive_constant_bcs_val: 9.131e-02
mean_grad_res: 8.925e-04
mean_grad_bcs: 1.297e-03
mean_grad_ics: 2.299e-03
It: 2700, Loss: 1.320e-02, Loss_res: 8.172e-04,  Loss_bcs: 1.408e-01, Loss_ut_ics: 1.153e-02,, Time: 70.18
adaptive_constant_res_val: 8.041e-02
adaptive_constant_ics_val: 2.372e-02
adaptive_constant_bcs_val: 9.131e-02
mean_grad_res: 9.917e-04
mean_grad_bcs: 1.166e-03
mean_grad_ics: 2.221e-03
It: 2800, Loss: 1.377e-02, Loss_res: 1.523e-03,  Loss_bcs: 1.477e-01, Loss_ut_ics: 6.733e-03,, Time: 69.16
adaptive_constant_res_val: 8.041e-02
adaptive_constant_ics_val: 2.372e-02
adaptive_constant_bcs_val: 9.131e-02
mean_grad_res: 3.935e-02
mean_grad_bcs: 2.088e-03
mean_grad_ics: 3.229e-03
It: 2900, Loss: 1.310e-02, Loss_res: 7.483e-04,  Loss_bcs: 1.405e-01, Loss_ut_ics: 9.113e-03,, Time: 69.17
adaptive_constant_res_val: 8.041e-02
adaptive_constant_ics_val: 2.372e-02
adaptive_constant_bcs_val: 9.131e-02
mean_grad_res: 1.053e-03
mean_grad_bcs: 1.282e-03
mean_grad_ics: 2.183e-03
It: 3000, Loss: 1.319e-02, Loss_res: 8.292e-04,  Loss_bcs: 1.418e-01, Loss_ut_ics: 7.520e-03,, Time: 68.89
adaptive_constant_res_val: 6.482e-02
adaptive_constant_ics_val: 1.656e-02
adaptive_constant_bcs_val: 8.020e-02
mean_grad_res: 1.068e-02
mean_grad_bcs: 3.571e-03
mean_grad_ics: 6.525e-03
It: 3100, Loss: 1.127e-02, Loss_res: 8.897e-04,  Loss_bcs: 1.374e-01, Loss_ut_ics: 1.133e-02,, Time: 69.21
adaptive_constant_res_val: 6.482e-02
adaptive_constant_ics_val: 1.656e-02
adaptive_constant_bcs_val: 8.020e-02
mean_grad_res: 1.227e-03
mean_grad_bcs: 1.283e-03
mean_grad_ics: 2.441e-03
It: 3200, Loss: 1.750e-02, Loss_res: 8.630e-02,  Loss_bcs: 1.397e-01, Loss_ut_ics: 4.252e-02,, Time: 69.34
adaptive_constant_res_val: 6.482e-02
adaptive_constant_ics_val: 1.656e-02
adaptive_constant_bcs_val: 8.020e-02
mean_grad_res: 2.288e-02
mean_grad_bcs: 6.632e-03
mean_grad_ics: 2.053e-02
It: 3300, Loss: 1.109e-02, Loss_res: 8.364e-04,  Loss_bcs: 1.357e-01, Loss_ut_ics: 9.425e-03,, Time: 69.27
adaptive_constant_res_val: 6.482e-02
adaptive_constant_ics_val: 1.656e-02
adaptive_constant_bcs_val: 8.020e-02
mean_grad_res: 1.819e-03
mean_grad_bcs: 1.251e-03
mean_grad_ics: 1.999e-03
It: 3400, Loss: 1.119e-02, Loss_res: 7.993e-04,  Loss_bcs: 1.369e-01, Loss_ut_ics: 9.228e-03,, Time: 69.02
adaptive_constant_res_val: 6.482e-02
adaptive_constant_ics_val: 1.656e-02
adaptive_constant_bcs_val: 8.020e-02
mean_grad_res: 8.526e-03
mean_grad_bcs: 2.231e-03
mean_grad_ics: 2.926e-03
It: 3500, Loss: 1.084e-02, Loss_res: 9.221e-04,  Loss_bcs: 1.322e-01, Loss_ut_ics: 1.064e-02,, Time: 69.19
adaptive_constant_res_val: 6.482e-02
adaptive_constant_ics_val: 1.656e-02
adaptive_constant_bcs_val: 8.020e-02
mean_grad_res: 1.330e-03
mean_grad_bcs: 1.274e-03
mean_grad_ics: 2.183e-03
It: 3600, Loss: 1.086e-02, Loss_res: 7.909e-04,  Loss_bcs: 1.333e-01, Loss_ut_ics: 7.328e-03,, Time: 69.33
adaptive_constant_res_val: 6.482e-02
adaptive_constant_ics_val: 1.656e-02
adaptive_constant_bcs_val: 8.020e-02
mean_grad_res: 4.482e-03
mean_grad_bcs: 1.421e-03
mean_grad_ics: 1.981e-03
It: 3700, Loss: 1.172e-02, Loss_res: 1.655e-03,  Loss_bcs: 1.398e-01, Loss_ut_ics: 2.397e-02,, Time: 69.18
adaptive_constant_res_val: 6.482e-02
adaptive_constant_ics_val: 1.656e-02
adaptive_constant_bcs_val: 8.020e-02
mean_grad_res: 1.281e-02
mean_grad_bcs: 5.813e-03
mean_grad_ics: 1.912e-02
It: 3800, Loss: 1.253e-02, Loss_res: 2.856e-02,  Loss_bcs: 1.305e-01, Loss_ut_ics: 1.289e-02,, Time: 69.53
adaptive_constant_res_val: 6.482e-02
adaptive_constant_ics_val: 1.656e-02
adaptive_constant_bcs_val: 8.020e-02
mean_grad_res: 3.976e-02
mean_grad_bcs: 2.742e-03
mean_grad_ics: 9.888e-03
It: 3900, Loss: 1.204e-02, Loss_res: 1.714e-02,  Loss_bcs: 1.337e-01, Loss_ut_ics: 1.232e-02,, Time: 69.49
adaptive_constant_res_val: 6.482e-02
adaptive_constant_ics_val: 1.656e-02
adaptive_constant_bcs_val: 8.020e-02
mean_grad_res: 6.618e-02
mean_grad_bcs: 2.948e-03
mean_grad_ics: 8.339e-03
It: 4000, Loss: 1.037e-02, Loss_res: 9.459e-04,  Loss_bcs: 1.267e-01, Loss_ut_ics: 9.296e-03,, Time: 67.66
adaptive_constant_res_val: 6.494e-02
adaptive_constant_ics_val: 1.300e-02
adaptive_constant_bcs_val: 7.365e-02
mean_grad_res: 1.457e-03
mean_grad_bcs: 1.515e-03
mean_grad_ics: 2.120e-03
It: 4100, Loss: 9.660e-03, Loss_res: 1.388e-03,  Loss_bcs: 1.284e-01, Loss_ut_ics: 8.969e-03,, Time: 66.32
adaptive_constant_res_val: 6.494e-02
adaptive_constant_ics_val: 1.300e-02
adaptive_constant_bcs_val: 7.365e-02
mean_grad_res: 2.450e-02
mean_grad_bcs: 5.516e-03
mean_grad_ics: 1.123e-02
It: 4200, Loss: 9.218e-03, Loss_res: 1.066e-03,  Loss_bcs: 1.224e-01, Loss_ut_ics: 1.053e-02,, Time: 66.29
adaptive_constant_res_val: 6.494e-02
adaptive_constant_ics_val: 1.300e-02
adaptive_constant_bcs_val: 7.365e-02
mean_grad_res: 1.362e-03
mean_grad_bcs: 1.545e-03
mean_grad_ics: 2.386e-03
It: 4300, Loss: 9.311e-03, Loss_res: 8.315e-04,  Loss_bcs: 1.242e-01, Loss_ut_ics: 8.508e-03,, Time: 66.27
adaptive_constant_res_val: 6.494e-02
adaptive_constant_ics_val: 1.300e-02
adaptive_constant_bcs_val: 7.365e-02
mean_grad_res: 2.586e-03
mean_grad_bcs: 2.277e-03
mean_grad_ics: 3.998e-03
It: 4400, Loss: 9.329e-03, Loss_res: 2.965e-03,  Loss_bcs: 1.224e-01, Loss_ut_ics: 9.617e-03,, Time: 66.46
adaptive_constant_res_val: 6.494e-02
adaptive_constant_ics_val: 1.300e-02
adaptive_constant_bcs_val: 7.365e-02
mean_grad_res: 1.616e-02
mean_grad_bcs: 3.849e-03
mean_grad_ics: 6.900e-03
It: 4500, Loss: 1.005e-02, Loss_res: 1.900e-02,  Loss_bcs: 1.176e-01, Loss_ut_ics: 1.175e-02,, Time: 66.23
adaptive_constant_res_val: 6.494e-02
adaptive_constant_ics_val: 1.300e-02
adaptive_constant_bcs_val: 7.365e-02
mean_grad_res: 9.766e-02
mean_grad_bcs: 3.155e-03
mean_grad_ics: 8.814e-03
It: 4600, Loss: 1.055e-02, Loss_res: 2.689e-02,  Loss_bcs: 1.175e-01, Loss_ut_ics: 1.129e-02,, Time: 66.10
adaptive_constant_res_val: 6.494e-02
adaptive_constant_ics_val: 1.300e-02
adaptive_constant_bcs_val: 7.365e-02
mean_grad_res: 1.444e-01
mean_grad_bcs: 2.674e-03
mean_grad_ics: 1.031e-02
It: 4700, Loss: 8.819e-03, Loss_res: 9.255e-04,  Loss_bcs: 1.172e-01, Loss_ut_ics: 9.725e-03,, Time: 67.50
adaptive_constant_res_val: 6.494e-02
adaptive_constant_ics_val: 1.300e-02
adaptive_constant_bcs_val: 7.365e-02
mean_grad_res: 1.778e-03
mean_grad_bcs: 1.655e-03
mean_grad_ics: 3.016e-03
It: 4800, Loss: 1.529e-02, Loss_res: 3.758e-02,  Loss_bcs: 1.554e-01, Loss_ut_ics: 1.079e-01,, Time: 66.20
adaptive_constant_res_val: 6.494e-02
adaptive_constant_ics_val: 1.300e-02
adaptive_constant_bcs_val: 7.365e-02
mean_grad_res: 1.186e-01
mean_grad_bcs: 6.747e-03
mean_grad_ics: 1.468e-02
It: 4900, Loss: 1.276e-02, Loss_res: 5.977e-02,  Loss_bcs: 1.164e-01, Loss_ut_ics: 2.329e-02,, Time: 66.14
adaptive_constant_res_val: 6.494e-02
adaptive_constant_ics_val: 1.300e-02
adaptive_constant_bcs_val: 7.365e-02
mean_grad_res: 9.741e-02
mean_grad_bcs: 6.998e-03
mean_grad_ics: 8.448e-03
It: 5000, Loss: 8.543e-03, Loss_res: 9.517e-04,  Loss_bcs: 1.133e-01, Loss_ut_ics: 1.038e-02,, Time: 66.38
adaptive_constant_res_val: 6.703e-02
adaptive_constant_ics_val: 1.093e-02
adaptive_constant_bcs_val: 6.874e-02
mean_grad_res: 1.633e-03
mean_grad_bcs: 1.658e-03
mean_grad_ics: 2.704e-03
It: 5100, Loss: 8.068e-03, Loss_res: 9.521e-04,  Loss_bcs: 1.151e-01, Loss_ut_ics: 8.435e-03,, Time: 67.31
adaptive_constant_res_val: 6.703e-02
adaptive_constant_ics_val: 1.093e-02
adaptive_constant_bcs_val: 6.874e-02
mean_grad_res: 1.826e-02
mean_grad_bcs: 2.573e-03
mean_grad_ics: 3.960e-03
It: 5200, Loss: 8.041e-03, Loss_res: 1.221e-03,  Loss_bcs: 1.142e-01, Loss_ut_ics: 9.742e-03,, Time: 66.17
adaptive_constant_res_val: 6.703e-02
adaptive_constant_ics_val: 1.093e-02
adaptive_constant_bcs_val: 6.874e-02
mean_grad_res: 1.541e-02
mean_grad_bcs: 3.889e-03
mean_grad_ics: 6.479e-03
It: 5300, Loss: 7.725e-03, Loss_res: 8.662e-04,  Loss_bcs: 1.098e-01, Loss_ut_ics: 1.068e-02,, Time: 66.09
adaptive_constant_res_val: 6.703e-02
adaptive_constant_ics_val: 1.093e-02
adaptive_constant_bcs_val: 6.874e-02
mean_grad_res: 1.164e-03
mean_grad_bcs: 1.592e-03
mean_grad_ics: 3.081e-03
It: 5400, Loss: 7.765e-03, Loss_res: 9.050e-04,  Loss_bcs: 1.105e-01, Loss_ut_ics: 1.006e-02,, Time: 66.37
adaptive_constant_res_val: 6.703e-02
adaptive_constant_ics_val: 1.093e-02
adaptive_constant_bcs_val: 6.874e-02
mean_grad_res: 5.510e-03
mean_grad_bcs: 1.845e-03
mean_grad_ics: 3.612e-03
It: 5500, Loss: 7.717e-03, Loss_res: 7.565e-04,  Loss_bcs: 1.100e-01, Loss_ut_ics: 9.722e-03,, Time: 66.03
adaptive_constant_res_val: 6.703e-02
adaptive_constant_ics_val: 1.093e-02
adaptive_constant_bcs_val: 6.874e-02
mean_grad_res: 3.339e-03
mean_grad_bcs: 1.716e-03
mean_grad_ics: 3.107e-03
It: 5600, Loss: 7.494e-03, Loss_res: 9.098e-04,  Loss_bcs: 1.063e-01, Loss_ut_ics: 1.172e-02,, Time: 66.32
adaptive_constant_res_val: 6.703e-02
adaptive_constant_ics_val: 1.093e-02
adaptive_constant_bcs_val: 6.874e-02
mean_grad_res: 1.903e-03
mean_grad_bcs: 1.565e-03
mean_grad_ics: 3.371e-03
It: 5700, Loss: 7.659e-03, Loss_res: 6.821e-04,  Loss_bcs: 1.094e-01, Loss_ut_ics: 8.540e-03,, Time: 66.31
adaptive_constant_res_val: 6.703e-02
adaptive_constant_ics_val: 1.093e-02
adaptive_constant_bcs_val: 6.874e-02
mean_grad_res: 3.102e-03
mean_grad_bcs: 1.680e-03
mean_grad_ics: 3.230e-03
It: 5800, Loss: 7.535e-03, Loss_res: 7.839e-04,  Loss_bcs: 1.073e-01, Loss_ut_ics: 9.725e-03,, Time: 66.43
adaptive_constant_res_val: 6.703e-02
adaptive_constant_ics_val: 1.093e-02
adaptive_constant_bcs_val: 6.874e-02
mean_grad_res: 2.659e-03
mean_grad_bcs: 1.689e-03
mean_grad_ics: 2.966e-03
It: 5900, Loss: 1.387e-02, Loss_res: 9.283e-02,  Loss_bcs: 1.089e-01, Loss_ut_ics: 1.452e-02,, Time: 66.20
adaptive_constant_res_val: 6.703e-02
adaptive_constant_ics_val: 1.093e-02
adaptive_constant_bcs_val: 6.874e-02
mean_grad_res: 1.190e-01
mean_grad_bcs: 1.628e-02
mean_grad_ics: 2.310e-02
It: 6000, Loss: 7.388e-03, Loss_res: 8.041e-04,  Loss_bcs: 1.051e-01, Loss_ut_ics: 9.771e-03,, Time: 66.33
adaptive_constant_res_val: 6.832e-02
adaptive_constant_ics_val: 9.521e-03
adaptive_constant_bcs_val: 6.472e-02
mean_grad_res: 5.099e-03
mean_grad_bcs: 1.588e-03
mean_grad_ics: 3.088e-03
It: 6100, Loss: 7.072e-03, Loss_res: 6.115e-04,  Loss_bcs: 1.073e-01, Loss_ut_ics: 8.831e-03,, Time: 66.33
adaptive_constant_res_val: 6.832e-02
adaptive_constant_ics_val: 9.521e-03
adaptive_constant_bcs_val: 6.472e-02
mean_grad_res: 2.050e-03
mean_grad_bcs: 1.637e-03
mean_grad_ics: 3.670e-03
It: 6200, Loss: 6.889e-03, Loss_res: 7.226e-04,  Loss_bcs: 1.040e-01, Loss_ut_ics: 1.113e-02,, Time: 66.51
adaptive_constant_res_val: 6.832e-02
adaptive_constant_ics_val: 9.521e-03
adaptive_constant_bcs_val: 6.472e-02
mean_grad_res: 9.542e-04
mean_grad_bcs: 1.473e-03
mean_grad_ics: 3.633e-03
It: 6300, Loss: 9.163e-03, Loss_res: 3.014e-02,  Loss_bcs: 1.067e-01, Loss_ut_ics: 2.102e-02,, Time: 66.28
adaptive_constant_res_val: 6.832e-02
adaptive_constant_ics_val: 9.521e-03
adaptive_constant_bcs_val: 6.472e-02
mean_grad_res: 1.790e-01
mean_grad_bcs: 1.361e-02
mean_grad_ics: 4.058e-02
It: 6400, Loss: 6.957e-03, Loss_res: 5.918e-04,  Loss_bcs: 1.053e-01, Loss_ut_ics: 1.050e-02,, Time: 66.39
adaptive_constant_res_val: 6.832e-02
adaptive_constant_ics_val: 9.521e-03
adaptive_constant_bcs_val: 6.472e-02
mean_grad_res: 1.662e-03
mean_grad_bcs: 1.617e-03
mean_grad_ics: 3.419e-03
It: 6500, Loss: 6.755e-03, Loss_res: 6.829e-04,  Loss_bcs: 1.017e-01, Loss_ut_ics: 1.332e-02,, Time: 66.37
adaptive_constant_res_val: 6.832e-02
adaptive_constant_ics_val: 9.521e-03
adaptive_constant_bcs_val: 6.472e-02
mean_grad_res: 8.739e-04
mean_grad_bcs: 1.444e-03
mean_grad_ics: 3.705e-03
It: 6600, Loss: 6.934e-03, Loss_res: 5.880e-04,  Loss_bcs: 1.049e-01, Loss_ut_ics: 1.066e-02,, Time: 66.37
adaptive_constant_res_val: 6.832e-02
adaptive_constant_ics_val: 9.521e-03
adaptive_constant_bcs_val: 6.472e-02
mean_grad_res: 4.673e-03
mean_grad_bcs: 2.277e-03
mean_grad_ics: 4.678e-03
It: 6700, Loss: 6.731e-03, Loss_res: 6.080e-04,  Loss_bcs: 1.015e-01, Loss_ut_ics: 1.232e-02,, Time: 66.18
adaptive_constant_res_val: 6.832e-02
adaptive_constant_ics_val: 9.521e-03
adaptive_constant_bcs_val: 6.472e-02
mean_grad_res: 8.655e-04
mean_grad_bcs: 1.408e-03
mean_grad_ics: 3.823e-03
It: 6800, Loss: 7.135e-03, Loss_res: 3.664e-03,  Loss_bcs: 1.048e-01, Loss_ut_ics: 1.059e-02,, Time: 67.54
adaptive_constant_res_val: 6.832e-02
adaptive_constant_ics_val: 9.521e-03
adaptive_constant_bcs_val: 6.472e-02
mean_grad_res: 4.211e-02
mean_grad_bcs: 3.977e-03
mean_grad_ics: 1.271e-02
It: 6900, Loss: 9.499e-03, Loss_res: 5.497e-03,  Loss_bcs: 1.318e-01, Loss_ut_ics: 6.248e-02,, Time: 66.44
adaptive_constant_res_val: 6.832e-02
adaptive_constant_ics_val: 9.521e-03
adaptive_constant_bcs_val: 6.472e-02
mean_grad_res: 7.707e-02
mean_grad_bcs: 3.087e-02
mean_grad_ics: 8.085e-02
It: 7000, Loss: 6.566e-03, Loss_res: 6.033e-04,  Loss_bcs: 9.914e-02, Loss_ut_ics: 1.143e-02,, Time: 66.42
adaptive_constant_res_val: 6.773e-02
adaptive_constant_ics_val: 8.547e-03
adaptive_constant_bcs_val: 6.148e-02
mean_grad_res: 1.647e-03
mean_grad_bcs: 1.418e-03
mean_grad_ics: 3.499e-03
It: 7100, Loss: 6.685e-03, Loss_res: 2.866e-03,  Loss_bcs: 1.033e-01, Loss_ut_ics: 1.657e-02,, Time: 66.41
adaptive_constant_res_val: 6.773e-02
adaptive_constant_ics_val: 8.547e-03
adaptive_constant_bcs_val: 6.148e-02
mean_grad_res: 5.435e-02
mean_grad_bcs: 4.548e-03
mean_grad_ics: 1.520e-02
It: 7200, Loss: 6.201e-03, Loss_res: 5.262e-04,  Loss_bcs: 9.857e-02, Loss_ut_ics: 1.234e-02,, Time: 66.27
adaptive_constant_res_val: 6.773e-02
adaptive_constant_ics_val: 8.547e-03
adaptive_constant_bcs_val: 6.148e-02
mean_grad_res: 7.318e-04
mean_grad_bcs: 1.305e-03
mean_grad_ics: 4.115e-03
It: 7300, Loss: 6.080e-03, Loss_res: 5.716e-04,  Loss_bcs: 9.625e-02, Loss_ut_ics: 1.442e-02,, Time: 66.17
adaptive_constant_res_val: 6.773e-02
adaptive_constant_ics_val: 8.547e-03
adaptive_constant_bcs_val: 6.148e-02
mean_grad_res: 6.132e-04
mean_grad_bcs: 1.231e-03
mean_grad_ics: 4.364e-03
It: 7400, Loss: 6.233e-03, Loss_res: 5.561e-04,  Loss_bcs: 9.931e-02, Loss_ut_ics: 1.047e-02,, Time: 66.16
adaptive_constant_res_val: 6.773e-02
adaptive_constant_ics_val: 8.547e-03
adaptive_constant_bcs_val: 6.148e-02
mean_grad_res: 8.053e-03
mean_grad_bcs: 1.900e-03
mean_grad_ics: 6.197e-03
It: 7500, Loss: 6.050e-03, Loss_res: 5.229e-04,  Loss_bcs: 9.579e-02, Loss_ut_ics: 1.457e-02,, Time: 67.29
adaptive_constant_res_val: 6.773e-02
adaptive_constant_ics_val: 8.547e-03
adaptive_constant_bcs_val: 6.148e-02
mean_grad_res: 6.284e-04
mean_grad_bcs: 1.262e-03
mean_grad_ics: 4.278e-03
It: 7600, Loss: 6.333e-03, Loss_res: 1.044e-03,  Loss_bcs: 1.002e-01, Loss_ut_ics: 1.184e-02,, Time: 71.14
adaptive_constant_res_val: 6.773e-02
adaptive_constant_ics_val: 8.547e-03
adaptive_constant_bcs_val: 6.148e-02
mean_grad_res: 1.719e-02
mean_grad_bcs: 2.088e-03
mean_grad_ics: 9.221e-03
It: 7700, Loss: 6.068e-03, Loss_res: 4.456e-04,  Loss_bcs: 9.631e-02, Loss_ut_ics: 1.359e-02,, Time: 70.98
adaptive_constant_res_val: 6.773e-02
adaptive_constant_ics_val: 8.547e-03
adaptive_constant_bcs_val: 6.148e-02
mean_grad_res: 5.929e-04
mean_grad_bcs: 1.245e-03
mean_grad_ics: 4.232e-03
It: 7800, Loss: 5.952e-03, Loss_res: 4.897e-04,  Loss_bcs: 9.414e-02, Loss_ut_ics: 1.536e-02,, Time: 71.24
adaptive_constant_res_val: 6.773e-02
adaptive_constant_ics_val: 8.547e-03
adaptive_constant_bcs_val: 6.148e-02
mean_grad_res: 5.239e-04
mean_grad_bcs: 1.159e-03
mean_grad_ics: 4.497e-03
It: 7900, Loss: 5.974e-03, Loss_res: 6.773e-04,  Loss_bcs: 9.466e-02, Loss_ut_ics: 1.265e-02,, Time: 70.90
adaptive_constant_res_val: 6.773e-02
adaptive_constant_ics_val: 8.547e-03
adaptive_constant_bcs_val: 6.148e-02
mean_grad_res: 1.065e-02
mean_grad_bcs: 1.413e-03
mean_grad_ics: 4.891e-03
It: 8000, Loss: 6.494e-03, Loss_res: 5.607e-03,  Loss_bcs: 9.688e-02, Loss_ut_ics: 1.844e-02,, Time: 64.65
adaptive_constant_res_val: 6.676e-02
adaptive_constant_ics_val: 7.832e-03
adaptive_constant_bcs_val: 5.872e-02
mean_grad_res: 2.419e-02
mean_grad_bcs: 2.498e-03
mean_grad_ics: 7.100e-03
It: 8100, Loss: 5.596e-03, Loss_res: 4.346e-04,  Loss_bcs: 9.274e-02, Loss_ut_ics: 1.555e-02,, Time: 42.80
adaptive_constant_res_val: 6.676e-02
adaptive_constant_ics_val: 7.832e-03
adaptive_constant_bcs_val: 5.872e-02
mean_grad_res: 5.891e-04
mean_grad_bcs: 1.118e-03
mean_grad_ics: 4.642e-03
It: 8200, Loss: 9.774e-03, Loss_res: 4.818e-02,  Loss_bcs: 1.063e-01, Loss_ut_ics: 4.002e-02,, Time: 64.55
adaptive_constant_res_val: 6.676e-02
adaptive_constant_ics_val: 7.832e-03
adaptive_constant_bcs_val: 5.872e-02
mean_grad_res: 1.215e-01
mean_grad_bcs: 1.378e-02
mean_grad_ics: 2.681e-02
It: 8300, Loss: 5.613e-03, Loss_res: 3.635e-04,  Loss_bcs: 9.324e-02, Loss_ut_ics: 1.454e-02,, Time: 62.34
adaptive_constant_res_val: 6.676e-02
adaptive_constant_ics_val: 7.832e-03
adaptive_constant_bcs_val: 5.872e-02
mean_grad_res: 7.402e-04
mean_grad_bcs: 1.128e-03
mean_grad_ics: 4.606e-03
It: 8400, Loss: 5.514e-03, Loss_res: 3.940e-04,  Loss_bcs: 9.120e-02, Loss_ut_ics: 1.689e-02,, Time: 67.12
adaptive_constant_res_val: 6.676e-02
adaptive_constant_ics_val: 7.832e-03
adaptive_constant_bcs_val: 5.872e-02
mean_grad_res: 3.703e-04
mean_grad_bcs: 1.029e-03
mean_grad_ics: 4.814e-03
It: 8500, Loss: 5.533e-03, Loss_res: 5.084e-04,  Loss_bcs: 9.157e-02, Loss_ut_ics: 1.564e-02,, Time: 59.66
adaptive_constant_res_val: 6.676e-02
adaptive_constant_ics_val: 7.832e-03
adaptive_constant_bcs_val: 5.872e-02
mean_grad_res: 5.278e-03
mean_grad_bcs: 1.495e-03
mean_grad_ics: 4.633e-03
It: 8600, Loss: 6.820e-03, Loss_res: 1.260e-02,  Loss_bcs: 9.669e-02, Loss_ut_ics: 3.851e-02,, Time: 51.64
adaptive_constant_res_val: 6.676e-02
adaptive_constant_ics_val: 7.832e-03
adaptive_constant_bcs_val: 5.872e-02
mean_grad_res: 1.348e-01
mean_grad_bcs: 1.263e-02
mean_grad_ics: 3.492e-02
It: 8700, Loss: 5.488e-03, Loss_res: 3.540e-04,  Loss_bcs: 9.089e-02, Loss_ut_ics: 1.627e-02,, Time: 65.69
adaptive_constant_res_val: 6.676e-02
adaptive_constant_ics_val: 7.832e-03
adaptive_constant_bcs_val: 5.872e-02
mean_grad_res: 8.636e-04
mean_grad_bcs: 1.091e-03
mean_grad_ics: 4.649e-03
It: 8800, Loss: 5.879e-03, Loss_res: 4.765e-03,  Loss_bcs: 9.216e-02, Loss_ut_ics: 1.915e-02,, Time: 70.98
adaptive_constant_res_val: 6.676e-02
adaptive_constant_ics_val: 7.832e-03
adaptive_constant_bcs_val: 5.872e-02
mean_grad_res: 6.693e-02
mean_grad_bcs: 1.449e-02
mean_grad_ics: 3.287e-02
It: 8900, Loss: 5.648e-03, Loss_res: 2.039e-03,  Loss_bcs: 9.181e-02, Loss_ut_ics: 1.539e-02,, Time: 71.52
adaptive_constant_res_val: 6.676e-02
adaptive_constant_ics_val: 7.832e-03
adaptive_constant_bcs_val: 5.872e-02
mean_grad_res: 2.343e-02
mean_grad_bcs: 5.554e-03
mean_grad_ics: 6.257e-03
It: 9000, Loss: 5.331e-03, Loss_res: 3.834e-04,  Loss_bcs: 8.804e-02, Loss_ut_ics: 1.739e-02,, Time: 71.21
adaptive_constant_res_val: 6.411e-02
adaptive_constant_ics_val: 7.293e-03
adaptive_constant_bcs_val: 5.629e-02
mean_grad_res: 6.070e-04
mean_grad_bcs: 9.525e-04
mean_grad_ics: 4.791e-03
It: 9100, Loss: 6.958e-03, Loss_res: 2.029e-02,  Loss_bcs: 9.587e-02, Loss_ut_ics: 3.585e-02,, Time: 71.02
adaptive_constant_res_val: 6.411e-02
adaptive_constant_ics_val: 7.293e-03
adaptive_constant_bcs_val: 5.629e-02
mean_grad_res: 4.509e-02
mean_grad_bcs: 3.187e-03
mean_grad_ics: 1.665e-02
It: 9200, Loss: 5.123e-03, Loss_res: 3.356e-04,  Loss_bcs: 8.845e-02, Loss_ut_ics: 1.679e-02,, Time: 71.06
adaptive_constant_res_val: 6.411e-02
adaptive_constant_ics_val: 7.293e-03
adaptive_constant_bcs_val: 5.629e-02
mean_grad_res: 3.034e-04
mean_grad_bcs: 1.000e-03
mean_grad_ics: 4.974e-03
It: 9300, Loss: 5.043e-03, Loss_res: 3.682e-04,  Loss_bcs: 8.683e-02, Loss_ut_ics: 1.807e-02,, Time: 70.96
adaptive_constant_res_val: 6.411e-02
adaptive_constant_ics_val: 7.293e-03
adaptive_constant_bcs_val: 5.629e-02
mean_grad_res: 4.043e-04
mean_grad_bcs: 8.970e-04
mean_grad_ics: 5.068e-03
It: 9400, Loss: 5.028e-03, Loss_res: 3.925e-04,  Loss_bcs: 8.671e-02, Loss_ut_ics: 1.670e-02,, Time: 71.04
adaptive_constant_res_val: 6.411e-02
adaptive_constant_ics_val: 7.293e-03
adaptive_constant_bcs_val: 5.629e-02
mean_grad_res: 1.530e-03
mean_grad_bcs: 9.423e-04
mean_grad_ics: 5.243e-03
It: 9500, Loss: 5.194e-03, Loss_res: 1.579e-03,  Loss_bcs: 8.815e-02, Loss_ut_ics: 1.803e-02,, Time: 70.97
adaptive_constant_res_val: 6.411e-02
adaptive_constant_ics_val: 7.293e-03
adaptive_constant_bcs_val: 5.629e-02
mean_grad_res: 2.755e-02
mean_grad_bcs: 2.400e-03
mean_grad_ics: 7.289e-03
It: 9600, Loss: 4.973e-03, Loss_res: 3.686e-04,  Loss_bcs: 8.579e-02, Loss_ut_ics: 1.657e-02,, Time: 70.82
adaptive_constant_res_val: 6.411e-02
adaptive_constant_ics_val: 7.293e-03
adaptive_constant_bcs_val: 5.629e-02
mean_grad_res: 3.115e-04
mean_grad_bcs: 8.740e-04
mean_grad_ics: 4.871e-03
It: 9700, Loss: 5.620e-03, Loss_res: 8.418e-03,  Loss_bcs: 8.813e-02, Loss_ut_ics: 1.643e-02,, Time: 65.51
adaptive_constant_res_val: 6.411e-02
adaptive_constant_ics_val: 7.293e-03
adaptive_constant_bcs_val: 5.629e-02
mean_grad_res: 4.347e-02
mean_grad_bcs: 3.305e-03
mean_grad_ics: 5.032e-03
It: 9800, Loss: 4.904e-03, Loss_res: 3.772e-04,  Loss_bcs: 8.479e-02, Loss_ut_ics: 1.474e-02,, Time: 70.54
adaptive_constant_res_val: 6.411e-02
adaptive_constant_ics_val: 7.293e-03
adaptive_constant_bcs_val: 5.629e-02
mean_grad_res: 4.429e-04
mean_grad_bcs: 8.201e-04
mean_grad_ics: 4.549e-03
It: 9900, Loss: 4.959e-03, Loss_res: 1.705e-03,  Loss_bcs: 8.463e-02, Loss_ut_ics: 1.182e-02,, Time: 71.04
adaptive_constant_res_val: 6.411e-02
adaptive_constant_ics_val: 7.293e-03
adaptive_constant_bcs_val: 5.629e-02
mean_grad_res: 4.740e-02
mean_grad_bcs: 1.783e-03
mean_grad_ics: 4.848e-03
It: 10000, Loss: 5.386e-03, Loss_res: 6.467e-03,  Loss_bcs: 8.625e-02, Loss_ut_ics: 1.596e-02,, Time: 70.96
adaptive_constant_res_val: 6.258e-02
adaptive_constant_ics_val: 6.869e-03
adaptive_constant_bcs_val: 5.415e-02
mean_grad_res: 7.071e-02
mean_grad_bcs: 2.293e-03
mean_grad_ics: 4.651e-03
It: 10100, Loss: 4.576e-03, Loss_res: 3.921e-04,  Loss_bcs: 8.274e-02, Loss_ut_ics: 1.030e-02,, Time: 70.84
adaptive_constant_res_val: 6.258e-02
adaptive_constant_ics_val: 6.869e-03
adaptive_constant_bcs_val: 5.415e-02
mean_grad_res: 5.722e-04
mean_grad_bcs: 7.450e-04
mean_grad_ics: 4.338e-03
It: 10200, Loss: 7.107e-03, Loss_res: 3.081e-02,  Loss_bcs: 9.298e-02, Loss_ut_ics: 2.095e-02,, Time: 71.17
adaptive_constant_res_val: 6.258e-02
adaptive_constant_ics_val: 6.869e-03
adaptive_constant_bcs_val: 5.415e-02
mean_grad_res: 2.184e-01
mean_grad_bcs: 2.940e-02
mean_grad_ics: 5.418e-02
It: 10300, Loss: 4.518e-03, Loss_res: 3.993e-04,  Loss_bcs: 8.211e-02, Loss_ut_ics: 6.786e-03,, Time: 70.63
adaptive_constant_res_val: 6.258e-02
adaptive_constant_ics_val: 6.869e-03
adaptive_constant_bcs_val: 5.415e-02
mean_grad_res: 7.976e-04
mean_grad_bcs: 7.691e-04
mean_grad_ics: 3.654e-03
It: 10400, Loss: 4.410e-03, Loss_res: 4.343e-04,  Loss_bcs: 8.005e-02, Loss_ut_ics: 6.941e-03,, Time: 70.56
adaptive_constant_res_val: 6.258e-02
adaptive_constant_ics_val: 6.869e-03
adaptive_constant_bcs_val: 5.415e-02
mean_grad_res: 2.254e-04
mean_grad_bcs: 6.468e-04
mean_grad_ics: 3.690e-03
It: 10500, Loss: 4.718e-03, Loss_res: 4.450e-03,  Loss_bcs: 8.133e-02, Loss_ut_ics: 5.070e-03,, Time: 71.03
adaptive_constant_res_val: 6.258e-02
adaptive_constant_ics_val: 6.869e-03
adaptive_constant_bcs_val: 5.415e-02
mean_grad_res: 2.677e-02
mean_grad_bcs: 3.820e-03
mean_grad_ics: 8.266e-03
It: 10600, Loss: 4.309e-03, Loss_res: 4.592e-04,  Loss_bcs: 7.830e-02, Loss_ut_ics: 5.808e-03,, Time: 70.60
adaptive_constant_res_val: 6.258e-02
adaptive_constant_ics_val: 6.869e-03
adaptive_constant_bcs_val: 5.415e-02
mean_grad_res: 4.327e-04
mean_grad_bcs: 6.295e-04
mean_grad_ics: 3.497e-03
It: 10700, Loss: 4.750e-03, Loss_res: 4.718e-03,  Loss_bcs: 8.183e-02, Loss_ut_ics: 3.365e-03,, Time: 70.79
adaptive_constant_res_val: 6.258e-02
adaptive_constant_ics_val: 6.869e-03
adaptive_constant_bcs_val: 5.415e-02
mean_grad_res: 5.765e-02
mean_grad_bcs: 2.133e-03
mean_grad_ics: 1.080e-02
It: 10800, Loss: 4.271e-03, Loss_res: 4.558e-04,  Loss_bcs: 7.759e-02, Loss_ut_ics: 5.882e-03,, Time: 70.69
adaptive_constant_res_val: 6.258e-02
adaptive_constant_ics_val: 6.869e-03
adaptive_constant_bcs_val: 5.415e-02
mean_grad_res: 3.369e-04
mean_grad_bcs: 6.113e-04
mean_grad_ics: 3.060e-03
It: 10900, Loss: 4.180e-03, Loss_res: 4.944e-04,  Loss_bcs: 7.567e-02, Loss_ut_ics: 7.380e-03,, Time: 71.30
adaptive_constant_res_val: 6.258e-02
adaptive_constant_ics_val: 6.869e-03
adaptive_constant_bcs_val: 5.415e-02
mean_grad_res: 2.234e-04
mean_grad_bcs: 5.616e-04
mean_grad_ics: 3.031e-03
It: 11000, Loss: 4.363e-03, Loss_res: 9.745e-04,  Loss_bcs: 7.868e-02, Loss_ut_ics: 5.982e-03,, Time: 70.73
adaptive_constant_res_val: 6.137e-02
adaptive_constant_ics_val: 6.382e-03
adaptive_constant_bcs_val: 5.218e-02
mean_grad_res: 2.600e-02
mean_grad_bcs: 2.775e-03
mean_grad_ics: 1.525e-02
It: 11100, Loss: 3.993e-03, Loss_res: 4.789e-04,  Loss_bcs: 7.504e-02, Loss_ut_ics: 7.543e-03,, Time: 71.02
adaptive_constant_res_val: 6.137e-02
adaptive_constant_ics_val: 6.382e-03
adaptive_constant_bcs_val: 5.218e-02
mean_grad_res: 2.941e-04
mean_grad_bcs: 5.991e-04
mean_grad_ics: 3.155e-03
It: 11200, Loss: 3.919e-03, Loss_res: 5.109e-04,  Loss_bcs: 7.340e-02, Loss_ut_ics: 8.939e-03,, Time: 70.87
adaptive_constant_res_val: 6.137e-02
adaptive_constant_ics_val: 6.382e-03
adaptive_constant_bcs_val: 5.218e-02
mean_grad_res: 2.177e-04
mean_grad_bcs: 5.512e-04
mean_grad_ics: 3.011e-03
It: 11300, Loss: 4.031e-03, Loss_res: 7.999e-04,  Loss_bcs: 7.548e-02, Loss_ut_ics: 6.750e-03,, Time: 71.40
adaptive_constant_res_val: 6.137e-02
adaptive_constant_ics_val: 6.382e-03
adaptive_constant_bcs_val: 5.218e-02
mean_grad_res: 8.108e-03
mean_grad_bcs: 8.542e-04
mean_grad_ics: 3.094e-03
It: 11400, Loss: 3.917e-03, Loss_res: 4.674e-04,  Loss_bcs: 7.339e-02, Loss_ut_ics: 9.148e-03,, Time: 71.00
adaptive_constant_res_val: 6.137e-02
adaptive_constant_ics_val: 6.382e-03
adaptive_constant_bcs_val: 5.218e-02
mean_grad_res: 2.791e-04
mean_grad_bcs: 5.554e-04
mean_grad_ics: 2.978e-03
It: 11500, Loss: 4.628e-03, Loss_res: 1.039e-02,  Loss_bcs: 7.458e-02, Loss_ut_ics: 1.551e-02,, Time: 70.78
adaptive_constant_res_val: 6.137e-02
adaptive_constant_ics_val: 6.382e-03
adaptive_constant_bcs_val: 5.218e-02
mean_grad_res: 1.077e-01
mean_grad_bcs: 9.186e-03
mean_grad_ics: 3.605e-02
It: 11600, Loss: 4.393e-03, Loss_res: 7.855e-03,  Loss_bcs: 7.352e-02, Loss_ut_ics: 1.173e-02,, Time: 71.05
adaptive_constant_res_val: 6.137e-02
adaptive_constant_ics_val: 6.382e-03
adaptive_constant_bcs_val: 5.218e-02
mean_grad_res: 6.648e-02
mean_grad_bcs: 8.523e-03
mean_grad_ics: 1.510e-02
It: 11700, Loss: 4.168e-03, Loss_res: 1.681e-03,  Loss_bcs: 7.627e-02, Loss_ut_ics: 1.338e-02,, Time: 71.39
adaptive_constant_res_val: 6.137e-02
adaptive_constant_ics_val: 6.382e-03
adaptive_constant_bcs_val: 5.218e-02
mean_grad_res: 2.259e-02
mean_grad_bcs: 4.777e-03
mean_grad_ics: 1.370e-02
It: 11800, Loss: 3.769e-03, Loss_res: 4.966e-04,  Loss_bcs: 7.021e-02, Loss_ut_ics: 1.172e-02,, Time: 72.42
adaptive_constant_res_val: 6.137e-02
adaptive_constant_ics_val: 6.382e-03
adaptive_constant_bcs_val: 5.218e-02
mean_grad_res: 2.681e-04
mean_grad_bcs: 5.489e-04
mean_grad_ics: 2.818e-03
It: 11900, Loss: 3.817e-03, Loss_res: 5.311e-04,  Loss_bcs: 7.125e-02, Loss_ut_ics: 1.048e-02,, Time: 72.35
adaptive_constant_res_val: 6.137e-02
adaptive_constant_ics_val: 6.382e-03
adaptive_constant_bcs_val: 5.218e-02
mean_grad_res: 2.068e-02
mean_grad_bcs: 1.489e-03
mean_grad_ics: 3.071e-03
It: 12000, Loss: 3.737e-03, Loss_res: 4.813e-04,  Loss_bcs: 6.952e-02, Loss_ut_ics: 1.248e-02,, Time: 40.63
adaptive_constant_res_val: 5.937e-02
adaptive_constant_ics_val: 6.002e-03
adaptive_constant_bcs_val: 5.027e-02
mean_grad_res: 2.757e-04
mean_grad_bcs: 5.430e-04
mean_grad_ics: 2.853e-03
It: 12100, Loss: 1.016e-02, Loss_res: 7.486e-02,  Loss_bcs: 1.067e-01, Loss_ut_ics: 5.909e-02,, Time: 43.30
adaptive_constant_res_val: 5.937e-02
adaptive_constant_ics_val: 6.002e-03
adaptive_constant_bcs_val: 5.027e-02
mean_grad_res: 2.001e-01
mean_grad_bcs: 2.447e-02
mean_grad_ics: 1.026e-01
It: 12200, Loss: 3.546e-03, Loss_res: 5.035e-04,  Loss_bcs: 6.834e-02, Loss_ut_ics: 1.343e-02,, Time: 38.92
adaptive_constant_res_val: 5.937e-02
adaptive_constant_ics_val: 6.002e-03
adaptive_constant_bcs_val: 5.027e-02
mean_grad_res: 1.957e-03
mean_grad_bcs: 5.963e-04
mean_grad_ics: 2.847e-03
It: 12300, Loss: 3.578e-03, Loss_res: 5.787e-04,  Loss_bcs: 6.898e-02, Loss_ut_ics: 1.262e-02,, Time: 40.27
adaptive_constant_res_val: 5.937e-02
adaptive_constant_ics_val: 6.002e-03
adaptive_constant_bcs_val: 5.027e-02
mean_grad_res: 1.408e-02
mean_grad_bcs: 7.448e-04
mean_grad_ics: 5.216e-03
Relative L2 error_u: 4.39e-01
Relative L2 error_r: 3.93e-02
Save uv NN parameters successfully in %s ...checkpoints/Jan-15-2024_17-49-19-149609_M2
Final loss total loss: 3.517623e-03
Final loss loss_res: 4.906386e-04
Final loss loss_bcs: 6.770289e-02
Final loss loss_ics_u_t: 1.417637e-02
average lambda_bc : 8.8714e-02
average lambda_ic : 1.2955e-02
average lambda_res : 1.0


Method: mini_batch
average of error_u_list:4.3896e-01
average of error_r_list:3.9288e-02
