It: 0 |  Loss: 1.874e+01 |  Loss_res: 8.101e+00 |   Loss_bcs1: 3.815e+00 | Loss_bc2s: 3.231e+00 |  loss_ics_u: 2.273e+00 |  Loss_ut_ics: 1.317e+00 |  Time: 3.17
adaptive_constant_ics_val: 8.511e+01
adaptive_constant_bcs_val: 3.445e+01
Gradients information stored ...
It: 100 |  Loss: 1.993e+00 |  Loss_res: 1.772e-02 |   Loss_bcs1: 5.901e-02 | Loss_bc2s: 3.030e-02 |  loss_ics_u: 3.611e-01 |  Loss_ut_ics: 1.895e-03 |  Time: 27.95
adaptive_constant_ics_val: 8.449e+01
adaptive_constant_bcs_val: 1.808e+01
Gradients information stored ...
It: 200 |  Loss: 1.889e+00 |  Loss_res: 3.472e-02 |   Loss_bcs1: 4.888e-02 | Loss_bc2s: 3.237e-02 |  loss_ics_u: 2.408e-01 |  Loss_ut_ics: 7.409e-04 |  Time: 21.04
adaptive_constant_ics_val: 6.043e+01
adaptive_constant_bcs_val: 3.372e+01
It: 300 |  Loss: 2.072e+00 |  Loss_res: 6.242e-02 |   Loss_bcs1: 3.137e-02 | Loss_bc2s: 1.354e-02 |  loss_ics_u: 1.816e-01 |  Loss_ut_ics: 3.784e-03 |  Time: 8.25
adaptive_constant_ics_val: 1.623e+01
adaptive_constant_bcs_val: 5.325e+01
It: 400 |  Loss: 3.129e+00 |  Loss_res: 1.062e-01 |   Loss_bcs1: 2.561e-02 | Loss_bc2s: 1.149e-02 |  loss_ics_u: 1.569e-01 |  Loss_ut_ics: 2.421e-02 |  Time: 12.43
adaptive_constant_ics_val: 3.082e+01
adaptive_constant_bcs_val: 1.417e+02
It: 500 |  Loss: 5.002e+00 |  Loss_res: 1.328e-01 |   Loss_bcs1: 2.506e-02 | Loss_bc2s: 2.118e-02 |  loss_ics_u: 1.341e-01 |  Loss_ut_ics: 9.386e-03 |  Time: 7.88
adaptive_constant_ics_val: 6.426e+01
adaptive_constant_bcs_val: 1.585e+02
It: 600 |  Loss: 7.208e+00 |  Loss_res: 2.329e-01 |   Loss_bcs1: 3.360e-02 | Loss_bc2s: 1.317e-02 |  loss_ics_u: 1.284e-01 |  Loss_ut_ics: 4.679e-03 |  Time: 8.03
adaptive_constant_ics_val: 2.057e+02
adaptive_constant_bcs_val: 3.769e+02
It: 700 |  Loss: 1.150e+01 |  Loss_res: 4.410e-01 |   Loss_bcs1: 2.209e-02 | Loss_bc2s: 1.240e-02 |  loss_ics_u: 1.100e-01 |  Loss_ut_ics: 1.209e-02 |  Time: 8.23
adaptive_constant_ics_val: 1.254e+02
adaptive_constant_bcs_val: 4.938e+02
It: 800 |  Loss: 1.875e+01 |  Loss_res: 9.287e-01 |   Loss_bcs1: 1.569e-02 | Loss_bc2s: 1.127e-02 |  loss_ics_u: 1.166e-01 |  Loss_ut_ics: 2.514e-02 |  Time: 13.28
adaptive_constant_ics_val: 1.723e+02
adaptive_constant_bcs_val: 9.969e+02
It: 900 |  Loss: 3.151e+01 |  Loss_res: 9.222e-01 |   Loss_bcs1: 2.131e-02 | Loss_bc2s: 9.267e-03 |  loss_ics_u: 1.134e-01 |  Loss_ut_ics: 2.086e-02 |  Time: 13.78
adaptive_constant_ics_val: 2.482e+02
adaptive_constant_bcs_val: 7.390e+02
It: 1000 |  Loss: 4.003e+01 |  Loss_res: 1.890e+00 |   Loss_bcs1: 2.772e-02 | Loss_bc2s: 5.069e-03 |  loss_ics_u: 1.095e-01 |  Loss_ut_ics: 1.962e-02 |  Time: 15.18
adaptive_constant_ics_val: 3.046e+02
adaptive_constant_bcs_val: 7.649e+02
Gradients information stored ...
It: 1100 |  Loss: 3.902e+01 |  Loss_res: 1.534e+00 |   Loss_bcs1: 1.613e-02 | Loss_bc2s: 6.065e-03 |  loss_ics_u: 9.600e-02 |  Loss_ut_ics: 1.081e-02 |  Time: 22.53
adaptive_constant_ics_val: 6.477e+02
adaptive_constant_bcs_val: 2.004e+03
It: 1200 |  Loss: 7.277e+01 |  Loss_res: 3.479e+00 |   Loss_bcs1: 9.716e-03 | Loss_bc2s: 1.108e-02 |  loss_ics_u: 1.140e-01 |  Loss_ut_ics: 3.132e-02 |  Time: 15.54
adaptive_constant_ics_val: 3.654e+02
adaptive_constant_bcs_val: 2.734e+03
It: 1300 |  Loss: 9.178e+01 |  Loss_res: 5.199e+00 |   Loss_bcs1: 1.163e-02 | Loss_bc2s: 8.839e-03 |  loss_ics_u: 9.908e-02 |  Loss_ut_ics: 1.425e-02 |  Time: 15.56
adaptive_constant_ics_val: 1.273e+03
adaptive_constant_bcs_val: 3.093e+03
It: 1400 |  Loss: 1.082e+02 |  Loss_res: 7.717e+00 |   Loss_bcs1: 1.220e-02 | Loss_bc2s: 6.009e-03 |  loss_ics_u: 8.678e-02 |  Loss_ut_ics: 5.490e-03 |  Time: 15.21
adaptive_constant_ics_val: 5.797e+03
adaptive_constant_bcs_val: 8.139e+03
It: 1500 |  Loss: 2.280e+02 |  Loss_res: 3.287e+01 |   Loss_bcs1: 9.343e-03 | Loss_bc2s: 3.155e-03 |  loss_ics_u: 1.041e-01 |  Loss_ut_ics: 1.614e-03 |  Time: 13.76
adaptive_constant_ics_val: 3.162e+04
adaptive_constant_bcs_val: 3.274e+04
It: 1600 |  Loss: 6.794e+02 |  Loss_res: 5.348e+01 |   Loss_bcs1: 6.376e-03 | Loss_bc2s: 8.532e-03 |  loss_ics_u: 1.146e-01 |  Loss_ut_ics: 2.147e-03 |  Time: 15.60
adaptive_constant_ics_val: 2.795e+04
adaptive_constant_bcs_val: 1.388e+04
It: 1700 |  Loss: 6.176e+02 |  Loss_res: 6.490e+01 |   Loss_bcs1: 4.601e-03 | Loss_bc2s: 2.134e-03 |  loss_ics_u: 8.879e-02 |  Loss_ut_ics: 1.588e-03 |  Time: 16.01
adaptive_constant_ics_val: 4.297e+04
adaptive_constant_bcs_val: 5.840e+04
It: 1800 |  Loss: 1.198e+03 |  Loss_res: 1.698e+02 |   Loss_bcs1: 5.601e-03 | Loss_bc2s: 1.666e-03 |  loss_ics_u: 8.389e-02 |  Loss_ut_ics: 2.971e-03 |  Time: 13.59
adaptive_constant_ics_val: 9.024e+04
adaptive_constant_bcs_val: 1.148e+05
It: 1900 |  Loss: 1.930e+03 |  Loss_res: 4.427e+02 |   Loss_bcs1: 1.981e-03 | Loss_bc2s: 2.301e-03 |  loss_ics_u: 5.048e-02 |  Loss_ut_ics: 1.770e-02 |  Time: 15.60
adaptive_constant_ics_val: 1.144e+05
adaptive_constant_bcs_val: 2.625e+05
It: 2000 |  Loss: 2.728e+03 |  Loss_res: 7.284e+02 |   Loss_bcs1: 3.155e-03 | Loss_bc2s: 2.124e-03 |  loss_ics_u: 3.777e-02 |  Loss_ut_ics: 1.551e-03 |  Time: 15.59
adaptive_constant_ics_val: 5.374e+05
adaptive_constant_bcs_val: 3.435e+05
It: 2100 |  Loss: 4.358e+03 |  Loss_res: 1.713e+03 |   Loss_bcs1: 6.473e-03 | Loss_bc2s: 2.365e-03 |  loss_ics_u: 2.133e-02 |  Loss_ut_ics: 4.772e-03 |  Time: 15.63
adaptive_constant_ics_val: 2.986e+05
adaptive_constant_bcs_val: 3.209e+05
It: 2200 |  Loss: 3.705e+03 |  Loss_res: 1.288e+03 |   Loss_bcs1: 2.368e-03 | Loss_bc2s: 7.237e-04 |  loss_ics_u: 1.692e-02 |  Loss_ut_ics: 4.170e-03 |  Time: 15.64
adaptive_constant_ics_val: 4.422e+05
adaptive_constant_bcs_val: 7.294e+05
It: 2300 |  Loss: 4.807e+03 |  Loss_res: 2.340e+03 |   Loss_bcs1: 2.073e-03 | Loss_bc2s: 9.528e-04 |  loss_ics_u: 7.596e-03 |  Loss_ut_ics: 5.470e-03 |  Time: 15.77
adaptive_constant_ics_val: 3.569e+05
adaptive_constant_bcs_val: 7.754e+05
It: 2400 |  Loss: 4.523e+03 |  Loss_res: 2.930e+03 |   Loss_bcs1: 3.269e-04 | Loss_bc2s: 6.835e-04 |  loss_ics_u: 4.120e-03 |  Loss_ut_ics: 2.827e-03 |  Time: 15.61
adaptive_constant_ics_val: 6.412e+05
adaptive_constant_bcs_val: 1.848e+06
It: 2500 |  Loss: 3.424e+03 |  Loss_res: 1.793e+03 |   Loss_bcs1: 4.307e-04 | Loss_bc2s: 6.614e-04 |  loss_ics_u: 1.658e-03 |  Loss_ut_ics: 2.761e-03 |  Time: 15.70
adaptive_constant_ics_val: 4.429e+05
adaptive_constant_bcs_val: 1.111e+06
It: 2600 |  Loss: 3.601e+03 |  Loss_res: 2.447e+03 |   Loss_bcs1: 2.190e-04 | Loss_bc2s: 2.101e-04 |  loss_ics_u: 1.741e-03 |  Loss_ut_ics: 6.915e-04 |  Time: 15.67
adaptive_constant_ics_val: 1.200e+06
adaptive_constant_bcs_val: 8.082e+05
It: 2700 |  Loss: 3.984e+03 |  Loss_res: 2.652e+03 |   Loss_bcs1: 3.160e-04 | Loss_bc2s: 7.732e-05 |  loss_ics_u: 1.347e-03 |  Loss_ut_ics: 1.446e-03 |  Time: 15.62
adaptive_constant_ics_val: 7.504e+05
adaptive_constant_bcs_val: 1.170e+06
It: 2800 |  Loss: 3.286e+03 |  Loss_res: 2.706e+03 |   Loss_bcs1: 6.264e-05 | Loss_bc2s: 1.174e-04 |  loss_ics_u: 7.359e-04 |  Loss_ut_ics: 1.785e-04 |  Time: 15.70
adaptive_constant_ics_val: 4.067e+06
adaptive_constant_bcs_val: 7.884e+06
It: 2900 |  Loss: 8.261e+03 |  Loss_res: 6.587e+03 |   Loss_bcs1: 1.858e-04 | Loss_bc2s: 3.309e-04 |  loss_ics_u: 6.187e-04 |  Loss_ut_ics: 2.768e-04 |  Time: 15.64
adaptive_constant_ics_val: 9.614e+06
adaptive_constant_bcs_val: 2.633e+06
It: 3000 |  Loss: 7.309e+03 |  Loss_res: 5.876e+03 |   Loss_bcs1: 1.608e-04 | Loss_bc2s: 2.299e-04 |  loss_ics_u: 3.446e-04 |  Loss_ut_ics: 2.352e-04 |  Time: 15.63
adaptive_constant_ics_val: 5.346e+06
adaptive_constant_bcs_val: 2.525e+06
It: 3100 |  Loss: 8.785e+03 |  Loss_res: 5.135e+03 |   Loss_bcs1: 6.982e-05 | Loss_bc2s: 8.537e-04 |  loss_ics_u: 4.676e-04 |  Loss_ut_ics: 7.567e-04 |  Time: 15.61
adaptive_constant_ics_val: 3.091e+06
adaptive_constant_bcs_val: 1.055e+06
It: 3200 |  Loss: 7.137e+03 |  Loss_res: 5.424e+03 |   Loss_bcs1: 1.266e-04 | Loss_bc2s: 5.701e-05 |  loss_ics_u: 4.071e-04 |  Loss_ut_ics: 3.958e-04 |  Time: 16.18
adaptive_constant_ics_val: 5.092e+06
adaptive_constant_bcs_val: 2.472e+06
It: 3300 |  Loss: 6.599e+03 |  Loss_res: 4.999e+03 |   Loss_bcs1: 6.898e-05 | Loss_bc2s: 8.079e-05 |  loss_ics_u: 1.994e-04 |  Loss_ut_ics: 4.346e-04 |  Time: 15.81
adaptive_constant_ics_val: 3.537e+06
adaptive_constant_bcs_val: 3.338e+06
It: 3400 |  Loss: 6.273e+03 |  Loss_res: 5.402e+03 |   Loss_bcs1: 4.446e-05 | Loss_bc2s: 3.855e-05 |  loss_ics_u: 1.724e-04 |  Loss_ut_ics: 1.670e-04 |  Time: 15.86
adaptive_constant_ics_val: 1.099e+07
adaptive_constant_bcs_val: 5.976e+06
It: 3500 |  Loss: 8.312e+03 |  Loss_res: 7.709e+03 |   Loss_bcs1: 6.731e-05 | Loss_bc2s: 3.171e-05 |  loss_ics_u: 1.351e-04 |  Loss_ut_ics: 2.710e-05 |  Time: 16.22
adaptive_constant_ics_val: 4.490e+07
adaptive_constant_bcs_val: 1.534e+07
It: 3600 |  Loss: 1.473e+04 |  Loss_res: 6.477e+03 |   Loss_bcs1: 8.618e-05 | Loss_bc2s: 3.013e-04 |  loss_ics_u: 3.089e-04 |  Loss_ut_ics: 7.741e-04 |  Time: 16.30
adaptive_constant_ics_val: 8.038e+06
adaptive_constant_bcs_val: 3.128e+06
It: 3700 |  Loss: 6.971e+03 |  Loss_res: 6.391e+03 |   Loss_bcs1: 3.407e-05 | Loss_bc2s: 3.291e-05 |  loss_ics_u: 3.529e-05 |  Loss_ut_ics: 2.978e-05 |  Time: 15.68
adaptive_constant_ics_val: 3.137e+07
adaptive_constant_bcs_val: 1.170e+07
It: 3800 |  Loss: 6.782e+03 |  Loss_res: 5.293e+03 |   Loss_bcs1: 2.867e-05 | Loss_bc2s: 3.116e-05 |  loss_ics_u: 5.855e-05 |  Loss_ut_ics: 9.871e-05 |  Time: 16.67
adaptive_constant_ics_val: 1.275e+07
adaptive_constant_bcs_val: 1.975e+07
It: 3900 |  Loss: 9.077e+03 |  Loss_res: 5.890e+03 |   Loss_bcs1: 1.897e-04 | Loss_bc2s: 4.244e-05 |  loss_ics_u: 1.051e-04 |  Loss_ut_ics: 1.193e-04 |  Time: 15.70
adaptive_constant_ics_val: 9.714e+06
adaptive_constant_bcs_val: 2.801e+06
It: 4000 |  Loss: 6.940e+03 |  Loss_res: 6.416e+03 |   Loss_bcs1: 1.821e-05 | Loss_bc2s: 2.023e-05 |  loss_ics_u: 2.018e-05 |  Loss_ut_ics: 1.961e-05 |  Time: 16.93
adaptive_constant_ics_val: 2.508e+07
adaptive_constant_bcs_val: 1.461e+07
It: 4100 |  Loss: 7.143e+03 |  Loss_res: 5.998e+03 |   Loss_bcs1: 6.975e-06 | Loss_bc2s: 1.096e-05 |  loss_ics_u: 2.291e-05 |  Loss_ut_ics: 7.560e-05 |  Time: 17.31
adaptive_constant_ics_val: 1.145e+07
adaptive_constant_bcs_val: 2.376e+07
It: 4200 |  Loss: 7.170e+03 |  Loss_res: 4.642e+03 |   Loss_bcs1: 1.821e-05 | Loss_bc2s: 3.951e-05 |  loss_ics_u: 4.067e-05 |  Loss_ut_ics: 1.480e-04 |  Time: 16.98
adaptive_constant_ics_val: 5.393e+06
adaptive_constant_bcs_val: 8.691e+06
It: 4300 |  Loss: 8.273e+03 |  Loss_res: 6.920e+03 |   Loss_bcs1: 1.098e-05 | Loss_bc2s: 8.952e-06 |  loss_ics_u: 2.718e-05 |  Loss_ut_ics: 8.763e-05 |  Time: 15.72
adaptive_constant_ics_val: 1.889e+07
adaptive_constant_bcs_val: 3.026e+07
It: 4400 |  Loss: 1.347e+04 |  Loss_res: 5.958e+03 |   Loss_bcs1: 1.123e-04 | Loss_bc2s: 2.057e-05 |  loss_ics_u: 7.146e-05 |  Loss_ut_ics: 4.558e-04 |  Time: 15.67
adaptive_constant_ics_val: 7.130e+06
adaptive_constant_bcs_val: 4.891e+06
It: 4500 |  Loss: 5.114e+03 |  Loss_res: 4.186e+03 |   Loss_bcs1: 3.913e-05 | Loss_bc2s: 6.955e-06 |  loss_ics_u: 1.472e-05 |  Loss_ut_ics: 2.892e-05 |  Time: 15.75
adaptive_constant_ics_val: 1.973e+07
adaptive_constant_bcs_val: 9.132e+06
It: 4600 |  Loss: 4.757e+03 |  Loss_res: 4.052e+03 |   Loss_bcs1: 1.676e-05 | Loss_bc2s: 1.614e-05 |  loss_ics_u: 1.528e-05 |  Loss_ut_ics: 1.909e-05 |  Time: 16.46
adaptive_constant_ics_val: 2.056e+07
adaptive_constant_bcs_val: 6.891e+06
It: 4700 |  Loss: 1.274e+04 |  Loss_res: 5.852e+03 |   Loss_bcs1: 1.139e-05 | Loss_bc2s: 2.377e-05 |  loss_ics_u: 4.413e-05 |  Loss_ut_ics: 4.710e-04 |  Time: 16.52
adaptive_constant_ics_val: 4.168e+06
adaptive_constant_bcs_val: 1.046e+07
It: 4800 |  Loss: 6.046e+03 |  Loss_res: 5.534e+03 |   Loss_bcs1: 8.347e-06 | Loss_bc2s: 1.022e-05 |  loss_ics_u: 6.048e-06 |  Loss_ut_ics: 2.271e-05 |  Time: 15.87
adaptive_constant_ics_val: 2.083e+07
adaptive_constant_bcs_val: 2.423e+07
It: 4900 |  Loss: 6.125e+03 |  Loss_res: 5.527e+03 |   Loss_bcs1: 8.102e-06 | Loss_bc2s: 6.693e-06 |  loss_ics_u: 1.052e-05 |  Loss_ut_ics: 2.445e-05 |  Time: 16.86
adaptive_constant_ics_val: 5.470e+07
adaptive_constant_bcs_val: 2.210e+07
It: 5000 |  Loss: 6.710e+03 |  Loss_res: 6.347e+03 |   Loss_bcs1: 5.381e-06 | Loss_bc2s: 3.920e-06 |  loss_ics_u: 1.282e-05 |  Loss_ut_ics: 5.487e-06 |  Time: 16.44
adaptive_constant_ics_val: 1.166e+08
adaptive_constant_bcs_val: 2.482e+07
It: 5100 |  Loss: 2.245e+04 |  Loss_res: 7.870e+03 |   Loss_bcs1: 1.322e-04 | Loss_bc2s: 1.460e-04 |  loss_ics_u: 3.295e-04 |  Loss_ut_ics: 2.367e-04 |  Time: 16.69
adaptive_constant_ics_val: 2.005e+07
adaptive_constant_bcs_val: 3.874e+06
It: 5200 |  Loss: 7.502e+03 |  Loss_res: 6.754e+03 |   Loss_bcs1: 1.107e-05 | Loss_bc2s: 7.440e-06 |  loss_ics_u: 1.208e-05 |  Loss_ut_ics: 1.387e-05 |  Time: 17.73
adaptive_constant_ics_val: 4.877e+07
adaptive_constant_bcs_val: 1.529e+07
It: 5300 |  Loss: 6.052e+03 |  Loss_res: 5.662e+03 |   Loss_bcs1: 3.854e-06 | Loss_bc2s: 2.528e-06 |  loss_ics_u: 5.788e-06 |  Loss_ut_ics: 8.213e-06 |  Time: 17.49
adaptive_constant_ics_val: 5.416e+07
adaptive_constant_bcs_val: 5.052e+07
It: 5400 |  Loss: 8.907e+03 |  Loss_res: 6.746e+03 |   Loss_bcs1: 3.458e-05 | Loss_bc2s: 2.747e-05 |  loss_ics_u: 1.681e-05 |  Loss_ut_ics: 2.748e-05 |  Time: 16.29
adaptive_constant_ics_val: 3.744e+07
adaptive_constant_bcs_val: 9.896e+06
It: 5500 |  Loss: 1.053e+04 |  Loss_res: 6.005e+03 |   Loss_bcs1: 4.057e-06 | Loss_bc2s: 4.179e-05 |  loss_ics_u: 3.998e-05 |  Loss_ut_ics: 9.952e-05 |  Time: 15.71
adaptive_constant_ics_val: 2.591e+07
adaptive_constant_bcs_val: 1.664e+07
It: 5600 |  Loss: 5.653e+03 |  Loss_res: 5.231e+03 |   Loss_bcs1: 6.373e-06 | Loss_bc2s: 6.038e-06 |  loss_ics_u: 8.074e-06 |  Loss_ut_ics: 3.041e-06 |  Time: 15.82
adaptive_constant_ics_val: 9.193e+07
adaptive_constant_bcs_val: 1.431e+07
It: 5700 |  Loss: 2.465e+04 |  Loss_res: 6.488e+03 |   Loss_bcs1: 6.795e-05 | Loss_bc2s: 1.412e-04 |  loss_ics_u: 3.998e-05 |  Loss_ut_ics: 3.815e-04 |  Time: 15.78
adaptive_constant_ics_val: 8.688e+06
adaptive_constant_bcs_val: 4.334e+06
It: 5800 |  Loss: 6.753e+03 |  Loss_res: 6.284e+03 |   Loss_bcs1: 8.948e-06 | Loss_bc2s: 3.840e-06 |  loss_ics_u: 4.360e-06 |  Loss_ut_ics: 6.335e-06 |  Time: 15.94
adaptive_constant_ics_val: 5.179e+07
adaptive_constant_bcs_val: 2.169e+07
It: 5900 |  Loss: 5.623e+03 |  Loss_res: 5.321e+03 |   Loss_bcs1: 3.541e-06 | Loss_bc2s: 2.096e-06 |  loss_ics_u: 2.497e-06 |  Loss_ut_ics: 4.907e-06 |  Time: 16.92
adaptive_constant_ics_val: 1.207e+08
adaptive_constant_bcs_val: 4.289e+07
It: 6000 |  Loss: 1.122e+04 |  Loss_res: 3.912e+03 |   Loss_bcs1: 7.078e-05 | Loss_bc2s: 4.661e-06 |  loss_ics_u: 1.117e-05 |  Loss_ut_ics: 1.285e-04 |  Time: 16.39
adaptive_constant_ics_val: 1.098e+07
adaptive_constant_bcs_val: 5.533e+06
It: 6100 |  Loss: 7.860e+03 |  Loss_res: 5.619e+03 |   Loss_bcs1: 3.548e-06 | Loss_bc2s: 7.310e-06 |  loss_ics_u: 8.325e-06 |  Loss_ut_ics: 4.647e-05 |  Time: 16.39
adaptive_constant_ics_val: 2.257e+07
adaptive_constant_bcs_val: 3.195e+07
It: 6200 |  Loss: 6.557e+03 |  Loss_res: 5.924e+03 |   Loss_bcs1: 1.823e-06 | Loss_bc2s: 6.615e-06 |  loss_ics_u: 1.065e-05 |  Loss_ut_ics: 7.158e-06 |  Time: 16.87
adaptive_constant_ics_val: 6.803e+07
adaptive_constant_bcs_val: 3.918e+07
It: 6300 |  Loss: 1.856e+04 |  Loss_res: 6.599e+03 |   Loss_bcs1: 2.742e-05 | Loss_bc2s: 1.111e-05 |  loss_ics_u: 1.258e-05 |  Loss_ut_ics: 2.583e-04 |  Time: 16.20
adaptive_constant_ics_val: 1.227e+07
adaptive_constant_bcs_val: 1.456e+07
It: 6400 |  Loss: 6.570e+03 |  Loss_res: 5.656e+03 |   Loss_bcs1: 2.487e-06 | Loss_bc2s: 2.747e-06 |  loss_ics_u: 7.012e-06 |  Loss_ut_ics: 1.708e-05 |  Time: 16.86
adaptive_constant_ics_val: 4.463e+07
adaptive_constant_bcs_val: 5.828e+07
It: 6500 |  Loss: 7.185e+03 |  Loss_res: 6.743e+03 |   Loss_bcs1: 9.499e-06 | Loss_bc2s: 1.595e-06 |  loss_ics_u: 4.010e-06 |  Loss_ut_ics: 2.109e-06 |  Time: 16.67
adaptive_constant_ics_val: 1.133e+08
adaptive_constant_bcs_val: 1.952e+07
It: 6600 |  Loss: 3.251e+04 |  Loss_res: 7.156e+03 |   Loss_bcs1: 3.412e-05 | Loss_bc2s: 1.291e-05 |  loss_ics_u: 4.923e-05 |  Loss_ut_ics: 4.902e-04 |  Time: 15.98
adaptive_constant_ics_val: 8.143e+06
adaptive_constant_bcs_val: 1.351e+07
It: 6700 |  Loss: 4.342e+03 |  Loss_res: 3.871e+03 |   Loss_bcs1: 1.957e-06 | Loss_bc2s: 2.472e-06 |  loss_ics_u: 2.268e-06 |  Loss_ut_ics: 7.434e-06 |  Time: 17.14
adaptive_constant_ics_val: 4.560e+07
adaptive_constant_bcs_val: 8.330e+07
It: 6800 |  Loss: 6.103e+03 |  Loss_res: 5.712e+03 |   Loss_bcs1: 6.096e-06 | Loss_bc2s: 2.411e-06 |  loss_ics_u: 2.926e-06 |  Loss_ut_ics: 1.543e-06 |  Time: 17.51
adaptive_constant_ics_val: 2.329e+08
adaptive_constant_bcs_val: 2.505e+07
It: 6900 |  Loss: 6.134e+03 |  Loss_res: 5.250e+03 |   Loss_bcs1: 8.573e-06 | Loss_bc2s: 1.245e-06 |  loss_ics_u: 4.118e-06 |  Loss_ut_ics: 7.886e-06 |  Time: 16.32
adaptive_constant_ics_val: 7.597e+07
adaptive_constant_bcs_val: 2.425e+07
It: 7000 |  Loss: 5.621e+04 |  Loss_res: 7.492e+03 |   Loss_bcs1: 2.159e-04 | Loss_bc2s: 3.924e-05 |  loss_ics_u: 7.225e-05 |  Loss_ut_ics: 6.218e-04 |  Time: 15.94
adaptive_constant_ics_val: 1.015e+07
adaptive_constant_bcs_val: 5.066e+06
It: 7100 |  Loss: 7.248e+03 |  Loss_res: 6.766e+03 |   Loss_bcs1: 2.305e-06 | Loss_bc2s: 1.326e-06 |  loss_ics_u: 5.934e-06 |  Loss_ut_ics: 4.091e-06 |  Time: 16.25
adaptive_constant_ics_val: 7.651e+07
adaptive_constant_bcs_val: 3.210e+07
It: 7200 |  Loss: 6.167e+03 |  Loss_res: 5.925e+03 |   Loss_bcs1: 1.583e-06 | Loss_bc2s: 2.104e-06 |  loss_ics_u: 1.906e-06 |  Loss_ut_ics: 1.610e-06 |  Time: 15.75
adaptive_constant_ics_val: 4.175e+08
adaptive_constant_bcs_val: 4.438e+07
It: 7300 |  Loss: 1.078e+04 |  Loss_res: 5.781e+03 |   Loss_bcs1: 5.163e-05 | Loss_bc2s: 5.176e-06 |  loss_ics_u: 2.462e-05 |  Loss_ut_ics: 2.841e-05 |  Time: 15.65
adaptive_constant_ics_val: 3.062e+07
adaptive_constant_bcs_val: 5.615e+06
It: 7400 |  Loss: 4.933e+03 |  Loss_res: 4.746e+03 |   Loss_bcs1: 1.623e-06 | Loss_bc2s: 1.943e-06 |  loss_ics_u: 1.698e-06 |  Loss_ut_ics: 5.861e-07 |  Time: 15.64
adaptive_constant_ics_val: 3.431e+08
adaptive_constant_bcs_val: 1.024e+08
It: 7500 |  Loss: 8.904e+03 |  Loss_res: 8.692e+03 |   Loss_bcs1: 1.241e-06 | Loss_bc2s: 1.188e-06 |  loss_ics_u: 9.353e-07 |  Loss_ut_ics: 8.717e-07 |  Time: 15.61
adaptive_constant_ics_val: 4.276e+08
adaptive_constant_bcs_val: 3.517e+08
It: 7600 |  Loss: 9.058e+03 |  Loss_res: 6.828e+03 |   Loss_bcs1: 6.354e-06 | Loss_bc2s: 6.548e-06 |  loss_ics_u: 1.179e-05 |  Loss_ut_ics: 4.244e-06 |  Time: 16.37
adaptive_constant_ics_val: 2.014e+08
adaptive_constant_bcs_val: 3.855e+07
It: 7700 |  Loss: 7.831e+03 |  Loss_res: 7.014e+03 |   Loss_bcs1: 4.065e-06 | Loss_bc2s: 1.610e-06 |  loss_ics_u: 3.548e-06 |  Loss_ut_ics: 1.586e-06 |  Time: 16.59
adaptive_constant_ics_val: 2.913e+08
adaptive_constant_bcs_val: 7.418e+07
It: 7800 |  Loss: 5.670e+03 |  Loss_res: 5.174e+03 |   Loss_bcs1: 2.061e-06 | Loss_bc2s: 9.262e-07 |  loss_ics_u: 1.799e-06 |  Loss_ut_ics: 1.155e-06 |  Time: 21.10
adaptive_constant_ics_val: 2.406e+08
adaptive_constant_bcs_val: 5.490e+07
It: 7900 |  Loss: 1.046e+04 |  Loss_res: 8.984e+03 |   Loss_bcs1: 1.537e-06 | Loss_bc2s: 9.937e-07 |  loss_ics_u: 1.576e-06 |  Loss_ut_ics: 7.041e-06 |  Time: 16.99
adaptive_constant_ics_val: 8.120e+07
adaptive_constant_bcs_val: 7.850e+07
It: 8000 |  Loss: 7.627e+03 |  Loss_res: 7.311e+03 |   Loss_bcs1: 1.411e-06 | Loss_bc2s: 5.790e-07 |  loss_ics_u: 1.239e-06 |  Loss_ut_ics: 6.597e-07 |  Time: 16.92
adaptive_constant_ics_val: 7.650e+08
adaptive_constant_bcs_val: 7.153e+07
It: 8100 |  Loss: 2.437e+04 |  Loss_res: 9.864e+03 |   Loss_bcs1: 1.831e-05 | Loss_bc2s: 2.827e-06 |  loss_ics_u: 2.699e-05 |  Loss_ut_ics: 5.078e-05 |  Time: 17.05
adaptive_constant_ics_val: 3.719e+07
adaptive_constant_bcs_val: 1.788e+07
It: 8200 |  Loss: 6.874e+03 |  Loss_res: 6.441e+03 |   Loss_bcs1: 3.569e-06 | Loss_bc2s: 1.683e-06 |  loss_ics_u: 6.478e-07 |  Loss_ut_ics: 3.722e-07 |  Time: 16.69
adaptive_constant_ics_val: 9.491e+08
adaptive_constant_bcs_val: 4.231e+07
It: 8300 |  Loss: 7.381e+03 |  Loss_res: 6.948e+03 |   Loss_bcs1: 2.096e-06 | Loss_bc2s: 1.006e-06 |  loss_ics_u: 1.136e-06 |  Loss_ut_ics: 6.615e-07 |  Time: 17.44
adaptive_constant_ics_val: 4.026e+08
adaptive_constant_bcs_val: 6.411e+07
It: 8400 |  Loss: 8.788e+03 |  Loss_res: 7.645e+03 |   Loss_bcs1: 1.233e-06 | Loss_bc2s: 1.736e-06 |  loss_ics_u: 1.710e-06 |  Loss_ut_ics: 2.969e-06 |  Time: 17.52
adaptive_constant_ics_val: 1.543e+08
adaptive_constant_bcs_val: 5.394e+07
It: 8500 |  Loss: 8.338e+03 |  Loss_res: 7.160e+03 |   Loss_bcs1: 2.150e-06 | Loss_bc2s: 1.105e-06 |  loss_ics_u: 1.449e-06 |  Loss_ut_ics: 3.244e-06 |  Time: 17.11
adaptive_constant_ics_val: 1.593e+08
adaptive_constant_bcs_val: 4.297e+07
It: 8600 |  Loss: 1.084e+04 |  Loss_res: 8.130e+03 |   Loss_bcs1: 1.451e-06 | Loss_bc2s: 8.486e-06 |  loss_ics_u: 9.180e-06 |  Loss_ut_ics: 6.068e-06 |  Time: 17.05
adaptive_constant_ics_val: 1.390e+08
adaptive_constant_bcs_val: 2.476e+07
It: 8700 |  Loss: 8.932e+03 |  Loss_res: 8.589e+03 |   Loss_bcs1: 9.732e-07 | Loss_bc2s: 7.199e-07 |  loss_ics_u: 9.771e-07 |  Loss_ut_ics: 7.869e-07 |  Time: 16.89
adaptive_constant_ics_val: 3.338e+08
adaptive_constant_bcs_val: 2.177e+08
It: 8800 |  Loss: 7.408e+03 |  Loss_res: 7.022e+03 |   Loss_bcs1: 1.297e-06 | Loss_bc2s: 6.656e-07 |  loss_ics_u: 8.000e-07 |  Loss_ut_ics: 7.347e-07 |  Time: 18.97
adaptive_constant_ics_val: 3.773e+08
adaptive_constant_bcs_val: 9.903e+07
It: 8900 |  Loss: 9.538e+03 |  Loss_res: 7.825e+03 |   Loss_bcs1: 4.409e-06 | Loss_bc2s: 9.013e-07 |  loss_ics_u: 2.392e-06 |  Loss_ut_ics: 4.213e-06 |  Time: 21.17
adaptive_constant_ics_val: 1.596e+08
adaptive_constant_bcs_val: 3.296e+07
It: 9000 |  Loss: 8.030e+03 |  Loss_res: 5.457e+03 |   Loss_bcs1: 1.410e-06 | Loss_bc2s: 1.647e-06 |  loss_ics_u: 1.824e-06 |  Loss_ut_ics: 8.542e-06 |  Time: 16.84
adaptive_constant_ics_val: 5.313e+07
adaptive_constant_bcs_val: 4.190e+07
It: 9100 |  Loss: 8.474e+03 |  Loss_res: 7.594e+03 |   Loss_bcs1: 2.824e-06 | Loss_bc2s: 2.567e-06 |  loss_ics_u: 2.770e-06 |  Loss_ut_ics: 1.406e-06 |  Time: 16.53
adaptive_constant_ics_val: 2.955e+08
adaptive_constant_bcs_val: 3.495e+07
It: 9200 |  Loss: 9.702e+03 |  Loss_res: 7.859e+03 |   Loss_bcs1: 1.932e-06 | Loss_bc2s: 7.824e-07 |  loss_ics_u: 2.179e-06 |  Loss_ut_ics: 6.226e-06 |  Time: 19.60
adaptive_constant_ics_val: 1.005e+08
adaptive_constant_bcs_val: 5.206e+07
It: 9300 |  Loss: 1.238e+04 |  Loss_res: 7.608e+03 |   Loss_bcs1: 1.624e-06 | Loss_bc2s: 1.718e-06 |  loss_ics_u: 3.150e-06 |  Loss_ut_ics: 1.886e-05 |  Time: 17.01
adaptive_constant_ics_val: 4.566e+07
adaptive_constant_bcs_val: 6.795e+07
It: 9400 |  Loss: 8.366e+03 |  Loss_res: 8.134e+03 |   Loss_bcs1: 9.366e-07 | Loss_bc2s: 5.847e-07 |  loss_ics_u: 9.673e-07 |  Loss_ut_ics: 3.565e-07 |  Time: 16.67
adaptive_constant_ics_val: 8.166e+08
adaptive_constant_bcs_val: 8.100e+07
It: 9500 |  Loss: 1.339e+04 |  Loss_res: 5.646e+03 |   Loss_bcs1: 2.048e-06 | Loss_bc2s: 1.578e-06 |  loss_ics_u: 2.401e-06 |  Loss_ut_ics: 2.688e-05 |  Time: 21.52
adaptive_constant_ics_val: 3.623e+07
adaptive_constant_bcs_val: 7.146e+07
It: 9600 |  Loss: 2.221e+04 |  Loss_res: 6.922e+03 |   Loss_bcs1: 1.895e-06 | Loss_bc2s: 8.612e-07 |  loss_ics_u: 8.751e-06 |  Loss_ut_ics: 5.820e-05 |  Time: 16.59
adaptive_constant_ics_val: 2.227e+07
adaptive_constant_bcs_val: 2.932e+07
It: 9700 |  Loss: 7.935e+03 |  Loss_res: 7.112e+03 |   Loss_bcs1: 1.110e-06 | Loss_bc2s: 6.253e-07 |  loss_ics_u: 5.112e-07 |  Loss_ut_ics: 3.017e-06 |  Time: 16.79
adaptive_constant_ics_val: 1.192e+08
adaptive_constant_bcs_val: 1.095e+08
It: 9800 |  Loss: 9.061e+03 |  Loss_res: 8.063e+03 |   Loss_bcs1: 9.454e-07 | Loss_bc2s: 3.912e-07 |  loss_ics_u: 3.583e-06 |  Loss_ut_ics: 3.102e-06 |  Time: 16.42
adaptive_constant_ics_val: 1.715e+08
adaptive_constant_bcs_val: 6.540e+07
It: 9900 |  Loss: 6.019e+03 |  Loss_res: 5.546e+03 |   Loss_bcs1: 7.433e-07 | Loss_bc2s: 3.758e-07 |  loss_ics_u: 1.586e-06 |  Loss_ut_ics: 1.386e-06 |  Time: 16.49
adaptive_constant_ics_val: 2.837e+08
adaptive_constant_bcs_val: 9.022e+07
It: 10000 |  Loss: 1.497e+04 |  Loss_res: 6.592e+03 |   Loss_bcs1: 5.162e-05 | Loss_bc2s: 9.346e-06 |  loss_ics_u: 1.807e-05 |  Loss_ut_ics: 1.344e-05 |  Time: 20.12
adaptive_constant_ics_val: 8.931e+07
adaptive_constant_bcs_val: 1.053e+07
It: 10100 |  Loss: 9.033e+03 |  Loss_res: 6.773e+03 |   Loss_bcs1: 1.448e-05 | Loss_bc2s: 3.935e-07 |  loss_ics_u: 1.057e-05 |  Loss_ut_ics: 3.206e-06 |  Time: 24.14
adaptive_constant_ics_val: 1.630e+08
adaptive_constant_bcs_val: 1.280e+07
It: 10200 |  Loss: 9.101e+03 |  Loss_res: 8.947e+03 |   Loss_bcs1: 8.368e-07 | Loss_bc2s: 4.314e-07 |  loss_ics_u: 3.059e-07 |  Loss_ut_ics: 3.101e-07 |  Time: 21.05
adaptive_constant_ics_val: 1.036e+09
adaptive_constant_bcs_val: 2.156e+08
It: 10300 |  Loss: 8.777e+03 |  Loss_res: 4.948e+03 |   Loss_bcs1: 1.026e-05 | Loss_bc2s: 6.820e-06 |  loss_ics_u: 9.917e-06 |  Loss_ut_ics: 6.456e-06 |  Time: 22.07
adaptive_constant_ics_val: 8.096e+07
adaptive_constant_bcs_val: 1.326e+07
It: 10400 |  Loss: 7.175e+03 |  Loss_res: 6.950e+03 |   Loss_bcs1: 6.757e-07 | Loss_bc2s: 4.928e-07 |  loss_ics_u: 6.207e-07 |  Loss_ut_ics: 3.941e-07 |  Time: 17.72
adaptive_constant_ics_val: 5.327e+08
adaptive_constant_bcs_val: 1.351e+08
It: 10500 |  Loss: 7.055e+03 |  Loss_res: 6.814e+03 |   Loss_bcs1: 6.201e-07 | Loss_bc2s: 3.461e-07 |  loss_ics_u: 4.558e-07 |  Loss_ut_ics: 4.629e-07 |  Time: 19.86
adaptive_constant_ics_val: 4.775e+08
adaptive_constant_bcs_val: 2.901e+08
It: 10600 |  Loss: 9.628e+03 |  Loss_res: 6.864e+03 |   Loss_bcs1: 1.638e-06 | Loss_bc2s: 3.117e-06 |  loss_ics_u: 1.668e-06 |  Loss_ut_ics: 6.925e-06 |  Time: 20.31
adaptive_constant_ics_val: 7.300e+07
adaptive_constant_bcs_val: 3.239e+07
It: 10700 |  Loss: 9.912e+03 |  Loss_res: 7.841e+03 |   Loss_bcs1: 2.059e-06 | Loss_bc2s: 8.327e-07 |  loss_ics_u: 5.031e-07 |  Loss_ut_ics: 6.171e-06 |  Time: 18.23
adaptive_constant_ics_val: 9.724e+07
adaptive_constant_bcs_val: 5.645e+07
It: 10800 |  Loss: 7.731e+03 |  Loss_res: 7.557e+03 |   Loss_bcs1: 6.202e-07 | Loss_bc2s: 2.922e-07 |  loss_ics_u: 4.051e-07 |  Loss_ut_ics: 2.262e-07 |  Time: 17.55
adaptive_constant_ics_val: 7.463e+08
adaptive_constant_bcs_val: 1.489e+08
It: 10900 |  Loss: 4.906e+03 |  Loss_res: 3.608e+03 |   Loss_bcs1: 2.347e-06 | Loss_bc2s: 6.414e-07 |  loss_ics_u: 2.108e-06 |  Loss_ut_ics: 2.621e-06 |  Time: 17.08
adaptive_constant_ics_val: 8.570e+07
adaptive_constant_bcs_val: 2.590e+07
It: 11000 |  Loss: 8.660e+03 |  Loss_res: 7.132e+03 |   Loss_bcs1: 6.003e-06 | Loss_bc2s: 9.121e-07 |  loss_ics_u: 3.703e-06 |  Loss_ut_ics: 2.108e-06 |  Time: 16.63
adaptive_constant_ics_val: 2.129e+08
adaptive_constant_bcs_val: 2.684e+07
It: 11100 |  Loss: 5.961e+03 |  Loss_res: 5.313e+03 |   Loss_bcs1: 1.155e-06 | Loss_bc2s: 1.024e-06 |  loss_ics_u: 1.497e-06 |  Loss_ut_ics: 1.247e-06 |  Time: 16.64
adaptive_constant_ics_val: 3.607e+08
adaptive_constant_bcs_val: 1.088e+08
It: 11200 |  Loss: 6.752e+03 |  Loss_res: 6.003e+03 |   Loss_bcs1: 6.779e-07 | Loss_bc2s: 2.469e-06 |  loss_ics_u: 8.279e-07 |  Loss_ut_ics: 1.435e-06 |  Time: 16.73
adaptive_constant_ics_val: 1.468e+08
adaptive_constant_bcs_val: 4.178e+07
It: 11300 |  Loss: 7.521e+03 |  Loss_res: 5.472e+03 |   Loss_bcs1: 7.819e-07 | Loss_bc2s: 1.236e-06 |  loss_ics_u: 8.807e-07 |  Loss_ut_ics: 6.563e-06 |  Time: 16.69
adaptive_constant_ics_val: 8.850e+07
adaptive_constant_bcs_val: 7.011e+07
It: 11400 |  Loss: 4.734e+03 |  Loss_res: 4.323e+03 |   Loss_bcs1: 7.719e-07 | Loss_bc2s: 2.052e-07 |  loss_ics_u: 4.766e-07 |  Loss_ut_ics: 1.151e-06 |  Time: 16.88
adaptive_constant_ics_val: 1.371e+08
adaptive_constant_bcs_val: 7.884e+07
It: 11500 |  Loss: 9.885e+03 |  Loss_res: 6.105e+03 |   Loss_bcs1: 9.071e-06 | Loss_bc2s: 7.597e-07 |  loss_ics_u: 6.252e-06 |  Loss_ut_ics: 1.025e-05 |  Time: 16.56
adaptive_constant_ics_val: 9.277e+07
adaptive_constant_bcs_val: 2.826e+07
It: 11600 |  Loss: 7.297e+03 |  Loss_res: 6.982e+03 |   Loss_bcs1: 6.510e-07 | Loss_bc2s: 4.476e-07 |  loss_ics_u: 1.122e-06 |  Loss_ut_ics: 6.593e-07 |  Time: 16.66
adaptive_constant_ics_val: 3.613e+08
adaptive_constant_bcs_val: 1.098e+08
It: 11700 |  Loss: 7.651e+03 |  Loss_res: 6.437e+03 |   Loss_bcs1: 8.711e-06 | Loss_bc2s: 5.326e-07 |  loss_ics_u: 4.119e-06 |  Loss_ut_ics: 7.762e-07 |  Time: 16.61
adaptive_constant_ics_val: 4.873e+08
adaptive_constant_bcs_val: 1.818e+07
It: 11800 |  Loss: 6.622e+03 |  Loss_res: 4.888e+03 |   Loss_bcs1: 1.584e-06 | Loss_bc2s: 1.128e-06 |  loss_ics_u: 1.443e-06 |  Loss_ut_ics: 5.365e-06 |  Time: 16.64
adaptive_constant_ics_val: 9.511e+07
adaptive_constant_bcs_val: 6.643e+07
It: 11900 |  Loss: 6.632e+03 |  Loss_res: 6.232e+03 |   Loss_bcs1: 9.586e-07 | Loss_bc2s: 5.120e-07 |  loss_ics_u: 7.193e-07 |  Loss_ut_ics: 9.792e-07 |  Time: 16.60
adaptive_constant_ics_val: 3.178e+08
adaptive_constant_bcs_val: 8.802e+07
It: 12000 |  Loss: 6.885e+03 |  Loss_res: 6.343e+03 |   Loss_bcs1: 4.427e-07 | Loss_bc2s: 4.099e-07 |  loss_ics_u: 2.939e-07 |  Loss_ut_ics: 1.779e-06 |  Time: 16.76
adaptive_constant_ics_val: 2.236e+08
adaptive_constant_bcs_val: 2.653e+08
It: 12100 |  Loss: 6.950e+03 |  Loss_res: 6.355e+03 |   Loss_bcs1: 6.358e-07 | Loss_bc2s: 5.086e-07 |  loss_ics_u: 9.882e-07 |  Loss_ut_ics: 1.572e-06 |  Time: 18.95
adaptive_constant_ics_val: 2.472e+08
adaptive_constant_bcs_val: 1.117e+08
It: 12200 |  Loss: 8.341e+03 |  Loss_res: 5.758e+03 |   Loss_bcs1: 6.456e-06 | Loss_bc2s: 8.793e-06 |  loss_ics_u: 6.945e-06 |  Loss_ut_ics: 2.001e-06 |  Time: 16.65
adaptive_constant_ics_val: 1.938e+08
adaptive_constant_bcs_val: 1.395e+07
It: 12300 |  Loss: 6.757e+03 |  Loss_res: 5.641e+03 |   Loss_bcs1: 2.438e-06 | Loss_bc2s: 1.041e-06 |  loss_ics_u: 4.833e-07 |  Loss_ut_ics: 3.137e-06 |  Time: 16.66
adaptive_constant_ics_val: 1.214e+08
adaptive_constant_bcs_val: 3.605e+07
It: 12400 |  Loss: 7.932e+03 |  Loss_res: 7.660e+03 |   Loss_bcs1: 8.095e-07 | Loss_bc2s: 4.039e-07 |  loss_ics_u: 4.382e-07 |  Loss_ut_ics: 5.917e-07 |  Time: 16.79
adaptive_constant_ics_val: 4.052e+08
adaptive_constant_bcs_val: 8.637e+07
It: 12500 |  Loss: 1.437e+04 |  Loss_res: 4.871e+03 |   Loss_bcs1: 6.408e-06 | Loss_bc2s: 1.023e-05 |  loss_ics_u: 8.695e-06 |  Loss_ut_ics: 2.953e-05 |  Time: 16.58
adaptive_constant_ics_val: 4.686e+07
adaptive_constant_bcs_val: 2.143e+07
It: 12600 |  Loss: 6.868e+03 |  Loss_res: 6.549e+03 |   Loss_bcs1: 1.119e-06 | Loss_bc2s: 4.815e-07 |  loss_ics_u: 8.608e-07 |  Loss_ut_ics: 5.772e-07 |  Time: 16.59
adaptive_constant_ics_val: 4.109e+08
adaptive_constant_bcs_val: 9.170e+07
It: 12700 |  Loss: 5.471e+03 |  Loss_res: 5.353e+03 |   Loss_bcs1: 5.543e-07 | Loss_bc2s: 2.258e-07 |  loss_ics_u: 2.603e-07 |  Loss_ut_ics: 1.543e-07 |  Time: 16.76
adaptive_constant_ics_val: 6.741e+08
adaptive_constant_bcs_val: 3.673e+08
It: 12800 |  Loss: 6.803e+03 |  Loss_res: 5.966e+03 |   Loss_bcs1: 8.162e-07 | Loss_bc2s: 6.369e-07 |  loss_ics_u: 4.272e-07 |  Loss_ut_ics: 2.186e-06 |  Time: 16.68
adaptive_constant_ics_val: 1.274e+08
adaptive_constant_bcs_val: 6.609e+07
It: 12900 |  Loss: 1.243e+04 |  Loss_res: 6.721e+03 |   Loss_bcs1: 5.278e-06 | Loss_bc2s: 9.645e-07 |  loss_ics_u: 7.552e-06 |  Loss_ut_ics: 1.563e-05 |  Time: 16.67
adaptive_constant_ics_val: 5.425e+07
adaptive_constant_bcs_val: 2.662e+07
It: 13000 |  Loss: 7.227e+03 |  Loss_res: 5.870e+03 |   Loss_bcs1: 8.734e-07 | Loss_bc2s: 7.144e-07 |  loss_ics_u: 3.291e-06 |  Loss_ut_ics: 3.537e-06 |  Time: 16.65
adaptive_constant_ics_val: 9.813e+07
adaptive_constant_bcs_val: 6.535e+07
It: 13100 |  Loss: 5.175e+03 |  Loss_res: 5.019e+03 |   Loss_bcs1: 4.405e-07 | Loss_bc2s: 6.669e-07 |  loss_ics_u: 2.393e-07 |  Loss_ut_ics: 1.359e-07 |  Time: 16.74
adaptive_constant_ics_val: 1.536e+09
adaptive_constant_bcs_val: 1.136e+08
It: 13200 |  Loss: 8.100e+03 |  Loss_res: 6.049e+03 |   Loss_bcs1: 2.465e-06 | Loss_bc2s: 3.758e-06 |  loss_ics_u: 4.415e-06 |  Loss_ut_ics: 2.868e-06 |  Time: 16.72
adaptive_constant_ics_val: 1.974e+08
adaptive_constant_bcs_val: 2.177e+07
It: 13300 |  Loss: 6.941e+03 |  Loss_res: 6.689e+03 |   Loss_bcs1: 7.722e-07 | Loss_bc2s: 5.056e-07 |  loss_ics_u: 8.777e-07 |  Loss_ut_ics: 1.889e-07 |  Time: 16.59
adaptive_constant_ics_val: 5.967e+08
adaptive_constant_bcs_val: 5.981e+07
It: 13400 |  Loss: 5.367e+03 |  Loss_res: 5.256e+03 |   Loss_bcs1: 4.813e-07 | Loss_bc2s: 2.131e-07 |  loss_ics_u: 2.683e-07 |  Loss_ut_ics: 8.239e-08 |  Time: 16.76
adaptive_constant_ics_val: 1.018e+09
adaptive_constant_bcs_val: 7.959e+08
It: 13500 |  Loss: 6.879e+03 |  Loss_res: 6.505e+03 |   Loss_bcs1: 1.153e-06 | Loss_bc2s: 2.472e-07 |  loss_ics_u: 6.888e-07 |  Loss_ut_ics: 1.125e-07 |  Time: 16.54
adaptive_constant_ics_val: 1.034e+09
adaptive_constant_bcs_val: 6.881e+07
It: 13600 |  Loss: 8.622e+03 |  Loss_res: 6.247e+03 |   Loss_bcs1: 3.256e-06 | Loss_bc2s: 2.489e-07 |  loss_ics_u: 3.534e-06 |  Loss_ut_ics: 2.694e-06 |  Time: 16.62
adaptive_constant_ics_val: 1.238e+08
adaptive_constant_bcs_val: 2.461e+07
It: 13700 |  Loss: 6.553e+03 |  Loss_res: 6.139e+03 |   Loss_bcs1: 5.836e-07 | Loss_bc2s: 3.195e-07 |  loss_ics_u: 9.866e-07 |  Loss_ut_ics: 3.480e-07 |  Time: 16.01
adaptive_constant_ics_val: 4.737e+08
adaptive_constant_bcs_val: 7.492e+07
It: 13800 |  Loss: 6.657e+03 |  Loss_res: 6.451e+03 |   Loss_bcs1: 4.926e-07 | Loss_bc2s: 1.387e-07 |  loss_ics_u: 2.515e-07 |  Loss_ut_ics: 2.001e-07 |  Time: 16.09
adaptive_constant_ics_val: 5.025e+08
adaptive_constant_bcs_val: 2.491e+08
It: 13900 |  Loss: 6.555e+03 |  Loss_res: 6.015e+03 |   Loss_bcs1: 1.307e-06 | Loss_bc2s: 1.635e-07 |  loss_ics_u: 1.951e-07 |  Loss_ut_ics: 6.559e-07 |  Time: 16.02
adaptive_constant_ics_val: 5.248e+08
adaptive_constant_bcs_val: 6.897e+07
It: 14000 |  Loss: 6.530e+03 |  Loss_res: 5.587e+03 |   Loss_bcs1: 4.208e-06 | Loss_bc2s: 1.172e-07 |  loss_ics_u: 2.065e-06 |  Loss_ut_ics: 1.924e-07 |  Time: 15.84
adaptive_constant_ics_val: 6.493e+08
adaptive_constant_bcs_val: 2.012e+07
It: 14100 |  Loss: 7.393e+03 |  Loss_res: 6.107e+03 |   Loss_bcs1: 9.101e-07 | Loss_bc2s: 1.666e-07 |  loss_ics_u: 3.429e-07 |  Loss_ut_ics: 2.271e-06 |  Time: 15.75
adaptive_constant_ics_val: 1.156e+08
adaptive_constant_bcs_val: 9.518e+07
It: 14200 |  Loss: 6.009e+03 |  Loss_res: 5.544e+03 |   Loss_bcs1: 6.389e-07 | Loss_bc2s: 6.502e-07 |  loss_ics_u: 3.525e-07 |  Loss_ut_ics: 5.944e-07 |  Time: 15.82
adaptive_constant_ics_val: 3.857e+08
adaptive_constant_bcs_val: 5.822e+07
It: 14300 |  Loss: 6.859e+03 |  Loss_res: 6.235e+03 |   Loss_bcs1: 5.776e-07 | Loss_bc2s: 5.085e-07 |  loss_ics_u: 2.542e-06 |  Loss_ut_ics: 4.801e-07 |  Time: 15.89
adaptive_constant_ics_val: 4.699e+08
adaptive_constant_bcs_val: 5.289e+07
It: 14400 |  Loss: 7.441e+03 |  Loss_res: 6.992e+03 |   Loss_bcs1: 5.551e-07 | Loss_bc2s: 8.297e-07 |  loss_ics_u: 6.962e-07 |  Loss_ut_ics: 5.042e-07 |  Time: 15.85
adaptive_constant_ics_val: 5.290e+08
adaptive_constant_bcs_val: 7.334e+07
It: 14500 |  Loss: 1.509e+04 |  Loss_res: 7.740e+03 |   Loss_bcs1: 2.057e-06 | Loss_bc2s: 6.720e-06 |  loss_ics_u: 3.868e-06 |  Loss_ut_ics: 1.323e-05 |  Time: 15.74
adaptive_constant_ics_val: 7.237e+07
adaptive_constant_bcs_val: 3.270e+07
It: 14600 |  Loss: 7.059e+03 |  Loss_res: 5.261e+03 |   Loss_bcs1: 1.056e-06 | Loss_bc2s: 9.049e-07 |  loss_ics_u: 1.885e-06 |  Loss_ut_ics: 3.413e-06 |  Time: 15.80
adaptive_constant_ics_val: 1.235e+08
adaptive_constant_bcs_val: 6.270e+07
It: 14700 |  Loss: 6.469e+03 |  Loss_res: 5.728e+03 |   Loss_bcs1: 6.387e-07 | Loss_bc2s: 2.086e-07 |  loss_ics_u: 3.975e-07 |  Loss_ut_ics: 1.608e-06 |  Time: 15.76
adaptive_constant_ics_val: 1.621e+08
adaptive_constant_bcs_val: 1.002e+08
It: 14800 |  Loss: 5.895e+03 |  Loss_res: 5.736e+03 |   Loss_bcs1: 3.644e-07 | Loss_bc2s: 1.047e-07 |  loss_ics_u: 2.681e-07 |  Loss_ut_ics: 2.463e-07 |  Time: 15.72
adaptive_constant_ics_val: 3.905e+08
adaptive_constant_bcs_val: 1.526e+08
It: 14900 |  Loss: 6.389e+03 |  Loss_res: 6.204e+03 |   Loss_bcs1: 3.405e-07 | Loss_bc2s: 1.528e-07 |  loss_ics_u: 2.677e-07 |  Loss_ut_ics: 2.956e-07 |  Time: 15.83
adaptive_constant_ics_val: 4.188e+08
adaptive_constant_bcs_val: 2.378e+08
It: 15000 |  Loss: 5.297e+03 |  Loss_res: 5.188e+03 |   Loss_bcs1: 2.916e-07 | Loss_bc2s: 1.107e-07 |  loss_ics_u: 2.466e-07 |  Loss_ut_ics: 9.342e-08 |  Time: 15.78
adaptive_constant_ics_val: 1.021e+09
adaptive_constant_bcs_val: 1.778e+08
It: 15100 |  Loss: 8.419e+03 |  Loss_res: 5.893e+03 |   Loss_bcs1: 5.222e-06 | Loss_bc2s: 1.109e-06 |  loss_ics_u: 2.274e-06 |  Loss_ut_ics: 3.407e-06 |  Time: 15.80
adaptive_constant_ics_val: 1.168e+08
adaptive_constant_bcs_val: 2.665e+07
It: 15200 |  Loss: 1.550e+04 |  Loss_res: 5.669e+03 |   Loss_bcs1: 8.189e-06 | Loss_bc2s: 1.428e-06 |  loss_ics_u: 6.253e-06 |  Loss_ut_ics: 1.989e-05 |  Time: 15.77
adaptive_constant_ics_val: 3.846e+07
adaptive_constant_bcs_val: 1.820e+07
It: 15300 |  Loss: 6.532e+03 |  Loss_res: 6.041e+03 |   Loss_bcs1: 2.522e-07 | Loss_bc2s: 1.548e-07 |  loss_ics_u: 2.953e-07 |  Loss_ut_ics: 1.138e-06 |  Time: 15.88
adaptive_constant_ics_val: 1.879e+08
adaptive_constant_bcs_val: 1.329e+08
It: 15400 |  Loss: 6.403e+03 |  Loss_res: 5.919e+03 |   Loss_bcs1: 1.477e-06 | Loss_bc2s: 1.543e-07 |  loss_ics_u: 4.659e-07 |  Loss_ut_ics: 7.534e-07 |  Time: 15.74
adaptive_constant_ics_val: 3.126e+08
adaptive_constant_bcs_val: 5.460e+07
It: 15500 |  Loss: 4.351e+03 |  Loss_res: 4.058e+03 |   Loss_bcs1: 3.646e-07 | Loss_bc2s: 2.097e-07 |  loss_ics_u: 3.071e-07 |  Loss_ut_ics: 5.904e-07 |  Time: 15.74
adaptive_constant_ics_val: 2.339e+08
adaptive_constant_bcs_val: 1.621e+08
It: 15600 |  Loss: 3.985e+03 |  Loss_res: 3.881e+03 |   Loss_bcs1: 3.465e-07 | Loss_bc2s: 8.923e-08 |  loss_ics_u: 3.007e-07 |  Loss_ut_ics: 7.820e-08 |  Time: 15.77
adaptive_constant_ics_val: 9.542e+08
adaptive_constant_bcs_val: 1.514e+08
It: 15700 |  Loss: 5.859e+03 |  Loss_res: 5.254e+03 |   Loss_bcs1: 2.587e-06 | Loss_bc2s: 2.090e-07 |  loss_ics_u: 1.206e-06 |  Loss_ut_ics: 4.087e-07 |  Time: 15.85
adaptive_constant_ics_val: 2.844e+08
adaptive_constant_bcs_val: 2.755e+07
It: 15800 |  Loss: 5.372e+03 |  Loss_res: 5.059e+03 |   Loss_bcs1: 4.354e-07 | Loss_bc2s: 5.261e-07 |  loss_ics_u: 3.078e-07 |  Loss_ut_ics: 4.743e-07 |  Time: 15.74
adaptive_constant_ics_val: 3.659e+08
adaptive_constant_bcs_val: 1.930e+08
It: 15900 |  Loss: 2.688e+04 |  Loss_res: 5.806e+03 |   Loss_bcs1: 1.340e-05 | Loss_bc2s: 4.947e-06 |  loss_ics_u: 7.070e-06 |  Loss_ut_ics: 4.748e-05 |  Time: 15.70
adaptive_constant_ics_val: 2.432e+07
adaptive_constant_bcs_val: 1.083e+07
It: 16000 |  Loss: 5.897e+03 |  Loss_res: 5.686e+03 |   Loss_bcs1: 4.408e-07 | Loss_bc2s: 1.549e-07 |  loss_ics_u: 1.784e-07 |  Loss_ut_ics: 3.807e-07 |  Time: 15.79
adaptive_constant_ics_val: 5.170e+08
adaptive_constant_bcs_val: 2.668e+08
It: 16100 |  Loss: 7.653e+03 |  Loss_res: 7.503e+03 |   Loss_bcs1: 2.882e-07 | Loss_bc2s: 2.196e-07 |  loss_ics_u: 3.796e-07 |  Loss_ut_ics: 1.254e-07 |  Time: 15.81
adaptive_constant_ics_val: 7.559e+08
adaptive_constant_bcs_val: 1.422e+08
It: 16200 |  Loss: 7.677e+03 |  Loss_res: 7.520e+03 |   Loss_bcs1: 3.189e-07 | Loss_bc2s: 6.552e-08 |  loss_ics_u: 1.370e-07 |  Loss_ut_ics: 2.335e-07 |  Time: 15.77
adaptive_constant_ics_val: 5.420e+08
adaptive_constant_bcs_val: 3.796e+08
It: 16300 |  Loss: 1.343e+04 |  Loss_res: 5.940e+03 |   Loss_bcs1: 3.037e-06 | Loss_bc2s: 4.434e-07 |  loss_ics_u: 4.121e-06 |  Loss_ut_ics: 1.526e-05 |  Time: 15.85
adaptive_constant_ics_val: 5.403e+07
adaptive_constant_bcs_val: 4.838e+07
It: 16400 |  Loss: 6.611e+03 |  Loss_res: 5.646e+03 |   Loss_bcs1: 9.734e-07 | Loss_bc2s: 5.996e-07 |  loss_ics_u: 6.344e-07 |  Loss_ut_ics: 1.739e-06 |  Time: 15.73
adaptive_constant_ics_val: 2.006e+08
adaptive_constant_bcs_val: 5.202e+07
It: 16500 |  Loss: 5.671e+03 |  Loss_res: 4.838e+03 |   Loss_bcs1: 7.200e-07 | Loss_bc2s: 1.421e-06 |  loss_ics_u: 9.758e-07 |  Loss_ut_ics: 1.195e-06 |  Time: 15.80
adaptive_constant_ics_val: 2.498e+08
adaptive_constant_bcs_val: 5.919e+07
It: 16600 |  Loss: 7.115e+03 |  Loss_res: 5.604e+03 |   Loss_bcs1: 2.523e-06 | Loss_bc2s: 2.680e-07 |  loss_ics_u: 1.948e-06 |  Loss_ut_ics: 2.663e-06 |  Time: 15.77
adaptive_constant_ics_val: 1.138e+08
adaptive_constant_bcs_val: 2.857e+07
It: 16700 |  Loss: 5.598e+03 |  Loss_res: 5.253e+03 |   Loss_bcs1: 2.799e-07 | Loss_bc2s: 2.481e-07 |  loss_ics_u: 1.842e-07 |  Loss_ut_ics: 8.080e-07 |  Time: 15.77
adaptive_constant_ics_val: 1.795e+08
adaptive_constant_bcs_val: 1.275e+08
It: 16800 |  Loss: 6.161e+03 |  Loss_res: 5.991e+03 |   Loss_bcs1: 3.331e-07 | Loss_bc2s: 9.765e-08 |  loss_ics_u: 4.228e-07 |  Loss_ut_ics: 2.325e-07 |  Time: 15.77
adaptive_constant_ics_val: 5.054e+08
adaptive_constant_bcs_val: 1.230e+08
It: 16900 |  Loss: 5.328e+03 |  Loss_res: 4.874e+03 |   Loss_bcs1: 4.620e-07 | Loss_bc2s: 1.640e-07 |  loss_ics_u: 2.815e-07 |  Loss_ut_ics: 1.055e-06 |  Time: 15.80
adaptive_constant_ics_val: 1.771e+08
adaptive_constant_bcs_val: 1.098e+08
It: 17000 |  Loss: 6.613e+03 |  Loss_res: 5.918e+03 |   Loss_bcs1: 1.555e-06 | Loss_bc2s: 8.488e-07 |  loss_ics_u: 1.109e-06 |  Loss_ut_ics: 9.300e-07 |  Time: 15.77
adaptive_constant_ics_val: 2.345e+08
adaptive_constant_bcs_val: 3.707e+07
It: 17100 |  Loss: 7.782e+03 |  Loss_res: 6.288e+03 |   Loss_bcs1: 6.828e-07 | Loss_bc2s: 1.081e-06 |  loss_ics_u: 7.969e-07 |  Loss_ut_ics: 3.959e-06 |  Time: 15.78
adaptive_constant_ics_val: 1.547e+08
adaptive_constant_bcs_val: 1.845e+08
It: 17200 |  Loss: 5.956e+03 |  Loss_res: 5.818e+03 |   Loss_bcs1: 4.341e-07 | Loss_bc2s: 9.175e-08 |  loss_ics_u: 2.995e-07 |  Loss_ut_ics: 1.480e-07 |  Time: 15.88
adaptive_constant_ics_val: 6.713e+08
adaptive_constant_bcs_val: 1.471e+08
It: 17300 |  Loss: 5.063e+03 |  Loss_res: 4.520e+03 |   Loss_bcs1: 4.503e-07 | Loss_bc2s: 1.099e-07 |  loss_ics_u: 8.390e-07 |  Loss_ut_ics: 1.142e-06 |  Time: 15.84
adaptive_constant_ics_val: 1.445e+08
adaptive_constant_bcs_val: 6.752e+07
It: 17400 |  Loss: 7.182e+03 |  Loss_res: 6.814e+03 |   Loss_bcs1: 2.005e-07 | Loss_bc2s: 4.079e-07 |  loss_ics_u: 2.000e-07 |  Loss_ut_ics: 8.871e-07 |  Time: 15.83
adaptive_constant_ics_val: 3.657e+08
adaptive_constant_bcs_val: 1.708e+08
It: 17500 |  Loss: 5.812e+03 |  Loss_res: 5.684e+03 |   Loss_bcs1: 2.557e-07 | Loss_bc2s: 1.324e-07 |  loss_ics_u: 1.789e-07 |  Loss_ut_ics: 1.940e-07 |  Time: 15.68
adaptive_constant_ics_val: 4.698e+08
adaptive_constant_bcs_val: 2.497e+08
It: 17600 |  Loss: 6.426e+03 |  Loss_res: 6.205e+03 |   Loss_bcs1: 6.228e-07 | Loss_bc2s: 1.782e-07 |  loss_ics_u: 3.502e-07 |  Loss_ut_ics: 2.121e-07 |  Time: 15.72
adaptive_constant_ics_val: 5.126e+08
adaptive_constant_bcs_val: 7.178e+07
It: 17700 |  Loss: 1.431e+04 |  Loss_res: 6.881e+03 |   Loss_bcs1: 7.101e-06 | Loss_bc2s: 1.193e-06 |  loss_ics_u: 7.221e-06 |  Loss_ut_ics: 1.562e-05 |  Time: 15.90
adaptive_constant_ics_val: 7.031e+07
adaptive_constant_bcs_val: 5.193e+07
It: 17800 |  Loss: 5.021e+03 |  Loss_res: 4.805e+03 |   Loss_bcs1: 2.370e-07 | Loss_bc2s: 2.496e-07 |  loss_ics_u: 1.805e-07 |  Loss_ut_ics: 4.246e-07 |  Time: 15.76
adaptive_constant_ics_val: 2.052e+08
adaptive_constant_bcs_val: 8.674e+07
It: 17900 |  Loss: 5.859e+03 |  Loss_res: 5.747e+03 |   Loss_bcs1: 1.703e-07 | Loss_bc2s: 1.271e-07 |  loss_ics_u: 2.359e-07 |  Loss_ut_ics: 1.652e-07 |  Time: 15.82
adaptive_constant_ics_val: 1.100e+09
adaptive_constant_bcs_val: 2.962e+08
It: 18000 |  Loss: 5.594e+04 |  Loss_res: 6.743e+03 |   Loss_bcs1: 1.378e-05 | Loss_bc2s: 4.809e-06 |  loss_ics_u: 3.563e-05 |  Loss_ut_ics: 1.076e-04 |  Time: 15.71
adaptive_constant_ics_val: 2.478e+07
adaptive_constant_bcs_val: 1.510e+07
It: 18100 |  Loss: 6.573e+03 |  Loss_res: 6.466e+03 |   Loss_bcs1: 3.142e-07 | Loss_bc2s: 2.291e-07 |  loss_ics_u: 1.526e-07 |  Loss_ut_ics: 6.205e-08 |  Time: 15.80
adaptive_constant_ics_val: 1.653e+09
adaptive_constant_bcs_val: 2.010e+08
It: 18200 |  Loss: 5.330e+03 |  Loss_res: 5.232e+03 |   Loss_bcs1: 2.921e-07 | Loss_bc2s: 1.199e-07 |  loss_ics_u: 1.043e-07 |  Loss_ut_ics: 6.439e-08 |  Time: 15.88
adaptive_constant_ics_val: 1.218e+09
adaptive_constant_bcs_val: 4.999e+08
It: 18300 |  Loss: 5.095e+03 |  Loss_res: 4.919e+03 |   Loss_bcs1: 4.829e-07 | Loss_bc2s: 1.275e-07 |  loss_ics_u: 1.783e-07 |  Loss_ut_ics: 8.147e-08 |  Time: 15.89
adaptive_constant_ics_val: 9.474e+08
adaptive_constant_bcs_val: 6.539e+07
It: 18400 |  Loss: 1.007e+04 |  Loss_res: 5.208e+03 |   Loss_bcs1: 2.367e-06 | Loss_bc2s: 2.544e-06 |  loss_ics_u: 3.737e-06 |  Loss_ut_ics: 5.892e-06 |  Time: 15.70
adaptive_constant_ics_val: 8.973e+07
adaptive_constant_bcs_val: 2.200e+07
It: 18500 |  Loss: 7.073e+03 |  Loss_res: 6.816e+03 |   Loss_bcs1: 2.068e-07 | Loss_bc2s: 1.704e-07 |  loss_ics_u: 2.092e-07 |  Loss_ut_ics: 3.164e-07 |  Time: 15.92
adaptive_constant_ics_val: 6.128e+08
adaptive_constant_bcs_val: 3.093e+08
It: 18600 |  Loss: 7.341e+03 |  Loss_res: 7.189e+03 |   Loss_bcs1: 1.729e-07 | Loss_bc2s: 9.590e-08 |  loss_ics_u: 1.564e-07 |  Loss_ut_ics: 1.527e-07 |  Time: 15.80
adaptive_constant_ics_val: 9.244e+08
adaptive_constant_bcs_val: 5.838e+08
It: 18700 |  Loss: 5.480e+03 |  Loss_res: 5.250e+03 |   Loss_bcs1: 3.178e-07 | Loss_bc2s: 1.121e-07 |  loss_ics_u: 1.498e-07 |  Loss_ut_ics: 1.923e-07 |  Time: 15.89
adaptive_constant_ics_val: 5.412e+08
adaptive_constant_bcs_val: 1.203e+08
It: 18800 |  Loss: 6.323e+03 |  Loss_res: 6.174e+03 |   Loss_bcs1: 2.698e-07 | Loss_bc2s: 1.245e-07 |  loss_ics_u: 1.041e-07 |  Loss_ut_ics: 9.069e-08 |  Time: 15.88
adaptive_constant_ics_val: 7.379e+08
adaptive_constant_bcs_val: 2.181e+08
It: 18900 |  Loss: 7.233e+03 |  Loss_res: 4.363e+03 |   Loss_bcs1: 9.266e-07 | Loss_bc2s: 1.519e-06 |  loss_ics_u: 1.039e-06 |  Loss_ut_ics: 3.647e-06 |  Time: 15.87
adaptive_constant_ics_val: 6.891e+07
adaptive_constant_bcs_val: 4.460e+07
It: 19000 |  Loss: 6.933e+03 |  Loss_res: 6.278e+03 |   Loss_bcs1: 3.047e-07 | Loss_bc2s: 1.547e-07 |  loss_ics_u: 2.176e-07 |  Loss_ut_ics: 9.734e-07 |  Time: 15.95
adaptive_constant_ics_val: 1.866e+08
adaptive_constant_bcs_val: 2.556e+08
It: 19100 |  Loss: 6.951e+03 |  Loss_res: 6.695e+03 |   Loss_bcs1: 1.580e-07 | Loss_bc2s: 7.838e-08 |  loss_ics_u: 1.426e-07 |  Loss_ut_ics: 3.606e-07 |  Time: 15.80
adaptive_constant_ics_val: 3.691e+08
adaptive_constant_bcs_val: 2.886e+08
It: 19200 |  Loss: 6.476e+03 |  Loss_res: 6.367e+03 |   Loss_bcs1: 2.070e-07 | Loss_bc2s: 9.328e-08 |  loss_ics_u: 1.289e-07 |  Loss_ut_ics: 4.880e-08 |  Time: 15.88
adaptive_constant_ics_val: 1.618e+09
adaptive_constant_bcs_val: 1.878e+08
It: 19300 |  Loss: 1.007e+04 |  Loss_res: 4.864e+03 |   Loss_bcs1: 4.223e-06 | Loss_bc2s: 7.430e-07 |  loss_ics_u: 5.951e-06 |  Loss_ut_ics: 5.006e-06 |  Time: 15.89
adaptive_constant_ics_val: 1.629e+08
adaptive_constant_bcs_val: 3.449e+07
It: 19400 |  Loss: 6.687e+03 |  Loss_res: 5.607e+03 |   Loss_bcs1: 1.580e-07 | Loss_bc2s: 1.074e-07 |  loss_ics_u: 3.237e-07 |  Loss_ut_ics: 1.724e-06 |  Time: 15.88
adaptive_constant_ics_val: 1.290e+08
adaptive_constant_bcs_val: 2.039e+08
It: 19500 |  Loss: 5.799e+03 |  Loss_res: 5.632e+03 |   Loss_bcs1: 1.388e-07 | Loss_bc2s: 7.259e-08 |  loss_ics_u: 1.241e-07 |  Loss_ut_ics: 2.033e-07 |  Time: 15.82
adaptive_constant_ics_val: 4.752e+08
adaptive_constant_bcs_val: 7.932e+08
It: 19600 |  Loss: 7.430e+03 |  Loss_res: 5.147e+03 |   Loss_bcs1: 2.231e-07 | Loss_bc2s: 1.335e-06 |  loss_ics_u: 1.234e-06 |  Loss_ut_ics: 3.101e-06 |  Time: 15.94
adaptive_constant_ics_val: 1.033e+08
adaptive_constant_bcs_val: 5.478e+07
It: 19700 |  Loss: 5.195e+03 |  Loss_res: 5.085e+03 |   Loss_bcs1: 2.251e-07 | Loss_bc2s: 6.257e-08 |  loss_ics_u: 1.187e-07 |  Loss_ut_ics: 3.913e-08 |  Time: 15.93
adaptive_constant_ics_val: 1.389e+09
adaptive_constant_bcs_val: 1.145e+08
It: 19800 |  Loss: 8.595e+03 |  Loss_res: 4.194e+03 |   Loss_bcs1: 3.204e-06 | Loss_bc2s: 1.493e-06 |  loss_ics_u: 1.898e-06 |  Loss_ut_ics: 5.276e-06 |  Time: 15.77
adaptive_constant_ics_val: 1.472e+08
adaptive_constant_bcs_val: 2.848e+07
It: 19900 |  Loss: 9.849e+03 |  Loss_res: 4.328e+03 |   Loss_bcs1: 7.570e-06 | Loss_bc2s: 1.934e-06 |  loss_ics_u: 6.233e-06 |  Loss_ut_ics: 4.654e-06 |  Time: 15.81
adaptive_constant_ics_val: 8.694e+07
adaptive_constant_bcs_val: 1.258e+07
It: 20000 |  Loss: 5.171e+03 |  Loss_res: 5.063e+03 |   Loss_bcs1: 1.640e-07 | Loss_bc2s: 9.547e-08 |  loss_ics_u: 7.989e-08 |  Loss_ut_ics: 9.865e-08 |  Time: 15.79
adaptive_constant_ics_val: 5.442e+08
adaptive_constant_bcs_val: 2.111e+08
It: 20100 |  Loss: 7.014e+03 |  Loss_res: 6.912e+03 |   Loss_bcs1: 1.164e-07 | Loss_bc2s: 7.080e-08 |  loss_ics_u: 9.160e-08 |  Loss_ut_ics: 1.051e-07 |  Time: 15.81
adaptive_constant_ics_val: 8.100e+08
adaptive_constant_bcs_val: 5.698e+08
It: 20200 |  Loss: 5.604e+03 |  Loss_res: 5.465e+03 |   Loss_bcs1: 2.485e-07 | Loss_bc2s: 1.316e-07 |  loss_ics_u: 8.139e-08 |  Loss_ut_ics: 7.299e-08 |  Time: 15.89
adaptive_constant_ics_val: 7.469e+08
adaptive_constant_bcs_val: 1.151e+08
It: 20300 |  Loss: 6.191e+03 |  Loss_res: 5.996e+03 |   Loss_bcs1: 2.004e-07 | Loss_bc2s: 8.316e-08 |  loss_ics_u: 1.647e-07 |  Loss_ut_ics: 1.870e-07 |  Time: 15.92
adaptive_constant_ics_val: 5.543e+08
adaptive_constant_bcs_val: 1.291e+08
It: 20400 |  Loss: 6.291e+03 |  Loss_res: 6.074e+03 |   Loss_bcs1: 3.529e-07 | Loss_bc2s: 8.959e-08 |  loss_ics_u: 3.315e-07 |  Loss_ut_ics: 1.137e-07 |  Time: 15.90
adaptive_constant_ics_val: 9.643e+08
adaptive_constant_bcs_val: 1.104e+08
It: 20500 |  Loss: 5.756e+03 |  Loss_res: 4.615e+03 |   Loss_bcs1: 7.144e-07 | Loss_bc2s: 1.398e-06 |  loss_ics_u: 2.943e-07 |  Loss_ut_ics: 1.160e-06 |  Time: 15.92
adaptive_constant_ics_val: 2.224e+08
adaptive_constant_bcs_val: 5.165e+07
It: 20600 |  Loss: 4.844e+03 |  Loss_res: 4.589e+03 |   Loss_bcs1: 1.892e-07 | Loss_bc2s: 1.014e-07 |  loss_ics_u: 3.064e-07 |  Loss_ut_ics: 2.719e-07 |  Time: 15.86
adaptive_constant_ics_val: 2.314e+08
adaptive_constant_bcs_val: 7.941e+07
It: 20700 |  Loss: 4.854e+03 |  Loss_res: 4.781e+03 |   Loss_bcs1: 1.153e-07 | Loss_bc2s: 7.547e-08 |  loss_ics_u: 1.048e-07 |  Loss_ut_ics: 4.607e-08 |  Time: 15.87
adaptive_constant_ics_val: 8.753e+08
adaptive_constant_bcs_val: 2.055e+08
It: 20800 |  Loss: 4.609e+03 |  Loss_res: 4.410e+03 |   Loss_bcs1: 2.788e-07 | Loss_bc2s: 1.232e-07 |  loss_ics_u: 1.955e-07 |  Loss_ut_ics: 1.740e-07 |  Time: 15.94
adaptive_constant_ics_val: 4.653e+08
adaptive_constant_bcs_val: 1.488e+08
It: 20900 |  Loss: 2.064e+04 |  Loss_res: 5.549e+03 |   Loss_bcs1: 4.148e-06 | Loss_bc2s: 2.988e-07 |  loss_ics_u: 3.475e-06 |  Loss_ut_ics: 2.526e-05 |  Time: 15.77
adaptive_constant_ics_val: 3.934e+07
adaptive_constant_bcs_val: 2.607e+07
It: 21000 |  Loss: 5.709e+03 |  Loss_res: 5.155e+03 |   Loss_bcs1: 1.815e-07 | Loss_bc2s: 1.288e-07 |  loss_ics_u: 2.902e-07 |  Loss_ut_ics: 9.329e-07 |  Time: 15.85
adaptive_constant_ics_val: 1.559e+08
adaptive_constant_bcs_val: 1.284e+08
It: 21100 |  Loss: 5.007e+03 |  Loss_res: 4.911e+03 |   Loss_bcs1: 2.600e-07 | Loss_bc2s: 8.203e-08 |  loss_ics_u: 1.200e-07 |  Loss_ut_ics: 5.706e-08 |  Time: 15.90
adaptive_constant_ics_val: 2.729e+09
adaptive_constant_bcs_val: 1.900e+08
It: 21200 |  Loss: 5.686e+03 |  Loss_res: 4.670e+03 |   Loss_bcs1: 5.352e-07 | Loss_bc2s: 2.482e-07 |  loss_ics_u: 9.590e-07 |  Loss_ut_ics: 1.084e-06 |  Time: 15.86
adaptive_constant_ics_val: 2.788e+08
adaptive_constant_bcs_val: 1.053e+08
It: 21300 |  Loss: 5.796e+03 |  Loss_res: 5.710e+03 |   Loss_bcs1: 2.401e-07 | Loss_bc2s: 9.980e-08 |  loss_ics_u: 1.327e-07 |  Loss_ut_ics: 2.260e-08 |  Time: 15.96
adaptive_constant_ics_val: 2.814e+09
adaptive_constant_bcs_val: 1.334e+08
It: 21400 |  Loss: 6.572e+03 |  Loss_res: 6.409e+03 |   Loss_bcs1: 1.280e-07 | Loss_bc2s: 6.437e-08 |  loss_ics_u: 1.464e-07 |  Loss_ut_ics: 1.299e-07 |  Time: 15.85
adaptive_constant_ics_val: 5.739e+08
adaptive_constant_bcs_val: 4.129e+08
It: 21500 |  Loss: 5.813e+03 |  Loss_res: 5.667e+03 |   Loss_bcs1: 2.267e-07 | Loss_bc2s: 7.594e-08 |  loss_ics_u: 4.539e-08 |  Loss_ut_ics: 1.015e-07 |  Time: 15.84
adaptive_constant_ics_val: 4.651e+08
adaptive_constant_bcs_val: 4.714e+08
It: 21600 |  Loss: 5.129e+03 |  Loss_res: 4.942e+03 |   Loss_bcs1: 1.452e-07 | Loss_bc2s: 1.081e-07 |  loss_ics_u: 7.602e-08 |  Loss_ut_ics: 1.505e-07 |  Time: 15.91
adaptive_constant_ics_val: 3.998e+08
adaptive_constant_bcs_val: 2.155e+08
It: 21700 |  Loss: 5.350e+03 |  Loss_res: 5.161e+03 |   Loss_bcs1: 1.175e-07 | Loss_bc2s: 1.506e-07 |  loss_ics_u: 1.031e-07 |  Loss_ut_ics: 1.483e-07 |  Time: 15.90
adaptive_constant_ics_val: 3.764e+08
adaptive_constant_bcs_val: 1.353e+08
It: 21800 |  Loss: 6.608e+03 |  Loss_res: 6.457e+03 |   Loss_bcs1: 2.077e-07 | Loss_bc2s: 1.130e-07 |  loss_ics_u: 2.194e-07 |  Loss_ut_ics: 6.029e-08 |  Time: 16.01
adaptive_constant_ics_val: 1.345e+09
adaptive_constant_bcs_val: 1.478e+08
It: 21900 |  Loss: 5.397e+03 |  Loss_res: 5.281e+03 |   Loss_bcs1: 1.209e-07 | Loss_bc2s: 8.805e-08 |  loss_ics_u: 8.139e-08 |  Loss_ut_ics: 7.568e-08 |  Time: 15.96
adaptive_constant_ics_val: 4.665e+08
adaptive_constant_bcs_val: 4.138e+08
It: 22000 |  Loss: 4.711e+03 |  Loss_res: 4.561e+03 |   Loss_bcs1: 8.872e-08 | Loss_bc2s: 9.751e-08 |  loss_ics_u: 8.157e-08 |  Loss_ut_ics: 1.237e-07 |  Time: 15.99
adaptive_constant_ics_val: 4.367e+08
adaptive_constant_bcs_val: 2.164e+08
It: 22100 |  Loss: 4.202e+03 |  Loss_res: 3.981e+03 |   Loss_bcs1: 5.587e-07 | Loss_bc2s: 6.811e-08 |  loss_ics_u: 1.084e-07 |  Loss_ut_ics: 8.581e-08 |  Time: 15.81
adaptive_constant_ics_val: 6.650e+08
adaptive_constant_bcs_val: 6.408e+07
It: 22200 |  Loss: 5.908e+03 |  Loss_res: 5.744e+03 |   Loss_bcs1: 1.156e-07 | Loss_bc2s: 6.119e-08 |  loss_ics_u: 1.614e-07 |  Loss_ut_ics: 1.338e-07 |  Time: 15.96
adaptive_constant_ics_val: 6.893e+08
adaptive_constant_bcs_val: 1.768e+08
It: 22300 |  Loss: 5.247e+03 |  Loss_res: 5.141e+03 |   Loss_bcs1: 1.604e-07 | Loss_bc2s: 6.909e-08 |  loss_ics_u: 8.018e-08 |  Loss_ut_ics: 6.248e-08 |  Time: 16.15
adaptive_constant_ics_val: 8.839e+08
adaptive_constant_bcs_val: 2.612e+08
It: 22400 |  Loss: 5.859e+03 |  Loss_res: 5.666e+03 |   Loss_bcs1: 1.474e-07 | Loss_bc2s: 8.461e-08 |  loss_ics_u: 1.483e-07 |  Loss_ut_ics: 1.582e-07 |  Time: 16.01
adaptive_constant_ics_val: 4.507e+08
adaptive_constant_bcs_val: 1.334e+08
It: 22500 |  Loss: 6.456e+03 |  Loss_res: 4.457e+03 |   Loss_bcs1: 2.253e-07 | Loss_bc2s: 1.759e-07 |  loss_ics_u: 5.784e-07 |  Loss_ut_ics: 2.577e-06 |  Time: 15.90
adaptive_constant_ics_val: 1.328e+08
adaptive_constant_bcs_val: 1.686e+08
It: 22600 |  Loss: 6.084e+03 |  Loss_res: 5.786e+03 |   Loss_bcs1: 1.199e-07 | Loss_bc2s: 1.207e-07 |  loss_ics_u: 1.554e-07 |  Loss_ut_ics: 3.428e-07 |  Time: 15.82
adaptive_constant_ics_val: 2.649e+08
adaptive_constant_bcs_val: 2.119e+08
It: 22700 |  Loss: 5.027e+03 |  Loss_res: 4.966e+03 |   Loss_bcs1: 1.167e-07 | Loss_bc2s: 5.617e-08 |  loss_ics_u: 7.225e-08 |  Loss_ut_ics: 2.140e-08 |  Time: 15.92
adaptive_constant_ics_val: 2.285e+09
adaptive_constant_bcs_val: 2.551e+08
It: 22800 |  Loss: 8.761e+03 |  Loss_res: 6.290e+03 |   Loss_bcs1: 1.124e-07 | Loss_bc2s: 1.398e-07 |  loss_ics_u: 1.173e-06 |  Loss_ut_ics: 2.821e-06 |  Time: 15.86
adaptive_constant_ics_val: 2.161e+08
adaptive_constant_bcs_val: 1.697e+08
It: 22900 |  Loss: 7.112e+03 |  Loss_res: 6.940e+03 |   Loss_bcs1: 2.452e-07 | Loss_bc2s: 1.927e-07 |  loss_ics_u: 1.713e-07 |  Loss_ut_ics: 7.183e-08 |  Time: 15.97
adaptive_constant_ics_val: 8.659e+08
adaptive_constant_bcs_val: 1.036e+08
It: 23000 |  Loss: 4.592e+03 |  Loss_res: 3.926e+03 |   Loss_bcs1: 3.885e-07 | Loss_bc2s: 1.215e-07 |  loss_ics_u: 3.672e-07 |  Loss_ut_ics: 6.815e-07 |  Time: 15.92
adaptive_constant_ics_val: 1.647e+08
adaptive_constant_bcs_val: 7.695e+07
It: 23100 |  Loss: 6.806e+03 |  Loss_res: 6.724e+03 |   Loss_bcs1: 9.902e-08 | Loss_bc2s: 5.902e-08 |  loss_ics_u: 7.991e-08 |  Loss_ut_ics: 5.834e-08 |  Time: 16.08
adaptive_constant_ics_val: 1.039e+09
adaptive_constant_bcs_val: 5.567e+08
It: 23200 |  Loss: 5.550e+03 |  Loss_res: 5.370e+03 |   Loss_bcs1: 1.195e-07 | Loss_bc2s: 1.785e-07 |  loss_ics_u: 6.137e-08 |  Loss_ut_ics: 1.431e-07 |  Time: 15.82
adaptive_constant_ics_val: 4.422e+08
adaptive_constant_bcs_val: 1.287e+08
It: 23300 |  Loss: 4.253e+03 |  Loss_res: 3.888e+03 |   Loss_bcs1: 4.628e-07 | Loss_bc2s: 2.324e-07 |  loss_ics_u: 2.909e-07 |  Loss_ut_ics: 2.334e-07 |  Time: 15.90
adaptive_constant_ics_val: 4.849e+08
adaptive_constant_bcs_val: 5.369e+07
It: 23400 |  Loss: 6.069e+03 |  Loss_res: 6.022e+03 |   Loss_bcs1: 6.306e-08 | Loss_bc2s: 5.312e-08 |  loss_ics_u: 5.490e-08 |  Loss_ut_ics: 2.031e-08 |  Time: 16.01
adaptive_constant_ics_val: 3.399e+09
adaptive_constant_bcs_val: 5.170e+08
It: 23500 |  Loss: 1.387e+04 |  Loss_res: 7.418e+03 |   Loss_bcs1: 5.679e-07 | Loss_bc2s: 5.489e-07 |  loss_ics_u: 4.827e-07 |  Loss_ut_ics: 6.488e-06 |  Time: 15.88
adaptive_constant_ics_val: 6.959e+07
adaptive_constant_bcs_val: 7.386e+07
It: 23600 |  Loss: 6.760e+03 |  Loss_res: 6.693e+03 |   Loss_bcs1: 8.052e-08 | Loss_bc2s: 6.645e-08 |  loss_ics_u: 7.790e-08 |  Loss_ut_ics: 2.417e-08 |  Time: 15.86
adaptive_constant_ics_val: 4.879e+09
adaptive_constant_bcs_val: 6.314e+08
It: 23700 |  Loss: 1.064e+04 |  Loss_res: 3.869e+03 |   Loss_bcs1: 2.991e-07 | Loss_bc2s: 1.223e-07 |  loss_ics_u: 2.091e-07 |  Loss_ut_ics: 5.273e-06 |  Time: 15.86
adaptive_constant_ics_val: 7.060e+07
adaptive_constant_bcs_val: 1.740e+08
It: 23800 |  Loss: 5.771e+03 |  Loss_res: 5.192e+03 |   Loss_bcs1: 9.950e-08 | Loss_bc2s: 7.827e-08 |  loss_ics_u: 9.766e-08 |  Loss_ut_ics: 4.509e-07 |  Time: 15.87
adaptive_constant_ics_val: 3.033e+08
adaptive_constant_bcs_val: 2.340e+08
It: 23900 |  Loss: 4.103e+03 |  Loss_res: 3.987e+03 |   Loss_bcs1: 1.231e-07 | Loss_bc2s: 8.181e-08 |  loss_ics_u: 1.069e-07 |  Loss_ut_ics: 3.821e-08 |  Time: 15.89
adaptive_constant_ics_val: 1.046e+09
adaptive_constant_bcs_val: 2.357e+08
It: 24000 |  Loss: 5.913e+03 |  Loss_res: 5.754e+03 |   Loss_bcs1: 1.531e-07 | Loss_bc2s: 5.495e-08 |  loss_ics_u: 5.355e-08 |  Loss_ut_ics: 9.077e-08 |  Time: 15.99
adaptive_constant_ics_val: 8.097e+08
adaptive_constant_bcs_val: 2.652e+08
It: 24100 |  Loss: 5.393e+03 |  Loss_res: 5.283e+03 |   Loss_bcs1: 8.471e-08 | Loss_bc2s: 3.745e-08 |  loss_ics_u: 7.585e-08 |  Loss_ut_ics: 5.947e-08 |  Time: 15.99
adaptive_constant_ics_val: 7.161e+08
adaptive_constant_bcs_val: 3.939e+08
It: 24200 |  Loss: 5.179e+03 |  Loss_res: 5.025e+03 |   Loss_bcs1: 4.917e-08 | Loss_bc2s: 8.654e-08 |  loss_ics_u: 6.217e-08 |  Loss_ut_ics: 1.036e-07 |  Time: 15.83
adaptive_constant_ics_val: 5.738e+08
adaptive_constant_bcs_val: 3.379e+08
It: 24300 |  Loss: 8.447e+03 |  Loss_res: 5.509e+03 |   Loss_bcs1: 2.013e-06 | Loss_bc2s: 1.247e-07 |  loss_ics_u: 7.597e-07 |  Loss_ut_ics: 2.267e-06 |  Time: 15.80
adaptive_constant_ics_val: 1.528e+08
adaptive_constant_bcs_val: 4.002e+07
It: 24400 |  Loss: 5.059e+03 |  Loss_res: 4.966e+03 |   Loss_bcs1: 7.297e-08 | Loss_bc2s: 6.191e-08 |  loss_ics_u: 6.689e-08 |  Loss_ut_ics: 4.984e-08 |  Time: 15.88
adaptive_constant_ics_val: 3.156e+09
adaptive_constant_bcs_val: 3.706e+08
It: 24500 |  Loss: 4.842e+03 |  Loss_res: 4.072e+03 |   Loss_bcs1: 1.781e-07 | Loss_bc2s: 2.130e-07 |  loss_ics_u: 3.983e-07 |  Loss_ut_ics: 5.149e-07 |  Time: 15.83
adaptive_constant_ics_val: 2.592e+08
adaptive_constant_bcs_val: 9.390e+07
It: 24600 |  Loss: 4.560e+03 |  Loss_res: 4.119e+03 |   Loss_bcs1: 1.109e-07 | Loss_bc2s: 2.932e-07 |  loss_ics_u: 3.100e-07 |  Loss_ut_ics: 2.641e-07 |  Time: 15.94
adaptive_constant_ics_val: 4.027e+08
adaptive_constant_bcs_val: 1.912e+08
It: 24700 |  Loss: 4.435e+03 |  Loss_res: 4.377e+03 |   Loss_bcs1: 8.685e-08 | Loss_bc2s: 4.358e-08 |  loss_ics_u: 4.846e-08 |  Loss_ut_ics: 1.632e-08 |  Time: 15.94
adaptive_constant_ics_val: 2.019e+09
adaptive_constant_bcs_val: 3.588e+08
It: 24800 |  Loss: 3.614e+03 |  Loss_res: 3.521e+03 |   Loss_bcs1: 1.184e-07 | Loss_bc2s: 4.632e-08 |  loss_ics_u: 5.855e-08 |  Loss_ut_ics: 3.524e-08 |  Time: 15.88
adaptive_constant_ics_val: 7.116e+08
adaptive_constant_bcs_val: 1.799e+08
It: 24900 |  Loss: 6.335e+03 |  Loss_res: 6.275e+03 |   Loss_bcs1: 4.720e-08 | Loss_bc2s: 5.390e-08 |  loss_ics_u: 5.389e-08 |  Loss_ut_ics: 2.198e-08 |  Time: 16.04
adaptive_constant_ics_val: 2.189e+09
adaptive_constant_bcs_val: 6.963e+08
It: 25000 |  Loss: 3.958e+03 |  Loss_res: 3.392e+03 |   Loss_bcs1: 1.730e-07 | Loss_bc2s: 7.661e-08 |  loss_ics_u: 2.906e-07 |  Loss_ut_ics: 3.595e-07 |  Time: 15.37
adaptive_constant_ics_val: 3.005e+08
adaptive_constant_bcs_val: 9.645e+07
It: 25100 |  Loss: 6.671e+03 |  Loss_res: 6.578e+03 |   Loss_bcs1: 3.830e-08 | Loss_bc2s: 7.291e-08 |  loss_ics_u: 8.262e-08 |  Loss_ut_ics: 3.800e-08 |  Time: 15.11
adaptive_constant_ics_val: 2.486e+09
adaptive_constant_bcs_val: 4.208e+08
It: 25200 |  Loss: 8.798e+03 |  Loss_res: 4.948e+03 |   Loss_bcs1: 1.837e-07 | Loss_bc2s: 5.288e-07 |  loss_ics_u: 3.760e-07 |  Loss_ut_ics: 2.947e-06 |  Time: 15.12
adaptive_constant_ics_val: 1.338e+08
adaptive_constant_bcs_val: 8.196e+07
It: 25300 |  Loss: 5.856e+03 |  Loss_res: 5.636e+03 |   Loss_bcs1: 9.032e-08 | Loss_bc2s: 6.332e-08 |  loss_ics_u: 1.075e-07 |  Loss_ut_ics: 1.379e-07 |  Time: 15.15
adaptive_constant_ics_val: 4.658e+08
adaptive_constant_bcs_val: 2.426e+08
It: 25400 |  Loss: 6.151e+03 |  Loss_res: 6.056e+03 |   Loss_bcs1: 8.552e-08 | Loss_bc2s: 6.468e-08 |  loss_ics_u: 8.351e-08 |  Loss_ut_ics: 3.336e-08 |  Time: 15.04
adaptive_constant_ics_val: 1.155e+09
adaptive_constant_bcs_val: 2.172e+08
It: 25500 |  Loss: 5.406e+03 |  Loss_res: 5.358e+03 |   Loss_bcs1: 4.874e-08 | Loss_bc2s: 5.660e-08 |  loss_ics_u: 3.980e-08 |  Loss_ut_ics: 1.048e-08 |  Time: 15.12
adaptive_constant_ics_val: 3.775e+09
adaptive_constant_bcs_val: 8.039e+08
It: 25600 |  Loss: 2.150e+04 |  Loss_res: 4.165e+03 |   Loss_bcs1: 1.365e-06 | Loss_bc2s: 1.056e-06 |  loss_ics_u: 3.260e-06 |  Loss_ut_ics: 1.182e-05 |  Time: 15.07
adaptive_constant_ics_val: 5.001e+07
adaptive_constant_bcs_val: 2.894e+07
It: 25700 |  Loss: 6.116e+03 |  Loss_res: 5.753e+03 |   Loss_bcs1: 1.284e-07 | Loss_bc2s: 6.921e-08 |  loss_ics_u: 1.465e-07 |  Loss_ut_ics: 2.227e-07 |  Time: 15.13
adaptive_constant_ics_val: 3.863e+08
adaptive_constant_bcs_val: 1.942e+08
It: 25800 |  Loss: 6.352e+03 |  Loss_res: 6.292e+03 |   Loss_bcs1: 4.110e-08 | Loss_bc2s: 3.662e-08 |  loss_ics_u: 5.458e-08 |  Loss_ut_ics: 2.176e-08 |  Time: 15.15
adaptive_constant_ics_val: 2.436e+09
adaptive_constant_bcs_val: 8.366e+08
It: 25900 |  Loss: 4.539e+03 |  Loss_res: 4.459e+03 |   Loss_bcs1: 5.658e-08 | Loss_bc2s: 5.013e-08 |  loss_ics_u: 5.989e-08 |  Loss_ut_ics: 1.968e-08 |  Time: 15.21
adaptive_constant_ics_val: 1.832e+09
adaptive_constant_bcs_val: 6.153e+08
It: 26000 |  Loss: 5.637e+03 |  Loss_res: 5.013e+03 |   Loss_bcs1: 8.323e-07 | Loss_bc2s: 1.269e-07 |  loss_ics_u: 4.018e-07 |  Loss_ut_ics: 1.047e-07 |  Time: 15.11
adaptive_constant_ics_val: 9.448e+08
adaptive_constant_bcs_val: 7.596e+07
It: 26100 |  Loss: 4.935e+03 |  Loss_res: 4.775e+03 |   Loss_bcs1: 9.587e-08 | Loss_bc2s: 5.680e-08 |  loss_ics_u: 9.239e-08 |  Loss_ut_ics: 6.280e-08 |  Time: 15.11
adaptive_constant_ics_val: 7.859e+08
adaptive_constant_bcs_val: 2.226e+08
It: 26200 |  Loss: 6.493e+03 |  Loss_res: 6.136e+03 |   Loss_bcs1: 4.460e-08 | Loss_bc2s: 6.272e-08 |  loss_ics_u: 1.188e-07 |  Loss_ut_ics: 2.331e-07 |  Time: 15.15
adaptive_constant_ics_val: 5.137e+08
adaptive_constant_bcs_val: 4.205e+08
It: 26300 |  Loss: 7.422e+03 |  Loss_res: 6.914e+03 |   Loss_bcs1: 1.443e-07 | Loss_bc2s: 1.022e-07 |  loss_ics_u: 2.024e-07 |  Loss_ut_ics: 3.135e-07 |  Time: 15.20
adaptive_constant_ics_val: 3.822e+08
adaptive_constant_bcs_val: 1.721e+08
It: 26400 |  Loss: 4.792e+03 |  Loss_res: 4.508e+03 |   Loss_bcs1: 1.447e-07 | Loss_bc2s: 1.223e-07 |  loss_ics_u: 1.807e-07 |  Loss_ut_ics: 1.338e-07 |  Time: 15.07
adaptive_constant_ics_val: 5.692e+08
adaptive_constant_bcs_val: 7.972e+07
It: 26500 |  Loss: 5.476e+03 |  Loss_res: 5.355e+03 |   Loss_bcs1: 8.403e-08 | Loss_bc2s: 6.217e-08 |  loss_ics_u: 7.350e-08 |  Loss_ut_ics: 5.551e-08 |  Time: 15.10
adaptive_constant_ics_val: 8.563e+08
adaptive_constant_bcs_val: 2.380e+08
It: 26600 |  Loss: 4.051e+03 |  Loss_res: 3.933e+03 |   Loss_bcs1: 6.500e-08 | Loss_bc2s: 1.363e-07 |  loss_ics_u: 8.951e-08 |  Loss_ut_ics: 3.456e-08 |  Time: 15.11
adaptive_constant_ics_val: 1.916e+09
adaptive_constant_bcs_val: 1.151e+08
It: 26700 |  Loss: 4.729e+03 |  Loss_res: 4.674e+03 |   Loss_bcs1: 5.675e-08 | Loss_bc2s: 4.643e-08 |  loss_ics_u: 4.731e-08 |  Loss_ut_ics: 1.380e-08 |  Time: 15.10
adaptive_constant_ics_val: 1.508e+09
adaptive_constant_bcs_val: 4.537e+08
It: 26800 |  Loss: 5.826e+03 |  Loss_res: 5.117e+03 |   Loss_bcs1: 1.173e-07 | Loss_bc2s: 1.638e-07 |  loss_ics_u: 1.251e-07 |  Loss_ut_ics: 5.211e-07 |  Time: 15.14
adaptive_constant_ics_val: 3.800e+08
adaptive_constant_bcs_val: 1.394e+08
It: 26900 |  Loss: 6.071e+03 |  Loss_res: 5.720e+03 |   Loss_bcs1: 7.145e-08 | Loss_bc2s: 6.142e-08 |  loss_ics_u: 2.106e-07 |  Loss_ut_ics: 2.433e-07 |  Time: 15.19
adaptive_constant_ics_val: 3.624e+08
adaptive_constant_bcs_val: 1.933e+08
It: 27000 |  Loss: 6.047e+03 |  Loss_res: 5.977e+03 |   Loss_bcs1: 3.874e-08 | Loss_bc2s: 5.547e-08 |  loss_ics_u: 6.882e-08 |  Loss_ut_ics: 2.727e-08 |  Time: 15.16
adaptive_constant_ics_val: 1.564e+09
adaptive_constant_bcs_val: 4.764e+08
It: 27100 |  Loss: 7.504e+03 |  Loss_res: 6.933e+03 |   Loss_bcs1: 4.787e-08 | Loss_bc2s: 1.585e-07 |  loss_ics_u: 2.181e-07 |  Loss_ut_ics: 4.289e-07 |  Time: 15.23
adaptive_constant_ics_val: 3.489e+08
adaptive_constant_bcs_val: 1.813e+08
It: 27200 |  Loss: 4.112e+03 |  Loss_res: 3.991e+03 |   Loss_bcs1: 9.108e-08 | Loss_bc2s: 7.530e-08 |  loss_ics_u: 7.281e-08 |  Loss_ut_ics: 5.648e-08 |  Time: 15.11
adaptive_constant_ics_val: 1.639e+09
adaptive_constant_bcs_val: 3.543e+08
It: 27300 |  Loss: 6.331e+03 |  Loss_res: 6.224e+03 |   Loss_bcs1: 6.439e-08 | Loss_bc2s: 5.672e-08 |  loss_ics_u: 9.382e-08 |  Loss_ut_ics: 4.429e-08 |  Time: 15.04
adaptive_constant_ics_val: 1.390e+09
adaptive_constant_bcs_val: 2.215e+08
It: 27400 |  Loss: 1.554e+04 |  Loss_res: 6.204e+03 |   Loss_bcs1: 9.206e-07 | Loss_bc2s: 1.787e-07 |  loss_ics_u: 1.756e-06 |  Loss_ut_ics: 7.914e-06 |  Time: 15.11
adaptive_constant_ics_val: 6.988e+07
adaptive_constant_bcs_val: 4.574e+07
It: 27500 |  Loss: 4.771e+03 |  Loss_res: 4.638e+03 |   Loss_bcs1: 4.896e-08 | Loss_bc2s: 6.086e-08 |  loss_ics_u: 5.830e-08 |  Loss_ut_ics: 9.205e-08 |  Time: 15.20
adaptive_constant_ics_val: 7.436e+08
adaptive_constant_bcs_val: 3.354e+08
It: 27600 |  Loss: 3.879e+03 |  Loss_res: 3.833e+03 |   Loss_bcs1: 4.145e-08 | Loss_bc2s: 5.450e-08 |  loss_ics_u: 4.697e-08 |  Loss_ut_ics: 9.517e-09 |  Time: 15.10
adaptive_constant_ics_val: 3.710e+09
adaptive_constant_bcs_val: 1.013e+09
It: 27700 |  Loss: 8.094e+03 |  Loss_res: 5.791e+03 |   Loss_bcs1: 1.044e-06 | Loss_bc2s: 2.622e-07 |  loss_ics_u: 8.817e-07 |  Loss_ut_ics: 1.272e-06 |  Time: 15.11
adaptive_constant_ics_val: 2.232e+08
adaptive_constant_bcs_val: 6.673e+07
It: 27800 |  Loss: 4.267e+03 |  Loss_res: 4.140e+03 |   Loss_bcs1: 4.055e-08 | Loss_bc2s: 4.215e-08 |  loss_ics_u: 5.107e-08 |  Loss_ut_ics: 7.579e-08 |  Time: 15.06
adaptive_constant_ics_val: 1.220e+09
adaptive_constant_bcs_val: 4.573e+08
It: 27900 |  Loss: 4.501e+03 |  Loss_res: 4.443e+03 |   Loss_bcs1: 4.707e-08 | Loss_bc2s: 4.100e-08 |  loss_ics_u: 5.553e-08 |  Loss_ut_ics: 1.073e-08 |  Time: 15.22
adaptive_constant_ics_val: 3.272e+09
adaptive_constant_bcs_val: 1.102e+09
It: 28000 |  Loss: 4.827e+03 |  Loss_res: 4.094e+03 |   Loss_bcs1: 1.077e-07 | Loss_bc2s: 1.480e-07 |  loss_ics_u: 2.087e-07 |  Loss_ut_ics: 4.043e-07 |  Time: 15.12
adaptive_constant_ics_val: 3.253e+08
adaptive_constant_bcs_val: 1.511e+08
It: 28100 |  Loss: 4.818e+03 |  Loss_res: 4.618e+03 |   Loss_bcs1: 8.723e-08 | Loss_bc2s: 6.815e-08 |  loss_ics_u: 6.458e-08 |  Loss_ut_ics: 9.382e-08 |  Time: 15.14
adaptive_constant_ics_val: 5.451e+08
adaptive_constant_bcs_val: 2.737e+08
It: 28200 |  Loss: 3.381e+03 |  Loss_res: 3.165e+03 |   Loss_bcs1: 5.347e-08 | Loss_bc2s: 4.168e-08 |  loss_ics_u: 6.644e-08 |  Loss_ut_ics: 1.334e-07 |  Time: 15.12
adaptive_constant_ics_val: 4.785e+08
adaptive_constant_bcs_val: 4.181e+08
It: 28300 |  Loss: 5.866e+03 |  Loss_res: 5.656e+03 |   Loss_bcs1: 9.073e-08 | Loss_bc2s: 1.142e-07 |  loss_ics_u: 6.110e-08 |  Loss_ut_ics: 1.009e-07 |  Time: 15.20
adaptive_constant_ics_val: 6.624e+08
adaptive_constant_bcs_val: 1.984e+08
It: 28400 |  Loss: 4.178e+03 |  Loss_res: 4.082e+03 |   Loss_bcs1: 3.921e-08 | Loss_bc2s: 4.238e-08 |  loss_ics_u: 2.914e-08 |  Loss_ut_ics: 5.333e-08 |  Time: 15.11
adaptive_constant_ics_val: 5.344e+08
adaptive_constant_bcs_val: 5.077e+08
It: 28500 |  Loss: 8.281e+03 |  Loss_res: 8.115e+03 |   Loss_bcs1: 9.615e-08 | Loss_bc2s: 6.525e-08 |  loss_ics_u: 5.077e-08 |  Loss_ut_ics: 8.691e-08 |  Time: 15.10
adaptive_constant_ics_val: 6.424e+08
adaptive_constant_bcs_val: 3.367e+08
It: 28600 |  Loss: 5.671e+03 |  Loss_res: 5.576e+03 |   Loss_bcs1: 9.928e-08 | Loss_bc2s: 4.780e-08 |  loss_ics_u: 5.535e-08 |  Loss_ut_ics: 2.181e-08 |  Time: 15.15
adaptive_constant_ics_val: 1.404e+09
adaptive_constant_bcs_val: 2.956e+08
It: 28700 |  Loss: 3.860e+03 |  Loss_res: 3.603e+03 |   Loss_bcs1: 1.183e-07 | Loss_bc2s: 4.666e-08 |  loss_ics_u: 1.332e-07 |  Loss_ut_ics: 1.467e-07 |  Time: 15.12
adaptive_constant_ics_val: 3.596e+08
adaptive_constant_bcs_val: 1.666e+08
It: 28800 |  Loss: 6.793e+03 |  Loss_res: 6.592e+03 |   Loss_bcs1: 3.306e-08 | Loss_bc2s: 5.635e-08 |  loss_ics_u: 2.936e-08 |  Loss_ut_ics: 1.690e-07 |  Time: 15.08
adaptive_constant_ics_val: 4.716e+08
adaptive_constant_bcs_val: 1.114e+09
It: 28900 |  Loss: 5.639e+03 |  Loss_res: 5.530e+03 |   Loss_bcs1: 6.318e-08 | Loss_bc2s: 5.005e-08 |  loss_ics_u: 9.025e-08 |  Loss_ut_ics: 2.697e-08 |  Time: 15.15
adaptive_constant_ics_val: 1.510e+09
adaptive_constant_bcs_val: 2.616e+08
It: 29000 |  Loss: 7.092e+03 |  Loss_res: 6.967e+03 |   Loss_bcs1: 7.586e-08 | Loss_bc2s: 6.996e-08 |  loss_ics_u: 9.769e-08 |  Loss_ut_ics: 2.773e-08 |  Time: 15.10
adaptive_constant_ics_val: 2.236e+09
adaptive_constant_bcs_val: 2.659e+08
It: 29100 |  Loss: 5.994e+03 |  Loss_res: 3.999e+03 |   Loss_bcs1: 4.651e-07 | Loss_bc2s: 1.184e-07 |  loss_ics_u: 8.788e-07 |  Loss_ut_ics: 1.308e-06 |  Time: 15.12
adaptive_constant_ics_val: 1.479e+08
adaptive_constant_bcs_val: 7.643e+07
It: 29200 |  Loss: 4.916e+03 |  Loss_res: 4.807e+03 |   Loss_bcs1: 1.717e-07 | Loss_bc2s: 5.428e-08 |  loss_ics_u: 5.451e-08 |  Loss_ut_ics: 8.766e-09 |  Time: 15.18
adaptive_constant_ics_val: 3.063e+09
adaptive_constant_bcs_val: 2.047e+08
It: 29300 |  Loss: 3.984e+03 |  Loss_res: 3.908e+03 |   Loss_bcs1: 4.221e-08 | Loss_bc2s: 3.470e-08 |  loss_ics_u: 4.268e-08 |  Loss_ut_ics: 2.880e-08 |  Time: 15.07
adaptive_constant_ics_val: 9.381e+08
adaptive_constant_bcs_val: 3.358e+08
It: 29400 |  Loss: 6.100e+03 |  Loss_res: 5.966e+03 |   Loss_bcs1: 4.217e-08 | Loss_bc2s: 5.625e-08 |  loss_ics_u: 6.367e-08 |  Loss_ut_ics: 6.710e-08 |  Time: 15.12
adaptive_constant_ics_val: 8.707e+08
adaptive_constant_bcs_val: 4.796e+08
It: 29500 |  Loss: 4.218e+03 |  Loss_res: 4.091e+03 |   Loss_bcs1: 5.054e-08 | Loss_bc2s: 8.478e-08 |  loss_ics_u: 9.780e-08 |  Loss_ut_ics: 3.841e-08 |  Time: 15.22
adaptive_constant_ics_val: 6.631e+08
adaptive_constant_bcs_val: 2.037e+08
It: 29600 |  Loss: 6.479e+03 |  Loss_res: 6.409e+03 |   Loss_bcs1: 3.174e-08 | Loss_bc2s: 4.482e-08 |  loss_ics_u: 3.385e-08 |  Loss_ut_ics: 2.945e-08 |  Time: 15.18
adaptive_constant_ics_val: 1.332e+09
adaptive_constant_bcs_val: 9.055e+08
It: 29700 |  Loss: 6.996e+03 |  Loss_res: 6.471e+03 |   Loss_bcs1: 8.372e-08 | Loss_bc2s: 3.920e-08 |  loss_ics_u: 6.764e-08 |  Loss_ut_ics: 4.000e-07 |  Time: 15.05
adaptive_constant_ics_val: 2.666e+08
adaptive_constant_bcs_val: 2.572e+08
It: 29800 |  Loss: 4.990e+03 |  Loss_res: 4.873e+03 |   Loss_bcs1: 5.415e-08 | Loss_bc2s: 8.640e-08 |  loss_ics_u: 8.870e-08 |  Loss_ut_ics: 2.837e-08 |  Time: 15.10
adaptive_constant_ics_val: 1.080e+09
adaptive_constant_bcs_val: 2.459e+08
It: 29900 |  Loss: 3.947e+03 |  Loss_res: 3.695e+03 |   Loss_bcs1: 5.080e-08 | Loss_bc2s: 4.671e-08 |  loss_ics_u: 7.640e-08 |  Loss_ut_ics: 1.813e-07 |  Time: 15.12
adaptive_constant_ics_val: 4.147e+08
adaptive_constant_bcs_val: 2.508e+08
It: 30000 |  Loss: 6.245e+03 |  Loss_res: 5.990e+03 |   Loss_bcs1: 7.993e-08 | Loss_bc2s: 4.912e-08 |  loss_ics_u: 1.215e-07 |  Loss_ut_ics: 1.686e-07 |  Time: 15.11
adaptive_constant_ics_val: 7.807e+08
adaptive_constant_bcs_val: 2.103e+08
It: 30100 |  Loss: 5.478e+03 |  Loss_res: 5.408e+03 |   Loss_bcs1: 4.291e-08 | Loss_bc2s: 4.148e-08 |  loss_ics_u: 3.867e-08 |  Loss_ut_ics: 2.853e-08 |  Time: 15.13
adaptive_constant_ics_val: 1.587e+09
adaptive_constant_bcs_val: 7.219e+08
It: 30200 |  Loss: 5.668e+03 |  Loss_res: 3.796e+03 |   Loss_bcs1: 1.461e-06 | Loss_bc2s: 1.113e-07 |  loss_ics_u: 1.479e-06 |  Loss_ut_ics: 6.968e-07 |  Time: 15.17
adaptive_constant_ics_val: 1.786e+08
adaptive_constant_bcs_val: 3.271e+07
It: 30300 |  Loss: 4.521e+03 |  Loss_res: 4.393e+03 |   Loss_bcs1: 4.357e-08 | Loss_bc2s: 7.701e-08 |  loss_ics_u: 8.854e-08 |  Loss_ut_ics: 5.951e-08 |  Time: 15.19
adaptive_constant_ics_val: 1.372e+09
adaptive_constant_bcs_val: 2.016e+08
It: 30400 |  Loss: 4.923e+03 |  Loss_res: 4.868e+03 |   Loss_bcs1: 3.133e-08 | Loss_bc2s: 3.990e-08 |  loss_ics_u: 4.480e-08 |  Loss_ut_ics: 1.693e-08 |  Time: 15.18
adaptive_constant_ics_val: 2.480e+09
adaptive_constant_bcs_val: 7.318e+08
It: 30500 |  Loss: 5.026e+03 |  Loss_res: 4.757e+03 |   Loss_bcs1: 1.660e-07 | Loss_bc2s: 6.202e-08 |  loss_ics_u: 3.871e-08 |  Loss_ut_ics: 1.506e-07 |  Time: 15.32
adaptive_constant_ics_val: 1.262e+09
adaptive_constant_bcs_val: 1.727e+08
It: 30600 |  Loss: 6.388e+03 |  Loss_res: 5.693e+03 |   Loss_bcs1: 7.946e-08 | Loss_bc2s: 5.861e-08 |  loss_ics_u: 1.768e-07 |  Loss_ut_ics: 5.109e-07 |  Time: 15.20
adaptive_constant_ics_val: 3.758e+08
adaptive_constant_bcs_val: 2.048e+08
It: 30700 |  Loss: 5.277e+03 |  Loss_res: 5.009e+03 |   Loss_bcs1: 3.077e-08 | Loss_bc2s: 5.916e-08 |  loss_ics_u: 6.069e-08 |  Loss_ut_ics: 2.034e-07 |  Time: 15.40
adaptive_constant_ics_val: 4.081e+08
adaptive_constant_bcs_val: 6.010e+08
It: 30800 |  Loss: 5.568e+03 |  Loss_res: 5.442e+03 |   Loss_bcs1: 7.252e-08 | Loss_bc2s: 4.992e-08 |  loss_ics_u: 9.959e-08 |  Loss_ut_ics: 4.549e-08 |  Time: 15.16
adaptive_constant_ics_val: 1.430e+09
adaptive_constant_bcs_val: 1.952e+08
It: 30900 |  Loss: 5.162e+03 |  Loss_res: 5.060e+03 |   Loss_bcs1: 3.073e-08 | Loss_bc2s: 3.747e-08 |  loss_ics_u: 7.689e-08 |  Loss_ut_ics: 4.918e-08 |  Time: 15.19
adaptive_constant_ics_val: 1.277e+09
adaptive_constant_bcs_val: 3.153e+08
It: 31000 |  Loss: 6.248e+03 |  Loss_res: 6.140e+03 |   Loss_bcs1: 4.260e-08 | Loss_bc2s: 5.431e-08 |  loss_ics_u: 2.600e-08 |  Loss_ut_ics: 6.117e-08 |  Time: 15.24
adaptive_constant_ics_val: 9.632e+08
adaptive_constant_bcs_val: 8.233e+08
It: 31100 |  Loss: 8.247e+03 |  Loss_res: 6.061e+03 |   Loss_bcs1: 2.694e-07 | Loss_bc2s: 5.963e-08 |  loss_ics_u: 3.922e-07 |  Loss_ut_ics: 1.802e-06 |  Time: 15.22
adaptive_constant_ics_val: 1.351e+08
adaptive_constant_bcs_val: 1.194e+08
It: 31200 |  Loss: 3.775e+03 |  Loss_res: 3.555e+03 |   Loss_bcs1: 1.101e-07 | Loss_bc2s: 8.743e-08 |  loss_ics_u: 9.344e-08 |  Loss_ut_ics: 1.191e-07 |  Time: 15.15
adaptive_constant_ics_val: 7.450e+08
adaptive_constant_bcs_val: 1.544e+08
It: 31300 |  Loss: 5.280e+03 |  Loss_res: 5.215e+03 |   Loss_bcs1: 3.946e-08 | Loss_bc2s: 5.223e-08 |  loss_ics_u: 4.316e-08 |  Loss_ut_ics: 2.075e-08 |  Time: 15.14
adaptive_constant_ics_val: 1.175e+09
adaptive_constant_bcs_val: 5.113e+08
It: 31400 |  Loss: 5.248e+03 |  Loss_res: 5.167e+03 |   Loss_bcs1: 5.833e-08 | Loss_bc2s: 5.481e-08 |  loss_ics_u: 2.782e-08 |  Loss_ut_ics: 3.213e-08 |  Time: 15.23
adaptive_constant_ics_val: 1.038e+09
adaptive_constant_bcs_val: 3.798e+08
It: 31500 |  Loss: 6.005e+03 |  Loss_res: 5.094e+03 |   Loss_bcs1: 1.613e-07 | Loss_bc2s: 1.366e-07 |  loss_ics_u: 1.867e-07 |  Loss_ut_ics: 7.557e-07 |  Time: 15.19
adaptive_constant_ics_val: 2.370e+08
adaptive_constant_bcs_val: 1.628e+08
It: 31600 |  Loss: 5.156e+03 |  Loss_res: 5.095e+03 |   Loss_bcs1: 4.017e-08 | Loss_bc2s: 4.887e-08 |  loss_ics_u: 3.946e-08 |  Loss_ut_ics: 1.973e-08 |  Time: 15.23
adaptive_constant_ics_val: 1.970e+09
adaptive_constant_bcs_val: 4.750e+08
It: 31700 |  Loss: 6.197e+03 |  Loss_res: 6.026e+03 |   Loss_bcs1: 4.962e-08 | Loss_bc2s: 7.377e-08 |  loss_ics_u: 4.147e-08 |  Loss_ut_ics: 1.114e-07 |  Time: 15.10
adaptive_constant_ics_val: 6.470e+08
adaptive_constant_bcs_val: 3.668e+08
It: 31800 |  Loss: 5.013e+03 |  Loss_res: 4.766e+03 |   Loss_bcs1: 5.293e-08 | Loss_bc2s: 7.135e-08 |  loss_ics_u: 5.237e-08 |  Loss_ut_ics: 1.899e-07 |  Time: 15.16
adaptive_constant_ics_val: 2.647e+08
adaptive_constant_bcs_val: 1.787e+08
It: 31900 |  Loss: 4.814e+03 |  Loss_res: 4.741e+03 |   Loss_bcs1: 8.515e-08 | Loss_bc2s: 3.428e-08 |  loss_ics_u: 3.473e-08 |  Loss_ut_ics: 2.281e-08 |  Time: 15.26
adaptive_constant_ics_val: 1.916e+09
adaptive_constant_bcs_val: 2.754e+08
It: 32000 |  Loss: 4.747e+03 |  Loss_res: 4.691e+03 |   Loss_bcs1: 4.647e-08 | Loss_bc2s: 4.100e-08 |  loss_ics_u: 4.154e-08 |  Loss_ut_ics: 1.311e-08 |  Time: 15.34
adaptive_constant_ics_val: 2.558e+09
adaptive_constant_bcs_val: 4.274e+08
It: 32100 |  Loss: 5.087e+03 |  Loss_res: 3.395e+03 |   Loss_bcs1: 4.525e-08 | Loss_bc2s: 7.118e-08 |  loss_ics_u: 2.305e-07 |  Loss_ut_ics: 1.359e-06 |  Time: 15.24
adaptive_constant_ics_val: 1.445e+08
adaptive_constant_bcs_val: 1.732e+08
It: 32200 |  Loss: 5.253e+03 |  Loss_res: 5.099e+03 |   Loss_bcs1: 7.792e-08 | Loss_bc2s: 5.169e-08 |  loss_ics_u: 1.010e-07 |  Loss_ut_ics: 7.473e-08 |  Time: 15.19
adaptive_constant_ics_val: 1.365e+09
adaptive_constant_bcs_val: 1.769e+08
It: 32300 |  Loss: 5.620e+03 |  Loss_res: 5.558e+03 |   Loss_bcs1: 3.894e-08 | Loss_bc2s: 7.370e-08 |  loss_ics_u: 4.418e-08 |  Loss_ut_ics: 1.224e-08 |  Time: 15.23
adaptive_constant_ics_val: 2.685e+09
adaptive_constant_bcs_val: 2.791e+08
It: 32400 |  Loss: 4.453e+03 |  Loss_res: 4.318e+03 |   Loss_bcs1: 2.702e-08 | Loss_bc2s: 5.035e-08 |  loss_ics_u: 6.714e-08 |  Loss_ut_ics: 7.329e-08 |  Time: 15.28
adaptive_constant_ics_val: 8.854e+08
adaptive_constant_bcs_val: 2.409e+08
It: 32500 |  Loss: 5.009e+03 |  Loss_res: 4.857e+03 |   Loss_bcs1: 1.030e-07 | Loss_bc2s: 5.806e-08 |  loss_ics_u: 9.454e-08 |  Loss_ut_ics: 6.207e-08 |  Time: 15.28
adaptive_constant_ics_val: 8.547e+08
adaptive_constant_bcs_val: 1.663e+08
It: 32600 |  Loss: 3.647e+03 |  Loss_res: 3.529e+03 |   Loss_bcs1: 2.175e-08 | Loss_bc2s: 5.985e-08 |  loss_ics_u: 4.947e-08 |  Loss_ut_ics: 6.858e-08 |  Time: 15.17
adaptive_constant_ics_val: 7.294e+08
adaptive_constant_bcs_val: 4.564e+08
It: 32700 |  Loss: 3.924e+03 |  Loss_res: 3.885e+03 |   Loss_bcs1: 3.539e-08 | Loss_bc2s: 3.738e-08 |  loss_ics_u: 2.900e-08 |  Loss_ut_ics: 6.366e-09 |  Time: 15.24
adaptive_constant_ics_val: 2.864e+09
adaptive_constant_bcs_val: 5.984e+08
It: 32800 |  Loss: 9.644e+03 |  Loss_res: 5.502e+03 |   Loss_bcs1: 1.053e-07 | Loss_bc2s: 4.633e-08 |  loss_ics_u: 2.065e-07 |  Loss_ut_ics: 3.085e-06 |  Time: 15.21
adaptive_constant_ics_val: 1.039e+08
adaptive_constant_bcs_val: 2.232e+08
It: 32900 |  Loss: 4.943e+03 |  Loss_res: 4.879e+03 |   Loss_bcs1: 2.179e-08 | Loss_bc2s: 4.855e-08 |  loss_ics_u: 2.714e-08 |  Loss_ut_ics: 2.736e-08 |  Time: 14.92
adaptive_constant_ics_val: 1.730e+09
adaptive_constant_bcs_val: 2.535e+09
It: 33000 |  Loss: 6.815e+03 |  Loss_res: 6.300e+03 |   Loss_bcs1: 8.270e-08 | Loss_bc2s: 2.676e-07 |  loss_ics_u: 2.624e-07 |  Loss_ut_ics: 1.469e-07 |  Time: 15.23
adaptive_constant_ics_val: 5.657e+08
adaptive_constant_bcs_val: 1.130e+08
It: 33100 |  Loss: 4.741e+03 |  Loss_res: 4.584e+03 |   Loss_bcs1: 2.604e-08 | Loss_bc2s: 8.799e-08 |  loss_ics_u: 5.953e-08 |  Loss_ut_ics: 6.001e-08 |  Time: 15.29
adaptive_constant_ics_val: 7.449e+08
adaptive_constant_bcs_val: 3.647e+08
It: 33200 |  Loss: 5.462e+03 |  Loss_res: 5.362e+03 |   Loss_bcs1: 8.138e-08 | Loss_bc2s: 6.164e-08 |  loss_ics_u: 3.136e-08 |  Loss_ut_ics: 1.396e-08 |  Time: 15.24
adaptive_constant_ics_val: 2.158e+09
adaptive_constant_bcs_val: 2.303e+08
It: 33300 |  Loss: 6.082e+03 |  Loss_res: 5.985e+03 |   Loss_bcs1: 4.529e-08 | Loss_bc2s: 4.742e-08 |  loss_ics_u: 4.716e-08 |  Loss_ut_ics: 2.664e-08 |  Time: 15.73
adaptive_constant_ics_val: 1.347e+09
adaptive_constant_bcs_val: 5.646e+08
It: 33400 |  Loss: 6.657e+03 |  Loss_res: 5.741e+03 |   Loss_bcs1: 6.053e-08 | Loss_bc2s: 6.662e-08 |  loss_ics_u: 1.810e-07 |  Loss_ut_ics: 6.203e-07 |  Time: 15.14
adaptive_constant_ics_val: 2.120e+08
adaptive_constant_bcs_val: 1.488e+08
It: 33500 |  Loss: 5.595e+03 |  Loss_res: 5.269e+03 |   Loss_bcs1: 4.897e-08 | Loss_bc2s: 5.321e-08 |  loss_ics_u: 8.494e-08 |  Loss_ut_ics: 2.139e-07 |  Time: 15.08
adaptive_constant_ics_val: 5.541e+08
adaptive_constant_bcs_val: 3.485e+08
It: 33600 |  Loss: 5.733e+03 |  Loss_res: 5.659e+03 |   Loss_bcs1: 5.097e-08 | Loss_bc2s: 3.853e-08 |  loss_ics_u: 2.336e-08 |  Loss_ut_ics: 2.329e-08 |  Time: 15.27
adaptive_constant_ics_val: 1.568e+09
adaptive_constant_bcs_val: 3.493e+08
It: 33700 |  Loss: 5.953e+03 |  Loss_res: 5.882e+03 |   Loss_bcs1: 7.657e-08 | Loss_bc2s: 3.641e-08 |  loss_ics_u: 1.808e-08 |  Loss_ut_ics: 1.385e-08 |  Time: 15.93
adaptive_constant_ics_val: 1.591e+09
adaptive_constant_bcs_val: 2.648e+08
It: 33800 |  Loss: 4.551e+03 |  Loss_res: 3.928e+03 |   Loss_bcs1: 5.515e-08 | Loss_bc2s: 4.107e-08 |  loss_ics_u: 6.036e-08 |  Loss_ut_ics: 4.757e-07 |  Time: 16.52
adaptive_constant_ics_val: 1.730e+08
adaptive_constant_bcs_val: 2.423e+08
It: 33900 |  Loss: 3.873e+03 |  Loss_res: 3.773e+03 |   Loss_bcs1: 3.940e-08 | Loss_bc2s: 5.536e-08 |  loss_ics_u: 2.086e-08 |  Loss_ut_ics: 5.184e-08 |  Time: 16.19
adaptive_constant_ics_val: 5.214e+08
adaptive_constant_bcs_val: 2.831e+08
It: 34000 |  Loss: 4.331e+03 |  Loss_res: 4.245e+03 |   Loss_bcs1: 2.039e-08 | Loss_bc2s: 4.597e-08 |  loss_ics_u: 2.929e-08 |  Loss_ut_ics: 4.852e-08 |  Time: 16.44
adaptive_constant_ics_val: 7.438e+08
adaptive_constant_bcs_val: 3.838e+08
It: 34100 |  Loss: 5.234e+03 |  Loss_res: 5.162e+03 |   Loss_bcs1: 4.910e-08 | Loss_bc2s: 4.436e-08 |  loss_ics_u: 4.552e-08 |  Loss_ut_ics: 1.887e-08 |  Time: 16.43
adaptive_constant_ics_val: 1.513e+09
adaptive_constant_bcs_val: 4.791e+08
It: 34200 |  Loss: 3.926e+03 |  Loss_res: 3.690e+03 |   Loss_bcs1: 6.974e-08 | Loss_bc2s: 6.722e-08 |  loss_ics_u: 4.255e-08 |  Loss_ut_ics: 1.592e-07 |  Time: 16.26
adaptive_constant_ics_val: 3.048e+08
adaptive_constant_bcs_val: 1.419e+08
It: 34300 |  Loss: 4.659e+03 |  Loss_res: 4.601e+03 |   Loss_bcs1: 3.807e-08 | Loss_bc2s: 4.003e-08 |  loss_ics_u: 2.676e-08 |  Loss_ut_ics: 2.043e-08 |  Time: 16.52
adaptive_constant_ics_val: 1.026e+09
adaptive_constant_bcs_val: 6.444e+08
It: 34400 |  Loss: 4.196e+03 |  Loss_res: 4.134e+03 |   Loss_bcs1: 2.942e-08 | Loss_bc2s: 4.581e-08 |  loss_ics_u: 3.003e-08 |  Loss_ut_ics: 2.154e-08 |  Time: 16.30
adaptive_constant_ics_val: 1.735e+09
adaptive_constant_bcs_val: 6.151e+08
It: 34500 |  Loss: 3.488e+03 |  Loss_res: 3.215e+03 |   Loss_bcs1: 6.342e-08 | Loss_bc2s: 4.755e-08 |  loss_ics_u: 6.544e-08 |  Loss_ut_ics: 1.898e-07 |  Time: 16.02
adaptive_constant_ics_val: 3.014e+08
adaptive_constant_bcs_val: 2.728e+08
It: 34600 |  Loss: 4.850e+03 |  Loss_res: 4.796e+03 |   Loss_bcs1: 4.187e-08 | Loss_bc2s: 3.042e-08 |  loss_ics_u: 3.298e-08 |  Loss_ut_ics: 1.218e-08 |  Time: 16.22
adaptive_constant_ics_val: 1.721e+09
adaptive_constant_bcs_val: 3.859e+08
It: 34700 |  Loss: 6.682e+03 |  Loss_res: 6.609e+03 |   Loss_bcs1: 2.520e-08 | Loss_bc2s: 4.388e-08 |  loss_ics_u: 2.470e-08 |  Loss_ut_ics: 3.373e-08 |  Time: 16.15
adaptive_constant_ics_val: 1.219e+09
adaptive_constant_bcs_val: 3.657e+09
It: 34800 |  Loss: 8.759e+03 |  Loss_res: 8.629e+03 |   Loss_bcs1: 4.302e-08 | Loss_bc2s: 2.774e-08 |  loss_ics_u: 4.488e-08 |  Loss_ut_ics: 4.358e-08 |  Time: 15.97
adaptive_constant_ics_val: 1.734e+09
adaptive_constant_bcs_val: 6.023e+08
It: 34900 |  Loss: 4.987e+03 |  Loss_res: 4.891e+03 |   Loss_bcs1: 2.568e-08 | Loss_bc2s: 4.404e-08 |  loss_ics_u: 4.224e-08 |  Loss_ut_ics: 1.357e-08 |  Time: 15.93
adaptive_constant_ics_val: 2.337e+09
adaptive_constant_bcs_val: 5.587e+08
It: 35000 |  Loss: 4.327e+03 |  Loss_res: 4.255e+03 |   Loss_bcs1: 2.615e-08 | Loss_bc2s: 2.989e-08 |  loss_ics_u: 1.792e-08 |  Loss_ut_ics: 1.684e-08 |  Time: 16.07
adaptive_constant_ics_val: 2.883e+09
adaptive_constant_bcs_val: 7.896e+08
It: 35100 |  Loss: 7.656e+03 |  Loss_res: 5.494e+03 |   Loss_bcs1: 7.790e-08 | Loss_bc2s: 9.601e-08 |  loss_ics_u: 2.192e-07 |  Loss_ut_ics: 1.329e-06 |  Time: 16.08
adaptive_constant_ics_val: 1.779e+08
adaptive_constant_bcs_val: 3.353e+08
It: 35200 |  Loss: 3.725e+03 |  Loss_res: 3.500e+03 |   Loss_bcs1: 9.862e-08 | Loss_bc2s: 5.985e-08 |  loss_ics_u: 3.666e-08 |  Loss_ut_ics: 7.364e-08 |  Time: 16.40
adaptive_constant_ics_val: 3.936e+08
adaptive_constant_bcs_val: 1.326e+08
It: 35300 |  Loss: 5.243e+03 |  Loss_res: 5.148e+03 |   Loss_bcs1: 3.709e-08 | Loss_bc2s: 4.560e-08 |  loss_ics_u: 4.433e-08 |  Loss_ut_ics: 1.381e-08 |  Time: 16.05
adaptive_constant_ics_val: 4.573e+09
adaptive_constant_bcs_val: 6.627e+08
It: 35400 |  Loss: 5.374e+03 |  Loss_res: 4.143e+03 |   Loss_bcs1: 4.421e-08 | Loss_bc2s: 6.711e-08 |  loss_ics_u: 4.039e-08 |  Loss_ut_ics: 7.378e-07 |  Time: 16.12
adaptive_constant_ics_val: 1.419e+08
adaptive_constant_bcs_val: 4.555e+08
It: 35500 |  Loss: 5.208e+03 |  Loss_res: 4.876e+03 |   Loss_bcs1: 1.449e-07 | Loss_bc2s: 4.740e-08 |  loss_ics_u: 6.669e-08 |  Loss_ut_ics: 1.251e-07 |  Time: 16.22
adaptive_constant_ics_val: 4.693e+08
adaptive_constant_bcs_val: 1.543e+08
It: 35600 |  Loss: 5.109e+03 |  Loss_res: 5.002e+03 |   Loss_bcs1: 3.965e-08 | Loss_bc2s: 5.469e-08 |  loss_ics_u: 3.487e-08 |  Loss_ut_ics: 2.661e-08 |  Time: 16.50
adaptive_constant_ics_val: 1.105e+09
adaptive_constant_bcs_val: 2.361e+08
It: 35700 |  Loss: 6.162e+03 |  Loss_res: 6.099e+03 |   Loss_bcs1: 2.869e-08 | Loss_bc2s: 4.871e-08 |  loss_ics_u: 1.752e-08 |  Loss_ut_ics: 9.807e-09 |  Time: 16.21
adaptive_constant_ics_val: 6.577e+09
adaptive_constant_bcs_val: 2.685e+09
It: 35800 |  Loss: 7.622e+03 |  Loss_res: 5.855e+03 |   Loss_bcs1: 2.633e-07 | Loss_bc2s: 1.877e-07 |  loss_ics_u: 4.148e-07 |  Loss_ut_ics: 6.187e-07 |  Time: 15.97
adaptive_constant_ics_val: 2.449e+08
adaptive_constant_bcs_val: 9.091e+07
It: 35900 |  Loss: 4.358e+03 |  Loss_res: 4.200e+03 |   Loss_bcs1: 5.341e-08 | Loss_bc2s: 6.171e-08 |  loss_ics_u: 2.476e-08 |  Loss_ut_ics: 3.809e-08 |  Time: 16.01
adaptive_constant_ics_val: 1.111e+09
adaptive_constant_bcs_val: 2.055e+08
It: 36000 |  Loss: 2.828e+03 |  Loss_res: 2.748e+03 |   Loss_bcs1: 2.053e-08 | Loss_bc2s: 5.493e-08 |  loss_ics_u: 2.330e-08 |  Loss_ut_ics: 1.072e-08 |  Time: 15.85
adaptive_constant_ics_val: 5.359e+09
adaptive_constant_bcs_val: 3.941e+08
It: 36100 |  Loss: 5.847e+03 |  Loss_res: 5.250e+03 |   Loss_bcs1: 2.742e-08 | Loss_bc2s: 5.982e-08 |  loss_ics_u: 9.527e-08 |  Loss_ut_ics: 2.454e-07 |  Time: 15.74
adaptive_constant_ics_val: 3.975e+08
adaptive_constant_bcs_val: 3.813e+08
It: 36200 |  Loss: 3.539e+03 |  Loss_res: 3.401e+03 |   Loss_bcs1: 3.800e-08 | Loss_bc2s: 4.244e-08 |  loss_ics_u: 1.771e-08 |  Loss_ut_ics: 4.445e-08 |  Time: 16.04
adaptive_constant_ics_val: 6.822e+08
adaptive_constant_bcs_val: 3.412e+08
It: 36300 |  Loss: 3.325e+03 |  Loss_res: 3.231e+03 |   Loss_bcs1: 2.094e-08 | Loss_bc2s: 4.028e-08 |  loss_ics_u: 1.531e-08 |  Loss_ut_ics: 2.972e-08 |  Time: 16.05
adaptive_constant_ics_val: 7.445e+08
adaptive_constant_bcs_val: 8.699e+08
It: 36400 |  Loss: 5.129e+03 |  Loss_res: 5.061e+03 |   Loss_bcs1: 1.836e-08 | Loss_bc2s: 5.013e-08 |  loss_ics_u: 2.884e-08 |  Loss_ut_ics: 6.567e-09 |  Time: 16.14
adaptive_constant_ics_val: 3.218e+09
adaptive_constant_bcs_val: 6.153e+08
It: 36500 |  Loss: 4.600e+03 |  Loss_res: 4.486e+03 |   Loss_bcs1: 5.755e-08 | Loss_bc2s: 4.568e-08 |  loss_ics_u: 2.834e-08 |  Loss_ut_ics: 2.033e-08 |  Time: 15.77
adaptive_constant_ics_val: 1.323e+09
adaptive_constant_bcs_val: 2.595e+08
It: 36600 |  Loss: 5.025e+03 |  Loss_res: 4.927e+03 |   Loss_bcs1: 2.536e-08 | Loss_bc2s: 4.183e-08 |  loss_ics_u: 1.435e-08 |  Loss_ut_ics: 3.026e-08 |  Time: 16.30
adaptive_constant_ics_val: 1.494e+09
adaptive_constant_bcs_val: 6.595e+08
It: 36700 |  Loss: 6.209e+03 |  Loss_res: 5.121e+03 |   Loss_bcs1: 4.301e-08 | Loss_bc2s: 5.961e-08 |  loss_ics_u: 3.606e-08 |  Loss_ut_ics: 5.917e-07 |  Time: 16.11
adaptive_constant_ics_val: 2.158e+08
adaptive_constant_bcs_val: 6.424e+08
It: 36800 |  Loss: 4.413e+03 |  Loss_res: 4.214e+03 |   Loss_bcs1: 8.577e-08 | Loss_bc2s: 5.843e-08 |  loss_ics_u: 6.605e-08 |  Loss_ut_ics: 4.979e-08 |  Time: 16.32
adaptive_constant_ics_val: 8.593e+08
adaptive_constant_bcs_val: 1.487e+08
It: 36900 |  Loss: 5.620e+03 |  Loss_res: 5.562e+03 |   Loss_bcs1: 3.096e-08 | Loss_bc2s: 3.525e-08 |  loss_ics_u: 1.608e-08 |  Loss_ut_ics: 9.368e-09 |  Time: 16.53
adaptive_constant_ics_val: 2.187e+09
adaptive_constant_bcs_val: 7.869e+08
It: 37000 |  Loss: 5.471e+03 |  Loss_res: 5.394e+03 |   Loss_bcs1: 2.250e-08 | Loss_bc2s: 3.468e-08 |  loss_ics_u: 2.027e-08 |  Loss_ut_ics: 2.197e-08 |  Time: 15.99
adaptive_constant_ics_val: 1.060e+09
adaptive_constant_bcs_val: 8.320e+08
It: 37100 |  Loss: 5.626e+03 |  Loss_res: 5.522e+03 |   Loss_bcs1: 1.594e-08 | Loss_bc2s: 4.348e-08 |  loss_ics_u: 2.040e-08 |  Loss_ut_ics: 3.834e-08 |  Time: 15.71
adaptive_constant_ics_val: 9.648e+08
adaptive_constant_bcs_val: 1.030e+09
It: 37200 |  Loss: 6.218e+03 |  Loss_res: 6.086e+03 |   Loss_bcs1: 3.217e-08 | Loss_bc2s: 3.452e-08 |  loss_ics_u: 3.799e-08 |  Loss_ut_ics: 4.510e-08 |  Time: 15.81
adaptive_constant_ics_val: 1.040e+09
adaptive_constant_bcs_val: 1.088e+09
It: 37300 |  Loss: 6.170e+03 |  Loss_res: 5.998e+03 |   Loss_bcs1: 7.728e-08 | Loss_bc2s: 4.180e-08 |  loss_ics_u: 4.650e-08 |  Loss_ut_ics: 4.230e-08 |  Time: 15.98
adaptive_constant_ics_val: 6.936e+08
adaptive_constant_bcs_val: 1.957e+08
It: 37400 |  Loss: 5.999e+03 |  Loss_res: 5.890e+03 |   Loss_bcs1: 2.563e-08 | Loss_bc2s: 3.378e-08 |  loss_ics_u: 1.775e-08 |  Loss_ut_ics: 4.527e-08 |  Time: 15.93
adaptive_constant_ics_val: 8.257e+08
adaptive_constant_bcs_val: 8.399e+08
It: 37500 |  Loss: 5.838e+03 |  Loss_res: 5.576e+03 |   Loss_bcs1: 4.409e-08 | Loss_bc2s: 4.976e-08 |  loss_ics_u: 3.253e-08 |  Loss_ut_ics: 1.395e-07 |  Time: 15.82
adaptive_constant_ics_val: 4.304e+08
adaptive_constant_bcs_val: 4.047e+08
It: 37600 |  Loss: 4.564e+03 |  Loss_res: 4.471e+03 |   Loss_bcs1: 3.202e-08 | Loss_bc2s: 4.042e-08 |  loss_ics_u: 1.766e-08 |  Loss_ut_ics: 3.011e-08 |  Time: 15.68
adaptive_constant_ics_val: 1.119e+09
adaptive_constant_bcs_val: 1.060e+09
It: 37700 |  Loss: 4.566e+03 |  Loss_res: 4.493e+03 |   Loss_bcs1: 3.763e-08 | Loss_bc2s: 2.876e-08 |  loss_ics_u: 2.873e-08 |  Loss_ut_ics: 7.530e-09 |  Time: 16.07
adaptive_constant_ics_val: 3.888e+09
adaptive_constant_bcs_val: 3.897e+08
It: 37800 |  Loss: 5.793e+03 |  Loss_res: 4.846e+03 |   Loss_bcs1: 1.296e-07 | Loss_bc2s: 1.375e-07 |  loss_ics_u: 3.166e-07 |  Loss_ut_ics: 3.914e-07 |  Time: 15.87
adaptive_constant_ics_val: 4.031e+08
adaptive_constant_bcs_val: 1.415e+08
It: 37900 |  Loss: 4.892e+03 |  Loss_res: 4.796e+03 |   Loss_bcs1: 4.155e-08 | Loss_bc2s: 3.776e-08 |  loss_ics_u: 1.856e-08 |  Loss_ut_ics: 2.801e-08 |  Time: 15.90
adaptive_constant_ics_val: 1.117e+09
adaptive_constant_bcs_val: 1.235e+09
It: 38000 |  Loss: 4.037e+03 |  Loss_res: 3.951e+03 |   Loss_bcs1: 2.545e-08 | Loss_bc2s: 3.992e-08 |  loss_ics_u: 1.971e-08 |  Loss_ut_ics: 2.283e-08 |  Time: 15.60
adaptive_constant_ics_val: 6.965e+08
adaptive_constant_bcs_val: 6.371e+08
It: 38100 |  Loss: 5.113e+03 |  Loss_res: 5.037e+03 |   Loss_bcs1: 3.217e-08 | Loss_bc2s: 3.606e-08 |  loss_ics_u: 3.517e-08 |  Loss_ut_ics: 6.818e-09 |  Time: 15.59
adaptive_constant_ics_val: 4.028e+09
adaptive_constant_bcs_val: 6.216e+08
It: 38200 |  Loss: 3.290e+03 |  Loss_res: 3.185e+03 |   Loss_bcs1: 3.035e-08 | Loss_bc2s: 3.028e-08 |  loss_ics_u: 2.377e-08 |  Loss_ut_ics: 3.246e-08 |  Time: 16.23
adaptive_constant_ics_val: 5.607e+08
adaptive_constant_bcs_val: 4.792e+08
It: 38300 |  Loss: 3.928e+03 |  Loss_res: 3.845e+03 |   Loss_bcs1: 2.450e-08 | Loss_bc2s: 4.125e-08 |  loss_ics_u: 1.599e-08 |  Loss_ut_ics: 2.156e-08 |  Time: 16.26
adaptive_constant_ics_val: 9.347e+08
adaptive_constant_bcs_val: 3.539e+08
It: 38400 |  Loss: 4.601e+03 |  Loss_res: 4.484e+03 |   Loss_bcs1: 5.456e-08 | Loss_bc2s: 6.107e-08 |  loss_ics_u: 5.899e-08 |  Loss_ut_ics: 7.978e-09 |  Time: 16.36
adaptive_constant_ics_val: 3.606e+09
adaptive_constant_bcs_val: 1.491e+08
It: 38500 |  Loss: 4.928e+03 |  Loss_res: 4.412e+03 |   Loss_bcs1: 6.753e-08 | Loss_bc2s: 6.825e-08 |  loss_ics_u: 6.979e-08 |  Loss_ut_ics: 2.481e-07 |  Time: 16.09
adaptive_constant_ics_val: 2.596e+08
adaptive_constant_bcs_val: 1.853e+08
It: 38600 |  Loss: 5.535e+03 |  Loss_res: 5.470e+03 |   Loss_bcs1: 1.893e-08 | Loss_bc2s: 4.888e-08 |  loss_ics_u: 2.011e-08 |  Loss_ut_ics: 1.276e-08 |  Time: 16.14
adaptive_constant_ics_val: 2.314e+09
adaptive_constant_bcs_val: 5.073e+08
It: 38700 |  Loss: 3.747e+03 |  Loss_res: 3.566e+03 |   Loss_bcs1: 3.258e-08 | Loss_bc2s: 3.812e-08 |  loss_ics_u: 2.066e-08 |  Loss_ut_ics: 8.512e-08 |  Time: 16.18
adaptive_constant_ics_val: 4.977e+08
adaptive_constant_bcs_val: 4.864e+08
It: 38800 |  Loss: 4.984e+03 |  Loss_res: 4.775e+03 |   Loss_bcs1: 1.328e-08 | Loss_bc2s: 4.750e-08 |  loss_ics_u: 3.441e-08 |  Loss_ut_ics: 1.100e-07 |  Time: 16.02
adaptive_constant_ics_val: 4.601e+08
adaptive_constant_bcs_val: 4.611e+08
It: 38900 |  Loss: 3.725e+03 |  Loss_res: 3.641e+03 |   Loss_bcs1: 3.705e-08 | Loss_bc2s: 3.943e-08 |  loss_ics_u: 2.478e-08 |  Loss_ut_ics: 2.364e-08 |  Time: 16.44
adaptive_constant_ics_val: 1.187e+09
adaptive_constant_bcs_val: 7.055e+08
It: 39000 |  Loss: 4.346e+03 |  Loss_res: 4.295e+03 |   Loss_bcs1: 3.145e-08 | Loss_bc2s: 2.799e-08 |  loss_ics_u: 2.151e-08 |  Loss_ut_ics: 6.585e-09 |  Time: 16.05
adaptive_constant_ics_val: 5.068e+09
adaptive_constant_bcs_val: 4.748e+08
It: 39100 |  Loss: 4.922e+03 |  Loss_res: 4.063e+03 |   Loss_bcs1: 3.702e-08 | Loss_bc2s: 7.088e-08 |  loss_ics_u: 7.006e-08 |  Loss_ut_ics: 4.465e-07 |  Time: 15.75
adaptive_constant_ics_val: 2.120e+08
adaptive_constant_bcs_val: 3.052e+08
It: 39200 |  Loss: 5.692e+03 |  Loss_res: 5.553e+03 |   Loss_bcs1: 5.474e-08 | Loss_bc2s: 3.648e-08 |  loss_ics_u: 3.909e-08 |  Loss_ut_ics: 4.720e-08 |  Time: 15.89
adaptive_constant_ics_val: 5.513e+08
adaptive_constant_bcs_val: 2.905e+08
It: 39300 |  Loss: 6.023e+03 |  Loss_res: 5.959e+03 |   Loss_bcs1: 2.993e-08 | Loss_bc2s: 3.415e-08 |  loss_ics_u: 2.412e-08 |  Loss_ut_ics: 1.506e-08 |  Time: 15.99
adaptive_constant_ics_val: 2.443e+09
adaptive_constant_bcs_val: 1.121e+09
It: 39400 |  Loss: 5.304e+03 |  Loss_res: 5.246e+03 |   Loss_bcs1: 2.799e-08 | Loss_bc2s: 3.306e-08 |  loss_ics_u: 1.689e-08 |  Loss_ut_ics: 9.968e-09 |  Time: 15.81
adaptive_constant_ics_val: 1.999e+09
adaptive_constant_bcs_val: 6.459e+08
It: 39500 |  Loss: 6.182e+03 |  Loss_res: 5.955e+03 |   Loss_bcs1: 2.620e-08 | Loss_bc2s: 3.165e-08 |  loss_ics_u: 2.096e-08 |  Loss_ut_ics: 1.137e-07 |  Time: 15.71
adaptive_constant_ics_val: 3.387e+08
adaptive_constant_bcs_val: 6.357e+08
It: 39600 |  Loss: 4.645e+03 |  Loss_res: 4.583e+03 |   Loss_bcs1: 2.376e-08 | Loss_bc2s: 3.551e-08 |  loss_ics_u: 1.717e-08 |  Loss_ut_ics: 1.224e-08 |  Time: 16.08
adaptive_constant_ics_val: 2.587e+09
adaptive_constant_bcs_val: 7.459e+08
It: 39700 |  Loss: 4.653e+03 |  Loss_res: 4.468e+03 |   Loss_bcs1: 3.459e-08 | Loss_bc2s: 7.306e-08 |  loss_ics_u: 4.019e-08 |  Loss_ut_ics: 6.227e-08 |  Time: 15.96
adaptive_constant_ics_val: 9.272e+08
adaptive_constant_bcs_val: 2.935e+08
It: 39800 |  Loss: 5.147e+03 |  Loss_res: 5.055e+03 |   Loss_bcs1: 2.839e-08 | Loss_bc2s: 4.352e-08 |  loss_ics_u: 2.166e-08 |  Loss_ut_ics: 2.618e-08 |  Time: 13.47
adaptive_constant_ics_val: 1.001e+09
adaptive_constant_bcs_val: 6.495e+08
It: 39900 |  Loss: 4.825e+03 |  Loss_res: 4.765e+03 |   Loss_bcs1: 3.160e-08 | Loss_bc2s: 2.701e-08 |  loss_ics_u: 2.748e-08 |  Loss_ut_ics: 7.859e-09 |  Time: 10.64
adaptive_constant_ics_val: 4.024e+09
adaptive_constant_bcs_val: 5.041e+08
Gradients information stored ...
Save uv NN parameters successfully in %s ...checkpoints/Dec-11-2023_22-35-08-884208_M2
Final loss total loss: 4.075406e+03
Final loss loss_res: 3.968639e+03
Final loss loss_bc1: 3.403930e-08
Final loss loss_bc2: 3.820029e-08
Final loss loss_ics_u: 2.185941e-08
average lambda_bc2.3740e+08
average lambda_ic7.0695e+08
average lambda_res1.0
