Gradients information stored ...
constant_ics_val: 0.904
constant_bcs_val: 1.203
constant_res_val: 0.893
constant_ics_val: 0.953
constant_bcs_val: 1.276
constant_res_val: 0.771
constant_ics_val: 1.189
constant_bcs_val: 1.102
constant_res_val: 0.708
constant_ics_val: 1.484
constant_bcs_val: 0.910
constant_res_val: 0.605
constant_ics_val: 1.596
constant_bcs_val: 0.855
constant_res_val: 0.549
constant_ics_val: 1.696
constant_bcs_val: 0.782
constant_res_val: 0.522
constant_ics_val: 1.732
constant_bcs_val: 0.795
constant_res_val: 0.473
constant_ics_val: 1.780
constant_bcs_val: 0.777
constant_res_val: 0.444
constant_ics_val: 1.807
constant_bcs_val: 0.763
constant_res_val: 0.430
It: 100, Loss: 1.659e+03, loss_ics: 3.601e+01, loss_bcs: 9.359e+00, Loss_r: 3.688e+03, Time: 0.02
constant_ics_val: 1.833
constant_bcs_val: 0.717
constant_res_val: 0.450
Gradients information stored ...
constant_ics_val: 1.860
constant_bcs_val: 0.701
constant_res_val: 0.438
constant_ics_val: 1.868
constant_bcs_val: 0.698
constant_res_val: 0.433
constant_ics_val: 1.871
constant_bcs_val: 0.702
constant_res_val: 0.427
constant_ics_val: 1.870
constant_bcs_val: 0.692
constant_res_val: 0.438
constant_ics_val: 1.887
constant_bcs_val: 0.647
constant_res_val: 0.466
constant_ics_val: 1.896
constant_bcs_val: 0.625
constant_res_val: 0.479
constant_ics_val: 1.902
constant_bcs_val: 0.607
constant_res_val: 0.491
constant_ics_val: 1.915
constant_bcs_val: 0.606
constant_res_val: 0.479
constant_ics_val: 1.911
constant_bcs_val: 0.591
constant_res_val: 0.498
It: 200, Loss: 9.192e+02, loss_ics: 2.156e+01, loss_bcs: 1.324e+01, Loss_r: 1.749e+03, Time: 0.02
constant_ics_val: 1.912
constant_bcs_val: 0.568
constant_res_val: 0.520
constant_ics_val: 1.920
constant_bcs_val: 0.562
constant_res_val: 0.519
constant_ics_val: 1.920
constant_bcs_val: 0.553
constant_res_val: 0.527
constant_ics_val: 1.944
constant_bcs_val: 0.564
constant_res_val: 0.492
constant_ics_val: 1.941
constant_bcs_val: 0.557
constant_res_val: 0.502
constant_ics_val: 1.926
constant_bcs_val: 0.544
constant_res_val: 0.529
constant_ics_val: 1.916
constant_bcs_val: 0.531
constant_res_val: 0.553
constant_ics_val: 1.919
constant_bcs_val: 0.529
constant_res_val: 0.552
constant_ics_val: 1.949
constant_bcs_val: 0.543
constant_res_val: 0.508
constant_ics_val: 1.934
constant_bcs_val: 0.526
constant_res_val: 0.540
It: 300, Loss: 5.396e+02, loss_ics: 2.636e+01, loss_bcs: 1.557e+01, Loss_r: 8.901e+02, Time: 0.02
constant_ics_val: 1.942
constant_bcs_val: 0.531
constant_res_val: 0.527
constant_ics_val: 1.950
constant_bcs_val: 0.531
constant_res_val: 0.519
constant_ics_val: 1.923
constant_bcs_val: 0.494
constant_res_val: 0.584
constant_ics_val: 1.928
constant_bcs_val: 0.505
constant_res_val: 0.566
constant_ics_val: 1.953
constant_bcs_val: 0.512
constant_res_val: 0.535
constant_ics_val: 1.891
constant_bcs_val: 0.458
constant_res_val: 0.650
constant_ics_val: 1.904
constant_bcs_val: 0.465
constant_res_val: 0.630
constant_ics_val: 1.959
constant_bcs_val: 0.480
constant_res_val: 0.562
constant_ics_val: 1.931
constant_bcs_val: 0.484
constant_res_val: 0.585
constant_ics_val: 2.000
constant_bcs_val: 0.477
constant_res_val: 0.524
It: 400, Loss: 3.013e+02, loss_ics: 4.368e+01, loss_bcs: 1.704e+01, Loss_r: 3.931e+02, Time: 0.02
constant_ics_val: 1.980
constant_bcs_val: 0.477
constant_res_val: 0.543
constant_ics_val: 1.972
constant_bcs_val: 0.513
constant_res_val: 0.515
constant_ics_val: 1.962
constant_bcs_val: 0.528
constant_res_val: 0.510
constant_ics_val: 1.961
constant_bcs_val: 0.521
constant_res_val: 0.519
constant_ics_val: 1.960
constant_bcs_val: 0.534
constant_res_val: 0.506
constant_ics_val: 1.984
constant_bcs_val: 0.540
constant_res_val: 0.476
constant_ics_val: 1.989
constant_bcs_val: 0.552
constant_res_val: 0.459
constant_ics_val: 1.992
constant_bcs_val: 0.560
constant_res_val: 0.448
constant_ics_val: 2.000
constant_bcs_val: 0.565
constant_res_val: 0.434
constant_ics_val: 1.987
constant_bcs_val: 0.561
constant_res_val: 0.452
It: 500, Loss: 1.604e+02, loss_ics: 2.630e+01, loss_bcs: 1.665e+01, Loss_r: 2.187e+02, Time: 0.02
constant_ics_val: 2.003
constant_bcs_val: 0.561
constant_res_val: 0.436
constant_ics_val: 2.010
constant_bcs_val: 0.564
constant_res_val: 0.426
constant_ics_val: 1.975
constant_bcs_val: 0.547
constant_res_val: 0.478
constant_ics_val: 1.975
constant_bcs_val: 0.542
constant_res_val: 0.483
constant_ics_val: 1.979
constant_bcs_val: 0.551
constant_res_val: 0.469
constant_ics_val: 1.922
constant_bcs_val: 0.498
constant_res_val: 0.580
constant_ics_val: 1.944
constant_bcs_val: 0.503
constant_res_val: 0.554
constant_ics_val: 1.943
constant_bcs_val: 0.522
constant_res_val: 0.535
constant_ics_val: 1.934
constant_bcs_val: 0.541
constant_res_val: 0.524
constant_ics_val: 1.942
constant_bcs_val: 0.548
constant_res_val: 0.510
It: 600, Loss: 1.134e+02, loss_ics: 2.381e+01, loss_bcs: 1.545e+01, Loss_r: 1.151e+02, Time: 0.02
constant_ics_val: 1.942
constant_bcs_val: 0.556
constant_res_val: 0.503
constant_ics_val: 1.916
constant_bcs_val: 0.546
constant_res_val: 0.538
constant_ics_val: 1.938
constant_bcs_val: 0.540
constant_res_val: 0.522
constant_ics_val: 1.937
constant_bcs_val: 0.537
constant_res_val: 0.526
constant_ics_val: 1.927
constant_bcs_val: 0.522
constant_res_val: 0.551
constant_ics_val: 1.915
constant_bcs_val: 0.496
constant_res_val: 0.589
constant_ics_val: 1.922
constant_bcs_val: 0.529
constant_res_val: 0.549
constant_ics_val: 1.899
constant_bcs_val: 0.508
constant_res_val: 0.593
constant_ics_val: 1.933
constant_bcs_val: 0.524
constant_res_val: 0.543
constant_ics_val: 1.922
constant_bcs_val: 0.526
constant_res_val: 0.552
It: 700, Loss: 1.455e+02, loss_ics: 2.439e+01, loss_bcs: 1.416e+01, Loss_r: 1.652e+02, Time: 0.02
constant_ics_val: 1.921
constant_bcs_val: 0.503
constant_res_val: 0.576
constant_ics_val: 1.911
constant_bcs_val: 0.531
constant_res_val: 0.557
constant_ics_val: 1.878
constant_bcs_val: 0.491
constant_res_val: 0.631
constant_ics_val: 1.917
constant_bcs_val: 0.507
constant_res_val: 0.576
constant_ics_val: 1.928
constant_bcs_val: 0.531
constant_res_val: 0.542
constant_ics_val: 1.919
constant_bcs_val: 0.513
constant_res_val: 0.568
constant_ics_val: 1.913
constant_bcs_val: 0.534
constant_res_val: 0.553
constant_ics_val: 1.909
constant_bcs_val: 0.537
constant_res_val: 0.554
constant_ics_val: 1.951
constant_bcs_val: 0.530
constant_res_val: 0.519
constant_ics_val: 1.918
constant_bcs_val: 0.513
constant_res_val: 0.570
It: 800, Loss: 8.523e+01, loss_ics: 1.667e+01, loss_bcs: 1.340e+01, Loss_r: 8.144e+01, Time: 0.03
constant_ics_val: 1.938
constant_bcs_val: 0.524
constant_res_val: 0.538
constant_ics_val: 1.933
constant_bcs_val: 0.517
constant_res_val: 0.550
constant_ics_val: 1.949
constant_bcs_val: 0.536
constant_res_val: 0.515
constant_ics_val: 1.933
constant_bcs_val: 0.521
constant_res_val: 0.546
constant_ics_val: 1.926
constant_bcs_val: 0.512
constant_res_val: 0.562
constant_ics_val: 1.905
constant_bcs_val: 0.521
constant_res_val: 0.575
constant_ics_val: 1.917
constant_bcs_val: 0.528
constant_res_val: 0.556
constant_ics_val: 1.937
constant_bcs_val: 0.537
constant_res_val: 0.526
constant_ics_val: 1.941
constant_bcs_val: 0.535
constant_res_val: 0.524
constant_ics_val: 1.944
constant_bcs_val: 0.547
constant_res_val: 0.510
It: 900, Loss: 7.375e+01, loss_ics: 1.274e+01, loss_bcs: 1.242e+01, Loss_r: 8.280e+01, Time: 0.02
constant_ics_val: 1.943
constant_bcs_val: 0.550
constant_res_val: 0.506
constant_ics_val: 1.884
constant_bcs_val: 0.486
constant_res_val: 0.630
constant_ics_val: 1.898
constant_bcs_val: 0.487
constant_res_val: 0.615
constant_ics_val: 1.913
constant_bcs_val: 0.497
constant_res_val: 0.590
constant_ics_val: 1.870
constant_bcs_val: 0.457
constant_res_val: 0.672
constant_ics_val: 1.886
constant_bcs_val: 0.468
constant_res_val: 0.646
constant_ics_val: 1.903
constant_bcs_val: 0.489
constant_res_val: 0.608
constant_ics_val: 1.923
constant_bcs_val: 0.511
constant_res_val: 0.566
constant_ics_val: 1.927
constant_bcs_val: 0.512
constant_res_val: 0.560
constant_ics_val: 1.911
constant_bcs_val: 0.485
constant_res_val: 0.604
It: 1000, Loss: 5.099e+01, loss_ics: 1.330e+01, loss_bcs: 1.171e+01, Loss_r: 3.294e+01, Time: 0.02
constant_ics_val: 1.924
constant_bcs_val: 0.485
constant_res_val: 0.591
Gradients information stored ...
constant_ics_val: 1.935
constant_bcs_val: 0.495
constant_res_val: 0.570
constant_ics_val: 1.884
constant_bcs_val: 0.447
constant_res_val: 0.669
constant_ics_val: 1.897
constant_bcs_val: 0.445
constant_res_val: 0.658
constant_ics_val: 1.906
constant_bcs_val: 0.474
constant_res_val: 0.620
constant_ics_val: 1.927
constant_bcs_val: 0.495
constant_res_val: 0.578
constant_ics_val: 1.930
constant_bcs_val: 0.503
constant_res_val: 0.567
constant_ics_val: 1.932
constant_bcs_val: 0.503
constant_res_val: 0.566
constant_ics_val: 1.924
constant_bcs_val: 0.503
constant_res_val: 0.574
constant_ics_val: 1.932
constant_bcs_val: 0.512
constant_res_val: 0.556
It: 1100, Loss: 5.537e+01, loss_ics: 1.344e+01, loss_bcs: 1.131e+01, Loss_r: 4.247e+01, Time: 0.03
constant_ics_val: 1.885
constant_bcs_val: 0.466
constant_res_val: 0.649
constant_ics_val: 1.879
constant_bcs_val: 0.459
constant_res_val: 0.662
constant_ics_val: 1.884
constant_bcs_val: 0.462
constant_res_val: 0.654
constant_ics_val: 1.887
constant_bcs_val: 0.492
constant_res_val: 0.621
constant_ics_val: 1.909
constant_bcs_val: 0.506
constant_res_val: 0.585
constant_ics_val: 1.893
constant_bcs_val: 0.499
constant_res_val: 0.608
constant_ics_val: 1.929
constant_bcs_val: 0.521
constant_res_val: 0.550
constant_ics_val: 1.916
constant_bcs_val: 0.498
constant_res_val: 0.586
