It: 0, Loss: 2.054e+00, loss_bcs: 1.180e+00, Loss_r: 8.743e-01, Time: 33.19
adaptive_constant_bcs1_val: 1.913e+03
adaptive_constant_res_val: 4.704e+03
mean_grad_res: 2.126e-01
mean_grad_bcs: 5.227e-01
Gradients information stored ...
It: 100, Loss: 2.247e+02, loss_bcs: 1.041e-01, Loss_r: 5.406e-03, Time: 0.13
adaptive_constant_bcs1_val: 1.913e+03
adaptive_constant_res_val: 4.704e+03
mean_grad_res: 2.126e-01
mean_grad_bcs: 5.227e-01
Gradients information stored ...
It: 200, Loss: 1.289e+02, loss_bcs: 5.962e-02, Loss_r: 3.152e-03, Time: 0.06
adaptive_constant_bcs1_val: 1.913e+03
adaptive_constant_res_val: 4.704e+03
mean_grad_res: 2.126e-01
mean_grad_bcs: 5.227e-01
It: 300, Loss: 9.666e+01, loss_bcs: 4.260e-02, Loss_r: 3.223e-03, Time: 0.08
adaptive_constant_bcs1_val: 1.913e+03
adaptive_constant_res_val: 4.704e+03
mean_grad_res: 2.126e-01
mean_grad_bcs: 5.227e-01
It: 400, Loss: 8.227e+01, loss_bcs: 3.312e-02, Loss_r: 4.019e-03, Time: 0.29
adaptive_constant_bcs1_val: 1.913e+03
adaptive_constant_res_val: 4.704e+03
mean_grad_res: 2.126e-01
mean_grad_bcs: 5.227e-01
It: 500, Loss: 7.541e+01, loss_bcs: 3.494e-02, Loss_r: 1.819e-03, Time: 0.05
adaptive_constant_bcs1_val: 1.913e+03
adaptive_constant_res_val: 4.704e+03
mean_grad_res: 2.126e-01
mean_grad_bcs: 5.227e-01
It: 600, Loss: 6.947e+01, loss_bcs: 2.829e-02, Loss_r: 3.262e-03, Time: 0.06
adaptive_constant_bcs1_val: 1.913e+03
adaptive_constant_res_val: 4.704e+03
mean_grad_res: 2.126e-01
mean_grad_bcs: 5.227e-01
It: 700, Loss: 8.443e+01, loss_bcs: 3.917e-02, Loss_r: 2.019e-03, Time: 0.05
adaptive_constant_bcs1_val: 1.913e+03
adaptive_constant_res_val: 4.704e+03
mean_grad_res: 2.126e-01
mean_grad_bcs: 5.227e-01
It: 800, Loss: 8.421e+01, loss_bcs: 4.101e-02, Loss_r: 1.221e-03, Time: 0.09
adaptive_constant_bcs1_val: 1.913e+03
adaptive_constant_res_val: 4.704e+03
mean_grad_res: 2.126e-01
mean_grad_bcs: 5.227e-01
It: 900, Loss: 7.641e+01, loss_bcs: 3.514e-02, Loss_r: 1.952e-03, Time: 0.09
adaptive_constant_bcs1_val: 1.913e+03
adaptive_constant_res_val: 4.704e+03
mean_grad_res: 2.126e-01
mean_grad_bcs: 5.227e-01
It: 1000, Loss: 7.944e+01, loss_bcs: 3.926e-02, Loss_r: 9.206e-04, Time: 0.05
adaptive_constant_bcs1_val: 1.913e+03
adaptive_constant_res_val: 4.704e+03
mean_grad_res: 2.126e-01
mean_grad_bcs: 5.227e-01
Gradients information stored ...
It: 1100, Loss: 7.633e+01, loss_bcs: 3.838e-02, Loss_r: 6.165e-04, Time: 0.04
adaptive_constant_bcs1_val: 1.913e+03
adaptive_constant_res_val: 4.704e+03
mean_grad_res: 2.126e-01
mean_grad_bcs: 5.227e-01
It: 1200, Loss: 5.735e+01, loss_bcs: 2.679e-02, Loss_r: 1.293e-03, Time: 0.04
adaptive_constant_bcs1_val: 1.913e+03
adaptive_constant_res_val: 4.704e+03
mean_grad_res: 2.126e-01
mean_grad_bcs: 5.227e-01
It: 1300, Loss: 6.586e+01, loss_bcs: 3.195e-02, Loss_r: 1.007e-03, Time: 0.04
adaptive_constant_bcs1_val: 1.913e+03
adaptive_constant_res_val: 4.704e+03
mean_grad_res: 2.126e-01
mean_grad_bcs: 5.227e-01
It: 1400, Loss: 5.174e+01, loss_bcs: 2.484e-02, Loss_r: 8.955e-04, Time: 0.04
adaptive_constant_bcs1_val: 1.913e+03
adaptive_constant_res_val: 4.704e+03
mean_grad_res: 2.126e-01
mean_grad_bcs: 5.227e-01
It: 1500, Loss: 7.490e+01, loss_bcs: 3.565e-02, Loss_r: 1.422e-03, Time: 0.04
adaptive_constant_bcs1_val: 1.913e+03
adaptive_constant_res_val: 4.704e+03
mean_grad_res: 2.126e-01
mean_grad_bcs: 5.227e-01
It: 1600, Loss: 6.817e+01, loss_bcs: 3.323e-02, Loss_r: 9.786e-04, Time: 0.16
adaptive_constant_bcs1_val: 1.913e+03
adaptive_constant_res_val: 4.704e+03
mean_grad_res: 2.126e-01
mean_grad_bcs: 5.227e-01
It: 1700, Loss: 7.313e+01, loss_bcs: 3.471e-02, Loss_r: 1.428e-03, Time: 0.04
adaptive_constant_bcs1_val: 1.913e+03
adaptive_constant_res_val: 4.704e+03
mean_grad_res: 2.126e-01
mean_grad_bcs: 5.227e-01
It: 1800, Loss: 5.551e+01, loss_bcs: 2.768e-02, Loss_r: 5.406e-04, Time: 0.05
adaptive_constant_bcs1_val: 1.913e+03
adaptive_constant_res_val: 4.704e+03
mean_grad_res: 2.126e-01
mean_grad_bcs: 5.227e-01
It: 1900, Loss: 6.538e+01, loss_bcs: 2.995e-02, Loss_r: 1.716e-03, Time: 0.04
adaptive_constant_bcs1_val: 1.913e+03
adaptive_constant_res_val: 4.704e+03
mean_grad_res: 2.126e-01
mean_grad_bcs: 5.227e-01
It: 2000, Loss: 6.018e+01, loss_bcs: 2.977e-02, Loss_r: 6.841e-04, Time: 0.04
adaptive_constant_bcs1_val: 1.913e+03
adaptive_constant_res_val: 4.704e+03
mean_grad_res: 2.126e-01
mean_grad_bcs: 5.227e-01
It: 2100, Loss: 8.322e+01, loss_bcs: 4.009e-02, Loss_r: 1.388e-03, Time: 0.14
adaptive_constant_bcs1_val: 1.913e+03
adaptive_constant_res_val: 4.704e+03
mean_grad_res: 2.126e-01
mean_grad_bcs: 5.227e-01
It: 2200, Loss: 8.504e+01, loss_bcs: 4.241e-02, Loss_r: 8.269e-04, Time: 0.07
adaptive_constant_bcs1_val: 1.913e+03
adaptive_constant_res_val: 4.704e+03
mean_grad_res: 2.126e-01
mean_grad_bcs: 5.227e-01
It: 2300, Loss: 7.039e+01, loss_bcs: 3.347e-02, Loss_r: 1.349e-03, Time: 0.04
adaptive_constant_bcs1_val: 1.913e+03
adaptive_constant_res_val: 4.704e+03
mean_grad_res: 2.126e-01
mean_grad_bcs: 5.227e-01
It: 2400, Loss: 4.944e+01, loss_bcs: 2.214e-02, Loss_r: 1.505e-03, Time: 0.13
adaptive_constant_bcs1_val: 1.913e+03
adaptive_constant_res_val: 4.704e+03
mean_grad_res: 2.126e-01
mean_grad_bcs: 5.227e-01
It: 2500, Loss: 6.038e+01, loss_bcs: 2.873e-02, Loss_r: 1.152e-03, Time: 0.13
adaptive_constant_bcs1_val: 1.913e+03
adaptive_constant_res_val: 4.704e+03
mean_grad_res: 2.126e-01
mean_grad_bcs: 5.227e-01
It: 2600, Loss: 7.658e+01, loss_bcs: 3.696e-02, Loss_r: 1.245e-03, Time: 0.05
adaptive_constant_bcs1_val: 1.913e+03
adaptive_constant_res_val: 4.704e+03
mean_grad_res: 2.126e-01
mean_grad_bcs: 5.227e-01
It: 2700, Loss: 6.881e+01, loss_bcs: 3.193e-02, Loss_r: 1.639e-03, Time: 0.22
adaptive_constant_bcs1_val: 1.913e+03
adaptive_constant_res_val: 4.704e+03
mean_grad_res: 2.126e-01
mean_grad_bcs: 5.227e-01
It: 2800, Loss: 5.225e+01, loss_bcs: 2.439e-02, Loss_r: 1.188e-03, Time: 0.14
adaptive_constant_bcs1_val: 1.913e+03
adaptive_constant_res_val: 4.704e+03
mean_grad_res: 2.126e-01
mean_grad_bcs: 5.227e-01
It: 2900, Loss: 6.478e+01, loss_bcs: 3.006e-02, Loss_r: 1.547e-03, Time: 0.06
adaptive_constant_bcs1_val: 1.913e+03
adaptive_constant_res_val: 4.704e+03
mean_grad_res: 2.126e-01
mean_grad_bcs: 5.227e-01
It: 3000, Loss: 6.246e+01, loss_bcs: 2.651e-02, Loss_r: 2.497e-03, Time: 0.14
adaptive_constant_bcs1_val: 1.913e+03
adaptive_constant_res_val: 4.704e+03
mean_grad_res: 2.126e-01
mean_grad_bcs: 5.227e-01
It: 3100, Loss: 7.824e+01, loss_bcs: 2.897e-02, Loss_r: 4.847e-03, Time: 0.15
adaptive_constant_bcs1_val: 1.913e+03
adaptive_constant_res_val: 4.704e+03
mean_grad_res: 2.126e-01
mean_grad_bcs: 5.227e-01
It: 3200, Loss: 7.228e+01, loss_bcs: 3.492e-02, Loss_r: 1.161e-03, Time: 0.05
adaptive_constant_bcs1_val: 1.913e+03
adaptive_constant_res_val: 4.704e+03
mean_grad_res: 2.126e-01
mean_grad_bcs: 5.227e-01
It: 3300, Loss: 6.715e+01, loss_bcs: 2.890e-02, Loss_r: 2.520e-03, Time: 0.15
adaptive_constant_bcs1_val: 1.913e+03
adaptive_constant_res_val: 4.704e+03
mean_grad_res: 2.126e-01
mean_grad_bcs: 5.227e-01
It: 3400, Loss: 4.598e+01, loss_bcs: 2.161e-02, Loss_r: 9.830e-04, Time: 0.20
adaptive_constant_bcs1_val: 1.913e+03
adaptive_constant_res_val: 4.704e+03
mean_grad_res: 2.126e-01
mean_grad_bcs: 5.227e-01
It: 3500, Loss: 6.196e+01, loss_bcs: 3.041e-02, Loss_r: 8.032e-04, Time: 0.14
adaptive_constant_bcs1_val: 1.913e+03
adaptive_constant_res_val: 4.704e+03
mean_grad_res: 2.126e-01
mean_grad_bcs: 5.227e-01
It: 3600, Loss: 6.380e+01, loss_bcs: 2.944e-02, Loss_r: 1.587e-03, Time: 0.13
adaptive_constant_bcs1_val: 1.913e+03
adaptive_constant_res_val: 4.704e+03
mean_grad_res: 2.126e-01
mean_grad_bcs: 5.227e-01
It: 3700, Loss: 7.990e+01, loss_bcs: 3.597e-02, Loss_r: 2.354e-03, Time: 0.18
adaptive_constant_bcs1_val: 1.913e+03
adaptive_constant_res_val: 4.704e+03
mean_grad_res: 2.126e-01
mean_grad_bcs: 5.227e-01
It: 3800, Loss: 5.748e+01, loss_bcs: 2.799e-02, Loss_r: 8.337e-04, Time: 0.17
adaptive_constant_bcs1_val: 1.913e+03
adaptive_constant_res_val: 4.704e+03
mean_grad_res: 2.126e-01
mean_grad_bcs: 5.227e-01
It: 3900, Loss: 6.075e+01, loss_bcs: 2.540e-02, Loss_r: 2.583e-03, Time: 0.14
adaptive_constant_bcs1_val: 1.913e+03
adaptive_constant_res_val: 4.704e+03
mean_grad_res: 2.126e-01
mean_grad_bcs: 5.227e-01
It: 4000, Loss: 7.800e+01, loss_bcs: 3.783e-02, Loss_r: 1.195e-03, Time: 0.22
adaptive_constant_bcs1_val: 1.913e+03
adaptive_constant_res_val: 4.704e+03
mean_grad_res: 2.126e-01
mean_grad_bcs: 5.227e-01
It: 4100, Loss: 6.026e+01, loss_bcs: 2.831e-02, Loss_r: 1.297e-03, Time: 0.22
adaptive_constant_bcs1_val: 1.913e+03
adaptive_constant_res_val: 4.704e+03
mean_grad_res: 2.126e-01
mean_grad_bcs: 5.227e-01
It: 4200, Loss: 5.728e+01, loss_bcs: 2.722e-02, Loss_r: 1.108e-03, Time: 0.24
adaptive_constant_bcs1_val: 1.913e+03
adaptive_constant_res_val: 4.704e+03
mean_grad_res: 2.126e-01
mean_grad_bcs: 5.227e-01
It: 4300, Loss: 6.441e+01, loss_bcs: 3.062e-02, Loss_r: 1.238e-03, Time: 0.35
adaptive_constant_bcs1_val: 1.913e+03
adaptive_constant_res_val: 4.704e+03
mean_grad_res: 2.126e-01
mean_grad_bcs: 5.227e-01
It: 4400, Loss: 5.829e+01, loss_bcs: 2.583e-02, Loss_r: 1.884e-03, Time: 0.22
adaptive_constant_bcs1_val: 1.913e+03
adaptive_constant_res_val: 4.704e+03
mean_grad_res: 2.126e-01
mean_grad_bcs: 5.227e-01
It: 4500, Loss: 6.608e+01, loss_bcs: 3.237e-02, Loss_r: 8.822e-04, Time: 0.17
adaptive_constant_bcs1_val: 1.913e+03
adaptive_constant_res_val: 4.704e+03
mean_grad_res: 2.126e-01
mean_grad_bcs: 5.227e-01
It: 4600, Loss: 5.183e+01, loss_bcs: 2.410e-02, Loss_r: 1.215e-03, Time: 0.16
adaptive_constant_bcs1_val: 1.913e+03
adaptive_constant_res_val: 4.704e+03
mean_grad_res: 2.126e-01
mean_grad_bcs: 5.227e-01
It: 4700, Loss: 5.494e+01, loss_bcs: 2.577e-02, Loss_r: 1.200e-03, Time: 0.18
adaptive_constant_bcs1_val: 1.913e+03
adaptive_constant_res_val: 4.704e+03
mean_grad_res: 2.126e-01
mean_grad_bcs: 5.227e-01
It: 4800, Loss: 6.595e+01, loss_bcs: 2.882e-02, Loss_r: 2.299e-03, Time: 0.18
adaptive_constant_bcs1_val: 1.913e+03
adaptive_constant_res_val: 4.704e+03
mean_grad_res: 2.126e-01
mean_grad_bcs: 5.227e-01
It: 4900, Loss: 5.176e+01, loss_bcs: 2.368e-02, Loss_r: 1.371e-03, Time: 0.21
adaptive_constant_bcs1_val: 1.913e+03
adaptive_constant_res_val: 4.704e+03
mean_grad_res: 2.126e-01
mean_grad_bcs: 5.227e-01
It: 5000, Loss: 5.723e+01, loss_bcs: 2.731e-02, Loss_r: 1.060e-03, Time: 0.19
adaptive_constant_bcs1_val: 1.913e+03
adaptive_constant_res_val: 4.704e+03
mean_grad_res: 2.126e-01
mean_grad_bcs: 5.227e-01
It: 5100, Loss: 5.406e+01, loss_bcs: 2.479e-02, Loss_r: 1.410e-03, Time: 0.24
adaptive_constant_bcs1_val: 1.913e+03
adaptive_constant_res_val: 4.704e+03
mean_grad_res: 2.126e-01
mean_grad_bcs: 5.227e-01
It: 5200, Loss: 5.221e+01, loss_bcs: 2.239e-02, Loss_r: 1.991e-03, Time: 0.17
adaptive_constant_bcs1_val: 1.913e+03
adaptive_constant_res_val: 4.704e+03
mean_grad_res: 2.126e-01
mean_grad_bcs: 5.227e-01
It: 5300, Loss: 6.036e+01, loss_bcs: 2.894e-02, Loss_r: 1.061e-03, Time: 0.20
adaptive_constant_bcs1_val: 1.913e+03
adaptive_constant_res_val: 4.704e+03
mean_grad_res: 2.126e-01
mean_grad_bcs: 5.227e-01
It: 5400, Loss: 4.445e+01, loss_bcs: 1.946e-02, Loss_r: 1.532e-03, Time: 0.23
adaptive_constant_bcs1_val: 1.913e+03
adaptive_constant_res_val: 4.704e+03
mean_grad_res: 2.126e-01
mean_grad_bcs: 5.227e-01
It: 5500, Loss: 5.791e+01, loss_bcs: 2.700e-02, Loss_r: 1.331e-03, Time: 0.08
adaptive_constant_bcs1_val: 1.913e+03
adaptive_constant_res_val: 4.704e+03
mean_grad_res: 2.126e-01
mean_grad_bcs: 5.227e-01
It: 5600, Loss: 4.880e+01, loss_bcs: 2.262e-02, Loss_r: 1.176e-03, Time: 0.20
adaptive_constant_bcs1_val: 1.913e+03
adaptive_constant_res_val: 4.704e+03
mean_grad_res: 2.126e-01
mean_grad_bcs: 5.227e-01
It: 5700, Loss: 4.611e+01, loss_bcs: 2.134e-02, Loss_r: 1.122e-03, Time: 0.19
adaptive_constant_bcs1_val: 1.913e+03
adaptive_constant_res_val: 4.704e+03
mean_grad_res: 2.126e-01
mean_grad_bcs: 5.227e-01
It: 5800, Loss: 5.839e+01, loss_bcs: 2.832e-02, Loss_r: 8.945e-04, Time: 0.06
adaptive_constant_bcs1_val: 1.913e+03
adaptive_constant_res_val: 4.704e+03
mean_grad_res: 2.126e-01
mean_grad_bcs: 5.227e-01
It: 5900, Loss: 7.056e+01, loss_bcs: 3.322e-02, Loss_r: 1.490e-03, Time: 0.05
adaptive_constant_bcs1_val: 1.913e+03
adaptive_constant_res_val: 4.704e+03
mean_grad_res: 2.126e-01
mean_grad_bcs: 5.227e-01
It: 6000, Loss: 6.139e+01, loss_bcs: 2.795e-02, Loss_r: 1.683e-03, Time: 0.06
adaptive_constant_bcs1_val: 1.913e+03
adaptive_constant_res_val: 4.704e+03
mean_grad_res: 2.126e-01
mean_grad_bcs: 5.227e-01
It: 6100, Loss: 6.569e+01, loss_bcs: 3.138e-02, Loss_r: 1.201e-03, Time: 0.07
adaptive_constant_bcs1_val: 1.913e+03
adaptive_constant_res_val: 4.704e+03
mean_grad_res: 2.126e-01
mean_grad_bcs: 5.227e-01
It: 6200, Loss: 5.189e+01, loss_bcs: 2.311e-02, Loss_r: 1.633e-03, Time: 0.12
adaptive_constant_bcs1_val: 1.913e+03
adaptive_constant_res_val: 4.704e+03
mean_grad_res: 2.126e-01
mean_grad_bcs: 5.227e-01
It: 6300, Loss: 4.483e+01, loss_bcs: 1.919e-02, Loss_r: 1.727e-03, Time: 0.16
adaptive_constant_bcs1_val: 1.913e+03
adaptive_constant_res_val: 4.704e+03
mean_grad_res: 2.126e-01
mean_grad_bcs: 5.227e-01
It: 6400, Loss: 5.102e+01, loss_bcs: 2.438e-02, Loss_r: 9.304e-04, Time: 0.14
adaptive_constant_bcs1_val: 1.913e+03
adaptive_constant_res_val: 4.704e+03
mean_grad_res: 2.126e-01
mean_grad_bcs: 5.227e-01
It: 6500, Loss: 6.397e+01, loss_bcs: 2.922e-02, Loss_r: 1.713e-03, Time: 0.13
adaptive_constant_bcs1_val: 1.913e+03
adaptive_constant_res_val: 4.704e+03
mean_grad_res: 2.126e-01
mean_grad_bcs: 5.227e-01
It: 6600, Loss: 7.602e+01, loss_bcs: 3.097e-02, Loss_r: 3.566e-03, Time: 0.11
adaptive_constant_bcs1_val: 1.913e+03
adaptive_constant_res_val: 4.704e+03
mean_grad_res: 2.126e-01
mean_grad_bcs: 5.227e-01
It: 6700, Loss: 5.148e+01, loss_bcs: 2.361e-02, Loss_r: 1.341e-03, Time: 0.12
adaptive_constant_bcs1_val: 1.913e+03
adaptive_constant_res_val: 4.704e+03
mean_grad_res: 2.126e-01
mean_grad_bcs: 5.227e-01
It: 6800, Loss: 4.822e+01, loss_bcs: 2.129e-02, Loss_r: 1.592e-03, Time: 0.06
adaptive_constant_bcs1_val: 1.913e+03
adaptive_constant_res_val: 4.704e+03
mean_grad_res: 2.126e-01
mean_grad_bcs: 5.227e-01
It: 6900, Loss: 3.865e+01, loss_bcs: 1.765e-02, Loss_r: 1.036e-03, Time: 0.12
adaptive_constant_bcs1_val: 1.913e+03
adaptive_constant_res_val: 4.704e+03
mean_grad_res: 2.126e-01
mean_grad_bcs: 5.227e-01
It: 7000, Loss: 3.630e+01, loss_bcs: 1.709e-02, Loss_r: 7.663e-04, Time: 0.13
adaptive_constant_bcs1_val: 1.913e+03
adaptive_constant_res_val: 4.704e+03
mean_grad_res: 2.126e-01
mean_grad_bcs: 5.227e-01
It: 7100, Loss: 5.636e+01, loss_bcs: 2.648e-02, Loss_r: 1.211e-03, Time: 0.13
adaptive_constant_bcs1_val: 1.913e+03
adaptive_constant_res_val: 4.704e+03
mean_grad_res: 2.126e-01
mean_grad_bcs: 5.227e-01
It: 7200, Loss: 5.505e+01, loss_bcs: 2.512e-02, Loss_r: 1.487e-03, Time: 0.13
adaptive_constant_bcs1_val: 1.913e+03
adaptive_constant_res_val: 4.704e+03
mean_grad_res: 2.126e-01
mean_grad_bcs: 5.227e-01
It: 7300, Loss: 5.498e+01, loss_bcs: 2.572e-02, Loss_r: 1.227e-03, Time: 0.13
adaptive_constant_bcs1_val: 1.913e+03
adaptive_constant_res_val: 4.704e+03
mean_grad_res: 2.126e-01
mean_grad_bcs: 5.227e-01
It: 7400, Loss: 5.514e+01, loss_bcs: 2.606e-02, Loss_r: 1.122e-03, Time: 0.14
adaptive_constant_bcs1_val: 1.913e+03
adaptive_constant_res_val: 4.704e+03
mean_grad_res: 2.126e-01
mean_grad_bcs: 5.227e-01
It: 7500, Loss: 5.378e+01, loss_bcs: 2.564e-02, Loss_r: 1.006e-03, Time: 0.12
adaptive_constant_bcs1_val: 1.913e+03
adaptive_constant_res_val: 4.704e+03
mean_grad_res: 2.126e-01
mean_grad_bcs: 5.227e-01
It: 7600, Loss: 6.018e+01, loss_bcs: 2.842e-02, Loss_r: 1.236e-03, Time: 0.12
adaptive_constant_bcs1_val: 1.913e+03
adaptive_constant_res_val: 4.704e+03
mean_grad_res: 2.126e-01
mean_grad_bcs: 5.227e-01
It: 7700, Loss: 4.272e+01, loss_bcs: 1.889e-02, Loss_r: 1.399e-03, Time: 0.13
adaptive_constant_bcs1_val: 1.913e+03
adaptive_constant_res_val: 4.704e+03
mean_grad_res: 2.126e-01
mean_grad_bcs: 5.227e-01
It: 7800, Loss: 3.932e+01, loss_bcs: 1.808e-02, Loss_r: 1.007e-03, Time: 0.12
adaptive_constant_bcs1_val: 1.913e+03
adaptive_constant_res_val: 4.704e+03
mean_grad_res: 2.126e-01
mean_grad_bcs: 5.227e-01
It: 7900, Loss: 6.453e+01, loss_bcs: 3.009e-02, Loss_r: 1.480e-03, Time: 0.64
adaptive_constant_bcs1_val: 1.913e+03
adaptive_constant_res_val: 4.704e+03
mean_grad_res: 2.126e-01
mean_grad_bcs: 5.227e-01
It: 8000, Loss: 3.875e+01, loss_bcs: 1.725e-02, Loss_r: 1.224e-03, Time: 0.13
adaptive_constant_bcs1_val: 1.913e+03
adaptive_constant_res_val: 4.704e+03
mean_grad_res: 2.126e-01
mean_grad_bcs: 5.227e-01
It: 8100, Loss: 5.105e+01, loss_bcs: 2.368e-02, Loss_r: 1.221e-03, Time: 0.13
adaptive_constant_bcs1_val: 1.913e+03
adaptive_constant_res_val: 4.704e+03
mean_grad_res: 2.126e-01
mean_grad_bcs: 5.227e-01
It: 8200, Loss: 5.467e+01, loss_bcs: 2.594e-02, Loss_r: 1.071e-03, Time: 0.15
adaptive_constant_bcs1_val: 1.913e+03
adaptive_constant_res_val: 4.704e+03
mean_grad_res: 2.126e-01
mean_grad_bcs: 5.227e-01
It: 8300, Loss: 4.897e+01, loss_bcs: 2.252e-02, Loss_r: 1.254e-03, Time: 0.13
adaptive_constant_bcs1_val: 1.913e+03
adaptive_constant_res_val: 4.704e+03
mean_grad_res: 2.126e-01
mean_grad_bcs: 5.227e-01
It: 8400, Loss: 5.475e+01, loss_bcs: 2.676e-02, Loss_r: 7.541e-04, Time: 0.14
adaptive_constant_bcs1_val: 1.913e+03
adaptive_constant_res_val: 4.704e+03
mean_grad_res: 2.126e-01
mean_grad_bcs: 5.227e-01
It: 8500, Loss: 4.909e+01, loss_bcs: 2.141e-02, Loss_r: 1.729e-03, Time: 0.12
adaptive_constant_bcs1_val: 1.913e+03
adaptive_constant_res_val: 4.704e+03
mean_grad_res: 2.126e-01
mean_grad_bcs: 5.227e-01
It: 8600, Loss: 3.802e+01, loss_bcs: 1.672e-02, Loss_r: 1.282e-03, Time: 0.12
adaptive_constant_bcs1_val: 1.913e+03
adaptive_constant_res_val: 4.704e+03
mean_grad_res: 2.126e-01
mean_grad_bcs: 5.227e-01
It: 8700, Loss: 4.405e+01, loss_bcs: 2.038e-02, Loss_r: 1.075e-03, Time: 0.12
adaptive_constant_bcs1_val: 1.913e+03
adaptive_constant_res_val: 4.704e+03
mean_grad_res: 2.126e-01
mean_grad_bcs: 5.227e-01
It: 8800, Loss: 3.825e+01, loss_bcs: 1.754e-02, Loss_r: 9.956e-04, Time: 0.13
adaptive_constant_bcs1_val: 1.913e+03
adaptive_constant_res_val: 4.704e+03
mean_grad_res: 2.126e-01
mean_grad_bcs: 5.227e-01
It: 8900, Loss: 4.533e+01, loss_bcs: 2.184e-02, Loss_r: 7.539e-04, Time: 0.13
adaptive_constant_bcs1_val: 1.913e+03
adaptive_constant_res_val: 4.704e+03
mean_grad_res: 2.126e-01
mean_grad_bcs: 5.227e-01
It: 9000, Loss: 4.398e+01, loss_bcs: 2.018e-02, Loss_r: 1.143e-03, Time: 0.12
adaptive_constant_bcs1_val: 1.913e+03
adaptive_constant_res_val: 4.704e+03
mean_grad_res: 2.126e-01
mean_grad_bcs: 5.227e-01
It: 9100, Loss: 3.331e+01, loss_bcs: 1.603e-02, Loss_r: 5.617e-04, Time: 0.12
adaptive_constant_bcs1_val: 1.913e+03
adaptive_constant_res_val: 4.704e+03
mean_grad_res: 2.126e-01
mean_grad_bcs: 5.227e-01
It: 9200, Loss: 4.492e+01, loss_bcs: 1.935e-02, Loss_r: 1.682e-03, Time: 0.12
adaptive_constant_bcs1_val: 1.913e+03
adaptive_constant_res_val: 4.704e+03
mean_grad_res: 2.126e-01
mean_grad_bcs: 5.227e-01
It: 9300, Loss: 5.081e+01, loss_bcs: 2.204e-02, Loss_r: 1.837e-03, Time: 0.12
adaptive_constant_bcs1_val: 1.913e+03
adaptive_constant_res_val: 4.704e+03
mean_grad_res: 2.126e-01
mean_grad_bcs: 5.227e-01
It: 9400, Loss: 5.593e+01, loss_bcs: 2.661e-02, Loss_r: 1.067e-03, Time: 0.12
adaptive_constant_bcs1_val: 1.913e+03
adaptive_constant_res_val: 4.704e+03
mean_grad_res: 2.126e-01
mean_grad_bcs: 5.227e-01
It: 9500, Loss: 5.331e+01, loss_bcs: 2.437e-02, Loss_r: 1.423e-03, Time: 0.12
adaptive_constant_bcs1_val: 1.913e+03
adaptive_constant_res_val: 4.704e+03
mean_grad_res: 2.126e-01
mean_grad_bcs: 5.227e-01
It: 9600, Loss: 2.704e+01, loss_bcs: 1.248e-02, Loss_r: 6.717e-04, Time: 0.11
adaptive_constant_bcs1_val: 1.913e+03
adaptive_constant_res_val: 4.704e+03
mean_grad_res: 2.126e-01
mean_grad_bcs: 5.227e-01
It: 9700, Loss: 4.958e+01, loss_bcs: 2.208e-02, Loss_r: 1.560e-03, Time: 0.12
adaptive_constant_bcs1_val: 1.913e+03
adaptive_constant_res_val: 4.704e+03
mean_grad_res: 2.126e-01
mean_grad_bcs: 5.227e-01
It: 9800, Loss: 3.965e+01, loss_bcs: 1.874e-02, Loss_r: 8.059e-04, Time: 0.12
adaptive_constant_bcs1_val: 1.913e+03
adaptive_constant_res_val: 4.704e+03
mean_grad_res: 2.126e-01
mean_grad_bcs: 5.227e-01
It: 9900, Loss: 5.240e+01, loss_bcs: 2.290e-02, Loss_r: 1.826e-03, Time: 0.12
adaptive_constant_bcs1_val: 1.913e+03
adaptive_constant_res_val: 4.704e+03
mean_grad_res: 2.126e-01
mean_grad_bcs: 5.227e-01
It: 10000, Loss: 5.059e+01, loss_bcs: 2.191e-02, Loss_r: 1.844e-03, Time: 0.12
adaptive_constant_bcs1_val: 1.913e+03
adaptive_constant_res_val: 4.704e+03
mean_grad_res: 2.126e-01
mean_grad_bcs: 5.227e-01
It: 10100, Loss: 3.389e+01, loss_bcs: 1.595e-02, Loss_r: 7.193e-04, Time: 0.12
adaptive_constant_bcs1_val: 1.913e+03
adaptive_constant_res_val: 4.704e+03
mean_grad_res: 2.126e-01
mean_grad_bcs: 5.227e-01
It: 10200, Loss: 3.891e+01, loss_bcs: 1.615e-02, Loss_r: 1.701e-03, Time: 0.12
adaptive_constant_bcs1_val: 1.913e+03
adaptive_constant_res_val: 4.704e+03
mean_grad_res: 2.126e-01
mean_grad_bcs: 5.227e-01
It: 10300, Loss: 4.446e+01, loss_bcs: 2.150e-02, Loss_r: 7.094e-04, Time: 0.14
adaptive_constant_bcs1_val: 1.913e+03
adaptive_constant_res_val: 4.704e+03
mean_grad_res: 2.126e-01
mean_grad_bcs: 5.227e-01
It: 10400, Loss: 4.779e+01, loss_bcs: 1.584e-02, Loss_r: 3.717e-03, Time: 0.13
adaptive_constant_bcs1_val: 1.913e+03
adaptive_constant_res_val: 4.704e+03
mean_grad_res: 2.126e-01
mean_grad_bcs: 5.227e-01
It: 10500, Loss: 5.136e+01, loss_bcs: 2.336e-02, Loss_r: 1.419e-03, Time: 0.13
adaptive_constant_bcs1_val: 1.913e+03
adaptive_constant_res_val: 4.704e+03
mean_grad_res: 2.126e-01
mean_grad_bcs: 5.227e-01
It: 10600, Loss: 5.332e+01, loss_bcs: 2.442e-02, Loss_r: 1.405e-03, Time: 0.12
adaptive_constant_bcs1_val: 1.913e+03
adaptive_constant_res_val: 4.704e+03
mean_grad_res: 2.126e-01
mean_grad_bcs: 5.227e-01
It: 10700, Loss: 1.021e+02, loss_bcs: 2.128e-02, Loss_r: 1.304e-02, Time: 0.12
adaptive_constant_bcs1_val: 1.913e+03
adaptive_constant_res_val: 4.704e+03
mean_grad_res: 2.126e-01
mean_grad_bcs: 5.227e-01
It: 10800, Loss: 5.069e+01, loss_bcs: 2.488e-02, Loss_r: 6.559e-04, Time: 0.12
adaptive_constant_bcs1_val: 1.913e+03
adaptive_constant_res_val: 4.704e+03
mean_grad_res: 2.126e-01
mean_grad_bcs: 5.227e-01
It: 10900, Loss: 4.238e+01, loss_bcs: 1.744e-02, Loss_r: 1.916e-03, Time: 0.11
adaptive_constant_bcs1_val: 1.913e+03
adaptive_constant_res_val: 4.704e+03
mean_grad_res: 2.126e-01
mean_grad_bcs: 5.227e-01
It: 11000, Loss: 7.076e+01, loss_bcs: 3.503e-02, Loss_r: 7.954e-04, Time: 0.12
adaptive_constant_bcs1_val: 1.913e+03
adaptive_constant_res_val: 4.704e+03
mean_grad_res: 2.126e-01
mean_grad_bcs: 5.227e-01
It: 11100, Loss: 4.473e+01, loss_bcs: 2.213e-02, Loss_r: 5.092e-04, Time: 0.13
adaptive_constant_bcs1_val: 1.913e+03
adaptive_constant_res_val: 4.704e+03
mean_grad_res: 2.126e-01
mean_grad_bcs: 5.227e-01
It: 11200, Loss: 3.113e+01, loss_bcs: 1.473e-02, Loss_r: 6.274e-04, Time: 0.13
adaptive_constant_bcs1_val: 1.913e+03
adaptive_constant_res_val: 4.704e+03
mean_grad_res: 2.126e-01
mean_grad_bcs: 5.227e-01
It: 11300, Loss: 3.704e+01, loss_bcs: 1.710e-02, Loss_r: 9.206e-04, Time: 0.12
adaptive_constant_bcs1_val: 1.913e+03
adaptive_constant_res_val: 4.704e+03
mean_grad_res: 2.126e-01
mean_grad_bcs: 5.227e-01
It: 11400, Loss: 3.501e+01, loss_bcs: 1.586e-02, Loss_r: 9.892e-04, Time: 0.18
adaptive_constant_bcs1_val: 1.913e+03
adaptive_constant_res_val: 4.704e+03
mean_grad_res: 2.126e-01
mean_grad_bcs: 5.227e-01
It: 11500, Loss: 3.894e+01, loss_bcs: 1.790e-02, Loss_r: 9.959e-04, Time: 0.13
adaptive_constant_bcs1_val: 1.913e+03
adaptive_constant_res_val: 4.704e+03
mean_grad_res: 2.126e-01
mean_grad_bcs: 5.227e-01
It: 11600, Loss: 2.672e+01, loss_bcs: 1.257e-02, Loss_r: 5.691e-04, Time: 0.13
adaptive_constant_bcs1_val: 1.913e+03
adaptive_constant_res_val: 4.704e+03
mean_grad_res: 2.126e-01
mean_grad_bcs: 5.227e-01
It: 11700, Loss: 3.012e+01, loss_bcs: 1.495e-02, Loss_r: 3.200e-04, Time: 0.12
adaptive_constant_bcs1_val: 1.913e+03
adaptive_constant_res_val: 4.704e+03
mean_grad_res: 2.126e-01
mean_grad_bcs: 5.227e-01
It: 11800, Loss: 4.039e+01, loss_bcs: 1.940e-02, Loss_r: 6.968e-04, Time: 0.13
adaptive_constant_bcs1_val: 1.913e+03
adaptive_constant_res_val: 4.704e+03
mean_grad_res: 2.126e-01
mean_grad_bcs: 5.227e-01
It: 11900, Loss: 3.949e+01, loss_bcs: 1.486e-02, Loss_r: 2.351e-03, Time: 0.12
adaptive_constant_bcs1_val: 1.913e+03
adaptive_constant_res_val: 4.704e+03
mean_grad_res: 2.126e-01
mean_grad_bcs: 5.227e-01
It: 12000, Loss: 3.916e+01, loss_bcs: 1.714e-02, Loss_r: 1.353e-03, Time: 0.19
adaptive_constant_bcs1_val: 1.913e+03
adaptive_constant_res_val: 4.704e+03
mean_grad_res: 2.126e-01
mean_grad_bcs: 5.227e-01
It: 12100, Loss: 3.277e+01, loss_bcs: 1.559e-02, Loss_r: 6.256e-04, Time: 0.10
adaptive_constant_bcs1_val: 1.913e+03
adaptive_constant_res_val: 4.704e+03
mean_grad_res: 2.126e-01
mean_grad_bcs: 5.227e-01
It: 12200, Loss: 3.139e+01, loss_bcs: 1.518e-02, Loss_r: 4.975e-04, Time: 0.11
adaptive_constant_bcs1_val: 1.913e+03
adaptive_constant_res_val: 4.704e+03
mean_grad_res: 2.126e-01
mean_grad_bcs: 5.227e-01
It: 12300, Loss: 4.418e+01, loss_bcs: 1.949e-02, Loss_r: 1.467e-03, Time: 0.11
adaptive_constant_bcs1_val: 1.913e+03
adaptive_constant_res_val: 4.704e+03
mean_grad_res: 2.126e-01
mean_grad_bcs: 5.227e-01
It: 12400, Loss: 4.114e+01, loss_bcs: 1.597e-02, Loss_r: 2.252e-03, Time: 0.10
adaptive_constant_bcs1_val: 1.913e+03
adaptive_constant_res_val: 4.704e+03
mean_grad_res: 2.126e-01
mean_grad_bcs: 5.227e-01
It: 12500, Loss: 4.097e+01, loss_bcs: 1.956e-02, Loss_r: 7.516e-04, Time: 0.11
adaptive_constant_bcs1_val: 1.913e+03
adaptive_constant_res_val: 4.704e+03
mean_grad_res: 2.126e-01
mean_grad_bcs: 5.227e-01
It: 12600, Loss: 2.876e+01, loss_bcs: 1.352e-02, Loss_r: 6.153e-04, Time: 0.62
adaptive_constant_bcs1_val: 1.913e+03
adaptive_constant_res_val: 4.704e+03
mean_grad_res: 2.126e-01
mean_grad_bcs: 5.227e-01
It: 12700, Loss: 3.214e+01, loss_bcs: 1.528e-02, Loss_r: 6.173e-04, Time: 0.15
adaptive_constant_bcs1_val: 1.913e+03
adaptive_constant_res_val: 4.704e+03
mean_grad_res: 2.126e-01
mean_grad_bcs: 5.227e-01
It: 12800, Loss: 2.814e+01, loss_bcs: 1.252e-02, Loss_r: 8.888e-04, Time: 0.11
adaptive_constant_bcs1_val: 1.913e+03
adaptive_constant_res_val: 4.704e+03
mean_grad_res: 2.126e-01
mean_grad_bcs: 5.227e-01
It: 12900, Loss: 4.357e+01, loss_bcs: 1.886e-02, Loss_r: 1.592e-03, Time: 0.11
adaptive_constant_bcs1_val: 1.913e+03
adaptive_constant_res_val: 4.704e+03
mean_grad_res: 2.126e-01
mean_grad_bcs: 5.227e-01
It: 13000, Loss: 3.071e+01, loss_bcs: 1.480e-02, Loss_r: 5.078e-04, Time: 0.10
adaptive_constant_bcs1_val: 1.913e+03
adaptive_constant_res_val: 4.704e+03
mean_grad_res: 2.126e-01
mean_grad_bcs: 5.227e-01
It: 13100, Loss: 2.948e+01, loss_bcs: 1.288e-02, Loss_r: 1.030e-03, Time: 0.11
adaptive_constant_bcs1_val: 1.913e+03
adaptive_constant_res_val: 4.704e+03
mean_grad_res: 2.126e-01
mean_grad_bcs: 5.227e-01
It: 13200, Loss: 5.183e+01, loss_bcs: 1.974e-02, Loss_r: 2.991e-03, Time: 0.36
adaptive_constant_bcs1_val: 1.913e+03
adaptive_constant_res_val: 4.704e+03
mean_grad_res: 2.126e-01
mean_grad_bcs: 5.227e-01
It: 13300, Loss: 5.970e+01, loss_bcs: 1.945e-02, Loss_r: 4.780e-03, Time: 0.11
adaptive_constant_bcs1_val: 1.913e+03
adaptive_constant_res_val: 4.704e+03
mean_grad_res: 2.126e-01
mean_grad_bcs: 5.227e-01
It: 13400, Loss: 2.446e+01, loss_bcs: 1.070e-02, Loss_r: 8.498e-04, Time: 0.12
adaptive_constant_bcs1_val: 1.913e+03
adaptive_constant_res_val: 4.704e+03
mean_grad_res: 2.126e-01
mean_grad_bcs: 5.227e-01
It: 13500, Loss: 2.350e+01, loss_bcs: 1.037e-02, Loss_r: 7.771e-04, Time: 0.12
adaptive_constant_bcs1_val: 1.913e+03
adaptive_constant_res_val: 4.704e+03
mean_grad_res: 2.126e-01
mean_grad_bcs: 5.227e-01
It: 13600, Loss: 4.410e+01, loss_bcs: 2.156e-02, Loss_r: 6.032e-04, Time: 0.13
adaptive_constant_bcs1_val: 1.913e+03
adaptive_constant_res_val: 4.704e+03
mean_grad_res: 2.126e-01
mean_grad_bcs: 5.227e-01
It: 13700, Loss: 4.304e+01, loss_bcs: 1.986e-02, Loss_r: 1.075e-03, Time: 0.13
adaptive_constant_bcs1_val: 1.913e+03
adaptive_constant_res_val: 4.704e+03
mean_grad_res: 2.126e-01
mean_grad_bcs: 5.227e-01
It: 13800, Loss: 3.143e+01, loss_bcs: 1.269e-02, Loss_r: 1.520e-03, Time: 0.13
adaptive_constant_bcs1_val: 1.913e+03
adaptive_constant_res_val: 4.704e+03
mean_grad_res: 2.126e-01
mean_grad_bcs: 5.227e-01
It: 13900, Loss: 2.938e+01, loss_bcs: 1.340e-02, Loss_r: 7.970e-04, Time: 0.11
adaptive_constant_bcs1_val: 1.913e+03
adaptive_constant_res_val: 4.704e+03
mean_grad_res: 2.126e-01
mean_grad_bcs: 5.227e-01
It: 14000, Loss: 3.439e+01, loss_bcs: 1.687e-02, Loss_r: 4.501e-04, Time: 0.11
adaptive_constant_bcs1_val: 1.913e+03
adaptive_constant_res_val: 4.704e+03
mean_grad_res: 2.126e-01
mean_grad_bcs: 5.227e-01
It: 14100, Loss: 3.308e+01, loss_bcs: 1.410e-02, Loss_r: 1.299e-03, Time: 0.12
adaptive_constant_bcs1_val: 1.913e+03
adaptive_constant_res_val: 4.704e+03
mean_grad_res: 2.126e-01
mean_grad_bcs: 5.227e-01
It: 14200, Loss: 2.675e+01, loss_bcs: 1.241e-02, Loss_r: 6.394e-04, Time: 0.12
adaptive_constant_bcs1_val: 1.913e+03
adaptive_constant_res_val: 4.704e+03
mean_grad_res: 2.126e-01
mean_grad_bcs: 5.227e-01
It: 14300, Loss: 3.616e+01, loss_bcs: 1.703e-02, Loss_r: 7.585e-04, Time: 0.13
adaptive_constant_bcs1_val: 1.913e+03
adaptive_constant_res_val: 4.704e+03
mean_grad_res: 2.126e-01
mean_grad_bcs: 5.227e-01
It: 14400, Loss: 3.125e+01, loss_bcs: 1.496e-02, Loss_r: 5.592e-04, Time: 0.11
adaptive_constant_bcs1_val: 1.913e+03
adaptive_constant_res_val: 4.704e+03
mean_grad_res: 2.126e-01
mean_grad_bcs: 5.227e-01
It: 14500, Loss: 3.237e+01, loss_bcs: 1.462e-02, Loss_r: 9.348e-04, Time: 0.14
adaptive_constant_bcs1_val: 1.913e+03
adaptive_constant_res_val: 4.704e+03
mean_grad_res: 2.126e-01
mean_grad_bcs: 5.227e-01
It: 14600, Loss: 4.054e+01, loss_bcs: 1.805e-02, Loss_r: 1.277e-03, Time: 0.14
adaptive_constant_bcs1_val: 1.913e+03
adaptive_constant_res_val: 4.704e+03
mean_grad_res: 2.126e-01
mean_grad_bcs: 5.227e-01
It: 14700, Loss: 3.894e+01, loss_bcs: 1.804e-02, Loss_r: 9.405e-04, Time: 0.12
adaptive_constant_bcs1_val: 1.913e+03
adaptive_constant_res_val: 4.704e+03
mean_grad_res: 2.126e-01
mean_grad_bcs: 5.227e-01
It: 14800, Loss: 3.873e+01, loss_bcs: 1.759e-02, Loss_r: 1.079e-03, Time: 0.14
adaptive_constant_bcs1_val: 1.913e+03
adaptive_constant_res_val: 4.704e+03
mean_grad_res: 2.126e-01
mean_grad_bcs: 5.227e-01
It: 14900, Loss: 4.467e+01, loss_bcs: 1.942e-02, Loss_r: 1.599e-03, Time: 0.12
adaptive_constant_bcs1_val: 1.913e+03
adaptive_constant_res_val: 4.704e+03
mean_grad_res: 2.126e-01
mean_grad_bcs: 5.227e-01
It: 15000, Loss: 2.336e+01, loss_bcs: 1.060e-02, Loss_r: 6.570e-04, Time: 0.11
adaptive_constant_bcs1_val: 1.913e+03
adaptive_constant_res_val: 4.704e+03
mean_grad_res: 2.126e-01
mean_grad_bcs: 5.227e-01
It: 15100, Loss: 3.884e+01, loss_bcs: 1.770e-02, Loss_r: 1.060e-03, Time: 0.12
adaptive_constant_bcs1_val: 1.913e+03
adaptive_constant_res_val: 4.704e+03
mean_grad_res: 2.126e-01
mean_grad_bcs: 5.227e-01
It: 15200, Loss: 3.139e+01, loss_bcs: 1.351e-02, Loss_r: 1.180e-03, Time: 0.11
adaptive_constant_bcs1_val: 1.913e+03
adaptive_constant_res_val: 4.704e+03
mean_grad_res: 2.126e-01
mean_grad_bcs: 5.227e-01
It: 15300, Loss: 4.523e+01, loss_bcs: 2.204e-02, Loss_r: 6.499e-04, Time: 0.12
adaptive_constant_bcs1_val: 1.913e+03
adaptive_constant_res_val: 4.704e+03
mean_grad_res: 2.126e-01
mean_grad_bcs: 5.227e-01
It: 15400, Loss: 3.314e+01, loss_bcs: 1.578e-02, Loss_r: 6.286e-04, Time: 0.12
adaptive_constant_bcs1_val: 1.913e+03
adaptive_constant_res_val: 4.704e+03
mean_grad_res: 2.126e-01
mean_grad_bcs: 5.227e-01
It: 15500, Loss: 3.284e+01, loss_bcs: 1.602e-02, Loss_r: 4.662e-04, Time: 0.12
adaptive_constant_bcs1_val: 1.913e+03
adaptive_constant_res_val: 4.704e+03
mean_grad_res: 2.126e-01
mean_grad_bcs: 5.227e-01
It: 15600, Loss: 3.243e+01, loss_bcs: 1.391e-02, Loss_r: 1.238e-03, Time: 0.12
adaptive_constant_bcs1_val: 1.913e+03
adaptive_constant_res_val: 4.704e+03
mean_grad_res: 2.126e-01
mean_grad_bcs: 5.227e-01
It: 15700, Loss: 3.370e+01, loss_bcs: 1.568e-02, Loss_r: 7.860e-04, Time: 0.15
adaptive_constant_bcs1_val: 1.913e+03
adaptive_constant_res_val: 4.704e+03
mean_grad_res: 2.126e-01
mean_grad_bcs: 5.227e-01
It: 15800, Loss: 2.332e+01, loss_bcs: 1.138e-02, Loss_r: 3.288e-04, Time: 0.13
adaptive_constant_bcs1_val: 1.913e+03
adaptive_constant_res_val: 4.704e+03
mean_grad_res: 2.126e-01
mean_grad_bcs: 5.227e-01
It: 15900, Loss: 2.947e+01, loss_bcs: 1.415e-02, Loss_r: 5.103e-04, Time: 0.11
adaptive_constant_bcs1_val: 1.913e+03
adaptive_constant_res_val: 4.704e+03
mean_grad_res: 2.126e-01
mean_grad_bcs: 5.227e-01
It: 16000, Loss: 3.562e+01, loss_bcs: 1.691e-02, Loss_r: 6.927e-04, Time: 0.14
adaptive_constant_bcs1_val: 1.913e+03
adaptive_constant_res_val: 4.704e+03
mean_grad_res: 2.126e-01
mean_grad_bcs: 5.227e-01
It: 16100, Loss: 3.929e+01, loss_bcs: 1.906e-02, Loss_r: 5.978e-04, Time: 0.12
adaptive_constant_bcs1_val: 1.913e+03
adaptive_constant_res_val: 4.704e+03
mean_grad_res: 2.126e-01
mean_grad_bcs: 5.227e-01
It: 16200, Loss: 3.081e+01, loss_bcs: 1.422e-02, Loss_r: 7.686e-04, Time: 0.15
adaptive_constant_bcs1_val: 1.913e+03
adaptive_constant_res_val: 4.704e+03
mean_grad_res: 2.126e-01
mean_grad_bcs: 5.227e-01
It: 16300, Loss: 2.521e+01, loss_bcs: 1.184e-02, Loss_r: 5.414e-04, Time: 0.13
adaptive_constant_bcs1_val: 1.913e+03
adaptive_constant_res_val: 4.704e+03
mean_grad_res: 2.126e-01
mean_grad_bcs: 5.227e-01
It: 16400, Loss: 3.061e+01, loss_bcs: 1.384e-02, Loss_r: 8.787e-04, Time: 0.14
adaptive_constant_bcs1_val: 1.913e+03
adaptive_constant_res_val: 4.704e+03
mean_grad_res: 2.126e-01
mean_grad_bcs: 5.227e-01
It: 16500, Loss: 3.410e+01, loss_bcs: 1.496e-02, Loss_r: 1.162e-03, Time: 0.12
adaptive_constant_bcs1_val: 1.913e+03
adaptive_constant_res_val: 4.704e+03
mean_grad_res: 2.126e-01
mean_grad_bcs: 5.227e-01
It: 16600, Loss: 4.791e+01, loss_bcs: 2.178e-02, Loss_r: 1.325e-03, Time: 0.13
adaptive_constant_bcs1_val: 1.913e+03
adaptive_constant_res_val: 4.704e+03
mean_grad_res: 2.126e-01
mean_grad_bcs: 5.227e-01
It: 16700, Loss: 2.688e+01, loss_bcs: 1.179e-02, Loss_r: 9.192e-04, Time: 0.13
adaptive_constant_bcs1_val: 1.913e+03
adaptive_constant_res_val: 4.704e+03
mean_grad_res: 2.126e-01
mean_grad_bcs: 5.227e-01
It: 16800, Loss: 4.245e+01, loss_bcs: 1.972e-02, Loss_r: 1.003e-03, Time: 0.14
adaptive_constant_bcs1_val: 1.913e+03
adaptive_constant_res_val: 4.704e+03
mean_grad_res: 2.126e-01
mean_grad_bcs: 5.227e-01
It: 16900, Loss: 2.896e+01, loss_bcs: 1.438e-02, Loss_r: 3.080e-04, Time: 0.12
adaptive_constant_bcs1_val: 1.913e+03
adaptive_constant_res_val: 4.704e+03
mean_grad_res: 2.126e-01
mean_grad_bcs: 5.227e-01
It: 17000, Loss: 2.812e+01, loss_bcs: 1.197e-02, Loss_r: 1.109e-03, Time: 0.13
adaptive_constant_bcs1_val: 1.913e+03
adaptive_constant_res_val: 4.704e+03
mean_grad_res: 2.126e-01
mean_grad_bcs: 5.227e-01
It: 17100, Loss: 3.835e+01, loss_bcs: 1.238e-02, Loss_r: 3.116e-03, Time: 0.12
adaptive_constant_bcs1_val: 1.913e+03
adaptive_constant_res_val: 4.704e+03
mean_grad_res: 2.126e-01
mean_grad_bcs: 5.227e-01
It: 17200, Loss: 2.550e+01, loss_bcs: 9.675e-03, Loss_r: 1.485e-03, Time: 0.12
adaptive_constant_bcs1_val: 1.913e+03
adaptive_constant_res_val: 4.704e+03
mean_grad_res: 2.126e-01
mean_grad_bcs: 5.227e-01
It: 17300, Loss: 3.052e+01, loss_bcs: 1.325e-02, Loss_r: 1.099e-03, Time: 0.13
adaptive_constant_bcs1_val: 1.913e+03
adaptive_constant_res_val: 4.704e+03
mean_grad_res: 2.126e-01
mean_grad_bcs: 5.227e-01
It: 17400, Loss: 2.457e+01, loss_bcs: 1.078e-02, Loss_r: 8.377e-04, Time: 0.19
adaptive_constant_bcs1_val: 1.913e+03
adaptive_constant_res_val: 4.704e+03
mean_grad_res: 2.126e-01
mean_grad_bcs: 5.227e-01
It: 17500, Loss: 2.717e+01, loss_bcs: 1.325e-02, Loss_r: 3.862e-04, Time: 0.13
adaptive_constant_bcs1_val: 1.913e+03
adaptive_constant_res_val: 4.704e+03
mean_grad_res: 2.126e-01
mean_grad_bcs: 5.227e-01
It: 17600, Loss: 3.172e+01, loss_bcs: 1.357e-02, Loss_r: 1.225e-03, Time: 0.13
adaptive_constant_bcs1_val: 1.913e+03
adaptive_constant_res_val: 4.704e+03
mean_grad_res: 2.126e-01
mean_grad_bcs: 5.227e-01
It: 17700, Loss: 3.043e+01, loss_bcs: 1.339e-02, Loss_r: 1.022e-03, Time: 0.13
adaptive_constant_bcs1_val: 1.913e+03
adaptive_constant_res_val: 4.704e+03
mean_grad_res: 2.126e-01
mean_grad_bcs: 5.227e-01
It: 17800, Loss: 2.687e+01, loss_bcs: 1.139e-02, Loss_r: 1.081e-03, Time: 0.12
adaptive_constant_bcs1_val: 1.913e+03
adaptive_constant_res_val: 4.704e+03
mean_grad_res: 2.126e-01
mean_grad_bcs: 5.227e-01
It: 17900, Loss: 3.540e+01, loss_bcs: 1.666e-02, Loss_r: 7.494e-04, Time: 0.12
adaptive_constant_bcs1_val: 1.913e+03
adaptive_constant_res_val: 4.704e+03
mean_grad_res: 2.126e-01
mean_grad_bcs: 5.227e-01
It: 18000, Loss: 3.401e+01, loss_bcs: 1.611e-02, Loss_r: 6.800e-04, Time: 0.13
adaptive_constant_bcs1_val: 1.913e+03
adaptive_constant_res_val: 4.704e+03
mean_grad_res: 2.126e-01
mean_grad_bcs: 5.227e-01
It: 18100, Loss: 2.194e+01, loss_bcs: 1.033e-02, Loss_r: 4.616e-04, Time: 0.13
adaptive_constant_bcs1_val: 1.913e+03
adaptive_constant_res_val: 4.704e+03
mean_grad_res: 2.126e-01
mean_grad_bcs: 5.227e-01
It: 18200, Loss: 3.506e+01, loss_bcs: 1.697e-02, Loss_r: 5.496e-04, Time: 0.12
adaptive_constant_bcs1_val: 1.913e+03
adaptive_constant_res_val: 4.704e+03
mean_grad_res: 2.126e-01
mean_grad_bcs: 5.227e-01
It: 18300, Loss: 2.543e+01, loss_bcs: 1.240e-02, Loss_r: 3.645e-04, Time: 0.12
adaptive_constant_bcs1_val: 1.913e+03
adaptive_constant_res_val: 4.704e+03
mean_grad_res: 2.126e-01
mean_grad_bcs: 5.227e-01
It: 18400, Loss: 3.237e+01, loss_bcs: 1.461e-02, Loss_r: 9.393e-04, Time: 0.12
adaptive_constant_bcs1_val: 1.913e+03
adaptive_constant_res_val: 4.704e+03
mean_grad_res: 2.126e-01
mean_grad_bcs: 5.227e-01
It: 18500, Loss: 4.516e+01, loss_bcs: 1.937e-02, Loss_r: 1.723e-03, Time: 0.12
adaptive_constant_bcs1_val: 1.913e+03
adaptive_constant_res_val: 4.704e+03
mean_grad_res: 2.126e-01
mean_grad_bcs: 5.227e-01
It: 18600, Loss: 2.773e+01, loss_bcs: 1.326e-02, Loss_r: 5.008e-04, Time: 0.13
adaptive_constant_bcs1_val: 1.913e+03
adaptive_constant_res_val: 4.704e+03
mean_grad_res: 2.126e-01
mean_grad_bcs: 5.227e-01
It: 18700, Loss: 2.264e+01, loss_bcs: 1.060e-02, Loss_r: 4.996e-04, Time: 0.13
adaptive_constant_bcs1_val: 1.913e+03
adaptive_constant_res_val: 4.704e+03
mean_grad_res: 2.126e-01
mean_grad_bcs: 5.227e-01
It: 18800, Loss: 2.078e+01, loss_bcs: 9.566e-03, Loss_r: 5.272e-04, Time: 0.12
adaptive_constant_bcs1_val: 1.913e+03
adaptive_constant_res_val: 4.704e+03
mean_grad_res: 2.126e-01
mean_grad_bcs: 5.227e-01
It: 18900, Loss: 2.747e+01, loss_bcs: 1.212e-02, Loss_r: 9.097e-04, Time: 0.12
adaptive_constant_bcs1_val: 1.913e+03
adaptive_constant_res_val: 4.704e+03
mean_grad_res: 2.126e-01
mean_grad_bcs: 5.227e-01
It: 19000, Loss: 2.923e+01, loss_bcs: 1.418e-02, Loss_r: 4.470e-04, Time: 0.13
adaptive_constant_bcs1_val: 1.913e+03
adaptive_constant_res_val: 4.704e+03
mean_grad_res: 2.126e-01
mean_grad_bcs: 5.227e-01
It: 19100, Loss: 3.129e+01, loss_bcs: 1.479e-02, Loss_r: 6.354e-04, Time: 0.12
adaptive_constant_bcs1_val: 1.913e+03
adaptive_constant_res_val: 4.704e+03
mean_grad_res: 2.126e-01
mean_grad_bcs: 5.227e-01
It: 19200, Loss: 4.147e+01, loss_bcs: 2.072e-02, Loss_r: 3.890e-04, Time: 0.12
adaptive_constant_bcs1_val: 1.913e+03
adaptive_constant_res_val: 4.704e+03
mean_grad_res: 2.126e-01
mean_grad_bcs: 5.227e-01
It: 19300, Loss: 2.266e+01, loss_bcs: 1.094e-02, Loss_r: 3.676e-04, Time: 0.12
adaptive_constant_bcs1_val: 1.913e+03
adaptive_constant_res_val: 4.704e+03
mean_grad_res: 2.126e-01
mean_grad_bcs: 5.227e-01
It: 19400, Loss: 1.950e+01, loss_bcs: 9.302e-03, Loss_r: 3.629e-04, Time: 0.12
adaptive_constant_bcs1_val: 1.913e+03
adaptive_constant_res_val: 4.704e+03
mean_grad_res: 2.126e-01
mean_grad_bcs: 5.227e-01
It: 19500, Loss: 2.449e+01, loss_bcs: 1.215e-02, Loss_r: 2.648e-04, Time: 0.13
adaptive_constant_bcs1_val: 1.913e+03
adaptive_constant_res_val: 4.704e+03
mean_grad_res: 2.126e-01
mean_grad_bcs: 5.227e-01
It: 19600, Loss: 2.315e+01, loss_bcs: 9.789e-03, Loss_r: 9.394e-04, Time: 0.13
adaptive_constant_bcs1_val: 1.913e+03
adaptive_constant_res_val: 4.704e+03
mean_grad_res: 2.126e-01
mean_grad_bcs: 5.227e-01
It: 19700, Loss: 3.351e+01, loss_bcs: 1.611e-02, Loss_r: 5.715e-04, Time: 0.15
adaptive_constant_bcs1_val: 1.913e+03
adaptive_constant_res_val: 4.704e+03
mean_grad_res: 2.126e-01
mean_grad_bcs: 5.227e-01
It: 19800, Loss: 3.221e+01, loss_bcs: 1.556e-02, Loss_r: 5.192e-04, Time: 0.13
adaptive_constant_bcs1_val: 1.913e+03
adaptive_constant_res_val: 4.704e+03
mean_grad_res: 2.126e-01
mean_grad_bcs: 5.227e-01
It: 19900, Loss: 3.423e+01, loss_bcs: 1.598e-02, Loss_r: 7.764e-04, Time: 0.12
adaptive_constant_bcs1_val: 1.913e+03
adaptive_constant_res_val: 4.704e+03
mean_grad_res: 2.126e-01
mean_grad_bcs: 5.227e-01
It: 20000, Loss: 2.362e+01, loss_bcs: 1.092e-02, Loss_r: 5.790e-04, Time: 0.12
adaptive_constant_bcs1_val: 1.913e+03
adaptive_constant_res_val: 4.704e+03
mean_grad_res: 2.126e-01
mean_grad_bcs: 5.227e-01
It: 20100, Loss: 2.106e+01, loss_bcs: 9.299e-03, Loss_r: 6.951e-04, Time: 0.12
adaptive_constant_bcs1_val: 1.913e+03
adaptive_constant_res_val: 4.704e+03
mean_grad_res: 2.126e-01
mean_grad_bcs: 5.227e-01
It: 20200, Loss: 4.127e+01, loss_bcs: 1.328e-02, Loss_r: 3.373e-03, Time: 0.11
adaptive_constant_bcs1_val: 1.913e+03
adaptive_constant_res_val: 4.704e+03
mean_grad_res: 2.126e-01
mean_grad_bcs: 5.227e-01
It: 20300, Loss: 3.187e+01, loss_bcs: 1.465e-02, Loss_r: 8.171e-04, Time: 0.15
adaptive_constant_bcs1_val: 1.913e+03
adaptive_constant_res_val: 4.704e+03
mean_grad_res: 2.126e-01
mean_grad_bcs: 5.227e-01
It: 20400, Loss: 2.222e+01, loss_bcs: 1.087e-02, Loss_r: 3.034e-04, Time: 0.11
adaptive_constant_bcs1_val: 1.913e+03
adaptive_constant_res_val: 4.704e+03
mean_grad_res: 2.126e-01
mean_grad_bcs: 5.227e-01
It: 20500, Loss: 3.041e+01, loss_bcs: 1.466e-02, Loss_r: 5.013e-04, Time: 0.13
adaptive_constant_bcs1_val: 1.913e+03
adaptive_constant_res_val: 4.704e+03
mean_grad_res: 2.126e-01
mean_grad_bcs: 5.227e-01
It: 20600, Loss: 2.268e+01, loss_bcs: 1.034e-02, Loss_r: 6.172e-04, Time: 0.16
adaptive_constant_bcs1_val: 1.913e+03
adaptive_constant_res_val: 4.704e+03
mean_grad_res: 2.126e-01
mean_grad_bcs: 5.227e-01
It: 20700, Loss: 2.794e+01, loss_bcs: 1.301e-02, Loss_r: 6.503e-04, Time: 0.12
adaptive_constant_bcs1_val: 1.913e+03
adaptive_constant_res_val: 4.704e+03
mean_grad_res: 2.126e-01
mean_grad_bcs: 5.227e-01
It: 20800, Loss: 3.156e+01, loss_bcs: 1.284e-02, Loss_r: 1.489e-03, Time: 0.13
adaptive_constant_bcs1_val: 1.913e+03
adaptive_constant_res_val: 4.704e+03
mean_grad_res: 2.126e-01
mean_grad_bcs: 5.227e-01
It: 20900, Loss: 3.294e+01, loss_bcs: 1.499e-02, Loss_r: 9.054e-04, Time: 0.12
adaptive_constant_bcs1_val: 1.913e+03
adaptive_constant_res_val: 4.704e+03
mean_grad_res: 2.126e-01
mean_grad_bcs: 5.227e-01
It: 21000, Loss: 1.916e+01, loss_bcs: 8.798e-03, Loss_r: 4.938e-04, Time: 0.12
adaptive_constant_bcs1_val: 1.913e+03
adaptive_constant_res_val: 4.704e+03
mean_grad_res: 2.126e-01
mean_grad_bcs: 5.227e-01
It: 21100, Loss: 2.506e+01, loss_bcs: 9.546e-03, Loss_r: 1.445e-03, Time: 0.12
adaptive_constant_bcs1_val: 1.913e+03
adaptive_constant_res_val: 4.704e+03
mean_grad_res: 2.126e-01
mean_grad_bcs: 5.227e-01
It: 21200, Loss: 3.683e+01, loss_bcs: 1.410e-02, Loss_r: 2.094e-03, Time: 0.13
adaptive_constant_bcs1_val: 1.913e+03
adaptive_constant_res_val: 4.704e+03
mean_grad_res: 2.126e-01
mean_grad_bcs: 5.227e-01
It: 21300, Loss: 1.885e+01, loss_bcs: 8.759e-03, Loss_r: 4.453e-04, Time: 0.14
adaptive_constant_bcs1_val: 1.913e+03
adaptive_constant_res_val: 4.704e+03
mean_grad_res: 2.126e-01
mean_grad_bcs: 5.227e-01
It: 21400, Loss: 2.161e+01, loss_bcs: 9.120e-03, Loss_r: 8.856e-04, Time: 0.13
adaptive_constant_bcs1_val: 1.913e+03
adaptive_constant_res_val: 4.704e+03
mean_grad_res: 2.126e-01
mean_grad_bcs: 5.227e-01
It: 21500, Loss: 2.672e+01, loss_bcs: 1.187e-02, Loss_r: 8.541e-04, Time: 0.12
adaptive_constant_bcs1_val: 1.913e+03
adaptive_constant_res_val: 4.704e+03
mean_grad_res: 2.126e-01
mean_grad_bcs: 5.227e-01
It: 21600, Loss: 2.192e+01, loss_bcs: 1.049e-02, Loss_r: 3.947e-04, Time: 0.13
adaptive_constant_bcs1_val: 1.913e+03
adaptive_constant_res_val: 4.704e+03
mean_grad_res: 2.126e-01
mean_grad_bcs: 5.227e-01
It: 21700, Loss: 2.006e+01, loss_bcs: 8.261e-03, Loss_r: 9.042e-04, Time: 0.12
adaptive_constant_bcs1_val: 1.913e+03
adaptive_constant_res_val: 4.704e+03
mean_grad_res: 2.126e-01
mean_grad_bcs: 5.227e-01
It: 21800, Loss: 2.026e+01, loss_bcs: 9.786e-03, Loss_r: 3.274e-04, Time: 0.12
adaptive_constant_bcs1_val: 1.913e+03
adaptive_constant_res_val: 4.704e+03
mean_grad_res: 2.126e-01
mean_grad_bcs: 5.227e-01
It: 21900, Loss: 2.535e+01, loss_bcs: 8.521e-03, Loss_r: 1.923e-03, Time: 0.12
adaptive_constant_bcs1_val: 1.913e+03
adaptive_constant_res_val: 4.704e+03
mean_grad_res: 2.126e-01
mean_grad_bcs: 5.227e-01
It: 22000, Loss: 2.725e+01, loss_bcs: 1.170e-02, Loss_r: 1.034e-03, Time: 0.13
adaptive_constant_bcs1_val: 1.913e+03
adaptive_constant_res_val: 4.704e+03
mean_grad_res: 2.126e-01
mean_grad_bcs: 5.227e-01
It: 22100, Loss: 3.621e+01, loss_bcs: 1.566e-02, Loss_r: 1.328e-03, Time: 0.14
adaptive_constant_bcs1_val: 1.913e+03
adaptive_constant_res_val: 4.704e+03
mean_grad_res: 2.126e-01
mean_grad_bcs: 5.227e-01
It: 22200, Loss: 1.498e+01, loss_bcs: 5.986e-03, Loss_r: 7.492e-04, Time: 0.12
adaptive_constant_bcs1_val: 1.913e+03
adaptive_constant_res_val: 4.704e+03
mean_grad_res: 2.126e-01
mean_grad_bcs: 5.227e-01
It: 22300, Loss: 2.590e+01, loss_bcs: 1.283e-02, Loss_r: 2.851e-04, Time: 0.13
adaptive_constant_bcs1_val: 1.913e+03
adaptive_constant_res_val: 4.704e+03
mean_grad_res: 2.126e-01
mean_grad_bcs: 5.227e-01
It: 22400, Loss: 3.000e+01, loss_bcs: 1.453e-02, Loss_r: 4.679e-04, Time: 0.12
adaptive_constant_bcs1_val: 1.913e+03
adaptive_constant_res_val: 4.704e+03
mean_grad_res: 2.126e-01
mean_grad_bcs: 5.227e-01
It: 22500, Loss: 3.139e+01, loss_bcs: 1.513e-02, Loss_r: 5.201e-04, Time: 0.14
adaptive_constant_bcs1_val: 1.913e+03
adaptive_constant_res_val: 4.704e+03
mean_grad_res: 2.126e-01
mean_grad_bcs: 5.227e-01
It: 22600, Loss: 2.382e+01, loss_bcs: 1.157e-02, Loss_r: 3.560e-04, Time: 0.14
adaptive_constant_bcs1_val: 1.913e+03
adaptive_constant_res_val: 4.704e+03
mean_grad_res: 2.126e-01
mean_grad_bcs: 5.227e-01
It: 22700, Loss: 2.578e+01, loss_bcs: 1.085e-02, Loss_r: 1.066e-03, Time: 0.17
adaptive_constant_bcs1_val: 1.913e+03
adaptive_constant_res_val: 4.704e+03
mean_grad_res: 2.126e-01
mean_grad_bcs: 5.227e-01
It: 22800, Loss: 2.192e+01, loss_bcs: 1.064e-02, Loss_r: 3.309e-04, Time: 0.13
adaptive_constant_bcs1_val: 1.913e+03
adaptive_constant_res_val: 4.704e+03
mean_grad_res: 2.126e-01
mean_grad_bcs: 5.227e-01
It: 22900, Loss: 1.754e+01, loss_bcs: 7.733e-03, Loss_r: 5.845e-04, Time: 0.18
adaptive_constant_bcs1_val: 1.913e+03
adaptive_constant_res_val: 4.704e+03
mean_grad_res: 2.126e-01
mean_grad_bcs: 5.227e-01
It: 23000, Loss: 2.125e+01, loss_bcs: 1.027e-02, Loss_r: 3.392e-04, Time: 0.15
adaptive_constant_bcs1_val: 1.913e+03
adaptive_constant_res_val: 4.704e+03
mean_grad_res: 2.126e-01
mean_grad_bcs: 5.227e-01
It: 23100, Loss: 2.107e+01, loss_bcs: 8.727e-03, Loss_r: 9.302e-04, Time: 0.14
adaptive_constant_bcs1_val: 1.913e+03
adaptive_constant_res_val: 4.704e+03
mean_grad_res: 2.126e-01
mean_grad_bcs: 5.227e-01
It: 23200, Loss: 1.871e+01, loss_bcs: 8.534e-03, Loss_r: 5.067e-04, Time: 0.15
adaptive_constant_bcs1_val: 1.913e+03
adaptive_constant_res_val: 4.704e+03
mean_grad_res: 2.126e-01
mean_grad_bcs: 5.227e-01
It: 23300, Loss: 2.880e+01, loss_bcs: 1.347e-02, Loss_r: 6.445e-04, Time: 0.12
adaptive_constant_bcs1_val: 1.913e+03
adaptive_constant_res_val: 4.704e+03
mean_grad_res: 2.126e-01
mean_grad_bcs: 5.227e-01
It: 23400, Loss: 1.959e+01, loss_bcs: 7.407e-03, Loss_r: 1.153e-03, Time: 0.13
adaptive_constant_bcs1_val: 1.913e+03
adaptive_constant_res_val: 4.704e+03
mean_grad_res: 2.126e-01
mean_grad_bcs: 5.227e-01
It: 23500, Loss: 2.435e+01, loss_bcs: 1.105e-02, Loss_r: 6.811e-04, Time: 0.14
adaptive_constant_bcs1_val: 1.913e+03
adaptive_constant_res_val: 4.704e+03
mean_grad_res: 2.126e-01
mean_grad_bcs: 5.227e-01
It: 23600, Loss: 1.457e+01, loss_bcs: 6.928e-03, Loss_r: 2.801e-04, Time: 0.13
adaptive_constant_bcs1_val: 1.913e+03
adaptive_constant_res_val: 4.704e+03
mean_grad_res: 2.126e-01
mean_grad_bcs: 5.227e-01
It: 23700, Loss: 3.393e+01, loss_bcs: 1.439e-02, Loss_r: 1.360e-03, Time: 0.16
adaptive_constant_bcs1_val: 1.913e+03
adaptive_constant_res_val: 4.704e+03
mean_grad_res: 2.126e-01
mean_grad_bcs: 5.227e-01
It: 23800, Loss: 2.392e+01, loss_bcs: 1.168e-02, Loss_r: 3.359e-04, Time: 0.17
adaptive_constant_bcs1_val: 1.913e+03
adaptive_constant_res_val: 4.704e+03
mean_grad_res: 2.126e-01
mean_grad_bcs: 5.227e-01
It: 23900, Loss: 2.475e+01, loss_bcs: 1.234e-02, Loss_r: 2.433e-04, Time: 0.16
adaptive_constant_bcs1_val: 1.913e+03
adaptive_constant_res_val: 4.704e+03
mean_grad_res: 2.126e-01
mean_grad_bcs: 5.227e-01
It: 24000, Loss: 1.827e+01, loss_bcs: 8.414e-03, Loss_r: 4.610e-04, Time: 0.14
adaptive_constant_bcs1_val: 1.913e+03
adaptive_constant_res_val: 4.704e+03
mean_grad_res: 2.126e-01
mean_grad_bcs: 5.227e-01
It: 24100, Loss: 2.285e+01, loss_bcs: 1.039e-02, Loss_r: 6.305e-04, Time: 0.15
adaptive_constant_bcs1_val: 1.913e+03
adaptive_constant_res_val: 4.704e+03
mean_grad_res: 2.126e-01
mean_grad_bcs: 5.227e-01
It: 24200, Loss: 2.606e+01, loss_bcs: 1.113e-02, Loss_r: 1.013e-03, Time: 0.14
adaptive_constant_bcs1_val: 1.913e+03
adaptive_constant_res_val: 4.704e+03
mean_grad_res: 2.126e-01
mean_grad_bcs: 5.227e-01
It: 24300, Loss: 2.958e+01, loss_bcs: 1.105e-02, Loss_r: 1.793e-03, Time: 0.16
adaptive_constant_bcs1_val: 1.913e+03
adaptive_constant_res_val: 4.704e+03
mean_grad_res: 2.126e-01
mean_grad_bcs: 5.227e-01
It: 24400, Loss: 2.822e+01, loss_bcs: 1.372e-02, Loss_r: 4.190e-04, Time: 0.12
adaptive_constant_bcs1_val: 1.913e+03
adaptive_constant_res_val: 4.704e+03
mean_grad_res: 2.126e-01
mean_grad_bcs: 5.227e-01
It: 24500, Loss: 2.212e+01, loss_bcs: 1.061e-02, Loss_r: 3.856e-04, Time: 0.14
adaptive_constant_bcs1_val: 1.913e+03
adaptive_constant_res_val: 4.704e+03
mean_grad_res: 2.126e-01
mean_grad_bcs: 5.227e-01
It: 24600, Loss: 3.089e+01, loss_bcs: 1.486e-02, Loss_r: 5.213e-04, Time: 0.17
adaptive_constant_bcs1_val: 1.913e+03
adaptive_constant_res_val: 4.704e+03
mean_grad_res: 2.126e-01
mean_grad_bcs: 5.227e-01
It: 24700, Loss: 2.618e+01, loss_bcs: 1.165e-02, Loss_r: 8.255e-04, Time: 0.19
adaptive_constant_bcs1_val: 1.913e+03
adaptive_constant_res_val: 4.704e+03
mean_grad_res: 2.126e-01
mean_grad_bcs: 5.227e-01
It: 24800, Loss: 3.739e+01, loss_bcs: 1.857e-02, Loss_r: 3.932e-04, Time: 0.21
adaptive_constant_bcs1_val: 1.913e+03
adaptive_constant_res_val: 4.704e+03
mean_grad_res: 2.126e-01
mean_grad_bcs: 5.227e-01
It: 24900, Loss: 3.691e+01, loss_bcs: 1.784e-02, Loss_r: 5.899e-04, Time: 0.23
adaptive_constant_bcs1_val: 1.913e+03
adaptive_constant_res_val: 4.704e+03
mean_grad_res: 2.126e-01
mean_grad_bcs: 5.227e-01
It: 25000, Loss: 2.726e+01, loss_bcs: 1.264e-02, Loss_r: 6.561e-04, Time: 0.23
adaptive_constant_bcs1_val: 1.913e+03
adaptive_constant_res_val: 4.704e+03
mean_grad_res: 2.126e-01
mean_grad_bcs: 5.227e-01
It: 25100, Loss: 2.980e+01, loss_bcs: 1.312e-02, Loss_r: 1.001e-03, Time: 0.24
adaptive_constant_bcs1_val: 1.913e+03
adaptive_constant_res_val: 4.704e+03
mean_grad_res: 2.126e-01
mean_grad_bcs: 5.227e-01
It: 25200, Loss: 2.604e+01, loss_bcs: 1.298e-02, Loss_r: 2.569e-04, Time: 0.23
adaptive_constant_bcs1_val: 1.913e+03
adaptive_constant_res_val: 4.704e+03
mean_grad_res: 2.126e-01
mean_grad_bcs: 5.227e-01
It: 25300, Loss: 2.487e+01, loss_bcs: 1.228e-02, Loss_r: 2.906e-04, Time: 0.22
adaptive_constant_bcs1_val: 1.913e+03
adaptive_constant_res_val: 4.704e+03
mean_grad_res: 2.126e-01
mean_grad_bcs: 5.227e-01
It: 25400, Loss: 1.954e+01, loss_bcs: 9.443e-03, Loss_r: 3.124e-04, Time: 0.16
adaptive_constant_bcs1_val: 1.913e+03
adaptive_constant_res_val: 4.704e+03
mean_grad_res: 2.126e-01
mean_grad_bcs: 5.227e-01
It: 25500, Loss: 2.021e+01, loss_bcs: 9.179e-03, Loss_r: 5.633e-04, Time: 0.21
adaptive_constant_bcs1_val: 1.913e+03
adaptive_constant_res_val: 4.704e+03
mean_grad_res: 2.126e-01
mean_grad_bcs: 5.227e-01
It: 25600, Loss: 2.587e+01, loss_bcs: 1.160e-02, Loss_r: 7.822e-04, Time: 0.24
adaptive_constant_bcs1_val: 1.913e+03
adaptive_constant_res_val: 4.704e+03
mean_grad_res: 2.126e-01
mean_grad_bcs: 5.227e-01
It: 25700, Loss: 2.397e+01, loss_bcs: 1.137e-02, Loss_r: 4.710e-04, Time: 0.23
adaptive_constant_bcs1_val: 1.913e+03
adaptive_constant_res_val: 4.704e+03
mean_grad_res: 2.126e-01
mean_grad_bcs: 5.227e-01
It: 25800, Loss: 2.518e+01, loss_bcs: 1.061e-02, Loss_r: 1.036e-03, Time: 0.25
adaptive_constant_bcs1_val: 1.913e+03
adaptive_constant_res_val: 4.704e+03
mean_grad_res: 2.126e-01
mean_grad_bcs: 5.227e-01
It: 25900, Loss: 2.210e+01, loss_bcs: 1.016e-02, Loss_r: 5.648e-04, Time: 0.21
adaptive_constant_bcs1_val: 1.913e+03
adaptive_constant_res_val: 4.704e+03
mean_grad_res: 2.126e-01
mean_grad_bcs: 5.227e-01
It: 26000, Loss: 1.879e+01, loss_bcs: 8.960e-03, Loss_r: 3.502e-04, Time: 0.16
adaptive_constant_bcs1_val: 1.913e+03
adaptive_constant_res_val: 4.704e+03
mean_grad_res: 2.126e-01
mean_grad_bcs: 5.227e-01
It: 26100, Loss: 1.934e+01, loss_bcs: 8.193e-03, Loss_r: 7.793e-04, Time: 0.14
adaptive_constant_bcs1_val: 1.913e+03
adaptive_constant_res_val: 4.704e+03
mean_grad_res: 2.126e-01
mean_grad_bcs: 5.227e-01
It: 26200, Loss: 4.073e+01, loss_bcs: 1.978e-02, Loss_r: 6.141e-04, Time: 0.14
adaptive_constant_bcs1_val: 1.913e+03
adaptive_constant_res_val: 4.704e+03
mean_grad_res: 2.126e-01
mean_grad_bcs: 5.227e-01
It: 26300, Loss: 1.933e+01, loss_bcs: 8.824e-03, Loss_r: 5.211e-04, Time: 0.13
adaptive_constant_bcs1_val: 1.913e+03
adaptive_constant_res_val: 4.704e+03
mean_grad_res: 2.126e-01
mean_grad_bcs: 5.227e-01
It: 26400, Loss: 1.856e+01, loss_bcs: 9.028e-03, Loss_r: 2.733e-04, Time: 0.23
adaptive_constant_bcs1_val: 1.913e+03
adaptive_constant_res_val: 4.704e+03
mean_grad_res: 2.126e-01
mean_grad_bcs: 5.227e-01
It: 26500, Loss: 2.315e+01, loss_bcs: 1.086e-02, Loss_r: 5.064e-04, Time: 0.12
adaptive_constant_bcs1_val: 1.913e+03
adaptive_constant_res_val: 4.704e+03
mean_grad_res: 2.126e-01
mean_grad_bcs: 5.227e-01
It: 26600, Loss: 1.860e+01, loss_bcs: 9.171e-03, Loss_r: 2.235e-04, Time: 0.49
adaptive_constant_bcs1_val: 1.913e+03
adaptive_constant_res_val: 4.704e+03
mean_grad_res: 2.126e-01
mean_grad_bcs: 5.227e-01
It: 26700, Loss: 2.322e+01, loss_bcs: 1.142e-02, Loss_r: 2.935e-04, Time: 0.09
adaptive_constant_bcs1_val: 1.913e+03
adaptive_constant_res_val: 4.704e+03
mean_grad_res: 2.126e-01
mean_grad_bcs: 5.227e-01
It: 26800, Loss: 2.371e+01, loss_bcs: 1.090e-02, Loss_r: 6.077e-04, Time: 0.08
adaptive_constant_bcs1_val: 1.913e+03
adaptive_constant_res_val: 4.704e+03
mean_grad_res: 2.126e-01
mean_grad_bcs: 5.227e-01
It: 26900, Loss: 1.989e+01, loss_bcs: 8.303e-03, Loss_r: 8.515e-04, Time: 0.07
adaptive_constant_bcs1_val: 1.913e+03
adaptive_constant_res_val: 4.704e+03
mean_grad_res: 2.126e-01
mean_grad_bcs: 5.227e-01
It: 27000, Loss: 1.976e+01, loss_bcs: 9.258e-03, Loss_r: 4.355e-04, Time: 0.07
adaptive_constant_bcs1_val: 1.913e+03
adaptive_constant_res_val: 4.704e+03
mean_grad_res: 2.126e-01
mean_grad_bcs: 5.227e-01
It: 27100, Loss: 2.038e+01, loss_bcs: 9.626e-03, Loss_r: 4.168e-04, Time: 0.10
adaptive_constant_bcs1_val: 1.913e+03
adaptive_constant_res_val: 4.704e+03
mean_grad_res: 2.126e-01
mean_grad_bcs: 5.227e-01
It: 27200, Loss: 3.960e+01, loss_bcs: 1.259e-02, Loss_r: 3.298e-03, Time: 0.06
adaptive_constant_bcs1_val: 1.913e+03
adaptive_constant_res_val: 4.704e+03
mean_grad_res: 2.126e-01
mean_grad_bcs: 5.227e-01
It: 27300, Loss: 2.121e+01, loss_bcs: 9.556e-03, Loss_r: 6.218e-04, Time: 0.09
adaptive_constant_bcs1_val: 1.913e+03
adaptive_constant_res_val: 4.704e+03
mean_grad_res: 2.126e-01
mean_grad_bcs: 5.227e-01
It: 27400, Loss: 1.571e+01, loss_bcs: 7.613e-03, Loss_r: 2.440e-04, Time: 0.09
adaptive_constant_bcs1_val: 1.913e+03
adaptive_constant_res_val: 4.704e+03
mean_grad_res: 2.126e-01
mean_grad_bcs: 5.227e-01
It: 27500, Loss: 2.421e+01, loss_bcs: 1.091e-02, Loss_r: 7.109e-04, Time: 0.10
adaptive_constant_bcs1_val: 1.913e+03
adaptive_constant_res_val: 4.704e+03
mean_grad_res: 2.126e-01
mean_grad_bcs: 5.227e-01
It: 27600, Loss: 2.927e+01, loss_bcs: 1.317e-02, Loss_r: 8.650e-04, Time: 0.16
adaptive_constant_bcs1_val: 1.913e+03
adaptive_constant_res_val: 4.704e+03
mean_grad_res: 2.126e-01
mean_grad_bcs: 5.227e-01
It: 27700, Loss: 3.754e+01, loss_bcs: 1.724e-02, Loss_r: 9.686e-04, Time: 0.16
adaptive_constant_bcs1_val: 1.913e+03
adaptive_constant_res_val: 4.704e+03
mean_grad_res: 2.126e-01
mean_grad_bcs: 5.227e-01
It: 27800, Loss: 3.961e+01, loss_bcs: 1.937e-02, Loss_r: 5.444e-04, Time: 0.21
adaptive_constant_bcs1_val: 1.913e+03
adaptive_constant_res_val: 4.704e+03
mean_grad_res: 2.126e-01
mean_grad_bcs: 5.227e-01
It: 27900, Loss: 2.205e+01, loss_bcs: 9.557e-03, Loss_r: 7.997e-04, Time: 0.10
adaptive_constant_bcs1_val: 1.913e+03
adaptive_constant_res_val: 4.704e+03
mean_grad_res: 2.126e-01
mean_grad_bcs: 5.227e-01
It: 28000, Loss: 2.726e+01, loss_bcs: 1.316e-02, Loss_r: 4.406e-04, Time: 0.08
adaptive_constant_bcs1_val: 1.913e+03
adaptive_constant_res_val: 4.704e+03
mean_grad_res: 2.126e-01
mean_grad_bcs: 5.227e-01
It: 28100, Loss: 2.404e+01, loss_bcs: 1.103e-02, Loss_r: 6.238e-04, Time: 0.10
adaptive_constant_bcs1_val: 1.913e+03
adaptive_constant_res_val: 4.704e+03
mean_grad_res: 2.126e-01
mean_grad_bcs: 5.227e-01
It: 28200, Loss: 1.805e+01, loss_bcs: 8.520e-03, Loss_r: 3.718e-04, Time: 0.17
adaptive_constant_bcs1_val: 1.913e+03
adaptive_constant_res_val: 4.704e+03
mean_grad_res: 2.126e-01
mean_grad_bcs: 5.227e-01
It: 28300, Loss: 1.353e+01, loss_bcs: 6.307e-03, Loss_r: 3.115e-04, Time: 0.15
adaptive_constant_bcs1_val: 1.913e+03
adaptive_constant_res_val: 4.704e+03
mean_grad_res: 2.126e-01
mean_grad_bcs: 5.227e-01
It: 28400, Loss: 2.933e+01, loss_bcs: 1.167e-02, Loss_r: 1.490e-03, Time: 0.15
adaptive_constant_bcs1_val: 1.913e+03
adaptive_constant_res_val: 4.704e+03
mean_grad_res: 2.126e-01
mean_grad_bcs: 5.227e-01
It: 28500, Loss: 2.271e+01, loss_bcs: 9.946e-03, Loss_r: 7.832e-04, Time: 0.15
adaptive_constant_bcs1_val: 1.913e+03
adaptive_constant_res_val: 4.704e+03
mean_grad_res: 2.126e-01
mean_grad_bcs: 5.227e-01
It: 28600, Loss: 2.660e+01, loss_bcs: 1.319e-02, Loss_r: 2.896e-04, Time: 0.15
adaptive_constant_bcs1_val: 1.913e+03
adaptive_constant_res_val: 4.704e+03
mean_grad_res: 2.126e-01
mean_grad_bcs: 5.227e-01
It: 28700, Loss: 2.220e+01, loss_bcs: 1.016e-02, Loss_r: 5.883e-04, Time: 0.14
adaptive_constant_bcs1_val: 1.913e+03
adaptive_constant_res_val: 4.704e+03
mean_grad_res: 2.126e-01
mean_grad_bcs: 5.227e-01
It: 28800, Loss: 2.883e+01, loss_bcs: 1.116e-02, Loss_r: 1.589e-03, Time: 0.15
adaptive_constant_bcs1_val: 1.913e+03
adaptive_constant_res_val: 4.704e+03
mean_grad_res: 2.126e-01
mean_grad_bcs: 5.227e-01
It: 28900, Loss: 2.960e+01, loss_bcs: 1.334e-02, Loss_r: 8.660e-04, Time: 0.06
adaptive_constant_bcs1_val: 1.913e+03
adaptive_constant_res_val: 4.704e+03
mean_grad_res: 2.126e-01
mean_grad_bcs: 5.227e-01
It: 29000, Loss: 1.854e+01, loss_bcs: 8.733e-03, Loss_r: 3.901e-04, Time: 0.08
adaptive_constant_bcs1_val: 1.913e+03
adaptive_constant_res_val: 4.704e+03
mean_grad_res: 2.126e-01
mean_grad_bcs: 5.227e-01
It: 29100, Loss: 2.871e+01, loss_bcs: 1.376e-02, Loss_r: 5.039e-04, Time: 0.09
adaptive_constant_bcs1_val: 1.913e+03
adaptive_constant_res_val: 4.704e+03
mean_grad_res: 2.126e-01
mean_grad_bcs: 5.227e-01
It: 29200, Loss: 1.192e+01, loss_bcs: 5.630e-03, Loss_r: 2.446e-04, Time: 0.09
adaptive_constant_bcs1_val: 1.913e+03
adaptive_constant_res_val: 4.704e+03
mean_grad_res: 2.126e-01
mean_grad_bcs: 5.227e-01
It: 29300, Loss: 2.678e+01, loss_bcs: 1.125e-02, Loss_r: 1.119e-03, Time: 0.08
adaptive_constant_bcs1_val: 1.913e+03
adaptive_constant_res_val: 4.704e+03
mean_grad_res: 2.126e-01
mean_grad_bcs: 5.227e-01
It: 29400, Loss: 2.298e+01, loss_bcs: 1.038e-02, Loss_r: 6.654e-04, Time: 0.08
adaptive_constant_bcs1_val: 1.913e+03
adaptive_constant_res_val: 4.704e+03
mean_grad_res: 2.126e-01
mean_grad_bcs: 5.227e-01
It: 29500, Loss: 1.924e+01, loss_bcs: 8.255e-03, Loss_r: 7.329e-04, Time: 0.08
adaptive_constant_bcs1_val: 1.913e+03
adaptive_constant_res_val: 4.704e+03
mean_grad_res: 2.126e-01
mean_grad_bcs: 5.227e-01
It: 29600, Loss: 2.214e+01, loss_bcs: 1.064e-02, Loss_r: 3.781e-04, Time: 0.09
adaptive_constant_bcs1_val: 1.913e+03
adaptive_constant_res_val: 4.704e+03
mean_grad_res: 2.126e-01
mean_grad_bcs: 5.227e-01
It: 29700, Loss: 3.092e+01, loss_bcs: 1.033e-02, Loss_r: 2.372e-03, Time: 0.08
adaptive_constant_bcs1_val: 1.913e+03
adaptive_constant_res_val: 4.704e+03
mean_grad_res: 2.126e-01
mean_grad_bcs: 5.227e-01
It: 29800, Loss: 2.218e+01, loss_bcs: 9.694e-03, Loss_r: 7.719e-04, Time: 0.14
adaptive_constant_bcs1_val: 1.913e+03
adaptive_constant_res_val: 4.704e+03
mean_grad_res: 2.126e-01
mean_grad_bcs: 5.227e-01
It: 29900, Loss: 1.549e+01, loss_bcs: 6.480e-03, Loss_r: 6.568e-04, Time: 0.08
adaptive_constant_bcs1_val: 1.913e+03
adaptive_constant_res_val: 4.704e+03
mean_grad_res: 2.126e-01
mean_grad_bcs: 5.227e-01
It: 30000, Loss: 3.175e+01, loss_bcs: 1.529e-02, Loss_r: 5.288e-04, Time: 0.07
adaptive_constant_bcs1_val: 1.913e+03
adaptive_constant_res_val: 4.704e+03
mean_grad_res: 2.126e-01
mean_grad_bcs: 5.227e-01
It: 30100, Loss: 1.684e+01, loss_bcs: 7.349e-03, Loss_r: 5.919e-04, Time: 0.08
adaptive_constant_bcs1_val: 1.913e+03
adaptive_constant_res_val: 4.704e+03
mean_grad_res: 2.126e-01
mean_grad_bcs: 5.227e-01
It: 30200, Loss: 1.991e+01, loss_bcs: 9.523e-03, Loss_r: 3.590e-04, Time: 0.08
adaptive_constant_bcs1_val: 1.913e+03
adaptive_constant_res_val: 4.704e+03
mean_grad_res: 2.126e-01
mean_grad_bcs: 5.227e-01
It: 30300, Loss: 2.925e+01, loss_bcs: 1.375e-02, Loss_r: 6.249e-04, Time: 0.10
adaptive_constant_bcs1_val: 1.913e+03
adaptive_constant_res_val: 4.704e+03
mean_grad_res: 2.126e-01
mean_grad_bcs: 5.227e-01
It: 30400, Loss: 2.866e+01, loss_bcs: 1.431e-02, Loss_r: 2.735e-04, Time: 0.08
adaptive_constant_bcs1_val: 1.913e+03
adaptive_constant_res_val: 4.704e+03
mean_grad_res: 2.126e-01
mean_grad_bcs: 5.227e-01
It: 30500, Loss: 2.040e+01, loss_bcs: 1.009e-02, Loss_r: 2.318e-04, Time: 0.08
adaptive_constant_bcs1_val: 1.913e+03
adaptive_constant_res_val: 4.704e+03
mean_grad_res: 2.126e-01
mean_grad_bcs: 5.227e-01
It: 30600, Loss: 2.144e+01, loss_bcs: 1.042e-02, Loss_r: 3.183e-04, Time: 0.08
adaptive_constant_bcs1_val: 1.913e+03
adaptive_constant_res_val: 4.704e+03
mean_grad_res: 2.126e-01
mean_grad_bcs: 5.227e-01
It: 30700, Loss: 2.346e+01, loss_bcs: 1.162e-02, Loss_r: 2.611e-04, Time: 0.08
adaptive_constant_bcs1_val: 1.913e+03
adaptive_constant_res_val: 4.704e+03
mean_grad_res: 2.126e-01
mean_grad_bcs: 5.227e-01
It: 30800, Loss: 2.150e+01, loss_bcs: 1.071e-02, Loss_r: 2.146e-04, Time: 0.09
adaptive_constant_bcs1_val: 1.913e+03
adaptive_constant_res_val: 4.704e+03
mean_grad_res: 2.126e-01
mean_grad_bcs: 5.227e-01
It: 30900, Loss: 1.679e+01, loss_bcs: 7.702e-03, Loss_r: 4.374e-04, Time: 0.07
adaptive_constant_bcs1_val: 1.913e+03
adaptive_constant_res_val: 4.704e+03
mean_grad_res: 2.126e-01
mean_grad_bcs: 5.227e-01
It: 31000, Loss: 2.706e+01, loss_bcs: 1.354e-02, Loss_r: 2.439e-04, Time: 0.10
adaptive_constant_bcs1_val: 1.913e+03
adaptive_constant_res_val: 4.704e+03
mean_grad_res: 2.126e-01
mean_grad_bcs: 5.227e-01
It: 31100, Loss: 2.671e+01, loss_bcs: 1.219e-02, Loss_r: 7.193e-04, Time: 0.09
adaptive_constant_bcs1_val: 1.913e+03
adaptive_constant_res_val: 4.704e+03
mean_grad_res: 2.126e-01
mean_grad_bcs: 5.227e-01
It: 31200, Loss: 2.366e+01, loss_bcs: 1.140e-02, Loss_r: 3.927e-04, Time: 0.08
adaptive_constant_bcs1_val: 1.913e+03
adaptive_constant_res_val: 4.704e+03
mean_grad_res: 2.126e-01
mean_grad_bcs: 5.227e-01
It: 31300, Loss: 2.774e+01, loss_bcs: 1.387e-02, Loss_r: 2.564e-04, Time: 0.08
adaptive_constant_bcs1_val: 1.913e+03
adaptive_constant_res_val: 4.704e+03
mean_grad_res: 2.126e-01
mean_grad_bcs: 5.227e-01
It: 31400, Loss: 2.455e+01, loss_bcs: 9.402e-03, Loss_r: 1.396e-03, Time: 0.08
adaptive_constant_bcs1_val: 1.913e+03
adaptive_constant_res_val: 4.704e+03
mean_grad_res: 2.126e-01
mean_grad_bcs: 5.227e-01
It: 31500, Loss: 2.393e+01, loss_bcs: 1.112e-02, Loss_r: 5.644e-04, Time: 0.08
adaptive_constant_bcs1_val: 1.913e+03
adaptive_constant_res_val: 4.704e+03
mean_grad_res: 2.126e-01
mean_grad_bcs: 5.227e-01
It: 31600, Loss: 1.716e+01, loss_bcs: 7.977e-03, Loss_r: 4.037e-04, Time: 0.09
adaptive_constant_bcs1_val: 1.913e+03
adaptive_constant_res_val: 4.704e+03
mean_grad_res: 2.126e-01
mean_grad_bcs: 5.227e-01
It: 31700, Loss: 1.392e+01, loss_bcs: 6.529e-03, Loss_r: 3.035e-04, Time: 0.08
adaptive_constant_bcs1_val: 1.913e+03
adaptive_constant_res_val: 4.704e+03
mean_grad_res: 2.126e-01
mean_grad_bcs: 5.227e-01
It: 31800, Loss: 2.186e+01, loss_bcs: 1.021e-02, Loss_r: 4.952e-04, Time: 0.08
adaptive_constant_bcs1_val: 1.913e+03
adaptive_constant_res_val: 4.704e+03
mean_grad_res: 2.126e-01
mean_grad_bcs: 5.227e-01
It: 31900, Loss: 1.879e+01, loss_bcs: 9.242e-03, Loss_r: 2.359e-04, Time: 0.09
adaptive_constant_bcs1_val: 1.913e+03
adaptive_constant_res_val: 4.704e+03
mean_grad_res: 2.126e-01
mean_grad_bcs: 5.227e-01
It: 32000, Loss: 2.633e+01, loss_bcs: 1.236e-02, Loss_r: 5.685e-04, Time: 0.19
adaptive_constant_bcs1_val: 1.913e+03
adaptive_constant_res_val: 4.704e+03
mean_grad_res: 2.126e-01
mean_grad_bcs: 5.227e-01
It: 32100, Loss: 2.273e+01, loss_bcs: 1.026e-02, Loss_r: 6.577e-04, Time: 0.09
adaptive_constant_bcs1_val: 1.913e+03
adaptive_constant_res_val: 4.704e+03
mean_grad_res: 2.126e-01
mean_grad_bcs: 5.227e-01
It: 32200, Loss: 2.947e+01, loss_bcs: 1.353e-02, Loss_r: 7.614e-04, Time: 0.10
adaptive_constant_bcs1_val: 1.913e+03
adaptive_constant_res_val: 4.704e+03
mean_grad_res: 2.126e-01
mean_grad_bcs: 5.227e-01
It: 32300, Loss: 2.142e+01, loss_bcs: 9.639e-03, Loss_r: 6.323e-04, Time: 0.07
adaptive_constant_bcs1_val: 1.913e+03
adaptive_constant_res_val: 4.704e+03
mean_grad_res: 2.126e-01
mean_grad_bcs: 5.227e-01
It: 32400, Loss: 2.748e+01, loss_bcs: 1.361e-02, Loss_r: 3.057e-04, Time: 0.08
adaptive_constant_bcs1_val: 1.913e+03
adaptive_constant_res_val: 4.704e+03
mean_grad_res: 2.126e-01
mean_grad_bcs: 5.227e-01
It: 32500, Loss: 1.717e+01, loss_bcs: 8.367e-03, Loss_r: 2.459e-04, Time: 0.08
adaptive_constant_bcs1_val: 1.913e+03
adaptive_constant_res_val: 4.704e+03
mean_grad_res: 2.126e-01
mean_grad_bcs: 5.227e-01
It: 32600, Loss: 2.394e+01, loss_bcs: 1.061e-02, Loss_r: 7.755e-04, Time: 0.08
adaptive_constant_bcs1_val: 1.913e+03
adaptive_constant_res_val: 4.704e+03
mean_grad_res: 2.126e-01
mean_grad_bcs: 5.227e-01
It: 32700, Loss: 2.636e+01, loss_bcs: 1.310e-02, Loss_r: 2.754e-04, Time: 0.08
adaptive_constant_bcs1_val: 1.913e+03
adaptive_constant_res_val: 4.704e+03
mean_grad_res: 2.126e-01
mean_grad_bcs: 5.227e-01
It: 32800, Loss: 1.931e+01, loss_bcs: 9.251e-03, Loss_r: 3.425e-04, Time: 0.08
adaptive_constant_bcs1_val: 1.913e+03
adaptive_constant_res_val: 4.704e+03
mean_grad_res: 2.126e-01
mean_grad_bcs: 5.227e-01
It: 32900, Loss: 2.339e+01, loss_bcs: 1.153e-02, Loss_r: 2.819e-04, Time: 0.08
adaptive_constant_bcs1_val: 1.913e+03
adaptive_constant_res_val: 4.704e+03
mean_grad_res: 2.126e-01
mean_grad_bcs: 5.227e-01
It: 33000, Loss: 2.174e+01, loss_bcs: 1.034e-02, Loss_r: 4.159e-04, Time: 0.07
adaptive_constant_bcs1_val: 1.913e+03
adaptive_constant_res_val: 4.704e+03
mean_grad_res: 2.126e-01
mean_grad_bcs: 5.227e-01
It: 33100, Loss: 1.585e+01, loss_bcs: 7.221e-03, Loss_r: 4.329e-04, Time: 0.06
adaptive_constant_bcs1_val: 1.913e+03
adaptive_constant_res_val: 4.704e+03
mean_grad_res: 2.126e-01
mean_grad_bcs: 5.227e-01
It: 33200, Loss: 2.300e+01, loss_bcs: 1.144e-02, Loss_r: 2.370e-04, Time: 0.08
adaptive_constant_bcs1_val: 1.913e+03
adaptive_constant_res_val: 4.704e+03
mean_grad_res: 2.126e-01
mean_grad_bcs: 5.227e-01
It: 33300, Loss: 2.363e+01, loss_bcs: 1.173e-02, Loss_r: 2.521e-04, Time: 0.08
adaptive_constant_bcs1_val: 1.913e+03
adaptive_constant_res_val: 4.704e+03
mean_grad_res: 2.126e-01
mean_grad_bcs: 5.227e-01
It: 33400, Loss: 2.369e+01, loss_bcs: 1.154e-02, Loss_r: 3.442e-04, Time: 0.11
adaptive_constant_bcs1_val: 1.913e+03
adaptive_constant_res_val: 4.704e+03
mean_grad_res: 2.126e-01
mean_grad_bcs: 5.227e-01
It: 33500, Loss: 1.743e+01, loss_bcs: 8.173e-03, Loss_r: 3.824e-04, Time: 0.11
adaptive_constant_bcs1_val: 1.913e+03
adaptive_constant_res_val: 4.704e+03
mean_grad_res: 2.126e-01
mean_grad_bcs: 5.227e-01
It: 33600, Loss: 2.232e+01, loss_bcs: 1.063e-02, Loss_r: 4.214e-04, Time: 0.08
adaptive_constant_bcs1_val: 1.913e+03
adaptive_constant_res_val: 4.704e+03
mean_grad_res: 2.126e-01
mean_grad_bcs: 5.227e-01
It: 33700, Loss: 2.430e+01, loss_bcs: 1.206e-02, Loss_r: 2.607e-04, Time: 0.11
adaptive_constant_bcs1_val: 1.913e+03
adaptive_constant_res_val: 4.704e+03
mean_grad_res: 2.126e-01
mean_grad_bcs: 5.227e-01
It: 33800, Loss: 1.993e+01, loss_bcs: 9.118e-03, Loss_r: 5.280e-04, Time: 0.08
adaptive_constant_bcs1_val: 1.913e+03
adaptive_constant_res_val: 4.704e+03
mean_grad_res: 2.126e-01
mean_grad_bcs: 5.227e-01
It: 33900, Loss: 1.926e+01, loss_bcs: 8.953e-03, Loss_r: 4.523e-04, Time: 0.08
adaptive_constant_bcs1_val: 1.913e+03
adaptive_constant_res_val: 4.704e+03
mean_grad_res: 2.126e-01
mean_grad_bcs: 5.227e-01
It: 34000, Loss: 2.732e+01, loss_bcs: 1.318e-02, Loss_r: 4.471e-04, Time: 0.08
adaptive_constant_bcs1_val: 1.913e+03
adaptive_constant_res_val: 4.704e+03
mean_grad_res: 2.126e-01
mean_grad_bcs: 5.227e-01
It: 34100, Loss: 1.531e+01, loss_bcs: 6.883e-03, Loss_r: 4.556e-04, Time: 0.07
adaptive_constant_bcs1_val: 1.913e+03
adaptive_constant_res_val: 4.704e+03
mean_grad_res: 2.126e-01
mean_grad_bcs: 5.227e-01
It: 34200, Loss: 2.039e+01, loss_bcs: 9.978e-03, Loss_r: 2.763e-04, Time: 0.08
adaptive_constant_bcs1_val: 1.913e+03
adaptive_constant_res_val: 4.704e+03
mean_grad_res: 2.126e-01
mean_grad_bcs: 5.227e-01
It: 34300, Loss: 1.922e+01, loss_bcs: 9.295e-03, Loss_r: 3.046e-04, Time: 0.11
adaptive_constant_bcs1_val: 1.913e+03
adaptive_constant_res_val: 4.704e+03
mean_grad_res: 2.126e-01
mean_grad_bcs: 5.227e-01
It: 34400, Loss: 2.012e+01, loss_bcs: 8.629e-03, Loss_r: 7.678e-04, Time: 0.11
adaptive_constant_bcs1_val: 1.913e+03
adaptive_constant_res_val: 4.704e+03
mean_grad_res: 2.126e-01
mean_grad_bcs: 5.227e-01
It: 34500, Loss: 2.174e+01, loss_bcs: 1.057e-02, Loss_r: 3.239e-04, Time: 0.08
adaptive_constant_bcs1_val: 1.913e+03
adaptive_constant_res_val: 4.704e+03
mean_grad_res: 2.126e-01
mean_grad_bcs: 5.227e-01
It: 34600, Loss: 2.209e+01, loss_bcs: 1.050e-02, Loss_r: 4.249e-04, Time: 0.15
adaptive_constant_bcs1_val: 1.913e+03
adaptive_constant_res_val: 4.704e+03
mean_grad_res: 2.126e-01
mean_grad_bcs: 5.227e-01
It: 34700, Loss: 2.538e+01, loss_bcs: 1.242e-02, Loss_r: 3.453e-04, Time: 0.10
adaptive_constant_bcs1_val: 1.913e+03
adaptive_constant_res_val: 4.704e+03
mean_grad_res: 2.126e-01
mean_grad_bcs: 5.227e-01
It: 34800, Loss: 2.418e+01, loss_bcs: 1.180e-02, Loss_r: 3.422e-04, Time: 0.11
adaptive_constant_bcs1_val: 1.913e+03
adaptive_constant_res_val: 4.704e+03
mean_grad_res: 2.126e-01
mean_grad_bcs: 5.227e-01
It: 34900, Loss: 2.229e+01, loss_bcs: 1.101e-02, Loss_r: 2.603e-04, Time: 0.08
adaptive_constant_bcs1_val: 1.913e+03
adaptive_constant_res_val: 4.704e+03
mean_grad_res: 2.126e-01
mean_grad_bcs: 5.227e-01
It: 35000, Loss: 2.103e+01, loss_bcs: 1.018e-02, Loss_r: 3.280e-04, Time: 0.09
adaptive_constant_bcs1_val: 1.913e+03
adaptive_constant_res_val: 4.704e+03
mean_grad_res: 2.126e-01
mean_grad_bcs: 5.227e-01
It: 35100, Loss: 2.646e+01, loss_bcs: 1.232e-02, Loss_r: 6.141e-04, Time: 0.09
adaptive_constant_bcs1_val: 1.913e+03
adaptive_constant_res_val: 4.704e+03
mean_grad_res: 2.126e-01
mean_grad_bcs: 5.227e-01
It: 35200, Loss: 2.414e+01, loss_bcs: 1.164e-02, Loss_r: 3.975e-04, Time: 0.15
adaptive_constant_bcs1_val: 1.913e+03
adaptive_constant_res_val: 4.704e+03
mean_grad_res: 2.126e-01
mean_grad_bcs: 5.227e-01
It: 35300, Loss: 1.445e+01, loss_bcs: 6.572e-03, Loss_r: 3.979e-04, Time: 0.09
adaptive_constant_bcs1_val: 1.913e+03
adaptive_constant_res_val: 4.704e+03
mean_grad_res: 2.126e-01
mean_grad_bcs: 5.227e-01
It: 35400, Loss: 1.360e+01, loss_bcs: 6.351e-03, Loss_r: 3.071e-04, Time: 0.11
adaptive_constant_bcs1_val: 1.913e+03
adaptive_constant_res_val: 4.704e+03
mean_grad_res: 2.126e-01
mean_grad_bcs: 5.227e-01
It: 35500, Loss: 2.100e+01, loss_bcs: 6.683e-03, Loss_r: 1.747e-03, Time: 0.08
adaptive_constant_bcs1_val: 1.913e+03
adaptive_constant_res_val: 4.704e+03
mean_grad_res: 2.126e-01
mean_grad_bcs: 5.227e-01
It: 35600, Loss: 1.802e+01, loss_bcs: 8.700e-03, Loss_r: 2.925e-04, Time: 0.08
adaptive_constant_bcs1_val: 1.913e+03
adaptive_constant_res_val: 4.704e+03
mean_grad_res: 2.126e-01
mean_grad_bcs: 5.227e-01
It: 35700, Loss: 3.127e+01, loss_bcs: 1.565e-02, Loss_r: 2.808e-04, Time: 0.10
adaptive_constant_bcs1_val: 1.913e+03
adaptive_constant_res_val: 4.704e+03
mean_grad_res: 2.126e-01
mean_grad_bcs: 5.227e-01
It: 35800, Loss: 2.115e+01, loss_bcs: 9.715e-03, Loss_r: 5.437e-04, Time: 0.09
adaptive_constant_bcs1_val: 1.913e+03
adaptive_constant_res_val: 4.704e+03
mean_grad_res: 2.126e-01
mean_grad_bcs: 5.227e-01
It: 35900, Loss: 2.102e+01, loss_bcs: 1.000e-02, Loss_r: 4.007e-04, Time: 0.10
adaptive_constant_bcs1_val: 1.913e+03
adaptive_constant_res_val: 4.704e+03
mean_grad_res: 2.126e-01
mean_grad_bcs: 5.227e-01
It: 36000, Loss: 1.195e+01, loss_bcs: 5.781e-03, Loss_r: 1.897e-04, Time: 0.09
adaptive_constant_bcs1_val: 1.913e+03
adaptive_constant_res_val: 4.704e+03
mean_grad_res: 2.126e-01
mean_grad_bcs: 5.227e-01
It: 36100, Loss: 3.135e+01, loss_bcs: 1.560e-02, Loss_r: 3.173e-04, Time: 0.09
adaptive_constant_bcs1_val: 1.913e+03
adaptive_constant_res_val: 4.704e+03
mean_grad_res: 2.126e-01
mean_grad_bcs: 5.227e-01
It: 36200, Loss: 2.243e+01, loss_bcs: 1.066e-02, Loss_r: 4.336e-04, Time: 0.08
adaptive_constant_bcs1_val: 1.913e+03
adaptive_constant_res_val: 4.704e+03
mean_grad_res: 2.126e-01
mean_grad_bcs: 5.227e-01
It: 36300, Loss: 2.899e+01, loss_bcs: 1.404e-02, Loss_r: 4.547e-04, Time: 0.08
adaptive_constant_bcs1_val: 1.913e+03
adaptive_constant_res_val: 4.704e+03
mean_grad_res: 2.126e-01
mean_grad_bcs: 5.227e-01
It: 36400, Loss: 2.343e+01, loss_bcs: 1.132e-02, Loss_r: 3.776e-04, Time: 0.08
adaptive_constant_bcs1_val: 1.913e+03
adaptive_constant_res_val: 4.704e+03
mean_grad_res: 2.126e-01
mean_grad_bcs: 5.227e-01
It: 36500, Loss: 2.796e+01, loss_bcs: 1.366e-02, Loss_r: 3.877e-04, Time: 0.11
adaptive_constant_bcs1_val: 1.913e+03
adaptive_constant_res_val: 4.704e+03
mean_grad_res: 2.126e-01
mean_grad_bcs: 5.227e-01
It: 36600, Loss: 1.851e+01, loss_bcs: 9.047e-03, Loss_r: 2.550e-04, Time: 0.09
adaptive_constant_bcs1_val: 1.913e+03
adaptive_constant_res_val: 4.704e+03
mean_grad_res: 2.126e-01
mean_grad_bcs: 5.227e-01
It: 36700, Loss: 1.652e+01, loss_bcs: 7.264e-03, Loss_r: 5.569e-04, Time: 0.09
adaptive_constant_bcs1_val: 1.913e+03
adaptive_constant_res_val: 4.704e+03
mean_grad_res: 2.126e-01
mean_grad_bcs: 5.227e-01
It: 36800, Loss: 2.593e+01, loss_bcs: 8.638e-03, Loss_r: 1.999e-03, Time: 0.08
adaptive_constant_bcs1_val: 1.913e+03
adaptive_constant_res_val: 4.704e+03
mean_grad_res: 2.126e-01
mean_grad_bcs: 5.227e-01
It: 36900, Loss: 1.797e+01, loss_bcs: 8.857e-03, Loss_r: 2.168e-04, Time: 0.07
adaptive_constant_bcs1_val: 1.913e+03
adaptive_constant_res_val: 4.704e+03
mean_grad_res: 2.126e-01
mean_grad_bcs: 5.227e-01
It: 37000, Loss: 1.901e+01, loss_bcs: 8.696e-03, Loss_r: 5.056e-04, Time: 0.09
adaptive_constant_bcs1_val: 1.913e+03
adaptive_constant_res_val: 4.704e+03
mean_grad_res: 2.126e-01
mean_grad_bcs: 5.227e-01
It: 37100, Loss: 2.831e+01, loss_bcs: 1.403e-02, Loss_r: 3.123e-04, Time: 0.09
adaptive_constant_bcs1_val: 1.913e+03
adaptive_constant_res_val: 4.704e+03
mean_grad_res: 2.126e-01
mean_grad_bcs: 5.227e-01
It: 37200, Loss: 1.731e+01, loss_bcs: 8.485e-03, Loss_r: 2.297e-04, Time: 0.08
adaptive_constant_bcs1_val: 1.913e+03
adaptive_constant_res_val: 4.704e+03
mean_grad_res: 2.126e-01
mean_grad_bcs: 5.227e-01
It: 37300, Loss: 1.627e+01, loss_bcs: 7.960e-03, Loss_r: 2.214e-04, Time: 0.09
adaptive_constant_bcs1_val: 1.913e+03
adaptive_constant_res_val: 4.704e+03
mean_grad_res: 2.126e-01
mean_grad_bcs: 5.227e-01
It: 37400, Loss: 1.465e+01, loss_bcs: 7.175e-03, Loss_r: 1.959e-04, Time: 0.09
adaptive_constant_bcs1_val: 1.913e+03
adaptive_constant_res_val: 4.704e+03
mean_grad_res: 2.126e-01
mean_grad_bcs: 5.227e-01
It: 37500, Loss: 2.108e+01, loss_bcs: 9.951e-03, Loss_r: 4.334e-04, Time: 0.08
adaptive_constant_bcs1_val: 1.913e+03
adaptive_constant_res_val: 4.704e+03
mean_grad_res: 2.126e-01
mean_grad_bcs: 5.227e-01
It: 37600, Loss: 2.121e+01, loss_bcs: 1.056e-02, Loss_r: 2.146e-04, Time: 0.11
adaptive_constant_bcs1_val: 1.913e+03
adaptive_constant_res_val: 4.704e+03
mean_grad_res: 2.126e-01
mean_grad_bcs: 5.227e-01
It: 37700, Loss: 2.112e+01, loss_bcs: 9.485e-03, Loss_r: 6.323e-04, Time: 0.10
adaptive_constant_bcs1_val: 1.913e+03
adaptive_constant_res_val: 4.704e+03
mean_grad_res: 2.126e-01
mean_grad_bcs: 5.227e-01
It: 37800, Loss: 1.703e+01, loss_bcs: 8.256e-03, Loss_r: 2.617e-04, Time: 0.12
adaptive_constant_bcs1_val: 1.913e+03
adaptive_constant_res_val: 4.704e+03
mean_grad_res: 2.126e-01
mean_grad_bcs: 5.227e-01
It: 37900, Loss: 2.305e+01, loss_bcs: 1.076e-02, Loss_r: 5.226e-04, Time: 0.11
adaptive_constant_bcs1_val: 1.913e+03
adaptive_constant_res_val: 4.704e+03
mean_grad_res: 2.126e-01
mean_grad_bcs: 5.227e-01
It: 38000, Loss: 2.644e+01, loss_bcs: 1.293e-02, Loss_r: 3.624e-04, Time: 0.11
adaptive_constant_bcs1_val: 1.913e+03
adaptive_constant_res_val: 4.704e+03
mean_grad_res: 2.126e-01
mean_grad_bcs: 5.227e-01
It: 38100, Loss: 1.618e+01, loss_bcs: 7.750e-03, Loss_r: 2.883e-04, Time: 0.09
adaptive_constant_bcs1_val: 1.913e+03
adaptive_constant_res_val: 4.704e+03
mean_grad_res: 2.126e-01
mean_grad_bcs: 5.227e-01
It: 38200, Loss: 2.726e+01, loss_bcs: 1.262e-02, Loss_r: 6.637e-04, Time: 0.09
adaptive_constant_bcs1_val: 1.913e+03
adaptive_constant_res_val: 4.704e+03
mean_grad_res: 2.126e-01
mean_grad_bcs: 5.227e-01
It: 38300, Loss: 2.140e+01, loss_bcs: 1.042e-02, Loss_r: 3.121e-04, Time: 0.10
adaptive_constant_bcs1_val: 1.913e+03
adaptive_constant_res_val: 4.704e+03
mean_grad_res: 2.126e-01
mean_grad_bcs: 5.227e-01
It: 38400, Loss: 1.764e+01, loss_bcs: 8.483e-03, Loss_r: 3.007e-04, Time: 0.12
adaptive_constant_bcs1_val: 1.913e+03
adaptive_constant_res_val: 4.704e+03
mean_grad_res: 2.126e-01
mean_grad_bcs: 5.227e-01
It: 38500, Loss: 2.243e+01, loss_bcs: 1.102e-02, Loss_r: 2.862e-04, Time: 0.08
adaptive_constant_bcs1_val: 1.913e+03
adaptive_constant_res_val: 4.704e+03
mean_grad_res: 2.126e-01
mean_grad_bcs: 5.227e-01
It: 38600, Loss: 1.473e+01, loss_bcs: 6.955e-03, Loss_r: 3.017e-04, Time: 0.09
adaptive_constant_bcs1_val: 1.913e+03
adaptive_constant_res_val: 4.704e+03
mean_grad_res: 2.126e-01
mean_grad_bcs: 5.227e-01
It: 38700, Loss: 2.362e+01, loss_bcs: 1.153e-02, Loss_r: 3.322e-04, Time: 0.10
adaptive_constant_bcs1_val: 1.913e+03
adaptive_constant_res_val: 4.704e+03
mean_grad_res: 2.126e-01
mean_grad_bcs: 5.227e-01
It: 38800, Loss: 2.208e+01, loss_bcs: 1.093e-02, Loss_r: 2.470e-04, Time: 0.10
adaptive_constant_bcs1_val: 1.913e+03
adaptive_constant_res_val: 4.704e+03
mean_grad_res: 2.126e-01
mean_grad_bcs: 5.227e-01
It: 38900, Loss: 2.073e+01, loss_bcs: 1.038e-02, Loss_r: 1.834e-04, Time: 0.08
adaptive_constant_bcs1_val: 1.913e+03
adaptive_constant_res_val: 4.704e+03
mean_grad_res: 2.126e-01
mean_grad_bcs: 5.227e-01
It: 39000, Loss: 1.812e+01, loss_bcs: 8.361e-03, Loss_r: 4.507e-04, Time: 0.08
adaptive_constant_bcs1_val: 1.913e+03
adaptive_constant_res_val: 4.704e+03
mean_grad_res: 2.126e-01
mean_grad_bcs: 5.227e-01
It: 39100, Loss: 2.126e+01, loss_bcs: 1.043e-02, Loss_r: 2.751e-04, Time: 0.12
adaptive_constant_bcs1_val: 1.913e+03
adaptive_constant_res_val: 4.704e+03
mean_grad_res: 2.126e-01
mean_grad_bcs: 5.227e-01
It: 39200, Loss: 1.469e+01, loss_bcs: 6.857e-03, Loss_r: 3.339e-04, Time: 0.09
adaptive_constant_bcs1_val: 1.913e+03
adaptive_constant_res_val: 4.704e+03
mean_grad_res: 2.126e-01
mean_grad_bcs: 5.227e-01
It: 39300, Loss: 2.632e+01, loss_bcs: 1.319e-02, Loss_r: 2.323e-04, Time: 0.11
adaptive_constant_bcs1_val: 1.913e+03
adaptive_constant_res_val: 4.704e+03
mean_grad_res: 2.126e-01
mean_grad_bcs: 5.227e-01
It: 39400, Loss: 1.207e+01, loss_bcs: 5.518e-03, Loss_r: 3.212e-04, Time: 0.08
adaptive_constant_bcs1_val: 1.913e+03
adaptive_constant_res_val: 4.704e+03
mean_grad_res: 2.126e-01
mean_grad_bcs: 5.227e-01
It: 39500, Loss: 2.477e+01, loss_bcs: 1.048e-02, Loss_r: 1.003e-03, Time: 0.10
adaptive_constant_bcs1_val: 1.913e+03
adaptive_constant_res_val: 4.704e+03
mean_grad_res: 2.126e-01
mean_grad_bcs: 5.227e-01
It: 39600, Loss: 2.725e+01, loss_bcs: 1.349e-02, Loss_r: 3.037e-04, Time: 0.08
adaptive_constant_bcs1_val: 1.913e+03
adaptive_constant_res_val: 4.704e+03
mean_grad_res: 2.126e-01
mean_grad_bcs: 5.227e-01
It: 39700, Loss: 2.124e+01, loss_bcs: 9.544e-03, Loss_r: 6.327e-04, Time: 0.11
adaptive_constant_bcs1_val: 1.913e+03
adaptive_constant_res_val: 4.704e+03
mean_grad_res: 2.126e-01
mean_grad_bcs: 5.227e-01
It: 39800, Loss: 1.521e+01, loss_bcs: 7.413e-03, Loss_r: 2.186e-04, Time: 0.07
adaptive_constant_bcs1_val: 1.913e+03
adaptive_constant_res_val: 4.704e+03
mean_grad_res: 2.126e-01
mean_grad_bcs: 5.227e-01
It: 39900, Loss: 1.726e+01, loss_bcs: 7.949e-03, Loss_r: 4.355e-04, Time: 0.10
adaptive_constant_bcs1_val: 1.913e+03
adaptive_constant_res_val: 4.704e+03
mean_grad_res: 2.126e-01
mean_grad_bcs: 5.227e-01
Gradients information stored ...
It: 40000, Loss: 2.176e+01, loss_bcs: 1.047e-02, Loss_r: 3.679e-04, Time: 4.21
adaptive_constant_bcs1_val: 1.913e+03
adaptive_constant_res_val: 4.704e+03
mean_grad_res: 2.126e-01
mean_grad_bcs: 5.227e-01
l2 error: 9.86e-02
l2 error: 2.37e-01
average lambda_bc1.9133e+03
average lambda_res1.0
Save uv NN parameters successfully in %s ...checkpoints/Jan-16-2024_10-36-43-701375_M5
Final loss total loss: 2.176372e+01
Final loss loss_res: 3.679388e-04
Final loss loss_bcs: 1.047067e-02
Final loss loss_bc1: 3.308559e-03
Final loss loss_bc2: 4.018716e-03
Final loss loss_bc3: 3.099561e-03
Final loss loss_bc4: 4.383204e-05
elapsed: 5.32e+03
Relative L2 error_u: 9.86e-02
Relative L2 error_v: 2.37e-01


Method: mini_batch

average of time_list:5.3197e+03
average of error_u_list:9.8587e-02
average of error_v_list:2.3701e-01
l2 error: 9.86e-02
l2 error: 2.37e-01
average lambda_bc1.9133e+03
average lambda_res1.0
elapsed: 5.32e+03
Relative L2 error_u: 9.86e-02
Relative L2 error_v: 2.37e-01


Method: mini_batch

average of time_list:5.3197e+03
average of error_u_list:9.8587e-02
average of error_v_list:2.3701e-01
