Gradients information stored ...
updating : loss_bc1| lam_res_val:  9.1124e-04
updating : loss_bc2| lam_res_val:  1.8004e-01
updating : loss_ics_u| lam_res_val:  1.3695e-01
Gradients information stored ...
updating : loss_bc1| lam_res_val:  1.4567e-02
updating : loss_bc2| lam_res_val:  2.7470e+00
updating : loss_ics_u| lam_res_val:  1.8057e+00
updating : loss_bc1| lam_res_val:  5.5686e-02
updating : loss_bc2| lam_res_val:  8.1427e+00
updating : loss_ics_u| lam_res_val:  2.0033e+01
updating : loss_bc1| lam_res_val:  2.7675e-02
updating : loss_bc2| lam_res_val:  5.4214e+00
updating : loss_ics_u| lam_res_val:  5.8210e+00
updating : loss_bc1| lam_res_val:  1.9337e-02
updating : loss_bc2| lam_res_val:  2.3376e+00
updating : loss_ics_u| lam_res_val:  5.4746e+00
updating : loss_bc1| lam_res_val:  3.5013e-02
updating : loss_bc2| lam_res_val:  3.7525e+00
updating : loss_ics_u| lam_res_val:  9.4876e+00
updating : loss_bc1| lam_res_val:  5.6292e-02
updating : loss_bc2| lam_res_val:  4.5404e+00
updating : loss_ics_u| lam_res_val:  3.0750e+01
updating : loss_bc1| lam_res_val:  5.6870e-02
updating : loss_bc2| lam_res_val:  5.2280e+00
updating : loss_ics_u| lam_res_val:  1.1004e+01
updating : loss_bc1| lam_res_val:  8.9269e-02
updating : loss_bc2| lam_res_val:  1.0145e+01
updating : loss_ics_u| lam_res_val:  2.0814e+01
updating : loss_bc1| lam_res_val:  5.4009e-02
updating : loss_bc2| lam_res_val:  7.2345e+00
updating : loss_ics_u| lam_res_val:  1.3714e+01
Gradients information stored ...
updating : loss_bc1| lam_res_val:  9.1741e-02
updating : loss_bc2| lam_res_val:  1.3663e+01
updating : loss_ics_u| lam_res_val:  3.7713e+01
updating : loss_bc1| lam_res_val:  2.6185e-02
updating : loss_bc2| lam_res_val:  2.4656e+00
updating : loss_ics_u| lam_res_val:  9.4569e+00
updating : loss_bc1| lam_res_val:  7.6602e-02
updating : loss_bc2| lam_res_val:  6.7851e+00
updating : loss_ics_u| lam_res_val:  8.6583e+00
updating : loss_bc1| lam_res_val:  3.4383e-02
updating : loss_bc2| lam_res_val:  4.9671e+00
updating : loss_ics_u| lam_res_val:  2.8855e+01
updating : loss_bc1| lam_res_val:  8.0695e-02
updating : loss_bc2| lam_res_val:  3.1430e+01
updating : loss_ics_u| lam_res_val:  2.3183e+01
updating : loss_bc1| lam_res_val:  8.0386e-02
updating : loss_bc2| lam_res_val:  1.8229e+01
updating : loss_ics_u| lam_res_val:  1.3745e+01
updating : loss_bc1| lam_res_val:  5.6370e-02
updating : loss_bc2| lam_res_val:  3.6150e+00
updating : loss_ics_u| lam_res_val:  1.2614e+01
updating : loss_bc1| lam_res_val:  8.8484e-02
updating : loss_bc2| lam_res_val:  9.5744e+00
updating : loss_ics_u| lam_res_val:  1.9689e+01
updating : loss_bc1| lam_res_val:  3.2150e-02
updating : loss_bc2| lam_res_val:  3.5392e+00
updating : loss_ics_u| lam_res_val:  1.2306e+01
updating : loss_bc1| lam_res_val:  9.3964e-02
updating : loss_bc2| lam_res_val:  9.9371e+00
updating : loss_ics_u| lam_res_val:  2.7041e+01
updating : loss_bc1| lam_res_val:  3.8393e-02
updating : loss_bc2| lam_res_val:  7.3749e+00
updating : loss_ics_u| lam_res_val:  1.1693e+01
updating : loss_bc1| lam_res_val:  8.4883e-02
updating : loss_bc2| lam_res_val:  2.4799e+01
updating : loss_ics_u| lam_res_val:  8.0277e+01
updating : loss_bc1| lam_res_val:  2.9975e-02
updating : loss_bc2| lam_res_val:  4.4543e+00
updating : loss_ics_u| lam_res_val:  1.3763e+01
updating : loss_bc1| lam_res_val:  3.1311e-02
updating : loss_bc2| lam_res_val:  5.6713e+00
updating : loss_ics_u| lam_res_val:  6.0390e+00
updating : loss_bc1| lam_res_val:  1.8083e-02
updating : loss_bc2| lam_res_val:  2.3022e+00
updating : loss_ics_u| lam_res_val:  5.3141e+00
updating : loss_bc1| lam_res_val:  1.4538e-01
updating : loss_bc2| lam_res_val:  1.9792e+01
updating : loss_ics_u| lam_res_val:  3.8474e+01
updating : loss_bc1| lam_res_val:  5.2053e-02
updating : loss_bc2| lam_res_val:  7.0577e+00
updating : loss_ics_u| lam_res_val:  1.2978e+01
updating : loss_bc1| lam_res_val:  8.3317e-02
updating : loss_bc2| lam_res_val:  2.6791e+01
updating : loss_ics_u| lam_res_val:  1.6374e+01
updating : loss_bc1| lam_res_val:  3.8299e-02
updating : loss_bc2| lam_res_val:  2.4735e+00
updating : loss_ics_u| lam_res_val:  9.3020e+00
updating : loss_bc1| lam_res_val:  1.3446e-02
updating : loss_bc2| lam_res_val:  3.5900e+00
updating : loss_ics_u| lam_res_val:  4.6261e+00
updating : loss_bc1| lam_res_val:  6.3186e-02
updating : loss_bc2| lam_res_val:  1.3766e+01
updating : loss_ics_u| lam_res_val:  3.9690e+01
updating : loss_bc1| lam_res_val:  7.1180e-02
updating : loss_bc2| lam_res_val:  1.6466e+01
updating : loss_ics_u| lam_res_val:  1.3104e+01
updating : loss_bc1| lam_res_val:  5.2303e-02
updating : loss_bc2| lam_res_val:  1.2728e+01
updating : loss_ics_u| lam_res_val:  6.0648e+00
updating : loss_bc1| lam_res_val:  4.0039e-02
updating : loss_bc2| lam_res_val:  1.0106e+01
updating : loss_ics_u| lam_res_val:  1.0870e+01
